100 1711
200 3964
300 6657
400 8020
500 9863
600 2228
700 3529
800 4472
900 6994
1000 9138
1100 5419
1200 5721
1300 924
1400 1782
1500 3060
1600 3525
1700 5592
1800 9366
1900 821
2000 2529
2100 3895
2200 2059
2300 3975
2400 7612
2500 211
2600 4078
2700 629
2800 1712
2900 1776
3000 344
3100 4516
3200 5350
3300 8147
3400 1002
3500 3021
3600 4354
3700 9591
3800 3577
3900 3070
4000 2327
4100 7221
4200 1133
4300 2555
4400 2098
4500 1510
4600 4194
4700 4796
4800 5086
4900 6215
5000 2166
5100 7389
5200 924
5300 5146
5400 1051
5500 1216
5600 1659
5700 5454
5800 6760
5900 5486
6000 4744
6100 2675
6200 803
6300 2136
6400 6420
6500 6896
6600 9856
6700 6409
6800 8772
6900 7198
7000 1158
7100 6201
7200 699
7300 7485
7400 9103
7500 7496
7600 5052
7700 6802
7800 4461
7900 1547
8000 9856
8100 8853
8200 803
8300 7630
8400 7379
8500 4643
8600 1104
8700 1495
8800 5640
8900 7664
9000 1775
9100 6165
9200 5638
9300 2400
9400 875
9500 915
9600 4837
9700 4985
9800 1653
9900 6432
10000 1229
10100 1122
10200 8127
10300 7714
10400 6750
10500 995
10600 1821
10700 1909
10800 7060
10900 893
11000 7727
11100 8675
11200 124
11300 661
11400 23
11500 9336
11600 7134
11700 6351
11800 2262
11900 2593
12000 5068
12100 5038
12200 28
12300 3595
12400 7578
12500 1211
12600 4836
12700 8435
12800 2719
12900 7040
13000 1192
13100 4824
13200 126
13300 8628
13400 1911
13500 4078
13600 1123
13700 3452
13800 7572
13900 9924
14000 5
14100 4337
14200 4931
14300 803
14400 5092
14500 7353
14600 94
14700 8041
14800 9839
14900 6901
15000 9700
15100 3489
15200 4593
15300 5558
15400 6044
15500 4981
15600 6048
15700 9244
15800 2713
15900 4524
16000 9075
16100 7444
16200 2460
16300 3334
16400 2445
16500 9626
16600 6541
16700 5173
16800 3598
16900 5829
17000 1159
17100 4845
17200 5303
17300 6924
17400 3685
17500 6953
17600 6085
17700 6997
17800 2332
17900 7764
18000 3326
18100 5995
18200 331
18300 2470
18400 8375
18500 2941
18600 2052
18700 762
18800 9936
18900 7334
19000 7575
19100 5243
19200 4296
19300 6505
19400 6081
19500 5493
19600 4340
19700 2192
19800 4692
19900 6214
20000 9190
20100 2008
20200 7827
20300 5262
20400 2300
20500 5470
20600 1440
20700 3970
20800 7390
20900 7393
21000 3493
21100 8556
21200 8504
21300 86
21400 2703
21500 4457
21600 9387
21700 3726
21800 9050
21900 4623
22000 4883
22100 9719
22200 3035
22300 1557
22400 9233
22500 9360
22600 5149
22700 1405
22800 45
22900 1428
23000 5946
23100 7218
23200 1395
23300 6617
23400 1472
23500 5359
23600 6272
23700 1959
23800 3765
23900 5851
24000 4710
24100 2294
24200 5937
24300 7771
24400 1835
24500 6614
24600 5363
24700 7513
24800 2989
24900 5275
25000 7995
25100 8534
25200 8488
25300 2724
25400 6839
25500 2342
25600 5804
25700 5546
25800 7140
25900 456
26000 4261
26100 1421
26200 6833
26300 4930
26400 2246
26500 1423
26600 5346
26700 4103
26800 4646
26900 3408
27000 5823
27100 569
27200 7588
27300 2873
27400 4832
27500 2099
27600 1285
27700 8279
27800 366
27900 9802
28000 1660
28100 9750
28200 9877
28300 8528
28400 1659
28500 1285
28600 1550
28700 9915
28800 2884
28900 4729
29000 1880
29100 8793
29200 1208
29300 8431
29400 1789
29500 7156
29600 8058
29700 2052
29800 2379
29900 3021
30000 8394
30100 6377
30200 8419
30300 1718
30400 3325
30500 1975
30600 4201
30700 2285
30800 7673
30900 8075
31000 8286
31100 408
31200 4339
31300 2372
31400 13
31500 2564
31600 4851
31700 6263
31800 5938
31900 3981
32000 166
32100 5819
32200 8855
32300 2231
32400 4071
32500 5148
32600 7639
32700 7210
32800 948
32900 3886
33000 7280
33100 9692
33200 5848
33300 7425
33400 574
33500 1923
33600 65
33700 4152
33800 8087
33900 2085
34000 2592
34100 2030
34200 1698
34300 3476
34400 7400
34500 8949
34600 4513
34700 1212
34800 4265
34900 9549
35000 9551
35100 9485
35200 5060
35300 9208
35400 8240
35500 7842
35600 9728
35700 9346
35800 2963
35900 5958
36000 7939
36100 2397
36200 9041
36300 8891
36400 211
36500 2896
36600 9323
36700 2155
36800 5826
36900 7841
37000 2190
37100 7381
37200 563
37300 1941
37400 9796
37500 8175
37600 4440
37700 6002
37800 6127
37900 3421
38000 7397
38100 2089
38200 9559
38300 1306
38400 2799
38500 7462
38600 1892
38700 2876
38800 5933
38900 8498
39000 8073
39100 9289
39200 4943
39300 7619
39400 9917
39500 4919
39600 4590
39700 5815
39800 7550
39900 7008
40000 2605
40100 9621
40200 5173
40300 8423
40400 6063
40500 6181
40600 3086
40700 651
40800 8225
40900 7042
41000 5901
41100 6188
41200 5078
41300 8144
41400 929
41500 1178
41600 6475
41700 8920
41800 3926
41900 2337
42000 5170
42100 6471
42200 1830
42300 2902
42400 2600
42500 3779
42600 8272
42700 8719
42800 585
42900 8830
43000 9395
43100 1259
43200 7669
43300 4140
43400 62
43500 1107
43600 433
43700 2339
43800 783
43900 4980
44000 2259
44100 4779
44200 5483
44300 5751
44400 7032
44500 6611
44600 3724
44700 2500
44800 4668
44900 334
45000 6585
45100 3926
45200 9085
45300 6322
45400 6732
45500 7948
45600 927
45700 38
45800 6162
45900 3953
46000 3584
46100 4319
46200 8435
46300 361
46400 3160
46500 2628
46600 21
46700 5465
46800 5500
46900 4880
47000 4003
47100 6622
47200 3908
47300 3991
47400 334
47500 5907
47600 5600
47700 9807
47800 9291
47900 5689
48000 6541
48100 9663
48200 2957
48300 8021
48400 5167
48500 8799
48600 8955
48700 5424
48800 8661
48900 6189
49000 7992
49100 4383
49200 4745
49300 6993
49400 6739
49500 259
49600 3372
49700 9449
49800 2274
49900 2728
50000 3442
50100 2126
50200 5413
50300 240
50400 9053
50500 4205
50600 8867
50700 179
50800 3084
50900 903
51000 9681
51100 5757
51200 9437
51300 4375
51400 4322
51500 9272
51600 1624
51700 9443
51800 5716
51900 7139
52000 2157
52100 732
52200 2494
52300 8409
52400 3951
52500 4452
52600 4966
52700 8051
52800 2247
52900 9764
53000 5977
53100 6152
53200 8556
53300 1819
53400 3808
53500 7369
53600 6936
53700 7743
53800 990
53900 2106
54000 2544
54100 1999
54200 2902
54300 5179
54400 9577
54500 2583
54600 1714
54700 7200
54800 8991
54900 4640
55000 2216
55100 8626
55200 9487
55300 8881
55400 2739
55500 8443
55600 8847
55700 2576
55800 6128
55900 5928
56000 5402
56100 6717
56200 537
56300 4872
56400 386
56500 6012
56600 8979
56700 9708
56800 2983
56900 2350
57000 3845
57100 4478
57200 7912
57300 9487
57400 1090
57500 5005
57600 6237
57700 1243
57800 4670
57900 9633
58000 8514
58100 1915
58200 3948
58300 7652
58400 275
58500 3730
58600 2379
58700 4791
58800 5447
58900 3632
59000 9975
59100 2144
59200 4519
59300 7750
59400 3823
59500 3634
59600 8895
59700 8435
59800 550
59900 3887
60000 4493
60100 324
60200 1898
60300 3983
60400 7744
60500 912
60600 4822
60700 805
60800 3378
60900 6053
61000 7748
61100 1093
61200 9851
61300 4013
61400 6255
61500 5297
61600 9300
61700 1034
61800 3554
61900 2975
62000 5970
62100 1101
62200 2909
62300 5939
62400 9460
62500 7583
62600 211
62700 9641
62800 1986
62900 862
63000 4329
63100 6128
63200 4673
63300 6970
63400 2018
63500 5089
63600 946
63700 2791
63800 3428
63900 8229
64000 6244
64100 6148
64200 4413
64300 1481
64400 1328
64500 638
64600 3718
64700 3409
64800 7254
64900 5976
65000 8383
65100 6624
65200 9593
65300 1693
65400 291
65500 1005
65600 713
65700 3869
65800 136
65900 8977
66000 2557
66100 1356
66200 251
66300 5983
66400 8242
66500 4600
66600 8518
66700 2281
66800 5423
66900 5745
67000 8277
67100 3781
67200 7109
67300 3997
67400 3813
67500 5866
67600 534
67700 5208
67800 2777
67900 3933
68000 3073
68100 8918
68200 9708
68300 912
68400 6142
68500 9155
68600 5454
68700 4044
68800 5538
68900 3365
69000 6879
69100 6301
69200 8867
69300 3747
69400 7253
69500 2173
69600 9390
69700 7641
69800 5740
69900 9834
70000 4588
70100 4812
70200 6452
70300 5853
70400 6907
70500 4896
70600 7531
70700 2269
70800 22
70900 7028
71000 7893
71100 819
71200 1976
71300 5040
71400 6915
71500 3904
71600 9
71700 4803
71800 2372
71900 2910
72000 1989
72100 2965
72200 2187
72300 1308
72400 66
72500 7172
72600 7964
72700 6232
72800 9234
72900 174
73000 173
73100 1706
73200 9586
73300 5282
73400 6123
73500 9393
73600 6347
73700 7381
73800 9251
73900 6948
74000 7300
74100 9742
74200 7365
74300 9897
74400 6003
74500 6979
74600 1767
74700 7981
74800 6526
74900 1065
75000 551
75100 8732
75200 1656
75300 9555
75400 9010
75500 4371
75600 8120
75700 5948
75800 3027
75900 5822
76000 8944
76100 3238
76200 9105
76300 702
76400 1090
76500 6521
76600 4958
76700 6997
76800 4581
76900 1303
77000 4012
77100 6569
77200 4244
77300 740
77400 7397
77500 4591
77600 1987
77700 7572
77800 9745
77900 9584
78000 4586
78100 6655
78200 9225
78300 1048
78400 5200
78500 8942
78600 1812
78700 4034
78800 8378
78900 1609
79000 2121
79100 7623
79200 8266
79300 254
79400 908
79500 104
79600 4216
79700 1477
79800 5136
79900 398
80000 3231
80100 4924
80200 3171
80300 314
80400 8699
80500 8847
80600 6970
80700 719
80800 8952
80900 9901
81000 3234
81100 7262
81200 7465
81300 6281
81400 5521
81500 7995
81600 3912
81700 9046
81800 2954
81900 9634
82000 4078
82100 2316
82200 2873
82300 5923
82400 1325
82500 1800
82600 2845
82700 7039
82800 4623
82900 188
83000 1650
83100 8621
83200 8014
83300 8402
83400 7462
83500 5271
83600 2976
83700 384
83800 1655
83900 7058
84000 2138
84100 9162
84200 7734
84300 650
84400 6388
84500 4093
84600 343
84700 8800
84800 1963
84900 2422
85000 2635
85100 5251
85200 6861
85300 3821
85400 4432
85500 4373
85600 4765
85700 7460
85800 6120
85900 8226
86000 1225
86100 9475
86200 6220
86300 4133
86400 2996
86500 5480
86600 911
86700 2823
86800 6138
86900 8047
87000 4253
87100 4331
87200 2299
87300 3003
87400 5402
87500 1753
87600 1606
87700 5841
87800 2631
87900 7158
88000 6981
88100 963
88200 2959
88300 3021
88400 3874
88500 4973
88600 527
88700 7197
88800 7695
88900 7903
89000 5821
89100 5670
89200 5635
89300 7321
89400 5848
89500 7274
89600 7543
89700 351
89800 6698
89900 2188
90000 4522
90100 692
90200 9906
90300 89
90400 9852
90500 8116
90600 9100
90700 4182
90800 9926
90900 7174
91000 9311
91100 2618
91200 4292
91300 1544
91400 4254
91500 1430
91600 9875
91700 9054
91800 531
91900 2672
92000 7117
92100 4883
92200 8250
92300 7375
92400 3521
92500 9648
92600 9166
92700 7908
92800 4020
92900 2568
93000 5114
93100 7436
93200 1827
93300 3162
93400 711
93500 6017
93600 8488
93700 2478
93800 6021
93900 6930
94000 1601
94100 310
94200 6261
94300 6066
94400 3200
94500 6205
94600 5915
94700 9724
94800 8984
94900 7462
95000 3504
95100 2178
95200 5232
95300 6719
95400 3204
95500 66
95600 2653
95700 2892
95800 9930
95900 3372
96000 753
96100 2713
96200 121
96300 9715
96400 6177
96500 6377
96600 7476
96700 424
96800 5360
96900 7958
97000 6264
97100 8855
97200 4459
97300 8663
97400 1952
97500 6710
97600 3614
97700 8326
97800 7479
97900 1306
98000 1579
98100 3692
98200 4454
98300 5070
98400 476
98500 36
98600 9652
98700 1983
98800 5960
98900 8600
99000 5855
99100 9302
99200 3736
99300 508
99400 1494
99500 6038
99600 900
99700 9427
99800 8643
99900 714
100000 1846
