100 537
200 930
300 1090
400 1016
500 1458
600 1313
700 1735
800 2051
900 2077
1000 1787
1100 2429
1200 2318
1300 2461
1400 3545
1500 3121
1600 3536
1700 4463
1800 5164
1900 5661
2000 5188
2100 4660
2200 5551
2300 4911
2400 5762
2500 4150
2600 3328
2700 4243
2800 4646
2900 3993
3000 4671
3100 3438
3200 4759
3300 4397
3400 4719
3500 4588
3600 4833
3700 3963
3800 4030
3900 3659
4000 3194
4100 2234
4200 3374
4300 3255
4400 2879
4500 2470
4600 3577
4700 4678
4800 5267
4900 5565
5000 5260
5100 5441
5200 4878
5300 3688
5400 4232
5500 3990
5600 3578
5700 4020
5800 4744
5900 4696
6000 3944
6100 3883
6200 4401
6300 3821
6400 3880
6500 5824
6600 7324
6700 7886
6800 7719
6900 8413
7000 9815
7100 9205
7200 9669
7300 287
7400 9258
7500 8382
7600 8118
7700 7594
7800 7107
7900 6477
8000 5926
8100 5038
8200 6015
8300 7241
8400 7080
8500 7938
8600 7402
8700 8966
8800 8135
8900 7600
9000 7148
9100 7354
9200 8511
9300 9095
9400 8002
9500 7097
9600 7777
9700 7128
9800 6465
9900 7492
10000 7690
10100 8188
10200 8249
10300 7776
10400 8094
10500 8328
10600 7837
10700 8550
10800 7754
10900 6813
11000 6773
11100 6426
11200 6743
11300 7560
11400 7010
11500 8206
11600 8778
11700 9515
11800 9301
11900 9658
12000 9697
12100 8849
12200 8747
12300 7978
12400 7774
12500 8167
12600 9782
12700 365
12800 1437
12900 1915
13000 1382
13100 9403
13200 8372
13300 8858
13400 9151
13500 9167
13600 8161
13700 8237
13800 9319
13900 9977
14000 9412
14100 9190
14200 9265
14300 9473
14400 8171
14500 7157
14600 8473
14700 7726
14800 6731
14900 7152
15000 6901
15100 7286
15200 6223
15300 4930
15400 5576
15500 6901
15600 6800
15700 6685
15800 6786
15900 7090
16000 7363
16100 6847
16200 8521
16300 9696
16400 9930
16500 8954
16600 8645
16700 9488
16800 405
16900 8846
17000 593
17100 1434
17200 1622
17300 1075
17400 1482
17500 3333
17600 3880
17700 3041
17800 1710
17900 902
18000 2410
18100 2433
18200 1401
18300 3637
18400 3614
18500 3629
18600 5223
18700 6255
18800 7829
18900 7739
19000 936
19100 465
19200 191
19300 6516
19400 6415
19500 8210
19600 9846
19700 7811
19800 7175
19900 6755
20000 3980
20100 3139
20200 5718
20300 6546
20400 6806
20500 5499
20600 3407
20700 5366
20800 6817
20900 8075
21000 974
21100 8928
21200 625
21300 1046
21400 1918
21500 4359
21600 5521
21700 7454
21800 8774
21900 7479
22000 5216
22100 2939
22200 9658
22300 8643
22400 7473
22500 6023
22600 6519
22700 4927
22800 3916
22900 3108
23000 1518
23100 1750
23200 5198
23300 6005
23400 7735
23500 8022
23600 9217
23700 8266
23800 3840
23900 4226
24000 5308
24100 7856
24200 8506
24300 8986
24400 8297
24500 94
24600 5528
24700 4833
24800 4621
24900 5424
25000 3736
25100 3010
25200 2265
25300 3229
25400 1790
25500 2758
25600 4152
25700 4992
25800 5090
25900 4942
26000 3440
26100 8260
26200 9531
26300 695
26400 1202
26500 89
26600 9764
26700 9416
26800 7527
26900 8054
27000 8003
27100 5902
27200 6102
27300 5607
27400 6375
27500 6391
27600 8470
27700 9746
27800 1410
27900 3908
28000 3074
28100 4058
28200 3741
28300 4568
28400 3265
28500 4265
28600 4247
28700 7926
28800 6595
28900 8686
29000 6581
29100 3482
29200 6222
29300 5629
29400 2626
29500 1524
29600 1111
29700 2093
29800 2157
29900 3025
30000 3797
30100 3932
30200 4390
30300 3364
30400 3954
30500 5347
30600 3685
30700 2450
30800 3549
30900 5880
31000 5771
31100 6615
31200 8741
31300 7322
31400 6836
31500 7124
31600 9974
31700 9977
31800 9145
31900 7150
32000 8723
32100 6694
32200 6371
32300 7000
32400 9542
32500 8546
32600 7475
32700 7053
32800 5881
32900 4362
33000 3679
33100 3889
33200 4161
33300 6000
33400 7009
33500 8499
33600 8641
33700 9839
33800 8887
33900 9507
34000 343
34100 8498
34200 338
34300 200
34400 8428
34500 9455
34600 8983
34700 9734
34800 1404
34900 630
35000 276
35100 1493
35200 2127
35300 8648
35400 6633
35500 5101
35600 1866
35700 1705
35800 2809
35900 3842
36000 3140
36100 5745
36200 6614
36300 7783
36400 7546
36500 8585
36600 8401
36700 9444
36800 2509
36900 2151
37000 4009
37100 4802
37200 2642
37300 2832
37400 2432
37500 4577
37600 5591
37700 6340
37800 5802
37900 6799
38000 7523
38100 8184
38200 6370
38300 5170
38400 5409
38500 4667
38600 3941
38700 3692
38800 2097
38900 4702
39000 3655
39100 4751
39200 6432
39300 6441
39400 269
39500 1427
39600 2327
39700 1895
39800 1979
39900 1597
40000 1754
40100 2911
40200 9882
40300 8601
40400 8215
40500 5983
40600 6821
40700 4944
40800 5009
40900 5984
41000 5004
41100 5277
41200 6982
41300 7090
41400 8808
41500 9396
41600 87
41700 841
41800 9691
41900 692
42000 714
42100 1753
42200 1466
42300 974
42400 1400
42500 1618
42600 1722
42700 263
42800 7011
42900 8667
43000 8871
43100 9957
43200 8722
43300 2476
43400 2134
43500 1284
43600 940
43700 7437
43800 6547
43900 9660
44000 7998
44100 6663
44200 7248
44300 8727
44400 8856
44500 8839
44600 7398
44700 5682
44800 6182
44900 6804
45000 5786
45100 4982
45200 5344
45300 5538
45400 3600
45500 3968
45600 6791
45700 7961
45800 6418
45900 9169
46000 9655
46100 9020
46200 2269
46300 2962
46400 2546
46500 3532
46600 3387
46700 4323
46800 6984
46900 6903
47000 8464
47100 8109
47200 5507
47300 4173
47400 3634
47500 3727
47600 2289
47700 838
47800 1429
47900 1682
48000 2386
48100 2190
48200 2934
48300 1517
48400 1501
48500 1846
48600 8935
48700 9786
48800 360
48900 8933
49000 9683
49100 8138
49200 6919
49300 5178
49400 8746
49500 446
49600 9562
49700 1745
49800 1085
49900 604
50000 9455
50100 8627
50200 9313
50300 2957
50400 2992
50500 2522
50600 4814
50700 7677
50800 8433
50900 993
51000 3820
51100 2074
51200 835
51300 3411
51400 2478
51500 3782
51600 3513
51700 4059
51800 3727
51900 1369
52000 261
52100 9614
52200 832
52300 926
52400 91
52500 1334
52600 8325
52700 7824
52800 7082
52900 9149
53000 9574
53100 8773
53200 8574
53300 9122
53400 1464
53500 1948
53600 4353
53700 4946
53800 3682
53900 1108
54000 3436
54100 6608
54200 8605
54300 682
54400 2702
54500 9633
54600 6612
54700 9059
54800 9590
54900 6565
55000 4621
55100 376
55200 8599
55300 8400
55400 8488
55500 9969
55600 1699
55700 587
55800 74
55900 8156
56000 4368
56100 2858
56200 3818
56300 5132
56400 2475
56500 5356
56600 5223
56700 5350
56800 4811
56900 4549
57000 2942
57100 3573
57200 2416
57300 4218
57400 2733
57500 1552
57600 2270
57700 1992
57800 1225
57900 347
58000 7987
58100 9451
58200 7917
58300 7402
58400 6640
58500 7938
58600 8755
58700 8156
58800 9340
58900 9043
59000 9581
59100 66
59200 8854
59300 8044
59400 7475
59500 6625
59600 8280
59700 9089
59800 37
59900 820
60000 1342
60100 3048
60200 1960
60300 2583
60400 2298
60500 2748
60600 1331
60700 2226
60800 3328
60900 2314
61000 1681
61100 1901
61200 3604
61300 4888
61400 6437
61500 6326
61600 6636
61700 7899
61800 7821
61900 6684
62000 6929
62100 5786
62200 6087
62300 6916
62400 7939
62500 8293
62600 8409
62700 9460
62800 9664
62900 24
63000 695
63100 600
63200 9377
63300 289
63400 1022
63500 1001
63600 1237
63700 9710
63800 8959
63900 8437
64000 7975
64100 8167
64200 8710
64300 8851
64400 7709
64500 8489
64600 9323
64700 9136
64800 8988
64900 9407
65000 80
65100 8899
65200 8897
65300 9239
65400 478
65500 9367
65600 9913
65700 692
65800 1189
65900 1236
66000 490
66100 161
66200 9131
66300 8762
66400 275
66500 71
66600 1010
66700 2470
66800 1296
66900 1591
67000 1430
67100 1284
67200 1478
67300 2121
67400 2729
67500 3683
67600 3623
67700 5670
67800 5375
67900 5546
68000 5240
68100 5268
68200 5609
68300 5697
68400 5980
68500 6550
68600 7208
68700 7726
68800 8347
68900 7668
69000 8708
69100 7982
69200 8703
69300 8553
69400 7921
69500 8479
69600 8588
69700 8855
69800 9088
69900 784
70000 9841
70100 9781
70200 7614
70300 7708
70400 8240
70500 9041
70600 8194
70700 8004
70800 7465
70900 9233
71000 7389
71100 7539
71200 6849
71300 6190
71400 5093
71500 5162
71600 5200
71700 6227
71800 7552
71900 7029
72000 5876
72100 5186
72200 6994
72300 8311
72400 9182
72500 8138
72600 8854
72700 9493
72800 7614
72900 7005
73000 7910
73100 8385
73200 9207
73300 877
73400 1784
73500 1819
73600 52
73700 9295
73800 1026
73900 1939
74000 1708
74100 9602
74200 1677
74300 750
74400 87
74500 8635
74600 498
74700 9166
74800 9630
74900 9419
75000 1068
75100 2008
75200 9890
75300 1535
75400 1723
75500 5932
75600 3285
75700 1149
75800 1417
75900 4481
76000 4317
76100 3614
76200 3113
76300 6346
76400 7484
76500 5913
76600 5256
76700 7430
76800 6003
76900 6211
77000 5986
77100 5134
77200 3757
77300 1412
77400 617
77500 1531
77600 3699
77700 3788
77800 3938
77900 6524
78000 6178
78100 3869
78200 2171
78300 4250
78400 2932
78500 3469
78600 3577
78700 1041
78800 9509
78900 9152
79000 6692
79100 9424
79200 9829
79300 7838
79400 7740
79500 6447
79600 7920
79700 9570
79800 1541
79900 2067
80000 1960
80100 2033
80200 2273
80300 2616
80400 6558
80500 6648
80600 9190
80700 833
80800 1304
80900 1394
81000 2137
81100 2275
81200 5454
81300 4681
81400 5442
81500 5493
81600 3016
81700 1376
81800 2387
81900 4787
82000 5197
82100 4051
82200 2000
82300 3780
82400 4987
82500 2725
82600 9320
82700 2790
82800 2340
82900 7968
83000 5569
83100 3336
83200 5755
83300 1207
83400 1855
83500 8722
83600 7775
83700 9477
83800 2943
83900 3838
84000 4869
84100 4448
84200 3618
84300 2065
84400 2742
84500 8546
84600 6814
84700 60
84800 2475
84900 1294
85000 239
85100 121
85200 1038
85300 9899
85400 8985
85500 9806
85600 69
85700 3271
85800 8738
85900 9610
86000 209
86100 521
86200 6410
86300 9722
86400 2834
86500 3616
86600 9970
86700 189
86800 8390
86900 7531
87000 5189
87100 4283
87200 3075
87300 3710
87400 1323
87500 8355
87600 5916
87700 4625
87800 6498
87900 7671
88000 9254
88100 621
88200 8302
88300 8150
88400 7090
88500 6717
88600 5192
88700 4261
88800 4481
88900 5523
89000 7277
89100 8457
89200 5526
89300 6169
89400 6621
89500 5510
89600 1739
89700 1577
89800 1853
89900 936
90000 182
90100 349
90200 1469
90300 888
90400 9856
90500 9365
90600 696
90700 174
90800 9314
90900 9211
91000 9530
91100 562
91200 1154
91300 9932
91400 539
91500 1168
91600 1531
91700 2429
91800 3297
91900 4587
92000 6248
92100 7446
92200 8112
92300 8236
92400 7905
92500 7993
92600 7838
92700 8446
92800 8239
92900 95
93000 1481
93100 2302
93200 2251
93300 3377
93400 4495
93500 3803
93600 4388
93700 5520
93800 5910
93900 4016
94000 2016
94100 5468
94200 3816
94300 5924
94400 8552
94500 1693
94600 2920
94700 2051
94800 56
94900 6864
95000 8517
95100 8139
95200 7990
95300 8845
95400 7679
95500 9899
95600 1425
95700 7390
95800 6080
95900 7623
96000 5301
96100 5239
96200 4031
96300 3549
96400 5663
96500 5157
96600 5225
96700 6374
96800 4844
96900 4016
97000 5449
97100 6332
97200 6668
97300 7754
97400 522
97500 8143
97600 7284
97700 9966
97800 8538
97900 9532
98000 714
98100 973
98200 1147
98300 9672
98400 9279
98500 8606
98600 8595
98700 7830
98800 6034
98900 190
99000 320
99100 2806
99200 813
99300 1007
99400 9379
99500 8319
99600 5136
99700 3389
99800 3879
99900 1875
100000 811
