100 1984
200 4407
300 5515
400 6931
500 64
600 2126
700 3566
800 5350
900 5832
1000 6523
1100 8001
1200 8883
1300 2369
1400 3260
1500 5853
1600 8167
1700 8042
1800 9863
1900 2750
2000 5269
2100 685
2200 2490
2300 2109
2400 1597
2500 2416
2600 4921
2700 6889
2800 8089
2900 9144
3000 8428
3100 5925
3200 8216
3300 6969
3400 632
3500 1153
3600 1022
3700 2777
3800 5562
3900 4287
4000 6394
4100 5895
4200 210
4300 6522
4400 3739
4500 7635
4600 7504
4700 1082
4800 5403
4900 9878
5000 915
5100 1659
5200 826
5300 4484
5400 9151
5500 7455
5600 8280
5700 4472
5800 5349
5900 6430
6000 8421
6100 9937
6200 976
6300 7197
6400 9551
6500 8790
6600 9376
6700 9489
6800 2560
6900 225
7000 9486
7100 1818
7200 6144
7300 3412
7400 4730
7500 9888
7600 2951
7700 9686
7800 1673
7900 3766
8000 7510
8100 2106
8200 2443
8300 1001
8400 6211
8500 7712
8600 6326
8700 9642
8800 8058
8900 1414
9000 9717
9100 8987
9200 5396
9300 5803
9400 6548
9500 4083
9600 3675
9700 3994
9800 740
9900 1050
10000 1127
10100 8947
10200 4692
10300 1928
10400 3361
10500 5271
10600 6341
10700 3646
10800 5609
10900 2026
11000 2351
11100 6446
11200 3728
11300 1144
11400 4113
11500 4397
11600 6922
11700 4111
11800 1880
11900 3703
12000 2808
12100 3146
12200 9988
12300 806
12400 6513
12500 9607
12600 6703
12700 8289
12800 8753
12900 728
13000 5318
13100 2199
13200 282
13300 4103
13400 6468
13500 6315
13600 9673
13700 8149
13800 5326
13900 6214
14000 9442
14100 4096
14200 2703
14300 2949
14400 4492
14500 7997
14600 4842
14700 8144
14800 4007
14900 4366
15000 3689
15100 5591
15200 3214
15300 6842
15400 4293
15500 5566
15600 6383
15700 4406
15800 9068
15900 8496
16000 7904
16100 1757
16200 7861
16300 4101
16400 2501
16500 6435
16600 6672
16700 7872
16800 9255
16900 2717
17000 8455
17100 5653
17200 4244
17300 4852
17400 1039
17500 4982
17600 5336
17700 6750
17800 9114
17900 8278
18000 2474
18100 2251
18200 5140
18300 6862
18400 1012
18500 4861
18600 7907
18700 7223
18800 8071
18900 2005
19000 1619
19100 6281
19200 4952
19300 2357
19400 2124
19500 8123
19600 7767
19700 340
19800 9466
19900 8785
20000 7139
20100 2065
20200 5925
20300 2944
20400 2737
20500 9302
20600 5197
20700 1928
20800 7083
20900 6559
21000 9618
21100 1961
21200 612
21300 1422
21400 115
21500 9903
21600 3826
21700 9847
21800 393
21900 9290
22000 3957
22100 5563
22200 3326
22300 1156
22400 1060
22500 2895
22600 1619
22700 6251
22800 5101
22900 6068
23000 9728
23100 2626
23200 9884
23300 4788
23400 8951
23500 6865
23600 9912
23700 9956
23800 385
23900 3570
24000 6602
24100 2278
24200 6713
24300 5266
24400 4075
24500 1421
24600 3314
24700 8742
24800 2419
24900 3310
25000 1827
25100 2194
25200 3223
25300 7825
25400 232
25500 149
25600 2045
25700 3971
25800 1437
25900 389
26000 7622
26100 8442
26200 4451
26300 7604
26400 8385
26500 8945
26600 3840
26700 712
26800 2648
26900 9607
27000 5257
27100 426
27200 693
27300 2732
27400 6579
27500 4564
27600 7042
27700 991
27800 2155
27900 4209
28000 4294
28100 7664
28200 8134
28300 1046
28400 173
28500 8318
28600 411
28700 5068
28800 2334
28900 2481
29000 1618
29100 5994
29200 3943
29300 5426
29400 3766
29500 4551
29600 5920
29700 9143
29800 8050
29900 1141
30000 5495
30100 1118
30200 5364
30300 9635
30400 4373
30500 1991
30600 3557
30700 5368
30800 2213
30900 8333
31000 489
31100 215
31200 9383
31300 7723
31400 2373
31500 3499
31600 1091
31700 4426
31800 88
31900 8985
32000 1695
32100 5813
32200 6624
32300 9692
32400 1843
32500 4271
32600 6093
32700 813
32800 8357
32900 287
33000 9043
33100 9069
33200 3352
33300 1948
33400 9752
33500 2909
33600 5670
33700 7714
33800 6656
33900 3255
34000 3913
34100 8671
34200 5062
34300 6947
34400 5254
34500 5034
34600 3865
34700 6149
34800 4267
34900 9526
35000 2439
35100 4302
35200 7364
35300 675
35400 6960
35500 9528
35600 7665
35700 9100
35800 6307
35900 5358
36000 1904
36100 2176
36200 6536
36300 1029
36400 2533
36500 2836
36600 3682
36700 9207
36800 3730
36900 8589
37000 6858
37100 6143
37200 7597
37300 1730
37400 1189
37500 1047
37600 4858
37700 3989
37800 3388
37900 1028
38000 4222
38100 7889
38200 1745
38300 5222
38400 3020
38500 2837
38600 9615
38700 9550
38800 1839
38900 923
39000 1637
39100 3625
39200 4194
39300 435
39400 639
39500 9743
39600 6047
39700 5850
39800 9494
39900 1549
40000 5378
40100 8141
40200 1192
40300 7102
40400 2692
40500 7003
40600 623
40700 3117
40800 233
40900 2950
41000 6396
41100 7146
41200 6702
41300 8655
41400 2311
41500 6625
41600 8034
41700 3014
41800 4330
41900 4806
42000 959
42100 6372
42200 2554
42300 1868
42400 9282
42500 4028
42600 6493
42700 1915
42800 9527
42900 7113
43000 3396
43100 7283
43200 727
43300 7801
43400 5198
43500 1258
43600 1234
43700 9726
43800 1243
43900 8761
44000 8022
44100 6826
44200 8997
44300 6378
44400 2331
44500 5994
44600 327
44700 2534
44800 6428
44900 6262
45000 2303
45100 8906
45200 1287
45300 9446
45400 6662
45500 8240
45600 3119
45700 898
45800 8724
45900 7593
46000 1592
46100 196
46200 3284
46300 2166
46400 8470
46500 6500
46600 7664
46700 1441
46800 4288
46900 1669
47000 8191
47100 8937
47200 4663
47300 5852
47400 2868
47500 6543
47600 3539
47700 2704
47800 1032
47900 7893
48000 8253
48100 2499
48200 141
48300 8822
48400 6021
48500 8496
48600 9842
48700 6049
48800 6382
48900 8721
49000 3779
49100 1914
49200 3330
49300 6048
49400 9133
49500 3434
49600 5591
49700 2503
49800 973
49900 1211
50000 8119
50100 8892
50200 8464
50300 9026
50400 8974
50500 6703
50600 5856
50700 2230
50800 3098
50900 918
51000 6284
51100 6504
51200 6376
51300 9831
51400 375
51500 7015
51600 4112
51700 1380
51800 3986
51900 8393
52000 7911
52100 1429
52200 299
52300 1947
52400 2636
52500 6115
52600 8274
52700 9916
52800 4192
52900 4957
53000 9230
53100 6737
53200 1688
53300 6450
53400 9936
53500 145
53600 3297
53700 2486
53800 6690
53900 6030
54000 26
54100 1103
54200 6070
54300 4884
54400 6483
54500 441
54600 3892
54700 4512
54800 5668
54900 5029
55000 6637
55100 9013
55200 9168
55300 6854
55400 6492
55500 8099
55600 3956
55700 5691
55800 9903
55900 3113
56000 6605
56100 6009
56200 9191
56300 5485
56400 2211
56500 7740
56600 9643
56700 2199
56800 3206
56900 2645
57000 2395
57100 1290
57200 9607
57300 5088
57400 2999
57500 2598
57600 215
57700 5634
57800 734
57900 9350
58000 2850
58100 3521
58200 8242
58300 6279
58400 9024
58500 2653
58600 50
58700 7209
58800 4010
58900 8421
59000 2816
59100 6502
59200 9610
59300 2572
59400 8175
59500 9129
59600 3397
59700 5519
59800 4598
59900 8312
60000 1751
60100 7974
60200 9302
60300 878
60400 6227
60500 3083
60600 3586
60700 40
60800 703
60900 8321
61000 1306
61100 3774
61200 3770
61300 8181
61400 6508
61500 2231
61600 8763
61700 8131
61800 8900
61900 1726
62000 2917
62100 5501
62200 7343
62300 6802
62400 4294
62500 3951
62600 6645
62700 3862
62800 4934
62900 4816
63000 2149
63100 2078
63200 4538
63300 4862
63400 3218
63500 6710
63600 4774
63700 7248
63800 2139
63900 3306
64000 4336
64100 5467
64200 4408
64300 7508
64400 8523
64500 6408
64600 903
64700 4655
64800 3778
64900 5856
65000 7575
65100 3233
65200 789
65300 264
65400 4135
65500 7470
65600 667
65700 2832
65800 6697
65900 3500
66000 6174
66100 8134
66200 8595
66300 268
66400 1110
66500 2271
66600 1765
66700 9846
66800 6657
66900 4543
67000 2226
67100 3155
67200 5707
67300 3335
67400 2922
67500 5490
67600 6305
67700 816
67800 3135
67900 9971
68000 9673
68100 4763
68200 4080
68300 5276
68400 7500
68500 8129
68600 7954
68700 3079
68800 2263
68900 9918
69000 3210
69100 4381
69200 5917
69300 5270
69400 8525
69500 714
69600 9829
69700 4237
69800 8969
69900 8909
70000 8136
70100 6238
70200 6737
70300 5770
70400 3502
70500 735
70600 2652
70700 5344
70800 7206
70900 3670
71000 4961
71100 9292
71200 1850
71300 4397
71400 8718
71500 4045
71600 4505
71700 982
71800 9814
71900 9848
72000 4320
72100 7250
72200 5858
72300 4231
72400 6408
72500 4220
72600 134
72700 4246
72800 3658
72900 7913
73000 2589
73100 6103
73200 7748
73300 5883
73400 1866
73500 9241
73600 7976
73700 7274
73800 5014
73900 9883
74000 8549
74100 3821
74200 9672
74300 1124
74400 4671
74500 1975
74600 9464
74700 5111
74800 8008
74900 7850
75000 9184
75100 2854
75200 8627
75300 1334
75400 5003
75500 9672
75600 3703
75700 7592
75800 5616
75900 9569
76000 404
76100 6438
76200 6915
76300 8638
76400 9713
76500 8844
76600 4054
76700 2442
76800 6405
76900 2248
77000 4588
77100 799
77200 9161
77300 416
77400 351
77500 9818
77600 3129
77700 900
77800 7499
77900 9539
78000 2739
78100 3845
78200 788
78300 8034
78400 1181
78500 6818
78600 5690
78700 7298
78800 5978
78900 9207
79000 2758
79100 1656
79200 1729
79300 2501
79400 2122
79500 3583
79600 2325
79700 8809
79800 6969
79900 5876
80000 1282
80100 4918
80200 1344
80300 988
80400 2733
80500 2605
80600 3670
80700 8422
80800 9460
80900 6645
81000 6941
81100 8007
81200 651
81300 8169
81400 7659
81500 8765
81600 8474
81700 7702
81800 6258
81900 3369
82000 713
82100 8801
82200 6149
82300 3519
82400 7751
82500 5279
82600 6170
82700 7209
82800 8061
82900 7911
83000 9281
83100 3148
83200 3432
83300 3206
83400 3000
83500 9502
83600 1246
83700 9867
83800 4698
83900 1164
84000 6339
84100 9505
84200 5069
84300 9189
84400 6852
84500 2969
84600 8052
84700 6877
84800 9194
84900 5840
85000 5768
85100 4391
85200 8685
85300 1045
85400 6141
85500 2358
85600 3471
85700 6157
85800 7202
85900 8539
86000 7050
86100 9776
86200 4113
86300 4335
86400 6109
86500 6933
86600 7754
86700 96
86800 4600
86900 5310
87000 5047
87100 4443
87200 5950
87300 7057
87400 290
87500 9843
87600 6080
87700 9015
87800 1697
87900 8968
88000 7091
88100 798
88200 1203
88300 8712
88400 5791
88500 6381
88600 6561
88700 1831
88800 1808
88900 2857
89000 9241
89100 2587
89200 8419
89300 7488
89400 5874
89500 4568
89600 1396
89700 4035
89800 7386
89900 9398
90000 5554
90100 8789
90200 662
90300 4477
90400 6131
90500 5416
90600 4583
90700 6967
90800 1050
90900 4206
91000 3100
91100 6042
91200 8733
91300 6400
91400 5634
91500 9630
91600 76
91700 6879
91800 4716
91900 4191
92000 2262
92100 118
92200 7154
92300 601
92400 9052
92500 356
92600 9927
92700 9123
92800 7773
92900 111
93000 9366
93100 9955
93200 3930
93300 3617
93400 3750
93500 3020
93600 3929
93700 7413
93800 3332
93900 9586
94000 9838
94100 3547
94200 4981
94300 3535
94400 2207
94500 4084
94600 3617
94700 9707
94800 4998
94900 1560
95000 1698
95100 9058
95200 5746
95300 9715
95400 1200
95500 869
95600 5912
95700 3882
95800 8171
95900 8860
96000 7082
96100 8977
96200 1810
96300 5453
96400 4155
96500 3562
96600 6113
96700 2863
96800 3303
96900 7965
97000 625
97100 180
97200 2490
97300 5727
97400 2069
97500 4692
97600 7493
97700 9495
97800 6204
97900 4483
98000 4909
98100 4062
98200 8469
98300 5650
98400 9526
98500 1397
98600 5357
98700 1938
98800 2053
98900 6580
99000 2061
99100 9220
99200 9249
99300 4342
99400 2083
99500 4720
99600 5716
99700 3324
99800 924
99900 3401
100000 8942
