100 118
200 81
300 20
400 55
500 74
600 282
700 390
800 340
900 424
1000 176
1100 194
1200 257
1300 381
1400 291
1500 551
1600 690
1700 985
1800 1489
1900 935
2000 933
2100 1177
2200 1280
2300 1369
2400 1050
2500 592
2600 532
2700 296
2800 368
2900 388
3000 205
3100 417
3200 750
3300 392
3400 710
3500 736
3600 1248
3700 1647
3800 1708
3900 1587
4000 1700
4100 1305
4200 1238
4300 1046
4400 1202
4500 1140
4600 1473
4700 1059
4800 977
4900 943
5000 1178
5100 1348
5200 1452
5300 1265
5400 1464
5500 1141
5600 1292
5700 918
5800 440
5900 543
6000 407
6100 390
6200 288
6300 262
6400 178
6500 116
6600 10
6700 123
6800 32
6900 143
7000 4
7100 36
7200 19
7300 2
7400 22
7500 10
7600 21
7700 16
7800 16
7900 24
8000 12
8100 68
8200 88
8300 65
8400 0
8500 5
8600 8
8700 4
8800 30
8900 405
9000 550
9100 328
9200 730
9300 1135
9400 944
9500 1071
9600 834
9700 748
9800 677
9900 735
10000 792
10100 658
10200 845
10300 913
10400 753
10500 857
10600 874
10700 294
10800 92
10900 1
11000 20
11100 3
11200 28
11300 8
11400 6
11500 77
11600 76
11700 30
11800 0
11900 2
12000 0
12100 0
12200 0
12300 1
12400 79
12500 32
12600 100
12700 160
12800 69
12900 131
13000 254
13100 20
13200 15
13300 126
13400 271
13500 307
13600 407
13700 285
13800 87
13900 12
14000 6
14100 72
14200 0
14300 12
14400 0
14500 15
14600 2
14700 1
14800 0
14900 9
15000 25
15100 85
15200 0
15300 12
15400 11
15500 72
15600 58
15700 45
15800 25
15900 7
16000 31
16100 176
16200 271
16300 382
16400 156
16500 2
16600 8
16700 48
16800 11
16900 80
17000 18
17100 38
17200 190
17300 360
17400 543
17500 518
17600 752
17700 557
17800 542
17900 298
18000 204
18100 80
18200 4
18300 0
18400 33
18500 66
18600 52
18700 56
18800 5
18900 9
19000 44
19100 21
19200 8
19300 13
19400 1
19500 4
19600 5
19700 3
19800 7
19900 111
20000 167
20100 4
20200 72
20300 120
20400 260
20500 427
20600 569
20700 387
20800 355
20900 184
21000 124
21100 253
21200 171
21300 141
21400 185
21500 61
21600 34
21700 703
21800 401
21900 88
22000 0
22100 5
22200 37
22300 8
22400 17
22500 21
22600 144
22700 112
22800 221
22900 342
23000 225
23100 162
23200 192
23300 370
23400 282
23500 391
23600 537
23700 248
23800 212
23900 234
24000 272
24100 3
24200 0
24300 0
24400 67
24500 0
24600 6
24700 84
24800 52
24900 0
25000 5
25100 2
25200 0
25300 28
25400 17
25500 34
25600 0
25700 7
25800 190
25900 253
26000 239
26100 500
26200 181
26300 417
26400 989
26500 1135
26600 1093
26700 1052
26800 667
26900 607
27000 597
27100 547
27200 579
27300 1322
27400 1586
27500 1288
27600 1581
27700 2096
27800 1782
27900 1471
28000 1188
28100 1477
28200 1641
28300 1595
28400 882
28500 795
28600 864
28700 1570
28800 2062
28900 2194
29000 1776
29100 2354
29200 1965
29300 1739
29400 1404
29500 1674
29600 1313
29700 1281
29800 1302
29900 1401
30000 1439
30100 1213
30200 1446
30300 1484
30400 1431
30500 932
30600 907
30700 1108
30800 618
30900 367
31000 591
31100 1027
31200 1135
31300 1295
31400 756
31500 512
31600 517
31700 465
31800 572
31900 543
32000 552
32100 324
32200 177
32300 516
32400 468
32500 286
32600 136
32700 324
32800 244
32900 202
33000 443
33100 127
33200 35
33300 84
33400 85
33500 16
33600 34
33700 49
33800 19
33900 237
34000 826
34100 1004
34200 716
34300 861
34400 750
34500 885
34600 749
34700 595
34800 581
34900 1050
35000 912
35100 1095
35200 1561
35300 1365
35400 1190
35500 1268
35600 1080
35700 1030
35800 609
35900 400
36000 336
36100 244
36200 251
36300 172
36400 71
36500 0
36600 41
36700 0
36800 19
36900 175
37000 273
37100 67
37200 88
37300 7
37400 0
37500 21
37600 60
37700 102
37800 148
37900 154
38000 37
38100 27
38200 199
38300 230
38400 160
38500 146
38600 119
38700 10
38800 8
38900 7
39000 10
39100 0
39200 10
39300 110
39400 104
39500 138
39600 200
39700 76
39800 136
39900 34
40000 83
40100 168
40200 26
40300 0
40400 5
40500 43
40600 3
40700 0
40800 66
40900 41
41000 70
41100 28
41200 2
41300 1
41400 6
41500 45
41600 23
41700 215
41800 35
41900 111
42000 350
42100 377
42200 366
42300 315
42400 134
42500 174
42600 8
42700 20
42800 66
42900 15
43000 25
43100 3
43200 10
43300 186
43400 19
43500 27
43600 1
43700 89
43800 31
43900 2
44000 1
44100 0
44200 50
44300 196
44400 318
44500 402
44600 544
44700 517
44800 380
44900 772
45000 691
45100 327
45200 780
45300 1179
45400 1170
45500 1218
45600 1494
45700 1755
45800 992
45900 1144
46000 1333
46100 1683
46200 1590
46300 1176
46400 966
46500 1263
46600 1117
46700 951
46800 926
46900 794
47000 812
47100 1069
47200 844
47300 585
47400 776
47500 354
47600 318
47700 399
47800 349
47900 383
48000 314
48100 241
48200 138
48300 119
48400 309
48500 65
48600 63
48700 30
48800 1
48900 40
49000 1
49100 10
49200 0
49300 16
49400 15
49500 2
49600 0
49700 0
49800 35
49900 1
50000 0
50100 19
50200 13
50300 1
50400 1
50500 7
50600 0
50700 61
50800 131
50900 20
51000 52
51100 115
51200 3
51300 35
51400 30
51500 1
51600 305
51700 299
51800 269
51900 108
52000 128
52100 533
52200 502
52300 465
52400 138
52500 448
52600 371
52700 468
52800 261
52900 580
53000 403
53100 714
53200 1154
53300 1599
53400 1426
53500 1587
53600 1030
53700 356
53800 221
53900 160
54000 21
54100 86
54200 21
54300 27
54400 19
54500 69
54600 218
54700 216
54800 468
54900 531
55000 418
55100 465
55200 204
55300 33
55400 34
55500 15
55600 0
55700 1
55800 3
55900 12
56000 0
56100 6
56200 31
56300 1
56400 0
56500 25
56600 0
56700 0
56800 4
56900 30
57000 21
57100 11
57200 1
57300 25
57400 68
57500 106
57600 297
57700 160
57800 5
57900 8
58000 85
58100 4
58200 23
58300 52
58400 76
58500 69
58600 139
58700 77
58800 0
58900 6
59000 12
59100 16
59200 31
59300 82
59400 26
59500 56
59600 47
59700 2
59800 53
59900 82
60000 60
60100 80
60200 99
60300 92
60400 141
60500 206
60600 453
60700 652
60800 590
60900 463
61000 261
61100 252
61200 315
61300 669
61400 914
61500 1114
61600 1027
61700 767
61800 724
61900 819
62000 801
62100 733
62200 171
62300 581
62400 637
62500 855
62600 1093
62700 878
62800 1023
62900 667
63000 374
63100 374
63200 438
63300 491
63400 220
63500 353
63600 99
63700 72
63800 1
63900 5
64000 10
64100 0
64200 1
64300 74
64400 29
64500 1
64600 0
64700 0
64800 56
64900 58
65000 139
65100 8
65200 15
65300 28
65400 96
65500 75
65600 4
65700 17
65800 23
65900 61
66000 27
66100 88
66200 107
66300 182
66400 45
66500 3
66600 2
66700 49
66800 36
66900 20
67000 0
67100 1
67200 4
67300 4
67400 8
67500 0
67600 87
67700 94
67800 209
67900 242
68000 69
68100 99
68200 70
68300 30
68400 2
68500 0
68600 6
68700 4
68800 14
68900 17
69000 7
69100 87
69200 256
69300 56
69400 8
69500 12
69600 56
69700 25
69800 11
69900 7
70000 97
70100 168
70200 177
70300 197
70400 91
70500 60
70600 118
70700 95
70800 64
70900 21
71000 0
71100 6
71200 1
71300 25
71400 55
71500 0
71600 9
71700 55
71800 16
71900 29
72000 10
72100 0
72200 8
72300 6
72400 63
72500 234
72600 315
72700 372
72800 194
72900 140
73000 74
73100 8
73200 0
73300 13
73400 0
73500 6
73600 10
73700 18
73800 1
73900 0
74000 0
74100 0
74200 26
74300 30
74400 3
74500 1
74600 9
74700 141
74800 251
74900 163
75000 134
75100 78
75200 96
75300 272
75400 184
75500 112
75600 141
75700 231
75800 223
75900 407
76000 213
76100 199
76200 65
76300 295
76400 436
76500 718
76600 455
76700 448
76800 198
76900 177
77000 14
77100 31
77200 52
77300 51
77400 12
77500 1
77600 0
77700 52
77800 31
77900 14
78000 50
78100 1
78200 1
78300 65
78400 132
78500 149
78600 121
78700 167
78800 135
78900 57
79000 143
79100 56
79200 153
79300 189
79400 72
79500 157
79600 309
79700 734
79800 301
79900 234
80000 72
80100 363
80200 315
80300 276
80400 314
80500 391
80600 461
80700 189
80800 74
80900 63
81000 126
81100 133
81200 72
81300 17
81400 31
81500 25
81600 48
81700 8
81800 45
81900 5
82000 12
82100 26
82200 134
82300 56
82400 84
82500 124
82600 14
82700 37
82800 35
82900 22
83000 24
83100 23
83200 43
83300 0
83400 48
83500 29
83600 12
83700 15
83800 6
83900 101
84000 20
84100 19
84200 30
84300 185
84400 156
84500 129
84600 168
84700 99
84800 76
84900 146
85000 5
85100 9
85200 6
85300 8
85400 157
85500 299
85600 3
85700 1
85800 4
85900 8
86000 0
86100 26
86200 26
86300 28
86400 112
86500 380
86600 76
86700 187
86800 278
86900 210
87000 408
87100 366
87200 363
87300 502
87400 414
87500 289
87600 540
87700 200
87800 99
87900 97
88000 142
88100 64
88200 1
88300 0
88400 7
88500 0
88600 19
88700 4
88800 0
88900 6
89000 24
89100 88
89200 265
89300 459
89400 198
89500 65
89600 37
89700 29
89800 30
89900 20
90000 102
90100 75
90200 47
90300 404
90400 799
90500 1286
90600 852
90700 540
90800 368
90900 345
91000 515
91100 452
91200 591
91300 1315
91400 1402
91500 1609
91600 1314
91700 2005
91800 1269
91900 1495
92000 1339
92100 1107
92200 994
92300 1113
92400 622
92500 630
92600 663
92700 413
92800 234
92900 79
93000 88
93100 7
93200 109
93300 105
93400 81
93500 38
93600 38
93700 10
93800 1
93900 27
94000 182
94100 357
94200 103
94300 63
94400 0
94500 4
94600 2
94700 5
94800 50
94900 2
95000 0
95100 56
95200 103
95300 24
95400 124
95500 249
95600 328
95700 564
95800 408
95900 210
96000 314
96100 468
96200 730
96300 610
96400 821
96500 687
96600 563
96700 339
96800 216
96900 208
97000 254
97100 167
97200 51
97300 215
97400 60
97500 2
97600 26
97700 8
97800 24
97900 175
98000 68
98100 64
98200 103
98300 37
98400 59
98500 71
98600 64
98700 424
98800 881
98900 928
99000 933
99100 661
99200 885
99300 1142
99400 745
99500 783
99600 1330
99700 1231
99800 1125
99900 1002
100000 661
