100 0
200 29
300 0
400 3
500 0
600 37
700 187
800 61
900 70
1000 26
1100 67
1200 4
1300 6
1400 71
1500 127
1600 182
1700 436
1800 478
1900 184
2000 150
2100 197
2200 43
2300 43
2400 1
2500 1
2600 0
2700 29
2800 210
2900 73
3000 0
3100 5
3200 52
3300 49
3400 36
3500 11
3600 5
3700 16
3800 29
3900 139
4000 27
4100 3
4200 40
4300 6
4400 37
4500 4
4600 9
4700 48
4800 37
4900 15
5000 3
5100 1
5200 1
5300 28
5400 16
5500 0
5600 4
5700 6
5800 0
5900 55
6000 0
6100 1
6200 31
6300 5
6400 60
6500 64
6600 9
6700 13
6800 7
6900 1
7000 1
7100 34
7200 34
7300 70
7400 20
7500 0
7600 1
7700 13
7800 0
7900 12
8000 0
8100 0
8200 2
8300 10
8400 0
8500 20
8600 3
8700 0
8800 6
8900 2
9000 1
9100 0
9200 1
9300 4
9400 0
9500 15
9600 0
9700 2
9800 6
9900 16
10000 6
10100 18
10200 0
10300 13
10400 0
10500 34
10600 0
10700 2
10800 17
10900 287
11000 66
11100 99
11200 36
11300 123
11400 149
11500 14
11600 29
11700 4
11800 0
11900 1
12000 0
12100 115
12200 53
12300 43
12400 16
12500 0
12600 0
12700 0
12800 1
12900 4
13000 6
13100 14
13200 0
13300 0
13400 21
13500 16
13600 2
13700 4
13800 18
13900 10
14000 0
14100 39
14200 97
14300 30
14400 10
14500 1
14600 8
14700 0
14800 6
14900 120
15000 25
15100 15
15200 31
15300 0
15400 2
15500 86
15600 67
15700 1
15800 6
15900 11
16000 1
16100 2
16200 0
16300 37
16400 142
16500 23
16600 0
16700 42
16800 0
16900 22
17000 90
17100 154
17200 261
17300 197
17400 0
17500 82
17600 0
17700 0
17800 22
17900 38
18000 23
18100 69
18200 6
18300 12
18400 12
18500 15
18600 2
18700 96
18800 50
18900 1
19000 4
19100 1
19200 23
19300 0
19400 16
19500 85
19600 40
19700 149
19800 87
19900 39
20000 0
20100 15
20200 47
20300 57
20400 14
20500 9
20600 5
20700 3
20800 5
20900 3
21000 0
21100 0
21200 1
21300 0
21400 27
21500 51
21600 161
21700 0
21800 97
21900 352
22000 286
22100 318
22200 70
22300 197
22400 183
22500 212
22600 202
22700 128
22800 298
22900 37
23000 42
23100 85
23200 0
23300 0
23400 0
23500 9
23600 80
23700 176
23800 24
23900 35
24000 44
24100 35
24200 25
24300 49
24400 254
24500 90
24600 0
24700 10
24800 110
24900 160
25000 249
25100 236
25200 89
25300 78
25400 106
25500 2
25600 0
25700 0
25800 9
25900 42
26000 27
26100 2
26200 1
26300 14
26400 6
26500 20
26600 2
26700 0
26800 0
26900 0
27000 9
27100 167
27200 259
27300 72
27400 19
27500 0
27600 46
27700 0
27800 2
27900 10
28000 0
28100 63
28200 83
28300 10
28400 0
28500 27
28600 7
28700 5
28800 0
28900 66
29000 119
29100 185
29200 142
29300 76
29400 70
29500 0
29600 0
29700 0
29800 8
29900 149
30000 210
30100 209
30200 272
30300 160
30400 116
30500 36
30600 102
30700 98
30800 106
30900 51
31000 179
31100 22
31200 0
31300 59
31400 0
31500 19
31600 16
31700 0
31800 2
31900 0
32000 15
32100 0
32200 0
32300 0
32400 0
32500 0
32600 9
32700 26
32800 24
32900 124
33000 79
33100 5
33200 3
33300 19
33400 2
33500 3
33600 1
33700 10
33800 38
33900 29
34000 0
34100 0
34200 10
34300 176
34400 34
34500 9
34600 47
34700 0
34800 13
34900 14
35000 52
35100 2
35200 59
35300 20
35400 40
35500 69
35600 47
35700 17
35800 17
35900 2
36000 1
36100 43
36200 30
36300 65
36400 0
36500 6
36600 0
36700 1
36800 2
36900 0
37000 4
37100 13
37200 1
37300 21
37400 0
37500 0
37600 4
37700 0
37800 0
37900 4
38000 1
38100 25
38200 4
38300 3
38400 68
38500 44
38600 60
38700 8
38800 1
38900 117
39000 207
39100 97
39200 52
39300 96
39400 11
39500 51
39600 145
39700 28
39800 0
39900 9
40000 9
40100 1
40200 0
40300 37
40400 5
40500 76
40600 13
40700 0
40800 19
40900 0
41000 19
41100 7
41200 0
41300 13
41400 2
41500 19
41600 4
41700 37
41800 36
41900 37
42000 50
42100 8
42200 0
42300 1
42400 216
42500 119
42600 23
42700 17
42800 5
42900 2
43000 68
43100 6
43200 34
43300 64
43400 164
43500 140
43600 43
43700 28
43800 117
43900 120
44000 159
44100 140
44200 67
44300 108
44400 37
44500 3
44600 17
44700 0
44800 20
44900 0
45000 0
45100 23
45200 130
45300 364
45400 161
45500 195
45600 108
45700 23
45800 290
45900 195
46000 300
46100 55
46200 53
46300 63
46400 3
46500 72
46600 2
46700 22
46800 0
46900 2
47000 13
47100 12
47200 4
47300 15
47400 21
47500 39
47600 3
47700 12
47800 0
47900 18
48000 91
48100 48
48200 98
48300 0
48400 81
48500 67
48600 30
48700 10
48800 13
48900 2
49000 6
49100 4
49200 12
49300 31
49400 9
49500 13
49600 65
49700 0
49800 1
49900 1
50000 0
50100 7
50200 17
50300 107
50400 132
50500 413
50600 143
50700 149
50800 129
50900 193
51000 163
51100 53
51200 110
51300 29
51400 1
51500 1
51600 3
51700 87
51800 99
51900 526
52000 420
52100 279
52200 332
52300 168
52400 38
52500 51
52600 1
52700 9
52800 27
52900 26
53000 5
53100 110
53200 63
53300 13
53400 1
53500 28
53600 122
53700 370
53800 233
53900 99
54000 54
54100 3
54200 5
54300 9
54400 44
54500 145
54600 56
54700 62
54800 93
54900 8
55000 1
55100 6
55200 16
55300 11
55400 4
55500 1
55600 52
55700 12
55800 5
55900 4
56000 4
56100 1
56200 3
56300 3
56400 3
56500 1
56600 9
56700 11
56800 22
56900 7
57000 27
57100 11
57200 109
57300 23
57400 2
57500 23
57600 74
57700 43
57800 1
57900 0
58000 3
58100 0
58200 12
58300 18
58400 1
58500 0
58600 22
58700 57
58800 96
58900 52
59000 0
59100 2
59200 22
59300 47
59400 0
59500 12
59600 73
59700 18
59800 6
59900 11
60000 12
60100 0
60200 8
60300 0
60400 0
60500 1
60600 81
60700 12
60800 23
60900 58
61000 0
61100 15
61200 63
61300 130
61400 213
61500 127
61600 2
61700 0
61800 2
61900 5
62000 1
62100 3
62200 0
62300 11
62400 3
62500 6
62600 56
62700 81
62800 83
62900 6
63000 10
63100 21
63200 41
63300 182
63400 93
63500 27
63600 116
63700 79
63800 70
63900 27
64000 170
64100 130
64200 84
64300 333
64400 214
64500 160
64600 83
64700 189
64800 332
64900 316
65000 240
65100 5
65200 14
65300 11
65400 39
65500 16
65600 106
65700 33
65800 18
65900 171
66000 135
66100 32
66200 23
66300 16
66400 15
66500 8
66600 143
66700 268
66800 192
66900 24
67000 12
67100 0
67200 9
67300 96
67400 78
67500 44
67600 0
67700 31
67800 22
67900 28
68000 0
68100 7
68200 0
68300 36
68400 5
68500 0
68600 18
68700 10
68800 0
68900 1
69000 3
69100 0
69200 25
69300 4
69400 0
69500 1
69600 5
69700 58
69800 79
69900 81
70000 73
70100 1
70200 51
70300 100
70400 80
70500 63
70600 116
70700 129
70800 73
70900 162
71000 34
71100 95
71200 38
71300 5
71400 4
71500 0
71600 37
71700 32
71800 78
71900 85
72000 64
72100 4
72200 1
72300 4
72400 1
72500 10
72600 9
72700 15
72800 101
72900 183
73000 94
73100 233
73200 126
73300 31
73400 27
73500 7
73600 0
73700 1
73800 3
73900 11
74000 34
74100 4
74200 5
74300 4
74400 12
74500 43
74600 11
74700 150
74800 125
74900 66
75000 142
75100 100
75200 81
75300 186
75400 465
75500 566
75600 518
75700 469
75800 426
75900 213
76000 392
76100 220
76200 89
76300 31
76400 36
76500 2
76600 22
76700 4
76800 0
76900 5
77000 41
77100 90
77200 14
77300 5
77400 1
77500 1
77600 0
77700 2
77800 1
77900 0
78000 4
78100 12
78200 11
78300 85
78400 37
78500 63
78600 206
78700 100
78800 8
78900 1
79000 15
79100 56
79200 58
79300 20
79400 47
79500 39
79600 32
79700 2
79800 0
79900 87
80000 22
80100 47
80200 1
80300 0
80400 0
80500 0
80600 6
80700 1
80800 14
80900 0
81000 1
81100 3
81200 0
81300 2
81400 27
81500 71
81600 44
81700 6
81800 72
81900 12
82000 8
82100 22
82200 0
82300 3
82400 35
82500 41
82600 0
82700 4
82800 24
82900 17
83000 40
83100 1
83200 3
83300 1
83400 6
83500 10
83600 8
83700 132
83800 246
83900 46
84000 68
84100 42
84200 0
84300 4
84400 0
84500 0
84600 75
84700 37
84800 26
84900 7
85000 19
85100 23
85200 75
85300 169
85400 37
85500 58
85600 144
85700 195
85800 136
85900 95
86000 270
86100 172
86200 107
86300 244
86400 35
86500 10
86600 0
86700 4
86800 0
86900 2
87000 32
87100 68
87200 30
87300 215
87400 172
87500 168
87600 3
87700 18
87800 78
87900 29
88000 6
88100 1
88200 26
88300 5
88400 0
88500 35
88600 0
88700 0
88800 0
88900 0
89000 2
89100 2
89200 35
89300 52
89400 43
89500 179
89600 250
89700 12
89800 0
89900 11
90000 59
90100 24
90200 32
90300 2
90400 4
90500 33
90600 24
90700 11
90800 10
90900 3
91000 27
91100 12
91200 0
91300 8
91400 15
91500 24
91600 48
91700 11
91800 0
91900 6
92000 34
92100 23
92200 95
92300 13
92400 7
92500 7
92600 23
92700 0
92800 66
92900 1
93000 0
93100 0
93200 99
93300 0
93400 0
93500 5
93600 7
93700 3
93800 0
93900 12
94000 16
94100 32
94200 5
94300 16
94400 71
94500 0
94600 0
94700 10
94800 11
94900 54
95000 71
95100 167
95200 2
95300 8
95400 61
95500 141
95600 254
95700 204
95800 45
95900 126
96000 52
96100 68
96200 112
96300 32
96400 0
96500 12
96600 3
96700 0
96800 9
96900 4
97000 8
97100 0
97200 33
97300 16
97400 170
97500 126
97600 44
97700 12
97800 3
97900 17
98000 13
98100 24
98200 67
98300 101
98400 1
98500 3
98600 33
98700 2
98800 71
98900 99
99000 50
99100 8
99200 7
99300 0
99400 2
99500 2
99600 4
99700 31
99800 23
99900 1
100000 22
