100 18
200 11
300 3
400 77
500 202
600 150
700 92
800 48
900 64
1000 69
1100 44
1200 33
1300 171
1400 16
1500 1
1600 13
1700 10
1800 3
1900 1
2000 26
2100 4
2200 1
2300 0
2400 93
2500 259
2600 126
2700 84
2800 79
2900 21
3000 39
3100 0
3200 12
3300 11
3400 102
3500 3
3600 1
3700 33
3800 89
3900 57
4000 10
4100 10
4200 98
4300 199
4400 183
4500 437
4600 195
4700 165
4800 323
4900 221
5000 217
5100 95
5200 101
5300 27
5400 20
5500 91
5600 57
5700 65
5800 0
5900 0
6000 0
6100 0
6200 4
6300 35
6400 326
6500 233
6600 142
6700 145
6800 397
6900 246
7000 101
7100 160
7200 118
7300 0
7400 43
7500 10
7600 26
7700 21
7800 39
7900 30
8000 0
8100 2
8200 16
8300 54
8400 4
8500 27
8600 73
8700 120
8800 54
8900 19
9000 15
9100 1
9200 1
9300 10
9400 34
9500 5
9600 17
9700 55
9800 0
9900 0
10000 18
10100 11
10200 0
10300 20
10400 5
10500 44
10600 1
10700 25
10800 59
10900 50
11000 123
11100 94
11200 29
11300 3
11400 63
11500 28
11600 12
11700 16
11800 40
11900 83
12000 164
12100 43
12200 49
12300 181
12400 351
12500 445
12600 434
12700 203
12800 475
12900 399
13000 146
13100 33
13200 3
13300 2
13400 8
13500 16
13600 54
13700 15
13800 60
13900 99
14000 49
14100 57
14200 111
14300 439
14400 660
14500 822
14600 1416
14700 1560
14800 1192
14900 854
15000 791
15100 556
15200 796
15300 1001
15400 745
15500 940
15600 384
15700 504
15800 247
15900 229
16000 129
16100 131
16200 30
16300 2
16400 9
16500 0
16600 0
16700 0
16800 0
16900 50
17000 1
17100 1
17200 13
17300 23
17400 67
17500 214
17600 521
17700 697
17800 783
17900 1098
18000 839
18100 1454
18200 1762
18300 1491
18400 1853
18500 1717
18600 2049
18700 2644
18800 1849
18900 1182
19000 680
19100 968
19200 936
19300 800
19400 632
19500 362
19600 234
19700 327
19800 250
19900 2
20000 175
20100 112
20200 133
20300 244
20400 301
20500 495
20600 345
20700 361
20800 624
20900 807
21000 624
21100 304
21200 365
21300 473
21400 394
21500 411
21600 265
21700 493
21800 72
21900 91
22000 50
22100 179
22200 144
22300 57
22400 34
22500 150
22600 119
22700 56
22800 221
22900 185
23000 79
23100 321
23200 266
23300 482
23400 907
23500 1221
23600 1475
23700 1742
23800 1958
23900 2609
24000 2912
24100 2215
24200 2249
24300 2173
24400 1525
24500 1087
24600 1168
24700 813
24800 765
24900 616
25000 831
25100 1187
25200 910
25300 979
25400 964
25500 1299
25600 1360
25700 1260
25800 799
25900 1230
26000 986
26100 1332
26200 1256
26300 994
26400 569
26500 1610
26600 1475
26700 2111
26800 3118
26900 2673
27000 2414
27100 2737
27200 3271
27300 2838
27400 2654
27500 2912
27600 2365
27700 2177
27800 2238
27900 1586
28000 1337
28100 1567
28200 1623
28300 2474
28400 3027
28500 2479
28600 2575
28700 2724
28800 2871
28900 2546
29000 3051
29100 2788
29200 2536
29300 3290
29400 3613
29500 3744
29600 3205
29700 2863
29800 3138
29900 3316
30000 3738
30100 3717
30200 3912
30300 3827
30400 3741
30500 4002
30600 3422
30700 2967
30800 3525
30900 3273
31000 3639
31100 3010
31200 3561
31300 3529
31400 3454
31500 3571
31600 3508
31700 4965
31800 4431
31900 4468
32000 3614
32100 3579
32200 3645
32300 3651
32400 3800
32500 4262
32600 3867
32700 4043
32800 4169
32900 3867
33000 3285
33100 3452
33200 3017
33300 3185
33400 2934
33500 2351
33600 1345
33700 1067
33800 1446
33900 1464
34000 741
34100 775
34200 732
34300 665
34400 286
34500 629
34600 739
34700 639
34800 637
34900 298
35000 431
35100 564
35200 493
35300 378
35400 449
35500 148
35600 63
35700 78
35800 291
35900 505
36000 711
36100 723
36200 635
36300 1202
36400 1319
36500 1511
36600 1187
36700 613
36800 587
36900 421
37000 502
37100 720
37200 926
37300 684
37400 1103
37500 1188
37600 1585
37700 1819
37800 2411
37900 1331
38000 1438
38100 1906
38200 1883
38300 1396
38400 1643
38500 976
38600 820
38700 1254
38800 1093
38900 854
39000 822
39100 743
39200 363
39300 492
39400 746
39500 955
39600 1126
39700 825
39800 864
39900 639
40000 626
40100 924
40200 964
40300 713
40400 1022
40500 765
40600 884
40700 1034
40800 804
40900 489
41000 292
41100 431
41200 246
41300 513
41400 619
41500 889
41600 939
41700 992
41800 846
41900 945
42000 1165
42100 836
42200 1041
42300 1136
42400 1339
42500 1423
42600 1700
42700 1494
42800 1100
42900 1333
43000 1134
43100 815
43200 1167
43300 1091
43400 517
43500 705
43600 556
43700 447
43800 550
43900 208
44000 236
44100 358
44200 145
44300 258
44400 115
44500 107
44600 143
44700 252
44800 140
44900 5
45000 27
45100 4
45200 0
45300 0
45400 58
45500 10
45600 43
45700 31
45800 0
45900 5
46000 21
46100 74
46200 0
46300 14
46400 31
46500 6
46600 9
46700 34
46800 30
46900 31
47000 4
47100 75
47200 48
47300 37
47400 2
47500 30
47600 75
47700 29
47800 69
47900 207
48000 193
48100 311
48200 567
48300 522
48400 307
48500 323
48600 337
48700 118
48800 292
48900 635
49000 568
49100 433
49200 564
49300 388
49400 158
49500 11
49600 3
49700 40
49800 0
49900 0
50000 34
50100 0
50200 119
50300 65
50400 49
50500 130
50600 376
50700 526
50800 468
50900 457
51000 274
51100 133
51200 151
51300 205
51400 112
51500 131
51600 265
51700 217
51800 186
51900 80
52000 177
52100 13
52200 0
52300 72
52400 25
52500 4
52600 0
52700 2
52800 28
52900 20
53000 6
53100 3
53200 59
53300 27
53400 15
53500 28
53600 8
53700 50
53800 34
53900 62
54000 188
54100 42
54200 129
54300 66
54400 13
54500 29
54600 23
54700 32
54800 11
54900 0
55000 2
55100 93
55200 101
55300 221
55400 217
55500 212
55600 265
55700 76
55800 43
55900 32
56000 10
56100 1
56200 0
56300 2
56400 0
56500 2
56600 4
56700 51
56800 126
56900 206
57000 207
57100 212
57200 185
57300 338
57400 390
57500 425
57600 240
57700 313
57800 208
57900 9
58000 2
58100 44
58200 27
58300 0
58400 9
58500 12
58600 68
58700 0
58800 10
58900 232
59000 254
59100 247
59200 511
59300 1027
59400 906
59500 839
59600 774
59700 1132
59800 1689
59900 2104
60000 2355
60100 2595
60200 2545
60300 2836
60400 2846
60500 2534
60600 2715
60700 2391
60800 1745
60900 1338
61000 1140
61100 722
61200 1122
61300 1325
61400 1123
61500 1325
61600 1274
61700 1733
61800 1691
61900 1781
62000 1747
62100 1781
62200 1940
62300 1652
62400 1169
62500 1249
62600 954
62700 796
62800 921
62900 663
63000 834
63100 1064
63200 1746
63300 1913
63400 2711
63500 2400
63600 2702
63700 2024
63800 2575
63900 2228
64000 1921
64100 1820
64200 1068
64300 665
64400 1121
64500 625
64600 879
64700 874
64800 1059
64900 1223
65000 1341
65100 1621
65200 1288
65300 958
65400 786
65500 835
65600 1466
65700 1299
65800 1586
65900 1682
66000 1221
66100 796
66200 986
66300 1332
66400 1093
66500 1441
66600 918
66700 1023
66800 585
66900 429
67000 1123
67100 710
67200 380
67300 351
67400 207
67500 610
67600 494
67700 233
67800 143
67900 34
68000 8
68100 5
68200 0
68300 1
68400 6
68500 5
68600 5
68700 35
68800 192
68900 184
69000 376
69100 306
69200 636
69300 492
69400 335
69500 412
69600 930
69700 630
69800 580
69900 455
70000 507
70100 358
70200 654
70300 588
70400 283
70500 359
70600 11
70700 1
70800 59
70900 35
71000 103
71100 63
71200 47
71300 121
71400 58
71500 70
71600 0
71700 0
71800 1
71900 0
72000 19
72100 18
72200 45
72300 2
72400 16
72500 29
72600 0
72700 14
72800 0
72900 0
73000 20
73100 0
73200 6
73300 2
73400 1
73500 0
73600 2
73700 7
73800 3
73900 60
74000 271
74100 325
74200 699
74300 634
74400 373
74500 277
74600 167
74700 160
74800 324
74900 183
75000 342
75100 644
75200 621
75300 807
75400 753
75500 583
75600 907
75700 504
75800 222
75900 298
76000 137
76100 114
76200 26
76300 30
76400 27
76500 4
76600 4
76700 0
76800 19
76900 1
77000 73
77100 6
77200 15
77300 53
77400 173
77500 369
77600 263
77700 346
77800 287
77900 426
78000 810
78100 1364
78200 1629
78300 1718
78400 1822
78500 1971
78600 1929
78700 2164
78800 2761
78900 2979
79000 2546
79100 1840
79200 1945
79300 2000
79400 2215
79500 2325
79600 3555
79700 3636
79800 3641
79900 3767
80000 3627
80100 4275
80200 3317
80300 2842
80400 3007
80500 2057
80600 2374
80700 1739
80800 1727
80900 2051
81000 3030
81100 3503
81200 3210
81300 3235
81400 2562
81500 2668
81600 2733
81700 3356
81800 3029
81900 2087
82000 2158
82100 2205
82200 2052
82300 1133
82400 1023
82500 1100
82600 603
82700 506
82800 487
82900 432
83000 577
83100 470
83200 903
83300 846
83400 330
83500 460
83600 417
83700 345
83800 39
83900 13
84000 56
84100 5
84200 0
84300 3
84400 43
84500 35
84600 68
84700 148
84800 151
84900 478
85000 353
85100 326
85200 100
85300 105
85400 146
85500 2
85600 19
85700 3
85800 0
85900 2
86000 1
86100 19
86200 0
86300 5
86400 20
86500 93
86600 3
86700 1
86800 1
86900 0
87000 0
87100 6
87200 0
87300 0
87400 0
87500 0
87600 3
87700 58
87800 80
87900 230
88000 150
88100 92
88200 39
88300 8
88400 86
88500 228
88600 832
88700 933
88800 1513
88900 1620
89000 1518
89100 1042
89200 607
89300 639
89400 394
89500 610
89600 432
89700 421
89800 233
89900 54
90000 84
90100 12
90200 21
90300 0
90400 19
90500 14
90600 8
90700 9
90800 26
90900 1
91000 86
91100 22
91200 0
91300 47
91400 7
91500 11
91600 0
91700 17
91800 24
91900 3
92000 0
92100 95
92200 41
92300 9
92400 28
92500 1
92600 11
92700 32
92800 15
92900 34
93000 63
93100 122
93200 339
93300 564
93400 398
93500 493
93600 124
93700 48
93800 17
93900 96
94000 199
94100 302
94200 380
94300 155
94400 72
94500 195
94600 145
94700 37
94800 83
94900 0
95000 17
95100 24
95200 154
95300 285
95400 684
95500 607
95600 506
95700 693
95800 780
95900 904
96000 750
96100 670
96200 477
96300 726
96400 475
96500 467
96600 365
96700 539
96800 515
96900 396
97000 452
97100 268
97200 173
97300 177
97400 114
97500 135
97600 83
97700 185
97800 75
97900 15
98000 4
98100 2
98200 116
98300 291
98400 140
98500 19
98600 30
98700 1
98800 4
98900 125
99000 7
99100 141
99200 108
99300 171
99400 428
99500 271
99600 213
99700 100
99800 57
99900 97
100000 139
