100 20
200 0
300 0
400 18
500 23
600 0
700 20
800 98
900 10
1000 0
1100 0
1200 0
1300 3
1400 12
1500 0
1600 64
1700 1
1800 0
1900 5
2000 0
2100 5
2200 50
2300 10
2400 1
2500 16
2600 36
2700 53
2800 122
2900 28
3000 92
3100 87
3200 219
3300 620
3400 679
3500 689
3600 469
3700 570
3800 582
3900 720
4000 1691
4100 1574
4200 1627
4300 1238
4400 1050
4500 358
4600 299
4700 343
4800 306
4900 342
5000 252
5100 71
5200 262
5300 342
5400 285
5500 282
5600 351
5700 498
5800 859
5900 690
6000 708
6100 585
6200 861
6300 485
6400 408
6500 341
6600 269
6700 377
6800 189
6900 298
7000 705
7100 463
7200 710
7300 650
7400 1021
7500 1212
7600 1654
7700 1308
7800 1274
7900 838
8000 617
8100 396
8200 506
8300 938
8400 1034
8500 706
8600 1072
8700 1101
8800 989
8900 1043
9000 872
9100 945
9200 1127
9300 983
9400 1207
9500 1278
9600 925
9700 595
9800 599
9900 1158
10000 795
10100 584
10200 1159
10300 1105
10400 1235
10500 1155
10600 969
10700 782
10800 822
10900 601
11000 366
11100 465
11200 316
11300 174
11400 116
11500 199
11600 112
11700 338
11800 318
11900 117
12000 155
12100 183
12200 423
12300 440
12400 348
12500 650
12600 511
12700 77
12800 156
12900 350
13000 428
13100 338
13200 337
13300 236
13400 408
13500 731
13600 863
13700 1524
13800 1754
13900 1971
14000 1904
14100 2046
14200 1546
14300 1761
14400 1648
14500 1513
14600 1557
14700 1961
14800 2616
14900 3726
15000 4186
15100 4564
15200 3853
15300 3431
15400 4203
15500 4621
15600 3331
15700 3649
15800 3348
15900 2905
16000 3903
16100 4364
16200 4426
16300 3927
16400 4522
16500 4881
16600 4406
16700 4460
16800 4634
16900 4846
17000 3712
17100 4107
17200 4546
17300 4862
17400 4906
17500 4613
17600 5300
17700 5783
17800 6057
17900 5940
18000 5519
18100 6028
18200 6529
18300 5918
18400 5445
18500 6282
18600 5479
18700 4866
18800 5181
18900 6152
19000 6407
19100 5868
19200 5927
19300 5375
19400 5753
19500 6972
19600 7502
19700 6898
19800 7504
19900 7597
20000 6366
20100 6461
20200 5223
20300 5920
20400 5585
20500 5009
20600 4830
20700 5112
20800 4557
20900 5891
21000 5541
21100 4918
21200 5122
21300 5853
21400 7439
21500 4730
21600 5381
21700 5674
21800 5030
21900 4872
22000 5779
22100 7464
22200 6566
22300 6905
22400 6184
22500 6221
22600 6238
22700 5921
22800 5896
22900 6435
23000 5563
23100 5114
23200 5715
23300 5319
23400 5621
23500 4773
23600 5149
23700 5218
23800 4627
23900 4340
24000 4744
24100 4562
24200 3795
24300 2482
24400 1488
24500 1282
24600 1400
24700 1303
24800 1483
24900 1374
25000 911
25100 1063
25200 865
25300 848
25400 752
25500 1032
25600 1049
25700 807
25800 803
25900 944
26000 866
26100 607
26200 461
26300 610
26400 654
26500 411
26600 253
26700 145
26800 116
26900 173
27000 76
27100 104
27200 161
27300 198
27400 526
27500 446
27600 648
27700 808
27800 592
27900 1148
28000 1267
28100 802
28200 824
28300 649
28400 643
28500 398
28600 385
28700 457
28800 459
28900 543
29000 973
29100 1312
29200 905
29300 854
29400 1153
29500 876
29600 886
29700 834
29800 1030
29900 889
30000 852
30100 953
30200 776
30300 1389
30400 988
30500 879
30600 938
30700 656
30800 430
30900 312
31000 498
31100 150
31200 16
31300 27
31400 7
31500 87
31600 98
31700 101
31800 90
31900 55
32000 9
32100 114
32200 230
32300 146
32400 423
32500 506
32600 700
32700 890
32800 736
32900 765
33000 1266
33100 1319
33200 1546
33300 952
33400 818
33500 758
33600 434
33700 396
33800 187
33900 786
34000 1141
34100 1066
34200 1149
34300 1157
34400 1181
34500 1110
34600 919
34700 980
34800 770
34900 513
35000 334
35100 145
35200 424
35300 120
35400 3
35500 2
35600 41
35700 2
35800 0
35900 0
36000 1
36100 4
36200 60
36300 0
36400 2
36500 7
36600 20
36700 326
36800 258
36900 129
37000 263
37100 465
37200 619
37300 296
37400 196
37500 290
37600 470
37700 311
37800 467
37900 636
38000 539
38100 425
38200 602
38300 781
38400 488
38500 581
38600 242
38700 335
38800 394
38900 294
39000 176
39100 87
39200 68
39300 55
39400 38
39500 0
39600 1
39700 11
39800 0
39900 34
40000 92
40100 19
40200 0
40300 4
40400 7
40500 9
40600 15
40700 1
40800 11
40900 0
41000 1
41100 81
41200 44
41300 7
41400 3
41500 41
41600 219
41700 77
41800 28
41900 33
42000 2
42100 0
42200 3
42300 0
42400 0
42500 4
42600 15
42700 14
42800 128
42900 154
43000 74
43100 4
43200 61
43300 8
43400 73
43500 29
43600 3
43700 23
43800 19
43900 16
44000 2
44100 3
44200 20
44300 5
44400 3
44500 0
44600 1
44700 5
44800 1
44900 0
45000 51
45100 68
45200 126
45300 149
45400 140
45500 183
45600 202
45700 134
45800 213
45900 116
46000 267
46100 279
46200 376
46300 360
46400 245
46500 382
46600 978
46700 677
46800 1131
46900 980
47000 1167
47100 1840
47200 2005
47300 2166
47400 2270
47500 2583
47600 2678
47700 2565
47800 2068
47900 1674
48000 2066
48100 1648
48200 923
48300 574
48400 920
48500 603
48600 808
48700 753
48800 1032
48900 923
49000 1272
49100 1127
49200 1604
49300 1794
49400 1729
49500 1018
49600 1157
49700 1065
49800 972
49900 893
50000 1262
50100 1274
50200 1385
50300 1346
50400 1266
50500 1151
50600 836
50700 370
50800 359
50900 561
51000 462
51100 295
51200 438
51300 462
51400 630
51500 1203
51600 1257
51700 929
51800 752
51900 327
52000 169
52100 194
52200 269
52300 362
52400 466
52500 318
52600 168
52700 287
52800 301
52900 127
53000 83
53100 1
53200 0
53300 1
53400 18
53500 16
53600 51
53700 25
53800 4
53900 8
54000 1
54100 0
54200 15
54300 76
54400 1
54500 2
54600 29
54700 76
54800 61
54900 32
55000 0
55100 9
55200 5
55300 3
55400 119
55500 347
55600 89
55700 173
55800 244
55900 244
56000 325
56100 375
56200 607
56300 713
56400 772
56500 936
56600 714
56700 694
56800 463
56900 706
57000 623
57100 437
57200 381
57300 428
57400 317
57500 159
57600 27
57700 163
57800 438
57900 469
58000 477
58100 320
58200 298
58300 194
58400 389
58500 456
58600 1015
58700 1119
58800 1349
58900 1745
59000 1770
59100 1589
59200 1662
59300 2484
59400 1994
59500 1527
59600 1700
59700 1720
59800 1177
59900 1018
60000 667
60100 1390
60200 2204
60300 2473
60400 1885
60500 1712
60600 1314
60700 1752
60800 1555
60900 1577
61000 1763
61100 1815
61200 1121
61300 1829
61400 1545
61500 1449
61600 1550
61700 1905
61800 2186
61900 1929
62000 1479
62100 1565
62200 1794
62300 1620
62400 1768
62500 1565
62600 1401
62700 1575
62800 1334
62900 1825
63000 1223
63100 1431
63200 1110
63300 1102
63400 1067
63500 1098
63600 1079
63700 1078
63800 664
63900 359
64000 310
64100 489
64200 201
64300 113
64400 165
64500 397
64600 644
64700 424
64800 566
64900 541
65000 568
65100 209
65200 32
65300 0
65400 21
65500 71
65600 20
65700 53
65800 27
65900 165
66000 167
66100 87
66200 79
66300 144
66400 228
66500 82
66600 68
66700 94
66800 282
66900 140
67000 311
67100 373
67200 244
67300 314
67400 448
67500 578
67600 491
67700 549
67800 458
67900 526
68000 357
68100 317
68200 349
68300 114
68400 66
68500 55
68600 143
68700 57
68800 388
68900 297
69000 151
69100 82
69200 82
69300 3
69400 40
69500 53
69600 94
69700 41
69800 9
69900 9
70000 17
70100 1
70200 2
70300 1
70400 31
70500 47
70600 256
70700 213
70800 171
70900 193
71000 199
71100 231
71200 137
71300 60
71400 19
71500 17
71600 67
71700 19
71800 83
71900 58
72000 48
72100 67
72200 58
72300 154
72400 148
72500 164
72600 346
72700 162
72800 181
72900 368
73000 577
73100 677
73200 1250
73300 1331
73400 1675
73500 1359
73600 1204
73700 851
73800 964
73900 727
74000 704
74100 576
74200 462
74300 389
74400 449
74500 502
74600 379
74700 414
74800 800
74900 1134
75000 416
75100 630
75200 237
75300 234
75400 87
75500 72
75600 16
75700 118
75800 167
75900 118
76000 467
76100 769
76200 864
76300 520
76400 238
76500 256
76600 175
76700 238
76800 91
76900 122
77000 32
77100 11
77200 9
77300 209
77400 167
77500 426
77600 641
77700 840
77800 518
77900 536
78000 273
78100 124
78200 206
78300 390
78400 25
78500 2
78600 6
78700 4
78800 39
78900 47
79000 39
79100 131
79200 278
79300 426
79400 312
79500 423
79600 531
79700 1040
79800 1191
79900 873
80000 839
80100 797
80200 372
80300 101
80400 163
80500 67
80600 18
80700 2
80800 20
80900 11
81000 3
81100 0
81200 5
81300 49
81400 0
81500 0
81600 63
81700 1
81800 8
81900 41
82000 70
82100 149
82200 239
82300 659
82400 445
82500 882
82600 1401
82700 945
82800 943
82900 1686
83000 1387
83100 1688
83200 1839
83300 1768
83400 1690
83500 2486
83600 2066
83700 2235
83800 2177
83900 2485
84000 1765
84100 1621
84200 1638
84300 1984
84400 2236
84500 1829
84600 1162
84700 1179
84800 989
84900 715
85000 724
85100 980
85200 1537
85300 1230
85400 1050
85500 1172
85600 1101
85700 1118
85800 643
85900 691
86000 852
86100 1016
86200 703
86300 1041
86400 1160
86500 849
86600 724
86700 828
86800 566
86900 937
87000 728
87100 1176
87200 1135
87300 511
87400 150
87500 393
87600 536
87700 574
87800 1318
87900 1344
88000 1879
88100 1964
88200 1188
88300 758
88400 821
88500 707
88600 763
88700 802
88800 1142
88900 1058
89000 1497
89100 1491
89200 1148
89300 951
89400 1534
89500 1986
89600 2192
89700 2425
89800 1934
89900 2188
90000 1287
90100 1049
90200 1555
90300 1499
90400 1392
90500 1907
90600 1786
90700 1761
90800 1464
90900 1429
91000 1302
91100 1313
91200 1816
91300 1447
91400 888
91500 873
91600 1134
91700 632
91800 486
91900 205
92000 265
92100 692
92200 594
92300 749
92400 411
92500 428
92600 293
92700 711
92800 627
92900 1984
93000 1855
93100 1823
93200 1425
93300 1693
93400 1774
93500 1440
93600 1858
93700 2281
93800 2052
93900 1575
94000 1225
94100 1678
94200 1227
94300 1433
94400 1693
94500 885
94600 1158
94700 1517
94800 1476
94900 1663
95000 1972
95100 2159
95200 1352
95300 939
95400 343
95500 259
95600 101
95700 143
95800 39
95900 67
96000 11
96100 30
96200 60
96300 22
96400 1
96500 34
96600 60
96700 85
96800 107
96900 1
97000 30
97100 1
97200 17
97300 28
97400 0
97500 0
97600 0
97700 26
97800 229
97900 100
98000 77
98100 71
98200 37
98300 6
98400 66
98500 71
98600 145
98700 175
98800 61
98900 109
99000 15
99100 1
99200 48
99300 47
99400 68
99500 211
99600 490
99700 208
99800 579
99900 718
100000 806
