100 26
200 3
300 0
400 0
500 48
600 16
700 0
800 21
900 3
1000 0
1100 1
1200 1
1300 22
1400 6
1500 39
1600 153
1700 128
1800 371
1900 408
2000 610
2100 500
2200 753
2300 685
2400 553
2500 955
2600 1277
2700 2330
2800 2667
2900 1841
3000 1381
3100 1874
3200 2110
3300 1990
3400 2844
3500 1931
3600 2794
3700 2599
3800 3309
3900 2764
4000 3079
4100 3351
4200 3890
4300 3625
4400 2588
4500 2879
4600 3433
4700 3957
4800 3203
4900 3250
5000 3203
5100 3192
5200 2743
5300 1727
5400 1403
5500 672
5600 529
5700 104
5800 218
5900 142
6000 39
6100 34
6200 7
6300 13
6400 24
6500 10
6600 20
6700 33
6800 3
6900 87
7000 117
7100 52
7200 113
7300 0
7400 101
7500 158
7600 256
7700 285
7800 435
7900 351
8000 305
8100 428
8200 159
8300 137
8400 209
8500 120
8600 243
8700 23
8800 159
8900 241
9000 380
9100 361
9200 88
9300 45
9400 107
9500 73
9600 84
9700 89
9800 6
9900 5
10000 0
10100 2
10200 89
10300 2
10400 13
10500 57
10600 77
10700 3
10800 0
10900 56
11000 227
11100 381
11200 367
11300 199
11400 503
11500 515
11600 361
11700 187
11800 145
11900 168
12000 68
12100 102
12200 36
12300 98
12400 303
12500 523
12600 386
12700 268
12800 614
12900 727
13000 463
13100 67
13200 22
13300 85
13400 2
13500 54
13600 22
13700 24
13800 6
13900 10
14000 11
14100 26
14200 11
14300 20
14400 9
14500 37
14600 4
14700 62
14800 345
14900 95
15000 310
15100 397
15200 738
15300 586
15400 86
15500 79
15600 94
15700 24
15800 141
15900 100
16000 78
16100 417
16200 475
16300 810
16400 576
16500 569
16600 542
16700 461
16800 464
16900 419
17000 570
17100 827
17200 853
17300 1582
17400 1737
17500 2236
17600 2243
17700 2586
17800 2729
17900 2622
18000 2787
18100 3645
18200 4039
18300 3359
18400 3071
18500 3493
18600 4278
18700 4465
18800 3604
18900 3182
19000 2535
19100 2416
19200 3677
19300 3256
19400 3581
19500 3478
19600 3664
19700 3875
19800 4078
19900 2646
20000 2713
20100 3756
20200 3381
20300 3576
20400 3451
20500 3727
20600 3633
20700 4328
20800 4645
20900 4264
21000 3892
21100 5774
21200 5805
21300 5627
21400 6482
21500 6641
21600 6742
21700 6828
21800 6960
21900 5974
22000 6291
22100 6618
22200 5989
22300 6967
22400 6905
22500 6645
22600 5527
22700 5067
22800 5081
22900 4852
23000 5344
23100 5324
23200 5603
23300 4974
23400 6229
23500 5366
23600 6083
23700 5663
23800 7188
23900 7954
24000 7345
24100 7359
24200 7305
24300 7994
24400 7342
24500 7511
24600 8621
24700 8378
24800 8137
24900 7793
25000 7666
25100 7090
25200 6579
25300 6658
25400 6810
25500 7128
25600 7816
25700 226
25800 646
25900 704
26000 947
26100 8734
26200 8793
26300 8374
26400 9199
26500 9843
26600 337
26700 942
26800 322
26900 1132
27000 1090
27100 1225
27200 2750
27300 2771
27400 2691
27500 1725
27600 1378
27700 320
27800 281
27900 152
28000 9360
28100 8026
28200 8906
28300 8971
28400 9515
28500 9046
28600 8884
28700 9379
28800 9327
28900 7662
29000 7841
29100 7643
29200 7608
29300 8199
29400 7929
29500 6791
29600 6656
29700 6059
29800 5193
29900 5737
30000 6131
30100 5529
30200 5317
30300 4545
30400 4725
30500 4515
30600 5467
30700 5034
30800 4989
30900 4446
31000 5179
31100 4887
31200 6281
31300 7641
31400 6963
31500 8370
31600 8188
31700 7636
31800 6782
31900 7838
32000 8509
32100 9472
32200 8149
32300 7728
32400 7988
32500 9675
32600 9720
32700 8446
32800 8029
32900 7236
33000 7236
33100 7865
33200 7077
33300 8623
33400 7323
33500 6635
33600 6220
33700 6688
33800 5995
33900 4316
34000 4373
34100 3276
34200 1958
34300 2384
34400 1688
34500 1466
34600 820
34700 852
34800 693
34900 1465
35000 2046
35100 2955
35200 3869
35300 4289
35400 5532
35500 5941
35600 5853
35700 7108
35800 7469
35900 7010
36000 6593
36100 6881
36200 7414
36300 7713
36400 8069
36500 9660
36600 9429
36700 8786
36800 8548
36900 8203
37000 7568
37100 7720
37200 7838
37300 8071
37400 8315
37500 9924
37600 391
37700 9969
37800 5
37900 843
38000 936
38100 967
38200 297
38300 9718
38400 9498
38500 117
38600 9601
38700 8330
38800 7418
38900 8280
39000 8198
39100 7136
39200 6210
39300 7478
39400 7930
39500 8566
39600 135
39700 89
39800 873
39900 9054
40000 9527
40100 19
40200 8645
40300 8521
40400 7962
40500 8066
40600 8022
40700 7032
40800 7871
40900 6975
41000 7374
41100 8309
41200 8196
41300 7751
41400 8252
41500 7962
41600 9992
41700 9973
41800 1355
41900 805
42000 728
42100 1874
42200 3322
42300 2345
42400 3822
42500 3873
42600 4266
42700 4533
42800 3998
42900 3526
43000 3092
43100 3093
43200 3135
43300 2041
43400 1781
43500 2197
43600 1445
43700 1601
43800 2368
43900 1983
44000 1464
44100 624
44200 831
44300 1104
44400 191
44500 9747
44600 9761
44700 194
44800 531
44900 9107
45000 8110
45100 9293
45200 8681
45300 8136
45400 9518
45500 8388
45600 8961
45700 9167
45800 830
45900 21
46000 351
46100 9684
46200 9964
46300 374
46400 176
46500 8934
46600 9790
46700 57
46800 9145
46900 8546
47000 9214
47100 8315
47200 7735
47300 8124
47400 8592
47500 8462
47600 7379
47700 7599
47800 7711
47900 8459
48000 8807
48100 8874
48200 8920
48300 285
48400 101
48500 716
48600 1282
48700 1042
48800 1582
48900 626
49000 1727
49100 1745
49200 1290
49300 1783
49400 2420
49500 2650
49600 2572
49700 2760
49800 3456
49900 2857
50000 3184
50100 3715
50200 4520
50300 4593
50400 4111
50500 3903
50600 2842
50700 2353
50800 2539
50900 1549
51000 1066
51100 1494
51200 2549
51300 3164
51400 3559
51500 4105
51600 4679
51700 4488
51800 4706
51900 5144
52000 4999
52100 5490
52200 5269
52300 5930
52400 5125
52500 4229
52600 3577
52700 3735
52800 3081
52900 3343
53000 2909
53100 1716
53200 1717
53300 756
53400 1602
53500 1066
53600 1380
53700 1404
53800 660
53900 27
54000 577
54100 545
54200 726
54300 460
54400 710
54500 2007
54600 1634
54700 2304
54800 3075
54900 2905
55000 2685
55100 3609
55200 3247
55300 3378
55400 3914
55500 3118
55600 3298
55700 3974
55800 3679
55900 4293
56000 4321
56100 3148
56200 2684
56300 2200
56400 2262
56500 2624
56600 3580
56700 2890
56800 2682
56900 2705
57000 3063
57100 2459
57200 3309
57300 3793
57400 4786
57500 4098
57600 4505
57700 3190
57800 4019
57900 3718
58000 5993
58100 6757
58200 8845
58300 8557
58400 8179
58500 8539
58600 8861
58700 361
58800 1503
58900 60
59000 113
59100 9683
59200 9096
59300 1583
59400 584
59500 8876
59600 9359
59700 545
59800 1716
59900 3473
60000 5158
60100 3048
60200 3756
60300 2525
60400 3666
60500 3245
60600 1955
60700 2199
60800 2693
60900 3426
61000 3825
61100 3986
61200 5107
61300 5152
61400 3908
61500 4188
61600 2005
61700 1141
61800 1356
61900 1721
62000 1521
62100 1468
62200 2741
62300 4107
62400 3813
62500 2830
62600 4422
62700 3933
62800 1455
62900 635
63000 317
63100 716
63200 9795
63300 2267
63400 867
63500 797
63600 1056
63700 591
63800 549
63900 701
64000 126
64100 9281
64200 600
64300 603
64400 220
64500 2124
64600 2857
64700 3044
64800 2799
64900 2993
65000 4054
65100 4300
65200 3687
65300 3407
65400 3253
65500 3049
65600 2304
65700 1739
65800 1280
65900 1791
66000 2107
66100 2464
66200 1298
66300 1344
66400 749
66500 663
66600 8999
66700 8878
66800 9246
66900 8638
67000 8921
67100 9238
67200 1
67300 631
67400 1094
67500 1477
67600 1230
67700 1140
67800 1039
67900 1644
68000 2065
68100 2211
68200 2200
68300 2902
68400 3033
68500 2708
68600 2035
68700 1945
68800 2277
68900 1939
69000 2084
69100 2442
69200 1745
69300 2012
69400 2317
69500 2266
69600 2499
69700 2505
69800 2846
69900 3413
70000 2829
70100 2978
70200 3582
70300 2884
70400 2833
70500 2810
70600 3930
70700 3476
70800 3228
70900 2969
71000 3584
71100 3079
71200 3100
71300 3139
71400 3279
71500 3657
71600 3245
71700 2907
71800 3672
71900 3119
72000 2534
72100 2486
72200 2242
72300 2605
72400 2601
72500 2719
72600 3465
72700 2215
72800 1870
72900 1559
73000 1601
73100 1516
73200 1671
73300 1940
73400 1817
73500 1869
73600 2095
73700 2179
73800 1598
73900 923
74000 784
74100 797
74200 353
74300 436
74400 338
74500 236
74600 501
74700 347
74800 742
74900 858
75000 1005
75100 811
75200 686
75300 784
75400 800
75500 885
75600 1022
75700 1985
75800 1849
75900 3408
76000 3352
76100 2550
76200 1995
76300 1248
76400 1261
76500 1273
76600 1744
76700 1522
76800 1779
76900 1173
77000 1240
77100 761
77200 714
77300 914
77400 1230
77500 1156
77600 1188
77700 657
77800 649
77900 475
78000 592
78100 933
78200 571
78300 184
78400 214
78500 406
78600 514
78700 249
78800 177
78900 435
79000 1355
79100 1190
79200 1260
79300 980
79400 910
79500 992
79600 777
79700 983
79800 1017
79900 1379
80000 1939
80100 2196
80200 2090
80300 2191
80400 1758
80500 2498
80600 2586
80700 3281
80800 4141
80900 4262
81000 3965
81100 3533
81200 3320
81300 2552
81400 2112
81500 1953
81600 1873
81700 2221
81800 2243
81900 2909
82000 2738
82100 2501
82200 2358
82300 2621
82400 2240
82500 2419
82600 2129
82700 2784
82800 3837
82900 3838
83000 3613
83100 3945
83200 4925
83300 5078
83400 6141
83500 5285
83600 5583
83700 6064
83800 6041
83900 5217
84000 5863
84100 7086
84200 6814
84300 5768
84400 5842
84500 5239
84600 4351
84700 4113
84800 3642
84900 3493
85000 3822
85100 3010
85200 3155
85300 3294
85400 3762
85500 4624
85600 4137
85700 3895
85800 3893
85900 4120
86000 3424
86100 3668
86200 3725
86300 4438
86400 5365
86500 5588
86600 5573
86700 6111
86800 5942
86900 7180
87000 7033
87100 7719
87200 7152
87300 6921
87400 6504
87500 6448
87600 5906
87700 7070
87800 7003
87900 6088
88000 6218
88100 5740
88200 5398
88300 4872
88400 5903
88500 4598
88600 6106
88700 4809
88800 4822
88900 4743
89000 5751
89100 5194
89200 5026
89300 5073
89400 4433
89500 4365
89600 3893
89700 3671
89800 3752
89900 2914
90000 3571
90100 3888
90200 3290
90300 3699
90400 4003
90500 3984
90600 4277
90700 2644
90800 2385
90900 2293
91000 2014
91100 1797
91200 1181
91300 700
91400 723
91500 1070
91600 828
91700 1428
91800 897
91900 890
92000 911
92100 939
92200 860
92300 1170
92400 1508
92500 1824
92600 1700
92700 1333
92800 2182
92900 2536
93000 3471
93100 3172
93200 1724
93300 3021
93400 2982
93500 2980
93600 3497
93700 4004
93800 3659
93900 4184
94000 3962
94100 4093
94200 5037
94300 4702
94400 5471
94500 4964
94600 5385
94700 4931
94800 5973
94900 5325
95000 5143
95100 6087
95200 6533
95300 6926
95400 7406
95500 8571
95600 8162
95700 8408
95800 8465
95900 9172
96000 450
96100 626
96200 1488
96300 2409
96400 3450
96500 4661
96600 5099
96700 5485
96800 5773
96900 6243
97000 7030
97100 6822
97200 6974
97300 6060
97400 6456
97500 7875
97600 8257
97700 8813
97800 8635
97900 8318
98000 7681
98100 7674
98200 7527
98300 7718
98400 7703
98500 7669
98600 8050
98700 8424
98800 9035
98900 9024
99000 8340
99100 8455
99200 8664
99300 9633
99400 9618
99500 9660
99600 9749
99700 9805
99800 295
99900 500
100000 500
