100 29
200 29
300 47
400 38
500 69
600 7
700 3
800 2
900 9
1000 0
1100 2
1200 5
1300 28
1400 60
1500 10
1600 0
1700 7
1800 2
1900 0
2000 11
2100 0
2200 42
2300 51
2400 126
2500 106
2600 62
2700 0
2800 3
2900 91
3000 170
3100 89
3200 63
3300 118
3400 325
3500 278
3600 256
3700 273
3800 205
3900 80
4000 65
4100 2
4200 0
4300 5
4400 48
4500 90
4600 19
4700 34
4800 38
4900 0
5000 0
5100 21
5200 85
5300 173
5400 51
5500 2
5600 25
5700 17
5800 44
5900 22
6000 6
6100 3
6200 0
6300 17
6400 198
6500 105
6600 245
6700 277
6800 596
6900 600
7000 650
7100 871
7200 556
7300 510
7400 707
7500 1141
7600 926
7700 1104
7800 1176
7900 975
8000 1108
8100 650
8200 799
8300 853
8400 721
8500 512
8600 525
8700 303
8800 663
8900 699
9000 371
9100 455
9200 730
9300 707
9400 788
9500 899
9600 675
9700 312
9800 172
9900 104
10000 7
10100 52
10200 2
10300 0
10400 91
10500 74
10600 174
10700 75
10800 72
10900 126
11000 11
11100 99
11200 23
11300 66
11400 53
11500 283
11600 524
11700 554
11800 386
11900 524
12000 209
12100 127
12200 80
12300 176
12400 251
12500 83
12600 214
12700 216
12800 150
12900 409
13000 529
13100 488
13200 468
13300 533
13400 690
13500 1484
13600 1678
13700 1639
13800 1712
13900 1510
14000 1233
14100 968
14200 812
14300 730
14400 734
14500 293
14600 145
14700 281
14800 418
14900 703
15000 861
15100 742
15200 576
15300 512
15400 712
15500 602
15600 535
15700 391
15800 416
15900 333
16000 198
16100 291
16200 235
16300 249
16400 380
16500 392
16600 241
16700 233
16800 72
16900 19
17000 22
17100 21
17200 10
17300 42
17400 28
17500 3
17600 21
17700 0
17800 26
17900 237
18000 266
18100 459
18200 423
18300 544
18400 647
18500 741
18600 489
18700 878
18800 667
18900 388
19000 713
19100 968
19200 641
19300 498
19400 1241
19500 1576
19600 1633
19700 1320
19800 929
19900 888
20000 511
20100 376
20200 251
20300 159
20400 198
20500 24
20600 0
20700 20
20800 10
20900 1
21000 5
21100 10
21200 25
21300 62
21400 32
21500 2
21600 21
21700 62
21800 60
21900 32
22000 38
22100 45
22200 83
22300 118
22400 400
22500 304
22600 139
22700 357
22800 531
22900 706
23000 929
23100 1680
23200 919
23300 853
23400 1325
23500 1643
23600 1164
23700 1657
23800 1268
23900 734
24000 567
24100 883
24200 1154
24300 1300
24400 1077
24500 1147
24600 1015
24700 813
24800 873
24900 735
25000 917
25100 817
25200 804
25300 1238
25400 1131
25500 731
25600 573
25700 515
25800 513
25900 353
26000 539
26100 438
26200 720
26300 832
26400 960
26500 918
26600 1359
26700 1716
26800 1573
26900 2316
27000 2673
27100 2269
27200 2158
27300 1806
27400 2457
27500 2737
27600 3182
27700 3344
27800 3493
27900 3451
28000 2583
28100 2687
28200 2833
28300 3395
28400 3250
28500 3300
28600 4040
28700 4161
28800 4250
28900 4820
29000 4814
29100 4462
29200 3933
29300 5001
29400 4467
29500 4470
29600 5143
29700 5320
29800 4601
29900 4358
30000 4493
30100 2796
30200 2779
30300 3352
30400 2839
30500 3149
30600 3113
30700 3005
30800 1879
30900 1394
31000 1502
31100 837
31200 735
31300 950
31400 986
31500 1903
31600 1310
31700 964
31800 1207
31900 1121
32000 848
32100 1476
32200 559
32300 540
32400 586
32500 741
32600 813
32700 765
32800 312
32900 101
33000 331
33100 184
33200 381
33300 604
33400 406
33500 409
33600 373
33700 254
33800 88
33900 381
34000 771
34100 543
34200 454
34300 606
34400 921
34500 405
34600 1001
34700 1242
34800 1060
34900 1077
35000 1057
35100 568
35200 261
35300 550
35400 502
35500 643
35600 729
35700 345
35800 150
35900 36
36000 0
36100 7
36200 21
36300 0
36400 4
36500 21
36600 43
36700 105
36800 85
36900 46
37000 113
37100 164
37200 156
37300 110
37400 168
37500 187
37600 380
37700 390
37800 191
37900 69
38000 38
38100 15
38200 16
38300 3
38400 17
38500 31
38600 11
38700 0
38800 4
38900 18
39000 0
39100 70
39200 4
39300 21
39400 157
39500 87
39600 58
39700 61
39800 84
39900 82
40000 13
40100 6
40200 196
40300 186
40400 111
40500 182
40600 593
40700 731
40800 1053
40900 1281
41000 1742
41100 1929
41200 872
41300 1095
41400 1013
41500 1041
41600 553
41700 440
41800 306
41900 434
42000 427
42100 456
42200 577
42300 149
42400 169
42500 46
42600 20
42700 10
42800 0
42900 111
43000 121
43100 235
43200 428
43300 477
43400 823
43500 1091
43600 1589
43700 1984
43800 1494
43900 1353
44000 1961
44100 1850
44200 1414
44300 1316
44400 1168
44500 1145
44600 1419
44700 1403
44800 1736
44900 2161
45000 1697
45100 1607
45200 1253
45300 1247
45400 1631
45500 1354
45600 1285
45700 1481
45800 1227
45900 1214
46000 1174
46100 954
46200 873
46300 888
46400 1061
46500 878
46600 823
46700 961
46800 830
46900 762
47000 930
47100 1251
47200 1404
47300 1315
47400 1222
47500 1225
47600 1724
47700 1615
47800 1942
47900 2209
48000 2097
48100 2296
48200 2062
48300 2601
48400 2117
48500 2252
48600 2426
48700 1963
48800 2461
48900 2574
49000 2092
49100 1201
49200 1126
49300 1788
49400 2548
49500 2181
49600 2314
49700 1583
49800 1173
49900 1046
50000 876
50100 1186
50200 814
50300 780
50400 681
50500 816
50600 745
50700 1092
50800 2065
50900 1891
51000 1874
51100 1390
51200 1575
51300 1451
51400 1964
51500 1966
51600 2606
51700 2908
51800 2637
51900 2183
52000 1884
52100 1043
52200 1022
52300 745
52400 563
52500 1102
52600 1369
52700 1473
52800 1881
52900 3003
53000 3935
53100 3801
53200 3630
53300 4120
53400 3058
53500 3644
53600 4240
53700 5009
53800 4813
53900 3590
54000 4303
54100 4318
54200 3201
54300 3687
54400 4082
54500 4573
54600 4592
54700 4773
54800 4105
54900 2982
55000 2974
55100 3550
55200 3774
55300 3718
55400 3216
55500 3896
55600 3306
55700 3908
55800 4202
55900 3118
56000 3568
56100 4327
56200 4750
56300 4548
56400 4569
56500 3965
56600 3563
56700 3312
56800 2958
56900 3160
57000 2882
57100 2105
57200 2164
57300 2153
57400 2580
57500 3063
57600 2924
57700 2225
57800 2935
57900 3177
58000 3249
58100 2545
58200 2225
58300 2166
58400 1979
58500 1749
58600 1979
58700 1629
58800 1187
58900 1292
59000 1249
59100 1252
59200 1554
59300 1285
59400 1137
59500 980
59600 895
59700 1307
59800 805
59900 768
60000 877
60100 994
60200 1579
60300 1059
60400 1832
60500 1444
60600 1493
60700 1375
60800 1811
60900 1975
61000 1164
61100 1032
61200 1058
61300 907
61400 588
61500 799
61600 922
61700 853
61800 1013
61900 591
62000 1515
62100 2363
62200 2137
62300 1715
62400 2091
62500 2506
62600 3027
62700 2246
62800 2828
62900 2283
63000 2260
63100 1816
63200 1648
63300 2051
63400 2017
63500 2083
63600 1721
63700 1620
63800 1267
63900 1202
64000 1228
64100 1665
64200 1001
64300 1133
64400 1145
64500 944
64600 1219
64700 1149
64800 1082
64900 1098
65000 1471
65100 917
65200 852
65300 864
65400 765
65500 872
65600 1328
65700 959
65800 887
65900 1004
66000 789
66100 665
66200 501
66300 663
66400 477
66500 79
66600 80
66700 133
66800 95
66900 62
67000 14
67100 0
67200 9
67300 46
67400 24
67500 9
67600 1
67700 1
67800 1
67900 2
68000 14
68100 300
68200 178
68300 77
68400 17
68500 3
68600 12
68700 12
68800 10
68900 212
69000 302
69100 276
69200 173
69300 152
69400 114
69500 175
69600 4
69700 0
69800 0
69900 43
70000 75
70100 16
70200 56
70300 0
70400 40
70500 134
70600 184
70700 87
70800 298
70900 213
71000 463
71100 511
71200 238
71300 183
71400 141
71500 227
71600 211
71700 195
71800 28
71900 0
72000 33
72100 24
72200 113
72300 72
72400 254
72500 418
72600 204
72700 395
72800 397
72900 167
73000 117
73100 130
73200 15
73300 0
73400 0
73500 20
73600 0
73700 16
73800 62
73900 26
74000 1
74100 4
74200 6
74300 0
74400 2
74500 1
74600 21
74700 0
74800 13
74900 0
75000 33
75100 40
75200 17
75300 33
75400 2
75500 0
75600 1
75700 141
75800 23
75900 255
76000 809
76100 968
76200 967
76300 1322
76400 989
76500 911
76600 951
76700 882
76800 944
76900 677
77000 1109
77100 871
77200 1026
77300 1199
77400 894
77500 1176
77600 754
77700 329
77800 133
77900 35
78000 3
78100 1
78200 0
78300 0
78400 5
78500 54
78600 16
78700 5
78800 42
78900 0
79000 20
79100 19
79200 0
79300 2
79400 0
79500 0
79600 0
79700 2
79800 0
79900 47
80000 48
80100 27
80200 11
80300 61
80400 12
80500 6
80600 0
80700 22
80800 145
80900 145
81000 52
81100 187
81200 284
81300 333
81400 600
81500 802
81600 1116
81700 1301
81800 601
81900 516
82000 701
82100 642
82200 415
82300 176
82400 259
82500 240
82600 264
82700 486
82800 290
82900 556
83000 424
83100 743
83200 586
83300 298
83400 282
83500 469
83600 919
83700 1118
83800 1112
83900 713
84000 957
84100 677
84200 540
84300 986
84400 1208
84500 1207
84600 1249
84700 1474
84800 1915
84900 1673
85000 1937
85100 1978
85200 1493
85300 2056
85400 2497
85500 2446
85600 2422
85700 1993
85800 2491
85900 2446
86000 2012
86100 2328
86200 2833
86300 3149
86400 2425
86500 2926
86600 3180
86700 2500
86800 2607
86900 2928
87000 3388
87100 2781
87200 1952
87300 2451
87400 2060
87500 1755
87600 1909
87700 1758
87800 1632
87900 1767
88000 1521
88100 1750
88200 1487
88300 1202
88400 958
88500 844
88600 945
88700 686
88800 775
88900 714
89000 763
89100 747
89200 770
89300 853
89400 620
89500 570
89600 541
89700 664
89800 832
89900 663
90000 819
90100 495
90200 389
90300 714
90400 655
90500 673
90600 694
90700 1319
90800 1918
90900 1561
91000 1315
91100 1812
91200 1623
91300 2062
91400 1333
91500 650
91600 768
91700 442
91800 441
91900 497
92000 385
92100 689
92200 413
92300 244
92400 446
92500 406
92600 507
92700 249
92800 122
92900 209
93000 131
93100 99
93200 77
93300 100
93400 161
93500 181
93600 229
93700 121
93800 15
93900 105
94000 46
94100 0
94200 5
94300 0
94400 4
94500 31
94600 0
94700 13
94800 0
94900 2
95000 24
95100 38
95200 39
95300 4
95400 46
95500 0
95600 1
95700 7
95800 27
95900 3
96000 0
96100 1
96200 3
96300 0
96400 0
96500 1
96600 0
96700 16
96800 3
96900 74
97000 137
97100 78
97200 11
97300 0
97400 27
97500 38
97600 23
97700 15
97800 50
97900 66
98000 88
98100 94
98200 233
98300 354
98400 458
98500 426
98600 606
98700 377
98800 420
98900 952
99000 1533
99100 1404
99200 1811
99300 1308
99400 911
99500 1137
99600 1100
99700 1165
99800 1603
99900 2067
100000 2391
