100 16
200 6
300 0
400 38
500 125
600 57
700 63
800 3
900 36
1000 90
1100 178
1200 228
1300 413
1400 342
1500 247
1600 69
1700 116
1800 25
1900 10
2000 8
2100 11
2200 19
2300 0
2400 1
2500 13
2600 1
2700 19
2800 5
2900 26
3000 0
3100 26
3200 0
3300 46
3400 87
3500 22
3600 35
3700 3
3800 4
3900 23
4000 154
4100 159
4200 123
4300 351
4400 192
4500 201
4600 146
4700 24
4800 66
4900 130
5000 28
5100 14
5200 0
5300 66
5400 101
5500 103
5600 118
5700 109
5800 122
5900 111
6000 83
6100 139
6200 31
6300 57
6400 154
6500 2
6600 116
6700 187
6800 320
6900 353
7000 282
7100 336
7200 241
7300 451
7400 203
7500 247
7600 250
7700 103
7800 28
7900 60
8000 21
8100 99
8200 63
8300 96
8400 175
8500 132
8600 190
8700 388
8800 258
8900 130
9000 51
9100 2
9200 0
9300 0
9400 3
9500 8
9600 9
9700 7
9800 3
9900 69
10000 69
10100 17
10200 0
10300 19
10400 7
10500 186
10600 313
10700 464
10800 354
10900 424
11000 531
11100 626
11200 878
11300 1538
11400 1459
11500 1123
11600 1511
11700 931
11800 1459
11900 2090
12000 2022
12100 1502
12200 1742
12300 2005
12400 2589
12500 2942
12600 2289
12700 1821
12800 1934
12900 1933
13000 2399
13100 2536
13200 2375
13300 2072
13400 1807
13500 1619
13600 2195
13700 2099
13800 3016
13900 3434
14000 4333
14100 4781
14200 3703
14300 3853
14400 4440
14500 4404
14600 3974
14700 4342
14800 4231
14900 3651
15000 4230
15100 3577
15200 3854
15300 3477
15400 3190
15500 3711
15600 4452
15700 4407
15800 3895
15900 3820
16000 3399
16100 3716
16200 3595
16300 4478
16400 3728
16500 3101
16600 4051
16700 3421
16800 3769
16900 4239
17000 4504
17100 4188
17200 3764
17300 4458
17400 4519
17500 4150
17600 3920
17700 4175
17800 3049
17900 2699
18000 2096
18100 3065
18200 2791
18300 2691
18400 3284
18500 2995
18600 2744
18700 3052
18800 3458
18900 2495
19000 2441
19100 2698
19200 2655
19300 2917
19400 2933
19500 2671
19600 2241
19700 2090
19800 2154
19900 1815
20000 1669
20100 1436
20200 1563
20300 1748
20400 2158
20500 1769
20600 1596
20700 1527
20800 1507
20900 978
21000 850
21100 618
21200 714
21300 590
21400 694
21500 714
21600 859
21700 1477
21800 987
21900 1767
22000 2080
22100 1570
22200 1711
22300 2193
22400 1854
22500 1605
22600 1540
22700 1170
22800 1413
22900 1048
23000 1173
23100 2138
23200 2887
23300 2892
23400 3181
23500 3544
23600 4393
23700 4256
23800 4444
23900 4136
24000 4431
24100 5517
24200 6023
24300 7561
24400 7422
24500 6554
24600 6988
24700 7322
24800 7238
24900 7814
25000 9486
25100 477
25200 455
25300 438
25400 9949
25500 1382
25600 284
25700 9425
25800 9445
25900 8517
26000 9196
26100 8999
26200 9067
26300 9074
26400 7594
26500 8641
26600 8164
26700 9004
26800 9856
26900 9749
27000 179
27100 9636
27200 81
27300 673
27400 1207
27500 298
27600 1007
27700 955
27800 460
27900 682
28000 1068
28100 1002
28200 2204
28300 1723
28400 9992
28500 8931
28600 8813
28700 7853
28800 9678
28900 9875
29000 8992
29100 8362
29200 9898
29300 9001
29400 7383
29500 6687
29600 6064
29700 5733
29800 5844
29900 5681
30000 5146
30100 5761
30200 5715
30300 4829
30400 4649
30500 4730
30600 4494
30700 4855
30800 6177
30900 5207
31000 5967
31100 4982
31200 3977
31300 3644
31400 4525
31500 4966
31600 5054
31700 4622
31800 4227
31900 4376
32000 4452
32100 5389
32200 5734
32300 5148
32400 4309
32500 3978
32600 2729
32700 2732
32800 2875
32900 3489
33000 5031
33100 5552
33200 5155
33300 4859
33400 4469
33500 4661
33600 4593
33700 5196
33800 4508
33900 4276
34000 4593
34100 5082
34200 4544
34300 5350
34400 4075
34500 3997
34600 4228
34700 4556
34800 4518
34900 4940
35000 5182
35100 4407
35200 3081
35300 3981
35400 2715
35500 2689
35600 2000
35700 2331
35800 1860
35900 2099
36000 2290
36100 3246
36200 3147
36300 3319
36400 4053
36500 4047
36600 5146
36700 4973
36800 5152
36900 5012
37000 4107
37100 4527
37200 4494
37300 3246
37400 3931
37500 2893
37600 3713
37700 4661
37800 6412
37900 4370
38000 3548
38100 2902
38200 2219
38300 2475
38400 2437
38500 2696
38600 3260
38700 3101
38800 2886
38900 3717
39000 2901
39100 2561
39200 3044
39300 2218
39400 1669
39500 2130
39600 2184
39700 3918
39800 3645
39900 4205
40000 4036
40100 3665
40200 3107
40300 2707
40400 2532
40500 2423
40600 2223
40700 2610
40800 2597
40900 1995
41000 1752
41100 2319
41200 2552
41300 2858
41400 2222
41500 2302
41600 2861
41700 2801
41800 2523
41900 3098
42000 2928
42100 2751
42200 2390
42300 1995
42400 1621
42500 1535
42600 1244
42700 1319
42800 1728
42900 1585
43000 1899
43100 2149
43200 2613
43300 3278
43400 2781
43500 3877
43600 3918
43700 4306
43800 4944
43900 3543
44000 3557
44100 3581
44200 3895
44300 3876
44400 3845
44500 3523
44600 3530
44700 3112
44800 3214
44900 4308
45000 4267
45100 5951
45200 5839
45300 5364
45400 5787
45500 5975
45600 4554
45700 5536
45800 6099
45900 6327
46000 8472
46100 7950
46200 8412
46300 8049
46400 6721
46500 6843
46600 6064
46700 6591
46800 6146
46900 5941
47000 5934
47100 4597
47200 5307
47300 5375
47400 5405
47500 5474
47600 5243
47700 4921
47800 5492
47900 6925
48000 6471
48100 6982
48200 5657
48300 7036
48400 7378
48500 7332
48600 7084
48700 5683
48800 7224
48900 7430
49000 8391
49100 158
49200 1176
49300 940
49400 1286
49500 87
49600 9010
49700 9606
49800 8232
49900 7375
50000 6378
50100 8205
50200 8081
50300 6995
50400 6504
50500 7185
50600 6026
50700 6967
50800 6336
50900 6039
51000 6243
51100 5443
51200 5424
51300 5050
51400 5970
51500 5900
51600 5725
51700 4971
51800 4893
51900 4298
52000 4596
52100 5284
52200 5628
52300 5991
52400 6898
52500 6411
52600 7307
52700 7845
52800 7853
52900 8213
53000 8199
53100 9152
53200 8973
53300 8829
53400 8700
53500 7738
53600 7576
53700 8115
53800 8539
53900 9211
54000 8612
54100 9641
54200 386
54300 913
54400 505
54500 334
54600 1905
54700 2531
54800 2871
54900 3058
55000 3808
55100 2774
55200 2581
55300 4036
55400 996
55500 177
55600 494
55700 9774
55800 211
55900 9475
56000 677
56100 1052
56200 9101
56300 9268
56400 9144
56500 9048
56600 925
56700 8636
56800 9239
56900 7766
57000 8832
57100 7791
57200 6252
57300 5821
57400 6373
57500 5319
57600 5769
57700 5115
57800 5327
57900 4683
58000 3209
58100 3986
58200 3011
58300 1920
58400 1447
58500 1419
58600 1457
58700 1377
58800 1342
58900 977
59000 838
59100 390
59200 520
59300 568
59400 326
59500 407
59600 633
59700 1081
59800 655
59900 1323
60000 2269
60100 1745
60200 975
60300 1012
60400 1156
60500 1179
60600 1163
60700 917
60800 887
60900 958
61000 785
61100 677
61200 324
61300 425
61400 223
61500 384
61600 442
61700 858
61800 1139
61900 661
62000 572
62100 959
62200 492
62300 756
62400 348
62500 710
62600 1042
62700 786
62800 1014
62900 995
63000 915
63100 600
63200 1175
63300 1470
63400 1590
63500 1504
63600 1140
63700 722
63800 802
63900 661
64000 261
64100 404
64200 212
64300 80
64400 51
64500 2
64600 39
64700 27
64800 14
64900 5
65000 88
65100 120
65200 6
65300 2
65400 0
65500 0
65600 52
65700 20
65800 85
65900 4
66000 19
66100 2
66200 36
66300 36
66400 4
66500 5
66600 62
66700 52
66800 186
66900 298
67000 88
67100 55
67200 48
67300 124
67400 61
67500 12
67600 0
67700 20
67800 39
67900 177
68000 280
68100 158
68200 123
68300 396
68400 472
68500 444
68600 481
68700 840
68800 1533
68900 1560
69000 1587
69100 1563
69200 1208
69300 1624
69400 1165
69500 1453
69600 1056
69700 1613
69800 2012
69900 1689
70000 1533
70100 1921
70200 2163
70300 2333
70400 2000
70500 2270
70600 2692
70700 2631
70800 2478
70900 1783
71000 1198
71100 998
71200 1120
71300 1101
71400 1032
71500 875
71600 514
71700 303
71800 556
71900 240
72000 326
72100 138
72200 141
72300 86
72400 17
72500 15
72600 9
72700 2
72800 26
72900 222
73000 330
73100 330
73200 319
73300 350
73400 567
73500 514
73600 573
73700 404
73800 328
73900 453
74000 622
74100 795
74200 1756
74300 750
74400 1288
74500 1365
74600 2668
74700 1695
74800 1714
74900 1312
75000 1230
75100 1328
75200 1580
75300 2052
75400 1989
75500 2173
75600 1656
75700 1799
75800 1607
75900 1255
76000 1446
76100 1208
76200 1188
76300 1505
76400 2682
76500 2333
76600 2609
76700 3163
76800 3092
76900 2609
77000 2593
77100 2413
77200 2087
77300 2006
77400 1020
77500 1169
77600 1017
77700 1031
77800 833
77900 546
78000 231
78100 103
78200 85
78300 215
78400 115
78500 92
78600 15
78700 19
78800 67
78900 5
79000 20
79100 2
79200 195
79300 270
79400 119
79500 298
79600 191
79700 377
79800 631
79900 697
80000 466
80100 430
80200 279
80300 397
80400 246
80500 256
80600 251
80700 247
80800 277
80900 203
81000 143
81100 306
81200 202
81300 282
81400 448
81500 488
81600 353
81700 394
81800 678
81900 559
82000 467
82100 219
82200 115
82300 167
82400 106
82500 21
82600 1
82700 19
82800 35
82900 187
83000 203
83100 145
83200 142
83300 106
83400 67
83500 17
83600 7
83700 14
83800 9
83900 0
84000 27
84100 30
84200 0
84300 0
84400 0
84500 11
84600 39
84700 12
84800 10
84900 1
85000 15
85100 16
85200 11
85300 1
85400 1
85500 31
85600 37
85700 24
85800 79
85900 149
86000 74
86100 18
86200 29
86300 2
86400 141
86500 226
86600 684
86700 532
86800 419
86900 170
87000 96
87100 255
87200 299
87300 150
87400 137
87500 78
87600 117
87700 0
87800 5
87900 18
88000 132
88100 245
88200 288
88300 448
88400 358
88500 354
88600 348
88700 391
88800 271
88900 231
89000 478
89100 373
89200 536
89300 632
89400 340
89500 208
89600 52
89700 40
89800 154
89900 12
90000 101
90100 49
90200 5
90300 20
90400 22
90500 27
90600 6
90700 0
90800 5
90900 3
91000 0
91100 25
91200 4
91300 39
91400 7
91500 5
91600 17
91700 89
91800 103
91900 120
92000 200
92100 188
92200 98
92300 67
92400 7
92500 42
92600 1
92700 9
92800 0
92900 3
93000 14
93100 31
93200 31
93300 17
93400 86
93500 7
93600 4
93700 31
93800 2
93900 0
94000 113
94100 106
94200 5
94300 174
94400 132
94500 66
94600 1
94700 35
94800 27
94900 25
95000 4
95100 0
95200 30
95300 63
95400 0
95500 21
95600 1
95700 28
95800 0
95900 132
96000 117
96100 392
96200 373
96300 333
96400 311
96500 385
96600 577
96700 638
96800 576
96900 463
97000 739
97100 1180
97200 1130
97300 1538
97400 1619
97500 1595
97600 2010
97700 1656
97800 1925
97900 1883
98000 1890
98100 1796
98200 1998
98300 2375
98400 2348
98500 2613
98600 2063
98700 1975
98800 1556
98900 1246
99000 1983
99100 2387
99200 2210
99300 1865
99400 1686
99500 1338
99600 1015
99700 766
99800 884
99900 1014
100000 904
