100 2
200 0
300 1
400 45
500 77
600 126
700 492
800 349
900 388
1000 268
1100 273
1200 248
1300 320
1400 652
1500 543
1600 173
1700 126
1800 267
1900 260
2000 242
2100 344
2200 230
2300 121
2400 212
2500 291
2600 230
2700 576
2800 1051
2900 930
3000 737
3100 737
3200 856
3300 936
3400 673
3500 533
3600 517
3700 1292
3800 808
3900 1070
4000 926
4100 664
4200 1111
4300 871
4400 1025
4500 753
4600 279
4700 368
4800 385
4900 423
5000 240
5100 478
5200 416
5300 316
5400 383
5500 564
5600 590
5700 518
5800 445
5900 442
6000 650
6100 1119
6200 1194
6300 1129
6400 1553
6500 1370
6600 1602
6700 2032
6800 1144
6900 1279
7000 1561
7100 1431
7200 1564
7300 1169
7400 1077
7500 771
7600 723
7700 768
7800 745
7900 1014
8000 766
8100 342
8200 480
8300 432
8400 196
8500 258
8600 205
8700 372
8800 485
8900 324
9000 353
9100 423
9200 616
9300 543
9400 681
9500 555
9600 352
9700 322
9800 275
9900 509
10000 694
10100 548
10200 577
10300 815
10400 910
10500 1362
10600 2184
10700 1672
10800 1228
10900 891
11000 596
11100 1008
11200 733
11300 471
11400 437
11500 411
11600 283
11700 653
11800 596
11900 787
12000 798
12100 641
12200 543
12300 606
12400 895
12500 457
12600 525
12700 802
12800 1026
12900 898
13000 727
13100 893
13200 798
13300 967
13400 1447
13500 1576
13600 1563
13700 874
13800 441
13900 760
14000 1299
14100 1064
14200 1239
14300 924
14400 1328
14500 1624
14600 1366
14700 889
14800 990
14900 1102
15000 1414
15100 1546
15200 1699
15300 1452
15400 1950
15500 1987
15600 1209
15700 928
15800 583
15900 484
16000 532
16100 298
16200 171
16300 206
16400 308
16500 248
16600 345
16700 608
16800 446
16900 191
17000 53
17100 37
17200 33
17300 34
17400 136
17500 72
17600 133
17700 189
17800 110
17900 50
18000 75
18100 97
18200 318
18300 347
18400 297
18500 268
18600 502
18700 426
18800 464
18900 284
19000 399
19100 131
19200 83
19300 147
19400 41
19500 44
19600 186
19700 127
19800 101
19900 146
20000 55
20100 59
20200 8
20300 4
20400 25
20500 73
20600 288
20700 375
20800 418
20900 199
21000 69
21100 60
21200 104
21300 226
21400 285
21500 357
21600 390
21700 605
21800 556
21900 389
22000 239
22100 157
22200 255
22300 123
22400 71
22500 63
22600 3
22700 1
22800 38
22900 64
23000 67
23100 103
23200 47
23300 247
23400 120
23500 258
23600 460
23700 668
23800 713
23900 466
24000 820
24100 823
24200 581
24300 661
24400 492
24500 437
24600 341
24700 50
24800 211
24900 457
25000 258
25100 562
25200 663
25300 303
25400 310
25500 214
25600 92
25700 84
25800 81
25900 126
26000 2
26100 28
26200 5
26300 91
26400 127
26500 220
26600 411
26700 229
26800 90
26900 267
27000 158
27100 279
27200 310
27300 133
27400 56
27500 62
27600 466
27700 370
27800 340
27900 637
28000 638
28100 368
28200 89
28300 7
28400 17
28500 6
28600 17
28700 6
28800 1
28900 72
29000 105
29100 111
29200 14
29300 47
29400 49
29500 18
29600 52
29700 197
29800 222
29900 107
30000 39
30100 26
30200 120
30300 226
30400 258
30500 253
30600 35
30700 0
30800 2
30900 17
31000 46
31100 3
31200 9
31300 6
31400 71
31500 59
31600 47
31700 57
31800 16
31900 1
32000 37
32100 72
32200 209
32300 269
32400 191
32500 116
32600 24
32700 7
32800 0
32900 138
33000 83
33100 49
33200 0
33300 5
33400 51
33500 5
33600 72
33700 34
33800 93
33900 39
34000 3
34100 7
34200 86
34300 2
34400 0
34500 2
34600 58
34700 31
34800 7
34900 3
35000 3
35100 20
35200 153
35300 80
35400 270
35500 600
35600 1129
35700 1418
35800 1630
35900 1571
36000 1866
36100 1686
36200 1461
36300 1843
36400 1881
36500 1880
36600 1863
36700 1504
36800 1374
36900 897
37000 1283
37100 1767
37200 1409
37300 845
37400 949
37500 1058
37600 715
37700 948
37800 1262
37900 1084
38000 1481
38100 1508
38200 1361
38300 1013
38400 1211
38500 1037
38600 494
38700 578
38800 1042
38900 733
39000 684
39100 792
39200 984
39300 970
39400 1023
39500 1265
39600 2128
39700 1977
39800 2240
39900 2734
40000 3496
40100 3222
40200 4354
40300 4297
40400 4862
40500 4160
40600 4806
40700 3364
40800 2707
40900 2964
41000 2089
41100 1818
41200 2468
41300 2650
41400 2182
41500 1546
41600 1432
41700 1351
41800 1596
41900 2084
42000 1974
42100 1682
42200 1379
42300 1971
42400 1114
42500 621
42600 559
42700 438
42800 183
42900 193
43000 87
43100 86
43200 63
43300 178
43400 257
43500 273
43600 62
43700 89
43800 26
43900 19
44000 4
44100 25
44200 14
44300 71
44400 267
44500 240
44600 204
44700 423
44800 290
44900 197
45000 544
45100 583
45200 667
45300 728
45400 594
45500 669
45600 637
45700 783
45800 995
45900 675
46000 1101
46100 830
46200 979
46300 1176
46400 956
46500 1286
46600 1794
46700 1179
46800 918
46900 1396
47000 1499
47100 916
47200 505
47300 787
47400 567
47500 59
47600 13
47700 70
47800 203
47900 156
48000 76
48100 118
48200 172
48300 263
48400 341
48500 315
48600 493
48700 378
48800 332
48900 290
49000 416
49100 285
49200 117
49300 75
49400 133
49500 164
49600 470
49700 768
49800 557
49900 575
50000 281
50100 125
50200 103
50300 219
50400 288
50500 407
50600 37
50700 43
50800 42
50900 44
51000 0
51100 55
51200 72
51300 25
51400 27
51500 0
51600 77
51700 131
51800 42
51900 39
52000 0
52100 1
52200 35
52300 22
52400 60
52500 24
52600 0
52700 27
52800 127
52900 172
53000 366
53100 182
53200 104
53300 60
53400 86
53500 10
53600 0
53700 31
53800 4
53900 34
54000 2
54100 273
54200 390
54300 217
54400 326
54500 124
54600 101
54700 26
54800 52
54900 11
55000 32
55100 44
55200 68
55300 0
55400 0
55500 8
55600 0
55700 57
55800 249
55900 182
56000 202
56100 165
56200 211
56300 228
56400 27
56500 57
56600 164
56700 111
56800 166
56900 191
57000 103
57100 97
57200 171
57300 107
57400 139
57500 261
57600 397
57700 487
57800 363
57900 621
58000 593
58100 552
58200 536
58300 567
58400 713
58500 659
58600 817
58700 355
58800 753
58900 949
59000 1263
59100 952
59200 1584
59300 1802
59400 1757
59500 1270
59600 869
59700 769
59800 493
59900 450
60000 441
60100 376
60200 403
60300 266
60400 265
60500 495
60600 466
60700 530
60800 646
60900 979
61000 726
61100 1155
61200 1113
61300 880
61400 466
61500 854
61600 780
61700 1044
61800 1018
61900 988
62000 1186
62100 1178
62200 1189
62300 754
62400 880
62500 521
62600 341
62700 302
62800 305
62900 240
63000 238
63100 486
63200 531
63300 501
63400 519
63500 353
63600 345
63700 462
63800 570
63900 503
64000 251
64100 171
64200 109
64300 25
64400 102
64500 79
64600 276
64700 162
64800 294
64900 343
65000 463
65100 297
65200 151
65300 80
65400 59
65500 50
65600 52
65700 1
65800 2
65900 8
66000 198
66100 35
66200 1
66300 11
66400 7
66500 145
66600 126
66700 37
66800 0
66900 107
67000 64
67100 3
67200 9
67300 24
67400 1
67500 17
67600 18
67700 9
67800 13
67900 55
68000 93
68100 260
68200 12
68300 29
68400 100
68500 520
68600 238
68700 2
68800 3
68900 8
69000 35
69100 2
69200 4
69300 21
69400 1
69500 7
69600 12
69700 0
69800 78
69900 16
70000 18
70100 27
70200 2
70300 0
70400 3
70500 4
70600 8
70700 0
70800 4
70900 46
71000 56
71100 179
71200 53
71300 0
71400 0
71500 0
71600 2
71700 6
71800 95
71900 115
72000 87
72100 160
72200 223
72300 217
72400 474
72500 460
72600 120
72700 24
72800 49
72900 27
73000 1
73100 8
73200 73
73300 74
73400 323
73500 333
73600 402
73700 65
73800 30
73900 3
74000 0
74100 2
74200 4
74300 67
74400 0
74500 44
74600 221
74700 272
74800 470
74900 254
75000 39
75100 109
75200 78
75300 188
75400 271
75500 309
75600 391
75700 961
75800 1052
75900 1013
76000 716
76100 658
76200 244
76300 303
76400 364
76500 491
76600 534
76700 632
76800 837
76900 896
77000 899
77100 1145
77200 756
77300 1247
77400 727
77500 440
77600 544
77700 467
77800 273
77900 174
78000 217
78100 247
78200 89
78300 85
78400 20
78500 0
78600 21
78700 41
78800 20
78900 24
79000 13
79100 4
79200 66
79300 190
79400 133
79500 114
79600 122
79700 56
79800 47
79900 283
80000 274
80100 320
80200 353
80300 370
80400 179
80500 191
80600 224
80700 337
80800 73
80900 123
81000 117
81100 13
81200 5
81300 0
81400 39
81500 29
81600 45
81700 210
81800 127
81900 146
82000 22
82100 0
82200 52
82300 27
82400 0
82500 1
82600 20
82700 10
82800 7
82900 1
83000 11
83100 2
83200 0
83300 15
83400 28
83500 69
83600 43
83700 67
83800 68
83900 265
84000 208
84100 154
84200 203
84300 520
84400 985
84500 825
84600 750
84700 918
84800 690
84900 844
85000 790
85100 1347
85200 1390
85300 1469
85400 1940
85500 1880
85600 1743
85700 1221
85800 1336
85900 995
86000 971
86100 1300
86200 1810
86300 2812
86400 2672
86500 1612
86600 1529
86700 1657
86800 1647
86900 1522
87000 1489
87100 2334
87200 1882
87300 1530
87400 1704
87500 2556
87600 2839
87700 3134
87800 3049
87900 2841
88000 3873
88100 4309
88200 4005
88300 3639
88400 2787
88500 2623
88600 2475
88700 2463
88800 2675
88900 2759
89000 2218
89100 2369
89200 2108
89300 1907
89400 2260
89500 2762
89600 2321
89700 2781
89800 2737
89900 3104
90000 3569
90100 3998
90200 4483
90300 3237
90400 3166
90500 3330
90600 3696
90700 3734
90800 3861
90900 3033
91000 2460
91100 1934
91200 2067
91300 1204
91400 1026
91500 1158
91600 904
91700 929
91800 737
91900 959
92000 1108
92100 882
92200 790
92300 472
92400 347
92500 472
92600 316
92700 217
92800 397
92900 545
93000 269
93100 207
93200 173
93300 132
93400 40
93500 67
93600 55
93700 39
93800 4
93900 0
94000 3
94100 9
94200 69
94300 25
94400 59
94500 106
94600 68
94700 186
94800 141
94900 75
95000 47
95100 112
95200 40
95300 41
95400 23
95500 101
95600 80
95700 10
95800 3
95900 18
96000 8
96100 1
96200 0
96300 11
96400 45
96500 93
96600 141
96700 151
96800 0
96900 56
97000 75
97100 328
97200 14
97300 95
97400 144
97500 101
97600 186
97700 193
97800 169
97900 167
98000 494
98100 455
98200 376
98300 441
98400 262
98500 158
98600 164
98700 42
98800 57
98900 30
99000 5
99100 12
99200 0
99300 3
99400 12
99500 53
99600 125
99700 24
99800 183
99900 116
100000 10
