1 0
2 0
3 0
4 1
5 2
6 3
7 2
8 2
9 4
10 1
11 2
12 1
13 1
14 3
15 2
16 6
17 2
18 2
19 2
20 0
21 0
22 0
23 0
24 0
25 0
26 0
27 0
28 0
29 1
30 1
31 2
32 4
33 2
34 0
35 1
36 1
37 1
38 2
39 1
40 2
41 3
42 1
43 1
44 3
45 4
46 6
47 0
48 0
49 2
50 2
51 1
52 0
53 9
54 7
55 7
56 5
57 2
58 3
59 3
60 1
61 1
62 1
63 2
64 0
65 1
66 0
67 0
68 0
69 0
70 0
71 0
72 0
73 0
74 0
75 0
76 0
77 0
78 0
79 0
80 0
81 0
82 0
83 0
84 1
85 2
86 2
87 2
88 3
89 4
90 6
91 5
92 8
93 0
94 9
95 1
96 9
97 1
98 2
99 2
100 9
1 0
2 0
3 0
4 0
5 0
6 0
7 0
8 0
9 0
10 0
11 0
12 1
13 2
14 3
15 3
16 5
17 7
18 4
19 2
20 2
21 3
22 5
23 6
24 6
25 7
26 4
27 5
28 7
29 8
30 7
31 6
32 7
33 0
34 4
35 5
36 5
37 2
38 2
39 4
40 1
41 9
42 9
43 4
44 2
45 4
46 3
47 5
48 9
49 8
50 4
51 6
52 6
53 4
54 3
55 2
56 1
57 1
58 4
59 4
60 3
61 1
62 1
63 2
64 3
65 2
66 1
67 0
68 0
69 0
70 0
71 0
72 0
73 0
74 0
75 1
76 2
77 3
78 2
79 4
80 4
81 2
82 3
83 1
84 0
85 0
86 0
87 0
88 0
89 0
90 0
91 2
92 2
93 2
94 1
95 0
96 0
97 0
98 1
99 1
100 1
