1 180
2 370
3 582
4 787
5 939
6 1100
7 1309
8 1481
9 1676
10 1914
11 2141
12 2320
13 2539
14 2872
15 3104
16 3441
17 3639
18 3784
19 4023
20 4177
21 4438
22 4690
23 4811
24 5050
25 5276
26 5359
27 5433
28 5601
29 5909
30 6077
31 6215
32 6531
33 6724
34 7002
35 7248
36 7434
37 7678
38 7892
39 7835
40 8187
41 8285
42 8517
43 8818
44 9028
45 9317
46 9590
47 9714
48 9854
49 9852
50 10103
51 10252
52 10519
53 10577
54 10639
55 10947
56 11223
57 11453
58 11655
59 11761
60 11770
61 12035
62 12442
63 12945
64 13310
65 13537
66 13665
67 14004
68 14221
69 14568
70 14740
71 14980
72 15036
73 15132
74 15414
75 15499
76 15813
77 16077
78 16273
79 16437
80 16497
81 16638
82 16933
83 17256
84 17607
85 17656
86 17683
87 17891
88 18076
89 18269
90 18652
91 18890
92 19289
93 19486
94 19779
95 20036
96 20341
97 20363
98 20471
99 20467
100 20555
101 21050
102 21080
103 21221
104 21468
105 21628
106 21820
107 22138
108 22459
109 22591
110 22724
111 22781
112 22914
113 22983
114 23078
115 23099
116 23319
117 23377
118 23302
119 23377
120 23610
121 23914
122 23965
123 24302
124 24414
125 24678
126 24759
127 24679
128 25170
129 25700
130 25916
131 26230
132 26349
133 26592
134 26769
135 26805
136 26914
137 26971
138 27406
139 27307
140 27754
141 28278
142 28410
143 28401
144 28432
145 28915
146 28723
147 28823
148 29058
149 29410
150 29592
151 29812
152 30080
153 30249
154 30723
155 30852
156 31020
157 31223
158 31557
159 32111
160 32558
161 32671
162 32901
163 33059
164 33146
165 33519
166 33477
167 33625
168 33746
169 33741
170 33529
171 33535
172 33448
173 33410
174 33980
175 34331
176 34458
177 35090
178 34883
179 35090
180 35107
181 35482
182 36184
183 36289
184 36373
185 36351
186 36896
187 37288
188 37868
189 37902
190 37867
191 37851
192 38042
193 38153
194 38513
195 39002
196 39330
197 39709
198 40014
199 40105
200 40549
201 40952
202 41333
203 41236
204 41471
205 41723
206 41630
207 41391
208 41176
209 41603
210 41845
211 41712
212 42226
213 42209
214 42093
215 42552
216 42675
217 43256
218 43644
219 43856
220 44114
221 44541
222 44809
223 45134
224 45160
225 45353
226 45601
227 45875
228 45602
229 45716
230 45972
231 46425
232 46829
233 46654
234 46870
235 46381
236 46579
237 46703
238 47146
239 47038
240 47182
241 47145
242 47374
243 47478
244 47627
245 47959
246 48572
247 49130
248 49187
249 49658
250 49794
251 50253
252 50432
253 50858
254 51170
255 51594
256 52000
257 52447
258 52436
259 52608
260 52709
261 52968
262 53312
263 53510
264 53442
265 53584
266 53977
267 54096
268 54289
269 54726
270 54915
271 55170
272 55178
273 55344
274 55987
275 56087
276 56261
277 56648
278 56465
279 56379
280 56332
281 55899
282 55789
283 56288
284 56602
285 56152
286 56474
287 56294
288 56264
289 56769
290 57095
291 57369
292 57653
293 57564
294 57779
295 57892
296 57834
297 58196
298 58210
299 59029
300 59565
301 59745
302 60306
303 60735
304 61412
305 61726
306 62131
307 62390
308 62316
309 62513
310 62463
311 62498
312 62964
313 63096
314 63063
315 63539
316 63978
317 64210
318 64415
319 64948
320 64709
321 64948
322 64784
323 64798
324 64872
325 65084
326 65469
327 65397
328 65491
329 65777
330 65965
331 66094
332 66390
333 66517
334 66905
335 66591
336 66715
337 67275
338 67390
339 67718
340 67837
341 67955
342 68086
343 68179
344 68386
345 68786
346 69578
347 69539
348 69557
349 69593
350 70442
351 70794
352 71135
353 71591
354 71828
355 72222
356 71834
357 72462
358 72232
359 72464
360 72816
361 73257
362 73207
363 73449
364 73417
365 73493
366 73829
367 74186
368 74198
369 74497
370 74576
371 74283
372 74758
373 74889
374 75170
375 75498
376 75393
377 75520
378 76076
379 75995
380 76268
381 76558
382 77205
383 77751
384 77970
385 77715
386 77874
387 77885
388 78459
389 78467
390 78702
391 78920
392 78865
393 79054
394 79281
395 79170
396 79084
397 78423
398 78447
399 78559
400 78290
401 78760
402 79228
403 79578
404 79959
405 80431
406 80464
407 80645
408 80483
409 80275
410 80408
411 80430
412 80150
413 80703
414 80272
415 80846
416 81119
417 81822
418 82704
419 82987
420 83708
421 83579
422 83853
423 83936
424 83998
425 83870
426 84053
427 84050
428 84349
429 84478
430 84512
431 84294
432 83975
433 84455
434 84470
435 84678
436 85207
437 85978
438 86028
439 86482
440 86551
441 86862
442 87328
443 87266
444 87700
445 87854
446 87929
447 88277
448 88531
449 88556
450 89008
451 88975
452 89241
453 88787
454 88665
455 89401
456 88961
457 89339
458 89433
459 89742
460 89870
461 90046
462 90438
463 90504
464 90664
465 90310
466 90469
467 91034
468 90957
469 91444
470 91598
471 91653
472 91860
473 91998
474 92052
475 92489
476 92559
477 93384
478 92997
479 92883
480 92959
481 92903
482 93209
483 93155
484 93797
485 93720
486 94264
487 94557
488 95380
489 95832
490 95613
491 95623
492 95916
493 95708
494 95689
495 95712
496 96193
497 96716
498 96611
499 97197
500 97670
501 97842
502 98296
503 98752
504 99228
505 99245
506 99790
507 100517
508 101266
509 101485
510 102014
511 102170
512 102746
513 103232
514 103455
515 103341
516 103344
517 103846
518 104475
519 104401
520 104988
521 105635
522 105580
523 105485
524 105071
525 104862
526 104659
527 104479
528 104374
529 105050
530 105268
531 105540
532 105726
533 105750
534 105982
535 106275
536 105877
537 105702
538 105506
539 105388
540 104981
541 105068
542 105492
543 105678
544 105628
545 105930
546 105894
547 105843
548 106300
549 106961
550 106470
551 106274
552 106838
553 106792
554 106700
555 106844
556 107487
557 108064
558 107960
559 107741
560 107912
561 108265
562 108399
563 108810
564 109166
565 109014
566 108645
567 108947
568 109216
569 109786
570 109634
571 109643
572 109513
573 109368
574 109451
575 109625
576 109442
577 109442
578 109454
579 109822
580 109971
581 110630
582 110565
583 110831
584 110594
585 110959
586 111253
587 111915
588 112155
589 112742
590 112682
591 112989
592 113173
593 113537
594 114045
595 114560
596 115037
597 114737
598 115388
599 115677
600 115589
601 115978
602 116182
603 116223
604 116626
605 116583
606 116202
607 116889
608 116482
609 116347
610 116729
611 116868
612 117055
613 116757
614 116693
615 117097
616 117953
617 118247
618 118043
619 118623
620 118453
621 119182
622 119650
623 119493
624 119826
625 119924
626 119974
627 120537
628 121142
629 121675
630 122324
631 122477
632 122957
633 123110
634 122632
635 122431
636 122515
637 122565
638 122875
639 123074
640 123537
641 124200
642 124226
643 124365
644 124612
645 124431
646 124760
647 124812
648 124895
649 125284
650 125722
651 125960
652 125921
653 125860
654 125897
655 126107
656 126547
657 126632
658 127771
659 128318
660 128215
661 127960
662 128404
663 128532
664 128971
665 129440
666 129111
667 129344
668 130175
669 130048
670 130598
671 130932
672 131628
673 131643
674 132030
675 132950
676 132728
677 132397
678 132985
679 132799
680 133021
681 133039
682 132870
683 133353
684 133748
685 133935
686 134164
687 134587
688 134465
689 134585
690 134205
691 134318
692 134563
693 134702
694 135410
695 135943
696 135647
697 136279
698 136304
699 135446
700 135662
701 135644
702 135615
703 136368
704 136511
705 136991
706 137448
707 137881
708 138499
709 138708
710 138730
711 138926
712 139147
713 139560
714 139693
715 139929
716 140075
717 139696
718 139642
719 139907
720 140464
721 140904
722 140807
723 141757
724 142005
725 142382
726 142589
727 142169
728 142735
729 143041
730 143368
731 143630
732 143715
733 143759
734 143716
735 143701
736 144018
737 143702
738 143757
739 144329
740 144876
741 145321
742 145962
743 146477
744 147531
745 148116
746 147789
747 147491
748 147135
749 147027
750 146566
751 146707
752 147669
753 147673
754 147771
755 148237
756 148630
757 148294
758 148364
759 148883
760 148962
761 149535
762 149763
763 149815
764 149574
765 149266
766 149895
767 149548
768 149814
769 149973
770 150606
771 151055
772 151184
773 151191
774 151421
775 151313
776 151841
777 152058
778 152193
779 152768
780 152594
781 152053
782 152254
783 152151
784 152732
785 152612
786 153484
787 153555
788 153537
789 154470
790 154383
791 154759
792 154581
793 154639
794 154582
795 154880
796 154598
797 154959
798 155606
799 156162
800 155632
801 155201
802 155547
803 155548
804 155886
805 156174
806 155977
807 156374
808 156462
809 156523
810 156976
811 157825
812 158441
813 159293
814 159010
815 159108
816 158372
817 158399
818 158783
819 158830
820 158951
821 159195
822 159325
823 158557
824 159124
825 159217
826 158937
827 158961
828 159204
829 159682
830 159657
831 159892
832 160432
833 160167
834 160223
835 160377
836 160291
837 160334
838 160510
839 160124
840 160837
841 160998
842 161339
843 161418
844 161056
845 159993
846 160716
847 160758
848 160441
849 160820
850 161541
851 161699
852 162056
853 162365
854 162531
855 162936
856 163609
857 163761
858 163532
859 163851
860 164297
861 164659
862 165055
863 164678
864 164531
865 164198
866 164224
867 164680
868 164162
869 164259
870 164641
871 165054
872 165154
873 164915
874 165151
875 165388
876 165766
877 166187
878 166760
879 166504
880 166383
881 166063
882 166542
883 166328
884 166997
885 167019
886 167150
887 167691
888 167466
889 166898
890 166530
891 166580
892 167168
893 167285
894 167326
895 167486
896 166953
897 167010
898 166956
899 166729
900 166824
901 166447
902 166816
903 167388
904 167554
905 167399
906 167797
907 168180
908 168236
909 168778
910 168382
911 168985
912 169782
913 169401
914 170481
915 169481
916 169524
917 169912
918 170315
919 170521
920 170563
921 170029
922 169677
923 169806
924 170185
925 169348
926 169810
927 169578
928 170239
929 171026
930 171370
931 171390
932 172440
933 172624
934 172923
935 173041
936 172791
937 172674
938 172919
939 173213
940 173555
941 173559
942 173620
943 173981
944 173606
945 173964
946 173962
947 174238
948 174089
949 174769
950 175231
951 175476
952 175692
953 176025
954 176007
955 175405
956 175369
957 175792
958 175518
959 175601
960 175538
961 175841
962 176629
963 177206
964 177304
965 177184
966 177468
967 178431
968 179249
969 180017
970 180652
971 180842
972 181443
973 181619
974 181470
975 181579
976 181789
977 181188
978 181644
979 181848
980 182003
981 183448
982 183512
983 182755
984 183113
985 183100
986 183198
987 183109
988 183223
989 182917
990 183170
991 182946
992 182888
993 183026
994 182833
995 182807
996 182356
997 182580
998 182998
999 182864
1000 182953
1001 183305
1002 183860
1003 184612
1004 184341
1005 184148
1006 184082
1007 183588
1008 183782
1009 184547
1010 185515
1011 184720
1012 184392
1013 183648
1014 184570
1015 184719
1016 185097
1017 185200
1018 185069
1019 185043
1020 185193
1021 184953
1022 185445
1023 185729
1024 185949
1025 186264
1026 186776
1027 186949
1028 187333
1029 187640
1030 187833
1031 187963
1032 187868
1033 188588
1034 188216
1035 188451
1036 188417
1037 188593
1038 186927
1039 187629
1040 188318
1041 188867
1042 189112
1043 190701
1044 191178
1045 191376
1046 191511
1047 191651
1048 192293
1049 193166
1050 193418
1051 193686
1052 193981
1053 194697
1054 195892
1055 196219
1056 196216
1057 196252
1058 197922
1059 197514
1060 198009
1061 197991
1062 198073
1063 198763
1064 198261
1065 198477
1066 198909
1067 199757
1068 200020
1069 200191
1070 200484
1071 200272
1072 200737
1073 201579
1074 202233
1075 202764
1076 203369
1077 203520
1078 203595
1079 203130
1080 202604
1081 202532
1082 202712
1083 203028
1084 203620
1085 204741
1086 205189
1087 205590
1088 206193
1089 207237
1090 207332
1091 207227
1092 208020
1093 208978
1094 208980
1095 208175
1096 207353
1097 207537
1098 208095
1099 208048
1100 207681
1101 207465
1102 207579
1103 208188
1104 208281
1105 209102
1106 209529
1107 209956
1108 209636
1109 210257
1110 210918
1111 211219
1112 211240
1113 211461
1114 211902
1115 212188
1116 212888
1117 214128
1118 213372
1119 213391
1120 213825
1121 213395
1122 213221
1123 213351
1124 214245
1125 214982
1126 214573
1127 214512
1128 214824
1129 215559
1130 215613
1131 216469
1132 216759
1133 216060
1134 216706
