100 7
200 7
300 0
400 52
500 10
600 0
700 1
800 0
900 8
1000 7
1100 36
1200 30
1300 13
1400 43
1500 8
1600 122
1700 227
1800 24
1900 12
2000 186
2100 389
2200 315
2300 360
2400 331
2500 613
2600 558
2700 701
2800 628
2900 695
3000 527
3100 177
3200 26
3300 93
3400 62
3500 141
3600 95
3700 215
3800 345
3900 617
4000 480
4100 364
4200 231
4300 164
4400 60
4500 124
4600 179
4700 353
4800 163
4900 4
5000 7
5100 0
5200 12
5300 47
5400 0
5500 12
5600 132
5700 206
5800 390
5900 715
6000 649
6100 811
6200 853
6300 1331
6400 665
6500 1045
6600 1170
6700 1231
6800 912
6900 1186
7000 1079
7100 836
7200 1406
7300 1256
7400 1673
7500 1638
7600 1855
7700 1112
7800 900
7900 975
8000 1308
8100 1231
8200 1080
8300 874
8400 1015
8500 589
8600 290
8700 333
8800 941
8900 1022
9000 1001
9100 726
9200 455
9300 633
9400 600
9500 1082
9600 979
9700 862
9800 1370
9900 1271
10000 1619
10100 1437
10200 973
10300 858
10400 1070
10500 928
10600 827
10700 1571
10800 1043
10900 841
11000 807
11100 813
11200 442
11300 1013
11400 725
11500 937
11600 930
11700 846
11800 733
11900 1095
12000 873
12100 765
12200 712
12300 772
12400 583
12500 615
12600 1096
12700 1055
12800 908
12900 593
13000 673
13100 895
13200 287
13300 191
13400 111
13500 114
13600 95
13700 96
13800 135
13900 384
14000 669
14100 560
14200 630
14300 600
14400 568
14500 400
14600 888
14700 617
14800 793
14900 592
15000 422
15100 584
15200 200
15300 184
15400 160
15500 198
15600 609
15700 99
15800 226
15900 52
16000 1
16100 5
16200 47
16300 111
16400 302
16500 555
16600 495
16700 474
16800 736
16900 716
17000 605
17100 492
17200 734
17300 589
17400 189
17500 221
17600 205
17700 260
17800 65
17900 102
18000 17
18100 0
18200 1
18300 0
18400 2
18500 9
18600 4
18700 32
18800 2
18900 0
19000 0
19100 10
19200 1
19300 3
19400 1
19500 32
19600 26
19700 36
19800 1
19900 2
20000 0
20100 13
20200 1
20300 6
20400 13
20500 12
20600 87
20700 72
20800 22
20900 0
21000 0
21100 111
21200 62
21300 39
21400 39
21500 83
21600 154
21700 55
21800 48
21900 29
22000 45
22100 309
22200 82
22300 3
22400 56
22500 155
22600 167
22700 182
22800 406
22900 681
23000 724
23100 999
23200 1079
23300 735
23400 795
23500 689
23600 791
23700 658
23800 792
23900 977
24000 1491
24100 1651
24200 1373
24300 1648
24400 1172
24500 1412
24600 1565
24700 1217
24800 1201
24900 1473
25000 1216
25100 771
25200 625
25300 315
25400 412
25500 312
25600 262
25700 32
25800 35
25900 101
26000 4
26100 16
26200 1
26300 6
26400 0
26500 93
26600 11
26700 4
26800 132
26900 671
27000 330
27100 36
27200 15
27300 6
27400 95
27500 141
27600 52
27700 173
27800 229
27900 366
28000 256
28100 90
28200 237
28300 705
28400 1145
28500 805
28600 1315
28700 1096
28800 1189
28900 1467
29000 1948
29100 2394
29200 3325
29300 2925
29400 3499
29500 3422
29600 3209
29700 2643
29800 3040
29900 3415
30000 3949
30100 4855
30200 5350
30300 4311
30400 4219
30500 4680
30600 4551
30700 4936
30800 5156
30900 6115
31000 6779
31100 6305
31200 6379
31300 7454
31400 7886
31500 9406
31600 310
31700 152
31800 221
31900 9593
32000 1208
32100 1878
32200 1684
32300 725
32400 772
32500 1954
32600 2579
32700 3365
32800 2574
32900 3144
33000 3856
33100 3306
33200 3579
33300 2895
33400 2767
33500 2258
33600 3672
33700 2430
33800 2258
33900 3423
34000 3186
34100 2544
34200 2607
34300 4296
34400 4080
34500 4323
34600 4691
34700 4098
34800 4877
34900 4316
35000 6434
35100 5947
35200 4781
35300 3551
35400 3171
35500 4030
35600 3120
35700 2854
35800 3780
35900 4575
36000 3978
36100 3121
36200 3448
36300 3937
36400 4111
36500 3491
36600 3255
36700 3472
36800 2823
36900 1181
37000 172
37100 9528
37200 1209
37300 3419
37400 3876
37500 3430
37600 2565
37700 2187
37800 2891
37900 3058
38000 2486
38100 1841
38200 2682
38300 3241
38400 4364
38500 4886
38600 5669
38700 5373
38800 7130
38900 8547
39000 7870
39100 9864
39200 479
39300 9680
39400 9316
39500 9981
39600 9123
39700 8123
39800 7593
39900 6492
40000 5808
40100 5483
40200 6229
40300 6870
40400 6717
40500 8020
40600 6735
40700 5412
40800 5052
40900 5319
41000 6894
41100 7654
41200 7326
41300 7097
41400 7392
41500 7082
41600 7380
41700 8107
41800 7715
41900 6991
42000 5977
42100 6568
42200 6766
42300 6247
42400 6915
42500 6240
42600 7341
42700 7614
42800 7226
42900 7642
43000 7842
43100 8251
43200 8398
43300 8865
43400 8563
43500 8597
43600 7923
43700 7847
43800 8155
43900 7075
44000 7333
44100 6328
44200 5036
44300 4851
44400 3995
44500 3440
44600 4029
44700 3927
44800 3768
44900 2408
45000 1723
45100 1429
45200 2061
45300 2702
45400 2693
45500 3436
45600 3251
45700 3902
45800 3292
45900 3537
46000 4543
46100 3993
46200 3798
46300 3199
46400 3395
46500 1500
46600 1991
46700 1143
46800 1330
46900 1079
47000 908
47100 1383
47200 2419
47300 2343
47400 2603
47500 3274
47600 3208
47700 3773
47800 3439
47900 4298
48000 4481
48100 5841
48200 6048
48300 6207
48400 5836
48500 6270
48600 6932
48700 7586
48800 7602
48900 8098
49000 8909
49100 8677
49200 8673
49300 9095
49400 9009
49500 9419
49600 9512
49700 9702
49800 9526
49900 9867
50000 677
50100 303
50200 185
50300 287
50400 233
50500 520
50600 722
50700 514
50800 170
50900 2
51000 0
51100 14
51200 20
51300 27
51400 7
51500 3
51600 1
51700 0
51800 12
51900 97
52000 372
52100 747
52200 623
52300 500
52400 223
52500 136
52600 507
52700 316
52800 374
52900 214
53000 334
53100 585
53200 351
53300 425
53400 158
53500 272
53600 411
53700 189
53800 312
53900 174
54000 296
54100 109
54200 266
54300 348
54400 685
54500 492
54600 814
54700 599
54800 586
54900 699
55000 390
55100 191
55200 87
55300 490
55400 447
55500 532
55600 442
55700 692
55800 614
55900 902
56000 1344
56100 921
56200 954
56300 1388
56400 1402
56500 1290
56600 1751
56700 2238
56800 2233
56900 1870
57000 1941
57100 1933
57200 1757
57300 1804
57400 1298
57500 1918
57600 1971
57700 2210
57800 2407
57900 2063
58000 1512
58100 1407
58200 943
58300 1193
58400 1630
58500 1079
58600 1396
58700 2223
58800 1471
58900 850
59000 1105
59100 890
59200 633
59300 974
59400 590
59500 486
59600 678
59700 381
59800 371
59900 728
60000 738
60100 921
60200 991
60300 1077
60400 708
60500 674
60600 859
60700 1536
60800 1213
60900 1171
61000 1286
61100 1371
61200 1590
61300 1382
61400 618
61500 640
61600 324
61700 570
61800 831
61900 824
62000 1168
62100 1645
62200 2184
62300 2175
62400 1882
62500 1859
62600 1238
62700 827
62800 736
62900 769
63000 1086
63100 725
63200 772
63300 441
63400 448
63500 305
63600 318
63700 248
63800 18
63900 0
64000 12
64100 108
64200 394
64300 209
64400 45
64500 133
64600 339
64700 202
64800 152
64900 234
65000 101
65100 196
65200 198
65300 483
65400 166
65500 128
65600 84
65700 43
65800 93
65900 45
66000 8
66100 92
66200 48
66300 123
66400 79
66500 38
66600 24
66700 0
66800 1
66900 33
67000 65
67100 165
67200 112
67300 121
67400 122
67500 0
67600 16
67700 0
67800 6
67900 0
68000 23
68100 42
68200 86
68300 217
68400 208
68500 153
68600 323
68700 565
68800 526
68900 686
69000 464
69100 489
69200 405
69300 517
69400 756
69500 709
69600 723
69700 578
69800 360
69900 306
70000 174
70100 107
70200 324
70300 193
70400 46
70500 317
70600 283
70700 204
70800 47
70900 5
71000 14
71100 81
71200 67
71300 237
71400 258
71500 267
71600 412
71700 383
71800 627
71900 587
72000 551
72100 721
72200 738
72300 842
72400 542
72500 251
72600 177
72700 51
72800 176
72900 141
73000 175
73100 48
73200 148
73300 68
73400 150
73500 177
73600 84
73700 106
73800 1
73900 9
74000 0
74100 1
74200 42
74300 43
74400 36
74500 67
74600 90
74700 191
74800 63
74900 45
75000 34
75100 55
75200 7
75300 3
75400 32
75500 12
75600 9
75700 5
75800 23
75900 0
76000 54
76100 20
76200 2
76300 0
76400 0
76500 0
76600 0
76700 3
76800 0
76900 5
77000 0
77100 27
77200 202
77300 348
77400 155
77500 453
77600 308
77700 303
77800 521
77900 303
78000 195
78100 106
78200 488
78300 573
78400 369
78500 263
78600 306
78700 193
78800 220
78900 473
79000 941
79100 893
79200 881
79300 701
79400 1052
79500 1338
79600 1256
79700 1254
79800 803
79900 768
80000 476
80100 423
80200 446
80300 180
80400 247
80500 211
80600 129
80700 388
80800 705
80900 874
81000 1179
81100 1361
81200 1144
81300 1881
81400 1983
81500 2993
81600 3331
81700 4014
81800 3305
81900 2361
82000 1864
82100 1595
82200 825
82300 809
82400 1091
82500 1386
82600 1376
82700 1919
82800 2264
82900 2063
83000 1501
83100 1522
83200 1972
83300 1792
83400 1845
83500 2046
83600 2078
83700 1908
83800 1490
83900 1541
84000 1227
84100 1232
84200 1483
84300 1516
84400 1823
84500 1374
84600 1131
84700 1558
84800 1810
84900 1707
85000 1546
85100 1854
85200 1527
85300 1891
85400 1764
85500 1634
85600 1922
85700 1530
85800 1215
85900 929
86000 528
86100 884
86200 820
86300 634
86400 1020
86500 1073
86600 1002
86700 983
86800 949
86900 1136
87000 839
87100 1086
87200 1230
87300 1381
87400 1403
87500 792
87600 798
87700 251
87800 287
87900 243
88000 224
88100 170
88200 95
88300 134
88400 44
88500 0
88600 0
88700 36
88800 71
88900 15
89000 54
89100 11
89200 22
89300 0
89400 4
89500 1
89600 0
89700 149
89800 90
89900 69
90000 198
90100 327
90200 544
90300 509
90400 605
90500 475
90600 968
90700 797
90800 662
90900 1379
91000 1178
91100 1310
91200 1140
91300 659
91400 405
91500 306
91600 229
91700 356
91800 141
91900 288
92000 211
92100 282
92200 516
92300 860
92400 876
92500 781
92600 840
92700 1062
92800 1201
92900 1097
93000 1359
93100 1282
93200 1650
93300 1503
93400 1521
93500 1600
93600 2095
93700 2199
93800 1720
93900 2022
94000 2148
94100 2157
94200 1944
94300 1910
94400 1571
94500 1893
94600 2572
94700 2337
94800 2165
94900 1728
95000 2206
95100 2179
95200 2462
95300 1751
95400 1028
95500 885
95600 1204
95700 1447
95800 1004
95900 897
96000 769
96100 1078
96200 925
96300 784
96400 522
96500 731
96600 523
96700 1201
96800 1413
96900 1955
97000 2118
97100 1994
97200 1880
97300 1432
97400 1056
97500 928
97600 1374
97700 1249
97800 1246
97900 1158
98000 1016
98100 1897
98200 1613
98300 1449
98400 1087
98500 846
98600 914
98700 990
98800 1388
98900 1097
99000 1343
99100 1485
99200 1594
99300 2049
99400 2324
99500 2108
99600 1947
99700 2435
99800 3054
99900 2371
100000 1492
