100 231
200 785
300 1432
400 1153
500 1218
600 1473
700 1579
800 1886
900 2200
1000 2192
1100 1726
1200 1435
1300 1580
1400 2164
1500 2645
1600 2653
1700 3076
1800 3600
1900 3225
2000 3468
2100 5308
2200 5932
2300 6678
2400 7479
2500 6682
2600 6301
2700 5736
2800 5678
2900 6387
3000 6277
3100 6881
3200 7097
3300 7387
3400 7386
3500 7685
3600 7756
3700 9478
3800 8080
3900 8420
4000 8502
4100 7857
4200 8571
4300 8544
4400 8153
4500 7321
4600 8023
4700 8402
4800 8054
4900 7752
5000 7600
5100 8458
5200 8863
5300 8407
5400 7951
5500 8159
5600 6784
5700 7607
5800 6983
5900 5560
6000 5164
6100 5796
6200 6420
6300 6048
6400 4901
6500 4757
6600 4112
6700 5444
6800 5682
6900 6723
7000 6770
7100 5437
7200 6809
7300 7098
7400 7105
7500 7048
7600 6975
7700 6586
7800 6874
7900 6984
8000 7519
8100 8115
8200 8749
8300 7873
8400 8511
8500 8017
8600 7957
8700 9815
8800 9895
8900 9558
9000 9110
9100 3
9200 583
9300 1774
9400 2566
9500 1569
9600 2488
9700 3499
9800 3805
9900 3846
10000 4616
10100 6318
10200 5097
10300 5777
10400 4500
10500 4709
10600 5462
10700 4593
10800 4496
10900 3724
11000 2797
11100 2669
11200 2268
11300 2634
11400 2229
11500 2964
11600 2393
11700 3351
11800 3763
11900 4505
12000 4098
12100 3998
12200 4852
12300 3827
12400 4571
12500 3213
12600 3702
12700 4646
12800 4594
12900 5455
13000 5733
13100 6510
13200 7460
13300 8545
13400 8939
13500 9166
13600 9330
13700 8990
13800 9877
13900 9162
14000 8552
14100 9796
14200 9067
14300 8482
14400 9001
14500 8623
14600 9611
14700 652
14800 1983
14900 2258
15000 3448
15100 4828
15200 5306
15300 6010
15400 5824
15500 4423
15600 6212
15700 5906
15800 6380
15900 6507
16000 5431
16100 5542
16200 6261
16300 6905
16400 8319
16500 8542
16600 55
16700 9095
16800 9409
16900 8710
17000 259
17100 1701
17200 1162
17300 1929
17400 2380
17500 3561
17600 3178
17700 4830
17800 4118
17900 1709
18000 4525
18100 3941
18200 5434
18300 7403
18400 7820
18500 9521
18600 614
18700 269
18800 8630
18900 9845
19000 182
19100 9553
19200 8893
19300 8135
19400 9236
19500 9281
19600 9878
19700 8202
19800 7428
19900 8390
20000 9207
20100 605
20200 2275
20300 3088
20400 3655
20500 3094
20600 2014
20700 3734
20800 3038
20900 2647
21000 3094
21100 3996
21200 2941
21300 3387
21400 3907
21500 3626
21600 3431
21700 3760
21800 3383
21900 2459
22000 2822
22100 3813
22200 4012
22300 4015
22400 3449
22500 4381
22600 3409
22700 3003
22800 2004
22900 2423
23000 2907
23100 2986
23200 3127
23300 3923
23400 3602
23500 3331
23600 2659
23700 2699
23800 2910
23900 2725
24000 3533
24100 4253
24200 3489
24300 4941
24400 4530
24500 5524
24600 6413
24700 6293
24800 5411
24900 5346
25000 5198
25100 4880
25200 4710
25300 5382
25400 6143
25500 5889
25600 6654
25700 6255
25800 5601
25900 6382
26000 7698
26100 7530
26200 7242
26300 7070
26400 7530
26500 7578
26600 8342
26700 7530
26800 7842
26900 8487
27000 9358
27100 262
27200 9702
27300 9230
27400 9302
27500 9643
27600 9331
27700 9763
27800 9047
27900 9622
28000 8695
28100 0
28200 9232
28300 9482
28400 29
28500 457
28600 9083
28700 9504
28800 8321
28900 9251
29000 269
29100 735
29200 814
29300 2479
29400 958
29500 1247
29600 2270
29700 2314
29800 3183
29900 1567
30000 1362
30100 647
30200 706
30300 678
30400 2081
30500 2463
30600 2005
30700 9722
30800 1419
30900 566
31000 1042
31100 397
31200 2014
31300 2488
31400 2074
31500 2622
31600 2889
31700 1046
31800 3217
31900 2733
32000 2723
32100 5188
32200 6635
32300 9512
32400 8153
32500 6303
32600 5659
32700 4706
32800 6419
32900 5549
33000 6070
33100 4610
33200 6804
33300 5992
33400 7276
33500 6597
33600 7092
33700 7937
33800 6225
33900 5097
34000 4409
34100 4777
34200 4152
34300 6886
34400 8973
34500 6571
34600 6178
34700 5466
34800 4084
34900 5120
35000 4630
35100 4229
35200 3313
35300 2876
35400 3530
35500 3418
35600 3537
35700 5282
35800 3394
35900 3190
36000 4456
36100 4522
36200 4323
36300 6304
36400 6139
36500 5656
36600 5634
36700 5229
36800 4250
36900 2987
37000 1746
37100 1282
37200 9953
37300 9453
37400 7453
37500 8301
37600 9723
37700 513
37800 8651
37900 8355
38000 9071
38100 9134
38200 8203
38300 9734
38400 8591
38500 7785
38600 6082
38700 5926
38800 6118
38900 6251
39000 6758
39100 6745
39200 7149
39300 6910
39400 5826
39500 5323
39600 5354
39700 6011
39800 7215
39900 8477
40000 6693
40100 5667
40200 5231
40300 6760
40400 5769
40500 4914
40600 4758
40700 5276
40800 5315
40900 6183
41000 5917
41100 5651
41200 5233
41300 5876
41400 6351
41500 5475
41600 3879
41700 3606
41800 4557
41900 5553
42000 6124
42100 6267
42200 6926
42300 6809
42400 5806
42500 5268
42600 4978
42700 5253
42800 4624
42900 4104
43000 2890
43100 2596
43200 1815
43300 2851
43400 2798
43500 3084
43600 2165
43700 3557
43800 3792
43900 3926
44000 3174
44100 1894
44200 2617
44300 1388
44400 1486
44500 2174
44600 2147
44700 2622
44800 3415
44900 4467
45000 5639
45100 5035
45200 3757
45300 3737
45400 4015
45500 4083
45600 4536
45700 6445
45800 6292
45900 6088
46000 6974
46100 6546
46200 5999
46300 5551
46400 5873
46500 7177
46600 7410
46700 7102
46800 7000
46900 7225
47000 7063
47100 5690
47200 6417
47300 5618
47400 5726
47500 6141
47600 8034
47700 9714
47800 9393
47900 9586
48000 9538
48100 8899
48200 122
48300 538
48400 8732
48500 8115
48600 7401
48700 8333
48800 9883
48900 2225
49000 4052
49100 4261
49200 4440
49300 2294
49400 1202
49500 1710
49600 1232
49700 9039
49800 626
49900 2300
50000 9012
50100 8447
50200 9180
50300 520
50400 8422
50500 7182
50600 8504
50700 9458
50800 750
50900 179
51000 395
51100 9737
51200 1137
51300 33
51400 9626
51500 9784
51600 9617
51700 8405
51800 8947
51900 8812
52000 9071
52100 8866
52200 9165
52300 316
52400 958
52500 1476
52600 1783
52700 1599
52800 2613
52900 2909
53000 2389
53100 1481
53200 2263
53300 2096
53400 1900
53500 2680
53600 1854
53700 2563
53800 2914
53900 3834
54000 6387
54100 6015
54200 6429
54300 5852
54400 5215
54500 5116
54600 4534
54700 5096
54800 5022
54900 5858
55000 5185
55100 5743
55200 5275
55300 4373
55400 4024
55500 5714
55600 5738
55700 4653
55800 6402
55900 6632
56000 6256
56100 7822
56200 8463
56300 8205
56400 8526
56500 7443
56600 8234
56700 9409
56800 131
56900 22
57000 9407
57100 7766
57200 7289
57300 8633
57400 8590
57500 7650
57600 6173
57700 4975
57800 5478
57900 5098
58000 6631
58100 4885
58200 4689
58300 3599
58400 5392
58500 5286
58600 5474
58700 2473
58800 3808
58900 4095
59000 5516
59100 4620
59200 6773
59300 8621
59400 9392
59500 445
59600 9749
59700 9527
59800 802
59900 162
60000 482
60100 3782
60200 4677
60300 5312
60400 51
60500 392
60600 9316
60700 9979
60800 4008
60900 4432
61000 5885
61100 7020
61200 7837
61300 7971
61400 210
61500 799
61600 9527
61700 7868
61800 5251
61900 6755
62000 8388
62100 9794
62200 1040
62300 9395
62400 1258
62500 9841
62600 2537
62700 5421
62800 6371
62900 3337
63000 5151
63100 7946
63200 8176
63300 7564
63400 7264
63500 5794
63600 4788
63700 6660
63800 6291
63900 5805
64000 6144
64100 5631
64200 7792
64300 9484
64400 7484
64500 5298
64600 5928
64700 2242
64800 7455
64900 5678
65000 983
65100 4376
65200 2233
65300 2981
65400 702
65500 9638
65600 522
65700 2397
65800 2150
65900 3622
66000 4447
66100 5567
66200 6602
66300 7211
66400 8998
66500 653
66600 1274
66700 2296
66800 3482
66900 6273
67000 5160
67100 5780
67200 4166
67300 5125
67400 2412
67500 5528
67600 7746
67700 5388
67800 2711
67900 9146
68000 3073
68100 3510
68200 1848
68300 9194
68400 8708
68500 1216
68600 2706
68700 1710
68800 629
68900 8596
69000 7288
69100 7587
69200 8140
69300 8237
69400 6655
69500 8053
69600 1539
69700 1677
69800 3414
69900 4506
70000 5383
70100 6227
70200 5721
70300 6130
70400 39
70500 665
70600 377
70700 9427
70800 861
70900 9489
71000 14
71100 3356
71200 5283
71300 4230
71400 2457
71500 5241
71600 5749
71700 6031
71800 7599
71900 5011
72000 9007
72100 161
72200 7208
72300 6511
72400 9108
72500 8086
72600 9022
72700 9921
72800 2447
72900 1749
73000 9225
73100 4966
73200 5405
73300 2867
73400 2294
73500 7570
73600 4546
73700 4807
73800 4047
73900 2867
74000 5780
74100 4438
74200 3843
74300 2606
74400 2424
74500 3059
74600 2809
74700 3081
74800 3568
74900 3965
75000 7524
75100 7645
75200 8291
75300 8361
75400 7996
75500 202
75600 709
75700 330
75800 9528
75900 1125
76000 1216
76100 9449
76200 954
76300 356
76400 3885
76500 911
76600 9323
76700 9810
76800 371
76900 9085
77000 7950
77100 4676
77200 4826
77300 7644
77400 8005
77500 8330
77600 6654
77700 5969
77800 5461
77900 5700
78000 6543
78100 6199
78200 6145
78300 4865
78400 5554
78500 6623
78600 5375
78700 5502
78800 5891
78900 6357
79000 6054
79100 6288
79200 5948
79300 7367
79400 8667
79500 8170
79600 9041
79700 8876
79800 8300
79900 7748
80000 9601
80100 9876
80200 9814
80300 175
80400 601
80500 1691
80600 856
80700 281
80800 38
80900 1388
81000 1414
81100 2078
81200 1480
81300 1266
81400 20
81500 4
81600 3108
81700 3935
81800 5020
81900 5463
82000 5819
82100 6900
82200 6539
82300 712
82400 751
82500 1231
82600 1648
82700 800
82800 870
82900 2514
83000 1508
83100 4637
83200 3957
83300 2098
83400 1755
83500 1536
83600 2218
83700 9566
83800 8118
83900 265
84000 2006
84100 5646
84200 5600
84300 7127
84400 9354
84500 9733
84600 363
84700 2643
84800 3754
84900 3656
85000 4598
85100 4566
85200 2129
85300 269
85400 8453
85500 8903
85600 8884
85700 689
85800 2227
85900 5513
86000 7184
86100 8223
86200 544
86300 9686
86400 9103
86500 8960
86600 9657
86700 1491
86800 2901
86900 4105
87000 5726
87100 5442
87200 6574
87300 6502
87400 7640
87500 8479
87600 9809
87700 9412
87800 885
87900 8127
88000 7398
88100 6335
88200 8157
88300 7202
88400 8974
88500 6986
88600 6382
88700 4035
88800 6794
88900 9154
89000 69
89100 9924
89200 8031
89300 8822
89400 107
89500 324
89600 2097
89700 5211
89800 4304
89900 5740
90000 7159
90100 9938
90200 9903
90300 7928
90400 7405
90500 7346
90600 4403
90700 7075
90800 8212
90900 6389
91000 8703
91100 9282
91200 818
91300 8685
91400 7338
91500 8453
91600 7936
91700 9932
91800 9879
91900 8437
92000 8921
92100 8883
92200 9130
92300 1808
92400 2762
92500 3940
92600 3024
92700 2527
92800 2386
92900 1505
93000 2921
93100 3811
93200 4243
93300 5045
93400 3896
93500 4095
93600 6107
93700 5869
93800 4924
93900 3682
94000 3275
94100 981
94200 17
94300 78
94400 9988
94500 686
94600 1069
94700 8669
94800 8374
94900 9016
95000 561
95100 1958
95200 4340
95300 5512
95400 4815
95500 5608
95600 6411
95700 7570
95800 8533
95900 7077
96000 6477
96100 6259
96200 7407
96300 6298
96400 4645
96500 5834
96600 6066
96700 4271
96800 5046
96900 4182
97000 1776
97100 322
97200 835
97300 160
97400 9711
97500 8537
97600 8801
97700 9538
97800 9857
97900 8690
98000 6783
98100 6946
98200 6034
98300 7416
98400 6015
98500 6016
98600 9189
98700 9146
98800 7611
98900 8818
99000 241
99100 2099
99200 2780
99300 1006
99400 3005
99500 2078
99600 3723
99700 3401
99800 3960
99900 4653
100000 4480
