100 59
200 114
300 69
400 149
500 185
600 182
700 321
800 540
900 416
1000 368
1100 340
1200 341
1300 217
1400 362
1500 409
1600 134
1700 326
1800 327
1900 547
2000 355
2100 262
2200 305
2300 470
2400 264
2500 339
2600 455
2700 513
2800 560
2900 490
3000 262
3100 141
3200 109
3300 153
3400 260
3500 238
3600 181
3700 107
3800 100
3900 345
4000 218
4100 292
4200 350
4300 442
4400 194
4500 112
4600 200
4700 106
4800 203
4900 197
5000 130
5100 352
5200 434
5300 435
5400 367
5500 327
5600 425
5700 334
5800 423
5900 366
6000 455
6100 207
6200 246
6300 44
6400 180
6500 148
6600 214
6700 420
6800 457
6900 241
7000 286
7100 422
7200 557
7300 538
7400 664
7500 362
7600 402
7700 319
7800 288
7900 386
8000 99
8100 324
8200 331
8300 345
8400 388
8500 200
8600 176
8700 181
8800 270
8900 397
9000 587
9100 562
9200 445
9300 290
9400 218
9500 438
9600 213
9700 402
9800 391
9900 705
10000 535
10100 511
10200 489
10300 442
10400 624
10500 462
10600 671
10700 637
10800 455
10900 312
11000 504
11100 441
11200 651
11300 687
11400 670
11500 868
11600 710
11700 631
11800 721
11900 664
12000 1027
12100 939
12200 556
12300 386
12400 369
12500 257
12600 236
12700 428
12800 342
12900 737
13000 527
13100 346
13200 176
13300 550
13400 471
13500 486
13600 96
13700 211
13800 265
13900 470
14000 411
14100 390
14200 295
14300 200
14400 254
14500 286
14600 292
14700 504
14800 329
14900 407
15000 288
15100 235
15200 346
15300 565
15400 466
15500 420
15600 457
15700 330
15800 481
15900 314
16000 358
16100 812
16200 453
16300 202
16400 125
16500 166
16600 275
16700 235
16800 385
16900 498
17000 686
17100 1015
17200 1016
17300 904
17400 545
17500 425
17600 175
17700 385
17800 235
17900 330
18000 225
18100 254
18200 407
18300 488
18400 428
18500 386
18600 433
18700 324
18800 388
18900 431
19000 242
19100 188
19200 264
19300 224
19400 343
19500 274
19600 383
19700 571
19800 485
19900 441
20000 299
20100 307
20200 318
20300 311
20400 797
20500 316
20600 553
20700 486
20800 479
20900 666
21000 305
21100 472
21200 384
21300 376
21400 344
21500 169
21600 143
21700 471
21800 268
21900 225
22000 541
22100 728
22200 577
22300 604
22400 587
22500 870
22600 508
22700 300
22800 471
22900 519
23000 492
23100 418
23200 249
23300 215
23400 158
23500 311
23600 356
23700 175
23800 256
23900 422
24000 449
24100 327
24200 376
24300 288
24400 562
24500 490
24600 651
24700 427
24800 233
24900 114
25000 249
25100 327
25200 430
25300 596
25400 458
25500 236
25600 207
25700 525
25800 334
25900 361
26000 384
26100 642
26200 557
26300 223
26400 317
26500 381
26600 473
26700 426
26800 276
26900 685
27000 1009
27100 773
27200 511
27300 515
27400 584
27500 517
27600 579
27700 178
27800 238
27900 502
28000 705
28100 539
28200 341
28300 380
28400 518
28500 495
28600 418
28700 404
28800 70
28900 168
29000 488
29100 210
29200 191
29300 627
29400 556
29500 531
29600 981
29700 783
29800 520
29900 332
30000 123
30100 269
30200 264
30300 250
30400 223
30500 210
30600 124
30700 175
30800 222
30900 269
31000 181
31100 323
31200 204
31300 161
31400 135
31500 238
31600 333
31700 244
31800 341
31900 194
32000 90
32100 211
32200 683
32300 522
32400 352
32500 277
32600 276
32700 225
32800 104
32900 304
33000 407
33100 384
33200 327
33300 198
33400 530
33500 385
33600 410
33700 336
33800 679
33900 936
34000 720
34100 762
34200 734
34300 506
34400 327
34500 637
34600 412
34700 506
34800 442
34900 706
35000 496
35100 154
35200 216
35300 143
35400 250
35500 310
35600 651
35700 709
35800 644
35900 626
36000 354
36100 179
36200 543
36300 385
36400 381
36500 484
36600 525
36700 500
36800 140
36900 257
37000 193
37100 140
37200 287
37300 347
37400 588
37500 279
37600 362
37700 252
37800 243
37900 492
38000 709
38100 816
38200 526
38300 600
38400 278
38500 521
38600 488
38700 561
38800 420
38900 443
39000 415
39100 383
39200 270
39300 172
39400 392
39500 391
39600 407
39700 310
39800 238
39900 148
40000 270
40100 495
40200 287
40300 342
40400 479
40500 429
40600 489
40700 74
40800 75
40900 258
41000 171
41100 220
41200 252
41300 163
41400 172
41500 264
41600 169
41700 186
41800 188
41900 256
42000 358
42100 347
42200 338
42300 251
42400 252
42500 269
42600 263
42700 587
42800 248
42900 288
43000 362
43100 432
43200 653
43300 265
43400 558
43500 560
43600 440
43700 305
43800 255
43900 231
44000 174
44100 142
44200 123
44300 171
44400 66
44500 220
44600 516
44700 513
44800 405
44900 632
45000 928
45100 682
45200 332
45300 515
45400 553
45500 287
45600 270
45700 416
45800 474
45900 423
46000 494
46100 649
46200 403
46300 265
46400 457
46500 440
46600 616
46700 559
46800 388
46900 545
47000 436
47100 270
47200 309
47300 265
47400 307
47500 173
47600 325
47700 130
47800 327
47900 459
48000 586
48100 346
48200 598
48300 502
48400 251
48500 351
48600 385
48700 297
48800 553
48900 349
49000 513
49100 447
49200 308
49300 596
49400 422
49500 377
49600 389
49700 368
49800 188
49900 463
50000 497
50100 527
50200 602
50300 545
50400 619
50500 436
50600 474
50700 406
50800 384
50900 546
51000 385
51100 427
51200 423
51300 191
51400 179
51500 185
51600 315
51700 295
51800 233
51900 498
52000 128
52100 39
52200 149
52300 188
52400 139
52500 135
52600 276
52700 386
52800 393
52900 491
53000 270
53100 331
53200 250
53300 405
53400 853
53500 842
53600 835
53700 581
53800 1175
53900 590
54000 464
54100 195
54200 328
54300 579
54400 314
54500 152
54600 333
54700 512
54800 482
54900 272
55000 514
55100 477
55200 700
55300 582
55400 540
55500 536
55600 171
55700 188
55800 283
55900 178
56000 271
56100 529
56200 556
56300 590
56400 422
56500 366
56600 225
56700 229
56800 250
56900 316
57000 507
57100 506
57200 490
57300 373
57400 498
57500 511
57600 333
57700 326
57800 540
57900 568
58000 433
58100 198
58200 338
58300 275
58400 613
58500 413
58600 755
58700 668
58800 700
58900 611
59000 603
59100 478
59200 618
59300 701
59400 560
59500 451
59600 468
59700 583
59800 414
59900 571
60000 362
60100 383
60200 387
60300 388
60400 455
60500 412
60600 493
60700 469
60800 750
60900 546
61000 502
61100 602
61200 654
61300 712
61400 337
61500 214
61600 185
61700 197
61800 302
61900 404
62000 327
62100 111
62200 124
62300 208
62400 267
62500 173
62600 293
62700 404
62800 169
62900 178
63000 84
63100 337
63200 277
63300 319
63400 321
63500 305
63600 302
63700 375
63800 310
63900 553
64000 480
64100 765
64200 671
64300 360
64400 318
64500 424
64600 233
64700 128
64800 541
64900 487
65000 255
65100 280
65200 516
65300 375
65400 419
65500 294
65600 287
65700 179
65800 221
65900 288
66000 494
66100 508
66200 380
66300 388
66400 358
66500 231
66600 181
66700 341
66800 521
66900 326
67000 382
67100 735
67200 706
67300 696
67400 621
67500 318
67600 234
67700 181
67800 210
67900 342
68000 216
68100 164
68200 333
68300 717
68400 546
68500 442
68600 476
68700 374
68800 221
68900 275
69000 246
69100 277
69200 555
69300 868
69400 638
69500 767
69600 176
69700 575
69800 360
69900 191
70000 241
70100 144
70200 298
70300 392
70400 337
70500 311
70600 255
70700 275
70800 288
70900 427
71000 208
71100 265
71200 362
71300 471
71400 226
71500 369
71600 211
71700 702
71800 681
71900 474
72000 611
72100 516
72200 454
72300 280
72400 268
72500 257
72600 191
72700 103
72800 189
72900 319
73000 220
73100 700
73200 393
73300 491
73400 786
73500 252
73600 183
73700 242
73800 208
73900 100
74000 143
74100 232
74200 371
74300 479
74400 311
74500 499
74600 726
74700 520
74800 334
74900 627
75000 336
75100 566
75200 427
75300 210
75400 142
75500 358
75600 395
75700 281
75800 442
75900 437
76000 371
76100 488
76200 162
76300 288
76400 537
76500 174
76600 172
76700 285
76800 158
76900 314
77000 362
77100 374
77200 278
77300 94
77400 245
77500 372
77600 256
77700 345
77800 551
77900 371
78000 401
78100 171
78200 257
78300 384
78400 795
78500 979
78600 490
78700 491
78800 694
78900 579
79000 923
79100 512
79200 564
79300 1192
79400 728
79500 625
79600 540
79700 238
79800 274
79900 296
80000 294
80100 533
80200 953
80300 1241
80400 1368
80500 1106
80600 600
80700 536
80800 559
80900 580
81000 716
81100 235
81200 300
81300 259
81400 239
81500 499
81600 262
81700 579
81800 602
81900 566
82000 471
82100 270
82200 224
82300 310
82400 347
82500 498
82600 317
82700 591
82800 297
82900 532
83000 325
83100 283
83200 487
83300 313
83400 311
83500 487
83600 778
83700 727
83800 792
83900 614
84000 584
84100 396
84200 364
84300 539
84400 603
84500 496
84600 578
84700 347
84800 319
84900 341
85000 224
85100 192
85200 428
85300 272
85400 294
85500 494
85600 665
85700 473
85800 515
85900 450
86000 401
86100 481
86200 588
86300 400
86400 213
86500 393
86600 43
86700 45
86800 99
86900 206
87000 222
87100 321
87200 606
87300 464
87400 486
87500 555
87600 504
87700 594
87800 631
87900 336
88000 351
88100 384
88200 240
88300 409
88400 195
88500 222
88600 173
88700 366
88800 353
88900 287
89000 113
89100 308
89200 408
89300 234
89400 321
89500 404
89600 350
89700 323
89800 276
89900 387
90000 303
90100 309
90200 127
90300 433
90400 599
90500 425
90600 677
90700 565
90800 871
90900 764
91000 529
91100 648
91200 444
91300 437
91400 579
91500 378
91600 270
91700 236
91800 217
91900 363
92000 176
92100 472
92200 281
92300 393
92400 418
92500 478
92600 517
92700 361
92800 427
92900 489
93000 403
93100 451
93200 292
93300 404
93400 496
93500 842
93600 797
93700 785
93800 950
93900 631
94000 154
94100 78
94200 190
94300 216
94400 200
94500 553
94600 591
94700 625
94800 258
94900 368
95000 534
95100 382
95200 280
95300 597
95400 311
95500 358
95600 411
95700 395
95800 354
95900 269
96000 456
96100 481
96200 322
96300 386
96400 380
96500 239
96600 410
96700 476
96800 357
96900 308
97000 354
97100 298
97200 249
97300 282
97400 255
97500 196
97600 170
97700 320
97800 391
97900 498
98000 392
98100 566
98200 391
98300 236
98400 138
98500 281
98600 460
98700 410
98800 387
98900 267
99000 203
99100 315
99200 331
99300 476
99400 465
99500 237
99600 288
99700 220
99800 313
99900 351
100000 315
