100 1359
200 2166
300 4098
400 3798
500 4683
600 4987
700 4867
800 4433
900 4530
1000 3687
1100 3803
1200 3746
1300 4233
1400 4276
1500 3453
1600 3667
1700 4210
1800 4097
1900 3142
2000 3023
2100 3445
2200 3989
2300 3162
2400 3694
2500 3351
2600 3855
2700 4348
2800 4270
2900 3995
3000 3504
3100 3986
3200 4015
3300 3211
3400 4466
3500 4301
3600 3723
3700 4430
3800 3801
3900 3059
4000 3315
4100 3605
4200 3787
4300 4366
4400 3341
4500 3331
4600 3619
4700 4077
4800 4768
4900 3534
5000 3569
5100 3907
5200 5078
5300 5418
5400 5622
5500 5091
5600 4670
5700 4919
5800 4292
5900 4362
6000 4615
6100 4277
6200 4593
6300 3958
6400 4624
6500 4240
6600 4405
6700 4344
6800 4227
6900 3674
7000 3880
7100 4057
7200 4632
7300 4936
7400 4858
7500 4281
7600 3735
7700 4170
7800 3936
7900 4358
8000 5125
8100 4263
8200 4577
8300 4205
8400 4034
8500 5408
8600 4819
8700 4281
8800 5186
8900 4013
9000 4709
9100 4610
9200 4482
9300 5013
9400 4642
9500 5178
9600 4737
9700 3419
9800 2946
9900 3228
10000 4557
10100 5611
10200 5389
10300 4043
10400 3957
10500 4210
10600 3620
10700 4134
10800 4449
10900 4120
11000 4939
11100 5449
11200 4758
11300 4201
11400 4529
11500 4862
11600 4662
11700 3991
11800 3984
11900 4214
12000 4983
12100 4526
12200 4662
12300 4775
12400 4584
12500 3951
12600 3428
12700 3532
12800 4475
12900 4113
13000 3552
13100 3244
13200 4515
13300 4033
13400 4400
13500 4457
13600 4172
13700 4602
13800 4635
13900 5971
14000 5278
14100 4432
14200 3594
14300 3775
14400 4011
14500 3660
14600 3229
14700 3744
14800 4045
14900 4272
15000 3277
15100 2973
15200 3749
15300 2972
15400 3732
15500 4172
15600 3269
15700 3535
15800 4141
15900 4354
16000 4550
16100 3725
16200 5108
16300 4709
16400 3581
16500 3437
16600 4026
16700 3992
16800 4481
16900 3885
17000 3150
17100 3359
17200 3634
17300 2897
17400 2553
17500 2827
17600 3267
17700 3261
17800 4019
17900 3937
18000 3840
18100 3657
18200 3412
18300 3335
18400 3636
18500 4344
18600 4337
18700 4659
18800 4226
18900 3352
19000 2978
19100 3027
19200 3338
19300 3319
19400 3467
19500 4389
19600 4411
19700 4531
19800 4003
19900 4719
20000 3993
20100 4140
20200 4910
20300 4881
20400 4614
20500 4361
20600 4286
20700 5367
20800 5520
20900 3944
21000 3351
21100 3781
21200 3616
21300 3508
21400 4179
21500 4424
21600 4402
21700 4643
21800 4623
21900 4019
22000 3959
22100 4361
22200 5048
22300 4403
22400 5200
22500 4641
22600 4512
22700 4713
22800 4868
22900 5122
23000 5299
23100 4834
23200 4890
23300 5160
23400 4768
23500 4259
23600 3954
23700 4034
23800 3541
23900 2596
24000 2939
24100 3958
24200 4067
24300 3704
24400 4364
24500 3749
24600 4703
24700 3842
24800 4576
24900 3198
25000 3269
25100 3264
25200 4176
25300 4945
25400 4746
25500 3901
25600 3825
25700 3781
25800 4288
25900 4724
26000 5054
26100 4135
26200 3854
26300 4333
26400 4433
26500 4018
26600 3832
26700 3136
26800 3957
26900 3821
27000 4466
27100 4244
27200 4240
27300 2943
27400 3899
27500 4850
27600 4382
27700 4173
27800 4338
27900 5068
28000 4817
28100 4532
28200 3862
28300 4309
28400 4603
28500 5273
28600 4360
28700 4906
28800 5890
28900 5916
29000 5118
29100 5613
29200 5733
29300 5802
29400 5167
29500 4077
29600 4102
29700 4230
29800 5023
29900 3852
30000 3990
30100 3817
30200 4168
30300 3617
30400 3901
30500 4471
30600 4367
30700 3620
30800 3853
30900 3758
31000 3741
31100 3519
31200 4165
31300 3992
31400 4194
31500 3885
31600 3718
31700 4058
31800 4849
31900 3829
32000 4446
32100 4098
32200 4504
32300 4395
32400 4773
32500 5223
32600 4816
32700 4282
32800 3710
32900 3877
33000 3753
33100 4634
33200 3328
33300 3186
33400 3530
33500 3628
33600 3851
33700 3434
33800 3000
33900 3286
34000 4185
34100 4082
34200 4546
34300 3956
34400 4193
34500 3809
34600 3783
34700 4646
34800 3357
34900 4402
35000 5591
35100 5861
35200 5176
35300 4996
35400 4067
35500 3602
35600 3255
35700 4304
35800 4680
35900 4229
36000 4513
36100 3682
36200 3990
36300 3830
36400 3601
36500 4470
36600 3851
36700 4134
36800 4070
36900 4448
37000 4268
37100 5207
37200 4966
37300 5097
37400 4001
37500 4311
37600 4310
37700 3944
37800 4016
37900 3273
38000 2424
38100 2037
38200 2892
38300 2000
38400 3096
38500 3202
38600 4490
38700 5287
38800 5516
38900 5323
39000 5516
39100 5153
39200 5110
39300 5466
39400 4974
39500 5064
39600 5036
39700 5650
39800 5341
39900 4691
40000 4189
40100 3934
40200 4232
40300 4517
40400 3673
40500 3807
40600 3039
40700 3216
40800 4384
40900 4490
41000 3606
41100 3881
41200 4864
41300 5042
41400 5261
41500 4382
41600 3536
41700 3501
41800 3235
41900 2496
42000 3758
42100 3411
42200 3686
42300 3955
42400 4291
42500 3396
42600 3446
42700 4222
42800 4658
42900 4594
43000 4422
43100 4952
43200 4672
43300 4744
43400 4278
43500 4614
43600 4395
43700 4136
43800 4298
43900 3759
44000 3419
44100 3196
44200 3609
44300 3561
44400 3041
44500 3824
44600 4228
44700 3931
44800 3298
44900 4721
45000 5098
45100 5135
45200 5159
45300 3937
45400 4063
45500 3399
45600 3443
45700 4008
45800 3966
45900 3789
46000 3453
46100 4742
46200 3934
46300 3105
46400 2898
46500 3507
46600 3985
46700 5043
46800 4688
46900 4637
47000 4402
47100 3822
47200 4099
47300 3729
47400 3417
47500 3502
47600 3606
47700 4701
47800 4584
47900 4857
48000 4937
48100 5095
48200 5829
48300 4087
48400 5299
48500 4794
48600 3925
48700 4287
48800 4277
48900 5224
49000 4329
49100 3735
49200 3618
49300 3970
49400 4391
49500 3761
49600 4651
49700 4224
49800 4297
49900 4132
50000 4343
50100 5003
50200 3796
50300 3971
50400 4215
50500 3677
50600 3973
50700 3348
50800 3182
50900 3189
51000 3510
51100 3285
51200 3936
51300 3412
51400 3663
51500 4228
51600 4103
51700 3660
51800 3739
51900 3513
52000 4336
52100 4093
52200 2916
52300 3994
52400 4525
52500 3709
52600 3474
52700 3778
52800 4090
52900 3392
53000 5075
53100 4017
53200 3167
53300 3233
53400 2455
53500 3926
53600 3344
53700 3039
53800 4574
53900 3917
54000 4320
54100 5106
54200 4631
54300 4571
54400 4665
54500 4213
54600 4367
54700 4870
54800 4834
54900 4452
55000 3306
55100 3434
55200 3482
55300 3679
55400 3071
55500 3776
55600 3569
55700 3273
55800 4125
55900 4079
56000 4362
56100 3692
56200 4392
56300 4714
56400 3987
56500 4220
56600 3814
56700 3859
56800 3900
56900 4972
57000 4424
57100 4766
57200 5114
57300 4648
57400 3924
57500 3934
57600 4028
57700 3947
57800 4377
57900 4930
58000 5417
58100 5128
58200 4831
58300 5227
58400 4682
58500 4402
58600 4142
58700 4099
58800 5013
58900 5840
59000 5634
59100 4999
59200 4696
59300 4870
59400 4286
59500 5390
59600 5034
59700 4932
59800 4160
59900 3594
60000 3711
60100 3288
60200 3137
60300 2811
60400 3287
60500 3391
60600 3903
60700 4499
60800 5180
60900 4584
61000 3710
61100 3547
61200 3508
61300 3892
61400 3988
61500 4082
61600 4556
61700 4237
61800 4941
61900 4435
62000 3504
62100 2926
62200 2974
62300 3011
62400 2871
62500 3784
62600 4243
62700 3584
62800 3710
62900 4010
63000 4102
63100 4258
63200 3582
63300 4630
63400 4168
63500 3674
63600 3636
63700 3567
63800 4022
63900 3632
64000 3354
64100 3780
64200 3621
64300 3448
64400 4171
64500 3995
64600 3719
64700 4434
64800 3964
64900 3516
65000 3833
65100 3959
65200 3852
65300 3791
65400 5289
65500 4509
65600 4173
65700 3795
65800 3258
65900 3060
66000 3267
66100 4242
66200 5188
66300 5064
66400 4289
66500 5072
66600 4342
66700 4043
66800 4456
66900 4741
67000 5012
67100 4647
67200 4738
67300 3988
67400 4419
67500 3331
67600 4082
67700 3574
67800 3996
67900 4195
68000 4571
68100 4468
68200 3376
68300 4047
68400 3872
68500 4791
68600 4714
68700 4882
68800 4285
68900 3065
69000 3782
69100 3130
69200 3484
69300 3210
69400 3423
69500 3612
69600 2887
69700 3257
69800 2187
69900 2668
70000 3452
70100 2967
70200 4016
70300 4493
70400 3464
70500 4342
70600 4166
70700 4270
70800 4321
70900 4005
71000 4091
71100 4732
71200 3961
71300 4183
71400 3198
71500 3509
71600 3366
71700 3666
71800 3723
71900 4089
72000 4593
72100 5876
72200 4639
72300 3915
72400 3265
72500 3461
72600 3474
72700 2608
72800 3807
72900 3509
73000 3885
73100 4187
73200 4122
73300 4819
73400 4499
73500 3301
73600 3807
73700 3985
73800 3481
73900 3640
74000 3292
74100 3171
74200 3612
74300 3438
74400 4173
74500 2962
74600 3215
74700 4187
74800 4066
74900 3777
75000 4105
75100 3989
75200 4272
75300 4043
75400 4805
75500 4427
75600 5413
75700 4857
75800 4358
75900 4001
76000 3569
76100 3402
76200 3499
76300 3531
76400 4223
76500 3637
76600 4577
76700 4831
76800 3847
76900 3627
77000 3573
77100 3804
77200 3387
77300 3156
77400 3419
77500 3978
77600 4068
77700 3821
77800 4509
77900 4082
78000 3760
78100 3420
78200 4440
78300 3498
78400 2912
78500 3246
78600 3835
78700 3308
78800 2795
78900 3104
79000 3486
79100 3711
79200 4339
79300 3183
79400 3365
79500 3922
79600 3809
79700 3433
79800 3826
79900 3760
80000 4190
80100 3542
80200 4366
80300 4375
80400 5034
80500 4917
80600 3671
80700 3226
80800 3502
80900 3525
81000 3752
81100 3784
81200 3644
81300 3731
81400 3220
81500 3326
81600 4131
81700 3165
81800 2946
81900 3403
82000 3607
82100 3871
82200 4052
82300 3541
82400 4846
82500 5757
82600 5038
82700 4948
82800 4061
82900 3906
83000 4289
83100 5114
83200 3579
83300 2621
83400 2848
83500 3031
83600 3656
83700 3991
83800 4309
83900 4837
84000 4224
84100 3799
84200 3630
84300 3825
84400 3589
84500 2780
84600 3018
84700 3574
84800 3992
84900 3744
85000 3324
85100 2779
85200 2318
85300 3128
85400 2995
85500 2793
85600 3313
85700 3706
85800 4345
85900 4597
86000 3619
86100 3512
86200 3836
86300 4974
86400 4603
86500 5063
86600 5091
86700 5675
86800 4629
86900 5084
87000 4875
87100 4535
87200 4640
87300 3883
87400 4571
87500 5907
87600 5824
87700 4751
87800 4350
87900 4444
88000 4383
88100 4468
88200 4628
88300 4373
88400 3346
88500 3729
88600 3582
88700 3940
88800 4371
88900 4427
89000 3457
89100 4026
89200 4021
89300 3560
89400 3569
89500 3546
89600 3705
89700 3580
89800 3637
89900 3318
90000 3806
90100 3756
90200 3786
90300 3001
90400 3489
90500 4152
90600 4068
90700 3846
90800 4268
90900 3601
91000 3089
91100 4142
91200 3484
91300 4311
91400 3544
91500 3614
91600 4144
91700 4279
91800 4733
91900 2797
92000 3565
92100 3791
92200 5039
92300 5088
92400 3592
92500 3897
92600 3557
92700 3779
92800 3171
92900 2960
93000 3377
93100 2936
93200 3499
93300 4320
93400 4335
93500 3367
93600 3478
93700 3401
93800 3425
93900 3805
94000 3700
94100 2893
94200 2433
94300 3109
94400 3204
94500 3583
94600 4418
94700 4296
94800 4452
94900 3805
95000 4729
95100 4460
95200 3479
95300 2722
95400 3735
95500 3710
95600 3382
95700 4306
95800 3402
95900 3235
96000 3445
96100 3979
96200 3965
96300 4012
96400 4436
96500 4019
96600 4171
96700 3959
96800 3701
96900 4200
97000 4654
97100 4771
97200 5293
97300 5086
97400 4089
97500 3687
97600 3950
97700 3339
97800 3725
97900 4186
98000 3647
98100 3311
98200 3388
98300 2820
98400 3642
98500 3260
98600 3510
98700 4084
98800 4729
98900 4003
99000 4151
99100 4334
99200 3982
99300 3409
99400 3267
99500 3350
99600 3542
99700 3467
99800 3765
99900 2868
100000 3635
