100 17
200 3
300 6
400 36
500 33
600 6
700 2
800 44
900 55
1000 11
1100 23
1200 0
1300 18
1400 9
1500 1
1600 3
1700 0
1800 21
1900 36
2000 35
2100 78
2200 1
2300 41
2400 98
2500 2
2600 0
2700 7
2800 123
2900 55
3000 41
3100 2
3200 3
3300 77
3400 130
3500 170
3600 106
3700 223
3800 363
3900 613
4000 461
4100 424
4200 642
4300 344
4400 325
4500 527
4600 573
4700 599
4800 421
4900 253
5000 386
5100 340
5200 181
5300 469
5400 824
5500 1369
5600 1244
5700 1262
5800 1459
5900 1704
6000 2153
6100 1840
6200 2192
6300 1367
6400 993
6500 1578
6600 1345
6700 1254
6800 1689
6900 1209
7000 1405
7100 1183
7200 1614
7300 619
7400 517
7500 627
7600 243
7700 82
7800 3
7900 42
8000 83
8100 0
8200 42
8300 103
8400 150
8500 46
8600 7
8700 4
8800 2
8900 54
9000 13
9100 0
9200 0
9300 7
9400 3
9500 6
9600 12
9700 0
9800 4
9900 3
10000 73
10100 515
10200 531
10300 327
10400 296
10500 83
10600 36
10700 5
10800 0
10900 44
11000 49
11100 112
11200 173
11300 141
11400 94
11500 72
11600 45
11700 8
11800 14
11900 0
12000 1
12100 0
12200 4
12300 1
12400 34
12500 21
12600 0
12700 0
12800 7
12900 0
13000 9
13100 15
13200 76
13300 55
13400 24
13500 79
13600 44
13700 63
13800 50
13900 17
14000 13
14100 0
14200 0
14300 0
14400 37
14500 2
14600 14
14700 27
14800 81
14900 46
15000 6
15100 0
15200 41
15300 138
15400 328
15500 91
15600 284
15700 212
15800 88
15900 247
16000 272
16100 192
16200 149
16300 212
16400 96
16500 14
16600 4
16700 2
16800 0
16900 2
17000 47
17100 11
17200 0
17300 210
17400 174
17500 22
17600 0
17700 6
17800 8
17900 8
18000 19
18100 0
18200 3
18300 12
18400 1
18500 19
18600 76
18700 22
18800 0
18900 0
19000 43
19100 74
19200 224
19300 262
19400 187
19500 17
19600 28
19700 45
19800 9
19900 23
20000 9
20100 85
20200 33
20300 46
20400 90
20500 138
20600 190
20700 245
20800 238
20900 5
21000 0
21100 6
21200 10
21300 1
21400 52
21500 0
21600 54
21700 27
21800 60
21900 48
22000 201
22100 12
22200 84
22300 0
22400 12
22500 126
22600 403
22700 402
22800 338
22900 118
23000 160
23100 44
23200 1
23300 71
23400 13
23500 10
23600 21
23700 31
23800 100
23900 118
24000 108
24100 145
24200 383
24300 321
24400 372
24500 376
24600 659
24700 947
24800 655
24900 1059
25000 845
25100 625
25200 957
25300 1094
25400 1064
25500 1149
25600 1552
25700 1068
25800 1226
25900 800
26000 813
26100 1011
26200 775
26300 930
26400 1279
26500 1930
26600 1399
26700 1943
26800 1748
26900 1755
27000 1494
27100 1693
27200 1416
27300 1411
27400 2124
27500 2350
27600 2500
27700 2457
27800 2569
27900 3171
28000 3424
28100 3012
28200 3190
28300 3250
28400 3003
28500 3048
28600 3655
28700 3033
28800 2802
28900 3458
29000 3682
29100 4246
29200 3652
29300 3835
29400 3232
29500 3356
29600 2881
29700 2408
29800 2202
29900 2337
30000 2346
30100 3640
30200 3497
30300 3854
30400 4164
30500 4158
30600 3121
30700 3649
30800 3328
30900 3869
31000 2441
31100 2247
31200 1998
31300 1984
31400 2102
31500 2060
31600 2200
31700 2198
31800 2635
31900 2910
32000 2876
32100 3555
32200 3871
32300 3370
32400 2599
32500 2802
32600 3466
32700 3174
32800 2658
32900 1959
33000 3077
33100 3259
33200 3648
33300 3755
33400 4678
33500 5156
33600 5062
33700 5906
33800 6743
33900 6710
34000 5953
34100 6151
34200 5695
34300 5495
34400 5102
34500 5214
34600 5329
34700 5068
34800 5255
34900 5763
35000 6536
35100 7161
35200 7102
35300 7577
35400 7771
35500 7938
35600 8357
35700 8223
35800 8480
35900 8690
36000 8320
36100 8451
36200 7238
36300 7533
36400 7182
36500 6870
36600 7248
36700 6845
36800 6461
36900 6360
37000 7111
37100 7300
37200 7574
37300 7405
37400 7449
37500 7109
37600 6948
37700 7985
37800 7072
37900 9135
38000 8683
38100 8782
38200 8465
38300 8449
38400 8307
38500 8277
38600 7895
38700 7757
38800 7962
38900 8896
39000 8066
39100 7011
39200 6438
39300 6217
39400 5512
39500 6587
39600 5378
39700 5077
39800 3735
39900 3450
40000 3516
40100 2812
40200 2503
40300 2857
40400 2726
40500 2876
40600 2745
40700 2176
40800 2041
40900 2634
41000 2692
41100 3423
41200 3154
41300 3928
41400 4175
41500 4249
41600 4320
41700 5023
41800 4333
41900 4096
42000 3941
42100 3743
42200 4089
42300 2927
42400 2989
42500 1812
42600 2404
42700 2761
42800 2910
42900 2731
43000 3303
43100 3377
43200 4074
43300 3536
43400 3713
43500 4310
43600 3971
43700 4781
43800 4340
43900 4661
44000 4004
44100 4518
44200 4347
44300 4152
44400 3803
44500 3854
44600 4107
44700 3833
44800 5101
44900 5603
45000 5446
45100 6459
45200 5102
45300 5362
45400 5828
45500 5641
45600 5230
45700 5250
45800 5372
45900 5038
46000 5568
46100 4952
46200 5034
46300 5269
46400 5108
46500 5444
46600 5977
46700 5272
46800 6283
46900 6025
47000 5133
47100 5109
47200 4788
47300 5132
47400 5582
47500 6757
47600 6040
47700 7099
47800 6937
47900 7163
48000 7108
48100 5960
48200 5439
48300 4891
48400 5398
48500 4736
48600 4775
48700 5259
48800 5898
48900 6488
49000 6353
49100 6853
49200 8260
49300 7660
49400 7457
49500 7856
49600 7929
49700 6488
49800 5115
49900 5824
50000 5707
50100 6225
50200 5847
50300 5637
50400 4605
50500 4282
50600 4327
50700 3467
50800 3395
50900 3319
51000 3657
51100 4107
51200 4946
51300 5561
51400 6195
51500 5847
51600 6303
51700 6307
51800 6610
51900 7152
52000 6227
52100 6148
52200 6280
52300 7079
52400 7213
52500 8518
52600 8357
52700 6943
52800 6217
52900 5425
53000 4404
53100 5225
53200 5416
53300 4582
53400 5693
53500 5696
53600 7265
53700 8045
53800 7824
53900 8111
54000 7867
54100 6503
54200 7689
54300 8499
54400 8596
54500 8978
54600 7220
54700 6805
54800 8696
54900 9146
55000 9639
55100 1074
55200 9965
55300 103
55400 9343
55500 8194
55600 8763
55700 8768
55800 9376
55900 59
56000 97
56100 219
56200 9662
56300 607
56400 538
56500 618
56600 1021
56700 1484
56800 2267
56900 1130
57000 1247
57100 1212
57200 1047
57300 826
57400 962
57500 1110
57600 1719
57700 1388
57800 1157
57900 204
58000 9604
58100 823
58200 1049
58300 1321
58400 2103
58500 3211
58600 1493
58700 2080
58800 2949
58900 2568
59000 2230
59100 2676
59200 2880
59300 2703
59400 1969
59500 1794
59600 989
59700 1165
59800 1552
59900 1160
60000 834
60100 438
60200 801
60300 9933
60400 9875
60500 9730
60600 9236
60700 8944
60800 8435
60900 9216
61000 9737
61100 8696
61200 7743
61300 7205
61400 5867
61500 5615
61600 5348
61700 5404
61800 4724
61900 4911
62000 5284
62100 4313
62200 4616
62300 4511
62400 4376
62500 3972
62600 4347
62700 4276
62800 5517
62900 5774
63000 5661
63100 4478
63200 4225
63300 3425
63400 3298
63500 3232
63600 3546
63700 2639
63800 3280
63900 2851
64000 2586
64100 2062
64200 1718
64300 1599
64400 1006
64500 1305
64600 1290
64700 1344
64800 1464
64900 1200
65000 1321
65100 1337
65200 1569
65300 1709
65400 1746
65500 1687
65600 1779
65700 954
65800 869
65900 915
66000 683
66100 311
66200 88
66300 158
66400 0
66500 10
66600 19
66700 325
66800 387
66900 619
67000 352
67100 234
67200 205
67300 140
67400 89
67500 144
67600 110
67700 175
67800 30
67900 4
68000 11
68100 0
68200 0
68300 1
68400 18
68500 10
68600 26
68700 196
68800 178
68900 159
69000 17
69100 142
69200 5
69300 18
69400 8
69500 3
69600 47
69700 29
69800 145
69900 215
70000 199
70100 391
70200 21
70300 8
70400 1
70500 12
70600 73
70700 1
70800 4
70900 11
71000 61
71100 13
71200 0
71300 35
71400 3
71500 28
71600 59
71700 31
71800 13
71900 109
72000 293
72100 358
72200 521
72300 486
72400 379
72500 641
72600 838
72700 294
72800 287
72900 351
73000 428
73100 855
73200 1157
73300 1357
73400 1718
73500 2359
73600 2325
73700 2727
73800 2682
73900 2037
74000 1743
74100 1909
74200 2278
74300 2681
74400 2479
74500 1798
74600 1408
74700 1622
74800 1008
74900 672
75000 453
75100 369
75200 255
75300 260
75400 167
75500 323
75600 634
75700 1173
75800 1630
75900 1834
76000 1548
76100 1099
76200 1671
76300 2073
76400 2033
76500 1586
76600 2009
76700 2127
76800 1710
76900 1491
77000 1260
77100 1043
77200 423
77300 485
77400 475
77500 487
77600 834
77700 783
77800 712
77900 718
78000 869
78100 983
78200 693
78300 731
78400 686
78500 1104
78600 712
78700 738
78800 960
78900 1051
79000 1007
79100 1030
79200 760
79300 839
79400 380
79500 410
79600 74
79700 61
79800 47
79900 0
80000 0
80100 12
80200 44
80300 49
80400 115
80500 91
80600 172
80700 211
80800 231
80900 314
81000 347
81100 890
81200 888
81300 1146
81400 1304
81500 1448
81600 1410
81700 1696
81800 1576
81900 1640
82000 2234
82100 2718
82200 2019
82300 1999
82400 1809
82500 1718
82600 1696
82700 1536
82800 1684
82900 1422
83000 2007
83100 2242
83200 1851
83300 2239
83400 2302
83500 2328
83600 2487
83700 2486
83800 2904
83900 2531
84000 2211
84100 1904
84200 2391
84300 1697
84400 1498
84500 1372
84600 1336
84700 1222
84800 1072
84900 1584
85000 1792
85100 1707
85200 2591
85300 2449
85400 2118
85500 1683
85600 2072
85700 2586
85800 2766
85900 2519
86000 3091
86100 2819
86200 3741
86300 3900
86400 4036
86500 3747
86600 3464
86700 3373
86800 3027
86900 3318
87000 3553
87100 3194
87200 3290
87300 3252
87400 3064
87500 2290
87600 2044
87700 2725
87800 2869
87900 3152
88000 2899
88100 2510
88200 2418
88300 2251
88400 2507
88500 2491
88600 2794
88700 2818
88800 3320
88900 3793
89000 4247
89100 5589
89200 5301
89300 5453
89400 4791
89500 3851
89600 4284
89700 4217
89800 4463
89900 4208
90000 3491
90100 3804
90200 3955
90300 3608
90400 4246
90500 4006
90600 4090
90700 3762
90800 4093
90900 4136
91000 4656
91100 4197
91200 4081
91300 3827
91400 4762
91500 4483
91600 4365
91700 4300
91800 4963
91900 4833
92000 4207
92100 4330
92200 4827
92300 4973
92400 4392
92500 5305
92600 4780
92700 5497
92800 6061
92900 5800
93000 4823
93100 4370
93200 4568
93300 4510
93400 3867
93500 4559
93600 4139
93700 4171
93800 4014
93900 3922
94000 3831
94100 3711
94200 4441
94300 4536
94400 4927
94500 4440
94600 4401
94700 4609
94800 4727
94900 5179
95000 5797
95100 6105
95200 5329
95300 5675
95400 5981
95500 5766
95600 5757
95700 5939
95800 7195
95900 8016
96000 8168
96100 8624
96200 9786
96300 706
96400 1316
96500 3206
96600 4556
96700 5981
96800 6761
96900 5954
97000 6491
97100 5635
97200 4171
97300 3170
97400 3085
97500 4493
97600 3023
97700 2921
97800 3253
97900 4370
98000 4839
98100 5032
98200 4345
98300 4038
98400 4265
98500 4474
98600 2951
98700 3008
98800 3290
98900 4711
99000 3656
99100 3739
99200 3263
99300 2932
99400 2301
99500 2451
99600 4040
99700 4724
99800 3527
99900 3490
100000 2798
