100 274
200 264
300 563
400 712
500 663
600 662
700 557
800 1246
900 1145
1000 1110
1100 1183
1200 842
1300 1172
1400 1109
1500 1163
1600 1321
1700 1225
1800 962
1900 1011
2000 1415
2100 1337
2200 1732
2300 2131
2400 1977
2500 2138
2600 2350
2700 2034
2800 3076
2900 2905
3000 3854
3100 3596
3200 3542
3300 3142
3400 3599
3500 3862
3600 5292
3700 5279
3800 5390
3900 5047
4000 3966
4100 3737
4200 4090
4300 4521
4400 4547
4500 5067
4600 4423
4700 4678
4800 4546
4900 4568
5000 5703
5100 5057
5200 6118
5300 6033
5400 6250
5500 6081
5600 5832
5700 6057
5800 6918
5900 6110
6000 4581
6100 4256
6200 4048
6300 3923
6400 3284
6500 2926
6600 3137
6700 3613
6800 2779
6900 3474
7000 3311
7100 3106
7200 3473
7300 3892
7400 4165
7500 4306
7600 5036
7700 5618
7800 5956
7900 4290
8000 4242
8100 5359
8200 3979
8300 5082
8400 5185
8500 5689
8600 6133
8700 5740
8800 5640
8900 5321
9000 6002
9100 5523
9200 5313
9300 5547
9400 5287
9500 4770
9600 4418
9700 5299
9800 5131
9900 4499
10000 3264
10100 3973
10200 3055
10300 2894
10400 3299
10500 1727
10600 2200
10700 1983
10800 2428
10900 2440
11000 2235
11100 3328
11200 3115
11300 3301
11400 2137
11500 2113
11600 1357
11700 1112
11800 1710
11900 1947
12000 2056
12100 2385
12200 2245
12300 2198
12400 2143
12500 1855
12600 1896
12700 1374
12800 2136
12900 2138
13000 2735
13100 3074
13200 2752
13300 3112
13400 2635
13500 3158
13600 2799
13700 2092
13800 2170
13900 2782
14000 2801
14100 2789
14200 2591
14300 1869
14400 1660
14500 1259
14600 1431
14700 1571
14800 1916
14900 1500
15000 661
15100 1234
15200 1595
15300 1509
15400 2428
15500 3023
15600 3315
15700 2647
15800 2245
15900 2345
16000 2765
16100 2491
16200 2191
16300 2880
16400 3222
16500 3660
16600 4206
16700 3556
16800 3529
16900 4117
17000 4943
17100 6220
17200 6164
17300 7237
17400 7494
17500 7044
17600 7018
17700 6583
17800 7252
17900 6342
18000 6293
18100 5882
18200 6054
18300 5522
18400 6434
18500 5711
18600 4682
18700 4884
18800 4924
18900 5203
19000 4796
19100 5286
19200 4336
19300 4731
19400 4804
19500 4357
19600 3785
19700 3938
19800 3386
19900 4249
20000 3093
20100 2585
20200 2701
20300 2583
20400 3228
20500 2730
20600 2198
20700 2453
20800 2620
20900 1851
21000 1393
21100 1419
21200 1473
21300 1412
21400 947
21500 885
21600 1086
21700 1477
21800 1187
21900 1441
22000 1511
22100 1527
22200 1542
22300 2181
22400 2546
22500 2446
22600 2638
22700 2868
22800 2045
22900 1919
23000 1864
23100 2197
23200 2365
23300 2450
23400 2497
23500 2126
23600 2924
23700 3052
23800 1780
23900 2240
24000 2377
24100 2398
24200 2235
24300 2089
24400 2525
24500 2900
24600 3323
24700 2326
24800 2768
24900 2907
25000 3328
25100 2785
25200 2577
25300 3333
25400 4087
25500 4942
25600 4378
25700 4008
25800 2761
25900 2860
26000 2610
26100 2761
26200 2895
26300 2690
26400 2552
26500 1768
26600 1557
26700 1567
26800 964
26900 1056
27000 745
27100 961
27200 1157
27300 935
27400 1616
27500 2184
27600 1627
27700 1457
27800 1160
27900 650
28000 701
28100 532
28200 400
28300 976
28400 902
28500 1140
28600 881
28700 1270
28800 990
28900 882
29000 1276
29100 2174
29200 1896
29300 1563
29400 1714
29500 1452
29600 1258
29700 2454
29800 2125
29900 2485
30000 2701
30100 3130
30200 2841
30300 2848
30400 2820
30500 3417
30600 3691
30700 4417
30800 4529
30900 5744
31000 6208
31100 5916
31200 4821
31300 4373
31400 3996
31500 3679
31600 3319
31700 3434
31800 3410
31900 3799
32000 3518
32100 3742
32200 3626
32300 3004
32400 2895
32500 2987
32600 3229
32700 4343
32800 4139
32900 3510
33000 3585
33100 4150
33200 3475
33300 4122
33400 4035
33500 4054
33600 3168
33700 3552
33800 3313
33900 1717
34000 2308
34100 2543
34200 2333
34300 1664
34400 1721
34500 2036
34600 3359
34700 3182
34800 3015
34900 2924
35000 3304
35100 3260
35200 3068
35300 2627
35400 1812
35500 1769
35600 1742
35700 2384
35800 2864
35900 3437
36000 3342
36100 3570
36200 3116
36300 4416
36400 5138
36500 4521
36600 5277
36700 4751
36800 5330
36900 6036
37000 5296
37100 3862
37200 3867
37300 3795
37400 3645
37500 2776
37600 3331
37700 3043
37800 3174
37900 3227
38000 3097
38100 2083
38200 2207
38300 2908
38400 4161
38500 3713
38600 3929
38700 2827
38800 2161
38900 2748
39000 3137
39100 2750
39200 3552
39300 3984
39400 3428
39500 3854
39600 2759
39700 3126
39800 2658
39900 2795
40000 4711
40100 4666
40200 3887
40300 4561
40400 4334
40500 5544
40600 5816
40700 5855
40800 5988
40900 6555
41000 6686
41100 6877
41200 6702
41300 5510
41400 5038
41500 5165
41600 5055
41700 4870
41800 4261
41900 4502
42000 5096
42100 6379
42200 6333
42300 8056
42400 8116
42500 7796
42600 7262
42700 7385
42800 7017
42900 6505
43000 5944
43100 4825
43200 5011
43300 6185
43400 5524
43500 5261
43600 4607
43700 4385
43800 4824
43900 3632
44000 3186
44100 3436
44200 4001
44300 3482
44400 3008
44500 2431
44600 2561
44700 3047
44800 3594
44900 3364
45000 3193
45100 1952
45200 1851
45300 1967
45400 2333
45500 3079
45600 2935
45700 3032
45800 2587
45900 2708
46000 2687
46100 1974
46200 1948
46300 2138
46400 2421
46500 2094
46600 2567
46700 2343
46800 2551
46900 2743
47000 2948
47100 2802
47200 2689
47300 2414
47400 2244
47500 2872
47600 3293
47700 3930
47800 3178
47900 3276
48000 3490
48100 2906
48200 2611
48300 2244
48400 2628
48500 3359
48600 3425
48700 3600
48800 3545
48900 5033
49000 5493
49100 5556
49200 5084
49300 5122
49400 5588
49500 5073
49600 3941
49700 3283
49800 3171
49900 3932
50000 4212
50100 4338
50200 4952
50300 4548
50400 4121
50500 3301
50600 2520
50700 2894
50800 2745
50900 4311
51000 4680
51100 4763
51200 5051
51300 4930
51400 5335
51500 5517
51600 5514
51700 5584
51800 5017
51900 5362
52000 5350
52100 5907
52200 6818
52300 7586
52400 7392
52500 6906
52600 6319
52700 6841
52800 6059
52900 6720
53000 7941
53100 8258
53200 8404
53300 9422
53400 9132
53500 8171
53600 8471
53700 7834
53800 8613
53900 7852
54000 8151
54100 7875
54200 7858
54300 9160
54400 8460
54500 7978
54600 9043
54700 9307
54800 8655
54900 9399
55000 9373
55100 9258
55200 9818
55300 7999
55400 8988
55500 278
55600 360
55700 9990
55800 9611
55900 9950
56000 9531
56100 417
56200 733
56300 652
56400 1244
56500 1487
56600 1283
56700 2602
56800 2978
56900 3857
57000 4654
57100 5349
57200 5948
57300 5050
57400 4927
57500 5583
57600 5113
57700 5174
57800 4565
57900 4983
58000 4411
58100 3140
58200 1631
58300 1910
58400 1460
58500 1177
58600 977
58700 358
58800 9175
58900 365
59000 1160
59100 976
59200 1631
59300 1727
59400 341
59500 12
59600 9707
59700 325
59800 9076
59900 8635
60000 7844
60100 8109
60200 7855
60300 7691
60400 8025
60500 8987
60600 8926
60700 8267
60800 8993
60900 8750
61000 6871
61100 6595
61200 6064
61300 6807
61400 6368
61500 5852
61600 6172
61700 5972
61800 6073
61900 5649
62000 5911
62100 5305
62200 5730
62300 5399
62400 5310
62500 5490
62600 6497
62700 6976
62800 7813
62900 7180
63000 7580
63100 7741
63200 6488
63300 5641
63400 5035
63500 4130
63600 4998
63700 3796
63800 3964
63900 3505
64000 3732
64100 3958
64200 5419
64300 5815
64400 5459
64500 4489
64600 4244
64700 4103
64800 4234
64900 5495
65000 5717
65100 4721
65200 4973
65300 5515
65400 6296
65500 6537
65600 6619
65700 6635
65800 7618
65900 6936
66000 6686
66100 6964
66200 6929
66300 7031
66400 6001
66500 6436
66600 4840
66700 4607
66800 5924
66900 6004
67000 5466
67100 5855
67200 6009
67300 6590
67400 6360
67500 4980
67600 5927
67700 6203
67800 6079
67900 6009
68000 5934
68100 6400
68200 6495
68300 6212
68400 3787
68500 4543
68600 4694
68700 4981
68800 5708
68900 5367
69000 5811
69100 6398
69200 6346
69300 7060
69400 8087
69500 6085
69600 5600
69700 5916
69800 6561
69900 7154
70000 6399
70100 7653
70200 8495
70300 7563
70400 8239
70500 8102
70600 8049
70700 8579
70800 8518
70900 7783
71000 6976
71100 5286
71200 4851
71300 4132
71400 3658
71500 3779
71600 4924
71700 5264
71800 5154
71900 5560
72000 4897
72100 4478
72200 4740
72300 4176
72400 4149
72500 4067
72600 3975
72700 3738
72800 4184
72900 4489
73000 3730
73100 3368
73200 3990
73300 4718
73400 4672
73500 4494
73600 4029
73700 3757
73800 3654
73900 3587
74000 2816
74100 3230
74200 3275
74300 2536
74400 2855
74500 3116
74600 2587
74700 1833
74800 1568
74900 1379
75000 1167
75100 992
75200 913
75300 1126
75400 1106
75500 1174
75600 1269
75700 1827
75800 2376
75900 2774
76000 2259
76100 2067
76200 2039
76300 1909
76400 1633
76500 1904
76600 2222
76700 2583
76800 3149
76900 3064
77000 3202
77100 2914
77200 3474
77300 3748
77400 3080
77500 3615
77600 4347
77700 3713
77800 3539
77900 3587
78000 3930
78100 4263
78200 4841
78300 3891
78400 5435
78500 4761
78600 4557
78700 3229
78800 3148
78900 3135
79000 2554
79100 2189
79200 2109
79300 2222
79400 2410
79500 2701
79600 3250
79700 3843
79800 3516
79900 3484
80000 3069
80100 3938
80200 4713
80300 4934
80400 5661
80500 6509
80600 5438
80700 5791
80800 5673
80900 5827
81000 4746
81100 3345
81200 2770
81300 2536
81400 2544
81500 2212
81600 2181
81700 1860
81800 2279
81900 3015
82000 3222
82100 3971
82200 3709
82300 5584
82400 5105
82500 6006
82600 6896
82700 8596
82800 7710
82900 7682
83000 6387
83100 6663
83200 6472
83300 6981
83400 7671
83500 7229
83600 6405
83700 5793
83800 5688
83900 5810
84000 5751
84100 5984
84200 7352
84300 6579
84400 7793
84500 7731
84600 7177
84700 7852
84800 8541
84900 6929
85000 7312
85100 5576
85200 5417
85300 5447
85400 6469
85500 6436
85600 6365
85700 6205
85800 5822
85900 6179
86000 4901
86100 5567
86200 5621
86300 6651
86400 8102
86500 8718
86600 9411
86700 8890
86800 8838
86900 8196
87000 7952
87100 6769
87200 4980
87300 5087
87400 4072
87500 3294
87600 3081
87700 2659
87800 2393
87900 2166
88000 1862
88100 2204
88200 2403
88300 2044
88400 2057
88500 1609
88600 1415
88700 963
88800 954
88900 571
89000 363
89100 498
89200 746
89300 746
89400 680
89500 615
89600 947
89700 1188
89800 966
89900 506
90000 616
90100 551
90200 487
90300 573
90400 969
90500 1022
90600 1624
90700 1520
90800 1626
90900 2268
91000 2029
91100 1687
91200 1372
91300 1485
91400 2145
91500 2550
91600 1915
91700 2004
91800 2075
91900 2440
92000 2449
92100 1653
92200 1666
92300 1279
92400 1313
92500 2223
92600 1228
92700 1072
92800 531
92900 502
93000 578
93100 657
93200 1430
93300 1239
93400 1195
93500 1517
93600 1481
93700 1630
93800 1303
93900 1040
94000 1527
94100 1958
94200 2553
94300 3351
94400 3778
94500 3579
94600 3693
94700 3783
94800 4847
94900 4995
95000 5079
95100 5299
95200 5007
95300 4643
95400 4175
95500 4856
95600 6415
95700 6740
95800 6366
95900 5903
96000 5460
96100 7456
96200 7064
96300 7357
96400 6015
96500 7080
96600 7096
96700 6074
96800 5404
96900 4455
97000 5200
97100 4308
97200 3200
97300 2812
97400 2570
97500 1732
97600 1696
97700 1284
97800 1413
97900 609
98000 1093
98100 1072
98200 1327
98300 1709
98400 1938
98500 1981
98600 2702
98700 2898
98800 2865
98900 3285
99000 3569
99100 3227
99200 2802
99300 2409
99400 2290
99500 1799
99600 1645
99700 1422
99800 1532
99900 1837
100000 2448
