100 2274
200 5282
300 6144
400 7580
500 8147
600 9573
700 2433
800 3161
900 6360
1000 6031
1100 5087
1200 6057
1300 8874
1400 9337
1500 8880
1600 7460
1700 8361
1800 7659
1900 9995
2000 8805
2100 1736
2200 9988
2300 1358
2400 2273
2500 3691
2600 3458
2700 2890
2800 2720
2900 310
3000 8782
3100 9381
3200 8630
3300 8508
3400 8905
3500 2178
3600 3788
3700 4047
3800 5460
3900 6650
4000 8512
4100 8729
4200 9533
4300 8908
4400 1933
4500 238
4600 2307
4700 3023
4800 4593
4900 6442
5000 7396
5100 6542
5200 8496
5300 630
5400 9900
5500 3980
5600 2953
5700 2352
5800 3279
5900 5153
6000 6806
6100 6477
6200 5608
6300 8060
6400 2120
6500 816
6600 818
6700 3132
6800 1426
6900 6500
7000 6259
7100 4710
7200 4939
7300 7601
7400 9314
7500 9900
7600 24
7700 794
7800 4679
7900 3146
8000 2356
8100 1941
8200 3014
8300 2718
8400 3175
8500 5129
8600 7146
8700 3569
8800 3126
8900 4074
9000 2143
9100 2021
9200 2405
9300 1574
9400 1421
9500 1901
9600 1088
9700 2269
9800 4384
9900 6478
10000 6609
10100 6599
10200 7437
10300 9952
10400 2039
10500 485
10600 1029
10700 467
10800 6703
10900 9328
11000 2411
11100 1076
11200 2331
11300 4299
11400 7106
11500 5781
11600 4653
11700 4371
11800 4164
11900 2849
12000 3982
12100 3806
12200 5440
12300 4106
12400 2551
12500 4459
12600 2090
12700 8718
12800 1646
12900 4845
13000 6876
13100 6066
13200 735
13300 2292
13400 5616
13500 6891
13600 8416
13700 6011
13800 2854
13900 2632
14000 1217
14100 1658
14200 4401
14300 6158
14400 3433
14500 4962
14600 5961
14700 5838
14800 7618
14900 727
15000 2818
15100 462
15200 667
15300 2950
15400 3305
15500 3351
15600 1694
15700 2608
15800 5313
15900 6316
16000 6885
16100 4956
16200 5223
16300 7167
16400 4863
16500 2599
16600 2315
16700 2185
16800 4488
16900 3308
17000 3577
17100 16
17200 444
17300 8877
17400 6922
17500 8041
17600 7378
17700 8801
17800 7844
17900 9962
18000 9618
18100 132
18200 1561
18300 8330
18400 5018
18500 6265
18600 8461
18700 7670
18800 8208
18900 9113
19000 8382
19100 9328
19200 761
19300 2625
19400 5379
19500 7307
19600 3195
19700 4871
19800 5610
19900 5045
20000 8309
20100 8483
20200 6981
20300 7444
20400 8223
20500 1102
20600 9556
20700 8870
20800 1939
20900 1680
21000 9225
21100 2322
21200 137
21300 8979
21400 41
21500 9033
21600 2828
21700 2274
21800 2279
21900 2863
22000 2286
22100 5561
22200 5205
22300 5396
22400 8285
22500 5651
22600 8158
22700 8747
22800 97
22900 314
23000 6436
23100 2579
23200 3204
23300 6377
23400 5393
23500 6460
23600 5864
23700 6400
23800 5127
23900 4779
24000 3370
24100 3726
24200 2282
24300 9942
24400 9213
24500 8983
24600 7256
24700 7495
24800 8151
24900 8409
25000 8121
25100 207
25200 911
25300 708
25400 933
25500 9005
25600 225
25700 1813
25800 1624
25900 1913
26000 5386
26100 7350
26200 7085
26300 7529
26400 7903
26500 8505
26600 5656
26700 4639
26800 5750
26900 6610
27000 5426
27100 8148
27200 1340
27300 1766
27400 7441
27500 9000
27600 420
27700 1936
27800 2688
27900 376
28000 150
28100 8882
28200 9163
28300 7194
28400 7037
28500 6822
28600 3894
28700 6961
28800 9582
28900 287
29000 2404
29100 1576
29200 6657
29300 3935
29400 2561
29500 3095
29600 1303
29700 1992
29800 3956
29900 2868
30000 291
30100 7353
30200 6483
30300 5318
30400 4295
30500 5039
30600 6270
30700 7605
30800 8313
30900 8768
31000 8366
31100 8436
31200 6823
31300 9695
31400 1973
31500 1455
31600 2616
31700 3455
31800 4046
31900 6441
32000 4923
32100 3411
32200 1959
32300 4750
32400 1482
32500 1914
32600 9013
32700 7454
32800 5130
32900 5748
33000 8095
33100 7644
33200 9516
33300 8722
33400 9733
33500 1735
33600 1293
33700 9957
33800 2936
33900 5507
34000 7425
34100 7003
34200 2037
34300 3769
34400 2252
34500 2495
34600 814
34700 3124
34800 2686
34900 2259
35000 3697
35100 5066
35200 2789
35300 7179
35400 6376
35500 4723
35600 7534
35700 8957
35800 9758
35900 5995
36000 4618
36100 6075
36200 2101
36300 5177
36400 7239
36500 5460
36600 5768
36700 3576
36800 3897
36900 3682
37000 2702
37100 4717
37200 7649
37300 8193
37400 9337
37500 688
37600 386
37700 9659
37800 1785
37900 1424
38000 3819
38100 3082
38200 3131
38300 3787
38400 3775
38500 3577
38600 745
38700 2699
38800 2513
38900 2979
39000 3711
39100 123
39200 1282
39300 1094
39400 743
39500 156
39600 3138
39700 468
39800 746
39900 3657
40000 4755
40100 6396
40200 5317
40300 4579
40400 2926
40500 5616
40600 6543
40700 7949
40800 4921
40900 2244
41000 402
41100 9411
41200 8676
41300 7150
41400 7058
41500 227
41600 1959
41700 3755
41800 4941
41900 3535
42000 3735
42100 3113
42200 2702
42300 1044
42400 266
42500 4782
42600 7048
42700 6051
42800 3894
42900 4040
43000 6780
43100 8321
43200 5340
43300 5196
43400 4134
43500 5886
43600 6627
43700 5997
43800 6552
43900 5966
44000 452
44100 215
44200 9758
44300 9172
44400 1475
44500 1713
44600 1633
44700 1696
44800 707
44900 9147
45000 7033
45100 5440
45200 6009
45300 7148
45400 5146
45500 7237
45600 6567
45700 6950
45800 6645
45900 4531
46000 4097
46100 935
46200 54
46300 9878
46400 7585
46500 6791
46600 8121
46700 5120
46800 6144
46900 6728
47000 8248
47100 9224
47200 8365
47300 217
47400 1910
47500 642
47600 2258
47700 2158
47800 3991
47900 1584
48000 186
48100 802
48200 467
48300 837
48400 892
48500 4004
48600 6083
48700 4027
48800 4800
48900 6941
49000 6184
49100 5873
49200 7544
49300 9144
49400 3097
49500 4388
49600 3799
49700 3042
49800 3576
49900 2409
50000 2159
50100 5339
50200 3382
50300 2145
50400 8670
50500 8950
50600 654
50700 9680
50800 8975
50900 7347
51000 3630
51100 224
51200 1247
51300 6684
51400 9198
51500 7273
51600 8765
51700 376
51800 2382
51900 2619
52000 709
52100 279
52200 9973
52300 412
52400 1198
52500 2233
52600 2949
52700 1561
52800 2563
52900 4671
53000 3604
53100 3732
53200 2157
53300 4069
53400 4974
53500 2873
53600 3503
53700 4393
53800 5018
53900 5472
54000 7184
54100 6051
54200 6173
54300 456
54400 1329
54500 544
54600 7827
54700 9191
54800 9698
54900 3524
55000 1868
55100 1235
55200 826
55300 167
55400 8163
55500 8620
55600 7692
55700 8285
55800 9410
55900 1254
56000 2213
56100 3856
56200 4979
56300 6639
56400 9798
56500 2261
56600 1395
56700 8778
56800 986
56900 3404
57000 9869
57100 9075
57200 6399
57300 4316
57400 4685
57500 6010
57600 4807
57700 4100
57800 980
57900 9100
58000 9009
58100 1781
58200 2031
58300 9168
58400 8289
58500 9588
58600 8934
58700 9898
58800 1317
58900 2964
59000 6883
59100 4807
59200 2840
59300 1572
59400 3821
59500 1933
59600 3436
59700 2682
59800 543
59900 2989
60000 3201
60100 2372
60200 1709
60300 2207
60400 961
60500 9125
60600 6930
60700 6101
60800 5637
60900 4578
61000 6649
61100 3094
61200 3445
61300 1717
61400 1528
61500 1916
61600 3518
61700 5466
61800 5321
61900 4392
62000 4985
62100 6176
62200 7144
62300 7509
62400 6840
62500 6448
62600 7806
62700 9315
62800 9701
62900 1161
63000 3838
63100 7887
63200 9525
63300 209
63400 9418
63500 9242
63600 1387
63700 2692
63800 5419
63900 6414
64000 6118
64100 6131
64200 6762
64300 7683
64400 4304
64500 9220
64600 1169
64700 3750
64800 7687
64900 4696
65000 3096
65100 4530
65200 3229
65300 910
65400 2239
65500 2230
65600 803
65700 2249
65800 8711
65900 9205
66000 9832
66100 6931
66200 5010
66300 3476
66400 210
66500 3196
66600 6406
66700 6824
66800 8883
66900 1026
67000 9911
67100 7798
67200 6952
67300 7980
67400 8673
67500 7395
67600 8524
67700 7100
67800 8517
67900 7210
68000 6940
68100 5001
68200 6328
68300 4814
68400 4859
68500 7375
68600 9942
68700 8272
68800 8096
68900 2638
69000 3163
69100 5310
69200 6288
69300 2912
69400 9519
69500 3528
69600 4382
69700 3512
69800 3399
69900 2998
70000 3157
70100 3469
70200 6935
70300 7634
70400 5928
70500 8965
70600 6048
70700 7393
70800 6574
70900 2245
71000 1073
71100 2695
71200 6242
71300 5835
71400 8255
71500 8931
71600 2697
71700 2078
71800 3204
71900 6604
72000 5087
72100 5200
72200 1497
72300 730
72400 6473
72500 3750
72600 5267
72700 2676
72800 2477
72900 3799
73000 4409
73100 2533
73200 4460
73300 6189
73400 7033
73500 1857
73600 3837
73700 1095
73800 2766
73900 1786
74000 839
74100 4373
74200 1122
74300 1279
74400 5663
74500 4174
74600 1846
74700 6353
74800 4954
74900 9018
75000 79
75100 7236
75200 6399
75300 7009
75400 7857
75500 9096
75600 6995
75700 4579
75800 5396
75900 9045
76000 6127
76100 6259
76200 7431
76300 191
76400 225
76500 2076
76600 1378
76700 4443
76800 8468
76900 9703
77000 7785
77100 8800
77200 9393
77300 1609
77400 1058
77500 6528
77600 8976
77700 7639
77800 9980
77900 4385
78000 7398
78100 6965
78200 4658
78300 3864
78400 2148
78500 9638
78600 7968
78700 6953
78800 6099
78900 5345
79000 6561
79100 6370
79200 4911
79300 172
79400 8275
79500 9619
79600 8876
79700 8543
79800 5324
79900 6610
80000 9175
80100 8556
80200 303
80300 8599
80400 9180
80500 9006
80600 7712
80700 8307
80800 8076
80900 6602
81000 7139
81100 7115
81200 9577
81300 6343
81400 5832
81500 5607
81600 6954
81700 5009
81800 6607
81900 7109
82000 7263
82100 8404
82200 7366
82300 5475
82400 3029
82500 5490
82600 6300
82700 5483
82800 5136
82900 4807
83000 2293
83100 2194
83200 3626
83300 3542
83400 3666
83500 1107
83600 1945
83700 9737
83800 1296
83900 293
84000 849
84100 8837
84200 183
84300 8987
84400 6677
84500 4963
84600 5790
84700 6668
84800 9385
84900 1831
85000 8556
85100 9657
85200 5710
85300 3879
85400 5936
85500 5277
85600 8571
85700 6664
85800 4574
85900 5921
86000 7375
86100 6804
86200 2920
86300 3499
86400 4676
86500 7397
86600 6786
86700 8549
86800 4742
86900 5930
87000 3764
87100 4036
87200 3558
87300 593
87400 2267
87500 3042
87600 9882
87700 9123
87800 7797
87900 7414
88000 4051
88100 5156
88200 5159
88300 5298
88400 2634
88500 2493
88600 4040
88700 3257
88800 3976
88900 3873
89000 4697
89100 6690
89200 4170
89300 3569
89400 4149
89500 8760
89600 656
89700 8640
89800 214
89900 9589
90000 9163
90100 8685
90200 7809
90300 9368
90400 84
90500 3795
90600 799
90700 3495
90800 3604
90900 2796
91000 2468
91100 1310
91200 1399
91300 2690
91400 3817
91500 6669
91600 4735
91700 7783
91800 6979
91900 4436
92000 1775
92100 3501
92200 3340
92300 5758
92400 4570
92500 577
92600 3696
92700 3244
92800 2710
92900 4064
93000 3277
93100 4728
93200 4883
93300 4619
93400 7180
93500 8763
93600 520
93700 222
93800 51
93900 8567
94000 7885
94100 1533
94200 2356
94300 1826
94400 8396
94500 810
94600 9233
94700 8017
94800 8410
94900 3454
95000 1821
95100 3701
95200 4716
95300 6129
95400 5229
95500 7592
95600 6937
95700 6211
95800 6679
95900 6585
96000 7027
96100 6673
96200 7331
96300 5321
96400 9613
96500 2367
96600 5113
96700 9239
96800 48
96900 8781
97000 8444
97100 266
97200 1116
97300 3622
97400 4370
97500 3828
97600 3711
97700 4331
97800 2554
97900 5726
98000 5818
98100 3172
98200 470
98300 335
98400 2791
98500 9482
98600 9347
98700 2056
98800 7472
98900 3820
99000 9054
99100 7719
99200 7166
99300 7052
99400 1257
99500 1096
99600 1401
99700 7473
99800 5492
99900 6278
100000 4799
