100 0
200 29
300 9
400 22
500 9
600 0
700 39
800 76
900 119
1000 178
1100 132
1200 184
1300 485
1400 447
1500 864
1600 1063
1700 2051
1800 2660
1900 2304
2000 2337
2100 2338
2200 1809
2300 2163
2400 2590
2500 2935
2600 3165
2700 3224
2800 2406
2900 2695
3000 3231
3100 3205
3200 2942
3300 2073
3400 1578
3500 1783
3600 2508
3700 2852
3800 3218
3900 2605
4000 2294
4100 2365
4200 2347
4300 2216
4400 2187
4500 2847
4600 3540
4700 3817
4800 4049
4900 4404
5000 3716
5100 3408
5200 3854
5300 3562
5400 2830
5500 2625
5600 2359
5700 2716
5800 2742
5900 2936
6000 3568
6100 4652
6200 4677
6300 5014
6400 4984
6500 5056
6600 4652
6700 4478
6800 4370
6900 4341
7000 3522
7100 3476
7200 3213
7300 3276
7400 3114
7500 4040
7600 2811
7700 3392
7800 3381
7900 2851
8000 3076
8100 3763
8200 4604
8300 5248
8400 5106
8500 5571
8600 5039
8700 5458
8800 5611
8900 5796
9000 4892
9100 5532
9200 5932
9300 4981
9400 5682
9500 4471
9600 4580
9700 4353
9800 4336
9900 3927
10000 3844
10100 4215
10200 3763
10300 3369
10400 3083
10500 3667
10600 2996
10700 2928
10800 2599
10900 3010
11000 3043
11100 3272
11200 3628
11300 4335
11400 4217
11500 5740
11600 6022
11700 6528
11800 6254
11900 6920
12000 5834
12100 5831
12200 6349
12300 6364
12400 6703
12500 5811
12600 6848
12700 7457
12800 7714
12900 7978
13000 9410
13100 9049
13200 8637
13300 7987
13400 7881
13500 7595
13600 7301
13700 6208
13800 6791
13900 5464
14000 4811
14100 5559
14200 6285
14300 6598
14400 6757
14500 7120
14600 6517
14700 7094
14800 6793
14900 7066
15000 7549
15100 7609
15200 7546
15300 6404
15400 5548
15500 6425
15600 6266
15700 7562
15800 6314
15900 6115
16000 6127
16100 6945
16200 7605
16300 8137
16400 9148
16500 8748
16600 8371
16700 8472
16800 9716
16900 8720
17000 9025
17100 8329
17200 7601
17300 9107
17400 8566
17500 7546
17600 7101
17700 6503
17800 5714
17900 4776
18000 4311
18100 4219
18200 3896
18300 3850
18400 4215
18500 5071
18600 4471
18700 4517
18800 4665
18900 4789
19000 5435
19100 4590
19200 4466
19300 4261
19400 3444
19500 3745
19600 4382
19700 5382
19800 4830
19900 4464
20000 3422
20100 2658
20200 3242
20300 4063
20400 3657
20500 4536
20600 4384
20700 3789
20800 3348
20900 3959
21000 3535
21100 3335
21200 2601
21300 3438
21400 3573
21500 2887
21600 2726
21700 3540
21800 3478
21900 4250
22000 3521
22100 3240
22200 3215
22300 4154
22400 3921
22500 3899
22600 4486
22700 4023
22800 4929
22900 5987
23000 4889
23100 4319
23200 4069
23300 3543
23400 3862
23500 4064
23600 4459
23700 5504
23800 5149
23900 5484
24000 5751
24100 6216
24200 6480
24300 5943
24400 5359
24500 3938
24600 3662
24700 3083
24800 3992
24900 4484
25000 5103
25100 5774
25200 5788
25300 6107
25400 6289
25500 5968
25600 5955
25700 5013
25800 6054
25900 6562
26000 7020
26100 7428
26200 7269
26300 8368
26400 7626
26500 6953
26600 6891
26700 6722
26800 5918
26900 6051
27000 5989
27100 4977
27200 4071
27300 4011
27400 4700
27500 4572
27600 5079
27700 4746
27800 4637
27900 5169
28000 5501
28100 5472
28200 5091
28300 5066
28400 3821
28500 3358
28600 3352
28700 3357
28800 3214
28900 2502
29000 2816
29100 2244
29200 2001
29300 1690
29400 1925
29500 2062
29600 2463
29700 1999
29800 2249
29900 1671
30000 1206
30100 1206
30200 1584
30300 1071
30400 1333
30500 933
30600 1083
30700 997
30800 1097
30900 857
31000 1070
31100 1004
31200 806
31300 1046
31400 841
31500 388
31600 215
31700 72
31800 285
31900 271
32000 378
32100 362
32200 404
32300 429
32400 518
32500 212
32600 70
32700 120
32800 204
32900 78
33000 27
33100 10
33200 33
33300 36
33400 7
33500 160
33600 226
33700 296
33800 101
33900 295
34000 297
34100 349
34200 194
34300 0
34400 1
34500 12
34600 37
34700 51
34800 283
34900 108
35000 109
35100 22
35200 4
35300 3
35400 66
35500 184
35600 326
35700 616
35800 367
35900 411
36000 570
36100 828
36200 1104
36300 624
36400 1181
36500 678
36600 473
36700 875
36800 1330
36900 1272
37000 1143
37100 1145
37200 1308
37300 1639
37400 1493
37500 1655
37600 2092
37700 2308
37800 1462
37900 1203
38000 1271
38100 1379
38200 1454
38300 1131
38400 954
38500 595
38600 434
38700 306
38800 345
38900 260
39000 526
39100 239
39200 393
39300 598
39400 611
39500 951
39600 548
39700 601
39800 404
39900 111
40000 27
40100 25
40200 37
40300 196
40400 195
40500 21
40600 1
40700 7
40800 157
40900 306
41000 200
41100 309
41200 530
41300 828
41400 1046
41500 1090
41600 1323
41700 1131
41800 1562
41900 1354
42000 1075
42100 1367
42200 1368
42300 1881
42400 3088
42500 2694
42600 2882
42700 2811
42800 3310
42900 2749
43000 2301
43100 1894
43200 1754
43300 2267
43400 2504
43500 3107
43600 2736
43700 2499
43800 2647
43900 3489
44000 3170
44100 2904
44200 3030
44300 3520
44400 3855
44500 4485
44600 4227
44700 4151
44800 4256
44900 3294
45000 3248
45100 3335
45200 3273
45300 3216
45400 3425
45500 3533
45600 4132
45700 4961
45800 4590
45900 4466
46000 4468
46100 3678
46200 4397
46300 4933
46400 4172
46500 4924
46600 5413
46700 5233
46800 4775
46900 4890
47000 4352
47100 5440
47200 4515
47300 4537
47400 4799
47500 4549
47600 4491
47700 5733
47800 5854
47900 6613
48000 8200
48100 8602
48200 9416
48300 175
48400 369
48500 457
48600 127
48700 672
48800 1176
48900 224
49000 412
49100 9563
49200 8900
49300 8662
49400 8568
49500 8618
49600 8330
49700 8546
49800 9205
49900 9331
50000 8851
50100 8888
50200 9929
50300 8754
50400 8650
50500 9310
50600 8757
50700 9286
50800 7514
50900 7515
51000 8294
51100 9093
51200 6797
51300 6633
51400 6471
51500 7019
51600 7068
51700 7280
51800 5783
51900 6015
52000 6129
52100 7473
52200 7393
52300 6950
52400 6929
52500 7577
52600 8420
52700 8952
52800 8514
52900 8329
53000 8898
53100 7852
53200 7978
53300 9338
53400 8077
53500 7843
53600 7988
53700 9467
53800 9062
53900 9965
54000 9247
54100 9840
54200 180
54300 771
54400 355
54500 403
54600 1362
54700 2811
54800 1873
54900 4220
55000 3250
55100 2945
55200 1474
55300 1633
55400 1489
55500 1715
55600 2202
55700 1133
55800 889
55900 595
56000 1831
56100 2101
56200 1405
56300 1026
56400 1248
56500 902
56600 1914
56700 1795
56800 1521
56900 2428
57000 1740
57100 2351
57200 1364
57300 486
57400 1506
57500 2101
57600 2111
57700 1543
57800 2896
57900 2470
58000 2085
58100 2622
58200 2925
58300 1991
58400 2836
58500 2631
58600 2365
58700 1947
58800 2414
58900 1233
59000 989
59100 243
59200 390
59300 9986
59400 10
59500 262
59600 9686
59700 9048
59800 8281
59900 7654
60000 8052
60100 7835
60200 7061
60300 7372
60400 6895
60500 5718
60600 4791
60700 4363
60800 3690
60900 3104
61000 3254
61100 3902
61200 4097
61300 4235
61400 4072
61500 3198
61600 3953
61700 5422
61800 6225
61900 6584
62000 6934
62100 6228
62200 5577
62300 4305
62400 4728
62500 5851
62600 5326
62700 4739
62800 3986
62900 4159
63000 4083
63100 3535
63200 3480
63300 3303
63400 4275
63500 3857
63600 4084
63700 4425
63800 4829
63900 5460
64000 5155
64100 5889
64200 4922
64300 4865
64400 3659
64500 3464
64600 3136
64700 2910
64800 2530
64900 3116
65000 3212
65100 3801
65200 3497
65300 3465
65400 3114
65500 2927
65600 3165
65700 2845
65800 2285
65900 2441
66000 2973
66100 3774
66200 3554
66300 2661
66400 2071
66500 1972
66600 1948
66700 1859
66800 1890
66900 1867
67000 1622
67100 1999
67200 1946
67300 2233
67400 2204
67500 2652
67600 2387
67700 2335
67800 2043
67900 1763
68000 1712
68100 1979
68200 2070
68300 2214
68400 3189
68500 2840
68600 2877
68700 2722
68800 3310
68900 3789
69000 3716
69100 4211
69200 4504
69300 5004
69400 5147
69500 4923
69600 4123
69700 3789
69800 3796
69900 3955
70000 3727
70100 3991
70200 3698
70300 3341
70400 3277
70500 4033
70600 3747
70700 3998
70800 4372
70900 4599
71000 5148
71100 4975
71200 4549
71300 3834
71400 3092
71500 3852
71600 3134
71700 3509
71800 3616
71900 3502
72000 3669
72100 4059
72200 4217
72300 4801
72400 4641
72500 4777
72600 3829
72700 4262
72800 3438
72900 2993
73000 2890
73100 3103
73200 2336
73300 2441
73400 2542
73500 3025
73600 2950
73700 2566
73800 2864
73900 3689
74000 3760
74100 5029
74200 5269
74300 5483
74400 5541
74500 5692
74600 5223
74700 6337
74800 5388
74900 4278
75000 3341
75100 3611
75200 4289
75300 4406
75400 4499
75500 4015
75600 4408
75700 5504
75800 6160
75900 6212
76000 7543
76100 7785
76200 6846
76300 5991
76400 6277
76500 4526
76600 4342
76700 3183
76800 3767
76900 4963
77000 5141
77100 4961
77200 6922
77300 8169
77400 8086
77500 8903
77600 9388
77700 9293
77800 9351
77900 9736
78000 1196
78100 1074
78200 1527
78300 736
78400 9666
78500 7798
78600 7420
78700 8118
78800 6960
78900 7604
79000 6259
79100 4251
79200 4506
79300 4568
79400 4255
79500 4098
79600 4318
79700 4212
79800 3939
79900 4124
80000 4004
80100 3988
80200 3487
80300 2586
80400 2270
80500 1921
80600 1712
80700 1860
80800 1805
80900 1437
81000 1978
81100 1720
81200 918
81300 1001
81400 778
81500 686
81600 385
81700 628
81800 641
81900 846
82000 740
82100 513
82200 320
82300 608
82400 642
82500 363
82600 64
82700 14
82800 48
82900 0
83000 27
83100 78
83200 90
83300 9
83400 0
83500 0
83600 13
83700 0
83800 79
83900 32
84000 48
84100 2
84200 4
84300 7
84400 0
84500 7
84600 1
84700 2
84800 7
84900 154
85000 390
85100 211
85200 237
85300 236
85400 134
85500 73
85600 144
85700 246
85800 755
85900 682
86000 675
86100 1347
86200 1687
86300 1743
86400 1465
86500 873
86600 841
86700 922
86800 1176
86900 1378
87000 1296
87100 1037
87200 1413
87300 1982
87400 2133
87500 2305
87600 2535
87700 2259
87800 1861
87900 2207
88000 2553
88100 2149
88200 2436
88300 2000
88400 1212
88500 1485
88600 1589
88700 1836
88800 1764
88900 1390
89000 1765
89100 1800
89200 1697
89300 1312
89400 1504
89500 1653
89600 1653
89700 1929
89800 1420
89900 1045
90000 876
90100 913
90200 1044
90300 1052
90400 1449
90500 1162
90600 1387
90700 1132
90800 1177
90900 830
91000 828
91100 613
91200 457
91300 326
91400 302
91500 390
91600 475
91700 565
91800 603
91900 560
92000 328
92100 501
92200 364
92300 824
92400 1287
92500 1394
92600 1243
92700 1227
92800 1400
92900 819
93000 1125
93100 1112
93200 979
93300 1041
93400 1192
93500 824
93600 1112
93700 1742
93800 2520
93900 2548
94000 2491
94100 2211
94200 1946
94300 1588
94400 1723
94500 2236
94600 1713
94700 1984
94800 2368
94900 2634
95000 2915
95100 3945
95200 3693
95300 3770
95400 4005
95500 3880
95600 3977
95700 4206
95800 3734
95900 3157
96000 2724
96100 2209
96200 2122
96300 2311
96400 2053
96500 1913
96600 1496
96700 1859
96800 1341
96900 1413
97000 1798
97100 1790
97200 1978
97300 2272
97400 2846
97500 2674
97600 3180
97700 3377
97800 2808
97900 2266
98000 2669
98100 2796
98200 2863
98300 3311
98400 2614
98500 3041
98600 2822
98700 2317
98800 2790
98900 2401
99000 2829
99100 2562
99200 2913
99300 3126
99400 4481
99500 4469
99600 4879
99700 5154
99800 5043
99900 5610
100000 6149
