100 4
200 0
300 9
400 3
500 73
600 67
700 4
800 1
900 0
1000 27
1100 102
1200 115
1300 62
1400 202
1500 230
1600 130
1700 137
1800 262
1900 300
2000 231
2100 163
2200 76
2300 44
2400 50
2500 29
2600 171
2700 401
2800 597
2900 545
3000 684
3100 669
3200 377
3300 620
3400 634
3500 325
3600 179
3700 209
3800 209
3900 197
4000 329
4100 216
4200 116
4300 107
4400 115
4500 78
4600 0
4700 3
4800 47
4900 114
5000 397
5100 267
5200 180
5300 217
5400 115
5500 41
5600 38
5700 0
5800 22
5900 4
6000 135
6100 2
6200 125
6300 229
6400 47
6500 2
6600 35
6700 49
6800 109
6900 40
7000 156
7100 28
7200 71
7300 7
7400 39
7500 68
7600 105
7700 1
7800 68
7900 35
8000 4
8100 128
8200 354
8300 391
8400 373
8500 402
8600 561
8700 844
8800 935
8900 1063
9000 956
9100 903
9200 1200
9300 1560
9400 1584
9500 1649
9600 1598
9700 1724
9800 1621
9900 2648
10000 2772
10100 3053
10200 3090
10300 2998
10400 3606
10500 3629
10600 3123
10700 3063
10800 4243
10900 4354
11000 5438
11100 6945
11200 6490
11300 5307
11400 6035
11500 7123
11600 6645
11700 6796
11800 6201
11900 6320
12000 7751
12100 7111
12200 6328
12300 6685
12400 7578
12500 7498
12600 7240
12700 7594
12800 9352
12900 8100
13000 8989
13100 8500
13200 74
13300 9105
13400 8364
13500 8936
13600 8277
13700 8927
13800 9332
13900 9650
14000 35
14100 9390
14200 8809
14300 8646
14400 9285
14500 8546
14600 8956
14700 8815
14800 9424
14900 8806
15000 8390
15100 8705
15200 8990
15300 7669
15400 8370
15500 9223
15600 8777
15700 8822
15800 9929
15900 9541
16000 9574
16100 8885
16200 8140
16300 7975
16400 7593
16500 7530
16600 6084
16700 5847
16800 6400
16900 5858
17000 6694
17100 6606
17200 6023
17300 5715
17400 5057
17500 4312
17600 4594
17700 4401
17800 3920
17900 4748
18000 4441
18100 4009
18200 4201
18300 3765
18400 3242
18500 3901
18600 4596
18700 5986
18800 5690
18900 6248
19000 7006
19100 7013
19200 6914
19300 6774
19400 7508
19500 7659
19600 7633
19700 7393
19800 7281
19900 8592
20000 8626
20100 7770
20200 7800
20300 7345
20400 6743
20500 5400
20600 5075
20700 5040
20800 4438
20900 3176
21000 2352
21100 2142
21200 1565
21300 921
21400 748
21500 1387
21600 1001
21700 1170
21800 1021
21900 1060
22000 1243
22100 1728
22200 1478
22300 1812
22400 1549
22500 2120
22600 2208
22700 1330
22800 911
22900 1274
23000 1569
23100 1127
23200 750
23300 487
23400 530
23500 475
23600 527
23700 872
23800 516
23900 324
24000 323
24100 521
24200 365
24300 391
24400 650
24500 1483
24600 2273
24700 1831
24800 1472
24900 428
25000 429
25100 927
25200 742
25300 682
25400 463
25500 298
25600 320
25700 532
25800 435
25900 480
26000 413
26100 259
26200 266
26300 528
26400 676
26500 857
26600 957
26700 1095
26800 1303
26900 1141
27000 1011
27100 901
27200 600
27300 542
27400 537
27500 510
27600 508
27700 453
27800 632
27900 221
28000 301
28100 385
28200 523
28300 852
28400 558
28500 405
28600 140
28700 259
28800 224
28900 661
29000 1229
29100 1025
29200 858
29300 1058
29400 505
29500 400
29600 314
29700 246
29800 247
29900 448
30000 214
30100 329
30200 291
30300 212
30400 184
30500 250
30600 274
30700 328
30800 620
30900 371
31000 622
31100 677
31200 929
31300 523
31400 560
31500 819
31600 851
31700 1334
31800 1952
31900 1659
32000 1848
32100 1606
32200 2123
32300 1573
32400 2133
32500 2591
32600 2947
32700 3873
32800 3096
32900 3304
33000 2778
33100 2498
33200 3492
33300 4038
33400 3219
33500 2105
33600 1932
33700 2394
33800 2116
33900 1565
34000 1154
34100 894
34200 1266
34300 1507
34400 1736
34500 2492
34600 2986
34700 3954
34800 4437
34900 4660
35000 4773
35100 4177
35200 3982
35300 4605
35400 4784
35500 6251
35600 7127
35700 6370
35800 6350
35900 7225
36000 7386
36100 8057
36200 8092
36300 7675
36400 8143
36500 8911
36600 8662
36700 9845
36800 9245
36900 8293
37000 7296
37100 7658
37200 8816
37300 8558
37400 348
37500 9816
37600 8984
37700 9472
37800 8603
37900 8613
38000 9102
38100 8736
38200 8649
38300 8645
38400 8662
38500 8295
38600 7554
38700 8423
38800 9726
38900 9805
39000 406
39100 437
39200 512
39300 502
39400 1042
39500 1875
39600 1365
39700 813
39800 1191
39900 814
40000 774
40100 3
40200 9196
40300 9105
40400 9622
40500 9427
40600 8041
40700 7653
40800 6392
40900 5592
41000 6458
41100 6065
41200 5887
41300 7507
41400 6947
41500 6828
41600 6239
41700 7125
41800 6001
41900 4927
42000 5648
42100 6819
42200 5740
42300 5340
42400 4301
42500 2451
42600 2656
42700 2970
42800 3547
42900 3232
43000 2721
43100 2297
43200 2506
43300 2136
43400 1903
43500 1871
43600 2779
43700 2841
43800 2348
43900 3115
44000 2764
44100 2540
44200 2595
44300 2346
44400 1572
44500 1125
44600 1289
44700 1118
44800 1385
44900 1937
45000 2070
45100 1299
45200 1666
45300 1181
45400 1220
45500 1520
45600 2073
45700 1515
45800 2050
45900 1499
46000 1581
46100 949
46200 853
46300 926
46400 1290
46500 1262
46600 2429
46700 2622
46800 1729
46900 1942
47000 1820
47100 1646
47200 1796
47300 1631
47400 1974
47500 1894
47600 1827
47700 1480
47800 1821
47900 1574
48000 1214
48100 1251
48200 1347
48300 1524
48400 1219
48500 1680
48600 867
48700 1677
48800 2005
48900 1867
49000 2144
49100 1736
49200 1912
49300 1765
49400 2787
49500 3162
49600 3164
49700 2854
49800 3110
49900 3200
50000 3244
50100 3919
50200 4599
50300 4701
50400 4152
50500 4667
50600 6010
50700 5843
50800 6550
50900 6683
51000 5904
51100 5849
51200 5588
51300 5600
51400 6570
51500 6165
51600 6122
51700 6916
51800 7109
51900 7565
52000 7806
52100 6681
52200 7675
52300 8254
52400 7433
52500 8282
52600 7804
52700 7513
52800 7547
52900 7080
53000 6270
53100 7210
53200 7924
53300 7625
53400 7760
53500 6727
53600 6097
53700 5430
53800 6073
53900 6172
54000 5941
54100 6656
54200 5517
54300 4111
54400 3109
54500 2874
54600 3259
54700 3647
54800 3401
54900 2937
55000 1961
55100 1934
55200 1855
55300 1849
55400 2570
55500 2509
55600 2666
55700 1908
55800 2865
55900 2667
56000 2482
56100 3027
56200 3485
56300 2838
56400 2675
56500 2515
56600 2847
56700 2850
56800 3587
56900 4379
57000 4283
57100 3916
57200 3669
57300 4429
57400 4034
57500 4651
57600 5916
57700 5726
57800 5548
57900 6059
58000 6215
58100 5096
58200 4861
58300 4853
58400 4436
58500 5438
58600 6048
58700 5355
58800 5859
58900 5001
59000 4342
59100 4087
59200 4138
59300 3922
59400 4668
59500 4249
59600 4093
59700 5148
59800 5192
59900 5114
60000 4587
60100 3953
60200 4419
60300 4361
60400 5029
60500 5413
60600 4623
60700 4547
60800 5109
60900 4332
61000 3599
61100 4204
61200 3597
61300 3818
61400 4509
61500 4971
61600 4492
61700 5353
61800 4828
61900 5367
62000 6202
62100 5586
62200 5355
62300 6084
62400 5660
62500 5699
62600 6037
62700 6160
62800 6393
62900 7616
63000 7108
63100 7968
63200 8554
63300 8363
63400 8507
63500 8192
63600 6931
63700 6882
63800 5991
63900 6537
64000 6558
64100 7192
64200 7032
64300 6298
64400 6025
64500 4921
64600 4810
64700 4804
64800 5490
64900 5424
65000 6098
65100 5370
65200 5632
65300 5851
65400 5900
65500 6291
65600 6681
65700 7739
65800 8058
65900 6831
66000 6734
66100 7903
66200 8115
66300 7573
66400 7959
66500 8740
66600 9199
66700 123
66800 219
66900 980
67000 1673
67100 976
67200 1356
67300 1756
67400 3006
67500 2059
67600 2813
67700 3553
67800 4645
67900 5025
68000 5345
68100 5514
68200 6657
68300 7493
68400 6924
68500 6862
68600 8146
68700 8057
68800 8312
68900 8092
69000 7582
69100 7572
69200 6881
69300 6564
69400 7279
69500 7226
69600 6672
69700 6250
69800 6954
69900 6569
70000 5641
70100 5471
70200 6291
70300 5324
70400 5109
70500 5449
70600 7203
70700 7443
70800 7360
70900 7962
71000 7957
71100 6822
71200 6536
71300 4740
71400 4670
71500 4632
71600 4862
71700 6117
71800 6021
71900 5858
72000 6227
72100 6251
72200 6498
72300 6963
72400 7090
72500 7197
72600 6517
72700 6471
72800 6565
72900 6173
73000 6628
73100 5657
73200 5562
73300 5343
73400 6463
73500 7981
73600 8006
73700 7712
73800 7415
73900 7307
74000 7944
74100 7768
74200 8116
74300 7298
74400 7132
74500 6856
74600 6585
74700 6604
74800 6014
74900 5467
75000 5633
75100 5618
75200 6916
75300 6912
75400 6037
75500 5054
75600 4986
75700 5841
75800 6675
75900 6623
76000 6507
76100 6483
76200 6127
76300 6576
76400 5771
76500 5619
76600 5799
76700 5732
76800 6370
76900 7203
77000 6563
77100 6985
77200 7451
77300 6425
77400 5685
77500 5220
77600 5546
77700 6117
77800 6066
77900 6252
78000 5118
78100 5290
78200 5281
78300 4805
78400 4209
78500 4203
78600 4144
78700 3143
78800 4365
78900 4851
79000 5638
79100 6379
79200 5580
79300 6190
79400 7315
79500 6761
79600 5994
79700 5169
79800 4428
79900 4433
80000 4526
80100 4514
80200 4717
80300 5267
80400 5904
80500 6772
80600 7492
80700 9913
80800 428
80900 1588
81000 2346
81100 1973
81200 2305
81300 3827
81400 4163
81500 3196
81600 3074
81700 2612
81800 957
81900 9723
82000 460
82100 827
82200 793
82300 9460
82400 293
82500 831
82600 612
82700 9524
82800 360
82900 7464
83000 4785
83100 4847
83200 3809
83300 4006
83400 5942
83500 3749
83600 5158
83700 8223
83800 8511
83900 6552
84000 6884
84100 7803
84200 8209
84300 9871
84400 993
84500 1507
84600 1633
84700 2047
84800 3814
84900 4051
85000 3941
85100 3216
85200 3745
85300 1454
85400 666
85500 2031
85600 2400
85700 2013
85800 737
85900 2930
86000 2738
86100 3973
86200 4133
86300 5069
86400 3635
86500 3186
86600 1560
86700 1352
86800 297
86900 1691
87000 3049
87100 1583
87200 2076
87300 1803
87400 811
87500 1877
87600 2779
87700 2493
87800 2753
87900 1355
88000 1432
88100 375
88200 9767
88300 7839
88400 7721
88500 7284
88600 6633
88700 6206
88800 5852
88900 4628
89000 4119
89100 3586
89200 3701
89300 3548
89400 2968
89500 3498
89600 4208
89700 4188
89800 4632
89900 4132
90000 2735
90100 3748
90200 5159
90300 5205
90400 6639
90500 7855
90600 8117
90700 8551
90800 9634
90900 9747
91000 1037
91100 2188
91200 2388
91300 3116
91400 3414
91500 3684
91600 4408
91700 4832
91800 5158
91900 4554
92000 5248
92100 5637
92200 6385
92300 6674
92400 8235
92500 7260
92600 7277
92700 6741
92800 8920
92900 9231
93000 8725
93100 7543
93200 8374
93300 8411
93400 6527
93500 6139
93600 5892
93700 5264
93800 5221
93900 6121
94000 5762
94100 6313
94200 6044
94300 5694
94400 5858
94500 5207
94600 4376
94700 3393
94800 3996
94900 3644
95000 3033
95100 2357
95200 2992
95300 3387
95400 3264
95500 2496
95600 2875
95700 3233
95800 3249
95900 4486
96000 4611
96100 4406
96200 4538
96300 4143
96400 3633
96500 3756
96600 3297
96700 2434
96800 1728
96900 1551
97000 1111
97100 657
97200 592
97300 507
97400 666
97500 685
97600 286
97700 396
97800 977
97900 830
98000 1022
98100 987
98200 1456
98300 1633
98400 2027
98500 1786
98600 1181
98700 1639
98800 1424
98900 1787
99000 2678
99100 2551
99200 2574
99300 2103
99400 2972
99500 2594
99600 1968
99700 1233
99800 718
99900 972
100000 1051
100 0
200 0
300 6
400 8
500 24
600 10
700 65
800 30
900 90
1000 67
1100 28
1200 52
1300 153
1400 200
1500 110
1600 92
1700 24
1800 2
1900 0
2000 15
2100 0
2200 2
2300 6
2400 2
2500 0
2600 46
2700 136
2800 145
2900 148
3000 233
3100 226
3200 53
3300 111
3400 233
3500 115
3600 38
3700 1
3800 0
3900 0
4000 26
4100 106
4200 13
4300 8
4400 262
4500 499
4600 234
4700 161
4800 198
4900 174
5000 292
5100 308
5200 271
5300 367
5400 299
5500 430
5600 203
5700 342
5800 467
5900 832
6000 1561
6100 1179
6200 899
6300 1296
6400 1534
6500 708
6600 696
6700 524
6800 657
6900 833
7000 596
7100 489
7200 510
7300 921
7400 1258
7500 1435
7600 1616
7700 1188
7800 1365
7900 1696
8000 1813
8100 1941
8200 1883
8300 1636
8400 1381
8500 1280
8600 1016
8700 978
8800 1497
8900 1872
9000 2371
9100 1774
9200 2103
9300 2016
9400 1708
9500 1767
9600 1649
9700 1391
9800 1369
9900 1455
10000 1503
10100 1317
10200 1572
10300 1317
10400 1186
10500 1332
10600 1896
10700 1615
10800 1477
10900 1297
11000 591
11100 610
11200 452
11300 439
11400 219
11500 344
11600 533
11700 682
11800 564
11900 656
12000 449
12100 155
12200 340
12300 536
12400 803
12500 812
12600 621
12700 663
12800 1123
12900 1125
13000 1017
13100 1205
13200 1504
13300 1092
13400 1391
13500 1020
13600 1423
13700 1144
13800 934
13900 527
14000 446
14100 533
14200 858
14300 1104
14400 1706
14500 1999
14600 1486
14700 1605
14800 1916
14900 1326
15000 1559
15100 2041
15200 2369
15300 1865
15400 1318
15500 1482
15600 2382
15700 2352
15800 2910
15900 2896
16000 3463
16100 4289
16200 5276
16300 3899
16400 3862
16500 3300
16600 2376
16700 2394
16800 2500
16900 2187
17000 1960
17100 2252
17200 2218
17300 2118
17400 2509
17500 2425
17600 2973
17700 3522
17800 3862
17900 2985
18000 3023
18100 2667
18200 2413
18300 2832
18400 3228
18500 3351
18600 3167
18700 2958
18800 2436
18900 2139
19000 2710
19100 2559
19200 2561
19300 2048
19400 3056
19500 2344
19600 2363
19700 2185
19800 2457
19900 3340
20000 2844
20100 2018
20200 2580
20300 2633
20400 2258
20500 2339
20600 3042
20700 3388
20800 3027
20900 3749
21000 3765
21100 3231
21200 2401
21300 3361
21400 2841
21500 3027
21600 3923
21700 3565
21800 4514
21900 4504
22000 5224
22100 5567
22200 5619
22300 7493
22400 6750
22500 7281
22600 8140
22700 8778
22800 8954
22900 7299
23000 7332
23100 7524
23200 8761
23300 8616
23400 7841
23500 8336
23600 7647
23700 7321
23800 7099
23900 5517
24000 6997
24100 6967
24200 6429
24300 6849
24400 6501
24500 5917
24600 5822
24700 6521
24800 5798
24900 4761
25000 4128
25100 4313
25200 4182
25300 4569
25400 4666
25500 4672
25600 5187
25700 4935
25800 5749
25900 5405
26000 6141
26100 5982
26200 6645
26300 7160
26400 6459
26500 7527
26600 7319
26700 7190
26800 7317
26900 6769
27000 6629
27100 7873
27200 8206
27300 7521
27400 7457
27500 7392
27600 8049
27700 8565
27800 8732
27900 653
28000 645
28100 498
28200 1035
28300 151
28400 8844
28500 9220
28600 9748
28700 9851
28800 922
28900 9978
29000 9497
29100 8888
29200 9446
29300 9696
29400 285
29500 9854
29600 8293
29700 7247
29800 7225
29900 6213
30000 6503
30100 6010
30200 5694
30300 6918
30400 6852
30500 6529
30600 7208
30700 7436
30800 7877
30900 8995
31000 8945
31100 325
31200 437
31300 9773
31400 545
31500 726
31600 1305
31700 1060
31800 1224
31900 1644
32000 2267
32100 2024
32200 1945
32300 405
32400 880
32500 1182
32600 2250
32700 2392
32800 2704
32900 3328
33000 4108
33100 4222
33200 4371
33300 3662
33400 3990
33500 5144
33600 5336
33700 4457
33800 4976
33900 5592
34000 5266
34100 4748
34200 4286
34300 5319
34400 5215
34500 4783
34600 5248
34700 4323
34800 3759
34900 4236
35000 3815
35100 5248
35200 5928
35300 5900
35400 6758
35500 5997
35600 5227
35700 6591
35800 6155
35900 6584
36000 6166
36100 6004
36200 6863
36300 8019
36400 8379
36500 9304
36600 8094
36700 7132
36800 6565
36900 5883
37000 5497
37100 5582
37200 4740
37300 5162
37400 4543
37500 4094
37600 4115
37700 5614
37800 5901
37900 4898
38000 6273
38100 5812
38200 6180
38300 6254
38400 6513
38500 5230
38600 5972
38700 6762
38800 7428
38900 7741
39000 7974
39100 7253
39200 7191
39300 7478
39400 7633
39500 6072
39600 6867
39700 7867
39800 8249
39900 7242
40000 6474
40100 6464
40200 6086
40300 5337
40400 6954
40500 7212
40600 8565
40700 8275
40800 8036
40900 8335
41000 7272
41100 6813
41200 7164
41300 7951
41400 8561
41500 9492
41600 9213
41700 9527
41800 9829
41900 8724
42000 8871
42100 372
42200 949
42300 522
42400 160
42500 9495
42600 8957
42700 8556
42800 9445
42900 9519
43000 367
43100 1014
43200 944
43300 623
43400 1575
43500 1688
43600 1680
43700 1955
43800 1780
43900 1116
44000 996
44100 1171
44200 1324
44300 921
44400 1182
44500 967
44600 1497
44700 1504
44800 1752
44900 2430
45000 2103
45100 2161
45200 1725
45300 2371
45400 1922
45500 2354
45600 2972
45700 3404
45800 3043
45900 2434
46000 2759
46100 2537
46200 3250
46300 3180
46400 3044
46500 2326
46600 2953
46700 4627
46800 4416
46900 4865
47000 4815
47100 4560
47200 4128
47300 3784
47400 4749
47500 4130
47600 4587
47700 5708
47800 5702
47900 5151
48000 5796
48100 5532
48200 5940
48300 5994
48400 5887
48500 5283
48600 4664
48700 4795
48800 4558
48900 3941
49000 3870
49100 3269
49200 2583
49300 3005
49400 2460
49500 803
49600 357
49700 504
49800 467
49900 891
50000 835
50100 691
50200 1319
50300 2111
50400 1531
50500 1683
50600 1549
50700 1224
50800 1797
50900 1967
51000 2370
51100 3145
51200 3708
51300 3662
51400 3255
51500 3403
51600 3078
51700 2405
51800 2707
51900 2807
52000 2644
52100 2428
52200 1737
52300 1555
52400 1531
52500 1376
52600 1076
52700 1210
52800 1646
52900 1101
53000 1655
53100 978
53200 1742
53300 1198
53400 1753
53500 1374
53600 1892
53700 2939
53800 3112
53900 2971
54000 2246
54100 2832
54200 3041
54300 3499
54400 2956
54500 3092
54600 3550
54700 2792
54800 3269
54900 3485
55000 3371
55100 2774
55200 3445
55300 3641
55400 4045
55500 2599
55600 2606
55700 2118
55800 2683
55900 2538
56000 2655
56100 2943
56200 4077
56300 4571
56400 4887
56500 6371
56600 5969
56700 4361
56800 4600
56900 4507
57000 6062
57100 5930
57200 4954
57300 5182
57400 4583
57500 4602
57600 4934
57700 4124
57800 3959
57900 4102
58000 4789
58100 5372
58200 6230
58300 4830
58400 4342
58500 6092
58600 6221
58700 7161
58800 5703
58900 5983
59000 5171
59100 5491
59200 5332
59300 4613
59400 4188
59500 3348
59600 3318
59700 2863
59800 3292
59900 2930
60000 3027
60100 3399
60200 3917
60300 5510
60400 5882
60500 6102
60600 5411
60700 5330
60800 6143
60900 6118
61000 6273
61100 5799
61200 5973
61300 5403
61400 5424
61500 4864
61600 4327
61700 4448
61800 5640
61900 4802
62000 4581
62100 3218
62200 3124
62300 3122
62400 2535
62500 2041
62600 1542
62700 1893
62800 1912
62900 2157
63000 2282
63100 1755
63200 1425
63300 1330
63400 1430
63500 972
63600 1154
63700 849
63800 744
63900 533
64000 993
64100 439
64200 639
64300 481
64400 503
64500 778
64600 829
64700 1052
64800 1256
64900 1117
65000 1077
65100 1502
65200 1268
65300 1580
65400 2010
65500 1629
65600 1495
65700 1124
65800 836
65900 887
66000 974
66100 1398
66200 1645
66300 1717
66400 2008
66500 1580
66600 1546
66700 1638
66800 1701
66900 1276
67000 1182
67100 1261
67200 1268
67300 1221
67400 766
67500 776
67600 1007
67700 1178
67800 1121
67900 1130
68000 994
68100 1265
68200 1291
68300 1646
68400 1288
68500 956
68600 976
68700 838
68800 848
68900 872
69000 488
69100 516
69200 791
69300 409
69400 493
69500 350
69600 224
69700 47
69800 22
69900 0
70000 0
70100 5
70200 2
70300 3
70400 0
70500 76
70600 42
70700 167
70800 61
70900 8
71000 14
71100 328
71200 167
71300 83
71400 211
71500 352
71600 320
71700 218
71800 289
71900 212
72000 287
72100 155
72200 73
72300 0
72400 5
72500 69
72600 22
72700 0
72800 26
72900 7
73000 0
73100 72
73200 118
73300 75
73400 24
73500 6
73600 23
73700 203
73800 309
73900 398
74000 104
74100 83
74200 24
74300 67
74400 102
74500 94
74600 5
74700 0
74800 2
74900 15
75000 0
75100 29
75200 27
75300 5
75400 16
75500 5
75600 1
75700 0
75800 1
75900 34
76000 1
76100 14
76200 92
76300 41
76400 298
76500 405
76600 538
76700 992
76800 972
76900 850
77000 935
77100 1015
77200 1129
77300 2064
77400 2874
77500 3205
77600 2867
77700 2613
77800 2131
77900 2192
78000 1940
78100 2042
78200 1733
78300 1794
78400 1436
78500 927
78600 990
78700 822
78800 415
78900 393
79000 429
79100 512
79200 425
79300 606
79400 974
79500 667
79600 920
79700 687
79800 388
79900 80
80000 173
80100 46
80200 7
80300 18
80400 101
80500 142
80600 99
80700 16
80800 34
80900 55
81000 270
81100 237
81200 269
81300 148
81400 169
81500 158
81600 48
81700 5
81800 0
81900 10
82000 31
82100 14
82200 1
82300 7
82400 1
82500 0
82600 0
82700 30
82800 34
82900 2
83000 9
83100 36
83200 0
83300 9
83400 1
83500 30
83600 11
83700 33
83800 17
83900 186
84000 359
84100 512
84200 474
84300 503
84400 451
84500 681
84600 76
84700 38
84800 52
84900 140
85000 253
85100 158
85200 215
85300 128
85400 349
85500 590
85600 331
85700 395
85800 694
85900 1172
86000 633
86100 228
86200 454
86300 511
86400 484
86500 497
86600 675
86700 430
86800 521
86900 335
87000 328
87100 273
87200 712
87300 828
87400 1568
87500 1650
87600 2221
87700 2284
87800 2068
87900 2176
88000 3142
88100 3085
88200 3224
88300 3840
88400 3972
88500 3602
88600 3699
88700 3793
88800 3785
88900 3911
89000 3523
89100 3402
89200 2929
89300 2944
89400 3316
89500 4068
89600 4367
89700 4732
89800 5552
89900 5363
90000 5447
90100 4966
90200 4025
90300 3786
90400 3819
90500 3886
90600 2970
90700 3487
90800 3631
90900 3647
91000 4120
91100 3758
91200 3602
91300 4404
91400 4500
91500 5171
91600 4675
91700 4702
91800 5097
91900 4943
92000 4739
92100 6120
92200 5887
92300 6779
92400 6205
92500 6292
92600 5379
92700 5399
92800 5139
92900 5892
93000 6437
93100 5907
93200 4863
93300 5014
93400 4830
93500 4311
93600 4593
93700 4997
93800 5062
93900 6002
94000 6047
94100 6875
94200 7097
94300 8355
94400 8079
94500 9104
94600 9433
94700 8222
94800 9391
94900 9901
95000 294
95100 9180
95200 9945
95300 974
95400 1644
95500 1190
95600 2531
95700 2394
95800 3130
95900 3880
96000 3162
96100 2875
96200 3834
96300 4390
96400 3430
96500 3756
96600 3818
96700 3982
96800 2439
96900 4348
97000 4669
97100 3312
97200 3837
97300 3938
97400 4980
97500 4373
97600 3672
97700 2389
97800 1775
97900 1912
98000 2709
98100 3058
98200 3642
98300 3156
98400 3657
98500 2879
98600 1091
98700 1605
98800 1052
98900 1022
99000 916
99100 444
99200 1324
99300 973
99400 1419
99500 789
99600 538
99700 332
99800 1040
99900 784
100000 330
