100 418
200 1151
300 1211
400 1490
500 2169
600 1669
700 744
800 1075
900 1562
1000 2207
1100 2717
1200 2976
1300 2696
1400 2889
1500 3220
1600 3447
1700 3677
1800 4047
1900 5471
2000 4370
2100 4301
2200 3550
2300 3465
2400 3867
2500 4245
2600 3666
2700 5227
2800 5496
2900 5490
3000 5792
3100 6108
3200 5896
3300 6395
3400 5926
3500 6429
3600 7309
3700 7229
3800 8011
3900 6303
4000 6401
4100 5140
4200 4983
4300 4570
4400 4708
4500 5013
4600 5200
4700 4793
4800 4068
4900 4005
5000 4857
5100 5542
5200 5990
5300 5955
5400 5914
5500 5419
5600 5269
5700 4851
5800 4900
5900 6255
6000 7101
6100 7297
6200 8649
6300 8979
6400 7946
6500 8203
6600 8881
6700 7434
6800 8103
6900 8138
7000 8562
7100 8948
7200 9751
7300 9782
7400 1802
7500 9927
7600 470
7700 2738
7800 1842
7900 3992
8000 4018
8100 4322
8200 3606
8300 4920
8400 6510
8500 8717
8600 7747
8700 5500
8800 4762
8900 5291
9000 3438
9100 1769
9200 2942
9300 1954
9400 3183
9500 4774
9600 4262
9700 3771
9800 3264
9900 4995
10000 6112
10100 4867
10200 6294
10300 7537
10400 7051
10500 9335
10600 9021
10700 8257
10800 8753
10900 9344
11000 398
11100 2134
11200 2597
11300 2113
11400 1622
11500 1159
11600 2017
11700 3027
11800 2462
11900 259
12000 241
12100 3364
12200 3219
12300 2602
12400 1403
12500 2867
12600 232
12700 9610
12800 1850
12900 1941
13000 1550
13100 644
13200 326
13300 453
13400 9907
13500 16
13600 199
13700 1361
13800 1951
13900 1764
14000 2095
14100 3878
14200 4494
14300 6349
14400 6709
14500 5624
14600 7370
14700 7797
14800 8995
14900 8300
15000 8347
15100 9653
15200 8195
15300 7275
15400 7087
15500 7700
15600 7456
15700 6733
15800 7201
15900 8334
16000 7520
16100 7964
16200 7876
16300 8743
16400 604
16500 2519
16600 2950
16700 5754
16800 6999
16900 7485
17000 5927
17100 5194
17200 5107
17300 6187
17400 5050
17500 5993
17600 2589
17700 681
17800 9450
17900 8136
18000 9458
18100 9720
18200 148
18300 8635
18400 9323
18500 8576
18600 9098
18700 280
18800 2177
18900 2421
19000 3362
19100 3259
19200 3331
19300 3156
19400 3440
19500 4783
19600 5429
19700 7029
19800 6216
19900 5582
20000 6490
20100 5415
20200 6323
20300 5658
20400 4949
20500 2149
20600 1716
20700 1090
20800 1681
20900 412
21000 9228
21100 7628
21200 7839
21300 6816
21400 8024
21500 8378
21600 9097
21700 9371
21800 40
21900 535
22000 1646
22100 3300
22200 4160
22300 4369
22400 4875
22500 5233
22600 4774
22700 6456
22800 6488
22900 371
23000 1046
23100 1400
23200 3841
23300 3012
23400 910
23500 837
23600 1502
23700 139
23800 331
23900 9120
24000 7131
24100 6767
24200 5389
24300 6436
24400 6566
24500 7699
24600 7897
24700 8317
24800 5153
24900 4693
25000 5428
25100 4982
25200 7369
25300 8903
25400 9387
25500 2367
25600 3457
25700 1010
25800 2095
25900 3100
26000 3096
26100 4927
26200 2841
26300 5601
26400 8564
26500 675
26600 7614
26700 9549
26800 6923
26900 8048
27000 3505
27100 1903
27200 911
27300 9001
27400 621
27500 3189
27600 5334
27700 1794
27800 2991
27900 3422
28000 1143
28100 1409
28200 493
28300 8908
28400 1822
28500 2621
28600 2745
28700 4658
28800 4303
28900 5354
29000 7730
29100 8767
29200 6947
29300 7626
29400 8142
29500 7708
29600 8373
29700 9975
29800 3639
29900 6079
30000 6841
30100 6719
30200 136
30300 8300
30400 8909
30500 3375
30600 3713
30700 6251
30800 9498
30900 610
31000 2448
31100 3435
31200 3934
31300 3791
31400 2332
31500 572
31600 1373
31700 815
31800 9604
31900 298
32000 7772
32100 7394
32200 9661
32300 2150
32400 3019
32500 3266
32600 3340
32700 2165
32800 1248
32900 3239
33000 3841
33100 3913
33200 3675
33300 5750
33400 7013
33500 9418
33600 2341
33700 6418
33800 5180
33900 3583
34000 5721
34100 483
34200 3711
34300 1188
34400 719
34500 8134
34600 5980
34700 2894
34800 3275
34900 1744
35000 1510
35100 2268
35200 2301
35300 3238
35400 356
35500 9071
35600 8683
35700 7820
35800 8678
35900 1138
36000 8730
36100 9581
36200 7101
36300 7970
36400 7734
36500 9383
36600 8685
36700 6864
36800 5370
36900 4757
37000 4037
37100 5074
37200 4344
37300 4097
37400 5263
37500 5882
37600 5520
37700 7102
37800 6579
37900 6996
38000 6334
38100 7065
38200 7392
38300 8323
38400 6952
38500 6392
38600 7737
38700 9405
38800 9028
38900 797
39000 1377
39100 3569
39200 2536
39300 2590
39400 3448
39500 5004
39600 6997
39700 5694
39800 2849
39900 1518
40000 9407
40100 8628
40200 466
40300 865
40400 1476
40500 3208
40600 1439
40700 1323
40800 428
40900 9979
41000 821
41100 1707
41200 1369
41300 5313
41400 3860
41500 5026
41600 7237
41700 6191
41800 8239
41900 6708
42000 3611
42100 4715
42200 3707
42300 4755
42400 5226
42500 3225
42600 3345
42700 9942
42800 8688
42900 6573
43000 7302
43100 7873
43200 9862
43300 839
43400 1144
43500 1919
43600 3598
43700 1407
43800 3066
43900 4132
44000 2194
44100 617
44200 1714
44300 6349
44400 8745
44500 356
44600 6422
44700 7654
44800 5260
44900 5173
45000 5035
45100 3590
45200 6144
45300 7183
45400 9485
45500 711
45600 469
45700 4502
45800 8001
45900 874
46000 554
46100 7930
46200 6301
46300 5547
46400 3627
46500 4920
46600 6089
46700 8271
46800 7907
46900 8396
47000 7897
47100 7670
47200 8160
47300 7004
47400 5423
47500 6789
47600 7057
47700 4661
47800 3307
47900 3701
48000 4026
48100 4706
48200 3691
48300 5372
48400 3764
48500 6177
48600 8320
48700 8433
48800 7502
48900 6655
49000 6532
49100 5688
49200 6858
49300 7738
49400 6293
49500 4560
49600 2714
49700 4459
49800 3236
49900 4048
50000 4011
50100 4733
50200 4832
50300 5345
50400 3156
50500 147
50600 8453
50700 8982
50800 7491
50900 8894
51000 8511
51100 9304
51200 8840
51300 8324
51400 9369
51500 446
51600 9020
51700 9535
51800 371
51900 1825
52000 795
52100 1618
52200 1643
52300 3790
52400 6172
52500 6844
52600 7444
52700 7021
52800 6025
52900 6415
53000 4458
53100 5427
53200 4523
53300 4825
53400 4347
53500 3506
53600 6720
53700 6721
53800 8513
53900 7537
54000 7556
54100 8578
54200 6155
54300 4524
54400 5311
54500 8527
54600 8535
54700 8999
54800 9800
54900 9292
55000 8956
55100 1306
55200 581
55300 2198
55400 1255
55500 9816
55600 1055
55700 937
55800 9970
55900 9631
56000 961
56100 2821
56200 2737
56300 2082
56400 9854
56500 261
56600 9769
56700 9441
56800 666
56900 9373
57000 9646
57100 9712
57200 9572
57300 9463
57400 8825
57500 8923
57600 9233
57700 7603
57800 9186
57900 8737
58000 9605
58100 880
58200 806
58300 2806
58400 3049
58500 1756
58600 2054
58700 2840
58800 2107
58900 8719
59000 260
59100 205
59200 8147
59300 6567
59400 7328
59500 7228
59600 7615
59700 7324
59800 8022
59900 7399
60000 8412
60100 8618
60200 9545
60300 1108
60400 827
60500 9332
60600 9461
60700 1339
60800 3369
60900 4043
61000 2966
61100 2580
61200 3364
61300 3883
61400 4361
61500 4102
61600 3203
61700 3541
61800 5388
61900 6521
62000 7080
62100 6452
62200 7095
62300 4663
62400 4426
62500 4728
62600 6408
62700 6468
62800 7333
62900 7604
63000 8946
63100 9999
63200 7614
63300 8613
63400 1235
63500 3356
63600 4834
63700 3079
63800 1898
63900 2086
64000 792
64100 9951
64200 1775
64300 2946
64400 602
64500 154
64600 9257
64700 8834
64800 446
64900 2538
65000 9414
65100 2195
65200 4986
65300 4362
65400 7845
65500 6945
65600 7731
65700 8697
65800 8273
65900 6951
66000 656
66100 9546
66200 5177
66300 3569
66400 6517
66500 6376
66600 6318
66700 5737
66800 5613
66900 7735
67000 5690
67100 5343
67200 2656
67300 2090
67400 3635
67500 4845
67600 5695
67700 5164
67800 7938
67900 9480
68000 7785
68100 8643
68200 1529
68300 3719
68400 3341
68500 4855
68600 5852
68700 5270
68800 5983
68900 4216
69000 6979
69100 8132
69200 6535
69300 3765
69400 1580
69500 9936
69600 8542
69700 2251
69800 2899
69900 4510
70000 7097
70100 7338
70200 439
70300 9522
70400 7798
70500 7993
70600 5228
70700 5685
70800 9589
70900 7948
71000 1317
71100 3131
71200 7070
71300 6969
71400 9198
71500 9119
71600 8863
71700 8962
71800 8358
71900 3476
72000 3024
72100 314
72200 8766
72300 7866
72400 7196
72500 7579
72600 4806
72700 6985
72800 7583
72900 9084
73000 6262
73100 6323
73200 4963
73300 3043
73400 3639
73500 7189
73600 5308
73700 4928
73800 4471
73900 4207
74000 5138
74100 2532
74200 2008
74300 9010
74400 2300
74500 806
74600 9199
74700 8466
74800 660
74900 1834
75000 4625
75100 6199
75200 9484
75300 4117
75400 7181
75500 8050
75600 8431
75700 5142
75800 6663
75900 929
76000 6246
76100 7886
76200 6910
76300 1292
76400 7624
76500 9297
76600 1659
76700 5972
76800 2597
76900 7220
77000 3993
77100 1590
77200 6936
77300 2013
77400 917
77500 4018
77600 1819
77700 2327
77800 4201
77900 498
78000 6175
78100 7689
78200 6373
78300 5446
78400 4548
78500 6415
78600 7156
78700 7628
78800 420
78900 1153
79000 1912
79100 240
79200 8760
79300 7195
79400 8125
79500 9105
79600 8989
79700 1555
79800 153
79900 1068
80000 1009
80100 3896
80200 471
80300 9007
80400 6102
80500 7671
80600 9230
80700 9734
80800 5081
80900 5811
81000 4229
81100 6728
81200 7934
81300 5410
81400 4246
81500 3937
81600 5999
81700 7281
81800 6919
81900 7353
82000 6974
82100 71
82200 41
82300 8338
82400 6930
82500 9154
82600 8960
82700 8228
82800 9146
82900 8502
83000 7770
83100 8097
83200 8306
83300 7211
83400 5080
83500 5040
83600 3994
83700 4506
83800 4806
83900 5795
84000 6489
84100 6500
84200 9324
84300 748
84400 779
84500 1146
84600 2594
84700 745
84800 1248
84900 9829
85000 7905
85100 9545
85200 1036
85300 2432
85400 2259
85500 807
85600 9622
85700 456
85800 2417
85900 2454
86000 6830
86100 6848
86200 323
86300 3376
86400 2843
86500 2127
86600 4999
86700 5857
86800 3774
86900 2123
87000 1810
87100 1676
87200 1896
87300 9477
87400 3812
87500 4099
87600 5275
87700 4800
87800 3655
87900 2400
88000 4705
88100 1772
88200 9782
88300 7051
88400 4554
88500 7590
88600 8642
88700 1569
88800 2636
88900 3470
89000 2240
89100 2215
89200 1252
89300 5794
89400 8160
89500 7824
89600 8444
89700 4288
89800 2733
89900 6659
90000 6334
90100 349
90200 819
90300 346
90400 102
90500 9635
90600 8132
90700 5639
90800 2919
90900 1475
91000 847
91100 3577
91200 5376
91300 3759
91400 3267
91500 4890
91600 6315
91700 3533
91800 2512
91900 3401
92000 7452
92100 8053
92200 8039
92300 8262
92400 8774
92500 8872
92600 2547
92700 3364
92800 4677
92900 1846
93000 6865
93100 7032
93200 109
93300 3447
93400 4473
93500 6169
93600 8732
93700 120
93800 850
93900 5105
94000 0
94100 421
94200 6264
94300 8751
94400 2229
94500 2083
94600 1663
94700 3413
94800 6613
94900 504
95000 7757
95100 6356
95200 8025
95300 9458
95400 1193
95500 2771
95600 4740
95700 5230
95800 4989
95900 3562
96000 3255
96100 3145
96200 1981
96300 1699
96400 549
96500 162
96600 8468
96700 5979
96800 7221
96900 6841
97000 2588
97100 1892
97200 2477
97300 5008
97400 3870
97500 3887
97600 4278
97700 3557
97800 4096
97900 5693
98000 4510
98100 5643
98200 5768
98300 5422
98400 5399
98500 6431
98600 7358
98700 7690
98800 8222
98900 9326
99000 94
99100 299
99200 1398
99300 9587
99400 475
99500 8882
99600 9182
99700 8273
99800 2048
99900 717
100000 2665
100 212
200 262
300 553
400 569
500 1065
600 736
700 1341
800 1176
900 1054
1000 1660
1100 1523
1200 2186
1300 2138
1400 1991
1500 1702
1600 1422
1700 1766
1800 2721
1900 2461
2000 2851
2100 3202
2200 2831
2300 2782
2400 2564
2500 2730
2600 2802
2700 3009
2800 3900
2900 3815
3000 3050
3100 2739
3200 1854
3300 1409
3400 1896
3500 1820
3600 1404
3700 2030
3800 2456
3900 2816
4000 2730
4100 3604
4200 3182
4300 2383
4400 3205
4500 2619
4600 2047
4700 2230
4800 1858
4900 3351
5000 4297
5100 4037
5200 6103
5300 5736
5400 4881
5500 5039
5600 5296
5700 5416
5800 3329
5900 5206
6000 5969
6100 6076
6200 4802
6300 5769
6400 5912
6500 6538
6600 6983
6700 6797
6800 8268
6900 8641
7000 8364
7100 9677
7200 9530
7300 8708
7400 9728
7500 9222
7600 8531
7700 8231
7800 7366
7900 6626
8000 7868
8100 8665
8200 9046
8300 779
8400 987
8500 1185
8600 2060
8700 741
8800 2138
8900 1429
9000 2260
9100 2854
9200 3011
9300 4466
9400 5733
9500 6890
9600 7419
9700 5642
9800 5347
9900 3826
10000 2753
10100 3018
10200 2865
10300 3247
10400 3927
10500 3450
10600 3497
10700 1929
10800 1274
10900 1892
11000 1174
11100 1788
11200 1298
11300 3
11400 9934
11500 1434
11600 1446
11700 1438
11800 1945
11900 1541
12000 965
12100 9470
12200 9028
12300 756
12400 962
12500 995
12600 2254
12700 1791
12800 1100
12900 2218
13000 2213
13100 1958
13200 1859
13300 2412
13400 2016
13500 1605
13600 1093
13700 761
13800 2158
13900 3693
14000 5695
14100 6296
14200 5803
14300 8542
14400 8655
14500 7288
14600 7467
14700 7114
14800 6858
14900 5607
15000 4938
15100 3934
15200 3777
15300 4396
15400 3920
15500 2050
15600 1763
15700 1165
15800 2651
15900 1174
16000 2273
16100 2177
16200 2475
16300 1488
16400 502
16500 843
16600 2074
16700 3239
16800 3859
16900 3536
17000 3741
17100 4437
17200 2969
17300 2746
17400 3559
17500 3256
17600 2564
17700 1619
17800 3922
17900 5021
18000 3442
18100 2722
18200 3965
18300 4301
18400 4019
18500 2993
18600 1502
18700 493
18800 1312
18900 2167
19000 3477
19100 2532
19200 2660
19300 2062
19400 2068
19500 2537
19600 2516
19700 3017
19800 3647
19900 2239
20000 2784
20100 4732
20200 5834
20300 6665
20400 8590
20500 9260
20600 8546
20700 9168
20800 7955
20900 7735
21000 8289
21100 9393
21200 9920
21300 9295
21400 8286
21500 8100
21600 8124
21700 8326
21800 8312
21900 8592
22000 8705
22100 9258
22200 8930
22300 9166
22400 933
22500 1052
22600 426
22700 9347
22800 9860
22900 547
23000 1546
23100 2469
23200 3551
23300 2016
23400 1259
23500 1286
23600 3312
23700 2855
23800 3409
23900 5476
24000 5524
24100 5001
24200 3989
24300 2837
24400 3329
24500 3333
24600 2672
24700 4137
24800 4832
24900 5395
25000 5293
25100 6243
25200 6860
25300 5842
25400 7095
25500 6248
25600 6653
25700 7380
25800 8010
25900 8010
26000 7442
26100 7039
26200 5647
26300 6204
26400 4889
26500 5400
26600 5882
26700 6308
26800 6050
26900 4616
27000 4477
27100 4056
27200 3763
27300 4158
27400 3752
27500 5025
27600 4219
27700 4172
27800 4170
27900 4832
28000 2969
28100 2719
28200 2047
28300 1742
28400 1196
28500 520
28600 1136
28700 894
28800 9935
28900 9637
29000 9556
29100 9470
29200 9234
29300 8952
29400 9835
29500 285
29600 9870
29700 9776
29800 746
29900 9711
30000 789
30100 1842
30200 1711
30300 1015
30400 1751
30500 1958
30600 3081
30700 2619
30800 2921
30900 5067
31000 4694
31100 5536
31200 6003
31300 5831
31400 6021
31500 6643
31600 6503
31700 6466
31800 7210
31900 5598
32000 5457
32100 3322
32200 2241
32300 1568
32400 3279
32500 4181
32600 3034
32700 2728
32800 3124
32900 4345
33000 5699
33100 6545
33200 6599
33300 9075
33400 8813
33500 7039
33600 9325
33700 7842
33800 5322
33900 6124
34000 7130
34100 6830
34200 6608
34300 7522
34400 9493
34500 9699
34600 8570
34700 399
34800 326
34900 8202
35000 6660
35100 7164
35200 8245
35300 470
35400 1685
35500 9894
35600 8416
35700 7291
35800 7449
35900 7542
36000 6175
36100 8627
36200 9491
36300 9762
36400 9873
36500 6887
36600 6712
36700 5164
36800 4707
36900 6817
37000 8157
37100 9156
37200 42
37300 2179
37400 476
37500 1696
37600 9557
37700 8957
37800 8407
37900 5548
38000 6607
38100 7536
38200 8381
38300 2545
38400 2949
38500 4383
38600 4222
38700 4762
38800 5823
38900 6746
39000 9249
39100 8048
39200 9189
39300 9374
39400 1044
39500 9988
39600 1532
39700 9879
39800 469
39900 2254
40000 1170
40100 2909
40200 1651
40300 2159
40400 495
40500 9431
40600 9958
40700 9154
40800 9208
40900 8577
41000 7147
41100 8438
41200 9130
41300 9086
41400 6741
41500 4721
41600 6270
41700 5688
41800 5384
41900 5125
42000 5722
42100 5028
42200 6749
42300 4368
42400 2393
42500 8445
42600 6195
42700 8140
42800 1275
42900 5078
43000 9785
43100 1869
43200 871
43300 3621
43400 4669
43500 5865
43600 4788
43700 4089
43800 4481
43900 5616
44000 7922
44100 6635
44200 4821
44300 7129
44400 5893
44500 3603
44600 3796
44700 376
44800 1192
44900 8290
45000 7155
45100 5698
45200 5878
45300 1674
45400 39
45500 3066
45600 3291
45700 1348
45800 1880
45900 9085
46000 99
46100 3290
46200 206
46300 8813
46400 9208
46500 8780
46600 6967
46700 8432
46800 7637
46900 6872
47000 7845
47100 8786
47200 5648
47300 3017
47400 6784
47500 584
47600 566
47700 1078
47800 4530
47900 1947
48000 1682
48100 826
48200 2895
48300 2923
48400 504
48500 9198
48600 6430
48700 6133
48800 6012
48900 4046
49000 1647
49100 9121
49200 6884
49300 5293
49400 6025
49500 6757
49600 4905
49700 5494
49800 5262
49900 3797
50000 4059
50100 4561
50200 3330
50300 6287
50400 4389
50500 4240
50600 6162
50700 5504
50800 5953
50900 5249
51000 3598
51100 4351
51200 5416
51300 4425
51400 4945
51500 6106
51600 6273
51700 5822
51800 6172
51900 8853
52000 857
52100 1601
52200 549
52300 8563
52400 9391
52500 9887
52600 27
52700 9983
52800 9035
52900 9328
53000 7575
53100 8540
53200 8279
53300 9278
53400 449
53500 910
53600 1158
53700 2512
53800 3219
53900 3743
54000 2685
54100 2940
54200 2133
54300 2861
54400 1617
54500 517
54600 544
54700 366
54800 8808
54900 9180
55000 434
55100 1972
55200 2737
55300 2079
55400 789
55500 506
55600 8441
55700 9498
55800 127
55900 1407
56000 2907
56100 3595
56200 3548
56300 4277
56400 4194
56500 3100
56600 3273
56700 4159
56800 4670
56900 4512
57000 6449
57100 7284
57200 7943
57300 8730
57400 9671
57500 2005
57600 2055
57700 2181
57800 5435
57900 3951
58000 4888
58100 6604
58200 7123
58300 5308
58400 7722
58500 5000
58600 5756
58700 6121
58800 6079
58900 3661
59000 3026
59100 2749
59200 3737
59300 6413
59400 7186
59500 7123
59600 5351
59700 3987
59800 4601
59900 4835
60000 5185
60100 3968
60200 5412
60300 5196
60400 6110
60500 6004
60600 4935
60700 7088
60800 7358
60900 7685
61000 5637
61100 4572
61200 2122
61300 2191
61400 1630
61500 790
61600 1775
61700 777
61800 1203
61900 3108
62000 3070
62100 3939
62200 3498
62300 2398
62400 4303
62500 3834
62600 3795
62700 2681
62800 2499
62900 1794
63000 8744
63100 9454
63200 1468
63300 2234
63400 1794
63500 1931
63600 3245
63700 4770
63800 4103
63900 4522
64000 5522
64100 6167
64200 3920
64300 5272
64400 5991
64500 3227
64600 2550
64700 9425
64800 124
64900 9036
65000 9878
65100 9770
65200 9561
65300 382
65400 1309
65500 1721
65600 2070
65700 6177
65800 1929
65900 9896
66000 9464
66100 8140
66200 3696
66300 6151
66400 3078
66500 4434
66600 2271
66700 950
66800 8705
66900 390
67000 1369
67100 5111
67200 7570
67300 248
67400 8134
67500 6333
67600 3683
67700 1546
67800 9787
67900 7487
68000 9845
68100 4274
68200 980
68300 8668
68400 5031
68500 6242
68600 4429
68700 4665
68800 5637
68900 6136
69000 7398
69100 8301
69200 8919
69300 8067
69400 5568
69500 2145
69600 2188
69700 2445
69800 1503
69900 3340
70000 2759
70100 9165
70200 6873
70300 6031
70400 4636
70500 4762
70600 3577
70700 5180
70800 5495
70900 6787
71000 6901
71100 7887
71200 8034
71300 8929
71400 9000
71500 900
71600 1747
71700 1528
71800 9612
71900 7503
72000 7758
72100 7746
72200 8415
72300 7431
72400 7806
72500 6469
72600 6661
72700 7114
72800 7212
72900 6019
73000 6510
73100 6736
73200 6681
73300 5680
73400 5293
73500 5995
73600 6698
73700 6643
73800 7243
73900 8395
74000 8775
74100 8482
74200 9000
74300 8187
74400 7724
74500 8113
74600 7848
74700 8155
74800 9039
74900 8786
75000 9516
75100 9762
75200 9141
75300 8498
75400 8559
75500 9340
75600 673
75700 3020
75800 3067
75900 3012
76000 3470
76100 4711
76200 5822
76300 6917
76400 7041
76500 6814
76600 6737
76700 7286
76800 7359
76900 6979
77000 6917
77100 8567
77200 9596
77300 9903
77400 290
77500 8620
77600 9081
77700 9956
77800 552
77900 72
78000 1579
78100 1988
78200 697
78300 1216
78400 2472
78500 1896
78600 1787
78700 613
78800 91
78900 9775
79000 647
79100 3046
79200 4047
79300 4330
79400 3086
79500 3959
79600 2911
79700 2602
79800 956
79900 376
80000 9394
80100 523
80200 576
80300 1592
80400 1527
80500 1253
80600 1333
80700 173
80800 53
80900 1203
81000 2411
81100 3728
81200 5407
81300 7814
81400 7165
81500 7478
81600 7012
81700 8754
81800 8620
81900 129
82000 687
82100 2018
82200 2853
82300 3487
82400 2505
82500 3010
82600 3735
82700 6000
82800 8815
82900 7883
83000 7407
83100 5837
83200 5247
83300 5969
83400 6562
83500 7369
83600 7809
83700 9071
83800 28
83900 9739
84000 229
84100 479
84200 9625
84300 9490
84400 1393
84500 3017
84600 2634
84700 3325
84800 5128
84900 2587
85000 1509
85100 3552
85200 5141
85300 4279
85400 3432
85500 1890
85600 3602
85700 3822
85800 6556
85900 8335
86000 220
86100 3298
86200 3901
86300 3825
86400 3180
86500 3298
86600 1555
86700 2280
86800 1638
86900 424
87000 68
87100 1259
87200 1768
87300 591
87400 9618
87500 8443
87600 8254
87700 6617
87800 5699
87900 6478
88000 6459
88100 6322
88200 7163
88300 7287
88400 8260
88500 8481
88600 8577
88700 69
88800 460
88900 850
89000 611
89100 1912
89200 2331
89300 4235
89400 3267
89500 3113
89600 4179
89700 4267
89800 3402
89900 4555
90000 3829
90100 5404
90200 6677
90300 7541
90400 6660
90500 7685
90600 6645
90700 7116
90800 6720
90900 7417
91000 9158
91100 6474
91200 5660
91300 4572
91400 4836
91500 6432
91600 7108
91700 32
91800 9648
91900 1166
92000 3150
92100 108
92200 2183
92300 4316
92400 3003
92500 4595
92600 4512
92700 4295
92800 2762
92900 2313
93000 9717
93100 1085
93200 8307
93300 7355
93400 9232
93500 9518
93600 1062
93700 2893
93800 2864
93900 2827
94000 1876
94100 4278
94200 3045
94300 7225
94400 7652
94500 7148
94600 9928
94700 9061
94800 8769
94900 2473
95000 1645
95100 2392
95200 3521
95300 4401
95400 5951
95500 4259
95600 2893
95700 4282
95800 2476
95900 6058
96000 8807
96100 7263
96200 9036
96300 6559
96400 6693
96500 4147
96600 4898
96700 6485
96800 5762
96900 5346
97000 6967
97100 6582
97200 3996
97300 2409
97400 1249
97500 1070
97600 928
97700 1989
97800 1014
97900 833
98000 9133
98100 1092
98200 1599
98300 2014
98400 2823
98500 2237
98600 1696
98700 3343
98800 3423
98900 6037
99000 5296
99100 7713
99200 6830
99300 5662
99400 5632
99500 7611
99600 9647
99700 9781
99800 8197
99900 9398
100000 7659
