100 2322
200 3805
300 4257
400 6668
500 7707
600 9380
700 248
800 1799
900 3940
1000 4227
1100 6310
1200 7734
1300 7955
1400 9447
1500 9549
1600 9611
1700 1879
1800 4116
1900 6091
2000 6971
2100 6472
2200 8685
2300 9947
2400 812
2500 1874
2600 4552
2700 4086
2800 7206
2900 8638
3000 498
3100 2863
3200 3701
3300 9128
3400 2052
3500 3207
3600 1740
3700 4021
3800 8520
3900 3556
4000 9672
4100 3918
4200 697
4300 5689
4400 759
4500 131
4600 1485
4700 488
4800 1871
4900 370
5000 3068
5100 5982
5200 6256
5300 8432
5400 4279
5500 2972
5600 4328
5700 5172
5800 1611
5900 5001
6000 5372
6100 6064
6200 8343
6300 2464
6400 9746
6500 3577
6600 7844
6700 6529
6800 9125
6900 2777
7000 7930
7100 8985
7200 4551
7300 8195
7400 92
7500 2520
7600 2399
7700 345
7800 2649
7900 4336
8000 7324
8100 9589
8200 4546
8300 4775
8400 4857
8500 3754
8600 234
8700 9369
8800 5745
8900 5071
9000 2418
9100 1428
9200 4528
9300 8977
9400 2852
9500 2265
9600 5765
9700 5891
9800 7353
9900 9218
10000 6299
10100 5109
10200 7320
10300 340
10400 9410
10500 6193
10600 9515
10700 1172
10800 4019
10900 9605
11000 9311
11100 4748
11200 1571
11300 7820
11400 9622
11500 9389
11600 8223
11700 9107
11800 1843
11900 6119
12000 8467
12100 4762
12200 3918
12300 6894
12400 749
12500 3839
12600 1205
12700 5684
12800 7052
12900 564
13000 392
13100 6182
13200 9929
13300 6688
13400 1515
13500 6793
13600 7030
13700 7253
13800 3879
13900 8620
14000 7111
14100 9937
14200 278
14300 7683
14400 1523
14500 3376
14600 4499
14700 5012
14800 1994
14900 8833
15000 3108
15100 6169
15200 7411
15300 8455
15400 2370
15500 3443
15600 1687
15700 2110
15800 4398
15900 9595
16000 1342
16100 2085
16200 2924
16300 6150
16400 2621
16500 7180
16600 1301
16700 4587
16800 4122
16900 4043
17000 2561
17100 9726
17200 2618
17300 4129
17400 9899
17500 29
17600 5033
17700 6416
17800 4137
17900 499
18000 1679
18100 9428
18200 115
18300 3959
18400 3618
18500 4241
18600 701
18700 1907
18800 5767
18900 1063
19000 2225
19100 5075
19200 9088
19300 8017
19400 8050
19500 6018
19600 1666
19700 1629
19800 8409
19900 4547
20000 3203
20100 9608
20200 3719
20300 8225
20400 439
20500 5974
20600 1538
20700 3
20800 4520
20900 3209
21000 9424
21100 9805
21200 4002
21300 4769
21400 8347
21500 9211
21600 6551
21700 937
21800 6962
21900 1098
22000 8789
22100 3774
22200 7121
22300 3133
22400 7080
22500 2928
22600 3399
22700 9460
22800 6152
22900 6971
23000 6432
23100 7947
23200 627
23300 3365
23400 9734
23500 1648
23600 8238
23700 6588
23800 6014
23900 3837
24000 161
24100 1531
24200 8891
24300 7956
24400 6057
24500 1218
24600 9910
24700 7441
24800 8073
24900 7594
25000 5550
25100 153
25200 1246
25300 5718
25400 5687
25500 4543
25600 4604
25700 1418
25800 3377
25900 1387
26000 5632
26100 1476
26200 7930
26300 6079
26400 5444
26500 6441
26600 5745
26700 4297
26800 7693
26900 2795
27000 8018
27100 8871
27200 1707
27300 7034
27400 8471
27500 2379
27600 4888
27700 5684
27800 2135
27900 2310
28000 4878
28100 4332
28200 2438
28300 8991
28400 4332
28500 7020
28600 5986
28700 9634
28800 7488
28900 6228
29000 5708
29100 1866
29200 9165
29300 2804
29400 3273
29500 7503
29600 8944
29700 9307
29800 6105
29900 3420
30000 636
30100 8959
30200 4711
30300 3647
30400 69
30500 994
30600 161
30700 7302
30800 6230
30900 4539
31000 2629
31100 6384
31200 9062
31300 1336
31400 3799
31500 7035
31600 2653
31700 9938
31800 5338
100 2453
200 3938
300 5456
400 7760
500 829
600 2830
700 6730
800 9012
900 520
1000 3404
1100 5310
1200 5427
1300 8456
1400 1450
1500 2847
1600 5104
1700 284
1800 2616
1900 7325
2000 8115
2100 7905
2200 3812
2300 8099
2400 5522
2500 9716
2600 315
2700 3210
2800 8997
2900 6746
3000 7991
3100 9668
3200 3640
3300 8837
3400 5056
3500 7392
3600 126
3700 1138
3800 782
3900 4721
4000 4904
4100 7801
4200 6557
4300 3974
4400 8718
4500 285
4600 867
4700 2262
4800 4073
4900 4517
5000 6425
5100 1506
5200 4426
5300 7288
5400 3549
5500 5117
5600 4294
5700 328
5800 6457
5900 6495
6000 5059
6100 9995
6200 4779
6300 9327
6400 6615
6500 2486
6600 2464
6700 3523
6800 4878
6900 4993
7000 1916
7100 1745
7200 2411
7300 1500
7400 7494
7500 9905
7600 147
7700 9887
7800 1907
7900 1486
8000 626
8100 9344
8200 9032
8300 7753
8400 3936
8500 4118
8600 2821
8700 9985
8800 512
8900 9509
9000 9953
9100 5444
9200 4336
9300 5449
9400 7523
9500 4062
9600 8577
9700 3500
9800 1842
9900 3121
10000 694
10100 636
10200 3877
10300 9570
10400 806
10500 5643
10600 2023
10700 1540
10800 5910
10900 5952
11000 2443
11100 7007
11200 7103
11300 9715
11400 2436
11500 1970
11600 9672
11700 9285
11800 3215
11900 366
12000 9967
12100 3367
12200 8941
12300 7145
12400 2676
12500 537
12600 621
12700 866
12800 9617
12900 7080
13000 9733
13100 6609
13200 9711
13300 3984
13400 8002
13500 1471
13600 1589
13700 9236
13800 7335
13900 3767
14000 7805
14100 101
14200 6583
14300 1616
14400 3615
14500 1202
14600 4612
14700 2135
14800 9865
14900 4193
15000 9903
15100 6337
15200 8721
15300 8536
15400 9386
15500 7279
15600 1796
15700 8999
15800 8964
15900 7429
16000 8944
16100 6504
16200 5397
16300 73
16400 6296
16500 7780
16600 718
16700 3349
16800 5309
16900 5544
17000 7363
17100 2155
17200 724
17300 6677
17400 6091
17500 669
17600 9928
17700 3084
17800 8771
17900 2198
18000 6184
18100 2520
18200 8878
18300 7776
18400 9575
18500 342
18600 1059
18700 127
18800 5615
18900 7728
19000 78
19100 4655
19200 5682
19300 5992
19400 4745
19500 6396
19600 3137
19700 4657
19800 2705
19900 1600
20000 5456
20100 6935
20200 7846
20300 9700
20400 3980
20500 3349
20600 1097
20700 175
20800 8349
20900 7423
21000 8896
21100 8674
21200 895
21300 396
21400 3231
21500 5121
21600 1380
21700 9947
21800 692
21900 1194
22000 8420
22100 9115
22200 8272
22300 646
22400 5200
22500 6083
22600 9374
22700 1578
22800 7409
22900 3413
23000 3127
23100 732
23200 6465
23300 4597
23400 2897
23500 6294
23600 2451
23700 3669
23800 289
23900 394
24000 2414
24100 1779
24200 8907
24300 9886
24400 5752
24500 9219
24600 650
24700 3176
24800 4600
24900 6689
25000 1374
25100 8708
25200 4915
25300 1822
25400 8155
25500 7204
25600 8615
25700 9931
25800 4862
25900 461
26000 1836
26100 4374
26200 6374
26300 6594
26400 2827
26500 4419
26600 8512
26700 869
26800 301
26900 65
27000 7437
27100 9076
27200 4611
27300 6790
27400 2977
27500 2692
27600 4901
27700 920
27800 9608
27900 9547
28000 6746
28100 5464
28200 8299
28300 2159
28400 2950
28500 969
28600 6400
28700 8709
28800 6748
28900 3418
29000 7348
29100 2173
29200 7596
29300 299
29400 6026
29500 8877
29600 8835
29700 323
29800 5406
29900 2856
30000 4086
30100 3320
30200 6419
30300 485
30400 2029
30500 2137
30600 2461
30700 8271
30800 2494
30900 3215
31000 9905
31100 3246
31200 6988
31300 2562
31400 2361
31500 5077
31600 8060
31700 1481
31800 8814
31900 4951
32000 7256
32100 2900
32200 3297
32300 1342
32400 3677
32500 5989
32600 5348
32700 61
32800 9671
32900 4512
33000 842
33100 9999
33200 4448
33300 9453
33400 2231
33500 7939
33600 6821
33700 8450
33800 9125
33900 3695
34000 7352
34100 1185
34200 2310
34300 5238
34400 6937
34500 4796
34600 1308
34700 7012
34800 4650
34900 1068
35000 802
35100 2429
35200 7746
35300 4257
35400 1239
35500 1611
35600 5120
35700 9044
35800 6568
35900 6051
36000 8777
36100 6564
36200 235
36300 3298
36400 1858
36500 6057
36600 4101
36700 9649
36800 4109
36900 4364
37000 1650
37100 7730
37200 7496
37300 8965
37400 9799
37500 7661
37600 5833
37700 7170
37800 1172
37900 1085
38000 6586
38100 3476
38200 3915
38300 9752
38400 3692
38500 1504
38600 1162
38700 8774
38800 2092
38900 7062
39000 8560
39100 8096
39200 1753
39300 7634
39400 4378
39500 5812
39600 8108
39700 2188
39800 8253
39900 456
40000 9681
40100 6158
40200 5304
40300 6695
40400 9961
40500 7239
40600 6681
40700 171
40800 3815
40900 1117
41000 9233
41100 8467
41200 2347
41300 2951
41400 606
41500 9644
41600 7550
41700 7348
41800 9142
41900 4646
42000 5307
42100 3351
42200 2140
42300 4523
42400 8185
42500 7787
42600 7745
42700 9778
42800 539
42900 5204
43000 9774
43100 6429
43200 1669
43300 1797
43400 1914
43500 638
43600 5186
43700 3311
43800 9719
43900 8955
44000 8457
44100 1755
44200 4481
44300 6763
44400 5661
44500 8847
44600 1607
44700 6703
44800 8803
44900 2234
45000 8175
45100 7429
45200 4795
45300 8352
45400 6339
45500 6516
45600 711
45700 1746
45800 4215
45900 3138
46000 8660
46100 2535
46200 1797
46300 1024
46400 1384
46500 7078
46600 223
46700 1497
46800 6049
46900 9767
47000 3843
47100 3213
47200 2681
47300 7116
47400 5432
47500 7043
47600 7021
47700 8060
47800 8779
47900 2154
48000 2173
48100 3382
48200 5859
48300 8610
48400 2369
48500 361
48600 578
48700 4990
48800 8830
48900 4459
49000 707
49100 8589
49200 3680
49300 7233
49400 538
49500 6384
49600 4682
49700 1153
49800 7220
49900 8990
50000 5094
50100 4733
50200 176
50300 7580
50400 4542
50500 2885
50600 3554
50700 2679
50800 134
50900 6462
51000 2513
51100 6871
51200 6691
51300 9112
51400 1899
51500 9677
51600 5622
51700 9066
51800 2144
51900 8987
52000 4480
52100 4089
52200 1792
52300 1316
52400 68
52500 1724
52600 348
52700 8273
52800 596
52900 3149
53000 2444
53100 1901
53200 6958
53300 5427
53400 7960
53500 2461
53600 6136
53700 5973
53800 1973
53900 9419
54000 2581
54100 5897
54200 8609
54300 4993
54400 6338
54500 1414
54600 3489
54700 6606
54800 4511
54900 8023
55000 8211
55100 9297
55200 3143
55300 9001
55400 6599
55500 3059
55600 7710
55700 8480
55800 6644
55900 9756
56000 3395
56100 7395
56200 657
56300 9550
56400 5289
56500 3259
56600 6462
56700 8686
56800 9981
56900 1565
57000 873
57100 2794
57200 4993
57300 3654
57400 4558
57500 3452
57600 1640
57700 3031
57800 5915
57900 1920
58000 7637
58100 6090
58200 806
58300 3761
58400 8877
58500 2563
58600 4101
58700 282
58800 7603
58900 9671
59000 7189
59100 3185
59200 3130
59300 5555
59400 8356
59500 9863
59600 9893
59700 9744
59800 2573
59900 5469
60000 3038
60100 8594
60200 241
60300 5751
60400 1543
60500 8409
60600 7597
60700 834
60800 3220
60900 3165
61000 3584
61100 3941
61200 7101
61300 2838
61400 3221
61500 8945
61600 76
61700 5888
61800 2371
61900 5534
62000 825
62100 503
62200 4667
62300 4335
62400 5218
62500 4555
62600 2255
62700 40
62800 9995
62900 6222
63000 8119
63100 716
63200 8764
63300 7269
63400 2298
63500 4182
63600 1035
63700 1989
63800 3775
63900 868
64000 7445
64100 8621
64200 5059
64300 37
64400 4343
64500 8547
64600 7103
64700 8067
64800 7331
64900 101
65000 4515
65100 7450
65200 330
65300 2538
65400 1289
65500 9033
65600 7922
65700 1802
65800 101
65900 2053
66000 4219
66100 9957
66200 2275
66300 5703
66400 6601
66500 1699
66600 2095
66700 3990
66800 8909
66900 1853
67000 2303
67100 915
67200 6059
67300 9222
67400 1818
67500 2719
67600 2780
67700 9265
67800 6486
67900 1399
68000 9867
68100 4206
68200 7814
68300 5566
68400 4530
68500 2264
68600 8107
68700 6411
68800 9271
68900 3017
69000 7614
69100 5866
69200 8926
69300 4564
69400 2979
69500 6924
69600 8388
69700 9146
69800 8669
69900 850
70000 9678
70100 3919
70200 1906
70300 1285
70400 1816
70500 2680
70600 4897
70700 3991
70800 1004
70900 6502
71000 5814
71100 720
71200 5700
71300 6570
71400 6088
71500 9021
71600 1288
71700 6258
71800 4457
71900 2790
72000 7064
72100 2725
72200 6469
72300 4571
72400 6862
72500 7643
72600 1560
72700 5687
72800 6695
72900 8282
73000 399
73100 2976
73200 5385
73300 7752
73400 3904
73500 9350
73600 1344
73700 2660
73800 6840
73900 7217
74000 8942
74100 7399
74200 8727
74300 877
74400 1754
74500 9017
74600 4477
74700 9926
74800 2184
74900 9506
75000 4434
75100 6963
75200 4574
75300 9845
75400 1904
75500 2387
75600 6463
75700 9769
75800 2205
75900 5675
76000 3878
76100 1083
76200 249
76300 1320
76400 830
76500 413
76600 2612
76700 7970
76800 5040
76900 3973
77000 8724
77100 1053
77200 9919
77300 2439
77400 3201
77500 7692
77600 6638
77700 2334
77800 5475
77900 4444
78000 5789
78100 4851
78200 1375
78300 6168
78400 5586
78500 794
78600 6643
78700 4750
78800 7715
78900 5106
79000 8657
79100 3482
79200 8145
79300 8321
79400 2102
79500 9991
79600 9951
79700 9828
79800 2415
79900 2623
80000 4737
80100 5816
80200 8467
80300 1245
80400 4503
80500 2797
80600 2790
80700 7063
80800 9511
80900 8966
81000 4492
81100 8119
81200 3143
81300 9154
81400 8907
81500 7759
81600 286
81700 8614
81800 1912
81900 3260
82000 4046
82100 9591
82200 6955
82300 5923
82400 912
82500 9134
82600 8059
82700 130
82800 229
82900 1002
83000 2643
83100 8567
83200 8472
83300 7122
83400 8409
83500 3870
83600 4083
83700 3853
83800 3556
83900 9120
84000 8016
84100 7313
84200 6685
84300 918
84400 5692
84500 4531
84600 4193
84700 6030
84800 1184
84900 3614
85000 2434
85100 2217
85200 5605
85300 3624
85400 2094
85500 6433
85600 4046
85700 8924
85800 4648
85900 6188
86000 271
86100 8034
86200 319
86300 3653
86400 5802
86500 1056
86600 266
86700 2446
86800 4979
86900 5839
87000 8515
87100 7598
87200 6463
87300 3627
87400 6720
87500 6056
87600 2579
87700 4471
87800 1083
87900 4165
88000 7164
88100 9158
88200 4088
88300 6056
88400 1529
88500 9617
88600 6781
88700 7397
88800 2171
88900 7567
89000 1304
89100 7253
89200 9887
89300 9743
89400 726
89500 415
89600 8559
89700 818
89800 8496
89900 652
90000 181
90100 1216
90200 2699
90300 9886
90400 4963
90500 106
90600 8696
90700 9030
90800 714
90900 1064
91000 1716
91100 991
91200 6654
91300 6363
91400 4763
91500 4800
91600 6529
91700 4501
91800 8276
91900 1718
92000 677
92100 3046
92200 4275
92300 4496
92400 2258
92500 7317
92600 50
92700 4023
92800 4055
92900 1222
93000 4262
93100 4935
93200 7153
93300 2318
93400 63
93500 1458
93600 8206
93700 4693
93800 8675
93900 4357
94000 6948
94100 8463
94200 775
94300 7661
94400 4849
94500 8876
94600 3283
94700 6950
94800 697
94900 5392
95000 4869
95100 9829
95200 183
95300 5887
95400 879
95500 3900
95600 2820
95700 3063
95800 1126
95900 4852
96000 8087
96100 8719
96200 5791
96300 3178
96400 3429
96500 407
96600 1690
96700 444
96800 1825
96900 166
97000 1399
97100 6818
97200 2042
97300 7147
97400 4724
97500 2238
97600 3621
97700 9556
97800 8621
97900 2575
98000 5156
98100 8900
98200 2978
98300 3498
98400 9150
98500 3259
98600 756
98700 6544
98800 9473
98900 5607
99000 3097
99100 4051
99200 4850
99300 2110
99400 4202
99500 2013
99600 3338
99700 840
99800 5228
99900 1268
100000 6566
31900 7384
32000 751
32100 7982
32200 7856
32300 2771
32400 9747
32500 6222
32600 5106
32700 1900
32800 9775
32900 8680
33000 418
33100 6016
33200 3288
33300 2882
33400 7769
33500 4386
33600 4588
33700 8383
33800 6511
33900 6033
34000 6313
34100 4932
34200 3288
34300 7508
34400 7777
34500 1067
34600 1363
34700 7514
34800 2773
34900 1110
35000 2328
35100 2989
35200 404
35300 9884
35400 6252
35500 3209
35600 2070
35700 1876
35800 3584
35900 6493
36000 7494
36100 9810
36200 7649
36300 4412
36400 4196
36500 3389
36600 5772
36700 9441
36800 2200
36900 5502
37000 1967
37100 2403
37200 4965
37300 5320
37400 1427
37500 9347
37600 9704
37700 9298
37800 8360
37900 4074
38000 4098
38100 971
38200 20
38300 6971
38400 8403
38500 7578
38600 1863
38700 183
38800 7626
38900 1753
39000 7513
39100 9258
39200 5024
39300 7696
39400 3750
39500 4453
39600 5665
39700 5046
39800 9925
39900 9618
40000 4767
40100 7173
40200 201
40300 6888
40400 9353
40500 6392
40600 6684
40700 8702
40800 5721
40900 9764
41000 1285
41100 5830
41200 6393
41300 5620
41400 2709
41500 1389
41600 6944
41700 3457
41800 8541
41900 2923
42000 4258
42100 4748
42200 9031
42300 5166
42400 281
42500 2262
42600 7591
42700 8844
42800 5232
42900 1687
43000 3401
43100 2896
43200 7137
43300 348
43400 3394
43500 711
43600 2413
43700 6840
43800 8635
43900 3367
44000 4754
44100 1109
44200 7787
44300 4657
44400 6336
44500 502
44600 4460
44700 1666
44800 8840
44900 2239
45000 5127
45100 6051
45200 2364
45300 2461
45400 7270
45500 1445
45600 5550
45700 4355
45800 2723
45900 8213
46000 1317
46100 6408
46200 2458
46300 2131
46400 5048
46500 4986
46600 2720
46700 4620
46800 4624
46900 6233
47000 8463
47100 5723
47200 5515
47300 3382
47400 9336
47500 967
47600 9291
47700 4715
47800 7664
47900 2219
48000 3880
48100 8447
48200 3166
48300 5786
48400 7370
48500 2578
48600 2652
48700 2859
48800 3622
48900 5118
49000 9821
49100 7375
49200 2959
49300 9861
49400 3492
49500 4255
49600 2163
49700 9826
49800 7101
49900 5761
50000 8049
50100 6264
50200 4568
50300 6084
50400 7624
50500 7630
50600 7869
50700 1241
50800 1787
50900 2117
51000 2422
51100 4013
51200 9536
51300 5530
51400 7229
51500 8264
51600 8520
51700 2449
51800 5120
51900 1541
52000 3733
52100 383
52200 7934
52300 9276
52400 2451
52500 56
52600 2169
52700 764
52800 5220
52900 8751
53000 7206
53100 3806
53200 1591
53300 6757
53400 1100
53500 3628
53600 7556
53700 8208
53800 376
53900 4374
54000 891
54100 993
54200 785
54300 9976
54400 403
54500 3928
54600 5123
54700 1902
54800 5625
54900 8243
55000 1563
55100 2889
55200 526
55300 864
55400 5529
55500 9829
55600 2934
55700 516
55800 1426
55900 179
56000 1304
56100 1064
56200 6420
56300 2664
56400 4809
56500 8606
56600 2585
56700 7662
56800 7389
56900 6611
57000 8966
57100 9669
57200 2700
57300 8742
57400 8238
57500 7885
57600 15
57700 2676
57800 9481
57900 1417
58000 4219
58100 2323
58200 7658
58300 9977
58400 5169
58500 3780
58600 2076
58700 4410
58800 9705
58900 6674
59000 1771
59100 2415
59200 9085
59300 8924
59400 1907
59500 7817
59600 1082
59700 2225
59800 9096
59900 5370
60000 2482
60100 7418
60200 5336
60300 7886
60400 4198
60500 400
60600 4330
60700 9139
60800 1158
60900 4665
61000 857
61100 9055
61200 2034
61300 1055
61400 7982
61500 7582
61600 390
61700 2148
61800 3109
61900 586
62000 7592
62100 687
62200 9739
62300 3034
62400 7044
62500 8096
62600 4661
62700 2844
62800 5194
62900 7128
63000 5323
63100 2226
63200 421
63300 7552
63400 8017
63500 677
63600 1892
63700 5754
63800 8200
63900 8281
64000 5485
64100 7471
64200 212
64300 282
64400 7005
64500 8898
64600 9986
64700 2986
64800 5932
64900 6474
65000 465
65100 3034
65200 6049
65300 8723
65400 3256
65500 3180
65600 7539
65700 550
65800 1821
65900 9155
66000 8799
66100 5207
66200 1156
66300 2334
66400 3577
66500 8384
66600 2002
66700 5038
66800 8449
66900 754
67000 9226
67100 5582
67200 7280
67300 5025
67400 8920
67500 9399
67600 4395
67700 4175
67800 1994
67900 1926
68000 7958
68100 109
68200 3630
68300 4846
68400 1546
68500 5735
68600 5205
68700 3720
68800 5710
68900 2916
69000 3937
69100 4884
69200 1075
69300 6183
69400 5775
69500 4043
69600 1345
69700 5629
69800 371
69900 564
70000 9617
70100 6234
70200 3931
70300 7004
70400 903
70500 975
70600 7173
70700 6529
70800 8268
70900 1993
71000 8913
71100 5449
71200 8971
71300 545
71400 3520
71500 941
71600 295
71700 3691
71800 9633
71900 7546
72000 760
72100 8881
72200 7510
72300 3505
72400 4767
72500 1913
72600 1128
72700 4284
72800 6227
72900 8545
73000 1858
73100 7225
73200 621
73300 5202
73400 9080
73500 3372
73600 4550
73700 9640
73800 7559
73900 777
74000 9063
74100 5857
74200 2887
74300 7020
74400 5997
74500 1450
74600 4679
74700 8389
74800 7591
74900 8682
75000 6746
75100 9376
75200 2709
75300 9733
75400 9046
75500 9826
75600 350
75700 4081
75800 8064
75900 2990
76000 4135
76100 8950
76200 973
76300 6448
76400 7770
76500 1457
76600 6474
76700 8037
76800 9049
76900 9706
77000 3859
77100 4321
77200 4554
77300 4864
77400 566
77500 4812
77600 9129
77700 4119
77800 6656
77900 8212
78000 1897
78100 5255
78200 4077
78300 4528
78400 4945
78500 4385
78600 3707
78700 282
78800 6348
78900 5026
79000 8133
79100 9345
79200 9876
79300 5400
79400 5286
79500 3925
79600 3019
79700 4931
79800 8237
79900 7543
80000 9802
80100 7192
80200 1229
80300 2843
80400 6936
80500 686
80600 1045
80700 7408
80800 9598
80900 8839
81000 8607
81100 3858
81200 2899
81300 8140
81400 9751
81500 4738
81600 1380
81700 3398
81800 1980
81900 3109
82000 9647
82100 4573
82200 8946
82300 2760
82400 6972
82500 5005
82600 3061
82700 7731
82800 2825
82900 7770
83000 1194
83100 2280
83200 5573
83300 9207
83400 2439
83500 314
83600 4301
83700 2906
83800 9456
83900 3753
84000 2657
84100 7631
84200 2889
84300 3776
84400 4969
84500 6499
84600 2670
84700 1632
84800 8245
84900 2657
85000 1280
85100 8227
85200 3784
85300 337
85400 6261
85500 8869
85600 2068
85700 4570
85800 8481
85900 6060
86000 8549
86100 7491
86200 9372
86300 2697
86400 2553
86500 8489
86600 8878
86700 1817
86800 5976
86900 2656
87000 4100
87100 1579
87200 7068
87300 7665
87400 7004
87500 6820
87600 3683
87700 4453
87800 5564
87900 1594
88000 1449
88100 8666
88200 983
88300 4809
88400 4452
88500 6890
88600 4034
88700 3433
88800 2380
88900 9673
89000 4505
89100 8427
89200 6812
89300 4859
89400 9938
89500 6236
89600 9619
89700 3487
89800 8537
89900 8204
90000 5171
90100 8432
90200 6099
90300 9370
90400 4382
90500 613
90600 2426
90700 4151
90800 1337
90900 2416
91000 6145
91100 4687
91200 8603
91300 9045
91400 5699
91500 7694
91600 7769
91700 7647
91800 4115
91900 8691
92000 6908
92100 8655
92200 2360
92300 471
92400 5133
92500 8
92600 2928
92700 3817
92800 8067
92900 2156
93000 4969
93100 1819
93200 692
93300 1945
93400 8999
93500 4642
93600 9703
93700 7978
93800 2539
93900 4471
94000 9126
94100 2107
94200 1707
94300 9935
94400 8379
94500 7014
94600 7728
94700 6057
94800 7815
94900 3427
95000 1448
95100 2101
95200 9601
95300 8946
95400 4976
95500 2604
95600 8509
95700 1063
95800 5320
95900 8284
96000 6045
96100 4348
96200 65
96300 8125
96400 7592
96500 2545
96600 1522
96700 967
96800 1148
96900 212
97000 416
97100 8731
97200 2122
97300 2335
97400 5808
97500 7199
97600 3174
97700 5198
97800 2454
97900 2196
98000 1103
98100 2703
98200 2321
98300 9853
98400 7190
98500 168
98600 2620
98700 1426
98800 3159
98900 857
99000 8366
99100 1649
99200 8216
99300 6013
99400 9006
99500 8521
99600 3428
99700 8755
99800 9687
99900 7897
100000 5811
