100 3
200 8
300 25
400 5
500 3
600 6
700 3
800 1
900 2
1000 0
1100 33
1200 1
1300 0
1400 3
1500 2
1600 22
1700 23
1800 29
1900 0
2000 0
2100 0
2200 3
2300 11
2400 3
2500 30
2600 3
2700 0
2800 39
2900 42
3000 162
3100 10
3200 27
3300 20
3400 4
3500 0
3600 46
3700 293
3800 410
3900 426
4000 495
4100 760
4200 426
4300 721
4400 727
4500 684
4600 234
4700 491
4800 449
4900 349
5000 570
5100 904
5200 950
5300 830
5400 903
5500 972
5600 1075
5700 1320
5800 1203
5900 1271
6000 938
6100 1113
6200 1038
6300 1338
6400 1820
6500 1792
6600 2228
6700 2372
6800 2235
6900 1889
7000 2098
7100 2283
7200 2238
7300 2337
7400 2663
7500 2443
7600 2217
7700 2287
7800 2003
7900 2151
8000 2663
8100 3315
8200 3237
8300 3228
8400 3772
8500 4483
8600 4389
8700 4280
8800 4657
8900 4375
9000 4726
9100 4593
9200 5558
9300 4640
9400 5187
9500 6161
9600 6978
9700 6972
9800 6370
9900 6567
10000 5979
10100 6284
10200 6851
10300 7020
10400 8301
10500 8079
10600 8726
10700 9757
10800 372
10900 319
11000 560
11100 386
11200 625
11300 610
11400 9560
11500 577
11600 9924
11700 9839
11800 9841
11900 1184
12000 1105
12100 9794
12200 655
12300 1382
12400 1591
12500 2058
12600 1106
12700 653
12800 1179
12900 1020
13000 526
13100 1491
13200 2131
13300 3045
13400 4379
13500 4482
13600 4648
13700 4928
13800 3730
13900 2262
14000 3937
14100 3616
14200 2989
14300 2153
14400 1265
14500 1370
14600 925
14700 39
14800 771
14900 1158
15000 9723
15100 8891
15200 8699
15300 8622
15400 8222
15500 9108
15600 8017
15700 8557
15800 8150
15900 8044
16000 7296
16100 7292
16200 7352
16300 6628
16400 5907
16500 5891
16600 5434
16700 5976
16800 5321
16900 5978
17000 5649
17100 4079
17200 3332
17300 2684
17400 3582
17500 3324
17600 3051
17700 2857
17800 2397
17900 2401
18000 2638
18100 1731
18200 1699
18300 1821
18400 1794
18500 2204
18600 2531
18700 3496
18800 2827
18900 2522
19000 3073
19100 2577
19200 2068
19300 2573
19400 1731
19500 2227
19600 1838
19700 1745
19800 1402
19900 1487
20000 1525
20100 1061
20200 868
20300 1423
20400 1947
20500 2093
20600 2240
20700 2318
20800 1879
20900 2164
21000 1872
21100 1739
21200 1526
21300 910
21400 972
21500 792
21600 1312
21700 2238
21800 2149
21900 1572
22000 1991
22100 1828
22200 2174
22300 2440
22400 2189
22500 1859
22600 1265
22700 1182
22800 1481
22900 1777
23000 1630
23100 1431
23200 2201
23300 1823
23400 2054
23500 1883
23600 1888
23700 2078
23800 1580
23900 1990
24000 2445
24100 2421
24200 3016
24300 3394
24400 3406
24500 3446
24600 4359
24700 4719
24800 4135
24900 3697
25000 4010
25100 4892
25200 5302
25300 4667
25400 5302
25500 5516
25600 4421
25700 3933
25800 3071
25900 2544
26000 3181
26100 3327
26200 3362
26300 3068
26400 2853
26500 2193
26600 2162
26700 2098
26800 1308
26900 1619
27000 1679
27100 1327
27200 1205
27300 1024
27400 1213
27500 750
27600 874
27700 899
27800 620
27900 638
28000 1307
28100 1391
28200 2062
28300 2067
28400 1527
28500 1961
28600 1498
28700 1267
28800 1133
28900 551
29000 674
29100 430
29200 258
29300 299
29400 90
29500 7
29600 83
29700 153
29800 169
29900 150
30000 41
30100 605
30200 644
30300 743
30400 991
30500 1195
30600 1006
30700 745
30800 507
30900 361
31000 375
31100 550
31200 476
31300 363
31400 108
31500 109
31600 42
31700 0
31800 6
31900 55
32000 97
32100 227
32200 198
32300 70
32400 26
32500 39
32600 0
32700 4
32800 33
32900 22
33000 7
33100 26
33200 0
33300 0
33400 0
33500 7
33600 15
33700 2
33800 5
33900 20
34000 83
34100 82
34200 8
34300 16
34400 0
34500 0
34600 10
34700 175
34800 90
34900 60
35000 168
35100 189
35200 196
35300 252
35400 127
35500 208
35600 53
35700 4
35800 275
35900 186
36000 334
36100 638
36200 542
36300 478
36400 571
36500 411
36600 574
36700 454
36800 286
36900 291
37000 247
37100 370
37200 505
37300 338
37400 365
37500 282
37600 464
37700 300
37800 289
37900 141
38000 447
38100 144
38200 106
38300 129
38400 70
38500 63
38600 2
38700 27
38800 108
38900 80
39000 2
39100 7
39200 0
39300 9
39400 86
39500 11
39600 124
39700 147
39800 69
39900 110
40000 76
40100 34
40200 10
40300 4
40400 31
40500 7
40600 72
40700 0
40800 3
40900 68
41000 264
41100 443
41200 735
41300 1047
41400 873
41500 954
41600 1384
41700 1189
41800 487
41900 592
42000 422
42100 621
42200 548
42300 500
42400 594
42500 343
42600 986
42700 493
42800 326
42900 199
43000 307
43100 102
43200 80
43300 71
43400 53
43500 127
43600 87
43700 176
43800 148
43900 151
44000 18
44100 5
44200 0
44300 75
44400 106
44500 48
44600 133
44700 156
44800 94
44900 71
45000 12
45100 79
45200 65
45300 85
45400 117
45500 122
45600 84
45700 304
45800 930
45900 1015
46000 976
46100 1355
46200 1396
46300 1323
46400 1072
46500 969
46600 661
46700 577
46800 759
46900 834
47000 987
47100 1113
47200 754
47300 387
47400 352
47500 237
47600 666
47700 761
47800 813
47900 612
48000 587
48100 431
48200 137
48300 68
48400 52
48500 66
48600 94
48700 42
48800 30
48900 468
49000 429
49100 739
49200 978
49300 1407
49400 1071
49500 1216
49600 1088
49700 925
49800 610
49900 289
50000 692
50100 965
50200 1041
50300 723
50400 563
50500 702
50600 745
50700 695
50800 573
50900 672
51000 610
51100 856
51200 695
51300 780
51400 737
51500 718
51600 1044
51700 1803
51800 2071
51900 2243
52000 2137
52100 2323
52200 1837
52300 1461
52400 1532
52500 1337
52600 1588
52700 1220
52800 1568
52900 2271
53000 2346
53100 2693
53200 2284
53300 1971
53400 1971
53500 1447
53600 1022
53700 1093
53800 520
53900 326
54000 292
54100 541
54200 803
54300 1164
54400 941
54500 640
54600 835
54700 530
54800 629
54900 748
55000 481
55100 252
55200 140
55300 268
55400 67
55500 1
55600 83
55700 205
55800 352
55900 241
56000 496
56100 701
56200 700
56300 494
56400 501
56500 566
56600 156
56700 210
56800 471
56900 633
57000 290
57100 408
57200 220
57300 306
57400 156
57500 141
57600 205
57700 179
57800 176
57900 72
58000 87
58100 10
58200 45
58300 90
58400 0
58500 0
58600 27
58700 4
58800 28
58900 40
59000 3
59100 61
59200 53
59300 24
59400 142
59500 96
59600 152
59700 203
59800 242
59900 363
60000 962
60100 784
60200 958
60300 987
60400 846
60500 1361
60600 1616
60700 2340
60800 1926
60900 2894
61000 3064
61100 3738
61200 3727
61300 3594
61400 3266
61500 3218
61600 3318
61700 3443
61800 2938
61900 3167
62000 3568
62100 4091
62200 5187
62300 5962
62400 5594
62500 6071
62600 7110
62700 7889
62800 8472
62900 7743
63000 8051
63100 7611
63200 7252
63300 6855
63400 7656
63500 8752
63600 9266
63700 8095
63800 8341
63900 7412
64000 8166
64100 7748
64200 7586
64300 6246
64400 7379
64500 8188
64600 7774
64700 8002
64800 7990
64900 8422
65000 9599
65100 8782
65200 8183
65300 9405
65400 9547
65500 9796
65600 9558
65700 450
65800 410
65900 162
66000 989
66100 775
66200 453
66300 672
66400 808
66500 923
66600 1532
66700 1265
66800 1939
66900 2691
67000 2404
67100 2249
67200 3508
67300 2702
67400 3747
67500 4073
67600 4802
67700 3100
67800 4234
67900 2726
68000 3536
68100 3459
68200 3643
68300 3148
68400 2017
68500 1661
68600 1033
68700 1102
68800 1236
68900 877
69000 904
69100 1519
69200 600
69300 481
69400 642
69500 593
69600 459
69700 9073
69800 9424
69900 9055
70000 8734
70100 8873
70200 8186
70300 8468
70400 8724
70500 8792
70600 8770
70700 8314
70800 7449
70900 7527
71000 8615
71100 8931
71200 8375
71300 8091
71400 8750
71500 9573
71600 9943
71700 373
71800 9679
71900 8617
72000 8911
72100 8472
72200 8530
72300 9589
72400 84
72500 1426
72600 973
72700 9868
72800 82
72900 617
73000 1732
73100 2515
73200 1844
73300 1225
73400 1940
73500 1031
73600 420
73700 58
73800 9173
73900 9737
74000 8911
74100 9013
74200 8834
74300 8492
74400 8508
74500 8979
74600 66
74700 117
74800 110
74900 1189
75000 2673
75100 3161
75200 2937
75300 1958
75400 1127
75500 564
75600 9356
75700 506
75800 1041
75900 1562
76000 1586
76100 899
76200 1664
76300 1583
76400 1939
76500 2804
76600 2339
76700 2418
76800 2366
76900 1681
77000 754
77100 592
77200 1505
77300 1683
77400 3199
77500 3116
77600 2665
77700 2734
77800 1403
77900 1495
78000 2057
78100 3066
78200 3561
78300 3229
78400 3295
78500 3827
78600 4591
78700 5558
78800 5618
78900 4438
79000 4919
79100 3939
79200 3979
79300 3673
79400 2944
79500 2887
79600 2547
79700 1657
79800 2432
79900 1530
80000 1087
80100 1283
80200 916
80300 1951
80400 1154
80500 2865
80600 3069
80700 3083
80800 2746
80900 2332
81000 1711
81100 2126
81200 1069
81300 1209
81400 1291
81500 2038
81600 1604
81700 1958
81800 22
81900 9029
82000 8625
82100 8817
82200 9431
82300 83
82400 733
82500 1599
82600 1159
82700 164
82800 9367
82900 8484
83000 8983
83100 8803
83200 8834
83300 9516
83400 8103
83500 8362
83600 9868
83700 9433
83800 9787
83900 677
84000 9905
84100 8927
84200 8900
84300 9546
84400 8782
84500 8444
84600 7877
84700 7412
84800 5671
84900 5813
85000 5221
85100 4311
85200 3958
85300 3083
85400 2445
85500 2566
85600 2952
85700 2721
85800 3731
85900 3787
86000 3284
86100 3349
86200 2818
86300 2181
86400 2599
86500 2452
86600 2258
86700 2862
86800 3117
86900 3210
87000 2684
87100 1785
87200 1965
87300 2306
87400 1959
87500 1876
87600 1737
87700 2006
87800 2748
87900 2514
88000 2065
88100 2360
88200 1699
88300 1831
88400 1924
88500 1968
88600 1634
88700 1702
88800 1447
88900 1479
89000 1854
89100 1385
89200 1080
89300 1103
89400 831
89500 822
89600 1543
89700 1616
89800 1483
89900 1762
90000 1444
90100 1099
90200 1033
90300 880
90400 876
90500 796
90600 1167
90700 1539
90800 1683
90900 1429
91000 1340
91100 1563
91200 766
91300 1286
91400 938
91500 857
91600 791
91700 1125
91800 1415
91900 1251
92000 1052
92100 1333
92200 2022
92300 1318
92400 1395
92500 1806
92600 1359
92700 1601
92800 1080
92900 1218
93000 1507
93100 1631
93200 1463
93300 1454
93400 1525
93500 1321
93600 1377
93700 903
93800 993
93900 652
94000 412
94100 186
94200 103
94300 53
94400 74
94500 211
94600 115
94700 289
94800 359
94900 297
95000 275
95100 316
95200 273
95300 251
95400 404
95500 589
95600 450
95700 409
95800 670
95900 824
96000 510
96100 387
96200 628
96300 282
96400 277
96500 236
96600 109
96700 163
96800 208
96900 172
97000 318
97100 105
97200 67
97300 64
97400 65
97500 235
97600 182
97700 232
97800 103
97900 25
98000 61
98100 192
98200 159
98300 49
98400 86
98500 123
98600 89
98700 15
98800 0
98900 28
99000 55
99100 6
99200 0
99300 28
99400 65
99500 35
99600 10
99700 30
99800 232
99900 271
100000 559
