100 4
200 14
300 58
400 0
500 52
600 3
700 4
800 22
900 2
1000 0
1100 8
1200 0
1300 5
1400 15
1500 2
1600 1
1700 0
1800 0
1900 30
2000 3
2100 24
2200 8
2300 0
2400 32
2500 4
2600 98
2700 197
2800 162
2900 33
3000 0
3100 15
3200 1
3300 5
3400 0
3500 16
3600 50
3700 1
3800 52
3900 91
4000 150
4100 240
4200 678
4300 464
4400 707
4500 575
4600 462
4700 548
4800 705
4900 287
5000 480
5100 821
5200 373
5300 87
5400 0
5500 0
5600 10
5700 130
5800 82
5900 300
6000 310
6100 265
6200 810
6300 888
6400 1413
6500 1077
6600 688
6700 610
6800 865
6900 785
7000 356
7100 474
7200 974
7300 1443
7400 887
7500 867
7600 629
7700 532
7800 518
7900 281
8000 543
8100 569
8200 568
8300 1280
8400 1405
8500 1413
8600 1812
8700 1034
8800 1204
8900 1313
9000 823
9100 549
9200 445
9300 551
9400 1188
9500 1744
9600 1914
9700 2076
9800 2030
9900 1972
10000 2682
10100 2474
10200 2039
10300 2194
10400 1937
10500 1832
10600 1340
10700 933
10800 1002
10900 1023
11000 712
11100 456
11200 526
11300 41
11400 110
11500 162
11600 234
11700 179
11800 183
11900 120
12000 272
12100 180
12200 308
12300 244
12400 148
12500 277
12600 242
12700 288
12800 426
12900 427
13000 797
13100 878
13200 737
13300 244
13400 253
13500 355
13600 104
13700 141
13800 499
13900 506
14000 197
14100 168
14200 295
14300 546
14400 608
14500 362
14600 810
14700 451
14800 916
14900 775
15000 717
15100 437
15200 519
15300 566
15400 337
15500 648
15600 1021
15700 1187
15800 1116
15900 821
16000 700
16100 952
16200 882
16300 796
16400 659
16500 888
16600 825
16700 584
16800 539
16900 632
17000 469
17100 798
17200 794
17300 996
17400 1125
17500 1047
17600 1062
17700 1899
17800 1962
17900 1407
18000 1349
18100 1334
18200 1094
18300 656
18400 291
18500 533
18600 740
18700 914
18800 648
18900 717
19000 792
19100 1186
19200 1036
19300 638
19400 687
19500 830
19600 925
19700 762
19800 635
19900 396
20000 630
20100 475
20200 642
20300 568
20400 981
20500 904
20600 1032
20700 509
20800 448
20900 547
21000 868
21100 987
21200 1021
21300 1508
21400 1936
21500 2341
21600 2641
21700 2838
21800 2200
21900 1610
22000 1068
22100 1005
22200 879
22300 278
22400 243
22500 123
22600 389
22700 214
22800 220
22900 150
23000 215
23100 361
23200 704
23300 439
23400 243
23500 165
23600 2
23700 0
23800 0
23900 28
24000 62
24100 19
24200 65
24300 5
24400 7
24500 14
24600 30
24700 66
24800 0
24900 3
25000 31
25100 96
25200 37
25300 54
25400 1
25500 1
25600 16
25700 1
25800 18
25900 7
26000 4
26100 13
26200 7
26300 16
26400 11
26500 50
26600 5
26700 7
26800 12
26900 20
27000 29
27100 17
27200 3
27300 6
27400 0
27500 85
27600 57
27700 185
27800 162
27900 155
28000 32
28100 15
28200 10
28300 9
28400 26
28500 26
28600 6
28700 9
28800 7
28900 20
29000 0
29100 19
29200 13
29300 8
29400 98
29500 221
29600 317
29700 57
29800 41
29900 41
30000 0
30100 0
30200 11
30300 2
30400 69
30500 50
30600 5
30700 6
30800 23
30900 60
31000 0
31100 16
31200 0
31300 0
31400 21
31500 18
31600 105
31700 60
31800 39
31900 73
32000 146
32100 102
32200 48
32300 13
32400 0
32500 19
32600 3
32700 1
32800 94
32900 17
33000 53
33100 1
33200 0
33300 9
33400 20
33500 75
33600 26
33700 6
33800 2
33900 12
34000 0
34100 8
34200 15
34300 80
34400 249
34500 233
34600 249
34700 127
34800 156
34900 186
35000 291
35100 156
35200 374
35300 1185
35400 1508
35500 1738
35600 1486
35700 1590
35800 1632
35900 1918
36000 1521
36100 1895
36200 2227
36300 1451
36400 1531
36500 1802
36600 2009
36700 2276
36800 2873
36900 3418
37000 3610
37100 3294
37200 3096
37300 3261
37400 3434
37500 2982
37600 2882
37700 2197
37800 2826
37900 2939
38000 2330
38100 2548
38200 2430
38300 1730
38400 1576
38500 1586
38600 1270
38700 1448
38800 1015
38900 1565
39000 1530
39100 1623
39200 1919
39300 1251
39400 1155
39500 1173
39600 654
39700 364
39800 63
39900 190
40000 111
40100 0
40200 2
40300 0
40400 1
40500 21
40600 1
40700 3
40800 1
40900 0
41000 9
41100 1
41200 3
41300 2
41400 0
41500 0
41600 3
41700 4
41800 14
41900 3
42000 54
42100 50
42200 100
42300 241
42400 548
42500 429
42600 270
42700 355
42800 199
42900 420
43000 365
43100 909
43200 808
43300 518
43400 257
43500 316
43600 476
43700 283
43800 259
43900 163
44000 110
44100 62
44200 245
44300 706
44400 625
44500 485
44600 466
44700 592
44800 594
44900 946
45000 1524
45100 1357
45200 704
45300 441
45400 529
45500 596
45600 454
45700 179
45800 83
45900 4
46000 10
46100 32
46200 86
46300 72
46400 92
46500 61
46600 168
46700 188
46800 207
46900 3
47000 0
47100 0
47200 16
47300 0
47400 1
47500 68
47600 51
47700 21
47800 28
47900 89
48000 59
48100 225
48200 363
48300 436
48400 285
48500 192
48600 209
48700 178
48800 145
48900 78
49000 0
49100 1
49200 3
49300 1
49400 58
49500 87
49600 9
49700 3
49800 12
49900 0
50000 3
50100 0
50200 32
50300 88
50400 48
50500 16
50600 56
50700 32
50800 1
50900 7
51000 0
51100 1
51200 5
51300 3
51400 2
51500 1
51600 31
51700 48
51800 69
51900 0
52000 4
52100 0
52200 12
52300 81
52400 50
52500 5
52600 15
52700 3
52800 201
52900 39
53000 43
53100 214
53200 354
53300 378
53400 322
53500 383
53600 271
53700 97
53800 158
53900 346
54000 64
54100 66
54200 98
54300 320
54400 384
54500 288
54600 404
54700 377
54800 508
54900 369
55000 199
55100 202
55200 183
55300 63
55400 187
55500 256
55600 141
55700 100
55800 0
55900 28
56000 59
56100 79
56200 12
56300 1
56400 10
56500 4
56600 2
56700 0
56800 0
56900 5
57000 0
57100 18
57200 119
57300 590
57400 526
57500 481
57600 310
57700 595
57800 588
57900 648
58000 292
58100 161
58200 204
58300 296
58400 112
58500 36
58600 1
58700 75
58800 49
58900 44
59000 8
59100 1
59200 109
59300 474
59400 229
59500 173
59600 151
59700 129
59800 224
59900 269
60000 422
60100 526
60200 396
60300 297
60400 473
60500 372
60600 527
60700 229
60800 131
60900 111
61000 54
61100 73
61200 66
61300 115
61400 276
61500 47
61600 39
61700 25
61800 17
61900 57
62000 0
62100 15
62200 106
62300 90
62400 0
62500 156
62600 4
62700 39
62800 67
62900 70
63000 60
63100 46
63200 155
63300 165
63400 151
63500 483
63600 323
63700 572
63800 657
63900 422
64000 411
64100 424
64200 368
64300 252
64400 234
64500 227
64600 13
64700 99
64800 166
64900 43
65000 126
65100 329
65200 368
65300 446
65400 642
65500 897
65600 1185
65700 793
65800 483
65900 221
66000 120
66100 284
66200 543
66300 482
66400 234
66500 222
66600 520
66700 273
66800 95
66900 61
67000 16
67100 56
67200 54
67300 30
67400 1
67500 2
67600 11
67700 21
67800 34
67900 111
68000 149
68100 272
68200 304
68300 309
68400 328
68500 273
68600 128
68700 319
68800 364
68900 246
69000 283
69100 169
69200 81
69300 21
69400 0
69500 1
69600 4
69700 0
69800 104
69900 81
70000 12
70100 96
70200 126
70300 104
70400 92
70500 7
70600 4
70700 4
70800 0
70900 23
71000 19
71100 3
71200 3
71300 22
71400 51
71500 230
71600 111
71700 62
71800 207
71900 252
72000 379
72100 217
72200 253
72300 120
72400 162
72500 71
72600 219
72700 343
72800 394
72900 323
73000 227
73100 124
73200 94
73300 61
73400 116
73500 52
73600 60
73700 142
73800 38
73900 13
74000 3
74100 69
74200 147
74300 43
74400 32
74500 0
74600 5
74700 16
74800 12
74900 27
75000 6
75100 4
75200 0
75300 1
75400 0
75500 0
75600 0
75700 4
75800 76
75900 61
76000 159
76100 264
76200 37
76300 46
76400 64
76500 0
76600 13
76700 1
76800 2
76900 100
77000 166
77100 277
77200 405
77300 200
77400 468
77500 450
77600 231
77700 233
77800 215
77900 178
78000 189
78100 1
78200 9
78300 1
78400 120
78500 224
78600 166
78700 64
78800 181
78900 90
79000 56
79100 1
79200 2
79300 63
79400 125
79500 2
79600 11
79700 59
79800 93
79900 40
80000 1
80100 16
80200 11
80300 30
80400 13
80500 0
80600 9
80700 2
80800 20
80900 127
81000 194
81100 97
81200 217
81300 231
81400 263
81500 354
81600 466
81700 304
81800 293
81900 303
82000 107
82100 47
82200 0
82300 16
82400 6
82500 5
82600 9
82700 22
82800 179
82900 81
83000 4
83100 16
83200 82
83300 25
83400 1
83500 4
83600 85
83700 147
83800 85
83900 169
84000 127
84100 407
84200 398
84300 439
84400 639
84500 841
84600 1075
84700 1113
84800 489
84900 712
85000 486
85100 598
85200 612
85300 643
85400 893
85500 922
85600 1766
85700 1504
85800 1679
85900 1963
86000 1875
86100 2157
86200 2777
86300 2058
86400 2117
86500 1477
86600 1296
86700 1378
86800 1539
86900 1372
87000 1161
87100 1736
87200 1020
87300 924
87400 1124
87500 1052
87600 1564
87700 1366
87800 1170
87900 1188
88000 1213
88100 1036
88200 988
88300 985
88400 523
88500 432
88600 972
88700 811
88800 759
88900 405
89000 152
89100 237
89200 145
89300 203
89400 69
89500 40
89600 14
89700 1
89800 22
89900 31
90000 80
90100 105
90200 99
90300 98
90400 169
90500 56
90600 71
90700 59
90800 131
90900 129
91000 131
91100 338
91200 697
91300 742
91400 575
91500 244
91600 120
91700 317
91800 637
91900 550
92000 491
92100 347
92200 468
92300 161
92400 121
92500 159
92600 213
92700 409
92800 294
92900 197
93000 133
93100 197
93200 223
93300 469
93400 455
93500 375
93600 240
93700 367
93800 62
93900 3
94000 6
94100 17
94200 6
94300 0
94400 11
94500 16
94600 2
94700 29
94800 282
94900 97
95000 42
95100 33
95200 19
95300 5
95400 0
95500 8
95600 36
95700 99
95800 114
95900 67
96000 18
96100 11
96200 5
96300 37
96400 15
96500 44
96600 8
96700 7
96800 26
96900 88
97000 83
97100 62
97200 53
97300 3
97400 22
97500 60
97600 73
97700 0
97800 6
97900 7
98000 11
98100 136
98200 79
98300 9
98400 1
98500 0
98600 0
98700 1
98800 152
98900 92
99000 214
99100 147
99200 95
99300 39
99400 16
99500 156
99600 326
99700 330
99800 588
99900 445
100000 552
