100 0
200 0
300 79
400 206
500 58
600 9
700 1
800 9
900 5
1000 6
1100 64
1200 95
1300 223
1400 201
1500 245
1600 393
1700 348
1800 198
1900 195
2000 67
2100 217
2200 261
2300 261
2400 208
2500 178
2600 21
2700 16
2800 25
2900 172
3000 119
3100 0
3200 0
3300 67
3400 25
3500 187
3600 74
3700 87
3800 161
3900 47
4000 34
4100 66
4200 39
4300 2
4400 56
4500 0
4600 11
4700 0
4800 10
4900 8
5000 10
5100 1
5200 33
5300 68
5400 18
5500 3
5600 3
5700 3
5800 0
5900 50
6000 78
6100 0
6200 1
6300 0
6400 65
6500 280
6600 128
6700 123
6800 104
6900 59
7000 35
7100 53
7200 18
7300 62
7400 0
7500 55
7600 85
7700 152
7800 18
7900 18
8000 2
8100 0
8200 1
8300 0
8400 24
8500 0
8600 7
8700 15
8800 2
8900 53
9000 36
9100 9
9200 60
9300 13
9400 17
9500 19
9600 4
9700 30
9800 0
9900 46
10000 189
10100 36
10200 10
10300 2
10400 1
10500 5
10600 8
10700 7
10800 81
10900 175
11000 117
11100 32
11200 8
11300 45
11400 3
11500 1
11600 2
11700 64
11800 103
11900 103
12000 111
12100 49
12200 5
12300 21
12400 2
12500 31
12600 61
12700 2
12800 14
12900 0
13000 30
13100 7
13200 1
13300 5
13400 1
13500 5
13600 13
13700 19
13800 303
13900 285
14000 10
14100 87
14200 21
14300 86
14400 39
14500 7
14600 124
14700 197
14800 237
14900 187
15000 190
15100 380
15200 268
15300 225
15400 156
15500 105
15600 90
15700 3
15800 17
15900 36
16000 212
16100 40
16200 36
16300 64
16400 83
16500 2
16600 114
16700 18
16800 9
16900 28
17000 11
17100 3
17200 1
17300 1
17400 0
17500 58
17600 65
17700 13
17800 12
17900 31
18000 36
18100 31
18200 32
18300 0
18400 5
18500 90
18600 77
18700 45
18800 135
18900 2
19000 0
19100 4
19200 0
19300 1
19400 4
19500 0
19600 6
19700 1
19800 10
19900 9
20000 0
20100 36
20200 41
20300 51
20400 58
20500 155
20600 56
20700 129
20800 38
20900 17
21000 13
21100 3
21200 41
21300 21
21400 3
21500 1
21600 1
21700 0
21800 0
21900 0
22000 7
22100 18
22200 17
22300 2
22400 12
22500 3
22600 41
22700 4
22800 11
22900 52
23000 30
23100 1
23200 7
23300 37
23400 143
23500 41
23600 3
23700 0
23800 8
23900 0
24000 25
24100 153
24200 280
24300 43
24400 45
24500 149
24600 121
24700 31
24800 44
24900 3
25000 0
25100 10
25200 0
25300 17
25400 9
25500 19
25600 58
25700 0
25800 24
25900 59
26000 49
26100 9
26200 7
26300 52
26400 125
26500 60
26600 70
26700 33
26800 256
26900 63
27000 177
27100 187
27200 174
27300 139
27400 107
27500 0
27600 57
27700 33
27800 35
27900 22
28000 2
28100 9
28200 6
28300 11
28400 0
28500 8
28600 1
28700 22
28800 30
28900 21
29000 1
29100 0
29200 12
29300 83
29400 53
29500 52
29600 4
29700 0
29800 7
29900 28
30000 33
30100 92
30200 11
30300 11
30400 3
30500 4
30600 1
30700 3
30800 12
30900 0
31000 10
31100 0
31200 25
31300 0
31400 1
31500 1
31600 1
31700 30
31800 37
31900 8
32000 25
32100 13
32200 257
32300 77
32400 82
32500 8
32600 16
32700 16
32800 228
32900 192
33000 6
33100 19
33200 0
33300 16
33400 0
33500 0
33600 3
33700 34
33800 33
33900 201
34000 237
34100 53
34200 88
34300 31
34400 21
34500 20
34600 0
34700 18
34800 26
34900 62
35000 26
35100 3
35200 17
35300 61
35400 38
35500 0
35600 0
35700 15
35800 38
35900 31
36000 40
36100 76
36200 17
36300 10
36400 55
36500 27
36600 9
36700 1
36800 3
36900 6
37000 2
37100 2
37200 8
37300 95
37400 1
37500 24
37600 120
37700 81
37800 260
37900 141
38000 64
38100 19
38200 1
38300 8
38400 52
38500 179
38600 165
38700 260
38800 278
38900 49
39000 0
39100 4
39200 104
39300 35
39400 34
39500 4
39600 21
39700 14
39800 2
39900 11
40000 0
40100 1
40200 15
40300 44
40400 24
40500 3
40600 5
40700 1
40800 0
40900 8
41000 17
41100 0
41200 0
41300 18
41400 6
41500 16
41600 2
41700 11
41800 0
41900 2
42000 4
42100 0
42200 0
42300 0
42400 0
42500 0
42600 2
42700 7
42800 1
42900 0
43000 0
43100 75
43200 14
43300 83
43400 0
43500 15
43600 1
43700 1
43800 14
43900 12
44000 9
44100 0
44200 11
44300 9
44400 0
44500 0
44600 0
44700 0
44800 3
44900 1
45000 44
45100 60
45200 3
45300 1
45400 2
45500 11
45600 0
45700 8
45800 0
45900 12
46000 1
46100 0
46200 2
46300 18
46400 2
46500 9
46600 0
46700 2
46800 3
46900 0
47000 1
47100 7
47200 0
47300 141
47400 186
47500 85
47600 85
47700 7
47800 0
47900 63
48000 9
48100 0
48200 88
48300 14
48400 25
48500 13
48600 32
48700 48
48800 15
48900 9
49000 0
49100 37
49200 18
49300 16
49400 0
49500 6
49600 15
49700 13
49800 15
49900 7
50000 0
50100 21
50200 6
50300 78
50400 45
50500 17
50600 104
50700 144
50800 61
50900 54
51000 22
51100 113
51200 44
51300 6
51400 5
51500 16
51600 20
51700 0
51800 25
51900 88
52000 67
52100 0
52200 1
52300 0
52400 3
52500 1
52600 12
52700 4
52800 76
52900 44
53000 19
53100 69
53200 266
53300 123
53400 154
53500 16
53600 71
53700 6
53800 13
53900 6
54000 0
54100 69
54200 131
54300 20
54400 5
54500 19
54600 14
54700 142
54800 55
54900 172
55000 78
55100 183
55200 109
55300 267
55400 77
55500 102
55600 36
55700 29
55800 16
55900 22
56000 25
56100 0
56200 3
56300 30
56400 180
56500 94
56600 35
56700 0
56800 3
56900 58
57000 112
57100 43
57200 0
57300 0
57400 170
57500 183
57600 106
57700 190
57800 64
57900 116
58000 72
58100 34
58200 38
58300 59
58400 0
58500 29
58600 45
58700 16
58800 11
58900 116
59000 23
59100 49
59200 3
59300 27
59400 0
59500 0
59600 7
59700 12
59800 10
59900 2
60000 208
60100 237
60200 149
60300 344
60400 362
60500 106
60600 118
60700 8
60800 37
60900 7
61000 25
61100 7
61200 8
61300 3
61400 1
61500 10
61600 11
61700 7
61800 13
61900 3
62000 14
62100 86
62200 4
62300 47
62400 11
62500 25
62600 1
62700 7
62800 4
62900 2
63000 3
63100 0
63200 36
63300 18
63400 3
63500 25
63600 18
63700 2
63800 0
63900 0
64000 48
64100 89
64200 1
64300 0
64400 35
64500 10
64600 2
64700 1
64800 11
64900 28
65000 19
65100 0
65200 1
65300 80
65400 66
65500 41
65600 87
65700 138
65800 6
65900 3
66000 5
66100 10
66200 0
66300 53
66400 20
66500 86
66600 6
66700 0
66800 0
66900 2
67000 0
67100 0
67200 15
67300 0
67400 0
67500 27
67600 0
67700 33
67800 33
67900 65
68000 79
68100 31
68200 22
68300 15
68400 1
68500 1
68600 2
68700 38
68800 8
68900 1
69000 56
69100 10
69200 0
69300 25
69400 9
69500 35
69600 47
69700 56
69800 177
69900 247
70000 364
70100 163
70200 112
70300 54
70400 97
70500 51
70600 1
70700 27
70800 5
70900 14
71000 1
71100 43
71200 35
71300 156
71400 6
71500 2
71600 3
71700 55
71800 39
71900 0
72000 1
72100 4
72200 0
72300 0
72400 5
72500 0
72600 0
72700 13
72800 15
72900 0
73000 0
73100 0
73200 13
73300 98
73400 135
73500 35
73600 12
73700 2
73800 9
73900 35
74000 105
74100 110
74200 44
74300 207
74400 6
74500 89
74600 151
74700 47
74800 14
74900 32
75000 8
75100 26
75200 15
75300 8
75400 0
75500 7
75600 0
75700 0
75800 3
75900 6
76000 1
76100 3
76200 46
76300 22
76400 28
76500 0
76600 0
76700 10
76800 2
76900 0
77000 2
77100 40
77200 1
77300 59
77400 60
77500 35
77600 0
77700 3
77800 0
77900 6
78000 39
78100 7
78200 0
78300 7
78400 10
78500 4
78600 18
78700 32
78800 2
78900 1
79000 24
79100 0
79200 3
79300 25
79400 0
79500 12
79600 2
79700 7
79800 32
79900 3
80000 43
80100 94
80200 120
80300 48
80400 14
80500 0
80600 8
80700 0
80800 0
80900 43
81000 2
81100 0
81200 1
81300 3
81400 7
81500 84
81600 12
81700 7
81800 0
81900 5
82000 2
82100 1
82200 76
82300 45
82400 8
82500 10
82600 4
82700 68
82800 14
82900 1
83000 1
83100 0
83200 27
83300 0
83400 58
83500 47
83600 41
83700 92
83800 225
83900 53
84000 0
84100 34
84200 16
84300 148
84400 111
84500 69
84600 44
84700 0
84800 1
84900 0
85000 3
85100 4
85200 0
85300 4
85400 62
85500 124
85600 27
85700 6
85800 15
85900 0
86000 4
86100 5
86200 0
86300 38
86400 223
86500 249
86600 162
86700 163
86800 306
86900 301
87000 265
87100 337
87200 313
87300 197
87400 51
87500 0
87600 0
87700 79
87800 17
87900 15
88000 34
88100 28
88200 4
88300 18
88400 87
88500 76
88600 27
88700 123
88800 55
88900 31
89000 20
89100 85
89200 67
89300 6
89400 0
89500 21
89600 67
89700 0
89800 17
89900 50
90000 57
90100 78
90200 0
90300 0
90400 50
90500 8
90600 1
90700 11
90800 2
90900 4
91000 0
91100 0
91200 120
91300 8
91400 0
91500 4
91600 10
91700 0
91800 26
91900 1
92000 3
92100 0
92200 0
92300 61
92400 306
92500 42
92600 84
92700 1
92800 1
92900 0
93000 0
93100 65
93200 21
93300 57
93400 6
93500 0
93600 11
93700 18
93800 19
93900 53
94000 0
94100 4
94200 72
94300 81
94400 100
94500 6
94600 1
94700 16
94800 29
94900 0
95000 1
95100 64
95200 277
95300 72
95400 14
95500 88
95600 7
95700 1
95800 1
95900 23
96000 22
96100 74
96200 104
96300 198
96400 93
96500 76
96600 60
96700 79
96800 175
96900 130
97000 351
97100 265
97200 322
97300 1
97400 69
97500 13
97600 80
97700 12
97800 7
97900 11
98000 4
98100 1
98200 0
98300 2
98400 160
98500 141
98600 45
98700 0
98800 4
98900 11
99000 0
99100 37
99200 48
99300 229
99400 268
99500 91
99600 37
99700 23
99800 23
99900 1
100000 14
