1 0
2 0
3 0
4 0
5 1
6 1
7 1
8 1
9 1
10 0
11 0
12 0
13 0
14 1
15 1
16 2
17 4
18 8
19 7
20 6
21 8
22 3
23 1
24 0
25 0
26 0
27 0
28 0
29 0
30 0
31 0
32 0
33 0
34 0
35 0
36 1
37 1
38 2
39 3
40 3
41 6
42 5
43 3
44 2
45 3
46 3
47 4
48 6
49 5
50 6
51 6
52 10
53 11
54 10
55 6
56 7
57 5
58 5
59 6
60 5
61 3
62 3
63 2
64 7
65 8
66 13
67 14
68 21
69 23
70 22
71 24
72 27
73 30
74 30
75 29
76 31
77 41
78 38
79 39
80 47
81 45
82 43
83 41
84 49
85 53
86 48
87 58
88 51
89 52
90 51
91 50
92 39
93 33
94 34
95 20
96 25
97 25
98 20
99 17
100 18
101 18
102 25
103 21
104 13
105 11
106 16
107 10
108 11
109 11
110 15
111 17
112 17
113 11
114 12
115 9
116 15
117 7
118 8
119 5
120 4
121 7
122 7
123 4
124 2
125 3
126 5
127 4
128 3
129 1
130 0
131 0
132 0
133 0
134 0
135 0
136 1
137 0
138 0
139 0
140 0
141 0
142 0
143 0
144 0
145 0
146 0
147 0
148 0
149 0
150 0
151 0
152 0
153 0
154 0
155 0
156 0
157 1
158 2
159 0
160 0
161 0
162 0
163 0
164 0
165 0
166 0
167 0
168 0
169 0
170 0
171 0
172 0
173 1
174 0
175 0
176 1
177 0
178 0
179 0
180 0
181 0
182 0
183 0
184 0
185 1
186 1
187 1
188 2
189 2
190 3
191 1
192 0
193 0
194 0
195 0
196 1
197 1
198 0
199 0
200 1
201 1
202 2
203 0
204 0
205 0
206 0
207 0
208 0
209 0
210 0
211 0
212 0
213 0
214 0
215 0
216 0
217 0
218 0
219 0
220 0
221 1
222 0
223 0
224 1
225 4
226 3
227 1
228 1
229 3
230 4
231 4
232 2
233 3
234 4
235 4
236 4
237 5
238 6
239 8
240 5
241 7
242 9
243 12
244 16
245 16
246 15
247 17
248 15
249 17
250 16
251 11
252 13
253 12
254 18
255 18
256 19
257 17
258 28
259 27
260 25
261 20
262 21
263 18
264 19
265 16
266 19
267 23
268 21
269 26
270 25
271 21
272 20
273 13
274 13
275 16
276 9
277 3
278 4
279 3
280 3
281 6
282 6
283 9
284 5
285 4
286 5
287 7
288 5
289 1
290 1
291 1
292 0
293 0
294 0
295 0
296 0
297 0
298 0
299 0
300 3
301 4
302 2
303 1
304 2
305 0
306 0
307 0
308 1
309 3
310 5
311 7
312 6
313 8
314 13
315 15
316 18
317 18
318 22
319 27
320 27
321 26
322 26
323 28
324 18
325 21
326 8
327 8
328 5
329 7
330 6
331 4
332 5
333 3
334 3
335 0
336 1
337 1
338 1
339 3
340 5
341 3
342 5
343 4
344 4
345 6
346 10
347 8
348 14
349 13
350 14
351 13
352 15
353 8
354 6
355 10
356 10
357 11
358 13
359 12
360 13
361 12
362 9
363 5
364 5
365 4
366 7
367 7
368 6
369 8
370 6
371 4
372 10
373 5
374 6
375 5
376 4
377 8
378 8
379 10
380 13
381 9
382 5
383 4
384 4
385 2
386 4
387 3
388 4
389 3
390 4
391 2
392 1
393 4
394 3
395 5
396 10
397 16
398 10
399 10
400 18
401 16
402 17
403 20
404 15
405 16
406 18
407 10
408 11
409 11
410 8
411 8
412 10
413 10
414 16
415 17
416 14
417 9
418 8
419 8
420 9
421 12
422 13
423 7
424 1
425 2
426 2
427 2
428 6
429 8
430 5
431 1
432 4
433 9
434 5
435 6
436 7
437 6
438 5
439 6
440 8
441 8
442 11
443 19
444 24
445 21
446 23
447 23
448 16
449 12
450 12
451 6
452 6
453 9
454 10
455 10
456 14
457 16
458 20
459 28
460 24
461 19
462 19
463 20
464 20
465 27
466 36
467 31
468 43
469 36
470 30
471 35
472 49
473 50
474 44
475 51
476 46
477 32
478 30
479 39
480 37
481 31
482 25
483 23
484 21
485 17
486 15
487 17
488 21
489 23
490 24
491 31
492 35
493 43
494 43
495 44
496 50
497 41
498 39
499 45
500 40
501 41
502 42
503 45
504 51
505 54
506 58
507 65
508 62
509 58
510 58
511 57
512 65
513 72
514 67
515 69
516 70
517 62
518 58
519 74
520 72
521 68
522 74
523 70
524 80
525 103
526 97
527 90
528 89
529 91
530 82
531 82
532 85
533 87
534 100
535 94
536 102
537 93
538 103
539 105
540 102
541 105
542 91
543 70
544 69
545 68
546 55
547 46
548 47
549 45
550 48
551 44
552 35
553 38
554 43
555 42
556 45
557 41
558 33
559 42
560 43
561 43
562 35
563 28
564 28
565 30
566 28
567 25
568 27
569 24
570 24
571 28
572 13
573 18
574 21
575 25
576 24
577 22
578 19
579 18
580 13
581 14
582 19
583 17
584 13
585 11
586 8
587 13
588 13
589 13
590 16
591 18
592 16
593 25
594 28
595 26
596 23
597 28
598 25
599 19
600 27
601 22
602 27
603 19
604 21
605 25
606 25
607 22
608 17
609 15
610 21
611 23
612 13
613 10
614 9
615 7
616 9
617 17
618 14
619 13
620 16
621 11
622 11
623 14
624 16
625 17
626 16
627 11
628 13
629 16
630 13
631 18
632 17
633 11
634 12
635 15
636 26
637 18
638 21
639 24
640 29
641 35
642 29
643 26
644 28
645 25
646 25
647 29
648 33
649 29
650 45
651 54
652 54
653 54
654 50
655 56
656 62
657 77
658 62
659 68
660 76
661 87
662 83
663 88
664 87
665 91
666 88
667 72
668 83
669 71
670 65
671 59
672 68
673 61
674 59
675 64
676 65
677 67
678 50
679 54
680 45
681 54
682 57
683 55
684 61
685 68
686 75
687 84
688 87
689 101
690 98
691 91
692 101
693 103
694 87
695 105
696 90
697 77
698 74
699 66
700 50
701 44
702 43
703 44
704 43
705 40
706 51
707 63
708 58
709 56
710 58
711 54
712 69
713 61
714 70
715 81
716 76
717 94
718 84
719 80
720 93
721 73
722 95
723 103
724 105
725 103
726 94
727 94
728 84
729 97
730 85
731 74
732 65
733 58
734 63
735 58
736 59
737 56
738 48
739 59
740 62
741 54
742 54
743 48
744 41
745 39
746 46
747 47
748 63
749 71
750 78
751 90
752 94
753 87
754 106
755 108
756 106
757 97
758 98
759 88
760 82
761 74
762 74
763 71
764 68
765 78
766 72
767 63
768 63
769 70
770 71
771 69
772 73
773 73
774 77
775 61
776 51
777 53
778 57
779 64
780 62
781 63
782 64
783 58
784 52
785 55
786 47
787 54
788 52
789 49
790 43
791 55
792 61
793 58
794 62
795 69
796 79
797 70
798 84
799 84
800 80
801 82
802 87
803 97
804 111
805 88
806 95
807 95
808 86
809 75
810 71
811 71
812 64
813 76
814 67
815 73
816 68
817 67
818 60
819 51
820 55
821 54
822 37
823 41
824 36
825 41
826 34
827 38
828 41
829 25
830 22
831 18
832 15
833 12
834 11
835 13
836 15
837 20
838 30
839 29
840 35
841 36
842 32
843 29
844 29
845 30
846 28
847 29
848 30
849 22
850 25
851 25
852 32
853 39
854 39
855 31
856 30
857 30
858 26
859 31
860 31
861 36
862 34
863 34
864 31
865 19
866 17
867 19
868 20
869 23
870 26
871 15
872 17
873 15
874 15
875 14
876 27
877 26
878 27
879 30
880 28
881 33
882 26
883 30
884 24
885 24
886 26
887 31
888 36
889 39
890 41
891 44
892 38
893 37
894 27
895 21
896 24
897 35
898 42
899 41
900 34
901 30
902 27
903 27
904 26
905 26
906 26
907 28
908 24
909 23
910 25
911 29
912 28
913 24
914 21
915 15
916 16
917 13
918 13
919 12
920 10
921 15
922 15
923 23
924 35
925 41
926 39
927 51
928 53
929 60
930 65
931 66
932 65
933 81
934 79
935 74
936 71
937 67
938 63
939 77
940 76
941 63
942 70
943 72
944 70
945 75
946 73
947 69
948 73
949 85
950 94
951 88
952 107
953 102
954 109
955 107
956 99
957 111
958 117
959 129
960 134
961 128
962 124
963 130
964 132
965 147
966 145
967 128
968 117
969 107
970 105
971 104
972 115
973 108
974 94
975 106
976 94
977 87
978 97
979 92
980 96
981 88
982 84
983 75
984 88
985 87
986 94
987 92
988 80
989 83
990 89
991 103
992 118
993 107
994 134
995 154
996 184
997 194
998 198
999 193
1000 166
