1 0
2 0
3 0
4 0
5 0
6 1
7 0
8 0
9 1
10 2
11 6
12 9
13 7
14 5
15 7
16 7
17 9
18 8
19 7
20 9
21 12
22 15
23 17
24 12
25 14
26 16
27 20
28 20
29 26
30 26
31 29
32 30
33 25
34 28
35 34
36 41
37 45
38 46
39 45
40 45
41 34
42 24
43 25
44 30
45 25
46 28
47 31
48 31
49 29
50 38
51 39
52 29
53 30
54 28
55 21
56 24
57 29
58 30
59 24
60 36
61 39
62 38
63 33
64 34
65 37
66 44
67 47
68 55
69 64
70 64
71 72
72 74
73 66
74 71
75 78
76 75
77 74
78 59
79 55
80 36
81 43
82 49
83 37
84 33
85 26
86 26
87 15
88 11
89 18
90 21
91 26
92 22
93 23
94 22
95 23
96 24
97 24
98 24
99 17
100 19
101 15
102 19
103 23
104 31
105 36
106 25
107 20
108 16
109 20
110 17
111 13
112 12
113 13
114 13
115 14
116 15
117 13
118 18
119 13
120 11
121 16
122 20
123 20
124 29
125 31
126 34
127 28
128 27
129 25
130 23
131 21
132 23
133 23
134 25
135 19
136 21
137 32
138 37
139 31
140 25
141 25
142 23
143 24
144 21
145 16
146 14
147 15
148 10
149 10
150 8
151 9
152 8
153 11
154 12
155 13
156 21
157 12
158 19
159 23
160 16
161 16
162 12
163 11
164 11
165 7
166 7
167 12
168 3
169 3
170 2
171 1
172 1
173 2
174 2
175 3
176 2
177 3
178 4
179 3
180 6
181 4
182 5
183 5
184 2
185 1
186 2
187 0
188 0
189 0
190 1
191 1
192 1
193 2
194 0
195 0
196 0
197 0
198 0
199 0
200 0
201 0
202 0
203 0
204 2
205 4
206 2
207 5
208 2
209 3
210 3
211 1
212 0
213 1
214 1
215 3
216 4
217 5
218 4
219 5
220 9
221 10
222 8
223 7
224 10
225 12
226 16
227 19
228 16
229 21
230 18
231 16
232 25
233 27
234 22
235 19
236 22
237 27
238 26
239 26
240 19
241 14
242 13
243 15
244 10
245 15
246 19
247 17
248 16
249 20
250 24
251 23
252 18
253 16
254 14
255 13
256 15
257 12
258 12
259 11
260 8
261 8
262 3
263 3
264 4
265 6
266 7
267 7
268 6
269 9
270 6
271 4
272 4
273 4
274 5
275 4
276 3
277 4
278 1
279 1
280 1
281 2
282 1
283 3
284 7
285 8
286 11
287 11
288 12
289 11
290 9
291 8
292 7
293 7
294 8
295 8
296 6
297 8
298 8
299 6
300 11
301 14
302 10
303 11
304 13
305 11
306 7
307 9
308 9
309 6
310 2
311 1
312 1
313 3
314 1
315 2
316 4
317 5
318 5
319 3
320 2
321 2
322 2
323 3
324 7
325 11
326 11
327 12
328 9
329 7
330 11
331 9
332 15
333 14
334 14
335 9
336 12
337 6
338 8
339 9
340 7
341 14
342 18
343 21
344 21
345 23
346 28
347 37
348 40
349 33
350 25
351 38
352 38
353 40
354 47
355 52
356 58
357 49
358 46
359 44
360 43
361 40
362 35
363 38
364 51
365 58
366 51
367 52
368 67
369 58
370 57
371 62
372 68
373 81
374 82
375 92
376 83
377 68
378 69
379 73
380 66
381 77
382 76
383 82
384 86
385 85
386 75
387 75
388 75
389 78
390 75
391 77
392 73
393 71
394 58
395 50
396 61
397 54
398 58
399 58
400 46
401 42
402 42
403 39
404 42
405 34
406 30
407 17
408 20
409 19
410 27
411 24
412 26
413 32
414 34
415 35
416 30
417 29
418 32
419 28
420 39
421 26
422 39
423 44
424 50
425 60
426 55
427 59
428 49
429 39
430 50
431 52
432 40
433 33
434 26
435 17
436 15
437 13
438 8
439 7
440 5
441 6
442 7
443 2
444 1
445 1
446 0
447 0
448 0
449 1
450 0
451 0
452 0
453 0
454 0
455 0
456 1
457 1
458 1
459 0
460 1
461 1
462 1
463 1
464 3
465 6
466 2
467 1
468 0
469 0
470 0
471 0
472 0
473 0
474 1
475 1
476 0
477 0
478 1
479 2
480 0
481 0
482 0
483 0
484 1
485 0
486 0
487 0
488 0
489 0
490 0
491 0
492 0
493 0
494 0
495 0
496 0
497 1
498 1
499 2
500 1
501 2
502 3
503 1
504 2
505 3
506 4
507 3
508 2
509 1
510 2
511 1
512 2
513 3
514 5
515 1
516 3
517 0
518 0
519 0
520 0
521 0
522 0
523 0
524 0
525 0
526 0
527 1
528 1
529 2
530 3
531 4
532 2
533 0
534 0
535 1
536 0
537 0
538 0
539 0
540 0
541 0
542 1
543 0
544 0
545 0
546 0
547 0
548 1
549 1
550 1
551 0
552 0
553 0
554 1
555 3
556 0
557 0
558 0
559 1
560 2
561 1
562 2
563 2
564 2
565 2
566 3
567 5
568 2
569 3
570 3
571 4
572 6
573 10
574 10
575 9
576 9
577 7
578 12
579 7
580 7
581 4
582 6
583 5
584 3
585 4
586 10
587 15
588 15
589 22
590 21
591 21
592 16
593 13
594 18
595 23
596 24
597 22
598 20
599 21
600 24
601 26
602 31
603 38
604 37
605 49
606 39
607 50
608 51
609 55
610 55
611 55
612 49
613 55
614 52
615 49
616 69
617 69
618 75
619 72
620 64
621 64
622 63
623 64
624 55
625 47
626 50
627 49
628 49
629 53
630 56
631 62
632 63
633 62
634 65
635 54
636 38
637 44
638 47
639 48
640 44
641 49
642 54
643 71
644 73
645 72
646 76
647 70
648 70
649 77
650 73
651 78
652 79
653 76
654 79
655 81
656 82
657 82
658 75
659 75
660 72
661 66
662 73
663 78
664 92
665 106
666 116
667 121
668 104
669 94
670 104
671 90
672 84
673 81
674 65
675 60
676 61
677 70
678 71
679 88
680 87
681 82
682 90
683 91
684 81
685 80
686 81
687 98
688 97
689 92
690 98
691 117
692 122
693 137
694 120
695 136
696 143
697 127
698 119
699 146
700 170
701 194
702 197
703 185
704 192
705 189
706 199
707 200
708 211
709 198
710 195
711 195
712 193
713 212
714 204
715 229
716 237
717 262
718 265
719 260
720 258
721 243
722 263
723 249
724 252
725 238
726 272
727 293
728 258
729 252
730 243
731 257
732 245
733 272
734 300
735 295
736 267
737 271
738 261
739 261
740 214
741 226
742 244
743 225
744 242
745 245
746 240
747 230
748 233
749 240
750 249
751 243
752 245
753 220
754 209
755 212
756 182
757 196
758 202
759 198
760 228
761 245
762 246
763 274
764 272
765 271
766 285
767 278
768 317
769 324
770 294
771 301
772 287
773 292
774 310
775 302
776 313
777 313
778 305
779 311
780 301
781 290
782 265
783 263
784 246
785 234
786 257
787 260
788 262
789 263
790 269
791 294
792 309
793 306
794 309
795 310
796 329
797 315
798 315
799 305
800 288
801 276
802 249
803 260
804 256
805 256
806 236
807 226
808 233
809 222
810 214
811 206
812 197
813 185
814 191
815 206
816 195
817 231
818 232
819 239
820 250
821 270
822 271
823 235
824 216
825 215
826 235
827 260
828 250
829 254
830 244
831 244
832 228
833 237
834 223
835 212
836 250
837 231
838 211
839 218
840 217
841 207
842 204
843 214
844 220
845 215
846 237
847 244
848 211
849 215
850 228
851 210
852 207
853 218
854 239
855 246
856 261
857 266
858 244
859 253
860 256
861 251
862 228
863 228
864 208
865 216
866 226
867 219
868 208
869 188
870 185
871 198
872 190
873 166
874 143
875 132
876 133
877 140
878 141
879 149
880 161
881 151
882 185
883 193
884 183
885 177
886 183
887 195
888 184
889 199
890 194
891 194
892 214
893 187
894 190
895 206
896 206
897 204
898 217
899 213
900 221
901 245
902 243
903 269
904 279
905 246
906 266
907 246
908 247
909 266
910 283
911 298
912 292
913 288
914 292
915 284
916 267
917 279
918 270
919 271
920 251
921 243
922 262
923 258
924 281
925 274
926 247
927 232
928 242
929 245
930 251
931 250
932 271
933 266
934 266
935 261
936 299
937 285
938 306
939 302
940 307
941 329
942 335
943 312
944 319
945 337
946 366
947 357
948 373
949 393
950 381
951 374
952 371
953 346
954 360
955 347
956 333
957 315
958 338
959 348
960 366
961 338
962 327
963 299
964 288
965 285
966 283
967 251
968 290
969 283
970 287
971 278
972 276
973 252
974 251
975 250
976 245
977 226
978 224
979 234
980 226
981 217
982 219
983 203
984 204
985 194
986 178
987 162
988 167
989 166
990 178
991 150
992 141
993 164
994 170
995 163
996 171
997 169
998 179
999 198
1000 195
