1 0
2 0
3 1
4 1
5 0
6 1
7 1
8 1
9 2
10 1
11 0
12 0
13 1
14 1
15 1
16 0
17 0
18 0
19 0
20 0
21 0
22 0
23 0
24 0
25 0
26 0
27 1
28 2
29 2
30 1
31 2
32 1
33 0
34 1
35 1
36 1
37 2
38 1
39 3
40 4
41 7
42 8
43 13
44 15
45 13
46 11
47 10
48 11
49 12
50 15
51 12
52 14
53 15
54 22
55 20
56 24
57 27
58 32
59 27
60 32
61 33
62 34
63 36
64 35
65 35
66 38
67 27
68 24
69 25
70 14
71 14
72 12
73 11
74 13
75 8
76 5
77 4
78 3
79 1
80 4
81 2
82 0
83 0
84 0
85 0
86 1
87 1
88 1
89 1
90 0
91 0
92 0
93 0
94 0
95 1
96 1
97 2
98 2
99 1
100 1
101 3
102 2
103 2
104 0
105 0
106 0
107 1
108 2
109 2
110 2
111 1
112 3
113 1
114 1
115 1
116 1
117 1
118 1
119 1
120 1
121 1
122 1
123 2
124 0
125 0
126 0
127 0
128 0
129 0
130 0
131 0
132 0
133 0
134 0
135 0
136 0
137 0
138 0
139 1
140 0
141 0
142 0
143 1
144 0
145 0
146 1
147 0
148 0
149 1
150 1
151 0
152 0
153 0
154 0
155 0
156 1
157 0
158 0
159 0
160 1
161 2
162 3
163 2
164 2
165 2
166 2
167 3
168 1
169 0
170 0
171 0
172 1
173 2
174 3
175 6
176 7
177 4
178 8
179 6
180 4
181 4
182 4
183 3
184 1
185 0
186 0
187 0
188 1
189 2
190 3
191 4
192 2
193 2
194 2
195 0
196 0
197 0
198 0
199 1
200 0
201 0
202 0
203 1
204 2
205 1
206 2
207 4
208 3
209 6
210 7
211 6
212 7
213 7
214 9
215 7
216 10
217 9
218 12
219 13
220 16
221 16
222 15
223 16
224 15
225 9
226 15
227 15
228 14
229 16
230 15
231 18
232 10
233 9
234 12
235 14
236 16
237 14
238 5
239 3
240 4
241 2
242 1
243 0
244 0
245 0
246 0
247 0
248 0
249 1
250 4
251 2
252 6
253 8
254 8
255 5
256 0
257 1
258 1
259 1
260 1
261 1
262 1
263 2
264 1
265 5
266 2
267 2
268 3
269 3
270 1
271 1
272 1
273 2
274 0
275 0
276 0
277 0
278 0
279 0
280 0
281 0
282 0
283 1
284 1
285 1
286 1
287 2
288 3
289 3
290 4
291 3
292 2
293 1
294 2
295 0
296 0
297 0
298 0
299 0
300 0
301 1
302 1
303 3
304 0
305 0
306 0
307 0
308 1
309 2
310 1
311 1
312 2
313 4
314 7
315 11
316 10
317 6
318 5
319 6
320 5
321 3
322 4
323 7
324 6
325 9
326 5
327 2
328 1
329 0
330 0
331 0
332 0
333 2
334 2
335 1
336 1
337 3
338 5
339 5
340 7
341 7
342 13
343 7
344 10
345 6
346 8
347 10
348 14
349 5
350 2
351 0
352 0
353 0
354 0
355 0
356 0
357 0
358 0
359 0
360 0
361 0
362 1
363 2
364 2
365 3
366 5
367 5
368 3
369 4
370 6
371 6
372 7
373 3
374 7
375 6
376 4
377 7
378 10
379 14
380 10
381 7
382 6
383 9
384 7
385 8
386 5
387 2
388 1
389 2
390 2
391 3
392 1
393 1
394 1
395 2
396 0
397 0
398 0
399 0
400 0
401 1
402 1
403 1
404 0
405 0
406 0
407 0
408 0
409 1
410 0
411 0
412 2
413 1
414 2
415 4
416 0
417 0
418 0
419 0
420 0
421 0
422 0
423 1
424 2
425 1
426 2
427 2
428 1
429 1
430 3
431 1
432 4
433 5
434 6
435 6
436 10
437 16
438 21
439 24
440 30
441 29
442 27
443 26
444 32
445 38
446 48
447 56
448 62
449 56
450 65
451 62
452 71
453 64
454 63
455 66
456 61
457 77
458 65
459 59
460 61
461 63
462 50
463 49
464 51
465 52
466 50
467 45
468 45
469 40
470 38
471 51
472 44
473 49
474 50
475 39
476 38
477 39
478 48
479 56
480 50
481 55
482 54
483 61
484 47
485 38
486 37
487 36
488 33
489 28
490 36
491 44
492 48
493 63
494 58
495 53
496 58
497 63
498 66
499 57
500 61
501 58
502 66
503 69
504 58
505 65
506 64
507 51
508 51
509 52
510 56
511 46
512 39
513 53
514 61
515 70
516 79
517 77
518 84
519 113
520 129
521 146
522 153
523 136
524 139
525 165
526 169
527 174
528 170
529 196
530 198
531 188
532 200
533 186
534 204
535 215
536 199
537 197
538 196
539 203
540 227
541 229
542 210
543 217
544 214
545 216
546 193
547 199
548 186
549 209
550 207
551 201
552 187
553 197
554 199
555 194
556 193
557 182
558 190
559 187
560 189
561 195
562 193
563 209
564 217
565 222
566 220
567 199
568 204
569 206
570 215
571 215
572 226
573 233
574 226
575 234
576 224
577 230
578 228
579 228
580 219
581 213
582 211
583 222
584 207
585 242
586 259
587 245
588 233
589 260
590 256
591 267
592 271
593 290
594 251
595 257
596 271
597 274
598 294
599 281
600 293
601 291
602 290
603 281
604 280
605 299
606 319
607 304
608 315
609 304
610 333
611 327
612 337
613 344
614 308
615 309
616 327
617 314
618 294
619 293
620 289
621 299
622 296
623 311
624 328
625 316
626 319
627 343
628 340
629 344
630 344
631 357
632 400
633 420
634 393
635 390
636 342
637 340
638 347
639 362
640 348
641 328
642 302
643 315
644 331
645 331
646 354
647 371
648 342
649 322
650 336
651 342
652 327
653 332
654 344
655 341
656 331
657 336
658 341
659 328
660 330
661 321
662 307
663 325
664 302
665 289
666 297
667 318
668 315
669 322
670 327
671 323
672 327
673 317
674 304
675 314
676 309
677 279
678 265
679 255
680 258
681 251
682 254
683 267
684 247
685 257
686 238
687 209
688 199
689 185
690 193
691 199
692 227
693 213
694 237
695 248
696 242
697 261
698 261
699 243
700 260
701 254
702 238
703 245
704 259
705 251
706 277
707 303
708 303
709 307
710 287
711 285
712 305
713 304
714 356
715 363
716 360
717 372
718 360
719 350
720 364
721 396
722 401
723 410
724 363
725 315
726 334
727 322
728 343
729 369
730 346
731 354
732 359
733 356
734 367
735 376
736 371
737 358
738 385
739 401
740 403
741 392
742 388
743 371
744 343
745 361
746 357
747 342
748 350
749 344
750 306
751 311
752 293
753 283
754 283
755 286
756 295
757 335
758 324
759 345
760 333
761 372
762 385
763 369
764 335
765 319
766 339
767 320
768 322
769 308
770 317
771 316
772 350
773 345
774 326
775 345
776 328
777 300
778 286
779 321
780 316
781 342
782 373
783 353
784 350
785 336
786 329
787 350
788 351
789 367
790 345
791 376
792 374
793 354
794 324
795 277
796 264
797 278
798 285
799 272
800 249
801 298
802 311
803 305
804 307
805 304
806 302
807 305
808 307
809 293
810 310
811 301
812 289
813 291
814 335
815 380
816 373
817 383
818 397
819 418
820 445
821 395
822 377
823 408
824 398
825 383
826 365
827 375
828 385
829 407
830 403
831 406
832 412
833 441
834 405
835 427
836 444
837 445
838 478
839 488
840 503
841 484
842 493
843 488
844 488
845 514
846 497
847 526
848 530
849 545
850 574
851 575
852 589
853 602
854 604
855 616
856 609
857 589
858 551
859 540
860 591
861 583
862 603
863 645
864 656
865 709
866 686
867 672
868 685
869 669
870 692
871 677
872 673
873 674
874 688
875 718
876 728
877 707
878 650
879 728
880 730
881 753
882 747
883 761
884 752
885 760
886 732
887 749
888 763
889 737
890 766
891 769
892 802
893 848
894 858
895 868
896 886
897 886
898 855
899 849
900 885
901 920
902 953
903 934
904 934
905 946
906 932
907 966
908 976
909 936
910 938
911 992
912 992
913 983
914 978
915 964
916 977
917 973
918 970
919 952
920 1011
921 1006
922 1003
923 993
924 997
925 1006
926 988
927 984
928 985
929 904
930 886
931 853
932 832
933 803
934 814
935 796
936 815
937 793
938 778
939 804
940 836
941 842
942 870
943 859
944 893
945 926
946 962
947 924
948 969
949 983
950 1023
951 1024
952 1064
953 1065
954 1029
955 1058
956 1089
957 1082
958 1062
959 1072
960 1078
961 1058
962 1053
963 1057
964 1086
965 1120
966 1178
967 1178
968 1200
969 1219
970 1216
971 1178
972 1168
973 1215
974 1268
975 1182
976 1158
977 1170
978 1138
979 1196
980 1217
981 1191
982 1220
983 1210
984 1219
985 1258
986 1311
987 1373
988 1383
989 1385
990 1377
991 1349
992 1250
993 1240
994 1268
995 1290
996 1323
997 1323
998 1336
999 1347
1000 1285
