1 0
2 0
3 0
4 0
5 0
6 0
7 0
8 1
9 1
10 0
11 0
12 0
13 0
14 0
15 0
16 0
17 1
18 0
19 1
20 0
21 0
22 0
23 0
24 0
25 0
26 0
27 1
28 0
29 0
30 0
31 2
32 2
33 2
34 3
35 2
36 3
37 1
38 0
39 0
40 0
41 0
42 0
43 0
44 0
45 0
46 0
47 0
48 1
49 2
50 1
51 2
52 2
53 6
54 11
55 20
56 17
57 23
58 32
59 47
60 51
61 54
62 38
63 57
64 56
65 47
66 53
67 67
68 68
69 71
70 73
71 91
72 102
73 110
74 107
75 108
76 105
77 110
78 109
79 97
80 92
81 93
82 87
83 101
84 113
85 100
86 126
87 147
88 154
89 140
90 101
91 96
92 86
93 86
94 93
95 80
96 65
97 69
98 72
99 78
100 85
101 90
102 81
103 89
104 98
105 82
106 85
107 82
108 75
109 65
110 49
111 43
112 35
113 34
114 43
115 56
116 62
117 64
118 77
119 75
120 88
121 86
122 86
123 90
124 83
125 73
126 62
127 55
128 52
129 51
130 38
131 38
132 31
133 36
134 34
135 37
136 34
137 46
138 58
139 56
140 51
141 53
142 51
143 41
144 38
145 41
146 40
147 29
148 31
149 29
150 27
151 29
152 29
153 26
154 30
155 26
156 17
157 13
158 13
159 14
160 14
161 17
162 21
163 25
164 27
165 18
166 19
167 15
168 10
169 9
170 10
171 10
172 14
173 14
174 16
175 17
176 12
177 16
178 21
179 19
180 28
181 22
182 20
183 24
184 18
185 17
186 14
187 6
188 4
189 4
190 4
191 9
192 10
193 11
194 7
195 7
196 7
197 8
198 5
199 9
200 12
201 13
202 11
203 13
204 16
205 21
206 22
207 17
208 21
209 20
210 16
211 20
212 18
213 28
214 32
215 27
216 21
217 23
218 30
219 36
220 36
221 34
222 37
223 43
224 51
225 56
226 49
227 58
228 56
229 58
230 52
231 72
232 73
233 85
234 92
235 87
236 72
237 83
238 74
239 70
240 75
241 83
242 78
243 62
244 66
245 59
246 51
247 43
248 30
249 33
250 30
251 35
252 33
253 31
254 36
255 27
256 24
257 26
258 36
259 45
260 44
261 41
262 42
263 40
264 41
265 41
266 37
267 33
268 38
269 38
270 33
271 24
272 10
273 10
274 8
275 14
276 14
277 19
278 14
279 13
280 20
281 16
282 13
283 8
284 9
285 6
286 5
287 4
288 4
289 1
290 0
291 1
292 1
293 3
294 3
295 5
296 2
297 4
298 6
299 5
300 4
301 4
302 2
303 3
304 6
305 7
306 4
307 7
308 4
309 2
310 3
311 3
312 2
313 3
314 3
315 7
316 10
317 6
318 5
319 6
320 8
321 9
322 6
323 6
324 6
325 9
326 10
327 9
328 7
329 3
330 3
331 7
332 4
333 5
334 9
335 15
336 22
337 24
338 29
339 29
340 29
341 34
342 37
343 41
344 40
345 42
346 41
347 27
348 25
349 28
350 31
351 25
352 21
353 18
354 16
355 17
356 19
357 17
358 19
359 19
360 16
361 16
362 11
363 8
364 12
365 5
366 3
367 3
368 2
369 3
370 2
371 3
372 2
373 1
374 1
375 2
376 0
377 0
378 0
379 0
380 0
381 0
382 0
383 0
384 0
385 0
386 0
387 1
388 2
389 2
390 1
391 0
392 0
393 0
394 0
395 1
396 0
397 0
398 0
399 0
400 0
401 0
402 0
403 0
404 0
405 0
406 0
407 0
408 0
409 1
410 2
411 0
412 0
413 0
414 0
415 0
416 1
417 0
418 0
419 0
420 0
421 1
422 1
423 0
424 0
425 1
426 0
427 0
428 0
429 0
430 0
431 0
432 2
433 5
434 4
435 4
436 4
437 5
438 5
439 6
440 4
441 2
442 2
443 1
444 2
445 1
446 2
447 2
448 2
449 2
450 1
451 4
452 2
453 4
454 4
455 2
456 2
457 1
458 0
459 1
460 0
461 1
462 1
463 0
464 0
465 0
466 0
467 0
468 0
469 1
470 0
471 0
472 1
473 3
474 4
475 2
476 1
477 1
478 3
479 1
480 0
481 0
482 0
483 0
484 1
485 0
486 0
487 0
488 1
489 1
490 2
491 4
492 1
493 2
494 3
495 2
496 2
497 1
498 0
499 0
500 0
501 0
502 0
503 0
504 0
505 0
506 0
507 0
508 0
509 0
510 0
511 1
512 4
513 4
514 6
515 7
516 11
517 13
518 16
519 13
520 15
521 19
522 23
523 17
524 19
525 24
526 14
527 14
528 14
529 17
530 23
531 30
532 27
533 28
534 28
535 31
536 43
537 33
538 42
539 56
540 44
541 45
542 44
543 34
544 25
545 29
546 32
547 35
548 45
549 45
550 45
551 29
552 31
553 21
554 14
555 11
556 12
557 11
558 9
559 10
560 12
561 15
562 13
563 18
564 29
565 21
566 18
567 18
568 22
569 23
570 25
571 23
572 21
573 19
574 20
575 16
576 18
577 13
578 13
579 11
580 12
581 12
582 15
583 17
584 16
585 16
586 17
587 17
588 23
589 27
590 27
591 24
592 20
593 26
594 31
595 30
596 37
597 36
598 38
599 41
600 42
601 38
602 38
603 33
604 38
605 25
606 27
607 37
608 32
609 31
610 30
611 29
612 23
613 17
614 10
615 9
616 9
617 10
618 11
619 14
620 12
621 14
622 16
623 18
624 18
625 16
626 13
627 15
628 11
629 13
630 17
631 14
632 15
633 13
634 17
635 24
636 17
637 21
638 34
639 36
640 35
641 39
642 39
643 39
644 37
645 49
646 48
647 57
648 57
649 62
650 57
651 61
652 58
653 70
654 64
655 69
656 61
657 58
658 61
659 65
660 74
661 72
662 72
663 79
664 77
665 70
666 79
667 92
668 80
669 83
670 80
671 69
672 86
673 73
674 85
675 90
676 96
677 83
678 97
679 97
680 77
681 67
682 62
683 64
684 68
685 62
686 83
687 85
688 98
689 101
690 102
691 106
692 96
693 100
694 88
695 84
696 88
697 89
698 115
699 117
700 112
701 134
702 120
703 133
704 170
705 158
706 152
707 145
708 157
709 155
710 162
711 164
712 152
713 149
714 155
715 150
716 143
717 155
718 144
719 142
720 132
721 131
722 134
723 141
724 144
725 142
726 150
727 147
728 147
729 121
730 98
731 95
732 101
733 94
734 93
735 103
736 104
737 109
738 106
739 110
740 124
741 126
742 126
743 127
744 129
745 136
746 138
747 156
748 142
749 144
750 140
751 139
752 141
753 132
754 110
755 120
756 106
757 116
758 121
759 133
760 117
761 106
762 106
763 98
764 89
765 101
766 113
767 93
768 86
769 93
770 76
771 74
772 72
773 75
774 81
775 90
776 85
777 85
778 84
779 75
780 66
781 76
782 76
783 84
784 87
785 82
786 58
787 53
788 55
789 64
790 60
791 39
792 39
793 27
794 33
795 37
796 37
797 43
798 45
799 41
800 47
801 45
802 46
803 43
804 32
805 35
806 38
807 32
808 33
809 36
810 33
811 31
812 24
813 28
814 32
815 34
816 34
817 38
818 35
819 37
820 28
821 32
822 36
823 32
824 27
825 33
826 26
827 30
828 28
829 27
830 38
831 34
832 34
833 32
834 36
835 33
836 42
837 39
838 39
839 39
840 33
841 25
842 27
843 32
844 27
845 25
846 28
847 28
848 36
849 31
850 28
851 18
852 15
853 18
854 12
855 16
856 14
857 16
858 21
859 26
860 36
861 38
862 42
863 40
864 47
865 41
866 42
867 40
868 34
869 44
870 53
871 53
872 52
873 57
874 53
875 51
876 60
877 55
878 45
879 54
880 66
881 55
882 45
883 36
884 37
885 33
886 24
887 23
888 25
889 20
890 22
891 17
892 15
893 13
894 15
895 18
896 19
897 26
898 30
899 33
900 28
901 28
902 27
903 15
904 16
905 14
906 8
907 4
908 3
909 1
910 1
911 1
912 0
913 0
914 0
915 0
916 0
917 0
918 0
919 1
920 0
921 0
922 0
923 0
924 0
925 0
926 0
927 0
928 0
929 0
930 0
931 0
932 0
933 0
934 0
935 0
936 0
937 0
938 1
939 2
940 1
941 1
942 2
943 2
944 1
945 0
946 0
947 0
948 0
949 0
950 0
951 0
952 0
953 0
954 0
955 0
956 0
957 0
958 0
959 1
960 1
961 0
962 1
963 2
964 4
965 2
966 1
967 1
968 2
969 2
970 1
971 3
972 5
973 9
974 13
975 13
976 13
977 15
978 21
979 24
980 28
981 38
982 42
983 38
984 54
985 57
986 62
987 70
988 69
989 64
990 58
991 47
992 48
993 50
994 43
995 47
996 55
997 58
998 49
999 56
1000 60
