1 1
2 5
3 3
4 5
5 8
6 11
7 15
8 20
9 23
10 20
11 22
12 24
13 29
14 33
15 35
16 44
17 51
18 64
19 64
20 69
21 77
22 81
23 75
24 75
25 62
26 54
27 65
28 62
29 76
30 75
31 89
32 86
33 93
34 103
35 122
36 136
37 131
38 146
39 166
40 161
41 183
42 191
43 193
44 188
45 200
46 214
47 221
48 238
49 230
50 224
51 217
52 198
53 187
54 183
55 188
56 178
57 189
58 201
59 200
60 215
61 216
62 205
63 193
64 172
65 193
66 203
67 204
68 206
69 206
70 217
71 223
72 234
73 245
74 242
75 239
76 235
77 231
78 228
79 228
80 219
81 233
82 212
83 222
84 211
85 215
86 229
87 202
88 220
89 202
90 207
91 217
92 221
93 233
94 237
95 224
96 226
97 227
98 217
99 209
100 222
101 247
102 256
103 258
104 249
105 241
106 259
107 244
108 245
109 270
110 254
111 236
112 279
113 308
114 298
115 306
116 302
117 285
118 295
119 293
120 279
121 274
122 240
123 259
124 227
125 230
126 242
127 229
128 215
129 211
130 223
131 248
132 251
133 236
134 244
135 271
136 280
137 269
138 264
139 270
140 274
141 260
142 269
143 256
144 254
145 273
146 282
147 288
148 318
149 338
150 334
151 317
152 333
153 327
154 327
155 327
156 350
157 388
158 391
159 374
160 364
161 401
162 436
163 406
164 392
165 396
166 405
167 421
168 442
169 487
170 509
171 508
172 523
173 545
174 570
175 563
176 604
177 580
178 570
179 535
180 522
181 487
182 496
183 497
184 509
185 521
186 549
187 561
188 539
189 525
190 502
191 524
192 519
193 534
194 560
195 533
196 527
197 519
198 513
199 508
200 475
201 526
202 522
203 511
204 496
205 456
206 470
207 420
208 416
209 400
210 407
211 405
212 404
213 424
214 437
215 463
216 496
217 525
218 544
219 544
220 585
221 569
222 563
223 561
224 530
225 511
226 488
227 501
228 486
229 472
230 450
231 471
232 468
233 529
234 587
235 556
236 550
237 550
238 556
239 569
240 537
241 537
242 533
243 546
244 532
245 509
246 545
247 563
248 559
249 584
250 581
251 629
252 611
253 634
254 661
255 638
256 682
257 666
258 617
259 646
260 687
261 670
262 704
263 665
264 616
265 648
266 628
267 599
268 610
269 618
270 553
271 580
272 573
273 590
274 579
275 572
276 575
277 610
278 636
279 624
280 592
281 589
282 579
283 557
284 554
285 532
286 519
287 531
288 528
289 519
290 530
291 550
292 519
293 581
294 562
295 579
296 612
297 620
298 604
299 612
300 586
301 627
302 651
303 621
304 623
305 603
306 585
307 605
308 598
309 615
310 640
311 612
312 606
313 558
314 557
315 533
316 530
317 546
318 583
319 594
320 598
321 573
322 610
323 653
324 652
325 670
326 697
327 688
328 667
329 676
330 648
331 630
332 593
333 594
334 641
335 607
336 608
337 610
338 632
339 626
340 620
341 655
342 629
343 637
344 679
345 709
346 708
347 736
348 709
349 717
350 753
351 766
352 791
353 734
354 730
355 719
356 697
357 699
358 746
359 774
360 779
361 806
362 790
363 780
364 779
365 799
366 781
367 750
368 786
369 785
370 756
371 729
372 683
373 687
374 719
375 743
376 720
377 738
378 737
379 745
380 742
381 746
382 786
383 808
384 812
385 865
386 873
387 874
388 886
389 882
390 839
391 911
392 964
393 950
394 953
395 971
396 990
397 1029
398 1010
399 1038
400 1096
401 1058
402 1101
403 1110
404 1111
405 1108
406 1076
407 1119
408 1127
409 1115
410 1138
411 1161
412 1155
413 1204
414 1156
415 1149
416 1138
417 1143
418 1114
419 1093
420 1051
421 1015
422 1015
423 1001
424 982
425 1021
426 1037
427 1034
428 1070
429 1063
430 1111
431 1080
432 1020
433 1046
434 1003
435 998
436 962
437 999
438 950
439 934
440 918
441 824
442 857
443 860
444 814
445 810
446 776
447 791
448 824
449 836
450 873
451 896
452 904
453 914
454 933
455 911
456 939
457 947
458 935
459 992
460 1021
461 1049
462 1039
463 1059
464 986
465 990
466 977
467 1003
468 1019
469 963
470 956
471 970
472 955
473 966
474 958
475 959
476 945
477 942
478 948
479 962
480 973
481 952
482 967
483 918
484 937
485 945
486 917
487 987
488 989
489 993
490 1038
491 1097
492 1072
493 1059
494 1057
495 1057
496 1077
497 1090
498 1072
499 1080
500 1028
501 1107
502 1063
503 1049
504 1040
505 990
506 945
507 983
508 982
509 977
510 990
511 948
512 920
513 915
514 935
515 950
516 1014
517 1012
518 1024
519 991
520 1018
521 1032
522 1059
523 1036
524 1093
525 1069
526 1083
527 1094
528 1103
529 1113
530 1114
531 1096
532 1134
533 1086
534 1106
535 1077
536 1056
537 1077
538 1067
539 1114
540 1105
541 1091
542 1101
543 1098
544 1051
545 1028
546 1083
547 1116
548 1116
549 1065
550 1036
551 1021
552 1014
553 1066
554 1113
555 1143
556 1092
557 1097
558 1123
559 1110
560 1161
561 1173
562 1218
563 1181
564 1218
565 1222
566 1253
567 1253
568 1241
569 1255
570 1229
571 1231
572 1274
573 1315
574 1353
575 1373
576 1374
577 1380
578 1396
579 1378
580 1401
581 1396
582 1327
583 1338
584 1421
585 1442
586 1479
587 1450
588 1437
589 1477
590 1464
591 1451
592 1466
593 1460
594 1465
595 1412
596 1445
597 1456
598 1472
599 1508
600 1496
601 1452
602 1447
603 1459
604 1489
605 1449
606 1443
607 1451
608 1469
609 1423
610 1368
611 1409
612 1450
613 1440
614 1450
615 1476
616 1516
617 1489
618 1405
619 1420
620 1396
621 1409
622 1442
623 1428
624 1435
625 1407
626 1445
627 1447
628 1475
629 1510
630 1579
631 1600
632 1626
633 1612
634 1645
635 1654
636 1634
637 1597
638 1663
639 1618
640 1593
641 1627
642 1648
643 1655
644 1654
645 1583
646 1640
647 1649
648 1606
649 1595
650 1540
651 1500
652 1518
653 1506
654 1544
655 1568
656 1598
657 1572
658 1625
659 1602
660 1559
661 1506
662 1538
663 1568
664 1563
665 1545
666 1518
667 1517
668 1554
669 1481
670 1435
671 1407
672 1426
673 1355
674 1350
675 1380
676 1359
677 1376
678 1340
679 1348
680 1392
681 1400
682 1380
683 1428
684 1448
685 1424
686 1445
687 1430
688 1413
689 1426
690 1426
691 1467
692 1390
693 1386
694 1380
695 1327
696 1328
697 1307
698 1302
699 1290
700 1271
701 1293
702 1248
703 1298
704 1322
705 1365
706 1384
707 1444
708 1425
709 1419
710 1443
711 1456
712 1463
713 1483
714 1523
715 1538
716 1543
717 1524
718 1530
719 1546
720 1550
721 1518
722 1502
723 1426
724 1419
725 1477
726 1537
727 1506
728 1505
729 1536
730 1506
731 1477
732 1438
733 1477
734 1434
735 1394
736 1313
737 1297
738 1298
739 1326
740 1288
741 1253
742 1223
743 1219
744 1248
745 1317
746 1353
747 1344
748 1310
749 1344
750 1341
751 1339
752 1416
753 1329
754 1309
755 1315
756 1210
757 1171
758 1165
759 1180
760 1150
761 1198
762 1259
763 1221
764 1232
765 1272
766 1303
767 1330
768 1356
769 1392
770 1402
771 1360
772 1376
773 1392
774 1490
775 1511
776 1578
777 1574
778 1574
779 1546
780 1469
781 1424
782 1407
783 1372
784 1420
785 1463
786 1484
787 1496
788 1480
789 1465
790 1473
791 1458
792 1458
793 1482
794 1518
795 1512
796 1531
797 1552
798 1500
799 1524
800 1515
801 1543
802 1554
803 1545
804 1565
805 1554
806 1574
807 1568
808 1518
809 1495
810 1548
811 1559
812 1548
813 1521
814 1483
815 1471
816 1459
817 1497
818 1489
819 1478
820 1492
821 1483
822 1464
823 1421
824 1451
825 1458
826 1422
827 1479
828 1456
829 1459
830 1432
831 1457
832 1484
833 1459
834 1347
835 1370
836 1310
837 1356
838 1351
839 1368
840 1355
841 1404
842 1462
843 1483
844 1508
845 1498
846 1581
847 1573
848 1582
849 1537
850 1539
851 1608
852 1612
853 1549
854 1605
855 1615
856 1572
857 1574
858 1562
859 1554
860 1557
861 1617
862 1572
863 1587
864 1589
865 1636
866 1672
867 1684
868 1699
869 1636
870 1604
871 1605
872 1620
873 1602
874 1571
875 1579
876 1572
877 1583
878 1627
879 1635
880 1573
881 1617
882 1659
883 1636
884 1636
885 1656
886 1671
887 1617
888 1706
889 1649
890 1629
891 1569
892 1575
893 1547
894 1576
895 1585
896 1646
897 1554
898 1513
899 1550
900 1581
901 1548
902 1533
903 1542
904 1586
905 1591
906 1586
907 1603
908 1618
909 1594
910 1577
911 1543
912 1564
913 1592
914 1593
915 1571
916 1537
917 1600
918 1576
919 1542
920 1494
921 1456
922 1458
923 1510
924 1487
925 1474
926 1417
927 1384
928 1415
929 1379
930 1380
931 1394
932 1371
933 1416
934 1411
935 1371
936 1361
937 1418
938 1415
939 1424
940 1404
941 1370
942 1381
943 1373
944 1377
945 1343
946 1359
947 1362
948 1398
949 1414
950 1407
951 1485
952 1441
953 1506
954 1473
955 1436
956 1434
957 1418
958 1381
959 1364
960 1320
961 1290
962 1291
963 1329
964 1267
965 1287
966 1330
967 1307
968 1316
969 1254
970 1176
971 1195
972 1173
973 1160
974 1189
975 1149
976 1128
977 1161
978 1108
979 1134
980 1154
981 1148
982 1107
983 1160
984 1139
985 1171
986 1159
987 1139
988 1125
989 1091
990 1055
991 1091
992 1164
993 1199
994 1169
995 1204
996 1258
997 1252
998 1277
999 1284
1000 1264
