1 5
2 2
3 5
4 11
5 9
6 13
7 20
8 25
9 28
10 25
11 38
12 37
13 40
14 30
15 31
16 31
17 32
18 32
19 29
20 48
21 52
22 54
23 65
24 65
25 79
26 56
27 58
28 60
29 56
30 59
31 60
32 55
33 64
34 61
35 52
36 56
37 65
38 77
39 96
40 113
41 121
42 119
43 125
44 127
45 120
46 125
47 118
48 124
49 138
50 131
51 140
52 130
53 137
54 128
55 106
56 91
57 97
58 109
59 121
60 139
61 153
62 159
63 163
64 172
65 175
66 180
67 206
68 215
69 222
70 219
71 206
72 193
73 199
74 205
75 179
76 181
77 191
78 184
79 171
80 140
81 149
82 144
83 136
84 151
85 169
86 142
87 151
88 168
89 179
90 191
91 180
92 164
93 164
94 185
95 182
96 211
97 219
98 227
99 233
100 240
101 251
102 230
103 251
104 263
105 259
106 272
107 263
108 249
109 251
110 261
111 264
112 325
113 297
114 284
115 273
116 270
117 288
118 300
119 279
120 268
121 264
122 273
123 282
124 286
125 294
126 265
127 268
128 253
129 251
130 274
131 272
132 303
133 295
134 295
135 277
136 279
137 225
138 234
139 273
140 276
141 284
142 261
143 242
144 243
145 243
146 276
147 293
148 305
149 333
150 354
151 345
152 326
153 346
154 371
155 440
156 418
157 441
158 430
159 464
160 453
161 429
162 466
163 497
164 514
165 513
166 502
167 482
168 511
169 520
170 508
171 497
172 460
173 475
174 502
175 511
176 519
177 493
178 478
179 459
180 460
181 451
182 467
183 475
184 484
185 466
186 503
187 529
188 510
189 562
190 570
191 527
192 568
193 544
194 561
195 563
196 506
197 524
198 506
199 516
200 560
201 546
202 596
203 566
204 612
205 624
206 622
207 616
208 653
209 618
210 620
211 658
212 617
213 585
214 546
215 512
216 524
217 535
218 536
219 502
220 499
221 497
222 525
223 554
224 519
225 517
226 507
227 489
228 493
229 471
230 463
231 478
232 494
233 488
234 517
235 490
236 504
237 510
238 537
239 535
240 528
241 556
242 574
243 553
244 544
245 559
246 573
247 576
248 600
249 577
250 520
251 495
252 482
253 460
254 463
255 439
256 470
257 507
258 471
259 436
260 439
261 458
262 438
263 431
264 453
265 476
266 501
267 492
268 526
269 505
270 518
271 519
272 502
273 579
274 623
275 606
276 617
277 607
278 602
279 587
280 577
281 572
282 570
283 557
284 590
285 582
286 515
287 481
288 469
289 491
290 496
291 492
292 544
293 562
294 567
295 596
296 605
297 629
298 647
299 628
300 635
301 624
302 613
303 663
304 728
305 704
306 737
307 764
308 789
309 870
310 873
311 902
312 950
313 916
314 920
315 837
316 912
317 877
318 870
319 892
320 911
321 883
322 871
323 828
324 823
325 823
326 817
327 863
328 884
329 921
330 893
331 906
332 936
333 966
334 980
335 1029
336 984
337 992
338 995
339 978
340 1014
341 1036
342 1043
343 989
344 1030
345 1029
346 1029
347 1012
348 996
349 970
350 979
351 959
352 1023
353 1002
354 988
355 894
356 846
357 803
358 876
359 879
360 919
361 928
362 982
363 976
364 892
365 896
366 911
367 905
368 807
369 799
370 840
371 921
372 866
373 916
374 965
375 973
376 911
377 940
378 899
379 874
380 885
381 914
382 900
383 933
384 916
385 909
386 942
387 946
388 931
389 877
390 884
391 901
392 857
393 804
394 776
395 791
396 825
397 801
398 747
399 768
400 715
401 694
402 675
403 753
404 751
405 735
406 745
407 830
408 801
409 814
410 822
411 812
412 831
413 805
414 762
415 785
416 860
417 870
418 967
419 955
420 970
421 1018
422 990
423 926
424 879
425 927
426 881
427 872
428 862
429 902
430 857
431 808
432 840
433 843
434 872
435 921
436 940
437 896
438 863
439 906
440 871
441 920
442 929
443 878
444 829
445 784
446 803
447 789
448 782
449 746
450 709
451 712
452 701
453 686
454 704
455 699
456 684
457 700
458 742
459 751
460 715
461 755
462 741
463 726
464 688
465 660
466 624
467 684
468 700
469 715
470 767
471 757
472 732
473 737
474 709
475 774
476 732
477 694
478 739
479 795
480 778
481 788
482 845
483 869
484 813
485 791
486 808
487 810
488 802
489 861
490 853
491 846
492 806
493 834
494 858
495 897
496 901
497 925
498 900
499 910
500 893
501 921
502 889
503 900
504 959
505 916
506 902
507 901
508 900
509 865
510 864
511 863
512 886
513 904
514 939
515 918
516 985
517 974
518 1031
519 1018
520 1046
521 1146
522 1129
523 1084
524 1125
525 1096
526 1135
527 1108
528 1086
529 1120
530 1113
531 1094
532 1110
533 1150
534 1230
535 1209
536 1166
537 1184
538 1141
539 1156
540 1140
541 1187
542 1197
543 1201
544 1134
545 1078
546 1084
547 1066
548 1030
549 992
550 998
551 1016
552 1032
553 1083
554 1155
555 1187
556 1201
557 1202
558 1211
559 1210
560 1246
561 1202
562 1163
563 1175
564 1182
565 1181
566 1204
567 1222
568 1272
569 1231
570 1219
571 1189
572 1199
573 1148
574 1169
575 1204
576 1176
577 1199
578 1212
579 1249
580 1226
581 1255
582 1289
583 1266
584 1237
585 1248
586 1278
587 1300
588 1288
589 1249
590 1258
591 1226
592 1237
593 1219
594 1234
595 1220
596 1193
597 1210
598 1253
599 1300
600 1215
601 1183
602 1191
603 1238
604 1215
605 1309
606 1346
607 1282
608 1250
609 1278
610 1344
611 1327
612 1444
613 1503
614 1514
615 1520
616 1511
617 1475
618 1393
619 1354
620 1292
621 1264
622 1245
623 1314
624 1292
625 1337
626 1348
627 1284
628 1319
629 1275
630 1249
631 1264
632 1354
633 1304
634 1290
635 1334
636 1393
637 1410
638 1414
639 1402
640 1384
641 1404
642 1424
643 1403
644 1375
645 1409
646 1412
647 1230
648 1220
649 1216
650 1172
651 1165
652 1142
653 1106
654 1095
655 1113
656 1149
657 1136
658 1157
659 1161
660 1207
661 1339
662 1317
663 1381
664 1416
665 1480
666 1528
667 1500
668 1534
669 1581
670 1718
671 1669
672 1592
673 1547
674 1633
675 1626
676 1676
677 1641
678 1672
679 1717
680 1714
681 1668
682 1631
683 1608
684 1583
685 1559
686 1466
687 1529
688 1574
689 1573
690 1600
691 1585
692 1652
693 1651
694 1686
695 1687
696 1823
697 1802
698 1861
699 1788
700 1800
701 1869
702 1946
703 1913
704 1940
705 1976
706 2033
707 2089
708 2082
709 2071
710 2026
711 2063
712 2077
713 2079
714 2068
715 2023
716 2053
717 2055
718 2081
719 2096
720 2129
721 2182
722 2162
723 2218
724 2162
725 2188
726 2210
727 2214
728 2149
729 2154
730 2168
731 2098
732 2076
733 2110
734 2093
735 2120
736 2092
737 2149
738 2221
739 2227
740 2179
741 2248
742 2275
743 2334
744 2400
745 2352
746 2395
747 2352
748 2398
749 2463
750 2515
751 2558
752 2678
753 2701
754 2688
755 2657
756 2659
757 2679
758 2621
759 2749
760 2807
761 2898
762 2840
763 2825
764 2838
765 2789
766 2837
767 2870
768 2875
769 2832
770 2801
771 2852
772 2902
773 2941
774 2803
775 2853
776 2931
777 2848
778 2853
779 2829
780 2823
781 2900
782 2939
783 2937
784 2899
785 2868
786 2868
787 2856
788 2826
789 2831
790 2890
791 2783
792 2743
793 2783
794 2712
795 2713
796 2743
797 2677
798 2677
799 2680
800 2600
801 2522
802 2549
803 2652
804 2714
805 2672
806 2709
807 2759
808 2828
809 2809
810 2780
811 2808
812 2813
813 2787
814 2788
815 2819
816 2816
817 2872
818 2876
819 2844
820 2864
821 2844
822 2721
823 2666
824 2621
825 2703
826 2622
827 2566
828 2484
829 2452
830 2531
831 2452
832 2491
833 2569
834 2657
835 2754
836 2779
837 2710
838 2767
839 2773
840 2699
841 2671
842 2623
843 2647
844 2648
845 2669
846 2724
847 2743
848 2829
849 2937
850 2996
851 2959
852 2963
853 2923
854 2905
855 2869
856 2887
857 2857
858 2838
859 2769
860 2915
861 2950
862 2848
863 2868
864 2939
865 2904
866 2981
867 3032
868 2927
869 2923
870 3006
871 2982
872 2884
873 3030
874 3088
875 2951
876 2989
877 2995
878 2996
879 2981
880 3048
881 3037
882 3040
883 3033
884 2959
885 2871
886 2918
887 2959
888 2884
889 2929
890 2900
891 2878
892 2920
893 2881
894 2879
895 2964
896 2902
897 2947
898 2992
899 3059
900 3081
901 3169
902 3190
903 3209
904 3223
905 3127
906 3184
907 3184
908 3226
909 3235
910 3236
911 3224
912 3205
913 3231
914 3332
915 3304
916 3255
917 3377
918 3408
919 3494
920 3526
921 3686
922 3645
923 3723
924 3654
925 3702
926 3727
927 3700
928 3743
929 3830
930 3791
931 3902
932 3823
933 3890
934 3835
935 3818
936 3916
937 3814
938 3867
939 3761
940 3764
941 3836
942 3830
943 3925
944 4000
945 3990
946 3965
947 3964
948 4049
949 3983
950 4017
951 4100
952 4063
953 4043
954 4036
955 4157
956 4016
957 4047
958 3987
959 3990
960 3939
961 3886
962 3900
963 3855
964 3859
965 3806
966 3825
967 3810
968 3747
969 3746
970 3662
971 3587
972 3581
973 3615
974 3694
975 3728
976 3721
977 3743
978 3764
979 3806
980 3815
981 3901
982 3970
983 3966
984 3987
985 3984
986 3946
987 3885
988 3865
989 3848
990 3778
991 3829
992 3808
993 3863
994 3927
995 3854
996 3859
997 3855
998 3729
999 3789
1000 3810
