1 3
2 3
3 2
4 6
5 11
6 9
7 12
8 16
9 21
10 18
11 16
12 18
13 11
14 9
15 8
16 9
17 16
18 18
19 12
20 13
21 22
22 23
23 17
24 20
25 20
26 17
27 22
28 31
29 28
30 35
31 37
32 29
33 29
34 30
35 42
36 44
37 50
38 54
39 55
40 65
41 76
42 80
43 78
44 78
45 85
46 105
47 92
48 116
49 109
50 101
51 95
52 89
53 83
54 85
55 79
56 90
57 95
58 94
59 95
60 92
61 92
62 79
63 91
64 93
65 97
66 86
67 77
68 92
69 81
70 78
71 82
72 89
73 86
74 75
75 87
76 100
77 125
78 116
79 129
80 132
81 113
82 128
83 127
84 142
85 140
86 126
87 121
88 127
89 121
90 114
91 136
92 164
93 165
94 188
95 187
96 173
97 190
98 179
99 196
100 205
101 228
102 234
103 240
104 264
105 277
106 289
107 299
108 308
109 314
110 305
111 290
112 296
113 329
114 314
115 326
116 332
117 318
118 306
119 306
120 350
121 355
122 342
123 341
124 351
125 352
126 376
127 400
128 444
129 453
130 446
131 401
132 435
133 477
134 476
135 482
136 452
137 457
138 501
139 508
140 472
141 441
142 464
143 457
144 442
145 447
146 490
147 470
148 464
149 469
150 486
151 492
152 464
153 463
154 461
155 502
156 489
157 471
158 442
159 476
160 508
161 555
162 551
163 547
164 561
165 583
166 599
167 590
168 598
169 578
170 581
171 605
172 588
173 619
174 638
175 662
176 682
177 689
178 710
179 720
180 680
181 735
182 719
183 709
184 701
185 712
186 699
187 722
188 673
189 680
190 689
191 712
192 680
193 683
194 662
195 698
196 704
197 704
198 702
199 734
200 727
201 723
202 717
203 707
204 720
205 703
206 680
207 681
208 726
209 754
210 774
211 749
212 795
213 769
214 740
215 779
216 756
217 769
218 787
219 788
220 836
221 877
222 886
223 859
224 860
225 917
226 931
227 909
228 929
229 903
230 857
231 819
232 851
233 866
234 864
235 854
236 871
237 846
238 805
239 807
240 830
241 799
242 876
243 845
244 878
245 841
246 813
247 864
248 886
249 880
250 840
251 846
252 852
253 806
254 796
255 822
256 875
257 893
258 880
259 857
260 821
261 815
262 807
263 823
264 819
265 826
266 836
267 818
268 821
269 809
270 774
271 774
272 821
273 853
274 882
275 866
276 855
277 817
278 842
279 834
280 856
281 816
282 863
283 887
284 892
285 893
286 874
287 831
288 865
289 923
290 963
291 959
292 951
293 1002
294 976
295 1021
296 993
297 984
298 1002
299 1016
300 1040
301 1055
302 1074
303 1036
304 1016
305 1039
306 1078
307 1056
308 1016
309 1004
310 1030
311 1031
312 1048
313 1082
314 1092
315 1019
316 981
317 1017
318 996
319 996
320 1008
321 1017
322 1055
323 1083
324 1057
325 1088
326 1065
327 1076
328 1055
329 1087
330 1047
331 1027
332 1002
333 985
334 963
335 1006
336 992
337 1027
338 1112
339 1115
340 1127
341 1055
342 1080
343 1088
344 1135
345 1163
346 1200
347 1234
348 1252
349 1270
350 1294
351 1287
352 1277
353 1281
354 1305
355 1276
356 1274
357 1239
358 1274
359 1235
360 1254
361 1264
362 1285
363 1332
364 1315
365 1306
366 1275
367 1320
368 1307
369 1320
370 1326
371 1321
372 1320
373 1271
374 1275
375 1324
376 1306
377 1314
378 1305
379 1297
380 1326
381 1368
382 1315
383 1325
384 1212
385 1144
386 1178
387 1154
388 1153
389 1170
390 1183
391 1199
392 1242
393 1246
394 1210
395 1172
396 1188
397 1165
398 1249
399 1233
400 1243
401 1278
402 1274
403 1298
404 1281
405 1181
406 1126
407 1088
408 1117
409 1103
410 1144
411 1169
412 1104
413 1114
414 1097
415 1095
416 1125
417 1114
418 1106
419 1172
420 1131
421 1172
422 1194
423 1195
424 1207
425 1207
426 1226
427 1249
428 1230
429 1234
430 1197
431 1200
432 1203
433 1191
434 1197
435 1183
436 1168
437 1179
438 1182
439 1150
440 1103
441 1115
442 1086
443 1071
444 1011
445 1031
446 997
447 1018
448 1025
449 1037
450 1017
451 1035
452 1018
453 1006
454 1042
455 1100
456 1061
457 1133
458 1154
459 1120
460 1141
461 1123
462 1142
463 1139
464 1115
465 1086
466 1063
467 1055
468 1047
469 1065
470 1075
471 1075
472 1031
473 1040
474 1053
475 1059
476 1145
477 1191
478 1206
479 1286
480 1341
481 1339
482 1395
483 1436
484 1405
485 1404
486 1429
487 1404
488 1420
489 1489
490 1456
491 1436
492 1445
493 1442
494 1472
495 1433
496 1391
497 1405
498 1489
499 1480
500 1508
501 1478
502 1480
503 1468
504 1460
505 1421
506 1409
507 1400
508 1474
509 1435
510 1423
511 1493
512 1534
513 1532
514 1566
515 1556
516 1481
517 1496
518 1470
519 1545
520 1526
521 1546
522 1466
523 1463
524 1486
525 1601
526 1588
527 1604
528 1668
529 1634
530 1686
531 1689
532 1719
533 1761
534 1834
535 1837
536 1783
537 1863
538 1895
539 1819
540 1789
541 1834
542 1725
543 1716
544 1791
545 1812
546 1782
547 1796
548 1809
549 1819
550 1892
551 1977
552 2018
553 1995
554 1988
555 2008
556 1994
557 1963
558 2011
559 1952
560 1888
561 1829
562 1828
563 1761
564 1839
565 1815
566 1794
567 1793
568 1860
569 1853
570 1809
571 1856
572 1931
573 1989
574 1909
575 1921
576 1907
577 1939
578 1985
579 1993
580 2019
581 2073
582 2075
583 2131
584 2068
585 2066
586 2082
587 2117
588 2125
589 2140
590 2210
591 2220
592 2276
593 2244
594 2225
595 2264
596 2241
597 2230
598 2290
599 2244
600 2289
601 2232
602 2340
603 2360
604 2343
605 2311
606 2264
607 2190
608 2234
609 2161
610 2115
611 2116
612 2096
613 2155
614 2139
615 2158
616 2139
617 2114
618 2165
619 2190
620 2232
621 2269
622 2290
623 2247
624 2320
625 2333
626 2394
627 2397
628 2452
629 2418
630 2472
631 2552
632 2540
633 2482
634 2429
635 2400
636 2360
637 2355
638 2363
639 2351
640 2307
641 2313
642 2366
643 2353
644 2304
645 2209
646 2196
647 2201
648 2185
649 2301
650 2338
651 2323
652 2359
653 2428
654 2418
655 2433
656 2408
657 2455
658 2419
659 2446
660 2440
661 2416
662 2455
663 2436
664 2427
665 2409
666 2403
667 2406
668 2434
669 2445
670 2402
671 2449
672 2487
673 2563
674 2609
675 2698
676 2648
677 2629
678 2616
679 2662
680 2691
681 2716
682 2650
683 2664
684 2689
685 2737
686 2709
687 2739
688 2735
689 2636
690 2650
691 2630
692 2534
693 2610
694 2584
695 2554
696 2591
697 2582
698 2504
699 2482
700 2502
701 2497
702 2448
703 2543
704 2606
705 2703
706 2695
707 2709
708 2757
709 2731
710 2778
711 2763
712 2745
713 2695
714 2737
715 2756
716 2786
717 2792
718 2862
719 2837
720 2791
721 2920
722 2944
723 2936
724 2864
725 2869
726 2869
727 2838
728 2837
729 2920
730 2817
731 2771
732 2782
733 2701
734 2765
735 2750
736 2821
737 2761
738 2692
739 2697
740 2590
741 2556
742 2567
743 2545
744 2533
745 2638
746 2674
747 2724
748 2829
749 2856
750 2791
751 2713
752 2812
753 2899
754 2966
755 2962
756 3074
757 3136
758 3143
759 3112
760 3126
761 3146
762 3122
763 3199
764 3211
765 3253
766 3251
767 3266
768 3309
769 3351
770 3336
771 3406
772 3332
773 3424
774 3393
775 3378
776 3320
777 3327
778 3355
779 3402
780 3361
781 3299
782 3272
783 3266
784 3346
785 3337
786 3369
787 3374
788 3429
789 3362
790 3369
791 3384
792 3338
793 3434
794 3447
795 3375
796 3346
797 3434
798 3480
799 3400
800 3361
801 3269
802 3229
803 3176
804 3242
805 3333
806 3341
807 3269
808 3250
809 3253
810 3239
811 3257
812 3231
813 3179
814 3219
815 3156
816 3187
817 3079
818 3089
819 3087
820 3222
821 3232
822 3253
823 3209
824 3201
825 3200
826 3217
827 3315
828 3326
829 3329
830 3314
831 3290
832 3289
833 3234
834 3183
835 3166
836 3042
837 3031
838 3025
839 2990
840 3001
841 2999
842 2981
843 3033
844 2998
845 3027
846 3050
847 2977
848 2891
849 2928
850 2848
851 2701
852 2707
853 2742
854 2677
855 2732
856 2735
857 2737
858 2676
859 2651
860 2633
861 2597
862 2526
863 2642
864 2620
865 2641
866 2697
867 2694
868 2708
869 2653
870 2562
871 2580
872 2603
873 2483
874 2525
875 2624
876 2625
877 2641
878 2641
879 2704
880 2677
881 2627
882 2612
883 2585
884 2623
885 2626
886 2648
887 2609
888 2689
889 2597
890 2671
891 2739
892 2781
893 2864
894 2806
895 2869
896 2888
897 2908
898 2938
899 2915
900 2905
901 2809
902 2793
903 2814
904 2799
905 2746
906 2727
907 2685
908 2630
909 2602
910 2511
911 2472
912 2567
913 2517
914 2504
915 2517
916 2499
917 2469
918 2544
919 2634
920 2644
921 2578
922 2674
923 2643
924 2641
925 2667
926 2628
927 2634
928 2604
929 2534
930 2519
931 2473
932 2501
933 2587
934 2523
935 2559
936 2548
937 2522
938 2618
939 2572
940 2571
941 2578
942 2557
943 2621
944 2705
945 2715
946 2646
947 2630
948 2611
949 2681
950 2690
951 2729
952 2684
953 2681
954 2693
955 2700
956 2745
957 2660
958 2626
959 2651
960 2618
961 2637
962 2628
963 2545
964 2525
965 2541
966 2605
967 2558
968 2620
969 2651
970 2690
971 2777
972 2734
973 2690
974 2752
975 2769
976 2767
977 2754
978 2807
979 2749
980 2746
981 2708
982 2735
983 2833
984 2794
985 2710
986 2722
987 2675
988 2796
989 2801
990 2752
991 2731
992 2690
993 2731
994 2739
995 2681
996 2681
997 2740
998 2731
999 2694
1000 2671
