1 4
2 8
3 11
4 16
5 21
6 23
7 24
8 36
9 36
10 38
11 39
12 46
13 48
14 34
15 40
16 42
17 48
18 43
19 49
20 58
21 65
22 67
23 50
24 48
25 42
26 50
27 48
28 40
29 47
30 44
31 48
32 45
33 39
34 36
35 39
36 34
37 40
38 31
39 34
40 33
41 37
42 36
43 32
44 33
45 38
46 41
47 44
48 48
49 57
50 61
51 74
52 77
53 73
54 89
55 71
56 87
57 82
58 81
59 77
60 81
61 73
62 78
63 90
64 85
65 76
66 64
67 64
68 60
69 71
70 59
71 43
72 45
73 40
74 37
75 46
76 45
77 39
78 52
79 41
80 47
81 60
82 61
83 64
84 92
85 99
86 76
87 84
88 100
89 92
90 107
91 101
92 112
93 113
94 105
95 107
96 99
97 102
98 91
99 107
100 110
101 107
102 87
103 86
104 95
105 92
106 89
107 80
108 78
109 76
110 83
111 77
112 74
113 94
114 97
115 95
116 90
117 80
118 70
119 80
120 81
121 80
122 69
123 72
124 74
125 72
126 70
127 66
128 72
129 63
130 57
131 67
132 64
133 66
134 76
135 97
136 111
137 109
138 125
139 131
140 143
141 136
142 144
143 135
144 121
145 127
146 135
147 137
148 123
149 113
150 118
151 116
152 119
153 117
154 112
155 102
156 114
157 111
158 112
159 103
160 91
161 82
162 85
163 68
164 74
165 91
166 107
167 113
168 127
169 132
170 144
171 132
172 141
173 146
174 155
175 136
176 154
177 153
178 156
179 150
180 156
181 140
182 144
183 144
184 152
185 134
186 119
187 106
188 119
189 132
190 114
191 134
192 141
193 157
194 152
195 167
196 148
197 139
198 126
199 115
200 111
201 117
202 118
203 123
204 144
205 142
206 151
207 151
208 152
209 145
210 149
211 140
212 140
213 138
214 131
215 134
216 153
217 135
218 127
219 140
220 136
221 135
222 142
223 139
224 160
225 165
226 157
227 170
228 186
229 201
230 179
231 186
232 182
233 154
234 141
235 133
236 119
237 125
238 135
239 146
240 131
241 160
242 189
243 199
244 224
245 233
246 218
247 199
248 244
249 230
250 230
251 223
252 235
253 215
254 211
255 188
256 226
257 224
258 206
259 208
260 207
261 214
262 210
263 214
264 212
265 207
266 180
267 185
268 195
269 196
270 182
271 187
272 198
273 198
274 204
275 196
276 190
277 170
278 153
279 141
280 162
281 171
282 141
283 144
284 157
285 156
286 146
287 161
288 184
289 186
290 161
291 165
292 184
293 193
294 169
295 176
296 199
297 201
298 217
299 228
300 199
301 211
302 220
303 195
304 194
305 192
306 196
307 196
308 198
309 206
310 225
311 244
312 246
313 238
314 248
315 265
316 271
317 249
318 244
319 246
320 275
321 282
322 269
323 276
324 291
325 320
326 340
327 370
328 369
329 369
330 368
331 345
332 378
333 363
334 371
335 369
336 368
337 403
338 400
339 418
340 399
341 395
342 402
343 464
344 433
345 439
346 461
347 441
348 450
349 462
350 494
351 512
352 543
353 577
354 595
355 578
356 565
357 556
358 554
359 553
360 564
361 590
362 587
363 558
364 565
365 575
366 583
367 592
368 590
369 593
370 625
371 583
372 626
373 596
374 640
375 611
376 591
377 592
378 612
379 582
380 606
381 635
382 692
383 703
384 723
385 725
386 746
387 760
388 836
389 800
390 779
391 758
392 742
393 769
394 803
395 831
396 873
397 844
398 844
399 843
400 866
401 838
402 869
403 893
404 866
405 850
406 817
407 847
408 864
409 980
410 925
411 918
412 938
413 905
414 908
415 929
416 952
417 1034
418 1011
419 1010
420 1058
421 986
422 1056
423 1018
424 1050
425 978
426 999
427 1069
428 1045
429 1041
430 1111
431 1158
432 1116
433 1120
434 1117
435 1143
436 1125
437 1142
438 1187
439 1210
440 1214
441 1300
442 1302
443 1229
444 1299
445 1363
446 1354
447 1384
448 1385
449 1349
450 1284
451 1279
452 1284
453 1316
454 1288
455 1209
456 1155
457 1161
458 1181
459 1114
460 1100
461 1180
462 1209
463 1212
464 1266
465 1325
466 1346
467 1291
468 1281
469 1337
470 1330
471 1317
472 1342
473 1325
474 1377
475 1420
476 1472
477 1471
478 1530
479 1501
480 1399
481 1435
482 1465
483 1512
484 1499
485 1578
486 1532
487 1535
488 1509
489 1542
490 1486
491 1450
492 1476
493 1433
494 1350
495 1338
496 1314
497 1290
498 1305
499 1260
500 1251
501 1263
502 1243
503 1271
504 1337
505 1365
506 1348
507 1315
508 1336
509 1345
510 1299
511 1268
512 1251
513 1269
514 1291
515 1264
516 1267
517 1259
518 1272
519 1200
520 1223
521 1185
522 1180
523 1111
524 1165
525 1147
526 1186
527 1250
528 1286
529 1297
530 1324
531 1286
532 1243
533 1228
534 1227
535 1253
536 1314
537 1263
538 1223
539 1230
540 1222
541 1179
542 1176
543 1072
544 1129
545 1176
546 1218
547 1235
548 1269
549 1298
550 1280
551 1273
552 1307
553 1374
554 1425
555 1424
556 1472
557 1549
558 1531
559 1482
560 1397
561 1426
562 1410
563 1508
564 1526
565 1562
566 1550
567 1532
568 1525
569 1538
570 1544
571 1568
572 1534
573 1463
574 1566
575 1564
576 1597
577 1578
578 1586
579 1582
580 1566
581 1536
582 1520
583 1475
584 1440
585 1466
586 1538
587 1646
588 1640
589 1570
590 1556
591 1559
592 1482
593 1425
594 1368
595 1392
596 1434
597 1408
598 1403
599 1375
600 1343
601 1318
602 1320
603 1339
604 1295
605 1300
606 1249
607 1218
608 1202
609 1220
610 1195
611 1193
612 1265
613 1251
614 1217
615 1175
616 1219
617 1209
618 1187
619 1185
620 1191
621 1226
622 1302
623 1329
624 1327
625 1281
626 1263
627 1290
628 1310
629 1274
630 1344
631 1330
632 1362
633 1376
634 1293
635 1316
636 1341
637 1383
638 1355
639 1378
640 1425
641 1428
642 1455
643 1469
644 1478
645 1522
646 1482
647 1480
648 1527
649 1470
650 1544
651 1466
652 1471
653 1449
654 1478
655 1461
656 1530
657 1531
658 1494
659 1491
660 1467
661 1424
662 1394
663 1417
664 1448
665 1448
666 1426
667 1445
668 1396
669 1476
670 1475
671 1509
672 1588
673 1597
674 1579
675 1569
676 1553
677 1652
678 1660
679 1613
680 1589
681 1642
682 1670
683 1676
684 1711
685 1773
686 1773
687 1775
688 1813
689 1827
690 1819
691 1786
692 1838
693 1746
694 1705
695 1746
696 1806
697 1789
698 1745
699 1698
700 1682
701 1655
702 1639
703 1564
704 1573
705 1491
706 1424
707 1442
708 1547
709 1549
710 1543
711 1517
712 1577
713 1606
714 1565
715 1610
716 1592
717 1594
718 1636
719 1560
720 1502
721 1472
722 1535
723 1548
724 1581
725 1623
726 1630
727 1638
728 1705
729 1693
730 1663
731 1656
732 1675
733 1719
734 1789
735 1804
736 1793
737 1781
738 1780
739 1760
740 1768
741 1747
742 1800
743 1773
744 1781
745 1811
746 1759
747 1763
748 1650
749 1667
750 1657
751 1623
752 1593
753 1602
754 1610
755 1638
756 1682
757 1754
758 1748
759 1833
760 1855
761 1810
762 1752
763 1736
764 1727
765 1828
766 1880
767 1908
768 1948
769 1897
770 1908
771 1963
772 2073
773 2031
774 2006
775 2075
776 2097
777 2161
778 2202
779 2272
780 2273
781 2280
782 2302
783 2359
784 2383
785 2358
786 2346
787 2398
788 2363
789 2300
790 2238
791 2211
792 2164
793 2123
794 2137
795 2137
796 2166
797 2123
798 2152
799 2160
800 2260
801 2295
802 2297
803 2337
804 2351
805 2378
806 2334
807 2394
808 2433
809 2360
810 2338
811 2358
812 2344
813 2302
814 2306
815 2282
816 2275
817 2260
818 2258
819 2306
820 2328
821 2373
822 2348
823 2379
824 2433
825 2531
826 2576
827 2625
828 2567
829 2598
830 2621
831 2599
832 2477
833 2511
834 2513
835 2525
836 2427
837 2424
838 2419
839 2496
840 2393
841 2421
842 2437
843 2424
844 2343
845 2406
846 2361
847 2240
848 2295
849 2304
850 2306
851 2237
852 2200
853 2294
854 2317
855 2301
856 2260
857 2221
858 2150
859 2199
860 2240
861 2242
862 2204
863 2242
864 2203
865 2185
866 2211
867 2241
868 2249
869 2240
870 2204
871 2262
872 2291
873 2228
874 2275
875 2311
876 2308
877 2420
878 2514
879 2510
880 2453
881 2592
882 2542
883 2634
884 2575
885 2553
886 2570
887 2472
888 2482
889 2475
890 2433
891 2411
892 2345
893 2356
894 2419
895 2404
896 2394
897 2439
898 2411
899 2380
900 2406
901 2440
902 2376
903 2331
904 2380
905 2396
906 2492
907 2492
908 2594
909 2653
910 2629
911 2755
912 2891
913 2943
914 2974
915 3080
916 3151
917 3134
918 3071
919 3099
920 3100
921 3133
922 3141
923 3097
924 3104
925 3061
926 3037
927 3042
928 3045
929 3100
930 3160
931 3193
932 3312
933 3363
934 3397
935 3510
936 3539
937 3536
938 3551
939 3621
940 3690
941 3650
942 3548
943 3599
944 3526
945 3502
946 3493
947 3502
948 3475
949 3503
950 3506
951 3479
952 3468
953 3421
954 3338
955 3290
956 3316
957 3254
958 3263
959 3309
960 3396
961 3494
962 3453
963 3480
964 3568
965 3620
966 3555
967 3610
968 3591
969 3664
970 3549
971 3563
972 3642
973 3719
974 3708
975 3647
976 3646
977 3651
978 3760
979 3726
980 3757
981 3692
982 3695
983 3665
984 3641
985 3505
986 3543
987 3469
988 3511
989 3583
990 3560
991 3587
992 3520
993 3476
994 3488
995 3476
996 3409
997 3406
998 3391
999 3460
1000 3535
