1 23
2 39
3 48
4 65
5 76
6 99
7 120
8 129
9 153
10 204
11 208
12 232
13 247
14 284
15 312
16 345
17 328
18 325
19 383
20 446
21 478
22 500
23 521
24 520
25 541
26 584
27 584
28 633
29 641
30 710
31 709
32 720
33 694
34 724
35 715
36 725
37 727
38 674
39 722
40 726
41 783
42 785
43 799
44 799
45 805
46 849
47 848
48 854
49 857
50 898
51 906
52 986
53 1000
54 1019
55 1061
56 1070
57 1118
58 1140
59 1108
60 1113
61 1104
62 1101
63 1168
64 1221
65 1240
66 1244
67 1294
68 1383
69 1444
70 1489
71 1481
72 1490
73 1494
74 1515
75 1528
76 1512
77 1467
78 1495
79 1533
80 1558
81 1584
82 1628
83 1565
84 1552
85 1533
86 1543
87 1554
88 1666
89 1737
90 1742
91 1794
92 1821
93 1785
94 1755
95 1784
96 1949
97 2024
98 2048
99 2095
100 2126
101 2095
102 2091
103 2063
104 2087
105 2121
106 2204
107 2260
108 2285
109 2306
110 2243
111 2161
112 2113
113 2224
114 2236
115 2297
116 2305
117 2295
118 2274
119 2318
120 2355
121 2366
122 2365
123 2314
124 2274
125 2349
126 2417
127 2418
128 2462
129 2578
130 2535
131 2580
132 2545
133 2500
134 2454
135 2588
136 2643
137 2605
138 2557
139 2539
140 2531
141 2495
142 2566
143 2571
144 2613
145 2555
146 2579
147 2675
148 2678
149 2716
150 2759
151 2705
152 2678
153 2744
154 2753
155 2752
156 2918
157 2876
158 2879
159 2898
160 2937
161 2910
162 3095
163 2942
164 2968
165 3078
166 3019
167 3109
168 3094
169 3133
170 3181
171 3290
172 3178
173 3255
174 3300
175 3205
176 3150
177 3164
178 3095
179 3165
180 3173
181 3284
182 3253
183 3313
184 3337
185 3383
186 3403
187 3327
188 3323
189 3377
190 3350
191 3406
192 3548
193 3576
194 3626
195 3611
196 3849
197 3816
198 3920
199 3868
200 3885
201 3961
202 3990
203 3984
204 3977
205 4005
206 3977
207 4042
208 4138
209 4117
210 4202
211 4246
212 4381
213 4290
214 4224
215 4375
216 4357
217 4336
218 4274
219 4312
220 4349
221 4245
222 4314
223 4280
224 4256
225 4210
226 4182
227 4332
228 4324
229 4323
230 4259
231 4277
232 4264
233 4282
234 4318
235 4297
236 4264
237 4241
238 4228
239 4269
240 4350
241 4487
242 4528
243 4511
244 4583
245 4585
246 4618
247 4576
248 4713
249 4748
250 4769
251 4748
252 4817
253 4806
254 4779
255 4854
256 4891
257 5008
258 5039
259 4995
260 4853
261 4760
262 4850
263 4781
264 4870
265 4942
266 5016
267 5017
268 4959
269 4969
270 4941
271 4907
272 4753
273 4757
274 4864
275 4857
276 4901
277 4911
278 4996
279 4948
280 4887
281 4949
282 4946
283 5090
284 4980
285 4979
286 4958
287 4985
288 5075
289 5095
290 5071
291 5028
292 5051
293 5071
294 5134
295 5064
296 5093
297 5269
298 5425
299 5482
300 5516
301 5457
302 5481
303 5538
304 5681
305 5671
306 5687
307 5716
308 5781
309 5846
310 5940
311 5864
312 5844
313 5988
314 6035
315 6075
316 6313
317 6353
318 6436
319 6401
320 6406
321 6474
322 6438
323 6596
324 6561
325 6495
326 6527
327 6551
328 6591
329 6669
330 6651
331 6622
332 6504
333 6500
334 6617
335 6665
336 6721
337 6735
338 6735
339 6771
340 6888
341 6819
342 6798
343 6908
344 6868
345 6909
346 7040
347 6924
348 6914
349 6974
350 7019
351 7045
352 7100
353 7019
354 6988
355 6991
356 6968
357 7015
358 7081
359 7255
360 7296
361 7290
362 7373
363 7520
364 7601
365 7746
366 7654
367 7801
368 7779
369 7744
370 7914
371 8082
372 8199
373 8117
374 8262
375 8427
376 8538
377 8810
378 8723
379 8849
380 8944
381 9088
382 9041
383 9105
384 9252
385 9332
386 9323
387 9457
388 9438
389 9436
390 9459
391 9472
392 9656
393 9771
394 9965
395 1
396 6
397 9928
398 9961
399 9918
400 9939
401 41
402 233
403 341
404 486
405 589
406 679
407 699
408 458
409 569
410 690
411 640
412 636
413 497
414 543
415 603
416 582
417 666
418 878
419 854
420 964
421 802
422 803
423 940
424 721
425 845
426 872
427 589
428 747
429 499
430 459
431 511
432 577
433 451
434 421
435 534
436 403
437 514
438 662
439 683
440 782
441 808
442 632
443 617
444 590
445 550
446 537
447 643
448 599
449 738
450 787
451 650
452 608
453 484
454 519
455 614
456 580
457 653
458 663
459 655
460 532
461 412
462 457
463 609
464 849
465 1005
466 1088
467 1054
468 1074
469 1056
470 1038
471 1110
472 1068
473 1014
474 936
475 914
476 748
477 854
478 1010
479 1039
480 1047
481 1091
482 982
483 1047
484 844
485 801
486 860
487 769
488 771
489 737
490 751
491 800
492 766
493 639
494 741
495 849
496 766
497 798
498 851
499 762
500 747
501 836
502 696
503 799
504 750
505 659
506 629
507 801
508 886
509 771
510 600
511 627
512 673
513 679
514 722
515 716
516 799
517 823
518 751
519 558
520 545
521 639
522 635
523 738
524 508
525 538
526 741
527 629
528 734
529 748
530 771
531 856
532 562
533 625
534 771
535 816
536 876
537 882
538 881
539 967
540 931
541 965
542 922
543 905
544 758
545 774
546 823
547 917
548 995
549 1008
550 1016
551 921
552 855
553 939
554 1140
555 1310
556 1228
557 1241
558 1396
559 1466
560 1567
561 1456
562 1582
563 1603
564 1804
565 1901
566 1950
567 1898
568 2033
569 2146
570 2122
571 2208
572 2387
573 2758
574 2782
575 2894
576 2837
577 2822
578 2843
579 2819
580 2891
581 2860
582 2840
583 2913
584 3091
585 3105
586 3114
587 3236
588 3097
589 3117
590 3155
591 3076
592 3125
593 3322
594 3214
595 3333
596 3139
597 3278
598 3373
599 3243
600 3274
601 3342
602 3369
603 3425
604 3429
605 3382
606 3487
607 3522
608 3458
609 3423
610 3351
611 3319
612 3255
613 3332
614 3556
615 3488
616 3393
617 3370
618 3198
619 3225
620 3426
621 3237
622 3174
623 3018
624 3123
625 2964
626 3004
627 3241
628 3346
629 3412
630 3465
631 3527
632 3452
633 3399
634 3402
635 3570
636 3840
637 4092
638 4189
639 4075
640 4063
641 3997
642 3695
643 3500
644 3506
645 3529
646 3473
647 3179
648 3367
649 3364
650 3211
651 3300
652 3386
653 3502
654 3570
655 3412
656 3512
657 3527
658 3568
659 3641
660 3594
661 3644
662 3600
663 3601
664 3534
665 3330
666 3335
667 3277
668 3313
669 3585
670 3703
671 3910
672 4139
673 4145
674 4125
675 4284
676 4204
677 3947
678 4104
679 4155
680 4333
681 4182
682 4394
683 4344
684 4297
685 4322
686 4144
687 4186
688 4076
689 4151
690 4149
691 4153
692 4114
693 4346
694 4575
695 4476
696 4522
697 4562
698 4598
699 4792
700 4752
701 4575
702 4447
703 4472
704 4688
705 4676
706 4700
707 4770
708 4910
709 5119
710 4931
711 4820
712 4987
713 5126
714 5166
715 5084
716 5012
717 4963
718 4867
719 4958
720 4871
721 4552
722 4439
723 4428
724 4486
725 4588
726 4449
727 4486
728 4538
729 4378
730 4540
731 4677
732 4727
733 4525
734 4719
735 4888
736 4644
737 4610
738 4559
739 4573
740 4478
741 4478
742 4388
743 4314
744 4477
745 4293
746 4580
747 4614
748 4759
749 4832
750 4958
751 5214
752 5324
753 5335
754 5303
755 5212
756 5253
757 5046
758 5045
759 5110
760 5220
761 5318
762 5132
763 5254
764 5618
765 5910
766 6188
767 6338
768 6306
769 6361
770 6466
771 6321
772 6448
773 6431
774 6460
775 6433
776 6347
777 6780
778 6756
779 6796
780 6732
781 6846
782 7071
783 7381
784 7546
785 7397
786 7767
787 7860
788 8062
789 7859
790 7848
791 7953
792 7712
793 7745
794 7547
795 7720
796 7754
797 7671
798 7626
799 7531
800 7597
801 7594
802 7642
803 7576
804 7377
805 7494
806 7337
807 7453
808 7448
809 7639
810 7833
811 7813
812 7889
813 8004
814 8168
815 8396
816 8510
817 8389
818 8125
819 7868
820 8039
821 8120
822 8128
823 8088
824 8082
825 8125
826 8070
827 8000
828 7918
829 7998
830 8038
831 8339
832 8619
833 8478
834 8833
835 8868
836 8888
837 8684
838 8492
839 8449
840 8294
841 8355
842 8385
843 8590
844 8756
845 8629
846 8644
847 8440
848 8419
849 8597
850 8517
851 8490
852 8497
853 8295
854 8506
855 8606
856 8627
857 8659
858 8618
859 9090
860 9169
861 9485
862 9686
863 9874
864 9987
865 215
866 268
867 202
868 218
869 303
870 247
871 196
872 29
873 9921
874 134
875 267
876 163
877 9999
878 0
879 87
880 232
881 162
882 291
883 512
884 480
885 300
886 344
887 240
888 106
889 148
890 9982
891 9922
892 9992
893 9937
894 56
895 9898
896 23
897 87
898 236
899 245
900 499
901 218
902 198
903 99
904 3
905 9562
906 9404
907 9366
908 9336
909 9085
910 9156
911 9134
912 9170
913 9374
914 9403
915 9425
916 9537
917 9478
918 9348
919 9568
920 9761
921 9699
922 9803
923 9653
924 9601
925 9794
926 9853
927 9907
928 9892
929 9643
930 9780
931 9796
932 9763
933 9642
934 9556
935 9519
936 9417
937 9549
938 9463
939 9469
940 9679
941 9776
942 9638
943 9570
944 9776
945 9616
946 9521
947 9804
948 9623
949 9829
950 9955
951 17
952 279
953 264
954 259
955 264
956 511
957 528
958 484
959 681
960 704
961 1018
962 1203
963 1036
964 1343
965 1374
966 1415
967 1778
968 2001
969 2174
970 2305
971 2464
972 2489
973 2659
974 2645
975 2724
976 2915
977 2871
978 3063
979 3010
980 2892
981 3089
982 2888
983 2728
984 2794
985 2816
986 2756
987 2842
988 3085
989 3231
990 3552
991 3490
992 3443
993 3574
994 3471
995 3424
996 3704
997 3688
998 3570
999 3751
1000 3826
