1 20
2 37
3 50
4 65
5 78
6 96
7 107
8 130
9 161
10 169
11 205
12 210
13 249
14 274
15 294
16 316
17 320
18 321
19 336
20 358
21 407
22 419
23 440
24 483
25 509
26 518
27 509
28 517
29 566
30 605
31 588
32 638
33 684
34 686
35 745
36 776
37 817
38 854
39 836
40 846
41 983
42 1017
43 1034
44 1054
45 1079
46 1078
47 1085
48 1096
49 1168
50 1157
51 1112
52 1147
53 1149
54 1145
55 1158
56 1164
57 1181
58 1291
59 1367
60 1381
61 1391
62 1428
63 1388
64 1419
65 1488
66 1497
67 1443
68 1502
69 1526
70 1569
71 1583
72 1566
73 1575
74 1551
75 1541
76 1510
77 1501
78 1506
79 1533
80 1505
81 1515
82 1480
83 1530
84 1535
85 1554
86 1577
87 1589
88 1532
89 1589
90 1536
91 1591
92 1667
93 1738
94 1768
95 1732
96 1789
97 1840
98 1809
99 1832
100 1843
101 1827
102 1846
103 1834
104 1838
105 1887
106 1878
107 1881
108 1916
109 1934
110 1896
111 1951
112 1973
113 1941
114 1934
115 1970
116 2026
117 2055
118 2043
119 2101
120 1998
121 2051
122 2065
123 2061
124 2094
125 2130
126 2174
127 2252
128 2270
129 2270
130 2259
131 2264
132 2302
133 2243
134 2267
135 2248
136 2177
137 2179
138 2251
139 2259
140 2290
141 2306
142 2342
143 2330
144 2413
145 2455
146 2484
147 2483
148 2478
149 2509
150 2539
151 2635
152 2579
153 2603
154 2569
155 2562
156 2602
157 2639
158 2699
159 2791
160 2713
161 2878
162 2922
163 2944
164 2966
165 3065
166 3088
167 3146
168 3077
169 2991
170 3026
171 3160
172 3160
173 3162
174 3204
175 3257
176 3272
177 3311
178 3318
179 3374
180 3435
181 3524
182 3506
183 3405
184 3413
185 3482
186 3530
187 3543
188 3592
189 3691
190 3666
191 3660
192 3657
193 3780
194 3861
195 3834
196 3821
197 3862
198 3983
199 3930
200 3897
201 3810
202 3794
203 3817
204 3745
205 3822
206 3892
207 3992
208 4117
209 4068
210 4008
211 4020
212 4191
213 4173
214 4235
215 4267
216 4305
217 4253
218 4359
219 4341
220 4261
221 4268
222 4282
223 4265
224 4233
225 4234
226 4233
227 4299
228 4313
229 4313
230 4368
231 4389
232 4471
233 4516
234 4576
235 4561
236 4392
237 4363
238 4324
239 4328
240 4465
241 4400
242 4388
243 4478
244 4570
245 4648
246 4635
247 4634
248 4649
249 4624
250 4683
251 4791
252 4787
253 4792
254 4767
255 4791
256 4693
257 4746
258 4816
259 4975
260 5060
261 5038
262 4995
263 5080
264 5213
265 5260
266 5413
267 5614
268 5707
269 5677
270 5669
271 5638
272 5673
273 5633
274 5511
275 5472
276 5462
277 5586
278 5675
279 5608
280 5478
281 5420
282 5391
283 5488
284 5460
285 5468
286 5616
287 5588
288 5676
289 5800
290 5834
291 5819
292 5870
293 5812
294 5819
295 5924
296 5940
297 5825
298 5914
299 5843
300 5965
301 5946
302 5984
303 6032
304 6201
305 6283
306 6385
307 6563
308 6590
309 6686
310 6582
311 6558
312 6602
313 6435
314 6553
315 6399
316 6363
317 6461
318 6573
319 6611
320 6588
321 6537
322 6471
323 6522
324 6533
325 6430
326 6417
327 6351
328 6410
329 6385
330 6531
331 6380
332 6538
333 6457
334 6542
335 6395
336 6300
337 6361
338 6455
339 6469
340 6366
341 6503
342 6499
343 6578
344 6619
345 6637
346 6567
347 6617
348 6643
349 6567
350 6373
351 6429
352 6401
353 6532
354 6472
355 6447
356 6459
357 6454
358 6496
359 6458
360 6400
361 6515
362 6572
363 6474
364 6402
365 6491
366 6440
367 6340
368 6302
369 6432
370 6459
371 6456
372 6597
373 6679
374 6691
375 6736
376 6872
377 6906
378 6931
379 6969
380 6978
381 7003
382 7100
383 7116
384 7038
385 7011
386 6960
387 6807
388 6875
389 6789
390 6804
391 6791
392 6801
393 6785
394 6687
395 6456
396 6446
397 6390
398 6283
399 6383
400 6466
401 6404
402 6389
403 6371
404 6452
405 6477
406 6512
407 6414
408 6404
409 6259
410 6362
411 6407
412 6391
413 6539
414 6669
415 6716
416 6774
417 6794
418 6820
419 6906
420 6970
421 6948
422 7020
423 7043
424 6994
425 6985
426 6944
427 6883
428 6925
429 6976
430 7000
431 7138
432 7119
433 7104
434 7075
435 7128
436 7122
437 7064
438 7239
439 7293
440 7272
441 7387
442 7360
443 7366
444 7480
445 7568
446 7630
447 7647
448 7576
449 7701
450 7677
451 7743
452 7687
453 7717
454 7636
455 7620
456 7630
457 7679
458 7847
459 7728
460 7874
461 7806
462 7759
463 7918
464 7881
465 7864
466 7986
467 7963
468 8066
469 8174
470 8084
471 8074
472 8202
473 8210
474 8354
475 8219
476 8086
477 8024
478 8079
479 8012
480 7890
481 7778
482 7806
483 7831
484 7705
485 7680
486 7718
487 7571
488 7736
489 7869
490 7973
491 7863
492 7751
493 7681
494 7707
495 7788
496 7881
497 7899
498 7818
499 7887
500 8012
501 7935
502 8112
503 8096
504 8264
505 8098
506 8060
507 8142
508 8243
509 8288
510 8274
511 8297
512 8393
513 8348
514 8407
515 8372
516 8425
517 8501
518 8701
519 8833
520 8821
521 8847
522 8951
523 8870
524 8971
525 9052
526 9039
527 9028
528 8908
529 8838
530 8913
531 9005
532 9059
533 9007
534 9021
535 9051
536 9045
537 8967
538 8825
539 8768
540 8888
541 8955
542 9009
543 8986
544 8926
545 8977
546 8972
547 8984
548 9025
549 8959
550 9016
551 9028
552 9138
553 9163
554 9189
555 9350
556 9431
557 9411
558 9555
559 9429
560 9619
561 9557
562 9734
563 9803
564 9876
565 9927
566 9868
567 9831
568 9802
569 9854
570 9805
571 9907
572 21
573 82
574 9820
575 9703
576 9737
577 9838
578 9912
579 9955
580 9905
581 9960
582 9930
583 10
584 22
585 9874
586 25
587 64
588 45
589 171
590 198
591 213
592 243
593 366
594 293
595 390
596 468
597 338
598 252
599 297
600 304
601 218
602 317
603 379
604 519
605 301
606 404
607 377
608 373
609 395
610 202
611 393
612 504
613 500
614 611
615 576
616 736
617 669
618 758
619 849
620 756
621 744
622 588
623 551
624 509
625 567
626 573
627 554
628 528
629 622
630 828
631 928
632 1069
633 1082
634 992
635 872
636 773
637 650
638 606
639 632
640 729
641 691
642 560
643 590
644 844
645 908
646 830
647 701
648 740
649 772
650 733
651 781
652 768
653 613
654 612
655 701
656 591
657 556
658 599
659 775
660 607
661 741
662 777
663 882
664 815
665 929
666 945
667 915
668 1140
669 1202
670 1254
671 1311
672 1366
673 1293
674 1328
675 1272
676 1194
677 1043
678 1080
679 1091
680 1197
681 1230
682 1192
683 1059
684 1234
685 1041
686 1163
687 1195
688 1279
689 1245
690 1461
691 1662
692 1721
693 1738
694 1627
695 1589
696 1559
697 1490
698 1717
699 1636
700 1554
701 1485
702 1517
703 1608
704 1765
705 1994
706 2230
707 2236
708 2454
709 2595
710 2568
711 2708
712 2812
713 2675
714 2671
715 2640
716 2549
717 2370
718 2311
719 2100
720 2233
721 2240
722 2258
723 2173
724 2413
725 2477
726 2417
727 2587
728 2490
729 2517
730 2669
731 2664
732 2774
733 2763
734 2878
735 3031
736 2740
737 3011
738 2943
739 2939
740 2833
741 3151
742 3280
743 3433
744 3646
745 3659
746 3638
747 3575
748 3651
749 3590
750 3468
751 3414
752 3284
753 3294
754 3231
755 3072
756 2956
757 2890
758 2933
759 2953
760 2798
761 2965
762 2760
763 2869
764 2923
765 2982
766 2987
767 2948
768 2949
769 2898
770 2956
771 2986
772 2801
773 2631
774 2533
775 2583
776 2538
777 2592
778 2576
779 2550
780 2523
781 2464
782 2732
783 2934
784 3012
785 3155
786 3037
787 2992
788 2974
789 2980
790 3049
791 2978
792 2858
793 2892
794 3069
795 3112
796 3078
797 2969
798 3038
799 3020
800 2912
801 3091
802 3158
803 3248
804 3397
805 3395
806 3397
807 3594
808 3689
809 3726
810 3859
811 3905
812 3939
813 4107
814 4146
815 4095
816 4054
817 3987
818 4326
819 4383
820 4253
821 4233
822 4260
823 4269
824 4305
825 4182
826 4424
827 4425
828 4449
829 4353
830 4456
831 4487
832 4535
833 4690
834 4562
835 4611
836 4479
837 4418
838 4331
839 4201
840 4204
841 4186
842 4273
843 4114
844 4114
845 4096
846 3966
847 3979
848 4017
849 3984
850 3903
851 3904
852 3712
853 3706
854 3592
855 3640
856 3347
857 3166
858 3101
859 3104
860 3122
861 3123
862 3334
863 3308
864 3458
865 3374
866 3530
867 3542
868 3717
869 3564
870 3364
871 3261
872 3533
873 3550
874 3504
875 3329
876 3638
877 3637
878 3783
879 3872
880 3933
881 4009
882 4079
883 4111
884 4082
885 4073
886 4126
887 4371
888 4406
889 4423
890 4401
891 4315
892 4435
893 4315
894 4553
895 4533
896 4611
897 4674
898 4595
899 4441
900 4375
901 4444
902 4523
903 4556
904 4590
905 4576
906 4468
907 4415
