1 0
2 0
3 1
4 0
5 1
6 2
7 1
8 1
9 2
10 2
11 2
12 1
13 3
14 6
15 7
16 11
17 12
18 6
19 2
20 1
21 0
22 0
23 0
24 0
25 0
26 0
27 0
28 1
29 0
30 0
31 0
32 0
33 0
34 0
35 0
36 0
37 0
38 0
39 0
40 0
41 0
42 0
43 0
44 1
45 2
46 4
47 7
48 8
49 7
50 4
51 1
52 1
53 0
54 1
55 1
56 1
57 1
58 1
59 0
60 0
61 0
62 0
63 0
64 0
65 0
66 0
67 0
68 0
69 0
70 0
71 0
72 0
73 0
74 0
75 0
76 0
77 0
78 0
79 0
80 0
81 1
82 0
83 0
84 0
85 0
86 0
87 0
88 1
89 1
90 1
91 4
92 6
93 6
94 7
95 7
96 6
97 8
98 10
99 7
100 5
101 10
102 12
103 14
104 18
105 20
106 21
107 24
108 26
109 32
110 38
111 38
112 35
113 34
114 38
115 29
116 28
117 22
118 18
119 19
120 11
121 13
122 9
123 13
124 10
125 13
126 16
127 15
128 10
129 17
130 19
131 19
132 12
133 10
134 12
135 16
136 9
137 9
138 9
139 5
140 5
141 2
142 2
143 1
144 1
145 0
146 0
147 0
148 0
149 0
150 0
151 0
152 2
153 1
154 1
155 0
156 1
157 2
158 0
159 0
160 0
161 0
162 0
163 1
164 0
165 1
166 1
167 1
168 0
169 0
170 0
171 1
172 1
173 0
174 0
175 0
176 0
177 0
178 1
179 2
180 2
181 1
182 1
183 1
184 1
185 0
186 0
187 0
188 0
189 1
190 1
191 3
192 6
193 7
194 5
195 6
196 5
197 3
198 5
199 6
200 5
201 7
202 5
203 5
204 1
205 2
206 2
207 0
208 1
209 0
210 0
211 0
212 1
213 1
214 0
215 0
216 0
217 0
218 0
219 0
220 0
221 0
222 0
223 0
224 1
225 0
226 0
227 0
228 0
229 0
230 1
231 1
232 3
233 6
234 6
235 10
236 9
237 8
238 11
239 16
240 16
241 10
242 5
243 9
244 13
245 19
246 28
247 31
248 34
249 33
250 32
251 32
252 31
253 23
254 23
255 27
256 23
257 14
258 14
259 15
260 14
261 12
262 15
263 11
264 14
265 14
266 10
267 10
268 13
269 11
270 11
271 9
272 6
273 4
274 6
275 4
276 6
277 6
278 2
279 0
280 0
281 0
282 0
283 1
284 5
285 9
286 13
287 7
288 3
289 2
290 0
291 0
292 0
293 2
294 3
295 3
296 2
297 2
298 5
299 7
300 5
301 1
302 1
303 1
304 1
305 1
306 3
307 4
308 3
309 4
310 2
311 0
312 0
313 0
314 0
315 0
316 1
317 1
318 0
319 0
320 0
321 1
322 2
323 2
324 2
325 3
326 4
327 4
328 2
329 1
330 0
331 0
332 0
333 1
334 4
335 5
336 6
337 11
338 10
339 5
340 9
341 10
342 11
343 10
344 12
345 20
346 23
347 20
348 24
349 24
350 23
351 28
352 27
353 33
354 31
355 34
356 26
357 27
358 22
359 17
360 13
361 11
362 14
363 15
364 16
365 18
366 19
367 23
368 15
369 18
370 22
371 15
372 16
373 13
374 10
375 16
376 13
377 14
378 16
379 18
380 22
381 20
382 24
383 26
384 25
385 24
386 30
387 32
388 29
389 35
390 31
391 27
392 35
393 41
394 45
395 54
396 54
397 59
398 56
399 53
400 56
401 52
402 66
403 75
404 81
405 78
406 79
407 78
408 67
409 69
410 74
411 73
412 77
413 76
414 76
415 74
416 69
417 69
418 76
419 81
420 73
421 70
422 76
423 76
424 63
425 58
426 65
427 53
428 69
429 54
430 63
431 47
432 33
433 44
434 47
435 56
436 73
437 76
438 79
439 73
440 62
441 54
442 53
443 55
444 47
445 55
446 48
447 46
448 40
449 37
450 38
451 43
452 49
453 52
454 54
455 54
456 56
457 46
458 50
459 50
460 54
461 52
462 47
463 43
464 37
465 28
466 26
467 24
468 29
469 34
470 23
471 24
472 28
473 28
474 31
475 35
476 31
477 33
478 26
479 24
480 22
481 30
482 28
483 29
484 23
485 29
486 20
487 21
488 20
489 24
490 28
491 22
492 24
493 29
494 23
495 15
496 19
497 24
498 23
499 31
500 32
501 27
502 34
503 35
504 24
505 23
506 24
507 25
508 27
509 30
510 27
511 33
512 42
513 35
514 39
515 54
516 55
517 52
518 41
519 49
520 41
521 47
522 44
523 42
524 50
525 37
526 25
527 28
528 30
529 32
530 36
531 38
532 46
533 34
534 31
535 25
536 22
537 25
538 28
539 36
540 32
541 36
542 35
543 48
544 47
545 53
546 63
547 69
548 65
549 70
550 70
551 72
552 88
553 91
554 90
555 100
556 101
557 93
558 118
559 135
560 96
561 101
562 95
563 84
564 82
565 68
566 59
567 72
568 65
569 69
570 82
571 81
572 73
573 68
574 65
575 68
576 75
577 75
578 82
579 93
580 102
581 118
582 114
583 109
584 113
585 116
586 121
587 124
588 112
589 109
590 111
591 106
592 105
593 97
594 110
595 103
596 98
597 81
598 72
599 71
600 62
601 57
602 55
603 57
604 48
605 48
606 49
607 44
608 40
609 36
610 36
611 31
612 36
613 40
614 41
615 45
616 35
617 31
618 29
619 30
620 31
621 27
622 27
623 31
624 27
625 23
626 18
627 22
628 28
629 29
630 21
631 28
632 33
633 34
634 28
635 26
636 19
637 19
638 17
639 12
640 11
641 10
642 10
643 9
644 6
645 6
646 7
647 3
648 7
649 11
650 13
651 14
652 7
653 14
654 19
655 11
656 8
657 11
658 14
659 16
660 16
661 11
662 9
663 11
664 17
665 17
666 16
667 19
668 19
669 24
670 20
671 22
672 25
673 29
674 30
675 33
676 47
677 31
678 24
679 20
680 19
681 30
682 26
683 26
684 34
685 32
686 30
687 29
688 38
689 41
690 38
691 44
692 33
693 33
694 29
695 25
696 34
697 37
698 44
699 43
700 48
701 44
702 46
703 40
704 48
705 57
706 54
707 40
708 43
709 46
710 46
711 59
712 49
713 49
714 49
715 46
716 45
717 43
718 42
719 41
720 31
721 37
722 41
723 38
724 34
725 32
726 36
727 32
728 29
729 23
730 30
731 26
732 31
733 43
734 42
735 41
736 39
737 35
738 45
739 59
740 70
741 65
742 70
743 62
744 56
745 62
746 53
747 56
748 67
749 64
750 72
751 79
752 80
753 86
754 78
755 78
756 90
757 95
758 100
759 94
760 102
761 114
762 111
763 106
764 111
765 115
766 131
767 129
768 136
769 122
770 121
771 138
772 122
773 123
774 129
775 136
776 127
777 137
778 134
779 123
780 118
781 108
782 97
783 104
784 93
785 92
786 96
787 106
788 98
789 109
790 114
791 119
792 115
793 119
794 118
795 113
796 102
797 100
798 118
799 98
800 96
801 102
802 106
803 118
804 122
805 122
806 113
807 101
808 115
809 116
810 99
811 88
812 91
813 91
814 100
815 85
816 69
817 68
818 62
819 70
820 78
821 81
822 78
823 67
824 72
825 80
826 71
827 70
828 74
829 69
830 71
831 60
832 62
833 55
834 62
835 56
836 61
837 60
838 56
839 58
840 56
841 47
842 51
843 51
844 42
845 44
846 46
847 43
848 44
849 40
850 35
851 36
852 28
853 32
854 31
855 30
856 32
857 33
858 32
859 23
860 32
861 35
862 33
863 27
864 31
865 29
866 29
867 30
868 34
869 34
870 43
871 43
872 42
873 40
874 51
875 41
876 45
877 43
878 42
879 36
880 35
881 43
882 48
883 47
884 41
885 48
886 47
887 51
888 38
889 29
890 29
891 31
892 32
893 35
894 30
895 26
896 30
897 29
898 35
899 43
900 34
901 38
902 34
903 27
904 28
905 32
906 28
907 29
908 37
909 38
910 43
911 46
912 54
913 43
914 24
915 24
916 14
917 16
918 21
919 30
920 31
921 28
922 25
923 17
924 16
925 15
926 16
927 14
928 16
929 19
930 18
931 25
932 25
933 29
934 29
935 36
936 36
937 49
938 63
939 72
940 72
941 82
942 78
943 82
944 85
945 89
946 79
947 69
948 73
949 72
950 65
951 63
952 78
953 81
954 87
955 104
956 112
957 123
958 130
959 124
960 129
961 135
962 117
963 123
964 130
965 145
966 160
967 134
968 124
969 120
970 126
971 134
972 121
973 131
974 144
975 139
976 143
977 148
978 150
979 160
980 143
981 134
982 161
983 155
984 147
985 163
986 164
987 171
988 159
989 153
990 156
991 160
992 138
993 136
994 124
995 125
996 129
997 127
998 122
999 122
1000 123
