1 0
2 0
3 0
4 1
5 2
6 1
7 3
8 5
9 5
10 6
11 4
12 5
13 3
14 1
15 0
16 0
17 1
18 1
19 3
20 4
21 4
22 7
23 9
24 6
25 8
26 8
27 7
28 8
29 4
30 5
31 7
32 3
33 3
34 4
35 3
36 3
37 7
38 11
39 14
40 11
41 10
42 10
43 10
44 7
45 3
46 0
47 0
48 0
49 1
50 0
51 1
52 1
53 1
54 2
55 2
56 4
57 6
58 6
59 9
60 13
61 10
62 13
63 6
64 11
65 16
66 16
67 19
68 16
69 14
70 16
71 15
72 13
73 14
74 11
75 9
76 3
77 1
78 1
79 2
80 4
81 6
82 3
83 4
84 7
85 7
86 12
87 10
88 11
89 7
90 9
91 7
92 3
93 5
94 7
95 9
96 9
97 10
98 12
99 14
100 15
101 13
102 11
103 11
104 8
105 4
106 3
107 2
108 2
109 1
110 0
111 0
112 1
113 4
114 4
115 5
116 4
117 3
118 2
119 0
120 0
121 0
122 0
123 1
124 1
125 1
126 0
127 0
128 0
129 0
130 0
131 0
132 0
133 0
134 0
135 0
136 0
137 0
138 0
139 1
140 2
141 4
142 4
143 3
144 8
145 13
146 6
147 8
148 13
149 15
150 17
151 15
152 12
153 13
154 15
155 18
156 26
157 29
158 30
159 23
160 19
161 18
162 12
163 13
164 12
165 15
166 19
167 24
168 30
169 28
170 25
171 17
172 16
173 17
174 23
175 23
176 20
177 18
178 14
179 18
180 22
181 17
182 15
183 14
184 21
185 23
186 14
187 14
188 15
189 13
190 20
191 12
192 11
193 18
194 28
195 28
196 21
197 24
198 28
199 31
200 40
201 45
202 38
203 31
204 38
205 46
206 47
207 44
208 51
209 52
210 49
211 44
212 30
213 15
214 16
215 13
216 9
217 12
218 12
219 16
220 16
221 6
222 6
223 2
224 1
225 1
226 1
227 0
228 0
229 0
230 1
231 1
232 2
233 2
234 1
235 2
236 1
237 1
238 0
239 0
240 0
241 0
242 0
243 0
244 1
245 1
246 2
247 0
248 0
249 1
250 2
251 0
252 0
253 0
254 0
255 0
256 0
257 0
258 0
259 0
260 1
261 0
262 0
263 0
264 2
265 0
266 0
267 1
268 3
269 2
270 1
271 1
272 0
273 0
274 0
275 0
276 0
277 1
278 1
279 0
280 0
281 0
282 1
283 0
284 1
285 0
286 0
287 0
288 0
289 0
290 0
291 0
292 0
293 0
294 0
295 0
296 0
297 0
298 0
299 0
300 0
301 1
302 0
303 1
304 0
305 0
306 0
307 0
308 0
309 0
310 0
311 0
312 0
313 0
314 0
315 0
316 0
317 0
318 0
319 1
320 0
321 0
322 1
323 2
324 0
325 1
326 0
327 0
328 0
329 0
330 1
331 0
332 0
333 0
334 1
335 2
336 2
337 2
338 3
339 2
340 1
341 2
342 2
343 5
344 6
345 6
346 4
347 8
348 12
349 10
350 8
351 7
352 9
353 10
354 4
355 6
356 6
357 5
358 7
359 3
360 3
361 0
362 1
363 3
364 6
365 4
366 6
367 12
368 10
369 7
370 10
371 12
372 5
373 4
374 4
375 5
376 2
377 2
378 3
379 2
380 4
381 3
382 6
383 7
384 4
385 7
386 5
387 6
388 9
389 10
390 14
391 8
392 9
393 12
394 10
395 12
396 7
397 10
398 13
399 12
400 17
401 19
402 17
403 16
404 14
405 15
406 10
407 9
408 10
409 5
410 3
411 2
412 2
413 4
414 6
415 8
416 12
417 8
418 9
419 6
420 4
421 6
422 5
423 9
424 7
425 3
426 4
427 4
428 3
429 2
430 2
431 1
432 0
433 0
434 0
435 0
436 0
437 0
438 0
439 0
440 0
441 0
442 0
443 0
444 0
445 0
446 0
447 0
448 0
449 0
450 0
451 0
452 0
453 1
454 1
455 1
456 1
457 0
458 2
459 0
460 0
461 0
462 0
463 0
464 0
465 1
466 0
467 0
468 0
469 0
470 0
471 0
472 0
473 0
474 0
475 0
476 0
477 2
478 6
479 3
480 3
481 4
482 6
483 10
484 9
485 7
486 6
487 7
488 7
489 8
490 12
491 17
492 18
493 21
494 20
495 23
496 25
497 29
498 39
499 36
500 35
501 24
502 22
503 36
504 51
505 49
506 53
507 49
508 55
509 49
510 34
511 41
512 38
513 32
514 32
515 21
516 27
517 24
518 26
519 22
520 24
521 35
522 34
523 33
524 34
525 26
526 24
527 27
528 27
529 31
530 36
531 49
532 48
533 40
534 49
535 55
536 58
537 55
538 42
539 47
540 49
541 41
542 34
543 31
544 33
545 31
546 32
547 29
548 23
549 24
550 22
551 20
552 18
553 16
554 13
555 8
556 11
557 10
558 9
559 9
560 12
561 10
562 9
563 16
564 18
565 16
566 16
567 16
568 12
569 7
570 10
571 11
572 16
573 18
574 20
575 20
576 9
577 6
578 13
579 14
580 11
581 13
582 8
583 15
584 8
585 5
586 6
587 6
588 5
589 6
590 7
591 6
592 8
593 8
594 7
595 4
596 3
597 5
598 8
599 12
600 15
601 17
602 16
603 19
604 20
605 15
606 12
607 14
608 8
609 12
610 6
611 4
612 6
613 5
614 2
615 1
616 2
617 2
618 3
619 1
620 0
621 0
622 0
623 0
624 0
625 0
626 0
627 0
628 0
629 0
630 0
631 0
632 0
633 0
634 0
635 0
636 0
637 2
638 3
639 6
640 4
641 3
642 5
643 2
644 0
645 0
646 0
647 0
648 1
649 1
650 0
651 1
652 0
653 0
654 0
655 0
656 0
657 0
658 0
659 1
660 1
661 2
662 5
663 7
664 9
665 7
666 6
667 3
668 6
669 4
670 3
671 0
672 0
673 0
674 0
675 0
676 0
677 0
678 0
679 0
680 0
681 1
682 1
683 1
684 3
685 1
686 0
687 0
688 0
689 0
690 0
691 0
692 0
693 0
694 1
695 0
696 0
697 1
698 2
699 4
700 4
701 1
702 1
703 0
704 0
705 0
706 0
707 0
708 0
709 0
710 0
711 0
712 0
713 2
714 4
715 4
716 6
717 9
718 6
719 5
720 5
721 6
722 4
723 3
724 6
725 1
726 1
727 1
728 1
729 2
730 1
731 0
732 0
733 0
734 0
735 0
736 0
737 0
738 0
739 0
740 0
741 0
742 0
743 0
744 0
745 1
746 0
747 0
748 0
749 0
750 0
751 0
752 0
753 1
754 1
755 0
756 0
757 0
758 0
759 0
760 1
761 1
762 1
763 0
764 1
765 1
766 1
767 1
768 1
769 2
770 1
771 1
772 0
773 0
774 0
775 0
776 0
777 0
778 0
779 0
780 0
781 0
782 0
783 0
784 0
785 1
786 2
787 1
788 0
789 0
790 0
791 0
792 1
793 0
794 0
795 0
796 0
797 1
798 0
799 0
800 0
801 0
802 0
803 1
804 5
805 7
806 7
807 4
808 4
809 7
810 7
811 8
812 10
813 7
814 4
815 2
816 1
817 0
818 0
819 0
820 1
821 0
822 0
823 0
824 0
825 1
826 3
827 1
828 0
829 0
830 1
831 1
832 2
833 2
834 3
835 4
836 2
837 1
838 0
839 0
840 0
841 0
842 0
843 0
844 0
845 0
846 0
847 0
848 0
849 0
850 0
851 0
852 1
853 1
854 2
855 3
856 3
857 3
858 2
859 1
860 2
861 0
862 0
863 0
864 0
865 0
866 0
867 1
868 1
869 0
870 0
871 0
872 1
873 1
874 3
875 5
876 6
877 6
878 10
879 9
880 5
881 5
882 6
883 5
884 5
885 3
886 4
887 3
888 1
889 1
890 3
891 1
892 2
893 2
894 2
895 3
896 3
897 1
898 2
899 2
900 2
901 0
902 0
903 0
904 0
905 0
906 0
907 0
908 0
909 0
910 0
911 1
912 1
913 1
914 1
915 3
916 1
917 1
918 1
919 2
920 3
921 1
922 2
923 2
924 3
925 6
926 7
927 9
928 9
929 12
930 19
931 25
932 24
933 16
934 17
935 17
936 15
937 14
938 9
939 6
940 6
941 8
942 10
943 6
944 4
945 4
946 2
947 3
948 2
949 3
950 1
951 2
952 3
953 1
954 1
955 3
956 5
957 4
958 4
959 7
960 8
961 7
962 7
963 9
964 10
965 8
966 11
967 13
968 13
969 20
970 9
971 10
972 6
973 7
974 5
975 1
976 0
977 0
978 0
979 0
980 0
981 0
982 0
983 1
984 2
985 2
986 3
987 4
988 6
989 4
990 4
991 5
992 2
993 2
994 0
995 1
996 1
997 3
998 10
999 8
1000 10
