1 0
2 0
3 0
4 0
5 1
6 0
7 0
8 0
9 0
10 0
11 0
12 1
13 1
14 1
15 1
16 1
17 4
18 7
19 5
20 4
21 4
22 4
23 2
24 0
25 0
26 0
27 0
28 0
29 0
30 1
31 0
32 0
33 0
34 0
35 0
36 0
37 0
38 1
39 1
40 0
41 0
42 0
43 0
44 0
45 0
46 0
47 0
48 0
49 0
50 1
51 1
52 0
53 0
54 0
55 0
56 0
57 0
58 0
59 0
60 0
61 0
62 0
63 0
64 1
65 2
66 0
67 1
68 2
69 5
70 3
71 4
72 4
73 2
74 2
75 2
76 4
77 5
78 5
79 2
80 0
81 0
82 0
83 0
84 0
85 0
86 0
87 1
88 0
89 0
90 0
91 2
92 2
93 1
94 3
95 1
96 0
97 0
98 0
99 0
100 0
101 2
102 4
103 6
104 5
105 3
106 1
107 1
108 1
109 0
110 0
111 0
112 0
113 1
114 0
115 0
116 1
117 0
118 0
119 0
120 0
121 1
122 2
123 2
124 4
125 3
126 3
127 5
128 4
129 1
130 0
131 0
132 0
133 0
134 1
135 1
136 1
137 1
138 0
139 0
140 0
141 0
142 0
143 0
144 0
145 0
146 0
147 0
148 0
149 1
150 3
151 1
152 2
153 3
154 4
155 2
156 1
157 0
158 0
159 0
160 0
161 0
162 0
163 1
164 1
165 0
166 0
167 0
168 0
169 0
170 1
171 1
172 1
173 1
174 1
175 1
176 1
177 0
178 1
179 1
180 1
181 1
182 2
183 0
184 2
185 1
186 2
187 1
188 0
189 0
190 1
191 2
192 2
193 3
194 4
195 2
196 4
197 5
198 6
199 5
200 9
201 8
202 13
203 7
204 5
205 3
206 5
207 7
208 6
209 7
210 2
211 3
212 2
213 4
214 2
215 2
216 2
217 2
218 3
219 0
220 0
221 0
222 0
223 0
224 0
225 0
226 0
227 0
228 0
229 0
230 0
231 0
232 0
233 0
234 1
235 0
236 0
237 0
238 0
239 1
240 0
241 0
242 1
243 0
244 0
245 0
246 0
247 0
248 0
249 0
250 0
251 0
252 1
253 1
254 0
255 0
256 0
257 0
258 0
259 1
260 1
261 1
262 1
263 2
264 5
265 6
266 6
267 5
268 8
269 9
270 11
271 9
272 6
273 5
274 1
275 2
276 1
277 1
278 1
279 0
280 0
281 0
282 0
283 1
284 2
285 1
286 1
287 3
288 5
289 7
290 9
291 9
292 13
293 12
294 11
295 15
296 14
297 20
298 27
299 30
300 27
301 19
302 16
303 13
304 11
305 18
306 22
307 21
308 24
309 26
310 19
311 32
312 25
313 34
314 31
315 33
316 30
317 31
318 29
319 20
320 20
321 21
322 21
323 20
324 20
325 26
326 21
327 26
328 20
329 18
330 16
331 19
332 14
333 18
334 14
335 18
336 18
337 17
338 23
339 18
340 14
341 15
342 10
343 9
344 12
345 6
346 4
347 2
348 3
349 3
350 3
351 2
352 5
353 9
354 8
355 5
356 5
357 5
358 6
359 6
360 5
361 4
362 3
363 5
364 3
365 4
366 5
367 4
368 6
369 5
370 6
371 8
372 8
373 7
374 8
375 10
376 17
377 9
378 8
379 5
380 4
381 1
382 1
383 0
384 1
385 1
386 4
387 2
388 2
389 2
390 3
391 1
392 1
393 4
394 5
395 7
396 6
397 3
398 1
399 0
400 0
401 0
402 0
403 0
404 1
405 0
406 0
407 0
408 0
409 0
410 1
411 3
412 5
413 7
414 8
415 10
416 19
417 27
418 38
419 31
420 22
421 19
422 24
423 27
424 30
425 29
426 22
427 21
428 21
429 20
430 32
431 31
432 42
433 45
434 44
435 40
436 40
437 45
438 43
439 43
440 50
441 46
442 36
443 43
444 41
445 56
446 37
447 44
448 42
449 36
450 41
451 35
452 41
453 34
454 29
455 23
456 31
457 41
458 46
459 46
460 41
461 32
462 27
463 28
464 31
465 29
466 28
467 30
468 24
469 24
470 25
471 22
472 28
473 24
474 22
475 20
476 19
477 20
478 15
479 8
480 9
481 8
482 9
483 11
484 9
485 6
486 3
487 4
488 8
489 8
490 9
491 7
492 4
493 5
494 3
495 4
496 5
497 7
498 7
499 3
500 2
501 5
502 3
503 2
504 2
505 0
506 0
507 1
508 1
509 1
510 1
511 1
512 1
513 2
514 2
515 0
516 1
517 0
518 0
519 0
520 0
521 0
522 1
523 1
524 0
525 1
526 1
527 1
528 1
529 1
530 1
531 0
532 0
533 1
534 1
535 1
536 0
537 0
538 0
539 0
540 1
541 0
542 0
543 0
544 0
545 0
546 0
547 0
548 0
549 0
550 1
551 2
552 3
553 2
554 2
555 4
556 2
557 2
558 3
559 2
560 2
561 5
562 5
563 3
564 2
565 0
566 0
567 0
568 1
569 2
570 4
571 5
572 11
573 10
574 9
575 14
576 16
577 15
578 12
579 8
580 6
581 10
582 14
583 16
584 14
585 19
586 21
587 26
588 24
589 22
590 18
591 16
592 12
593 12
594 7
595 7
596 4
597 10
598 8
599 9
600 12
601 8
602 5
603 9
604 13
605 8
606 5
607 9
608 11
609 12
610 15
611 8
612 7
613 9
614 13
615 18
616 28
617 33
618 31
619 28
620 37
621 47
622 53
623 60
624 67
625 62
626 60
627 69
628 64
629 66
630 64
631 48
632 54
633 63
634 68
635 77
636 86
637 85
638 94
639 96
640 78
641 78
642 90
643 95
644 92
645 89
646 105
647 91
648 89
649 68
650 61
651 47
652 45
653 44
654 39
655 33
656 49
657 50
658 50
659 48
660 43
661 48
662 53
663 50
664 51
665 44
666 50
667 54
668 44
669 36
670 38
671 26
672 31
673 21
674 17
675 16
676 21
677 13
678 9
679 8
680 14
681 11
682 8
683 9
684 16
685 18
686 22
687 15
688 9
689 6
690 6
691 6
692 10
693 13
694 9
695 10
696 4
697 4
698 4
699 4
700 5
701 4
702 6
703 4
704 8
705 7
706 8
707 10
708 14
709 15
710 15
711 21
712 19
713 20
714 18
715 12
716 12
717 11
718 10
719 14
720 13
721 14
722 9
723 10
724 14
725 17
726 20
727 19
728 16
729 13
730 20
731 15
732 13
733 15
734 7
735 5
736 2
737 3
738 8
739 7
740 8
741 9
742 8
743 6
744 3
745 2
746 3
747 4
748 9
749 8
750 14
751 9
752 10
753 10
754 9
755 11
756 9
757 11
758 10
759 11
760 8
761 8
762 8
763 7
764 6
765 4
766 4
767 3
768 1
769 1
770 3
771 4
772 5
773 5
774 8
775 10
776 11
777 13
778 13
779 11
780 6
781 7
782 4
783 2
784 1
785 1
786 2
787 3
788 4
789 5
790 6
791 6
792 8
793 5
794 5
795 7
796 8
797 3
798 5
799 3
800 4
801 3
802 1
803 0
804 0
805 0
806 0
807 0
808 0
809 0
810 0
811 0
812 2
813 3
814 2
815 3
816 4
817 4
818 2
819 0
820 0
821 0
822 1
823 2
824 0
825 0
826 0
827 1
828 1
829 0
830 1
831 1
832 3
833 5
834 6
835 10
836 10
837 7
838 3
839 3
840 3
841 2
842 0
843 0
844 0
845 0
846 0
847 0
848 1
849 4
850 7
851 8
852 9
853 10
854 13
855 9
856 4
857 3
858 5
859 4
860 5
861 4
862 1
863 2
864 2
865 1
866 1
867 4
868 7
869 7
870 8
871 6
872 7
873 7
874 8
875 9
876 10
877 11
878 7
879 6
880 6
881 6
882 2
883 3
884 2
885 3
886 6
887 9
888 9
889 12
890 8
891 6
892 9
893 9
894 4
895 6
896 6
897 5
898 12
899 11
900 11
901 12
902 15
903 14
904 14
905 17
906 15
907 22
908 18
909 5
910 2
911 3
912 3
913 5
914 8
915 11
916 15
917 17
918 24
919 26
920 26
921 20
922 16
923 23
924 26
925 29
926 25
927 29
928 34
929 28
930 23
931 23
932 28
933 29
934 30
935 28
936 25
937 28
938 23
939 26
940 24
941 19
942 13
943 15
944 10
945 11
946 13
947 13
948 19
949 14
950 18
951 11
952 11
953 9
954 5
955 8
956 5
957 3
958 3
959 2
960 1
961 5
962 6
963 8
964 4
965 4
966 4
967 6
968 8
969 10
970 15
971 13
972 16
973 14
974 15
975 16
976 15
977 9
978 11
979 17
980 15
981 18
982 15
983 18
984 22
985 27
986 30
987 40
988 37
989 39
990 34
991 30
992 33
993 31
994 34
995 47
996 52
997 55
998 58
999 59
1000 49
