1 0
2 4
3 9
4 14
5 17
6 17
7 22
8 19
9 22
10 18
11 18
12 22
13 25
14 35
15 47
16 47
17 49
18 45
19 45
20 46
21 40
22 38
23 50
24 52
25 61
26 59
27 62
28 54
29 61
30 56
31 76
32 85
33 90
34 92
35 85
36 77
37 63
38 80
39 100
40 89
41 79
42 81
43 84
44 80
45 90
46 80
47 88
48 71
49 70
50 70
51 75
52 72
53 99
54 112
55 114
56 119
57 118
58 116
59 122
60 133
61 138
62 134
63 123
64 125
65 113
66 112
67 102
68 99
69 89
70 100
71 77
72 91
73 92
74 95
75 102
76 110
77 133
78 125
79 116
80 123
81 143
82 151
83 156
84 166
85 183
86 185
87 160
88 158
89 171
90 163
91 174
92 175
93 192
94 210
95 215
96 194
97 188
98 182
99 186
100 182
101 177
102 180
103 182
104 203
105 203
106 208
107 209
108 202
109 232
110 244
111 254
112 274
113 258
114 256
115 276
116 290
117 297
118 307
119 300
120 294
121 282
122 302
123 314
124 286
125 281
126 296
127 319
128 319
129 320
130 324
131 333
132 331
133 327
134 338
135 314
136 314
137 327
138 333
139 358
140 379
141 359
142 344
143 378
144 411
145 376
146 371
147 343
148 337
149 313
150 293
151 281
152 288
153 286
154 273
155 250
156 250
157 261
158 266
159 258
160 255
161 237
162 245
163 270
164 237
165 242
166 237
167 228
168 237
169 241
170 234
171 254
172 271
173 262
174 268
175 251
176 256
177 255
178 260
179 257
180 238
181 227
182 223
183 238
184 249
185 233
186 227
187 236
188 214
189 247
190 247
191 222
192 238
193 225
194 242
195 211
196 213
197 220
198 215
199 231
200 241
201 238
202 210
203 204
204 198
205 202
206 196
207 198
208 191
209 214
210 223
211 210
212 199
213 167
214 157
215 154
216 162
217 148
218 152
219 160
220 162
221 173
222 202
223 225
224 235
225 218
226 224
227 200
228 215
229 221
230 231
231 240
232 233
233 233
234 253
235 227
236 240
237 267
238 275
239 256
240 260
241 249
242 243
243 238
244 248
245 240
246 233
247 235
248 222
249 246
250 244
251 257
252 249
253 278
254 293
255 299
256 313
257 311
258 309
259 299
260 333
261 341
262 368
263 370
264 352
265 363
266 343
267 360
268 373
269 377
270 379
271 363
272 367
273 341
274 337
275 338
276 332
277 308
278 287
279 291
280 272
281 274
282 291
283 287
284 302
285 324
286 336
287 315
288 289
289 285
290 253
291 235
292 260
293 249
294 232
295 244
296 256
297 252
298 264
299 259
300 268
301 265
302 268
303 251
304 252
305 243
306 220
307 222
308 206
309 212
310 207
311 178
312 190
313 188
314 168
315 155
316 153
317 162
318 155
319 153
320 156
321 149
322 143
323 132
324 128
325 136
326 129
327 133
328 144
329 163
330 164
331 158
332 166
333 188
334 195
335 207
336 195
337 197
338 229
339 241
340 248
341 261
342 262
343 249
344 242
345 248
346 237
347 239
348 223
349 212
350 201
351 186
352 195
353 203
354 219
355 238
356 225
357 238
358 239
359 246
360 265
361 266
362 268
363 269
364 288
365 290
366 314
367 328
368 329
369 313
370 316
371 306
372 331
373 325
374 320
375 326
376 305
377 319
378 309
379 283
380 285
381 293
382 287
383 291
384 286
385 283
386 284
387 277
388 295
389 294
390 306
391 286
392 263
393 232
394 215
395 213
396 223
397 228
398 240
399 226
400 242
401 251
402 259
403 253
404 246
405 286
406 266
407 262
408 282
409 309
410 300
411 332
412 322
413 328
414 337
415 324
416 312
417 316
418 323
419 343
420 339
421 320
422 320
423 332
424 337
425 364
426 373
427 350
428 338
429 349
430 357
431 375
432 377
433 373
434 353
435 352
436 342
437 332
438 335
439 344
440 353
441 374
442 364
443 354
444 387
445 399
446 371
447 341
448 349
449 354
450 378
451 372
452 393
453 388
454 393
455 391
456 397
457 384
458 386
459 382
460 377
461 343
462 359
463 357
464 357
465 346
466 363
467 376
468 357
469 328
470 352
471 356
472 344
473 383
474 369
475 347
476 367
477 369
478 357
479 372
480 355
481 368
482 371
483 383
484 396
485 388
486 380
487 377
488 399
489 428
490 421
491 447
492 452
493 434
494 447
495 465
496 456
497 460
498 482
499 466
500 454
501 440
502 415
503 433
504 461
505 441
506 418
507 436
508 442
509 444
510 465
511 472
512 481
513 504
514 475
515 500
516 485
517 470
518 471
519 476
520 475
521 487
522 454
523 427
524 422
525 455
526 445
527 435
528 427
529 435
530 450
531 454
532 433
533 448
534 446
535 451
536 457
537 475
538 503
539 491
540 471
541 493
542 494
543 516
544 534
545 534
546 535
547 500
548 525
549 515
550 530
551 539
552 543
553 536
554 558
555 538
556 549
557 553
558 561
559 558
560 545
561 568
562 572
563 601
564 620
565 683
566 673
567 668
568 677
569 710
570 689
571 702
572 738
573 762
574 773
575 795
576 799
577 783
578 808
579 755
580 823
581 809
582 832
583 835
584 835
585 868
586 863
587 869
588 887
589 909
590 887
591 907
592 908
593 921
594 958
595 956
596 957
597 973
598 975
599 26
600 22
601 5
602 63
603 75
604 149
605 117
606 26
607 20
608 18
609 996
610 39
611 58
612 994
613 60
614 108
615 123
616 163
617 164
618 198
619 195
620 187
621 133
622 74
623 108
624 70
625 79
626 13
627 3
628 988
629 985
630 985
631 973
632 956
633 927
634 912
635 898
636 859
637 903
638 877
639 867
640 811
641 827
642 852
643 854
644 887
645 864
646 860
647 849
648 837
649 844
650 866
651 889
652 875
653 910
654 887
655 810
656 806
657 839
658 872
659 853
660 860
661 891
662 883
663 877
664 921
665 934
666 917
667 936
668 959
669 980
670 63
671 140
672 171
673 241
674 173
675 152
676 128
677 120
678 109
679 130
680 153
681 113
682 148
683 160
684 145
685 100
686 45
687 38
688 53
689 8
690 998
691 968
692 915
693 918
694 880
695 917
696 883
697 833
698 839
699 811
700 869
701 878
702 862
703 882
704 874
705 913
706 884
707 896
708 900
709 942
710 960
711 916
712 873
713 863
714 873
715 850
716 859
717 852
718 828
719 840
720 844
721 774
722 757
723 721
724 730
725 734
726 730
727 667
728 648
729 686
730 686
731 650
732 645
733 666
734 645
735 656
736 649
737 673
738 657
739 653
740 656
741 697
742 735
743 745
744 715
745 732
746 733
747 725
748 757
749 753
750 815
751 818
752 824
753 802
754 775
755 765
756 816
757 780
758 765
759 766
760 795
761 812
762 848
763 855
764 860
765 845
766 838
767 868
768 890
769 916
770 903
771 898
772 947
773 929
774 923
775 895
776 822
777 814
778 779
779 817
780 808
781 779
782 792
783 765
784 768
785 763
786 797
787 810
788 871
789 906
790 942
791 952
792 975
793 936
794 984
795 967
796 994
797 975
798 970
799 17
800 28
801 89
802 78
803 95
804 74
805 101
806 118
807 113
808 123
809 96
810 90
811 128
812 138
813 104
814 120
815 97
816 131
817 151
818 149
819 147
820 104
821 101
822 106
823 134
824 175
825 169
826 174
827 202
828 242
829 205
830 185
831 156
832 116
833 70
834 2
835 949
836 931
837 920
838 897
839 896
840 900
841 908
842 877
843 864
844 856
845 850
846 848
847 847
848 880
849 842
850 825
851 868
852 882
853 862
854 831
855 793
856 760
857 767
858 777
859 778
860 769
861 774
862 781
863 774
864 793
865 857
866 846
867 843
868 876
869 845
870 866
871 875
872 857
873 836
874 854
875 886
876 904
877 922
878 954
879 941
880 901
881 965
882 3
883 41
884 11
885 0
886 987
887 982
888 979
889 988
890 7
891 37
892 48
893 86
894 109
895 87
896 108
897 124
898 136
899 206
900 190
901 143
902 165
903 183
904 141
905 149
906 116
907 99
908 121
909 131
910 115
911 68
912 74
913 98
914 82
915 50
916 30
917 96
918 47
919 27
920 36
921 51
922 30
923 25
924 981
925 998
926 11
927 2
928 19
929 40
930 32
931 24
932 22
933 15
934 3
935 20
936 53
937 91
938 78
939 120
940 147
941 166
942 154
943 173
944 242
945 256
946 241
947 242
948 241
949 266
950 278
951 274
952 275
953 263
954 269
955 243
956 185
957 206
958 140
959 151
960 136
961 166
962 179
963 212
964 248
965 229
966 220
967 231
968 205
969 205
970 122
971 98
972 143
973 185
974 195
975 211
976 206
977 172
978 184
979 214
980 207
981 192
982 233
983 191
984 196
985 204
986 207
987 210
988 256
989 274
990 263
991 244
992 264
993 297
994 295
995 269
996 272
997 262
998 245
999 250
1000 274
