1 0
2 0
3 1
4 1
5 1
6 2
7 2
8 3
9 2
10 1
11 0
12 2
13 0
14 1
15 2
16 2
17 2
18 6
19 9
20 7
21 6
22 3
23 3
24 2
25 1
26 1
27 1
28 1
29 1
30 2
31 5
32 2
33 1
34 0
35 0
36 0
37 1
38 1
39 1
40 2
41 3
42 4
43 1
44 1
45 2
46 5
47 5
48 2
49 1
50 1
51 1
52 2
53 3
54 5
55 4
56 6
57 6
58 6
59 6
60 6
61 4
62 4
63 6
64 7
65 10
66 13
67 20
68 21
69 26
70 36
71 32
72 32
73 39
74 43
75 43
76 42
77 45
78 51
79 57
80 61
81 59
82 52
83 53
84 48
85 50
86 46
87 40
88 39
89 44
90 44
91 45
92 42
93 40
94 30
95 27
96 23
97 27
98 28
99 36
100 34
101 30
102 24
103 26
104 23
105 25
106 17
107 22
108 20
109 10
110 10
111 13
112 11
113 9
114 15
115 15
116 19
117 26
118 25
119 31
120 39
121 31
122 32
123 37
124 36
125 31
126 30
127 27
128 32
129 32
130 34
131 46
132 52
133 69
134 61
135 67
136 65
137 68
138 66
139 51
140 65
141 52
142 51
143 55
144 63
145 48
146 56
147 51
148 36
149 54
150 53
151 45
152 45
153 32
154 22
155 28
156 26
157 35
158 35
159 37
160 35
161 39
162 38
163 35
164 30
165 25
166 26
167 28
168 29
169 20
170 27
171 25
172 30
173 33
174 35
175 28
176 19
177 24
178 27
179 28
180 28
181 31
182 20
183 17
184 15
185 15
186 15
187 17
188 24
189 31
190 24
191 20
192 26
193 28
194 32
195 33
196 37
197 25
198 25
199 34
200 31
201 30
202 25
203 18
204 16
205 14
206 9
207 4
208 3
209 2
210 0
211 0
212 0
213 0
214 0
215 1
216 0
217 0
218 0
219 0
220 0
221 0
222 0
223 0
224 0
225 0
226 0
227 0
228 0
229 0
230 0
231 0
232 0
233 1
234 1
235 2
236 1
237 1
238 1
239 1
240 1
241 1
242 3
243 2
244 1
245 1
246 1
247 3
248 3
249 2
250 3
251 2
252 3
253 2
254 3
255 4
256 6
257 7
258 10
259 14
260 14
261 20
262 19
263 16
264 15
265 15
266 17
267 15
268 13
269 10
270 6
271 9
272 4
273 7
274 6
275 4
276 3
277 1
278 0
279 1
280 1
281 1
282 0
283 0
284 0
285 0
286 0
287 0
288 0
289 0
290 1
291 1
292 2
293 4
294 4
295 3
296 0
297 0
298 0
299 1
300 1
301 0
302 0
303 0
304 0
305 0
306 0
307 0
308 0
309 0
310 0
311 0
312 1
313 2
314 3
315 3
316 4
317 5
318 6
319 5
320 2
321 2
322 3
323 3
324 1
325 0
326 1
327 0
328 1
329 0
330 1
331 2
332 2
333 3
334 3
335 4
336 5
337 4
338 2
339 6
340 3
341 3
342 2
343 5
344 6
345 8
346 9
347 15
348 16
349 18
350 12
351 18
352 19
353 13
354 12
355 10
356 12
357 14
358 15
359 18
360 24
361 30
362 25
363 27
364 22
365 22
366 20
367 30
368 25
369 35
370 34
371 47
372 43
373 48
374 41
375 48
376 45
377 49
378 52
379 52
380 43
381 35
382 37
383 45
384 49
385 59
386 70
387 63
388 65
389 62
390 64
391 56
392 51
393 46
394 42
395 48
396 49
397 44
398 43
399 41
400 31
401 33
402 44
403 40
404 44
405 55
406 60
407 49
408 46
409 48
410 49
411 52
412 49
413 42
414 37
415 46
416 41
417 38
418 44
419 51
420 49
421 45
422 45
423 55
424 54
425 51
426 60
427 66
428 55
429 50
430 61
431 49
432 46
433 45
434 42
435 39
436 40
437 46
438 39
439 43
440 41
441 51
442 50
443 40
444 36
445 46
446 43
447 37
448 30
449 29
450 26
451 28
452 25
453 12
454 10
455 10
456 14
457 18
458 15
459 14
460 15
461 20
462 19
463 17
464 22
465 12
466 9
467 8
468 7
469 3
470 3
471 3
472 3
473 1
474 0
475 0
476 0
477 0
478 0
479 0
480 0
481 0
482 0
483 0
484 1
485 0
486 1
487 0
488 0
489 0
490 0
491 0
492 0
493 0
494 0
495 0
496 0
497 0
498 0
499 0
500 1
501 0
502 1
503 0
504 0
505 0
506 1
507 0
508 0
509 0
510 0
511 0
512 0
513 0
514 0
515 0
516 0
517 0
518 0
519 0
520 1
521 1
522 3
523 1
524 2
525 1
526 0
527 1
528 3
529 5
530 3
531 2
532 1
533 1
534 2
535 2
536 2
537 0
538 0
539 0
540 0
541 0
542 0
543 0
544 1
545 0
546 0
547 2
548 2
549 2
550 6
551 6
552 3
553 5
554 5
555 5
556 6
557 12
558 7
559 11
560 14
561 13
562 14
563 22
564 24
565 24
566 20
567 17
568 15
569 13
570 11
571 10
572 9
573 9
574 9
575 8
576 9
577 9
578 7
579 10
580 10
581 14
582 14
583 13
584 14
585 10
586 7
587 7
588 8
589 4
590 5
591 8
592 6
593 4
594 3
595 1
596 2
597 2
598 1
599 0
600 0
601 1
602 1
603 1
604 1
605 2
606 0
607 0
608 0
609 0
610 0
611 0
612 0
613 0
614 0
615 0
616 0
617 0
618 0
619 1
620 0
621 0
622 0
623 0
624 0
625 0
626 0
627 0
628 1
629 0
630 0
631 0
632 0
633 0
634 0
635 0
636 0
637 1
638 0
639 0
640 0
641 0
642 0
643 0
644 0
645 0
646 0
647 0
648 0
649 0
650 0
651 0
652 0
653 0
654 0
655 0
656 0
657 0
658 0
659 0
660 0
661 0
662 0
663 0
664 0
665 0
666 0
667 0
668 1
669 0
670 0
671 0
672 0
673 0
674 1
675 1
676 3
677 4
678 7
679 10
680 5
681 6
682 7
683 8
684 5
685 10
686 7
687 5
688 2
689 1
690 0
691 0
692 0
693 0
694 0
695 0
696 0
697 0
698 0
699 0
700 0
701 0
702 1
703 0
704 0
705 0
706 1
707 0
708 0
709 1
710 1
711 2
712 3
713 1
714 2
715 4
716 4
717 5
718 2
719 3
720 4
721 3
722 3
723 3
724 4
725 1
726 0
727 1
728 3
729 3
730 4
731 4
732 3
733 2
734 1
735 1
736 2
737 0
738 0
739 1
740 1
741 2
742 0
743 0
744 1
745 1
746 0
747 0
748 0
749 0
750 1
751 0
752 0
753 0
754 0
755 0
756 0
757 0
758 0
759 0
760 0
761 3
762 5
763 8
764 6
765 3
766 3
767 2
768 1
769 3
770 5
771 11
772 17
773 14
774 14
775 7
776 6
777 2
778 2
779 5
780 3
781 2
782 1
783 1
784 1
785 1
786 0
787 0
788 0
789 0
790 1
791 0
792 0
793 0
794 0
795 0
796 0
797 0
798 0
799 0
800 0
801 0
802 0
803 0
804 0
805 0
806 1
807 0
808 0
809 0
810 0
811 0
812 0
813 1
814 2
815 3
816 4
817 2
818 7
819 7
820 11
821 12
822 11
823 13
824 8
825 12
826 15
827 12
828 10
829 15
830 16
831 19
832 18
833 21
834 19
835 22
836 33
837 41
838 42
839 43
840 39
841 41
842 48
843 39
844 45
845 47
846 45
847 53
848 59
849 51
850 50
851 58
852 68
853 69
854 68
855 69
856 82
857 76
858 78
859 82
860 88
861 89
862 71
863 59
864 64
865 73
866 82
867 77
868 90
869 91
870 88
871 85
872 95
873 102
874 111
875 112
876 117
877 129
878 133
879 135
880 147
881 153
882 145
883 150
884 150
885 134
886 161
887 158
888 155
889 151
890 142
891 155
892 151
893 144
894 174
895 176
896 154
897 144
898 154
899 164
900 169
901 150
902 130
903 129
904 121
905 121
906 113
907 92
908 89
909 103
910 94
911 103
912 84
913 93
914 102
915 108
916 119
917 124
918 115
919 108
920 111
921 113
922 117
923 100
924 94
925 106
926 116
927 117
928 116
929 112
930 120
931 136
932 145
933 158
934 168
935 157
936 156
937 177
938 175
939 161
940 157
941 144
942 122
943 132
944 134
945 131
946 136
947 134
948 139
949 116
950 114
951 106
952 103
953 100
954 86
955 98
956 111
957 96
958 95
959 84
960 86
961 99
962 114
963 120
964 117
965 110
966 116
967 123
968 118
969 114
970 121
971 130
972 118
973 119
974 110
975 111
976 118
977 115
978 133
979 142
980 136
981 127
982 103
983 92
984 88
985 94
986 89
987 84
988 82
989 89
990 92
991 92
992 77
993 78
994 77
995 84
996 89
997 85
998 96
999 97
1000 98
