1 0
2 1
3 2
4 1
5 3
6 4
7 4
8 3
9 3
10 5
11 9
12 7
13 7
14 8
15 9
16 11
17 16
18 16
19 10
20 8
21 11
22 12
23 20
24 26
25 19
26 15
27 16
28 18
29 10
30 6
31 2
32 3
33 8
34 7
35 10
36 13
37 20
38 23
39 20
40 25
41 23
42 17
43 24
44 23
45 32
46 32
47 40
48 47
49 36
50 38
51 31
52 29
53 25
54 23
55 24
56 36
57 39
58 39
59 41
60 38
61 40
62 28
63 27
64 32
65 36
66 34
67 28
68 30
69 28
70 26
71 30
72 36
73 37
74 39
75 32
76 30
77 37
78 33
79 31
80 36
81 45
82 52
83 48
84 41
85 44
86 51
87 57
88 44
89 46
90 44
91 41
92 42
93 40
94 35
95 41
96 44
97 38
98 37
99 38
100 34
101 29
102 28
103 25
104 24
105 27
106 25
107 20
108 24
109 28
110 29
111 33
112 36
113 28
114 26
115 28
116 12
117 11
118 7
119 4
120 2
121 1
122 1
123 0
124 0
125 1
126 1
127 1
128 2
129 5
130 5
131 3
132 2
133 1
134 1
135 0
136 1
137 1
138 1
139 3
140 6
141 4
142 8
143 10
144 11
145 9
146 10
147 13
148 15
149 17
150 20
151 23
152 21
153 14
154 12
155 11
156 14
157 14
158 14
159 12
160 12
161 12
162 18
163 23
164 15
165 17
166 22
167 21
168 16
169 11
170 12
171 12
172 10
173 8
174 8
175 7
176 8
177 10
178 8
179 7
180 6
181 6
182 7
183 8
184 7
185 8
186 6
187 1
188 3
189 5
190 8
191 5
192 12
193 19
194 27
195 25
196 29
197 17
198 14
199 8
200 10
201 9
202 10
203 17
204 23
205 22
206 17
207 12
208 13
209 12
210 17
211 19
212 20
213 19
214 22
215 24
216 24
217 32
218 31
219 34
220 40
221 32
222 32
223 25
224 22
225 26
226 30
227 27
228 30
229 24
230 27
231 27
232 31
233 35
234 30
235 37
236 41
237 39
238 31
239 36
240 30
241 28
242 33
243 25
244 24
245 27
246 22
247 25
248 24
249 26
250 23
251 17
252 22
253 28
254 22
255 21
256 16
257 15
258 16
259 16
260 11
261 10
262 10
263 10
264 8
265 9
266 14
267 13
268 17
269 12
270 11
271 5
272 10
273 7
274 5
275 6
276 3
277 4
278 4
279 1
280 2
281 2
282 0
283 0
284 0
285 0
286 0
287 1
288 0
289 0
290 0
291 0
292 0
293 1
294 2
295 3
296 2
297 5
298 5
299 9
300 7
301 4
302 5
303 9
304 6
305 6
306 6
307 6
308 6
309 4
310 10
311 8
312 10
313 6
314 5
315 7
316 5
317 1
318 2
319 2
320 3
321 7
322 3
323 3
324 2
325 0
326 0
327 0
328 0
329 0
330 0
331 1
332 0
333 0
334 0
335 0
336 0
337 0
338 0
339 0
340 0
341 0
342 1
343 1
344 4
345 3
346 1
347 1
348 5
349 3
350 6
351 1
352 3
353 2
354 2
355 0
356 0
357 0
358 0
359 0
360 0
361 1
362 2
363 4
364 5
365 9
366 13
367 13
368 10
369 9
370 6
371 4
372 3
373 2
374 3
375 3
376 4
377 7
378 11
379 9
380 12
381 13
382 12
383 10
384 8
385 10
386 12
387 8
388 5
389 5
390 9
391 7
392 6
393 4
394 3
395 4
396 3
397 2
398 4
399 5
400 7
401 10
402 9
403 10
404 5
405 3
406 4
407 2
408 3
409 7
410 5
411 7
412 6
413 3
414 2
415 2
416 5
417 2
418 1
419 3
420 2
421 2
422 2
423 0
424 0
425 0
426 0
427 0
428 0
429 1
430 2
431 3
432 7
433 6
434 4
435 4
436 4
437 2
438 0
439 0
440 0
441 0
442 0
443 0
444 0
445 0
446 0
447 0
448 0
449 0
450 0
451 0
452 0
453 0
454 1
455 0
456 0
457 0
458 1
459 0
460 0
461 1
462 1
463 2
464 2
465 2
466 2
467 1
468 0
469 0
470 0
471 0
472 0
473 0
474 0
475 1
476 0
477 0
478 0
479 0
480 0
481 0
482 0
483 0
484 0
485 0
486 0
487 0
488 0
489 0
490 0
491 0
492 1
493 1
494 1
495 0
496 0
497 0
498 0
499 1
500 4
501 7
502 9
503 8
504 6
505 3
506 3
507 4
508 0
509 0
510 0
511 1
512 0
513 1
514 1
515 2
516 4
517 7
518 7
519 14
520 21
521 21
522 22
523 19
524 14
525 13
526 9
527 10
528 11
529 12
530 14
531 15
532 23
533 25
534 23
535 31
536 34
537 35
538 28
539 32
540 33
541 33
542 23
543 23
544 31
545 30
546 34
547 45
548 41
549 41
550 38
551 38
552 34
553 27
554 39
555 32
556 36
557 37
558 28
559 23
560 28
561 21
562 27
563 24
564 24
565 28
566 29
567 29
568 23
569 17
570 17
571 20
572 19
573 20
574 12
575 12
576 13
577 17
578 22
579 14
580 17
581 17
582 17
583 22
584 25
585 28
586 37
587 32
588 22
589 14
590 7
591 8
592 12
593 15
594 9
595 10
596 11
597 11
598 9
599 11
600 13
601 10
602 13
603 5
604 6
605 4
606 5
607 5
608 5
609 8
610 8
611 8
612 3
613 1
614 1
615 1
616 0
617 0
618 0
619 0
620 0
621 0
622 0
623 0
624 1
625 1
626 1
627 0
628 0
629 0
630 0
631 0
632 0
633 0
634 0
635 0
636 0
637 0
638 1
639 1
640 0
641 0
642 0
643 0
644 0
645 0
646 0
647 0
648 0
649 0
650 0
651 0
652 1
653 1
654 3
655 2
656 1
657 0
658 0
659 0
660 0
661 1
662 1
663 1
664 2
665 2
666 5
667 4
668 5
669 5
670 5
671 5
672 8
673 14
674 18
675 22
676 22
677 20
678 22
679 24
680 28
681 37
682 33
683 32
684 26
685 35
686 31
687 40
688 49
689 58
690 70
691 63
692 63
693 63
694 50
695 50
696 47
697 54
698 58
699 62
700 78
701 65
702 52
703 60
704 60
705 72
706 76
707 66
708 58
709 58
710 65
711 69
712 68
713 59
714 58
715 61
716 69
717 82
718 78
719 86
720 82
721 80
722 68
723 83
724 80
725 81
726 86
727 95
728 106
729 94
730 87
731 88
732 80
733 82
734 71
735 65
736 70
737 69
738 74
739 83
740 89
741 97
742 89
743 87
744 83
745 60
746 59
747 57
748 63
749 56
750 61
751 62
752 66
753 65
754 54
755 44
756 45
757 46
758 49
759 48
760 46
761 45
762 47
763 38
764 29
765 39
766 38
767 32
768 36
769 37
770 40
771 37
772 40
773 38
774 40
775 27
776 27
777 27
778 28
779 23
780 28
781 30
782 37
783 39
784 32
785 35
786 31
787 31
788 34
789 33
790 33
791 22
792 27
793 30
794 29
795 26
796 32
797 35
798 34
799 30
800 39
801 32
802 30
803 28
804 31
805 25
806 24
807 18
808 17
809 20
810 18
811 15
812 16
813 21
814 23
815 36
816 39
817 39
818 48
819 49
820 52
821 50
822 60
823 66
824 65
825 62
826 61
827 58
828 54
829 56
830 49
831 51
832 36
833 40
834 41
835 44
836 45
837 56
838 55
839 54
840 57
841 64
842 62
843 63
844 75
845 68
846 66
847 56
848 45
849 47
850 49
851 46
852 45
853 43
854 36
855 37
856 24
857 29
858 35
859 30
860 36
861 39
862 50
863 48
864 48
865 51
866 71
867 68
868 71
869 77
870 62
871 62
872 68
873 54
874 59
875 45
876 43
877 41
878 43
879 42
880 49
881 46
882 51
883 62
884 65
885 45
886 50
887 49
888 41
889 29
890 32
891 22
892 29
893 30
894 26
895 31
896 27
897 31
898 33
899 31
900 24
901 17
902 21
903 22
904 25
905 25
906 24
907 22
908 25
909 22
910 22
911 22
912 22
913 30
914 31
915 33
916 27
917 20
918 18
919 18
920 24
921 26
922 21
923 26
924 21
925 23
926 16
927 17
928 17
929 14
930 15
931 14
932 10
933 5
934 7
935 6
936 4
937 0
938 0
939 0
940 0
941 0
942 0
943 1
944 2
945 3
946 3
947 5
948 1
949 1
950 0
951 0
952 0
953 0
954 0
955 0
956 1
957 3
958 4
959 2
960 1
961 1
962 1
963 2
964 1
965 0
966 0
967 0
968 0
969 0
970 0
971 0
972 0
973 1
974 1
975 2
976 0
977 0
978 0
979 0
980 1
981 1
982 1
983 0
984 1
985 3
986 2
987 4
988 3
989 5
990 4
991 4
992 5
993 2
994 6
995 5
996 3
997 2
998 0
999 0
1000 0
