1 0
2 0
3 0
4 0
5 0
6 1
7 0
8 0
9 1
10 2
11 1
12 1
13 3
14 1
15 2
16 1
17 2
18 2
19 3
20 2
21 2
22 3
23 3
24 3
25 1
26 1
27 2
28 0
29 0
30 0
31 0
32 0
33 1
34 1
35 1
36 0
37 0
38 0
39 0
40 0
41 0
42 1
43 3
44 4
45 6
46 3
47 3
48 3
49 2
50 4
51 2
52 1
53 2
54 3
55 7
56 12
57 11
58 10
59 6
60 6
61 7
62 6
63 4
64 5
65 5
66 6
67 10
68 9
69 8
70 8
71 5
72 5
73 5
74 10
75 5
76 2
77 1
78 0
79 0
80 0
81 1
82 1
83 2
84 2
85 2
86 3
87 3
88 4
89 3
90 3
91 3
92 2
93 2
94 4
95 1
96 1
97 2
98 1
99 3
100 1
101 2
102 4
103 4
104 3
105 0
106 1
107 2
108 2
109 4
110 6
111 9
112 8
113 6
114 5
115 6
116 8
117 7
118 4
119 4
120 5
121 3
122 5
123 7
124 4
125 3
126 0
127 1
128 1
129 0
130 0
131 0
132 0
133 0
134 0
135 0
136 0
137 0
138 0
139 1
140 1
141 0
142 0
143 0
144 1
145 0
146 0
147 0
148 0
149 0
150 0
151 0
152 1
153 1
154 1
155 1
156 1
157 0
158 1
159 4
160 2
161 1
162 3
163 3
164 3
165 2
166 0
167 0
168 0
169 0
170 0
171 0
172 2
173 4
174 3
175 5
176 6
177 5
178 5
179 3
180 3
181 3
182 3
183 4
184 1
185 2
186 3
187 4
188 1
189 3
190 4
191 5
192 5
193 2
194 2
195 3
196 3
197 1
198 0
199 0
200 1
201 3
202 4
203 5
204 1
205 1
206 1
207 0
208 0
209 0
210 0
211 0
212 1
213 1
214 1
215 0
216 0
217 0
218 1
219 4
220 4
221 8
222 9
223 13
224 18
225 24
226 25
227 18
228 21
229 27
230 28
231 30
232 29
233 29
234 28
235 34
236 25
237 20
238 16
239 13
240 12
241 13
242 14
243 13
244 13
245 6
246 12
247 10
248 8
249 10
250 6
251 3
252 1
253 3
254 2
255 4
256 5
257 5
258 8
259 9
260 8
261 8
262 5
263 9
264 7
265 6
266 4
267 2
268 1
269 1
270 0
271 1
272 0
273 0
274 0
275 0
276 0
277 0
278 1
279 0
280 0
281 0
282 0
283 0
284 0
285 0
286 0
287 0
288 0
289 0
290 2
291 4
292 4
293 2
294 4
295 7
296 5
297 1
298 0
299 0
300 1
301 2
302 2
303 1
304 1
305 0
306 2
307 3
308 4
309 6
310 7
311 7
312 8
313 8
314 8
315 10
316 9
317 11
318 15
319 18
320 18
321 12
322 8
323 7
324 4
325 4
326 5
327 1
328 1
329 1
330 2
331 2
332 4
333 8
334 7
335 11
336 9
337 9
338 6
339 6
340 7
341 9
342 7
343 7
344 9
345 4
346 3
347 4
348 2
349 2
350 4
351 5
352 3
353 2
354 2
355 0
356 0
357 0
358 0
359 0
360 1
361 0
362 0
363 0
364 0
365 0
366 0
367 0
368 0
369 0
370 0
371 0
372 0
373 0
374 0
375 0
376 1
377 4
378 5
379 3
380 2
381 5
382 7
383 6
384 7
385 11
386 7
387 6
388 7
389 3
390 4
391 2
392 4
393 2
394 4
395 4
396 4
397 2
398 2
399 0
400 0
401 0
402 0
403 0
404 0
405 0
406 0
407 0
408 0
409 0
410 0
411 0
412 1
413 1
414 3
415 3
416 4
417 1
418 2
419 0
420 1
421 0
422 0
423 0
424 0
425 0
426 0
427 0
428 0
429 0
430 0
431 0
432 2
433 1
434 0
435 2
436 1
437 0
438 0
439 1
440 1
441 1
442 0
443 0
444 0
445 0
446 0
447 1
448 1
449 2
450 2
451 5
452 6
453 8
454 10
455 7
456 6
457 12
458 12
459 13
460 11
461 12
462 13
463 17
464 22
465 30
466 28
467 34
468 32
469 42
470 41
471 52
472 54
473 55
474 58
475 72
476 68
477 68
478 83
479 88
480 88
481 92
482 91
483 74
484 73
485 79
486 86
487 82
488 80
489 73
490 74
491 69
492 59
493 60
494 65
495 67
496 68
497 70
498 61
499 58
500 58
501 57
502 57
503 50
504 56
505 53
506 41
507 40
508 41
509 47
510 47
511 51
512 44
513 50
514 52
515 48
516 56
517 54
518 61
519 76
520 65
521 73
522 65
523 68
524 73
525 67
526 50
527 51
528 50
529 58
530 48
531 46
532 50
533 50
534 47
535 53
536 47
537 43
538 38
539 46
540 44
541 40
542 46
543 62
544 61
545 74
546 63
547 62
548 73
549 61
550 61
551 81
552 86
553 77
554 77
555 84
556 79
557 66
558 68
559 74
560 65
561 69
562 69
563 78
564 77
565 87
566 84
567 83
568 82
569 75
570 66
571 80
572 86
573 92
574 99
575 110
576 110
577 115
578 142
579 168
580 163
581 153
582 161
583 161
584 145
585 155
586 160
587 193
588 207
589 216
590 226
591 225
592 243
593 254
594 266
595 278
596 273
597 262
598 256
599 264
600 285
601 332
602 328
603 320
604 319
605 328
606 344
607 360
608 339
609 318
610 275
611 287
612 285
613 297
614 330
615 341
616 348
617 337
618 332
619 326
620 331
621 361
622 361
623 378
624 372
625 381
626 378
627 367
628 370
629 387
630 355
631 303
632 284
633 299
634 315
635 322
636 335
637 332
638 335
639 359
640 382
641 405
642 377
643 363
644 396
645 383
646 372
647 365
648 365
649 362
650 356
651 352
652 314
653 277
654 269
655 297
656 305
657 296
658 260
659 228
660 233
661 244
662 234
663 212
664 215
665 216
666 191
667 183
668 183
669 177
670 198
671 208
672 203
673 230
674 214
675 217
676 220
677 221
678 240
679 221
680 204
681 204
682 219
683 246
684 262
685 254
686 260
687 244
688 255
689 247
690 229
691 241
692 232
693 219
694 209
695 195
696 169
697 166
698 172
699 177
700 166
701 167
702 172
703 192
704 202
705 186
706 182
707 200
708 207
709 216
710 215
711 185
712 173
713 187
714 169
715 171
716 158
717 175
718 157
719 170
720 149
721 118
722 129
723 127
724 128
725 144
726 139
727 131
728 118
729 132
730 130
731 156
732 152
733 170
734 144
735 134
736 137
737 166
738 184
739 187
740 177
741 136
742 157
743 148
744 153
745 158
746 137
747 159
748 177
749 195
750 188
751 209
752 248
753 252
754 281
755 301
756 317
757 340
758 333
759 356
760 353
761 360
762 411
763 438
764 420
765 426
766 441
767 446
768 440
769 404
770 353
771 338
772 385
773 387
774 368
775 381
776 399
777 368
778 429
779 409
780 422
781 413
782 424
783 419
784 417
785 447
786 450
787 448
788 401
789 402
790 405
791 333
792 352
793 333
794 342
795 363
796 419
797 390
798 412
799 391
800 379
801 392
802 390
803 403
804 424
805 396
806 369
807 398
808 458
809 457
810 441
811 426
812 455
813 421
814 412
815 411
816 470
817 457
818 485
819 467
820 478
821 442
822 464
823 497
824 524
825 516
826 500
827 462
828 494
829 476
830 444
831 461
832 457
833 440
834 423
835 434
836 420
837 441
838 438
839 449
840 479
841 487
842 499
843 522
844 543
845 508
846 530
847 532
848 588
849 592
850 570
851 563
852 554
853 502
854 569
855 547
856 526
857 519
858 536
859 469
860 479
861 460
862 438
863 420
864 435
865 429
866 417
867 419
868 453
869 491
870 512
871 502
872 545
873 584
874 539
875 560
876 532
877 567
878 580
879 617
880 610
881 616
882 655
883 649
884 633
885 672
886 634
887 650
888 679
889 740
890 804
891 827
892 813
893 834
894 831
895 837
896 792
897 738
898 742
899 710
900 711
901 705
902 666
903 668
904 681
905 637
906 686
907 649
908 665
909 655
910 637
911 621
912 618
913 566
914 543
915 554
916 537
917 518
918 508
919 486
920 472
921 466
922 442
923 410
924 404
925 442
926 451
927 453
928 461
929 422
930 419
931 445
932 459
933 459
934 468
935 480
936 512
937 495
938 522
939 529
940 546
941 545
942 582
943 539
944 565
945 559
946 551
947 595
948 590
949 608
950 595
951 595
952 616
953 630
954 591
955 599
956 590
957 590
958 564
959 546
960 532
961 498
962 487
963 501
964 493
965 443
966 401
967 414
968 433
969 428
970 452
971 419
972 438
973 416
974 438
975 430
976 409
977 391
978 398
979 403
980 426
981 479
982 495
983 473
984 428
985 383
986 408
987 404
988 392
989 433
990 403
991 384
992 367
993 374
994 365
995 430
996 426
997 421
998 399
999 407
1000 404
