1 0
2 0
3 0
4 0
5 0
6 0
7 0
8 0
9 0
10 0
11 0
12 0
13 0
14 0
15 0
16 0
17 0
18 0
19 0
20 0
21 0
22 0
23 0
24 0
25 0
26 0
27 0
28 0
29 0
30 0
31 0
32 0
33 0
34 0
35 0
36 0
37 0
38 0
39 0
40 0
41 0
42 0
43 0
44 0
45 0
46 0
47 0
48 0
49 0
50 0
51 0
52 0
53 0
54 0
55 0
56 0
57 0
58 0
59 0
60 0
61 0
62 0
63 0
64 0
65 0
66 0
67 0
68 0
69 0
70 0
71 0
72 0
73 0
74 0
75 0
76 0
77 0
78 0
79 0
80 0
81 0
82 0
83 0
84 0
85 0
86 0
87 0
88 0
89 0
90 0
91 0
92 0
93 0
94 0
95 0
96 0
97 0
98 0
99 0
100 0
101 0
102 0
103 0
104 0
105 0
106 0
107 0
108 0
109 0
110 0
111 0
112 0
113 0
114 0
115 0
116 0
117 0
118 0
119 0
120 0
121 0
122 0
123 0
124 0
125 0
126 0
127 0
128 0
129 0
130 0
131 0
132 0
133 0
134 0
135 0
136 0
137 0
138 0
139 0
140 0
141 0
142 0
143 0
144 0
145 0
146 0
147 0
148 0
149 0
150 0
151 0
152 0
153 0
154 0
155 0
156 0
157 0
158 0
159 0
160 0
161 0
162 0
163 0
164 0
165 0
166 0
167 0
168 0
169 0
170 0
171 0
172 0
173 0
174 0
175 0
176 0
177 0
178 0
179 0
180 0
181 0
182 0
183 0
184 0
185 0
186 0
187 0
188 0
189 0
190 0
191 0
192 0
193 0
194 0
195 0
196 0
197 0
198 0
199 0
200 0
201 0
202 0
203 0
204 0
205 0
206 0
207 0
208 0
209 0
210 0
211 0
212 0
213 0
214 0
215 0
216 0
217 0
218 0
219 0
220 0
221 0
222 0
223 0
224 0
225 0
226 0
227 0
228 0
229 0
230 0
231 0
232 0
233 0
234 0
235 0
236 0
237 0
238 0
239 0
240 0
241 0
242 0
243 0
244 0
245 0
246 0
247 0
248 0
249 0
250 0
251 0
252 0
253 0
254 0
255 0
256 0
257 0
258 0
259 0
260 0
261 0
262 0
263 0
264 0
265 0
266 0
267 0
268 0
269 0
270 0
271 0
272 0
273 0
274 0
275 0
276 0
277 0
278 0
279 0
280 0
281 0
282 0
283 0
284 0
285 0
286 0
287 0
288 0
289 0
290 0
291 0
292 0
293 0
294 0
295 0
296 0
297 0
298 0
299 0
300 0
301 0
302 0
303 0
304 0
305 0
306 0
307 0
308 0
309 0
310 0
311 0
312 0
313 0
314 0
315 0
316 0
317 0
318 0
319 0
320 0
321 0
322 0
323 0
324 0
325 0
326 0
327 0
328 0
329 0
330 0
331 0
332 0
333 0
334 0
335 0
336 0
337 0
338 0
339 0
340 0
341 0
342 0
343 0
344 0
345 0
346 0
347 0
348 0
349 0
350 0
351 0
352 0
353 0
354 0
355 0
356 0
357 0
358 0
359 0
360 0
361 0
362 0
363 0
364 0
365 0
366 0
367 0
368 0
369 0
370 0
371 0
372 0
373 0
374 0
375 0
376 0
377 0
378 0
379 0
380 0
381 0
382 0
383 0
384 0
385 0
386 0
387 0
388 0
389 0
390 0
391 0
392 0
393 0
394 0
395 0
396 0
397 0
398 0
399 0
400 0
401 0
402 0
403 0
404 0
405 0
406 0
407 0
408 0
409 0
410 0
411 0
412 0
413 0
414 0
415 0
416 0
417 0
418 0
419 0
420 0
421 0
422 0
423 0
424 0
425 0
426 0
427 1
428 2
429 0
430 0
431 0
432 0
433 0
434 0
435 0
436 0
437 0
438 0
439 0
440 0
441 0
442 0
443 0
444 0
445 0
446 0
447 0
448 0
449 0
450 0
451 0
452 0
453 0
454 0
455 0
456 0
457 0
458 0
459 0
460 0
461 0
462 0
463 0
464 0
465 0
466 0
467 0
468 0
469 0
470 0
471 0
472 0
473 0
474 0
475 0
476 0
477 0
478 0
479 0
480 0
481 0
482 0
483 0
484 0
485 0
486 0
487 0
488 0
489 0
490 0
491 0
492 0
493 0
494 0
495 0
496 0
497 0
498 0
499 0
500 0
501 0
502 0
503 0
504 0
505 0
506 0
507 0
508 0
509 0
510 0
511 0
512 0
513 0
514 0
515 0
516 0
517 0
518 0
519 0
520 0
521 0
522 0
523 0
524 0
525 0
526 0
527 0
528 0
529 0
530 0
531 0
532 0
533 0
534 0
535 0
536 0
537 0
538 0
539 0
540 0
541 0
542 0
543 0
544 0
545 0
546 0
547 0
548 0
549 0
550 0
551 0
552 0
553 0
554 0
555 0
556 0
557 0
558 0
559 0
560 0
561 0
562 0
563 0
564 0
565 0
566 0
567 0
568 0
569 0
570 0
571 0
572 0
573 0
574 0
575 0
576 0
577 0
578 0
579 0
580 0
581 0
582 0
583 0
584 0
585 0
586 0
587 0
588 1
589 2
590 2
591 1
592 3
593 7
594 10
595 9
596 15
597 13
598 14
599 15
600 15
601 17
602 17
603 13
604 22
605 18
606 13
607 15
608 21
609 23
610 27
611 29
612 43
613 36
614 28
615 26
616 25
617 27
618 35
619 38
620 41
621 51
622 58
623 56
624 58
625 50
626 55
627 49
628 63
629 58
630 60
631 62
632 56
633 56
634 62
635 58
636 71
637 75
638 69
639 70
640 65
641 64
642 73
643 82
644 74
645 66
646 55
647 49
648 51
649 45
650 47
651 44
652 44
653 52
654 53
655 65
656 63
657 50
658 59
659 68
660 79
661 90
662 91
663 87
664 87
665 79
666 73
667 84
668 91
669 83
670 86
671 77
672 71
673 73
674 72
675 78
676 87
677 81
678 91
679 84
680 93
681 103
682 92
683 84
684 79
685 82
686 79
687 77
688 73
689 83
690 66
691 71
692 60
693 59
694 57
695 69
696 72
697 74
698 72
699 69
700 86
701 84
702 102
703 101
704 88
705 91
706 99
707 112
708 103
709 94
710 92
711 88
712 83
713 91
714 93
715 89
716 89
717 91
718 93
719 86
720 90
721 97
722 105
723 106
724 94
725 78
726 72
727 67
728 55
729 63
730 72
731 66
732 66
733 60
734 65
735 55
736 48
737 50
738 55
739 59
740 47
741 39
742 33
743 31
744 32
745 37
746 34
747 31
748 26
749 25
750 21
751 28
752 29
753 38
754 38
755 37
756 39
757 33
758 44
759 53
760 69
761 80
762 84
763 95
764 90
765 93
766 83
767 84
768 85
769 83
770 84
771 83
772 89
773 75
774 85
775 85
776 85
777 77
778 73
779 77
780 88
781 86
782 79
783 76
784 65
785 63
786 61
787 57
788 63
789 56
790 58
791 60
792 58
793 43
794 45
795 53
796 48
797 49
798 55
799 56
800 57
801 52
802 47
803 39
804 43
805 47
806 43
807 54
808 50
809 46
810 46
811 38
812 52
813 61
814 59
815 55
816 59
817 62
818 69
819 59
820 58
821 66
822 64
823 60
824 64
825 59
826 52
827 48
828 36
829 35
830 34
831 37
832 44
833 39
834 27
835 34
836 43
837 46
838 55
839 65
840 66
841 59
842 51
843 43
844 45
845 41
846 37
847 46
848 41
849 40
850 41
851 41
852 43
853 49
854 42
855 40
856 44
857 42
858 49
859 49
860 58
861 72
862 72
863 91
864 95
865 82
866 92
867 83
868 94
869 97
870 102
871 104
872 110
873 110
874 109
875 103
876 89
877 79
878 74
879 66
880 73
881 70
882 86
883 76
884 80
885 87
886 81
887 80
888 87
889 94
890 85
891 93
892 87
893 98
894 92
895 110
896 104
897 101
898 99
899 88
900 77
901 72
902 76
903 63
904 64
905 67
906 71
907 69
908 75
909 93
910 93
911 98
912 121
913 113
914 121
915 128
916 123
917 134
918 146
919 145
920 160
921 185
922 185
923 190
924 213
925 199
926 186
927 205
928 209
929 232
930 217
931 218
932 220
933 191
934 194
935 203
936 192
937 190
938 217
939 232
940 239
941 245
942 234
943 233
944 232
945 228
946 217
947 223
948 229
949 223
950 228
951 215
952 207
953 212
954 227
955 252
956 249
957 242
958 245
959 248
960 249
961 278
962 295
963 310
964 293
965 265
966 269
967 266
968 242
969 222
970 228
971 239
972 217
973 207
974 180
975 211
976 219
977 203
978 210
979 212
980 250
981 232
982 230
983 256
984 225
985 227
986 226
987 230
988 212
989 199
990 193
991 234
992 235
993 233
994 249
995 243
996 263
997 279
998 291
999 279
1000 257
