1 2
2 4
3 2
4 4
5 7
6 15
7 12
8 17
9 16
10 19
11 24
12 20
13 14
14 19
15 25
16 26
17 26
18 35
19 35
20 35
21 29
22 30
23 25
24 29
25 30
26 35
27 32
28 42
29 46
30 44
31 46
32 60
33 62
34 66
35 73
36 82
37 80
38 78
39 87
40 83
41 86
42 82
43 75
44 89
45 87
46 94
47 98
48 106
49 103
50 85
51 81
52 82
53 79
54 77
55 77
56 70
57 79
58 89
59 80
60 77
61 85
62 100
63 104
64 111
65 116
66 110
67 118
68 117
69 113
70 107
71 114
72 100
73 110
74 106
75 114
76 127
77 131
78 131
79 139
80 128
81 137
82 144
83 150
84 148
85 135
86 138
87 145
88 137
89 120
90 120
91 129
92 144
93 159
94 182
95 164
96 176
97 174
98 183
99 173
100 177
101 171
102 158
103 150
104 147
105 154
106 156
107 156
108 139
109 132
110 137
111 129
112 131
113 138
114 153
115 150
116 169
117 160
118 155
119 171
120 168
121 164
122 147
123 155
124 135
125 129
126 151
127 141
128 125
129 136
130 135
131 132
132 132
133 138
134 136
135 135
136 140
137 135
138 127
139 136
140 131
141 121
142 119
143 107
144 102
145 93
146 119
147 122
148 127
149 124
150 112
151 126
152 130
153 121
154 121
155 124
156 134
157 153
158 161
159 182
160 184
161 208
162 189
163 169
164 176
165 171
166 175
167 179
168 188
169 199
170 219
171 198
172 193
173 196
174 178
175 162
176 187
177 184
178 198
179 186
180 188
181 193
182 201
183 216
184 193
185 188
186 181
187 195
188 197
189 213
190 219
191 206
192 238
193 257
194 258
195 259
196 270
197 294
198 315
199 355
200 380
201 369
202 361
203 348
204 366
205 347
206 342
207 359
208 346
209 338
210 333
211 370
212 347
213 341
214 342
215 339
216 365
217 366
218 353
219 350
220 367
221 377
222 375
223 329
224 344
225 370
226 370
227 350
228 334
229 321
230 324
231 333
232 328
233 322
234 319
235 306
236 320
237 313
238 308
239 331
240 350
241 335
242 345
243 350
244 368
245 412
246 419
247 442
248 459
249 472
250 473
251 476
252 489
253 468
254 439
255 433
256 446
257 434
258 437
259 435
260 425
261 441
262 456
263 478
264 519
265 548
266 562
267 544
268 529
269 531
270 514
271 469
272 460
273 510
274 509
275 560
276 549
277 601
278 575
279 601
280 596
281 601
282 633
283 627
284 643
285 642
286 641
287 670
288 687
289 727
290 756
291 770
292 782
293 816
294 817
295 798
296 836
297 858
298 860
299 886
300 854
301 874
302 818
303 795
304 771
305 836
306 800
307 813
308 794
309 742
310 758
311 776
312 787
313 787
314 828
315 848
316 887
317 924
318 937
319 964
320 993
321 22
322 81
323 27
324 57
325 75
326 34
327 998
328 982
329 963
330 900
331 925
332 893
333 914
334 943
335 994
336 975
337 960
338 976
339 964
340 961
341 898
342 874
343 933
344 929
345 872
346 904
347 887
348 872
349 874
350 795
351 779
352 827
353 880
354 877
355 816
356 822
357 848
358 854
359 852
360 882
361 880
362 892
363 887
364 872
365 845
366 907
367 909
368 921
369 939
370 3
371 95
372 54
373 88
374 97
375 29
376 19
377 17
378 62
379 67
380 76
381 102
382 172
383 152
384 167
385 169
386 163
387 170
388 189
389 297
390 274
391 335
392 377
393 409
394 377
395 360
396 377
397 333
398 327
399 350
400 358
401 356
402 400
403 335
404 322
405 344
406 364
407 390
408 334
409 362
410 436
411 432
412 421
413 363
414 435
415 407
416 394
417 377
418 365
419 391
420 410
421 418
422 367
423 407
424 328
425 321
426 307
427 306
428 350
429 342
430 291
431 226
432 206
433 175
434 163
435 206
436 281
437 257
438 242
439 244
440 250
441 215
442 202
443 181
444 172
445 173
446 174
447 231
448 199
449 204
450 156
451 115
452 107
453 98
454 68
455 89
456 52
457 79
458 63
459 69
460 83
461 62
462 64
463 25
464 40
465 82
466 128
467 72
468 100
469 65
470 54
471 51
472 985
473 6
474 53
475 47
476 66
477 51
478 113
479 86
480 139
481 134
482 147
483 139
484 115
485 65
486 49
487 79
488 117
489 132
490 145
491 166
492 159
493 204
494 193
495 166
496 201
497 180
498 178
499 172
500 179
501 230
502 263
503 310
504 337
505 334
506 342
507 311
508 304
509 312
510 315
511 291
512 318
513 343
514 324
515 332
516 382
517 411
518 432
519 444
520 426
521 490
522 485
523 486
524 525
525 505
526 560
527 622
528 609
529 598
530 559
531 562
532 599
533 601
534 580
535 572
536 605
537 622
538 563
539 613
540 582
541 547
542 599
543 651
544 698
545 741
546 821
547 822
548 758
549 828
550 853
551 886
552 924
553 917
554 890
555 838
556 870
557 820
558 834
559 837
560 782
561 759
562 832
563 819
564 861
565 893
566 901
567 879
568 906
569 894
570 864
571 866
572 876
573 825
574 828
575 812
576 863
577 871
578 863
579 855
580 874
581 895
582 868
583 867
584 877
585 821
586 820
587 801
588 773
589 773
590 797
591 802
592 801
593 781
594 789
595 819
596 822
597 839
598 813
599 827
600 833
601 796
602 750
603 774
604 805
605 810
606 850
607 900
608 864
609 829
610 841
611 829
612 844
613 901
614 894
615 870
616 908
617 842
618 819
619 866
620 881
621 824
622 804
623 835
624 900
625 908
626 903
627 918
628 2
629 987
630 974
631 18
632 26
633 9
634 13
635 12
636 71
637 46
638 64
639 106
640 114
641 111
642 117
643 54
644 31
645 53
646 76
647 63
648 92
649 73
650 84
651 78
652 54
653 41
654 98
655 105
656 56
657 66
658 59
659 0
660 968
661 935
662 929
663 997
664 983
665 968
666 14
667 24
668 985
669 986
670 919
671 920
672 976
673 950
674 993
675 962
676 931
677 914
678 921
679 858
680 855
681 850
682 824
683 798
684 801
685 773
686 811
687 828
688 826
689 849
690 894
691 936
692 12
693 17
694 26
695 926
696 909
697 902
698 891
699 877
700 939
701 850
702 823
703 884
704 913
705 895
706 969
707 982
708 946
709 898
710 874
711 873
712 895
713 900
714 876
715 856
716 892
717 916
718 937
719 921
720 914
721 971
722 931
723 947
724 983
725 961
726 969
727 973
728 25
729 69
730 73
731 67
732 39
733 1
734 9
735 0
736 916
737 889
738 883
739 864
740 897
741 910
742 884
743 882
744 855
745 822
746 835
747 901
748 911
749 924
750 892
751 926
752 958
753 969
754 960
755 971
756 935
757 25
758 56
759 67
760 44
761 53
762 59
763 115
764 83
765 132
766 157
767 137
768 197
769 235
770 193
771 157
772 123
773 137
774 146
775 172
776 158
777 148
778 143
779 180
780 240
781 270
782 271
783 283
784 257
785 219
786 231
787 273
788 336
789 340
790 455
791 496
792 510
793 569
794 568
795 498
796 441
797 322
798 308
799 356
800 320
801 317
802 421
803 398
804 386
805 414
806 358
807 341
808 311
809 317
810 341
811 348
812 317
813 271
814 280
815 306
816 272
817 297
818 280
819 270
820 180
821 213
822 165
823 206
824 182
825 267
826 309
827 316
828 364
829 357
830 309
831 288
832 236
833 289
834 294
835 306
836 240
837 200
838 214
839 193
840 246
841 268
842 322
843 322
844 346
845 432
846 493
847 579
848 653
849 673
850 662
851 643
852 565
853 587
854 579
855 558
856 572
857 585
858 557
859 596
860 614
861 636
862 612
863 621
864 584
865 582
866 642
867 628
868 590
869 696
870 738
871 624
872 605
873 664
874 636
875 666
876 585
877 610
878 646
879 596
880 542
881 648
882 571
883 568
884 589
885 647
886 686
887 749
888 683
889 713
890 732
891 733
892 736
893 664
894 641
895 656
896 674
897 670
898 709
899 784
900 824
901 883
902 866
903 868
904 848
905 813
906 813
907 767
908 847
909 881
910 821
911 863
912 892
913 932
914 16
915 964
916 905
917 939
918 951
919 952
920 6
921 3
922 38
923 47
924 67
925 91
926 111
927 181
928 211
929 207
930 167
931 217
932 150
933 112
934 71
935 15
936 33
937 2
938 986
939 55
940 91
941 120
942 114
943 126
944 159
945 186
946 158
947 187
948 174
949 137
950 177
951 135
952 42
953 82
954 135
955 152
956 202
957 176
958 195
959 186
960 189
961 211
962 198
963 205
964 118
965 96
966 33
967 44
968 56
969 34
970 94
971 141
972 115
973 129
974 82
975 112
976 120
977 186
978 159
979 223
980 226
981 187
982 177
983 147
984 120
985 39
986 17
987 47
988 973
989 979
990 959
991 929
992 913
993 908
994 922
995 925
996 903
997 900
998 948
999 965
1000 914
