1 0
2 0
3 0
4 0
5 0
6 0
7 0
8 0
9 0
10 0
11 0
12 0
13 0
14 0
15 0
16 0
17 1
18 2
19 2
20 2
21 2
22 2
23 5
24 4
25 8
26 7
27 8
28 7
29 5
30 8
31 5
32 6
33 4
34 4
35 4
36 9
37 9
38 6
39 7
40 8
41 6
42 11
43 7
44 11
45 9
46 12
47 16
48 15
49 20
50 28
51 40
52 58
53 74
54 67
55 57
56 60
57 67
58 77
59 87
60 92
61 99
62 105
63 106
64 114
65 118
66 110
67 118
68 123
69 123
70 122
71 113
72 101
73 92
74 76
75 78
76 81
77 87
78 74
79 75
80 70
81 81
82 74
83 87
84 88
85 83
86 93
87 105
88 116
89 135
90 134
91 151
92 154
93 157
94 145
95 143
96 152
97 142
98 127
99 108
100 123
101 146
102 160
103 183
104 189
105 191
106 193
107 195
108 182
109 180
110 170
111 175
112 184
113 196
114 208
115 221
116 210
117 230
118 217
119 213
120 216
121 224
122 209
123 209
124 226
125 188
126 207
127 213
128 213
129 216
130 217
131 217
132 220
133 199
134 200
135 203
136 207
137 204
138 205
139 227
140 225
141 236
142 243
143 251
144 236
145 232
146 219
147 212
148 206
149 208
150 198
151 221
152 226
153 223
154 204
155 182
156 187
157 191
158 207
159 206
160 202
161 216
162 225
163 251
164 243
165 258
166 233
167 244
168 235
169 240
170 230
171 243
172 246
173 226
174 221
175 236
176 223
177 214
178 221
179 213
180 214
181 205
182 190
183 171
184 176
185 185
186 200
187 206
188 198
189 208
190 205
191 206
192 219
193 205
194 197
195 157
196 159
197 158
198 147
199 137
200 143
201 141
202 129
203 138
204 137
205 119
206 111
207 104
208 109
209 108
210 116
211 135
212 143
213 146
214 152
215 152
216 170
217 172
218 179
219 164
220 161
221 183
222 179
223 183
224 185
225 180
226 175
227 168
228 151
229 163
230 158
231 153
232 160
233 163
234 154
235 134
236 134
237 139
238 123
239 115
240 135
241 130
242 140
243 156
244 138
245 125
246 140
247 136
248 139
249 129
250 122
251 96
252 109
253 100
254 104
255 108
256 102
257 99
258 120
259 124
260 129
261 124
262 122
263 123
264 110
265 108
266 110
267 111
268 98
269 96
270 112
271 114
272 114
273 139
274 163
275 157
276 169
277 159
278 175
279 204
280 178
281 176
282 151
283 167
284 156
285 128
286 149
287 152
288 149
289 172
290 175
291 167
292 158
293 147
294 149
295 135
296 144
297 161
298 178
299 162
300 158
301 180
302 161
303 163
304 155
305 148
306 146
307 155
308 152
309 141
310 131
311 141
312 157
313 160
314 138
315 132
316 126
317 124
318 130
319 137
320 133
321 144
322 145
323 142
324 147
325 161
326 154
327 139
328 157
329 121
330 132
331 135
332 142
333 141
334 121
335 108
336 98
337 105
338 87
339 98
340 88
341 83
342 89
343 93
344 90
345 112
346 110
347 112
348 99
349 102
350 87
351 75
352 73
353 70
354 72
355 73
356 71
357 74
358 76
359 77
360 61
361 72
362 79
363 95
364 100
365 94
366 96
367 91
368 109
369 111
370 109
371 117
372 122
373 120
374 100
375 95
376 99
377 94
378 92
379 76
380 76
381 64
382 82
383 66
384 83
385 80
386 75
387 76
388 88
389 77
390 74
391 71
392 69
393 81
394 103
395 121
396 106
397 124
398 110
399 94
400 89
401 76
402 59
403 62
404 53
405 45
406 50
407 53
408 61
409 57
410 46
411 44
412 54
413 58
414 64
415 76
416 67
417 54
418 58
419 64
420 59
421 45
422 46
423 46
424 56
425 56
426 57
427 55
428 70
429 69
430 76
431 95
432 102
433 109
434 113
435 114
436 131
437 130
438 144
439 148
440 140
441 134
442 133
443 127
444 134
445 151
446 151
447 184
448 189
449 202
450 171
451 173
452 165
453 185
454 168
455 166
456 160
457 156
458 160
459 155
460 172
461 159
462 174
463 181
464 188
465 191
466 194
467 203
468 196
469 178
470 147
471 155
472 151
473 158
474 177
475 170
476 160
477 165
478 190
479 196
480 213
481 205
482 237
483 256
484 270
485 254
486 243
487 222
488 201
489 187
490 191
491 194
492 188
493 196
494 193
495 172
496 167
497 181
498 171
499 182
500 188
501 181
502 166
503 157
504 135
505 132
506 133
507 135
508 146
509 162
510 149
511 146
512 150
513 151
514 163
515 160
516 154
517 123
518 106
519 126
520 137
521 136
522 142
523 154
524 176
525 180
526 163
527 154
528 179
529 200
530 184
531 213
532 238
533 215
534 219
535 234
536 233
537 256
538 260
539 256
540 258
541 254
542 232
543 254
544 287
545 305
546 301
547 298
548 318
549 313
550 302
551 264
552 254
553 276
554 280
555 271
556 311
557 318
558 307
559 302
560 300
561 324
562 331
563 350
564 370
565 381
566 393
567 427
568 453
569 486
570 484
571 463
572 470
573 444
574 431
575 432
576 426
577 454
578 494
579 478
580 417
581 426
582 439
583 484
584 481
585 516
586 481
587 494
588 515
589 491
590 491
591 508
592 518
593 564
594 553
595 551
596 567
597 597
598 626
599 645
600 657
601 656
602 655
603 654
604 638
605 666
606 649
607 653
608 645
609 643
610 608
611 645
612 616
613 619
614 621
615 623
616 616
617 613
618 632
619 677
620 655
621 664
622 653
623 651
624 609
625 576
626 567
627 572
628 584
629 586
630 622
631 670
632 629
633 606
634 629
635 633
636 611
637 626
638 650
639 609
640 645
641 645
642 665
643 680
644 666
645 656
646 658
647 619
648 669
649 734
650 674
651 661
652 693
653 712
654 697
655 713
656 692
657 703
658 745
659 761
660 763
661 768
662 782
663 728
664 781
665 786
666 807
667 794
668 756
669 734
670 715
671 703
672 709
673 737
674 731
675 738
676 713
677 682
678 708
679 770
680 742
681 757
682 808
683 822
684 833
685 833
686 848
687 889
688 895
689 870
690 895
691 893
692 886
693 935
694 972
695 1001
696 1035
697 1041
698 1052
699 1005
700 1034
701 1009
702 964
703 941
704 925
705 937
706 881
707 924
708 927
709 939
710 870
711 925
712 1007
713 1061
714 1037
715 1068
716 1042
717 1092
718 1082
719 1096
720 1042
721 1052
722 1060
723 1071
724 1064
725 1070
726 1087
727 1038
728 1041
729 1026
730 996
731 1006
732 1031
733 1013
734 1028
735 1090
736 1116
737 1101
738 1122
739 1124
740 1130
741 1129
742 1058
743 1097
744 1108
745 1083
746 1105
747 1094
748 1044
749 1022
750 1026
751 982
752 963
753 999
754 963
755 940
756 931
757 904
758 919
759 971
760 947
761 936
762 955
763 1009
764 990
765 1019
766 990
767 1016
768 999
769 982
770 948
771 949
772 895
773 890
774 908
775 991
776 1022
777 986
778 1006
779 1008
780 1026
781 1035
782 1053
783 1040
784 1053
785 1015
786 1009
787 1013
788 1004
789 1010
790 1007
791 980
792 1006
793 1028
794 990
795 1011
796 984
797 1019
798 1051
799 1000
800 1049
801 1065
802 1032
803 1062
804 1048
805 1032
806 1067
807 1041
808 1043
809 1056
810 1063
811 1040
812 1041
813 1017
814 1012
815 1020
816 1063
817 1118
818 1167
819 1223
820 1243
821 1293
822 1225
823 1198
824 1213
825 1151
826 1189
827 1224
828 1289
829 1279
830 1307
831 1322
832 1323
833 1247
834 1232
835 1167
836 1139
837 1151
838 1144
839 1168
840 1134
841 1129
842 1126
843 1120
844 1104
845 1158
846 1148
847 1120
848 1115
849 1137
850 1067
851 1033
852 1055
853 1100
854 1041
855 1042
856 977
857 1018
858 975
859 965
860 910
861 890
862 925
863 901
864 920
865 923
866 893
867 912
868 896
869 867
870 855
871 832
872 813
873 799
874 841
875 826
876 827
877 863
878 860
879 850
880 872
881 938
882 994
883 1046
884 1041
885 1030
886 1000
887 1006
888 964
889 921
890 960
891 977
892 964
893 913
894 909
895 926
896 911
897 863
898 824
899 853
900 847
901 867
902 890
903 910
904 902
905 855
906 872
907 945
908 996
909 981
910 1010
911 1022
912 1060
913 1015
914 1049
915 1038
916 1041
917 1068
918 1075
919 1048
920 1036
921 992
922 972
923 967
924 970
925 939
926 943
927 971
928 983
929 1010
930 1043
931 1047
932 1062
933 1104
934 1056
935 1041
936 1033
937 1005
938 994
939 1045
940 1038
941 1025
942 1028
943 1017
944 1009
945 1041
946 1023
947 1031
948 1081
949 1073
950 1116
951 1098
952 1090
953 1137
954 1192
955 1210
956 1203
957 1180
958 1160
959 1225
960 1195
961 1272
962 1255
963 1235
964 1241
965 1219
966 1219
967 1237
968 1177
969 1204
970 1170
971 1207
972 1233
973 1210
974 1189
975 1214
976 1238
977 1156
978 1152
979 1128
980 1133
981 1175
982 1154
983 1081
984 1086
985 1059
986 1045
987 1029
988 1087
989 1087
990 1038
991 1060
992 1053
993 1059
994 1026
995 1042
996 998
997 1009
998 1010
999 1025
1000 1030
