1 0
2 0
3 1
4 1
5 3
6 2
7 4
8 3
9 2
10 1
11 2
12 1
13 1
14 1
15 0
16 0
17 0
18 0
19 0
20 0
21 1
22 0
23 1
24 0
25 0
26 0
27 0
28 0
29 1
30 1
31 2
32 3
33 2
34 3
35 7
36 12
37 19
38 15
39 18
40 22
41 29
42 27
43 34
44 31
45 37
46 33
47 31
48 36
49 37
50 47
51 45
52 51
53 42
54 46
55 34
56 39
57 34
58 40
59 43
60 41
61 37
62 34
63 34
64 30
65 30
66 41
67 31
68 27
69 27
70 23
71 29
72 26
73 26
74 21
75 15
76 20
77 19
78 16
79 19
80 13
81 17
82 23
83 32
84 41
85 42
86 36
87 43
88 51
89 53
90 58
91 57
92 58
93 45
94 43
95 29
96 39
97 41
98 36
99 38
100 38
101 46
102 42
103 48
104 50
105 53
106 52
107 63
108 52
109 54
110 67
111 52
112 48
113 43
114 44
115 38
116 44
117 49
118 50
119 53
120 41
121 45
122 42
123 38
124 34
125 35
126 42
127 44
128 49
129 43
130 38
131 38
132 36
133 38
134 42
135 49
136 58
137 56
138 60
139 51
140 54
141 63
142 61
143 50
144 46
145 56
146 53
147 41
148 46
149 38
150 38
151 26
152 28
153 30
154 42
155 42
156 43
157 39
158 36
159 34
160 42
161 50
162 51
163 41
164 46
165 50
166 46
167 44
168 48
169 51
170 49
171 48
172 52
173 54
174 54
175 69
176 72
177 82
178 74
179 60
180 50
181 61
182 76
183 65
184 67
185 74
186 80
187 84
188 93
189 93
190 98
191 109
192 112
193 105
194 99
195 95
196 88
197 91
198 80
199 89
200 90
201 96
202 102
203 115
204 131
205 144
206 140
207 145
208 142
209 165
210 189
211 191
212 181
213 185
214 162
215 163
216 156
217 170
218 197
219 177
220 185
221 190
222 200
223 190
224 175
225 166
226 161
227 172
228 188
229 190
230 178
231 201
232 212
233 198
234 182
235 186
236 197
237 195
238 204
239 205
240 195
241 196
242 182
243 169
244 179
245 160
246 178
247 175
248 178
249 180
250 168
251 172
252 163
253 162
254 170
255 165
256 177
257 177
258 194
259 214
260 229
261 229
262 241
263 230
264 232
265 218
266 238
267 264
268 290
269 303
270 333
271 336
272 332
273 330
274 336
275 324
276 336
277 301
278 286
279 288
280 308
281 290
282 314
283 300
284 301
285 288
286 276
287 302
288 270
289 253
290 250
291 274
292 273
293 269
294 272
295 273
296 246
297 266
298 288
299 274
300 273
301 277
302 284
303 274
304 288
305 290
306 287
307 287
308 299
309 289
310 262
311 249
312 253
313 243
314 243
315 239
316 222
317 225
318 236
319 238
320 227
321 201
322 225
323 204
324 169
325 177
326 167
327 175
328 172
329 193
330 195
331 212
332 268
333 268
334 271
335 265
336 259
337 256
338 250
339 267
340 244
341 223
342 226
343 240
344 251
345 243
346 264
347 258
348 273
349 287
350 295
351 284
352 302
353 282
354 293
355 306
356 295
357 300
358 291
359 303
360 294
361 274
362 262
363 276
364 247
365 243
366 243
367 219
368 219
369 230
370 236
371 233
372 242
373 245
374 248
375 249
376 240
377 228
378 210
379 199
380 193
381 213
382 209
383 216
384 187
385 205
386 214
387 231
388 247
389 254
390 259
391 258
392 240
393 257
394 250
395 264
396 273
397 275
398 262
399 257
400 239
401 239
402 219
403 214
404 209
405 180
406 172
407 172
408 171
409 157
410 167
411 161
412 153
413 141
414 139
415 127
416 130
417 145
418 144
419 161
420 163
421 148
422 137
423 132
424 140
425 170
426 126
427 140
428 153
429 140
430 140
431 145
432 136
433 132
434 126
435 125
436 121
437 128
438 135
439 133
440 128
441 134
442 136
443 145
444 162
445 168
446 164
447 164
448 158
449 155
450 159
451 181
452 160
453 179
454 186
455 166
456 143
457 160
458 155
459 176
460 156
461 146
462 136
463 119
464 130
465 125
466 110
467 113
468 132
469 122
470 120
471 141
472 132
473 146
474 153
475 157
476 165
477 155
478 148
479 147
480 154
481 151
482 146
483 135
484 127
485 149
486 147
487 156
488 146
489 137
490 145
491 137
492 142
493 148
494 155
495 164
496 153
497 153
498 152
499 154
500 162
501 147
502 134
503 120
504 106
505 100
506 89
507 92
508 104
509 103
510 118
511 103
512 99
513 96
514 100
515 107
516 110
517 101
518 112
519 103
520 129
521 135
522 152
523 160
524 154
525 182
526 184
527 185
528 194
529 186
530 180
531 164
532 141
533 132
534 136
535 121
536 100
537 93
538 99
539 91
540 104
541 89
542 81
543 82
544 90
545 84
546 91
547 100
548 106
549 96
550 100
551 74
552 72
553 74
554 99
555 92
556 95
557 87
558 77
559 82
560 91
561 95
562 80
563 67
564 78
565 79
566 93
567 86
568 75
569 82
570 95
571 86
572 72
573 64
574 67
575 68
576 59
577 57
578 51
579 50
580 48
581 41
582 40
583 44
584 48
585 51
586 55
587 58
588 63
589 70
590 81
591 83
592 80
593 79
594 88
595 101
596 91
597 75
598 81
599 70
600 74
601 69
602 72
603 81
604 72
605 71
606 63
607 51
608 43
609 41
610 36
611 35
612 36
613 31
614 29
615 28
616 35
617 33
618 33
619 29
620 34
621 40
622 33
623 35
624 28
625 32
626 36
627 30
628 32
629 33
630 48
631 47
632 40
633 40
634 41
635 46
636 59
637 49
638 61
639 58
640 71
641 82
642 73
643 84
644 84
645 97
646 97
647 76
648 72
649 80
650 88
651 92
652 109
653 117
654 133
655 118
656 121
657 119
658 107
659 126
660 100
661 102
662 96
663 101
664 98
665 109
666 105
667 111
668 117
669 120
670 133
671 121
672 122
673 127
674 140
675 168
676 153
677 159
678 175
679 187
680 192
681 205
682 205
683 182
684 171
685 153
686 144
687 143
688 135
689 144
690 152
691 173
692 147
693 162
694 153
695 163
696 154
697 148
698 138
699 143
700 132
701 121
702 139
703 144
704 160
705 153
706 154
707 153
708 145
709 140
710 132
711 111
712 108
713 107
714 88
715 98
716 104
717 101
718 104
719 98
720 92
721 98
722 98
723 104
724 100
725 115
726 122
727 137
728 123
729 123
730 104
731 112
732 110
733 113
734 105
735 88
736 77
737 96
738 105
739 109
740 112
741 99
742 93
743 91
744 95
745 94
746 91
747 85
748 93
749 98
750 94
751 84
752 93
753 98
754 85
755 85
756 99
757 92
758 87
759 85
760 78
761 75
762 73
763 72
764 64
765 66
766 65
767 73
768 87
769 87
770 91
771 92
772 92
773 99
774 107
775 108
776 108
777 88
778 85
779 92
780 97
781 94
782 92
783 96
784 104
785 106
786 94
787 88
788 70
789 62
790 65
791 72
792 79
793 76
794 72
795 84
796 67
797 81
798 79
799 82
800 82
801 87
802 76
803 67
804 91
805 104
806 105
807 110
808 96
809 102
810 97
811 93
812 97
813 112
814 100
815 115
816 112
817 109
818 114
819 123
820 121
821 120
822 116
823 106
824 123
825 120
826 124
827 121
828 105
829 107
830 106
831 109
832 94
833 112
834 119
835 103
836 99
837 107
838 105
839 99
840 113
841 108
842 98
843 86
844 79
845 94
846 80
847 74
848 86
849 75
850 72
851 57
852 57
853 57
854 51
855 47
856 62
857 60
858 67
859 81
860 81
861 78
862 80
863 94
864 93
865 84
866 95
867 101
868 96
869 98
870 106
871 104
872 105
873 129
874 123
875 140
876 147
877 147
878 131
879 121
880 114
881 129
882 122
883 122
884 128
885 113
886 120
887 116
888 109
889 105
890 94
891 91
892 94
893 95
894 92
895 88
896 88
897 85
898 73
899 71
900 67
901 59
902 62
903 73
904 66
905 71
906 60
907 53
908 55
909 54
910 56
911 54
912 46
913 43
914 39
915 40
916 55
917 56
918 59
919 59
920 64
921 60
922 75
923 82
924 99
925 103
926 116
927 130
928 127
929 120
930 124
931 127
932 109
933 117
934 132
935 150
936 137
937 152
938 147
939 150
940 162
941 149
942 153
943 163
944 158
945 157
946 144
947 155
948 149
949 142
950 171
951 159
952 154
953 148
954 142
955 152
956 176
957 181
958 186
959 207
960 208
961 233
962 227
963 212
964 212
965 210
966 202
967 200
968 214
969 194
970 189
971 189
972 200
973 216
974 211
975 218
976 214
977 199
978 213
979 230
980 243
981 278
982 271
983 277
984 271
985 268
986 289
987 295
988 290
989 299
990 282
991 265
992 268
993 239
994 215
995 215
996 194
997 195
998 186
999 179
1000 196
