1 2
2 2
3 2
4 1
5 2
6 1
7 0
8 0
9 0
10 1
11 1
12 1
13 0
14 0
15 0
16 0
17 0
18 0
19 0
20 0
21 0
22 0
23 0
24 0
25 1
26 0
27 1
28 0
29 0
30 0
31 0
32 0
33 0
34 0
35 0
36 0
37 0
38 0
39 0
40 1
41 2
42 3
43 2
44 2
45 1
46 3
47 1
48 1
49 0
50 2
51 0
52 0
53 0
54 0
55 0
56 0
57 0
58 0
59 0
60 0
61 0
62 0
63 0
64 0
65 0
66 0
67 0
68 0
69 0
70 0
71 0
72 0
73 0
74 0
75 0
76 0
77 0
78 0
79 0
80 1
81 1
82 2
83 2
84 2
85 2
86 0
87 0
88 1
89 2
90 1
91 2
92 3
93 1
94 2
95 0
96 0
97 0
98 0
99 0
100 1
101 1
102 3
103 5
104 3
105 2
106 1
107 1
108 2
109 0
110 0
111 0
112 0
113 0
114 0
115 0
116 0
117 0
118 1
119 1
120 0
121 0
122 0
123 0
124 0
125 0
126 0
127 0
128 0
129 0
130 0
131 0
132 0
133 0
134 0
135 0
136 0
137 1
138 1
139 0
140 1
141 0
142 0
143 0
144 0
145 0
146 0
147 0
148 1
149 4
150 5
151 8
152 9
153 11
154 10
155 19
156 20
157 21
158 21
159 24
160 22
161 24
162 19
163 19
164 27
165 24
166 31
167 30
168 27
169 22
170 23
171 25
172 23
173 36
174 38
175 32
176 32
177 27
178 24
179 23
180 28
181 28
182 33
183 31
184 40
185 30
186 26
187 20
188 21
189 24
190 17
191 11
192 10
193 6
194 6
195 2
196 4
197 5
198 4
199 7
200 3
201 5
202 3
203 3
204 2
205 3
206 6
207 6
208 2
209 3
210 1
211 1
212 0
213 0
214 0
215 0
216 1
217 0
218 0
219 0
220 1
221 1
222 1
223 5
224 7
225 9
226 5
227 5
228 2
229 5
230 7
231 9
232 16
233 15
234 12
235 16
236 19
237 25
238 27
239 26
240 25
241 25
242 26
243 30
244 28
245 26
246 25
247 25
248 32
249 29
250 25
251 20
252 15
253 8
254 12
255 15
256 8
257 11
258 14
259 9
260 9
261 13
262 6
263 2
264 0
265 0
266 0
267 1
268 1
269 3
270 5
271 5
272 4
273 2
274 3
275 5
276 6
277 7
278 11
279 11
280 13
281 10
282 10
283 10
284 6
285 7
286 5
287 8
288 5
289 3
290 3
291 3
292 8
293 4
294 3
295 4
296 3
297 5
298 4
299 2
300 1
301 1
302 2
303 1
304 1
305 1
306 1
307 2
308 4
309 5
310 6
311 5
312 6
313 8
314 6
315 6
316 5
317 3
318 0
319 0
320 1
321 2
322 0
323 0
324 0
325 0
326 0
327 1
328 2
329 3
330 3
331 3
332 2
333 3
334 4
335 4
336 1
337 3
338 8
339 9
340 2
341 0
342 1
343 0
344 0
345 0
346 0
347 0
348 0
349 1
350 0
351 0
352 0
353 0
354 0
355 0
356 0
357 1
358 0
359 0
360 0
361 0
362 0
363 1
364 1
365 2
366 1
367 1
368 2
369 0
370 0
371 0
372 0
373 0
374 1
375 0
376 0
377 0
378 0
379 0
380 0
381 0
382 0
383 0
384 0
385 1
386 1
387 0
388 0
389 0
390 0
391 0
392 0
393 0
394 0
395 1
396 2
397 2
398 1
399 0
400 0
401 0
402 0
403 1
404 2
405 1
406 2
407 1
408 2
409 3
410 4
411 2
412 1
413 5
414 11
415 11
416 14
417 12
418 7
419 9
420 5
421 4
422 5
423 7
424 9
425 11
426 15
427 9
428 10
429 9
430 15
431 13
432 10
433 13
434 13
435 12
436 12
437 15
438 16
439 20
440 19
441 21
442 22
443 18
444 18
445 18
446 15
447 18
448 16
449 9
450 15
451 14
452 14
453 12
454 12
455 12
456 9
457 6
458 10
459 13
460 15
461 18
462 22
463 17
464 15
465 15
466 16
467 20
468 23
469 27
470 32
471 29
472 20
473 24
474 31
475 25
476 18
477 27
478 28
479 29
480 28
481 23
482 23
483 27
484 23
485 25
486 26
487 17
488 19
489 20
490 15
491 15
492 10
493 13
494 16
495 8
496 14
497 12
498 12
499 10
500 12
501 14
502 8
503 12
504 13
505 15
506 15
507 11
508 12
509 6
510 7
511 6
512 3
513 4
514 7
515 10
516 14
517 10
518 8
519 6
520 9
521 9
522 9
523 15
524 23
525 18
526 12
527 11
528 14
529 7
530 12
531 9
532 5
533 3
534 5
535 6
536 7
537 8
538 11
539 11
540 18
541 12
542 11
543 9
544 9
545 10
546 9
547 7
548 7
549 9
550 11
551 10
552 11
553 9
554 15
555 21
556 28
557 35
558 33
559 21
560 17
561 18
562 19
563 15
564 17
565 17
566 17
567 16
568 21
569 17
570 20
571 17
572 20
573 20
574 18
575 15
576 9
577 9
578 13
579 12
580 9
581 14
582 20
583 22
584 27
585 28
586 28
587 21
588 25
589 17
590 14
591 14
592 14
593 16
594 18
595 18
596 18
597 19
598 15
599 7
600 7
601 5
602 2
603 4
604 3
605 2
606 4
607 7
608 8
609 12
610 14
611 13
612 15
613 23
614 21
615 29
616 32
617 29
618 30
619 26
620 25
621 29
622 27
623 27
624 27
625 34
626 44
627 37
628 39
629 37
630 42
631 47
632 48
633 46
634 46
635 47
636 40
637 37
638 32
639 36
640 43
641 39
642 41
643 31
644 33
645 32
646 20
647 21
648 20
649 29
650 29
651 23
652 31
653 26
654 23
655 20
656 14
657 18
658 20
659 16
660 21
661 24
662 18
663 21
664 16
665 13
666 18
667 22
668 15
669 22
670 22
671 20
672 18
673 17
674 16
675 6
676 6
677 5
678 9
679 12
680 16
681 20
682 14
683 16
684 15
685 13
686 12
687 17
688 17
689 13
690 11
691 10
692 14
693 9
694 17
695 24
696 21
697 22
698 21
699 15
700 14
701 14
702 12
703 14
704 19
705 18
706 14
707 14
708 10
709 7
710 7
711 14
712 9
713 8
714 5
715 2
716 2
717 3
718 3
719 5
720 6
721 5
722 9
723 8
724 6
725 9
726 16
727 13
728 12
729 13
730 15
731 15
732 14
733 10
734 5
735 4
736 4
737 2
738 0
739 0
740 0
741 0
742 0
743 0
744 0
745 0
746 0
747 0
748 0
749 0
750 0
751 0
752 0
753 0
754 1
755 0
756 0
757 0
758 0
759 0
760 0
761 1
762 1
763 6
764 8
765 5
766 10
767 12
768 16
769 15
770 6
771 7
772 3
773 3
774 3
775 2
776 0
777 0
778 0
779 1
780 0
781 0
782 0
783 0
784 0
785 0
786 0
787 0
788 0
789 0
790 1
791 1
792 3
793 3
794 4
795 9
796 8
797 10
798 11
799 10
800 11
801 8
802 11
803 9
804 10
805 7
806 2
807 4
808 0
809 0
810 0
811 0
812 0
813 0
814 0
815 0
816 0
817 2
818 3
819 3
820 3
821 3
822 2
823 2
824 2
825 2
826 5
827 3
828 4
829 7
830 9
831 10
832 13
833 16
834 22
835 26
836 28
837 27
838 24
839 17
840 18
841 20
842 12
843 16
844 13
845 14
846 17
847 19
848 19
849 13
850 10
851 7
852 12
853 19
854 15
855 20
856 14
857 10
858 8
859 7
860 4
861 8
862 6
863 5
864 2
865 2
866 3
867 3
868 1
869 1
870 2
871 6
872 4
873 4
874 1
875 4
876 2
877 2
878 2
879 3
880 2
881 2
882 5
883 8
884 4
885 2
886 3
887 4
888 5
889 6
890 8
891 5
892 7
893 6
894 5
895 9
896 9
897 12
898 14
899 21
900 24
901 30
902 27
903 18
904 17
905 16
906 17
907 15
908 16
909 20
910 32
911 33
912 41
913 35
914 35
915 37
916 36
917 34
918 18
919 15
920 9
921 11
922 14
923 10
924 13
925 12
926 12
927 12
928 13
929 18
930 10
931 11
932 8
933 4
934 1
935 2
936 0
937 0
938 0
939 0
940 0
941 0
942 0
943 0
944 0
945 0
946 0
947 0
948 0
949 0
950 0
951 0
952 0
953 0
954 0
955 1
956 2
957 1
958 3
959 2
960 3
961 2
962 6
963 9
964 10
965 7
966 6
967 3
968 3
969 3
970 2
971 3
972 6
973 3
974 1
975 1
976 1
977 3
978 3
979 4
980 3
981 5
982 4
983 8
984 10
985 10
986 11
987 10
988 12
989 15
990 11
991 6
992 4
993 2
994 1
995 1
996 0
997 0
998 0
999 0
1000 0
