1 0
2 0
3 0
4 1
5 2
6 0
7 0
8 0
9 0
10 0
11 0
12 0
13 0
14 0
15 0
16 0
17 0
18 0
19 0
20 0
21 2
22 3
23 6
24 4
25 4
26 6
27 8
28 13
29 4
30 4
31 3
32 0
33 0
34 0
35 0
36 0
37 1
38 2
39 1
40 1
41 0
42 0
43 0
44 0
45 0
46 0
47 1
48 1
49 0
50 1
51 1
52 3
53 1
54 0
55 0
56 0
57 0
58 0
59 0
60 0
61 1
62 0
63 0
64 0
65 1
66 0
67 0
68 2
69 2
70 3
71 4
72 4
73 1
74 0
75 0
76 0
77 0
78 1
79 2
80 1
81 2
82 4
83 3
84 6
85 4
86 6
87 5
88 6
89 4
90 3
91 6
92 4
93 2
94 3
95 6
96 5
97 3
98 3
99 6
100 10
101 7
102 12
103 16
104 18
105 20
106 21
107 14
108 17
109 19
110 22
111 22
112 19
113 21
114 14
115 16
116 19
117 24
118 24
119 29
120 20
121 16
122 17
123 24
124 20
125 18
126 16
127 24
128 19
129 19
130 26
131 21
132 24
133 20
134 32
135 37
136 24
137 27
138 25
139 16
140 12
141 13
142 21
143 27
144 28
145 30
146 28
147 30
148 38
149 54
150 56
151 58
152 66
153 60
154 59
155 56
156 60
157 61
158 64
159 57
160 56
161 40
162 42
163 37
164 45
165 31
166 33
167 23
168 24
169 24
170 23
171 20
172 16
173 13
174 14
175 13
176 19
177 21
178 20
179 26
180 32
181 32
182 27
183 21
184 24
185 27
186 31
187 31
188 32
189 27
190 33
191 36
192 27
193 27
194 26
195 25
196 29
197 27
198 29
199 25
200 27
201 25
202 31
203 40
204 36
205 45
206 51
207 46
208 47
209 64
210 66
211 56
212 56
213 65
214 79
215 87
216 93
217 100
218 106
219 97
220 101
221 102
222 107
223 96
224 100
225 93
226 90
227 73
228 69
229 84
230 70
231 79
232 86
233 79
234 87
235 77
236 75
237 76
238 72
239 80
240 86
241 94
242 97
243 99
244 107
245 118
246 133
247 139
248 138
249 140
250 140
251 146
252 149
253 156
254 152
255 150
256 143
257 154
258 147
259 160
260 158
261 148
262 130
263 126
264 136
265 123
266 125
267 126
268 137
269 129
270 139
271 153
272 151
273 145
274 141
275 118
276 108
277 97
278 104
279 108
280 109
281 114
282 115
283 121
284 103
285 111
286 112
287 108
288 99
289 90
290 81
291 76
292 71
293 97
294 89
295 82
296 89
297 108
298 119
299 111
300 120
301 124
302 121
303 112
304 95
305 92
306 87
307 93
308 100
309 118
310 105
311 116
312 120
313 103
314 120
315 118
316 115
317 120
318 131
319 133
320 140
321 144
322 145
323 151
324 154
325 157
326 182
327 181
328 190
329 189
330 201
331 189
332 187
333 178
334 173
335 186
336 188
337 185
338 178
339 175
340 188
341 180
342 158
343 162
344 153
345 142
346 128
347 118
348 106
349 87
350 77
351 86
352 87
353 89
354 88
355 99
356 100
357 103
358 103
359 98
360 94
361 89
362 100
363 103
364 107
365 110
366 103
367 103
368 93
369 99
370 107
371 122
372 119
373 121
374 120
375 128
376 133
377 133
378 135
379 156
380 155
381 142
382 160
383 135
384 114
385 126
386 111
387 105
388 121
389 129
390 126
391 122
392 104
393 97
394 85
395 80
396 83
397 77
398 84
399 73
400 71
401 63
402 60
403 57
404 46
405 51
406 52
407 54
408 53
409 51
410 40
411 31
412 37
413 36
414 37
415 32
416 35
417 45
418 48
419 42
420 39
421 27
422 26
423 27
424 27
425 20
426 18
427 18
428 13
429 13
430 13
431 10
432 10
433 7
434 5
435 3
436 3
437 2
438 3
439 4
440 5
441 1
442 1
443 0
444 0
445 0
446 0
447 0
448 1
449 1
450 0
451 0
452 0
453 0
454 0
455 0
456 0
457 0
458 1
459 2
460 0
461 0
462 0
463 0
464 0
465 0
466 0
467 0
468 0
469 0
470 0
471 0
472 0
473 0
474 0
475 0
476 0
477 0
478 1
479 1
480 2
481 3
482 3
483 2
484 3
485 4
486 4
487 3
488 3
489 1
490 2
491 0
492 1
493 0
494 0
495 0
496 0
497 0
498 0
499 0
500 0
501 0
502 0
503 0
504 0
505 0
506 0
507 0
508 0
509 2
510 2
511 4
512 6
513 6
514 5
515 4
516 1
517 1
518 0
519 0
520 0
521 0
522 0
523 1
524 1
525 1
526 0
527 0
528 0
529 0
530 0
531 0
532 1
533 1
534 2
535 2
536 3
537 2
538 0
539 0
540 0
541 0
542 1
543 3
544 5
545 5
546 4
547 4
548 5
549 8
550 9
551 17
552 18
553 24
554 21
555 21
556 15
557 12
558 12
559 17
560 15
561 19
562 20
563 19
564 15
565 12
566 7
567 6
568 9
569 7
570 10
571 10
572 12
573 9
574 8
575 11
576 9
577 7
578 10
579 18
580 19
581 18
582 15
583 20
584 26
585 25
586 17
587 15
588 12
589 11
590 11
591 7
592 6
593 6
594 8
595 9
596 8
597 11
598 7
599 10
600 8
601 10
602 4
603 3
604 4
605 5
606 2
607 1
608 1
609 0
610 0
611 0
612 0
613 0
614 0
615 1
616 0
617 0
618 0
619 0
620 0
621 1
622 1
623 2
624 1
625 0
626 0
627 0
628 0
629 0
630 0
631 0
632 0
633 0
634 0
635 0
636 0
637 0
638 0
639 0
640 0
641 0
642 1
643 0
644 2
645 6
646 7
647 4
648 3
649 6
650 5
651 3
652 2
653 1
654 2
655 2
656 1
657 2
658 2
659 2
660 3
661 2
662 1
663 2
664 3
665 4
666 8
667 11
668 8
669 7
670 8
671 10
672 14
673 10
674 9
675 9
676 2
677 1
678 2
679 1
680 3
681 2
682 5
683 5
684 2
685 4
686 3
687 1
688 0
689 0
690 1
691 0
692 0
693 0
694 0
695 0
696 0
697 1
698 0
699 1
700 3
701 3
702 0
703 0
704 1
705 2
706 1
707 1
708 2
709 3
710 3
711 3
712 0
713 1
714 2
715 2
716 3
717 3
718 3
719 6
720 10
721 6
722 5
723 6
724 9
725 9
726 4
727 6
728 13
729 14
730 12
731 13
732 15
733 14
734 10
735 10
736 13
737 10
738 11
739 8
740 10
741 10
742 9
743 8
744 12
745 13
746 30
747 26
748 31
749 36
750 34
751 39
752 49
753 46
754 43
755 47
756 33
757 39
758 34
759 30
760 24
761 14
762 14
763 10
764 15
765 11
766 11
767 7
768 2
769 3
770 2
771 3
772 5
773 5
774 6
775 6
776 6
777 6
778 8
779 11
780 11
781 11
782 7
783 8
784 12
785 6
786 4
787 7
788 2
789 3
790 1
791 1
792 1
793 2
794 4
795 2
796 4
797 5
798 3
799 4
800 3
801 2
802 1
803 2
804 1
805 4
806 7
807 7
808 6
809 7
810 11
811 10
812 5
813 6
814 3
815 3
816 5
817 4
818 5
819 5
820 4
821 5
822 5
823 4
824 1
825 0
826 0
827 0
828 1
829 0
830 1
831 1
832 0
833 0
834 0
835 0
836 0
837 0
838 1
839 1
840 1
841 1
842 3
843 3
844 1
845 0
846 0
847 0
848 0
849 0
850 0
851 0
852 1
853 2
854 2
855 3
856 1
857 1
858 0
859 0
860 0
861 0
862 0
863 1
864 1
865 1
866 2
867 3
868 3
869 6
870 6
871 5
872 10
873 9
874 9
875 11
876 7
877 9
878 8
879 8
880 10
881 11
882 22
883 26
884 20
885 19
886 22
887 17
888 17
889 23
890 28
891 28
892 25
893 32
894 31
895 29
896 34
897 42
898 34
899 36
900 43
901 40
902 42
903 43
904 35
905 33
906 27
907 29
908 31
909 36
910 43
911 46
912 53
913 61
914 55
915 57
916 60
917 60
918 51
919 69
920 71
921 74
922 80
923 71
924 60
925 64
926 67
927 59
928 52
929 57
930 58
931 64
932 68
933 64
934 62
935 68
936 76
937 58
938 48
939 48
940 56
941 44
942 46
943 41
944 48
945 50
946 45
947 45
948 44
949 39
950 44
951 42
952 51
953 59
954 66
955 71
956 67
957 50
958 41
959 42
960 53
961 44
962 40
963 45
964 33
965 26
966 20
967 18
968 23
969 26
970 23
971 22
972 30
973 23
974 29
975 30
976 27
977 24
978 17
979 11
980 13
981 13
982 14
983 10
984 13
985 15
986 11
987 11
988 13
989 12
990 18
991 15
992 17
993 23
994 20
995 25
996 25
997 23
998 22
999 26
1000 26
