1 0
2 3
3 1
4 2
5 5
6 6
7 8
8 11
9 16
10 13
11 18
12 16
13 15
14 13
15 21
16 22
17 28
18 33
19 41
20 44
21 39
22 52
23 57
24 57
25 62
26 43
27 50
28 57
29 58
30 73
31 80
32 82
33 83
34 83
35 89
36 87
37 94
38 95
39 95
40 89
41 84
42 78
43 72
44 78
45 79
46 75
47 96
48 102
49 102
50 103
51 111
52 124
53 128
54 133
55 127
56 136
57 124
58 126
59 115
60 118
61 115
62 99
63 96
64 90
65 93
66 92
67 78
68 93
69 78
70 78
71 82
72 86
73 101
74 97
75 82
76 88
77 89
78 81
79 98
80 98
81 102
82 96
83 97
84 99
85 104
86 109
87 112
88 125
89 132
90 142
91 140
92 157
93 154
94 151
95 167
96 167
97 175
98 181
99 180
100 145
101 145
102 137
103 113
104 125
105 128
106 105
107 122
108 103
109 111
110 118
111 116
112 126
113 151
114 146
115 146
116 148
117 153
118 182
119 181
120 180
121 193
122 214
123 222
124 209
125 223
126 226
127 226
128 217
129 227
130 251
131 262
132 235
133 223
134 230
135 233
136 251
137 261
138 260
139 286
140 339
141 353
142 348
143 362
144 385
145 384
146 378
147 372
148 356
149 358
150 385
151 360
152 351
153 353
154 374
155 407
156 384
157 395
158 374
159 401
160 423
161 367
162 365
163 387
164 372
165 366
166 368
167 361
168 365
169 353
170 357
171 357
172 331
173 357
174 354
175 366
176 368
177 362
178 376
179 364
180 389
181 375
182 429
183 440
184 436
185 429
186 429
187 451
188 482
189 486
190 491
191 492
192 487
193 463
194 460
195 444
196 442
197 444
198 445
199 418
200 458
201 430
202 424
203 426
204 434
205 454
206 442
207 441
208 411
209 396
210 387
211 378
212 344
213 368
214 398
215 400
216 391
217 372
218 339
219 368
220 366
221 414
222 399
223 412
224 445
225 437
226 429
227 418
228 447
229 446
230 461
231 445
232 433
233 464
234 456
235 449
236 425
237 464
238 466
239 478
240 501
241 462
242 454
243 444
244 414
245 372
246 341
247 334
248 339
249 317
250 328
251 311
252 287
253 300
254 301
255 299
256 323
257 324
258 319
259 309
260 329
261 302
262 296
263 285
264 278
265 283
266 283
267 292
268 310
269 322
270 339
271 368
272 366
273 357
274 343
275 362
276 356
277 399
278 398
279 377
280 343
281 353
282 338
283 359
284 364
285 323
286 310
287 295
288 265
289 268
290 295
291 328
292 355
293 340
294 397
295 395
296 403
297 455
298 450
299 436
300 435
301 437
302 460
303 467
304 464
305 455
306 404
307 424
308 410
309 421
310 428
311 418
312 417
313 407
314 375
315 356
316 383
317 384
318 383
319 417
320 455
321 462
322 442
323 427
324 422
325 421
326 397
327 384
328 434
329 440
330 458
331 454
332 415
333 425
334 481
335 522
336 521
337 527
338 476
339 506
340 528
341 557
342 562
343 526
344 518
345 547
346 578
347 563
348 537
349 521
350 534
351 566
352 586
353 609
354 587
355 589
356 564
357 543
358 536
359 498
360 479
361 469
362 467
363 484
364 474
365 500
366 490
367 490
368 456
369 463
370 449
371 453
372 466
373 455
374 400
375 385
376 379
377 380
378 376
379 341
380 325
381 308
382 303
383 319
384 320
385 331
386 314
387 318
388 317
389 325
390 327
391 325
392 324
393 331
394 340
395 305
396 282
397 292
398 336
399 352
400 316
401 328
402 299
403 287
404 302
405 306
406 327
407 348
408 369
409 400
410 439
411 449
412 460
413 417
414 437
415 452
416 426
417 493
418 499
419 468
420 473
421 504
422 517
423 528
424 562
425 541
426 600
427 597
428 588
429 631
430 630
431 639
432 628
433 608
434 569
435 614
436 648
437 627
438 581
439 597
440 562
441 508
442 519
443 519
444 471
445 447
446 473
447 472
448 447
449 461
450 444
451 454
452 439
453 477
454 520
455 534
456 536
457 550
458 527
459 528
460 533
461 537
462 506
463 525
464 503
465 489
466 472
467 476
468 449
469 450
470 474
471 462
472 471
473 466
474 476
475 481
476 468
477 445
478 449
479 482
480 482
481 491
482 504
483 501
484 564
485 596
486 600
487 589
488 570
489 576
490 586
491 612
492 669
493 691
494 689
495 657
496 652
497 660
498 610
499 633
500 641
501 614
502 642
503 644
504 671
505 656
506 704
507 720
508 702
509 711
510 707
511 662
512 670
513 711
514 773
515 777
516 799
517 831
518 862
519 906
520 889
521 896
522 911
523 890
524 893
525 866
526 883
527 855
528 833
529 854
530 866
531 837
532 817
533 792
534 763
535 740
536 700
537 730
538 751
539 703
540 691
541 681
542 697
543 680
544 704
545 734
546 759
547 772
548 745
549 768
550 775
551 803
552 794
553 808
554 832
555 876
556 939
557 963
558 937
559 949
560 965
561 997
562 991
563 982
564 948
565 944
566 988
567 15
568 6
569 19
570 0
571 976
572 29
573 73
574 101
575 51
576 35
577 12
578 3
579 994
580 968
581 939
582 930
583 896
584 903
585 879
586 869
587 894
588 881
589 906
590 871
591 874
592 841
593 841
594 847
595 840
596 822
597 822
598 816
599 826
600 829
601 855
602 826
603 863
604 893
605 835
606 837
607 862
608 839
609 857
610 886
611 885
612 864
613 931
614 968
615 995
616 958
617 994
618 28
619 66
620 52
621 23
622 1
623 993
624 929
625 932
626 875
627 864
628 865
629 856
630 910
631 931
632 937
633 914
634 903
635 944
636 959
637 946
638 973
639 930
640 924
641 921
642 938
643 891
644 899
645 860
646 834
647 850
648 835
649 819
650 832
651 810
652 873
653 919
654 938
655 923
656 930
657 906
658 935
659 989
660 975
661 917
662 944
663 923
664 891
665 935
666 972
667 948
668 917
669 896
670 942
671 6
672 933
673 944
674 980
675 968
676 946
677 902
678 947
679 969
680 958
681 984
682 983
683 16
684 20
685 32
686 24
687 979
688 952
689 953
690 22
691 9
692 994
693 14
694 48
695 978
696 937
697 915
698 904
699 932
700 957
701 938
702 907
703 904
704 901
705 877
706 840
707 783
708 783
709 797
710 817
711 824
712 832
713 796
714 829
715 851
716 831
717 813
718 793
719 802
720 849
721 846
722 794
723 772
724 751
725 765
726 771
727 783
728 784
729 821
730 843
731 870
732 859
733 851
734 838
735 828
736 856
737 890
738 916
739 936
740 916
741 953
742 984
743 19
744 16
745 48
746 41
747 16
748 23
749 30
750 55
751 44
752 58
753 53
754 28
755 95
756 50
757 44
758 23
759 6
760 8
761 975
762 937
763 949
764 949
765 977
766 971
767 10
768 67
769 48
770 60
771 118
772 114
773 151
774 172
775 154
776 170
777 141
778 138
779 133
780 142
781 110
782 143
783 142
784 133
785 105
786 95
787 85
788 94
789 106
790 133
791 176
792 194
793 208
794 251
795 234
796 277
797 242
798 259
799 274
800 302
801 298
802 340
803 315
804 316
805 286
806 271
807 305
808 326
809 339
810 359
811 388
812 418
813 441
814 413
815 434
816 425
817 360
818 363
819 336
820 381
821 413
822 406
823 409
824 419
825 415
826 408
827 375
828 359
829 416
830 418
831 357
832 321
833 303
834 325
835 336
836 328
837 300
838 328
839 385
840 378
841 394
842 395
843 351
844 360
845 357
846 328
847 341
848 289
849 301
850 253
851 223
852 176
853 166
854 211
855 197
856 204
857 217
858 235
859 247
860 250
861 304
862 272
863 281
864 278
865 284
866 306
867 350
868 360
869 379
870 395
871 402
872 404
873 387
874 415
875 452
876 456
877 421
878 399
879 401
880 404
881 373
882 375
883 402
884 402
885 437
886 408
887 383
888 414
889 443
890 449
891 447
892 478
893 468
894 453
895 425
896 430
897 398
898 391
899 423
900 436
901 446
902 496
903 506
904 575
905 539
906 573
907 584
908 607
909 638
910 635
911 631
912 651
913 672
914 639
915 645
916 638
917 637
918 616
919 599
920 533
921 552
922 522
923 505
924 470
925 483
926 456
927 438
928 423
929 457
930 426
931 403
932 419
933 461
934 437
935 466
936 477
937 493
938 503
939 488
940 491
941 490
942 480
943 494
944 465
945 464
946 482
947 446
948 426
949 402
950 396
951 410
952 408
953 427
954 459
955 463
956 464
957 487
958 498
959 489
960 480
961 484
962 479
963 467
964 470
965 489
966 514
967 505
968 494
969 503
970 501
971 500
972 517
973 499
974 515
975 521
976 511
977 497
978 507
979 481
980 499
981 542
982 521
983 495
984 487
985 499
986 463
987 446
988 412
989 411
990 421
991 448
992 447
993 434
994 413
995 444
996 430
997 422
998 409
999 412
1000 444
