1 0
2 1
3 1
4 1
5 2
6 3
7 2
8 2
9 1
10 0
11 0
12 0
13 1
14 2
15 3
16 1
17 3
18 3
19 1
20 1
21 1
22 1
23 0
24 1
25 1
26 2
27 1
28 1
29 4
30 8
31 7
32 11
33 6
34 6
35 12
36 14
37 15
38 9
39 9
40 11
41 13
42 9
43 11
44 8
45 7
46 6
47 5
48 6
49 8
50 7
51 10
52 7
53 6
54 11
55 10
56 11
57 9
58 8
59 11
60 14
61 16
62 20
63 13
64 14
65 10
66 6
67 6
68 7
69 10
70 12
71 11
72 9
73 14
74 7
75 4
76 2
77 2
78 4
79 1
80 0
81 0
82 0
83 0
84 0
85 0
86 0
87 0
88 0
89 1
90 1
91 0
92 0
93 0
94 0
95 0
96 0
97 0
98 0
99 0
100 0
101 0
102 0
103 0
104 0
105 0
106 0
107 0
108 0
109 0
110 0
111 0
112 1
113 0
114 0
115 0
116 2
117 3
118 3
119 1
120 1
121 1
122 1
123 1
124 1
125 1
126 1
127 3
128 2
129 0
130 0
131 1
132 2
133 2
134 2
135 4
136 6
137 5
138 3
139 2
140 1
141 0
142 0
143 0
144 1
145 3
146 2
147 1
148 1
149 0
150 1
151 3
152 3
153 1
154 1
155 0
156 0
157 0
158 0
159 0
160 0
161 0
162 0
163 0
164 0
165 0
166 1
167 0
168 0
169 0
170 0
171 1
172 1
173 1
174 1
175 1
176 1
177 1
178 2
179 2
180 0
181 1
182 2
183 1
184 3
185 3
186 1
187 2
188 4
189 11
190 5
191 3
192 4
193 4
194 3
195 0
196 0
197 0
198 0
199 0
200 0
201 0
202 0
203 0
204 0
205 0
206 0
207 0
208 0
209 0
210 0
211 0
212 0
213 0
214 1
215 2
216 1
217 1
218 4
219 8
220 4
221 4
222 1
223 2
224 1
225 0
226 0
227 0
228 0
229 0
230 0
231 0
232 0
233 0
234 0
235 0
236 0
237 0
238 0
239 0
240 0
241 0
242 1
243 1
244 3
245 3
246 3
247 1
248 0
249 0
250 1
251 2
252 1
253 1
254 0
255 0
256 0
257 0
258 0
259 0
260 1
261 1
262 2
263 4
264 2
265 3
266 4
267 3
268 4
269 3
270 1
271 3
272 2
273 0
274 1
275 0
276 0
277 0
278 0
279 0
280 0
281 1
282 0
283 0
284 0
285 0
286 0
287 0
288 0
289 0
290 0
291 0
292 1
293 0
294 0
295 0
296 0
297 0
298 0
299 1
300 2
301 5
302 3
303 0
304 0
305 0
306 0
307 0
308 0
309 0
310 0
311 0
312 0
313 1
314 1
315 3
316 7
317 10
318 12
319 11
320 13
321 11
322 8
323 6
324 9
325 11
326 13
327 9
328 8
329 8
330 8
331 10
332 8
333 15
334 16
335 20
336 29
337 33
338 27
339 29
340 37
341 37
342 30
343 37
344 31
345 25
346 17
347 21
348 23
349 18
350 21
351 23
352 21
353 16
354 16
355 13
356 14
357 13
358 11
359 14
360 17
361 18
362 18
363 23
364 27
365 27
366 23
367 21
368 12
369 14
370 17
371 18
372 17
373 10
374 11
375 15
376 17
377 16
378 25
379 27
380 24
381 23
382 22
383 25
384 29
385 33
386 35
387 27
388 24
389 25
390 28
391 26
392 26
393 24
394 19
395 24
396 27
397 28
398 33
399 39
400 26
401 23
402 16
403 19
404 14
405 3
406 8
407 5
408 3
409 2
410 1
411 3
412 1
413 1
414 1
415 0
416 0
417 0
418 1
419 2
420 1
421 2
422 2
423 1
424 1
425 2
426 3
427 2
428 4
429 5
430 5
431 10
432 10
433 10
434 6
435 4
436 6
437 5
438 5
439 5
440 8
441 7
442 6
443 12
444 7
445 2
446 3
447 5
448 2
449 5
450 8
451 4
452 3
453 5
454 5
455 4
456 7
457 6
458 4
459 4
460 2
461 3
462 2
463 2
464 3
465 1
466 1
467 4
468 2
469 1
470 1
471 0
472 0
473 0
474 0
475 0
476 0
477 1
478 0
479 1
480 2
481 2
482 3
483 4
484 3
485 2
486 5
487 5
488 8
489 10
490 9
491 8
492 13
493 13
494 14
495 9
496 5
497 5
498 4
499 3
500 3
501 4
502 4
503 3
504 1
505 1
506 3
507 0
508 0
509 0
510 0
511 0
512 0
513 1
514 0
515 0
516 0
517 2
518 3
519 2
520 2
521 4
522 4
523 3
524 2
525 4
526 2
527 1
528 1
529 0
530 0
531 0
532 0
533 0
534 0
535 0
536 0
537 0
538 1
539 3
540 3
541 4
542 8
543 15
544 22
545 16
546 15
547 21
548 16
549 8
550 10
551 12
552 8
553 9
554 13
555 9
556 18
557 22
558 22
559 22
560 32
561 42
562 31
563 23
564 25
565 29
566 24
567 15
568 20
569 23
570 24
571 17
572 16
573 18
574 29
575 33
576 31
577 28
578 21
579 20
580 18
581 16
582 11
583 8
584 14
585 10
586 4
587 3
588 1
589 0
590 0
591 0
592 0
593 0
594 1
595 0
596 0
597 0
598 0
599 0
600 0
601 1
602 2
603 1
604 2
605 2
606 3
607 6
608 4
609 7
610 6
611 9
612 10
613 9
614 7
615 9
616 12
617 10
618 8
619 7
620 9
621 9
622 5
623 11
624 11
625 16
626 19
627 16
628 15
629 11
630 12
631 12
632 13
633 13
634 14
635 14
636 13
637 13
638 19
639 16
640 17
641 16
642 21
643 21
644 18
645 15
646 19
647 20
648 30
649 31
650 34
651 26
652 24
653 28
654 27
655 32
656 24
657 32
658 33
659 30
660 27
661 35
662 35
663 42
664 45
665 56
666 55
667 42
668 45
669 54
670 34
671 39
672 43
673 40
674 39
675 32
676 29
677 29
678 27
679 26
680 29
681 32
682 30
683 27
684 37
685 30
686 32
687 33
688 33
689 41
690 36
691 33
692 26
693 25
694 23
695 19
696 17
697 22
698 24
699 20
700 19
701 17
702 24
703 13
704 26
705 27
706 29
707 28
708 30
709 24
710 21
711 21
712 21
713 26
714 34
715 29
716 28
717 22
718 19
719 24
720 24
721 26
722 26
723 20
724 20
725 24
726 14
727 31
728 32
729 28
730 26
731 31
732 26
733 32
734 37
735 42
736 46
737 38
738 34
739 34
740 37
741 39
742 37
743 38
744 43
745 48
746 40
747 36
748 37
749 34
750 40
751 38
752 35
753 35
754 38
755 37
756 32
757 34
758 40
759 44
760 48
761 39
762 32
763 39
764 32
765 18
766 22
767 20
768 17
769 17
770 20
771 18
772 15
773 10
774 12
775 17
776 16
777 16
778 15
779 15
780 15
781 14
782 15
783 8
784 5
785 4
786 6
787 5
788 8
789 3
790 4
791 8
792 7
793 8
794 9
795 5
796 3
797 5
798 6
799 5
800 7
801 12
802 7
803 9
804 10
805 10
806 8
807 9
808 9
809 11
810 12
811 12
812 13
813 9
814 17
815 24
816 28
817 24
818 17
819 20
820 15
821 11
822 15
823 16
824 18
825 17
826 14
827 14
828 17
829 16
830 12
831 14
832 16
833 25
834 19
835 20
836 22
837 25
838 25
839 24
840 18
841 14
842 19
843 18
844 18
845 26
846 37
847 42
848 31
849 34
850 37
851 37
852 35
853 31
854 32
855 36
856 27
857 25
858 31
859 32
860 35
861 35
862 39
863 49
864 51
865 56
866 46
867 53
868 61
869 73
870 69
871 74
872 72
873 68
874 73
875 80
876 75
877 64
878 60
879 62
880 61
881 72
882 81
883 107
884 103
885 112
886 86
887 90
888 93
889 90
890 97
891 99
892 86
893 92
894 73
895 68
896 67
897 74
898 97
899 86
900 82
901 77
902 61
903 61
904 69
905 54
906 56
907 66
908 73
909 78
910 69
911 57
912 53
913 58
914 44
915 54
916 54
917 41
918 46
919 46
920 42
921 47
922 55
923 61
924 66
925 60
926 62
927 68
928 54
929 57
930 60
931 62
932 52
933 42
934 50
935 52
936 48
937 38
938 36
939 36
940 40
941 44
942 37
943 30
944 35
945 34
946 31
947 27
948 39
949 33
950 41
951 47
952 48
953 47
954 46
955 58
956 50
957 51
958 44
959 41
960 45
961 49
962 51
963 50
964 46
965 45
966 48
967 40
968 43
969 45
970 49
971 55
972 54
973 48
974 53
975 69
976 64
977 62
978 61
979 53
980 44
981 42
982 48
983 47
984 53
985 47
986 53
987 54
988 67
989 71
990 76
991 86
992 62
993 63
994 80
995 62
996 61
997 61
998 59
999 70
1000 71
