1 1
2 4
3 9
4 7
5 10
6 9
7 13
8 9
9 3
10 3
11 4
12 1
13 0
14 0
15 0
16 2
17 2
18 3
19 5
20 4
21 9
22 7
23 7
24 6
25 8
26 6
27 7
28 14
29 14
30 21
31 14
32 14
33 16
34 12
35 10
36 11
37 8
38 8
39 14
40 11
41 10
42 13
43 9
44 18
45 17
46 21
47 17
48 15
49 14
50 9
51 6
52 7
53 8
54 8
55 7
56 4
57 2
58 4
59 3
60 1
61 1
62 1
63 1
64 1
65 2
66 2
67 2
68 5
69 6
70 9
71 12
72 18
73 29
74 32
75 28
76 37
77 28
78 25
79 24
80 20
81 21
82 20
83 19
84 15
85 13
86 15
87 16
88 21
89 22
90 29
91 29
92 27
93 23
94 29
95 38
96 35
97 32
98 28
99 28
100 19
101 20
102 25
103 29
104 29
105 26
106 29
107 25
108 30
109 37
110 39
111 21
112 20
113 22
114 18
115 13
116 12
117 17
118 14
119 10
120 9
121 11
122 16
123 20
124 18
125 18
126 24
127 27
128 18
129 20
130 23
131 20
132 21
133 19
134 19
135 13
136 14
137 13
138 15
139 16
140 15
141 13
142 14
143 12
144 9
145 6
146 5
147 0
148 0
149 0
150 0
151 0
152 0
153 0
154 1
155 0
156 0
157 1
158 4
159 7
160 9
161 6
162 5
163 4
164 2
165 1
166 1
167 1
168 1
169 4
170 6
171 7
172 6
173 7
174 12
175 18
176 11
177 12
178 9
179 10
180 14
181 15
182 9
183 11
184 18
185 29
186 33
187 36
188 34
189 35
190 26
191 24
192 24
193 19
194 18
195 16
196 11
197 4
198 9
199 6
200 0
201 0
202 0
203 0
204 1
205 1
206 1
207 3
208 5
209 4
210 7
211 7
212 9
213 13
214 18
215 15
216 16
217 15
218 15
219 11
220 9
221 10
222 4
223 1
224 0
225 1
226 2
227 0
228 0
229 1
230 0
231 0
232 0
233 0
234 1
235 0
236 0
237 0
238 0
239 0
240 0
241 1
242 1
243 0
244 0
245 0
246 0
247 2
248 3
249 4
250 4
251 6
252 7
253 8
254 8
255 8
256 9
257 10
258 8
259 6
260 5
261 4
262 7
263 5
264 6
265 2
266 1
267 0
268 1
269 1
270 3
271 2
272 3
273 2
274 5
275 5
276 6
277 2
278 1
279 0
280 1
281 0
282 0
283 0
284 0
285 0
286 1
287 1
288 2
289 1
290 1
291 1
292 2
293 5
294 5
295 4
296 3
297 3
298 2
299 1
300 1
301 0
302 0
303 1
304 0
305 0
306 0
307 0
308 1
309 0
310 2
311 1
312 4
313 7
314 9
315 12
316 10
317 7
318 11
319 8
320 11
321 10
322 10
323 7
324 9
325 11
326 17
327 13
328 9
329 9
330 6
331 10
332 8
333 8
334 11
335 17
336 24
337 35
338 35
339 32
340 36
341 34
342 33
343 32
344 31
345 28
346 31
347 26
348 20
349 32
350 43
351 42
352 48
353 46
354 40
355 39
356 37
357 36
358 38
359 42
360 42
361 60
362 58
363 61
364 62
365 76
366 81
367 64
368 68
369 66
370 71
371 62
372 52
373 47
374 48
375 57
376 51
377 44
378 32
379 26
380 15
381 17
382 18
383 14
384 16
385 25
386 26
387 33
388 23
389 22
390 19
391 20
392 15
393 14
394 11
395 16
396 14
397 16
398 20
399 18
400 17
401 16
402 14
403 14
404 14
405 12
406 14
407 18
408 15
409 12
410 13
411 14
412 15
413 14
414 14
415 18
416 19
417 24
418 12
419 12
420 19
421 21
422 21
423 15
424 10
425 9
426 11
427 18
428 12
429 14
430 10
431 8
432 13
433 12
434 16
435 17
436 25
437 28
438 36
439 34
440 24
441 18
442 18
443 14
444 9
445 8
446 5
447 4
448 5
449 5
450 8
451 10
452 8
453 8
454 5
455 5
456 6
457 3
458 1
459 3
460 2
461 1
462 0
463 0
464 0
465 0
466 1
467 0
468 0
469 0
470 0
471 0
472 0
473 0
474 2
475 1
476 2
477 0
478 0
479 0
480 0
481 0
482 0
483 1
484 2
485 3
486 4
487 4
488 4
489 7
490 7
491 6
492 11
493 11
494 14
495 19
496 18
497 20
498 18
499 24
500 33
501 24
502 20
503 29
504 28
505 23
506 28
507 29
508 29
509 20
510 23
511 19
512 22
513 28
514 24
515 23
516 22
517 30
518 35
519 36
520 34
521 32
522 28
523 36
524 41
525 36
526 40
527 41
528 52
529 63
530 52
531 49
532 55
533 44
534 34
535 37
536 35
537 19
538 19
539 28
540 28
541 26
542 40
543 45
544 39
545 40
546 43
547 37
548 42
549 35
550 40
551 39
552 31
553 39
554 27
555 29
556 24
557 26
558 27
559 28
560 26
561 20
562 13
563 14
564 14
565 14
566 13
567 14
568 15
569 14
570 14
571 14
572 13
573 14
574 9
575 9
576 6
577 3
578 3
579 2
580 1
581 2
582 1
583 3
584 3
585 2
586 3
587 5
588 5
589 7
590 8
591 7
592 4
593 5
594 3
595 4
596 4
597 7
598 3
599 4
600 6
601 6
602 5
603 5
604 4
605 2
606 1
607 2
608 3
609 4
610 6
611 6
612 6
613 2
614 4
615 3
616 3
617 3
618 2
619 2
620 2
621 2
622 2
623 1
624 1
625 1
626 2
627 1
628 2
629 0
630 0
631 1
632 0
633 0
634 1
635 2
636 1
637 2
638 1
639 4
640 2
641 5
642 8
643 11
644 10
645 11
646 12
647 13
648 18
649 19
650 14
651 11
652 12
653 15
654 15
655 15
656 17
657 10
658 6
659 11
660 10
661 7
662 6
663 9
664 5
665 2
666 2
667 2
668 2
669 3
670 2
671 3
672 3
673 4
674 5
675 6
676 3
677 2
678 5
679 7
680 9
681 13
682 13
683 20
684 17
685 10
686 10
687 11
688 10
689 11
690 13
691 7
692 4
693 2
694 3
695 2
696 5
697 4
698 1
699 1
700 1
701 1
702 1
703 3
704 3
705 9
706 8
707 6
708 5
709 7
710 4
711 2
712 2
713 2
714 5
715 3
716 6
717 6
718 6
719 5
720 9
721 10
722 5
723 7
724 11
725 7
726 5
727 6
728 2
729 2
730 1
731 1
732 3
733 0
734 0
735 1
736 3
737 3
738 1
739 2
740 1
741 1
742 0
743 0
744 0
745 0
746 0
747 0
748 0
749 0
750 1
751 1
752 2
753 3
754 4
755 5
756 5
757 8
758 9
759 12
760 11
761 14
762 16
763 26
764 25
765 25
766 37
767 44
768 42
769 26
770 25
771 22
772 19
773 11
774 5
775 6
776 10
777 11
778 16
779 6
780 6
781 2
782 2
783 2
784 1
785 1
786 0
787 1
788 1
789 0
790 0
791 0
792 0
793 0
794 0
795 0
796 0
797 0
798 0
799 0
800 1
801 1
802 0
803 0
804 0
805 0
806 0
807 0
808 0
809 0
810 0
811 0
812 0
813 0
814 1
815 1
816 3
817 1
818 1
819 1
820 0
821 0
822 1
823 2
824 3
825 4
826 2
827 2
828 1
829 1
830 0
831 0
832 0
833 0
834 0
835 0
836 0
837 0
838 0
839 0
840 0
841 0
842 0
843 0
844 0
845 0
846 0
847 0
848 0
849 0
850 0
851 0
852 1
853 2
854 3
855 3
856 5
857 5
858 2
859 1
860 2
861 1
862 2
863 4
864 6
865 10
866 5
867 7
868 8
869 6
870 8
871 6
872 7
873 4
874 3
875 7
876 9
877 12
878 10
879 10
880 9
881 5
882 9
883 8
884 7
885 5
886 4
887 6
888 5
889 5
890 3
891 2
892 3
893 2
894 1
895 1
896 1
897 3
898 1
899 0
900 1
901 0
902 0
903 0
904 0
905 0
906 0
907 0
908 0
909 0
910 0
911 0
912 0
913 0
914 0
915 0
916 0
917 1
918 3
919 7
920 7
921 8
922 10
923 15
924 12
925 11
926 14
927 14
928 10
929 11
930 17
931 13
932 10
933 5
934 7
935 6
936 8
937 10
938 10
939 9
940 8
941 12
942 15
943 23
944 16
945 19
946 15
947 11
948 9
949 7
950 9
951 9
952 8
953 4
954 4
955 3
956 4
957 3
958 4
959 3
960 1
961 5
962 3
963 6
964 5
965 3
966 3
967 2
968 1
969 0
970 0
971 1
972 1
973 1
974 1
975 1
976 1
977 2
978 8
979 4
980 7
981 7
982 10
983 6
984 6
985 7
986 8
987 8
988 8
989 8
990 7
991 5
992 5
993 8
994 10
995 5
996 5
997 9
998 14
999 14
1000 13
