1 0
2 2
3 4
4 7
5 7
6 10
7 11
8 9
9 16
10 20
11 27
12 19
13 22
14 26
15 26
16 27
17 29
18 30
19 35
20 34
21 45
22 41
23 43
24 39
25 41
26 33
27 35
28 37
29 33
30 28
31 27
32 22
33 29
34 23
35 21
36 16
37 24
38 26
39 41
40 48
41 56
42 66
43 69
44 94
45 104
46 118
47 112
48 117
49 130
50 142
51 141
52 136
53 133
54 145
55 153
56 149
57 161
58 166
59 156
60 139
61 151
62 169
63 169
64 176
65 169
66 163
67 149
68 159
69 154
70 171
71 167
72 170
73 190
74 200
75 199
76 224
77 223
78 207
79 218
80 222
81 242
82 225
83 223
84 242
85 270
86 256
87 229
88 233
89 244
90 260
91 266
92 286
93 258
94 282
95 263
96 237
97 223
98 248
99 256
100 230
101 229
102 221
103 229
104 205
105 205
106 224
107 214
108 229
109 216
110 217
111 214
112 203
113 196
114 166
115 175
116 179
117 169
118 163
119 174
120 181
121 223
122 224
123 228
124 227
125 205
126 207
127 234
128 219
129 224
130 215
131 215
132 195
133 195
134 176
135 169
136 163
137 175
138 187
139 185
140 203
141 216
142 226
143 231
144 225
145 215
146 222
147 217
148 206
149 221
150 215
151 220
152 193
153 183
154 209
155 206
156 218
157 195
158 203
159 209
160 187
161 189
162 188
163 174
164 188
165 188
166 162
167 156
168 145
169 162
170 163
171 178
172 172
173 166
174 172
175 187
176 184
177 195
178 182
179 173
180 180
181 177
182 168
183 161
184 164
185 189
186 175
187 151
188 174
189 162
190 170
191 172
192 155
193 169
194 170
195 161
196 165
197 161
198 163
199 150
200 144
201 147
202 142
203 155
204 168
205 185
206 185
207 204
208 200
209 191
210 204
211 209
212 209
213 208
214 230
215 248
216 250
217 265
218 252
219 267
220 280
221 287
222 318
223 310
224 315
225 364
226 327
227 344
228 342
229 329
230 342
231 361
232 343
233 337
234 341
235 362
236 379
237 373
238 362
239 374
240 371
241 368
242 372
243 392
244 396
245 396
246 401
247 372
248 375
249 373
250 377
251 421
252 409
253 384
254 372
255 360
256 364
257 394
258 412
259 429
260 426
261 417
262 412
263 415
264 412
265 431
266 417
267 425
268 429
269 415
270 421
271 394
272 407
273 391
274 405
275 428
276 408
277 417
278 438
279 463
280 470
281 472
282 479
283 473
284 479
285 478
286 453
287 457
288 431
289 446
290 459
291 430
292 407
293 411
294 422
295 415
296 416
297 428
298 410
299 382
300 405
301 392
302 388
303 402
304 400
305 408
306 374
307 383
308 384
309 428
310 434
311 431
312 420
313 411
314 423
315 431
316 409
317 422
318 406
319 399
320 392
321 388
322 377
323 347
324 370
325 371
326 342
327 330
328 327
329 283
330 297
331 288
332 265
333 257
334 232
335 221
336 236
337 258
338 250
339 245
340 252
341 258
342 269
343 275
344 267
345 226
346 214
347 252
348 238
349 252
350 265
351 235
352 244
353 242
354 259
355 278
356 292
357 284
358 282
359 308
360 312
361 323
362 329
363 348
364 360
365 339
366 347
367 339
368 329
369 332
370 297
371 301
372 308
373 325
374 296
375 320
376 325
377 346
378 329
379 307
380 311
381 297
382 307
383 296
384 281
385 284
386 330
387 345
388 346
389 389
390 379
391 383
392 426
393 408
394 409
395 415
396 402
397 442
398 445
399 441
400 454
401 474
402 419
403 412
404 396
405 410
406 408
407 398
408 390
409 389
410 374
411 368
412 371
413 372
414 383
415 387
416 415
417 461
418 464
419 492
420 483
421 480
422 461
423 448
424 431
425 442
426 470
427 484
428 467
429 439
430 391
431 393
432 402
433 395
434 394
435 381
436 361
437 358
438 358
439 349
440 336
441 335
442 306
443 290
444 309
445 360
446 333
447 342
448 325
449 347
450 340
451 357
452 345
453 329
454 283
455 320
456 316
457 308
458 304
459 260
460 251
461 266
462 283
463 287
464 267
465 287
466 293
467 273
468 282
469 305
470 290
471 308
472 318
473 305
474 309
475 312
476 327
477 309
478 300
479 287
480 284
481 325
482 326
483 315
484 307
485 315
486 335
487 321
488 313
489 295
490 306
491 284
492 301
493 300
494 293
495 282
496 269
497 281
498 291
499 306
500 280
501 278
502 257
503 227
504 230
505 248
506 265
507 276
508 257
509 271
510 280
511 285
512 258
513 286
514 298
515 280
516 307
517 308
518 308
519 304
520 295
521 300
522 303
523 304
524 319
525 294
526 263
527 283
528 265
529 276
530 265
531 259
532 239
533 237
534 233
535 218
536 227
537 216
538 193
539 197
540 191
541 204
542 201
543 206
544 216
545 238
546 243
547 281
548 299
549 285
550 260
551 243
552 246
553 254
554 240
555 228
556 243
557 271
558 290
559 276
560 254
561 258
562 253
563 229
564 228
565 226
566 203
567 207
568 231
569 231
570 224
571 218
572 227
573 220
574 228
575 246
576 253
577 266
578 277
579 284
580 299
581 308
582 289
583 298
584 296
585 284
586 317
587 326
588 355
589 386
590 426
591 407
592 417
593 425
594 423
595 435
596 425
597 427
598 440
599 439
600 394
601 387
602 403
603 414
604 380
605 391
606 405
607 429
608 425
609 442
610 400
611 373
612 441
613 498
614 493
615 453
616 413
617 440
618 491
619 529
620 537
621 536
622 535
623 578
624 537
625 513
626 511
627 502
628 540
629 585
630 598
631 607
632 592
633 619
634 616
635 624
636 621
637 651
638 673
639 706
640 721
641 721
642 731
643 735
644 800
645 802
646 757
647 764
648 772
649 815
650 809
651 831
652 818
653 821
654 821
655 842
656 818
657 883
658 879
659 869
660 913
661 938
662 952
663 926
664 980
665 1060
666 1091
667 1033
668 1022
669 1083
670 1101
671 1107
672 1083
673 1090
674 1092
675 1129
676 1168
677 1144
678 1186
679 1195
680 1214
681 1250
682 1340
683 1316
684 1309
685 1271
686 1264
687 1314
688 1309
689 1369
690 1435
691 1461
692 1462
693 1531
694 1504
695 1483
696 1491
697 1553
698 1578
699 1559
700 1537
701 1557
702 1576
703 1548
704 1524
705 1504
706 1512
707 1446
708 1450
709 1428
710 1391
711 1408
712 1347
713 1329
714 1364
715 1344
716 1324
717 1340
718 1279
719 1298
720 1343
721 1371
722 1363
723 1358
724 1298
725 1298
726 1281
727 1286
728 1301
729 1316
730 1303
731 1324
732 1341
733 1296
734 1243
735 1257
736 1246
737 1237
738 1244
739 1238
740 1255
741 1194
742 1159
743 1109
744 1127
745 1106
746 1074
747 1107
748 1078
749 1110
750 1082
751 1042
752 1055
753 1015
754 1001
755 978
756 1006
757 1030
758 1021
759 1012
760 1012
761 1041
762 1024
763 1012
764 1003
765 958
766 1006
767 949
768 935
769 934
770 912
771 905
772 914
773 938
774 948
775 951
776 927
777 912
778 913
779 947
780 943
781 917
782 924
783 950
784 1036
785 979
786 1005
787 1013
788 1017
789 1028
790 1042
791 1012
792 1015
793 945
794 1011
795 1044
796 1026
797 1000
798 984
799 971
800 984
801 940
802 923
803 965
804 961
805 930
806 911
807 874
808 932
809 920
810 879
811 866
812 893
813 923
814 943
815 911
816 927
817 927
818 925
819 945
820 925
821 910
822 920
823 972
824 999
825 977
826 1021
827 985
828 1026
829 1018
830 977
831 1038
832 978
833 975
834 951
835 952
836 998
837 1011
838 1040
839 1058
840 1074
841 1091
842 1096
843 1106
844 1109
845 1102
846 1064
847 1070
848 1074
849 1045
850 1038
851 1066
852 1099
853 1096
854 1080
855 1045
856 1013
857 979
858 944
859 982
860 1005
861 985
862 974
863 995
864 995
865 993
866 983
867 968
868 955
869 963
870 1023
871 1008
872 1040
873 1040
874 1055
875 1083
876 1088
877 1065
878 1099
879 1054
880 1042
881 1089
882 1088
883 1095
884 1123
885 1076
886 1051
887 1024
888 1040
889 1050
890 985
891 1018
892 1043
893 1064
894 1160
895 1141
896 1125
897 1146
898 1162
899 1187
900 1142
901 1217
902 1230
903 1185
904 1132
905 1095
906 1119
907 1153
908 1180
909 1207
910 1198
911 1211
912 1203
913 1220
914 1203
915 1195
916 1250
917 1273
918 1326
919 1338
920 1366
921 1440
922 1459
923 1509
924 1563
925 1584
926 1632
927 1597
928 1619
929 1661
930 1674
931 1660
932 1669
933 1649
934 1685
935 1642
936 1718
937 1717
938 1757
939 1791
940 1823
941 1824
942 1869
943 1922
944 1916
945 1882
946 1837
947 1829
948 1770
949 1800
950 1804
951 1832
952 1872
953 1781
954 1802
955 1858
956 1906
957 1925
958 1946
959 1954
960 1945
961 2036
962 1971
963 1964
964 1963
965 2014
966 2060
967 2060
968 2089
969 2124
970 2117
971 2200
972 2194
973 2263
974 2268
975 2292
976 2305
977 2270
978 2282
979 2274
980 2254
981 2350
982 2442
983 2414
984 2413
985 2374
986 2333
987 2320
988 2333
989 2361
990 2407
991 2433
992 2473
993 2497
994 2505
995 2480
996 2524
997 2535
998 2544
999 2508
1000 2436
