1 0
2 0
3 0
4 0
5 1
6 1
7 1
8 0
9 1
10 2
11 5
12 8
13 8
14 10
15 12
16 9
17 10
18 12
19 13
20 9
21 13
22 13
23 11
24 17
25 18
26 13
27 14
28 11
29 9
30 10
31 13
32 21
33 17
34 16
35 16
36 20
37 24
38 20
39 23
40 20
41 20
42 8
43 10
44 3
45 2
46 3
47 2
48 1
49 3
50 5
51 6
52 2
53 2
54 2
55 2
56 1
57 3
58 5
59 3
60 6
61 6
62 11
63 12
64 17
65 20
66 16
67 19
68 23
69 25
70 40
71 39
72 46
73 29
74 25
75 22
76 17
77 18
78 19
79 20
80 17
81 12
82 13
83 10
84 9
85 9
86 7
87 5
88 12
89 18
90 15
91 14
92 18
93 20
94 23
95 39
96 50
97 65
98 79
99 89
100 92
101 95
102 87
103 96
104 96
105 107
106 88
107 88
108 87
109 90
110 77
111 93
112 90
113 90
114 93
115 83
116 96
117 101
118 101
119 102
120 101
121 108
122 103
123 134
124 116
125 114
126 135
127 141
128 147
129 153
130 158
131 142
132 134
133 116
134 95
135 90
136 94
137 101
138 102
139 86
140 99
141 79
142 79
143 74
144 78
145 80
146 96
147 89
148 84
149 84
150 76
151 77
152 80
153 75
154 61
155 74
156 67
157 79
158 68
159 67
160 72
161 81
162 75
163 79
164 87
165 91
166 86
167 81
168 81
169 79
170 58
171 47
172 50
173 41
174 44
175 48
176 49
177 57
178 68
179 71
180 65
181 62
182 69
183 61
184 53
185 53
186 55
187 62
188 73
189 78
190 85
191 75
192 55
193 54
194 52
195 45
196 46
197 42
198 45
199 49
200 55
201 56
202 60
203 62
204 67
205 76
206 74
207 62
208 64
209 72
210 77
211 72
212 63
213 61
214 53
215 42
216 48
217 52
218 64
219 57
220 53
221 42
222 50
223 41
224 36
225 37
226 33
227 25
228 25
229 27
230 25
231 26
232 27
233 29
234 30
235 35
236 29
237 25
238 19
239 24
240 16
241 15
242 14
243 17
244 25
245 35
246 31
247 27
248 29
249 31
250 31
251 18
252 14
253 13
254 10
255 8
256 5
257 4
258 8
259 2
260 1
261 1
262 1
263 1
264 1
265 2
266 4
267 4
268 8
269 8
270 6
271 9
272 9
273 9
274 7
275 7
276 9
277 8
278 8
279 8
280 6
281 3
282 3
283 2
284 3
285 2
286 0
287 0
288 0
289 0
290 0
291 0
292 0
293 1
294 1
295 1
296 3
297 7
298 4
299 3
300 2
301 2
302 2
303 1
304 1
305 0
306 0
307 0
308 0
309 2
310 0
311 0
312 0
313 0
314 0
315 0
316 1
317 3
318 3
319 4
320 2
321 0
322 0
323 0
324 0
325 0
326 0
327 0
328 0
329 0
330 0
331 0
332 0
333 0
334 0
335 0
336 0
337 0
338 0
339 0
340 2
341 6
342 5
343 3
344 3
345 3
346 1
347 2
348 2
349 3
350 3
351 4
352 7
353 6
354 7
355 8
356 5
357 6
358 4
359 1
360 1
361 0
362 0
363 0
364 0
365 0
366 0
367 0
368 0
369 0
370 0
371 2
372 2
373 3
374 2
375 3
376 3
377 2
378 2
379 3
380 4
381 1
382 1
383 0
384 0
385 0
386 0
387 0
388 0
389 0
390 1
391 1
392 1
393 4
394 4
395 8
396 8
397 11
398 17
399 12
400 14
401 7
402 7
403 3
404 2
405 2
406 1
407 0
408 0
409 0
410 1
411 1
412 0
413 0
414 0
415 1
416 1
417 1
418 1
419 1
420 1
421 2
422 3
423 2
424 2
425 1
426 1
427 1
428 1
429 1
430 3
431 5
432 8
433 6
434 8
435 5
436 4
437 4
438 2
439 1
440 2
441 2
442 1
443 4
444 3
445 2
446 4
447 7
448 5
449 6
450 4
451 4
452 6
453 6
454 7
455 12
456 8
457 10
458 9
459 5
460 5
461 11
462 14
463 22
464 21
465 24
466 19
467 27
468 30
469 25
470 36
471 34
472 20
473 24
474 30
475 32
476 33
477 31
478 38
479 41
480 52
481 42
482 39
483 44
484 49
485 53
486 53
487 47
488 41
489 41
490 27
491 23
492 25
493 18
494 21
495 21
496 18
497 19
498 19
499 21
500 18
501 21
502 28
503 33
504 33
505 35
506 29
507 27
508 25
509 21
510 26
511 22
512 31
513 28
514 24
515 24
516 17
517 15
518 14
519 16
520 12
521 9
522 10
523 9
524 16
525 12
526 17
527 23
528 28
529 26
530 36
531 36
532 54
533 70
534 52
535 47
536 62
537 58
538 56
539 49
540 46
541 52
542 62
543 66
544 60
545 49
546 58
547 50
548 49
549 44
550 43
551 52
552 42
553 40
554 44
555 43
556 49
557 50
558 46
559 43
560 47
561 44
562 45
563 40
564 40
565 41
566 37
567 44
568 54
569 49
570 49
571 49
572 39
573 36
574 31
575 31
576 22
577 18
578 13
579 10
580 8
581 5
582 3
583 2
584 3
585 3
586 3
587 4
588 3
589 0
590 2
591 2
592 4
593 4
594 1
595 0
596 0
597 0
598 0
599 0
600 0
601 0
602 0
603 1
604 2
605 1
606 2
607 0
608 0
609 0
610 0
611 0
612 0
613 0
614 0
615 1
616 2
617 2
618 2
619 3
620 4
621 2
622 4
623 9
624 9
625 3
626 7
627 14
628 12
629 13
630 10
631 13
632 14
633 14
634 16
635 18
636 12
637 10
638 14
639 14
640 13
641 11
642 14
643 10
644 9
645 8
646 9
647 9
648 10
649 18
650 12
651 18
652 19
653 20
654 17
655 9
656 8
657 6
658 13
659 8
660 15
661 11
662 13
663 12
664 15
665 12
666 5
667 3
668 1
669 2
670 3
671 5
672 8
673 8
674 5
675 4
676 2
677 0
678 1
679 2
680 0
681 0
682 0
683 0
684 0
685 0
686 2
687 1
688 1
689 1
690 0
691 0
692 0
693 0
694 0
695 1
696 0
697 0
698 0
699 0
700 0
701 0
702 1
703 0
704 0
705 0
706 0
707 0
708 0
709 0
710 0
711 0
712 2
713 5
714 6
715 10
716 6
717 4
718 2
719 2
720 1
721 0
722 0
723 1
724 1
725 0
726 0
727 0
728 0
729 0
730 1
731 2
732 3
733 3
734 4
735 2
736 3
737 3
738 5
739 6
740 4
741 3
742 2
743 2
744 0
745 1
746 0
747 0
748 0
749 0
750 0
751 0
752 0
753 1
754 2
755 0
756 0
757 0
758 1
759 2
760 2
761 1
762 0
763 0
764 0
765 0
766 0
767 0
768 0
769 0
770 0
771 0
772 0
773 0
774 0
775 0
776 0
777 0
778 1
779 0
780 0
781 0
782 0
783 0
784 1
785 1
786 1
787 2
788 2
789 3
790 6
791 5
792 2
793 1
794 1
795 0
796 0
797 1
798 3
799 1
800 2
801 1
802 0
803 2
804 0
805 0
806 1
807 4
808 6
809 6
810 2
811 4
812 4
813 7
814 4
815 0
816 0
817 0
818 0
819 0
820 0
821 0
822 0
823 0
824 0
825 0
826 0
827 1
828 1
829 2
830 3
831 6
832 10
833 8
834 10
835 8
836 10
837 10
838 15
839 15
840 14
841 10
842 10
843 13
844 11
845 14
846 6
847 14
848 16
849 14
850 21
851 21
852 19
853 23
854 24
855 20
856 22
857 29
858 25
859 25
860 26
861 32
862 37
863 32
864 39
865 36
866 40
867 36
868 31
869 29
870 33
871 35
872 32
873 33
874 28
875 31
876 39
877 37
878 34
879 43
880 31
881 24
882 13
883 12
884 16
885 15
886 15
887 16
888 15
889 15
890 18
891 16
892 23
893 19
894 16
895 14
896 16
897 18
898 20
899 27
900 30
901 28
902 37
903 41
904 31
905 29
906 32
907 42
908 50
909 54
910 47
911 33
912 33
913 35
914 43
915 40
916 50
917 45
918 36
919 50
920 53
921 41
922 32
923 20
924 19
925 15
926 12
927 7
928 5
929 2
930 2
931 3
932 2
933 2
934 1
935 0
936 0
937 0
938 0
939 0
940 1
941 3
942 2
943 0
944 0
945 1
946 2
947 2
948 6
949 8
950 12
951 10
952 8
953 5
954 2
955 0
956 0
957 1
958 1
959 3
960 5
961 6
962 7
963 7
964 6
965 8
966 6
967 6
968 9
969 8
970 6
971 9
972 9
973 7
974 7
975 4
976 4
977 4
978 5
979 5
980 4
981 5
982 4
983 5
984 4
985 3
986 4
987 2
988 2
989 2
990 1
991 0
992 1
993 1
994 1
995 4
996 1
997 0
998 0
999 0
1000 0
