1 0
2 0
3 0
4 0
5 0
6 0
7 0
8 2
9 2
10 7
11 8
12 8
13 15
14 14
15 21
16 22
17 30
18 29
19 37
20 33
21 33
22 29
23 27
24 26
25 21
26 26
27 32
28 20
29 17
30 15
31 22
32 24
33 28
34 30
35 24
36 29
37 30
38 32
39 34
40 25
41 15
42 12
43 11
44 8
45 12
46 6
47 11
48 11
49 8
50 7
51 2
52 3
53 6
54 4
55 6
56 3
57 4
58 4
59 4
60 5
61 4
62 2
63 0
64 1
65 1
66 1
67 1
68 1
69 0
70 0
71 0
72 0
73 0
74 0
75 0
76 0
77 0
78 1
79 3
80 3
81 1
82 1
83 2
84 0
85 0
86 0
87 0
88 0
89 0
90 0
91 0
92 0
93 0
94 0
95 1
96 1
97 1
98 2
99 2
100 1
101 3
102 1
103 0
104 0
105 0
106 0
107 0
108 0
109 0
110 0
111 1
112 1
113 2
114 2
115 2
116 1
117 1
118 0
119 0
120 0
121 0
122 0
123 0
124 0
125 0
126 1
127 3
128 2
129 4
130 0
131 0
132 0
133 1
134 0
135 0
136 0
137 0
138 0
139 0
140 0
141 0
142 0
143 0
144 0
145 1
146 2
147 2
148 1
149 1
150 0
151 0
152 0
153 1
154 1
155 1
156 1
157 2
158 4
159 8
160 8
161 12
162 15
163 13
164 16
165 8
166 6
167 4
168 7
169 5
170 6
171 10
172 12
173 9
174 8
175 8
176 5
177 7
178 8
179 8
180 7
181 6
182 5
183 4
184 0
185 0
186 0
187 0
188 0
189 0
190 0
191 0
192 0
193 0
194 0
195 1
196 1
197 3
198 7
199 9
200 10
201 10
202 11
203 11
204 9
205 6
206 7
207 5
208 5
209 4
210 5
211 8
212 5
213 5
214 4
215 10
216 8
217 8
218 11
219 10
220 12
221 13
222 18
223 17
224 12
225 18
226 21
227 19
228 19
229 17
230 20
231 23
232 28
233 19
234 20
235 16
236 16
237 18
238 19
239 13
240 17
241 21
242 20
243 16
244 19
245 21
246 25
247 20
248 18
249 16
250 15
251 11
252 11
253 11
254 12
255 17
256 11
257 10
258 3
259 8
260 14
261 11
262 15
263 18
264 17
265 23
266 20
267 18
268 17
269 17
270 16
271 17
272 12
273 10
274 9
275 10
276 15
277 18
278 14
279 9
280 6
281 6
282 4
283 7
284 7
285 7
286 6
287 11
288 9
289 11
290 6
291 4
292 5
293 4
294 3
295 4
296 1
297 0
298 0
299 0
300 0
301 0
302 0
303 0
304 1
305 1
306 1
307 1
308 1
309 2
310 3
311 5
312 6
313 2
314 1
315 3
316 5
317 4
318 6
319 5
320 2
321 0
322 0
323 0
324 0
325 0
326 0
327 1
328 0
329 1
330 0
331 0
332 0
333 0
334 0
335 0
336 0
337 0
338 0
339 0
340 0
341 1
342 0
343 0
344 0
345 0
346 0
347 0
348 1
349 2
350 2
351 1
352 0
353 0
354 0
355 0
356 0
357 0
358 0
359 0
360 0
361 0
362 0
363 1
364 3
365 3
366 1
367 2
368 2
369 0
370 0
371 0
372 0
373 0
374 0
375 0
376 0
377 0
378 0
379 0
380 0
381 1
382 0
383 0
384 0
385 2
386 3
387 7
388 7
389 11
390 5
391 1
392 1
393 1
394 3
395 5
396 6
397 7
398 8
399 9
400 6
401 2
402 1
403 0
404 0
405 0
406 0
407 0
408 0
409 0
410 0
411 0
412 0
413 0
414 0
415 0
416 0
417 0
418 0
419 0
420 0
421 1
422 0
423 0
424 0
425 0
426 0
427 1
428 1
429 3
430 6
431 3
432 1
433 0
434 0
435 0
436 0
437 0
438 1
439 1
440 0
441 0
442 1
443 1
444 1
445 2
446 1
447 0
448 0
449 0
450 0
451 1
452 0
453 1
454 2
455 0
456 0
457 0
458 0
459 0
460 1
461 2
462 2
463 0
464 0
465 0
466 0
467 0
468 0
469 0
470 0
471 0
472 0
473 0
474 0
475 0
476 0
477 0
478 0
479 0
480 0
481 0
482 0
483 0
484 0
485 0
486 0
487 0
488 0
489 0
490 0
491 0
492 0
493 0
494 0
495 0
496 0
497 0
498 0
499 0
500 0
501 0
502 1
503 3
504 5
505 4
506 6
507 5
508 3
509 3
510 6
511 5
512 4
513 6
514 8
515 4
516 3
517 4
518 2
519 1
520 0
521 0
522 0
523 0
524 0
525 0
526 0
527 1
528 3
529 2
530 0
531 0
532 0
533 0
534 1
535 1
536 1
537 0
538 0
539 0
540 0
541 1
542 1
543 0
544 0
545 0
546 0
547 1
548 0
549 0
550 0
551 1
552 2
553 3
554 4
555 2
556 0
557 1
558 0
559 0
560 0
561 0
562 1
563 0
564 0
565 0
566 0
567 1
568 2
569 5
570 7
571 2
572 4
573 3
574 0
575 0
576 0
577 0
578 1
579 2
580 4
581 7
582 5
583 4
584 4
585 2
586 1
587 0
588 0
589 0
590 0
591 0
592 0
593 0
594 0
595 0
596 0
597 0
598 0
599 2
600 2
601 1
602 0
603 1
604 1
605 0
606 0
607 0
608 0
609 0
610 0
611 0
612 0
613 0
614 0
615 1
616 0
617 0
618 1
619 2
620 1
621 3
622 5
623 6
624 5
625 5
626 4
627 10
628 11
629 10
630 13
631 14
632 12
633 13
634 10
635 5
636 4
637 1
638 1
639 0
640 0
641 2
642 4
643 7
644 8
645 9
646 10
647 7
648 14
649 13
650 14
651 12
652 10
653 5
654 8
655 6
656 4
657 8
658 12
659 10
660 9
661 9
662 5
663 2
664 2
665 2
666 2
667 3
668 1
669 3
670 3
671 2
672 2
673 5
674 3
675 0
676 0
677 0
678 0
679 0
680 0
681 0
682 0
683 0
684 0
685 0
686 0
687 0
688 0
689 0
690 0
691 0
692 0
693 0
694 1
695 1
696 1
697 0
698 1
699 3
700 3
701 2
702 2
703 2
704 2
705 4
706 2
707 2
708 1
709 0
710 1
711 1
712 1
713 0
714 0
715 0
716 1
717 4
718 3
719 1
720 1
721 1
722 0
723 0
724 0
725 1
726 2
727 2
728 3
729 2
730 3
731 0
732 0
733 0
734 0
735 0
736 1
737 0
738 0
739 0
740 0
741 0
742 0
743 0
744 2
745 2
746 3
747 5
748 8
749 3
750 3
751 3
752 2
753 0
754 0
755 0
756 0
757 0
758 0
759 0
760 1
761 0
762 0
763 0
764 0
765 1
766 3
767 2
768 2
769 2
770 1
771 1
772 3
773 0
774 0
775 0
776 1
777 0
778 0
779 0
780 2
781 1
782 0
783 0
784 0
785 0
786 0
787 0
788 0
789 0
790 0
791 0
792 0
793 0
794 0
795 0
796 0
797 0
798 0
799 0
800 0
801 0
802 0
803 0
804 0
805 0
806 1
807 1
808 2
809 1
810 0
811 0
812 1
813 1
814 2
815 4
816 5
817 6
818 11
819 8
820 9
821 8
822 9
823 12
824 12
825 12
826 20
827 12
828 12
829 11
830 8
831 10
832 10
833 8
834 9
835 12
836 14
837 14
838 14
839 14
840 16
841 17
842 18
843 23
844 23
845 19
846 24
847 23
848 27
849 28
850 20
851 24
852 17
853 16
854 12
855 8
856 7
857 6
858 6
859 3
860 5
861 4
862 2
863 1
864 0
865 1
866 1
867 1
868 0
869 0
870 1
871 1
872 0
873 0
874 1
875 1
876 2
877 3
878 3
879 5
880 8
881 9
882 10
883 8
884 9
885 7
886 6
887 12
888 10
889 15
890 8
891 6
892 7
893 7
894 8
895 7
896 12
897 21
898 17
899 18
900 16
901 20
902 13
903 10
904 9
905 7
906 6
907 9
908 11
909 10
910 14
911 11
912 17
913 19
914 18
915 23
916 27
917 15
918 20
919 19
920 23
921 23
922 29
923 30
924 37
925 29
926 33
927 34
928 37
929 34
930 35
931 36
932 36
933 43
934 50
935 44
936 39
937 47
938 41
939 48
940 52
941 45
942 47
943 40
944 43
945 43
946 49
947 58
948 61
949 70
950 71
951 66
952 69
953 68
954 69
955 57
956 54
957 72
958 72
959 76
960 66
961 80
962 67
963 63
964 65
965 68
966 77
967 84
968 83
969 89
970 70
971 71
972 65
973 68
974 68
975 81
976 90
977 78
978 84
979 83
980 81
981 67
982 52
983 56
984 51
985 54
986 56
987 47
988 46
989 47
990 31
991 34
992 33
993 31
994 32
995 31
996 27
997 19
998 17
999 7
1000 8
