1 2
2 4
3 3
4 7
5 8
6 15
7 15
8 14
9 18
10 18
11 29
12 37
13 41
14 40
15 46
16 36
17 28
18 34
19 36
20 45
21 48
22 46
23 51
24 53
25 59
26 70
27 66
28 63
29 73
30 83
31 85
32 83
33 91
34 112
35 111
36 111
37 130
38 144
39 136
40 147
41 158
42 167
43 183
44 196
45 208
46 224
47 235
48 216
49 232
50 232
51 219
52 215
53 216
54 224
55 217
56 230
57 237
58 230
59 222
60 206
61 182
62 192
63 205
64 221
65 248
66 224
67 217
68 239
69 238
70 207
71 206
72 211
73 234
74 224
75 226
76 253
77 267
78 272
79 258
80 290
81 290
82 297
83 310
84 340
85 336
86 334
87 335
88 356
89 358
90 358
91 372
92 372
93 391
94 373
95 388
96 392
97 435
98 427
99 401
100 415
101 410
102 438
103 463
104 460
105 452
106 451
107 444
108 450
109 444
110 420
111 409
112 407
113 390
114 394
115 380
116 357
117 376
118 391
119 411
120 397
121 413
122 408
123 405
124 418
125 417
126 420
127 403
128 396
129 407
130 390
131 414
132 410
133 427
134 418
135 410
136 404
137 404
138 420
139 431
140 463
141 444
142 426
143 425
144 416
145 422
146 480
147 460
148 439
149 450
150 427
151 428
152 447
153 409
154 457
155 433
156 475
157 492
158 458
159 472
160 478
161 510
162 520
163 507
164 505
165 475
166 499
167 526
168 577
169 560
170 573
171 580
172 584
173 595
174 617
175 635
176 580
177 560
178 562
179 585
180 586
181 567
182 560
183 564
184 598
185 602
186 622
187 667
188 643
189 582
190 565
191 554
192 548
193 526
194 592
195 581
196 543
197 547
198 549
199 537
200 539
201 521
202 552
203 541
204 547
205 570
206 548
207 543
208 542
209 523
210 594
211 585
212 566
213 573
214 571
215 568
216 580
217 596
218 609
219 655
220 739
221 762
222 737
223 755
224 775
225 792
226 783
227 758
228 796
229 841
230 828
231 859
232 824
233 837
234 863
235 886
236 838
237 827
238 834
239 811
240 814
241 860
242 818
243 818
244 794
245 804
246 846
247 817
248 787
249 792
250 805
251 834
252 827
253 831
254 859
255 873
256 854
257 877
258 823
259 824
260 832
261 805
262 848
263 824
264 812
265 800
266 826
267 831
268 884
269 931
270 924
271 899
272 873
273 891
274 924
275 979
276 952
277 949
278 887
279 888
280 906
281 910
282 883
283 894
284 927
285 990
286 973
287 1004
288 1010
289 1052
290 1073
291 1017
292 1014
293 995
294 971
295 971
296 1009
297 1027
298 1049
299 1046
300 1037
301 989
302 1022
303 1012
304 983
305 941
306 940
307 982
308 996
309 989
310 962
311 955
312 922
313 960
314 996
315 1068
316 1060
317 1062
318 1038
319 1028
320 1089
321 1107
322 1126
323 1110
324 1130
325 1128
326 1215
327 1244
328 1265
329 1244
330 1229
331 1261
332 1303
333 1199
334 1201
335 1239
336 1222
337 1249
338 1268
339 1272
340 1314
341 1370
342 1328
343 1302
344 1336
345 1339
346 1344
347 1317
348 1337
349 1354
350 1370
351 1324
352 1365
353 1353
354 1329
355 1350
356 1343
357 1335
358 1368
359 1412
360 1366
361 1379
362 1385
363 1391
364 1421
365 1399
366 1407
367 1376
368 1352
369 1346
370 1303
371 1306
372 1286
373 1361
374 1319
375 1336
376 1369
377 1393
378 1324
379 1334
380 1323
381 1315
382 1331
383 1272
384 1319
385 1342
386 1343
387 1281
388 1265
389 1225
390 1197
391 1206
392 1199
393 1211
394 1221
395 1268
396 1283
397 1275
398 1229
399 1177
400 1206
401 1225
402 1259
403 1328
404 1313
405 1320
406 1370
407 1371
408 1340
409 1382
410 1350
411 1431
412 1390
413 1401
414 1414
415 1439
416 1420
417 1398
418 1412
419 1409
420 1415
421 1408
422 1381
423 1380
424 1389
425 1443
426 1531
427 1528
428 1494
429 1451
430 1362
431 1394
432 1409
433 1415
434 1400
435 1388
436 1382
437 1403
438 1462
439 1406
440 1448
441 1487
442 1504
443 1514
444 1539
445 1505
446 1561
447 1553
448 1568
449 1663
450 1708
451 1681
452 1653
453 1598
454 1586
455 1612
456 1602
457 1597
458 1566
459 1619
460 1601
461 1596
462 1615
463 1599
464 1552
465 1503
466 1506
467 1432
468 1408
469 1491
470 1478
471 1478
472 1481
473 1397
474 1409
475 1470
476 1435
477 1382
478 1347
479 1332
480 1349
481 1320
482 1305
483 1271
484 1263
485 1283
486 1255
487 1298
488 1318
489 1340
490 1401
491 1463
492 1395
493 1371
494 1349
495 1415
496 1393
497 1433
498 1411
499 1352
500 1397
501 1299
502 1348
503 1374
504 1358
505 1262
506 1276
507 1303
508 1300
509 1323
510 1285
511 1235
512 1249
513 1239
514 1301
515 1272
516 1248
517 1307
518 1297
519 1259
520 1276
521 1218
522 1192
523 1228
524 1227
525 1175
526 1231
527 1259
528 1296
529 1290
530 1331
531 1270
532 1273
533 1244
534 1264
535 1252
536 1218
537 1265
538 1294
539 1340
540 1376
541 1359
542 1345
543 1378
544 1376
545 1410
546 1413
547 1388
548 1403
549 1396
550 1455
551 1425
552 1393
553 1359
554 1352
555 1318
556 1367
557 1360
558 1333
559 1333
560 1356
561 1392
562 1387
563 1315
564 1401
565 1403
566 1378
567 1442
568 1458
569 1453
570 1432
571 1440
572 1503
573 1469
574 1355
575 1330
576 1341
577 1415
578 1415
579 1407
580 1410
581 1369
582 1387
583 1425
584 1463
585 1508
586 1485
587 1477
588 1416
589 1427
590 1483
591 1489
592 1504
593 1484
594 1506
595 1495
596 1543
597 1526
598 1553
599 1558
600 1457
601 1434
602 1446
603 1379
604 1394
605 1380
606 1371
607 1404
608 1371
609 1372
610 1345
611 1285
612 1231
613 1284
614 1317
615 1388
616 1404
617 1382
618 1321
619 1386
620 1376
621 1377
622 1422
623 1472
624 1503
625 1515
626 1509
627 1504
628 1578
629 1512
630 1515
631 1478
632 1452
633 1488
634 1531
635 1563
636 1577
637 1604
638 1650
639 1617
640 1519
641 1541
642 1528
643 1492
644 1459
645 1420
646 1407
647 1406
648 1524
649 1461
650 1486
651 1473
652 1515
653 1507
654 1475
655 1434
656 1414
657 1443
658 1447
659 1422
660 1432
661 1432
662 1415
663 1383
664 1340
665 1329
666 1321
667 1361
668 1339
669 1314
670 1254
671 1236
672 1242
673 1232
674 1219
675 1228
676 1293
677 1294
678 1247
679 1291
680 1287
681 1244
682 1213
683 1302
684 1241
685 1226
686 1187
687 1243
688 1220
689 1144
690 1124
691 1102
692 1166
693 1214
694 1252
695 1221
696 1238
697 1230
698 1258
699 1214
700 1248
701 1235
702 1219
703 1221
704 1192
705 1245
706 1287
707 1268
708 1255
709 1285
710 1281
711 1281
712 1320
713 1363
714 1375
715 1386
716 1357
717 1436
718 1446
719 1469
720 1508
721 1570
722 1562
723 1573
724 1537
725 1492
726 1500
727 1511
728 1500
729 1472
730 1396
731 1419
732 1387
733 1405
734 1382
735 1401
736 1412
737 1390
738 1369
739 1406
740 1439
741 1450
742 1404
743 1397
744 1319
745 1338
746 1351
747 1410
748 1401
749 1411
750 1415
751 1436
752 1448
753 1361
754 1430
755 1433
756 1499
757 1479
758 1484
759 1463
760 1410
761 1353
762 1368
763 1340
764 1402
765 1448
766 1440
767 1518
768 1491
769 1508
770 1523
771 1470
772 1498
773 1469
774 1463
775 1480
776 1476
777 1419
778 1467
779 1528
780 1520
781 1551
782 1526
783 1572
784 1610
785 1604
786 1608
787 1590
788 1523
789 1505
790 1543
791 1504
792 1490
793 1530
794 1523
795 1551
796 1551
797 1567
798 1565
799 1607
800 1552
801 1520
802 1514
803 1575
804 1543
805 1558
806 1513
807 1466
808 1501
809 1551
810 1601
811 1553
812 1557
813 1536
814 1502
815 1451
816 1483
817 1461
818 1458
819 1463
820 1447
821 1465
822 1527
823 1548
824 1553
825 1457
826 1469
827 1429
828 1447
829 1416
830 1416
831 1408
832 1426
833 1343
834 1311
835 1328
836 1272
837 1220
838 1235
839 1212
840 1130
841 1095
842 1076
843 1120
844 1075
845 1013
846 1039
847 1044
848 1062
849 1018
850 1017
851 972
852 1026
853 1061
854 1099
855 1118
856 1070
857 1103
858 1122
859 1112
860 1191
861 1240
862 1255
863 1254
864 1284
865 1256
866 1279
867 1354
868 1350
869 1344
870 1401
871 1379
872 1422
873 1382
874 1424
875 1406
876 1383
877 1334
878 1307
879 1302
880 1402
881 1359
882 1374
883 1314
884 1372
885 1419
886 1408
887 1416
888 1443
889 1520
890 1552
891 1515
892 1548
893 1485
894 1476
895 1558
896 1624
897 1606
898 1606
899 1608
900 1522
901 1476
902 1485
903 1564
904 1561
905 1586
906 1560
907 1590
908 1528
909 1535
910 1595
911 1686
912 1658
913 1687
914 1681
915 1728
916 1675
917 1656
918 1593
919 1575
920 1598
921 1557
922 1509
923 1462
924 1486
925 1460
926 1502
927 1484
928 1572
929 1704
930 1685
931 1715
932 1707
933 1706
934 1791
935 1784
936 1766
937 1763
938 1785
939 1794
940 1804
941 1812
942 1849
943 1750
944 1791
945 1793
946 1681
947 1634
948 1649
949 1736
950 1764
951 1724
952 1728
953 1758
954 1804
955 1844
956 1779
957 1747
958 1701
959 1685
960 1731
961 1669
962 1660
963 1694
964 1711
965 1662
966 1677
967 1649
968 1576
969 1535
970 1546
971 1637
972 1712
973 1709
974 1727
975 1649
976 1619
977 1545
978 1521
979 1480
980 1475
981 1513
982 1549
983 1548
984 1609
985 1509
986 1557
987 1590
988 1632
989 1661
990 1612
991 1600
992 1487
993 1494
994 1511
995 1545
996 1582
997 1550
998 1574
999 1567
1000 1599
