1 2
2 4
3 6
4 6
5 5
6 9
7 11
8 9
9 12
10 18
11 29
12 36
13 38
14 39
15 40
16 34
17 40
18 46
19 47
20 47
21 52
22 53
23 54
24 74
25 63
26 67
27 73
28 68
29 61
30 56
31 72
32 83
33 75
34 81
35 86
36 88
37 82
38 90
39 95
40 101
41 105
42 99
43 133
44 148
45 146
46 133
47 126
48 123
49 134
50 118
51 121
52 135
53 169
54 151
55 165
56 175
57 175
58 191
59 210
60 187
61 172
62 157
63 173
64 172
65 182
66 187
67 181
68 163
69 176
70 180
71 172
72 172
73 184
74 193
75 198
76 201
77 171
78 193
79 194
80 217
81 223
82 224
83 261
84 268
85 285
86 266
87 271
88 291
89 314
90 340
91 328
92 303
93 343
94 353
95 368
96 352
97 349
98 366
99 354
100 374
101 382
102 382
103 442
104 436
105 465
106 460
107 455
108 457
109 464
110 473
111 444
112 460
113 453
114 466
115 486
116 478
117 474
118 478
119 501
120 510
121 497
122 525
123 484
124 473
125 476
126 532
127 523
128 547
129 598
130 623
131 635
132 606
133 601
134 606
135 608
136 560
137 573
138 587
139 593
140 604
141 632
142 631
143 634
144 611
145 620
146 632
147 636
148 614
149 622
150 641
151 673
152 674
153 623
154 619
155 639
156 679
157 669
158 680
159 666
160 644
161 635
162 633
163 613
164 623
165 618
166 672
167 640
168 621
169 591
170 593
171 594
172 612
173 581
174 599
175 612
176 657
177 686
178 661
179 745
180 769
181 754
182 745
183 748
184 756
185 742
186 729
187 777
188 813
189 791
190 800
191 813
192 779
193 780
194 774
195 775
196 745
197 764
198 809
199 806
200 801
201 830
202 823
203 874
204 874
205 868
206 843
207 813
208 772
209 794
210 779
211 756
212 757
213 740
214 758
215 785
216 782
217 851
218 859
219 886
220 862
221 841
222 841
223 873
224 936
225 897
226 921
227 929
228 954
229 954
230 923
231 927
232 944
233 985
234 919
235 945
236 914
237 962
238 990
239 1024
240 1035
241 1006
242 1078
243 1057
244 1034
245 1011
246 1048
247 1067
248 1060
249 1041
250 1026
251 1050
252 1004
253 1018
254 1029
255 1001
256 1005
257 1050
258 1069
259 1132
260 1131
261 1184
262 1147
263 1151
264 1232
265 1227
266 1250
267 1269
268 1284
269 1280
270 1269
271 1256
272 1177
273 1175
274 1170
275 1165
276 1150
277 1120
278 1111
279 1055
280 1072
281 1070
282 1067
283 1102
284 1116
285 1140
286 1146
287 1131
288 1194
289 1211
290 1203
291 1205
292 1193
293 1262
294 1262
295 1314
296 1286
297 1256
298 1242
299 1292
300 1282
301 1300
302 1349
303 1301
304 1321
305 1322
306 1370
307 1393
308 1361
309 1396
310 1445
311 1439
312 1424
313 1447
314 1418
315 1434
316 1496
317 1494
318 1480
319 1466
320 1462
321 1504
322 1559
323 1573
324 1592
325 1561
326 1595
327 1639
328 1653
329 1662
330 1582
331 1641
332 1637
333 1599
334 1496
335 1435
336 1435
337 1438
338 1458
339 1439
340 1395
341 1421
342 1384
343 1415
344 1458
345 1468
346 1455
347 1446
348 1499
349 1502
350 1554
351 1592
352 1625
353 1660
354 1639
355 1624
356 1635
357 1591
358 1611
359 1557
360 1602
361 1591
362 1592
363 1610
364 1619
365 1724
366 1656
367 1610
368 1568
369 1569
370 1576
371 1600
372 1561
373 1561
374 1582
375 1589
376 1643
377 1683
378 1703
379 1656
380 1582
381 1535
382 1523
383 1540
384 1515
385 1514
386 1516
387 1519
388 1519
389 1509
390 1549
391 1553
392 1599
393 1580
394 1593
395 1615
396 1656
397 1675
398 1637
399 1611
400 1609
401 1628
402 1662
403 1631
404 1611
405 1638
406 1653
407 1609
408 1606
409 1628
410 1663
411 1673
412 1656
413 1590
414 1618
415 1639
416 1591
417 1607
418 1592
419 1541
420 1475
421 1430
422 1321
423 1356
424 1397
425 1360
426 1389
427 1347
428 1377
429 1330
430 1309
431 1259
432 1213
433 1163
434 1164
435 1131
436 1122
437 1152
438 1109
439 1103
440 1105
441 1181
442 1211
443 1251
444 1176
445 1146
446 1199
447 1174
448 1163
449 1175
450 1228
451 1295
452 1317
453 1321
454 1329
455 1322
456 1383
457 1425
458 1437
459 1436
460 1443
461 1485
462 1463
463 1510
464 1463
465 1454
466 1489
467 1485
468 1504
469 1530
470 1562
471 1536
472 1528
473 1536
474 1529
475 1540
476 1498
477 1507
478 1557
479 1483
480 1466
481 1377
482 1346
483 1336
484 1295
485 1286
486 1288
487 1259
488 1288
489 1249
490 1280
491 1264
492 1269
493 1173
494 1195
495 1221
496 1155
497 1126
498 1132
499 1114
500 1080
501 1044
502 1036
503 1029
504 1082
505 1128
506 1163
507 1214
508 1194
509 1222
510 1191
511 1199
512 1172
513 1155
514 1131
515 1111
516 1075
517 1100
518 1156
519 1153
520 1147
521 1180
522 1177
523 1148
524 1092
525 1101
526 1095
527 1060
528 1122
529 1203
530 1232
531 1286
532 1282
533 1295
534 1256
535 1257
536 1232
537 1251
538 1273
539 1316
540 1263
541 1285
542 1304
543 1341
544 1327
545 1350
546 1384
547 1397
548 1329
549 1337
550 1363
551 1300
552 1293
553 1342
554 1398
555 1385
556 1339
557 1370
558 1344
559 1326
560 1306
561 1300
562 1290
563 1276
564 1297
565 1263
566 1284
567 1285
568 1225
569 1264
570 1260
571 1229
572 1199
573 1183
574 1231
575 1251
576 1140
577 1127
578 1126
579 1082
580 1048
581 1018
582 1009
583 1021
584 1000
585 1066
586 1090
587 1089
588 1093
589 1070
590 1069
591 1029
592 988
593 1047
594 1004
595 1012
596 1030
597 1042
598 1005
599 994
600 1016
601 1022
602 983
603 975
604 959
605 1006
606 1012
607 1001
608 1029
609 1051
610 994
611 964
612 886
613 892
614 859
615 830
616 815
617 802
618 772
619 769
620 804
621 760
622 752
623 699
624 694
625 702
626 745
627 700
628 649
629 621
630 628
631 642
632 619
633 615
634 646
635 624
636 603
637 599
638 657
639 629
640 584
641 586
642 578
643 585
644 614
645 634
646 667
647 687
648 705
649 729
650 743
651 775
652 750
653 785
654 772
655 722
656 708
657 729
658 735
659 747
660 748
661 746
662 734
663 713
664 734
665 711
666 685
667 676
668 681
669 715
670 696
671 699
672 690
673 652
674 661
675 623
676 625
677 604
678 575
679 605
680 612
681 595
682 613
683 584
684 576
685 583
686 605
687 623
688 631
689 630
690 628
691 620
692 632
693 677
694 714
695 750
696 734
697 729
698 713
699 698
700 701
701 769
702 774
703 755
704 727
705 769
706 774
707 780
708 757
709 806
710 823
711 801
712 829
713 836
714 878
715 904
716 888
717 844
718 858
719 867
720 858
721 884
722 918
723 938
724 919
725 938
726 940
727 975
728 1006
729 1042
730 1118
731 1121
732 1136
733 1160
734 1124
735 1131
736 1097
737 1084
738 1106
739 1109
740 1124
741 1141
742 1189
743 1224
744 1271
745 1328
746 1322
747 1363
748 1345
749 1399
750 1389
751 1406
752 1454
753 1434
754 1430
755 1462
756 1453
757 1509
758 1538
759 1545
760 1565
761 1503
762 1501
763 1486
764 1449
765 1448
766 1455
767 1500
768 1495
769 1523
770 1532
771 1526
772 1580
773 1538
774 1517
775 1512
776 1503
777 1530
778 1486
779 1466
780 1551
781 1525
782 1487
783 1543
784 1567
785 1592
786 1633
787 1620
788 1589
789 1551
790 1551
791 1522
792 1491
793 1501
794 1510
795 1553
796 1552
797 1592
798 1639
799 1660
800 1684
801 1771
802 1699
803 1700
804 1726
805 1769
806 1757
807 1779
808 1809
809 1844
810 1895
811 1896
812 1884
813 1869
814 1798
815 1863
816 1907
817 1895
818 1897
819 1866
820 1852
821 1782
822 1754
823 1698
824 1682
825 1706
826 1684
827 1655
828 1691
829 1659
830 1664
831 1650
832 1612
833 1559
834 1585
835 1676
836 1719
837 1762
838 1764
839 1746
840 1767
841 1759
842 1817
843 1754
844 1747
845 1773
846 1809
847 1806
848 1798
849 1844
850 1772
851 1722
852 1660
853 1618
854 1668
855 1702
856 1779
857 1753
858 1772
859 1717
860 1627
861 1625
862 1652
863 1681
864 1709
865 1689
866 1731
867 1756
868 1741
869 1799
870 1776
871 1844
872 1859
873 1840
874 1888
875 1906
876 1916
877 1892
878 1948
879 1929
880 1898
881 1876
882 1886
883 1877
884 1861
885 1878
886 1854
887 1844
888 1844
889 1905
890 1937
891 1919
892 1938
893 1950
894 1942
895 2038
896 2022
897 1933
898 1962
899 1966
900 1990
901 2052
902 2061
903 2039
904 2067
905 2023
906 2010
907 2003
908 2066
909 2124
910 2151
911 2210
912 2210
913 2229
914 2232
915 2207
916 2256
917 2253
918 2290
919 2204
920 2176
921 2204
922 2123
923 2125
924 2091
925 2116
926 2186
927 2212
928 2223
929 2238
930 2224
931 2216
932 2235
933 2175
934 2239
935 2268
936 2335
937 2304
938 2303
939 2207
940 2200
941 2184
942 2202
943 2234
944 2278
945 2264
946 2240
947 2249
948 2166
949 2199
950 2243
951 2221
952 2260
953 2334
954 2268
955 2266
956 2286
957 2287
958 2248
959 2241
960 2232
961 2208
962 2169
963 2220
964 2287
965 2283
966 2259
967 2229
968 2226
969 2214
970 2281
971 2423
972 2391
973 2392
974 2342
975 2453
976 2442
977 2491
978 2498
979 2488
980 2576
981 2550
982 2530
983 2475
984 2503
985 2530
986 2608
987 2630
988 2606
989 2556
990 2512
991 2506
992 2620
993 2645
994 2762
995 2650
996 2699
997 2684
998 2680
999 2707
1000 2719
