1 0
2 0
3 1
4 1
5 3
6 3
7 2
8 5
9 7
10 7
11 4
12 2
13 0
14 0
15 1
16 3
17 2
18 1
19 0
20 0
21 0
22 0
23 2
24 1
25 0
26 1
27 2
28 2
29 4
30 2
31 3
32 1
33 0
34 0
35 0
36 0
37 0
38 0
39 0
40 0
41 0
42 0
43 0
44 0
45 0
46 0
47 0
48 0
49 1
50 1
51 1
52 0
53 0
54 0
55 1
56 0
57 1
58 1
59 1
60 3
61 4
62 8
63 8
64 5
65 3
66 1
67 0
68 0
69 0
70 0
71 0
72 1
73 2
74 1
75 1
76 3
77 4
78 6
79 7
80 7
81 8
82 9
83 10
84 11
85 13
86 17
87 11
88 6
89 5
90 6
91 8
92 16
93 17
94 13
95 9
96 10
97 17
98 19
99 16
100 13
101 11
102 12
103 14
104 15
105 10
106 5
107 7
108 7
109 2
110 2
111 3
112 3
113 5
114 6
115 6
116 6
117 7
118 7
119 7
120 7
121 8
122 4
123 4
124 3
125 1
126 1
127 2
128 2
129 4
130 6
131 9
132 11
133 11
134 9
135 8
136 7
137 8
138 8
139 6
140 5
141 3
142 1
143 0
144 0
145 0
146 0
147 1
148 1
149 3
150 2
151 2
152 6
153 2
154 3
155 3
156 3
157 0
158 0
159 0
160 0
161 0
162 1
163 2
164 1
165 4
166 5
167 3
168 1
169 3
170 1
171 1
172 0
173 1
174 0
175 0
176 0
177 0
178 0
179 0
180 0
181 1
182 2
183 2
184 3
185 2
186 1
187 2
188 4
189 4
190 2
191 2
192 1
193 1
194 0
195 0
196 0
197 0
198 0
199 0
200 0
201 0
202 0
203 0
204 0
205 0
206 0
207 0
208 0
209 0
210 0
211 1
212 1
213 2
214 3
215 4
216 5
217 6
218 7
219 5
220 8
221 4
222 3
223 1
224 2
225 1
226 1
227 1
228 1
229 1
230 0
231 0
232 0
233 0
234 0
235 0
236 0
237 0
238 0
239 0
240 1
241 3
242 3
243 2
244 1
245 2
246 1
247 1
248 2
249 2
250 0
251 0
252 0
253 1
254 1
255 0
256 0
257 0
258 2
259 2
260 0
261 1
262 2
263 1
264 1
265 3
266 3
267 5
268 4
269 4
270 4
271 5
272 3
273 4
274 3
275 3
276 3
277 1
278 0
279 0
280 0
281 0
282 0
283 0
284 0
285 1
286 2
287 2
288 1
289 0
290 0
291 1
292 1
293 0
294 0
295 0
296 0
297 0
298 0
299 0
300 0
301 0
302 0
303 1
304 0
305 0
306 0
307 0
308 0
309 0
310 0
311 0
312 0
313 0
314 0
315 0
316 0
317 0
318 0
319 0
320 0
321 0
322 0
323 0
324 0
325 0
326 0
327 0
328 0
329 0
330 0
331 0
332 0
333 0
334 0
335 0
336 0
337 0
338 0
339 0
340 0
341 0
342 0
343 1
344 2
345 2
346 0
347 3
348 6
349 2
350 6
351 8
352 7
353 6
354 5
355 2
356 2
357 3
358 4
359 1
360 0
361 0
362 0
363 0
364 0
365 0
366 1
367 1
368 2
369 0
370 0
371 0
372 0
373 0
374 1
375 2
376 2
377 3
378 2
379 3
380 3
381 10
382 15
383 16
384 16
385 14
386 8
387 7
388 5
389 7
390 8
391 8
392 6
393 8
394 7
395 3
396 4
397 6
398 5
399 7
400 6
401 6
402 10
403 14
404 16
405 18
406 18
407 14
408 11
409 15
410 6
411 9
412 3
413 1
414 1
415 2
416 4
417 1
418 0
419 0
420 1
421 0
422 0
423 1
424 1
425 0
426 0
427 1
428 1
429 0
430 0
431 0
432 0
433 0
434 0
435 0
436 0
437 0
438 0
439 0
440 0
441 0
442 0
443 0
444 1
445 0
446 0
447 0
448 0
449 1
450 4
451 2
452 0
453 0
454 0
455 0
456 1
457 5
458 7
459 9
460 14
461 12
462 10
463 12
464 10
465 11
466 16
467 18
468 25
469 24
470 23
471 23
472 33
473 34
474 39
475 40
476 41
477 47
478 52
479 67
480 61
481 87
482 86
483 78
484 67
485 63
486 55
487 54
488 55
489 54
490 54
491 61
492 71
493 66
494 74
495 80
496 80
497 61
498 45
499 38
500 45
501 43
502 36
503 36
504 39
505 39
506 38
507 35
508 35
509 35
510 31
511 28
512 25
513 20
514 21
515 26
516 26
517 19
518 18
519 13
520 20
521 18
522 21
523 22
524 19
525 21
526 23
527 22
528 26
529 21
530 20
531 23
532 25
533 35
534 40
535 48
536 50
537 56
538 69
539 80
540 72
541 75
542 70
543 59
544 51
545 53
546 49
547 48
548 53
549 52
550 54
551 55
552 68
553 75
554 83
555 88
556 84
557 80
558 74
559 75
560 81
561 82
562 81
563 78
564 89
565 91
566 110
567 114
568 124
569 133
570 139
571 126
572 128
573 129
574 120
575 135
576 136
577 149
578 118
579 133
580 131
581 123
582 117
583 114
584 128
585 116
586 117
587 116
588 118
589 114
590 118
591 113
592 124
593 116
594 125
595 118
596 115
597 123
598 130
599 107
600 89
601 101
602 90
603 93
604 98
605 85
606 80
607 92
608 68
609 79
610 86
611 77
612 80
613 62
614 63
615 71
616 72
617 79
618 71
619 63
620 81
621 74
622 86
623 80
624 88
625 88
626 98
627 101
628 96
629 80
630 84
631 104
632 86
633 87
634 102
635 90
636 86
637 81
638 85
639 86
640 66
641 82
642 75
643 73
644 88
645 93
646 103
647 101
648 91
649 94
650 100
651 90
652 87
653 75
654 73
655 65
656 57
657 53
658 51
659 53
660 51
661 42
662 45
663 49
664 44
665 43
666 44
667 37
668 41
669 46
670 42
671 39
672 37
673 43
674 44
675 51
676 53
677 42
678 38
679 29
680 29
681 33
682 30
683 23
684 27
685 22
686 23
687 23
688 27
689 32
690 32
691 23
692 30
693 20
694 17
695 17
696 13
697 11
698 8
699 11
700 9
701 13
702 13
703 12
704 9
705 12
706 16
707 9
708 9
709 8
710 5
711 7
712 9
713 9
714 9
715 11
716 6
717 7
718 4
719 6
720 5
721 7
722 9
723 9
724 8
725 14
726 14
727 15
728 15
729 15
730 12
731 13
732 19
733 11
734 9
735 4
736 6
737 7
738 6
739 8
740 9
741 12
742 11
743 10
744 7
745 7
746 8
747 8
748 12
749 10
750 8
751 15
752 18
753 14
754 16
755 20
756 13
757 16
758 13
759 10
760 14
761 10
762 9
763 11
764 16
765 17
766 24
767 21
768 16
769 20
770 20
771 21
772 28
773 31
774 34
775 28
776 31
777 30
778 27
779 35
780 37
781 30
782 28
783 27
784 22
785 20
786 21
787 18
788 18
789 17
790 15
791 13
792 10
793 11
794 8
795 10
796 10
797 14
798 20
799 18
800 17
801 14
802 13
803 15
804 12
805 9
806 9
807 4
808 3
809 2
810 2
811 0
812 0
813 0
814 0
815 1
816 1
817 1
818 1
819 0
820 0
821 0
822 0
823 0
824 0
825 0
826 0
827 0
828 0
829 0
830 0
831 0
832 1
833 0
834 0
835 0
836 0
837 0
838 0
839 0
840 0
841 1
842 1
843 1
844 1
845 0
846 1
847 0
848 0
849 0
850 0
851 0
852 0
853 0
854 0
855 0
856 0
857 0
858 1
859 1
860 1
861 6
862 8
863 8
864 9
865 5
866 13
867 14
868 8
869 10
870 13
871 15
872 10
873 15
874 12
875 14
876 17
877 16
878 16
879 17
880 11
881 10
882 12
883 12
884 9
885 8
886 9
887 4
888 6
889 3
890 4
891 4
892 7
893 4
894 9
895 11
896 10
897 8
898 6
899 8
900 7
901 7
902 7
903 10
904 6
905 11
906 10
907 9
908 12
909 8
910 13
911 20
912 24
913 32
914 31
915 26
916 27
917 26
918 26
919 23
920 32
921 36
922 29
923 31
924 37
925 32
926 34
927 34
928 41
929 51
930 56
931 51
932 54
933 42
934 53
935 49
936 42
937 41
938 31
939 30
940 35
941 43
942 36
943 41
944 42
945 49
946 49
947 53
948 53
949 53
950 62
951 70
952 64
953 61
954 69
955 81
956 83
957 88
958 84
959 83
960 73
961 86
962 77
963 80
964 80
965 85
966 73
967 69
968 60
969 71
970 76
971 90
972 108
973 90
974 82
975 79
976 83
977 78
978 70
979 68
980 70
981 60
982 67
983 84
984 90
985 94
986 83
987 72
988 69
989 81
990 80
991 61
992 63
993 56
994 69
995 64
996 55
997 49
998 45
999 43
1000 46
