1 3
2 6
3 5
4 5
5 9
6 12
7 13
8 14
9 19
10 18
11 24
12 26
13 36
14 55
15 70
16 67
17 76
18 84
19 81
20 82
21 79
22 88
23 90
24 91
25 84
26 73
27 90
28 103
29 93
30 90
31 71
32 71
33 58
34 67
35 53
36 47
37 44
38 47
39 56
40 54
41 58
42 53
43 58
44 64
45 70
46 92
47 80
48 84
49 81
50 93
51 109
52 97
53 86
54 87
55 94
56 108
57 113
58 92
59 111
60 110
61 109
62 102
63 107
64 124
65 110
66 102
67 121
68 125
69 135
70 160
71 153
72 137
73 155
74 144
75 140
76 156
77 148
78 136
79 150
80 141
81 144
82 155
83 162
84 180
85 174
86 193
87 203
88 207
89 218
90 201
91 197
92 235
93 226
94 215
95 222
96 234
97 233
98 267
99 257
100 254
101 270
102 277
103 299
104 287
105 291
106 293
107 285
108 319
109 330
110 320
111 328
112 306
113 317
114 312
115 288
116 273
117 257
118 251
119 246
120 257
121 285
122 307
123 329
124 336
125 336
126 316
127 317
128 316
129 358
130 355
131 350
132 375
133 368
134 357
135 342
136 346
137 336
138 352
139 335
140 353
141 345
142 319
143 319
144 332
145 316
146 337
147 329
148 311
149 295
150 267
151 250
152 246
153 221
154 249
155 260
156 250
157 238
158 239
159 236
160 224
161 229
162 201
163 176
164 149
165 132
166 137
167 140
168 147
169 141
170 155
171 175
172 172
173 161
174 155
175 188
176 195
177 210
178 229
179 257
180 272
181 291
182 281
183 273
184 259
185 243
186 243
187 239
188 237
189 226
190 238
191 234
192 231
193 209
194 225
195 216
196 229
197 204
198 233
199 223
200 234
201 235
202 268
203 261
204 289
205 286
206 320
207 327
208 304
209 306
210 325
211 336
212 348
213 345
214 339
215 345
216 349
217 358
218 368
219 361
220 382
221 437
222 447
223 447
224 463
225 501
226 524
227 528
228 548
229 572
230 549
231 621
232 624
233 614
234 596
235 627
236 639
237 635
238 615
239 640
240 688
241 663
242 675
243 626
244 683
245 681
246 672
247 641
248 648
249 639
250 619
251 609
252 640
253 595
254 600
255 604
256 600
257 617
258 590
259 581
260 595
261 520
262 518
263 507
264 525
265 557
266 532
267 542
268 530
269 543
270 577
271 628
272 621
273 645
274 607
275 606
276 592
277 581
278 612
279 607
280 618
281 584
282 630
283 591
284 589
285 547
286 558
287 591
288 648
289 602
290 644
291 650
292 694
293 664
294 691
295 738
296 758
297 777
298 752
299 708
300 728
301 713
302 696
303 671
304 684
305 680
306 694
307 670
308 668
309 662
310 686
311 713
312 726
313 717
314 711
315 685
316 689
317 683
318 710
319 737
320 780
321 794
322 834
323 787
324 800
325 785
326 825
327 786
328 781
329 769
330 781
331 764
332 733
333 747
334 785
335 775
336 753
337 748
338 757
339 776
340 784
341 812
342 835
343 831
344 856
345 854
346 862
347 851
348 861
349 845
350 819
351 808
352 835
353 820
354 822
355 829
356 900
357 957
358 945
359 937
360 920
361 923
362 979
363 984
364 1018
365 1039
366 1069
367 1121
368 1156
369 1113
370 1125
371 1119
372 1159
373 1182
374 1195
375 1171
376 1186
377 1166
378 1161
379 1140
380 1208
381 1227
382 1219
383 1220
384 1162
385 1145
386 1139
387 1112
388 1093
389 1074
390 1109
391 1189
392 1222
393 1256
394 1228
395 1219
396 1147
397 1134
398 1084
399 1097
400 1117
401 1141
402 1171
403 1199
404 1202
405 1197
406 1170
407 1204
408 1201
409 1220
410 1244
411 1255
412 1217
413 1193
414 1255
415 1240
416 1216
417 1120
418 1110
419 1100
420 1078
421 1068
422 1060
423 1087
424 1029
425 1053
426 1021
427 986
428 1005
429 971
430 950
431 967
432 1018
433 1074
434 1065
435 1054
436 1071
437 1087
438 1030
439 996
440 943
441 919
442 903
443 874
444 866
445 876
446 904
447 865
448 890
449 944
450 945
451 964
452 910
453 905
454 895
455 936
456 911
457 842
458 893
459 898
460 918
461 959
462 976
463 1016
464 1042
465 1056
466 1074
467 1119
468 1151
469 1164
470 1190
471 1291
472 1287
473 1349
474 1342
475 1338
476 1311
477 1322
478 1294
479 1316
480 1248
481 1274
482 1301
483 1298
484 1372
485 1442
486 1447
487 1450
488 1418
489 1432
490 1471
491 1541
492 1511
493 1553
494 1553
495 1524
496 1585
497 1625
498 1617
499 1651
500 1600
501 1653
502 1637
503 1581
504 1566
505 1588
506 1552
507 1540
508 1486
509 1471
510 1476
511 1500
512 1585
513 1507
514 1476
515 1465
516 1459
517 1394
518 1372
519 1364
520 1281
521 1296
522 1272
523 1258
524 1238
525 1240
526 1231
527 1221
528 1227
529 1217
530 1182
531 1204
532 1204
533 1169
534 1164
535 1132
536 1110
537 1109
538 1116
539 1150
540 1134
541 1202
542 1196
543 1194
544 1213
545 1174
546 1164
547 1169
548 1201
549 1233
550 1204
551 1199
552 1227
553 1196
554 1213
555 1183
556 1209
557 1172
558 1175
559 1175
560 1169
561 1201
562 1228
563 1225
564 1208
565 1174
566 1191
567 1269
568 1208
569 1186
570 1193
571 1112
572 1060
573 1088
574 1065
575 1064
576 1081
577 1041
578 1055
579 1104
580 1046
581 1004
582 1010
583 1050
584 1054
585 1094
586 1008
587 1007
588 1040
589 1088
590 1048
591 1044
592 1030
593 1007
594 1035
595 951
596 959
597 934
598 909
599 923
600 959
601 936
602 931
603 975
604 931
605 891
606 886
607 859
608 885
609 908
610 882
611 829
612 828
613 864
614 878
615 919
616 919
617 886
618 893
619 919
620 926
621 902
622 906
623 888
624 903
625 950
626 935
627 899
628 890
629 901
630 885
631 871
632 948
633 961
634 925
635 965
636 908
637 892
638 906
639 866
640 830
641 848
642 863
643 833
644 830
645 815
646 834
647 878
648 843
649 870
650 809
651 833
652 880
653 853
654 896
655 882
656 889
657 884
658 922
659 930
660 960
661 981
662 933
663 887
664 947
665 985
666 1017
667 1031
668 1007
669 974
670 984
671 1044
672 992
673 1005
674 1008
675 1050
676 1088
677 1044
678 1124
679 1182
680 1112
681 1105
682 1095
683 1116
684 1133
685 1142
686 1186
687 1189
688 1149
689 1121
690 1065
691 1105
692 1114
693 1148
694 1189
695 1187
696 1143
697 1138
698 1169
699 1175
700 1137
701 1198
702 1171
703 1245
704 1280
705 1308
706 1254
707 1208
708 1217
709 1199
710 1281
711 1303
712 1342
713 1290
714 1321
715 1330
716 1355
717 1277
718 1306
719 1274
720 1273
721 1305
722 1297
723 1336
724 1357
725 1354
726 1362
727 1357
728 1399
729 1363
730 1376
731 1355
732 1342
733 1290
734 1313
735 1291
736 1275
737 1304
738 1316
739 1248
740 1224
741 1234
742 1179
743 1213
744 1229
745 1270
746 1221
747 1210
748 1218
749 1216
750 1260
751 1242
752 1264
753 1299
754 1316
755 1344
756 1369
757 1338
758 1302
759 1272
760 1320
761 1367
762 1423
763 1421
764 1424
765 1430
766 1387
767 1399
768 1388
769 1387
770 1344
771 1380
772 1355
773 1411
774 1373
775 1393
776 1401
777 1422
778 1402
779 1379
780 1378
781 1408
782 1424
783 1400
784 1395
785 1371
786 1346
787 1285
788 1198
789 1160
790 1160
791 1188
792 1207
793 1159
794 1265
795 1205
796 1203
797 1252
798 1281
799 1271
800 1261
801 1247
802 1208
803 1226
804 1205
805 1269
806 1274
807 1291
808 1318
809 1355
810 1443
811 1372
812 1372
813 1394
814 1396
815 1402
816 1373
817 1313
818 1312
819 1235
820 1212
821 1177
822 1194
823 1204
824 1179
825 1227
826 1183
827 1222
828 1277
829 1308
830 1338
831 1435
832 1490
833 1504
834 1581
835 1542
836 1554
837 1507
838 1496
839 1508
840 1488
841 1462
842 1452
843 1508
844 1552
845 1612
846 1648
847 1598
848 1603
849 1611
850 1588
851 1556
852 1582
853 1525
854 1554
855 1590
856 1562
857 1600
858 1613
859 1693
860 1741
861 1721
862 1703
863 1647
864 1621
865 1572
866 1601
867 1706
868 1721
869 1711
870 1667
871 1760
872 1770
873 1704
874 1698
875 1772
876 1778
877 1817
878 1863
879 1887
880 1855
881 1856
882 1870
883 1981
884 1991
885 2045
886 2106
887 2176
888 2224
889 2179
890 2197
891 2162
892 2133
893 2150
894 2169
895 2132
896 2153
897 2066
898 2077
899 2124
900 2129
901 2072
902 1993
903 1919
904 2033
905 1964
906 1988
907 1969
908 1919
909 1926
910 1956
911 1981
912 2034
913 2037
914 1980
915 1965
916 1936
917 1986
918 1956
919 1912
920 1968
921 1987
922 1883
923 1929
924 2000
925 2055
926 2032
927 1950
928 1969
929 1954
930 1990
931 2053
932 2102
933 2123
934 2094
935 2105
936 2191
937 2207
938 2219
939 2159
940 2161
941 2149
942 2114
943 2189
944 2211
945 2259
946 2288
947 2255
948 2247
949 2241
950 2183
951 2227
952 2200
953 2270
954 2244
955 2259
956 2230
957 2301
958 2314
959 2276
960 2262
961 2393
962 2328
963 2344
964 2324
965 2304
966 2385
967 2374
968 2355
969 2404
970 2472
971 2470
972 2545
973 2631
974 2677
975 2697
976 2619
977 2622
978 2580
979 2500
980 2487
981 2586
982 2576
983 2520
984 2509
985 2509
986 2510
987 2613
988 2627
989 2602
990 2631
991 2608
992 2563
993 2565
994 2652
995 2679
996 2670
997 2588
998 2524
999 2547
1000 2543
