1 25
2 50
3 82
4 116
5 159
6 177
7 209
8 227
9 243
10 239
11 268
12 311
13 341
14 333
15 346
16 368
17 389
18 408
19 453
20 483
21 495
22 511
23 574
24 622
25 599
26 614
27 646
28 687
29 705
30 710
31 725
32 753
33 739
34 807
35 867
36 870
37 913
38 964
39 1005
40 1065
41 1107
42 1159
43 1208
44 1240
45 1242
46 1274
47 1297
48 1342
49 1294
50 1262
51 1289
52 1320
53 1316
54 1295
55 1311
56 1329
57 1346
58 1346
59 1354
60 1327
61 1329
62 1341
63 1438
64 1435
65 1429
66 1435
67 1427
68 1495
69 1543
70 1578
71 1641
72 1656
73 1627
74 1655
75 1658
76 1667
77 1626
78 1723
79 1756
80 1691
81 1724
82 1704
83 1734
84 1779
85 1860
86 1909
87 1968
88 2002
89 2001
90 2118
91 2111
92 2060
93 2133
94 2145
95 2180
96 2212
97 2248
98 2193
99 2253
100 2341
101 2363
102 2323
103 2338
104 2481
105 2489
106 2455
107 2577
108 2593
109 2576
110 2595
111 2591
112 2644
113 2686
114 2740
115 2776
116 2701
117 2787
118 2793
119 2777
120 2839
121 2869
122 2814
123 2819
124 2805
125 2833
126 2856
127 2835
128 2868
129 2850
130 2834
131 2895
132 2991
133 3020
134 2999
135 3038
136 3117
137 3166
138 3138
139 3201
140 3201
141 3209
142 3333
143 3251
144 3425
145 3499
146 3526
147 3604
148 3585
149 3693
150 3735
151 3690
152 3639
153 3695
154 3748
155 3746
156 3709
157 3736
158 3753
159 3782
160 3757
161 3645
162 3685
163 3737
164 3705
165 3552
166 3508
167 3577
168 3536
169 3579
170 3596
171 3613
172 3573
173 3586
174 3663
175 3708
176 3701
177 3770
178 3655
179 3689
180 3781
181 3694
182 3720
183 3834
184 3773
185 3872
186 3807
187 3905
188 4008
189 3927
190 3963
191 3933
192 3947
193 3914
194 3797
195 3849
196 3908
197 4010
198 4007
199 4060
200 4044
201 3996
202 4065
203 3991
204 4040
205 4142
206 4279
207 4265
208 4255
209 4213
210 4310
211 4335
212 4368
213 4412
214 4419
215 4462
216 4514
217 4482
218 4571
219 4653
220 4796
221 4816
222 4884
223 4769
224 4834
225 4946
226 4925
227 5037
228 5071
229 5070
230 5066
231 5130
232 5261
233 5374
234 5392
235 5421
236 5460
237 5450
238 5412
239 5451
240 5393
241 5382
242 5409
243 5456
244 5451
245 5443
246 5523
247 5591
248 5705
249 5814
250 5869
251 5972
252 5940
253 5932
254 6014
255 6011
256 6020
257 6084
258 6109
259 6232
260 6197
261 6261
262 6292
263 6416
264 6549
265 6503
266 6560
267 6583
268 6574
269 6594
270 6660
271 6729
272 6773
273 6796
274 6811
275 6882
276 6835
277 6879
278 7019
279 6991
280 7204
281 7215
282 7081
283 7088
284 7070
285 7121
286 7090
287 7061
288 7064
289 7061
290 7001
291 7045
292 6986
293 7039
294 7153
295 7119
296 7075
297 7118
298 7330
299 7332
300 7438
301 7477
302 7425
303 7553
304 7692
305 7574
306 7530
307 7638
308 7652
309 7708
310 7735
311 7831
312 7833
313 7950
314 8135
315 8285
316 8141
317 8257
318 8268
319 8368
320 8360
321 8544
322 8455
323 8679
324 8756
325 8821
326 8781
327 8935
328 8919
329 8736
330 8617
331 8638
332 8739
333 8623
334 8656
335 8566
336 8570
337 8553
338 8501
339 8450
340 8496
341 8753
342 8665
343 8719
344 8772
345 8866
346 8829
347 8901
348 8879
349 8860
350 8920
351 8935
352 8853
353 8934
354 8944
355 8867
356 8854
357 8913
358 8860
359 8789
360 8861
361 8993
362 9169
363 9229
364 9325
365 9343
366 9245
367 9352
368 9420
369 9444
370 9561
371 9481
372 9353
373 9306
374 9573
375 9676
376 9707
377 9748
378 9654
379 9855
380 9877
381 1
382 9963
383 9972
384 9887
385 9906
386 9855
387 9939
388 9874
389 9961
390 9961
391 2
392 25
393 9880
394 9692
395 9651
396 9649
397 9576
398 9673
399 9819
400 9863
401 9914
402 9913
403 36
404 9979
405 9959
406 9905
407 9922
408 9998
409 9986
410 34
411 9863
412 9817
413 9890
414 9948
415 9928
416 9896
417 9971
418 86
419 223
420 227
421 264
422 421
423 481
424 555
425 563
426 495
427 446
428 583
429 688
430 781
431 850
432 912
433 960
434 967
435 914
436 799
437 829
438 563
439 488
440 290
441 379
442 366
443 231
444 165
445 37
446 9991
447 57
448 157
449 363
450 247
451 248
452 262
453 384
454 383
455 362
456 433
457 506
458 516
459 566
460 675
461 935
462 947
463 985
464 978
465 1044
466 1048
467 1070
468 1048
469 1105
470 1303
471 1343
472 1292
473 1300
474 1350
475 1423
476 1196
477 964
478 926
479 950
480 1030
481 1142
482 1160
483 1093
484 1143
485 1385
486 1330
487 1350
488 1313
489 1376
490 1397
491 1407
492 1290
493 1351
494 1334
495 1185
496 1426
497 1308
498 1229
499 1256
500 1589
501 1638
502 1546
503 1492
504 1569
505 1556
506 1662
507 1742
508 1896
509 1819
510 1905
511 1829
512 1812
513 1857
514 1709
515 1701
516 1748
517 1667
518 1581
519 1655
520 1719
521 1750
522 1943
523 2004
524 2086
525 2142
526 2262
527 2208
528 2337
529 2203
530 2244
531 2187
532 2136
533 2074
534 1996
535 2169
536 2132
537 2182
538 2108
539 2061
540 2362
541 2308
542 2357
543 2303
544 2321
545 2306
546 2343
547 2318
548 2375
549 2349
550 2341
551 2308
552 2464
553 2476
554 2416
555 2364
556 2363
557 2502
558 2444
559 2524
560 2454
561 2287
562 2247
563 2024
564 2031
565 2065
566 2205
567 2346
568 2547
569 2486
570 2660
571 2783
572 2706
573 2630
574 2641
575 2633
576 2459
577 2737
578 2689
579 2765
580 2718
581 2782
582 2857
583 2984
584 3024
585 2885
586 2803
587 2904
588 2782
589 3058
590 2909
591 2899
592 2874
593 2820
594 2857
595 2838
596 3004
597 3137
598 3094
599 3080
600 3097
601 2995
602 2968
603 2863
604 2944
605 2920
606 2874
607 2802
608 2952
609 2949
610 2873
611 2840
612 2761
613 2862
614 3110
615 3077
616 3185
617 2995
618 2987
619 3121
620 3105
621 3059
622 3058
623 3052
624 3086
625 3051
626 3066
627 3093
628 3033
629 3038
630 3388
631 3736
632 3927
633 4016
634 3979
635 4276
636 4564
637 4594
638 4692
639 4691
640 4723
641 4835
642 4774
643 4699
644 4839
645 4918
646 5056
647 4795
648 5039
649 5000
650 4990
651 5244
652 5456
653 5355
654 5480
655 5523
656 5458
657 5456
658 5441
659 5478
660 5346
661 5621
662 5898
663 5887
664 5838
665 6211
666 6024
667 6170
668 6045
669 6036
670 6080
671 6087
672 6267
673 6379
674 6387
675 6452
676 6407
677 6473
678 6466
679 6518
680 6828
681 6630
682 6570
683 6639
684 6592
685 6769
686 6846
687 6940
688 6768
689 6636
690 6752
691 6873
692 6683
693 6801
694 6639
695 7039
696 7193
697 7099
698 6790
699 7006
700 6904
701 6693
702 6851
703 6901
704 7014
705 6973
706 7049
707 7219
708 7109
709 6905
710 7122
711 6970
712 7064
713 7006
714 7074
715 6974
716 7115
717 7072
718 7221
719 7360
720 7393
721 7358
722 7256
723 7327
724 7617
725 7534
726 7638
727 7638
728 7490
729 7560
730 7658
731 7932
732 7849
733 7880
734 7539
735 7539
736 7682
737 7553
738 7794
739 7793
740 7610
741 7711
742 7744
743 7742
744 7836
745 8075
746 8248
747 8404
748 8486
749 8485
750 8619
751 8574
752 8462
753 8447
754 8596
755 8653
756 8549
757 8723
758 8635
759 8512
760 8211
761 8015
762 8107
763 8307
764 8405
765 8386
766 8560
767 8384
768 8505
769 8279
770 8239
771 8294
772 8091
773 8197
774 8070
775 8004
776 7927
777 7944
778 7912
779 7897
780 8143
781 7985
782 7854
783 7775
784 7934
785 7927
786 8034
787 7802
788 7832
789 7815
790 7954
791 7873
792 8031
793 8022
794 8239
795 8113
796 8236
797 8231
798 8201
799 8139
800 8163
801 8293
802 8297
803 8288
804 8343
805 8214
806 8265
807 8416
808 8779
809 8580
810 8504
811 8558
812 8721
813 8605
814 8693
815 8770
816 8678
817 8658
818 8760
819 8822
820 8953
821 9025
822 8875
823 8925
824 8991
825 9030
826 8880
827 8800
828 8735
829 8707
830 8775
831 8717
832 8995
833 8907
834 8894
835 9105
836 9137
837 9156
838 9107
839 9096
840 8798
841 8971
842 8984
843 9178
844 9307
845 9382
846 9537
847 9410
848 9334
849 9282
850 9505
851 9545
852 9364
853 9453
854 9353
855 9391
856 9562
857 9639
858 9622
859 9622
860 9609
861 9339
862 9335
863 9164
864 9280
865 8983
866 9159
867 9211
868 9192
869 9341
870 9319
871 9402
872 9264
873 9140
874 8877
875 8764
876 8771
877 8627
878 8487
879 8527
880 8497
881 8501
882 8675
883 8636
884 8683
885 8560
886 8586
887 8410
888 8478
889 8454
890 8633
891 8586
892 8395
893 8382
894 8252
895 8297
896 8407
897 8329
898 8345
899 8442
900 8510
901 8371
902 8356
903 8312
904 8376
905 8209
906 8204
907 8046
908 8033
909 8067
910 8052
911 8068
912 8039
913 7878
914 7854
915 7906
916 8011
917 8001
918 7804
919 7770
920 7801
921 7945
922 7917
923 7758
924 7877
925 7966
926 8216
927 8486
928 8588
929 8771
930 8529
931 8391
932 8276
933 8492
934 8684
935 8498
936 8520
937 8543
938 8294
939 8206
940 8291
941 8549
942 8533
943 8434
944 8387
945 8342
946 8350
947 8627
948 8548
949 8483
950 8607
951 8687
952 8671
953 8502
954 8711
955 9027
956 9118
957 9473
958 9549
959 9954
960 9951
961 9827
962 9939
963 9995
964 9722
965 9793
966 9885
967 9872
968 9844
969 9722
970 9724
971 9831
972 9716
973 9594
974 9613
975 9490
976 9433
977 9089
978 9029
979 8992
980 9153
981 9194
982 9345
983 9333
984 9370
985 9168
986 9188
987 9084
988 9001
989 9177
990 9405
991 9463
992 9431
993 9882
994 9756
995 9672
996 9748
997 9726
998 9895
999 9955
1000 45
