1 0
2 0
3 1
4 1
5 1
6 3
7 3
8 3
9 6
10 3
11 6
12 5
13 4
14 2
15 1
16 0
17 0
18 0
19 0
20 0
21 0
22 0
23 1
24 2
25 1
26 2
27 4
28 5
29 7
30 8
31 6
32 6
33 9
34 6
35 7
36 8
37 7
38 6
39 3
40 1
41 0
42 0
43 0
44 0
45 0
46 0
47 0
48 0
49 1
50 3
51 5
52 7
53 6
54 9
55 11
56 15
57 11
58 9
59 5
60 3
61 3
62 2
63 1
64 1
65 0
66 0
67 0
68 0
69 0
70 0
71 0
72 0
73 0
74 0
75 0
76 1
77 1
78 1
79 0
80 0
81 1
82 1
83 1
84 3
85 4
86 3
87 1
88 0
89 0
90 0
91 1
92 1
93 0
94 3
95 4
96 6
97 9
98 4
99 9
100 5
101 5
102 6
103 4
104 6
105 10
106 14
107 22
108 22
109 19
110 23
111 30
112 31
113 42
114 41
115 32
116 34
117 36
118 42
119 36
120 32
121 36
122 39
123 42
124 36
125 30
126 34
127 34
128 38
129 37
130 36
131 33
132 37
133 33
134 33
135 24
136 18
137 20
138 21
139 22
140 24
141 26
142 32
143 29
144 31
145 39
146 39
147 31
148 35
149 41
150 34
151 44
152 50
153 40
154 49
155 53
156 36
157 32
158 27
159 25
160 29
161 30
162 32
163 32
164 25
165 28
166 28
167 33
168 28
169 26
170 22
171 27
172 37
173 41
174 40
175 46
176 64
177 70
178 88
179 79
180 74
181 82
182 80
183 95
184 113
185 123
186 121
187 127
188 131
189 120
190 114
191 98
192 83
193 78
194 79
195 89
196 74
197 60
198 64
199 55
200 45
201 45
202 40
203 38
204 44
205 43
206 48
207 38
208 39
209 42
210 48
211 60
212 64
213 73
214 73
215 65
216 84
217 78
218 86
219 72
220 69
221 71
222 91
223 92
224 96
225 89
226 97
227 92
228 98
229 82
230 88
231 75
232 85
233 78
234 94
235 85
236 85
237 84
238 80
239 89
240 105
241 106
242 119
243 113
244 106
245 93
246 88
247 97
248 111
249 90
250 107
251 96
252 93
253 86
254 79
255 81
256 97
257 92
258 95
259 98
260 97
261 97
262 96
263 100
264 103
265 91
266 93
267 83
268 75
269 88
270 83
271 76
272 74
273 86
274 95
275 87
276 82
277 95
278 80
279 69
280 73
281 67
282 76
283 67
284 64
285 61
286 55
287 54
288 52
289 55
290 47
291 39
292 28
293 25
294 29
295 23
296 33
297 42
298 49
299 53
300 54
301 47
302 41
303 45
304 55
305 53
306 62
307 54
308 58
309 57
310 52
311 55
312 58
313 60
314 59
315 54
316 56
317 42
318 39
319 32
320 38
321 44
322 45
323 43
324 49
325 52
326 49
327 56
328 69
329 84
330 78
331 82
332 68
333 69
334 62
335 69
336 51
337 58
338 47
339 45
340 50
341 61
342 66
343 73
344 85
345 97
346 114
347 141
348 137
349 147
350 136
351 142
352 146
353 157
354 143
355 117
356 126
357 143
358 133
359 121
360 127
361 138
362 136
363 115
364 126
365 119
366 125
367 142
368 167
369 164
370 165
371 137
372 117
373 110
374 105
375 120
376 109
377 104
378 80
379 91
380 104
381 104
382 96
383 103
384 110
385 114
386 125
387 139
388 127
389 132
390 138
391 135
392 149
393 145
394 143
395 167
396 159
397 162
398 163
399 180
400 165
401 140
402 140
403 139
404 136
405 129
406 146
407 143
408 143
409 141
410 162
411 203
412 200
413 205
414 201
415 195
416 189
417 187
418 191
419 194
420 172
421 177
422 174
423 173
424 160
425 158
426 162
427 162
428 163
429 189
430 201
431 192
432 207
433 218
434 224
435 236
436 246
437 235
438 239
439 238
440 249
441 231
442 219
443 210
444 206
445 193
446 210
447 227
448 230
449 218
450 230
451 230
452 215
453 215
454 210
455 213
456 216
457 212
458 218
459 226
460 242
461 269
462 277
463 265
464 249
465 261
466 223
467 208
468 211
469 223
470 232
471 260
472 242
473 240
474 260
475 292
476 324
477 299
478 324
479 312
480 299
481 311
482 298
483 306
484 299
485 298
486 305
487 297
488 282
489 236
490 218
491 240
492 249
493 236
494 217
495 226
496 205
497 194
498 208
499 212
500 223
501 215
502 204
503 225
504 214
505 219
506 243
507 237
508 235
509 243
510 260
511 252
512 247
513 220
514 236
515 231
516 249
517 223
518 203
519 216
520 225
521 188
522 190
523 193
524 197
525 188
526 181
527 168
528 186
529 184
530 183
531 178
532 186
533 200
534 204
535 201
536 189
537 161
538 159
539 175
540 162
541 165
542 169
543 180
544 175
545 183
546 170
547 153
548 156
549 153
550 146
551 147
552 141
553 127
554 116
555 119
556 123
557 141
558 158
559 154
560 127
561 132
562 135
563 133
564 116
565 100
566 107
567 105
568 113
569 108
570 92
571 86
572 76
573 77
574 70
575 62
576 62
577 78
578 64
579 68
580 56
581 55
582 47
583 47
584 45
585 46
586 47
587 50
588 49
589 46
590 53
591 51
592 55
593 55
594 68
595 61
596 70
597 54
598 59
599 63
600 60
601 62
602 59
603 49
604 52
605 47
606 49
607 61
608 48
609 42
610 44
611 50
612 63
613 66
614 68
615 59
616 49
617 61
618 53
619 60
620 70
621 70
622 60
623 61
624 57
625 49
626 54
627 47
628 69
629 68
630 74
631 89
632 94
633 85
634 86
635 92
636 97
637 97
638 99
639 128
640 125
641 123
642 119
643 119
644 133
645 143
646 148
647 141
648 134
649 109
650 110
651 105
652 104
653 97
654 85
655 76
656 70
657 57
658 57
659 36
660 36
661 36
662 38
663 44
664 52
665 48
666 60
667 64
668 70
669 81
670 76
671 79
672 85
673 81
674 71
675 70
676 78
677 81
678 83
679 78
680 81
681 81
682 75
683 79
684 88
685 85
686 100
687 124
688 116
689 126
690 129
691 129
692 146
693 130
694 142
695 135
696 131
697 149
698 162
699 165
700 153
701 169
702 152
703 154
704 149
705 143
706 124
707 113
708 116
709 110
710 103
711 105
712 116
713 115
714 125
715 102
716 89
717 88
718 75
719 86
720 83
721 90
722 96
723 76
724 66
725 64
726 62
727 67
728 71
729 69
730 55
731 49
732 37
733 30
734 40
735 40
736 34
737 33
738 21
739 10
740 18
741 24
742 32
743 30
744 32
745 33
746 45
747 54
748 68
749 64
750 68
751 75
752 68
753 88
754 84
755 75
756 73
757 93
758 93
759 93
760 104
761 116
762 132
763 133
764 147
765 159
766 153
767 137
768 133
769 143
770 148
771 155
772 157
773 153
774 142
775 164
776 160
777 169
778 164
779 167
780 150
781 152
782 158
783 162
784 182
785 170
786 194
787 176
788 178
789 184
790 176
791 181
792 134
793 122
794 133
795 99
796 84
797 83
798 69
799 70
800 79
801 67
802 64
803 58
804 53
805 53
806 53
807 66
808 68
809 59
810 67
811 82
812 93
813 98
814 107
815 103
816 81
817 102
818 95
819 79
820 88
821 92
822 71
823 68
824 72
825 58
826 56
827 58
828 54
829 47
830 52
831 52
832 47
833 43
834 33
835 32
836 24
837 32
838 36
839 51
840 47
841 51
842 57
843 56
844 57
845 53
846 53
847 40
848 37
849 35
850 38
851 37
852 44
853 52
854 48
855 54
856 75
857 86
858 100
859 99
860 83
861 86
862 95
863 113
864 107
865 104
866 123
867 127
868 111
869 103
870 117
871 114
872 119
873 125
874 134
875 147
876 131
877 130
878 117
879 131
880 119
881 124
882 104
883 81
884 79
885 75
886 68
887 62
888 67
889 62
890 63
891 52
892 46
893 61
894 62
895 67
896 61
897 59
898 62
899 72
900 64
901 68
902 49
903 50
904 45
905 44
906 41
907 38
908 38
909 39
910 35
911 33
912 25
913 24
914 22
915 21
916 18
917 19
918 12
919 17
920 19
921 18
922 14
923 11
924 9
925 10
926 11
927 18
928 17
929 19
930 21
931 24
932 27
933 27
934 40
935 48
936 63
937 81
938 86
939 71
940 63
941 53
942 46
943 54
944 50
945 43
946 47
947 47
948 51
949 56
950 62
951 52
952 61
953 66
954 63
955 66
956 62
957 62
958 56
959 58
960 58
961 48
962 53
963 54
964 58
965 51
966 51
967 45
968 42
969 52
970 51
971 47
972 47
973 43
974 41
975 42
976 40
977 48
978 48
979 37
980 39
981 33
982 35
983 39
984 38
985 37
986 30
987 30
988 27
989 25
990 27
991 22
992 24
993 28
994 29
995 30
996 28
997 32
998 42
999 41
1000 46
