1 1
2 1
3 1
4 2
5 1
6 3
7 2
8 3
9 4
10 0
11 0
12 0
13 0
14 1
15 0
16 0
17 0
18 0
19 0
20 0
21 0
22 0
23 0
24 0
25 0
26 0
27 0
28 0
29 0
30 1
31 0
32 1
33 0
34 0
35 0
36 0
37 0
38 0
39 0
40 1
41 2
42 1
43 2
44 3
45 3
46 2
47 1
48 1
49 2
50 2
51 1
52 1
53 1
54 0
55 2
56 0
57 0
58 0
59 0
60 0
61 1
62 2
63 3
64 5
65 3
66 2
67 2
68 3
69 3
70 2
71 2
72 3
73 6
74 6
75 5
76 8
77 7
78 6
79 9
80 9
81 6
82 8
83 7
84 13
85 10
86 10
87 15
88 10
89 12
90 14
91 12
92 15
93 21
94 23
95 19
96 21
97 24
98 21
99 21
100 13
101 22
102 26
103 31
104 39
105 43
106 29
107 29
108 25
109 25
110 31
111 31
112 28
113 27
114 27
115 31
116 34
117 32
118 37
119 46
120 40
121 41
122 36
123 47
124 55
125 59
126 61
127 63
128 65
129 53
130 56
131 40
132 46
133 41
134 47
135 51
136 51
137 48
138 46
139 46
140 60
141 69
142 71
143 61
144 53
145 54
146 52
147 46
148 51
149 49
150 46
151 42
152 49
153 36
154 45
155 42
156 38
157 30
158 34
159 30
160 25
161 25
162 29
163 24
164 29
165 26
166 27
167 31
168 35
169 29
170 25
171 31
172 37
173 29
174 35
175 34
176 31
177 38
178 37
179 39
180 36
181 39
182 46
183 45
184 38
185 35
186 37
187 34
188 28
189 33
190 41
191 60
192 69
193 71
194 74
195 81
196 82
197 69
198 73
199 77
200 71
201 81
202 75
203 85
204 81
205 70
206 87
207 90
208 100
209 110
210 106
211 114
212 111
213 107
214 122
215 123
216 138
217 130
218 124
219 119
220 105
221 119
222 124
223 131
224 122
225 122
226 105
227 129
228 131
229 115
230 105
231 99
232 97
233 106
234 108
235 113
236 113
237 98
238 115
239 98
240 98
241 99
242 83
243 64
244 55
245 64
246 73
247 71
248 62
249 49
250 59
251 67
252 68
253 61
254 63
255 66
256 74
257 67
258 69
259 63
260 66
261 60
262 61
263 53
264 54
265 57
266 61
267 49
268 47
269 37
270 37
271 37
272 47
273 45
274 50
275 38
276 25
277 28
278 24
279 28
280 30
281 32
282 40
283 45
284 44
285 48
286 47
287 45
288 43
289 35
290 31
291 31
292 24
293 25
294 21
295 19
296 28
297 30
298 22
299 17
300 22
301 26
302 22
303 24
304 25
305 28
306 22
307 27
308 20
309 32
310 36
311 37
312 36
313 24
314 22
315 20
316 15
317 17
318 14
319 14
320 13
321 14
322 9
323 5
324 3
325 2
326 2
327 0
328 0
329 0
330 0
331 0
332 1
333 3
334 4
335 3
336 6
337 2
338 3
339 3
340 5
341 4
342 1
343 0
344 0
345 1
346 0
347 0
348 0
349 0
350 0
351 0
352 0
353 0
354 0
355 0
356 0
357 0
358 0
359 0
360 0
361 1
362 0
363 0
364 0
365 0
366 0
367 0
368 0
369 0
370 0
371 0
372 1
373 1
374 1
375 1
376 0
377 0
378 0
379 0
380 0
381 0
382 0
383 0
384 0
385 0
386 1
387 2
388 4
389 4
390 4
391 3
392 1
393 1
394 1
395 4
396 1
397 0
398 0
399 0
400 0
401 0
402 0
403 0
404 0
405 0
406 1
407 0
408 0
409 0
410 0
411 0
412 0
413 0
414 0
415 0
416 0
417 0
418 0
419 0
420 0
421 1
422 1
423 0
424 1
425 2
426 1
427 3
428 5
429 5
430 3
431 0
432 0
433 0
434 1
435 0
436 0
437 1
438 0
439 0
440 0
441 0
442 1
443 1
444 4
445 2
446 5
447 3
448 6
449 8
450 9
451 8
452 11
453 19
454 12
455 14
456 19
457 23
458 24
459 33
460 26
461 38
462 37
463 46
464 51
465 59
466 50
467 42
468 38
469 45
470 37
471 33
472 28
473 26
474 19
475 19
476 17
477 10
478 12
479 9
480 4
481 2
482 2
483 4
484 7
485 11
486 12
487 16
488 15
489 12
490 18
491 22
492 29
493 20
494 11
495 16
496 16
497 20
498 21
499 20
500 19
501 16
502 14
503 16
504 10
505 11
506 15
507 18
508 21
509 32
510 32
511 37
512 31
513 28
514 29
515 35
516 36
517 29
518 23
519 24
520 32
521 31
522 26
523 24
524 17
525 19
526 17
527 24
528 27
529 22
530 19
531 14
532 11
533 15
534 20
535 19
536 19
537 22
538 22
539 16
540 24
541 26
542 37
543 42
544 41
545 52
546 53
547 53
548 62
549 59
550 61
551 59
552 67
553 65
554 70
555 84
556 71
557 69
558 76
559 82
560 79
561 69
562 69
563 74
564 67
565 62
566 56
567 57
568 57
569 49
570 53
571 63
572 77
573 79
574 84
575 80
576 82
577 99
578 90
579 91
580 75
581 76
582 79
583 101
584 114
585 126
586 121
587 120
588 125
589 130
590 116
591 105
592 129
593 127
594 119
595 127
596 139
597 136
598 139
599 128
600 114
601 123
602 107
603 105
604 108
605 102
606 95
607 75
608 63
609 58
610 69
611 60
612 65
613 72
614 63
615 53
616 52
617 39
618 38
619 45
620 35
621 37
622 31
623 24
624 23
625 26
626 20
627 14
628 14
629 11
630 9
631 11
632 10
633 11
634 8
635 7
636 7
637 3
638 4
639 3
640 3
641 1
642 0
643 0
644 0
645 0
646 1
647 0
648 0
649 0
650 0
651 1
652 2
653 2
654 3
655 9
656 4
657 3
658 2
659 3
660 5
661 7
662 8
663 9
664 6
665 6
666 6
667 10
668 7
669 8
670 9
671 10
672 11
673 14
674 15
675 17
676 18
677 11
678 11
679 17
680 21
681 19
682 23
683 21
684 30
685 32
686 27
687 35
688 30
689 36
690 42
691 39
692 43
693 58
694 57
695 68
696 58
697 57
698 60
699 52
700 56
701 56
702 64
703 69
704 75
705 72
706 65
707 61
708 58
709 81
710 97
711 106
712 102
713 94
714 99
715 92
716 98
717 78
718 76
719 81
720 74
721 87
722 88
723 83
724 72
725 81
726 93
727 84
728 97
729 79
730 72
731 73
732 77
733 57
734 59
735 45
736 44
737 35
738 26
739 28
740 38
741 33
742 46
743 55
744 61
745 53
746 49
747 44
748 36
749 34
750 20
751 16
752 23
753 25
754 28
755 26
756 37
757 36
758 41
759 52
760 66
761 61
762 52
763 40
764 39
765 49
766 54
767 50
768 47
769 45
770 29
771 20
772 17
773 6
774 7
775 3
776 4
777 5
778 12
779 14
780 14
781 12
782 13
783 8
784 7
785 7
786 7
787 9
788 11
789 14
790 12
791 7
792 8
793 9
794 11
795 5
796 7
797 6
798 2
799 3
800 3
801 3
802 8
803 6
804 12
805 13
806 7
807 8
808 4
809 2
810 1
811 2
812 2
813 4
814 2
815 5
816 2
817 1
818 2
819 3
820 7
821 10
822 10
823 10
824 9
825 5
826 3
827 1
828 1
829 1
830 2
831 2
832 2
833 1
834 2
835 3
836 3
837 3
838 1
839 2
840 3
841 3
842 3
843 4
844 5
845 5
846 5
847 3
848 4
849 6
850 7
851 4
852 5
853 3
854 2
855 2
856 5
857 6
858 10
859 8
860 7
861 6
862 7
863 5
864 6
865 12
866 21
867 20
868 18
869 16
870 14
871 14
872 12
873 10
874 9
875 2
876 4
877 5
878 4
879 5
880 5
881 5
882 3
883 1
884 0
885 1
886 1
887 1
888 1
889 2
890 0
891 0
892 0
893 0
894 0
895 0
896 0
897 0
898 0
899 0
900 0
901 0
902 0
903 0
904 0
905 0
906 0
907 0
908 0
909 1
910 2
911 3
912 1
913 1
914 1
915 2
916 2
917 4
918 3
919 1
920 3
921 3
922 2
923 3
924 3
925 2
926 2
927 1
928 1
929 1
930 2
931 4
932 3
933 6
934 8
935 2
936 3
937 3
938 2
939 2
940 0
941 0
942 0
943 0
944 0
945 0
946 0
947 0
948 1
949 2
950 1
951 1
952 1
953 2
954 5
955 1
956 0
957 0
958 2
959 2
960 0
961 0
962 1
963 1
964 2
965 2
966 2
967 3
968 6
969 5
970 10
971 6
972 7
973 8
974 11
975 10
976 9
977 11
978 11
979 10
980 11
981 19
982 22
983 24
984 23
985 23
986 27
987 26
988 25
989 33
990 32
991 37
992 35
993 25
994 26
995 30
996 28
997 30
998 31
999 33
1000 33
