1 2
2 2
3 5
4 2
5 6
6 8
7 10
8 10
9 11
10 8
11 6
12 8
13 8
14 11
15 14
16 21
17 24
18 26
19 30
20 40
21 48
22 56
23 64
24 66
25 79
26 81
27 81
28 86
29 79
30 99
31 109
32 131
33 106
34 124
35 123
36 126
37 132
38 135
39 132
40 135
41 127
42 138
43 130
44 124
45 103
46 92
47 93
48 90
49 103
50 98
51 91
52 91
53 93
54 102
55 109
56 117
57 110
58 90
59 90
60 107
61 117
62 101
63 83
64 85
65 81
66 99
67 110
68 99
69 110
70 116
71 112
72 120
73 122
74 129
75 126
76 127
77 139
78 150
79 171
80 194
81 210
82 239
83 234
84 221
85 241
86 231
87 234
88 255
89 277
90 269
91 263
92 263
93 246
94 265
95 229
96 243
97 268
98 270
99 270
100 279
101 277
102 271
103 288
104 304
105 298
106 313
107 295
108 291
109 270
110 256
111 236
112 214
113 221
114 239
115 250
116 250
117 237
118 222
119 218
120 218
121 234
122 220
123 239
124 229
125 205
126 209
127 203
128 239
129 255
130 290
131 295
132 304
133 311
134 327
135 328
136 320
137 283
138 288
139 283
140 278
141 276
142 269
143 253
144 247
145 249
146 260
147 267
148 264
149 250
150 262
151 247
152 257
153 247
154 217
155 218
156 199
157 193
158 174
159 160
160 154
161 149
162 157
163 167
164 178
165 174
166 201
167 191
168 201
169 226
170 233
171 237
172 217
173 216
174 218
175 217
176 230
177 230
178 215
179 204
180 164
181 159
182 144
183 138
184 133
185 152
186 155
187 154
188 170
189 164
190 169
191 167
192 157
193 166
194 187
195 181
196 172
197 166
198 180
199 175
200 180
201 176
202 171
203 175
204 168
205 189
206 175
207 195
208 214
209 202
210 190
211 196
212 182
213 169
214 172
215 206
216 193
217 198
218 213
219 208
220 214
221 232
222 225
223 238
224 239
225 259
226 229
227 223
228 208
229 230
230 244
231 251
232 267
233 280
234 289
235 295
236 306
237 277
238 270
239 275
240 274
241 259
242 287
243 275
244 271
245 277
246 284
247 328
248 318
249 337
250 346
251 341
252 322
253 324
254 314
255 307
256 291
257 282
258 299
259 337
260 319
261 325
262 334
263 339
264 359
265 343
266 350
267 354
268 345
269 357
270 354
271 348
272 331
273 317
274 314
275 287
276 284
277 258
278 246
279 259
280 220
281 240
282 251
283 268
284 267
285 286
286 304
287 314
288 323
289 287
290 287
291 278
292 272
293 274
294 315
295 309
296 315
297 298
298 285
299 312
300 308
301 295
302 288
303 309
304 303
305 297
306 283
307 292
308 319
309 321
310 333
311 332
312 318
313 334
314 348
315 353
316 354
317 323
318 307
319 299
320 316
321 301
322 289
323 308
324 288
325 261
326 267
327 269
328 262
329 263
330 265
331 254
332 236
333 217
334 228
335 251
336 244
337 249
338 223
339 259
340 274
341 276
342 270
343 287
344 291
345 285
346 292
347 266
348 259
349 263
350 258
351 264
352 287
353 268
354 311
355 345
356 381
357 394
358 399
359 372
360 373
361 373
362 372
363 329
364 390
365 366
366 390
367 365
368 339
369 344
370 352
371 346
372 364
373 398
374 423
375 417
376 423
377 446
378 454
379 455
380 450
381 472
382 490
383 473
384 489
385 507
386 536
387 519
388 518
389 474
390 469
391 477
392 474
393 499
394 471
395 478
396 458
397 484
398 453
399 438
400 426
401 377
402 408
403 376
404 416
405 430
406 454
407 436
408 464
409 458
410 443
411 443
412 446
413 420
414 447
415 464
416 449
417 444
418 465
419 481
420 511
421 506
422 512
423 492
424 525
425 549
426 573
427 549
428 538
429 558
430 597
431 632
432 616
433 667
434 683
435 682
436 682
437 696
438 686
439 703
440 710
441 715
442 674
443 700
444 734
445 742
446 790
447 775
448 793
449 786
450 815
451 807
452 795
453 752
454 774
455 816
456 819
457 861
458 880
459 899
460 910
461 932
462 911
463 820
464 805
465 807
466 734
467 712
468 709
469 706
470 709
471 709
472 746
473 779
474 791
475 829
476 800
477 782
478 772
479 787
480 754
481 778
482 762
483 762
484 765
485 748
486 752
487 703
488 672
489 681
490 677
491 706
492 723
493 671
494 681
495 740
496 713
497 664
498 714
499 739
500 726
501 710
502 695
503 678
504 660
505 631
506 627
507 607
508 616
509 616
510 625
511 638
512 610
513 632
514 629
515 611
516 657
517 707
518 677
519 680
520 644
521 658
522 657
523 673
524 707
525 737
526 746
527 753
528 764
529 722
530 691
531 706
532 713
533 753
534 738
535 741
536 718
537 716
538 727
539 711
540 707
541 687
542 649
543 647
544 629
545 618
546 661
547 627
548 674
549 664
550 610
551 675
552 641
553 669
554 668
555 685
556 682
557 669
558 681
559 680
560 682
561 653
562 615
563 639
564 633
565 674
566 658
567 653
568 678
569 695
570 686
571 667
572 625
573 669
574 675
575 627
576 677
577 677
578 701
579 696
580 643
581 660
582 684
583 658
584 632
585 671
586 655
587 659
588 644
589 632
590 651
591 648
592 668
593 648
594 646
595 633
596 651
597 665
598 656
599 683
600 676
601 660
602 680
603 674
604 612
605 572
606 557
607 594
608 552
609 606
610 579
611 570
612 606
613 594
614 575
615 575
616 602
617 640
618 625
619 624
620 628
621 698
622 665
623 699
624 732
625 682
626 679
627 720
628 729
629 783
630 795
631 791
632 798
633 885
634 817
635 808
636 846
637 806
638 822
639 852
640 867
641 892
642 888
643 892
644 889
645 913
646 965
647 960
648 1012
649 1009
650 999
651 1027
652 1049
653 1071
654 1073
655 1033
656 1068
657 1004
658 972
659 980
660 1030
661 1071
662 1106
663 1100
664 1080
665 1041
666 988
667 991
668 1056
669 1114
670 1183
671 1230
672 1250
673 1275
674 1254
675 1274
676 1275
677 1273
678 1233
679 1285
680 1270
681 1192
682 1202
683 1220
684 1218
685 1180
686 1141
687 1149
688 1135
689 1111
690 1135
691 1175
692 1103
693 1036
694 999
695 1010
696 988
697 978
698 982
699 985
700 990
701 993
702 981
703 1023
704 1032
705 969
706 932
707 921
708 967
709 993
710 984
711 951
712 967
713 906
714 950
715 970
716 1084
717 1109
718 1151
719 1204
720 1195
721 1257
722 1211
723 1195
724 1241
725 1250
726 1237
727 1209
728 1244
729 1262
730 1303
731 1313
732 1279
733 1298
734 1280
735 1262
736 1266
737 1243
738 1209
739 1189
740 1199
741 1232
742 1255
743 1279
744 1266
745 1257
746 1235
747 1242
748 1273
749 1299
750 1344
751 1351
752 1354
753 1400
754 1421
755 1446
756 1481
757 1472
758 1402
759 1377
760 1380
761 1371
762 1394
763 1333
764 1291
765 1269
766 1282
767 1272
768 1312
769 1271
770 1233
771 1231
772 1258
773 1377
774 1440
775 1438
776 1436
777 1495
778 1486
779 1457
780 1470
781 1459
782 1495
783 1540
784 1530
785 1473
786 1467
787 1487
788 1466
789 1495
790 1521
791 1451
792 1488
793 1463
794 1416
795 1414
796 1405
797 1419
798 1403
799 1372
800 1381
801 1325
802 1320
803 1301
804 1364
805 1355
806 1350
807 1407
808 1378
809 1380
810 1341
811 1362
812 1351
813 1320
814 1324
815 1283
816 1273
817 1223
818 1165
819 1197
820 1237
821 1160
822 1188
823 1181
824 1197
825 1204
826 1236
827 1305
828 1339
829 1353
830 1297
831 1261
832 1285
833 1267
834 1224
835 1200
836 1259
837 1187
838 1200
839 1168
840 1222
841 1259
842 1239
843 1225
844 1171
845 1160
846 1168
847 1212
848 1151
849 1142
850 1192
851 1177
852 1186
853 1190
854 1173
855 1199
856 1257
857 1270
858 1239
859 1234
860 1232
861 1191
862 1172
863 1225
864 1228
865 1222
866 1227
867 1268
868 1311
869 1299
870 1279
871 1285
872 1345
873 1322
874 1346
875 1361
876 1325
877 1268
878 1265
879 1254
880 1248
881 1270
882 1248
883 1244
884 1263
885 1276
886 1284
887 1308
888 1280
889 1263
890 1288
891 1230
892 1271
893 1254
894 1227
895 1240
896 1218
897 1232
898 1314
899 1324
900 1305
901 1315
902 1313
903 1390
904 1399
905 1353
906 1319
907 1322
908 1301
909 1296
910 1289
911 1329
912 1291
913 1290
914 1243
915 1201
916 1219
917 1256
918 1333
919 1377
920 1366
921 1349
922 1382
923 1331
924 1358
925 1403
926 1411
927 1407
928 1441
929 1442
930 1429
931 1394
932 1408
933 1432
934 1398
935 1402
936 1399
937 1449
938 1458
939 1487
940 1447
941 1450
942 1432
943 1391
944 1464
945 1393
946 1414
947 1375
948 1346
949 1324
950 1326
951 1367
952 1374
953 1374
954 1370
955 1343
956 1383
957 1416
958 1387
959 1328
960 1277
961 1213
962 1187
963 1194
964 1215
965 1259
966 1262
967 1305
968 1271
969 1259
970 1240
971 1197
972 1150
973 1197
974 1193
975 1241
976 1224
977 1197
978 1220
979 1158
980 1177
981 1146
982 1176
983 1113
984 1131
985 1170
986 1197
987 1149
988 1115
989 1108
990 1119
991 1126
992 1146
993 1134
994 1167
995 1152
996 1142
997 1093
998 1113
999 1183
1000 1177
