1 23
2 46
3 71
4 87
5 91
6 108
7 132
8 171
9 161
10 205
11 216
12 234
13 266
14 274
15 305
16 311
17 334
18 348
19 375
20 413
21 415
22 441
23 442
24 454
25 515
26 560
27 569
28 556
29 569
30 536
31 578
32 612
33 659
34 669
35 730
36 726
37 682
38 687
39 687
40 680
41 718
42 733
43 738
44 770
45 766
46 792
47 825
48 846
49 906
50 933
51 950
52 921
53 915
54 964
55 978
56 941
57 936
58 931
59 974
60 945
61 948
62 996
63 969
64 996
65 966
66 990
67 1025
68 1051
69 1100
70 1146
71 1176
72 1194
73 1242
74 1277
75 1355
76 1408
77 1387
78 1444
79 1430
80 1370
81 1358
82 1288
83 1336
84 1322
85 1429
86 1439
87 1501
88 1505
89 1519
90 1521
91 1538
92 1659
93 1623
94 1674
95 1722
96 1719
97 1742
98 1775
99 1760
100 1772
101 1723
102 1773
103 1753
104 1755
105 1786
106 1811
107 1814
108 1837
109 1895
110 1894
111 1946
112 1919
113 1973
114 2012
115 2021
116 2000
117 1994
118 2016
119 2032
120 2003
121 2093
122 2188
123 2177
124 2222
125 2194
126 2176
127 2228
128 2210
129 2196
130 2154
131 2186
132 2187
133 2255
134 2248
135 2171
136 2182
137 2249
138 2292
139 2330
140 2293
141 2312
142 2343
143 2418
144 2414
145 2503
146 2504
147 2543
148 2601
149 2669
150 2633
151 2674
152 2680
153 2784
154 2886
155 2841
156 2816
157 2718
158 2836
159 2785
160 2824
161 2862
162 2871
163 2928
164 2991
165 3100
166 3108
167 3139
168 3176
169 3084
170 3088
171 3154
172 3193
173 3188
174 3233
175 3280
176 3256
177 3273
178 3226
179 3274
180 3308
181 3268
182 3184
183 3109
184 3118
185 3079
186 3154
187 3169
188 3308
189 3275
190 3322
191 3296
192 3295
193 3281
194 3399
195 3360
196 3320
197 3335
198 3382
199 3373
200 3500
201 3479
202 3604
203 3622
204 3634
205 3613
206 3506
207 3507
208 3574
209 3565
210 3567
211 3557
212 3584
213 3744
214 3827
215 3897
216 3958
217 3903
218 3969
219 4089
220 4083
221 4142
222 4153
223 4137
224 4180
225 4128
226 4290
227 4356
228 4375
229 4490
230 4511
231 4538
232 4468
233 4497
234 4659
235 4662
236 4619
237 4647
238 4648
239 4692
240 4799
241 4821
242 4826
243 4829
244 4827
245 4835
246 4828
247 4884
248 4833
249 4829
250 4887
251 4780
252 4836
253 4892
254 5014
255 5044
256 5168
257 5185
258 5194
259 5329
260 5317
261 5399
262 5454
263 5521
264 5550
265 5532
266 5560
267 5590
268 5715
269 5677
270 5689
271 5733
272 5719
273 5650
274 5805
275 5722
276 5827
277 5811
278 5770
279 5818
280 5894
281 5759
282 5788
283 5822
284 5882
285 5845
286 5669
287 5739
288 5743
289 5745
290 5684
291 5701
292 5683
293 5609
294 5625
295 5646
296 5690
297 5623
298 5733
299 5800
300 5897
301 5995
302 5965
303 5907
304 5995
305 6099
306 6150
307 6248
308 6221
309 6268
310 6282
311 6238
312 6280
313 6270
314 6382
315 6435
316 6447
317 6316
318 6348
319 6243
320 6306
321 6454
322 6541
323 6699
324 6724
325 6578
326 6594
327 6597
328 6599
329 6644
330 6764
331 6780
332 6878
333 6767
334 6831
335 6848
336 6778
337 6973
338 6942
339 7041
340 6993
341 7024
342 6976
343 6982
344 7031
345 6923
346 6926
347 7002
348 6990
349 6823
350 6932
351 6975
352 6984
353 7038
354 7039
355 7056
356 7112
357 7200
358 7109
359 7096
360 7013
361 6892
362 6934
363 6974
364 6932
365 6944
366 6925
367 6866
368 6823
369 6899
370 6853
371 7067
372 7199
373 7146
374 7081
375 7110
376 7130
377 7074
378 6947
379 6856
380 6919
381 6932
382 6891
383 7037
384 7007
385 7102
386 6999
387 6946
388 6905
389 6979
390 7024
391 7015
392 6996
393 6889
394 6917
395 6855
396 6845
397 6794
398 6883
399 6772
400 6762
401 6830
402 6795
403 6884
404 6932
405 7002
406 6899
407 7048
408 7080
409 7127
410 7131
411 7183
412 7310
413 7389
414 7431
415 7513
416 7527
417 7623
418 7738
419 7968
420 8027
421 8130
422 8098
423 8096
424 8294
425 8265
426 8296
427 8403
428 8354
429 8379
430 8381
431 8408
432 8445
433 8668
434 8488
435 8512
436 8514
437 8472
438 8604
439 8662
440 8688
441 8694
442 8813
443 8806
444 8902
445 8937
446 8942
447 8983
448 8903
449 8816
450 8851
451 9064
452 9076
453 9112
454 9232
455 9295
456 9350
457 9412
458 9220
459 9273
460 9330
461 9256
462 9304
463 9199
464 9209
465 9303
466 9328
467 9544
468 9399
469 9429
470 9450
471 9533
472 9691
473 9484
474 9573
475 9572
476 9548
477 9606
478 9520
479 9361
480 9374
481 9534
482 9560
483 9438
484 9521
485 9478
486 9492
487 9445
488 9508
489 9343
490 9469
491 9479
492 9357
493 9395
494 9367
495 9509
496 9621
497 9700
498 9731
499 9648
500 9515
501 9490
502 9452
503 9343
504 9367
505 9463
506 9471
507 9548
508 9626
509 9531
510 9708
511 9674
512 9748
513 9928
514 9995
515 9979
516 9898
517 9765
518 9705
519 9697
520 9774
521 9661
522 9621
523 9781
524 9787
525 9702
526 9556
527 9591
528 9389
529 9308
530 9370
531 9546
532 9619
533 9497
534 9695
535 9662
536 9589
537 9457
538 9472
539 9312
540 9468
541 9512
542 9381
543 9523
544 9497
545 9465
546 9358
547 9387
548 9368
549 9407
550 9329
551 9269
552 9310
553 9262
554 9156
555 9053
556 8990
557 9152
558 9266
559 9268
560 9452
561 9533
562 9502
563 9480
564 9567
565 9564
566 9538
567 9483
568 9410
569 9368
570 9327
571 9386
572 9389
573 9397
574 9599
575 9564
576 9531
577 9581
578 9596
579 9671
580 9626
581 9759
582 9803
583 9783
584 9800
585 9822
586 9859
587 9939
588 51
589 247
590 315
591 438
592 421
593 341
594 318
595 328
596 497
597 295
598 254
599 331
600 587
601 470
602 417
603 276
604 319
605 174
606 178
607 201
608 266
609 148
610 85
611 85
612 84
613 156
614 87
615 118
616 263
617 196
618 249
619 306
620 212
621 212
622 298
623 321
624 225
625 438
626 459
627 463
628 328
629 322
630 396
631 407
632 415
633 271
634 318
635 247
636 143
637 361
638 418
639 628
640 487
641 557
642 562
643 542
644 598
645 669
646 780
647 931
648 848
649 1030
650 1069
651 1198
652 1246
653 1366
654 1409
655 1429
656 1444
657 1458
658 1284
659 1303
660 1424
661 1428
662 1488
663 1621
664 1501
665 1456
666 1497
667 1530
668 1496
669 1558
670 1729
671 1990
672 1829
673 1799
674 1786
675 1837
676 2034
677 2160
678 2220
679 2179
680 2187
681 2015
682 1948
683 1842
684 1763
685 1749
686 1625
687 1556
688 1551
689 1601
690 1614
691 1512
692 1397
693 1426
694 1652
695 1417
696 1410
697 1529
698 1649
699 1792
700 1822
701 1925
702 1861
703 1966
704 1930
705 1906
706 1964
707 1821
708 1958
709 2010
710 2230
711 2108
712 2036
713 1896
714 1655
715 1946
716 1864
717 1965
718 2058
719 1979
720 2102
721 1906
722 2013
723 1950
724 1809
725 1863
726 2154
727 1985
728 2133
729 2079
730 2072
731 2003
732 1986
733 2001
734 1901
735 2021
736 2102
737 2294
738 2257
739 2459
740 2538
741 2721
742 2741
743 2661
744 2571
745 2407
746 2461
747 2434
748 2449
749 2457
750 2504
751 2693
752 2710
753 2805
754 2650
755 2582
756 2652
757 2664
758 2593
759 2601
760 2557
761 2739
762 2765
763 2912
764 2901
765 2862
766 2631
767 2558
768 2675
769 2801
770 2850
771 2828
772 3078
773 3168
774 3297
775 3219
776 3168
777 3053
778 3213
779 3341
780 3317
781 3591
782 3833
783 4110
784 4086
785 4255
786 4293
787 4178
788 4053
789 3931
790 3937
791 4091
792 4096
793 4126
794 4113
795 4148
796 4301
797 4223
798 4280
799 4290
800 4436
801 4325
802 4425
803 4472
804 4520
805 4535
806 4541
807 4428
808 4707
809 4694
810 4693
811 4838
812 5005
813 5109
814 5053
815 4896
816 4920
817 5031
818 5084
819 4949
820 5127
821 5225
822 5445
823 5632
824 5583
825 5693
826 5754
827 5693
828 5717
829 5575
830 5583
831 5717
832 5753
833 5783
834 6043
835 6225
836 6141
837 6027
838 6233
839 6014
840 6080
841 6051
842 6154
843 6345
844 6379
845 6343
846 6368
847 6434
848 6606
849 6648
850 6589
851 6609
852 6609
853 6687
854 6941
855 7166
856 7150
857 7112
858 6970
859 7120
860 7021
861 7025
862 7158
863 7082
864 7122
865 7037
866 7175
867 7220
868 7287
869 7368
870 7195
871 7201
872 7194
873 7247
874 7213
875 7205
876 7097
877 6970
878 7062
879 7273
880 7364
881 7289
882 7506
883 7509
884 7658
885 7647
886 7628
887 7938
888 7922
889 7913
890 7732
891 7811
892 7908
893 8072
894 8107
895 8175
896 8269
897 8418
898 8532
899 8628
900 8551
901 8522
902 8625
903 8720
904 8838
905 8921
906 9114
907 9204
908 8956
909 8803
910 8648
911 8647
912 8457
913 8529
914 8636
915 8603
916 8682
917 8759
918 8715
919 8634
920 8558
921 8592
922 8568
923 8473
924 8823
925 8886
926 8994
927 9266
928 9167
929 9484
930 9377
931 9368
932 9628
933 9616
934 9740
935 9733
936 9890
937 9817
938 9597
939 9643
940 9756
941 9941
942 139
943 149
944 227
945 118
946 170
947 14
948 9882
949 9975
950 9975
951 9935
952 9898
953 9879
954 79
955 115
956 9962
957 25
958 9877
959 9889
960 9975
961 9796
962 9753
963 9847
964 9756
965 9918
966 9833
967 9956
968 9953
969 162
970 296
971 132
972 361
973 355
974 303
975 411
976 416
977 194
978 222
979 188
980 130
981 264
982 271
983 316
984 377
985 285
986 302
987 260
988 443
989 445
990 384
991 165
992 104
993 171
994 257
995 204
996 84
997 88
998 107
999 54
1000 52
