1 25
2 54
3 83
4 94
5 116
6 134
7 152
8 192
9 209
10 224
11 237
12 246
13 279
14 313
15 355
16 392
17 390
18 400
19 438
20 434
21 513
22 539
23 571
24 560
25 590
26 626
27 638
28 646
29 664
30 713
31 675
32 706
33 733
34 788
35 802
36 801
37 798
38 831
39 868
40 964
41 1043
42 1040
43 1039
44 1033
45 1040
46 1061
47 1049
48 1096
49 1137
50 1188
51 1218
52 1266
53 1262
54 1259
55 1261
56 1281
57 1318
58 1362
59 1400
60 1417
61 1423
62 1389
63 1394
64 1426
65 1435
66 1328
67 1341
68 1365
69 1412
70 1506
71 1579
72 1581
73 1621
74 1660
75 1666
76 1687
77 1642
78 1685
79 1725
80 1780
81 1811
82 1749
83 1774
84 1735
85 1757
86 1788
87 1826
88 1816
89 1897
90 1936
91 1901
92 1935
93 1922
94 1940
95 1952
96 1994
97 2010
98 1995
99 2047
100 2016
101 1977
102 2035
103 2100
104 2102
105 2104
106 2068
107 2062
108 2156
109 2195
110 2258
111 2232
112 2268
113 2298
114 2273
115 2297
116 2259
117 2273
118 2354
119 2376
120 2449
121 2457
122 2389
123 2429
124 2456
125 2560
126 2596
127 2615
128 2665
129 2707
130 2758
131 2761
132 2702
133 2678
134 2579
135 2614
136 2637
137 2679
138 2599
139 2556
140 2439
141 2416
142 2466
143 2469
144 2435
145 2460
146 2466
147 2495
148 2463
149 2392
150 2467
151 2509
152 2503
153 2535
154 2560
155 2538
156 2525
157 2542
158 2574
159 2599
160 2627
161 2560
162 2591
163 2578
164 2516
165 2561
166 2637
167 2648
168 2662
169 2683
170 2725
171 2738
172 2684
173 2777
174 2813
175 2852
176 2799
177 2868
178 2900
179 2959
180 2990
181 3008
182 3054
183 3021
184 3126
185 3061
186 3168
187 3118
188 3100
189 3076
190 3070
191 3138
192 3123
193 3192
194 3156
195 3118
196 3198
197 3301
198 3241
199 3209
200 3264
201 3263
202 3237
203 3157
204 3063
205 3174
206 3123
207 3243
208 3286
209 3305
210 3232
211 3330
212 3345
213 3413
214 3384
215 3372
216 3316
217 3441
218 3482
219 3500
220 3462
221 3394
222 3383
223 3502
224 3452
225 3381
226 3413
227 3439
228 3380
229 3409
230 3520
231 3505
232 3424
233 3324
234 3398
235 3434
236 3424
237 3569
238 3635
239 3669
240 3652
241 3675
242 3658
243 3679
244 3734
245 3748
246 3772
247 3841
248 3915
249 3998
250 4006
251 4112
252 4191
253 4236
254 4289
255 4416
256 4432
257 4381
258 4416
259 4454
260 4426
261 4423
262 4449
263 4491
264 4470
265 4587
266 4689
267 4771
268 4824
269 5012
270 4935
271 4986
272 4901
273 5048
274 5111
275 5052
276 5093
277 5128
278 5234
279 5171
280 5178
281 5101
282 5125
283 5226
284 5264
285 5342
286 5381
287 5385
288 5448
289 5465
290 5615
291 5596
292 5657
293 5652
294 5570
295 5659
296 5611
297 5585
298 5660
299 5702
300 5665
301 5684
302 5778
303 5747
304 5643
305 5705
306 5871
307 5985
308 6175
309 6111
310 6057
311 6080
312 6085
313 6115
314 5982
315 5988
316 5999
317 6130
318 6087
319 5990
320 5991
321 6051
322 6117
323 6070
324 6106
325 6108
326 6074
327 6043
328 6044
329 6118
330 6166
331 6189
332 6193
333 6160
334 6203
335 6177
336 6163
337 6232
338 6158
339 6230
340 6263
341 6376
342 6512
343 6541
344 6598
345 6777
346 6818
347 6789
348 6788
349 6755
350 6849
351 6842
352 6844
353 6860
354 6890
355 6926
356 6910
357 7011
358 7080
359 7002
360 7039
361 7021
362 7023
363 7119
364 7155
365 7132
366 7162
367 7169
368 7130
369 7237
370 6977
371 7119
372 7048
373 7087
374 7091
375 7234
376 7238
377 7330
378 7367
379 7276
380 7355
381 7374
382 7272
383 7157
384 7174
385 7282
386 7442
387 7546
388 7589
389 7599
390 7670
391 7660
392 7617
393 7529
394 7515
395 7496
396 7392
397 7321
398 7243
399 7322
400 7253
401 7275
402 7176
403 7217
404 7331
405 7399
406 7446
407 7407
408 7343
409 7374
410 7347
411 7412
412 7543
413 7527
414 7563
415 7616
416 7671
417 7768
418 7819
419 7824
420 7797
421 7977
422 8051
423 8020
424 7963
425 7925
426 7828
427 7895
428 7971
429 8003
430 8065
431 7994
432 7990
433 7983
434 7901
435 7832
436 7876
437 8042
438 8146
439 8121
440 8262
441 8278
442 8304
443 8353
444 8298
445 8346
446 8389
447 8328
448 8367
449 8254
450 8182
451 8100
452 8128
453 8107
454 8045
455 8222
456 8376
457 8372
458 8263
459 8340
460 8401
461 8570
462 8637
463 8803
464 8745
465 8806
466 8924
467 9001
468 8975
469 9210
470 9294
471 9334
472 9284
473 9432
474 9487
475 9646
476 9600
477 9635
478 9660
479 9545
480 9461
481 9516
482 9513
483 9581
484 9618
485 9572
486 9640
487 9828
488 9958
489 9962
490 9942
491 9995
492 9815
493 9765
494 9852
495 9739
496 9845
497 62
498 187
499 164
500 206
501 390
502 288
503 312
504 354
505 266
506 248
507 244
508 169
509 232
510 188
511 245
512 9963
513 100
514 278
515 182
516 336
517 539
518 540
519 449
520 424
521 458
522 282
523 405
524 278
525 328
526 593
527 516
528 490
529 507
530 702
531 813
532 872
533 850
534 973
535 963
536 958
537 890
538 865
539 839
540 831
541 887
542 914
543 1117
544 1209
545 1403
546 1348
547 1202
548 1337
549 1274
550 1316
551 1445
552 1649
553 1683
554 1735
555 1846
556 1815
557 1853
558 1923
559 1948
560 2144
561 2108
562 2093
563 2070
564 2262
565 2135
566 2052
567 2111
568 2107
569 2128
570 2119
571 1904
572 1918
573 1975
574 2123
575 2156
576 2148
577 1884
578 1989
579 2222
580 2255
581 2109
582 2141
583 2281
584 2283
585 2270
586 2383
587 2480
588 2503
589 2235
590 2321
591 2161
592 2198
593 2555
594 2435
595 2377
596 2422
597 2559
598 2581
599 2584
600 2461
601 2304
602 2475
603 2547
604 2633
605 2590
606 2659
607 2651
608 2626
609 2754
610 2756
611 2700
612 2819
613 2882
614 2969
615 2997
616 2825
617 2690
618 2512
619 2340
620 2272
621 2248
622 2029
623 2069
624 1985
625 1991
626 2007
627 1895
628 1924
629 2012
630 2066
631 2196
632 2253
633 2228
634 2228
635 2268
636 2278
637 2316
638 2218
639 2211
640 2375
641 2420
642 2371
643 2269
644 2306
645 2274
646 2159
647 2342
648 2609
649 2706
650 2671
651 2507
652 2577
653 2751
654 2872
655 2696
656 2663
657 2681
658 2626
659 2543
660 2466
661 2509
662 2760
663 2956
664 2847
665 2947
666 2883
667 2903
668 2832
669 2996
670 2964
671 3066
672 2929
673 2847
674 2882
675 2967
676 3016
677 3107
678 3263
679 3311
680 3205
681 3186
682 3296
683 3350
684 3120
685 3338
686 3216
687 3174
688 3131
689 3114
690 3150
691 3143
692 3173
693 3045
694 2995
695 2972
696 2911
697 3015
698 2901
699 2793
700 2939
701 2830
702 3045
703 2947
704 2971
705 2890
706 2607
707 2614
708 2692
709 2802
710 2881
711 2835
712 3001
713 2915
714 2797
715 2874
716 2906
717 2891
718 2798
719 2909
720 2738
721 3126
722 3019
723 3001
724 2806
725 2669
726 2900
727 2926
728 3033
729 3077
730 3047
731 3059
732 3137
733 3194
734 3329
735 3366
736 3420
737 3542
738 3644
739 3752
740 3702
741 3875
742 3905
743 3902
744 3928
745 4069
746 4286
747 4395
748 4305
749 4471
750 4495
751 4481
752 4610
753 4710
754 4581
755 4400
756 4129
757 4243
758 4111
759 4204
760 4115
761 4062
762 3984
763 4050
764 3987
765 4034
766 4077
767 4372
768 4291
769 4500
770 4655
771 4702
772 4841
773 4816
774 4736
775 4928
776 4923
777 5014
778 4776
779 4703
780 4908
781 4863
782 4717
783 4803
784 5062
785 5093
786 5235
787 5218
788 5288
789 5232
790 5222
791 5319
792 5365
793 5584
794 5569
795 5636
796 5619
797 5674
798 5408
799 5607
800 5670
801 5766
802 5885
803 5794
804 5965
805 5769
806 5681
807 5819
808 5839
809 5975
810 5942
811 5949
812 6147
813 6013
814 6008
815 6087
816 6117
817 6056
818 5869
819 5950
820 5962
821 6297
822 6152
823 6198
824 6430
825 6565
826 6515
827 6495
828 6645
829 6571
830 6589
831 6497
832 6452
833 6346
834 6206
835 6306
836 6336
837 6454
838 6382
839 6070
840 5992
841 5679
842 5671
843 5454
844 5530
845 5618
846 5728
847 5579
848 5622
849 5727
850 5855
851 6109
852 5976
853 5789
854 5602
855 5617
856 5667
857 5719
858 5915
859 5856
860 5812
861 5662
862 5646
863 5631
864 5876
865 5785
866 5853
867 5848
868 5763
869 5782
870 5733
871 5922
872 5813
873 6030
874 6055
875 5876
876 5835
877 5861
878 5815
879 5593
880 5480
881 5539
882 5475
883 5354
884 5248
885 5098
886 5063
887 5076
888 4834
889 4813
890 4719
891 4777
892 4523
893 4617
894 4680
895 4489
896 4556
897 4690
898 4611
899 4499
900 4508
901 4597
902 4733
903 4573
904 4636
905 4669
906 4767
907 4819
908 4789
909 4661
910 4625
911 4562
912 4783
913 4826
914 4734
915 4889
916 4843
917 4882
918 4667
919 4708
920 4592
921 4556
922 4596
923 4393
924 4578
925 4538
926 4728
927 4903
928 4732
929 4723
930 4770
931 4962
932 4968
933 4940
934 4974
935 4942
936 5084
937 5018
938 5106
939 5183
940 4923
941 5028
942 5018
943 4872
944 4813
945 4757
946 4854
947 4874
948 4826
949 4639
950 4745
951 4821
952 4645
953 4562
954 4547
955 4733
956 4831
957 4968
958 4852
959 4814
960 4721
961 4620
962 4725
963 4707
964 4710
965 4604
966 4376
967 4316
968 4411
969 4478
970 4469
971 4468
972 4229
973 4097
974 4137
975 4067
976 4031
977 4054
978 4010
979 3825
980 3491
981 3630
982 3628
983 3774
984 3913
985 4047
986 4076
987 4083
988 4162
989 4211
990 4259
991 4132
992 4066
993 4116
994 4264
995 4214
996 4125
997 4165
998 4146
999 4188
1000 4388
