1 1
2 2
3 1
4 2
5 1
6 5
7 10
8 11
9 14
10 14
11 18
12 23
13 23
14 24
15 22
16 22
17 22
18 36
19 39
20 35
21 34
22 44
23 43
24 42
25 38
26 43
27 55
28 57
29 54
30 62
31 77
32 84
33 108
34 80
35 81
36 91
37 109
38 95
39 84
40 83
41 75
42 72
43 73
44 74
45 76
46 78
47 74
48 73
49 69
50 72
51 77
52 68
53 67
54 62
55 65
56 67
57 73
58 80
59 94
60 96
61 83
62 89
63 100
64 103
65 105
66 126
67 128
68 154
69 145
70 127
71 143
72 149
73 153
74 127
75 130
76 145
77 126
78 128
79 121
80 110
81 122
82 115
83 106
84 114
85 116
86 112
87 121
88 137
89 129
90 120
91 116
92 139
93 130
94 128
95 125
96 138
97 145
98 168
99 187
100 176
101 145
102 153
103 165
104 155
105 147
106 132
107 135
108 136
109 132
110 146
111 135
112 132
113 140
114 150
115 152
116 157
117 167
118 182
119 184
120 187
121 192
122 187
123 177
124 186
125 204
126 212
127 209
128 222
129 211
130 205
131 209
132 198
133 198
134 214
135 216
136 207
137 205
138 193
139 214
140 234
141 206
142 195
143 201
144 189
145 192
146 182
147 190
148 179
149 187
150 169
151 169
152 159
153 174
154 189
155 206
156 205
157 203
158 216
159 216
160 218
161 240
162 251
163 252
164 268
165 267
166 304
167 286
168 290
169 273
170 278
171 306
172 306
173 298
174 331
175 335
176 336
177 372
178 384
179 428
180 414
181 410
182 385
183 410
184 425
185 436
186 421
187 420
188 412
189 372
190 351
191 354
192 327
193 338
194 309
195 292
196 303
197 286
198 289
199 312
200 314
201 311
202 345
203 310
204 291
205 296
206 320
207 324
208 282
209 283
210 260
211 246
212 250
213 217
214 223
215 214
216 213
217 214
218 213
219 216
220 216
221 213
222 227
223 236
224 248
225 272
226 285
227 286
228 295
229 310
230 314
231 285
232 264
233 234
234 235
235 247
236 260
237 257
238 259
239 270
240 300
241 310
242 314
243 311
244 303
245 324
246 358
247 321
248 342
249 342
250 337
251 320
252 333
253 335
254 349
255 355
256 350
257 339
258 327
259 303
260 313
261 318
262 333
263 345
264 330
265 322
266 329
267 326
268 293
269 303
270 307
271 304
272 295
273 338
274 364
275 342
276 347
277 355
278 362
279 372
280 359
281 356
282 378
283 371
284 379
285 393
286 401
287 379
288 359
289 359
290 342
291 335
292 336
293 293
294 329
295 301
296 339
297 329
298 333
299 332
300 318
301 348
302 351
303 324
304 289
305 269
306 284
307 291
308 288
309 301
310 305
311 317
312 314
313 311
314 349
315 335
316 335
317 323
318 334
319 343
320 380
321 393
322 398
323 414
324 419
325 467
326 472
327 445
328 441
329 418
330 430
331 448
332 456
333 406
334 393
335 407
336 420
337 464
338 449
339 434
340 427
341 465
342 446
343 456
344 473
345 452
346 453
347 440
348 458
349 455
350 477
351 510
352 491
353 437
354 446
355 421
356 388
357 360
358 365
359 353
360 334
361 366
362 353
363 332
364 317
365 342
366 292
367 295
368 302
369 311
370 321
371 350
372 328
373 320
374 327
375 310
376 325
377 326
378 340
379 365
380 348
381 347
382 341
383 378
384 375
385 375
386 399
387 386
388 396
389 384
390 440
391 422
392 429
393 424
394 447
395 439
396 431
397 422
398 427
399 436
400 451
401 430
402 459
403 477
404 483
405 465
406 495
407 483
408 469
409 459
410 481
411 457
412 444
413 419
414 404
415 398
416 438
417 427
418 421
419 405
420 364
421 372
422 402
423 408
424 443
425 451
426 453
427 430
428 461
429 464
430 478
431 483
432 520
433 475
434 470
435 472
436 466
437 467
438 450
439 456
440 459
441 447
442 493
443 460
444 464
445 513
446 468
447 507
448 497
449 491
450 512
451 541
452 574
453 554
454 602
455 601
456 610
457 675
458 692
459 741
460 765
461 755
462 742
463 727
464 744
465 761
466 764
467 807
468 811
469 779
470 812
471 785
472 822
473 802
474 795
475 826
476 858
477 869
478 894
479 915
480 947
481 938
482 962
483 958
484 914
485 954
486 935
487 955
488 944
489 964
490 891
491 902
492 901
493 955
494 946
495 941
496 940
497 988
498 953
499 1016
500 1052
501 1094
502 1080
503 1117
504 1109
505 1122
506 1175
507 1254
508 1235
509 1278
510 1309
511 1190
512 1229
513 1205
514 1195
515 1217
516 1220
517 1173
518 1250
519 1246
520 1192
521 1232
522 1243
523 1236
524 1262
525 1320
526 1287
527 1319
528 1307
529 1305
530 1297
531 1272
532 1238
533 1300
534 1249
535 1260
536 1298
537 1354
538 1292
539 1292
540 1277
541 1283
542 1300
543 1356
544 1317
545 1298
546 1257
547 1203
548 1240
549 1251
550 1274
551 1297
552 1346
553 1272
554 1296
555 1305
556 1258
557 1292
558 1215
559 1161
560 1159
561 1166
562 1164
563 1177
564 1191
565 1182
566 1141
567 1088
568 1128
569 1110
570 1146
571 1116
572 1100
573 1144
574 1137
575 1150
576 1157
577 1164
578 1180
579 1174
580 1171
581 1208
582 1179
583 1176
584 1191
585 1156
586 1095
587 1067
588 1079
589 1035
590 1083
591 1041
592 1041
593 995
594 1007
595 915
596 879
597 857
598 857
599 900
600 886
601 927
602 969
603 1000
604 984
605 923
606 938
607 966
608 962
609 1036
610 1024
611 976
612 949
613 930
614 935
615 926
616 935
617 921
618 943
619 917
620 948
621 938
622 976
623 1004
624 1035
625 1005
626 1045
627 989
628 923
629 970
630 985
631 943
632 925
633 905
634 883
635 868
636 886
637 838
638 890
639 894
640 906
641 868
642 843
643 853
644 858
645 850
646 825
647 898
648 933
649 999
650 1012
651 1057
652 1059
653 1078
654 1084
655 1038
656 1025
657 1068
658 1077
659 1143
660 1109
661 1167
662 1149
663 1110
664 1122
665 1188
666 1156
667 1112
668 1096
669 1085
670 1122
671 1110
672 1122
673 1155
674 1164
675 1171
676 1184
677 1193
678 1163
679 1203
680 1253
681 1172
682 1224
683 1209
684 1182
685 1211
686 1222
687 1232
688 1212
689 1192
690 1139
691 1117
692 1141
693 1203
694 1179
695 1223
696 1231
697 1172
698 1254
699 1224
700 1233
701 1310
702 1275
703 1273
704 1223
705 1239
706 1202
707 1226
708 1243
709 1096
710 1143
711 1114
712 1125
713 1111
714 1097
715 1075
716 1045
717 1056
718 1010
719 1009
720 1032
721 1054
722 1054
723 1043
724 1030
725 1058
726 1100
727 1095
728 1083
729 1104
730 1132
731 1120
732 1109
733 1071
734 1108
735 1122
736 1107
737 1116
738 1044
739 1025
740 967
741 995
742 991
743 975
744 917
745 925
746 865
747 863
748 884
749 952
750 951
751 935
752 955
753 1029
754 1029
755 1074
756 1076
757 1059
758 1031
759 1074
760 1112
761 1037
762 1035
763 1043
764 1079
765 1096
766 1136
767 1123
768 1175
769 1149
770 1203
771 1174
772 1227
773 1194
774 1178
775 1192
776 1206
777 1232
778 1210
779 1245
780 1243
781 1242
782 1236
783 1241
784 1231
785 1178
786 1204
787 1153
788 1158
789 1144
790 1144
791 1092
792 1136
793 1107
794 1099
795 1099
796 1077
797 1070
798 1060
799 1117
800 1112
801 1170
802 1165
803 1174
804 1120
805 1082
806 1085
807 1169
808 1190
809 1148
810 1175
811 1143
812 1161
813 1145
814 1128
815 1121
816 1153
817 1142
818 1062
819 1048
820 1054
821 1041
822 997
823 981
824 952
825 920
826 916
827 929
828 916
829 880
830 895
831 889
832 947
833 938
834 906
835 860
836 875
837 847
838 898
839 852
840 888
841 903
842 883
843 883
844 929
845 968
846 897
847 889
848 924
849 945
850 882
851 857
852 890
853 953
854 938
855 951
856 981
857 937
858 922
859 910
860 884
861 901
862 938
863 921
864 912
865 902
866 871
867 848
868 907
869 913
870 879
871 836
872 818
873 856
874 899
875 917
876 895
877 857
878 808
879 818
880 770
881 817
882 823
883 789
884 827
885 828
886 818
887 795
888 781
889 745
890 757
891 767
892 770
893 761
894 780
895 737
896 768
897 749
898 746
899 755
900 786
901 823
902 817
903 821
904 869
905 877
906 854
907 861
908 837
909 811
910 788
911 814
912 814
913 779
914 804
915 784
916 759
917 770
918 758
919 730
920 767
921 790
922 817
923 851
924 918
925 903
926 890
927 889
928 854
929 869
930 909
931 904
932 1002
933 1002
934 1027
935 992
936 1039
937 1023
938 1052
939 1054
940 1047
941 1065
942 1088
943 1076
944 1109
945 1186
946 1183
947 1169
948 1184
949 1129
950 1152
951 1111
952 1092
953 1090
954 1087
955 1067
956 973
957 982
958 985
959 972
960 954
961 977
962 992
963 978
964 972
965 976
966 955
967 989
968 1022
969 993
970 1015
971 1026
972 1033
973 1024
974 1058
975 997
976 1015
977 1052
978 1076
979 1087
980 1065
981 1077
982 1055
983 1071
984 1042
985 1017
986 1003
987 997
988 1022
989 1047
990 1071
991 1070
992 1058
993 1070
994 1110
995 1172
996 1127
997 1138
998 1149
999 1199
1000 1193
