1 0
2 0
3 0
4 1
5 2
6 1
7 1
8 1
9 0
10 0
11 0
12 0
13 0
14 0
15 0
16 0
17 0
18 0
19 1
20 0
21 0
22 1
23 0
24 0
25 0
26 0
27 0
28 1
29 0
30 0
31 1
32 0
33 0
34 0
35 0
36 0
37 0
38 0
39 0
40 1
41 1
42 3
43 2
44 6
45 5
46 5
47 4
48 4
49 2
50 4
51 3
52 4
53 1
54 2
55 2
56 1
57 2
58 2
59 0
60 0
61 0
62 0
63 0
64 0
65 0
66 0
67 0
68 0
69 0
70 0
71 1
72 1
73 3
74 4
75 3
76 4
77 1
78 2
79 2
80 1
81 1
82 1
83 3
84 1
85 2
86 2
87 2
88 3
89 4
90 10
91 6
92 8
93 12
94 11
95 8
96 14
97 9
98 3
99 2
100 3
101 5
102 3
103 3
104 0
105 0
106 0
107 0
108 0
109 0
110 0
111 1
112 1
113 2
114 3
115 2
116 6
117 6
118 6
119 7
120 6
121 4
122 5
123 9
124 9
125 5
126 10
127 11
128 10
129 10
130 13
131 15
132 12
133 13
134 9
135 11
136 15
137 23
138 23
139 24
140 14
141 21
142 12
143 8
144 8
145 6
146 11
147 12
148 10
149 11
150 17
151 12
152 15
153 22
154 25
155 23
156 22
157 20
158 20
159 22
160 20
161 23
162 25
163 22
164 27
165 23
166 21
167 22
168 24
169 15
170 15
171 15
172 5
173 8
174 8
175 7
176 4
177 2
178 4
179 2
180 3
181 6
182 5
183 3
184 6
185 9
186 12
187 15
188 18
189 15
190 17
191 18
192 21
193 24
194 33
195 37
196 38
197 38
198 37
199 32
200 34
201 35
202 29
203 26
204 23
205 27
206 26
207 29
208 23
209 15
210 14
211 16
212 24
213 19
214 17
215 19
216 22
217 17
218 20
219 17
220 24
221 23
222 24
223 28
224 26
225 30
226 33
227 26
228 27
229 25
230 19
231 19
232 16
233 15
234 11
235 8
236 7
237 5
238 8
239 11
240 19
241 21
242 19
243 21
244 30
245 29
246 27
247 34
248 34
249 32
250 37
251 38
252 34
253 41
254 47
255 55
256 59
257 61
258 56
259 64
260 65
261 67
262 63
263 66
264 52
265 43
266 43
267 51
268 63
269 46
270 47
271 38
272 43
273 40
274 34
275 29
276 27
277 25
278 24
279 26
280 33
281 36
282 28
283 36
284 33
285 38
286 38
287 50
288 58
289 58
290 56
291 64
292 63
293 72
294 61
295 55
296 57
297 59
298 50
299 48
300 41
301 33
302 37
303 34
304 31
305 37
306 31
307 19
308 16
309 22
310 18
311 15
312 16
313 14
314 15
315 21
316 21
317 17
318 16
319 17
320 23
321 22
322 27
323 30
324 31
325 30
326 36
327 43
328 44
329 33
330 37
331 40
332 42
333 49
334 48
335 51
336 46
337 35
338 33
339 33
340 38
341 35
342 37
343 30
344 32
345 28
346 44
347 50
348 52
349 38
350 20
351 24
352 24
353 25
354 26
355 28
356 29
357 25
358 24
359 25
360 22
361 19
362 13
363 6
364 11
365 9
366 9
367 9
368 7
369 6
370 7
371 7
372 11
373 14
374 12
375 9
376 13
377 15
378 20
379 27
380 17
381 18
382 14
383 15
384 14
385 9
386 6
387 8
388 8
389 2
390 4
391 2
392 3
393 2
394 0
395 1
396 1
397 1
398 2
399 2
400 2
401 6
402 7
403 6
404 3
405 5
406 6
407 11
408 11
409 8
410 3
411 4
412 4
413 5
414 7
415 12
416 10
417 9
418 10
419 13
420 15
421 14
422 18
423 24
424 27
425 33
426 29
427 24
428 15
429 17
430 19
431 21
432 17
433 21
434 17
435 27
436 35
437 36
438 49
439 53
440 58
441 48
442 56
443 60
444 54
445 58
446 48
447 36
448 46
449 47
450 36
451 44
452 44
453 40
454 57
455 60
456 61
457 49
458 57
459 55
460 44
461 49
462 55
463 63
464 83
465 83
466 88
467 84
468 73
469 71
470 77
471 91
472 86
473 93
474 106
475 111
476 127
477 134
478 123
479 117
480 91
481 107
482 103
483 111
484 117
485 117
486 115
487 111
488 120
489 139
490 153
491 135
492 136
493 124
494 163
495 156
496 164
497 173
498 181
499 160
500 147
501 132
502 130
503 141
504 152
505 142
506 146
507 135
508 133
509 139
510 134
511 131
512 111
513 115
514 123
515 120
516 120
517 132
518 133
519 132
520 119
521 137
522 138
523 109
524 125
525 135
526 124
527 119
528 117
529 131
530 133
531 132
532 135
533 149
534 155
535 153
536 154
537 171
538 178
539 171
540 159
541 194
542 197
543 203
544 202
545 210
546 212
547 224
548 220
549 208
550 203
551 173
552 160
553 144
554 144
555 135
556 122
557 122
558 133
559 151
560 159
561 138
562 143
563 144
564 137
565 166
566 165
567 160
568 179
569 178
570 184
571 200
572 202
573 192
574 189
575 197
576 196
577 192
578 197
579 201
580 203
581 181
582 195
583 204
584 208
585 193
586 160
587 176
588 171
589 165
590 145
591 135
592 122
593 114
594 99
595 115
596 127
597 123
598 124
599 107
600 131
601 127
602 135
603 149
604 166
605 161
606 149
607 128
608 112
609 112
610 105
611 89
612 90
613 93
614 94
615 104
616 125
617 148
618 150
619 137
620 129
621 119
622 128
623 137
624 155
625 141
626 174
627 183
628 213
629 223
630 191
631 202
632 205
633 185
634 180
635 181
636 184
637 197
638 206
639 209
640 224
641 211
642 221
643 186
644 199
645 212
646 225
647 220
648 248
649 247
650 249
651 248
652 249
653 239
654 248
655 269
656 260
657 264
658 291
659 297
660 288
661 265
662 245
663 249
664 247
665 275
666 286
667 290
668 300
669 279
670 303
671 287
672 315
673 319
674 342
675 353
676 333
677 360
678 341
679 342
680 336
681 334
682 318
683 309
684 298
685 294
686 301
687 325
688 322
689 283
690 302
691 300
692 303
693 322
694 324
695 333
696 349
697 357
698 382
699 361
700 362
701 368
702 360
703 325
704 339
705 341
706 342
707 343
708 345
709 337
710 326
711 299
712 298
713 326
714 325
715 321
716 362
717 361
718 356
719 354
720 353
721 344
722 355
723 357
724 375
725 383
726 379
727 396
728 415
729 425
730 409
731 379
732 391
733 338
734 358
735 359
736 376
737 352
738 343
739 344
740 355
741 336
742 378
743 372
744 378
745 385
746 363
747 348
748 355
749 371
750 352
751 333
752 343
753 351
754 361
755 347
756 364
757 395
758 431
759 456
760 451
761 453
762 452
763 476
764 436
765 430
766 444
767 477
768 509
769 480
770 485
771 511
772 498
773 483
774 465
775 447
776 467
777 476
778 463
779 453
780 440
781 442
782 415
783 459
784 467
785 512
786 462
787 429
788 409
789 451
790 457
791 423
792 409
793 415
794 392
795 379
796 361
797 358
798 343
799 349
800 320
801 281
802 262
803 237
804 265
805 281
806 285
807 270
808 259
809 259
810 263
811 267
812 296
813 286
814 326
815 334
816 351
817 351
818 374
819 364
820 381
821 372
822 381
823 365
824 335
825 347
826 316
827 323
828 311
829 334
830 348
831 355
832 364
833 400
834 381
835 385
836 396
837 393
838 414
839 405
840 445
841 385
842 357
843 348
844 356
845 387
846 413
847 418
848 408
849 433
850 422
851 426
852 429
853 417
854 385
855 375
856 380
857 389
858 397
859 400
860 407
861 430
862 428
863 441
864 482
865 483
866 498
867 517
868 488
869 492
870 486
871 511
872 509
873 546
874 584
875 571
876 568
877 577
878 544
879 534
880 557
881 557
882 591
883 590
884 568
885 557
886 579
887 629
888 612
889 603
890 600
891 674
892 672
893 706
894 685
895 699
896 706
897 735
898 766
899 754
900 747
901 742
902 724
903 699
904 679
905 620
906 616
907 621
908 587
909 582
910 542
911 525
912 504
913 520
914 502
915 489
916 481
917 489
918 476
919 466
920 481
921 494
922 495
923 505
924 520
925 510
926 496
927 511
928 501
929 522
930 547
931 563
932 542
933 533
934 555
935 567
936 594
937 602
938 571
939 567
940 589
941 597
942 582
943 577
944 589
945 590
946 578
947 543
948 498
949 503
950 532
951 562
952 605
953 583
954 584
955 569
956 509
957 517
958 524
959 534
960 539
961 521
962 517
963 526
964 524
965 520
966 502
967 512
968 502
969 459
970 463
971 471
972 478
973 472
974 481
975 473
976 491
977 478
978 501
979 502
980 495
981 508
982 475
983 513
984 501
985 501
986 494
987 522
988 529
989 536
990 508
991 516
992 525
993 559
994 561
995 558
996 590
997 557
998 521
999 524
1000 504
