1 3
2 6
3 11
4 15
5 11
6 9
7 8
8 14
9 20
10 22
11 19
12 26
13 22
14 17
15 26
16 27
17 31
18 33
19 29
20 20
21 18
22 25
23 25
24 33
25 36
26 45
27 38
28 33
29 35
30 43
31 48
32 59
33 61
34 54
35 61
36 73
37 76
38 69
39 62
40 68
41 75
42 75
43 76
44 70
45 64
46 79
47 78
48 101
49 104
50 103
51 111
52 105
53 101
54 93
55 114
56 110
57 106
58 112
59 108
60 113
61 131
62 139
63 153
64 150
65 145
66 136
67 153
68 168
69 164
70 129
71 148
72 148
73 165
74 177
75 177
76 160
77 167
78 161
79 162
80 164
81 183
82 204
83 179
84 217
85 236
86 224
87 222
88 228
89 229
90 216
91 224
92 240
93 270
94 293
95 295
96 314
97 303
98 262
99 231
100 239
101 250
102 243
103 229
104 227
105 223
106 212
107 203
108 209
109 199
110 225
111 219
112 219
113 197
114 200
115 209
116 245
117 253
118 233
119 258
120 268
121 276
122 297
123 278
124 290
125 288
126 292
127 289
128 290
129 297
130 287
131 314
132 312
133 319
134 321
135 339
136 333
137 343
138 351
139 332
140 349
141 312
142 297
143 276
144 268
145 242
146 235
147 235
148 232
149 258
150 248
151 248
152 257
153 242
154 245
155 257
156 267
157 282
158 240
159 260
160 220
161 210
162 204
163 228
164 237
165 269
166 271
167 265
168 263
169 256
170 265
171 263
172 263
173 284
174 297
175 310
176 323
177 307
178 318
179 319
180 309
181 283
182 274
183 252
184 250
185 264
186 271
187 254
188 271
189 261
190 244
191 276
192 263
193 263
194 230
195 208
196 185
197 193
198 192
199 179
200 207
201 225
202 204
203 205
204 211
205 226
206 210
207 221
208 227
209 214
210 219
211 222
212 203
213 235
214 235
215 227
216 250
217 232
218 243
219 234
220 238
221 234
222 235
223 238
224 237
225 251
226 256
227 257
228 246
229 251
230 265
231 267
232 259
233 243
234 263
235 253
236 274
237 291
238 270
239 280
240 289
241 292
242 316
243 324
244 324
245 346
246 379
247 367
248 360
249 348
250 350
251 352
252 344
253 314
254 337
255 311
256 300
257 338
258 341
259 386
260 374
261 371
262 404
263 433
264 415
265 394
266 395
267 368
268 361
269 402
270 392
271 411
272 431
273 460
274 456
275 481
276 480
277 484
278 483
279 421
280 476
281 491
282 469
283 487
284 496
285 484
286 471
287 448
288 455
289 472
290 470
291 475
292 460
293 465
294 478
295 486
296 460
297 474
298 498
299 507
300 536
301 478
302 488
303 469
304 489
305 476
306 524
307 501
308 500
309 500
310 526
311 526
312 492
313 480
314 487
315 456
316 414
317 426
318 407
319 389
320 409
321 415
322 415
323 411
324 425
325 455
326 469
327 436
328 420
329 417
330 417
331 391
332 428
333 414
334 433
335 428
336 419
337 420
338 373
339 382
340 402
341 444
342 423
343 448
344 484
345 508
346 467
347 476
348 520
349 496
350 490
351 480
352 454
353 494
354 479
355 496
356 534
357 556
358 546
359 614
360 557
361 550
362 551
363 565
364 535
365 520
366 527
367 542
368 509
369 534
370 545
371 575
372 553
373 572
374 547
375 491
376 497
377 498
378 473
379 494
380 499
381 518
382 508
383 502
384 507
385 505
386 495
387 519
388 503
389 541
390 588
391 582
392 591
393 605
394 615
395 590
396 573
397 580
398 563
399 623
400 594
401 607
402 606
403 590
404 572
405 560
406 531
407 551
408 558
409 574
410 564
411 588
412 587
413 584
414 597
415 597
416 605
417 568
418 564
419 538
420 562
421 571
422 593
423 678
424 683
425 672
426 675
427 649
428 640
429 596
430 588
431 586
432 593
433 619
434 595
435 598
436 607
437 630
438 608
439 593
440 573
441 594
442 605
443 621
444 637
445 674
446 691
447 676
448 681
449 699
450 711
451 766
452 750
453 770
454 798
455 744
456 749
457 786
458 738
459 746
460 711
461 682
462 735
463 722
464 746
465 735
466 721
467 752
468 783
469 797
470 838
471 909
472 901
473 900
474 885
475 942
476 924
477 893
478 928
479 935
480 931
481 905
482 894
483 964
484 968
485 966
486 991
487 994
488 966
489 941
490 968
491 1020
492 997
493 986
494 1012
495 1047
496 1089
497 1161
498 1182
499 1190
500 1119
501 1202
502 1294
503 1292
504 1263
505 1296
506 1384
507 1381
508 1385
509 1366
510 1337
511 1335
512 1265
513 1261
514 1262
515 1258
516 1260
517 1278
518 1270
519 1324
520 1296
521 1296
522 1302
523 1362
524 1396
525 1430
526 1417
527 1371
528 1418
529 1417
530 1486
531 1463
532 1535
533 1542
534 1532
535 1538
536 1501
537 1508
538 1463
539 1433
540 1426
541 1399
542 1409
543 1369
544 1316
545 1329
546 1309
547 1343
548 1368
549 1385
550 1331
551 1346
552 1305
553 1305
554 1338
555 1373
556 1396
557 1429
558 1496
559 1491
560 1508
561 1533
562 1579
563 1588
564 1559
565 1505
566 1453
567 1496
568 1487
569 1442
570 1470
571 1426
572 1450
573 1445
574 1461
575 1422
576 1400
577 1372
578 1379
579 1393
580 1422
581 1371
582 1385
583 1315
584 1343
585 1372
586 1375
587 1361
588 1388
589 1325
590 1340
591 1375
592 1399
593 1446
594 1404
595 1435
596 1425
597 1388
598 1385
599 1359
600 1375
601 1353
602 1380
603 1367
604 1344
605 1328
606 1269
607 1259
608 1244
609 1286
610 1257
611 1239
612 1229
613 1228
614 1246
615 1258
616 1265
617 1251
618 1259
619 1289
620 1253
621 1267
622 1268
623 1262
624 1311
625 1287
626 1261
627 1287
628 1323
629 1321
630 1342
631 1292
632 1342
633 1342
634 1302
635 1285
636 1218
637 1196
638 1227
639 1187
640 1223
641 1210
642 1221
643 1300
644 1266
645 1279
646 1423
647 1396
648 1413
649 1389
650 1363
651 1309
652 1332
653 1369
654 1331
655 1331
656 1354
657 1282
658 1228
659 1192
660 1222
661 1237
662 1242
663 1215
664 1217
665 1217
666 1239
667 1282
668 1232
669 1201
670 1212
671 1214
672 1198
673 1190
674 1200
675 1189
676 1185
677 1169
678 1162
679 1157
680 1176
681 1234
682 1215
683 1247
684 1243
685 1176
686 1209
687 1171
688 1231
689 1197
690 1165
691 1203
692 1131
693 1160
694 1184
695 1188
696 1206
697 1194
698 1185
699 1200
700 1200
701 1184
702 1183
703 1180
704 1140
705 1140
706 1123
707 1116
708 1112
709 1142
710 1142
711 1024
712 1036
713 1043
714 1114
715 1082
716 1127
717 1171
718 1159
719 1227
720 1186
721 1165
722 1154
723 1098
724 1132
725 1127
726 1174
727 1143
728 1154
729 1168
730 1191
731 1179
732 1216
733 1252
734 1304
735 1277
736 1293
737 1342
738 1326
739 1372
740 1348
741 1357
742 1335
743 1352
744 1317
745 1314
746 1303
747 1297
748 1219
749 1263
750 1275
751 1249
752 1255
753 1312
754 1334
755 1367
756 1413
757 1410
758 1352
759 1363
760 1402
761 1375
762 1426
763 1403
764 1381
765 1432
766 1364
767 1379
768 1374
769 1344
770 1295
771 1305
772 1348
773 1308
774 1353
775 1381
776 1394
777 1409
778 1434
779 1441
780 1485
781 1479
782 1542
783 1505
784 1498
785 1574
786 1558
787 1520
788 1488
789 1479
790 1538
791 1609
792 1646
793 1692
794 1617
795 1605
796 1624
797 1660
798 1659
799 1662
800 1697
801 1766
802 1760
803 1743
804 1829
805 1865
806 1772
807 1787
808 1785
809 1804
810 1834
811 1742
812 1812
813 1800
814 1803
815 1754
816 1742
817 1762
818 1798
819 1778
820 1796
821 1820
822 1873
823 1868
824 1841
825 1934
826 1925
827 1932
828 1954
829 1972
830 1953
831 1951
832 1906
833 1951
834 1947
835 1956
836 1932
837 1916
838 1916
839 1960
840 1964
841 2043
842 2016
843 2041
844 2010
845 2028
846 2076
847 2144
848 2162
849 2090
850 2075
851 2069
852 2016
853 2019
854 2001
855 1962
856 1920
857 1958
858 1961
859 1968
860 2035
861 1972
862 1964
863 1984
864 1966
865 2070
866 2085
867 2092
868 2030
869 2115
870 2086
871 2031
872 2048
873 2051
874 2100
875 2080
876 2066
877 2084
878 2067
879 2112
880 2085
881 2111
882 2118
883 2121
884 2027
885 2114
886 2154
887 2126
888 2109
889 2039
890 2009
891 2011
892 1991
893 1969
894 1947
895 2034
896 2061
897 2085
898 2137
899 2110
900 2112
901 2104
902 2083
903 2034
904 2091
905 2066
906 2080
907 2137
908 2076
909 2038
910 2072
911 2137
912 2208
913 2173
914 2126
915 2186
916 2101
917 2085
918 2118
919 2127
920 2095
921 2122
922 2075
923 2070
924 2067
925 2108
926 2121
927 2089
928 2068
929 2066
930 2071
931 2124
932 2077
933 2080
934 2130
935 2138
936 2128
937 2137
938 2176
939 2148
940 2128
941 2162
942 2176
943 2170
944 2153
945 2070
946 2129
947 2100
948 2051
949 2126
950 2138
951 2136
952 2170
953 2186
954 2300
955 2347
956 2353
957 2302
958 2293
959 2344
960 2392
961 2390
962 2374
963 2362
964 2405
965 2417
966 2425
967 2418
968 2431
969 2414
970 2450
971 2498
972 2503
973 2552
974 2574
975 2477
976 2445
977 2370
978 2295
979 2342
980 2286
981 2218
982 2272
983 2248
984 2275
985 2279
986 2287
987 2273
988 2293
989 2258
990 2301
991 2377
992 2393
993 2426
994 2399
995 2434
996 2355
997 2339
998 2320
999 2220
1000 2161
