1 6
2 4
3 9
4 8
5 10
6 8
7 10
8 22
9 16
10 12
11 14
12 19
13 24
14 28
15 20
16 27
17 22
18 37
19 38
20 39
21 36
22 34
23 31
24 36
25 32
26 42
27 45
28 52
29 56
30 63
31 73
32 51
33 51
34 44
35 49
36 48
37 54
38 52
39 59
40 54
41 65
42 71
43 71
44 60
45 72
46 60
47 65
48 60
49 76
50 70
51 81
52 75
53 69
54 62
55 69
56 79
57 66
58 70
59 77
60 77
61 83
62 86
63 84
64 85
65 103
66 103
67 90
68 85
69 94
70 97
71 90
72 91
73 110
74 123
75 110
76 110
77 114
78 111
79 109
80 118
81 120
82 127
83 139
84 141
85 135
86 138
87 166
88 181
89 196
90 205
91 199
92 192
93 206
94 213
95 195
96 173
97 166
98 171
99 186
100 194
101 225
102 221
103 231
104 234
105 224
106 213
107 217
108 230
109 230
110 233
111 247
112 266
113 270
114 286
115 295
116 293
117 283
118 246
119 232
120 235
121 230
122 221
123 228
124 216
125 221
126 205
127 217
128 218
129 209
130 226
131 247
132 256
133 254
134 246
135 246
136 270
137 302
138 326
139 314
140 338
141 339
142 338
143 339
144 350
145 402
146 408
147 400
148 421
149 420
150 392
151 365
152 360
153 371
154 348
155 359
156 367
157 393
158 444
159 431
160 429
161 397
162 402
163 363
164 336
165 368
166 358
167 381
168 343
169 345
170 332
171 313
172 318
173 276
174 279
175 304
176 296
177 282
178 278
179 268
180 278
181 306
182 297
183 287
184 300
185 276
186 294
187 279
188 310
189 272
190 280
191 292
192 293
193 270
194 242
195 250
196 274
197 287
198 302
199 300
200 290
201 285
202 300
203 337
204 299
205 322
206 316
207 276
208 264
209 273
210 273
211 309
212 293
213 288
214 297
215 301
216 278
217 256
218 251
219 245
220 227
221 232
222 224
223 230
224 245
225 226
226 227
227 226
228 221
229 229
230 246
231 261
232 292
233 296
234 312
235 345
236 343
237 360
238 331
239 328
240 337
241 361
242 353
243 368
244 372
245 331
246 342
247 343
248 318
249 296
250 297
251 303
252 325
253 317
254 281
255 265
256 290
257 279
258 299
259 328
260 287
261 291
262 282
263 321
264 335
265 318
266 328
267 324
268 345
269 344
270 341
271 345
272 381
273 379
274 354
275 362
276 367
277 374
278 375
279 377
280 398
281 398
282 412
283 421
284 424
285 368
286 341
287 345
288 374
289 388
290 395
291 405
292 402
293 376
294 372
295 358
296 354
297 339
298 349
299 357
300 347
301 333
302 349
303 318
304 347
305 341
306 354
307 344
308 347
309 351
310 374
311 395
312 408
313 395
314 407
315 353
316 378
317 411
318 387
319 373
320 362
321 355
322 346
323 314
324 318
325 329
326 316
327 362
328 363
329 376
330 346
331 364
332 348
333 359
334 364
335 394
336 373
337 398
338 387
339 382
340 378
341 385
342 372
343 340
344 392
345 375
346 352
347 360
348 364
349 353
350 356
351 370
352 375
353 371
354 396
355 380
356 382
357 384
358 373
359 380
360 412
361 400
362 405
363 374
364 373
365 389
366 396
367 409
368 431
369 436
370 465
371 480
372 493
373 481
374 474
375 483
376 482
377 508
378 529
379 539
380 551
381 544
382 592
383 544
384 546
385 549
386 568
387 604
388 586
389 623
390 615
391 663
392 698
393 661
394 694
395 686
396 698
397 716
398 681
399 740
400 732
401 720
402 712
403 733
404 749
405 770
406 736
407 752
408 802
409 806
410 824
411 788
412 791
413 764
414 752
415 700
416 742
417 724
418 752
419 727
420 665
421 673
422 662
423 671
424 710
425 722
426 793
427 797
428 794
429 776
430 780
431 819
432 835
433 841
434 876
435 854
436 857
437 899
438 894
439 915
440 935
441 906
442 855
443 849
444 917
445 900
446 901
447 895
448 941
449 962
450 995
451 995
452 1020
453 1065
454 1033
455 973
456 982
457 944
458 940
459 968
460 961
461 966
462 993
463 1030
464 997
465 965
466 973
467 991
468 972
469 968
470 991
471 1011
472 1038
473 1001
474 1040
475 1079
476 1061
477 1055
478 1028
479 1033
480 1009
481 997
482 985
483 939
484 975
485 1031
486 957
487 936
488 941
489 889
490 853
491 883
492 826
493 836
494 845
495 840
496 834
497 856
498 905
499 924
500 926
501 959
502 952
503 984
504 1012
505 1038
506 1027
507 996
508 1003
509 1021
510 1040
511 1051
512 1033
513 1024
514 1043
515 1055
516 1028
517 1003
518 1046
519 1045
520 1000
521 972
522 1007
523 934
524 983
525 975
526 943
527 935
528 916
529 878
530 853
531 827
532 829
533 823
534 856
535 863
536 854
537 842
538 777
539 838
540 848
541 845
542 810
543 761
544 764
545 780
546 806
547 829
548 853
549 863
550 866
551 886
552 952
553 974
554 927
555 962
556 927
557 937
558 906
559 910
560 961
561 916
562 962
563 949
564 965
565 976
566 998
567 1035
568 1001
569 993
570 991
571 1058
572 1112
573 1146
574 1156
575 1139
576 1182
577 1199
578 1183
579 1168
580 1191
581 1189
582 1158
583 1143
584 1153
585 1175
586 1195
587 1197
588 1208
589 1194
590 1212
591 1236
592 1180
593 1183
594 1166
595 1201
596 1199
597 1178
598 1182
599 1216
600 1201
601 1230
602 1246
603 1247
604 1244
605 1264
606 1200
607 1180
608 1191
609 1173
610 1180
611 1182
612 1219
613 1210
614 1256
615 1239
616 1242
617 1170
618 1170
619 1167
620 1167
621 1192
622 1169
623 1125
624 1102
625 1067
626 1132
627 1157
628 1116
629 1169
630 1192
631 1151
632 1153
633 1163
634 1144
635 1186
636 1178
637 1159
638 1163
639 1156
640 1119
641 1115
642 1166
643 1182
644 1145
645 1162
646 1207
647 1183
648 1241
649 1221
650 1197
651 1226
652 1251
653 1268
654 1223
655 1282
656 1240
657 1217
658 1236
659 1223
660 1260
661 1278
662 1319
663 1302
664 1367
665 1360
666 1340
667 1343
668 1322
669 1342
670 1354
671 1334
672 1367
673 1348
674 1364
675 1426
676 1435
677 1415
678 1402
679 1417
680 1406
681 1386
682 1360
683 1382
684 1469
685 1489
686 1435
687 1436
688 1408
689 1389
690 1381
691 1357
692 1370
693 1297
694 1329
695 1281
696 1225
697 1262
698 1209
699 1203
700 1286
701 1336
702 1333
703 1350
704 1303
705 1220
706 1193
707 1262
708 1288
709 1306
710 1311
711 1409
712 1346
713 1324
714 1418
715 1424
716 1385
717 1409
718 1393
719 1382
720 1352
721 1362
722 1336
723 1332
724 1300
725 1348
726 1370
727 1371
728 1398
729 1411
730 1403
731 1417
732 1435
733 1375
734 1395
735 1409
736 1336
737 1388
738 1432
739 1440
740 1437
741 1418
742 1451
743 1469
744 1454
745 1448
746 1480
747 1501
748 1521
749 1507
750 1501
751 1452
752 1442
753 1484
754 1524
755 1548
756 1488
757 1483
758 1491
759 1482
760 1473
761 1580
762 1599
763 1567
764 1621
765 1606
766 1614
767 1609
768 1573
769 1643
770 1637
771 1668
772 1623
773 1584
774 1660
775 1581
776 1557
777 1524
778 1540
779 1534
780 1553
781 1581
782 1625
783 1639
784 1615
785 1632
786 1595
787 1551
788 1571
789 1560
790 1576
791 1658
792 1676
793 1710
794 1743
795 1716
796 1741
797 1753
798 1753
799 1750
800 1766
801 1765
802 1781
803 1795
804 1791
805 1772
806 1730
807 1746
808 1769
809 1776
810 1796
811 1763
812 1763
813 1821
814 1778
815 1791
816 1893
817 1835
818 1799
819 1740
820 1775
821 1766
822 1748
823 1745
824 1741
825 1812
826 1797
827 1748
828 1763
829 1797
830 1723
831 1714
832 1725
833 1783
834 1772
835 1758
836 1804
837 1714
838 1787
839 1783
840 1878
841 1963
842 1908
843 1906
844 1886
845 1853
846 1863
847 1822
848 1939
849 1956
850 1936
851 1930
852 1917
853 1917
854 1886
855 1951
856 1974
857 2056
858 2064
859 2094
860 2142
861 2152
862 2124
863 2109
864 2117
865 2101
866 2154
867 2243
868 2243
869 2152
870 2198
871 2216
872 2281
873 2369
874 2352
875 2294
876 2374
877 2433
878 2529
879 2522
880 2556
881 2601
882 2566
883 2601
884 2614
885 2640
886 2589
887 2577
888 2572
889 2583
890 2521
891 2464
892 2498
893 2545
894 2610
895 2577
896 2536
897 2484
898 2511
899 2528
900 2519
901 2429
902 2419
903 2534
904 2520
905 2552
906 2477
907 2393
908 2396
909 2515
910 2471
911 2414
912 2371
913 2382
914 2335
915 2321
916 2382
917 2319
918 2294
919 2323
920 2280
921 2274
922 2277
923 2324
924 2279
925 2204
926 2232
927 2265
928 2245
929 2214
930 2191
931 2173
932 2189
933 2162
934 2209
935 2246
936 2214
937 2262
938 2291
939 2285
940 2422
941 2405
942 2343
943 2433
944 2451
945 2493
946 2512
947 2549
948 2518
949 2473
950 2554
951 2487
952 2412
953 2389
954 2403
955 2474
956 2573
957 2613
958 2605
959 2524
960 2497
961 2533
962 2439
963 2352
964 2359
965 2338
966 2321
967 2334
968 2302
969 2403
970 2348
971 2348
972 2256
973 2330
974 2345
975 2307
976 2264
977 2331
978 2293
979 2348
980 2444
981 2405
982 2404
983 2427
984 2510
985 2477
986 2486
987 2489
988 2486
989 2386
990 2326
991 2354
992 2371
993 2405
994 2482
995 2487
996 2539
997 2536
998 2516
999 2494
1000 2487
