1 0
2 0
3 0
4 0
5 0
6 3
7 1
8 0
9 0
10 0
11 2
12 4
13 7
14 4
15 5
16 5
17 2
18 0
19 1
20 1
21 2
22 3
23 4
24 4
25 5
26 9
27 7
28 9
29 7
30 4
31 5
32 3
33 4
34 2
35 3
36 4
37 2
38 4
39 3
40 5
41 4
42 6
43 4
44 6
45 7
46 3
47 2
48 5
49 4
50 5
51 6
52 9
53 7
54 4
55 2
56 0
57 0
58 0
59 0
60 0
61 0
62 0
63 1
64 3
65 1
66 3
67 4
68 1
69 1
70 3
71 2
72 1
73 2
74 4
75 6
76 6
77 2
78 3
79 3
80 3
81 2
82 2
83 2
84 1
85 0
86 0
87 0
88 0
89 0
90 0
91 1
92 3
93 2
94 1
95 1
96 2
97 2
98 1
99 1
100 2
101 3
102 3
103 5
104 7
105 9
106 6
107 7
108 5
109 4
110 6
111 4
112 5
113 6
114 6
115 4
116 1
117 0
118 0
119 0
120 1
121 1
122 4
123 5
124 7
125 12
126 8
127 7
128 8
129 8
130 8
131 9
132 7
133 13
134 13
135 11
136 17
137 19
138 22
139 29
140 35
141 40
142 34
143 24
144 27
145 31
146 29
147 26
148 21
149 21
150 17
151 18
152 16
153 15
154 10
155 11
156 13
157 13
158 16
159 12
160 9
161 7
162 9
163 13
164 14
165 15
166 20
167 22
168 26
169 29
170 22
171 13
172 15
173 13
174 8
175 5
176 8
177 4
178 4
179 5
180 3
181 3
182 2
183 2
184 0
185 0
186 0
187 1
188 3
189 5
190 6
191 2
192 0
193 0
194 0
195 0
196 0
197 0
198 0
199 0
200 0
201 0
202 1
203 0
204 0
205 0
206 1
207 2
208 3
209 6
210 9
211 7
212 6
213 2
214 2
215 3
216 4
217 5
218 2
219 2
220 2
221 3
222 3
223 1
224 2
225 3
226 5
227 6
228 7
229 10
230 13
231 14
232 10
233 15
234 24
235 20
236 22
237 20
238 20
239 30
240 30
241 35
242 46
243 46
244 35
245 36
246 39
247 40
248 35
249 35
250 40
251 50
252 52
253 52
254 46
255 54
256 57
257 61
258 46
259 36
260 34
261 33
262 30
263 40
264 40
265 41
266 34
267 30
268 24
269 23
270 25
271 26
272 26
273 30
274 34
275 37
276 29
277 24
278 25
279 29
280 30
281 29
282 34
283 33
284 31
285 30
286 19
287 21
288 14
289 13
290 12
291 6
292 7
293 8
294 9
295 7
296 4
297 4
298 3
299 3
300 3
301 1
302 1
303 1
304 2
305 1
306 0
307 2
308 1
309 0
310 1
311 3
312 3
313 3
314 2
315 2
316 3
317 3
318 3
319 2
320 0
321 0
322 0
323 1
324 0
325 0
326 0
327 0
328 0
329 0
330 0
331 0
332 0
333 0
334 2
335 2
336 2
337 2
338 3
339 2
340 2
341 1
342 1
343 1
344 1
345 0
346 0
347 0
348 0
349 0
350 0
351 0
352 0
353 1
354 1
355 1
356 2
357 1
358 0
359 0
360 0
361 0
362 1
363 1
364 1
365 2
366 0
367 1
368 1
369 2
370 5
371 9
372 4
373 3
374 4
375 8
376 9
377 8
378 11
379 12
380 12
381 7
382 8
383 9
384 9
385 5
386 7
387 6
388 6
389 7
390 3
391 5
392 6
393 5
394 7
395 5
396 8
397 12
398 9
399 8
400 9
401 12
402 12
403 7
404 6
405 3
406 8
407 5
408 3
409 3
410 1
411 1
412 0
413 0
414 1
415 3
416 5
417 4
418 4
419 9
420 15
421 11
422 11
423 15
424 15
425 13
426 15
427 16
428 18
429 16
430 13
431 9
432 11
433 13
434 17
435 21
436 22
437 23
438 19
439 18
440 22
441 18
442 21
443 25
444 27
445 32
446 28
447 24
448 22
449 23
450 32
451 27
452 21
453 24
454 23
455 17
456 22
457 29
458 33
459 29
460 25
461 29
462 27
463 26
464 29
465 22
466 22
467 33
468 28
469 34
470 37
471 36
472 35
473 33
474 39
475 46
476 42
477 40
478 39
479 39
480 45
481 57
482 67
483 87
484 92
485 87
486 85
487 90
488 95
489 78
490 66
491 75
492 71
493 67
494 43
495 53
496 48
497 45
498 44
499 53
500 51
501 45
502 42
503 46
504 47
505 47
506 45
507 57
508 43
509 38
510 38
511 49
512 43
513 45
514 47
515 39
516 30
517 28
518 29
519 29
520 29
521 26
522 27
523 31
524 27
525 24
526 20
527 16
528 11
529 13
530 14
531 4
532 9
533 9
534 10
535 5
536 6
537 6
538 7
539 5
540 6
541 11
542 16
543 24
544 28
545 27
546 33
547 35
548 30
549 23
550 30
551 25
552 27
553 20
554 24
555 18
556 14
557 22
558 23
559 24
560 30
561 32
562 35
563 34
564 32
565 20
566 23
567 17
568 17
569 17
570 14
571 10
572 10
573 13
574 14
575 14
576 19
577 17
578 16
579 21
580 29
581 22
582 23
583 30
584 33
585 31
586 26
587 25
588 31
589 33
590 28
591 19
592 19
593 19
594 21
595 15
596 15
597 22
598 30
599 29
600 24
601 24
602 30
603 34
604 34
605 42
606 48
607 46
608 63
609 48
610 52
611 54
612 56
613 56
614 61
615 76
616 66
617 73
618 73
619 75
620 84
621 86
622 99
623 99
624 98
625 119
626 111
627 88
628 79
629 75
630 64
631 62
632 66
633 72
634 75
635 67
636 62
637 56
638 49
639 46
640 46
641 49
642 41
643 41
644 37
645 28
646 35
647 34
648 35
649 37
650 29
651 38
652 33
653 38
654 36
655 38
656 53
657 49
658 48
659 38
660 48
661 46
662 35
663 24
664 15
665 12
666 17
667 13
668 13
669 16
670 17
671 18
672 17
673 21
674 15
675 17
676 14
677 13
678 17
679 10
680 15
681 15
682 17
683 22
684 24
685 28
686 42
687 48
688 56
689 57
690 50
691 59
692 55
693 51
694 47
695 49
696 46
697 46
698 43
699 47
700 58
701 56
702 40
703 39
704 35
705 35
706 39
707 40
708 38
709 38
710 43
711 53
712 61
713 72
714 69
715 74
716 72
717 87
718 93
719 113
720 105
721 107
722 123
723 137
724 138
725 133
726 140
727 171
728 171
729 164
730 155
731 142
732 163
733 159
734 147
735 117
736 127
737 129
738 144
739 147
740 154
741 145
742 155
743 158
744 161
745 146
746 158
747 160
748 160
749 150
750 180
751 179
752 193
753 196
754 195
755 204
756 218
757 204
758 181
759 194
760 170
761 168
762 151
763 165
764 151
765 152
766 149
767 173
768 162
769 148
770 144
771 149
772 161
773 175
774 171
775 192
776 200
777 191
778 179
779 174
780 179
781 166
782 154
783 147
784 150
785 136
786 144
787 127
788 124
789 117
790 124
791 140
792 137
793 141
794 148
795 152
796 152
797 176
798 176
799 171
800 165
801 157
802 164
803 157
804 144
805 160
806 148
807 156
808 164
809 190
810 202
811 203
812 186
813 167
814 185
815 182
816 215
817 212
818 196
819 192
820 227
821 241
822 244
823 284
824 273
825 254
826 250
827 283
828 280
829 273
830 293
831 287
832 290
833 282
834 282
835 310
836 325
837 323
838 308
839 329
840 324
841 280
842 267
843 256
844 244
845 259
846 251
847 241
848 242
849 250
850 249
851 230
852 222
853 205
854 197
855 189
856 180
857 195
858 214
859 222
860 221
861 229
862 248
863 243
864 237
865 254
866 230
867 202
868 196
869 191
870 186
871 182
872 229
873 246
874 232
875 223
876 213
877 207
878 216
879 193
880 184
881 173
882 192
883 205
884 203
885 215
886 210
887 204
888 203
889 179
890 184
891 204
892 202
893 189
894 210
895 218
896 219
897 235
898 227
899 223
900 238
901 239
902 225
903 239
904 258
905 252
906 253
907 240
908 248
909 276
910 277
911 287
912 268
913 271
914 281
915 293
916 258
917 265
918 279
919 267
920 264
921 274
922 271
923 279
924 268
925 265
926 266
927 257
928 244
929 237
930 196
931 217
932 213
933 213
934 229
935 263
936 271
937 255
938 281
939 271
940 303
941 300
942 316
943 299
944 317
945 361
946 369
947 382
948 407
949 423
950 467
951 457
952 479
953 486
954 484
955 475
956 467
957 489
958 516
959 512
960 557
961 562
962 577
963 605
964 686
965 730
966 711
967 728
968 752
969 751
970 720
971 679
972 658
973 672
974 721
975 776
976 773
977 792
978 800
979 734
980 685
981 674
982 684
983 681
984 650
985 685
986 675
987 641
988 636
989 644
990 631
991 617
992 647
993 664
994 619
995 592
996 614
997 588
998 614
999 606
1000 588
