1 0
2 0
3 0
4 0
5 0
6 0
7 0
8 0
9 0
10 0
11 0
12 0
13 0
14 0
15 0
16 0
17 0
18 1
19 1
20 1
21 1
22 0
23 0
24 0
25 0
26 0
27 0
28 0
29 0
30 0
31 0
32 0
33 1
34 2
35 2
36 0
37 0
38 0
39 0
40 0
41 1
42 0
43 1
44 4
45 4
46 4
47 4
48 4
49 5
50 4
51 1
52 1
53 1
54 1
55 2
56 0
57 1
58 0
59 0
60 1
61 2
62 1
63 3
64 4
65 6
66 9
67 11
68 13
69 12
70 16
71 22
72 27
73 22
74 17
75 17
76 19
77 19
78 19
79 18
80 21
81 15
82 11
83 8
84 8
85 10
86 10
87 8
88 6
89 6
90 8
91 4
92 5
93 3
94 5
95 3
96 2
97 4
98 4
99 4
100 7
101 7
102 6
103 7
104 8
105 13
106 11
107 11
108 9
109 5
110 8
111 7
112 11
113 15
114 16
115 15
116 24
117 26
118 26
119 28
120 33
121 27
122 32
123 23
124 20
125 19
126 22
127 17
128 21
129 20
130 16
131 20
132 20
133 11
134 7
135 2
136 2
137 0
138 1
139 0
140 0
141 0
142 0
143 1
144 0
145 0
146 0
147 0
148 0
149 0
150 0
151 0
152 0
153 0
154 0
155 0
156 0
157 0
158 1
159 2
160 5
161 2
162 1
163 0
164 0
165 0
166 1
167 2
168 0
169 0
170 0
171 1
172 1
173 1
174 0
175 0
176 0
177 0
178 0
179 0
180 1
181 1
182 2
183 1
184 1
185 2
186 1
187 2
188 0
189 0
190 1
191 0
192 0
193 0
194 0
195 0
196 0
197 0
198 1
199 2
200 0
201 0
202 0
203 0
204 0
205 0
206 0
207 0
208 0
209 0
210 0
211 0
212 0
213 0
214 0
215 0
216 1
217 3
218 2
219 0
220 0
221 0
222 0
223 0
224 1
225 3
226 5
227 7
228 10
229 10
230 8
231 5
232 8
233 11
234 14
235 17
236 20
237 24
238 24
239 28
240 21
241 23
242 23
243 37
244 42
245 44
246 34
247 32
248 39
249 38
250 43
251 55
252 53
253 48
254 45
255 58
256 66
257 67
258 70
259 68
260 61
261 73
262 70
263 71
264 69
265 72
266 66
267 74
268 75
269 72
270 76
271 78
272 54
273 61
274 59
275 40
276 44
277 35
278 38
279 50
280 51
281 42
282 33
283 28
284 36
285 37
286 35
287 31
288 41
289 38
290 27
291 26
292 25
293 22
294 22
295 23
296 24
297 18
298 23
299 18
300 18
301 22
302 24
303 29
304 35
305 42
306 42
307 42
308 43
309 34
310 31
311 23
312 26
313 29
314 23
315 28
316 34
317 37
318 32
319 33
320 35
321 29
322 23
323 20
324 28
325 27
326 25
327 27
328 23
329 22
330 13
331 13
332 15
333 14
334 8
335 10
336 12
337 11
338 9
339 8
340 9
341 13
342 13
343 14
344 16
345 10
346 14
347 16
348 14
349 18
350 22
351 28
352 31
353 28
354 24
355 24
356 26
357 21
358 12
359 3
360 3
361 2
362 2
363 3
364 1
365 1
366 2
367 2
368 0
369 0
370 0
371 0
372 0
373 0
374 1
375 1
376 2
377 3
378 3
379 4
380 3
381 6
382 5
383 9
384 7
385 7
386 6
387 7
388 6
389 5
390 6
391 9
392 7
393 3
394 8
395 12
396 16
397 21
398 22
399 22
400 32
401 43
402 36
403 42
404 49
405 48
406 45
407 49
408 47
409 43
410 40
411 33
412 34
413 34
414 31
415 47
416 40
417 39
418 35
419 37
420 36
421 46
422 45
423 48
424 38
425 38
426 40
427 43
428 38
429 38
430 41
431 49
432 39
433 38
434 46
435 50
436 41
437 39
438 32
439 41
440 44
441 39
442 39
443 47
444 39
445 37
446 39
447 36
448 37
449 45
450 48
451 55
452 44
453 45
454 33
455 31
456 29
457 29
458 18
459 15
460 17
461 24
462 22
463 24
464 17
465 18
466 21
467 25
468 32
469 47
470 42
471 44
472 42
473 40
474 48
475 53
476 45
477 45
478 40
479 47
480 42
481 45
482 43
483 38
484 38
485 28
486 18
487 16
488 14
489 14
490 11
491 19
492 20
493 18
494 18
495 15
496 16
497 17
498 23
499 17
500 13
501 13
502 16
503 23
504 23
505 19
506 17
507 13
508 17
509 14
510 15
511 17
512 15
513 16
514 10
515 11
516 8
517 13
518 23
519 18
520 18
521 13
522 13
523 7
524 4
525 1
526 0
527 0
528 0
529 0
530 0
531 0
532 1
533 2
534 5
535 5
536 5
537 2
538 0
539 0
540 0
541 0
542 0
543 0
544 0
545 2
546 0
547 0
548 0
549 0
550 0
551 0
552 0
553 0
554 0
555 0
556 0
557 0
558 0
559 0
560 0
561 0
562 0
563 0
564 1
565 1
566 1
567 2
568 0
569 0
570 0
571 0
572 1
573 2
574 2
575 0
576 0
577 0
578 0
579 0
580 0
581 0
582 0
583 0
584 0
585 0
586 1
587 1
588 1
589 0
590 1
591 2
592 2
593 3
594 3
595 2
596 3
597 2
598 2
599 2
600 4
601 7
602 7
603 8
604 6
605 8
606 5
607 5
608 7
609 11
610 5
611 3
612 4
613 2
614 2
615 3
616 4
617 8
618 12
619 13
620 12
621 14
622 18
623 17
624 23
625 29
626 19
627 18
628 15
629 17
630 15
631 12
632 11
633 10
634 7
635 9
636 13
637 8
638 3
639 5
640 6
641 5
642 6
643 8
644 11
645 12
646 13
647 17
648 14
649 16
650 14
651 16
652 19
653 22
654 18
655 19
656 18
657 17
658 20
659 28
660 23
661 21
662 27
663 22
664 20
665 27
666 27
667 27
668 31
669 28
670 27
671 27
672 24
673 32
674 33
675 26
676 32
677 33
678 36
679 36
680 41
681 43
682 49
683 53
684 60
685 67
686 66
687 53
688 47
689 50
690 45
691 48
692 43
693 33
694 40
695 41
696 45
697 39
698 43
699 40
700 38
701 29
702 34
703 28
704 22
705 27
706 27
707 41
708 41
709 36
710 39
711 42
712 38
713 37
714 38
715 33
716 40
717 42
718 41
719 46
720 39
721 45
722 50
723 48
724 51
725 38
726 37
727 29
728 28
729 30
730 28
731 27
732 37
733 31
734 44
735 47
736 51
737 53
738 51
739 57
740 58
741 80
742 70
743 78
744 86
745 94
746 105
747 100
748 100
749 100
750 104
751 97
752 100
753 94
754 79
755 71
756 76
757 85
758 76
759 79
760 90
761 82
762 84
763 96
764 87
765 95
766 95
767 102
768 90
769 85
770 103
771 102
772 100
773 88
774 75
775 75
776 67
777 74
778 82
779 67
780 56
781 53
782 53
783 48
784 60
785 70
786 69
787 62
788 57
789 63
790 62
791 57
792 72
793 81
794 72
795 72
796 77
797 73
798 71
799 76
800 73
801 69
802 71
803 83
804 88
805 86
806 94
807 111
808 120
809 109
810 115
811 121
812 116
813 118
814 125
815 145
816 153
817 157
818 160
819 171
820 160
821 160
822 149
823 139
824 136
825 131
826 135
827 120
828 116
829 132
830 129
831 135
832 133
833 139
834 123
835 123
836 128
837 132
838 142
839 150
840 163
841 158
842 165
843 157
844 140
845 144
846 152
847 171
848 163
849 139
850 135
851 137
852 128
853 127
854 116
855 122
856 128
857 116
858 111
859 131
860 136
861 168
862 156
863 143
864 143
865 155
866 164
867 167
868 150
869 142
870 138
871 137
872 125
873 117
874 108
875 111
876 104
877 115
878 98
879 82
880 81
881 60
882 71
883 68
884 73
885 65
886 62
887 57
888 68
889 71
890 74
891 81
892 84
893 95
894 92
895 87
896 97
897 112
898 114
899 114
900 131
901 124
902 118
903 120
904 120
905 138
906 142
907 125
908 128
909 133
910 131
911 127
912 116
913 108
914 119
915 124
916 135
917 150
918 152
919 171
920 168
921 159
922 162
923 159
924 149
925 158
926 128
927 107
928 115
929 127
930 125
931 127
932 126
933 133
934 114
935 115
936 120
937 116
938 130
939 151
940 159
941 140
942 127
943 140
944 134
945 137
946 140
947 156
948 174
949 188
950 188
951 179
952 155
953 145
954 137
955 150
956 142
957 150
958 144
959 151
960 146
961 171
962 190
963 186
964 174
965 156
966 166
967 169
968 188
969 185
970 200
971 212
972 205
973 217
974 202
975 216
976 220
977 235
978 205
979 224
980 215
981 210
982 219
983 203
984 188
985 198
986 181
987 139
988 131
989 139
990 143
991 138
992 136
993 145
994 165
995 181
996 212
997 236
998 211
999 233
1000 216
