1 0
2 0
3 0
4 0
5 1
6 1
7 0
8 1
9 2
10 1
11 2
12 1
13 0
14 0
15 0
16 0
17 0
18 0
19 0
20 0
21 1
22 3
23 1
24 0
25 0
26 0
27 3
28 1
29 0
30 1
31 0
32 1
33 1
34 1
35 1
36 1
37 3
38 5
39 4
40 7
41 4
42 5
43 8
44 9
45 6
46 7
47 12
48 12
49 11
50 11
51 12
52 14
53 17
54 17
55 19
56 19
57 16
58 20
59 18
60 13
61 13
62 12
63 13
64 14
65 11
66 13
67 15
68 11
69 13
70 16
71 13
72 16
73 11
74 8
75 16
76 16
77 17
78 14
79 21
80 20
81 21
82 32
83 40
84 31
85 25
86 31
87 34
88 26
89 32
90 24
91 23
92 18
93 22
94 25
95 26
96 25
97 15
98 14
99 11
100 7
101 4
102 2
103 0
104 1
105 0
106 0
107 0
108 0
109 0
110 0
111 1
112 0
113 0
114 0
115 0
116 0
117 0
118 1
119 1
120 2
121 5
122 5
123 5
124 5
125 7
126 7
127 7
128 13
129 18
130 21
131 23
132 24
133 19
134 18
135 23
136 17
137 15
138 15
139 14
140 19
141 26
142 28
143 26
144 28
145 30
146 35
147 34
148 36
149 41
150 34
151 35
152 44
153 38
154 35
155 42
156 40
157 42
158 46
159 55
160 52
161 50
162 61
163 57
164 44
165 46
166 38
167 31
168 37
169 23
170 17
171 20
172 15
173 24
174 26
175 27
176 22
177 21
178 20
179 23
180 24
181 18
182 16
183 13
184 10
185 11
186 4
187 3
188 1
189 1
190 1
191 1
192 0
193 0
194 0
195 0
196 2
197 3
198 7
199 2
200 3
201 2
202 2
203 3
204 5
205 5
206 6
207 8
208 13
209 8
210 7
211 6
212 5
213 7
214 8
215 9
216 9
217 5
218 2
219 1
220 0
221 0
222 1
223 1
224 1
225 1
226 0
227 0
228 1
229 1
230 1
231 2
232 0
233 0
234 1
235 0
236 2
237 2
238 3
239 1
240 1
241 0
242 0
243 0
244 1
245 1
246 2
247 1
248 0
249 0
250 0
251 0
252 0
253 0
254 0
255 0
256 0
257 0
258 0
259 0
260 1
261 2
262 4
263 8
264 8
265 13
266 14
267 11
268 18
269 19
270 17
271 21
272 11
273 6
274 5
275 4
276 5
277 6
278 6
279 6
280 9
281 8
282 4
283 3
284 2
285 3
286 4
287 1
288 0
289 0
290 0
291 0
292 0
293 0
294 0
295 0
296 1
297 3
298 1
299 1
300 2
301 1
302 1
303 3
304 4
305 3
306 3
307 2
308 4
309 6
310 2
311 3
312 3
313 3
314 1
315 1
316 3
317 1
318 1
319 1
320 1
321 0
322 0
323 0
324 0
325 0
326 0
327 0
328 1
329 0
330 0
331 0
332 0
333 0
334 0
335 0
336 0
337 0
338 1
339 1
340 3
341 5
342 8
343 3
344 2
345 1
346 0
347 0
348 0
349 0
350 0
351 0
352 0
353 2
354 2
355 2
356 2
357 0
358 0
359 0
360 0
361 0
362 0
363 0
364 0
365 0
366 0
367 0
368 0
369 1
370 0
371 0
372 1
373 1
374 1
375 0
376 0
377 0
378 0
379 1
380 0
381 0
382 1
383 0
384 0
385 1
386 0
387 0
388 0
389 1
390 0
391 0
392 1
393 0
394 0
395 0
396 1
397 0
398 0
399 0
400 0
401 0
402 0
403 0
404 0
405 0
406 1
407 0
408 0
409 1
410 1
411 1
412 1
413 2
414 0
415 0
416 0
417 0
418 0
419 0
420 0
421 0
422 0
423 0
424 0
425 0
426 0
427 1
428 0
429 0
430 0
431 0
432 0
433 0
434 0
435 0
436 0
437 0
438 1
439 0
440 1
441 1
442 3
443 5
444 3
445 1
446 1
447 2
448 2
449 2
450 5
451 8
452 6
453 9
454 6
455 10
456 12
457 10
458 18
459 22
460 19
461 23
462 25
463 21
464 21
465 18
466 18
467 18
468 24
469 28
470 36
471 38
472 30
473 32
474 28
475 27
476 38
477 37
478 37
479 36
480 32
481 28
482 26
483 21
484 22
485 25
486 36
487 34
488 36
489 47
490 50
491 46
492 47
493 47
494 50
495 51
496 46
497 53
498 62
499 65
500 60
501 49
502 42
503 53
504 54
505 56
506 60
507 47
508 50
509 44
510 42
511 20
512 19
513 22
514 19
515 13
516 8
517 4
518 6
519 4
520 7
521 6
522 7
523 7
524 5
525 7
526 8
527 9
528 10
529 7
530 10
531 6
532 7
533 11
534 15
535 14
536 17
537 17
538 20
539 22
540 14
541 15
542 14
543 15
544 29
545 29
546 21
547 19
548 15
549 20
550 25
551 22
552 28
553 25
554 25
555 25
556 22
557 23
558 29
559 22
560 28
561 27
562 30
563 32
564 31
565 30
566 32
567 30
568 27
569 29
570 27
571 24
572 19
573 26
574 35
575 38
576 36
577 38
578 33
579 25
580 25
581 32
582 35
583 33
584 34
585 27
586 17
587 14
588 15
589 11
590 9
591 10
592 5
593 6
594 8
595 8
596 9
597 12
598 16
599 15
600 16
601 16
602 16
603 11
604 15
605 18
606 29
607 30
608 29
609 29
610 24
611 17
612 19
613 21
614 21
615 23
616 24
617 27
618 21
619 17
620 15
621 16
622 17
623 11
624 12
625 6
626 3
627 4
628 3
629 3
630 1
631 0
632 0
633 0
634 0
635 0
636 0
637 0
638 0
639 1
640 3
641 4
642 4
643 5
644 9
645 8
646 9
647 9
648 9
649 11
650 15
651 8
652 9
653 10
654 8
655 10
656 10
657 10
658 17
659 13
660 10
661 6
662 12
663 13
664 20
665 22
666 19
667 17
668 15
669 7
670 4
671 2
672 1
673 2
674 2
675 4
676 7
677 7
678 9
679 4
680 5
681 8
682 4
683 3
684 2
685 2
686 1
687 4
688 2
689 4
690 6
691 5
692 2
693 3
694 5
695 5
696 2
697 1
698 1
699 0
700 0
701 0
702 0
703 0
704 0
705 0
706 2
707 4
708 4
709 2
710 2
711 2
712 1
713 2
714 2
715 4
716 4
717 6
718 2
719 1
720 0
721 0
722 0
723 0
724 1
725 2
726 4
727 3
728 1
729 1
730 2
731 3
732 1
733 1
734 1
735 2
736 2
737 1
738 1
739 0
740 0
741 0
742 0
743 0
744 0
745 0
746 1
747 0
748 0
749 1
750 2
751 1
752 1
753 0
754 1
755 5
756 4
757 2
758 3
759 5
760 1
761 1
762 2
763 1
764 1
765 2
766 3
767 3
768 3
769 5
770 4
771 2
772 3
773 3
774 0
775 0
776 1
777 3
778 3
779 2
780 1
781 1
782 0
783 0
784 0
785 0
786 2
787 2
788 0
789 0
790 1
791 3
792 4
793 8
794 4
795 4
796 1
797 0
798 0
799 0
800 1
801 1
802 4
803 4
804 4
805 3
806 2
807 2
808 5
809 6
810 4
811 2
812 3
813 1
814 3
815 6
816 8
817 9
818 3
819 0
820 0
821 0
822 1
823 1
824 1
825 1
826 0
827 0
828 0
829 1
830 2
831 3
832 4
833 2
834 4
835 3
836 4
837 3
838 4
839 6
840 5
841 4
842 3
843 5
844 2
845 0
846 1
847 0
848 0
849 0
850 0
851 0
852 0
853 0
854 0
855 1
856 2
857 0
858 0
859 0
860 0
861 0
862 1
863 2
864 2
865 2
866 0
867 0
868 0
869 0
870 0
871 0
872 0
873 0
874 0
875 1
876 0
877 0
878 0
879 0
880 0
881 0
882 1
883 1
884 4
885 3
886 5
887 5
888 6
889 4
890 5
891 2
892 3
893 2
894 2
895 1
896 3
897 7
898 14
899 14
900 12
901 10
902 8
903 12
904 13
905 16
906 20
907 17
908 21
909 22
910 23
911 26
912 28
913 30
914 26
915 29
916 24
917 24
918 22
919 29
920 28
921 27
922 26
923 20
924 28
925 29
926 32
927 35
928 46
929 42
930 40
931 42
932 49
933 52
934 46
935 57
936 47
937 41
938 40
939 44
940 42
941 44
942 45
943 48
944 46
945 31
946 35
947 41
948 35
949 34
950 35
951 36
952 46
953 61
954 61
955 50
956 43
957 43
958 37
959 42
960 34
961 36
962 31
963 27
964 23
965 18
966 21
967 16
968 12
969 12
970 13
971 10
972 10
973 12
974 13
975 15
976 19
977 13
978 19
979 21
980 20
981 21
982 14
983 18
984 7
985 15
986 15
987 13
988 11
989 13
990 11
991 4
992 5
993 5
994 6
995 6
996 7
997 7
998 10
999 12
1000 14
