1 1
2 0
3 1
4 2
5 2
6 4
7 7
8 8
9 9
10 16
11 19
12 19
13 16
14 20
15 19
16 13
17 12
18 11
19 9
20 8
21 7
22 17
23 19
24 15
25 15
26 17
27 21
28 21
29 17
30 19
31 16
32 20
33 21
34 28
35 42
36 54
37 62
38 62
39 66
40 55
41 56
42 58
43 67
44 88
45 79
46 78
47 97
48 95
49 104
50 115
51 112
52 124
53 128
54 125
55 115
56 129
57 119
58 139
59 144
60 126
61 132
62 122
63 133
64 134
65 148
66 161
67 161
68 167
69 174
70 155
71 170
72 160
73 171
74 162
75 162
76 182
77 207
78 191
79 161
80 180
81 196
82 203
83 194
84 211
85 187
86 193
87 200
88 184
89 174
90 177
91 193
92 215
93 228
94 220
95 215
96 228
97 241
98 250
99 256
100 244
101 235
102 243
103 243
104 262
105 276
106 290
107 304
108 297
109 310
110 320
111 291
112 327
113 306
114 305
115 294
116 313
117 310
118 312
119 331
120 353
121 375
122 371
123 382
124 398
125 409
126 353
127 354
128 354
129 382
130 371
131 373
132 372
133 326
134 326
135 338
136 320
137 329
138 316
139 334
140 300
141 309
142 305
143 302
144 290
145 280
146 257
147 248
148 252
149 248
150 257
151 240
152 257
153 259
154 278
155 303
156 285
157 289
158 326
159 317
160 319
161 310
162 335
163 354
164 344
165 380
166 353
167 347
168 337
169 355
170 339
171 366
172 354
173 343
174 375
175 391
176 339
177 320
178 308
179 314
180 321
181 298
182 297
183 329
184 331
185 334
186 357
187 318
188 311
189 292
190 289
191 305
192 322
193 305
194 271
195 282
196 292
197 312
198 331
199 362
200 368
201 362
202 366
203 358
204 360
205 359
206 339
207 372
208 377
209 389
210 379
211 368
212 344
213 354
214 364
215 376
216 378
217 396
218 433
219 410
220 396
221 371
222 368
223 402
224 444
225 445
226 442
227 486
228 536
229 543
230 533
231 535
232 515
233 505
234 513
235 476
236 478
237 519
238 571
239 575
240 595
241 589
242 589
243 615
244 644
245 643
246 660
247 676
248 677
249 668
250 676
251 658
252 667
253 673
254 664
255 658
256 599
257 642
258 618
259 626
260 647
261 631
262 652
263 670
264 691
265 668
266 667
267 691
268 727
269 714
270 684
271 658
272 711
273 699
274 756
275 785
276 790
277 772
278 782
279 779
280 806
281 796
282 833
283 808
284 843
285 836
286 931
287 912
288 901
289 883
290 877
291 860
292 790
293 769
294 721
295 695
296 743
297 698
298 683
299 693
300 728
301 778
302 784
303 772
304 793
305 819
306 790
307 813
308 818
309 811
310 821
311 804
312 790
313 797
314 849
315 816
316 772
317 792
318 790
319 762
320 783
321 793
322 829
323 785
324 798
325 823
326 805
327 818
328 806
329 807
330 824
331 807
332 815
333 810
334 825
335 777
336 833
337 811
338 796
339 784
340 796
341 817
342 807
343 850
344 878
345 870
346 866
347 848
348 859
349 870
350 899
351 895
352 902
353 958
354 974
355 993
356 1009
357 1038
358 1021
359 1049
360 1067
361 1070
362 1118
363 1115
364 1143
365 1112
366 1153
367 1095
368 1078
369 1108
370 1091
371 1084
372 1111
373 1054
374 1072
375 1027
376 1003
377 1004
378 1013
379 1027
380 1057
381 1088
382 1107
383 1089
384 1089
385 1090
386 1101
387 1170
388 1208
389 1185
390 1200
391 1165
392 1159
393 1147
394 1098
395 1091
396 1091
397 1081
398 1053
399 1076
400 1137
401 1140
402 1108
403 1150
404 1223
405 1215
406 1274
407 1290
408 1265
409 1277
410 1284
411 1297
412 1345
413 1344
414 1347
415 1358
416 1354
417 1364
418 1385
419 1374
420 1413
421 1365
422 1413
423 1383
424 1370
425 1453
426 1476
427 1475
428 1498
429 1549
430 1537
431 1513
432 1501
433 1487
434 1459
435 1487
436 1433
437 1379
438 1401
439 1482
440 1504
441 1459
442 1449
443 1446
444 1438
445 1425
446 1468
447 1450
448 1411
449 1375
450 1379
451 1369
452 1324
453 1283
454 1287
455 1283
456 1319
457 1310
458 1301
459 1325
460 1322
461 1306
462 1295
463 1350
464 1347
465 1396
466 1389
467 1387
468 1418
469 1431
470 1423
471 1447
472 1440
473 1457
474 1456
475 1484
476 1477
477 1433
478 1395
479 1400
480 1355
481 1384
482 1398
483 1443
484 1403
485 1380
486 1348
487 1342
488 1345
489 1267
490 1304
491 1313
492 1321
493 1338
494 1355
495 1297
496 1321
497 1282
498 1363
499 1357
500 1348
501 1388
502 1353
503 1407
504 1402
505 1374
506 1340
507 1310
508 1271
509 1269
510 1287
511 1294
512 1338
513 1305
514 1263
515 1301
516 1296
517 1318
518 1344
519 1342
520 1365
521 1359
522 1350
523 1367
524 1341
525 1374
526 1323
527 1304
528 1287
529 1366
530 1392
531 1391
532 1356
533 1352
534 1391
535 1317
536 1251
537 1245
538 1236
539 1233
540 1276
541 1259
542 1259
543 1354
544 1403
545 1381
546 1342
547 1402
548 1376
549 1393
550 1420
551 1357
552 1366
553 1364
554 1423
555 1397
556 1319
557 1308
558 1302
559 1304
560 1343
561 1312
562 1337
563 1363
564 1421
565 1340
566 1369
567 1357
568 1380
569 1370
570 1410
571 1448
572 1466
573 1557
574 1539
575 1570
576 1554
577 1551
578 1560
579 1585
580 1486
581 1546
582 1555
583 1529
584 1456
585 1405
586 1398
587 1454
588 1459
589 1455
590 1473
591 1440
592 1438
593 1454
594 1502
595 1514
596 1457
597 1502
598 1540
599 1624
600 1661
601 1693
602 1665
603 1729
604 1725
605 1718
606 1760
607 1745
608 1753
609 1760
610 1798
611 1798
612 1835
613 1869
614 1833
615 1740
616 1683
617 1749
618 1774
619 1786
620 1774
621 1791
622 1774
623 1716
624 1707
625 1711
626 1728
627 1788
628 1797
629 1775
630 1824
631 1933
632 1923
633 1830
634 1783
635 1843
636 1830
637 1843
638 1908
639 2023
640 2040
641 2105
642 2203
643 2236
644 2188
645 2255
646 2323
647 2324
648 2310
649 2385
650 2338
651 2429
652 2449
653 2496
654 2491
655 2599
656 2681
657 2728
658 2744
659 2654
660 2613
661 2549
662 2566
663 2542
664 2641
665 2723
666 2694
667 2729
668 2739
669 2755
670 2816
671 2810
672 2775
673 2716
674 2702
675 2560
676 2536
677 2508
678 2494
679 2562
680 2578
681 2683
682 2586
683 2564
684 2548
685 2569
686 2494
687 2530
688 2551
689 2556
690 2528
691 2584
692 2652
693 2620
694 2653
695 2605
696 2703
697 2807
698 2729
699 2645
700 2676
701 2692
702 2719
703 2692
704 2703
705 2704
706 2750
707 2785
708 2724
709 2687
710 2757
711 2861
712 2982
713 2925
714 2938
715 2923
716 2874
717 2875
718 2837
719 2863
720 2915
721 2928
722 2954
723 2987
724 2875
725 2953
726 2923
727 2981
728 3063
729 3147
730 3122
731 3131
732 3139
733 3126
734 3082
735 3188
736 3164
737 3090
738 3074
739 3043
740 3166
741 3144
742 3173
743 3121
744 3056
745 3139
746 3213
747 3262
748 3123
749 3171
750 3202
751 3116
752 3081
753 3095
754 3055
755 3028
756 3024
757 2935
758 2913
759 2743
760 2745
761 2820
762 2769
763 2835
764 2853
765 2875
766 2820
767 2749
768 2809
769 2830
770 2771
771 2709
772 2744
773 2736
774 2701
775 2657
776 2631
777 2662
778 2608
779 2544
780 2553
781 2401
782 2503
783 2513
784 2547
785 2608
786 2552
787 2555
788 2554
789 2555
790 2600
791 2627
792 2635
793 2678
794 2693
795 2664
796 2690
797 2621
798 2685
799 2720
800 2698
801 2775
802 2711
803 2812
804 2825
805 2819
806 2862
807 2919
808 2872
809 2856
810 2820
811 2740
812 2715
813 2678
814 2626
815 2649
816 2653
817 2659
818 2618
819 2605
820 2603
821 2575
822 2615
823 2582
824 2550
825 2589
826 2647
827 2760
828 2775
829 2706
830 2673
831 2675
832 2708
833 2738
834 2733
835 2733
836 2771
837 2705
838 2709
839 2720
840 2723
841 2704
842 2734
843 2772
844 2811
845 2918
846 2911
847 2893
848 2872
849 2904
850 2979
851 3045
852 2955
853 2915
854 2884
855 2872
856 2809
857 2827
858 2857
859 2843
860 2807
861 2888
862 2909
863 2961
864 3017
865 2960
866 2989
867 2989
868 2925
869 2910
870 2857
871 2844
872 2847
873 3004
874 3017
875 3050
876 3120
877 3111
878 3166
879 3081
880 3161
881 3156
882 3197
883 3209
884 3271
885 3275
886 3336
887 3199
888 3238
889 3340
890 3298
891 3414
892 3343
893 3317
894 3361
895 3331
896 3289
897 3241
898 3122
899 2972
900 2955
901 2926
902 2952
903 2976
904 2928
905 2932
906 2965
907 3108
908 3063
909 2934
910 3036
911 3080
912 3074
913 3064
914 3102
915 3145
916 3137
917 3157
918 3162
919 3174
920 3175
921 3135
922 3104
923 3172
924 3162
925 3174
926 3271
927 3259
928 3300
929 3293
930 3291
931 3319
932 3308
933 3273
934 3274
935 3264
936 3292
937 3364
938 3301
939 3283
940 3258
941 3117
942 3253
943 3164
944 3139
945 3142
946 3184
947 3189
948 3154
949 3124
950 3039
951 2976
952 2915
953 2891
954 2882
955 2854
956 2841
957 2802
958 2758
959 2691
960 2683
961 2683
962 2639
963 2566
964 2556
965 2522
966 2495
967 2442
968 2440
969 2354
970 2306
971 2250
972 2294
973 2219
974 2219
975 2192
976 2159
977 2215
978 2202
979 2227
980 2210
981 2289
982 2277
983 2266
984 2249
985 2231
986 2243
987 2168
988 2113
989 2124
990 2062
991 2117
992 2117
993 2004
994 2018
995 2048
996 1976
997 1969
998 2067
999 2062
1000 2087
