1 0
2 4
3 6
4 7
5 12
6 14
7 14
8 23
9 30
10 40
11 58
12 46
13 45
14 40
15 37
16 46
17 55
18 55
19 46
20 51
21 59
22 54
23 57
24 61
25 73
26 76
27 74
28 102
29 94
30 80
31 82
32 86
33 73
34 83
35 88
36 77
37 74
38 76
39 74
40 72
41 67
42 71
43 81
44 74
45 72
46 77
47 84
48 87
49 104
50 79
51 90
52 99
53 114
54 140
55 136
56 132
57 122
58 114
59 103
60 119
61 110
62 120
63 123
64 142
65 151
66 165
67 156
68 145
69 143
70 167
71 172
72 180
73 190
74 191
75 190
76 177
77 175
78 164
79 146
80 138
81 133
82 119
83 142
84 131
85 147
86 172
87 169
88 178
89 184
90 191
91 201
92 219
93 215
94 208
95 200
96 207
97 214
98 227
99 227
100 227
101 225
102 240
103 241
104 236
105 223
106 208
107 232
108 225
109 212
110 200
111 211
112 233
113 248
114 275
115 258
116 264
117 270
118 238
119 240
120 277
121 282
122 281
123 272
124 258
125 246
126 250
127 210
128 224
129 241
130 241
131 234
132 211
133 225
134 242
135 219
136 205
137 207
138 166
139 188
140 188
141 215
142 224
143 249
144 231
145 239
146 267
147 272
148 268
149 258
150 263
151 261
152 269
153 270
154 261
155 253
156 245
157 255
158 257
159 248
160 230
161 232
162 243
163 239
164 216
165 226
166 244
167 246
168 267
169 275
170 296
171 287
172 282
173 306
174 298
175 275
176 294
177 294
178 302
179 286
180 284
181 291
182 327
183 339
184 359
185 380
186 423
187 424
188 406
189 392
190 371
191 348
192 334
193 351
194 338
195 362
196 355
197 366
198 382
199 424
200 418
201 441
202 462
203 453
204 451
205 481
206 518
207 505
208 516
209 517
210 529
211 554
212 562
213 595
214 533
215 524
216 564
217 571
218 546
219 564
220 603
221 584
222 581
223 540
224 538
225 505
226 512
227 487
228 473
229 468
230 453
231 460
232 445
233 453
234 446
235 415
236 403
237 379
238 377
239 364
240 381
241 368
242 388
243 409
244 405
245 403
246 397
247 393
248 407
249 398
250 434
251 417
252 379
253 364
254 317
255 315
256 322
257 340
258 369
259 370
260 387
261 387
262 339
263 343
264 374
265 362
266 354
267 351
268 359
269 336
270 336
271 317
272 313
273 346
274 348
275 355
276 357
277 363
278 376
279 372
280 399
281 386
282 382
283 373
284 382
285 385
286 407
287 384
288 441
289 440
290 455
291 448
292 441
293 446
294 435
295 419
296 420
297 421
298 414
299 407
300 375
301 386
302 397
303 375
304 388
305 379
306 368
307 364
308 387
309 366
310 362
311 350
312 342
313 315
314 300
315 337
316 325
317 348
318 358
319 367
320 357
321 357
322 358
323 336
324 354
325 348
326 362
327 402
328 383
329 387
330 407
331 413
332 445
333 397
334 429
335 468
336 443
337 485
338 457
339 448
340 440
341 446
342 451
343 402
344 354
345 346
346 340
347 346
348 343
349 316
350 288
351 286
352 268
353 273
354 260
355 240
356 259
357 265
358 245
359 284
360 281
361 267
362 268
363 279
364 284
365 270
366 277
367 283
368 294
369 304
370 313
371 294
372 291
373 316
374 324
375 337
376 332
377 344
378 346
379 328
380 342
381 332
382 353
383 363
384 326
385 311
386 310
387 298
388 288
389 293
390 297
391 307
392 300
393 294
394 307
395 293
396 298
397 314
398 296
399 290
400 293
401 295
402 299
403 272
404 274
405 269
406 287
407 290
408 299
409 323
410 299
411 307
412 285
413 297
414 317
415 348
416 370
417 364
418 356
419 339
420 307
421 307
422 333
423 303
424 300
425 308
426 316
427 293
428 283
429 283
430 266
431 261
432 236
433 231
434 240
435 256
436 247
437 265
438 287
439 261
440 247
441 253
442 239
443 229
444 253
445 263
446 261
447 261
448 267
449 287
450 300
451 308
452 315
453 342
454 348
455 380
456 362
457 348
458 342
459 332
460 318
461 303
462 320
463 334
464 346
465 345
466 374
467 377
468 407
469 409
470 426
471 415
472 426
473 447
474 502
475 495
476 496
477 517
478 572
479 569
480 559
481 550
482 531
483 567
484 567
485 532
486 544
487 520
488 544
489 529
490 553
491 575
492 613
493 591
494 626
495 613
496 611
497 595
498 582
499 567
500 554
501 522
502 517
503 490
504 496
505 507
506 519
507 533
508 538
509 526
510 532
511 522
512 533
513 495
514 477
515 462
516 496
517 513
518 502
519 479
520 491
521 464
522 486
523 502
524 547
525 550
526 586
527 586
528 627
529 632
530 617
531 609
532 614
533 659
534 682
535 680
536 711
537 692
538 640
539 645
540 643
541 660
542 655
543 647
544 687
545 638
546 648
547 625
548 631
549 624
550 625
551 638
552 629
553 647
554 652
555 698
556 703
557 702
558 717
559 743
560 721
561 730
562 742
563 733
564 720
565 699
566 672
567 712
568 679
569 690
570 688
571 637
572 604
573 577
574 566
575 559
576 580
577 614
578 620
579 591
580 554
581 591
582 558
583 597
584 562
585 528
586 507
587 502
588 485
589 482
590 483
591 462
592 462
593 448
594 441
595 443
596 435
597 424
598 440
599 424
600 398
601 402
602 410
603 425
604 448
605 477
606 459
607 462
608 498
609 515
610 480
611 447
612 484
613 487
614 459
615 456
616 433
617 449
618 443
619 454
620 468
621 471
622 483
623 491
624 525
625 547
626 593
627 618
628 619
629 585
630 588
631 630
632 631
633 666
634 673
635 688
636 675
637 677
638 696
639 727
640 739
641 770
642 780
643 782
644 802
645 842
646 827
647 804
648 811
649 820
650 854
651 907
652 918
653 931
654 893
655 923
656 932
657 935
658 925
659 903
660 904
661 911
662 899
663 926
664 947
665 980
666 973
667 1039
668 984
669 986
670 1020
671 1019
672 999
673 969
674 956
675 950
676 894
677 876
678 870
679 883
680 892
681 869
682 855
683 864
684 912
685 893
686 852
687 867
688 886
689 906
690 899
691 894
692 928
693 892
694 918
695 948
696 974
697 1010
698 1047
699 1062
700 1065
701 994
702 983
703 1020
704 1018
705 1007
706 974
707 1001
708 989
709 1003
710 1011
711 976
712 960
713 1002
714 969
715 930
716 944
717 892
718 901
719 870
720 846
721 861
722 848
723 838
724 867
725 873
726 865
727 872
728 902
729 877
730 851
731 880
732 891
733 945
734 966
735 1002
736 1031
737 1021
738 1010
739 967
740 989
741 991
742 981
743 1038
744 1081
745 1132
746 1188
747 1148
748 1107
749 1142
750 1137
751 1120
752 1134
753 1108
754 1151
755 1100
756 1023
757 1057
758 1075
759 1047
760 1022
761 1042
762 1041
763 1082
764 1022
765 1001
766 996
767 1008
768 971
769 979
770 965
771 995
772 977
773 1012
774 1007
775 1058
776 1029
777 1020
778 994
779 1067
780 1080
781 1042
782 1049
783 1055
784 1020
785 1050
786 1070
787 1080
788 1075
789 1071
790 1086
791 1074
792 1077
793 1043
794 1019
795 1032
796 1077
797 1085
798 1172
799 1193
800 1174
801 1242
802 1208
803 1248
804 1248
805 1256
806 1235
807 1247
808 1212
809 1284
810 1327
811 1352
812 1405
813 1387
814 1389
815 1381
816 1390
817 1368
818 1390
819 1397
820 1377
821 1416
822 1426
823 1413
824 1485
825 1513
826 1451
827 1453
828 1432
829 1419
830 1437
831 1402
832 1368
833 1463
834 1463
835 1499
836 1508
837 1547
838 1592
839 1545
840 1514
841 1559
842 1556
843 1593
844 1541
845 1534
846 1556
847 1524
848 1508
849 1535
850 1514
851 1573
852 1542
853 1532
854 1467
855 1438
856 1444
857 1465
858 1474
859 1517
860 1465
861 1424
862 1483
863 1534
864 1531
865 1538
866 1512
867 1470
868 1487
869 1485
870 1525
871 1566
872 1559
873 1567
874 1600
875 1650
876 1597
877 1550
878 1564
879 1554
880 1534
881 1557
882 1586
883 1600
884 1632
885 1670
886 1740
887 1785
888 1753
889 1729
890 1693
891 1699
892 1749
893 1775
894 1841
895 1917
896 1807
897 1776
898 1782
899 1833
900 1817
901 1833
902 1874
903 1934
904 1887
905 1852
906 1926
907 1934
908 1845
909 1837
910 1871
911 1971
912 1959
913 1982
914 1980
915 1893
916 1927
917 1972
918 2046
919 1984
920 1964
921 1986
922 1961
923 1813
924 1863
925 1876
926 1914
927 1854
928 1892
929 1834
930 1743
931 1678
932 1692
933 1661
934 1623
935 1629
936 1658
937 1665
938 1680
939 1657
940 1679
941 1744
942 1757
943 1891
944 1911
945 1950
946 1925
947 2049
948 2052
949 2081
950 2131
951 2128
952 2044
953 1960
954 2026
955 2021
956 2046
957 1976
958 1950
959 1846
960 1868
961 1940
962 1931
963 1930
964 1900
965 1912
966 1959
967 2055
968 2079
969 2108
970 2120
971 2110
972 2084
973 2101
974 2089
975 2189
976 2112
977 2140
978 2122
979 2079
980 2140
981 2166
982 2137
983 2105
984 2064
985 2090
986 2104
987 1994
988 1979
989 1975
990 2091
991 2099
992 2125
993 2162
994 2290
995 2246
996 2228
997 2185
998 2145
999 2180
1000 2144
