1 1
2 3
3 5
4 6
5 8
6 13
7 16
8 7
9 12
10 13
11 18
12 9
13 6
14 14
15 25
16 26
17 27
18 35
19 37
20 38
21 52
22 55
23 54
24 60
25 62
26 57
27 65
28 54
29 50
30 61
31 61
32 64
33 70
34 68
35 64
36 62
37 53
38 56
39 52
40 49
41 49
42 45
43 53
44 54
45 56
46 52
47 62
48 86
49 113
50 124
51 121
52 119
53 107
54 107
55 110
56 114
57 120
58 130
59 137
60 143
61 150
62 143
63 160
64 167
65 176
66 172
67 148
68 140
69 154
70 167
71 163
72 166
73 167
74 161
75 175
76 197
77 199
78 187
79 201
80 199
81 212
82 215
83 199
84 211
85 237
86 222
87 189
88 188
89 206
90 207
91 211
92 212
93 187
94 200
95 199
96 225
97 225
98 224
99 214
100 196
101 195
102 199
103 225
104 227
105 226
106 241
107 233
108 273
109 286
110 290
111 318
112 314
113 337
114 321
115 288
116 270
117 263
118 262
119 247
120 273
121 241
122 219
123 217
124 243
125 239
126 233
127 225
128 213
129 218
130 241
131 246
132 246
133 249
134 248
135 246
136 243
137 260
138 264
139 258
140 266
141 265
142 257
143 270
144 271
145 253
146 234
147 251
148 263
149 261
150 250
151 260
152 273
153 282
154 293
155 305
156 296
157 302
158 295
159 288
160 284
161 301
162 292
163 310
164 334
165 330
166 333
167 291
168 286
169 290
170 287
171 286
172 291
173 327
174 354
175 363
176 384
177 391
178 392
179 401
180 395
181 406
182 428
183 446
184 466
185 453
186 488
187 493
188 479
189 476
190 467
191 463
192 475
193 449
194 464
195 491
196 459
197 466
198 475
199 467
200 502
201 525
202 548
203 585
204 551
205 536
206 534
207 485
208 488
209 489
210 494
211 522
212 518
213 568
214 546
215 571
216 570
217 570
218 550
219 575
220 572
221 577
222 548
223 580
224 587
225 592
226 572
227 611
228 592
229 614
230 609
231 643
232 639
233 649
234 646
235 640
236 674
237 735
238 773
239 763
240 769
241 757
242 778
243 770
244 764
245 769
246 755
247 804
248 761
249 802
250 768
251 781
252 782
253 772
254 772
255 769
256 777
257 757
258 750
259 705
260 703
261 703
262 691
263 684
264 670
265 625
266 604
267 626
268 647
269 606
270 607
271 585
272 617
273 624
274 621
275 634
276 644
277 653
278 676
279 656
280 651
281 631
282 611
283 582
284 574
285 572
286 545
287 571
288 598
289 614
290 642
291 667
292 672
293 704
294 679
295 673
296 636
297 568
298 583
299 583
300 593
301 604
302 634
303 631
304 641
305 630
306 626
307 603
308 572
309 554
310 561
311 549
312 523
313 572
314 577
315 598
316 634
317 644
318 698
319 735
320 749
321 740
322 729
323 688
324 669
325 675
326 698
327 649
328 646
329 668
330 646
331 676
332 676
333 748
334 761
335 790
336 843
337 822
338 769
339 740
340 728
341 735
342 742
343 747
344 738
345 721
346 731
347 750
348 779
349 727
350 682
351 686
352 718
353 740
354 737
355 722
356 622
357 629
358 634
359 610
360 652
361 655
362 608
363 577
364 563
365 571
366 540
367 521
368 534
369 536
370 508
371 532
372 525
373 521
374 549
375 518
376 519
377 514
378 524
379 555
380 575
381 554
382 554
383 524
384 566
385 575
386 551
387 585
388 603
389 564
390 557
391 591
392 599
393 549
394 539
395 542
396 559
397 533
398 564
399 546
400 536
401 551
402 546
403 509
404 496
405 472
406 447
407 442
408 455
409 438
410 428
411 425
412 406
413 418
414 371
415 350
416 364
417 372
418 359
419 336
420 326
421 301
422 306
423 299
424 308
425 281
426 299
427 285
428 268
429 314
430 311
431 305
432 312
433 327
434 350
435 354
436 324
437 340
438 345
439 342
440 330
441 315
442 330
443 376
444 393
445 383
446 384
447 354
448 339
449 381
450 390
451 385
452 378
453 358
454 344
455 322
456 320
457 283
458 277
459 282
460 246
461 249
462 216
463 229
464 227
465 249
466 243
467 230
468 235
469 210
470 192
471 196
472 203
473 203
474 189
475 193
476 178
477 194
478 201
479 218
480 232
481 239
482 256
483 242
484 236
485 261
486 259
487 258
488 253
489 243
490 245
491 235
492 237
493 236
494 230
495 267
496 252
497 271
498 272
499 289
500 312
501 327
502 304
503 307
504 310
505 287
506 287
507 288
508 286
509 243
510 242
511 241
512 245
513 231
514 255
515 262
516 271
517 298
518 307
519 294
520 280
521 314
522 320
523 307
524 272
525 267
526 268
527 316
528 330
529 334
530 337
531 349
532 346
533 333
534 345
535 365
536 348
537 325
538 346
539 359
540 380
541 365
542 354
543 366
544 331
545 332
546 330
547 319
548 296
549 284
550 293
551 278
552 311
553 319
554 343
555 353
556 353
557 359
558 317
559 313
560 325
561 343
562 351
563 344
564 349
565 347
566 342
567 346
568 365
569 380
570 354
571 364
572 340
573 334
574 347
575 344
576 327
577 302
578 271
579 239
580 259
581 264
582 277
583 294
584 337
585 323
586 312
587 320
588 310
589 323
590 328
591 332
592 368
593 344
594 357
595 351
596 349
597 352
598 383
599 369
600 380
601 380
602 391
603 417
604 418
605 376
606 379
607 388
608 425
609 419
610 402
611 399
612 401
613 405
614 432
615 447
616 446
617 495
618 548
619 532
620 614
621 666
622 693
623 706
624 677
625 652
626 663
627 664
628 711
629 703
630 683
631 706
632 664
633 637
634 619
635 630
636 675
637 740
638 821
639 854
640 851
641 874
642 862
643 849
644 828
645 814
646 776
647 770
648 801
649 840
650 901
651 919
652 897
653 917
654 963
655 936
656 953
657 918
658 930
659 949
660 941
661 892
662 919
663 909
664 907
665 942
666 924
667 924
668 906
669 945
670 973
671 956
672 1026
673 1062
674 1137
675 1109
676 1038
677 1052
678 1067
679 1114
680 1155
681 1162
682 1162
683 1127
684 1086
685 1058
686 1017
687 1021
688 1046
689 1107
690 1087
691 1136
692 1126
693 1177
694 1129
695 1133
696 1105
697 1071
698 1098
699 1122
700 1095
701 1114
702 1082
703 1059
704 1052
705 1056
706 1100
707 1107
708 1071
709 994
710 1000
711 1068
712 1034
713 1048
714 1074
715 1065
716 1164
717 1162
718 1085
719 1060
720 1090
721 1091
722 1096
723 1101
724 1080
725 1075
726 1121
727 1065
728 1089
729 1038
730 1054
731 1056
732 1070
733 1048
734 1084
735 1145
736 1186
737 1126
738 1054
739 1051
740 1084
741 1038
742 1000
743 1030
744 1010
745 992
746 956
747 949
748 986
749 985
750 981
751 992
752 998
753 1034
754 997
755 1010
756 1034
757 994
758 979
759 965
760 932
761 916
762 860
763 845
764 882
765 864
766 831
767 829
768 864
769 813
770 814
771 804
772 812
773 754
774 699
775 687
776 653
777 648
778 628
779 613
780 615
781 624
782 621
783 586
784 558
785 561
786 575
787 547
788 550
789 592
790 572
791 573
792 554
793 549
794 544
795 545
796 566
797 574
798 590
799 600
800 624
801 625
802 655
803 691
804 709
805 666
806 642
807 684
808 667
809 682
810 652
811 651
812 678
813 706
814 703
815 691
816 701
817 695
818 686
819 658
820 685
821 693
822 703
823 667
824 623
825 635
826 669
827 642
828 693
829 709
830 696
831 739
832 719
833 724
834 723
835 708
836 758
837 816
838 842
839 861
840 843
841 836
842 774
843 841
844 825
845 824
846 805
847 833
848 874
849 879
850 885
851 819
852 810
853 833
854 813
855 806
856 839
857 842
858 812
859 790
860 791
861 771
862 776
863 793
864 789
865 792
866 790
867 744
868 729
869 740
870 773
871 749
872 714
873 755
874 725
875 716
876 722
877 746
878 810
879 812
880 809
881 832
882 836
883 852
884 840
885 889
886 943
887 917
888 908
889 884
890 894
891 916
892 929
893 876
894 884
895 900
896 889
897 911
898 955
899 950
900 957
901 891
902 910
903 903
904 891
905 894
906 873
907 899
908 891
909 880
910 944
911 970
912 937
913 953
914 932
915 932
916 908
917 917
918 875
919 824
920 816
921 877
922 895
923 881
924 910
925 954
926 960
927 948
928 900
929 932
930 923
931 947
932 993
933 1026
934 1019
935 1036
936 1052
937 1044
938 1013
939 1003
940 998
941 982
942 980
943 1015
944 961
945 969
946 931
947 916
948 920
949 899
950 904
951 933
952 949
953 951
954 972
955 967
956 910
957 904
958 882
959 897
960 908
961 917
962 878
963 903
964 882
965 847
966 817
967 773
968 801
969 803
970 807
971 838
972 822
973 824
974 779
975 829
976 838
977 841
978 870
979 855
980 867
981 829
982 834
983 849
984 809
985 762
986 765
987 760
988 771
989 819
990 843
991 865
992 816
993 805
994 755
995 785
996 797
997 813
998 868
999 867
1000 883
