1 0
2 0
3 0
4 1
5 1
6 1
7 0
8 0
9 1
10 1
11 2
12 4
13 5
14 4
15 3
16 6
17 9
18 10
19 14
20 7
21 4
22 5
23 7
24 4
25 3
26 5
27 5
28 4
29 4
30 2
31 1
32 1
33 2
34 2
35 3
36 3
37 1
38 3
39 1
40 0
41 0
42 0
43 0
44 0
45 1
46 1
47 0
48 1
49 0
50 0
51 0
52 1
53 1
54 0
55 0
56 0
57 0
58 1
59 1
60 1
61 2
62 1
63 1
64 1
65 3
66 5
67 8
68 9
69 10
70 9
71 14
72 13
73 11
74 12
75 8
76 10
77 8
78 9
79 7
80 8
81 5
82 5
83 6
84 8
85 8
86 13
87 11
88 11
89 15
90 17
91 6
92 5
93 1
94 2
95 2
96 4
97 2
98 2
99 5
100 5
101 10
102 9
103 6
104 8
105 10
106 12
107 9
108 13
109 8
110 14
111 17
112 16
113 18
114 18
115 16
116 18
117 19
118 20
119 11
120 6
121 4
122 10
123 10
124 14
125 10
126 10
127 14
128 16
129 15
130 17
131 12
132 12
133 13
134 11
135 12
136 14
137 5
138 6
139 8
140 12
141 10
142 12
143 12
144 13
145 15
146 18
147 13
148 16
149 16
150 21
151 24
152 25
153 26
154 23
155 29
156 29
157 36
158 44
159 52
160 56
161 53
162 54
163 63
164 66
165 75
166 56
167 52
168 54
169 60
170 58
171 56
172 63
173 70
174 62
175 58
176 59
177 55
178 64
179 60
180 82
181 96
182 106
183 107
184 95
185 90
186 91
187 87
188 96
189 87
190 75
191 81
192 76
193 70
194 56
195 51
196 57
197 36
198 45
199 53
200 55
201 56
202 58
203 49
204 52
205 51
206 57
207 41
208 47
209 54
210 54
211 61
212 62
213 59
214 60
215 63
216 63
217 67
218 90
219 85
220 90
221 102
222 116
223 130
224 140
225 153
226 165
227 143
228 139
229 134
230 127
231 136
232 154
233 140
234 132
235 155
236 153
237 145
238 144
239 131
240 163
241 163
242 165
243 176
244 172
245 172
246 167
247 172
248 178
249 181
250 198
251 219
252 230
253 226
254 233
255 255
256 262
257 262
258 272
259 270
260 263
261 281
262 295
263 289
264 262
265 261
266 289
267 264
268 272
269 291
270 291
271 304
272 306
273 278
274 303
275 279
276 272
277 264
278 263
279 274
280 272
281 268
282 269
283 284
284 275
285 285
286 284
287 267
288 283
289 308
290 315
291 312
292 295
293 316
294 312
295 321
296 315
297 314
298 325
299 312
300 321
301 316
302 316
303 293
304 287
305 301
306 302
307 315
308 295
309 285
310 282
311 264
312 301
313 318
314 295
315 291
316 307
317 277
318 255
319 263
320 275
321 273
322 281
323 291
324 287
325 294
326 306
327 308
328 318
329 356
330 365
331 364
332 364
333 373
334 388
335 396
336 383
337 389
338 380
339 404
340 407
341 401
342 408
343 391
344 399
345 406
346 430
347 439
348 417
349 357
350 314
351 310
352 291
353 305
354 320
355 357
356 334
357 298
358 313
359 311
360 302
361 318
362 302
363 271
364 281
365 283
366 263
367 239
368 243
369 227
370 218
371 227
372 214
373 192
374 169
375 152
376 120
377 113
378 114
379 126
380 112
381 122
382 124
383 110
384 109
385 124
386 120
387 125
388 137
389 139
390 144
391 142
392 166
393 156
394 153
395 142
396 147
397 164
398 159
399 184
400 174
401 165
402 149
403 156
404 134
405 139
406 135
407 156
408 158
409 156
410 164
411 153
412 156
413 156
414 153
415 144
416 134
417 150
418 140
419 126
420 116
421 120
422 144
423 147
424 171
425 171
426 177
427 197
428 180
429 167
430 158
431 157
432 154
433 141
434 136
435 144
436 138
437 141
438 127
439 123
440 130
441 126
442 126
443 112
444 107
445 97
446 91
447 98
448 93
449 101
450 103
451 101
452 77
453 91
454 92
455 89
456 98
457 108
458 100
459 112
460 122
461 122
462 126
463 118
464 121
465 132
466 130
467 137
468 128
469 131
470 133
471 151
472 153
473 165
474 186
475 193
476 193
477 202
478 187
479 195
480 169
481 143
482 137
483 155
484 149
485 150
486 142
487 143
488 134
489 117
490 121
491 111
492 109
493 112
494 124
495 125
496 109
497 101
498 92
499 88
500 89
501 93
502 119
503 107
504 105
505 84
506 79
507 64
508 73
509 52
510 39
511 45
512 57
513 37
514 33
515 34
516 22
517 21
518 21
519 17
520 18
521 16
522 13
523 13
524 13
525 17
526 21
527 26
528 27
529 23
530 24
531 27
532 28
533 29
534 32
535 29
536 21
537 23
538 13
539 15
540 16
541 12
542 10
543 10
544 12
545 14
546 13
547 16
548 14
549 13
550 13
551 15
552 12
553 16
554 18
555 16
556 19
557 20
558 19
559 20
560 22
561 13
562 12
563 15
564 21
565 18
566 16
567 15
568 21
569 13
570 12
571 9
572 5
573 6
574 2
575 1
576 1
577 3
578 4
579 4
580 6
581 3
582 3
583 5
584 8
585 6
586 8
587 6
588 4
589 2
590 0
591 0
592 0
593 0
594 0
595 0
596 0
597 0
598 0
599 0
600 0
601 0
602 1
603 0
604 0
605 0
606 1
607 1
608 1
609 1
610 2
611 2
612 2
613 2
614 1
615 1
616 0
617 0
618 0
619 0
620 0
621 0
622 0
623 0
624 0
625 0
626 0
627 0
628 0
629 0
630 0
631 0
632 0
633 0
634 0
635 0
636 0
637 1
638 1
639 2
640 0
641 0
642 1
643 4
644 4
645 4
646 5
647 8
648 5
649 6
650 5
651 5
652 5
653 8
654 6
655 3
656 5
657 5
658 8
659 6
660 13
661 13
662 5
663 7
664 6
665 7
666 6
667 5
668 3
669 0
670 0
671 0
672 0
673 0
674 0
675 0
676 0
677 0
678 1
679 0
680 1
681 1
682 1
683 0
684 0
685 0
686 0
687 0
688 0
689 0
690 0
691 0
692 0
693 1
694 1
695 1
696 0
697 0
698 0
699 0
700 0
701 1
702 1
703 0
704 0
705 0
706 1
707 0
708 1
709 4
710 5
711 6
712 6
713 5
714 3
715 2
716 2
717 3
718 6
719 6
720 6
721 10
722 13
723 19
724 17
725 23
726 21
727 18
728 19
729 18
730 18
731 23
732 24
733 27
734 14
735 9
736 9
737 17
738 20
739 19
740 23
741 27
742 30
743 26
744 28
745 35
746 36
747 35
748 34
749 37
750 35
751 34
752 22
753 29
754 35
755 44
756 53
757 50
758 42
759 32
760 29
761 29
762 17
763 14
764 20
765 21
766 19
767 14
768 17
769 16
770 9
771 7
772 8
773 10
774 15
775 17
776 15
777 17
778 20
779 22
780 32
781 28
782 33
783 37
784 37
785 43
786 42
787 41
788 51
789 52
790 60
791 54
792 57
793 64
794 60
795 65
796 69
797 71
798 74
799 67
800 57
801 60
802 58
803 60
804 71
805 68
806 77
807 78
808 85
809 94
810 86
811 84
812 88
813 98
814 119
815 124
816 116
817 130
818 127
819 138
820 133
821 136
822 138
823 124
824 127
825 116
826 101
827 111
828 116
829 111
830 103
831 90
832 91
833 90
834 109
835 95
836 89
837 77
838 70
839 78
840 76
841 80
842 76
843 78
844 71
845 69
846 70
847 94
848 97
849 90
850 82
851 79
852 81
853 93
854 84
855 68
856 61
857 66
858 66
859 63
860 52
861 48
862 38
863 44
864 45
865 53
866 67
867 63
868 58
869 50
870 55
871 64
872 66
873 57
874 61
875 73
876 76
877 89
878 94
879 99
880 95
881 85
882 72
883 68
884 74
885 69
886 76
887 66
888 67
889 65
890 66
891 68
892 70
893 71
894 75
895 72
896 70
897 80
898 80
899 88
900 96
901 98
902 90
903 91
904 87
905 88
906 90
907 98
908 102
909 102
910 114
911 107
912 90
913 105
914 90
915 99
916 97
917 103
918 89
919 81
920 77
921 72
922 65
923 59
924 56
925 43
926 54
927 49
928 50
929 45
930 44
931 33
932 36
933 32
934 31
935 40
936 37
937 25
938 23
939 21
940 17
941 20
942 20
943 20
944 22
945 15
946 14
947 15
948 16
949 9
950 9
951 7
952 7
953 6
954 6
955 11
956 6
957 7
958 7
959 6
960 6
961 10
962 8
963 9
964 11
965 13
966 7
967 7
968 9
969 12
970 14
971 13
972 12
973 15
974 11
975 10
976 9
977 2
978 1
979 2
980 2
981 4
982 8
983 9
984 8
985 5
986 6
987 6
988 4
989 6
990 6
991 3
992 4
993 4
994 3
995 4
996 6
997 3
998 4
999 4
1000 3
