1 0
2 0
3 0
4 0
5 1
6 1
7 0
8 0
9 0
10 0
11 0
12 0
13 0
14 0
15 0
16 0
17 0
18 1
19 2
20 3
21 5
22 5
23 6
24 8
25 6
26 4
27 1
28 1
29 0
30 0
31 0
32 0
33 0
34 1
35 1
36 1
37 4
38 4
39 2
40 2
41 2
42 2
43 4
44 8
45 10
46 10
47 9
48 13
49 12
50 11
51 9
52 10
53 9
54 12
55 12
56 13
57 11
58 11
59 12
60 16
61 15
62 17
63 14
64 15
65 15
66 12
67 19
68 28
69 25
70 34
71 34
72 35
73 31
74 31
75 17
76 18
77 19
78 19
79 14
80 13
81 13
82 18
83 23
84 34
85 27
86 23
87 21
88 13
89 14
90 15
91 15
92 16
93 15
94 20
95 28
96 20
97 26
98 33
99 36
100 33
101 41
102 38
103 45
104 37
105 44
106 36
107 29
108 37
109 39
110 46
111 46
112 46
113 46
114 51
115 46
116 40
117 37
118 44
119 51
120 38
121 43
122 32
123 29
124 36
125 31
126 35
127 38
128 43
129 47
130 50
131 41
132 30
133 35
134 47
135 41
136 42
137 50
138 49
139 38
140 37
141 23
142 34
143 37
144 45
145 44
146 46
147 47
148 47
149 41
150 38
151 45
152 46
153 47
154 51
155 41
156 49
157 53
158 46
159 46
160 47
161 48
162 32
163 28
164 28
165 34
166 28
167 31
168 27
169 26
170 27
171 26
172 23
173 33
174 47
175 44
176 49
177 62
178 57
179 61
180 68
181 69
182 74
183 66
184 75
185 61
186 74
187 82
188 87
189 81
190 84
191 86
192 87
193 88
194 92
195 85
196 79
197 67
198 58
199 67
200 76
201 61
202 58
203 61
204 64
205 65
206 55
207 42
208 41
209 43
210 52
211 58
212 64
213 60
214 74
215 87
216 79
217 79
218 90
219 81
220 89
221 89
222 84
223 80
224 74
225 61
226 48
227 40
228 43
229 46
230 43
231 34
232 34
233 44
234 33
235 35
236 36
237 36
238 27
239 30
240 32
241 24
242 30
243 33
244 32
245 30
246 25
247 27
248 27
249 20
250 12
251 10
252 18
253 18
254 15
255 10
256 8
257 6
258 7
259 6
260 5
261 5
262 6
263 4
264 1
265 2
266 2
267 8
268 10
269 8
270 10
271 13
272 8
273 13
274 20
275 24
276 25
277 30
278 30
279 31
280 26
281 25
282 33
283 42
284 51
285 55
286 58
287 55
288 41
289 54
290 62
291 51
292 67
293 58
294 47
295 51
296 57
297 48
298 55
299 56
300 54
301 45
302 40
303 37
304 36
305 42
306 51
307 56
308 51
309 45
310 63
311 56
312 45
313 40
314 37
315 34
316 35
317 36
318 40
319 39
320 36
321 43
322 40
323 40
324 39
325 40
326 30
327 30
328 25
329 29
330 28
331 31
332 39
333 49
334 61
335 66
336 70
337 67
338 57
339 49
340 52
341 62
342 66
343 58
344 64
345 42
346 37
347 41
348 40
349 46
350 54
351 56
352 60
353 57
354 56
355 49
356 54
357 47
358 43
359 45
360 45
361 40
362 30
363 28
364 24
365 24
366 25
367 25
368 26
369 32
370 25
371 23
372 22
373 14
374 18
375 15
376 14
377 21
378 15
379 16
380 18
381 18
382 21
383 20
384 26
385 20
386 21
387 21
388 27
389 31
390 35
391 38
392 37
393 29
394 34
395 34
396 30
397 18
398 27
399 21
400 18
401 18
402 16
403 13
404 16
405 14
406 10
407 12
408 7
409 9
410 8
411 7
412 9
413 10
414 6
415 7
416 4
417 2
418 2
419 7
420 9
421 10
422 14
423 5
424 7
425 11
426 16
427 21
428 18
429 22
430 24
431 20
432 22
433 15
434 17
435 17
436 15
437 17
438 20
439 23
440 23
441 27
442 24
443 23
444 19
445 19
446 17
447 11
448 12
449 9
450 6
451 4
452 4
453 2
454 1
455 0
456 0
457 0
458 0
459 1
460 3
461 5
462 3
463 3
464 3
465 3
466 2
467 2
468 1
469 1
470 1
471 1
472 0
473 0
474 1
475 2
476 2
477 0
478 0
479 0
480 1
481 1
482 4
483 5
484 2
485 1
486 1
487 3
488 3
489 2
490 2
491 3
492 2
493 2
494 1
495 1
496 0
497 0
498 0
499 0
500 0
501 1
502 1
503 1
504 1
505 0
506 0
507 1
508 3
509 1
510 3
511 7
512 10
513 8
514 10
515 6
516 10
517 7
518 5
519 4
520 3
521 4
522 4
523 2
524 1
525 0
526 0
527 0
528 0
529 1
530 1
531 1
532 2
533 1
534 0
535 0
536 0
537 0
538 0
539 0
540 0
541 0
542 0
543 0
544 0
545 0
546 0
547 0
548 0
549 0
550 1
551 0
552 0
553 0
554 1
555 0
556 0
557 0
558 0
559 0
560 0
561 0
562 0
563 1
564 1
565 2
566 4
567 6
568 6
569 7
570 1
571 3
572 2
573 1
574 1
575 2
576 2
577 2
578 3
579 4
580 3
581 3
582 2
583 2
584 2
585 4
586 4
587 5
588 3
589 3
590 3
591 4
592 2
593 2
594 3
595 5
596 2
597 0
598 1
599 0
600 0
601 0
602 0
603 0
604 0
605 0
606 0
607 0
608 0
609 1
610 1
611 2
612 2
613 1
614 1
615 0
616 1
617 1
618 1
619 3
620 1
621 0
622 0
623 0
624 0
625 0
626 0
627 0
628 0
629 0
630 0
631 0
632 0
633 1
634 0
635 1
636 1
637 0
638 0
639 1
640 3
641 1
642 1
643 0
644 0
645 0
646 0
647 0
648 1
649 2
650 5
651 1
652 0
653 0
654 0
655 0
656 0
657 1
658 2
659 4
660 3
661 4
662 9
663 6
664 8
665 4
666 0
667 0
668 0
669 0
670 1
671 0
672 0
673 0
674 0
675 0
676 1
677 2
678 4
679 2
680 3
681 9
682 4
683 4
684 2
685 2
686 4
687 9
688 13
689 15
690 15
691 19
692 11
693 4
694 4
695 3
696 6
697 5
698 6
699 7
700 5
701 4
702 3
703 5
704 3
705 5
706 5
707 5
708 3
709 3
710 2
711 1
712 0
713 1
714 1
715 0
716 1
717 1
718 0
719 0
720 0
721 0
722 1
723 3
724 1
725 2
726 3
727 6
728 6
729 5
730 6
731 7
732 7
733 3
734 2
735 5
736 2
737 6
738 7
739 10
740 13
741 14
742 22
743 25
744 27
745 33
746 37
747 38
748 35
749 45
750 48
751 52
752 63
753 55
754 57
755 47
756 40
757 45
758 52
759 41
760 51
761 68
762 61
763 71
764 85
765 97
766 94
767 94
768 85
769 92
770 92
771 88
772 101
773 87
774 90
775 99
776 100
777 100
778 103
779 78
780 84
781 86
782 86
783 72
784 73
785 64
786 60
787 46
788 43
789 36
790 41
791 46
792 41
793 42
794 38
795 35
796 29
797 35
798 32
799 40
800 36
801 38
802 45
803 45
804 48
805 49
806 43
807 37
808 38
809 35
810 47
811 47
812 34
813 43
814 36
815 39
816 44
817 42
818 41
819 39
820 40
821 35
822 41
823 45
824 34
825 41
826 56
827 57
828 53
829 73
830 71
831 64
832 62
833 46
834 39
835 43
836 57
837 64
838 84
839 71
840 78
841 82
842 67
843 82
844 86
845 82
846 101
847 88
848 103
849 109
850 102
851 127
852 154
853 158
854 155
855 155
856 155
857 153
858 155
859 136
860 136
861 115
862 124
863 99
864 92
865 92
866 90
867 83
868 81
869 89
870 89
871 93
872 89
873 83
874 86
875 77
876 82
877 73
878 71
879 71
880 66
881 73
882 78
883 58
884 64
885 71
886 79
887 81
888 80
889 68
890 77
891 76
892 64
893 63
894 64
895 68
896 70
897 61
898 64
899 71
900 72
901 83
902 94
903 90
904 101
905 101
906 98
907 90
908 97
909 95
910 83
911 71
912 70
913 72
914 70
915 62
916 65
917 58
918 62
919 70
920 80
921 82
922 94
923 96
924 87
925 95
926 98
927 101
928 104
929 102
930 117
931 108
932 106
933 104
934 107
935 116
936 122
937 109
938 100
939 117
940 121
941 96
942 91
943 92
944 78
945 74
946 61
947 65
948 63
949 59
950 55
951 60
952 51
953 51
954 65
955 59
956 55
957 45
958 48
959 43
960 48
961 36
962 26
963 27
964 29
965 31
966 36
967 45
968 56
969 75
970 64
971 51
972 59
973 63
974 62
975 65
976 64
977 66
978 67
979 63
980 67
981 71
982 80
983 77
984 69
985 75
986 68
987 80
988 64
989 65
990 60
991 57
992 51
993 57
994 47
995 65
996 71
997 93
998 105
999 111
1000 118
