1 29
2 46
3 50
4 72
5 83
6 88
7 109
8 153
9 167
10 204
11 225
12 244
13 286
14 302
15 306
16 341
17 330
18 353
19 343
20 383
21 412
22 445
23 433
24 455
25 448
26 455
27 468
28 518
29 509
30 525
31 617
32 680
33 696
34 705
35 719
36 764
37 731
38 789
39 780
40 767
41 778
42 844
43 865
44 923
45 898
46 896
47 899
48 920
49 956
50 1025
51 1068
52 1131
53 1190
54 1210
55 1257
56 1273
57 1319
58 1291
59 1366
60 1414
61 1451
62 1492
63 1628
64 1646
65 1704
66 1715
67 1745
68 1793
69 1856
70 1916
71 1873
72 1849
73 1900
74 1938
75 1965
76 2026
77 1967
78 1933
79 1945
80 1984
81 2012
82 2029
83 2019
84 2013
85 2057
86 2007
87 2093
88 2149
89 2138
90 2176
91 2202
92 2204
93 2238
94 2335
95 2369
96 2394
97 2311
98 2222
99 2258
100 2327
101 2383
102 2430
103 2489
104 2440
105 2532
106 2605
107 2641
108 2674
109 2672
110 2626
111 2742
112 2774
113 2733
114 2719
115 2742
116 2825
117 2820
118 2895
119 2930
120 2910
121 2930
122 3079
123 3134
124 3182
125 3156
126 3155
127 3164
128 3240
129 3290
130 3380
131 3344
132 3244
133 3181
134 3163
135 3088
136 3084
137 3099
138 3122
139 3120
140 3116
141 3185
142 3104
143 3189
144 3247
145 3306
146 3186
147 3254
148 3265
149 3281
150 3319
151 3214
152 3219
153 3184
154 3198
155 3121
156 3158
157 3150
158 3198
159 3221
160 3186
161 3300
162 3309
163 3370
164 3358
165 3451
166 3453
167 3522
168 3531
169 3449
170 3527
171 3542
172 3539
173 3593
174 3661
175 3763
176 3811
177 3865
178 3927
179 3979
180 3950
181 4035
182 3990
183 4041
184 3981
185 4060
186 4027
187 3989
188 3936
189 3852
190 3799
191 3839
192 3810
193 3856
194 3947
195 3984
196 3985
197 4050
198 4065
199 4081
200 4109
201 4036
202 3960
203 4100
204 4127
205 4136
206 4134
207 4183
208 4233
209 4218
210 4240
211 4164
212 4179
213 4240
214 4327
215 4416
216 4486
217 4475
218 4551
219 4519
220 4594
221 4599
222 4629
223 4685
224 4678
225 4787
226 4865
227 4948
228 4915
229 4871
230 4780
231 4807
232 4866
233 4824
234 4898
235 4897
236 4872
237 5040
238 5109
239 5196
240 5178
241 5182
242 5294
243 5407
244 5541
245 5685
246 5718
247 5692
248 5790
249 5760
250 5693
251 5616
252 5522
253 5531
254 5531
255 5562
256 5580
257 5356
258 5233
259 5208
260 5200
261 5284
262 5366
263 5388
264 5387
265 5483
266 5341
267 5438
268 5589
269 5583
270 5684
271 5595
272 5548
273 5678
274 5564
275 5613
276 5582
277 5612
278 5726
279 5824
280 5864
281 5971
282 6129
283 6054
284 6072
285 6081
286 6108
287 6068
288 6234
289 6212
290 6236
291 6165
292 6107
293 6021
294 6105
295 6060
296 6103
297 6161
298 6328
299 6296
300 6402
301 6421
302 6382
303 6373
304 6297
305 6191
306 6149
307 6084
308 6276
309 6261
310 6433
311 6554
312 6480
313 6554
314 6540
315 6614
316 6658
317 6762
318 6780
319 6777
320 6880
321 6886
322 6937
323 6936
324 6841
325 6935
326 6996
327 7100
328 7120
329 6935
330 6945
331 6923
332 7167
333 7030
334 7021
335 7132
336 7193
337 7270
338 7310
339 7157
340 7282
341 7385
342 7383
343 7358
344 7470
345 7550
346 7572
347 7592
348 7663
349 7534
350 7634
351 7713
352 7760
353 7766
354 7703
355 7793
356 7770
357 7765
358 7880
359 7892
360 7966
361 7830
362 7955
363 7956
364 7957
365 8080
366 8122
367 7998
368 7996
369 8188
370 8188
371 8131
372 8273
373 8295
374 8214
375 8060
376 8200
377 8229
378 8138
379 8035
380 8156
381 8220
382 8244
383 8074
384 8023
385 8106
386 8234
387 8375
388 8402
389 8531
390 8567
391 8615
392 8477
393 8411
394 8420
395 8554
396 8691
397 8668
398 8787
399 8838
400 9037
401 8969
402 8968
403 8992
404 9044
405 8981
406 9092
407 9323
408 9204
409 9132
410 9150
411 9081
412 9276
413 9324
414 9364
415 9193
416 9301
417 9249
418 9394
419 9360
420 9403
421 9610
422 9673
423 9969
424 10083
425 10216
426 10231
427 10141
428 9937
429 9932
430 9966
431 10138
432 10254
433 10208
434 10311
435 10326
436 10240
437 10311
438 10370
439 10309
440 10298
441 10374
442 10388
443 10243
444 10380
445 10541
446 10542
447 10593
448 10469
449 10354
450 10290
451 10164
452 10245
453 10124
454 10105
455 10109
456 10029
457 9976
458 10079
459 10155
460 10129
461 10239
462 10319
463 10156
464 10307
465 10348
466 10427
467 10517
468 10458
469 10540
470 10567
471 10692
472 10801
473 10813
474 10689
475 10540
476 10597
477 10648
478 10720
479 10871
480 10994
481 11071
482 11187
483 11129
484 11211
485 11255
486 11416
487 11533
488 11735
489 11524
490 11545
491 11630
492 11600
493 11598
494 11536
495 11433
496 11376
497 11316
498 11402
499 11528
500 11563
501 11598
502 11641
503 11772
504 11718
505 11714
506 11855
507 11923
508 11962
509 12061
510 12115
511 12230
512 12202
513 12244
514 12284
515 12324
516 12190
517 12136
518 12117
519 12159
520 12156
521 12158
522 12331
523 12191
524 12276
525 12308
526 12292
527 12237
528 12410
529 12424
530 12634
531 12488
532 12576
533 12543
534 12389
535 12215
536 12260
537 12150
538 12300
539 12425
540 12572
541 12510
542 12448
543 12360
544 12339
545 12345
546 12312
547 12392
548 12256
549 12312
550 12551
551 12596
552 12553
553 12698
554 12784
555 12867
556 12935
557 12994
558 12919
559 12798
560 12793
561 12762
562 12835
563 12938
564 13055
565 13284
566 13676
567 13656
568 13698
569 13753
570 13674
571 13695
572 13903
573 13830
574 13787
575 13800
576 14145
577 14098
578 14098
579 14060
580 13984
581 13956
582 13740
583 13840
584 14032
585 14050
586 14015
587 13885
588 13918
589 13873
590 13949
591 13879
592 13969
593 14030
594 14039
595 14174
596 14311
597 14008
598 14102
599 14304
600 14298
601 14292
602 14457
603 14433
604 14379
605 14695
606 14673
607 14508
608 14402
609 14590
610 14472
611 14565
612 14776
613 14790
614 14819
615 14739
616 14634
617 14807
618 14974
619 15178
620 15231
621 15374
622 15325
623 15307
624 15246
625 15359
626 15380
627 15383
628 15382
629 15224
630 15134
631 15059
632 15071
633 15125
634 15211
635 15113
636 15093
637 15178
638 15211
639 15268
640 15494
641 15389
642 15598
643 15640
644 15610
645 15384
646 15423
647 15358
648 15328
649 15526
650 15703
651 15703
652 15650
653 15468
654 15561
655 15745
656 15572
657 15788
658 15780
659 15721
660 15930
661 16034
662 16177
663 16252
664 16375
665 16427
666 16482
667 16445
668 16478
669 16416
670 16314
671 16192
672 16175
673 16185
674 16097
675 15999
676 15876
677 15815
678 15702
679 15863
680 15692
681 15518
682 15333
683 15228
684 15263
685 15287
686 15336
687 15263
688 15237
689 15185
690 15212
691 15283
692 15208
693 15530
694 15417
695 15231
696 15466
697 15349
698 15059
699 15151
700 15322
701 15355
702 15330
703 15487
704 15215
705 15361
706 15357
707 15387
708 15383
709 15350
710 15530
711 15566
712 15595
713 15445
714 15577
715 15650
716 15680
717 15699
718 15940
719 16121
720 16014
721 16152
722 16102
723 16182
724 16046
725 16143
726 15941
727 15974
728 16119
729 16020
730 16267
731 16178
732 16309
733 16222
734 16333
735 16219
736 16293
737 16206
738 16338
739 16423
740 16649
741 16523
742 16573
743 16506
744 16596
745 16495
746 16400
747 16429
748 16420
749 16384
750 16288
751 16176
752 16252
753 16251
754 16468
755 16310
756 16243
757 16159
758 16191
759 16355
760 16195
761 16247
762 15978
763 15962
764 15861
765 15565
766 15696
767 15774
768 15853
769 16064
770 15817
771 15682
772 15617
773 15724
774 15903
775 16007
776 15874
777 15802
778 15694
779 15781
780 15843
781 15965
782 16145
783 16221
784 16277
785 16254
786 16240
787 16300
788 16294
789 16353
790 16365
791 16297
792 16205
793 16252
794 16103
795 16174
796 16156
797 16105
798 15932
799 16073
800 16295
801 16354
802 16561
803 16546
804 16446
805 16479
806 16408
807 16194
808 16163
809 16307
810 16481
811 16393
812 16627
813 16397
814 16242
815 16142
816 15872
817 15942
818 15794
819 15770
820 15932
821 16171
822 16065
823 16098
824 16009
825 16093
826 16386
827 16408
828 16592
829 16400
830 16230
831 16261
832 15976
833 15977
834 16147
835 16250
836 16314
837 16324
838 16185
839 16036
840 15928
841 16200
842 16081
843 15989
844 15967
845 15809
846 16056
847 16032
848 15790
849 15761
850 15655
851 15967
852 15925
853 16036
854 16111
855 16131
856 16343
857 16485
858 16606
859 16613
860 16676
861 16681
862 16893
863 16862
864 16874
865 16776
866 16793
867 16895
868 16786
869 16766
870 16849
871 17153
872 17332
873 17251
874 17354
875 17487
876 17344
877 17461
878 17263
879 17043
880 17108
881 17035
882 17010
883 17121
884 17159
885 16987
886 16813
887 16845
888 17041
889 17129
890 17259
891 17305
892 17686
893 17664
894 17533
895 17392
896 17242
897 17250
898 17369
899 17531
900 17614
901 17370
902 17368
903 17537
904 17582
905 17846
906 17901
907 18016
908 18003
909 18060
910 17829
911 17754
912 17600
913 17623
914 17620
915 17489
916 17606
917 17753
918 17693
919 17483
920 17431
921 17384
922 17401
923 17250
924 17283
925 17349
926 17222
927 17376
928 17451
929 17408
930 17369
931 17343
932 17854
933 17764
934 17677
935 17823
936 18097
937 18190
938 18273
939 18104
940 17832
941 17890
942 18009
943 17901
944 17852
945 17742
946 17778
947 17799
948 17890
949 17710
950 17823
951 17651
952 17662
953 17744
954 17923
955 17770
956 17942
957 18036
958 18080
959 17946
960 17882
961 17859
962 17723
963 17686
964 17807
965 17808
966 17855
967 17942
968 18200
969 18040
970 18080
971 18022
972 17981
973 18283
974 18364
975 18614
976 18615
977 18422
978 18369
979 18381
980 18367
981 18425
982 18649
983 18626
984 18453
985 18471
986 18533
987 18501
988 18581
989 18720
990 18985
991 18805
992 18584
993 18715
994 18456
995 18301
996 18421
997 18457
998 18616
999 18613
1000 18512
