1 2
2 7
3 10
4 16
5 17
6 25
7 24
8 26
9 22
10 20
11 28
12 31
13 26
14 29
15 27
16 19
17 27
18 22
19 27
20 31
21 43
22 50
23 42
24 47
25 51
26 56
27 48
28 48
29 33
30 44
31 40
32 45
33 41
34 53
35 61
36 60
37 70
38 70
39 78
40 73
41 62
42 61
43 56
44 57
45 52
46 58
47 35
48 51
49 50
50 44
51 45
52 52
53 39
54 33
55 31
56 40
57 45
58 46
59 58
60 68
61 79
62 66
63 54
64 59
65 61
66 66
67 70
68 84
69 80
70 70
71 69
72 65
73 63
74 71
75 69
76 73
77 79
78 76
79 73
80 61
81 59
82 73
83 75
84 74
85 80
86 84
87 80
88 88
89 98
90 105
91 105
92 121
93 126
94 126
95 117
96 118
97 94
98 101
99 96
100 96
101 100
102 105
103 107
104 119
105 119
106 140
107 158
108 156
109 164
110 145
111 113
112 130
113 124
114 143
115 132
116 133
117 119
118 116
119 129
120 124
121 114
122 110
123 114
124 127
125 122
126 109
127 111
128 108
129 109
130 106
131 97
132 92
133 77
134 78
135 88
136 91
137 89
138 89
139 91
140 100
141 111
142 123
143 129
144 152
145 152
146 161
147 136
148 147
149 148
150 150
151 161
152 141
153 122
154 143
155 121
156 125
157 127
158 111
159 88
160 101
161 106
162 98
163 127
164 115
165 127
166 132
167 149
168 143
169 148
170 155
171 168
172 199
173 207
174 196
175 209
176 218
177 216
178 210
179 218
180 194
181 189
182 190
183 179
184 183
185 170
186 166
187 169
188 174
189 169
190 175
191 179
192 178
193 172
194 165
195 165
196 144
197 149
198 156
199 155
200 128
201 129
202 121
203 115
204 128
205 125
206 121
207 145
208 141
209 148
210 160
211 149
212 121
213 95
214 97
215 113
216 122
217 113
218 113
219 100
220 94
221 91
222 97
223 86
224 81
225 89
226 95
227 107
228 106
229 108
230 118
231 114
232 117
233 129
234 119
235 118
236 116
237 125
238 130
239 140
240 144
241 141
242 158
243 159
244 142
245 138
246 149
247 169
248 163
249 188
250 175
251 145
252 155
253 145
254 125
255 120
256 120
257 113
258 118
259 103
260 105
261 93
262 103
263 107
264 114
265 116
266 113
267 112
268 110
269 95
270 93
271 100
272 98
273 123
274 103
275 101
276 108
277 108
278 110
279 101
280 111
281 113
282 123
283 116
284 129
285 157
286 171
287 164
288 205
289 221
290 218
291 203
292 210
293 243
294 242
295 244
296 219
297 268
298 278
299 265
300 283
301 311
302 319
303 297
304 278
305 289
306 288
307 310
308 323
309 361
310 362
311 362
312 358
313 351
314 347
315 337
316 345
317 328
318 347
319 335
320 309
321 297
322 310
323 317
324 320
325 326
326 339
327 353
328 346
329 350
330 369
331 361
332 361
333 366
334 348
335 355
336 353
337 369
338 365
339 356
340 346
341 352
342 402
343 413
344 406
345 414
346 430
347 443
348 458
349 439
350 456
351 450
352 483
353 468
354 487
355 484
356 529
357 488
358 491
359 477
360 507
361 533
362 480
363 485
364 472
365 430
366 428
367 448
368 430
369 400
370 413
371 394
372 436
373 410
374 436
375 433
376 454
377 475
378 476
379 476
380 489
381 445
382 459
383 482
384 468
385 478
386 469
387 483
388 464
389 487
390 476
391 495
392 467
393 460
394 450
395 435
396 423
397 425
398 421
399 432
400 432
401 451
402 473
403 439
404 460
405 435
406 440
407 413
408 449
409 451
410 452
411 458
412 448
413 412
414 390
415 400
416 422
417 429
418 429
419 435
420 447
421 444
422 438
423 434
424 418
425 435
426 427
427 422
428 426
429 409
430 410
431 431
432 417
433 426
434 416
435 403
436 415
437 402
438 418
439 438
440 440
441 426
442 428
443 398
444 392
445 371
446 372
447 334
448 325
449 327
450 342
451 349
452 361
453 329
454 347
455 315
456 309
457 330
458 319
459 324
460 314
461 348
462 354
463 359
464 378
465 425
466 440
467 432
468 455
469 462
470 451
471 430
472 424
473 428
474 413
475 420
476 419
477 427
478 451
479 409
480 426
481 417
482 424
483 407
484 377
485 406
486 397
487 433
488 408
489 417
490 430
491 411
492 409
493 410
494 412
495 395
496 407
497 412
498 411
499 401
500 385
501 405
502 415
503 455
504 451
505 460
506 456
507 492
508 529
509 492
510 458
511 455
512 438
513 421
514 393
515 387
516 402
517 404
518 391
519 383
520 398
521 463
522 456
523 459
524 436
525 442
526 436
527 471
528 488
529 460
530 454
531 447
532 450
533 454
534 438
535 400
536 409
537 412
538 426
539 442
540 460
541 495
542 470
543 458
544 440
545 444
546 431
547 442
548 447
549 440
550 465
551 464
552 459
553 487
554 496
555 504
556 509
557 473
558 494
559 506
560 498
561 502
562 472
563 450
564 427
565 436
566 473
567 468
568 513
569 491
570 473
571 502
572 475
573 476
574 505
575 510
576 512
577 522
578 516
579 519
580 493
581 492
582 459
583 456
584 472
585 429
586 423
587 403
588 395
589 415
590 475
591 461
592 420
593 443
594 427
595 411
596 385
597 394
598 425
599 432
600 434
601 430
602 396
603 398
604 398
605 403
606 419
607 429
608 425
609 392
610 377
611 371
612 375
613 377
614 370
615 401
616 392
617 429
618 405
619 395
620 401
621 396
622 383
623 400
624 404
625 396
626 403
627 407
628 397
629 429
630 433
631 440
632 418
633 395
634 383
635 394
636 404
637 411
638 409
639 432
640 434
641 439
642 451
643 455
644 415
645 449
646 433
647 456
648 480
649 495
650 494
651 459
652 451
653 451
654 448
655 453
656 434
657 411
658 409
659 421
660 441
661 457
662 451
663 442
664 434
665 449
666 435
667 437
668 422
669 434
670 447
671 411
672 406
673 364
674 385
675 416
676 400
677 385
678 393
679 347
680 378
681 386
682 403
683 408
684 434
685 388
686 408
687 416
688 420
689 382
690 393
691 389
692 409
693 442
694 438
695 440
696 447
697 467
698 488
699 487
700 465
701 488
702 479
703 449
704 454
705 438
706 457
707 458
708 457
709 443
710 441
711 473
712 496
713 533
714 540
715 567
716 544
717 537
718 517
719 503
720 512
721 550
722 573
723 605
724 617
725 644
726 586
727 590
728 566
729 583
730 601
731 589
732 546
733 508
734 518
735 507
736 470
737 455
738 451
739 434
740 413
741 413
742 376
743 358
744 346
745 355
746 365
747 376
748 382
749 351
750 335
751 322
752 317
753 310
754 320
755 298
756 297
757 294
758 294
759 283
760 306
761 342
762 359
763 346
764 326
765 335
766 353
767 356
768 347
769 388
770 409
771 374
772 357
773 347
774 360
775 367
776 371
777 393
778 399
779 398
780 387
781 367
782 400
783 406
784 399
785 440
786 459
787 450
788 433
789 414
790 398
791 404
792 446
793 464
794 440
795 449
796 459
797 468
798 482
799 488
800 485
801 484
802 461
803 470
804 492
805 478
806 496
807 510
808 474
809 463
810 462
811 444
812 450
813 466
814 468
815 451
816 439
817 425
818 434
819 428
820 409
821 433
822 433
823 464
824 452
825 466
826 466
827 454
828 479
829 464
830 422
831 451
832 446
833 453
834 475
835 427
836 420
837 429
838 423
839 409
840 386
841 433
842 461
843 472
844 450
845 493
846 512
847 500
848 478
849 505
850 505
851 496
852 463
853 447
854 430
855 438
856 416
857 416
858 406
859 402
860 426
861 422
862 389
863 401
864 438
865 454
866 445
867 485
868 478
869 455
870 464
871 476
872 506
873 477
874 519
875 492
876 515
877 508
878 500
879 489
880 517
881 487
882 500
883 516
884 531
885 540
886 520
887 520
888 536
889 539
890 508
891 516
892 458
893 462
894 437
895 454
896 465
897 460
898 431
899 442
900 447
901 449
902 476
903 489
904 481
905 487
906 471
907 461
908 452
909 464
910 461
911 469
912 485
913 469
914 492
915 510
916 517
917 509
918 506
919 533
920 504
921 528
922 502
923 527
924 519
925 510
926 533
927 552
928 563
929 605
930 658
931 650
932 715
933 751
934 751
935 687
936 695
937 665
938 606
939 594
940 564
941 577
942 577
943 624
944 584
945 566
946 585
947 595
948 563
949 567
950 599
951 622
952 601
953 617
954 649
955 664
956 701
957 699
958 700
959 692
960 683
961 698
962 704
963 704
964 756
965 755
966 767
967 772
968 770
969 756
970 769
971 795
972 774
973 739
974 714
975 733
976 754
977 697
978 710
979 700
980 656
981 682
982 649
983 708
984 691
985 684
986 665
987 674
988 674
989 707
990 692
991 672
992 663
993 659
994 642
995 647
996 580
997 592
998 572
999 534
1000 535
