1 0
2 0
3 3
4 6
5 4
6 5
7 13
8 23
9 20
10 18
11 25
12 29
13 26
14 18
15 18
16 29
17 25
18 24
19 24
20 21
21 30
22 32
23 32
24 38
25 34
26 33
27 43
28 49
29 36
30 38
31 33
32 40
33 42
34 40
35 44
36 59
37 70
38 65
39 59
40 49
41 59
42 60
43 67
44 64
45 54
46 57
47 63
48 53
49 54
50 41
51 42
52 47
53 32
54 45
55 44
56 52
57 53
58 48
59 38
60 39
61 42
62 56
63 47
64 56
65 45
66 54
67 56
68 56
69 59
70 58
71 73
72 73
73 66
74 55
75 53
76 58
77 81
78 71
79 76
80 86
81 94
82 98
83 102
84 116
85 109
86 115
87 113
88 113
89 129
90 121
91 123
92 111
93 118
94 147
95 150
96 159
97 159
98 164
99 178
100 176
101 183
102 194
103 198
104 207
105 208
106 186
107 187
108 185
109 181
110 178
111 187
112 189
113 182
114 182
115 176
116 193
117 197
118 181
119 214
120 201
121 184
122 166
123 160
124 171
125 169
126 161
127 156
128 163
129 152
130 144
131 141
132 135
133 143
134 132
135 119
136 98
137 95
138 99
139 103
140 110
141 103
142 93
143 85
144 81
145 90
146 81
147 86
148 87
149 88
150 85
151 85
152 75
153 69
154 58
155 57
156 60
157 76
158 75
159 80
160 101
161 109
162 107
163 107
164 89
165 91
166 94
167 101
168 111
169 128
170 143
171 146
172 162
173 161
174 155
175 169
176 165
177 156
178 171
179 151
180 148
181 160
182 164
183 163
184 147
185 159
186 166
187 162
188 162
189 168
190 187
191 193
192 189
193 193
194 168
195 177
196 175
197 173
198 175
199 168
200 164
201 154
202 166
203 167
204 178
205 191
206 186
207 173
208 172
209 165
210 165
211 163
212 146
213 145
214 142
215 151
216 142
217 135
218 151
219 157
220 170
221 164
222 163
223 169
224 167
225 157
226 186
227 182
228 170
229 166
230 156
231 150
232 166
233 176
234 182
235 184
236 193
237 155
238 136
239 142
240 143
241 140
242 135
243 136
244 142
245 142
246 163
247 140
248 140
249 143
250 155
251 174
252 181
253 200
254 204
255 224
256 213
257 224
258 242
259 235
260 239
261 207
262 230
263 238
264 260
265 274
266 289
267 283
268 273
269 262
270 259
271 262
272 263
273 267
274 263
275 274
276 294
277 273
278 281
279 283
280 273
281 279
282 275
283 277
284 279
285 270
286 290
287 294
288 308
289 287
290 289
291 272
292 322
293 352
294 357
295 389
296 388
297 401
298 424
299 450
300 424
301 438
302 442
303 442
304 438
305 407
306 434
307 455
308 447
309 455
310 469
311 487
312 461
313 410
314 455
315 466
316 482
317 515
318 503
319 511
320 547
321 540
322 547
323 538
324 555
325 560
326 541
327 549
328 508
329 531
330 521
331 537
332 554
333 530
334 507
335 524
336 515
337 507
338 486
339 480
340 452
341 444
342 457
343 424
344 444
345 469
346 478
347 511
348 512
349 530
350 510
351 533
352 557
353 561
354 596
355 582
356 596
357 607
358 631
359 615
360 602
361 614
362 652
363 635
364 611
365 658
366 652
367 648
368 660
369 670
370 632
371 696
372 710
373 753
374 748
375 701
376 679
377 645
378 606
379 587
380 591
381 614
382 622
383 631
384 622
385 598
386 595
387 580
388 552
389 593
390 587
391 628
392 624
393 561
394 575
395 597
396 597
397 583
398 571
399 595
400 614
401 591
402 612
403 647
404 665
405 608
406 598
407 607
408 616
409 608
410 584
411 568
412 585
413 567
414 589
415 606
416 592
417 593
418 581
419 590
420 619
421 599
422 613
423 588
424 614
425 650
426 619
427 663
428 694
429 714
430 683
431 632
432 638
433 664
434 713
435 709
436 706
437 682
438 658
439 717
440 667
441 650
442 603
443 561
444 553
445 530
446 514
447 515
448 526
449 524
450 548
451 556
452 578
453 608
454 595
455 601
456 595
457 627
458 632
459 659
460 690
461 696
462 730
463 695
464 664
465 736
466 735
467 720
468 738
469 804
470 793
471 791
472 823
473 775
474 747
475 773
476 743
477 775
478 786
479 741
480 723
481 724
482 781
483 721
484 701
485 722
486 709
487 691
488 668
489 621
490 622
491 615
492 604
493 611
494 635
495 614
496 612
497 583
498 592
499 570
500 581
501 574
502 537
503 517
504 535
505 521
506 478
507 496
508 489
509 472
510 437
511 441
512 488
513 491
514 491
515 506
516 470
517 476
518 459
519 453
520 447
521 438
522 477
523 474
524 486
525 449
526 435
527 449
528 447
529 454
530 457
531 421
532 402
533 415
534 416
535 402
536 440
537 423
538 452
539 459
540 460
541 476
542 492
543 478
544 477
545 473
546 488
547 467
548 501
549 474
550 435
551 438
552 410
553 392
554 372
555 342
556 349
557 369
558 348
559 370
560 381
561 395
562 354
563 343
564 350
565 332
566 320
567 311
568 313
569 298
570 284
571 302
572 310
573 296
574 323
575 358
576 355
577 330
578 338
579 340
580 346
581 364
582 395
583 406
584 417
585 395
586 406
587 423
588 424
589 460
590 462
591 489
592 467
593 467
594 461
595 438
596 433
597 442
598 386
599 348
600 355
601 349
602 317
603 310
604 324
605 311
606 301
607 317
608 341
609 343
610 323
611 334
612 340
613 333
614 346
615 331
616 315
617 296
618 268
619 292
620 298
621 293
622 286
623 266
624 253
625 265
626 251
627 258
628 247
629 233
630 203
631 209
632 210
633 212
634 197
635 201
636 203
637 209
638 231
639 234
640 234
641 236
642 253
643 250
644 248
645 224
646 213
647 218
648 237
649 231
650 253
651 254
652 235
653 213
654 215
655 222
656 215
657 206
658 188
659 176
660 178
661 164
662 170
663 164
664 168
665 185
666 194
667 221
668 248
669 307
670 301
671 299
672 303
673 314
674 313
675 283
676 292
677 294
678 303
679 278
680 289
681 301
682 290
683 299
684 297
685 307
686 304
687 271
688 281
689 265
690 239
691 229
692 257
693 267
694 278
695 269
696 253
697 256
698 252
699 271
700 266
701 246
702 267
703 298
704 288
705 283
706 277
707 262
708 274
709 278
710 279
711 288
712 255
713 251
714 278
715 260
716 263
717 283
718 308
719 291
720 280
721 294
722 277
723 283
724 279
725 311
726 299
727 288
728 274
729 279
730 281
731 272
732 269
733 304
734 328
735 341
736 358
737 362
738 363
739 342
740 373
741 365
742 362
743 357
744 380
745 406
746 413
747 432
748 399
749 419
750 397
751 396
752 362
753 383
754 368
755 339
756 392
757 427
758 427
759 446
760 444
761 424
762 451
763 438
764 450
765 469
766 495
767 510
768 475
769 433
770 434
771 423
772 446
773 455
774 467
775 547
776 548
777 565
778 533
779 497
780 479
781 509
782 479
783 444
784 494
785 500
786 494
787 512
788 526
789 538
790 564
791 572
792 577
793 541
794 536
795 521
796 478
797 459
798 431
799 430
800 401
801 425
802 434
803 459
804 409
805 369
806 367
807 366
808 361
809 351
810 367
811 336
812 364
813 370
814 390
815 435
816 433
817 437
818 426
819 431
820 407
821 407
822 451
823 464
824 449
825 470
826 441
827 461
828 453
829 446
830 467
831 472
832 423
833 404
834 390
835 395
836 392
837 384
838 381
839 365
840 356
841 363
842 370
843 371
844 375
845 377
846 408
847 375
848 397
849 406
850 432
851 417
852 415
853 426
854 382
855 397
856 411
857 364
858 363
859 347
860 351
861 336
862 362
863 378
864 383
865 413
866 409
867 421
868 399
869 400
870 398
871 405
872 418
873 396
874 402
875 407
876 413
877 421
878 406
879 439
880 406
881 410
882 418
883 407
884 418
885 407
886 435
887 422
888 443
889 475
890 464
891 451
892 426
893 409
894 384
895 403
896 437
897 449
898 475
899 519
900 515
901 534
902 475
903 458
904 461
905 444
906 451
907 451
908 412
909 406
910 403
911 450
912 454
913 446
914 469
915 465
916 468
917 447
918 452
919 429
920 437
921 451
922 427
923 408
924 420
925 453
926 478
927 500
928 520
929 534
930 585
931 597
932 626
933 658
934 711
935 735
936 737
937 748
938 694
939 708
940 720
941 739
942 773
943 758
944 797
945 787
946 798
947 785
948 803
949 761
950 743
951 715
952 743
953 667
954 676
955 666
956 679
957 664
958 628
959 636
960 642
961 661
962 690
963 669
964 680
965 675
966 627
967 594
968 573
969 588
970 602
971 594
972 588
973 606
974 607
975 595
976 623
977 591
978 559
979 519
980 526
981 539
982 588
983 549
984 555
985 572
986 608
987 639
988 648
989 612
990 566
991 609
992 545
993 530
994 552
995 549
996 613
997 619
998 653
999 644
1000 646
