1 22
2 32
3 52
4 63
5 84
6 102
7 119
8 144
9 149
10 165
11 207
12 230
13 265
14 271
15 290
16 346
17 369
18 391
19 404
20 418
21 443
22 456
23 482
24 517
25 545
26 516
27 583
28 591
29 641
30 685
31 722
32 759
33 785
34 794
35 766
36 814
37 781
38 802
39 852
40 807
41 741
42 725
43 698
44 704
45 686
46 677
47 705
48 697
49 747
50 791
51 827
52 843
53 866
54 887
55 909
56 901
57 904
58 911
59 933
60 955
61 928
62 946
63 1050
64 1112
65 1104
66 1095
67 1095
68 1137
69 1180
70 1204
71 1195
72 1200
73 1254
74 1240
75 1300
76 1285
77 1299
78 1307
79 1295
80 1339
81 1339
82 1401
83 1429
84 1437
85 1450
86 1452
87 1521
88 1585
89 1606
90 1656
91 1692
92 1691
93 1695
94 1714
95 1759
96 1755
97 1852
98 1856
99 1898
100 1980
101 1965
102 2016
103 1964
104 1981
105 1971
106 1921
107 1917
108 1942
109 1917
110 2007
111 2124
112 2084
113 2123
114 2150
115 2230
116 2258
117 2218
118 2258
119 2270
120 2272
121 2262
122 2298
123 2321
124 2346
125 2385
126 2348
127 2376
128 2370
129 2425
130 2348
131 2389
132 2455
133 2492
134 2475
135 2535
136 2524
137 2611
138 2699
139 2754
140 2786
141 2798
142 2907
143 2908
144 2851
145 2871
146 2909
147 2914
148 2849
149 2867
150 2859
151 2929
152 2881
153 2895
154 2861
155 2903
156 2894
157 2955
158 2957
159 2854
160 2866
161 2927
162 2955
163 2912
164 2894
165 3031
166 3078
167 3037
168 3017
169 3007
170 2925
171 2883
172 2948
173 2767
174 2856
175 2873
176 2911
177 2956
178 2979
179 3045
180 3041
181 3043
182 3043
183 3073
184 3119
185 2997
186 3023
187 3088
188 3266
189 3283
190 3213
191 3240
192 3379
193 3376
194 3500
195 3428
196 3416
197 3415
198 3324
199 3369
200 3429
201 3391
202 3345
203 3544
204 3576
205 3541
206 3558
207 3517
208 3543
209 3544
210 3584
211 3647
212 3722
213 3776
214 3887
215 3788
216 3744
217 3717
218 3702
219 3728
220 3783
221 3776
222 3832
223 3906
224 3853
225 3757
226 3791
227 3805
228 3782
229 3769
230 3894
231 3857
232 3951
233 3996
234 4048
235 4088
236 4154
237 4175
238 4226
239 4300
240 4262
241 4206
242 4218
243 4251
244 4175
245 4217
246 4192
247 4188
248 4182
249 4178
250 4310
251 4341
252 4362
253 4407
254 4433
255 4514
256 4578
257 4560
258 4564
259 4575
260 4626
261 4569
262 4731
263 4782
264 4830
265 4972
266 4887
267 4937
268 4948
269 4948
270 5041
271 5013
272 5078
273 5089
274 5053
275 5033
276 5196
277 5240
278 5204
279 5258
280 5228
281 5394
282 5416
283 5470
284 5381
285 5395
286 5354
287 5254
288 5194
289 5281
290 5257
291 5132
292 5093
293 5013
294 4987
295 5081
296 5083
297 5074
298 5170
299 5161
300 5251
301 5270
302 5283
303 5274
304 5300
305 5338
306 5485
307 5609
308 5543
309 5652
310 5739
311 5716
312 5767
313 5687
314 5691
315 5796
316 5845
317 5936
318 5837
319 5982
320 5918
321 6033
322 6235
323 6172
324 6051
325 6054
326 5984
327 6201
328 6184
329 6229
330 6181
331 6133
332 6323
333 6285
334 6301
335 6144
336 6203
337 6322
338 6395
339 6283
340 6382
341 6322
342 6379
343 6375
344 6324
345 6463
346 6505
347 6590
348 6651
349 6740
350 6699
351 6615
352 6758
353 6624
354 6632
355 6583
356 6613
357 6693
358 6887
359 6953
360 7057
361 7196
362 7249
363 7132
364 7206
365 7168
366 7245
367 7201
368 7119
369 7082
370 7081
371 7121
372 7198
373 7348
374 7391
375 7428
376 7448
377 7476
378 7610
379 7802
380 7867
381 7752
382 7892
383 7882
384 7988
385 8050
386 8114
387 8215
388 8415
389 8270
390 8303
391 8275
392 8257
393 8342
394 8105
395 8102
396 8045
397 8046
398 8018
399 8110
400 8163
401 8218
402 8191
403 8125
404 8284
405 8234
406 8253
407 8150
408 8191
409 8189
410 8258
411 8399
412 8318
413 8234
414 8263
415 8094
416 8038
417 7811
418 7798
419 7910
420 8065
421 8216
422 8294
423 8310
424 8301
425 8370
426 8317
427 8271
428 8279
429 8273
430 8335
431 8267
432 8301
433 8207
434 8223
435 8195
436 8291
437 8440
438 8528
439 8443
440 8520
441 8587
442 8755
443 8891
444 8930
445 9004
446 9054
447 9129
448 9264
449 9373
450 9449
451 9454
452 9543
453 9445
454 9328
455 9292
456 9391
457 9398
458 9291
459 9170
460 9112
461 9127
462 9033
463 9025
464 9173
465 9071
466 9131
467 9072
468 9197
469 9252
470 9132
471 9131
472 8972
473 8827
474 8907
475 9017
476 9157
477 9136
478 9375
479 9478
480 9617
481 9643
482 9715
483 9728
484 9774
485 9820
486 9736
487 9622
488 9693
489 9625
490 9524
491 9472
492 9642
493 9437
494 9400
495 9502
496 9432
497 9469
498 9382
499 9448
500 9601
501 9615
502 9371
503 9328
504 9247
505 9325
506 9348
507 9453
508 9402
509 9440
510 9553
511 9684
512 9872
513 9943
514 9991
515 9935
516 9946
517 9954
518 10055
519 10104
520 10246
521 10101
522 10114
523 9934
524 10080
525 10235
526 10393
527 10297
528 10311
529 10267
530 10294
531 10241
532 10394
533 10244
534 10442
535 10510
536 10465
537 10553
538 10577
539 10695
540 10793
541 10728
542 10446
543 10434
544 10617
545 10553
546 10597
547 10545
548 10716
549 10727
550 10797
551 10713
552 10689
553 10670
554 10666
555 10772
556 10830
557 10657
558 10692
559 10635
560 10650
561 10824
562 10770
563 10805
564 10690
565 10688
566 10806
567 10980
568 10729
569 10718
570 10928
571 10864
572 11078
573 11122
574 11200
575 11309
576 11506
577 11561
578 11681
579 11793
580 11577
581 11408
582 11458
583 11512
584 11531
585 11575
586 11540
587 11688
588 11530
589 11509
590 11600
591 11663
592 11538
593 11531
594 11579
595 11646
596 11682
597 11631
598 11749
599 11783
600 11743
601 11640
602 11758
603 11779
604 11938
605 11980
606 12033
607 12232
608 12049
609 12081
610 12024
611 11921
612 12124
613 12059
614 12102
615 12132
616 12338
617 12129
618 12009
619 12110
620 12193
621 11887
622 11812
623 11859
624 11888
625 11825
626 11719
627 11569
628 11605
629 11487
630 11523
631 11523
632 11463
633 11536
634 11581
635 11616
636 11637
637 11617
638 11717
639 11942
640 11963
641 11947
642 11984
643 11979
644 11879
645 11823
646 12066
647 12072
648 12215
649 12112
650 11975
651 12052
652 12208
653 12175
654 12222
655 12123
656 12008
657 12088
658 11942
659 11958
660 11770
661 11797
662 11809
663 11863
664 12050
665 12054
666 11888
667 11950
668 11730
669 12042
670 12128
671 12146
672 12050
673 12186
674 12222
675 12102
676 11957
677 12051
678 12152
679 12207
680 12109
681 12214
682 11982
683 11988
684 11943
685 12034
686 12120
687 12099
688 12088
689 12041
690 12076
691 12005
692 11808
693 11689
694 11836
695 11943
696 11823
697 11903
698 11921
699 12053
700 12110
701 11972
702 12013
703 11945
704 12142
705 12232
706 12182
707 12039
708 12256
709 12426
710 12309
711 12368
712 12471
713 12586
714 12691
715 12768
716 12763
717 12854
718 13069
719 13210
720 13251
721 13158
722 13352
723 13303
724 13396
725 13435
726 13504
727 13366
728 13391
729 13390
730 13496
731 13541
732 13506
733 13667
734 13648
735 13885
736 13856
737 14009
738 14092
739 14112
740 14207
741 14278
742 14165
743 14211
744 14253
745 14216
746 14316
747 14241
748 14481
749 14488
750 14636
751 14740
752 14668
753 14817
754 14695
755 14687
756 14872
757 14806
758 14830
759 14856
760 14903
761 14858
762 14987
763 14916
764 14982
765 15068
766 15119
767 15174
768 15143
769 15188
770 15129
771 14969
772 15118
773 15196
774 15211
775 15309
776 15271
777 15397
778 15500
779 15255
780 15183
781 15143
782 15254
783 15489
784 15519
785 15707
786 15902
787 15971
788 16116
789 16243
790 16201
791 16247
792 16206
793 16071
794 15903
795 16098
796 15979
797 16174
798 16266
799 16350
800 16311
801 16114
802 16027
803 16099
804 16330
805 16218
806 16292
807 16365
808 16474
809 16470
810 16595
811 16665
812 16547
813 16607
814 16613
815 16912
816 16797
817 16820
818 16997
819 16829
820 16946
821 17073
822 17054
823 17009
824 17033
825 16842
826 16725
827 16546
828 16575
829 16630
830 16708
831 16672
832 16770
833 16750
834 16725
835 16692
836 16681
837 16757
838 16811
839 16995
840 16926
841 16973
842 17251
843 17123
844 17092
845 17056
846 17221
847 17116
848 17189
849 17056
850 16946
851 16649
852 16652
853 16727
854 16766
855 16752
856 16713
857 16674
858 16716
859 16936
860 17129
861 17104
862 17315
863 17429
864 17455
865 17479
866 17534
867 17512
868 17474
869 17487
870 17372
871 17358
872 17465
873 17270
874 17317
875 17277
876 17013
877 17005
878 17257
879 17359
880 17260
881 17295
882 17226
883 17168
884 17317
885 17157
886 17179
887 17186
888 17479
889 17298
890 17403
891 17278
892 17399
893 17550
894 17536
895 17573
896 17532
897 17535
898 17401
899 17422
900 17579
901 17787
902 17733
903 17520
904 17343
905 17325
906 17226
907 17429
908 17608
909 17404
910 17337
911 17118
912 17094
913 17106
914 17253
915 17221
916 17234
917 16904
918 16846
919 16654
920 16682
921 16825
922 16862
923 16914
924 16845
925 17095
926 17291
927 17391
928 17064
929 17030
930 17108
931 17067
932 17062
933 17094
934 17242
935 17239
936 17327
937 17369
938 17313
939 17498
940 17636
941 17645
942 17643
943 17642
944 17592
945 17951
946 18050
947 18199
948 18321
949 18209
950 18189
951 18330
952 18149
953 18052
954 17990
955 17908
956 17954
957 17959
958 17977
959 18002
960 18075
961 18298
962 18106
963 18313
964 18379
965 18619
966 18452
967 18467
968 18437
969 18541
970 18554
971 18753
972 18708
973 18431
974 18426
975 18345
976 18416
977 18426
978 18276
979 18234
980 18171
981 18313
982 18284
983 18508
984 18594
985 18554
986 18517
987 18583
988 18660
989 18632
990 18568
991 18662
992 18911
993 18983
994 19136
995 19319
996 19410
997 19481
998 19448
999 19222
1000 19150
