1 3
2 8
3 16
4 13
5 14
6 20
7 20
8 21
9 21
10 17
11 14
12 8
13 5
14 12
15 18
16 27
17 26
18 26
19 33
20 35
21 41
22 38
23 33
24 32
25 25
26 32
27 30
28 34
29 47
30 59
31 61
32 75
33 78
34 94
35 90
36 106
37 112
38 117
39 124
40 121
41 131
42 121
43 127
44 127
45 132
46 130
47 140
48 150
49 166
50 158
51 158
52 132
53 147
54 151
55 157
56 153
57 156
58 147
59 164
60 159
61 161
62 167
63 151
64 155
65 168
66 169
67 170
68 180
69 184
70 189
71 186
72 193
73 181
74 175
75 182
76 201
77 205
78 194
79 208
80 179
81 176
82 191
83 189
84 166
85 174
86 159
87 151
88 160
89 178
90 190
91 179
92 192
93 181
94 185
95 190
96 190
97 189
98 198
99 175
100 197
101 200
102 188
103 181
104 171
105 152
106 148
107 150
108 149
109 160
110 174
111 170
112 153
113 161
114 161
115 175
116 175
117 184
118 186
119 186
120 189
121 168
122 164
123 153
124 143
125 143
126 130
127 126
128 134
129 167
130 177
131 179
132 183
133 190
134 193
135 193
136 195
137 208
138 211
139 200
140 189
141 176
142 192
143 178
144 174
145 146
146 127
147 144
148 145
149 148
150 160
151 148
152 138
153 151
154 142
155 138
156 129
157 136
158 150
159 146
160 159
161 142
162 137
163 133
164 140
165 134
166 125
167 115
168 119
169 126
170 128
171 134
172 140
173 135
174 114
175 108
176 98
177 98
178 98
179 89
180 95
181 98
182 97
183 101
184 98
185 81
186 92
187 91
188 84
189 80
190 89
191 70
192 68
193 82
194 93
195 95
196 79
197 85
198 81
199 97
200 106
201 92
202 76
203 71
204 65
205 62
206 67
207 60
208 56
209 71
210 67
211 70
212 68
213 73
214 67
215 62
216 61
217 86
218 94
219 103
220 79
221 99
222 105
223 106
224 106
225 104
226 90
227 107
228 95
229 112
230 111
231 107
232 118
233 100
234 97
235 93
236 91
237 104
238 105
239 129
240 111
241 87
242 78
243 76
244 81
245 90
246 91
247 82
248 80
249 67
250 80
251 97
252 110
253 113
254 112
255 124
256 116
257 124
258 117
259 101
260 106
261 108
262 114
263 124
264 129
265 137
266 137
267 142
268 133
269 123
270 129
271 129
272 140
273 152
274 161
275 159
276 152
277 142
278 121
279 132
280 148
281 145
282 156
283 136
284 128
285 108
286 97
287 83
288 95
289 95
290 99
291 95
292 108
293 128
294 146
295 146
296 121
297 121
298 114
299 123
300 136
301 155
302 190
303 176
304 196
305 181
306 221
307 218
308 221
309 211
310 249
311 238
312 234
313 208
314 203
315 237
316 253
317 245
318 257
319 263
320 257
321 269
322 291
323 311
324 308
325 312
326 349
327 342
328 359
329 353
330 354
331 369
332 380
333 365
334 393
335 420
336 430
337 406
338 411
339 418
340 420
341 398
342 373
343 378
344 355
345 335
346 333
347 294
348 289
349 276
350 278
351 311
352 314
353 306
354 291
355 268
356 259
357 272
358 280
359 262
360 268
361 279
362 274
363 286
364 283
365 276
366 277
367 267
368 269
369 291
370 295
371 291
372 321
373 323
374 322
375 361
376 362
377 324
378 319
379 313
380 293
381 293
382 294
383 278
384 280
385 277
386 252
387 231
388 225
389 214
390 208
391 197
392 202
393 229
394 236
395 226
396 199
397 203
398 213
399 182
400 179
401 182
402 189
403 149
404 151
405 150
406 150
407 162
408 151
409 177
410 180
411 167
412 166
413 170
414 182
415 181
416 170
417 163
418 165
419 187
420 199
421 191
422 187
423 180
424 192
425 200
426 196
427 213
428 193
429 188
430 211
431 225
432 235
433 245
434 210
435 198
436 174
437 173
438 176
439 170
440 151
441 133
442 143
443 150
444 152
445 149
446 157
447 137
448 130
449 129
450 143
451 148
452 163
453 147
454 160
455 152
456 157
457 155
458 169
459 161
460 142
461 140
462 147
463 145
464 146
465 142
466 131
467 134
468 117
469 126
470 108
471 110
472 99
473 127
474 111
475 92
476 82
477 90
478 99
479 120
480 116
481 119
482 122
483 127
484 154
485 135
486 156
487 137
488 147
489 142
490 156
491 158
492 182
493 201
494 194
495 221
496 246
497 222
498 243
499 269
500 271
501 265
502 283
503 273
504 245
505 272
506 264
507 282
508 297
509 286
510 310
511 322
512 303
513 281
514 295
515 268
516 251
517 226
518 218
519 188
520 191
521 182
522 167
523 161
524 164
525 172
526 158
527 152
528 160
529 139
530 156
531 170
532 164
533 167
534 153
535 159
536 148
537 133
538 115
539 97
540 94
541 92
542 78
543 77
544 83
545 81
546 98
547 101
548 100
549 116
550 122
551 140
552 141
553 140
554 164
555 159
556 142
557 143
558 149
559 153
560 151
561 157
562 142
563 153
564 155
565 151
566 134
567 136
568 142
569 143
570 155
571 169
572 161
573 162
574 174
575 159
576 172
577 175
578 186
579 193
580 173
581 195
582 194
583 186
584 195
585 213
586 201
587 221
588 200
589 213
590 217
591 245
592 266
593 275
594 275
595 275
596 275
597 234
598 255
599 282
600 263
601 311
602 292
603 300
604 294
605 304
606 299
607 295
608 308
609 273
610 245
611 239
612 239
613 275
614 222
615 236
616 204
617 195
618 208
619 198
620 230
621 245
622 241
623 227
624 222
625 229
626 254
627 273
628 282
629 263
630 322
631 304
632 294
633 268
634 262
635 248
636 260
637 272
638 258
639 251
640 257
641 276
642 280
643 276
644 274
645 267
646 260
647 274
648 298
649 292
650 306
651 325
652 312
653 296
654 312
655 321
656 306
657 298
658 325
659 320
660 331
661 314
662 309
663 330
664 325
665 319
666 324
667 317
668 293
669 289
670 306
671 318
672 319
673 333
674 338
675 348
676 304
677 279
678 255
679 274
680 267
681 285
682 296
683 297
684 296
685 293
686 292
687 271
688 275
689 306
690 305
691 333
692 310
693 327
694 297
695 325
696 298
697 290
698 300
699 276
700 240
701 239
702 256
703 232
704 234
705 244
706 226
707 224
708 268
709 269
710 238
711 251
712 283
713 272
714 269
715 258
716 250
717 242
718 237
719 236
720 218
721 217
722 210
723 223
724 239
725 253
726 250
727 276
728 312
729 342
730 371
731 389
732 387
733 393
734 374
735 397
736 393
737 387
738 376
739 366
740 360
741 346
742 362
743 350
744 364
745 338
746 319
747 340
748 364
749 394
750 428
751 442
752 419
753 432
754 455
755 466
756 480
757 477
758 476
759 441
760 427
761 441
762 469
763 451
764 463
765 472
766 462
767 455
768 485
769 497
770 478
771 497
772 494
773 487
774 441
775 420
776 466
777 482
778 478
779 460
780 427
781 440
782 431
783 438
784 431
785 404
786 430
787 470
788 485
789 478
790 495
791 507
792 514
793 552
794 544
795 553
796 545
797 497
798 480
799 478
800 472
801 505
802 514
803 529
804 527
805 550
806 587
807 599
808 540
809 554
810 527
811 550
812 569
813 582
814 573
815 625
816 633
817 638
818 652
819 642
820 652
821 656
822 668
823 678
824 667
825 640
826 628
827 638
828 650
829 624
830 627
831 647
832 652
833 653
834 676
835 641
836 611
837 602
838 621
839 621
840 625
841 644
842 629
843 617
844 583
845 558
846 531
847 536
848 560
849 547
850 566
851 593
852 612
853 583
854 578
855 601
856 591
857 598
858 583
859 530
860 499
861 502
862 498
863 486
864 527
865 568
866 594
867 603
868 667
869 648
870 659
871 654
872 674
873 664
874 657
875 644
876 628
877 577
878 588
879 559
880 558
881 563
882 572
883 598
884 617
885 659
886 649
887 627
888 620
889 594
890 596
891 592
892 629
893 602
894 632
895 632
896 612
897 613
898 609
899 629
900 641
901 639
902 612
903 584
904 578
905 606
906 624
907 597
908 598
909 582
910 589
911 590
912 616
913 627
914 635
915 672
916 667
917 632
918 648
919 634
920 634
921 605
922 604
923 589
924 598
925 565
926 564
927 605
928 640
929 625
930 608
931 616
932 610
933 628
934 590
935 607
936 592
937 599
938 619
939 619
940 610
941 600
942 597
943 624
944 626
945 640
946 691
947 725
948 719
949 731
950 765
951 736
952 748
953 721
954 698
955 653
956 683
957 715
958 729
959 732
960 703
961 684
962 624
963 627
964 617
965 634
966 591
967 571
968 586
969 597
970 604
971 601
972 617
973 578
974 566
975 554
976 570
977 582
978 603
979 596
980 590
981 619
982 609
983 542
984 555
985 538
986 545
987 545
988 525
989 525
990 494
991 512
992 519
993 508
994 519
995 512
996 512
997 538
998 545
999 562
1000 551
