100 6
200 0
300 0
400 1
500 1
600 1
700 0
800 6
900 3
1000 1
1100 7
1200 2
1300 23
1400 16
1500 1
1600 0
1700 2
1800 0
1900 0
2000 1
2100 0
2200 0
2300 0
2400 0
2500 4
2600 32
2700 0
2800 10
2900 10
3000 0
3100 2
3200 0
3300 9
3400 0
3500 0
3600 0
3700 4
3800 1
3900 0
4000 0
4100 0
4200 0
4300 2
4400 1
4500 1
4600 0
4700 0
4800 1
4900 0
5000 0
5100 0
5200 2
5300 0
5400 1
5500 0
5600 0
5700 0
5800 1
5900 3
6000 6
6100 0
6200 0
6300 0
6400 0
6500 0
6600 0
6700 0
6800 0
6900 0
7000 1
7100 1
7200 0
7300 0
7400 0
7500 18
7600 3070
7700 7602
7800 9328
7900 3
8000 164
8100 0
8200 0
8300 0
8400 1
8500 0
8600 7
8700 8
8800 4
8900 0
9000 3
9100 7
9200 6
9300 6
9400 27
9500 0
9600 0
9700 52
9800 2
9900 3
10000 2
10100 30
10200 1
10300 5
10400 0
10500 1
10600 1
10700 1
10800 5
10900 5
11000 0
11100 14
11200 0
11300 7
11400 9
11500 4
11600 0
11700 0
11800 9
11900 0
12000 5
12100 0
12200 0
12300 0
12400 6
12500 0
12600 0
12700 3
12800 7
12900 18
13000 1
13100 2
13200 6
13300 2
13400 2
13500 0
13600 11
13700 0
13800 0
13900 1
14000 0
14100 0
14200 0
14300 8
14400 1
14500 1
14600 32
14700 17
14800 3
14900 0
15000 29
15100 14
15200 0
15300 34
15400 0
15500 51
15600 180
15700 206
15800 26
15900 44
16000 71
16100 2
16200 0
16300 2
16400 0
16500 0
16600 42
16700 1
16800 100
16900 27
17000 51
17100 67
17200 178
17300 288
17400 243
17500 25
17600 0
17700 20
17800 13
17900 55
18000 5
18100 5
18200 56
18300 36
18400 1
18500 0
18600 27
18700 3
18800 3
18900 127
19000 283
19100 466
19200 650
19300 956
19400 1754
19500 1031
19600 758
19700 746
19800 756
19900 872
20000 1319
20100 1008
20200 440
20300 226
20400 268
20500 234
20600 546
20700 569
20800 450
20900 77
21000 120
21100 73
21200 31
21300 0
21400 31
21500 63
21600 58
21700 176
21800 401
21900 362
22000 261
22100 274
22200 376
22300 149
22400 47
22500 40
22600 65
22700 147
22800 283
22900 435
23000 458
23100 699
23200 585
23300 764
23400 1119
23500 1229
23600 1039
23700 1253
23800 1135
23900 780
24000 896
24100 650
24200 450
24300 595
24400 462
24500 525
24600 521
24700 428
24800 421
24900 839
25000 793
25100 693
25200 1284
25300 1262
25400 1467
25500 813
25600 1005
25700 941
25800 1060
25900 1053
26000 973
26100 907
26200 653
26300 616
26400 353
26500 135
26600 100
26700 98
26800 76
26900 9
27000 2
27100 1
27200 6
27300 73
27400 181
27500 157
27600 296
27700 173
27800 121
27900 169
28000 222
28100 101
28200 466
28300 592
28400 360
28500 369
28600 447
28700 929
28800 1331
28900 1390
29000 2
29100 29
29200 32
29300 15
29400 1
29500 5
29600 0
29700 29
29800 3
29900 1
30000 11
30100 13
30200 15
30300 3
30400 4
30500 9
30600 13
30700 0
30800 58
30900 0
31000 5
31100 7
31200 0
31300 24
31400 0
31500 8
31600 1
31700 12
31800 1
31900 3
32000 5
32100 5
32200 43
32300 46
32400 5
32500 6
32600 47
32700 40
32800 15
32900 3
33000 3
33100 0
33200 0
33300 5
33400 141
33500 95
33600 63
33700 120
33800 120
33900 76
34000 484
34100 422
34200 578
34300 611
34400 441
34500 210
34600 201
34700 104
34800 41
34900 13
35000 90
35100 211
35200 834
35300 715
35400 663
35500 256
35600 333
35700 212
35800 339
35900 429
36000 335
36100 166
36200 305
36300 104
36400 63
36500 43
36600 27
36700 77
36800 50
36900 3
37000 11
37100 70
37200 79
37300 66
37400 53
37500 41
37600 34
37700 28
37800 131
37900 224
38000 207
38100 253
38200 952
38300 706
38400 641
38500 655
38600 622
38700 755
38800 490
38900 600
39000 681
39100 260
39200 351
39300 657
39400 849
39500 1016
39600 1062
39700 1114
39800 1480
39900 1822
40000 1953
40100 1786
40200 2096
40300 2719
40400 2367
40500 2537
40600 2613
40700 2133
40800 2466
40900 2117
41000 2306
41100 2720
41200 3049
41300 3146
41400 2178
41500 1650
41600 2079
41700 1108
41800 1054
41900 1197
42000 1784
42100 1215
42200 1184
42300 1086
42400 1052
42500 931
42600 1134
42700 1057
42800 973
42900 1444
43000 1351
43100 1255
43200 1581
43300 1490
43400 1846
43500 2131
43600 1374
43700 1112
43800 1204
43900 1227
44000 1628
44100 1506
44200 1666
44300 1606
44400 1360
44500 1221
44600 1783
44700 1340
44800 2004
44900 2048
45000 2280
45100 2805
45200 2541
45300 2679
45400 3358
45500 3229
45600 2957
45700 2783
45800 2954
45900 2732
46000 2144
46100 1648
46200 2046
46300 2035
46400 1979
46500 1947
46600 2208
46700 2848
46800 2550
46900 2072
47000 1491
47100 1068
47200 1586
47300 1143
47400 683
47500 646
47600 811
47700 631
47800 737
47900 765
48000 354
48100 400
48200 180
48300 282
48400 560
48500 625
48600 1180
48700 604
48800 448
48900 616
49000 676
49100 567
49200 598
49300 613
49400 783
49500 411
49600 582
49700 427
49800 219
49900 122
50000 8
50100 9
50200 0
50300 7
50400 0
50500 0
50600 0
50700 1
50800 0
50900 1
51000 73
51100 19
51200 38
51300 91
51400 0
51500 7
51600 5
51700 28
51800 147
51900 155
52000 160
52100 308
52200 490
52300 625
52400 712
52500 768
52600 795
52700 521
52800 666
52900 592
53000 530
53100 400
53200 409
53300 592
53400 801
53500 755
53600 1194
53700 808
53800 868
53900 613
54000 431
54100 959
54200 904
54300 893
54400 548
54500 248
54600 329
54700 297
54800 574
54900 486
55000 564
55100 847
55200 878
55300 722
55400 931
55500 809
55600 540
55700 371
55800 261
55900 340
56000 546
56100 397
56200 227
56300 109
56400 217
56500 405
56600 287
56700 265
56800 517
56900 407
57000 490
57100 463
57200 404
57300 146
57400 226
57500 89
57600 107
57700 189
57800 252
57900 393
58000 579
58100 578
58200 802
58300 1309
58400 993
58500 1274
58600 827
58700 947
58800 1043
58900 939
59000 790
59100 928
59200 984
59300 1232
59400 908
59500 1146
59600 1989
59700 2273
59800 2112
59900 2133
60000 2624
60100 2566
60200 3587
60300 2845
60400 2499
60500 2292
60600 2904
60700 2685
60800 2663
60900 2516
61000 2450
61100 3322
61200 3534
61300 2993
61400 3225
61500 3507
61600 3952
61700 3573
61800 3602
61900 3439
62000 3481
62100 3280
62200 2978
62300 2886
62400 2748
62500 3353
62600 4376
62700 4634
62800 4930
62900 5945
63000 5720
63100 5845
63200 4999
63300 4491
63400 4672
63500 4448
63600 4139
63700 4023
63800 4534
63900 5455
64000 4905
64100 6354
64200 7123
64300 6430
64400 7702
64500 6826
64600 6927
64700 6060
64800 6891
64900 6688
65000 5864
65100 6452
65200 6002
65300 5758
65400 6622
65500 6256
65600 5880
65700 5795
65800 5673
65900 5757
66000 4473
66100 4438
66200 5391
66300 5359
66400 5099
66500 5967
66600 6139
66700 5379
66800 5652
66900 5378
67000 4917
67100 5243
67200 5601
67300 5694
67400 5805
67500 5725
67600 5929
67700 6472
67800 5504
67900 5955
68000 5452
68100 5730
68200 5937
68300 5799
68400 5318
68500 5116
68600 6591
68700 6213
68800 7674
68900 6863
69000 7797
69100 7331
69200 8312
69300 8132
69400 7725
69500 9599
69600 424
69700 254
69800 9987
69900 83
70000 9563
70100 220
70200 9463
70300 9174
70400 9578
70500 8547
70600 8644
70700 9536
70800 9258
70900 8979
71000 8883
71100 8092
71200 7784
71300 8782
71400 94
71500 1579
71600 344
71700 969
71800 360
71900 1455
72000 1784
72100 854
72200 988
72300 1951
72400 2094
72500 1962
72600 2108
72700 1355
72800 1969
72900 1775
73000 1136
73100 398
73200 650
73300 477
73400 2751
73500 2215
73600 1921
73700 2037
73800 1830
73900 1920
74000 637
74100 1166
74200 1232
74300 361
74400 635
74500 9826
74600 8969
74700 9775
74800 863
74900 225
75000 9165
75100 151
75200 9523
75300 7459
75400 7859
75500 6967
75600 6921
75700 7685
75800 8976
75900 8083
76000 8275
76100 7361
76200 6370
76300 5412
76400 6094
76500 4852
76600 4132
76700 3276
76800 2582
76900 3366
77000 3304
77100 2834
77200 2467
77300 1569
77400 1458
77500 2070
77600 1432
77700 1821
77800 1896
77900 1737
78000 1193
78100 1532
78200 1781
78300 2221
78400 2617
78500 2192
78600 2528
78700 2642
78800 2858
78900 2641
79000 1801
79100 1772
79200 1839
79300 1846
79400 1346
79500 1337
79600 1269
79700 1422
79800 2100
79900 2402
80000 2701
80100 2941
80200 2891
80300 3374
80400 4284
80500 5518
80600 5353
80700 5026
80800 4292
80900 4879
81000 5483
81100 6212
81200 6252
81300 6646
81400 7309
81500 6008
81600 6234
81700 6515
81800 7964
81900 7412
82000 7296
82100 7186
82200 6943
82300 7157
82400 7460
82500 6545
82600 5741
82700 5725
82800 5371
82900 6192
83000 6216
83100 4054
83200 3073
83300 2791
83400 2784
83500 2847
83600 2408
83700 2265
83800 1796
83900 1745
84000 1703
84100 1958
84200 1908
84300 1785
84400 1698
84500 1828
84600 2177
84700 1887
84800 2022
84900 2068
85000 2728
85100 2607
85200 2321
85300 2890
85400 2561
85500 2241
85600 2054
85700 2270
85800 2369
85900 2394
86000 2144
86100 2781
86200 2360
86300 2061
86400 2105
86500 2296
86600 1708
86700 1779
86800 1103
86900 1125
87000 906
87100 673
87200 287
87300 290
87400 272
87500 56
87600 73
87700 0
87800 111
87900 24
88000 23
88100 87
88200 218
88300 336
88400 555
88500 841
88600 758
88700 372
88800 695
88900 447
89000 491
89100 822
89200 890
89300 993
89400 1154
89500 1450
89600 1147
89700 994
89800 694
89900 299
90000 524
90100 973
90200 1454
90300 1635
90400 2024
90500 2292
90600 2517
90700 2659
90800 3074
90900 3532
91000 3805
91100 3349
91200 2983
91300 1750
91400 2281
91500 1832
91600 2112
91700 2088
91800 1713
91900 1594
92000 1202
92100 1055
92200 1615
92300 1885
92400 2445
92500 2993
92600 4775
92700 6092
92800 6091
92900 6320
93000 5516
93100 6252
93200 5721
93300 4534
93400 5037
93500 5442
93600 5411
93700 5085
93800 6030
93900 5922
94000 6505
94100 6132
94200 6991
94300 6992
94400 7344
94500 6993
94600 5832
94700 5047
94800 5830
94900 5982
95000 6277
95100 5926
95200 6333
95300 5630
95400 6010
95500 5937
95600 6300
95700 6323
95800 5407
95900 4607
96000 4193
96100 4426
96200 4464
96300 3430
96400 3609
96500 3573
96600 3203
96700 3202
96800 3363
96900 3985
97000 4727
97100 3581
97200 3960
97300 2882
97400 3058
97500 3354
97600 3256
97700 3731
97800 4453
97900 3827
98000 3695
98100 3334
98200 2564
98300 1970
98400 1702
98500 1707
98600 1662
98700 1168
98800 1169
98900 1966
99000 1730
99100 1393
99200 1419
99300 1324
99400 1371
99500 2118
99600 2628
99700 2782
99800 2210
99900 1831
100000 1930
