100 1
200 1
300 0
400 1
500 0
600 0
700 9
800 1
900 0
1000 0
1100 1
1200 29
1300 1
1400 0
1500 0
1600 43
1700 4
1800 0
1900 11
2000 0
2100 3
2200 0
2300 14
2400 2
2500 2
2600 13
2700 2
2800 0
2900 2
3000 2
3100 55
3200 0
3300 6
3400 10
3500 4
3600 0
3700 4
3800 0
3900 1
4000 1
4100 1
4200 0
4300 4
4400 0
4500 9
4600 0
4700 5
4800 0
4900 0
5000 1
5100 0
5200 10
5300 0
5400 4
5500 0
5600 2
5700 0
5800 1
5900 0
6000 0
6100 0
6200 3
6300 0
6400 0
6500 0
6600 1
6700 0
6800 0
6900 10
7000 4
7100 1
7200 1449
7300 0
7400 0
7500 14
7600 1
7700 0
7800 3
7900 0
8000 5
8100 1
8200 0
8300 23
8400 3
8500 1
8600 0
8700 5
8800 0
8900 1
9000 0
9100 1
9200 15
9300 4
9400 0
9500 0
9600 0
9700 1
9800 1
9900 0
10000 1
10100 8
10200 0
10300 2
10400 8
10500 1
10600 109
10700 8
10800 1
10900 17
11000 3
11100 1
11200 0
11300 0
11400 2
11500 0
11600 0
11700 0
11800 9
11900 0
12000 0
12100 1
12200 0
12300 5
12400 5
12500 0
12600 3
12700 5
12800 4
12900 12
13000 0
13100 1
13200 0
13300 8
13400 0
13500 6
13600 24
13700 0
13800 7
13900 1
14000 4
14100 1
14200 2
14300 0
14400 0
14500 0
14600 45
14700 0
14800 9
14900 0
15000 12
15100 1
15200 17
15300 0
15400 0
15500 2
15600 87
15700 427
15800 420
15900 522
16000 243
16100 112
16200 45
16300 152
16400 163
16500 178
16600 77
16700 165
16800 194
16900 114
17000 187
17100 360
17200 309
17300 278
17400 263
17500 128
17600 610
17700 704
17800 1174
17900 1246
18000 1545
18100 1464
18200 782
18300 350
18400 203
18500 290
18600 150
18700 83
18800 173
18900 150
19000 171
19100 244
19200 558
19300 452
19400 369
19500 237
19600 394
19700 100
19800 205
19900 246
20000 401
20100 194
20200 164
20300 336
20400 176
20500 135
20600 188
20700 45
20800 11
20900 0
21000 12
21100 9
21200 0
21300 0
21400 1
21500 88
21600 57
21700 5
21800 0
21900 18
22000 22
22100 0
22200 10
22300 0
22400 32
22500 17
22600 0
22700 1
22800 19
22900 1
23000 2
23100 73
23200 65
23300 36
23400 14
23500 129
23600 104
23700 282
23800 240
23900 140
24000 7
24100 9
24200 13
24300 1
24400 3
24500 0
24600 0
24700 4
24800 67
24900 70
25000 24
25100 24
25200 0
25300 3
25400 3
25500 4
25600 17
25700 81
25800 60
25900 115
26000 281
26100 3
26200 3
26300 21
26400 46
26500 114
26600 123
26700 85
26800 133
26900 146
27000 136
27100 130
27200 126
27300 340
27400 348
27500 346
27600 284
27700 70
27800 4
27900 2
28000 22
28100 0
28200 0
28300 8
28400 195
28500 105
28600 134
28700 39
28800 3
28900 77
29000 62
29100 13
29200 29
29300 0
29400 22
29500 77
29600 141
29700 139
29800 216
29900 353
30000 223
30100 161
30200 630
30300 930
30400 860
30500 733
30600 980
30700 1181
30800 1851
30900 1826
31000 1163
31100 1135
31200 792
31300 1096
31400 1479
31500 1323
31600 1312
31700 482
31800 405
31900 693
32000 587
32100 803
32200 1845
32300 1440
32400 1256
32500 803
32600 1033
32700 1340
32800 1068
32900 1920
33000 2383
33100 3457
33200 4447
33300 4660
33400 4082
33500 4714
33600 4876
33700 3592
33800 2849
33900 2295
34000 2293
34100 1967
34200 1926
34300 2423
34400 1887
34500 1688
34600 2045
34700 1660
34800 972
34900 1188
35000 687
35100 610
35200 884
35300 1154
35400 1703
35500 1579
35600 1711
35700 2533
35800 3234
35900 3242
36000 3211
36100 2803
36200 2312
36300 2840
36400 2377
36500 1972
36600 1263
36700 965
36800 900
36900 1153
37000 854
37100 1000
37200 842
37300 818
37400 1319
37500 1781
37600 1711
37700 1396
37800 1052
37900 1206
38000 1146
38100 1371
38200 1276
38300 2016
38400 2198
38500 3072
38600 2415
38700 2146
38800 1629
38900 1547
39000 1664
39100 1345
39200 1620
39300 1605
39400 933
39500 972
39600 474
39700 687
39800 439
39900 354
40000 211
40100 292
40200 468
40300 758
40400 754
40500 646
40600 827
40700 1085
40800 1461
40900 1645
41000 1726
41100 1396
41200 1457
41300 1521
41400 1050
41500 844
41600 1471
41700 1614
41800 1592
41900 1715
42000 1845
42100 1983
42200 1846
42300 1847
42400 1528
42500 1611
42600 1969
42700 1841
42800 1351
42900 1082
43000 850
43100 922
43200 920
43300 775
43400 348
43500 317
43600 322
43700 284
43800 202
43900 378
44000 511
44100 708
44200 643
44300 480
44400 402
44500 735
44600 622
44700 278
44800 216
44900 265
45000 217
45100 621
45200 579
45300 241
45400 335
45500 155
45600 38
45700 46
45800 1
45900 3
46000 16
46100 2
46200 32
46300 33
46400 122
46500 70
46600 25
46700 91
46800 88
46900 142
47000 300
47100 230
47200 443
47300 281
47400 568
47500 378
47600 200
47700 160
47800 46
47900 80
48000 23
48100 14
48200 0
48300 22
48400 29
48500 0
48600 0
48700 31
48800 2
48900 3
49000 1
49100 14
49200 145
49300 161
49400 160
49500 183
49600 281
49700 308
49800 284
49900 336
50000 353
50100 226
50200 79
50300 181
50400 327
50500 180
50600 105
50700 74
50800 108
50900 6
51000 57
51100 48
51200 108
51300 7
51400 59
51500 98
51600 54
51700 8
51800 5
51900 2
52000 10
52100 83
52200 37
52300 36
52400 121
52500 181
52600 128
52700 53
52800 145
52900 212
53000 176
53100 207
53200 246
53300 459
53400 292
53500 196
53600 186
53700 41
53800 62
53900 300
54000 20
54100 26
54200 2
54300 3
54400 2
54500 2
54600 4
54700 130
54800 74
54900 16
55000 37
55100 47
55200 121
55300 9
55400 16
55500 3
55600 0
55700 113
55800 83
55900 93
56000 127
56100 91
56200 57
56300 106
56400 61
56500 71
56600 138
56700 74
56800 94
56900 110
57000 248
57100 413
57200 195
57300 260
57400 186
57500 155
57600 81
57700 99
57800 81
57900 9
58000 5
58100 0
58200 1
58300 3
58400 0
58500 22
58600 8
58700 0
58800 5
58900 33
59000 50
59100 48
59200 2
59300 46
59400 37
59500 26
59600 54
59700 100
59800 10
59900 53
60000 208
60100 199
60200 155
60300 1
60400 2
60500 0
60600 26
60700 47
60800 134
60900 13
61000 47
61100 0
61200 126
61300 2
61400 0
61500 54
61600 72
61700 146
61800 476
61900 290
62000 381
62100 161
62200 20
62300 1
62400 1
62500 6
62600 8
62700 26
62800 276
62900 380
63000 529
63100 676
63200 883
63300 1076
63400 1281
63500 868
63600 636
63700 1384
63800 2490
63900 1705
64000 2844
64100 3903
64200 3439
64300 3653
64400 3097
64500 3162
64600 2914
64700 2864
64800 3180
64900 2931
65000 3285
65100 3819
65200 3240
65300 3313
65400 3333
65500 3897
65600 3218
65700 3180
65800 4128
65900 3963
66000 3278
66100 3065
66200 2918
66300 2346
66400 2595
66500 2579
66600 2411
66700 1738
66800 1463
66900 1182
67000 1226
67100 1039
67200 1427
67300 1057
67400 1174
67500 1162
67600 853
67700 1040
67800 798
67900 892
68000 815
68100 726
68200 566
68300 852
68400 1105
68500 1376
68600 1163
68700 1342
68800 1490
68900 1161
69000 838
69100 729
69200 337
69300 305
69400 106
69500 184
69600 419
69700 508
69800 431
69900 664
70000 476
70100 700
70200 793
70300 983
70400 1098
70500 1029
70600 1631
70700 1381
70800 1507
70900 1913
71000 2412
71100 3101
71200 2048
71300 2182
71400 1771
71500 1434
71600 1561
71700 1799
71800 1349
71900 987
72000 331
72100 252
72200 389
72300 469
72400 728
72500 547
72600 606
72700 1005
72800 1194
72900 1130
73000 1399
73100 801
73200 1001
73300 668
73400 523
73500 957
73600 459
73700 483
73800 430
73900 500
74000 454
74100 611
74200 401
74300 186
74400 481
74500 663
74600 501
74700 824
74800 1092
74900 1307
75000 686
75100 522
75200 329
75300 451
75400 396
75500 422
75600 414
75700 362
75800 399
75900 306
76000 213
76100 388
76200 312
76300 583
76400 884
76500 1135
76600 2509
76700 3002
76800 2719
76900 2254
77000 1543
77100 1987
77200 1451
77300 1346
77400 1640
77500 1765
77600 2362
77700 2301
77800 1509
77900 1336
78000 1665
78100 2096
78200 2760
78300 1924
78400 2276
78500 2896
78600 1926
78700 1853
78800 1790
78900 1830
79000 1002
79100 761
79200 714
79300 519
79400 580
79500 424
79600 307
79700 472
79800 442
79900 652
80000 950
80100 655
80200 652
80300 585
80400 672
80500 674
80600 203
80700 122
80800 128
80900 59
81000 149
81100 102
81200 182
81300 104
81400 251
81500 147
81600 92
81700 7
81800 1
81900 7
82000 2
82100 41
82200 8
82300 90
82400 89
82500 4
82600 4
82700 16
82800 40
82900 62
83000 83
83100 61
83200 15
83300 56
83400 21
83500 15
83600 0
83700 21
83800 7
83900 83
84000 362
84100 109
84200 523
84300 836
84400 712
84500 456
84600 377
84700 624
84800 597
84900 209
85000 233
85100 156
85200 203
85300 99
85400 162
85500 86
85600 182
85700 210
85800 6
85900 2
86000 97
86100 41
86200 41
86300 16
86400 0
86500 1
86600 3
86700 53
86800 88
86900 203
87000 190
87100 231
87200 160
87300 16
87400 16
87500 0
87600 0
87700 110
87800 9
87900 2
88000 8
88100 0
88200 17
88300 2
88400 47
88500 62
88600 41
88700 58
88800 106
88900 17
89000 49
89100 53
89200 115
89300 61
89400 121
89500 168
89600 212
89700 223
89800 136
89900 163
90000 2
90100 19
90200 6
90300 0
90400 1
90500 54
90600 115
90700 94
90800 78
90900 109
91000 47
91100 67
91200 27
91300 110
91400 115
91500 90
91600 0
91700 0
91800 0
91900 0
92000 43
92100 0
92200 1
92300 3
92400 28
92500 2
92600 1
92700 1
92800 121
92900 209
93000 381
93100 205
93200 229
93300 331
93400 137
93500 64
93600 0
93700 6
93800 6
93900 20
94000 8
94100 3
94200 0
94300 0
94400 0
94500 1
94600 85
94700 98
94800 133
94900 261
95000 637
95100 639
95200 845
95300 825
95400 743
95500 611
95600 605
95700 924
95800 938
95900 989
96000 1343
96100 1458
96200 1554
96300 1060
96400 1517
96500 1301
96600 1431
96700 1252
96800 1277
96900 869
97000 1141
97100 1283
97200 1177
97300 1215
97400 1059
97500 1730
97600 2205
97700 2467
97800 2431
97900 2707
98000 2489
98100 1388
98200 1391
98300 2075
98400 1661
98500 2132
98600 1348
98700 1300
98800 1149
98900 992
99000 1171
99100 1398
99200 1410
99300 1164
99400 919
99500 957
99600 1000
99700 743
99800 570
99900 626
100000 774
