100 7
200 3
300 0
400 1
500 5
600 10
700 0
800 0
900 0
1000 1
1100 10
1200 4
1300 0
1400 7
1500 1
1600 0
1700 0
1800 286
1900 11
2000 0
2100 1
2200 0
2300 0
2400 1
2500 20
2600 9
2700 0
2800 6
2900 0
3000 7
3100 23
3200 10
3300 0
3400 21
3500 47
3600 0
3700 0
3800 5
3900 1
4000 4
4100 0
4200 4
4300 1
4400 2
4500 0
4600 4
4700 5
4800 0
4900 0
5000 1
5100 0
5200 0
5300 0
5400 0
5500 1
5600 1
5700 1
5800 1
5900 9
6000 0
6100 0
6200 0
6300 1
6400 0
6500 1
6600 0
6700 2
6800 2
6900 1
7000 0
7100 1
7200 5
7300 0
7400 2
7500 0
7600 2
7700 5
7800 3
7900 2
8000 3
8100 4
8200 1
8300 0
8400 0
8500 0
8600 0
8700 3
8800 0
8900 0
9000 9
9100 0
9200 5
9300 0
9400 0
9500 7
9600 10
9700 4
9800 0
9900 0
10000 2
10100 0
10200 2
10300 2
10400 2
10500 13
10600 23
10700 0
10800 1
10900 0
11000 0
11100 0
11200 1
11300 0
11400 5
11500 0
11600 2
11700 3
11800 0
11900 0
12000 0
12100 0
12200 18
12300 16
12400 11
12500 0
12600 11
12700 0
12800 1
12900 0
13000 0
13100 1
13200 0
13300 0
13400 6
13500 11
13600 0
13700 0
13800 2
13900 0
14000 0
14100 4
14200 1
14300 0
14400 0
14500 1
14600 4
14700 0
14800 6
14900 0
15000 1
15100 7
15200 0
15300 9
15400 0
15500 31
15600 2
15700 1
15800 27
15900 0
16000 0
16100 10
16200 12
16300 60
16400 10
16500 98
16600 66
16700 214
16800 118
16900 153
17000 218
17100 132
17200 4
17300 59
17400 174
17500 73
17600 284
17700 419
17800 263
17900 283
18000 117
18100 64
18200 49
18300 103
18400 57
18500 430
18600 410
18700 477
18800 440
18900 491
19000 574
19100 391
19200 607
19300 287
19400 129
19500 52
19600 260
19700 134
19800 96
19900 21
20000 31
20100 96
20200 86
20300 20
20400 18
20500 7
20600 1
20700 1
20800 70
20900 28
21000 61
21100 242
21200 305
21300 176
21400 262
21500 176
21600 194
21700 224
21800 476
21900 903
22000 730
22100 284
22200 265
22300 595
22400 458
22500 560
22600 528
22700 570
22800 497
22900 214
23000 207
23100 89
23200 223
23300 112
23400 48
23500 134
23600 319
23700 134
23800 62
23900 29
24000 16
24100 15
24200 233
24300 297
24400 339
24500 200
24600 202
24700 103
24800 87
24900 107
25000 366
25100 358
25200 395
25300 127
25400 40
25500 89
25600 258
25700 266
25800 244
25900 95
26000 1
26100 11
26200 15
26300 100
26400 7
26500 3
26600 0
26700 8
26800 8
26900 1
27000 16
27100 0
27200 3
27300 1
27400 0
27500 5
27600 5
27700 96
27800 123
27900 395
28000 919
28100 1518
28200 1892
28300 2206
28400 1604
28500 1601
28600 1951
28700 2641
28800 2666
28900 2119
29000 2300
29100 2529
29200 2502
29300 1983
29400 2567
29500 2941
29600 2611
29700 2423
29800 2796
29900 2219
30000 6
30100 2
30200 49
30300 101
30400 250
30500 497
30600 646
30700 879
30800 814
30900 1073
31000 1218
31100 1298
31200 1648
31300 1544
31400 1615
31500 1921
31600 2188
31700 1547
31800 2245
31900 2523
32000 3354
32100 2778
32200 2340
32300 2493
32400 2655
32500 2187
32600 2048
32700 2229
32800 2044
32900 1754
33000 1331
33100 2131
33200 1360
33300 1671
33400 1410
33500 1610
33600 1292
33700 525
33800 696
33900 753
34000 565
34100 796
34200 1159
34300 927
34400 1239
34500 1286
34600 1223
34700 676
34800 775
34900 437
35000 474
35100 300
35200 190
35300 124
35400 217
35500 50
35600 25
35700 12
35800 0
35900 8
36000 0
36100 43
36200 8
36300 0
36400 73
36500 415
36600 100
36700 7
36800 2
36900 71
37000 228
37100 73
37200 48
37300 103
37400 70
37500 251
37600 576
37700 356
37800 750
37900 810
38000 1084
38100 1190
38200 1453
38300 685
38400 915
38500 829
38600 615
38700 463
38800 610
38900 545
39000 198
39100 117
39200 130
39300 162
39400 152
39500 22
39600 0
39700 0
39800 3
39900 85
40000 303
40100 259
40200 142
40300 258
40400 516
40500 478
40600 332
40700 165
40800 280
40900 238
41000 474
41100 458
41200 312
41300 284
41400 342
41500 522
41600 688
41700 192
41800 258
41900 301
42000 619
42100 391
42200 759
42300 581
42400 843
42500 1224
42600 1377
42700 2158
42800 1967
42900 1611
43000 1444
43100 1148
43200 909
43300 959
43400 794
43500 1118
43600 1462
43700 834
43800 1101
43900 943
44000 850
44100 1159
44200 1048
44300 1358
44400 1293
44500 1382
44600 1431
44700 1185
44800 1354
44900 1079
45000 1100
45100 999
45200 2103
45300 1561
45400 1051
45500 852
45600 466
45700 394
45800 300
45900 478
46000 535
46100 309
46200 319
46300 294
46400 221
46500 48
46600 185
46700 127
46800 142
46900 133
47000 459
47100 454
47200 733
47300 1332
47400 1389
47500 990
47600 699
47700 519
47800 406
47900 754
48000 533
48100 322
48200 276
48300 509
48400 484
48500 225
48600 109
48700 76
48800 189
48900 78
49000 41
49100 46
49200 61
49300 223
49400 287
49500 808
49600 916
49700 620
49800 151
49900 64
50000 14
50100 11
50200 1
50300 278
50400 411
50500 493
50600 230
50700 794
50800 808
50900 850
51000 585
51100 728
51200 1003
51300 891
51400 562
51500 925
51600 825
51700 1244
51800 1192
51900 1826
52000 1200
52100 940
52200 854
52300 389
52400 375
52500 706
52600 1157
52700 1289
52800 1050
52900 775
53000 1030
53100 721
53200 395
53300 298
53400 216
53500 100
53600 275
53700 100
53800 12
53900 1
54000 36
54100 4
54200 7
54300 0
54400 52
54500 15
54600 4
54700 7
54800 1
54900 19
55000 12
55100 97
55200 215
55300 261
55400 419
55500 658
55600 1001
55700 1225
55800 1148
55900 1299
56000 1088
56100 720
56200 757
56300 419
56400 506
56500 254
56600 171
56700 153
56800 38
56900 30
57000 47
57100 107
57200 19
57300 22
57400 92
57500 91
57600 100
57700 201
57800 372
57900 344
58000 589
58100 518
58200 401
58300 408
58400 913
58500 976
58600 910
58700 991
58800 782
58900 928
59000 747
59100 631
59200 779
59300 874
59400 1024
59500 518
59600 678
59700 352
59800 470
59900 1062
60000 2028
60100 2846
60200 4056
60300 3187
60400 3289
60500 3476
60600 2910
60700 2981
60800 3176
60900 3014
61000 3151
61100 3816
61200 2623
61300 1721
61400 2034
61500 1658
61600 1512
61700 961
61800 938
61900 1155
62000 1460
62100 1015
62200 1379
62300 1389
62400 1692
62500 1766
62600 2026
62700 1723
62800 1467
62900 1480
63000 1651
63100 2210
63200 1688
63300 1007
63400 1219
63500 1555
63600 1168
63700 2027
63800 2176
63900 1907
64000 2257
64100 2298
64200 2149
64300 1518
64400 1459
64500 1685
64600 2340
64700 2241
64800 2229
64900 2249
65000 2817
65100 2819
65200 2772
65300 2473
65400 2095
65500 1967
65600 2480
65700 2828
65800 3340
65900 3780
66000 3804
66100 4295
66200 4681
66300 3469
66400 3404
66500 2953
66600 2818
66700 3399
66800 2908
66900 2799
67000 2706
67100 2770
67200 2123
67300 2297
67400 2657
67500 2989
67600 3768
67700 3468
67800 2791
67900 2309
68000 1360
68100 908
68200 1337
68300 1724
68400 1896
68500 1744
68600 1725
68700 1550
68800 1285
68900 716
69000 941
69100 539
69200 248
69300 197
69400 139
69500 69
69600 79
69700 9
69800 20
69900 50
70000 97
70100 35
70200 1
70300 11
70400 0
70500 3
70600 3
70700 55
70800 17
70900 243
71000 180
71100 175
71200 576
71300 783
71400 835
71500 920
71600 1149
71700 1388
71800 971
71900 738
72000 406
72100 533
72200 722
72300 690
72400 418
72500 916
72600 772
72700 839
72800 951
72900 859
73000 674
73100 469
73200 686
73300 280
73400 209
73500 162
73600 215
73700 89
73800 10
73900 112
74000 216
74100 137
74200 346
74300 87
74400 219
74500 219
74600 169
74700 1
74800 0
74900 50
75000 144
75100 312
75200 94
75300 42
75400 13
75500 4
75600 0
75700 30
75800 21
75900 0
76000 24
76100 0
76200 21
76300 2
76400 32
76500 90
76600 86
76700 46
76800 31
76900 0
77000 68
77100 98
77200 97
77300 513
77400 543
77500 650
77600 520
77700 372
77800 525
77900 378
78000 299
78100 392
78200 145
78300 71
78400 107
78500 24
78600 41
78700 8
78800 105
78900 57
79000 70
79100 66
79200 145
79300 185
79400 74
79500 0
79600 0
79700 12
79800 32
79900 100
80000 122
80100 130
80200 203
80300 46
80400 59
80500 70
80600 12
80700 33
80800 18
80900 28
81000 76
81100 108
81200 70
81300 33
81400 41
81500 0
81600 0
81700 0
81800 16
81900 3
82000 1
82100 43
82200 105
82300 152
82400 260
82500 317
82600 28
82700 191
82800 548
82900 578
83000 910
83100 1150
83200 1160
83300 1466
83400 1715
83500 1722
83600 1965
83700 2098
83800 2573
83900 2619
84000 2889
84100 2752
84200 2765
84300 2451
84400 2077
84500 1775
84600 1801
84700 1468
84800 1548
84900 1282
85000 958
85100 927
85200 864
85300 629
85400 805
85500 700
85600 1593
85700 1872
85800 1454
85900 1170
86000 1951
86100 1616
86200 1864
86300 1935
86400 2007
86500 2308
86600 2560
86700 2393
86800 1887
86900 1893
87000 2297
87100 2679
87200 2322
87300 2188
87400 1912
87500 1833
87600 2042
87700 1728
87800 2242
87900 2663
88000 2922
88100 2855
88200 3733
88300 3891
88400 4415
88500 5151
88600 4926
88700 5339
88800 5854
88900 4927
89000 4716
89100 5426
89200 5418
89300 5434
89400 5524
89500 4644
89600 4810
89700 3353
89800 2557
89900 2636
90000 2612
90100 1781
90200 2236
90300 1765
90400 1703
90500 952
90600 1023
90700 1033
90800 919
90900 864
91000 1066
91100 1217
91200 724
91300 358
91400 198
91500 253
91600 265
91700 256
91800 302
91900 281
92000 474
92100 505
92200 649
92300 775
92400 887
92500 1037
92600 1076
92700 1323
92800 993
92900 887
93000 1241
93100 1474
93200 1344
93300 1294
93400 1166
93500 1392
93600 1878
93700 2431
93800 2934
93900 2361
94000 2801
94100 2114
94200 2298
94300 2385
94400 2872
94500 2651
94600 3244
94700 3294
94800 3926
94900 4456
95000 4114
95100 4264
95200 3271
95300 3500
95400 3185
95500 3436
95600 3268
95700 3486
95800 3513
95900 3732
96000 3948
96100 4918
96200 4038
96300 5422
96400 6225
96500 6505
96600 6219
96700 4262
96800 3555
96900 3614
97000 3173
97100 3186
97200 3426
97300 2976
97400 3579
97500 3940
97600 3824
97700 3664
97800 3471
97900 3181
98000 2967
98100 3271
98200 2590
98300 2253
98400 2683
98500 3444
98600 2518
98700 2348
98800 2220
98900 2662
99000 2979
99100 3025
99200 2685
99300 2969
99400 2755
99500 2068
99600 2040
99700 2351
99800 1597
99900 1357
100000 1154
