100 0
200 0
300 1
400 0
500 2
600 0
700 409
800 13
900 0
1000 0
1100 10
1200 0
1300 1
1400 1
1500 0
1600 1
1700 2
1800 19
1900 3
2000 0
2100 0
2200 3
2300 4
2400 0
2500 1
2600 0
2700 17
2800 1
2900 3
3000 0
3100 0
3200 15
3300 8
3400 0
3500 0
3600 0
3700 0
3800 0
3900 1
4000 6
4100 0
4200 0
4300 0
4400 2
4500 0
4600 0
4700 4
4800 5
4900 2
5000 1
5100 6
5200 3
5300 0
5400 4
5500 17
5600 0
5700 10
5800 6
5900 5
6000 0
6100 7
6200 0
6300 1
6400 307
6500 3
6600 0
6700 0
6800 2
6900 5
7000 2
7100 0
7200 11
7300 0
7400 1
7500 4
7600 7
7700 4
7800 1
7900 10
8000 0
8100 0
8200 14
8300 2
8400 0
8500 0
8600 0
8700 4
8800 1
8900 0
9000 7
9100 34
9200 5
9300 4
9400 0
9500 0
9600 0
9700 0
9800 0
9900 0
10000 0
10100 0
10200 0
10300 2
10400 2
10500 20
10600 3
10700 1
10800 3
10900 1
11000 0
11100 2
11200 0
11300 0
11400 0
11500 5
11600 1
11700 1
11800 2
11900 1
12000 13
12100 0
12200 0
12300 1
12400 2
12500 8
12600 56
12700 0
12800 0
12900 0
13000 3
13100 54
13200 10
13300 0
13400 6
13500 0
13600 26
13700 1
13800 0
13900 4
14000 0
14100 1
14200 0
14300 3
14400 14
14500 0
14600 0
14700 0
14800 18
14900 3
15000 0
15100 2
15200 5
15300 1
15400 7
15500 79
15600 14
15700 0
15800 13
15900 7
16000 15
16100 10
16200 17
16300 12
16400 117
16500 106
16600 350
16700 598
16800 755
16900 777
17000 1401
17100 1454
17200 1440
17300 2096
17400 1453
17500 2038
17600 1658
17700 1805
17800 1800
17900 1367
18000 1469
18100 1386
18200 1880
18300 1390
18400 1850
18500 1935
18600 1405
18700 1769
18800 1734
18900 2068
19000 2074
19100 1489
19200 1481
19300 1771
19400 1117
19500 1295
19600 735
19700 1173
19800 1380
19900 2008
20000 1344
20100 933
20200 1148
20300 1250
20400 1339
20500 1070
20600 1142
20700 1378
20800 985
20900 698
21000 579
21100 552
21200 585
21300 1123
21400 1325
21500 1626
21600 1483
21700 1291
21800 1756
21900 2580
22000 2381
22100 1891
22200 1554
22300 1176
22400 692
22500 801
22600 485
22700 411
22800 426
22900 152
23000 280
