100 236
200 423
300 211
400 237
500 280
600 190
700 290
800 735
900 746
1000 248
1100 29
1200 634
1300 840
1400 106
1500 699
1600 306
1700 45
1800 189
1900 250
2000 921
2100 287
2200 401
2300 12
2400 170
2500 45
2600 269
2700 81
2800 245
2900 680
3000 262
3100 158
3200 169
3300 510
3400 720
3500 485
3600 364
3700 582
3800 23
3900 811
4000 411
4100 723
4200 844
4300 411
4400 482
4500 505
4600 337
4700 644
4800 298
4900 544
5000 825
5100 559
5200 97
5300 606
5400 483
5500 863
5600 469
5700 533
5800 213
5900 730
6000 639
6100 246
6200 259
6300 449
6400 828
6500 103
6600 976
6700 60
6800 684
6900 522
7000 267
7100 362
7200 434
7300 167
7400 240
7500 513
7600 397
7700 686
7800 928
7900 676
8000 84
8100 873
8200 633
8300 891
8400 112
8500 295
8600 769
8700 631
8800 450
8900 91
9000 805
9100 155
9200 237
9300 673
9400 355
9500 500
9600 922
9700 747
9800 339
9900 911
10000 616
10100 67
10200 860
10300 780
10400 132
10500 82
10600 676
10700 6
10800 504
10900 709
11000 565
11100 272
11200 582
11300 412
11400 300
11500 997
11600 397
11700 606
11800 652
11900 503
12000 161
12100 567
12200 705
12300 839
12400 166
12500 322
12600 173
12700 248
12800 977
12900 776
13000 299
13100 204
13200 899
13300 779
13400 652
13500 150
13600 872
13700 210
13800 741
13900 203
14000 874
14100 498
14200 836
14300 681
14400 379
14500 858
14600 599
14700 461
14800 22
14900 603
15000 684
15100 769
15200 150
15300 792
15400 162
15500 127
15600 681
15700 579
15800 296
15900 431
16000 767
16100 845
16200 491
16300 632
16400 890
16500 963
16600 303
16700 323
16800 920
16900 888
17000 741
17100 829
17200 209
17300 320
17400 388
17500 284
17600 624
17700 282
17800 485
17900 817
18000 895
18100 359
18200 439
18300 617
18400 993
18500 324
18600 65
18700 280
18800 28
18900 980
19000 251
19100 936
19200 800
19300 725
19400 471
19500 872
19600 235
19700 872
19800 47
19900 550
20000 158
20100 145
20200 586
20300 310
20400 761
20500 359
20600 55
20700 582
20800 197
20900 836
21000 829
21100 585
21200 570
21300 121
21400 41
21500 368
21600 434
21700 275
21800 252
21900 0
22000 665
22100 14
22200 434
22300 440
22400 595
22500 523
22600 892
22700 719
22800 849
22900 815
23000 949
23100 329
23200 739
23300 54
23400 327
23500 428
23600 748
23700 42
23800 617
23900 794
24000 24
24100 478
24200 673
24300 141
24400 0
24500 910
24600 985
24700 297
24800 355
24900 666
25000 552
25100 654
25200 852
25300 405
25400 984
25500 745
25600 585
25700 399
25800 606
25900 292
26000 199
26100 82
26200 777
26300 892
26400 705
26500 930
26600 226
26700 339
26800 524
26900 151
27000 114
27100 66
27200 404
27300 440
27400 518
27500 997
27600 210
27700 130
27800 448
27900 627
28000 723
28100 907
28200 292
28300 609
28400 378
28500 243
28600 386
28700 490
28800 286
28900 964
29000 288
29100 547
29200 298
29300 586
29400 329
29500 794
29600 753
29700 433
29800 475
29900 851
30000 87
30100 472
30200 320
30300 822
30400 711
30500 482
30600 657
30700 275
30800 3
30900 870
31000 357
31100 858
31200 937
31300 762
31400 697
31500 771
31600 363
31700 782
31800 845
31900 211
32000 457
32100 655
32200 382
32300 222
32400 883
32500 440
32600 761
32700 464
32800 149
32900 404
33000 609
33100 718
33200 479
33300 23
33400 0
33500 324
33600 350
33700 716
33800 453
33900 528
34000 206
34100 783
34200 408
34300 20
34400 125
34500 923
34600 53
34700 851
34800 111
34900 541
35000 325
35100 776
35200 411
35300 157
35400 369
35500 503
35600 877
35700 11
35800 974
35900 600
36000 295
36100 48
36200 381
36300 599
36400 643
36500 570
36600 478
36700 302
36800 484
36900 927
37000 184
37100 29
37200 844
37300 720
37400 528
37500 831
37600 586
37700 345
37800 564
37900 313
38000 360
38100 762
38200 769
38300 434
38400 877
38500 648
38600 812
38700 694
38800 232
38900 347
39000 500
39100 12
39200 502
39300 357
39400 458
39500 726
39600 766
39700 929
39800 231
39900 494
40000 717
40100 681
40200 621
40300 39
40400 492
40500 237
40600 339
40700 455
40800 544
40900 915
41000 998
41100 538
41200 580
41300 404
41400 104
41500 314
41600 863
41700 758
41800 978
41900 808
42000 481
42100 490
42200 793
42300 728
42400 82
42500 973
42600 568
42700 919
42800 115
42900 394
43000 639
43100 746
43200 807
43300 519
43400 737
43500 229
43600 820
43700 927
43800 711
43900 576
44000 77
44100 723
44200 450
44300 544
44400 728
44500 67
44600 277
44700 513
44800 215
44900 573
45000 383
45100 971
45200 788
45300 882
45400 73
45500 269
45600 802
45700 297
45800 970
45900 261
46000 146
46100 489
46200 293
46300 748
46400 292
46500 728
46600 948
46700 773
46800 585
46900 68
47000 249
47100 260
47200 798
47300 897
47400 784
47500 941
47600 553
47700 506
47800 687
47900 639
48000 171
48100 104
48200 69
48300 326
48400 339
48500 928
48600 861
48700 407
48800 121
48900 672
49000 863
49100 74
49200 545
49300 395
49400 891
49500 185
49600 540
49700 531
49800 679
49900 9
50000 836
50100 412
50200 8
50300 177
50400 394
50500 74
50600 801
50700 233
50800 662
50900 86
51000 983
51100 469
51200 793
51300 56
51400 664
51500 466
51600 958
51700 98
51800 416
51900 483
52000 149
52100 670
52200 605
52300 728
52400 852
52500 505
52600 933
52700 692
52800 273
52900 514
53000 607
53100 181
53200 505
53300 118
53400 792
53500 229
53600 154
53700 362
53800 915
53900 450
54000 69
54100 105
54200 268
54300 92
54400 985
54500 313
54600 510
54700 641
54800 848
54900 370
55000 751
55100 233
55200 593
55300 408
55400 484
55500 732
55600 338
55700 976
55800 680
55900 739
56000 759
56100 680
56200 815
56300 501
56400 562
56500 324
56600 216
56700 850
56800 488
56900 869
57000 726
57100 167
57200 569
57300 692
57400 339
57500 630
57600 886
57700 946
57800 984
57900 870
58000 815
58100 90
58200 382
58300 622
58400 806
58500 790
58600 575
58700 150
58800 643
58900 860
59000 870
59100 155
59200 637
59300 68
59400 781
59500 606
59600 978
59700 23
59800 454
59900 739
60000 716
60100 127
60200 693
60300 643
60400 138
60500 412
60600 190
60700 604
60800 165
60900 358
61000 701
61100 837
61200 687
61300 80
61400 275
61500 5
61600 495
61700 236
61800 860
61900 946
62000 671
62100 594
62200 83
62300 881
62400 184
62500 805
62600 645
62700 131
62800 777
62900 613
63000 647
63100 484
63200 925
63300 393
63400 988
63500 454
63600 959
63700 773
63800 833
63900 580
64000 470
64100 35
64200 790
64300 830
64400 685
64500 727
64600 547
64700 595
64800 819
64900 180
65000 512
65100 547
65200 8
65300 880
65400 63
65500 987
65600 223
65700 468
65800 586
65900 634
66000 827
66100 721
66200 256
66300 591
66400 165
66500 675
66600 4
66700 88
66800 112
66900 805
67000 466
67100 125
67200 281
67300 557
67400 45
67500 625
67600 285
67700 871
67800 494
67900 896
68000 852
68100 952
68200 553
68300 142
68400 744
68500 629
68600 242
68700 811
68800 337
68900 814
69000 90
69100 617
69200 104
69300 757
69400 676
69500 48
69600 901
69700 370
69800 7
69900 253
70000 748
70100 651
70200 628
70300 987
70400 804
70500 581
70600 747
70700 158
70800 886
70900 890
71000 272
71100 635
71200 692
71300 739
71400 267
71500 655
71600 51
71700 221
71800 988
71900 909
72000 860
72100 466
72200 714
72300 445
72400 473
72500 737
72600 793
72700 691
72800 283
72900 785
73000 585
73100 60
73200 712
73300 895
73400 740
73500 71
73600 770
73700 63
73800 918
73900 185
74000 246
74100 18
74200 466
74300 183
74400 899
74500 212
74600 223
74700 803
74800 81
74900 688
75000 359
75100 192
75200 811
75300 444
75400 278
75500 918
75600 509
75700 3
75800 609
75900 309
76000 693
76100 462
76200 975
76300 611
76400 120
76500 306
76600 117
76700 144
76800 631
76900 40
77000 898
77100 946
77200 902
77300 911
77400 807
77500 613
77600 266
77700 149
77800 550
77900 15
78000 359
78100 972
78200 767
78300 676
78400 559
78500 492
78600 741
78700 991
78800 165
78900 493
79000 294
79100 155
79200 788
79300 799
79400 691
79500 707
79600 702
79700 70
79800 269
79900 171
80000 847
80100 550
80200 128
80300 495
80400 913
80500 871
80600 41
80700 407
80800 464
80900 489
81000 191
81100 547
81200 609
81300 944
81400 375
81500 904
81600 780
81700 635
81800 394
81900 122
82000 60
82100 941
82200 960
82300 294
82400 518
82500 29
82600 682
82700 36
82800 918
82900 154
83000 646
83100 909
83200 678
83300 281
83400 578
83500 659
83600 919
83700 288
83800 218
83900 722
84000 53
84100 723
84200 248
84300 369
84400 292
84500 0
84600 244
84700 240
84800 478
84900 508
85000 605
85100 543
85200 983
85300 474
85400 577
85500 847
85600 213
85700 93
85800 732
85900 732
86000 346
86100 248
86200 412
86300 141
86400 157
86500 758
86600 319
86700 140
86800 747
86900 91
87000 238
87100 297
87200 785
87300 97
87400 955
87500 808
87600 837
87700 87
87800 43
87900 994
88000 783
88100 940
88200 5
88300 788
88400 103
88500 715
88600 607
88700 461
88800 405
88900 652
89000 127
89100 761
89200 90
89300 631
89400 925
89500 136
89600 571
89700 983
89800 958
89900 613
90000 438
90100 630
90200 761
90300 239
90400 287
90500 889
90600 622
90700 942
90800 556
90900 329
91000 32
91100 296
91200 732
91300 837
91400 657
91500 895
91600 160
91700 662
91800 527
91900 993
92000 710
92100 84
92200 490
92300 52
92400 314
92500 8
92600 598
92700 249
92800 638
92900 636
93000 575
93100 666
93200 34
93300 664
93400 142
93500 962
93600 765
93700 614
93800 362
93900 19
94000 709
94100 843
94200 903
94300 330
94400 237
94500 149
94600 262
94700 539
94800 177
94900 827
95000 764
95100 65
95200 440
95300 487
95400 491
95500 362
95600 347
95700 983
95800 48
95900 0
96000 122
96100 305
96200 290
96300 160
96400 651
96500 984
96600 8
96700 965
96800 663
96900 831
97000 405
97100 112
97200 235
97300 6
97400 217
97500 800
97600 50
97700 577
97800 194
97900 429
98000 295
98100 904
98200 593
98300 548
98400 589
98500 595
98600 401
98700 976
98800 749
98900 865
99000 334
99100 279
99200 456
99300 300
99400 252
99500 138
99600 200
99700 494
99800 154
99900 660
100000 512
