11600 11
11700 8
11800 5
11900 7
12000 0
12100 11
12200 14
12300 13
12400 0
12500 0
12600 5
12700 0
12800 26
12900 10
13000 10
13100 175
13200 256
13300 144
13400 178
13500 25
13600 52
13700 54
13800 10
13900 43
14000 21
14100 8
14200 6
14300 41
14400 5
14500 10
14600 130
14700 131
14800 36
14900 201
15000 189
15100 208
15200 101
15300 633
15400 548
15500 720
15600 527
15700 935
15800 585
15900 323
16000 267
16100 323
16200 228
16300 105
16400 124
16500 273
16600 381
16700 411
16800 382
16900 386
17000 495
17100 494
17200 99
17300 213
17400 512
17500 373
17600 190
17700 325
17800 458
17900 424
18000 414
18100 465
18200 535
18300 446
18400 756
18500 452
18600 285
18700 235
18800 228
18900 162
19000 274
19100 569
19200 577
19300 1082
19400 1067
19500 893
19600 470
19700 425
19800 78
19900 202
20000 167
20100 212
20200 330
20300 348
20400 676
20500 544
20600 567
20700 230
20800 176
20900 176
21000 75
21100 8
21200 116
21300 320
21400 296
21500 396
21600 409
21700 340
21800 589
21900 512
22000 693
22100 573
22200 623
22300 152
22400 233
22500 418
22600 729
22700 617
22800 959
22900 886
23000 921
23100 453
23200 572
23300 516
23400 484
23500 454
23600 525
23700 402
23800 704
23900 869
24000 754
24100 743
24200 885
24300 845
24400 814
24500 807
24600 492
24700 451
24800 565
24900 417
25000 632
25100 885
25200 593
25300 635
25400 489
25500 508
25600 480
25700 343
25800 134
25900 134
26000 122
26100 213
26200 461
26300 630
26400 650
26500 564
26600 507
26700 543
26800 548
26900 314
27000 584
27100 820
27200 740
27300 1161
27400 1061
27500 1120
27600 588
27700 425
27800 399
27900 381
28000 54
28100 5
28200 1
28300 1
28400 13
28500 40
28600 134
28700 335
28800 306
28900 360
29000 548
29100 956
29200 843
29300 1096
29400 857
29500 806
29600 554
29700 712
29800 750
29900 291
30000 231
30100 651
30200 293
30300 538
30400 690
30500 624
30600 1053
30700 1087
30800 841
30900 831
31000 595
31100 892
31200 1032
31300 1401
31400 1943
31500 2098
31600 2507
31700 2562
31800 2841
31900 2832
32000 2546
32100 3188
32200 2734
32300 3390
32400 3236
32500 3918
32600 4113
32700 3687
32800 3219
32900 2647
33000 2997
33100 2708
33200 3003
33300 3088
33400 2225
33500 3229
33600 2759
33700 2771
33800 2954
33900 2237
34000 1574
34100 2438
34200 2592
34300 2446
34400 2855
34500 2936
34600 3013
34700 3477
34800 3484
34900 3258
35000 2760
35100 2687
35200 3245
35300 3557
35400 3734
35500 3502
35600 3252
35700 2739
35800 3496
35900 4252
36000 4011
36100 4608
36200 3642
36300 4138
36400 4371
36500 4468
36600 4940
36700 5559
36800 7034
36900 7508
37000 7788
37100 8108
37200 6584
37300 6759
37400 5806
37500 5642
37600 6373
37700 6455
37800 6897
37900 6852
38000 6769
38100 7440
38200 7576
38300 7543
38400 7555
38500 9481
38600 9949
38700 765
38800 9476
38900 9880
39000 9258
39100 8871
39200 8987
39300 8327
39400 8360
39500 9697
39600 8374
39700 8261
39800 8470
39900 8125
40000 7828
40100 7992
40200 7643
40300 7895
40400 8478
40500 8966
40600 8374
40700 9436
40800 9061
40900 7999
41000 9349
41100 9679
41200 372
41300 96
41400 39
41500 871
41600 2305
41700 3298
41800 3409
41900 3453
42000 4140
42100 3932
42200 2999
42300 2240
42400 2108
42500 3079
42600 2830
42700 2167
42800 1615
42900 909
43000 1496
43100 1797
43200 3158
43300 2669
43400 4688
43500 4703
43600 5354
43700 4716
43800 6592
43900 5874
44000 5367
44100 4484
44200 4258
44300 5994
44400 6534
44500 6186
44600 6481
44700 6711
44800 7310
44900 9725
45000 9188
45100 9377
45200 421
45300 69
45400 9083
45500 9028
45600 9395
45700 9143
45800 7012
45900 7744
46000 6787
46100 6128
46200 4737
46300 4754
46400 4750
46500 4003
46600 3420
46700 3719
46800 3078
46900 2939
47000 2782
47100 2852
47200 2851
47300 3089
47400 3225
47500 3674
47600 4019
47700 3989
47800 4291
47900 3174
48000 3614
48100 3475
48200 2555
48300 4132
48400 3234
48500 3208
48600 3290
48700 2353
48800 2421
48900 2283
49000 2712
49100 2866
49200 3250
49300 3020
49400 3810
49500 5218
49600 5393
49700 5068
49800 3886
49900 3461
50000 3147
50100 2697
50200 3886
50300 4489
50400 5382
50500 5583
50600 5045
50700 5349
50800 5288
50900 5339
51000 5762
51100 7150
51200 6995
51300 7191
51400 7290
51500 7689
51600 7940
51700 8012
51800 7440
51900 7957
52000 8205
52100 8993
52200 9427
52300 9442
52400 9165
52500 9561
52600 319
52700 729
52800 782
52900 962
53000 881
53100 9909
53200 99
53300 62
53400 9997
53500 9323
53600 8583
53700 8894
53800 8846
53900 9909
54000 9563
54100 9717
54200 9622
54300 9192
54400 9827
54500 9281
54600 9170
54700 9093
54800 8884
54900 9279
55000 9948
55100 42
55200 2
55300 9703
55400 9868
55500 9270
55600 9845
55700 9545
55800 9055
55900 8966
56000 9750
56100 9833
56200 9927
56300 370
56400 746
56500 920
56600 1554
56700 1391
56800 92
56900 63
57000 32
57100 995
57200 1623
57300 9871
57400 9707
57500 9516
57600 9494
57700 9422
57800 8899
57900 9712
58000 228
58100 52
58200 334
58300 1466
58400 1668
58500 2564
58600 2451
58700 2850
58800 3962
58900 2014
59000 1764
59100 1973
59200 1232
59300 1411
59400 2388
59500 2430
59600 2266
59700 2461
59800 2411
59900 2157
60000 3436
60100 2760
60200 2119
60300 1974
60400 1550
60500 1772
60600 307
60700 8904
60800 7210
60900 7017
61000 6836
61100 7353
61200 7775
61300 7480
61400 7520
61500 7678
61600 7545
61700 7587
61800 7883
61900 8273
62000 6243
62100 5294
62200 4043
62300 4987
62400 5462
62500 4505
62600 3864
62700 4717
62800 3200
62900 1834
63000 1290
63100 718
63200 9975
63300 9484
63400 339
63500 9918
63600 8954
63700 8913
63800 8216
63900 7991
64000 7611
64100 7454
64200 6287
64300 5040
64400 5605
64500 5801
64600 4365
64700 5396
64800 4010
64900 3485
65000 3362
65100 5141
65200 4286
65300 3582
65400 3952
65500 4456
65600 5193
65700 5161
65800 5407
65900 5539
66000 5700
66100 7087
66200 7832
66300 6618
66400 7368
66500 6708
66600 5736
66700 6184
66800 6803
66900 6617
67000 7171
67100 6810
67200 6390
67300 6383
67400 6904
67500 7452
67600 7576
67700 7332
67800 7256
67900 7162
68000 7639
68100 8261
68200 7853
68300 8202
68400 8036
68500 8377
68600 7888
68700 8581
68800 9414
68900 102
69000 1065
69100 1011
69200 1654
69300 2502
69400 2451
69500 3834
69600 4357
69700 4205
69800 3430
69900 3730
70000 4613
70100 3893
70200 4127
70300 3341
70400 3977
70500 3308
70600 3678
70700 3395
70800 3759
70900 3986
71000 4446
71100 4817
71200 4440
71300 4676
71400 4648
71500 4713
71600 4312
71700 4076
71800 4769
71900 3955
72000 3949
72100 3723
72200 4267
72300 4468
72400 5347
72500 5128
72600 4877
72700 5172
72800 5155
72900 4576
73000 4690
73100 3912
73200 1992
73300 2565
73400 2573
73500 1421
73600 356
73700 9438
73800 9103
73900 8454
74000 9992
74100 9708
74200 285
74300 1669
74400 3680
74500 3160
74600 2016
74700 2611
74800 2635
74900 2599
75000 2004
75100 2047
75200 2092
75300 2024
75400 1793
75500 1778
75600 3013
75700 4723
75800 3873
75900 4311
76000 4387
76100 3190
76200 1274
76300 1608
76400 1543
76500 1354
76600 1103
76700 1424
76800 1142
76900 1969
77000 1112
77100 872
77200 9991
77300 32
77400 197
77500 9588
77600 9759
77700 9357
77800 8864
77900 8856
78000 9553
78100 9573
78200 8360
78300 7369
78400 7803
78500 7458
78600 7300
78700 7097
78800 7292
78900 7892
79000 7381
79100 7041
79200 6590
79300 6345
79400 6784
79500 7264
79600 8262
79700 9655
79800 11
79900 1726
80000 1825
80100 1920
80200 1538
80300 325
80400 9531
80500 8953
80600 8471
80700 8795
80800 8452
80900 9205
81000 214
81100 9391
81200 8530
81300 9601
81400 8962
81500 8463
81600 9051
81700 9484
81800 43
81900 3
82000 8773
82100 7769
82200 6963
82300 7811
82400 7826
82500 6484
82600 6655
82700 6498
82800 6579
82900 7237
83000 7918
83100 5664
83200 6391
83300 5006
83400 4993
83500 5933
83600 5791
83700 5874
83800 6164
83900 6947
84000 6312
84100 5908
84200 6041
84300 6987
84400 7240
84500 7288
84600 7815
84700 7855
84800 8365
84900 7112
85000 7993
85100 9607
85200 162
85300 1193
85400 12
85500 9697
85600 9108
85700 8139
85800 9136
85900 9475
86000 21
86100 8684
86200 8659
86300 8431
86400 8257
86500 8398
86600 9004
86700 7784
86800 7769
86900 7062
87000 7567
87100 8417
87200 7837
87300 6715
87400 5695
87500 5545
87600 5219
87700 4278
87800 3329
87900 3249
88000 3200
88100 3064
88200 2647
88300 2865
88400 2458
88500 2975
88600 3483
88700 4235
88800 3884
88900 3516
89000 3270
89100 3148
89200 4044
89300 4048
89400 3849
89500 3338
89600 3085
89700 2571
89800 2904
89900 2284
90000 1893
90100 1835
90200 1565
90300 1610
90400 1733
90500 1947
90600 2660
90700 2765
90800 2158
90900 3213
91000 3750
91100 4333
91200 3946
91300 3768
91400 3498
91500 4404
91600 4732
91700 4780
91800 4010
91900 4479
92000 5666
92100 6435
