100 7
200 10
300 60
400 43
500 0
600 9
700 15
800 11
900 34
1000 3
1100 0
1200 0
1300 0
1400 4
1500 0
1600 41
1700 2
1800 11
1900 32
2000 33
2100 5
2200 13
2300 14
2400 6
2500 8
2600 50
2700 60
2800 12
2900 67
3000 202
3100 2
3200 2
3300 29
3400 6
3500 10
3600 1
3700 86
3800 17
3900 0
4000 1
4100 0
4200 0
4300 0
4400 2
4500 0
4600 4
4700 2
4800 3
4900 0
5000 0
5100 8
5200 36
5300 72
5400 227
5500 172
5600 144
5700 343
5800 313
5900 358
6000 107
6100 181
6200 260
6300 43
6400 5
6500 1
6600 92
6700 146
6800 588
6900 653
7000 566
7100 452
7200 504
7300 383
7400 166
7500 414
7600 371
7700 155
7800 239
7900 159
8000 273
8100 840
8200 419
8300 622
8400 917
8500 1108
8600 926
8700 790
8800 821
8900 478
9000 614
9100 580
9200 580
9300 489
9400 460
9500 1064
9600 892
9700 773
9800 560
9900 624
10000 903
10100 940
10200 729
10300 720
10400 398
10500 262
10600 586
10700 1149
10800 1269
10900 1198
11000 1046
11100 1499
11200 1004
11300 1028
11400 1449
11500 1852
11600 1973
11700 1988
11800 1822
11900 1778
12000 1919
12100 1266
12200 1442
12300 1169
12400 1050
12500 901
12600 739
12700 965
12800 516
12900 546
13000 367
13100 226
13200 94
13300 1
13400 111
13500 64
13600 16
13700 30
13800 38
13900 96
14000 3
14100 0
14200 14
14300 7
14400 130
14500 70
14600 12
14700 8
14800 9
14900 0
15000 45
15100 71
15200 91
15300 82
15400 101
15500 345
15600 516
15700 711
15800 709
15900 1065
16000 1471
16100 1850
16200 1125
16300 864
16400 1214
16500 867
16600 930
16700 586
16800 480
16900 392
17000 116
17100 47
17200 64
17300 60
17400 271
17500 20
17600 21
17700 42
17800 72
17900 10
18000 158
18100 334
18200 279
18300 130
18400 108
18500 19
18600 14
18700 23
18800 0
18900 9
19000 101
19100 24
19200 2
19300 9
19400 43
19500 7
19600 4
19700 6
19800 3
19900 11
20000 2
20100 0
20200 0
20300 5
20400 20
20500 21
20600 102
20700 160
20800 314
20900 354
21000 473
21100 270
21200 327
21300 206
21400 221
21500 335
21600 234
21700 371
21800 360
21900 592
22000 570
22100 477
22200 584
22300 889
22400 932
22500 620
22600 560
22700 530
22800 267
22900 151
23000 67
23100 3
23200 171
23300 152
23400 266
23500 548
23600 112
23700 95
23800 131
23900 107
24000 277
24100 517
24200 769
24300 575
24400 639
24500 932
24600 803
24700 823
24800 791
24900 747
25000 1036
25100 936
25200 913
25300 539
25400 554
25500 599
25600 618
25700 432
25800 913
25900 1342
26000 1273
26100 999
26200 1627
26300 977
26400 1009
26500 1202
26600 1522
26700 2145
26800 3231
26900 3217
27000 3472
27100 4357
27200 4573
27300 3786
27400 4946
27500 4908
27600 5224
27700 4998
27800 5603
27900 4581
28000 5037
28100 5586
28200 5968
28300 5586
28400 5660
28500 6373
28600 4982
28700 5846
28800 6888
28900 6342
29000 6458
29100 6642
29200 7316
29300 6556
29400 5988
29500 5625
29600 6090
29700 6141
29800 6440
29900 6171
30000 6465
30100 5416
30200 4345
30300 4860
30400 5542
30500 5689
30600 4597
30700 4898
30800 3627
30900 3535
31000 3460
31100 3034
31200 3745
31300 3731
31400 4153
31500 4751
31600 5238
31700 5268
31800 5632
31900 5513
32000 6406
32100 5894
32200 5350
32300 4534
32400 4551
32500 4883
32600 5058
32700 3998
32800 3322
32900 3813
33000 4574
33100 4319
33200 4442
33300 4577
33400 5205
33500 5264
33600 5121
33700 4151
33800 3913
33900 4015
34000 4902
34100 6116
34200 5293
34300 5352
34400 4864
34500 4659
34600 5104
34700 4665
34800 3994
34900 3871
35000 4007
35100 4778
35200 5050
35300 4715
35400 4846
35500 5271
35600 5622
35700 5539
35800 5410
35900 5792
36000 5972
36100 6003
36200 6822
36300 5954
36400 6290
36500 5629
36600 6331
36700 6456
36800 6287
36900 5551
37000 6172
37100 7850
37200 8051
37300 8114
37400 7874
37500 7112
37600 6558
37700 5030
37800 2855
37900 2850
38000 2577
38100 3212
38200 3214
38300 3890
38400 4018
38500 4080
38600 4255
38700 4305
38800 4537
38900 4372
39000 3951
39100 3419
39200 2943
39300 2806
39400 2948
39500 2383
39600 2141
39700 1798
39800 2450
39900 3140
40000 2541
40100 2477
40200 2079
40300 1681
40400 1536
40500 1538
40600 1512
40700 2396
40800 2739
40900 2680
41000 1771
41100 1446
41200 1711
41300 1522
41400 1682
41500 1517
41600 1547
41700 1928
41800 1880
41900 1084
42000 899
42100 927
42200 610
42300 441
42400 346
42500 272
42600 91
42700 0
42800 48
42900 251
43000 262
43100 123
43200 51
43300 1
43400 9
43500 6
43600 2
43700 60
43800 2
43900 58
44000 38
44100 197
44200 316
44300 13
44400 9
44500 14
44600 6
44700 14
44800 210
44900 371
45000 75
45100 14
45200 18
45300 32
45400 5
45500 17
45600 6
45700 25
45800 37
45900 0
46000 30
46100 0
46200 0
46300 2
46400 14
46500 3
46600 4
46700 223
46800 111
46900 149
47000 13
47100 11
47200 119
47300 76
47400 69
47500 47
47600 40
47700 23
47800 0
47900 2
48000 63
48100 72
48200 39
48300 139
48400 11
48500 20
48600 161
48700 174
48800 0
48900 57
49000 40
49100 2
49200 38
49300 123
49400 271
49500 355
49600 179
49700 401
49800 606
49900 532
50000 819
50100 696
50200 554
50300 133
50400 131
50500 177
50600 127
50700 111
50800 54
50900 132
51000 28
51100 78
51200 55
51300 80
51400 16
51500 0
51600 58
51700 103
51800 14
51900 61
52000 38
52100 37
52200 25
52300 2
52400 28
52500 53
52600 0
52700 16
52800 132
52900 58
53000 12
53100 102
53200 274
53300 224
53400 123
53500 66
53600 32
53700 22
53800 28
53900 0
54000 0
54100 0
54200 9
54300 0
54400 13
54500 189
54600 212
54700 220
54800 75
54900 73
55000 226
55100 342
55200 123
55300 43
55400 145
55500 27
55600 98
55700 68
55800 1
55900 13
56000 3
56100 17
56200 208
56300 84
56400 8
56500 33
56600 34
56700 4
56800 88
56900 67
57000 81
57100 0
57200 1
57300 24
57400 0
57500 3
57600 70
57700 247
57800 171
57900 301
58000 319
58100 330
58200 371
58300 428
58400 315
58500 376
58600 250
58700 158
58800 58
58900 41
59000 0
59100 9
59200 2
59300 44
59400 118
59500 79
59600 101
59700 26
59800 25
59900 34
60000 91
60100 3
60200 10
60300 14
60400 18
60500 0
60600 86
60700 96
60800 49
60900 0
61000 90
61100 8
61200 27
61300 0
61400 36
61500 1
61600 14
61700 37
61800 3
61900 13
62000 32
62100 0
62200 3
62300 0
62400 2
62500 22
62600 37
62700 5
62800 0
62900 42
63000 6
63100 2
63200 28
63300 7
63400 148
63500 35
63600 1
63700 10
63800 84
63900 129
64000 162
64100 200
64200 262
64300 138
64400 387
64500 723
64600 678
64700 729
64800 948
64900 1194
65000 1125
65100 1110
65200 1497
65300 1415
65400 1970
65500 1493
65600 1388
65700 836
65800 1244
65900 1338
66000 1017
66100 938
66200 636
66300 507
66400 463
66500 331
66600 246
66700 250
66800 317
66900 26
67000 16
67100 13
67200 9
67300 3
67400 15
67500 29
67600 4
67700 0
67800 4
67900 1
68000 5
68100 19
68200 25
68300 34
68400 9
68500 1
68600 0
68700 15
68800 15
68900 11
69000 124
69100 128
69200 0
69300 43
69400 23
69500 12
69600 1
69700 7
69800 8
69900 14
70000 129
70100 281
70200 418
70300 386
70400 301
70500 458
70600 250
70700 272
70800 744
70900 536
71000 351
71100 360
71200 370
71300 262
71400 221
71500 184
71600 137
71700 28
71800 6
71900 6
72000 12
72100 0
72200 5
72300 69
72400 412
72500 285
72600 122
72700 18
72800 4
72900 7
73000 141
73100 231
73200 207
73300 117
73400 221
73500 113
73600 50
73700 0
73800 126
73900 112
74000 216
74100 357
74200 470
74300 399
74400 534
74500 484
74600 560
74700 582
74800 578
74900 846
75000 741
75100 683
75200 893
75300 1057
75400 1278
75500 2100
75600 1355
75700 1220
75800 1013
75900 1547
76000 1945
76100 2466
76200 2288
76300 2800
76400 2799
76500 2537
76600 2884
76700 1584
76800 1467
76900 829
77000 831
77100 640
77200 475
77300 455
77400 375
77500 496
77600 359
77700 487
77800 903
77900 454
78000 863
78100 1548
78200 1287
78300 1184
78400 844
78500 1088
78600 1732
78700 1094
78800 1098
78900 762
79000 483
79100 402
79200 345
79300 176
79400 310
79500 652
79600 1183
79700 718
79800 782
79900 1135
80000 1340
80100 1825
80200 2359
80300 2077
80400 2453
80500 2349
80600 1914
80700 2463
80800 3266
80900 3936
81000 4549
81100 5417
81200 4999
81300 5147
81400 5037
81500 5693
81600 5162
81700 5176
81800 4594
81900 5199
82000 4020
82100 4426
82200 4068
82300 2908
82400 2730
82500 2589
82600 3094
82700 2377
82800 2885
82900 2310
83000 2041
83100 2215
83200 2379
83300 2370
83400 2272
83500 2326
83600 2521
83700 2020
83800 1790
83900 1699
84000 1965
84100 2449
84200 1955
84300 2265
84400 1597
84500 2244
84600 1989
84700 1883
84800 2148
84900 2100
85000 1559
85100 1550
85200 1656
85300 1103
85400 965
85500 824
85600 584
85700 451
85800 463
85900 269
86000 26
86100 7
86200 8
86300 0
86400 2
86500 0
86600 19
86700 14
86800 59
86900 41
87000 24
87100 13
87200 49
87300 163
87400 204
87500 280
87600 106
87700 151
87800 333
87900 127
88000 127
88100 245
88200 288
88300 537
88400 364
88500 159
88600 268
88700 70
88800 14
88900 86
89000 42
89100 42
89200 38
89300 65
89400 226
89500 99
89600 103
89700 114
89800 37
89900 120
90000 55
90100 76
90200 24
90300 2
90400 67
90500 68
90600 85
90700 84
90800 68
90900 166
91000 60
91100 154
91200 78
91300 257
91400 228
91500 95
91600 88
91700 1
91800 49
91900 23
92000 4
92100 19
92200 15
92300 21
92400 0
92500 24
92600 1
92700 1
92800 0
92900 91
93000 209
93100 143
93200 169
93300 99
93400 3
93500 0
93600 55
93700 2
93800 20
93900 24
94000 4
94100 0
94200 1
94300 6
94400 0
94500 2
94600 1
94700 4
94800 13
94900 204
95000 230
95100 28
95200 130
95300 99
95400 228
95500 142
95600 271
95700 134
95800 19
95900 116
96000 67
96100 253
96200 342
96300 868
96400 885
96500 1212
96600 634
96700 475
96800 900
96900 779
97000 895
97100 1152
97200 741
97300 609
97400 593
97500 555
97600 489
97700 357
97800 206
97900 57
98000 43
98100 0
98200 7
98300 20
98400 51
98500 72
98600 85
98700 34
98800 36
98900 19
99000 16
99100 18
99200 1
99300 85
99400 41
99500 40
99600 55
99700 85
99800 175
99900 505
100000 422
100 0
200 0
300 20
400 13
500 11
600 26
700 3
800 0
900 18
1000 1
1100 32
1200 150
1300 77
1400 2
1500 21
1600 8
1700 3
1800 16
1900 206
2000 458
2100 340
2200 604
2300 882
2400 549
2500 310
2600 137
2700 181
2800 232
2900 62
3000 81
3100 393
3200 373
3300 432
3400 484
3500 144
3600 106
3700 63
3800 65
3900 219
4000 409
4100 390
4200 268
4300 195
4400 193
4500 286
4600 54
4700 147
4800 354
4900 453
5000 240
5100 537
5200 277
5300 166
5400 137
5500 20
5600 5
5700 104
5800 71
5900 2
6000 8
6100 41
6200 0
6300 0
6400 1
6500 20
6600 3
6700 0
6800 79
6900 65
7000 60
7100 187
7200 429
7300 472
7400 586
7500 382
7600 508
7700 438
7800 432
7900 399
8000 55
8100 157
8200 161
8300 90
8400 223
8500 170
8600 395
8700 392
8800 328
8900 378
9000 139
9100 299
9200 370
9300 270
9400 379
9500 417
9600 583
9700 818
9800 1274
9900 2106
10000 1855
10100 2173
10200 1718
10300 1938
10400 1426
10500 1307
10600 1313
10700 1292
10800 1407
10900 1588
11000 1733
11100 1339
11200 1599
11300 1035
11400 948
11500 996
11600 1745
11700 2236
11800 3409
11900 4080
12000 4216
12100 4718
12200 4896
12300 5117
12400 5120
12500 6182
12600 6462
12700 6281
12800 5884
12900 4491
13000 4544
13100 4036
13200 4700
13300 5138
13400 5344
13500 5024
13600 4904
13700 4872
13800 4929
13900 5401
14000 6320
14100 7190
14200 5958
14300 5825
14400 6460
14500 7019
14600 6535
14700 6753
14800 7400
14900 7120
15000 7728
15100 7866
15200 7541
15300 7506
15400 7947
15500 8162
15600 8
15700 9934
15800 9587
15900 1181
16000 929
16100 907
16200 615
16300 9953
16400 892
16500 456
16600 2362
16700 2484
16800 2372
16900 2711
17000 1971
17100 2698
17200 3178
17300 3021
17400 2771
17500 1436
17600 1193
17700 1432
17800 1755
17900 3144
18000 4979
18100 4875
18200 4794
18300 3680
18400 4346
18500 4760
18600 5254
18700 3878
18800 2511
18900 2884
19000 3248
19100 1951
19200 1754
19300 2183
19400 2730
19500 2486
19600 1387
19700 9089
19800 8983
19900 23
20000 217
20100 336
20200 9525
20300 9221
20400 9678
20500 9935
20600 9743
20700 9341
20800 9473
20900 9319
21000 38
21100 9894
21200 1809
21300 1468
21400 1761
21500 2565
21600 2756
21700 2484
21800 3114
21900 3314
22000 4882
22100 5344
22200 6220
22300 6788
22400 7003
22500 7136
22600 7991
22700 7513
22800 7480
22900 7899
23000 8389
23100 7642
23200 8164
23300 7456
23400 7639
23500 7060
23600 7256
23700 7814
23800 7949
23900 7898
24000 6871
24100 6657
24200 6730
24300 7605
24400 7792
24500 7100
24600 7706
24700 7737
24800 8858
24900 8010
25000 8179
25100 7956
25200 8207
25300 8022
25400 8754
25500 8778
25600 8719
25700 8600
25800 8673
25900 9267
26000 9365
26100 9101
26200 8701
26300 9503
26400 9392
26500 9652
26600 9658
26700 9368
26800 9265
26900 9276
27000 9093
27100 9019
27200 9275
27300 1199
27400 2402
27500 3383
27600 3463
27700 2989
27800 4132
27900 3898
28000 3697
28100 3649
28200 3702
28300 2615
28400 1853
28500 1857
28600 2265
28700 2413
28800 2173
28900 2592
29000 2273
29100 1360
29200 282
29300 9179
29400 9640
29500 8709
29600 9913
29700 213
29800 9147
29900 8633
30000 9422
30100 8989
30200 8538
30300 9707
30400 307
30500 728
30600 325
30700 1878
30800 1197
30900 1660
31000 136
31100 9925
31200 9182
31300 8848
31400 8585
31500 8701
31600 8626
31700 8868
31800 9301
31900 9669
32000 9947
32100 359
32200 549
32300 1046
32400 1033
32500 2314
32600 1527
32700 2146
32800 2453
32900 1286
33000 1211
33100 1439
33200 112
33300 296
33400 808
33500 9857
33600 487
33700 1875
33800 1918
33900 2125
34000 2687
34100 3180
34200 3864
34300 4013
34400 4772
34500 4554
34600 4015
34700 3870
34800 3332
34900 3712
35000 4761
35100 4938
35200 6731
35300 5821
35400 5635
35500 4817
35600 4674
35700 5248
35800 5564
35900 4523
36000 4308
36100 3336
36200 3391
36300 2288
36400 3052
36500 2020
36600 2583
36700 2301
36800 2819
36900 2198
37000 3146
37100 3402
37200 2930
37300 3721
37400 3511
37500 3098
37600 3091
37700 3098
37800 2156
37900 2809
38000 2346
38100 2734
38200 3406
38300 4357
38400 3659
38500 4712
38600 3738
38700 5902
38800 6577
38900 5906
39000 5496
39100 5836
39200 6426
39300 5692
39400 5503
39500 5911
39600 6123
39700 6058
39800 5804
39900 5396
40000 6090
40100 5367
40200 4351
40300 5454
40400 6527
40500 8005
40600 7909
40700 8315
40800 8267
40900 8757
41000 7076
41100 6857
41200 6470
41300 5450
41400 5867
41500 5456
41600 5459
41700 5744
41800 5803
41900 6150
42000 7034
42100 6393
42200 6398
42300 5797
42400 5938
42500 6188
42600 5643
42700 5540
42800 6357
42900 6630
43000 6638
43100 6543
43200 6908
43300 7203
43400 6744
43500 7207
43600 7640
43700 6065
43800 5866
43900 5762
44000 4801
44100 3729
44200 3478
44300 3275
44400 4321
44500 4097
44600 4903
44700 4460
44800 3972
44900 4304
45000 3501
45100 2869
45200 2291
45300 3232
45400 3778
45500 4530
45600 4820
45700 5490
45800 5993
45900 6332
46000 7129
46100 7716
46200 7538
46300 8163
46400 97
46500 108
46600 30
46700 575
46800 1828
46900 1416
47000 1101
47100 2572
47200 1709
47300 955
47400 309
47500 908
47600 456
47700 794
47800 9499
47900 9828
48000 8102
48100 7769
48200 7440
48300 7882
48400 7444
48500 6325
48600 6006
48700 5181
48800 5477
48900 5068
49000 4665
49100 4026
49200 3877
49300 3246
49400 3235
49500 3141
49600 2948
49700 2907
49800 2460
49900 2121
50000 2241
50100 2036
50200 2454
50300 3302
50400 2605
50500 2623
50600 3130
50700 3690
50800 3728
50900 3127
51000 3017
51100 2590
51200 2126
51300 1786
51400 1897
51500 2034
51600 1671
51700 2472
51800 2757
51900 2896
52000 2907
52100 3635
52200 2836
52300 1997
52400 1691
52500 1816
52600 2195
52700 1912
52800 1672
52900 1452
53000 1538
53100 1818
53200 1971
53300 2249
53400 2102
53500 2179
53600 1843
53700 1994
53800 1631
53900 2276
54000 2327
54100 2637
54200 3442
54300 2846
54400 2402
54500 2731
54600 2956
54700 2623
54800 2444
54900 2565
55000 2281
55100 1855
55200 2340
55300 3241
55400 3436
55500 3219
55600 4078
55700 3478
55800 4113
55900 4815
56000 3606
56100 3586
56200 2843
56300 3043
56400 2885
56500 4348
56600 5268
56700 5201
56800 4170
56900 4270
57000 3744
57100 3070
57200 2751
57300 2899
57400 2961
57500 3059
57600 3922
57700 4160
57800 3126
57900 3692
58000 3683
58100 4384
58200 5906
58300 5644
58400 5170
58500 5537
58600 5563
58700 5738
58800 6002
58900 6001
59000 6970
59100 6889
59200 6878
59300 7374
59400 6464
59500 6492
59600 6266
59700 5691
59800 5297
59900 5542
60000 6282
60100 6880
60200 6756
60300 6464
60400 5669
60500 6355
60600 6564
60700 6169
60800 5155
60900 4769
61000 4717
61100 4356
61200 5620
61300 5304
61400 4903
61500 4767
61600 5793
61700 6345
61800 7601
61900 6909
62000 6437
62100 7607
62200 6267
62300 6345
62400 7150
62500 6590
62600 6360
62700 6767
62800 7713
62900 7233
63000 7258
63100 7197
63200 6861
63300 7680
63400 7490
63500 6685
63600 6454
63700 5647
63800 5798
63900 6762
64000 6971
64100 6639
64200 6505
64300 8088
64400 8048
64500 8504
64600 7852
64700 7706
64800 8019
64900 8098
65000 9294
65100 9064
65200 8424
65300 9231
65400 9046
65500 8992
65600 8886
65700 8737
65800 9347
65900 375
66000 9902
66100 236
66200 8783
66300 8239
66400 9016
66500 420
66600 325
66700 8976
66800 8607
66900 7635
67000 8055
67100 8052
67200 7947
67300 9572
67400 245
67500 864
67600 1266
67700 161
67800 9395
67900 8862
68000 8096
68100 8222
68200 9067
68300 9302
68400 9983
68500 341
68600 1068
68700 1218
68800 1922
68900 1413
69000 1858
69100 1921
69200 2586
69300 1455
69400 1778
69500 139
69600 466
69700 1447
69800 602
69900 8972
70000 8276
70100 7417
70200 6811
70300 6535
70400 6554
70500 5609
70600 5029
70700 6566
70800 7204
70900 7218
71000 6088
71100 5878
71200 6577
71300 6174
71400 5915
71500 5350
71600 4462
71700 4458
71800 3773
71900 2766
72000 3475
72100 3214
72200 4079
72300 3773
72400 4198
72500 3374
72600 3161
72700 2666
72800 2217
72900 2404
73000 2014
73100 1342
73200 1381
73300 1739
73400 1520
73500 1871
73600 2078
73700 2938
73800 3476
73900 3861
74000 3756
74100 4003
74200 4533
74300 4234
74400 4086
74500 4808
74600 5668
74700 5809
74800 5081
74900 4993
75000 4952
75100 5021
75200 4312
75300 4732
75400 4940
75500 6051
75600 6175
75700 6894
75800 7303
75900 6294
76000 6377
76100 5424
76200 5814
76300 6324
76400 6658
76500 7364
76600 7295
76700 5790
76800 5717
76900 6313
77000 6380
77100 6577
77200 6675
77300 6850
77400 6612
77500 6526
77600 5548
77700 6120
77800 5955
77900 5572
78000 5976
78100 6287
78200 7331
78300 6444
78400 5930
78500 6804
78600 5486
78700 6701
78800 6193
78900 5526
79000 5922
79100 6204
79200 7716
79300 7289
79400 7161
79500 6687
79600 6588
79700 5499
79800 5207
79900 4005
80000 5329
80100 4529
80200 4644
80300 4646
80400 4809
80500 3695
80600 3168
80700 2947
80800 2940
80900 3677
81000 3679
81100 5002
81200 3620
81300 4373
81400 4872
81500 5677
81600 6769
81700 7246
81800 6795
81900 6648
82000 6150
82100 6540
82200 8018
82300 7517
82400 6898
82500 5908
82600 5911
82700 5980
82800 5965
82900 6921
83000 6589
83100 6492
83200 6658
83300 7238
83400 9011
83500 8527
83600 8657
83700 8474
83800 7542
83900 8201
84000 8174
84100 8617
84200 8828
84300 9497
84400 8506
84500 9549
84600 487
84700 592
84800 682
84900 9646
85000 9428
85100 9107
85200 7338
85300 7551
85400 8019
85500 7821
85600 7792
85700 7316
85800 7271
85900 8716
86000 8283
86100 8133
86200 8092
86300 7021
86400 7867
86500 9303
86600 9521
86700 9196
86800 9734
86900 886
87000 1934
87100 1571
87200 1262
87300 1304
87400 1317
87500 490
87600 1184
87700 1511
87800 2592
87900 2836
88000 2549
88100 1865
88200 1287
88300 302
88400 675
88500 521
88600 708
88700 9625
88800 256
88900 9927
89000 1745
89100 2377
89200 3488
89300 3940
89400 3690
89500 4512
89600 4755
89700 5085
89800 4465
89900 3887
90000 4110
90100 2948
90200 2850
90300 3397
90400 3924
90500 4350
90600 5117
90700 5461
90800 4624
90900 4822
91000 5094
91100 4738
91200 4702
91300 5335
91400 4842
91500 5449
91600 4902
91700 4383
91800 3540
91900 4628
92000 3617
92100 3755
92200 3254
92300 2340
92400 1463
92500 1621
92600 1611
92700 2171
92800 2164
92900 3446
93000 4480
93100 4670
93200 5250
93300 5463
93400 5322
93500 5181
93600 4822
93700 4889
93800 4966
93900 5240
94000 5400
94100 5362
94200 4485
94300 5058
94400 4854
94500 5486
94600 4218
94700 4192
94800 3459
94900 3484
95000 3169
95100 2290
95200 1521
95300 2371
95400 991
95500 30
95600 793
95700 582
95800 1143
95900 902
96000 148
96100 9547
96200 9711
96300 9365
96400 9686
96500 9780
96600 177
96700 282
96800 91
96900 370
97000 779
97100 599
97200 713
97300 1447
97400 1014
97500 790
97600 324
97700 300
97800 399
97900 1285
98000 1609
98100 1885
98200 2468
98300 3521
98400 3127
98500 3391
98600 4209
98700 3847
98800 4654
98900 4418
99000 3970
99100 3850
99200 3754
99300 3939
99400 3883
99500 3501
99600 3537
99700 3288
99800 4567
99900 4287
100000 3989
