100 33
200 33
300 169
400 416
500 192
600 46
700 0
800 23
900 3
1000 7
1100 0
1200 0
1300 1
1400 3
1500 3
1600 5
1700 0
1800 22
1900 14
2000 4
2100 18
2200 197
2300 11
2400 52
2500 5
2600 69
2700 26
2800 32
2900 104
3000 331
3100 611
3200 560
3300 410
3400 492
3500 404
3600 264
3700 860
3800 786
3900 1597
4000 1247
4100 890
4200 1225
4300 1177
4400 887
4500 1313
4600 1591
4700 1729
4800 1746
4900 1019
5000 992
5100 863
5200 1425
5300 1199
5400 1403
5500 1048
5600 769
5700 810
5800 791
5900 532
6000 449
6100 431
6200 439
6300 251
6400 61
6500 262
6600 365
6700 420
6800 229
6900 127
7000 58
7100 106
7200 184
7300 272
7400 172
7500 23
7600 42
7700 101
7800 23
7900 90
8000 23
8100 90
8200 56
8300 0
8400 13
8500 5
8600 5
8700 3
8800 2
8900 4
9000 0
9100 32
9200 2
9300 62
9400 0
9500 7
9600 0
9700 17
9800 23
9900 2
10000 39
10100 22
10200 36
10300 22
10400 3
10500 12
10600 16
10700 5
10800 6
10900 132
11000 15
11100 10
11200 18
11300 30
11400 0
11500 0
11600 3
11700 4
11800 10
11900 179
12000 147
12100 433
12200 279
12300 257
12400 103
12500 252
12600 333
12700 218
12800 248
12900 138
13000 105
13100 170
13200 102
13300 177
13400 60
13500 93
13600 300
13700 393
13800 322
13900 505
14000 665
14100 1148
14200 1355
14300 1762
14400 2162
14500 2003
14600 2108
14700 1419
14800 1077
14900 852
15000 735
15100 407
15200 74
15300 50
15400 31
15500 14
15600 89
15700 260
15800 56
15900 2
16000 0
16100 46
16200 276
16300 263
16400 81
16500 44
16600 164
16700 27
16800 3
16900 9
17000 75
17100 126
17200 22
17300 0
17400 38
17500 3
17600 110
17700 147
17800 38
17900 0
18000 3
18100 26
18200 29
18300 45
18400 15
18500 0
18600 1
18700 0
18800 26
18900 77
19000 1
19100 54
19200 57
19300 50
19400 3
19500 0
19600 0
19700 0
19800 45
19900 25
20000 67
20100 8
20200 198
20300 230
20400 519
20500 362
20600 268
20700 177
20800 253
20900 84
21000 31
21100 122
21200 188
21300 314
21400 629
21500 823
21600 978
21700 951
21800 1233
21900 1379
22000 940
22100 1397
22200 1310
22300 1410
22400 1486
22500 2421
22600 1776
22700 2801
22800 2946
22900 1867
23000 2316
23100 1117
23200 801
23300 469
23400 553
23500 330
23600 190
23700 508
23800 471
23900 642
24000 516
24100 1212
24200 566
24300 647
24400 687
24500 1162
24600 1363
24700 1317
24800 937
24900 1030
25000 791
25100 960
25200 873
25300 1085
25400 725
25500 1294
25600 1829
25700 2075
25800 1841
25900 1447
26000 1280
26100 2217
26200 2671
26300 2333
26400 1459
26500 1199
26600 983
26700 1240
26800 1251
26900 1253
27000 846
27100 1264
27200 1503
27300 934
27400 780
27500 579
27600 543
27700 637
27800 1024
27900 1213
28000 2088
28100 2006
28200 2131
28300 2905
28400 2643
28500 2183
28600 1919
28700 1826
28800 1153
28900 1509
29000 2185
29100 2184
29200 1757
29300 2220
29400 2468
29500 1935
29600 2804
29700 2470
29800 3127
29900 3515
30000 4392
30100 5570
30200 5041
30300 4889
30400 5533
30500 5834
30600 5595
30700 5459
30800 5942
30900 5742
31000 5607
31100 5303
31200 5321
31300 4990
31400 4880
31500 5660
31600 4604
31700 4684
31800 5209
31900 5332
32000 4951
32100 5108
32200 6130
32300 6710
32400 6218
32500 6819
32600 6650
32700 6828
32800 7308
32900 8530
33000 7870
33100 7727
33200 8077
33300 7976
33400 7944
33500 7404
33600 6884
33700 7289
33800 7497
33900 7967
34000 8478
34100 6760
34200 6500
34300 6667
34400 6221
34500 5887
34600 6536
34700 7310
34800 7003
34900 5927
35000 5090
35100 6035
35200 5816
35300 5812
35400 5209
35500 3881
35600 3815
35700 3335
35800 2974
35900 3237
36000 2906
36100 2725
36200 2943
36300 2524
36400 2176
36500 2153
36600 1859
36700 1826
36800 1505
36900 1458
37000 1743
37100 1711
37200 1576
37300 1770
37400 1736
37500 1940
37600 1727
37700 1794
37800 1581
37900 1369
38000 1255
38100 1082
38200 1063
38300 927
38400 677
38500 885
38600 900
38700 1144
38800 950
38900 1650
39000 1683
39100 1567
39200 886
39300 875
39400 714
39500 712
39600 994
39700 848
39800 640
39900 657
40000 468
40100 161
40200 144
40300 152
40400 201
40500 235
40600 789
40700 479
40800 730
40900 794
41000 1332
41100 1477
41200 2429
41300 2536
41400 2017
41500 1611
41600 956
41700 791
41800 534
41900 465
42000 462
42100 372
42200 605
42300 671
42400 887
42500 1143
42600 913
42700 455
42800 246
42900 527
43000 839
43100 1071
43200 1382
43300 1456
43400 1723
43500 1223
43600 1608
43700 2323
43800 2652
43900 3031
44000 3488
44100 3314
44200 3883
44300 4175
44400 2897
44500 3154
44600 2344
44700 2592
44800 2830
44900 2316
45000 2948
45100 3110
45200 2880
45300 1394
45400 1671
45500 1381
45600 1198
45700 1287
45800 1059
45900 524
46000 464
46100 665
46200 332
46300 461
46400 362
46500 471
46600 226
46700 242
46800 42
46900 35
47000 26
47100 166
47200 270
47300 42
47400 50
47500 12
47600 0
47700 5
47800 51
47900 156
48000 84
48100 1
48200 10
48300 3
48400 19
48500 41
48600 3
48700 67
48800 25
48900 0
49000 0
49100 5
49200 20
49300 80
49400 47
49500 122
49600 118
49700 153
49800 37
49900 8
50000 117
50100 174
50200 169
50300 36
50400 32
50500 42
50600 277
50700 428
50800 282
50900 301
51000 102
51100 61
51200 3
51300 2
51400 2
51500 3
51600 71
51700 8
51800 0
51900 17
52000 46
52100 7
52200 98
52300 129
52400 36
52500 202
52600 137
52700 141
52800 497
52900 490
53000 420
53100 556
53200 521
53300 581
53400 565
53500 817
53600 504
53700 490
53800 461
53900 310
54000 474
54100 542
54200 823
54300 1245
54400 686
54500 494
54600 388
54700 112
54800 167
54900 235
55000 690
55100 675
55200 809
55300 823
55400 844
55500 359
55600 727
55700 1599
55800 1187
55900 957
56000 825
56100 629
56200 855
56300 1324
56400 969
56500 627
56600 893
56700 970
56800 1365
56900 1338
57000 1383
57100 2410
57200 2667
57300 2175
57400 2734
57500 2442
57600 2675
57700 2398
57800 2944
57900 2345
58000 2871
58100 2322
58200 1929
58300 2338
58400 2639
58500 2379
58600 1674
58700 1381
58800 1751
58900 1512
59000 1560
59100 1541
59200 1735
59300 1392
59400 2260
59500 2403
59600 2265
59700 2591
59800 2011
59900 1619
60000 2159
60100 2239
60200 1944
60300 1938
60400 2116
60500 1325
60600 1354
60700 1109
60800 1185
60900 1009
61000 772
61100 294
61200 444
61300 287
61400 101
61500 79
61600 99
61700 71
61800 14
61900 94
62000 109
62100 21
62200 3
62300 7
62400 26
62500 2
62600 1
62700 58
62800 307
62900 324
63000 330
63100 157
63200 290
63300 237
63400 341
63500 512
63600 628
63700 817
63800 764
63900 492
64000 390
64100 735
64200 640
64300 399
64400 307
64500 704
64600 1123
64700 1322
64800 2195
64900 2463
65000 2066
65100 1635
65200 1135
65300 975
65400 1126
65500 1556
65600 1392
65700 1272
65800 1961
65900 1959
66000 2111
66100 2064
66200 2157
66300 3184
66400 2655
66500 2750
66600 3197
66700 2553
66800 1884
66900 2097
67000 1370
67100 1388
67200 1379
67300 1575
67400 1462
67500 1806
67600 1703
67700 1418
67800 1925
67900 1692
68000 1667
68100 899
68200 1163
68300 1047
68400 1042
68500 1288
68600 966
68700 1028
68800 920
68900 1034
69000 1073
69100 1624
69200 1950
69300 2223
69400 2052
69500 2036
69600 2178
69700 1276
69800 1584
69900 2062
70000 2164
70100 2719
70200 1827
70300 2107
70400 2388
70500 2963
70600 2571
70700 2825
70800 2226
70900 2108
71000 1908
71100 967
71200 271
71300 69
71400 2
71500 7
71600 0
71700 0
71800 1
71900 0
72000 0
72100 32
72200 0
72300 1
72400 7
72500 7
72600 1
72700 0
72800 13
72900 39
73000 16
73100 52
73200 44
73300 2
73400 3
73500 24
73600 207
73700 348
73800 330
73900 389
74000 376
74100 388
74200 524
74300 260
74400 193
74500 49
74600 5
74700 44
74800 31
74900 19
75000 0
75100 181
75200 96
75300 97
75400 217
75500 379
75600 260
75700 131
75800 487
75900 578
76000 735
76100 705
76200 912
76300 870
76400 711
76500 1260
76600 719
76700 628
76800 813
76900 938
77000 736
77100 528
77200 790
77300 408
77400 468
77500 306
77600 565
77700 602
77800 667
77900 662
78000 977
78100 1028
78200 1125
78300 956
78400 849
78500 484
78600 259
78700 502
78800 934
78900 920
79000 879
79100 941
79200 451
79300 199
79400 172
79500 167
79600 406
79700 126
79800 262
79900 611
80000 1171
80100 1358
80200 1386
80300 1152
80400 1594
80500 1267
80600 1157
80700 1184
80800 1131
80900 1112
81000 1446
81100 1104
81200 1244
81300 701
81400 1007
81500 1700
81600 1465
81700 1352
81800 1635
81900 1656
82000 1203
82100 1122
82200 1608
82300 1352
82400 1508
82500 1314
82600 1042
82700 1184
82800 762
82900 678
83000 757
83100 529
83200 709
83300 884
83400 1299
83500 1081
83600 731
83700 651
83800 537
83900 328
84000 406
84100 884
84200 520
84300 874
84400 749
84500 538
84600 251
84700 408
84800 259
84900 215
85000 3
85100 0
85200 0
85300 23
85400 56
85500 6
85600 12
85700 9
85800 13
85900 21
86000 13
86100 7
86200 19
86300 12
86400 3
86500 1
86600 0
86700 3
86800 2
86900 95
87000 72
87100 124
87200 158
87300 88
87400 87
87500 0
87600 4
87700 0
87800 158
87900 26
88000 84
88100 117
88200 16
88300 9
88400 9
88500 1
88600 37
88700 61
88800 365
88900 177
89000 320
89100 522
89200 441
89300 688
89400 584
89500 572
89600 342
89700 247
89800 252
89900 230
90000 314
90100 213
90200 746
90300 905
90400 1066
90500 1411
90600 920
90700 1311
90800 756
90900 936
91000 505
91100 607
91200 1152
91300 958
91400 1116
91500 703
91600 641
91700 391
91800 330
91900 107
92000 95
92100 7
92200 4
92300 6
92400 0
92500 26
92600 51
92700 192
92800 208
92900 246
93000 72
93100 90
93200 268
93300 183
93400 585
93500 373
93600 97
93700 98
93800 64
93900 0
94000 11
94100 14
94200 42
94300 5
94400 1
94500 2
94600 42
94700 216
94800 285
94900 247
95000 133
95100 35
95200 121
95300 149
95400 317
95500 245
95600 81
95700 162
95800 85
95900 115
96000 51
96100 1
96200 27
96300 16
96400 21
96500 36
96600 102
96700 247
96800 436
96900 826
97000 881
97100 847
97200 1308
97300 1305
97400 1186
97500 680
97600 428
97700 396
97800 596
97900 575
98000 620
98100 775
98200 656
98300 872
98400 486
98500 521
98600 664
98700 906
98800 1059
98900 990
99000 974
99100 722
99200 658
99300 290
99400 150
99500 430
99600 626
99700 413
99800 408
99900 378
100000 212
