100 5
200 22
300 66
400 72
500 0
600 1
700 0
800 15
900 14
1000 2
1100 54
1200 110
1300 1
1400 0
1500 6
1600 3
1700 9
1800 2
1900 165
2000 380
2100 72
2200 59
2300 1
2400 22
2500 71
2600 58
2700 101
2800 50
2900 105
3000 118
3100 153
3200 346
3300 164
3400 95
3500 7
3600 89
3700 326
3800 467
3900 381
4000 350
4100 219
4200 82
4300 79
4400 112
4500 87
4600 10
4700 72
4800 320
4900 488
5000 628
5100 715
5200 745
5300 196
5400 24
5500 58
5600 187
5700 83
5800 148
5900 220
6000 201
6100 439
6200 175
6300 154
6400 1
6500 3
6600 0
6700 9
6800 23
6900 7
7000 6
7100 0
7200 0
7300 59
7400 28
7500 90
7600 10
7700 61
7800 200
7900 178
8000 385
8100 187
8200 208
8300 154
8400 17
8500 0
8600 267
8700 265
8800 331
8900 447
9000 469
9100 762
9200 772
9300 736
9400 1289
9500 1162
9600 954
9700 1545
9800 1803
9900 2532
10000 1954
10100 2091
10200 2517
10300 2437
10400 2909
10500 2400
10600 1787
10700 1664
10800 1356
10900 1418
11000 1343
11100 536
11200 329
11300 200
11400 294
11500 28
11600 2
11700 13
11800 4
11900 36
12000 15
12100 21
12200 103
12300 100
12400 101
12500 10
12600 9
12700 3
12800 7
12900 0
13000 7
13100 0
13200 0
13300 2
13400 11
13500 0
13600 73
13700 45
13800 4
13900 19
14000 9
14100 1
14200 25
14300 43
14400 1
14500 0
14600 0
14700 0
14800 1
14900 0
15000 2
15100 0
15200 3
15300 28
15400 141
15500 17
15600 2
15700 3
15800 7
15900 7
16000 1
16100 4
16200 12
16300 0
16400 3
16500 0
16600 1
16700 19
16800 10
16900 0
17000 34
17100 11
17200 0
17300 110
17400 178
17500 216
17600 168
17700 160
17800 40
17900 8
18000 16
18100 65
18200 61
18300 28
18400 0
18500 0
18600 13
18700 60
18800 166
18900 120
19000 54
19100 0
19200 105
19300 77
19400 403
19500 211
19600 259
19700 444
19800 168
19900 206
20000 208
20100 218
20200 98
20300 188
20400 35
20500 21
20600 27
20700 42
20800 1
20900 6
21000 2
21100 72
21200 318
21300 305
21400 229
21500 519
21600 434
21700 529
21800 627
21900 474
22000 648
22100 572
22200 628
22300 443
22400 630
22500 965
22600 979
22700 1218
22800 956
22900 1057
23000 1082
23100 943
23200 860
23300 1528
23400 2161
23500 2374
23600 3286
23700 3221
23800 1976
23900 1780
24000 1869
24100 1008
24200 578
24300 505
24400 725
24500 553
24600 671
24700 475
24800 422
24900 167
25000 510
25100 183
25200 217
25300 252
25400 239
25500 224
25600 193
25700 138
25800 10
25900 28
26000 71
26100 193
26200 137
26300 284
26400 489
26500 900
26600 660
26700 946
26800 629
26900 1056
27000 1052
27100 1032
27200 1407
27300 1495
27400 1603
27500 1420
27600 1537
27700 1453
27800 734
27900 994
28000 611
28100 816
28200 322
28300 410
28400 441
28500 638
28600 942
28700 1000
28800 1186
28900 1288
29000 904
29100 1061
29200 1398
29300 1798
29400 1392
29500 1508
29600 1031
29700 721
29800 927
29900 930
30000 1455
30100 788
30200 688
30300 757
30400 459
30500 592
30600 589
30700 730
30800 523
30900 509
31000 616
31100 162
31200 229
31300 0
31400 54
31500 33
31600 52
31700 211
31800 218
31900 379
32000 123
32100 0
32200 1
32300 3
32400 12
32500 55
32600 22
32700 82
32800 77
32900 153
33000 162
33100 305
33200 414
33300 438
33400 312
33500 109
33600 2
33700 2
33800 0
33900 1
34000 2
34100 9
34200 1
34300 5
34400 2
34500 1
34600 1
34700 6
34800 13
34900 6
35000 2
35100 1
35200 0
35300 17
35400 3
35500 50
35600 122
35700 10
35800 4
35900 23
36000 0
36100 27
36200 21
36300 11
36400 44
36500 61
36600 115
36700 81
36800 52
36900 0
37000 37
37100 5
37200 13
37300 2
37400 25
37500 2
37600 10
37700 29
37800 0
37900 1
38000 10
38100 0
38200 9
38300 2
38400 0
38500 41
38600 59
38700 30
38800 0
38900 52
39000 40
39100 87
39200 355
39300 475
39400 251
39500 208
39600 184
39700 146
39800 69
39900 179
40000 229
40100 236
40200 58
40300 126
40400 576
40500 621
40600 729
40700 808
40800 801
40900 868
41000 566
41100 716
41200 734
41300 1052
41400 912
41500 720
41600 979
41700 806
41800 1390
41900 1434
42000 1454
42100 1422
42200 1219
42300 1311
42400 896
42500 1391
42600 979
42700 344
42800 597
42900 564
43000 1612
43100 1832
43200 2328
43300 2028
43400 2577
43500 1482
43600 1036
43700 511
43800 377
43900 352
44000 435
44100 214
44200 223
44300 227
44400 277
44500 607
44600 771
44700 590
44800 238
44900 34
45000 17
45100 0
45200 0
45300 7
45400 44
45500 55
45600 22
45700 9
45800 0
45900 12
46000 0
46100 1
46200 1
46300 0
46400 7
46500 0
46600 89
46700 20
46800 20
46900 11
47000 18
47100 5
47200 153
47300 29
47400 13
47500 107
47600 172
47700 195
47800 54
47900 46
48000 87
48100 48
48200 5
48300 3
48400 0
48500 1
48600 6
48700 34
48800 2
48900 24
49000 26
49100 92
49200 77
49300 26
49400 125
49500 213
49600 240
49700 223
49800 672
49900 327
50000 542
50100 955
50200 937
50300 1281
50400 880
50500 868
50600 1428
50700 1254
50800 1780
50900 986
51000 1243
51100 1485
51200 1984
51300 2236
51400 1957
51500 1800
51600 1442
51700 1512
51800 1247
51900 1159
52000 1352
52100 1287
52200 881
52300 874
52400 654
52500 857
52600 1158
52700 1085
52800 545
52900 853
53000 688
53100 633
53200 560
53300 775
53400 766
53500 873
53600 867
53700 840
53800 402
53900 233
54000 255
54100 63
54200 94
54300 281
54400 255
54500 204
54600 351
54700 502
54800 290
54900 492
55000 231
55100 207
55200 26
55300 0
55400 30
55500 0
55600 9
55700 5
55800 117
55900 147
56000 68
56100 28
56200 152
56300 149
56400 227
56500 147
56600 163
56700 82
56800 190
56900 470
57000 496
57100 633
57200 420
57300 344
57400 189
57500 315
57600 302
57700 114
57800 26
57900 20
58000 11
58100 17
58200 64
58300 108
58400 127
58500 209
58600 240
58700 260
58800 347
58900 444
59000 594
59100 670
59200 718
59300 1175
59400 914
59500 743
59600 890
59700 1226
59800 1402
59900 890
60000 636
60100 454
60200 407
60300 492
60400 681
60500 163
60600 16
60700 41
60800 166
60900 47
61000 39
61100 30
61200 134
61300 195
61400 102
61500 257
61600 59
61700 38
61800 10
61900 48
62000 53
62100 27
62200 1
62300 2
62400 0
62500 10
62600 72
62700 99
62800 97
62900 56
63000 88
63100 3
63200 0
63300 125
63400 145
63500 53
63600 194
63700 374
63800 373
63900 331
64000 23
64100 145
64200 71
64300 85
64400 31
64500 1
64600 3
64700 27
64800 189
64900 297
65000 240
65100 124
65200 43
65300 0
65400 32
65500 7
65600 0
65700 36
65800 60
65900 12
66000 4
66100 14
66200 0
66300 23
66400 77
66500 3
66600 6
66700 8
66800 27
66900 105
67000 56
67100 9
67200 7
67300 1
67400 87
67500 133
67600 48
67700 42
67800 33
67900 79
68000 26
68100 115
68200 241
68300 307
68400 363
68500 214
68600 222
68700 300
68800 234
68900 374
69000 633
69100 846
69200 1044
69300 1189
69400 452
69500 474
69600 343
69700 369
69800 425
69900 131
70000 407
70100 379
70200 377
70300 391
70400 584
70500 76
70600 19
70700 46
70800 14
70900 259
71000 219
71100 210
71200 422
71300 680
71400 893
71500 573
71600 186
71700 90
71800 130
71900 1
72000 1
72100 38
72200 1
72300 82
72400 34
72500 2
72600 5
72700 28
72800 2
72900 4
73000 42
73100 41
73200 11
73300 50
73400 61
73500 77
73600 61
73700 219
73800 123
73900 78
74000 6
74100 4
74200 5
74300 117
74400 318
74500 437
74600 302
74700 393
74800 500
74900 317
75000 156
75100 127
75200 340
75300 277
75400 238
75500 213
75600 258
75700 171
75800 39
75900 95
76000 5
76100 2
76200 1
76300 12
76400 70
76500 1
76600 33
76700 93
76800 4
76900 1
77000 0
77100 4
77200 42
77300 41
77400 2
77500 8
77600 0
77700 21
77800 0
77900 2
78000 49
78100 47
78200 33
78300 7
78400 4
78500 13
78600 2
78700 33
78800 150
78900 343
79000 584
79100 637
79200 814
79300 1446
79400 1928
79500 1899
79600 1446
79700 979
79800 1138
79900 1085
80000 1486
80100 549
80200 807
80300 1062
80400 1227
80500 1041
80600 1316
80700 1741
80800 1693
80900 1360
81000 1534
81100 1715
81200 1622
81300 2250
81400 2771
81500 2650
81600 2127
81700 1794
81800 2846
81900 2698
82000 2284
82100 3155
82200 4424
82300 3854
82400 2986
82500 2859
82600 2844
82700 2708
82800 2633
82900 2180
83000 2711
83100 2053
83200 2835
83300 2461
83400 2175
83500 2629
83600 2457
83700 2134
83800 1813
83900 1593
84000 1597
84100 1477
84200 1286
84300 1495
84400 1482
84500 1787
84600 2008
84700 2469
84800 1370
84900 1635
85000 945
85100 731
85200 681
85300 779
85400 578
85500 855
85600 750
85700 1123
85800 927
85900 646
86000 1130
86100 1171
86200 923
86300 893
86400 358
86500 578
86600 877
86700 937
86800 721
86900 863
87000 963
87100 568
87200 901
87300 716
87400 646
87500 746
87600 720
87700 1066
87800 888
87900 764
88000 1205
88100 1305
88200 1253
88300 1196
88400 2001
88500 1392
88600 1784
88700 1747
88800 1006
88900 645
89000 368
89100 189
89200 148
89300 132
89400 1
89500 12
89600 79
89700 0
89800 3
89900 7
90000 7
90100 0
90200 3
90300 123
90400 36
90500 142
90600 444
90700 120
90800 53
90900 29
91000 92
91100 108
91200 83
91300 39
91400 1
91500 95
91600 46
91700 37
91800 94
91900 264
92000 344
92100 580
92200 511
92300 641
92400 805
92500 921
92600 844
92700 974
92800 1064
92900 1268
93000 976
93100 920
93200 1118
93300 1864
93400 608
93500 594
93600 704
93700 1021
93800 1144
93900 1261
94000 1288
94100 1339
94200 1239
94300 1179
94400 970
94500 1109
94600 934
94700 691
94800 1398
94900 1558
95000 1288
95100 1090
95200 1007
95300 1053
95400 705
95500 602
95600 484
95700 271
95800 148
95900 294
96000 557
96100 536
96200 363
96300 137
96400 46
96500 47
96600 19
96700 3
96800 36
96900 103
97000 74
97100 66
97200 126
97300 280
97400 435
97500 342
97600 529
97700 310
97800 509
97900 477
98000 646
98100 617
98200 778
98300 504
98400 527
98500 644
98600 787
98700 877
98800 644
98900 534
99000 499
99100 530
99200 457
99300 604
99400 296
99500 297
99600 201
99700 423
99800 191
99900 153
100000 274
