100 4
200 0
300 0
400 44
500 186
600 260
700 312
800 210
900 96
1000 88
1100 66
1200 147
1300 271
1400 83
1500 12
1600 50
1700 0
1800 0
1900 6
2000 52
2100 0
2200 0
2300 91
2400 105
2500 138
2600 202
2700 277
2800 393
2900 292
3000 90
3100 31
3200 34
3300 40
3400 134
3500 43
3600 177
3700 128
3800 282
3900 226
4000 336
4100 131
4200 328
4300 519
4400 471
4500 210
4600 69
4700 59
4800 61
4900 241
5000 345
5100 472
5200 922
5300 744
5400 805
5500 659
5600 543
5700 311
5800 584
5900 499
6000 242
6100 95
6200 10
6300 16
6400 46
6500 53
6600 6
6700 5
6800 4
6900 35
7000 13
7100 17
7200 79
7300 59
7400 225
7500 192
7600 162
7700 50
7800 0
7900 52
8000 0
8100 2
8200 0
8300 15
8400 0
8500 29
8600 16
8700 207
8800 163
8900 189
9000 70
9100 129
9200 3
9300 0
9400 116
9500 93
9600 36
9700 0
9800 8
9900 11
10000 72
10100 31
10200 0
10300 3
10400 36
10500 5
10600 1
10700 4
10800 1
10900 12
11000 9
11100 0
11200 6
11300 2
11400 1
11500 35
11600 64
11700 0
11800 35
11900 19
12000 0
12100 5
12200 0
12300 6
12400 23
12500 207
12600 179
12700 86
12800 30
12900 61
13000 94
13100 18
13200 36
13300 103
13400 144
13500 117
13600 3
13700 0
13800 19
13900 81
14000 63
14100 100
14200 190
14300 117
14400 205
14500 94
14600 60
14700 17
14800 16
14900 203
15000 81
15100 0
15200 29
15300 10
15400 7
15500 86
15600 201
15700 233
15800 516
15900 508
16000 83
16100 75
16200 9
16300 5
16400 0
16500 5
16600 7
16700 12
16800 12
16900 5
17000 5
17100 6
17200 85
17300 241
17400 244
17500 119
17600 194
17700 108
17800 120
17900 168
18000 35
18100 95
18200 1
18300 16
18400 10
18500 5
18600 6
18700 8
18800 5
18900 36
19000 32
19100 69
19200 39
19300 12
19400 6
19500 17
19600 2
19700 52
19800 302
19900 213
20000 483
20100 565
20200 453
20300 329
20400 211
20500 141
20600 74
20700 2
20800 3
20900 12
21000 0
21100 11
21200 0
21300 46
21400 217
21500 398
21600 180
21700 82
21800 88
21900 128
22000 45
22100 9
22200 2
22300 22
22400 30
22500 0
22600 32
22700 0
22800 16
22900 16
23000 5
23100 4
23200 4
23300 6
23400 10
23500 0
23600 11
23700 18
23800 16
23900 25
24000 32
24100 39
24200 116
24300 3
24400 12
24500 0
24600 42
24700 127
24800 76
24900 115
25000 62
25100 12
25200 15
25300 17
25400 30
25500 68
25600 293
25700 771
25800 846
25900 908
26000 772
26100 712
26200 892
26300 790
26400 1166
26500 967
26600 684
26700 691
26800 739
26900 341
27000 413
27100 567
27200 552
27300 752
27400 461
27500 196
27600 152
27700 7
27800 5
27900 4
28000 80
28100 26
28200 42
28300 6
28400 1
28500 1
28600 11
28700 11
28800 3
28900 6
29000 3
29100 5
29200 50
29300 142
29400 87
29500 114
29600 275
29700 283
29800 525
29900 707
30000 1101
30100 1221
30200 1227
30300 1184
30400 703
30500 503
30600 501
30700 383
30800 276
30900 225
31000 109
31100 69
31200 268
31300 516
31400 469
31500 506
31600 495
31700 583
31800 472
31900 726
32000 1269
32100 1180
32200 1389
32300 1274
32400 1119
32500 1401
32600 2489
32700 2476
32800 1895
32900 1748
33000 1604
33100 1824
33200 2411
33300 2224
33400 1751
33500 1723
33600 2018
33700 2724
33800 2302
33900 2000
34000 1622
34100 1846
34200 1938
34300 2004
34400 1654
34500 1545
34600 1414
34700 979
34800 992
34900 614
35000 618
35100 616
35200 395
35300 410
35400 159
35500 417
35600 376
35700 621
35800 294
35900 151
36000 271
36100 469
36200 563
36300 727
36400 508
36500 688
36600 545
36700 462
36800 75
36900 21
37000 4
37100 0
37200 5
37300 9
37400 3
37500 2
37600 1
37700 106
37800 149
37900 75
38000 177
38100 89
38200 69
38300 90
38400 20
38500 340
38600 697
38700 588
38800 574
38900 391
39000 911
39100 474
39200 334
39300 275
39400 313
39500 463
39600 503
39700 771
39800 421
39900 375
40000 326
40100 461
40200 328
40300 58
40400 67
40500 324
40600 355
40700 113
40800 8
40900 78
41000 171
41100 80
41200 101
41300 188
41400 240
41500 178
41600 53
41700 37
41800 61
41900 9
42000 5
42100 9
42200 1
42300 0
42400 21
42500 23
42600 34
42700 119
42800 151
42900 10
43000 5
43100 39
43200 24
43300 26
43400 74
43500 125
43600 58
43700 0
43800 21
43900 7
44000 3
44100 192
44200 119
44300 185
44400 132
44500 18
44600 18
44700 113
44800 435
44900 283
45000 698
45100 594
45200 419
45300 205
45400 551
45500 251
45600 70
45700 69
45800 91
45900 71
46000 14
46100 6
46200 12
46300 15
46400 20
46500 0
46600 115
46700 115
46800 127
46900 63
47000 42
47100 42
47200 102
47300 205
47400 203
47500 598
47600 1118
47700 1913
47800 1521
47900 1809
48000 2061
48100 2028
48200 1657
48300 2128
48400 2551
48500 3429
48600 3236
48700 4058
48800 4502
48900 4135
49000 3733
49100 3886
49200 5040
49300 4702
49400 4389
49500 5515
49600 5428
49700 5092
49800 4609
49900 5351
50000 5309
50100 5017
50200 4635
50300 4238
50400 3531
50500 3084
50600 2768
50700 2758
50800 2656
50900 1930
51000 1887
51100 1581
51200 1827
51300 1867
51400 1485
51500 1593
51600 1522
51700 1399
51800 1213
51900 1167
52000 1384
52100 923
52200 903
52300 890
52400 613
52500 567
52600 672
52700 906
52800 1297
52900 2145
53000 1984
53100 1905
53200 2137
53300 1892
53400 1833
53500 2392
53600 2164
53700 2322
53800 1500
53900 1540
54000 1167
54100 1017
54200 626
54300 852
54400 748
54500 830
54600 751
54700 429
54800 523
54900 379
55000 197
55100 485
55200 846
55300 1309
55400 1334
55500 1000
55600 772
55700 818
55800 735
55900 538
56000 835
56100 937
56200 918
56300 777
56400 579
56500 269
56600 271
56700 223
56800 392
56900 239
57000 16
57100 3
57200 12
57300 30
57400 2
57500 0
57600 20
57700 37
57800 12
57900 11
58000 2
58100 67
58200 372
58300 331
58400 318
58500 95
58600 3
58700 7
58800 48
58900 161
59000 248
59100 558
59200 688
59300 816
59400 1317
59500 2064
59600 1976
59700 1811
59800 1316
59900 1368
60000 1092
60100 914
60200 904
60300 1047
60400 823
60500 1138
60600 1062
60700 1281
60800 983
60900 1116
61000 1821
61100 987
61200 1175
61300 1219
61400 1275
61500 805
61600 440
61700 299
61800 386
61900 497
62000 327
62100 614
62200 394
62300 228
62400 317
62500 149
62600 257
62700 415
62800 530
62900 635
63000 392
63100 476
63200 503
63300 351
63400 372
63500 492
63600 716
63700 619
63800 770
63900 734
64000 560
64100 647
64200 1097
64300 1151
64400 1160
64500 1647
64600 1356
64700 1283
64800 934
64900 1133
65000 885
65100 886
65200 891
65300 713
65400 867
65500 1208
65600 1092
65700 1128
65800 982
65900 1063
66000 832
66100 713
66200 441
66300 332
66400 303
66500 246
66600 176
66700 93
66800 401
66900 981
67000 971
67100 1362
67200 1588
67300 669
67400 574
67500 164
67600 347
67700 294
67800 378
67900 446
68000 378
68100 746
68200 752
68300 598
68400 529
68500 421
68600 154
68700 264
68800 232
68900 548
69000 710
69100 677
69200 297
69300 262
69400 245
69500 411
69600 361
69700 323
69800 532
69900 451
70000 408
70100 426
70200 465
70300 375
70400 401
70500 425
70600 202
70700 41
70800 31
70900 2
71000 9
71100 15
71200 0
71300 10
71400 7
71500 13
71600 0
71700 59
71800 54
71900 71
72000 41
72100 35
72200 36
72300 39
72400 168
72500 177
72600 43
72700 138
72800 77
72900 10
73000 9
73100 0
73200 7
73300 0
73400 13
73500 140
73600 264
73700 22
73800 3
73900 40
74000 1
74100 1
74200 0
74300 11
74400 308
74500 105
74600 122
74700 27
74800 56
74900 15
75000 7
75100 2
75200 51
75300 16
75400 11
75500 19
75600 12
75700 0
75800 7
75900 43
76000 21
76100 14
76200 13
76300 57
76400 23
76500 26
76600 175
76700 42
76800 21
76900 25
77000 5
77100 0
77200 88
77300 50
77400 5
77500 3
77600 29
77700 19
77800 0
77900 55
78000 1
78100 0
78200 17
78300 59
78400 47
78500 122
78600 39
78700 148
78800 80
78900 66
79000 63
79100 2
79200 30
79300 84
79400 92
79500 99
79600 58
79700 117
79800 219
79900 96
80000 41
80100 113
80200 9
80300 65
80400 0
80500 0
80600 0
80700 30
80800 115
80900 82
81000 38
81100 0
81200 4
81300 34
81400 15
81500 3
81600 114
81700 170
81800 0
81900 65
82000 151
82100 90
82200 0
82300 2
82400 72
82500 37
82600 19
82700 0
82800 0
82900 17
83000 36
83100 229
83200 277
83300 238
83400 307
83500 742
83600 441
83700 569
83800 609
83900 658
84000 478
84100 351
84200 332
84300 511
84400 336
84500 609
84600 826
84700 695
84800 920
84900 914
85000 539
85100 282
85200 185
85300 96
85400 51
85500 75
85600 306
85700 106
85800 70
85900 81
86000 26
86100 59
86200 119
86300 364
86400 693
86500 620
86600 412
86700 465
86800 411
86900 85
87000 41
87100 35
87200 113
87300 85
87400 24
87500 2
87600 8
87700 0
87800 5
87900 0
88000 1
88100 8
88200 50
88300 0
88400 156
88500 13
88600 24
88700 30
88800 183
88900 115
89000 76
89100 2
89200 4
89300 10
89400 18
89500 14
89600 3
89700 19
89800 39
89900 139
90000 296
90100 80
90200 34
90300 390
90400 201
90500 140
90600 509
90700 645
90800 372
90900 300
91000 471
91100 313
91200 198
91300 65
91400 77
91500 127
91600 138
91700 271
91800 290
91900 189
92000 83
92100 41
92200 58
92300 253
92400 299
92500 485
92600 529
92700 921
92800 774
92900 674
93000 896
93100 507
93200 585
93300 657
93400 874
93500 483
93600 323
93700 267
93800 398
93900 414
94000 257
94100 406
94200 704
94300 576
94400 215
94500 304
94600 190
94700 149
94800 82
94900 4
95000 33
95100 96
95200 61
95300 14
95400 24
95500 127
95600 73
95700 116
95800 40
95900 144
96000 325
96100 119
96200 14
96300 40
96400 1
96500 0
96600 39
96700 58
96800 89
96900 195
97000 410
97100 434
97200 378
97300 921
97400 1139
97500 670
97600 949
97700 1034
97800 610
97900 822
98000 883
98100 1253
98200 1223
98300 1765
98400 1639
98500 1739
98600 2106
98700 2401
98800 2061
98900 2430
99000 2143
99100 2169
99200 2767
99300 2289
99400 2134
99500 1935
99600 1500
99700 1398
99800 1284
99900 1098
100000 910
