100 5
200 5
300 16
400 56
500 5
600 2
700 1
800 0
900 0
1000 2
1100 152
1200 55
1300 81
1400 22
1500 9
1600 6
1700 44
1800 4
1900 6
2000 0
2100 57
2200 25
2300 50
2400 38
2500 1
2600 16
2700 0
2800 17
2900 44
3000 70
3100 178
3200 67
3300 15
3400 19
3500 1
3600 46
3700 10
3800 17
3900 3
4000 0
4100 3
4200 8
4300 192
4400 49
4500 191
4600 317
4700 387
4800 979
4900 820
5000 1455
5100 1175
5200 1229
5300 829
5400 587
5500 278
5600 870
5700 902
5800 1052
5900 895
6000 976
6100 1466
6200 2059
6300 1746
6400 1451
6500 1869
6600 1826
6700 1561
6800 907
6900 1057
7000 1624
7100 1237
7200 2205
7300 2278
7400 2101
7500 1476
7600 943
7700 503
7800 912
7900 800
8000 1098
8100 1265
8200 770
8300 709
8400 462
8500 489
8600 324
8700 160
8800 9
8900 37
9000 16
9100 17
9200 1
9300 8
9400 1
9500 81
9600 4
9700 18
9800 71
9900 77
10000 18
10100 55
10200 47
10300 25
10400 0
10500 31
10600 32
10700 7
10800 5
10900 12
11000 12
11100 7
11200 0
11300 0
11400 11
11500 3
11600 13
11700 7
11800 1
11900 0
12000 13
12100 4
12200 1
12300 23
12400 0
12500 10
12600 28
12700 0
12800 1
12900 2
13000 21
13100 0
13200 4
13300 0
13400 1
13500 17
13600 0
13700 66
13800 87
13900 92
14000 78
14100 1
14200 0
14300 111
14400 211
14500 64
14600 4
14700 15
14800 10
14900 0
15000 3
15100 89
15200 143
15300 64
15400 1
15500 2
15600 4
15700 0
15800 1
15900 27
16000 28
16100 14
16200 16
16300 35
16400 17
16500 5
16600 28
16700 0
16800 28
16900 57
17000 43
17100 11
17200 74
17300 144
17400 332
17500 316
17600 131
17700 63
17800 138
17900 226
18000 26
18100 185
18200 71
18300 252
18400 115
18500 131
18600 286
18700 208
18800 114
18900 326
19000 330
19100 381
19200 699
19300 550
19400 963
19500 610
19600 475
19700 528
19800 311
19900 301
20000 532
20100 591
20200 802
20300 1282
20400 1172
20500 894
20600 1050
20700 1058
20800 908
20900 812
21000 773
21100 827
21200 573
21300 369
21400 427
21500 510
21600 492
21700 267
21800 405
21900 376
22000 384
22100 305
22200 207
22300 109
22400 41
22500 110
22600 322
22700 218
22800 137
22900 1
23000 145
23100 32
23200 117
23300 88
23400 244
23500 256
23600 499
23700 835
23800 736
23900 944
24000 1450
24100 1324
24200 1656
24300 1242
24400 566
24500 432
24600 247
24700 23
24800 9
24900 2
25000 0
25100 3
25200 16
25300 16
25400 2
25500 0
25600 27
25700 32
25800 60
25900 53
26000 1
26100 43
26200 0
26300 0
26400 0
26500 0
26600 17
26700 88
26800 57
26900 87
27000 15
27100 15
27200 18
27300 0
27400 5
27500 13
27600 0
27700 0
27800 9
27900 1
28000 1
28100 18
28200 0
28300 13
28400 64
28500 73
28600 80
28700 38
28800 0
28900 31
29000 16
29100 27
29200 14
29300 109
29400 305
29500 88
29600 207
29700 198
29800 130
29900 389
30000 319
30100 339
30200 181
30300 274
30400 122
30500 99
30600 27
30700 92
30800 177
30900 253
31000 277
31100 593
31200 484
31300 412
31400 286
31500 592
31600 755
31700 1171
31800 1129
31900 633
32000 737
32100 436
32200 425
32300 139
32400 116
32500 317
32600 311
32700 204
32800 282
32900 430
33000 498
33100 525
33200 800
33300 444
33400 409
33500 309
33600 832
33700 853
33800 620
33900 227
34000 232
34100 420
34200 349
34300 352
34400 324
34500 180
34600 139
34700 316
34800 305
34900 558
35000 461
35100 329
35200 124
35300 83
35400 153
35500 89
35600 22
35700 24
35800 46
35900 16
36000 72
36100 305
36200 857
36300 873
36400 693
36500 806
36600 1030
36700 1034
36800 737
36900 1052
37000 1090
37100 1584
37200 1442
37300 1192
37400 2025
37500 1902
37600 2014
37700 1427
37800 1527
37900 1542
38000 1337
38100 1701
38200 2201
38300 1889
38400 1572
38500 1684
38600 1599
38700 1199
38800 1551
38900 2284
39000 2068
39100 1952
39200 2018
39300 2183
39400 2678
39500 2990
39600 3657
39700 3820
39800 2876
39900 3361
40000 3050
40100 3392
40200 3511
40300 3720
40400 3869
40500 4483
40600 3447
40700 3918
40800 3387
40900 3038
41000 2245
41100 2145
41200 2234
41300 1960
41400 2280
41500 2500
41600 2574
41700 2137
41800 1809
41900 2524
42000 2891
42100 2641
42200 2398
42300 1670
42400 1512
42500 1125
42600 1035
42700 658
42800 877
42900 1026
43000 1021
43100 1604
43200 1717
43300 2455
43400 1941
43500 2372
43600 1914
43700 2272
43800 2272
43900 1709
44000 1870
44100 2170
44200 2100
44300 2518
44400 2022
44500 2277
44600 1542
44700 1442
44800 1695
44900 1776
45000 1953
45100 1689
45200 2046
45300 2097
45400 1940
45500 1902
45600 1639
45700 1685
45800 1563
45900 1500
46000 1720
46100 2267
46200 2300
46300 2804
46400 2147
46500 2779
46600 2824
46700 4048
46800 3995
46900 4872
47000 4197
47100 3534
47200 3393
47300 3107
47400 4244
47500 5558
47600 5036
47700 5050
47800 5372
47900 5007
48000 4115
48100 4721
48200 4656
48300 5931
48400 5639
48500 4670
48600 4251
48700 3683
48800 3439
48900 2945
49000 3329
49100 3937
49200 4618
49300 4638
49400 4800
49500 4247
49600 3709
49700 3493
49800 3433
49900 3438
50000 3098
50100 2338
50200 2217
50300 1944
50400 2562
50500 2673
50600 2724
50700 2738
50800 2466
50900 2348
51000 1997
51100 1614
51200 1428
51300 1472
51400 1612
51500 1379
51600 1219
51700 1513
51800 1193
51900 1453
52000 1872
52100 1298
52200 1326
52300 847
52400 777
52500 1019
52600 742
52700 517
52800 259
52900 246
53000 206
53100 206
53200 13
53300 51
53400 81
53500 6
53600 32
53700 251
53800 241
53900 166
54000 163
54100 106
54200 29
54300 54
54400 5
54500 0
54600 52
54700 0
54800 1
54900 1
55000 17
55100 99
55200 236
55300 545
55400 405
55500 133
55600 41
55700 97
55800 32
55900 0
56000 18
56100 197
56200 226
56300 371
56400 319
56500 422
56600 223
56700 296
56800 304
56900 335
57000 313
57100 149
57200 167
57300 330
57400 367
57500 320
57600 572
57700 1009
57800 1353
57900 1702
58000 1932
58100 2212
58200 2446
58300 2252
58400 1714
58500 1589
58600 1788
58700 2017
58800 1647
58900 1585
59000 1868
59100 1946
59200 1440
59300 1672
59400 2077
59500 1735
59600 1831
59700 1632
59800 1956
59900 1423
60000 1381
60100 1112
60200 795
60300 1072
60400 964
60500 931
60600 875
60700 1418
60800 2028
60900 2319
61000 1491
61100 1681
61200 1801
61300 1695
61400 1860
61500 2035
61600 1689
61700 1509
61800 1568
61900 1874
62000 1276
62100 1260
62200 2086
62300 2850
62400 3054
62500 2710
62600 3053
62700 2503
62800 2020
62900 1090
63000 952
63100 925
63200 1469
63300 1535
63400 1398
63500 2181
63600 1991
63700 2565
63800 2626
63900 2032
64000 2195
64100 2088
64200 2446
64300 1717
64400 1202
64500 982
64600 731
64700 512
64800 357
64900 420
65000 277
65100 302
65200 303
65300 347
65400 161
65500 38
65600 352
65700 350
65800 233
65900 191
66000 86
66100 135
66200 107
66300 30
66400 3
66500 0
66600 6
66700 0
66800 12
66900 53
67000 4
67100 13
67200 6
67300 29
67400 18
67500 14
67600 4
67700 0
67800 1
67900 0
68000 0
68100 44
68200 0
68300 7
68400 26
68500 0
68600 143
68700 27
68800 1
68900 33
69000 155
69100 240
69200 366
69300 603
69400 317
69500 635
69600 1054
69700 1331
69800 1710
69900 2009
70000 2795
70100 2726
70200 1670
70300 1502
70400 1193
70500 1199
70600 1155
70700 1618
70800 1558
70900 1488
71000 1619
71100 1500
71200 2076
71300 3016
71400 3736
71500 4651
71600 3838
71700 3104
71800 2684
71900 3413
72000 3888
72100 3913
72200 2585
72300 2010
72400 1558
72500 1388
72600 1495
72700 1722
72800 1720
72900 1562
73000 1504
73100 2260
73200 3228
73300 3207
73400 3590
73500 3725
73600 3955
73700 3633
73800 3287
73900 2966
74000 3360
74100 3964
74200 3610
74300 4447
74400 5018
74500 5109
74600 6249
74700 6038
74800 5240
74900 4436
75000 4746
75100 3774
75200 3295
75300 3783
75400 3725
75500 4066
75600 3416
75700 3278
75800 3668
75900 4102
76000 3338
76100 2524
76200 2086
76300 1888
76400 1614
76500 1627
76600 1543
76700 1351
76800 1559
76900 1529
77000 878
77100 801
77200 677
77300 710
77400 620
77500 446
77600 201
77700 193
77800 186
77900 60
78000 73
78100 70
78200 306
78300 260
78400 450
78500 155
78600 228
78700 199
78800 107
78900 286
79000 218
79100 218
79200 248
79300 314
79400 257
79500 606
79600 323
79700 284
79800 247
79900 155
80000 112
80100 476
80200 743
80300 321
80400 526
80500 564
80600 576
80700 774
80800 569
80900 417
81000 352
81100 196
81200 251
81300 123
81400 37
81500 47
81600 138
81700 120
81800 61
81900 67
82000 105
82100 142
82200 19
82300 18
82400 8
82500 19
82600 29
82700 9
82800 10
82900 9
83000 0
83100 0
83200 0
83300 4
83400 3
83500 12
83600 29
83700 0
83800 3
83900 131
84000 1
84100 3
84200 0
84300 2
84400 8
84500 3
84600 36
84700 10
84800 6
84900 0
85000 0
85100 2
85200 0
85300 0
85400 0
85500 1
85600 30
85700 104
85800 43
85900 77
86000 124
86100 13
86200 0
86300 0
86400 10
86500 31
86600 33
86700 56
86800 185
86900 256
87000 170
87100 287
87200 517
87300 485
87400 202
87500 233
87600 380
87700 550
87800 820
87900 1283
88000 1020
88100 1361
88200 828
88300 589
88400 584
88500 757
88600 542
88700 1114
88800 670
88900 961
89000 268
89100 176
89200 139
89300 55
89400 34
89500 43
89600 104
89700 30
89800 58
89900 10
90000 0
90100 24
90200 3
90300 0
90400 5
90500 0
90600 0
90700 42
90800 108
90900 269
91000 242
91100 75
91200 35
91300 9
91400 7
91500 51
91600 79
91700 2
91800 0
91900 21
92000 1
92100 0
92200 23
92300 28
92400 42
92500 190
92600 104
92700 19
92800 3
92900 1
93000 2
93100 10
93200 26
93300 10
93400 4
93500 1
93600 28
93700 127
93800 138
93900 59
94000 138
94100 259
94200 457
94300 144
94400 30
94500 115
94600 88
94700 122
94800 115
94900 217
95000 52
95100 77
95200 96
95300 321
95400 94
95500 55
95600 152
95700 39
95800 332
95900 350
96000 468
96100 237
96200 125
96300 292
96400 335
96500 206
96600 327
96700 41
96800 71
96900 161
97000 0
97100 4
97200 0
97300 1
97400 46
97500 42
97600 173
97700 38
97800 23
97900 10
98000 32
98100 7
98200 43
98300 32
98400 109
98500 173
98600 350
98700 128
98800 248
98900 71
99000 50
99100 3
99200 9
99300 7
99400 15
99500 10
99600 2
99700 4
99800 0
99900 30
100000 8
