100 18
200 1
300 6
400 0
500 40
600 136
700 216
800 394
900 743
1000 672
1100 770
1200 970
1300 1577
1400 1612
1500 1874
1600 1835
1700 1904
1800 1250
1900 1423
2000 2239
2100 2241
2200 2305
2300 2726
2400 2379
2500 2056
2600 1910
2700 1781
2800 1314
2900 982
3000 1643
3100 1783
3200 2167
3300 1879
3400 1482
3500 1693
3600 1351
3700 1873
3800 2366
3900 2747
4000 3127
4100 3482
4200 2679
4300 2493
4400 2275
4500 1842
4600 2385
4700 2291
4800 2803
4900 3071
5000 3434
5100 3541
5200 3475
5300 2659
5400 2226
5500 2357
5600 2403
5700 2870
5800 3436
5900 3579
6000 3518
6100 3569
6200 3655
6300 4308
6400 3791
6500 4565
6600 4512
6700 4199
6800 4275
6900 3563
7000 4063
7100 4209
7200 4087
7300 4241
7400 3692
7500 3248
7600 2633
7700 2518
7800 2464
7900 1831
8000 2603
8100 2630
8200 2676
8300 3027
8400 2763
8500 3226
8600 2997
8700 2961
8800 2884
8900 4190
9000 4121
9100 4703
9200 4673
9300 4357
9400 4542
9500 5397
9600 5884
9700 5921
9800 5006
9900 6430
10000 6554
10100 6864
10200 5887
10300 5754
10400 4720
10500 5443
10600 4795
10700 5204
10800 5016
10900 5546
11000 5706
11100 5762
11200 5795
11300 5600
11400 5935
11500 6919
11600 6127
11700 7063
11800 7738
11900 6493
12000 7047
12100 6426
12200 6781
12300 6368
12400 6435
12500 6565
12600 7427
12700 7151
12800 6062
12900 7941
13000 8064
13100 8610
13200 8156
13300 7527
13400 8301
13500 7024
13600 7622
13700 9082
13800 8334
13900 8262
14000 8316
14100 9081
14200 9609
14300 8479
14400 8647
14500 9732
14600 451
14700 9924
14800 8054
14900 7895
15000 7393
15100 8154
15200 8125
15300 7842
15400 8198
15500 8282
15600 8529
15700 8512
15800 9907
15900 162
16000 1139
16100 2034
16200 2211
16300 2566
16400 1546
16500 1275
16600 2376
16700 3458
16800 3914
16900 3650
17000 4553
17100 5325
17200 5512
17300 6116
17400 5111
17500 5518
17600 4807
17700 4350
17800 4184
17900 3734
18000 3980
18100 3522
18200 3722
18300 3263
18400 3509
18500 4117
18600 6019
18700 5292
18800 4382
18900 4035
19000 3842
19100 3166
19200 3755
19300 3221
19400 3463
19500 3900
19600 4377
19700 3869
19800 2885
19900 3372
20000 2442
20100 1174
20200 183
20300 9385
20400 9830
20500 9890
20600 313
20700 95
20800 714
20900 25
21000 899
21100 703
21200 2026
21300 2346
21400 1163
21500 1440
21600 462
21700 591
21800 9979
21900 402
22000 285
22100 145
22200 9412
22300 9661
22400 8416
22500 7818
22600 8006
22700 9610
22800 9074
22900 9210
23000 9870
23100 202
23200 1630
23300 592
23400 1162
23500 9513
23600 9274
23700 9475
23800 9219
23900 9498
24000 8429
24100 8893
24200 8845
24300 8947
24400 8607
24500 8857
24600 9321
24700 856
24800 1243
24900 715
25000 9875
25100 9447
25200 8879
25300 7535
25400 7290
25500 6331
25600 6709
25700 6782
25800 7388
25900 7878
26000 9428
26100 8917
26200 8818
26300 8850
26400 7976
26500 7041
26600 7631
26700 8361
26800 9083
26900 9467
27000 272
27100 1182
27200 1393
27300 2106
27400 2853
27500 2945
27600 3869
27700 4628
27800 4965
27900 6015
28000 4160
28100 4362
28200 3768
28300 3089
28400 3056
28500 2307
28600 3671
28700 3772
28800 3125
28900 3728
29000 4758
29100 5297
29200 5883
29300 4646
29400 5116
29500 4896
29600 4540
29700 5090
29800 5346
29900 5825
30000 5239
30100 4136
30200 4397
30300 5186
30400 4658
30500 4753
30600 5581
30700 6344
30800 5919
30900 7562
31000 8205
31100 8888
31200 9893
31300 9798
31400 8588
31500 9054
31600 8034
31700 9078
31800 8241
31900 7486
32000 8543
32100 7495
32200 7832
32300 7406
32400 7837
32500 6798
32600 7953
32700 8232
32800 8238
32900 7655
33000 5116
33100 5331
33200 4190
33300 5001
33400 4331
33500 3789
33600 2347
33700 684
33800 548
33900 763
34000 9493
34100 9080
34200 8861
34300 8826
34400 9237
34500 9106
34600 8036
34700 8241
34800 7976
34900 8244
35000 6647
35100 6959
35200 6415
35300 6679
35400 7516
35500 7509
35600 7895
35700 8694
35800 8821
35900 9223
36000 9283
36100 8903
36200 9338
36300 57
36400 873
36500 2441
36600 2352
36700 2748
36800 3218
36900 4100
37000 3665
37100 3528
37200 3884
37300 4346
37400 3966
37500 2876
37600 3709
37700 2105
37800 2626
37900 3046
38000 2599
38100 1405
38200 1727
38300 2073
38400 2756
38500 3291
38600 2525
38700 2752
38800 2820
38900 1433
39000 668
39100 1311
39200 617
39300 1108
39400 53
39500 9518
39600 9533
39700 9982
39800 7900
39900 7439
40000 7072
40100 5588
40200 6353
40300 5860
40400 6709
40500 7070
40600 8108
40700 9138
40800 6629
40900 6082
41000 6728
41100 6839
41200 7132
41300 7552
41400 131
41500 7996
41600 7283
41700 5754
41800 5448
41900 7225
42000 7317
42100 8015
42200 7238
42300 8546
42400 6626
42500 6304
42600 7110
42700 5758
42800 4838
42900 5436
43000 4667
43100 4829
43200 4566
43300 3976
43400 4232
43500 5737
43600 6144
43700 5623
43800 4683
43900 4829
44000 4408
44100 4891
44200 5651
44300 6221
44400 5112
44500 5148
44600 5044
44700 4408
44800 5159
44900 6418
45000 6971
45100 7345
45200 6233
45300 6856
45400 7038
45500 6809
45600 6567
45700 6587
45800 7517
45900 7266
46000 7188
46100 8239
46200 7109
46300 7066
46400 7705
46500 7251
46600 7549
46700 8182
46800 9199
46900 455
47000 8816
47100 8393
47200 9221
47300 1017
47400 719
47500 1682
47600 2585
47700 3692
47800 3785
47900 5244
48000 3224
48100 4235
48200 4747
48300 4629
48400 3345
48500 2668
48600 2449
48700 2077
48800 1081
48900 1571
49000 511
49100 9904
49200 922
49300 1337
49400 4043
49500 4497
49600 2307
49700 2877
49800 3599
49900 3632
50000 3593
50100 4154
50200 3758
50300 5965
50400 4501
50500 3388
50600 2881
50700 4303
50800 4525
50900 3417
51000 3880
51100 3565
51200 2253
51300 9227
51400 9034
51500 8460
51600 8275
51700 9484
51800 6503
51900 5942
52000 5715
52100 5609
52200 5950
52300 5753
52400 5040
52500 5865
52600 6013
52700 5806
52800 6169
52900 6090
53000 7108
53100 7416
53200 6910
53300 6807
53400 7488
53500 7687
53600 7095
53700 7828
53800 8228
53900 9500
54000 226
54100 9995
54200 8580
54300 8380
54400 9783
54500 9958
54600 9617
54700 786
54800 875
54900 952
55000 1103
55100 500
55200 9843
55300 688
55400 1187
55500 891
55600 9733
55700 9797
55800 159
55900 8956
56000 7043
56100 6319
56200 5758
56300 5898
56400 6357
56500 6574
56600 6581
56700 7354
56800 6496
56900 5276
57000 5643
57100 6954
57200 6246
57300 7382
57400 6874
57500 7375
57600 8111
57700 9459
57800 7829
57900 8331
58000 9457
58100 10
58200 658
58300 879
58400 9666
58500 9201
58600 494
58700 8996
58800 1880
58900 948
59000 2067
59100 1946
59200 2175
59300 3143
59400 3963
59500 2716
59600 2866
59700 3239
59800 5526
59900 3408
60000 4322
60100 5020
60200 4755
60300 4559
60400 5173
60500 4027
60600 5436
60700 5090
60800 3647
60900 3188
61000 665
61100 1520
61200 5266
61300 6292
61400 4914
61500 5417
61600 3854
61700 2655
61800 3720
61900 2486
62000 9729
62100 9667
62200 7951
62300 8127
62400 8663
62500 7398
62600 8133
62700 6202
62800 6781
62900 6517
63000 5856
63100 6241
63200 6283
63300 6446
63400 4682
63500 4330
63600 4534
63700 4342
63800 3744
63900 3038
64000 2201
64100 2737
64200 2265
64300 3417
64400 3302
64500 3893
64600 3229
64700 3288
64800 2995
64900 4026
65000 4049
65100 3502
65200 3346
65300 5048
65400 6227
65500 6410
65600 5957
65700 6522
65800 6683
65900 5397
66000 4438
66100 3989
66200 4182
66300 4663
66400 4906
66500 5524
66600 6803
66700 7101
66800 6105
66900 5877
67000 4682
67100 3574
67200 2937
67300 2836
67400 2067
67500 1613
67600 1513
67700 1207
67800 1289
67900 1946
68000 1439
68100 2924
68200 2872
68300 2398
68400 3099
68500 3285
68600 2699
68700 3266
68800 3398
68900 2869
69000 4106
69100 2717
69200 856
69300 1133
69400 1971
69500 1897
69600 2102
69700 1830
69800 1627
69900 1275
70000 1587
70100 800
70200 758
70300 317
70400 9
70500 53
70600 100
70700 113
70800 55
70900 134
71000 150
71100 267
71200 568
71300 163
71400 178
71500 37
71600 8
71700 65
71800 78
71900 70
72000 222
72100 491
72200 846
72300 564
72400 974
72500 1588
72600 1148
72700 649
72800 335
72900 306
73000 74
73100 127
73200 319
73300 448
73400 651
73500 972
73600 1106
73700 1359
73800 1733
73900 2172
74000 1954
74100 2595
74200 2426
74300 2166
74400 1627
74500 1635
74600 1632
74700 2157
74800 2580
74900 3844
75000 4002
75100 3578
75200 2622
75300 2202
75400 1915
75500 2121
75600 1701
75700 1230
75800 1531
75900 2375
76000 2687
76100 2611
76200 2846
76300 3105
76400 3371
76500 3602
76600 4078
76700 4369
76800 4372
76900 5366
77000 5957
77100 5381
77200 4521
77300 4714
77400 5263
77500 4677
77600 5911
77700 6283
77800 6148
77900 5734
78000 5349
78100 4758
78200 4290
78300 4416
78400 4708
78500 5266
78600 5044
78700 4711
78800 5691
78900 5387
79000 5409
79100 5958
79200 7088
79300 6774
79400 7449
79500 7573
79600 7547
79700 7822
79800 8310
79900 8586
80000 9147
80100 7999
80200 8359
80300 8839
80400 9572
80500 9163
80600 9630
80700 8973
80800 8908
80900 8959
81000 8894
81100 9654
81200 484
81300 8655
81400 8970
81500 9076
81600 8616
81700 8993
81800 8322
81900 9274
82000 714
82100 446
82200 9752
82300 9305
82400 9127
82500 8186
82600 8064
82700 7433
82800 7475
82900 6869
83000 6993
83100 7253
83200 6730
83300 7615
83400 8609
83500 8793
83600 8478
83700 9510
83800 8775
83900 9249
84000 8751
84100 7773
84200 7826
84300 7430
84400 6963
84500 6890
84600 6438
84700 7403
84800 7845
84900 7366
85000 7893
85100 8215
85200 9325
85300 8259
85400 8678
85500 8191
85600 8021
85700 7768
85800 9109
85900 9109
86000 8253
86100 8585
86200 8597
86300 127
86400 62
86500 795
86600 1267
86700 2657
86800 3020
86900 3495
87000 3150
87100 1871
87200 1700
87300 1758
87400 247
87500 124
87600 1308
87700 1463
87800 1991
87900 1681
88000 1498
88100 615
88200 964
88300 989
88400 940
88500 9697
88600 9541
88700 622
88800 823
88900 1210
89000 2094
89100 3799
89200 3255
89300 4748
89400 3858
89500 4610
89600 4001
89700 3890
89800 5418
89900 4229
90000 6603
90100 5518
90200 5663
90300 4633
90400 4831
90500 4620
90600 6073
90700 6061
90800 4072
90900 3144
91000 2053
91100 3697
91200 4993
91300 4411
91400 3718
91500 2558
91600 3248
91700 4066
91800 3467
91900 2551
92000 2700
92100 1836
92200 1884
92300 2344
92400 2488
92500 3138
92600 4024
92700 4270
92800 4554
92900 4637
93000 3643
93100 3055
93200 3206
93300 3134
93400 2526
93500 2292
93600 2432
93700 3442
93800 3323
93900 3629
94000 3546
94100 3460
94200 2374
94300 3455
94400 3703
94500 3455
94600 4047
94700 3670
94800 3142
94900 4235
95000 4341
95100 3902
95200 2494
95300 3049
95400 3115
95500 2724
95600 2575
95700 2243
95800 2439
95900 1419
96000 1004
96100 1995
96200 2636
96300 2234
96400 1789
96500 1465
96600 2932
96700 2872
96800 2124
96900 2724
97000 3877
97100 3435
97200 3604
97300 2493
97400 1182
97500 2125
97600 1731
97700 2041
97800 1231
97900 1426
98000 2018
98100 2090
98200 2031
98300 1660
98400 2179
98500 2346
98600 3099
98700 3796
98800 4312
98900 3942
99000 4041
99100 5583
99200 4280
99300 5274
99400 6524
99500 5948
99600 7886
99700 8033
99800 6453
99900 6312
100000 6243
