100 18
200 9
300 1
400 24
500 8
600 0
700 61
800 0
900 30
1000 5
1100 46
1200 12
1300 25
1400 7
1500 36
1600 43
1700 126
1800 158
1900 61
2000 3
2100 0
2200 20
2300 96
2400 208
2500 19
2600 0
2700 18
2800 13
2900 1
3000 43
3100 150
3200 230
3300 303
3400 123
3500 61
3600 290
3700 154
3800 185
3900 166
4000 226
4100 43
4200 1
4300 7
4400 5
4500 23
4600 2
4700 74
4800 21
4900 32
5000 272
5100 175
5200 243
5300 115
5400 0
5500 0
5600 1
5700 4
5800 53
5900 147
6000 318
6100 201
6200 184
6300 220
6400 121
6500 176
6600 183
6700 633
6800 412
6900 446
7000 428
7100 526
7200 551
7300 542
7400 186
7500 422
7600 412
7700 278
7800 98
7900 40
8000 10
8100 0
8200 1
8300 7
8400 2
8500 85
8600 17
8700 1
8800 4
8900 60
9000 39
9100 77
9200 41
9300 16
9400 25
9500 43
9600 0
9700 0
9800 1
9900 12
10000 22
10100 0
10200 0
10300 18
10400 19
10500 3
10600 16
10700 15
10800 0
10900 7
11000 3
11100 9
11200 35
11300 198
11400 182
11500 400
11600 792
11700 864
11800 1063
11900 1238
12000 1760
12100 1518
12200 1054
12300 1237
12400 829
12500 608
12600 609
12700 839
12800 600
12900 373
13000 539
13100 870
13200 981
13300 523
13400 883
13500 868
13600 848
13700 841
13800 1137
13900 1729
14000 1956
14100 1386
14200 1831
14300 2603
14400 2623
14500 1869
14600 2185
14700 2319
14800 2530
14900 3178
15000 2823
15100 2967
15200 2821
15300 1639
15400 1737
15500 2081
15600 2654
15700 1982
15800 2125
15900 2224
16000 2751
16100 3200
16200 3871
16300 5137
16400 4268
16500 4723
16600 5313
16700 6343
16800 7742
16900 7531
17000 7455
17100 7097
17200 7604
17300 8396
17400 8510
17500 8314
17600 7720
17700 7765
17800 6905
17900 5964
18000 5242
18100 5560
18200 6133
18300 6128
18400 5636
18500 5696
18600 5470
18700 5880
18800 5189
18900 5018
19000 4386
19100 5670
19200 5405
19300 6057
19400 4789
19500 4251
19600 3812
19700 4383
19800 4260
19900 3724
20000 3883
20100 4753
20200 4308
20300 4421
20400 5218
20500 4433
20600 3722
20700 2911
20800 2486
20900 2244
21000 2313
21100 2349
21200 2041
21300 1453
21400 1462
21500 1785
21600 1920
21700 1346
21800 1422
21900 1221
22000 1620
22100 2062
22200 2351
22300 1836
22400 1650
22500 1268
22600 1942
22700 1501
22800 1661
22900 1263
23000 1359
23100 1117
23200 1016
23300 1598
23400 1692
23500 1894
23600 2297
23700 2689
23800 2177
23900 2033
24000 1889
24100 1427
24200 1539
24300 1510
24400 813
24500 767
24600 851
24700 800
24800 953
24900 637
25000 565
25100 579
25200 331
25300 469
25400 765
25500 882
25600 714
25700 850
25800 641
25900 409
26000 283
26100 342
26200 429
26300 1153
26400 1161
26500 1081
26600 1310
26700 1684
26800 2165
26900 1621
27000 1489
27100 1687
27200 2779
27300 2970
27400 2727
27500 2507
27600 2355
27700 2444
27800 2136
27900 2085
28000 2713
28100 2897
28200 2884
28300 3669
28400 3967
28500 3412
28600 3860
28700 2890
28800 2738
28900 2209
29000 2019
29100 2307
29200 2422
29300 2432
29400 2661
29500 2675
29600 3031
29700 2728
29800 2885
29900 3415
30000 2947
30100 2706
30200 2919
30300 2734
30400 2809
30500 2984
30600 3351
30700 3214
30800 3590
30900 4023
31000 5049
31100 3998
31200 3785
31300 3458
31400 3783
31500 4766
31600 5509
31700 4860
31800 4255
31900 4463
32000 4435
32100 4577
32200 4374
32300 3439
32400 4020
32500 4175
32600 3744
32700 4945
32800 5610
32900 5677
33000 5882
33100 5157
33200 6018
33300 5354
33400 5972
33500 6189
33600 6911
33700 7798
33800 6768
33900 6609
34000 7622
34100 7085
34200 7074
34300 7375
34400 6216
34500 5519
34600 5903
34700 5412
34800 5585
34900 6368
35000 8383
35100 8807
35200 7076
35300 7109
35400 7256
35500 7790
35600 8000
35700 8353
35800 81
35900 1543
36000 9623
36100 8463
36200 7700
36300 8149
36400 7394
36500 7675
36600 6056
36700 6512
36800 6218
36900 6894
37000 8224
37100 7175
37200 7491
37300 8294
37400 7739
37500 9203
37600 7518
37700 8462
37800 8883
37900 7644
38000 7714
38100 6827
38200 7085
38300 6501
38400 5690
38500 4212
38600 3805
38700 4021
38800 2887
38900 2481
39000 2601
39100 2972
39200 3578
39300 4255
39400 4654
39500 4079
39600 2718
39700 2667
39800 2723
39900 2427
40000 1882
40100 1656
40200 2077
40300 1542
40400 1751
40500 1192
40600 1462
40700 1298
40800 1814
40900 1484
41000 1349
41100 1717
41200 1266
41300 779
41400 1199
41500 1210
41600 872
41700 895
41800 540
41900 380
42000 415
42100 153
42200 355
42300 269
42400 124
42500 157
42600 1
42700 0
42800 6
42900 3
43000 3
43100 126
43200 371
43300 309
43400 296
43500 277
43600 274
43700 22
43800 26
43900 12
44000 23
44100 0
44200 0
44300 64
44400 105
44500 16
44600 5
44700 45
44800 0
44900 10
45000 26
45100 7
45200 75
45300 0
45400 42
45500 265
45600 222
45700 713
45800 487
45900 416
46000 357
46100 383
46200 94
46300 55
46400 30
46500 39
46600 42
46700 0
46800 98
46900 263
47000 262
47100 87
47200 39
47300 0
47400 13
47500 30
47600 39
47700 93
47800 234
47900 48
48000 185
48100 78
48200 215
48300 549
48400 487
48500 296
48600 356
48700 639
48800 940
48900 997
49000 948
49100 536
49200 945
49300 1261
49400 1764
49500 1386
49600 2223
49700 2009
49800 2975
49900 2392
50000 3137
50100 2812
50200 2510
50300 2668
50400 3517
50500 3517
50600 2572
50700 2370
50800 3400
50900 3472
51000 3766
51100 3654
51200 4314
51300 4399
51400 4202
51500 5465
51600 4736
51700 4075
51800 3293
51900 4254
52000 4611
52100 4516
52200 5048
52300 4007
52400 3900
52500 4075
52600 3037
52700 3044
52800 2639
52900 2543
53000 3086
53100 2809
53200 2794
53300 3448
53400 4028
53500 3879
53600 4478
53700 4243
53800 4458
53900 3752
54000 4858
54100 3815
54200 3550
54300 3180
54400 3973
54500 4375
54600 3417
54700 3057
54800 2703
54900 3064
55000 2894
55100 2887
55200 2800
55300 1614
55400 1772
55500 2653
55600 3453
55700 2398
55800 3166
55900 3446
56000 2902
56100 2156
56200 1894
56300 1928
56400 2424
56500 2544
56600 1615
56700 1517
56800 1815
56900 993
57000 1075
57100 1079
57200 1510
57300 1052
57400 1201
57500 629
57600 476
57700 187
57800 76
57900 141
58000 171
58100 67
58200 99
58300 75
58400 195
58500 149
58600 55
58700 1
58800 13
58900 6
59000 49
59100 20
59200 55
59300 45
59400 123
59500 68
59600 15
59700 5
59800 0
59900 26
60000 61
60100 2
60200 18
60300 0
60400 36
60500 21
60600 22
60700 30
60800 56
60900 107
61000 66
61100 35
61200 117
61300 392
61400 293
61500 389
61600 459
61700 536
61800 575
61900 706
62000 1102
62100 1223
62200 861
62300 451
62400 1010
62500 1064
62600 954
62700 356
62800 348
62900 174
63000 212
63100 333
63200 198
63300 291
63400 158
63500 233
63600 500
63700 754
63800 759
63900 1128
64000 999
64100 673
64200 355
64300 272
64400 204
64500 58
64600 271
64700 106
64800 110
64900 209
65000 194
65100 381
65200 317
65300 406
65400 176
65500 127
65600 327
65700 428
65800 733
65900 735
66000 953
66100 1096
66200 1023
66300 814
66400 531
66500 690
66600 496
66700 298
66800 728
66900 565
67000 323
67100 325
67200 242
67300 395
67400 541
67500 626
67600 674
67700 542
67800 926
67900 631
68000 457
68100 325
68200 370
68300 153
68400 246
68500 336
68600 182
68700 152
68800 95
68900 114
69000 243
69100 191
69200 0
69300 6
69400 4
69500 3
69600 64
69700 61
69800 231
69900 134
70000 148
70100 128
70200 208
70300 25
70400 80
70500 104
70600 55
70700 93
70800 64
70900 1
71000 0
71100 8
71200 9
71300 24
71400 17
71500 111
71600 4
71700 0
71800 3
71900 8
72000 1
72100 3
72200 2
72300 0
72400 1
72500 14
72600 19
72700 0
72800 0
72900 1
73000 112
73100 50
73200 0
73300 12
73400 15
73500 61
73600 96
73700 122
73800 109
73900 53
74000 102
74100 45
74200 65
74300 31
74400 4
74500 3
74600 0
74700 2
74800 9
74900 1
75000 7
75100 3
75200 1
75300 0
75400 23
75500 133
75600 16
75700 41
75800 36
75900 55
76000 129
76100 160
76200 81
76300 211
76400 688
76500 1088
76600 622
76700 466
76800 907
76900 740
77000 696
77100 905
77200 998
77300 836
77400 682
77500 780
77600 1054
77700 850
77800 563
77900 528
78000 604
78100 921
78200 814
78300 1183
78400 698
78500 675
78600 655
78700 512
78800 941
78900 1140
79000 1421
79100 2060
79200 1925
79300 1754
79400 2843
79500 2169
79600 1668
79700 2452
79800 2230
79900 2413
80000 2848
80100 1783
80200 1816
80300 3317
80400 2840
80500 3447
80600 2381
80700 2477
80800 2645
80900 2840
81000 2790
81100 1922
81200 2228
81300 2973
81400 2031
81500 1845
81600 2406
81700 1703
81800 1774
81900 1418
82000 1159
82100 865
82200 649
82300 748
82400 855
82500 571
82600 229
82700 278
82800 593
82900 663
83000 536
83100 380
83200 545
83300 499
83400 699
83500 649
83600 674
83700 325
83800 214
83900 56
84000 141
84100 106
84200 0
84300 70
84400 14
84500 3
84600 4
84700 13
84800 25
84900 29
85000 15
85100 62
85200 29
85300 2
85400 21
85500 0
85600 0
85700 55
85800 219
85900 391
86000 333
86100 206
86200 278
86300 704
86400 1020
86500 874
86600 658
86700 940
86800 868
86900 527
87000 399
87100 685
87200 510
87300 399
87400 539
87500 982
87600 900
87700 1122
87800 1421
87900 1541
88000 795
88100 1093
88200 1788
88300 2023
88400 1882
88500 1472
88600 1007
88700 1126
88800 815
88900 907
89000 1238
89100 1208
89200 956
89300 777
89400 872
89500 835
89600 1017
89700 1385
89800 1928
89900 2109
90000 1581
90100 1858
90200 1624
90300 1482
90400 1601
90500 933
90600 468
90700 564
90800 644
90900 561
91000 1006
91100 1142
91200 1733
91300 1740
91400 1590
91500 1941
91600 2118
91700 1885
91800 2287
91900 3220
92000 3980
92100 4623
92200 4649
92300 4585
92400 5293
92500 5394
92600 5755
92700 6664
92800 6935
92900 6283
93000 6478
93100 6611
93200 5924
93300 5680
93400 5519
93500 5741
93600 5099
93700 4953
93800 3958
93900 3979
94000 4128
94100 4560
94200 4581
94300 5036
94400 5761
94500 5239
94600 4722
94700 5001
94800 5012
94900 4387
95000 4706
95100 5544
95200 4571
95300 4761
95400 4361
95500 4549
95600 4012
95700 4088
95800 4111
95900 4652
96000 5373
96100 5714
96200 5962
96300 5954
96400 6324
96500 6466
96600 7121
96700 6195
96800 5441
96900 5834
97000 6041
97100 5235
97200 5753
97300 5149
97400 5117
97500 5048
97600 5169
97700 4495
97800 4533
97900 3750
98000 4226
98100 3812
98200 2675
98300 2810
98400 2132
98500 2198
98600 2112
98700 2356
98800 2800
98900 3373
99000 3223
99100 3713
99200 3094
99300 2785
99400 2925
99500 2356
99600 2626
99700 2849
99800 3357
99900 3363
100000 3360
