100 230
200 334
300 769
400 75
500 254
600 950
700 527
800 84
900 17
1000 656
1100 258
1200 547
1300 126
1400 396
1500 83
1600 237
1700 484
1800 921
1900 338
2000 836
2100 340
2200 625
2300 22
2400 307
2500 300
2600 825
2700 120
2800 292
2900 687
3000 249
3100 99
3200 189
3300 151
3400 191
3500 237
3600 48
3700 504
3800 607
3900 75
4000 966
4100 222
4200 95
4300 457
4400 281
4500 833
4600 443
4700 986
4800 224
4900 578
5000 345
5100 111
5200 491
5300 629
5400 849
5500 135
5600 686
5700 59
5800 204
5900 445
6000 580
6100 603
6200 644
6300 793
6400 937
6500 49
6600 762
6700 611
6800 151
6900 803
7000 240
7100 274
7200 922
7300 770
7400 605
7500 977
7600 706
7700 863
7800 253
7900 469
8000 984
8100 10
8200 69
8300 406
8400 463
8500 760
8600 427
8700 338
8800 672
8900 632
9000 820
9100 710
9200 788
9300 403
9400 260
9500 7
9600 77
9700 310
9800 417
9900 946
10000 238
