100 670
200 486
300 172
400 8
500 62
600 493
700 457
800 763
900 397
1000 232
1100 403
1200 867
1300 810
1400 573
1500 135
1600 912
1700 594
1800 930
1900 940
2000 337
2100 600
2200 447
2300 706
2400 208
2500 940
2600 831
2700 541
2800 311
2900 268
3000 92
3100 643
3200 645
3300 152
3400 21
3500 93
3600 645
3700 462
3800 720
3900 680
4000 901
4100 826
4200 45
4300 122
4400 914
4500 669
4600 308
4700 852
4800 285
4900 322
5000 615
5100 696
5200 687
5300 855
5400 209
5500 957
5600 665
5700 534
5800 408
5900 479
6000 8
6100 266
6200 528
6300 239
6400 758
6500 558
6600 528
6700 567
6800 102
6900 292
7000 431
7100 256
7200 612
7300 740
7400 805
7500 684
7600 232
7700 666
7800 925
7900 315
8000 248
8100 456
8200 601
8300 499
8400 60
8500 533
8600 528
8700 765
8800 619
8900 964
9000 40
9100 815
9200 912
9300 159
9400 806
9500 424
9600 635
9700 616
9800 298
9900 740
10000 184
