100 817
200 616
300 932
400 281
500 250
600 543
700 830
800 174
900 643
1000 31
1100 689
1200 818
1300 650
1400 902
1500 807
1600 465
1700 424
1800 317
1900 237
2000 363
2100 842
2200 423
2300 311
2400 274
2500 110
2600 522
2700 723
2800 46
2900 52
3000 31
3100 291
3200 841
3300 824
3400 475
3500 111
3600 894
3700 768
3800 935
3900 777
4000 170
4100 132
4200 692
4300 887
4400 53
4500 474
4600 498
4700 522
4800 926
4900 429
5000 908
5100 572
5200 653
5300 96
5400 198
5500 638
5600 764
5700 898
5800 48
5900 841
6000 662
6100 815
6200 297
6300 646
6400 940
6500 791
6600 639
6700 369
6800 230
6900 154
7000 313
7100 558
7200 477
7300 657
7400 813
7500 582
7600 866
7700 340
7800 166
7900 632
8000 92
8100 745
8200 130
8300 550
8400 405
8500 394
8600 663
8700 388
8800 711
8900 384
9000 868
9100 659
9200 297
9300 743
9400 550
9500 985
9600 152
9700 269
9800 476
9900 207
10000 576
