100 240
200 936
300 411
400 923
500 795
600 980
700 946
800 837
900 46
1000 685
1100 666
1200 167
1300 617
1400 778
1500 859
1600 710
1700 181
1800 591
1900 911
2000 222
2100 676
2200 486
2300 277
2400 454
2500 36
2600 171
2700 918
2800 764
2900 683
3000 480
3100 789
3200 561
3300 897
3400 68
3500 94
3600 106
3700 819
3800 33
3900 901
4000 964
4100 482
4200 614
4300 46
4400 708
4500 257
4600 549
4700 211
4800 542
4900 307
5000 991
5100 807
5200 561
5300 876
5400 397
5500 642
5600 311
5700 534
5800 870
5900 404
6000 395
6100 641
6200 658
6300 10
6400 295
6500 963
6600 144
6700 692
6800 412
6900 757
7000 26
7100 908
7200 349
7300 324
7400 336
7500 838
7600 117
7700 865
7800 53
7900 872
8000 811
8100 397
8200 405
8300 982
8400 40
8500 465
8600 59
8700 490
8800 399
8900 900
9000 719
9100 543
9200 587
9300 918
9400 588
9500 666
9600 354
9700 480
9800 852
9900 325
10000 850
