100 132
200 325
300 255
400 874
500 405
600 804
700 225
800 163
900 734
1000 244
1100 227
1200 427
1300 400
1400 501
1500 608
1600 835
1700 297
1800 215
1900 110
2000 989
2100 185
2200 222
2300 301
2400 250
2500 284
2600 206
2700 928
2800 894
2900 594
3000 690
3100 185
3200 419
3300 114
3400 29
3500 91
3600 867
3700 892
3800 572
3900 579
4000 598
4100 281
4200 235
4300 556
4400 964
4500 510
4600 286
4700 550
4800 833
4900 272
5000 954
5100 572
5200 152
5300 831
5400 980
5500 679
5600 164
5700 736
5800 345
5900 664
6000 165
6100 528
6200 657
6300 363
6400 220
6500 938
6600 955
6700 636
6800 857
6900 579
7000 932
7100 495
7200 13
7300 345
7400 989
7500 222
7600 949
7700 890
7800 711
7900 736
8000 568
8100 560
8200 246
8300 909
8400 515
8500 49
8600 510
8700 607
8800 77
8900 999
9000 934
9100 742
9200 277
9300 596
9400 512
9500 397
9600 482
9700 214
9800 118
9900 88
10000 948
