100 774
200 176
300 512
400 107
500 7
600 277
700 433
800 813
900 956
1000 590
1100 648
1200 955
1300 924
1400 971
1500 580
1600 545
1700 357
1800 729
1900 876
2000 679
2100 682
2200 200
2300 554
2400 577
2500 212
2600 706
2700 816
2800 92
2900 639
3000 160
3100 210
3200 286
3300 472
3400 319
3500 562
3600 253
3700 635
3800 683
3900 500
4000 286
4100 686
4200 732
4300 587
4400 809
4500 875
4600 148
4700 160
4800 721
4900 300
5000 524
5100 494
5200 329
5300 254
5400 256
5500 761
5600 71
5700 310
5800 628
5900 233
6000 455
6100 665
6200 231
6300 716
6400 125
6500 151
6600 369
6700 762
6800 437
6900 841
7000 217
7100 848
7200 673
7300 222
7400 465
7500 384
7600 631
7700 900
7800 580
7900 171
8000 436
8100 458
8200 750
8300 276
8400 561
8500 6
8600 464
8700 682
8800 123
8900 989
9000 9
9100 323
9200 613
9300 110
9400 469
9500 8
9600 446
9700 845
9800 386
9900 394
10000 332
