100 251
200 890
300 894
400 228
500 473
600 734
700 682
800 122
900 380
1000 392
1100 672
1200 146
1300 829
1400 272
1500 910
1600 350
1700 558
1800 155
1900 215
2000 201
2100 144
2200 30
2300 979
2400 623
2500 576
2600 871
2700 718
2800 110
2900 730
3000 424
3100 824
3200 610
3300 188
3400 356
3500 866
3600 695
3700 162
3800 899
3900 277
4000 990
4100 200
4200 235
4300 823
4400 583
4500 243
4600 705
4700 39
4800 247
4900 434
5000 290
5100 760
5200 242
5300 417
5400 747
5500 209
5600 26
5700 714
5800 486
5900 417
6000 542
6100 854
6200 59
6300 983
6400 165
6500 418
6600 298
6700 753
6800 400
6900 370
7000 856
7100 825
7200 976
7300 111
7400 420
7500 656
7600 614
7700 186
7800 365
7900 559
8000 669
8100 492
8200 474
8300 129
8400 569
8500 859
8600 86
8700 570
8800 288
8900 227
9000 176
9100 893
9200 836
9300 380
9400 838
9500 510
9600 198
9700 471
9800 582
9900 205
10000 65
