100 690
200 605
300 290
400 766
500 968
600 771
700 893
800 854
900 248
1000 251
1100 832
1200 775
1300 493
1400 923
1500 388
1600 412
1700 358
1800 163
1900 683
2000 59
2100 7
2200 657
2300 332
2400 498
2500 565
2600 87
2700 770
2800 476
2900 447
3000 742
3100 945
3200 130
3300 299
3400 570
3500 101
3600 168
3700 472
3800 64
3900 116
4000 771
4100 400
4200 516
4300 428
4400 607
4500 905
4600 354
4700 514
4800 813
4900 540
5000 326
5100 238
5200 526
5300 804
5400 229
5500 38
5600 551
5700 384
5800 283
5900 977
6000 837
6100 229
6200 164
6300 867
6400 426
6500 120
6600 780
6700 942
6800 399
6900 876
7000 648
7100 890
7200 441
7300 533
7400 569
7500 706
7600 876
7700 7
7800 879
7900 888
8000 863
8100 515
8200 496
8300 953
8400 379
8500 615
8600 834
8700 47
8800 768
8900 285
9000 270
9100 269
9200 736
9300 733
9400 487
9500 576
9600 589
9700 385
9800 333
9900 243
10000 447
