100 923
200 859
300 365
400 4
500 613
600 0
700 709
800 665
900 147
1000 637
1100 558
1200 896
1300 216
1400 400
1500 663
1600 973
1700 743
1800 77
1900 615
2000 18
2100 175
2200 851
2300 534
2400 696
2500 772
2600 323
2700 772
2800 924
2900 629
3000 757
3100 446
3200 20
3300 208
3400 95
3500 884
3600 516
3700 173
3800 42
3900 193
4000 278
4100 248
4200 460
4300 922
4400 504
4500 219
4600 518
4700 492
4800 570
4900 604
5000 227
5100 400
5200 204
5300 611
5400 948
5500 205
5600 806
5700 919
5800 960
5900 231
6000 656
6100 866
6200 224
6300 505
6400 569
6500 545
6600 69
6700 314
6800 987
6900 184
7000 432
7100 572
7200 119
7300 978
7400 992
7500 901
7600 201
7700 789
7800 135
7900 98
8000 593
8100 448
8200 917
8300 497
8400 908
8500 871
8600 169
8700 887
8800 956
8900 522
9000 449
9100 702
9200 192
9300 797
9400 370
9500 514
9600 949
9700 117
9800 191
9900 952
10000 501
