100 708
200 883
300 554
400 534
500 619
600 380
700 449
800 437
900 56
1000 238
1100 373
1200 36
1300 701
1400 564
1500 131
1600 146
1700 493
1800 438
1900 643
2000 795
2100 720
2200 699
2300 107
2400 758
2500 903
2600 501
2700 977
2800 727
2900 218
3000 958
3100 672
3200 881
3300 659
3400 558
3500 893
3600 740
3700 482
3800 150
3900 749
4000 612
4100 351
4200 58
4300 570
4400 612
4500 700
4600 201
4700 754
4800 704
4900 702
5000 898
5100 267
5200 606
5300 999
5400 470
5500 580
5600 488
5700 714
5800 393
5900 486
6000 481
6100 141
6200 287
6300 123
6400 390
6500 481
6600 240
6700 663
6800 36
6900 736
7000 795
7100 936
7200 606
7300 701
7400 338
7500 584
7600 110
7700 275
7800 826
7900 807
8000 537
8100 489
8200 647
8300 324
8400 257
8500 808
8600 734
8700 766
8800 589
8900 704
9000 515
9100 373
9200 34
9300 633
9400 821
9500 974
9600 139
9700 736
9800 370
9900 389
10000 238
