100 213
200 9
300 990
400 963
500 407
600 458
700 778
800 652
900 691
1000 987
1100 535
1200 695
1300 497
1400 279
1500 534
1600 212
1700 146
1800 330
1900 239
2000 132
2100 645
2200 961
2300 658
2400 403
2500 782
2600 273
2700 505
2800 595
2900 296
3000 464
3100 679
3200 30
3300 144
3400 777
3500 474
3600 914
3700 782
3800 258
3900 556
4000 468
4100 827
4200 852
4300 983
4400 901
4500 834
4600 572
4700 998
4800 54
4900 919
5000 143
5100 61
5200 268
5300 851
5400 586
5500 919
5600 539
5700 351
5800 67
5900 27
6000 466
6100 457
6200 406
6300 334
6400 204
6500 121
6600 821
6700 888
6800 645
6900 505
7000 858
7100 88
7200 580
7300 395
7400 788
7500 768
7600 933
7700 616
7800 773
7900 250
8000 827
8100 62
8200 144
8300 142
8400 794
8500 686
8600 240
8700 702
8800 750
8900 761
9000 558
9100 955
9200 247
9300 362
9400 301
9500 517
9600 71
9700 652
9800 776
9900 161
10000 50
9500 13
9600 137
9700 0
9800 190
9900 858
10000 977
