100 227
200 464
300 120
400 644
500 64
600 702
700 629
800 850
900 828
1000 551
1100 546
1200 730
1300 529
1400 401
1500 309
1600 823
1700 498
1800 1
1900 816
2000 224
2100 988
2200 712
2300 367
2400 870
2500 751
2600 870
2700 413
2800 292
2900 886
3000 239
3100 568
3200 279
3300 714
3400 315
3500 95
3600 965
3700 402
3800 949
3900 699
4000 413
4100 110
4200 168
4300 425
4400 786
4500 621
4600 803
4700 705
4800 598
4900 305
5000 81
5100 578
5200 36
5300 504
5400 941
5500 729
5600 653
5700 609
5800 450
5900 21
6000 907
6100 356
6200 510
6300 945
6400 982
6500 309
6600 629
6700 556
6800 130
6900 501
7000 546
7100 852
7200 594
7300 872
7400 933
7500 659
7600 418
7700 370
7800 847
7900 927
8000 757
8100 482
8200 14
8300 677
8400 606
8500 622
8600 510
8700 200
8800 828
8900 993
9000 876
9100 908
9200 893
9300 947
9400 477
9500 780
9600 808
9700 770
9800 146
9900 867
10000 637
