100 982
200 180
300 188
400 248
500 79
600 637
700 284
800 380
900 625
1000 717
1100 152
1200 894
1300 929
1400 453
1500 330
1600 579
1700 6
1800 755
1900 394
2000 701
2100 278
2200 441
2300 673
2400 531
2500 919
2600 866
2700 133
2800 865
2900 353
3000 221
3100 941
3200 422
3300 707
3400 186
3500 513
3600 691
3700 185
3800 749
3900 944
4000 391
4100 880
4200 969
4300 761
4400 467
4500 670
4600 692
4700 471
4800 64
4900 482
5000 789
5100 972
5200 252
5300 656
5400 407
5500 327
5600 743
5700 830
5800 220
5900 542
6000 283
6100 55
6200 866
6300 218
6400 948
6500 959
6600 785
6700 531
6800 356
6900 517
7000 844
7100 833
7200 31
7300 473
7400 91
7500 840
7600 562
7700 198
7800 386
7900 207
8000 40
8100 538
8200 581
8300 493
8400 897
8500 818
8600 958
8700 721
8800 764
8900 783
9000 929
9100 353
9200 506
9300 878
9400 408
9500 375
9600 783
9700 655
9800 76
9900 968
10000 346
