100 709
200 467
300 961
400 750
500 111
600 91
700 724
800 175
900 325
1000 908
1100 875
1200 756
1300 644
1400 978
1500 533
1600 581
1700 152
1800 780
1900 796
2000 996
2100 764
2200 460
2300 369
2400 971
2500 657
2600 989
2700 370
2800 81
2900 220
3000 725
3100 8
3200 273
3300 562
3400 252
3500 489
3600 124
3700 900
3800 863
3900 460
4000 223
4100 991
4200 727
4300 403
4400 458
4500 853
4600 382
4700 347
4800 364
4900 813
5000 386
5100 840
5200 677
5300 455
5400 8
5500 663
5600 388
5700 403
5800 949
5900 978
6000 361
6100 40
6200 427
6300 889
6400 520
6500 864
6600 193
6700 871
6800 824
6900 109
7000 997
7100 774
7200 361
7300 918
7400 386
7500 705
7600 716
7700 737
7800 28
7900 541
8000 38
8100 491
8200 395
8300 798
8400 726
8500 737
8600 793
8700 306
8800 936
8900 140
9000 201
9100 114
9200 457
9300 242
9400 116
9500 0
9600 418
9700 933
9800 696
9900 220
10000 886
