100 82
200 660
300 102
400 528
500 366
600 723
700 780
800 515
900 416
1000 365
1100 523
1200 176
1300 73
1400 373
1500 788
1600 947
1700 658
1800 94
1900 661
2000 104
2100 183
2200 128
2300 687
2400 84
2500 299
2600 939
2700 612
2800 221
2900 428
3000 236
3100 159
3200 693
3300 678
3400 21
3500 764
3600 373
3700 902
3800 702
3900 476
4000 722
4100 456
4200 673
4300 520
4400 559
4500 946
4600 7
4700 36
4800 303
4900 299
5000 192
5100 238
5200 130
5300 890
5400 176
5500 511
5600 84
5700 979
5800 691
5900 888
6000 397
6100 352
6200 919
6300 117
6400 865
6500 139
6600 854
6700 246
6800 998
6900 186
7000 953
7100 282
7200 160
7300 56
7400 333
7500 190
7600 949
7700 405
7800 428
7900 485
8000 40
8100 300
8200 417
8300 204
8400 990
8500 927
8600 894
8700 645
8800 751
8900 732
9000 10
9100 436
9200 291
9300 503
9400 622
9500 125
9600 372
9700 246
9800 745
9900 547
10000 94
