100 734
200 149
300 120
400 686
500 481
600 561
700 334
800 332
900 758
1000 512
1100 610
1200 466
1300 845
1400 772
1500 739
1600 66
1700 5
1800 798
1900 267
2000 297
2100 824
2200 166
2300 278
2400 431
2500 882
2600 79
2700 102
2800 730
2900 597
3000 783
3100 754
3200 415
3300 93
3400 43
3500 913
3600 979
3700 179
3800 537
3900 534
4000 295
4100 874
4200 970
4300 26
4400 645
4500 653
4600 177
4700 568
4800 178
4900 437
5000 870
5100 843
5200 793
5300 278
5400 606
5500 317
5600 45
5700 635
5800 477
5900 544
6000 323
6100 973
6200 153
6300 602
6400 602
6500 13
6600 97
6700 348
6800 999
6900 952
7000 614
7100 363
7200 642
7300 256
7400 273
7500 337
7600 750
7700 173
7800 634
7900 185
8000 251
8100 996
8200 671
8300 112
8400 381
8500 228
8600 554
8700 108
8800 718
8900 435
9000 307
9100 152
9200 620
9300 134
9400 772
9500 894
9600 828
9700 495
9800 246
9900 314
10000 93
