100 552
200 722
300 910
400 191
500 915
600 999
700 819
800 461
900 798
1000 194
1100 83
1200 829
1300 459
1400 293
1500 861
1600 952
1700 617
1800 61
1900 393
2000 300
2100 23
2200 455
2300 87
2400 939
2500 209
2600 262
2700 21
2800 184
2900 452
3000 80
3100 462
3200 978
3300 597
3400 630
3500 667
3600 226
3700 219
3800 269
3900 726
4000 579
4100 34
4200 871
4300 119
4400 976
4500 473
4600 211
4700 170
4800 944
4900 621
5000 569
5100 662
5200 572
5300 526
5400 24
5500 672
5600 50
5700 655
5800 108
5900 294
6000 101
6100 305
6200 273
6300 414
6400 548
6500 167
6600 930
6700 945
6800 366
6900 935
7000 205
7100 748
7200 137
7300 271
7400 197
7500 600
7600 430
7700 454
7800 96
7900 268
8000 16
8100 497
8200 429
8300 30
8400 204
8500 686
8600 148
8700 199
8800 459
8900 32
9000 182
9100 139
9200 836
9300 572
9400 311
9500 118
9600 852
9700 912
9800 757
9900 124
10000 578
5900 548
6000 170
6100 150
6200 930
6300 852
6400 866
6500 795
6600 639
6700 67
6800 937
6900 251
7000 502
7100 601
7200 858
7300 596
7400 423
7500 580
7600 519
7700 861
7800 912
7900 861
8000 427
8100 627
8200 829
8300 19
8400 913
8500 131
8600 234
8700 767
8800 315
8900 275
9000 124
9100 758
9200 681
9300 267
9400 54
9500 846
9600 929
9700 482
9800 746
9900 217
10000 596
