100 699
200 255
300 874
400 635
500 910
600 719
700 936
800 579
900 857
1000 332
1100 188
1200 377
1300 711
1400 567
1500 856
1600 939
1700 118
1800 441
1900 725
2000 960
2100 723
2200 838
2300 661
2400 910
2500 10
2600 805
2700 86
2800 207
2900 646
3000 433
3100 676
3200 865
3300 355
3400 599
3500 167
3600 119
3700 466
3800 26
3900 164
4000 994
4100 880
4200 437
4300 26
4400 713
4500 609
4600 642
4700 794
4800 660
4900 539
5000 319
5100 30
5200 393
5300 650
5400 101
5500 435
5600 136
5700 353
5800 554
5900 363
6000 908
6100 248
6200 60
6300 258
6400 923
6500 574
6600 537
6700 250
6800 701
6900 924
7000 236
7100 846
7200 425
7300 13
7400 661
7500 52
7600 425
7700 546
7800 964
7900 618
8000 894
8100 974
8200 747
8300 300
8400 168
8500 508
8600 831
8700 663
8800 527
8900 651
9000 374
9100 934
9200 638
9300 468
9400 579
9500 201
9600 744
9700 844
9800 236
9900 346
10000 454
