100 209
200 328
300 161
400 86
500 769
600 772
700 323
800 151
900 96
1000 241
1100 808
1200 141
1300 568
1400 756
1500 315
1600 391
1700 328
1800 757
1900 418
2000 643
2100 595
2200 922
2300 863
2400 148
2500 602
2600 831
2700 38
2800 850
2900 821
3000 340
3100 912
3200 159
3300 243
3400 878
3500 711
3600 304
3700 353
3800 952
3900 760
4000 124
4100 241
4200 351
4300 801
4400 671
4500 601
4600 662
4700 958
4800 21
4900 770
5000 134
5100 99
5200 366
5300 79
5400 131
5500 502
5600 797
5700 575
5800 198
5900 685
6000 826
6100 254
6200 951
6300 717
6400 977
6500 665
6600 342
6700 496
6800 118
6900 239
7000 243
7100 982
7200 801
7300 535
7400 72
7500 458
7600 609
7700 579
7800 436
7900 116
8000 621
8100 756
8200 687
8300 323
8400 505
8500 829
8600 845
8700 885
8800 116
8900 838
9000 771
9100 182
9200 905
9300 743
9400 905
9500 601
9600 42
9700 690
9800 524
9900 303
10000 30
6900 747
7000 617
7100 641
7200 562
7300 830
7400 594
7500 335
7600 930
7700 204
7800 310
7900 287
8000 6
8100 621
8200 614
8300 958
8400 572
8500 951
8600 125
8700 635
8800 699
8900 111
9000 959
9100 28
9200 815
9300 856
9400 649
9500 850
9600 136
9700 86
9800 10
9900 23
10000 171
