100 747
200 72
300 600
400 406
500 487
600 207
700 729
800 108
900 495
1000 55
1100 601
1200 403
1300 133
1400 527
1500 97
1600 517
1700 497
1800 344
1900 998
2000 251
2100 288
2200 741
2300 971
2400 769
2500 650
2600 907
2700 665
2800 138
2900 443
3000 452
3100 521
3200 260
3300 879
3400 892
3500 780
3600 819
3700 686
3800 878
3900 643
4000 117
4100 286
4200 574
4300 409
4400 138
4500 166
4600 831
4700 41
4800 512
4900 493
5000 722
5100 696
5200 472
5300 584
5400 536
5500 431
5600 947
5700 499
5800 268
5900 348
6000 916
6100 996
6200 293
6300 91
6400 649
6500 414
6600 134
6700 878
6800 959
6900 339
7000 918
7100 897
7200 927
7300 525
7400 281
7500 70
7600 817
7700 621
7800 870
7900 851
8000 516
8100 567
8200 749
8300 864
8400 830
8500 731
8600 888
8700 516
8800 397
8900 544
9000 812
9100 691
9200 852
9300 163
9400 699
9500 601
9600 856
9700 231
9800 986
9900 705
10000 675
