100 249
200 461
300 896
400 224
500 215
600 974
700 104
800 996
900 628
1000 158
1100 221
1200 643
1300 326
1400 817
1500 50
1600 859
1700 871
1800 797
1900 654
2000 150
2100 614
2200 114
2300 543
2400 431
2500 174
2600 638
2700 490
2800 447
2900 662
3000 129
3100 346
3200 49
3300 452
3400 835
3500 559
3600 141
3700 441
3800 210
3900 46
4000 390
4100 641
4200 301
4300 486
4400 623
4500 94
4600 17
4700 725
4800 739
4900 108
5000 398
5100 140
5200 685
5300 846
5400 304
5500 243
5600 496
5700 635
5800 900
5900 377
6000 941
6100 75
6200 668
6300 448
6400 671
6500 605
6600 122
6700 997
6800 145
6900 833
7000 14
7100 317
7200 168
7300 813
7400 485
7500 593
7600 630
7700 120
7800 937
7900 983
8000 197
8100 281
8200 166
8300 62
8400 941
8500 303
8600 731
8700 289
8800 688
8900 302
9000 33
9100 240
9200 872
9300 838
9400 135
9500 989
9600 290
9700 137
9800 740
9900 835
10000 697
