100 120
200 480
300 624
400 927
500 53
600 786
700 728
800 130
900 742
1000 887
1100 798
1200 99
1300 394
1400 242
1500 846
1600 602
1700 544
1800 948
1900 548
2000 116
2100 418
2200 696
2300 117
2400 409
2500 474
2600 483
2700 467
2800 223
2900 157
3000 499
3100 986
3200 281
3300 875
3400 491
3500 486
3600 173
3700 59
3800 961
3900 166
4000 447
4100 908
4200 150
4300 828
4400 783
4500 513
4600 687
4700 19
4800 159
4900 536
5000 778
5100 497
5200 817
5300 259
5400 813
5500 388
5600 448
5700 155
5800 542
5900 272
6000 602
6100 848
6200 4
6300 842
6400 27
6500 493
6600 881
6700 244
6800 856
6900 120
7000 755
7100 980
7200 37
7300 209
7400 574
7500 932
7600 415
7700 29
7800 613
7900 260
8000 883
8100 958
8200 619
8300 221
8400 315
8500 924
8600 423
8700 566
8800 973
8900 805
9000 303
9100 614
9200 850
9300 900
9400 895
9500 794
9600 774
9700 684
9800 317
9900 872
10000 599
