100 835
200 437
300 859
400 803
500 203
600 750
700 821
800 774
900 148
1000 640
1100 458
1200 769
1300 551
1400 260
1500 567
1600 731
1700 580
1800 766
1900 104
2000 989
2100 785
2200 925
2300 765
2400 488
2500 536
2600 616
2700 11
2800 153
2900 440
3000 90
3100 731
3200 989
3300 568
3400 193
3500 5
3600 695
3700 624
3800 231
3900 24
4000 262
4100 99
4200 282
4300 239
4400 522
4500 154
4600 708
4700 904
4800 710
4900 789
5000 617
5100 477
5200 861
5300 986
5400 103
5500 548
5600 997
5700 206
5800 882
5900 101
6000 468
6100 564
6200 529
6300 242
6400 901
6500 519
6600 451
6700 143
6800 981
6900 298
7000 207
7100 307
7200 172
7300 870
7400 651
7500 132
7600 456
7700 13
7800 902
7900 820
8000 55
8100 89
8200 163
8300 626
8400 653
8500 18
8600 749
8700 340
8800 511
8900 661
9000 965
9100 883
9200 354
9300 513
9400 41
9500 636
9600 509
9700 997
9800 750
9900 119
10000 717
