100 472
200 167
300 581
400 904
500 983
600 241
700 175
800 130
900 908
1000 811
1100 293
1200 228
1300 521
1400 567
1500 557
1600 248
1700 495
1800 575
1900 968
2000 836
2100 967
2200 414
2300 410
2400 828
2500 597
2600 356
2700 954
2800 783
2900 474
3000 569
3100 511
3200 79
3300 180
3400 670
3500 154
3600 331
3700 944
3800 73
3900 964
4000 420
4100 178
4200 401
4300 857
4400 304
4500 162
4600 10
4700 602
4800 879
4900 883
5000 902
5100 639
5200 432
5300 271
5400 670
5500 631
5600 572
5700 589
5800 544
5900 420
6000 666
6100 408
6200 422
6300 270
6400 825
6500 424
6600 966
6700 382
6800 925
6900 719
7000 452
7100 334
7200 341
7300 254
7400 743
7500 991
7600 327
7700 196
7800 459
7900 534
8000 390
8100 410
8200 992
8300 320
8400 629
8500 466
8600 856
8700 273
8800 515
8900 236
9000 964
9100 962
9200 530
9300 153
9400 181
9500 919
9600 944
9700 909
9800 812
9900 624
10000 468
