100 798
200 660
300 528
400 886
500 257
600 84
700 77
800 953
900 376
1000 847
1100 452
1200 913
1300 528
1400 47
1500 326
1600 426
1700 724
1800 891
1900 903
2000 551
2100 400
2200 934
2300 341
2400 956
2500 344
2600 702
2700 837
2800 924
2900 585
3000 881
3100 622
3200 27
3300 329
3400 79
3500 796
3600 65
3700 12
3800 49
3900 72
4000 369
4100 577
4200 782
4300 632
4400 852
4500 575
4600 600
4700 844
4800 456
4900 85
5000 738
5100 703
5200 555
5300 115
5400 79
5500 866
5600 48
5700 320
5800 829
5900 840
6000 586
6100 939
6200 954
6300 812
6400 706
6500 359
6600 589
6700 164
6800 569
6900 407
7000 998
7100 43
7200 594
7300 51
7400 341
7500 693
7600 122
7700 267
7800 378
7900 812
8000 735
8100 706
8200 577
8300 538
8400 365
8500 118
8600 95
8700 403
8800 310
8900 993
9000 687
9100 606
9200 492
9300 322
9400 865
9500 94
9600 686
9700 320
9800 419
9900 231
10000 276
