100 116
200 753
300 225
400 157
500 664
600 51
700 602
800 226
900 394
1000 683
1100 735
1200 130
1300 530
1400 326
1500 344
1600 981
1700 721
1800 315
1900 344
2000 734
2100 885
2200 286
2300 25
2400 259
2500 470
2600 667
2700 368
2800 655
2900 650
3000 376
3100 733
3200 583
3300 266
3400 204
3500 544
3600 171
3700 414
3800 278
3900 274
4000 568
4100 720
4200 867
4300 827
4400 434
4500 418
4600 840
4700 750
4800 479
4900 571
5000 779
5100 12
5200 512
5300 132
5400 594
5500 314
5600 309
5700 493
5800 901
5900 318
6000 176
6100 451
6200 431
6300 271
6400 281
6500 133
6600 860
6700 483
6800 362
6900 365
7000 358
7100 280
7200 149
7300 745
7400 440
7500 133
7600 462
7700 521
7800 490
7900 924
8000 832
8100 838
8200 670
8300 972
8400 886
8500 57
8600 668
8700 730
8800 600
8900 880
9000 966
9100 762
9200 154
9300 496
9400 720
9500 309
9600 447
9700 730
9800 245
9900 53
10000 599
