100 346
200 232
300 680
400 481
500 949
600 284
700 208
800 976
900 261
1000 263
1100 564
1200 472
1300 701
1400 452
1500 424
1600 515
1700 160
1800 904
1900 501
2000 496
2100 558
2200 384
2300 180
2400 355
2500 863
2600 484
2700 777
2800 188
2900 321
3000 629
3100 849
3200 654
3300 810
3400 726
3500 586
3600 815
3700 522
3800 287
3900 312
4000 430
4100 780
4200 879
4300 47
4400 478
4500 672
4600 714
4700 697
4800 410
4900 467
5000 286
5100 897
5200 857
5300 775
5400 234
5500 984
5600 304
5700 82
5800 546
5900 159
6000 564
6100 814
6200 499
6300 566
6400 230
6500 171
6600 575
6700 864
6800 328
6900 355
7000 894
7100 205
7200 60
7300 278
7400 240
7500 832
7600 633
7700 27
7800 546
7900 30
8000 889
8100 707
8200 38
8300 345
8400 347
8500 586
8600 518
8700 92
8800 572
8900 894
9000 2
9100 396
9200 140
9300 58
9400 86
9500 98
9600 272
9700 60
9800 937
9900 152
10000 59
