100 777
200 897
300 429
400 207
500 864
600 398
700 228
800 883
900 333
1000 335
1100 697
1200 866
1300 781
1400 775
1500 514
1600 619
1700 9
1800 503
1900 681
2000 344
2100 485
2200 801
2300 604
2400 594
2500 201
2600 522
2700 426
2800 924
2900 426
3000 979
3100 849
3200 439
3300 186
3400 819
3500 941
3600 226
3700 151
3800 341
3900 968
4000 978
4100 332
4200 267
4300 889
4400 734
4500 944
4600 381
4700 764
4800 284
4900 127
5000 989
5100 375
5200 95
5300 255
5400 145
5500 765
5600 137
5700 882
5800 506
5900 251
6000 211
6100 626
6200 894
6300 528
6400 115
6500 854
6600 423
6700 577
6800 789
6900 482
7000 897
7100 432
7200 620
7300 958
7400 136
7500 638
7600 128
7700 963
7800 61
7900 534
8000 664
8100 785
8200 943
8300 423
8400 597
8500 249
8600 661
8700 626
8800 440
8900 672
9000 890
9100 914
9200 680
9300 633
9400 366
9500 354
9600 702
9700 458
9800 613
9900 82
10000 787
