100 837
200 53
300 58
400 674
500 447
600 88
700 254
800 93
900 536
1000 816
1100 483
1200 359
1300 99
1400 290
1500 816
1600 358
1700 821
1800 141
1900 444
2000 630
2100 71
2200 375
2300 297
2400 319
2500 726
2600 533
2700 732
2800 161
2900 820
3000 69
3100 499
3200 572
3300 672
3400 77
3500 861
3600 134
3700 563
3800 581
3900 647
4000 370
4100 436
4200 793
4300 416
4400 907
4500 173
4600 357
4700 891
4800 653
4900 929
5000 4
5100 485
5200 742
5300 165
5400 852
5500 875
5600 507
5700 571
5800 761
5900 61
6000 320
6100 639
6200 555
6300 316
6400 891
6500 760
6600 953
6700 471
6800 216
6900 337
7000 736
7100 35
7200 861
7300 684
7400 912
7500 899
7600 585
7700 937
7800 986
7900 742
8000 155
8100 103
8200 174
8300 130
8400 672
8500 480
8600 992
8700 231
8800 91
8900 74
9000 495
9100 153
9200 434
9300 624
9400 269
9500 878
9600 847
9700 867
9800 725
9900 623
10000 900
