100 711
200 381
300 171
400 306
500 502
600 317
700 297
800 434
900 926
1000 565
1100 845
1200 128
1300 204
1400 485
1500 641
1600 918
1700 772
1800 580
1900 99
2000 813
2100 99
2200 289
2300 583
2400 606
2500 657
2600 592
2700 244
2800 8
2900 702
3000 387
3100 113
3200 284
3300 714
3400 435
3500 579
3600 876
3700 38
3800 411
3900 935
4000 448
4100 567
4200 773
4300 12
4400 84
4500 697
4600 353
4700 476
4800 34
4900 683
5000 129
5100 319
5200 728
5300 968
5400 56
5500 659
5600 398
5700 628
5800 895
5900 321
6000 486
6100 514
6200 27
6300 236
6400 95
6500 21
6600 61
6700 601
6800 510
6900 599
7000 992
7100 501
7200 117
7300 551
7400 996
7500 72
7600 72
7700 111
7800 842
7900 995
8000 535
8100 365
8200 128
8300 133
8400 73
8500 5
8600 714
8700 608
8800 682
8900 754
9000 155
9100 591
9200 567
9300 408
9400 678
9500 510
9600 648
9700 247
9800 582
9900 45
10000 847
