100 161
200 770
300 921
400 926
500 514
600 871
700 788
800 561
900 571
1000 657
1100 898
1200 526
1300 286
1400 7
1500 270
1600 36
1700 212
1800 592
1900 16
2000 87
2100 442
2200 494
2300 104
2400 44
2500 476
2600 909
2700 755
2800 513
2900 8
3000 415
3100 832
3200 496
3300 674
3400 834
3500 274
3600 481
3700 401
3800 78
3900 129
4000 507
4100 939
4200 583
4300 816
4400 933
4500 587
4600 28
4700 179
4800 687
4900 708
5000 885
5100 661
5200 495
5300 980
5400 236
5500 725
5600 499
5700 197
5800 6
5900 717
6000 636
6100 363
6200 235
6300 211
6400 30
6500 803
6600 502
6700 701
6800 268
6900 688
7000 176
7100 37
7200 89
7300 573
7400 492
7500 177
7600 660
7700 699
7800 843
7900 766
8000 853
8100 271
8200 120
8300 177
8400 863
8500 147
8600 167
8700 689
8800 834
8900 279
9000 150
9100 60
9200 199
9300 279
9400 125
9500 342
9600 48
9700 931
9800 977
9900 872
10000 980
