100 769
200 915
300 738
400 664
500 11
600 321
700 112
800 506
900 314
1000 39
1100 131
1200 485
1300 854
1400 896
1500 200
1600 414
1700 269
1800 527
1900 546
2000 165
2100 328
2200 514
2300 933
2400 319
2500 83
2600 692
2700 149
2800 466
2900 676
3000 637
3100 368
3200 646
3300 512
3400 67
3500 924
3600 972
3700 493
3800 435
3900 170
4000 76
4100 232
4200 421
4300 706
4400 788
4500 743
4600 420
4700 233
4800 966
4900 9
5000 167
5100 560
5200 432
5300 921
5400 760
5500 140
5600 280
5700 490
5800 581
5900 691
6000 389
6100 440
6200 227
6300 363
6400 38
6500 182
6600 378
6700 950
6800 115
6900 687
7000 564
7100 44
7200 818
7300 326
7400 92
7500 294
7600 554
7700 781
7800 306
7900 977
8000 49
8100 970
8200 236
8300 272
8400 55
8500 245
8600 575
8700 394
8800 704
8900 584
9000 555
9100 84
9200 86
9300 46
9400 213
9500 360
9600 265
9700 700
9800 698
9900 36
10000 766
