1 0
2 1
3 2
4 1
5 3
6 3
7 2
8 1
9 1
10 3
11 4
12 2
13 1
14 3
15 3
16 1
17 0
18 0
19 1
20 4
21 3
22 5
23 4
24 6
25 6
26 4
27 3
28 2
29 1
30 1
31 2
32 5
33 3
34 5
35 1
36 0
37 0
38 1
39 1
40 2
41 1
42 1
43 0
44 0
45 0
46 1
47 3
48 3
49 5
50 4
51 4
52 4
53 8
54 11
55 16
56 15
57 12
58 11
59 6
60 6
61 9
62 14
63 11
64 10
65 7
66 9
67 11
68 7
69 9
70 8
71 9
72 9
73 11
74 10
75 14
76 18
77 17
78 18
79 21
80 17
81 17
82 17
83 13
84 13
85 16
86 20
87 21
88 26
89 25
90 25
91 31
92 45
93 52
94 52
95 47
96 58
97 47
98 60
99 67
100 67
101 66
102 63
103 65
104 45
105 46
106 50
107 50
108 54
109 61
110 74
111 77
112 90
113 80
114 77
115 77
116 74
117 66
118 73
119 73
120 78
121 70
122 59
123 51
124 64
125 69
126 73
127 65
128 70
129 56
130 42
131 31
132 32
133 26
134 24
135 20
136 27
137 24
138 31
139 25
140 24
141 11
142 16
143 17
144 15
145 13
146 10
147 11
148 8
149 12
150 10
151 12
152 15
153 14
154 8
155 6
156 3
157 4
158 4
159 13
160 11
161 13
162 15
163 11
164 9
165 11
166 12
167 12
168 19
169 21
170 25
171 21
172 21
173 22
174 24
175 22
176 23
177 16
178 20
179 24
180 30
181 26
182 28
183 35
184 32
185 33
186 33
187 43
188 50
189 51
190 50
191 45
192 43
193 46
194 37
195 40
196 34
197 32
198 30
199 24
200 24
201 31
202 31
203 29
204 20
205 17
206 22
207 24
208 27
209 24
210 24
211 27
212 24
213 21
214 22
215 18
216 19
217 24
218 25
219 27
220 31
221 27
222 25
223 30
224 31
225 39
226 42
227 43
228 31
229 38
230 35
231 46
232 45
233 65
234 69
235 75
236 73
237 88
238 87
239 83
240 70
241 72
242 72
243 84
244 78
245 78
246 77
247 69
248 67
249 68
250 74
251 83
252 96
253 92
254 99
255 106
256 114
257 118
258 98
259 103
260 114
261 147
262 125
263 135
264 153
265 143
266 139
267 133
268 125
269 129
270 134
271 144
272 139
273 143
274 138
275 128
276 124
277 125
278 128
279 157
280 148
281 156
282 166
283 177
284 148
285 128
286 125
287 129
288 126
289 116
290 102
291 98
292 102
293 107
294 105
295 101
296 102
297 72
298 63
299 71
300 62
301 64
302 66
303 71
304 88
305 83
306 74
307 81
308 81
309 87
310 106
311 107
312 109
313 103
314 98
315 93
316 99
317 92
318 89
319 108
320 111
321 120
322 112
323 93
324 83
325 81
326 75
327 79
328 68
329 52
330 52
331 45
332 39
333 38
334 40
335 40
336 47
337 42
338 39
339 41
340 34
341 38
342 47
343 56
344 44
345 43
346 51
347 56
348 48
349 51
350 59
351 50
352 48
353 47
354 48
355 47
356 50
357 47
358 41
359 36
360 40
361 35
362 30
363 35
364 25
365 22
366 23
367 22
368 28
369 26
370 29
371 27
372 25
373 22
374 25
375 31
376 28
377 30
378 27
379 39
380 34
381 35
382 38
383 36
384 29
385 33
386 34
387 33
388 42
389 39
390 44
391 47
392 45
393 41
394 37
395 31
396 32
397 34
398 37
399 48
400 37
401 44
402 49
403 43
404 40
405 37
406 38
407 39
408 39
409 40
410 42
411 41
412 50
413 53
414 44
415 52
416 50
417 45
418 45
419 42
420 38
421 43
422 55
423 62
424 65
425 69
426 63
427 65
428 74
429 70
430 57
431 56
432 57
433 54
434 59
435 67
436 53
437 52
438 45
439 56
440 52
441 41
442 31
443 26
444 27
445 24
446 28
447 26
448 17
449 25
450 27
451 42
452 43
453 44
454 46
455 47
456 59
457 55
458 46
459 35
460 31
461 26
462 28
463 31
464 24
465 15
466 16
467 22
468 23
469 25
470 28
471 24
472 31
473 31
474 27
475 25
476 18
477 10
478 12
479 9
480 14
481 9
482 11
483 11
484 11
485 7
486 8
487 4
488 5
489 5
490 6
491 4
492 6
493 9
494 8
495 7
496 7
497 5
498 5
499 6
500 10
501 9
502 5
503 6
504 6
505 7
506 4
507 6
508 4
509 4
510 5
511 4
512 4
513 7
514 5
515 5
516 5
517 6
518 5
519 9
520 8
521 8
522 9
523 4
524 5
525 7
526 4
527 2
528 2
529 1
530 0
531 0
532 0
533 0
534 0
535 0
536 0
537 0
538 0
539 0
540 1
541 1
542 1
543 0
544 0
545 0
546 0
547 1
548 1
549 2
550 0
551 0
552 0
553 0
554 1
555 1
556 0
557 0
558 0
559 0
560 0
561 1
562 1
563 2
564 2
565 1
566 2
567 3
568 3
569 1
570 0
571 0
572 0
573 0
574 0
575 0
576 0
577 0
578 1
579 2
580 1
581 2
582 2
583 3
584 3
585 2
586 1
587 1
588 2
589 4
590 3
591 4
592 3
593 1
594 3
595 2
596 2
597 1
598 0
599 0
600 0
601 0
602 0
603 1
604 2
605 2
606 4
607 4
608 5
609 2
610 4
611 2
612 2
613 3
614 3
615 4
616 8
617 5
618 6
619 4
620 3
621 1
622 1
623 0
624 0
625 0
626 0
627 0
628 0
629 0
630 0
631 0
632 0
633 0
634 0
635 0
636 0
637 0
638 0
639 0
640 0
641 0
642 1
643 2
644 2
645 3
646 3
647 3
648 2
649 0
650 0
651 0
652 0
653 0
654 1
655 0
656 1
657 0
658 1
659 2
660 1
661 0
662 0
663 0
664 1
665 0
666 0
667 0
668 0
669 0
670 0
671 0
672 1
673 2
674 2
675 3
676 4
677 1
678 0
679 1
680 2
681 5
682 4
683 4
684 7
685 12
686 13
687 12
688 8
689 7
690 5
691 5
692 3
693 4
694 3
695 0
696 0
697 0
698 0
699 0
700 0
701 0
702 0
703 0
704 0
705 0
706 0
707 1
708 1
709 1
710 3
711 5
712 2
713 2
714 3
715 3
716 4
717 8
718 9
719 11
720 18
721 15
722 7
723 11
724 12
725 21
726 22
727 16
728 18
729 14
730 12
731 14
732 13
733 15
734 12
735 12
736 14
737 15
738 20
739 19
740 21
741 22
742 25
743 22
744 24
745 30
746 25
747 26
748 30
749 33
750 31
751 29
752 22
753 17
754 17
755 20
756 23
757 16
758 15
759 15
760 18
761 15
762 9
763 7
764 5
765 5
766 3
767 2
768 2
769 0
770 0
771 0
772 0
773 0
774 0
775 0
776 0
777 1
778 0
779 0
780 0
781 0
782 0
783 1
784 2
785 2
786 2
787 4
788 7
789 10
790 3
791 3
792 7
793 5
794 6
795 11
796 8
797 10
798 8
799 12
800 11
801 10
802 15
803 15
804 20
805 24
806 34
807 36
808 44
809 47
810 39
811 36
812 39
813 24
814 21
815 21
816 24
817 21
818 19
819 19
820 22
821 12
822 13
823 8
824 5
825 8
826 11
827 7
828 6
829 8
830 8
831 4
832 6
833 8
834 8
835 6
836 7
837 5
838 7
839 6
840 5
841 5
842 4
843 4
844 6
845 5
846 6
847 10
848 8
849 5
850 5
851 6
852 6
853 7
854 11
855 14
856 14
857 14
858 20
859 18
860 21
861 17
862 16
863 12
864 12
865 9
866 10
867 12
868 10
869 16
870 11
871 8
872 5
873 7
874 11
875 15
876 8
877 7
878 6
879 3
880 1
881 0
882 0
883 0
884 0
885 0
886 1
887 1
888 3
889 5
890 4
891 2
892 2
893 1
894 2
895 1
896 2
897 4
898 4
899 5
900 8
901 13
902 11
903 18
904 23
905 24
906 39
907 34
908 31
909 29
910 37
911 41
912 40
913 36
914 31
915 34
916 43
917 47
918 42
919 28
920 25
921 27
922 25
923 30
924 21
925 17
926 19
927 19
928 20
929 29
930 26
931 21
932 14
933 17
934 17
935 17
936 21
937 24
938 29
939 25
940 23
941 23
942 22
943 13
944 14
945 15
946 14
947 12
948 9
949 5
950 5
951 6
952 4
953 3
954 6
955 5
956 4
957 5
958 4
959 5
960 5
961 2
962 1
963 1
964 1
965 1
966 1
967 2
968 0
969 0
970 1
971 0
972 1
973 1
974 0
975 0
976 0
977 0
978 1
979 3
980 5
981 4
982 2
983 1
984 1
985 0
986 0
987 0
988 0
989 1
990 1
991 0
992 1
993 1
994 0
995 0
996 0
997 0
998 0
999 0
1000 0
1001 0
1002 0
1003 0
1004 0
1005 0
1006 1
1007 0
1008 0
1009 0
1010 0
1011 0
1012 0
1013 0
1014 0
1015 0
1016 0
1017 1
1018 2
1019 2
1020 1
1021 0
1022 0
1023 0
1024 1
1025 1
1026 1
1027 4
1028 2
1029 5
1030 8
1031 6
1032 7
1033 6
1034 8
1035 10
1036 9
1037 13
1038 18
1039 10
1040 11
1041 10
1042 7
1043 9
1044 8
1045 8
1046 8
1047 11
1048 10
1049 11
1050 18
1051 21
1052 18
1053 21
1054 25
1055 23
1056 22
1057 26
1058 22
1059 28
1060 29
1061 30
1062 27
1063 32
1064 33
1065 31
1066 24
1067 26
1068 22
1069 34
1070 24
1071 24
1072 28
1073 25
1074 25
1075 27
1076 26
1077 30
1078 32
1079 35
1080 40
1081 44
1082 42
1083 39
1084 30
1085 27
1086 25
1087 37
1088 28
1089 32
1090 40
1091 44
1092 48
1093 41
1094 41
1095 39
1096 42
1097 50
1098 60
1099 59
1100 60
1101 56
1102 58
1103 59
1104 65
1105 65
1106 73
1107 84
1108 82
1109 90
1110 102
1111 100
1112 112
1113 103
1114 127
1115 124
1116 111
1117 106
1118 115
1119 99
1120 88
1121 111
1122 114
1123 101
1124 104
1125 106
1126 101
1127 97
1128 89
1129 101
1130 86
1131 89
1132 80
1133 89
1134 94
1135 89
1136 100
1137 119
1138 100
1139 96
1140 96
1141 96
1142 117
1143 129
1144 124
1145 134
1146 135
1147 137
1148 144
1149 148
1150 152
1151 139
1152 161
1153 156
1154 160
1155 141
1156 150
1157 160
1158 140
1159 122
1160 121
1161 126
1162 131
1163 135
1164 130
1165 128
1166 124
1167 125
1168 128
1169 131
1170 130
1171 143
1172 150
1173 150
1174 155
1175 166
1176 144
1177 151
1178 124
1179 141
1180 140
1181 128
1182 124
1183 116
1184 128
1185 134
1186 132
1187 124
1188 119
1189 119
1190 104
1191 98
1192 104
1193 108
1194 91
1195 81
1196 94
1197 98
1198 93
1199 86
1200 96
1201 102
1202 87
1203 102
1204 108
1205 96
1206 102
1207 88
1208 78
1209 88
1210 87
1211 92
1212 87
1213 91
1214 80
1215 82
1216 99
1217 101
1218 95
1219 86
1220 86
1221 91
1222 99
1223 94
1224 89
1225 92
1226 95
1227 84
1228 76
1229 66
1230 68
1231 57
1232 54
1233 62
1234 48
1235 36
1236 42
1237 44
1238 49
1239 56
1240 67
1241 66
1242 65
1243 74
1244 76
1245 68
1246 64
1247 64
1248 55
1249 52
1250 49
1251 53
1252 59
1253 58
1254 64
1255 63
1256 63
1257 60
1258 63
1259 62
1260 61
1261 57
1262 64
1263 48
1264 41
1265 36
1266 40
1267 40
1268 44
1269 55
1270 62
1271 65
1272 72
1273 83
1274 99
1275 113
1276 120
1277 121
1278 137
1279 137
1280 138
1281 136
1282 130
1283 138
1284 143
1285 158
1286 160
1287 159
1288 168
1289 180
1290 172
1291 173
1292 190
1293 173
1294 184
1295 185
1296 157
1297 138
1298 127
1299 141
1300 132
1301 121
1302 127
1303 137
1304 147
1305 140
1306 142
1307 150
1308 168
1309 182
1310 178
1311 154
1312 161
1313 185
1314 185
1315 216
1316 203
1317 179
1318 148
1319 177
1320 175
1321 177
1322 190
1323 171
1324 205
1325 217
1326 195
1327 193
1328 216
1329 222
1330 214
1331 179
1332 162
1333 156
1334 131
1335 134
1336 128
1337 128
1338 125
1339 136
1340 120
1341 128
1342 131
1343 140
1344 112
1345 110
1346 121
1347 117
1348 138
1349 139
1350 141
1351 145
1352 159
1353 159
1354 133
1355 123
1356 121
1357 129
1358 139
1359 137
1360 146
1361 135
1362 146
1363 145
1364 161
1365 170
1366 159
1367 167
1368 162
1369 166
1370 145
1371 128
1372 133
1373 128
1374 137
1375 145
1376 150
1377 135
1378 142
1379 148
1380 138
1381 149
1382 128
1383 101
1384 93
1385 85
1386 64
1387 68
1388 72
1389 63
1390 60
1391 68
1392 72
1393 79
1394 72
1395 73
1396 65
1397 64
1398 57
1399 56
1400 59
1401 55
1402 47
1403 39
1404 45
1405 45
1406 44
1407 44
1408 34
1409 40
1410 43
1411 40
1412 38
1413 39
1414 32
1415 36
1416 39
1417 45
1418 54
1419 45
1420 49
1421 52
1422 55
1423 57
1424 64
1425 68
1426 75
1427 69
1428 68
1429 80
1430 78
1431 76
1432 75
1433 77
1434 79
1435 82
1436 78
1437 87
1438 84
1439 79
1440 67
1441 58
1442 59
1443 64
1444 69
1445 62
1446 66
1447 52
1448 58
1449 54
1450 65
1451 53
1452 60
1453 50
1454 50
1455 39
1456 37
1457 36
1458 39
1459 41
1460 53
1461 65
1462 79
1463 66
1464 62
1465 61
1466 63
1467 70
1468 71
1469 77
1470 77
1471 67
1472 67
1473 59
1474 52
1475 59
1476 56
1477 50
1478 56
1479 53
1480 51
1481 56
1482 63
1483 55
1484 51
1485 49
1486 54
1487 61
1488 58
1489 58
1490 63
1491 78
1492 82
1493 75
1494 60
1495 48
1496 48
1497 33
1498 35
1499 28
1500 33
1501 35
1502 52
1503 50
1504 48
1505 46
1506 50
1507 57
1508 66
1509 75
1510 71
1511 69
1512 71
1513 67
1514 63
1515 71
1516 84
1517 79
1518 77
1519 64
1520 82
1521 79
1522 92
1523 89
1524 71
1525 75
1526 79
1527 74
1528 82
1529 80
1530 78
1531 85
1532 102
1533 92
1534 97
1535 103
1536 114
1537 99
1538 119
1539 122
1540 118
1541 111
1542 100
1543 107
1544 124
1545 128
1546 146
1547 155
1548 149
1549 125
1550 110
1551 114
1552 103
1553 116
1554 112
1555 98
1556 103
1557 93
1558 92
1559 85
1560 68
1561 76
1562 81
1563 94
1564 89
1565 92
1566 97
1567 97
1568 89
1569 107
1570 119
1571 121
1572 111
1573 105
1574 85
1575 80
1576 91
1577 81
1578 91
1579 95
1580 93
1581 100
1582 108
1583 116
1584 132
1585 143
1586 117
1587 95
1588 102
1589 112
1590 120
1591 135
1592 148
1593 131
1594 130
1595 136
1596 129
1597 143
1598 160
1599 154
1600 151
1601 174
1602 158
1603 133
1604 127
1605 130
1606 115
1607 131
1608 113
1609 102
1610 91
1611 94
1612 102
1613 100
1614 92
1615 105
1616 97
1617 94
1618 103
1619 86
1620 88
1621 92
1622 87
1623 97
1624 102
1625 101
1626 94
1627 77
1628 77
1629 74
1630 68
1631 60
1632 62
1633 45
1634 44
1635 45
1636 30
1637 42
1638 39
1639 44
1640 41
1641 40
1642 38
1643 43
1644 42
1645 47
1646 34
1647 35
1648 43
1649 42
1650 49
1651 49
1652 52
1653 64
1654 49
1655 50
1656 62
1657 58
1658 56
1659 52
1660 42
1661 47
1662 27
1663 33
1664 35
1665 37
1666 37
1667 35
1668 35
1669 35
1670 40
1671 49
1672 59
1673 69
1674 57
1675 62
1676 64
1677 68
1678 62
1679 71
1680 73
1681 64
1682 69
1683 59
1684 53
1685 43
1686 51
1687 49
1688 44
1689 43
1690 48
1691 47
1692 47
1693 36
1694 44
1695 33
1696 37
1697 41
1698 44
1699 46
1700 47
1701 41
1702 46
1703 51
1704 53
1705 56
1706 60
1707 69
1708 72
1709 75
1710 83
1711 76
1712 56
1713 46
1714 44
1715 55
1716 48
1717 45
1718 44
1719 42
1720 41
1721 41
1722 36
1723 33
1724 40
1725 40
1726 32
1727 35
1728 34
1729 47
1730 50
1731 41
1732 49
1733 52
1734 53
1735 51
1736 42
1737 38
1738 35
1739 38
1740 32
1741 28
1742 22
1743 23
1744 20
1745 20
1746 20
1747 18
1748 19
1749 15
1750 9
1751 9
1752 6
1753 3
1754 3
1755 4
1756 8
1757 10
1758 6
1759 8
1760 5
1761 7
1762 7
1763 6
1764 5
1765 9
1766 14
1767 12
1768 8
1769 10
1770 9
1771 11
1772 12
1773 9
1774 8
1775 10
1776 11
1777 14
1778 14
1779 14
1780 19
1781 21
1782 18
1783 20
1784 22
1785 22
1786 20
1787 19
1788 19
1789 16
1790 18
1791 19
1792 15
1793 15
1794 14
1795 8
1796 10
1797 11
1798 8
1799 10
1800 12
1801 12
1802 17
1803 22
1804 30
1805 35
1806 51
1807 45
1808 41
1809 46
1810 43
1811 38
1812 33
1813 32
1814 36
1815 39
1816 41
1817 34
1818 37
1819 39
1820 43
1821 46
1822 55
1823 68
1824 63
1825 73
1826 79
1827 92
1828 98
1829 92
1830 98
1831 112
1832 117
1833 130
1834 120
1835 140
1836 127
1837 120
1838 127
1839 128
1840 130
1841 135
1842 127
1843 152
1844 154
1845 157
1846 163
1847 147
1848 133
1849 121
1850 125
1851 121
1852 123
1853 117
1854 113
1855 110
1856 111
1857 110
1858 116
1859 111
1860 108
1861 128
1862 105
1863 109
1864 110
1865 107
1866 114
1867 121
1868 111
1869 107
1870 121
1871 125
1872 116
1873 122
1874 136
1875 131
1876 120
1877 115
1878 136
1879 140
1880 140
1881 130
1882 121
1883 141
1884 157
1885 162
1886 154
1887 173
1888 180
1889 197
1890 187
1891 188
1892 180
1893 188
1894 172
1895 175
1896 143
1897 159
1898 153
1899 136
1900 136
1901 141
1902 135
1903 116
1904 118
1905 125
1906 142
1907 152
1908 153
1909 143
1910 136
1911 128
1912 117
1913 127
1914 108
1915 108
1916 113
1917 112
1918 120
1919 122
1920 114
1921 105
1922 130
1923 125
1924 125
1925 138
1926 140
1927 139
1928 121
1929 125
1930 119
1931 127
1932 125
1933 117
1934 108
1935 129
1936 139
1937 138
1938 158
1939 155
1940 147
1941 157
1942 174
1943 164
1944 152
1945 140
1946 133
1947 118
1948 123
1949 126
1950 114
1951 120
1952 116
1953 119
1954 133
1955 130
1956 119
1957 122
1958 137
1959 127
1960 124
1961 121
1962 112
1963 122
1964 142
1965 142
1966 143
1967 157
1968 170
1969 164
1970 146
1971 156
1972 174
1973 171
1974 163
1975 154
1976 152
1977 157
1978 133
1979 147
1980 150
1981 134
1982 128
1983 140
1984 121
1985 123
1986 122
1987 124
1988 128
1989 139
1990 140
1991 138
1992 146
1993 158
1994 163
1995 195
1996 195
1997 184
1998 190
1999 199
2000 170
2001 179
2002 185
2003 192
2004 185
2005 185
2006 201
2007 215
2008 223
2009 217
2010 218
2011 218
2012 222
2013 204
2014 203
2015 195
2016 201
2017 174
2018 173
2019 173
2020 187
2021 197
2022 211
2023 208
2024 220
2025 247
2026 259
2027 290
2028 281
2029 313
2030 328
2031 323
2032 314
2033 318
2034 300
2035 282
2036 267
2037 257
2038 254
2039 259
2040 283
2041 289
2042 298
2043 300
2044 307
2045 316
2046 336
2047 346
2048 360
2049 356
2050 360
2051 376
2052 396
2053 404
2054 421
2055 429
2056 424
2057 420
2058 408
2059 407
2060 410
2061 387
2062 367
2063 344
2064 339
2065 354
2066 359
2067 380
2068 404
2069 401
2070 383
2071 361
2072 356
2073 370
2074 361
2075 348
2076 362
2077 349
2078 327
2079 309
2080 314
2081 311
2082 353
2083 327
2084 329
2085 332
2086 376
2087 365
2088 350
2089 337
2090 340
2091 354
2092 353
2093 359
2094 369
2095 365
2096 386
2097 385
2098 387
2099 392
2100 408
2101 429
2102 442
2103 438
2104 472
2105 427
2106 413
2107 395
2108 395
2109 414
2110 402
2111 439
2112 436
2113 430
2114 402
2115 406
2116 414
2117 398
2118 391
2119 381
2120 372
2121 375
2122 359
2123 340
2124 357
2125 349
2126 353
2127 334
2128 336
2129 325
2130 339
2131 375
2132 354
2133 370
2134 365
2135 323
2136 336
2137 344
2138 340
2139 341
2140 342
2141 382
2142 390
2143 393
2144 396
2145 387
2146 398
2147 429
2148 440
2149 442
2150 445
2151 413
2152 418
2153 411
2154 395
2155 416
2156 405
2157 415
2158 400
2159 404
2160 417
2161 457
2162 452
2163 459
2164 474
2165 474
2166 493
2167 482
2168 498
2169 516
2170 537
2171 511
2172 494
2173 488
2174 473
2175 471
2176 465
2177 474
2178 483
2179 502
2180 516
2181 526
2182 520
2183 514
2184 536
2185 573
2186 568
2187 549
2188 547
2189 575
2190 613
2191 591
2192 616
2193 639
2194 657
2195 637
2196 650
2197 654
2198 656
2199 631
2200 627
2201 637
2202 653
2203 642
2204 635
2205 615
2206 627
2207 623
2208 641
2209 665
2210 687
2211 727
2212 714
2213 701
2214 709
2215 722
2216 694
2217 676
2218 648
2219 610
2220 641
2221 650
2222 646
2223 654
2224 679
2225 689
2226 735
2227 738
2228 700
2229 723
2230 728
2231 730
2232 746
2233 774
2234 784
2235 814
2236 797
2237 797
2238 806
2239 811
2240 794
2241 823
2242 818
2243 816
2244 819
2245 848
2246 901
2247 897
2248 874
2249 900
2250 873
2251 872
2252 885
2253 889
2254 909
2255 888
2256 939
2257 959
2258 977
2259 957
2260 971
2261 955
2262 954
2263 946
2264 927
2265 941
2266 935
2267 931
2268 923
2269 907
2270 896
2271 874
2272 904
2273 864
2274 844
2275 854
2276 820
2277 848
2278 889
2279 885
2280 894
2281 899
2282 887
2283 888
2284 930
2285 925
2286 917
2287 902
2288 883
2289 856
2290 829
2291 805
2292 793
2293 784
2294 785
2295 791
2296 803
2297 814
2298 800
2299 819
2300 794
2301 731
2302 717
2303 718
2304 738
2305 709
2306 760
2307 761
2308 760
2309 750
2310 723
2311 728
2312 723
2313 710
2314 714
2315 707
2316 689
2317 711
2318 761
2319 778
2320 765
2321 785
2322 776
2323 783
2324 810
2325 791
2326 775
2327 762
2328 771
2329 769
2330 799
2331 786
2332 818
2333 834
2334 866
2335 886
2336 844
2337 857
2338 871
2339 867
2340 860
2341 832
2342 807
2343 812
2344 802
2345 815
2346 817
2347 801
2348 826
2349 837
2350 816
2351 824
2352 827
2353 820
2354 840
2355 827
2356 818
2357 830
2358 853
2359 834
2360 836
2361 851
2362 858
2363 888
2364 847
2365 843
2366 849
2367 866
2368 897
2369 923
2370 929
2371 927
2372 936
2373 955
2374 935
2375 976
2376 949
2377 915
2378 933
2379 923
2380 932
2381 932
2382 915
2383 912
2384 938
2385 957
2386 916
2387 972
2388 987
2389 978
2390 931
2391 939
2392 906
2393 966
2394 955
2395 958
2396 953
2397 933
2398 901
2399 896
2400 922
2401 920
2402 892
2403 867
2404 866
2405 848
2406 872
2407 858
2408 894
2409 890
2410 899
2411 883
2412 864
2413 833
2414 838
2415 835
2416 848
2417 848
2418 840
2419 820
2420 816
2421 817
2422 822
2423 850
2424 864
2425 871
2426 877
2427 852
2428 871
2429 841
2430 840
2431 823
2432 797
2433 790
2434 811
2435 751
2436 748
2437 768
2438 786
2439 819
2440 835
2441 830
2442 814
2443 851
2444 856
2445 850
2446 794
2447 794
2448 802
2449 814
2450 802
2451 785
2452 813
2453 842
2454 907
2455 868
2456 863
2457 876
2458 865
2459 902
2460 866
2461 900
2462 907
2463 915
2464 924
2465 963
2466 976
2467 989
2468 990
2469 973
2470 986
2471 972
2472 925
2473 935
2474 893
2475 940
2476 915
2477 953
2478 966
2479 969
2480 985
2481 984
2482 23
2483 14
2484 37
2485 68
2486 51
2487 63
2488 96
2489 128
2490 115
2491 174
2492 143
2493 146
2494 86
2495 74
2496 60
2497 20
2498 50
2499 33
2500 72
2501 60
2502 990
2503 1
2504 961
2505 974
2506 982
2507 971
2508 944
2509 932
2510 916
2511 888
2512 866
2513 902
2514 900
2515 920
2516 881
2517 874
2518 885
2519 894
2520 911
2521 937
2522 926
2523 912
2524 916
2525 877
2526 893
2527 907
2528 891
2529 915
2530 911
2531 900
2532 928
2533 932
2534 915
2535 916
2536 900
2537 920
2538 889
2539 915
2540 896
2541 889
2542 892
2543 862
2544 844
2545 834
2546 808
2547 794
2548 784
2549 766
2550 761
2551 732
2552 716
2553 679
2554 710
2555 672
2556 704
2557 730
2558 718
2559 711
2560 714
2561 768
2562 740
2563 738
2564 728
2565 721
2566 747
2567 737
2568 706
2569 717
2570 713
2571 710
2572 709
2573 680
2574 646
2575 665
2576 677
2577 664
2578 677
2579 676
2580 680
2581 730
2582 715
2583 723
2584 734
2585 745
2586 750
2587 768
2588 768
2589 776
2590 768
2591 736
2592 749
2593 733
2594 731
2595 726
2596 730
2597 698
2598 679
2599 678
2600 688
2601 680
2602 698
2603 696
2604 678
2605 715
2606 725
2607 707
2608 719
2609 718
2610 703
2611 691
2612 675
2613 691
2614 691
2615 707
2616 707
2617 691
2618 690
2619 732
2620 697
2621 708
2622 713
2623 767
2624 789
2625 824
2626 824
2627 879
2628 863
2629 885
2630 910
2631 914
2632 900
2633 942
2634 942
2635 946
2636 962
2637 944
2638 982
2639 29
2640 45
2641 24
2642 991
2643 967
2644 938
2645 927
2646 931
2647 929
2648 927
2649 950
2650 944
2651 976
2652 2
2653 988
2654 984
2655 938
2656 926
2657 916
2658 917
2659 927
2660 958
2661 972
2662 4
2663 28
2664 14
2665 39
2666 64
2667 110
2668 134
2669 83
2670 84
2671 93
2672 56
2673 62
2674 55
2675 33
2676 56
2677 87
2678 101
2679 107
2680 114
2681 136
2682 146
2683 178
2684 162
2685 184
2686 174
2687 192
2688 226
2689 233
2690 272
2691 261
2692 251
2693 252
2694 263
2695 242
2696 219
2697 189
2698 195
2699 174
2700 157
2701 166
2702 175
2703 168
2704 126
2705 148
2706 134
2707 127
2708 135
2709 122
2710 114
2711 119
2712 118
2713 141
2714 150
2715 159
2716 116
2717 128
2718 115
2719 103
2720 51
2721 63
2722 47
2723 69
2724 54
2725 68
2726 57
2727 33
2728 44
2729 47
2730 56
2731 36
2732 17
2733 32
2734 22
2735 981
2736 993
2737 21
2738 985
2739 47
2740 64
2741 67
2742 68
2743 22
2744 21
2745 980
2746 946
2747 968
2748 988
2749 937
2750 917
2751 939
2752 932
2753 911
2754 933
2755 933
2756 932
2757 935
2758 936
2759 921
2760 924
2761 884
2762 891
2763 892
2764 886
2765 943
2766 926
2767 945
2768 937
2769 944
2770 929
2771 935
2772 937
2773 932
2774 960
2775 956
2776 972
2777 943
2778 933
2779 966
2780 934
2781 931
2782 920
2783 947
2784 949
2785 957
2786 940
2787 973
2788 26
2789 44
2790 991
2791 987
2792 990
2793 974
2794 941
2795 935
2796 930
2797 902
2798 907
2799 922
2800 926
2801 940
2802 921
2803 900
2804 886
2805 872
2806 841
2807 837
2808 816
2809 818
2810 807
2811 757
2812 752
2813 770
2814 777
2815 798
2816 823
2817 813
2818 798
2819 769
2820 808
2821 812
2822 800
2823 760
2824 762
2825 793
2826 777
2827 797
2828 828
2829 847
2830 820
2831 809
2832 837
2833 858
2834 903
2835 920
2836 931
2837 920
2838 940
2839 902
2840 921
2841 901
2842 881
2843 853
2844 831
2845 850
2846 855
2847 859
2848 875
2849 865
2850 883
2851 897
2852 915
2853 878
2854 917
2855 948
2856 932
2857 906
2858 908
2859 914
2860 932
2861 920
2862 939
2863 954
2864 955
2865 954
2866 966
2867 980
2868 971
2869 961
2870 938
2871 925
2872 934
2873 956
2874 934
2875 948
2876 979
2877 980
2878 971
2879 987
2880 993
2881 982
2882 978
2883 22
2884 64
2885 32
2886 45
2887 90
2888 85
2889 91
2890 89
2891 97
2892 99
2893 89
2894 115
2895 105
2896 93
2897 107
2898 92
2899 88
2900 117
2901 90
2902 100
2903 77
2904 65
2905 69
2906 51
2907 78
2908 109
2909 89
2910 83
2911 65
2912 50
2913 51
2914 35
2915 20
2916 27
2917 42
2918 34
2919 9
2920 21
2921 981
2922 979
2923 31
2924 4
2925 51
2926 73
2927 62
2928 42
2929 38
2930 63
2931 34
2932 31
2933 60
2934 43
2935 36
2936 25
2937 973
2938 964
2939 987
2940 947
2941 962
2942 938
2943 925
2944 896
2945 898
2946 945
2947 971
2948 959
2949 995
2950 977
2951 988
2952 980
2953 999
2954 2
2955 1
2956 973
2957 0
2958 35
2959 23
2960 37
2961 46
2962 46
2963 44
2964 43
2965 39
2966 61
2967 78
2968 103
2969 87
2970 81
2971 47
2972 59
2973 58
2974 42
2975 90
2976 82
2977 129
2978 124
2979 128
2980 112
2981 138
2982 176
2983 151
2984 112
2985 106
2986 161
2987 133
2988 154
2989 178
2990 189
2991 218
2992 229
2993 233
2994 242
2995 230
2996 261
2997 270
2998 286
2999 326
3000 319
3001 299
3002 285
3003 310
3004 290
3005 293
3006 265
3007 264
3008 223
3009 238
3010 214
3011 173
3012 133
3013 117
3014 115
3015 136
3016 140
3017 129
3018 128
3019 88
3020 95
3021 118
3022 154
3023 120
3024 101
3025 87
3026 69
3027 67
3028 47
3029 106
3030 74
3031 38
3032 45
3033 24
3034 40
3035 24
3036 12
3037 9
3038 20
3039 47
3040 32
3041 974
3042 952
3043 953
3044 943
3045 932
3046 911
3047 899
3048 924
3049 940
3050 986
3051 973
3052 948
3053 941
3054 942
3055 915
3056 892
3057 862
3058 884
3059 878
3060 867
3061 873
3062 888
3063 868
3064 840
3065 864
3066 889
3067 947
3068 953
3069 955
3070 965
3071 949
3072 930
3073 940
3074 919
3075 919
3076 942
3077 890
3078 878
3079 860
3080 897
3081 941
3082 939
3083 955
3084 922
3085 921
3086 925
3087 903
3088 924
3089 905
3090 898
3091 905
3092 879
3093 905
3094 887
3095 892
3096 864
3097 892
3098 895
3099 894
3100 911
3101 908
3102 900
3103 895
3104 907
3105 894
3106 897
3107 900
3108 948
3109 937
3110 938
3111 943
3112 960
3113 11
3114 24
3115 38
3116 27
3117 46
3118 79
3119 69
3120 83
3121 149
3122 163
3123 203
3124 185
3125 192
3126 217
3127 219
3128 197
3129 235
3130 272
3131 295
3132 304
3133 270
3134 251
3135 236
3136 247
3137 198
3138 168
3139 169
3140 186
3141 197
3142 212
3143 271
3144 277
3145 289
3146 262
3147 272
3148 247
3149 299
3150 301
3151 311
3152 326
3153 326
3154 317
3155 312
3156 327
3157 287
3158 262
3159 255
3160 268
3161 271
3162 247
3163 240
3164 246
3165 263
3166 266
3167 256
3168 263
3169 253
3170 278
3171 286
3172 280
3173 269
3174 274
3175 316
3176 287
3177 295
3178 304
3179 275
3180 285
3181 275
3182 245
3183 251
3184 241
3185 237
3186 225
3187 241
3188 215
3189 178
3190 202
3191 200
3192 216
3193 205
3194 220
3195 217
3196 183
3197 199
3198 194
3199 209
3200 190
3201 187
3202 154
3203 144
3204 131
3205 160
3206 206
3207 188
3208 188
3209 220
3210 188
3211 209
3212 225
3213 246
3214 275
3215 268
3216 277
3217 304
3218 318
3219 309
3220 266
3221 287
3222 276
3223 232
3224 247
3225 227
3226 218
3227 215
3228 236
3229 242
3230 254
3231 275
3232 294
3233 302
3234 295
3235 320
3236 329
3237 307
3238 311
3239 320
3240 314
3241 284
3242 289
3243 344
3244 333
3245 325
3246 343
3247 370
3248 352
3249 343
3250 339
3251 388
3252 409
3253 391
3254 391
3255 385
3256 390
3257 406
3258 409
3259 418
3260 422
3261 411
3262 398
3263 424
3264 429
3265 446
3266 452
3267 455
3268 433
3269 436
3270 397
3271 404
3272 440
3273 456
3274 447
3275 457
3276 439
3277 440
3278 460
3279 451
3280 472
3281 474
3282 464
3283 455
3284 437
3285 425
3286 422
3287 417
3288 392
3289 399
3290 401
3291 423
3292 432
3293 435
3294 404
3295 419
3296 429
3297 447
3298 446
3299 445
3300 435
3301 442
3302 422
3303 442
3304 440
3305 431
3306 460
3307 442
3308 427
3309 442
3310 454
3311 432
3312 447
3313 455
3314 445
3315 439
3316 465
3317 477
3318 450
3319 444
3320 437
3321 403
3322 394
3323 377
3324 388
3325 359
3326 375
3327 390
3328 409
3329 433
3330 423
3331 473
3332 460
3333 430
3334 425
3335 419
3336 412
3337 407
3338 378
3339 374
3340 412
3341 432
3342 404
3343 380
3344 332
3345 321
3346 340
3347 355
3348 352
3349 388
3350 381
3351 356
3352 363
3353 345
3354 359
3355 333
3356 340
3357 349
3358 318
3359 285
3360 261
3361 217
3362 223
3363 204
3364 198
3365 239
3366 231
3367 227
3368 222
3369 185
3370 210
3371 196
3372 160
3373 122
3374 124
3375 74
3376 66
3377 25
3378 15
3379 30
3380 26
3381 43
3382 80
3383 71
3384 69
3385 66
3386 38
3387 63
3388 48
3389 43
3390 69
3391 77
3392 79
3393 121
3394 115
3395 129
3396 153
3397 146
3398 124
3399 158
3400 165
3401 177
3402 196
3403 190
3404 168
3405 168
3406 134
3407 125
3408 113
3409 99
3410 58
3411 34
3412 50
3413 34
3414 993
3415 4
3416 993
3417 26
3418 72
3419 35
3420 17
3421 50
3422 6
3423 6
3424 967
3425 963
3426 957
3427 921
3428 911
3429 900
3430 885
3431 919
3432 940
3433 948
3434 951
3435 958
3436 973
3437 962
3438 967
3439 962
3440 962
3441 989
3442 996
3443 997
3444 994
3445 6
3446 2
3447 30
3448 34
3449 7
3450 985
3451 979
3452 963
3453 946
3454 921
3455 905
3456 914
3457 951
3458 962
3459 953
3460 951
3461 968
3462 940
3463 965
3464 925
3465 920
3466 910
3467 946
3468 895
3469 895
3470 900
3471 915
3472 927
3473 939
3474 937
3475 945
3476 0
3477 19
3478 32
3479 15
3480 21
3481 31
3482 21
3483 20
3484 38
3485 40
3486 0
3487 24
3488 11
3489 42
3490 21
3491 971
3492 982
3493 988
3494 984
3495 26
3496 28
3497 12
3498 45
3499 12
3500 39
3501 33
3502 12
3503 994
3504 982
3505 8
3506 3
3507 976
3508 972
3509 978
3510 976
3511 947
3512 916
3513 884
3514 928
3515 930
3516 922
3517 906
3518 876
3519 840
3520 843
3521 854
3522 841
3523 831
3524 830
3525 840
3526 824
3527 848
3528 793
3529 784
3530 788
3531 774
3532 799
3533 806
3534 805
3535 803
3536 749
3537 732
3538 744
3539 748
3540 767
3541 792
3542 812
3543 841
3544 850
3545 872
3546 856
3547 827
3548 873
3549 895
3550 871
3551 891
3552 943
3553 937
3554 927
3555 962
3556 979
3557 2
3558 35
3559 23
3560 27
3561 29
3562 54
3563 51
3564 15
3565 28
3566 29
3567 9
3568 23
3569 58
3570 26
3571 6
3572 4
3573 976
3574 999
3575 985
3576 996
3577 994
3578 13
3579 27
3580 3
3581 39
3582 50
3583 20
3584 3
3585 998
3586 47
3587 73
3588 120
3589 158
3590 164
3591 144
3592 135
3593 138
3594 131
3595 125
3596 137
3597 143
3598 171
3599 189
3600 182
3601 185
3602 193
3603 185
3604 217
3605 246
3606 247
3607 242
3608 259
3609 261
3610 271
3611 262
3612 244
3613 232
3614 242
3615 194
3616 201
3617 143
3618 141
3619 110
3620 72
3621 67
3622 108
3623 111
3624 130
3625 135
3626 153
3627 179
3628 187
3629 208
3630 203
3631 228
3632 283
3633 307
3634 322
3635 284
3636 277
3637 238
3638 226
3639 169
3640 157
3641 175
3642 164
3643 133
3644 115
3645 124
3646 82
3647 53
3648 58
3649 83
3650 84
3651 81
3652 76
3653 65
3654 55
3655 36
3656 17
3657 17
3658 47
3659 7
3660 23
3661 32
3662 40
3663 42
3664 77
3665 61
3666 48
3667 40
3668 30
3669 57
3670 33
3671 43
3672 49
3673 75
3674 104
3675 91
3676 82
3677 89
3678 85
3679 92
3680 77
3681 56
3682 51
3683 60
3684 43
3685 54
3686 47
3687 16
3688 0
3689 951
3690 995
3691 7
3692 993
3693 966
3694 973
3695 996
3696 19
3697 13
3698 27
3699 11
3700 29
3701 21
3702 28
3703 10
3704 67
3705 56
3706 28
3707 30
3708 999
3709 995
3710 983
3711 951
3712 946
3713 954
3714 960
3715 955
3716 939
3717 950
3718 952
3719 928
3720 940
3721 0
3722 950
3723 925
3724 919
3725 923
3726 904
3727 927
3728 955
3729 920
3730 945
3731 992
3732 944
3733 918
3734 919
3735 929
3736 928
3737 922
3738 908
3739 917
3740 933
3741 932
3742 926
3743 920
3744 895
3745 884
3746 861
3747 881
3748 918
3749 904
3750 932
3751 960
3752 950
3753 960
3754 979
3755 928
3756 935
3757 928
3758 915
3759 928
3760 921
3761 946
3762 928
3763 941
3764 939
3765 21
3766 14
3767 3
3768 937
3769 974
3770 969
3771 985
3772 974
3773 969
3774 977
3775 974
3776 959
3777 980
3778 10
3779 39
3780 47
3781 76
3782 116
3783 116
3784 114
3785 167
3786 148
3787 165
3788 167
3789 175
3790 195
3791 204
3792 198
3793 218
3794 218
3795 234
3796 247
3797 259
3798 233
3799 227
3800 222
3801 227
3802 230
3803 226
3804 212
3805 226
3806 234
3807 178
3808 157
3809 124
3810 97
3811 109
3812 93
3813 69
3814 69
3815 103
3816 125
3817 116
3818 103
3819 103
3820 87
3821 102
3822 132
3823 163
3824 155
3825 165
3826 185
3827 187
3828 185
3829 204
3830 220
3831 215
3832 189
3833 198
3834 245
3835 293
3836 275
3837 300
3838 294
3839 305
3840 301
3841 314
3842 339
3843 305
3844 297
3845 288
3846 269
3847 273
3848 268
3849 304
3850 308
3851 243
3852 234
3853 227
3854 240
3855 246
3856 263
3857 250
3858 230
3859 254
3860 241
3861 228
3862 193
3863 194
3864 194
3865 164
3866 180
3867 176
3868 179
3869 152
3870 180
3871 164
3872 178
3873 198
3874 190
3875 174
3876 197
3877 166
3878 180
3879 180
3880 184
3881 208
3882 233
3883 251
3884 266
3885 245
3886 252
3887 270
3888 238
3889 253
3890 255
3891 269
3892 281
3893 293
3894 252
3895 237
3896 247
3897 291
3898 278
3899 279
3900 283
3901 224
3902 178
3903 186
3904 213
3905 187
3906 177
3907 205
3908 195
3909 173
3910 130
3911 142
3912 141
3913 172
3914 148
3915 171
3916 158
3917 158
3918 162
3919 158
3920 154
3921 177
3922 187
3923 218
3924 239
3925 241
3926 195
3927 187
3928 168
3929 164
3930 138
3931 176
3932 159
3933 146
3934 170
3935 137
3936 132
3937 137
3938 111
3939 149
3940 161
3941 162
3942 162
3943 139
3944 141
3945 163
3946 144
3947 114
3948 134
3949 141
3950 161
3951 139
3952 134
3953 153
3954 151
3955 160
3956 173
3957 169
3958 152
3959 168
3960 173
3961 198
3962 176
3963 138
3964 147
3965 157
3966 151
3967 171
3968 213
3969 242
3970 247
3971 254
3972 287
3973 261
3974 272
3975 265
3976 248
3977 205
3978 213
3979 229
3980 249
3981 255
3982 260
3983 284
3984 316
3985 344
3986 383
3987 371
3988 351
3989 346
3990 378
3991 352
3992 339
3993 343
3994 329
3995 330
3996 322
3997 303
3998 272
3999 267
4000 251
4001 236
4002 255
4003 255
4004 246
4005 225
4006 198
4007 215
4008 183
4009 168
4010 157
4011 156
4012 120
4013 96
4014 109
4015 80
4016 103
4017 85
4018 57
4019 55
4020 54
4021 39
4022 78
4023 101
4024 114
4025 144
4026 140
4027 130
4028 178
4029 190
4030 193
4031 182
4032 189
4033 181
4034 174
4035 193
4036 190
4037 163
4038 121
4039 90
4040 41
4041 0
4042 12
4043 24
4044 1
4045 11
4046 22
4047 54
4048 64
4049 72
4050 51
4051 25
4052 42
4053 21
4054 997
4055 993
4056 9
4057 17
4058 44
4059 19
4060 36
4061 48
4062 55
4063 17
4064 11
4065 21
4066 983
4067 993
4068 1
4069 978
4070 956
4071 963
4072 951
4073 961
4074 967
4075 944
4076 907
4077 902
4078 906
4079 937
4080 928
4081 885
4082 906
4083 924
4084 921
4085 927
4086 910
4087 936
4088 938
4089 953
4090 942
4091 960
4092 929
4093 871
4094 876
4095 870
4096 857
4097 890
4098 887
4099 893
4100 896
4101 878
4102 867
4103 876
4104 909
4105 935
4106 945
4107 981
4108 990
4109 8
4110 32
4111 27
4112 73
4113 60
4114 43
4115 70
4116 79
4117 86
4118 97
4119 108
4120 105
4121 94
4122 76
4123 65
4124 74
4125 117
4126 115
4127 96
4128 93
4129 47
4130 38
4131 31
4132 90
4133 125
4134 94
4135 106
4136 99
4137 104
4138 144
4139 148
4140 129
4141 97
4142 111
4143 95
4144 81
4145 65
4146 32
4147 42
4148 36
4149 56
4150 51
4151 60
4152 48
4153 96
4154 82
4155 108
4156 135
4157 144
4158 149
4159 148
4160 139
4161 132
4162 136
4163 134
4164 118
4165 156
4166 171
4167 199
4168 202
4169 218
4170 246
4171 253
4172 242
4173 216
4174 225
4175 226
4176 198
4177 213
4178 198
4179 162
4180 149
4181 126
4182 158
4183 155
4184 140
4185 136
4186 140
4187 136
4188 137
4189 126
4190 112
4191 137
4192 139
4193 114
4194 135
4195 111
4196 117
4197 122
4198 131
4199 112
4200 127
4201 112
4202 139
4203 104
4204 87
4205 106
4206 109
4207 154
4208 145
4209 164
4210 162
4211 180
4212 214
4213 202
4214 180
4215 178
4216 176
4217 163
4218 171
4219 194
4220 157
4221 142
4222 135
4223 153
4224 213
4225 201
4226 209
4227 223
4228 239
4229 214
4230 195
4231 207
4232 225
4233 221
4234 242
4235 221
4236 207
4237 220
4238 225
4239 238
4240 257
4241 236
4242 243
4243 256
4244 252
4245 263
4246 273
4247 253
4248 278
4249 257
4250 280
4251 223
4252 209
4253 223
4254 237
4255 223
4256 253
4257 242
4258 286
4259 293
4260 322
4261 304
4262 296
4263 297
4264 262
4265 259
4266 249
4267 256
4268 286
4269 301
4270 285
4271 290
4272 303
4273 290
4274 302
4275 321
4276 307
4277 316
4278 304
4279 305
4280 294
4281 304
4282 294
4283 320
4284 320
4285 297
4286 356
4287 384
4288 346
4289 340
4290 340
4291 340
4292 344
4293 342
4294 309
4295 292
4296 320
4297 324
4298 327
4299 297
4300 293
4301 294
4302 288
4303 289
4304 285
4305 269
4306 224
4307 238
4308 274
4309 290
4310 295
4311 319
4312 291
4313 250
4314 206
4315 210
4316 198
4317 201
4318 149
4319 180
4320 213
4321 198
4322 196
4323 181
4324 197
4325 147
4326 147
4327 168
4328 166
4329 156
4330 132
4331 133
4332 148
4333 132
4334 122
4335 94
4336 118
4337 85
4338 76
4339 46
4340 29
4341 27
4342 15
4343 57
4344 123
4345 93
4346 103
4347 107
4348 92
4349 77
4350 72
4351 82
4352 66
4353 70
4354 113
4355 55
4356 72
4357 94
4358 72
4359 47
4360 16
4361 47
4362 42
4363 60
4364 73
4365 81
4366 93
4367 81
4368 95
4369 105
4370 99
4371 95
4372 85
4373 61
4374 8
4375 27
4376 20
4377 968
4378 947
4379 891
4380 879
4381 890
4382 947
4383 932
4384 961
4385 932
4386 959
4387 966
4388 960
4389 962
4390 967
4391 986
4392 1
4393 967
4394 995
4395 7
4396 22
4397 1
4398 995
4399 979
4400 975
4401 994
4402 987
4403 987
4404 981
4405 976
4406 5
4407 43
4408 17
4409 22
4410 7
4411 11
4412 12
4413 991
4414 9
4415 41
4416 70
4417 48
4418 18
4419 978
4420 978
4421 997
4422 15
4423 9
4424 996
4425 14
4426 42
4427 29
4428 26
4429 25
4430 10
4431 0
4432 966
4433 967
4434 924
4435 955
4436 963
4437 983
4438 981
4439 4
4440 996
4441 986
4442 11
4443 32
4444 64
4445 47
4446 89
4447 95
4448 37
4449 52
4450 48
4451 69
4452 62
4453 40
4454 73
4455 85
4456 67
4457 55
4458 73
4459 91
4460 37
4461 94
4462 85
4463 96
4464 89
4465 67
4466 67
4467 59
4468 94
4469 137
4470 169
4471 197
4472 187
4473 163
4474 151
4475 113
4476 98
4477 76
4478 83
4479 107
4480 96
4481 59
4482 57
4483 3
4484 12
4485 14
4486 9
4487 11
4488 995
4489 985
4490 998
4491 996
4492 966
4493 974
4494 969
4495 973
4496 977
4497 978
4498 965
4499 958
4500 954
4501 959
4502 955
4503 942
4504 966
4505 947
4506 965
4507 929
4508 923
4509 905
4510 882
4511 908
4512 940
4513 955
4514 920
4515 924
4516 899
4517 872
4518 875
4519 863
4520 872
4521 843
4522 840
4523 818
4524 802
4525 802
4526 764
4527 733
4528 715
4529 686
4530 683
4531 703
4532 733
4533 707
4534 742
4535 738
4536 707
4537 695
4538 702
4539 701
4540 724
4541 716
4542 734
4543 757
4544 748
4545 732
4546 710
4547 681
4548 649
4549 641
4550 658
4551 664
4552 662
4553 673
4554 689
4555 691
4556 635
4557 619
4558 638
4559 590
4560 566
4561 561
4562 581
4563 596
4564 626
4565 599
4566 589
4567 627
4568 627
4569 677
4570 641
4571 626
4572 644
4573 656
4574 646
4575 617
4576 573
4577 581
4578 582
4579 587
4580 594
4581 548
4582 568
4583 553
4584 572
4585 605
4586 581
4587 570
4588 627
4589 653
4590 657
4591 650
4592 697
4593 706
4594 699
4595 686
4596 730
4597 704
4598 717
4599 697
4600 667
4601 628
4602 625
4603 622
4604 607
4605 604
4606 624
4607 616
4608 615
4609 598
4610 599
4611 583
4612 635
4613 661
4614 695
4615 678
4616 672
4617 645
4618 654
4619 653
4620 665
4621 687
4622 659
4623 651
4624 626
4625 642
4626 674
4627 663
4628 646
4629 656
4630 655
4631 639
4632 627
4633 658
4634 682
4635 651
4636 660
4637 668
4638 692
4639 685
4640 702
4641 714
4642 736
4643 750
4644 748
4645 763
4646 772
4647 838
4648 808
4649 770
4650 751
4651 769
4652 762
4653 783
4654 787
4655 796
4656 797
4657 813
4658 766
4659 796
4660 824
4661 837
4662 840
4663 826
4664 784
4665 760
4666 776
4667 824
4668 864
4669 881
4670 880
4671 877
4672 868
4673 867
4674 857
4675 856
4676 848
4677 833
4678 850
4679 841
4680 897
4681 873
4682 870
4683 877
4684 906
4685 889
4686 871
4687 841
4688 854
4689 842
4690 809
4691 804
4692 779
4693 795
4694 823
4695 797
4696 785
4697 810
4698 830
4699 850
4700 844
4701 845
4702 872
4703 901
4704 907
4705 894
4706 892
4707 883
4708 846
4709 868
4710 847
4711 841
4712 855
4713 875
4714 859
4715 855
4716 810
4717 795
4718 776
4719 766
4720 781
4721 776
4722 776
4723 778
4724 792
4725 809
4726 819
4727 858
4728 844
4729 831
4730 789
4731 777
4732 768
4733 760
4734 792
4735 730
4736 771
4737 731
4738 728
4739 747
4740 726
4741 692
4742 710
4743 697
4744 698
4745 693
4746 678
4747 689
4748 695
4749 660
4750 667
4751 707
4752 706
4753 751
4754 736
4755 745
4756 749
4757 712
4758 722
4759 708
4760 724
4761 727
4762 740
4763 703
4764 716
4765 708
4766 723
4767 775
4768 785
4769 786
4770 788
4771 814
4772 776
4773 745
4774 729
4775 736
4776 732
4777 738
4778 740
4779 755
4780 769
4781 795
4782 800
4783 823
4784 816
4785 818
4786 800
4787 824
4788 844
4789 862
4790 844
4791 831
4792 832
4793 835
4794 841
4795 854
4796 852
4797 882
4798 910
4799 906
4800 921
4801 880
4802 880
4803 860
4804 853
4805 861
4806 893
4807 878
4808 893
4809 888
4810 907
4811 883
4812 867
4813 871
4814 873
4815 877
4816 881
4817 873
4818 849
4819 888
4820 879
4821 906
4822 937
4823 940
4824 984
4825 952
4826 957
4827 942
4828 967
4829 972
4830 972
4831 990
4832 983
4833 973
4834 967
4835 951
4836 938
4837 980
4838 983
4839 983
4840 11
4841 12
4842 21
4843 976
4844 963
4845 950
4846 964
4847 945
4848 918
4849 887
4850 872
4851 902
4852 939
4853 924
4854 906
4855 881
4856 879
4857 890
4858 953
4859 951
4860 925
4861 954
4862 997
4863 979
4864 2
4865 41
4866 19
4867 37
4868 992
4869 958
4870 973
4871 986
4872 13
4873 9
4874 8
4875 5
4876 32
4877 5
4878 34
4879 34
4880 55
4881 60
4882 63
4883 56
4884 77
4885 71
4886 101
4887 140
4888 132
4889 124
4890 138
4891 110
4892 120
4893 79
4894 64
4895 46
4896 54
4897 24
4898 993
4899 988
4900 984
4901 994
4902 961
4903 0
4904 986
4905 965
4906 952
4907 906
4908 937
4909 924
4910 938
4911 962
4912 974
4913 932
4914 904
4915 911
4916 895
4917 906
4918 903
4919 839
4920 845
4921 871
4922 855
4923 838
4924 846
4925 846
4926 893
4927 892
4928 908
4929 889
4930 882
4931 881
4932 895
4933 915
4934 934
4935 945
4936 960
4937 961
4938 969
4939 974
4940 982
4941 975
4942 994
4943 975
4944 987
4945 987
4946 35
4947 1
4948 17
4949 35
4950 13
4951 9
4952 67
4953 54
4954 38
4955 75
4956 92
4957 139
4958 165
4959 126
4960 91
4961 86
4962 78
4963 78
4964 69
4965 122
4966 157
4967 194
4968 221
4969 188
4970 193
4971 169
4972 218
4973 211
4974 212
4975 185
4976 158
4977 180
4978 147
4979 155
4980 193
4981 215
4982 218
4983 213
4984 236
4985 237
4986 245
4987 210
4988 171
4989 163
4990 108
4991 118
4992 122
4993 110
4994 132
4995 123
4996 169
4997 188
4998 204
4999 204
5000 207
5001 223
5002 247
5003 249
5004 253
5005 284
5006 270
5007 294
5008 304
5009 287
5010 273
5011 287
5012 252
5013 248
5014 240
5015 206
5016 211
5017 229
5018 240
5019 255
5020 249
5021 243
5022 273
5023 289
5024 247
5025 258
5026 300
5027 312
5028 318
5029 340
5030 316
5031 334
5032 342
5033 326
5034 308
5035 301
5036 276
5037 254
5038 226
5039 203
5040 285
5041 262
5042 263
5043 273
5044 287
5045 286
5046 277
5047 331
5048 301
5049 272
5050 256
5051 267
5052 258
5053 280
5054 268
5055 266
5056 276
5057 266
5058 310
5059 311
5060 347
5061 331
5062 320
5063 362
5064 350
5065 377
5066 394
5067 358
5068 345
5069 376
5070 391
5071 401
5072 395
5073 398
5074 387
5075 371
5076 346
5077 370
5078 388
5079 385
5080 365
5081 342
5082 286
5083 283
5084 287
5085 302
5086 282
5087 271
5088 326
5089 325
5090 339
5091 334
5092 326
5093 351
5094 350
5095 394
5096 392
5097 386
5098 382
5099 393
5100 395
5101 390
5102 391
5103 393
5104 390
5105 356
5106 331
5107 344
5108 383
5109 370
5110 354
5111 338
5112 332
5113 332
5114 327
5115 285
5116 276
5117 296
5118 343
5119 370
5120 364
5121 363
5122 381
5123 383
5124 369
5125 353
5126 376
5127 339
5128 332
5129 341
5130 344
5131 333
5132 325
5133 319
5134 325
5135 328
5136 290
5137 266
5138 283
5139 291
5140 305
5141 281
5142 295
5143 289
5144 280
5145 325
5146 315
5147 345
5148 381
5149 381
5150 320
5151 307
5152 357
5153 370
5154 352
5155 338
5156 301
5157 299
5158 327
5159 347
5160 328
5161 341
5162 350
5163 381
5164 367
5165 377
5166 356
5167 365
5168 356
5169 378
5170 412
5171 406
5172 394
5173 435
5174 410
5175 419
5176 390
5177 410
5178 410
5179 433
5180 428
5181 417
5182 430
5183 438
5184 450
5185 414
5186 409
5187 430
5188 456
5189 437
5190 410
5191 421
5192 420
5193 423
5194 396
5195 382
5196 363
5197 378
5198 407
5199 402
5200 413
5201 398
5202 409
5203 393
5204 359
5205 310
5206 308
5207 342
5208 294
5209 311
5210 320
5211 327
5212 331
5213 347
5214 351
5215 342
5216 344
5217 341
5218 330
5219 399
5220 398
5221 442
5222 445
5223 440
5224 448
5225 455
5226 465
5227 496
5228 513
5229 496
5230 474
5231 481
5232 454
5233 441
5234 427
5235 428
5236 433
5237 438
5238 392
5239 379
5240 374
5241 383
5242 393
5243 371
5244 371
5245 319
5246 335
5247 342
5248 333
5249 309
5250 313
5251 280
5252 302
5253 306
5254 292
5255 289
5256 256
5257 243
5258 264
5259 252
5260 241
5261 243
5262 230
5263 220
5264 222
5265 197
5266 185
5267 219
5268 218
5269 225
5270 216
5271 219
5272 201
5273 179
5274 211
5275 200
5276 228
5277 210
5278 221
5279 213
5280 245
5281 217
5282 201
5283 227
5284 213
5285 235
5286 221
5287 200
5288 202
5289 141
5290 115
5291 125
5292 112
5293 86
5294 78
5295 35
5296 63
5297 89
5298 105
5299 89
5300 95
5301 58
5302 120
5303 147
5304 125
5305 144
5306 139
5307 118
5308 150
5309 136
5310 145
5311 156
5312 165
5313 166
5314 158
5315 132
5316 114
5317 118
5318 118
5319 157
5320 131
5321 186
5322 192
5323 178
5324 158
5325 171
5326 128
5327 120
5328 96
5329 120
5330 61
5331 23
5332 50
5333 66
5334 86
5335 60
5336 27
5337 32
5338 999
5339 963
5340 953
5341 915
5342 929
5343 961
5344 967
5345 995
5346 0
5347 10
5348 33
5349 49
5350 88
5351 117
5352 119
5353 135
5354 101
5355 38
5356 15
5357 979
5358 977
5359 965
5360 971
5361 995
5362 994
5363 9
5364 996
5365 2
5366 6
5367 23
5368 5
5369 4
5370 988
5371 1
5372 8
5373 60
5374 78
5375 41
5376 75
5377 95
5378 93
5379 86
5380 64
5381 71
5382 74
5383 68
5384 106
5385 123
5386 128
5387 118
5388 116
5389 79
5390 71
5391 83
5392 151
5393 145
5394 113
5395 101
5396 130
5397 173
5398 147
5399 169
5400 147
5401 178
5402 160
5403 166
5404 160
5405 159
5406 131
5407 111
5408 137
5409 154
5410 188
5411 200
5412 197
5413 219
5414 237
5415 250
5416 233
5417 268
5418 239
5419 260
5420 258
5421 287
5422 303
5423 314
5424 351
5425 317
5426 335
5427 315
5428 320
5429 346
5430 355
5431 382
5432 346
5433 319
5434 314
5435 292
5436 312
5437 310
5438 318
5439 347
5440 342
5441 338
5442 318
5443 332
5444 357
5445 331
5446 327
5447 320
5448 285
5449 328
5450 321
5451 316
5452 291
5453 281
5454 311
5455 305
5456 301
5457 282
5458 301
5459 324
5460 314
5461 316
5462 330
5463 345
5464 358
5465 354
5466 341
5467 337
5468 336
5469 348
5470 338
5471 349
5472 349
5473 330
5474 351
5475 344
5476 340
5477 339
5478 306
5479 319
5480 337
5481 310
5482 313
5483 344
5484 286
5485 253
5486 248
5487 277
5488 274
5489 257
5490 252
5491 260
5492 241
5493 215
5494 206
5495 191
5496 176
5497 164
5498 122
5499 75
5500 61
5501 64
5502 12
5503 8
5504 14
5505 34
5506 9
5507 18
5508 17
5509 0
5510 990
5511 966
5512 964
5513 963
5514 944
5515 944
5516 964
5517 988
5518 984
5519 985
5520 989
5521 978
5522 958
5523 990
5524 5
5525 17
5526 5
5527 32
5528 58
5529 62
5530 35
5531 1
5532 8
5533 33
5534 33
5535 16
5536 33
5537 62
5538 100
5539 113
5540 68
5541 49
5542 18
5543 11
5544 0
5545 42
5546 74
5547 59
5548 55
5549 58
5550 68
5551 76
5552 108
5553 118
5554 129
5555 113
5556 130
5557 134
5558 156
5559 160
5560 214
5561 199
5562 196
5563 196
5564 234
5565 254
5566 232
5567 246
5568 271
5569 278
5570 273
5571 246
5572 235
5573 257
5574 216
5575 209
5576 232
5577 205
5578 186
5579 207
5580 199
5581 211
5582 208
5583 208
5584 193
5585 183
5586 178
5587 166
5588 122
5589 89
5590 59
5591 78
5592 45
5593 31
5594 36
5595 41
5596 30
5597 1
5598 998
5599 31
5600 54
5601 93
5602 94
5603 93
5604 60
5605 47
5606 29
5607 30
5608 7
5609 56
5610 54
5611 41
5612 46
5613 33
5614 46
5615 79
5616 72
5617 72
5618 88
5619 99
5620 106
5621 119
5622 141
5623 130
5624 120
5625 131
5626 132
5627 130
5628 168
5629 200
5630 186
5631 138
5632 170
5633 156
5634 163
5635 157
5636 142
5637 133
5638 100
5639 77
5640 63
5641 100
5642 97
5643 120
5644 99
5645 64
5646 80
5647 74
5648 112
5649 109
5650 122
5651 125
5652 166
5653 169
5654 197
5655 225
5656 208
5657 205
5658 194
5659 191
5660 176
5661 156
5662 140
5663 149
5664 180
5665 178
5666 178
5667 159
5668 134
5669 118
5670 136
5671 161
5672 158
5673 189
5674 193
5675 177
5676 162
5677 166
5678 169
5679 134
5680 144
5681 171
5682 173
5683 166
5684 152
5685 142
5686 145
5687 150
5688 160
5689 125
5690 103
5691 118
5692 115
5693 115
5694 152
5695 157
5696 170
5697 193
5698 211
5699 222
5700 240
5701 219
5702 238
5703 240
5704 266
5705 285
5706 276
5707 260
5708 226
5709 218
5710 203
5711 178
5712 143
5713 149
5714 131
5715 171
5716 186
5717 186
5718 174
5719 155
5720 143
5721 144
5722 161
5723 174
5724 201
5725 199
5726 169
5727 200
5728 216
5729 229
5730 232
5731 260
5732 260
5733 264
5734 274
5735 276
5736 320
5737 321
5738 337
5739 347
5740 341
5741 334
5742 328
5743 322
5744 328
5745 308
5746 311
5747 321
5748 305
5749 282
5750 321
5751 275
5752 243
5753 217
5754 221
5755 268
5756 255
5757 228
5758 237
5759 270
5760 261
5761 264
5762 276
5763 247
5764 254
5765 239
5766 226
5767 219
5768 202
5769 179
5770 200
5771 234
5772 271
5773 235
5774 254
5775 254
5776 264
5777 253
5778 239
5779 213
5780 254
5781 261
5782 230
5783 258
5784 250
5785 244
5786 233
5787 227
5788 232
5789 234
5790 235
5791 215
5792 191
5793 237
5794 239
5795 255
5796 186
5797 185
5798 153
5799 158
5800 174
5801 201
5802 198
5803 150
5804 158
5805 107
5806 127
5807 106
5808 127
5809 122
5810 126
5811 156
5812 169
5813 188
5814 190
5815 194
5816 201
5817 176
5818 165
5819 149
5820 148
5821 132
5822 131
5823 70
5824 88
5825 90
5826 115
5827 107
5828 104
5829 97
5830 43
5831 74
5832 69
5833 69
5834 75
5835 76
5836 48
5837 50
5838 90
5839 82
5840 88
5841 69
5842 61
5843 77
5844 90
5845 96
5846 62
5847 72
5848 35
5849 38
5850 28
5851 15
5852 19
5853 24
5854 4
5855 31
5856 999
5857 954
5858 922
5859 922
5860 948
5861 930
5862 903
5863 920
5864 922
5865 955
5866 938
5867 957
5868 964
5869 991
5870 995
5871 998
5872 992
5873 965
5874 997
5875 981
5876 991
5877 963
5878 969
5879 989
5880 987
5881 976
5882 999
5883 952
5884 980
5885 962
5886 937
5887 937
5888 927
5889 929
5890 923
5891 901
5892 907
5893 873
5894 917
5895 931
5896 941
5897 950
5898 926
5899 925
5900 922
5901 929
5902 909
5903 904
5904 909
5905 902
5906 923
5907 907
5908 921
5909 918
5910 875
5911 862
5912 877
5913 888
5914 939
5915 894
5916 908
5917 942
5918 919
5919 877
5920 889
5921 876
5922 860
5923 909
5924 920
5925 941
5926 978
5927 22
5928 40
5929 42
5930 67
5931 65
5932 46
5933 52
5934 48
5935 37
5936 22
5937 35
5938 90
5939 82
5940 128
5941 125
5942 119
5943 151
5944 167
5945 162
5946 157
5947 114
5948 91
5949 99
5950 111
5951 123
5952 135
5953 166
5954 201
5955 166
5956 181
5957 206
5958 190
5959 179
5960 181
5961 165
5962 165
5963 192
5964 196
5965 189
5966 149
5967 184
5968 194
5969 160
5970 204
5971 235
5972 258
5973 250
5974 227
5975 223
5976 227
5977 215
5978 232
5979 236
5980 279
5981 254
5982 233
5983 235
5984 250
5985 266
5986 270
5987 270
5988 250
5989 276
5990 286
5991 232
5992 229
5993 223
5994 192
5995 218
5996 173
5997 168
5998 135
5999 173
6000 212
6001 272
6002 277
6003 286
6004 319
6005 320
6006 311
6007 329
6008 345
6009 342
6010 352
6011 353
6012 330
6013 325
6014 343
6015 352
6016 344
6017 301
6018 283
6019 302
6020 304
6021 307
6022 265
6023 240
6024 251
6025 253
6026 259
6027 254
6028 255
6029 249
6030 263
6031 294
6032 324
6033 298
6034 282
6035 272
6036 262
6037 237
6038 240
6039 256
6040 278
6041 291
6042 296
6043 250
6044 280
6045 250
6046 257
6047 278
6048 247
6049 281
6050 287
6051 313
6052 349
6053 328
6054 309
6055 321
6056 316
6057 295
6058 305
6059 320
6060 317
6061 288
6062 314
6063 318
6064 357
6065 401
6066 375
6067 404
6068 434
6069 467
6070 472
6071 490
6072 497
6073 509
6074 522
6075 508
6076 507
6077 415
6078 412
6079 409
6080 439
6081 442
6082 419
6083 395
6084 381
6085 362
6086 330
6087 313
6088 338
6089 310
6090 309
6091 280
6092 307
6093 324
6094 317
6095 301
6096 300
6097 304
6098 306
6099 276
6100 318
6101 357
6102 356
6103 346
6104 351
6105 389
6106 409
6107 422
6108 375
6109 397
6110 334
6111 328
6112 315
6113 336
6114 353
6115 338
6116 323
6117 304
6118 282
6119 287
6120 335
6121 331
6122 347
6123 397
6124 436
6125 439
6126 436
6127 455
6128 448
6129 422
6130 455
6131 464
6132 500
6133 457
6134 477
6135 452
6136 443
6137 453
6138 458
6139 425
6140 432
6141 445
6142 450
6143 368
6144 394
6145 372
6146 401
6147 388
6148 388
6149 380
6150 410
6151 441
6152 500
6153 497
6154 559
6155 543
6156 549
6157 578
6158 608
6159 636
6160 605
6161 598
6162 647
6163 650
6164 706
6165 733
6166 769
6167 795
6168 795
6169 801
6170 833
6171 879
6172 883
6173 881
6174 892
6175 860
6176 904
6177 928
6178 914
6179 866
6180 904
6181 886
6182 909
6183 916
6184 905
6185 922
6186 935
6187 941
6188 967
6189 992
6190 19
6191 989
6192 928
6193 947
6194 953
6195 944
6196 927
6197 944
6198 968
6199 982
6200 999
6201 960
6202 974
6203 935
6204 897
6205 886
6206 879
6207 947
6208 922
6209 902
6210 908
6211 888
6212 935
6213 954
6214 927
6215 869
6216 884
6217 853
6218 833
6219 850
6220 829
6221 848
6222 865
6223 862
6224 872
6225 868
6226 813
6227 851
6228 802
6229 839
6230 782
6231 811
6232 804
6233 813
6234 834
6235 793
6236 766
6237 737
6238 745
6239 696
6240 638
6241 620
6242 635
6243 642
6244 650
6245 653
6246 629
6247 581
6248 579
6249 555
6250 568
6251 556
6252 524
6253 548
6254 546
6255 561
6256 529
6257 510
6258 512
6259 524
6260 548
6261 525
6262 503
6263 519
6264 516
6265 523
6266 487
6267 482
6268 442
6269 412
6270 405
6271 338
6272 341
6273 287
6274 287
6275 257
6276 211
6277 184
6278 160
6279 189
6280 166
6281 188
6282 169
6283 149
6284 166
6285 136
6286 138
6287 109
6288 107
6289 113
6290 119
6291 53
6292 77
6293 66
6294 97
6295 85
6296 77
6297 79
6298 91
6299 121
6300 109
6301 118
6302 135
6303 186
6304 165
6305 180
6306 210
6307 235
6308 228
6309 216
6310 196
6311 198
6312 241
6313 231
6314 220
6315 203
6316 225
6317 232
6318 194
6319 232
6320 189
6321 160
6322 213
6323 221
6324 182
6325 215
6326 180
6327 175
6328 152
6329 129
6330 133
6331 106
6332 129
6333 101
6334 150
6335 158
6336 176
6337 159
6338 154
6339 176
6340 190
6341 159
6342 202
6343 175
6344 228
6345 211
6346 215
6347 195
6348 215
6349 186
6350 191
6351 169
6352 178
6353 141
6354 158
6355 148
6356 139
6357 152
6358 156
6359 153
6360 163
6361 116
6362 113
6363 134
6364 141
6365 126
6366 112
6367 103
6368 110
6369 93
6370 127
6371 154
6372 131
6373 147
6374 128
6375 127
6376 128
6377 107
6378 96
6379 74
6380 109
6381 110
6382 82
6383 76
6384 97
6385 77
6386 70
6387 77
6388 106
6389 124
6390 130
6391 162
6392 148
6393 148
6394 153
6395 153
6396 176
6397 176
6398 202
6399 217
6400 200
6401 197
6402 198
6403 192
6404 198
6405 168
6406 212
6407 210
6408 159
6409 188
6410 180
6411 171
6412 149
6413 172
6414 163
6415 151
6416 177
6417 147
6418 161
6419 172
6420 157
6421 146
6422 181
6423 170
6424 189
6425 152
6426 135
6427 116
6428 130
6429 138
6430 171
6431 136
6432 159
6433 187
6434 197
6435 221
6436 241
6437 201
6438 205
6439 211
6440 231
6441 205
6442 189
6443 173
6444 195
6445 199
6446 229
6447 212
6448 203
6449 200
6450 225
6451 247
6452 224
6453 215
6454 212
6455 202
6456 217
6457 226
6458 217
6459 271
6460 278
6461 292
6462 300
6463 298
6464 291
6465 247
6466 259
6467 325
6468 312
6469 297
6470 303
6471 290
6472 292
6473 330
6474 333
6475 371
6476 344
6477 374
6478 361
6479 393
6480 375
6481 382
6482 351
6483 351
6484 332
6485 360
6486 392
6487 399
6488 459
6489 454
6490 463
6491 443
6492 455
6493 479
6494 503
6495 527
6496 518
6497 512
6498 531
6499 513
6500 537
6501 565
6502 594
6503 582
6504 616
6505 599
6506 633
6507 614
6508 631
6509 618
6510 653
6511 610
6512 596
6513 591
6514 578
6515 549
6516 552
6517 540
6518 526
6519 520
6520 515
6521 507
6522 504
6523 497
6524 464
6525 450
6526 458
6527 457
6528 447
6529 444
6530 450
6531 449
6532 447
6533 458
6534 476
6535 451
6536 518
6537 539
6538 568
6539 570
6540 577
6541 525
6542 552
6543 561
6544 541
6545 530
6546 516
6547 538
6548 539
6549 518
6550 514
6551 487
6552 454
6553 429
6554 434
6555 427
6556 410
6557 391
6558 427
6559 429
6560 377
6561 397
6562 355
6563 366
6564 348
6565 399
6566 396
6567 412
6568 487
6569 444
6570 449
6571 431
6572 469
6573 457
6574 484
6575 457
6576 459
6577 445
6578 463
6579 464
6580 467
6581 464
6582 438
6583 434
6584 421
6585 445
6586 453
6587 462
6588 515
6589 513
6590 476
6591 452
6592 468
6593 502
6594 511
6595 568
6596 584
6597 597
6598 620
6599 606
6600 610
6601 672
6602 633
6603 640
6604 700
6605 698
6606 704
6607 721
6608 714
6609 680
6610 636
6611 639
6612 680
6613 723
6614 735
6615 761
6616 751
6617 745
6618 702
6619 754
6620 740
6621 749
6622 755
6623 756
6624 756
6625 771
6626 785
6627 714
6628 726
6629 756
6630 762
6631 747
6632 750
6633 749
6634 776
6635 785
6636 805
6637 791
6638 802
6639 847
6640 848
6641 817
6642 804
6643 785
6644 779
6645 843
6646 842
6647 844
6648 828
6649 847
6650 842
6651 803
6652 815
6653 806
6654 781
6655 801
6656 782
6657 780
6658 799
6659 787
6660 805
6661 781
6662 746
6663 753
6664 768
6665 754
6666 758
6667 766
6668 743
6669 738
6670 738
6671 731
6672 777
6673 781
6674 775
6675 790
6676 746
6677 728
6678 754
6679 744
6680 729
6681 734
6682 719
6683 714
6684 681
6685 694
6686 724
6687 763
6688 738
6689 762
6690 765
6691 764
6692 722
6693 715
6694 754
6695 769
6696 750
6697 758
6698 724
6699 752
6700 730
6701 729
6702 703
6703 659
6704 676
6705 632
6706 569
6707 589
6708 549
6709 530
6710 521
6711 555
6712 568
6713 539
6714 548
6715 518
6716 531
6717 503
6718 465
6719 481
6720 458
6721 460
6722 441
6723 438
6724 423
6725 395
6726 439
6727 449
6728 406
6729 379
6730 427
6731 427
6732 438
6733 404
6734 412
6735 403
6736 398
6737 401
6738 444
6739 435
6740 446
6741 442
6742 433
6743 486
6744 475
6745 499
6746 502
6747 527
6748 535
6749 547
6750 531
6751 554
6752 545
6753 559
6754 564
6755 569
6756 556
6757 562
6758 534
6759 512
6760 549
6761 540
6762 564
6763 556
6764 538
6765 580
6766 576
6767 567
6768 552
6769 559
6770 529
6771 551
6772 596
6773 598
6774 564
6775 523
6776 530
6777 520
6778 561
6779 566
6780 554
6781 536
6782 541
6783 535
6784 530
6785 554
6786 532
6787 518
6788 523
6789 544
6790 545
6791 542
6792 546
6793 556
6794 539
6795 540
6796 579
6797 590
6798 574
6799 592
6800 596
6801 571
6802 553
6803 530
6804 544
6805 542
6806 531
6807 548
6808 543
6809 549
6810 559
6811 572
6812 601
6813 590
6814 553
6815 536
6816 535
6817 533
6818 506
6819 513
6820 484
6821 452
6822 451
6823 467
6824 474
6825 522
6826 516
6827 526
6828 522
6829 565
6830 571
6831 556
6832 549
6833 572
6834 584
6835 583
6836 588
6837 602
6838 596
6839 553
6840 562
6841 542
6842 519
6843 513
6844 533
6845 530
6846 547
6847 556
6848 560
6849 548
6850 537
6851 524
6852 515
6853 521
6854 517
6855 517
6856 519
6857 562
6858 558
6859 580
6860 584
6861 617
6862 657
6863 659
6864 672
6865 683
6866 681
6867 685
6868 701
6869 699
6870 679
6871 665
6872 670
6873 685
6874 688
6875 679
6876 692
6877 704
6878 713
6879 703
6880 741
6881 726
6882 708
6883 742
6884 720
6885 721
6886 715
6887 724
6888 739
6889 739
6890 745
6891 731
6892 694
6893 702
6894 715
6895 723
6896 708
6897 717
6898 751
6899 751
6900 734
6901 758
6902 753
6903 770
6904 756
6905 746
6906 744
6907 726
6908 728
6909 723
6910 754
6911 737
6912 733
6913 748
6914 760
6915 786
6916 768
6917 809
6918 811
6919 807
6920 799
6921 753
6922 751
6923 740
6924 751
6925 740
6926 746
6927 747
6928 738
6929 718
6930 702
6931 714
6932 719
6933 696
6934 702
6935 698
6936 695
6937 701
6938 670
6939 638
6940 631
6941 600
6942 608
6943 639
6944 659
6945 653
6946 646
6947 642
6948 658
6949 646
6950 636
6951 621
6952 600
6953 597
6954 614
6955 607
6956 563
6957 544
6958 545
6959 541
6960 541
6961 546
6962 507
6963 507
6964 533
6965 530
6966 541
6967 562
6968 623
6969 623
6970 607
6971 622
6972 607
6973 622
6974 565
6975 563
6976 538
6977 564
6978 548
6979 511
6980 500
6981 502
6982 499
6983 523
6984 502
6985 479
6986 484
6987 500
6988 513
6989 525
6990 525
6991 489
6992 516
6993 564
6994 570
6995 528
6996 518
6997 526
6998 518
6999 513
7000 492
7001 486
7002 458
7003 453
7004 463
7005 472
7006 482
7007 485
7008 514
7009 515
7010 485
7011 491
7012 470
7013 538
7014 520
7015 500
7016 497
7017 470
7018 503
7019 485
7020 469
7021 441
7022 425
7023 440
7024 413
7025 453
7026 452
7027 476
7028 448
7029 435
7030 431
7031 395
7032 397
7033 379
7034 314
7035 253
7036 246
7037 249
7038 229
7039 214
7040 199
7041 226
7042 271
7043 272
7044 289
7045 283
7046 308
7047 298
7048 338
7049 382
7050 408
7051 406
7052 414
7053 459
7054 461
7055 454
7056 477
7057 468
7058 459
7059 471
7060 485
7061 502
7062 529
7063 515
7064 529
7065 512
7066 550
7067 548
7068 574
7069 571
7070 546
7071 535
7072 582
7073 557
7074 541
7075 545
7076 518
7077 509
7078 543
7079 591
7080 596
7081 598
7082 617
7083 644
7084 649
7085 651
7086 655
7087 637
7088 667
7089 667
7090 658
7091 697
7092 674
7093 651
7094 640
7095 660
7096 634
7097 635
7098 677
7099 658
7100 676
7101 647
7102 653
7103 649
7104 626
7105 621
7106 615
7107 647
7108 606
7109 616
7110 627
7111 654
7112 675
7113 660
7114 647
7115 658
7116 630
7117 650
7118 623
7119 635
7120 636
7121 630
7122 619
7123 637
7124 650
7125 658
7126 650
7127 672
7128 662
7129 688
7130 695
7131 695
7132 676
7133 650
7134 650
7135 653
7136 649
7137 635
7138 653
7139 659
7140 660
7141 665
7142 667
7143 650
7144 668
7145 642
7146 616
7147 619
7148 632
7149 639
7150 659
7151 662
7152 682
7153 660
7154 630
7155 647
7156 630
7157 600
7158 598
7159 581
7160 624
7161 632
7162 649
7163 642
7164 636
7165 631
7166 645
7167 648
7168 655
7169 649
7170 630
7171 633
7172 617
7173 645
7174 634
7175 654
7176 674
7177 692
7178 714
7179 727
7180 708
7181 695
7182 699
7183 706
7184 719
7185 744
7186 755
7187 754
7188 769
7189 795
7190 800
7191 781
7192 790
7193 783
7194 768
7195 788
7196 748
7197 715
7198 722
7199 728
7200 751
7201 746
7202 740
7203 740
7204 741
7205 714
7206 707
7207 706
7208 663
7209 654
7210 682
7211 676
7212 681
7213 678
7214 661
7215 641
7216 644
7217 672
7218 661
7219 690
7220 698
7221 697
7222 681
7223 682
7224 684
7225 709
7226 706
7227 730
7228 739
7229 733
7230 741
7231 748
7232 773
7233 760
7234 747
7235 745
7236 719
7237 737
7238 707
7239 733
7240 697
7241 698
7242 714
7243 688
7244 697
7245 703
7246 692
7247 700
7248 704
7249 702
7250 683
7251 670
7252 683
7253 685
7254 680
7255 680
7256 702
7257 703
7258 692
7259 708
7260 691
7261 695
7262 710
7263 727
7264 696
7265 711
7266 739
7267 745
7268 747
7269 768
7270 788
7271 760
7272 736
7273 746
7274 751
7275 749
7276 741
7277 748
7278 752
7279 733
7280 729
7281 730
7282 767
7283 760
7284 768
7285 750
7286 755
7287 751
7288 743
7289 738
7290 770
7291 775
7292 776
7293 788
7294 795
7295 797
7296 828
7297 834
7298 831
7299 814
7300 797
7301 783
7302 794
7303 796
7304 780
7305 821
7306 811
7307 835
7308 850
7309 840
7310 838
7311 841
7312 846
7313 855
7314 854
7315 854
7316 860
7317 879
7318 896
7319 885
7320 875
7321 872
7322 853
7323 815
7324 808
7325 796
7326 793
7327 800
7328 818
7329 826
7330 818
7331 818
7332 799
7333 798
7334 790
7335 774
7336 730
7337 709
7338 719
7339 737
7340 746
7341 740
7342 719
7343 713
7344 722
7345 725
7346 724
7347 721
7348 702
7349 684
7350 684
7351 680
7352 660
7353 669
7354 679
7355 680
7356 700
7357 687
7358 686
7359 676
7360 668
7361 682
7362 661
7363 682
7364 688
7365 715
7366 709
7367 728
7368 750
7369 752
7370 739
7371 746
7372 749
7373 770
7374 763
7375 749
7376 752
7377 777
7378 788
7379 771
7380 787
7381 816
7382 843
7383 848
7384 876
7385 882
7386 893
7387 879
7388 908
7389 912
7390 908
7391 899
7392 912
7393 926
7394 929
7395 932
7396 938
7397 938
7398 945
7399 958
7400 963
7401 961
7402 963
7403 962
7404 961
7405 959
7406 946
7407 948
7408 947
7409 955
7410 952
7411 952
7412 957
7413 955
7414 968
7415 977
7416 986
7417 979
7418 983
7419 981
7420 980
7421 977
7422 990
7423 986
7424 986
7425 987
7426 984
7427 994
7428 994
7429 994
7430 990
7431 990
7432 983
7433 991
7434 993
7435 994
7436 993
7437 998
7438 0
7439 0
7440 1
7441 1
7442 1
7443 0
7444 0
7445 0
7446 0
7447 0
7448 1
7449 2
7450 0
7451 1
7452 0
7453 0
7454 0
7455 0
7456 0
7457 1
7458 4
7459 1
7460 1
7461 0
7462 0
7463 0
7464 0
7465 0
7466 0
7467 0
7468 1
7469 1
7470 0
7471 0
7472 0
7473 0
7474 0
7475 0
7476 0
7477 0
7478 0
7479 0
7480 0
7481 1
7482 1
7483 1
7484 2
7485 1
7486 0
7487 0
7488 2
7489 4
7490 5
7491 5
7492 4
7493 7
7494 7
7495 6
7496 5
7497 6
7498 6
7499 4
7500 6
7501 3
7502 4
7503 5
7504 9
7505 10
7506 10
7507 8
7508 12
7509 16
7510 22
7511 19
7512 22
7513 21
7514 23
7515 18
7516 24
7517 21
7518 15
7519 12
7520 12
7521 10
7522 10
7523 11
7524 20
7525 21
7526 28
7527 27
7528 28
7529 29
7530 25
7531 25
7532 28
7533 29
7534 28
7535 25
7536 29
7537 29
7538 30
7539 31
7540 37
7541 42
7542 41
7543 41
7544 40
7545 42
7546 40
7547 23
7548 21
7549 24
7550 33
7551 35
7552 40
7553 41
7554 33
7555 31
7556 34
7557 42
7558 45
7559 52
7560 50
7561 39
7562 46
7563 41
7564 47
7565 56
7566 64
7567 68
7568 63
7569 79
7570 63
7571 46
7572 51
7573 58
7574 72
7575 72
7576 72
7577 79
7578 74
7579 88
7580 85
7581 75
7582 81
7583 71
7584 78
7585 80
7586 86
7587 81
7588 73
7589 78
7590 67
7591 65
7592 63
7593 61
7594 69
7595 89
7596 101
7597 120
7598 118
7599 117
7600 124
7601 122
7602 142
7603 140
7604 149
7605 132
7606 136
7607 137
7608 138
7609 160
7610 159
7611 164
7612 153
7613 154
7614 172
7615 191
7616 191
7617 191
7618 196
7619 205
7620 193
7621 194
7622 166
7623 166
7624 161
7625 174
7626 153
7627 156
7628 158
7629 172
7630 178
7631 167
7632 154
7633 177
7634 167
7635 139
7636 147
7637 157
7638 154
7639 146
7640 146
7641 142
7642 147
7643 135
7644 150
7645 144
7646 128
7647 131
7648 145
7649 135
7650 123
7651 117
7652 123
7653 123
7654 121
7655 130
7656 131
7657 140
7658 156
7659 147
7660 146
7661 146
7662 148
7663 145
7664 127
7665 128
7666 138
7667 147
7668 150
7669 148
7670 152
7671 176
7672 188
7673 202
7674 207
7675 200
7676 186
7677 193
7678 193
7679 184
7680 182
7681 183
7682 208
7683 207
7684 194
7685 201
7686 233
7687 258
7688 248
7689 236
7690 240
7691 255
7692 241
7693 272
7694 280
7695 301
7696 301
7697 288
7698 270
7699 251
7700 243
7701 256
7702 267
7703 255
7704 257
7705 243
7706 223
7707 201
7708 217
7709 224
7710 215
7711 226
7712 254
7713 250
7714 243
7715 222
7716 217
7717 231
7718 211
7719 213
7720 216
7721 228
7722 217
7723 217
7724 213
7725 222
7726 225
7727 219
7728 222
7729 220
7730 220
7731 223
7732 207
7733 187
7734 187
7735 170
7736 161
7737 150
7738 154
7739 142
7740 148
7741 139
7742 149
7743 147
7744 131
7745 121
7746 117
7747 104
7748 106
7749 98
7750 87
7751 91
7752 96
7753 109
7754 109
7755 108
7756 109
7757 103
7758 94
7759 97
7760 105
7761 123
7762 130
7763 130
7764 118
7765 104
7766 87
7767 90
7768 91
7769 78
7770 65
7771 58
7772 49
7773 44
7774 39
7775 34
7776 30
7777 31
7778 37
7779 42
7780 34
7781 40
7782 36
7783 35
7784 32
7785 26
7786 30
7787 36
7788 30
7789 29
7790 25
7791 29
7792 32
7793 34
7794 35
7795 28
7796 34
7797 41
7798 48
7799 58
7800 68
7801 72
7802 81
7803 80
7804 93
7805 96
7806 94
7807 89
7808 87
7809 77
7810 77
7811 87
7812 99
7813 96
7814 82
7815 92
7816 88
7817 72
7818 63
7819 65
7820 68
7821 71
7822 74
7823 79
7824 91
7825 89
7826 104
7827 89
7828 90
7829 95
7830 82
7831 75
7832 74
7833 72
7834 67
7835 68
7836 78
7837 73
7838 72
7839 70
7840 66
7841 68
7842 69
7843 75
7844 74
7845 90
7846 85
7847 94
7848 92
7849 74
7850 67
7851 64
7852 55
7853 62
7854 66
7855 62
7856 60
7857 52
7858 62
7859 68
7860 79
7861 76
7862 82
7863 94
7864 95
7865 84
7866 79
7867 69
7868 70
7869 83
7870 78
7871 83
7872 72
7873 72
7874 67
7875 73
7876 79
7877 77
7878 69
7879 68
7880 60
7881 58
7882 58
7883 42
7884 50
7885 60
7886 64
7887 55
7888 51
7889 52
7890 56
7891 63
7892 65
7893 64
7894 59
7895 61
7896 67
7897 72
7898 75
7899 74
7900 72
7901 66
7902 59
7903 70
7904 69
7905 69
7906 79
7907 87
7908 95
7909 99
7910 120
7911 122
7912 116
7913 117
7914 128
7915 134
7916 136
7917 133
7918 134
7919 147
7920 149
7921 147
7922 122
7923 113
7924 125
7925 116
7926 106
7927 100
7928 105
7929 92
7930 100
7931 117
7932 122
7933 133
7934 138
7935 151
7936 160
7937 140
7938 137
7939 136
7940 123
7941 122
7942 138
7943 152
7944 145
7945 144
7946 160
7947 160
7948 151
7949 149
7950 166
7951 152
7952 153
7953 162
7954 171
7955 166
7956 179
7957 178
7958 199
7959 211
7960 203
7961 179
7962 196
7963 186
7964 189
7965 218
7966 205
7967 195
7968 201
7969 223
7970 226
7971 208
7972 228
7973 226
7974 234
7975 236
7976 201
7977 175
7978 188
7979 185
7980 200
7981 198
7982 204
7983 207
7984 213
7985 209
7986 195
7987 223
7988 212
7989 230
7990 214
7991 232
7992 236
7993 263
7994 254
7995 272
7996 266
7997 249
7998 244
7999 222
8000 244
8001 248
8002 244
8003 225
8004 212
8005 231
8006 207
8007 203
8008 204
8009 207
8010 202
8011 195
8012 192
8013 212
8014 215
8015 241
8016 235
8017 239
8018 250
8019 244
8020 245
8021 244
8022 236
8023 236
8024 245
8025 246
8026 251
8027 257
8028 241
8029 240
8030 237
8031 211
8032 206
8033 180
8034 198
8035 213
8036 202
8037 198
8038 190
8039 206
8040 187
8041 206
8042 199
8043 216
8044 224
8045 213
8046 223
8047 230
8048 230
8049 242
8050 241
8051 211
8052 228
8053 234
8054 240
8055 259
8056 251
8057 232
8058 210
8059 222
8060 213
8061 211
8062 206
8063 208
8064 241
8065 253
8066 267
8067 267
8068 253
8069 280
8070 279
8071 285
8072 303
8073 303
8074 329
8075 331
8076 349
8077 333
8078 315
8079 316
8080 338
8081 331
8082 347
8083 382
8084 375
8085 365
8086 351
8087 358
8088 366
8089 358
8090 366
8091 345
8092 364
8093 373
8094 385
8095 377
8096 400
8097 386
8098 398
8099 384
8100 404
8101 410
8102 399
8103 426
8104 408
8105 414
8106 408
8107 442
8108 445
8109 437
8110 418
8111 442
8112 460
8113 465
8114 462
8115 449
8116 477
8117 499
8118 490
8119 476
8120 465
8121 470
8122 466
8123 510
8124 511
8125 489
8126 479
8127 467
8128 460
8129 418
8130 417
8131 451
8132 467
8133 468
8134 458
8135 447
8136 458
8137 460
8138 506
8139 493
8140 500
8141 520
8142 521
8143 486
8144 494
8145 485
8146 492
8147 514
8148 532
8149 516
8150 562
8151 550
8152 535
8153 557
8154 522
8155 528
8156 500
8157 495
8158 505
8159 481
8160 480
8161 468
8162 451
8163 434
8164 449
8165 455
8166 427
8167 397
8168 407
8169 407
8170 390
8171 395
8172 411
8173 401
8174 388
8175 383
8176 394
8177 438
8178 432
8179 413
8180 399
8181 403
8182 423
8183 461
8184 490
8185 472
8186 486
8187 461
8188 472
8189 495
8190 514
8191 504
8192 508
8193 496
8194 503
8195 504
8196 485
8197 463
8198 443
8199 463
8200 463
8201 462
8202 466
8203 465
8204 469
8205 472
8206 462
8207 468
8208 482
8209 494
8210 507
8211 486
8212 481
8213 473
8214 451
8215 449
8216 475
8217 440
8218 465
8219 490
8220 457
8221 487
8222 470
8223 450
8224 462
8225 469
8226 441
8227 468
8228 477
8229 503
8230 505
8231 465
8232 461
8233 471
8234 463
8235 490
8236 453
8237 440
8238 445
8239 421
8240 410
8241 411
8242 419
8243 431
8244 426
8245 432
8246 441
8247 437
8248 449
8249 452
8250 421
8251 428
8252 420
8253 457
8254 483
8255 447
8256 455
8257 456
8258 464
8259 520
8260 517
8261 530
8262 529
8263 513
8264 535
8265 532
8266 548
8267 515
8268 494
8269 528
8270 502
8271 539
8272 540
8273 545
8274 553
8275 568
8276 605
8277 636
8278 632
8279 648
8280 632
8281 596
8282 620
8283 629
8284 605
8285 599
8286 601
8287 608
8288 612
8289 596
8290 607
8291 626
8292 671
8293 654
8294 652
8295 689
8296 636
8297 610
8298 641
8299 662
8300 702
8301 701
8302 652
8303 662
8304 656
8305 658
8306 654
8307 644
8308 629
8309 595
8310 594
8311 586
8312 607
8313 609
8314 627
8315 637
8316 620
8317 599
8318 582
8319 578
8320 595
8321 600
8322 584
8323 575
8324 569
8325 552
8326 572
8327 555
8328 539
8329 508
8330 533
8331 550
8332 542
8333 553
8334 565
8335 567
8336 598
8337 602
8338 603
8339 602
8340 586
8341 583
8342 582
8343 617
8344 622
8345 651
8346 660
8347 662
8348 647
8349 689
8350 658
8351 634
8352 615
8353 647
8354 621
8355 642
8356 663
8357 642
8358 649
8359 660
8360 632
8361 664
8362 644
8363 628
8364 611
8365 651
8366 656
8367 647
8368 642
8369 674
8370 702
8371 696
8372 725
8373 721
8374 708
8375 718
8376 740
8377 743
8378 722
8379 707
8380 720
8381 728
8382 715
8383 728
8384 731
8385 735
8386 748
8387 738
8388 762
8389 751
8390 754
8391 741
8392 748
8393 741
8394 773
8395 824
8396 826
8397 828
8398 838
8399 797
8400 807
8401 771
8402 765
8403 778
8404 775
8405 760
8406 794
8407 787
8408 793
8409 788
8410 806
8411 805
8412 792
8413 792
8414 762
8415 805
8416 867
8417 823
8418 841
8419 846
8420 881
8421 899
8422 875
8423 904
8424 895
8425 899
8426 870
8427 847
8428 870
8429 837
8430 831
8431 825
8432 833
8433 867
8434 878
8435 890
8436 909
8437 921
8438 952
8439 953
8440 923
8441 941
8442 933
8443 954
8444 940
8445 968
8446 2
8447 990
8448 1
8449 6
8450 38
8451 32
8452 64
8453 69
8454 70
8455 105
8456 75
8457 94
8458 95
8459 93
8460 92
8461 115
8462 146
8463 144
8464 159
8465 166
8466 163
8467 160
8468 175
8469 144
8470 155
8471 144
8472 133
8473 112
8474 94
8475 93
8476 75
8477 52
8478 81
8479 94
8480 96
8481 132
8482 90
8483 57
8484 51
8485 43
8486 15
8487 43
8488 9
8489 40
8490 57
8491 108
8492 123
8493 84
8494 91
8495 69
8496 89
8497 84
8498 109
8499 75
8500 82
8501 121
8502 123
8503 179
8504 155
8505 141
8506 140
8507 149
8508 176
8509 230
8510 184
8511 162
8512 136
8513 185
8514 171
8515 194
8516 185
8517 162
8518 191
8519 183
8520 172
8521 159
8522 153
8523 128
8524 117
8525 101
8526 78
8527 100
8528 115
8529 111
8530 112
8531 125
8532 140
8533 141
8534 129
8535 154
8536 159
8537 184
8538 204
8539 167
8540 169
8541 176
8542 158
8543 143
8544 130
8545 191
8546 194
8547 178
8548 171
8549 181
8550 208
8551 194
8552 199
8553 200
8554 213
8555 245
8556 259
8557 243
8558 231
8559 244
8560 229
8561 234
8562 271
8563 279
8564 261
8565 229
8566 240
8567 205
8568 251
8569 277
8570 302
8571 336
8572 360
8573 366
8574 375
8575 381
8576 399
8577 411
8578 424
8579 426
8580 429
8581 393
8582 392
8583 359
8584 387
8585 384
8586 392
8587 361
8588 362
8589 351
8590 363
8591 377
8592 398
8593 332
8594 365
8595 395
8596 384
8597 385
8598 340
8599 347
8600 343
8601 319
8602 335
8603 300
8604 295
8605 268
8606 270
8607 248
8608 240
8609 244
8610 232
8611 254
8612 267
8613 318
8614 294
8615 280
8616 298
8617 288
8618 298
8619 313
8620 317
8621 341
8622 337
8623 327
8624 344
8625 329
8626 308
8627 330
8628 340
8629 323
8630 361
8631 367
8632 354
8633 367
8634 371
8635 369
8636 378
8637 359
8638 353
8639 350
8640 351
8641 388
8642 401
8643 411
8644 408
8645 411
8646 412
8647 394
8648 390
8649 400
8650 403
8651 413
8652 414
8653 389
8654 387
8655 338
8656 327
8657 305
8658 320
8659 357
8660 362
8661 376
8662 366
8663 346
8664 349
8665 341
8666 332
8667 316
8668 305
8669 259
8670 245
8671 254
8672 250
8673 261
8674 213
8675 221
8676 267
8677 224
8678 223
8679 239
8680 228
8681 256
8682 288
8683 277
8684 259
8685 242
8686 210
8687 203
8688 190
8689 178
8690 178
8691 163
8692 136
8693 115
8694 122
8695 157
8696 180
8697 173
8698 225
8699 238
8700 254
8701 242
8702 229
8703 206
8704 217
8705 255
8706 243
8707 268
8708 247
8709 248
8710 255
8711 262
8712 242
8713 235
8714 222
8715 198
8716 192
8717 222
8718 173
8719 188
8720 188
8721 202
8722 245
8723 222
8724 194
8725 197
8726 193
8727 181
8728 184
8729 184
8730 162
8731 181
8732 184
8733 206
8734 214
8735 223
8736 197
8737 161
8738 153
8739 86
8740 86
8741 70
8742 56
8743 62
8744 20
8745 984
8746 1
8747 981
8748 967
8749 977
8750 968
8751 967
8752 962
8753 949
8754 963
8755 981
8756 13
8757 982
8758 965
8759 993
8760 17
8761 35
8762 13
8763 32
8764 49
8765 46
8766 13
8767 14
8768 17
8769 999
8770 8
8771 9
8772 980
8773 987
8774 997
8775 970
8776 934
8777 938
8778 963
8779 968
8780 953
8781 962
8782 960
8783 955
8784 984
8785 981
8786 3
8787 21
8788 38
8789 12
8790 994
8791 974
8792 997
8793 17
8794 999
8795 35
8796 8
8797 965
8798 933
8799 965
8800 961
8801 934
8802 934
8803 900
8804 900
8805 885
8806 899
8807 935
8808 913
8809 894
8810 845
8811 862
8812 885
8813 912
8814 962
8815 974
8816 977
8817 979
8818 982
8819 0
8820 997
8821 29
8822 996
8823 22
8824 45
8825 35
8826 36
8827 68
8828 56
8829 34
8830 53
8831 33
8832 69
8833 57
8834 41
8835 20
8836 24
8837 36
8838 38
8839 87
8840 121
8841 98
8842 116
8843 124
8844 134
8845 132
8846 134
8847 140
8848 167
8849 174
8850 178
8851 142
8852 158
8853 184
8854 189
8855 181
8856 187
8857 228
8858 228
8859 241
8860 229
8861 280
8862 306
8863 300
8864 247
8865 250
8866 194
8867 184
8868 167
8869 167
8870 149
8871 158
8872 177
8873 167
8874 199
8875 232
8876 226
8877 229
8878 245
8879 250
8880 244
8881 259
8882 251
8883 269
8884 278
8885 288
8886 290
8887 315
8888 293
8889 310
8890 287
8891 284
8892 306
8893 302
8894 297
8895 314
8896 316
8897 341
8898 353
8899 384
8900 373
8901 380
8902 399
8903 403
8904 418
8905 436
8906 445
8907 425
8908 476
8909 464
8910 466
8911 452
8912 484
8913 500
8914 493
8915 494
8916 475
8917 478
8918 508
8919 521
8920 540
8921 574
8922 587
8923 576
8924 564
8925 547
8926 580
8927 606
8928 639
8929 650
8930 680
8931 676
8932 678
8933 647
8934 657
8935 666
8936 654
8937 643
8938 654
8939 646
8940 622
8941 609
8942 603
8943 595
8944 599
8945 603
8946 595
8947 600
8948 613
8949 618
8950 607
8951 578
8952 567
8953 573
8954 592
8955 601
8956 604
8957 617
8958 597
8959 592
8960 582
8961 596
8962 560
8963 567
8964 570
8965 564
8966 583
8967 590
8968 579
8969 564
8970 539
8971 575
8972 571
8973 613
8974 640
8975 664
8976 667
8977 657
8978 625
8979 631
8980 603
8981 564
8982 549
8983 576
8984 559
8985 597
8986 607
8987 612
8988 650
8989 664
8990 699
8991 690
8992 691
8993 716
8994 695
8995 698
8996 682
8997 668
8998 671
8999 658
9000 652
9001 646
9002 677
9003 690
9004 708
9005 707
9006 684
9007 700
9008 696
9009 669
9010 676
9011 678
9012 682
9013 678
9014 677
9015 668
9016 698
9017 700
9018 722
9019 683
9020 688
9021 670
9022 660
9023 666
9024 686
9025 706
9026 705
9027 709
9028 690
9029 645
9030 651
9031 627
9032 579
9033 570
9034 563
9035 532
9036 540
9037 530
9038 519
9039 535
9040 551
9041 556
9042 588
9043 580
9044 595
9045 583
9046 594
9047 611
9048 609
9049 610
9050 580
9051 573
9052 598
9053 569
9054 587
9055 593
9056 599
9057 606
9058 626
9059 639
9060 626
9061 630
9062 650
9063 675
9064 633
9065 636
9066 641
9067 627
9068 635
9069 629
9070 673
9071 669
9072 681
9073 687
9074 714
9075 703
9076 686
9077 670
9078 662
9079 678
9080 658
9081 674
9082 670
9083 676
9084 679
9085 671
9086 701
9087 731
9088 674
9089 676
9090 714
9091 718
9092 738
9093 737
9094 761
9095 759
9096 758
9097 748
9098 737
9099 736
9100 723
9101 722
9102 738
9103 737
9104 737
9105 722
9106 713
9107 710
9108 707
9109 688
9110 682
9111 690
9112 702
9113 704
9114 684
9115 683
9116 688
9117 694
9118 680
9119 717
9120 716
9121 715
9122 699
9123 716
9124 746
9125 783
9126 756
9127 744
9128 738
9129 773
9130 764
9131 785
9132 798
9133 791
9134 826
9135 811
9136 804
9137 817
9138 840
9139 846
9140 843
9141 843
9142 842
9143 841
9144 823
9145 819
9146 831
9147 866
9148 857
9149 833
9150 859
9151 854
9152 860
9153 869
9154 868
9155 886
9156 880
9157 884
9158 883
9159 852
9160 849
9161 850
9162 833
9163 832
9164 820
9165 820
9166 841
9167 832
9168 824
9169 801
9170 812
9171 822
9172 800
9173 792
9174 797
9175 790
9176 775
9177 789
9178 791
9179 774
9180 783
9181 782
9182 774
9183 814
9184 802
9185 808
9186 795
9187 806
9188 789
9189 791
9190 817
9191 796
9192 803
9193 799
9194 787
9195 774
9196 755
9197 757
9198 770
9199 765
9200 789
9201 791
9202 809
9203 813
9204 830
9205 826
9206 820
9207 835
9208 854
9209 862
9210 856
9211 843
9212 851
9213 864
9214 870
9215 870
9216 881
9217 884
9218 892
9219 898
9220 906
9221 896
9222 896
9223 909
9224 917
9225 921
9226 919
9227 925
9228 917
9229 929
9230 934
9231 946
9232 953
9233 960
9234 965
9235 966
9236 973
9237 976
9238 988
9239 984
9240 982
9241 983
9242 991
9243 992
9244 992
9245 1
9246 2
9247 6
9248 12
9249 28
9250 25
9251 20
9252 15
9253 12
9254 13
9255 20
9256 18
9257 19
9258 15
9259 14
9260 17
9261 27
9262 19
9263 17
9264 23
9265 30
9266 34
9267 28
9268 27
9269 28
9270 35
9271 35
9272 36
9273 35
9274 37
9275 39
9276 39
9277 44
9278 41
9279 51
9280 62
9281 65
9282 57
9283 49
9284 43
9285 53
9286 54
9287 61
9288 64
9289 64
9290 62
9291 58
9292 59
9293 55
9294 62
9295 67
9296 76
9297 75
9298 59
9299 57
9300 63
9301 57
9302 66
9303 61
9304 68
9305 50
9306 54
9307 56
9308 52
9309 66
9310 68
9311 59
9312 55
9313 52
9314 51
9315 40
9316 36
9317 40
9318 51
9319 51
9320 55
9321 60
9322 58
9323 66
9324 55
9325 52
9326 53
9327 50
9328 51
9329 38
9330 32
9331 25
9332 21
9333 21
9334 26
9335 33
9336 27
9337 34
9338 37
9339 35
9340 36
9341 25
9342 19
9343 16
9344 20
9345 18
9346 19
9347 15
9348 23
9349 22
9350 30
9351 38
9352 38
9353 35
9354 27
9355 23
9356 16
9357 19
9358 14
9359 13
9360 12
9361 9
9362 11
9363 12
9364 11
9365 8
9366 7
9367 13
9368 13
9369 10
9370 9
9371 12
9372 11
9373 9
9374 13
9375 16
9376 14
9377 22
9378 29
9379 25
9380 27
9381 22
9382 23
9383 16
9384 20
9385 14
9386 20
9387 15
9388 17
9389 16
9390 16
9391 16
9392 20
9393 20
9394 27
9395 37
9396 30
9397 27
9398 33
9399 21
9400 28
9401 39
9402 35
9403 33
9404 34
9405 34
9406 32
9407 33
9408 23
9409 18
9410 14
9411 13
9412 11
9413 13
9414 22
9415 31
9416 31
9417 30
9418 29
9419 30
9420 33
9421 32
9422 40
9423 48
9424 59
9425 76
9426 56
9427 67
9428 59
9429 48
9430 43
9431 41
9432 49
9433 48
9434 41
9435 35
9436 34
9437 40
9438 40
9439 39
9440 36
9441 35
9442 34
9443 48
9444 59
9445 51
9446 42
9447 35
9448 30
9449 28
9450 35
9451 27
9452 27
9453 29
9454 28
9455 28
9456 30
9457 33
9458 39
9459 43
9460 42
9461 46
9462 41
9463 45
9464 40
9465 52
9466 60
9467 70
9468 77
9469 79
9470 75
9471 73
9472 92
9473 97
9474 91
9475 80
9476 63
9477 55
9478 50
9479 39
9480 22
9481 18
9482 21
9483 30
9484 26
9485 20
9486 18
9487 18
9488 23
9489 18
9490 20
9491 30
9492 37
9493 27
9494 28
9495 23
9496 30
9497 32
9498 39
9499 33
9500 32
9501 36
9502 42
9503 44
9504 42
9505 43
9506 42
9507 46
9508 55
9509 51
9510 54
9511 49
9512 50
9513 48
9514 45
9515 55
9516 61
9517 60
9518 66
9519 55
9520 65
9521 56
9522 45
9523 41
9524 53
9525 71
9526 77
9527 87
9528 100
9529 92
9530 92
9531 100
9532 84
9533 103
9534 100
9535 113
9536 113
9537 113
9538 105
9539 93
9540 97
9541 88
9542 85
9543 111
9544 117
9545 125
9546 107
9547 118
9548 156
9549 145
9550 135
9551 126
9552 127
9553 128
9554 115
9555 112
9556 114
9557 117
9558 111
9559 117
9560 120
9561 121
9562 117
9563 116
9564 126
9565 121
9566 120
9567 118
9568 122
9569 126
9570 124
9571 133
9572 135
9573 141
9574 144
9575 140
9576 145
9577 138
9578 143
9579 138
9580 140
9581 151
9582 148
9583 144
9584 116
9585 122
9586 132
9587 123
9588 149
9589 139
9590 132
9591 144
9592 139
9593 141
9594 149
9595 145
9596 151
9597 149
9598 167
9599 156
9600 165
9601 181
9602 173
9603 167
9604 181
9605 196
9606 179
9607 171
9608 157
9609 171
9610 166
9611 185
9612 187
9613 192
9614 211
9615 219
9616 238
9617 239
9618 224
9619 216
9620 223
9621 207
9622 197
9623 197
9624 209
9625 206
9626 205
9627 171
9628 167
9629 177
9630 165
9631 173
9632 177
9633 186
9634 194
9635 193
9636 192
9637 197
9638 215
9639 191
9640 183
9641 194
9642 188
9643 191
9644 163
9645 162
9646 162
9647 155
9648 159
9649 142
9650 146
9651 172
9652 173
9653 155
9654 155
9655 164
9656 150
9657 129
9658 122
9659 114
9660 112
9661 118
9662 102
9663 103
9664 92
9665 88
9666 110
9667 122
9668 111
9669 101
9670 116
9671 113
9672 124
9673 137
9674 138
9675 143
9676 146
9677 151
9678 164
9679 151
9680 190
9681 184
9682 181
9683 175
9684 168
9685 168
9686 161
9687 179
9688 180
9689 180
9690 187
9691 196
9692 195
9693 199
9694 200
9695 211
9696 222
9697 244
9698 262
9699 261
9700 255
9701 256
9702 261
9703 253
9704 282
9705 294
9706 304
9707 298
9708 280
9709 313
9710 291
9711 286
9712 285
9713 286
9714 280
9715 276
9716 259
9717 259
9718 254
9719 248
9720 240
9721 186
9722 170
9723 192
9724 189
9725 194
9726 201
9727 213
9728 225
9729 237
9730 237
9731 266
9732 278
9733 296
9734 302
9735 302
9736 333
9737 313
9738 301
9739 332
9740 352
9741 345
9742 378
9743 381
9744 381
9745 390
9746 392
9747 411
9748 420
9749 406
9750 412
9751 381
9752 366
9753 384
9754 372
9755 367
9756 338
9757 357
9758 337
9759 326
9760 325
9761 332
9762 338
9763 313
9764 320
9765 302
9766 281
9767 309
9768 292
9769 288
9770 269
9771 260
9772 259
9773 257
9774 247
9775 253
9776 264
9777 276
9778 280
9779 270
9780 266
9781 269
9782 261
9783 271
9784 279
9785 285
9786 278
9787 283
9788 279
9789 267
9790 252
9791 242
9792 208
9793 206
9794 191
9795 168
9796 155
9797 150
9798 163
9799 167
9800 163
9801 170
9802 149
9803 167
9804 161
9805 169
9806 159
9807 163
9808 173
9809 168
9810 166
9811 179
9812 186
9813 203
9814 218
9815 228
9816 221
9817 205
9818 201
9819 212
9820 185
9821 182
9822 168
9823 152
9824 143
9825 134
9826 121
9827 132
9828 128
9829 133
9830 132
9831 160
9832 141
9833 138
9834 145
9835 156
9836 140
9837 158
9838 176
9839 172
9840 154
9841 160
9842 160
9843 159
9844 173
9845 177
9846 190
9847 200
9848 223
9849 220
9850 234
9851 244
9852 242
9853 237
9854 238
9855 236
9856 262
9857 249
9858 252
9859 272
9860 268
9861 275
9862 272
9863 276
9864 277
9865 297
9866 310
9867 297
9868 318
9869 324
9870 331
9871 305
9872 324
9873 296
9874 332
9875 354
9876 365
9877 320
9878 331
9879 362
9880 348
9881 350
9882 380
9883 394
9884 403
9885 403
9886 392
9887 367
9888 364
9889 361
9890 352
9891 361
9892 327
9893 338
9894 379
9895 364
9896 320
9897 311
9898 309
9899 317
9900 302
9901 339
9902 332
9903 326
9904 305
9905 283
9906 273
9907 289
9908 259
9909 255
9910 257
9911 257
9912 255
9913 236
9914 244
9915 225
9916 223
9917 211
9918 218
9919 215
9920 208
9921 202
9922 188
9923 205
9924 202
9925 215
9926 217
9927 221
9928 227
9929 237
9930 215
9931 219
9932 209
9933 197
9934 207
9935 195
9936 195
9937 167
9938 144
9939 161
9940 161
9941 170
9942 165
9943 178
9944 194
9945 199
9946 204
9947 195
9948 211
9949 202
9950 198
9951 197
9952 197
9953 213
9954 201
9955 194
9956 182
9957 198
9958 215
9959 234
9960 228
9961 200
9962 169
9963 174
9964 155
9965 143
9966 145
9967 146
9968 149
9969 143
9970 117
9971 116
9972 114
9973 91
9974 97
9975 97
9976 93
9977 97
9978 102
9979 88
9980 87
9981 86
9982 85
9983 84
9984 76
9985 58
9986 57
9987 57
9988 59
9989 52
9990 63
9991 56
9992 63
9993 65
9994 56
9995 57
9996 46
9997 49
9998 57
9999 54
10000 54
