1 3
2 2
3 3
4 5
5 7
6 8
7 6
8 9
9 10
10 12
11 15
12 15
13 21
14 26
15 34
16 42
17 47
18 49
19 51
20 54
21 55
22 56
23 57
24 66
25 82
26 93
27 99
28 86
29 96
30 103
31 104
32 92
33 96
34 90
35 94
36 100
37 112
38 96
39 88
40 72
41 70
42 73
43 79
44 80
45 76
46 84
47 81
48 98
49 104
50 106
51 141
52 133
53 135
54 159
55 165
56 154
57 187
58 183
59 176
60 168
61 144
62 144
63 157
64 158
65 164
66 172
67 153
68 141
69 133
70 125
71 109
72 91
73 78
74 89
75 87
76 88
77 99
78 114
79 114
80 126
81 120
82 115
83 129
84 128
85 150
86 152
87 163
88 158
89 159
90 148
91 137
92 127
93 121
94 112
95 115
96 121
97 134
98 140
99 150
100 146
101 146
102 136
103 126
104 119
105 131
106 137
107 123
108 109
109 96
110 77
111 80
112 84
113 94
114 88
115 98
116 90
117 90
118 98
119 104
120 106
121 118
122 113
123 104
124 95
125 103
126 110
127 115
128 127
129 136
130 124
131 149
132 153
133 173
134 164
135 146
136 132
137 152
138 149
139 137
140 133
141 129
142 141
143 123
144 130
145 123
146 133
147 138
148 134
149 125
150 126
151 111
152 110
153 108
154 110
155 109
156 108
157 114
158 111
159 107
160 111
161 106
162 112
163 87
164 92
165 89
166 95
167 88
168 95
169 101
170 106
171 105
172 101
173 106
174 88
175 78
176 86
177 79
178 75
179 76
180 82
181 78
182 74
183 79
184 63
185 55
186 64
187 72
188 102
189 117
190 139
191 129
192 119
193 112
194 120
195 108
196 101
197 86
198 82
199 75
200 92
201 103
202 99
203 130
204 119
205 121
206 112
207 102
208 92
209 100
210 107
211 113
212 127
213 130
214 119
215 107
216 130
217 134
218 148
219 147
220 134
221 146
222 152
223 161
224 159
225 157
226 163
227 162
228 154
229 121
230 133
231 141
232 161
233 180
234 197
235 197
236 189
237 201
238 199
239 189
240 185
241 186
242 191
243 190
244 180
245 190
246 204
247 196
248 226
249 219
250 206
251 206
252 199
253 199
254 186
255 150
256 125
257 129
258 112
259 118
260 111
261 114
262 101
263 94
264 96
265 93
266 97
267 104
268 112
269 131
270 119
271 120
272 127
273 132
274 128
275 127
276 124
277 114
278 120
279 139
280 153
281 162
282 157
283 148
284 153
285 152
286 145
287 159
288 160
289 165
290 178
291 161
292 149
293 143
294 151
295 165
296 175
297 206
298 219
299 217
300 215
301 216
302 208
303 214
304 206
305 207
306 213
307 230
308 249
309 249
310 258
311 252
312 282
313 299
314 306
315 311
316 301
317 326
318 323
319 310
320 320
321 291
322 292
323 328
324 323
325 326
326 318
327 295
328 293
329 318
330 352
331 374
332 376
333 375
334 377
335 377
336 361
337 354
338 365
339 402
340 405
341 386
342 373
343 376
344 386
345 420
346 436
347 453
348 476
349 518
350 547
351 541
352 563
353 581
354 574
355 565
356 554
357 550
358 544
359 552
360 526
361 538
362 542
363 555
364 555
365 577
366 586
367 586
368 603
369 630
370 604
371 603
372 609
373 623
374 590
375 569
376 542
377 531
378 555
379 545
380 528
381 531
382 520
383 554
384 555
385 533
386 539
387 550
388 525
389 522
390 504
391 493
392 504
393 458
394 472
395 463
396 441
397 456
398 443
399 465
400 451
401 437
402 480
403 452
404 430
405 402
406 402
407 419
408 412
409 397
410 409
411 441
412 426
413 422
414 420
415 417
416 418
417 458
418 447
419 463
420 469
421 450
422 434
423 424
424 423
425 450
426 450
427 479
428 486
429 507
430 542
431 509
432 474
433 444
434 458
435 456
436 476
437 476
438 535
439 522
440 516
441 532
442 517
443 527
444 511
445 518
446 498
447 498
448 466
449 489
450 522
451 527
452 542
453 540
454 572
455 565
456 570
457 549
458 561
459 564
460 572
461 584
462 583
463 606
464 594
465 587
466 600
467 571
468 590
469 620
470 644
471 634
472 683
473 691
474 703
475 693
476 707
477 679
478 704
479 665
480 647
481 647
482 618
483 597
484 583
485 639
486 637
487 691
488 720
489 704
490 701
491 659
492 631
493 637
494 630
495 597
496 598
497 557
498 588
499 608
500 577
501 550
502 573
503 575
504 567
505 583
506 578
507 618
508 620
509 648
510 677
511 668
512 704
513 703
514 671
515 699
516 679
517 699
518 652
519 722
520 732
521 686
522 654
523 673
524 683
525 724
526 731
527 720
528 730
529 726
530 724
531 721
532 713
533 721
534 721
535 743
536 754
537 736
538 730
539 734
540 719
541 677
542 692
543 690
544 731
545 724
546 744
547 719
548 688
549 666
550 684
551 692
552 698
553 718
554 690
555 685
556 721
557 693
558 695
559 729
560 739
561 733
562 713
563 711
564 674
565 660
566 668
567 662
568 671
569 710
570 722
571 740
572 744
573 749
574 749
575 707
576 716
577 727
578 718
579 740
580 742
581 708
582 723
583 719
584 730
585 744
586 720
587 767
588 774
589 720
590 711
591 739
592 790
593 795
594 816
595 858
596 842
597 846
598 821
599 857
600 873
601 852
602 903
603 914
604 958
605 940
606 961
607 966
608 977
609 995
610 976
611 972
612 926
613 879
614 884
615 912
616 908
617 931
618 908
619 910
620 889
621 866
622 869
623 876
624 903
625 937
626 940
627 960
628 964
629 999
630 995
631 945
632 957
633 982
634 5
635 12
636 991
637 993
638 960
639 948
640 985
641 3
642 22
643 38
644 67
645 25
646 23
647 1
648 29
649 58
650 37
651 73
652 64
653 91
654 95
655 110
656 135
657 111
658 63
659 39
660 41
661 64
662 67
663 80
664 83
665 81
666 45
667 34
668 25
669 61
670 89
671 113
672 89
673 62
674 66
675 92
676 71
677 997
678 16
679 996
680 984
681 960
682 947
683 910
684 927
685 917
686 937
687 886
688 857
689 797
690 785
691 822
692 857
693 839
694 902
695 936
696 975
697 993
698 995
699 962
700 970
701 18
702 26
703 978
704 979
705 998
706 978
707 967
708 965
709 949
710 989
711 12
712 959
713 942
714 986
715 975
716 954
717 957
718 954
719 975
720 943
721 939
722 941
723 907
724 892
725 866
726 905
727 925
728 939
729 926
730 946
731 950
732 973
733 17
734 25
735 40
736 61
737 103
738 119
739 102
740 171
741 134
742 166
743 144
744 159
745 138
746 158
747 147
748 143
749 151
750 213
751 253
752 208
753 185
754 170
755 203
756 252
757 247
758 225
759 253
760 259
761 245
762 325
763 316
764 345
765 361
766 399
767 387
768 442
769 433
770 453
771 480
772 414
773 396
774 427
775 475
776 532
777 563
778 502
779 488
780 487
781 485
782 468
783 473
784 487
785 440
786 482
787 475
788 486
789 460
790 463
791 474
792 457
793 471
794 514
795 511
796 529
797 557
798 557
799 550
800 569
801 580
802 592
803 633
804 633
805 613
806 592
807 581
808 516
809 552
810 579
811 553
812 553
813 595
814 549
815 556
816 616
817 504
818 510
819 543
820 611
821 613
822 632
823 704
824 700
825 707
826 708
827 686
828 756
829 730
830 768
831 791
832 730
833 697
834 673
835 644
836 580
837 630
838 640
839 709
840 672
841 644
842 592
843 569
844 503
845 515
846 533
847 545
848 548
849 517
850 543
851 556
852 535
853 527
854 577
855 538
856 562
857 559
858 557
859 618
860 636
861 682
862 683
863 700
864 684
865 636
866 651
867 590
868 562
869 558
870 548
871 556
872 567
873 621
874 594
875 590
876 579
877 625
878 608
879 590
880 574
881 568
882 518
883 557
884 579
885 615
886 590
887 573
888 590
889 666
890 740
891 789
892 774
893 718
894 740
895 742
896 708
897 769
898 779
899 824
900 813
901 772
902 723
903 647
904 676
905 680
906 641
907 663
908 607
909 541
910 541
911 477
912 499
913 513
914 496
915 509
916 455
917 419
918 431
919 426
920 420
921 362
922 400
923 448
924 466
925 514
926 536
927 532
928 525
929 509
930 540
931 531
932 533
933 539
934 589
935 654
936 691
937 673
938 661
939 678
940 649
941 648
942 634
943 651
944 707
945 672
946 686
947 675
948 648
949 682
950 659
951 625
952 560
953 549
954 577
955 637
956 656
957 663
958 645
959 591
960 621
961 643
962 633
963 610
964 542
965 594
966 616
967 625
968 596
969 548
970 590
971 615
972 634
973 632
974 654
975 676
976 680
977 715
978 708
979 713
980 706
981 703
982 695
983 641
984 620
985 670
986 686
987 688
988 720
989 722
990 757
991 785
992 723
993 656
994 648
995 699
996 706
997 639
998 621
999 559
1000 589
1001 643
1002 642
1003 667
1004 651
1005 682
1006 674
1007 716
1008 757
1009 764
1010 770
1011 788
1012 748
1013 743
1014 777
1015 818
1016 803
1017 832
1018 858
1019 899
1020 872
1021 879
1022 926
1023 855
1024 879
1025 830
1026 888
1027 870
1028 828
1029 884
1030 892
1031 910
1032 866
1033 881
1034 980
1035 77
1036 123
1037 99
1038 133
1039 150
1040 149
1041 204
1042 229
1043 221
1044 232
1045 237
1046 197
1047 198
1048 209
1049 222
1050 279
1051 262
1052 264
1053 288
1054 274
1055 317
1056 325
1057 361
1058 409
1059 330
1060 315
1061 274
1062 326
1063 301
1064 319
1065 295
1066 296
1067 303
1068 324
1069 331
1070 383
1071 385
1072 401
1073 403
1074 512
1075 507
1076 487
1077 471
1078 457
1079 420
1080 454
1081 478
1082 468
1083 441
1084 403
1085 501
1086 494
1087 514
1088 533
1089 529
1090 481
1091 447
1092 449
1093 482
1094 496
1095 493
1096 544
1097 538
1098 517
1099 494
1100 586
1101 554
1102 550
1103 551
1104 500
1105 572
1106 570
1107 642
1108 597
1109 649
1110 687
1111 603
1112 620
1113 614
1114 639
1115 580
1116 615
1117 557
1118 547
1119 556
1120 527
1121 552
1122 582
1123 578
1124 622
1125 591
1126 582
1127 519
1128 528
1129 599
1130 642
1131 645
1132 669
1133 712
1134 745
1135 716
1136 689
1137 755
1138 763
1139 780
1140 783
1141 717
1142 722
1143 751
1144 709
1145 811
1146 745
1147 732
1148 736
1149 700
1150 670
1151 586
1152 600
1153 658
1154 660
1155 646
1156 664
1157 708
1158 746
1159 799
1160 776
1161 688
1162 627
1163 581
1164 559
1165 564
1166 543
1167 580
1168 639
1169 610
1170 623
1171 660
1172 664
1173 614
1174 657
1175 654
1176 623
1177 573
1178 588
1179 563
1180 639
1181 602
1182 609
1183 586
1184 599
1185 637
1186 684
1187 679
1188 670
1189 635
1190 654
1191 633
1192 637
1193 649
1194 651
1195 710
1196 718
1197 774
1198 764
1199 802
1200 898
1201 860
1202 836
1203 867
1204 893
1205 924
1206 836
1207 902
1208 924
1209 976
1210 64
1211 96
1212 133
1213 149
1214 138
1215 134
1216 164
1217 131
1218 115
1219 39
1220 12
1221 3
1222 962
1223 977
1224 985
1225 979
1226 964
1227 11
1228 908
1229 940
1230 976
1231 975
1232 940
1233 946
1234 949
1235 14
1236 14
1237 954
1238 985
1239 966
1240 952
1241 37
1242 91
1243 98
1244 111
1245 71
1246 38
1247 68
1248 39
1249 75
1250 30
1251 60
1252 57
1253 52
1254 66
1255 83
1256 66
1257 80
1258 71
1259 47
1260 93
1261 166
1262 187
1263 229
1264 230
1265 275
1266 322
1267 354
1268 304
1269 371
1270 342
1271 354
1272 429
1273 453
1274 460
1275 427
1276 349
1277 342
1278 412
1279 424
1280 473
1281 449
1282 445
1283 408
1284 385
1285 382
1286 409
1287 376
1288 379
1289 469
1290 434
1291 396
1292 441
1293 468
1294 410
1295 410
1296 415
1297 414
1298 468
1299 374
1300 435
1301 399
1302 434
1303 484
1304 536
1305 558
1306 616
1307 614
1308 730
1309 797
1310 850
1311 813
1312 766
1313 789
1314 836
1315 879
1316 935
1317 902
1318 905
1319 900
1320 922
1321 866
1322 817
1323 829
1324 896
1325 842
1326 791
1327 782
1328 893
1329 857
1330 821
1331 751
1332 740
1333 667
1334 635
1335 712
1336 736
1337 733
1338 701
1339 596
1340 545
1341 593
1342 539
1343 604
1344 601
1345 565
1346 561
1347 599
1348 572
1349 605
1350 622
1351 687
1352 648
1353 603
1354 679
1355 718
1356 702
1357 672
1358 573
1359 613
1360 649
1361 672
1362 795
1363 829
1364 822
1365 833
1366 797
1367 793
1368 738
1369 752
1370 805
1371 788
1372 775
1373 817
1374 793
1375 826
1376 866
1377 849
1378 882
1379 886
1380 928
1381 874
1382 916
1383 914
1384 845
1385 895
1386 878
1387 867
1388 876
1389 894
1390 866
1391 816
1392 830
1393 847
1394 866
1395 889
1396 870
1397 935
1398 934
1399 986
1400 961
1401 954
1402 966
1403 4
1404 987
1405 957
1406 923
1407 898
1408 879
1409 913
1410 965
1411 963
1412 988
1413 992
1414 970
1415 945
1416 965
1417 30
1418 24
1419 26
1420 24
1421 995
1422 72
1423 47
1424 13
1425 47
1426 7
1427 934
1428 946
1429 888
1430 915
1431 996
1432 33
1433 66
1434 84
1435 66
1436 69
1437 74
1438 76
1439 46
1440 110
1441 81
1442 65
1443 47
1444 10
1445 39
1446 48
1447 38
1448 97
1449 114
1450 102
1451 129
1452 47
1453 20
1454 34
1455 31
1456 26
1457 38
1458 997
1459 982
1460 943
1461 21
1462 1
1463 900
1464 10
1465 70
1466 76
1467 47
1468 12
1469 993
1470 87
1471 123
1472 104
1473 127
1474 190
1475 82
1476 3
1477 950
1478 836
1479 874
1480 957
1481 932
1482 991
1483 11
1484 12
1485 986
1486 21
1487 13
1488 34
1489 91
1490 60
1491 63
1492 57
1493 72
1494 17
1495 953
1496 933
1497 871
1498 848
1499 811
1500 844
1501 874
1502 819
1503 862
1504 880
1505 862
1506 874
1507 867
1508 909
1509 0
1510 33
1511 976
1512 853
1513 805
1514 840
1515 766
1516 759
1517 718
1518 746
1519 720
1520 811
1521 819
1522 876
1523 863
1524 876
1525 963
1526 26
1527 968
1528 997
1529 3
1530 34
1531 49
1532 32
1533 958
1534 19
1535 961
1536 937
1537 936
1538 899
1539 897
1540 834
1541 810
1542 814
1543 748
1544 722
1545 741
1546 680
1547 726
1548 789
1549 778
1550 626
1551 548
1552 545
1553 551
1554 533
1555 493
1556 396
1557 328
1558 432
1559 437
1560 498
1561 536
1562 532
1563 418
1564 403
1565 399
1566 471
1567 564
1568 614
1569 623
1570 670
1571 717
1572 658
1573 604
1574 639
1575 688
1576 696
1577 634
1578 545
1579 520
1580 544
1581 575
1582 524
1583 598
1584 622
1585 649
1586 603
1587 607
1588 644
1589 646
1590 694
1591 754
1592 791
1593 868
1594 900
1595 957
1596 890
1597 865
1598 761
1599 743
1600 689
1601 687
1602 763
1603 803
1604 799
1605 836
1606 873
1607 922
1608 955
1609 983
1610 34
1611 46
1612 74
1613 62
1614 75
1615 74
1616 88
1617 20
1618 974
1619 943
1620 868
1621 904
1622 905
1623 910
1624 908
1625 960
1626 5
1627 10
1628 994
1629 54
1630 86
1631 107
1632 73
1633 83
1634 166
1635 111
1636 127
1637 69
1638 82
1639 89
1640 108
1641 97
1642 119
1643 94
1644 139
1645 182
1646 183
1647 216
1648 141
1649 168
1650 63
1651 61
1652 50
1653 114
1654 92
1655 74
1656 20
1657 955
1658 980
1659 996
1660 985
1661 3
1662 11
1663 961
1664 894
1665 963
1666 941
1667 973
1668 899
1669 913
1670 913
1671 953
1672 944
1673 967
1674 961
1675 970
1676 948
1677 948
1678 996
1679 29
1680 90
1681 17
1682 988
1683 914
1684 905
1685 947
1686 9
1687 986
1688 956
1689 978
1690 965
1691 952
1692 882
1693 858
1694 822
1695 810
1696 827
1697 776
1698 798
1699 812
1700 855
1701 768
1702 716
1703 653
1704 687
1705 668
1706 653
1707 675
1708 658
1709 643
1710 581
1711 622
1712 545
1713 588
1714 630
1715 600
1716 609
1717 656
1718 633
1719 668
1720 663
1721 681
1722 681
1723 656
1724 579
1725 621
1726 650
1727 627
1728 718
1729 697
1730 665
1731 617
1732 623
1733 606
1734 640
1735 585
1736 611
1737 617
1738 614
1739 634
1740 656
1741 666
1742 635
1743 576
1744 639
1745 639
1746 660
1747 629
1748 751
1749 801
1750 829
1751 893
1752 892
1753 742
1754 824
1755 849
1756 908
1757 858
1758 867
1759 796
1760 822
1761 863
1762 919
1763 898
1764 865
1765 963
1766 950
1767 997
1768 18
1769 51
1770 70
1771 126
1772 111
1773 95
1774 72
1775 88
1776 87
1777 187
1778 182
1779 213
1780 185
1781 284
1782 225
1783 195
1784 111
1785 71
1786 51
1787 88
1788 108
1789 108
1790 120
1791 101
1792 182
1793 205
1794 182
1795 187
1796 215
1797 265
1798 307
1799 240
1800 221
1801 256
1802 307
1803 206
1804 263
1805 231
1806 170
1807 208
1808 236
1809 257
1810 273
1811 290
1812 295
1813 322
1814 393
1815 470
1816 436
1817 520
1818 612
1819 532
1820 585
1821 594
1822 616
1823 675
1824 725
1825 753
1826 703
1827 677
1828 678
1829 628
1830 572
1831 599
1832 583
1833 526
1834 569
1835 650
1836 610
1837 663
1838 619
1839 661
1840 677
1841 610
1842 648
1843 674
1844 672
1845 714
1846 745
1847 754
1848 830
1849 952
1850 2
1851 972
1852 993
1853 952
1854 904
1855 916
1856 937
1857 898
1858 857
1859 902
1860 871
1861 835
1862 819
1863 815
1864 827
1865 801
1866 876
1867 820
1868 885
1869 833
1870 831
1871 813
1872 764
1873 813
1874 875
1875 987
1876 984
1877 973
1878 981
1879 903
1880 839
1881 829
1882 774
1883 772
1884 774
1885 775
1886 851
1887 857
1888 828
1889 865
1890 858
1891 792
1892 744
1893 684
1894 661
1895 685
1896 689
1897 677
1898 728
1899 717
1900 770
1901 794
1902 768
1903 830
1904 857
1905 873
1906 864
1907 950
1908 974
1909 998
1910 942
1911 920
1912 937
1913 12
1914 31
1915 973
1916 5
1917 73
1918 89
1919 107
1920 121
1921 168
1922 205
1923 257
1924 302
1925 303
1926 334
1927 328
1928 304
1929 391
1930 444
1931 407
1932 413
1933 391
1934 400
1935 360
1936 290
1937 243
1938 299
1939 315
1940 357
1941 341
1942 322
1943 315
1944 260
1945 257
1946 331
1947 346
1948 313
1949 344
1950 302
1951 343
1952 427
1953 472
1954 440
1955 425
1956 412
1957 410
1958 447
1959 419
1960 423
1961 358
1962 368
1963 362
1964 293
1965 231
1966 249
1967 293
1968 209
1969 197
1970 213
1971 235
1972 282
1973 303
1974 312
1975 262
1976 245
1977 168
1978 192
1979 156
1980 106
1981 118
1982 128
1983 204
1984 186
1985 182
1986 219
1987 209
1988 278
1989 370
1990 426
1991 464
1992 440
1993 352
1994 342
1995 355
1996 454
1997 370
1998 401
1999 375
2000 351
2001 306
2002 283
2003 243
2004 200
2005 230
2006 220
2007 204
2008 274
2009 275
2010 293
2011 338
2012 427
2013 401
2014 342
2015 338
2016 387
2017 372
2018 397
2019 362
2020 395
2021 361
2022 355
2023 294
2024 311
2025 313
2026 303
2027 312
2028 311
2029 310
2030 315
2031 325
2032 320
2033 283
2034 260
2035 148
2036 128
2037 117
2038 103
2039 115
2040 121
2041 94
2042 83
2043 72
2044 53
2045 39
2046 101
2047 32
2048 73
2049 132
2050 99
2051 134
2052 66
2053 162
2054 178
2055 192
2056 179
2057 123
2058 119
2059 199
2060 204
2061 248
2062 214
2063 155
2064 106
2065 39
2066 980
2067 997
2068 28
2069 56
2070 81
2071 158
2072 171
2073 279
2074 288
2075 351
2076 324
2077 385
2078 433
2079 376
2080 373
2081 408
2082 430
2083 404
2084 342
2085 378
2086 351
2087 335
2088 330
2089 295
2090 317
2091 314
2092 374
2093 336
2094 357
2095 364
2096 344
2097 400
2098 369
2099 383
2100 426
2101 404
2102 450
2103 372
2104 366
2105 376
2106 365
2107 383
2108 400
2109 413
2110 443
2111 471
2112 446
2113 499
2114 517
2115 519
2116 508
2117 476
2118 519
2119 527
2120 537
2121 542
2122 553
2123 627
2124 608
2125 596
2126 566
2127 570
2128 540
2129 528
2130 551
2131 532
2132 525
2133 561
2134 520
2135 535
2136 573
2137 530
2138 535
2139 616
2140 684
2141 722
2142 720
2143 731
2144 709
2145 793
2146 799
2147 778
2148 735
2149 770
2150 799
2151 831
2152 814
2153 811
2154 825
2155 821
2156 851
2157 892
2158 903
2159 825
2160 793
2161 791
2162 808
2163 799
2164 789
2165 792
2166 759
2167 736
2168 767
2169 782
2170 769
2171 738
2172 743
2173 723
2174 771
2175 810
2176 822
2177 747
2178 747
2179 710
2180 764
2181 727
2182 749
2183 729
2184 760
2185 743
2186 733
2187 746
2188 775
2189 736
2190 724
2191 686
2192 690
2193 587
2194 723
2195 770
2196 785
2197 840
2198 805
2199 807
2200 799
2201 857
2202 853
2203 886
2204 793
2205 938
2206 988
2207 0
2208 25
2209 943
2210 21
2211 991
2212 90
2213 37
2214 66
2215 97
2216 137
2217 196
2218 177
2219 145
2220 92
2221 84
2222 60
2223 58
2224 106
2225 86
2226 70
2227 156
2228 100
2229 66
2230 67
2231 61
2232 57
2233 15
2234 998
2235 18
2236 63
2237 65
2238 109
2239 88
2240 20
2241 36
2242 84
2243 144
2244 191
2245 230
2246 233
2247 197
2248 162
2249 105
2250 102
2251 144
2252 144
2253 196
2254 154
2255 189
2256 223
2257 228
2258 286
2259 317
2260 370
2261 398
2262 440
2263 456
2264 440
2265 404
2266 437
2267 370
2268 385
2269 403
2270 441
2271 489
2272 413
2273 417
2274 447
2275 420
2276 411
2277 425
2278 423
2279 396
2280 408
2281 402
2282 413
2283 367
2284 404
2285 323
2286 257
2287 312
2288 360
2289 389
2290 393
2291 361
2292 410
2293 366
2294 359
2295 284
2296 248
2297 161
2298 164
2299 236
2300 230
2301 217
2302 199
2303 240
2304 308
2305 264
2306 315
2307 305
2308 352
2309 315
2310 360
2311 423
2312 467
2313 443
2314 349
2315 327
2316 419
2317 446
2318 502
2319 528
2320 529
2321 493
2322 568
2323 534
2324 475
2325 504
2326 482
2327 576
2328 524
2329 463
2330 458
2331 492
2332 531
2333 539
2334 566
2335 527
2336 503
2337 592
2338 536
2339 524
2340 487
2341 408
2342 412
2343 436
2344 433
2345 467
2346 427
2347 377
2348 373
2349 388
2350 293
2351 244
2352 226
2353 276
2354 295
2355 323
2356 380
2357 443
2358 506
2359 529
2360 605
2361 533
2362 490
2363 471
2364 516
2365 458
2366 523
2367 476
2368 497
2369 528
2370 549
2371 514
2372 444
2373 424
2374 411
2375 378
2376 323
2377 397
2378 376
2379 345
2380 348
2381 402
2382 511
2383 511
2384 655
2385 587
2386 631
2387 582
2388 521
2389 655
2390 605
2391 605
2392 693
2393 624
2394 612
2395 731
2396 735
2397 772
2398 777
2399 827
2400 911
2401 849
2402 798
2403 752
2404 799
2405 782
2406 811
2407 834
2408 783
2409 864
2410 859
2411 819
2412 774
2413 770
2414 902
2415 884
2416 957
2417 872
2418 846
2419 961
2420 12
2421 59
2422 6
2423 21
2424 914
2425 982
2426 864
2427 871
2428 946
2429 947
2430 917
2431 994
2432 943
2433 890
2434 913
2435 988
2436 999
2437 973
2438 946
2439 981
2440 983
2441 65
2442 81
2443 67
2444 57
2445 886
2446 853
2447 745
2448 728
2449 729
2450 738
2451 733
2452 843
2453 772
2454 761
2455 775
2456 783
2457 818
2458 824
2459 823
2460 854
2461 831
2462 827
2463 817
2464 876
2465 979
2466 40
2467 39
2468 53
2469 995
2470 138
2471 179
2472 73
2473 75
2474 95
2475 143
2476 152
2477 98
2478 29
2479 109
2480 167
2481 35
2482 59
2483 20
2484 974
2485 992
2486 917
2487 910
2488 946
2489 921
2490 908
2491 899
2492 889
2493 960
2494 5
2495 32
2496 38
2497 992
2498 31
2499 111
2500 57
2501 107
2502 132
2503 114
2504 113
2505 111
2506 156
2507 188
2508 168
2509 216
2510 146
2511 202
2512 207
2513 237
2514 250
2515 216
2516 231
2517 364
2518 335
2519 310
2520 305
2521 414
2522 420
2523 380
2524 412
2525 422
2526 480
2527 493
2528 489
2529 506
2530 644
2531 633
2532 636
2533 605
2534 634
2535 669
2536 692
2537 687
2538 764
2539 760
2540 665
2541 603
2542 636
2543 653
2544 698
2545 787
2546 854
2547 858
2548 914
2549 913
2550 902
2551 907
2552 956
2553 970
2554 4
2555 960
2556 938
2557 840
2558 802
2559 793
2560 821
2561 872
2562 742
2563 825
2564 943
2565 955
2566 44
2567 41
2568 69
2569 77
2570 90
2571 100
2572 100
2573 84
2574 119
2575 148
2576 158
2577 234
2578 133
2579 156
2580 190
2581 248
2582 204
2583 279
2584 287
2585 306
2586 283
2587 269
2588 230
2589 140
2590 163
2591 211
2592 239
2593 206
2594 220
2595 213
2596 218
2597 121
2598 86
2599 82
2600 73
2601 82
2602 970
2603 954
2604 975
2605 930
2606 945
2607 823
2608 844
2609 824
2610 792
2611 817
2612 754
2613 725
2614 700
2615 698
2616 663
2617 657
2618 587
2619 603
2620 668
2621 636
2622 674
2623 648
2624 592
2625 666
2626 620
2627 658
2628 682
2629 657
2630 708
2631 696
2632 773
2633 772
2634 725
2635 769
2636 781
2637 766
2638 736
2639 757
2640 817
2641 821
2642 846
2643 916
2644 820
2645 868
2646 900
2647 848
2648 799
2649 858
2650 933
2651 905
2652 921
2653 866
2654 868
2655 837
2656 795
2657 778
2658 838
2659 850
2660 848
2661 809
2662 833
2663 806
2664 832
2665 809
2666 816
2667 868
2668 798
2669 768
2670 798
2671 702
2672 707
2673 693
2674 680
2675 604
2676 619
2677 514
2678 475
2679 499
2680 507
2681 515
2682 516
2683 517
2684 484
2685 448
2686 457
2687 466
2688 404
2689 411
2690 438
2691 539
2692 617
2693 617
2694 684
2695 668
2696 624
2697 675
2698 702
2699 657
2700 699
2701 635
2702 626
2703 673
2704 641
2705 609
2706 609
2707 650
2708 659
2709 637
2710 650
2711 667
2712 660
2713 702
2714 642
2715 676
2716 708
2717 690
2718 641
2719 697
2720 660
2721 713
2722 695
2723 689
2724 657
2725 593
2726 626
2727 509
2728 455
2729 477
2730 590
2731 663
2732 718
2733 689
2734 737
2735 760
2736 731
2737 713
2738 708
2739 637
2740 675
2741 589
2742 635
2743 586
2744 512
2745 512
2746 464
2747 555
2748 621
2749 632
2750 667
2751 650
2752 603
2753 586
2754 623
2755 534
2756 479
2757 498
2758 450
2759 455
2760 531
2761 532
2762 565
2763 599
2764 622
2765 600
2766 660
2767 620
2768 656
2769 574
2770 609
2771 587
2772 659
2773 744
2774 757
2775 804
2776 850
2777 806
2778 799
2779 840
2780 919
2781 888
2782 908
2783 933
2784 884
2785 892
2786 915
2787 956
2788 854
2789 868
2790 908
2791 843
2792 832
2793 847
2794 890
2795 13
2796 931
2797 929
2798 820
2799 863
2800 818
2801 858
2802 909
2803 970
2804 39
2805 113
2806 71
2807 12
2808 48
2809 54
2810 147
2811 88
2812 106
2813 102
2814 110
2815 173
2816 192
2817 239
2818 159
2819 175
2820 147
2821 67
2822 40
2823 953
2824 962
2825 995
2826 981
2827 26
2828 950
2829 967
2830 996
2831 965
2832 27
2833 912
2834 930
2835 924
2836 985
2837 11
2838 7
2839 991
2840 960
2841 943
2842 926
2843 896
2844 799
2845 860
2846 904
2847 866
2848 821
2849 784
2850 909
2851 912
2852 856
2853 772
2854 863
2855 850
2856 841
2857 822
2858 863
2859 877
2860 856
2861 796
2862 836
2863 873
2864 922
2865 914
2866 858
2867 819
2868 853
2869 807
2870 778
2871 742
2872 812
2873 859
2874 881
2875 840
2876 819
2877 757
2878 747
2879 786
2880 791
2881 786
2882 835
2883 823
2884 793
2885 803
2886 789
2887 813
2888 823
2889 839
2890 790
2891 849
2892 879
2893 857
2894 776
2895 773
2896 749
2897 709
2898 707
2899 673
2900 694
2901 580
2902 592
2903 558
2904 510
2905 499
2906 518
2907 499
2908 520
2909 554
2910 566
2911 551
2912 589
2913 599
2914 649
2915 598
2916 635
2917 663
2918 745
2919 793
2920 847
2921 836
2922 769
2923 732
2924 660
2925 670
2926 630
2927 634
2928 682
2929 688
2930 716
2931 647
2932 652
2933 730
2934 715
2935 822
2936 782
2937 838
2938 837
2939 856
2940 898
2941 995
2942 924
2943 910
2944 927
2945 983
2946 951
2947 948
2948 945
2949 997
2950 991
2951 79
2952 11
2953 29
2954 17
2955 30
2956 89
2957 135
2958 68
2959 169
2960 124
2961 102
2962 133
2963 98
2964 61
2965 64
2966 92
2967 198
2968 214
2969 231
2970 289
2971 199
2972 142
2973 157
2974 201
2975 195
2976 220
2977 220
2978 292
2979 343
2980 373
2981 344
2982 348
2983 430
2984 376
2985 375
2986 372
2987 392
2988 327
2989 418
2990 436
2991 392
2992 458
2993 468
2994 441
2995 397
2996 389
2997 402
2998 388
2999 365
3000 337
3001 361
3002 361
3003 318
3004 253
3005 167
3006 211
3007 184
3008 254
3009 235
3010 206
3011 174
3012 176
3013 157
3014 102
3015 55
3016 39
3017 62
3018 32
3019 56
3020 996
3021 928
3022 937
3023 916
3024 895
3025 918
3026 931
3027 970
3028 948
3029 962
3030 939
3031 938
3032 882
3033 883
3034 884
3035 932
3036 918
3037 906
3038 888
3039 925
3040 944
3041 923
3042 903
3043 948
3044 924
3045 898
3046 912
3047 853
3048 916
3049 931
3050 928
3051 862
3052 851
3053 889
3054 940
3055 930
3056 911
3057 911
3058 920
3059 896
3060 961
3061 945
3062 962
3063 921
3064 962
3065 962
3066 979
3067 991
3068 969
3069 953
3070 999
3071 39
3072 90
3073 100
3074 155
3075 150
3076 135
3077 145
3078 158
3079 125
3080 145
3081 201
3082 186
3083 176
3084 173
3085 206
3086 236
3087 185
3088 179
3089 149
3090 109
3091 137
3092 243
3093 187
3094 64
3095 80
3096 141
3097 117
3098 986
3099 976
3100 941
3101 924
3102 956
3103 24
3104 16
3105 28
3106 122
3107 90
3108 122
3109 113
3110 167
3111 109
3112 97
3113 33
3114 95
3115 102
3116 86
3117 50
3118 66
3119 82
3120 153
3121 111
3122 132
3123 87
3124 113
3125 94
3126 110
3127 136
3128 166
3129 71
3130 27
3131 76
3132 10
3133 91
3134 63
3135 56
3136 44
3137 46
3138 989
3139 96
3140 121
3141 115
3142 92
3143 100
3144 120
3145 189
3146 192
3147 166
3148 235
3149 212
3150 270
3151 214
3152 246
3153 300
3154 249
3155 258
3156 262
3157 232
3158 194
3159 214
3160 207
3161 132
3162 104
3163 120
3164 79
3165 111
3166 84
3167 80
3168 115
3169 51
3170 11
3171 989
3172 69
3173 26
3174 68
3175 74
3176 79
3177 74
3178 94
3179 34
3180 2
3181 976
3182 39
3183 0
3184 991
3185 9
3186 984
3187 996
3188 43
3189 63
3190 174
3191 196
3192 207
3193 230
3194 250
3195 238
3196 222
3197 192
3198 145
3199 150
3200 146
3201 165
3202 149
3203 73
3204 111
3205 103
3206 108
3207 142
3208 193
3209 223
3210 204
3211 245
3212 268
3213 282
3214 235
3215 299
3216 353
3217 313
3218 355
3219 383
3220 298
3221 325
3222 387
3223 370
3224 370
3225 356
3226 372
3227 391
3228 428
3229 456
3230 485
3231 583
3232 670
3233 679
3234 671
3235 584
3236 545
3237 586
3238 619
3239 692
3240 720
3241 752
3242 679
3243 651
3244 588
3245 606
3246 518
3247 535
3248 512
3249 488
3250 502
3251 517
3252 580
3253 618
3254 611
3255 593
3256 645
3257 668
3258 687
3259 747
3260 791
3261 768
3262 844
3263 843
3264 954
3265 937
3266 935
3267 944
3268 970
3269 881
3270 939
3271 924
3272 928
3273 871
3274 859
3275 857
3276 895
3277 802
3278 755
3279 740
3280 726
3281 802
3282 681
3283 703
3284 623
3285 557
3286 542
3287 502
3288 472
3289 559
3290 567
3291 654
3292 629
3293 608
3294 615
3295 658
3296 715
3297 676
3298 607
3299 604
3300 644
3301 643
3302 639
3303 708
3304 761
3305 762
3306 745
3307 728
3308 652
3309 698
3310 694
3311 581
3312 593
3313 635
3314 676
3315 641
3316 619
3317 580
3318 542
3319 502
3320 549
3321 570
3322 604
3323 587
3324 620
3325 562
3326 576
3327 594
3328 590
3329 668
3330 691
3331 607
3332 595
3333 521
3334 543
3335 550
3336 514
3337 466
3338 428
3339 475
3340 387
3341 375
3342 300
3343 333
3344 325
3345 345
3346 274
3347 249
3348 227
3349 223
3350 257
3351 172
3352 219
3353 289
3354 306
3355 328
3356 377
3357 392
3358 416
3359 330
3360 307
3361 288
3362 218
3363 238
3364 217
3365 298
3366 212
3367 197
3368 173
3369 206
3370 291
3371 238
3372 262
3373 259
3374 327
3375 299
3376 203
3377 181
3378 152
3379 213
3380 195
3381 224
3382 270
3383 394
3384 396
3385 417
3386 458
3387 485
3388 441
3389 388
3390 300
3391 332
3392 296
3393 277
3394 284
3395 345
3396 356
3397 367
3398 370
3399 465
3400 412
3401 370
3402 442
3403 459
3404 439
3405 435
3406 388
3407 418
3408 499
3409 477
3410 438
3411 428
3412 438
3413 511
3414 425
3415 500
3416 533
3417 543
3418 531
3419 470
3420 455
3421 500
3422 555
3423 641
3424 663
3425 690
3426 647
3427 769
3428 716
3429 669
3430 744
3431 796
3432 801
3433 839
3434 808
3435 783
3436 692
3437 629
3438 637
3439 746
3440 798
3441 851
3442 789
3443 748
3444 653
3445 559
3446 517
3447 510
3448 477
3449 521
3450 449
3451 486
3452 517
3453 474
3454 530
3455 465
3456 478
3457 517
3458 499
3459 473
3460 530
3461 533
3462 407
3463 298
3464 339
3465 409
3466 360
3467 370
3468 354
3469 350
3470 243
3471 137
3472 162
3473 160
3474 234
3475 224
3476 287
3477 204
3478 96
3479 46
3480 29
3481 39
3482 67
3483 52
3484 988
3485 978
3486 42
3487 38
3488 65
3489 60
3490 57
3491 34
3492 965
3493 134
3494 170
3495 128
3496 207
3497 198
3498 138
3499 177
3500 103
3501 153
3502 167
3503 183
3504 129
3505 137
3506 226
3507 231
3508 273
3509 290
3510 271
3511 393
3512 380
3513 304
3514 371
3515 391
3516 387
3517 362
3518 415
3519 371
3520 407
3521 342
3522 331
3523 331
3524 343
3525 376
3526 328
3527 391
3528 411
3529 481
3530 557
3531 641
3532 604
3533 619
3534 643
3535 626
3536 621
3537 649
3538 752
3539 839
3540 837
3541 776
3542 809
3543 875
3544 868
3545 878
3546 937
3547 939
3548 985
3549 927
3550 871
3551 852
3552 880
3553 777
3554 881
3555 867
3556 868
3557 868
3558 826
3559 835
3560 829
3561 891
3562 846
3563 942
3564 983
3565 965
3566 894
3567 890
3568 891
3569 936
3570 916
3571 900
3572 871
3573 836
3574 833
3575 842
3576 779
3577 839
3578 883
3579 961
3580 943
3581 972
3582 9
3583 990
3584 13
3585 20
3586 3
3587 129
3588 136
3589 138
3590 103
3591 120
3592 137
3593 113
3594 112
3595 126
3596 137
3597 91
3598 101
3599 19
3600 13
3601 985
3602 59
3603 79
3604 101
3605 133
3606 191
3607 207
3608 223
3609 229
3610 242
3611 188
3612 185
3613 112
3614 116
3615 167
3616 157
3617 210
3618 266
3619 294
3620 325
3621 296
3622 181
3623 266
3624 244
3625 302
3626 303
3627 389
3628 356
3629 316
3630 240
3631 187
3632 208
3633 250
3634 286
3635 277
3636 307
3637 375
3638 355
3639 415
3640 442
3641 388
3642 397
3643 288
3644 295
3645 202
3646 208
3647 205
3648 188
3649 195
3650 165
3651 206
3652 184
3653 176
3654 192
3655 182
3656 89
3657 117
3658 193
3659 197
3660 239
3661 305
3662 221
3663 205
3664 174
3665 117
3666 93
3667 157
3668 200
3669 178
3670 218
3671 144
3672 114
3673 86
3674 54
3675 956
3676 901
3677 935
3678 960
3679 938
3680 926
3681 938
3682 963
3683 935
3684 965
3685 946
3686 8
3687 17
3688 932
3689 956
3690 941
3691 968
3692 935
3693 33
3694 4
3695 22
3696 22
3697 88
3698 30
3699 61
3700 97
3701 135
3702 146
3703 196
3704 140
3705 171
3706 137
3707 115
3708 167
3709 188
3710 153
3711 169
3712 199
3713 180
3714 122
3715 170
3716 226
3717 307
3718 290
3719 255
3720 337
3721 372
3722 375
3723 317
3724 273
3725 291
3726 293
3727 285
3728 247
3729 297
3730 314
3731 274
3732 291
3733 354
3734 423
3735 398
3736 369
3737 337
3738 362
3739 291
3740 217
3741 312
3742 297
3743 318
3744 299
3745 310
3746 349
3747 315
3748 227
3749 214
3750 230
3751 228
3752 233
3753 198
3754 224
3755 242
3756 160
3757 113
3758 124
3759 174
3760 173
3761 213
3762 247
3763 221
3764 248
3765 213
3766 270
3767 268
3768 295
3769 295
3770 265
3771 288
3772 319
3773 356
3774 305
3775 257
3776 229
3777 261
3778 215
3779 170
3780 168
3781 160
3782 187
3783 197
3784 184
3785 252
3786 251
3787 262
3788 246
3789 260
3790 265
3791 250
3792 231
3793 285
3794 310
3795 330
3796 293
3797 296
3798 301
3799 298
3800 281
3801 276
3802 304
3803 280
3804 298
3805 312
3806 314
3807 246
3808 271
3809 294
3810 276
3811 308
3812 303
3813 329
3814 296
3815 293
3816 300
3817 293
3818 330
3819 343
3820 364
3821 407
3822 345
3823 316
3824 317
3825 383
3826 421
3827 431
3828 453
3829 457
3830 467
3831 437
3832 453
3833 432
3834 429
3835 439
3836 369
3837 388
3838 391
3839 410
3840 428
3841 404
3842 392
3843 415
3844 395
3845 375
3846 364
3847 348
3848 360
3849 338
3850 304
3851 268
3852 259
3853 278
3854 253
3855 239
3856 236
3857 197
3858 233
3859 198
3860 271
3861 274
3862 280
3863 316
3864 346
3865 313
3866 276
3867 261
3868 246
3869 259
3870 212
3871 244
3872 263
3873 269
3874 302
3875 306
3876 306
3877 326
3878 326
3879 308
3880 284
3881 243
3882 313
3883 355
3884 333
3885 353
3886 310
3887 256
3888 237
3889 174
3890 159
3891 131
3892 101
3893 79
3894 62
3895 40
3896 14
3897 989
3898 942
3899 41
3900 48
3901 112
3902 101
3903 63
3904 144
3905 154
3906 136
3907 80
3908 115
3909 145
3910 195
3911 176
3912 121
3913 170
3914 135
3915 142
3916 149
3917 140
3918 118
3919 125
3920 80
3921 75
3922 84
3923 89
3924 73
3925 108
3926 150
3927 156
3928 108
3929 121
3930 106
3931 81
3932 49
3933 65
3934 41
3935 51
3936 49
3937 31
3938 66
3939 44
3940 9
3941 36
3942 995
3943 10
3944 972
3945 987
3946 26
3947 46
3948 48
3949 84
3950 106
3951 113
3952 116
3953 120
3954 125
3955 89
3956 120
3957 165
3958 126
3959 130
3960 125
3961 72
3962 6
3963 20
3964 25
3965 30
3966 63
3967 98
3968 98
3969 113
3970 125
3971 122
3972 129
3973 76
3974 52
3975 11
3976 977
3977 978
3978 983
3979 948
3980 941
3981 954
3982 983
3983 75
3984 69
3985 38
3986 0
3987 924
3988 937
3989 973
3990 894
3991 897
3992 919
3993 951
3994 911
3995 908
3996 950
3997 946
3998 891
3999 892
4000 919
4001 951
4002 953
4003 971
4004 969
4005 957
4006 992
4007 980
4008 26
4009 69
4010 89
4011 103
4012 77
4013 51
4014 18
4015 23
4016 89
4017 130
4018 122
4019 142
4020 175
4021 184
4022 147
4023 110
4024 90
4025 79
4026 35
4027 81
4028 98
4029 100
4030 107
4031 89
4032 85
4033 96
4034 86
4035 128
4036 162
4037 148
4038 120
4039 155
4040 177
4041 195
4042 208
4043 207
4044 208
4045 181
4046 180
4047 174
4048 155
4049 161
4050 171
4051 135
4052 138
4053 91
4054 98
4055 60
4056 66
4057 68
4058 96
4059 130
4060 195
4061 199
4062 203
4063 219
4064 217
4065 235
4066 184
4067 191
4068 194
4069 181
4070 172
4071 193
4072 186
4073 244
4074 215
4075 272
4076 272
4077 255
4078 300
4079 294
4080 281
4081 268
4082 247
4083 208
4084 197
4085 144
4086 202
4087 166
4088 176
4089 163
4090 190
4091 226
4092 189
4093 215
4094 203
4095 205
4096 181
4097 170
4098 205
4099 219
4100 237
4101 225
4102 262
4103 270
4104 231
4105 262
4106 217
4107 281
4108 334
4109 332
4110 433
4111 440
4112 464
4113 439
4114 489
4115 462
4116 503
4117 499
4118 531
4119 564
4120 547
4121 570
4122 528
4123 538
4124 556
4125 447
4126 468
4127 527
4128 618
4129 646
4130 642
4131 641
4132 685
4133 697
4134 667
4135 651
4136 716
4137 705
4138 762
4139 719
4140 713
4141 725
4142 778
4143 745
4144 775
4145 824
4146 798
4147 809
4148 813
4149 843
4150 856
4151 932
4152 909
4153 875
4154 845
4155 831
4156 826
4157 838
4158 823
4159 840
4160 826
4161 830
4162 826
4163 779
4164 762
4165 776
4166 781
4167 788
4168 826
4169 832
4170 831
4171 883
4172 822
4173 798
4174 754
4175 756
4176 736
4177 753
4178 702
4179 758
4180 834
4181 793
4182 820
4183 798
4184 840
4185 897
4186 944
4187 934
4188 27
4189 997
4190 46
4191 13
4192 80
4193 44
4194 93
4195 146
4196 165
4197 119
4198 80
4199 79
4200 101
4201 153
4202 171
4203 192
4204 204
4205 203
4206 176
4207 151
4208 98
4209 123
4210 111
4211 74
4212 16
4213 11
4214 40
4215 66
4216 32
4217 946
4218 984
4219 992
4220 996
4221 965
4222 986
4223 982
4224 974
4225 976
4226 958
4227 976
4228 994
4229 3
4230 14
4231 987
4232 990
4233 958
4234 911
4235 885
4236 883
4237 911
4238 901
4239 922
4240 913
4241 928
4242 903
4243 914
4244 920
4245 970
4246 975
4247 979
4248 981
4249 925
4250 943
4251 965
4252 976
4253 940
4254 928
4255 946
4256 11
4257 2
4258 7
4259 980
4260 960
4261 971
4262 970
4263 986
4264 987
4265 7
4266 14
4267 985
4268 956
4269 67
4270 41
4271 53
4272 60
4273 120
4274 71
4275 67
4276 83
4277 37
4278 4
4279 977
4280 927
4281 929
4282 895
4283 897
4284 934
4285 972
4286 0
4287 988
4288 954
4289 28
4290 34
4291 57
4292 60
4293 48
4294 68
4295 59
4296 47
4297 42
4298 85
4299 50
4300 966
4301 946
4302 852
4303 879
4304 841
4305 879
4306 806
4307 831
4308 873
4309 892
4310 915
4311 927
4312 905
4313 897
4314 941
4315 907
4316 910
4317 957
4318 24
4319 64
4320 18
4321 1
4322 11
4323 39
4324 998
4325 44
4326 964
4327 950
4328 952
4329 981
4330 992
4331 974
4332 27
4333 11
4334 999
4335 12
4336 961
4337 910
4338 911
4339 871
4340 856
4341 851
4342 822
4343 832
4344 809
4345 852
4346 918
4347 857
4348 898
4349 947
4350 963
4351 31
4352 1
4353 947
4354 943
4355 916
4356 944
4357 87
4358 79
4359 78
4360 99
4361 127
4362 93
4363 52
4364 75
4365 106
4366 59
4367 82
4368 73
4369 79
4370 115
4371 110
4372 97
4373 94
4374 45
4375 993
4376 990
4377 8
4378 27
4379 101
4380 149
4381 189
4382 179
4383 184
4384 217
4385 269
4386 270
4387 249
4388 230
4389 256
4390 189
4391 160
4392 97
4393 185
4394 183
4395 136
4396 121
4397 94
4398 64
4399 63
4400 86
4401 66
4402 100
4403 118
4404 188
4405 214
4406 221
4407 252
4408 244
4409 235
4410 259
4411 290
4412 283
4413 301
4414 354
4415 363
4416 366
4417 417
4418 445
4419 431
4420 426
4421 493
4422 455
4423 502
4424 539
4425 548
4426 530
4427 551
4428 554
4429 524
4430 563
4431 556
4432 548
4433 518
4434 463
4435 384
4436 367
4437 400
4438 380
4439 389
4440 460
4441 460
4442 490
4443 519
4444 516
4445 498
4446 521
4447 511
4448 500
4449 538
4450 521
4451 501
4452 560
4453 564
4454 539
4455 567
4456 710
4457 694
4458 665
4459 708
4460 704
4461 720
4462 755
4463 784
4464 780
4465 766
4466 752
4467 758
4468 809
4469 781
4470 751
4471 749
4472 655
4473 643
4474 636
4475 546
4476 547
4477 547
4478 453
4479 465
4480 503
4481 540
4482 529
4483 539
4484 605
4485 646
4486 680
4487 631
4488 716
4489 762
4490 772
4491 786
4492 877
4493 878
4494 851
4495 929
4496 921
4497 976
4498 983
4499 2
4500 30
4501 55
4502 46
4503 131
4504 148
4505 132
4506 112
4507 104
4508 72
4509 99
4510 65
4511 139
4512 84
4513 158
4514 250
4515 232
4516 253
4517 315
4518 344
4519 379
4520 391
4521 424
4522 412
4523 476
4524 622
4525 685
4526 724
4527 761
4528 823
4529 792
4530 751
4531 733
4532 747
4533 832
4534 957
4535 948
4536 927
4537 911
4538 891
4539 870
4540 881
4541 861
4542 818
4543 829
4544 867
4545 796
4546 890
4547 800
4548 868
4549 902
4550 905
4551 924
4552 43
4553 107
4554 119
4555 157
4556 180
4557 164
4558 134
4559 159
4560 215
4561 198
4562 243
4563 238
4564 247
4565 199
4566 162
4567 89
4568 20
4569 79
4570 84
4571 163
4572 46
4573 37
4574 37
4575 974
4576 16
4577 999
4578 985
4579 988
4580 997
4581 961
4582 849
4583 835
4584 763
4585 820
4586 886
4587 780
4588 791
4589 727
4590 693
4591 683
4592 659
4593 581
4594 541
4595 535
4596 501
4597 465
4598 414
4599 456
4600 480
4601 536
4602 463
4603 494
4604 518
4605 493
4606 548
4607 602
4608 576
4609 570
4610 572
4611 564
4612 553
4613 411
4614 476
4615 531
4616 646
4617 673
4618 680
4619 675
4620 641
4621 677
4622 616
4623 684
4624 751
4625 793
4626 700
4627 714
4628 754
4629 710
4630 722
4631 739
4632 616
4633 572
4634 566
4635 570
4636 526
4637 641
4638 660
4639 567
4640 536
4641 482
4642 474
4643 442
4644 427
4645 352
4646 323
4647 376
4648 295
4649 365
4650 367
4651 401
4652 436
4653 456
4654 409
4655 420
4656 377
4657 339
4658 285
4659 364
4660 315
4661 298
4662 260
4663 317
4664 306
4665 345
4666 438
4667 540
4668 502
4669 569
4670 609
4671 496
4672 536
4673 516
4674 586
4675 576
4676 505
4677 548
4678 553
4679 496
4680 562
4681 457
4682 498
4683 441
4684 490
4685 486
4686 363
4687 408
4688 397
4689 382
4690 295
4691 215
4692 230
4693 234
4694 235
4695 205
4696 152
4697 151
4698 71
4699 81
4700 100
4701 33
4702 75
4703 107
4704 271
4705 301
4706 409
4707 331
4708 271
4709 284
4710 321
4711 236
4712 187
4713 106
4714 96
4715 115
4716 32
4717 6
4718 980
4719 877
4720 941
4721 884
4722 871
4723 812
4724 701
4725 705
4726 723
4727 746
4728 674
4729 677
4730 690
4731 759
4732 799
4733 854
4734 787
4735 766
4736 698
4737 742
4738 724
4739 772
4740 761
4741 779
4742 706
4743 666
4744 704
4745 675
4746 662
4747 611
4748 574
4749 601
4750 625
4751 649
4752 673
4753 683
4754 673
4755 699
4756 701
4757 622
4758 618
4759 553
4760 579
4761 516
4762 494
4763 505
4764 499
4765 582
4766 668
4767 613
4768 659
4769 674
4770 596
4771 547
4772 526
4773 556
4774 566
4775 612
4776 618
4777 673
4778 568
4779 598
4780 574
4781 592
4782 579
4783 551
4784 541
4785 529
4786 594
4787 571
4788 547
4789 498
4790 486
4791 512
4792 463
4793 432
4794 377
4795 404
4796 443
4797 419
4798 425
4799 368
4800 363
4801 280
4802 324
4803 303
4804 246
4805 260
4806 277
4807 241
4808 213
4809 219
4810 205
4811 153
4812 67
4813 100
4814 188
4815 253
4816 248
4817 240
4818 246
4819 214
4820 156
4821 215
4822 206
4823 208
4824 275
4825 225
4826 280
4827 281
4828 299
4829 344
4830 355
4831 265
4832 298
4833 338
4834 363
4835 347
4836 340
4837 297
4838 229
4839 209
4840 237
4841 195
4842 257
4843 261
4844 244
4845 221
4846 245
4847 298
4848 273
4849 243
4850 247
4851 214
4852 170
4853 101
4854 112
4855 118
4856 85
4857 69
4858 64
4859 73
4860 99
4861 49
4862 19
4863 122
4864 106
4865 110
4866 146
4867 112
4868 171
4869 127
4870 87
4871 85
4872 191
4873 210
4874 161
4875 198
4876 216
4877 232
4878 158
4879 295
4880 250
4881 221
4882 195
4883 156
4884 163
4885 226
4886 357
4887 404
4888 382
4889 407
4890 453
4891 514
4892 506
4893 427
4894 477
4895 460
4896 484
4897 506
4898 488
4899 529
4900 416
4901 503
4902 569
4903 581
4904 603
4905 562
4906 667
4907 645
4908 563
4909 599
4910 616
4911 650
4912 672
4913 622
4914 568
4915 620
4916 790
4917 745
4918 750
4919 674
4920 654
4921 634
4922 653
4923 634
4924 557
4925 594
4926 524
4927 447
4928 564
4929 577
4930 595
4931 646
4932 683
4933 613
4934 572
4935 489
4936 355
4937 366
4938 451
4939 457
4940 411
4941 334
4942 283
4943 258
4944 192
4945 325
4946 302
4947 287
4948 314
4949 358
4950 335
4951 417
4952 563
4953 630
4954 601
4955 658
4956 548
4957 541
4958 538
4959 542
4960 546
4961 527
4962 505
4963 444
4964 496
4965 505
4966 485
4967 586
4968 631
4969 611
4970 582
4971 564
4972 608
4973 524
4974 584
4975 712
4976 742
4977 729
4978 614
4979 694
4980 590
4981 474
4982 466
4983 466
4984 528
4985 505
4986 446
4987 537
4988 513
4989 573
4990 522
4991 525
4992 524
4993 551
4994 517
4995 533
4996 444
4997 431
4998 497
4999 454
5000 495
5001 489
5002 455
5003 439
5004 467
5005 431
5006 470
5007 387
5008 400
5009 378
5010 205
5011 191
5012 202
5013 248
5014 275
5015 343
5016 299
5017 163
5018 188
5019 165
5020 216
5021 151
5022 169
5023 152
5024 155
5025 289
5026 220
5027 202
5028 207
5029 186
5030 210
5031 276
5032 241
5033 162
5034 163
5035 24
5036 9
5037 960
5038 946
5039 899
5040 899
5041 883
5042 962
5043 803
5044 739
5045 661
5046 649
5047 604
5048 574
5049 565
5050 646
5051 575
5052 589
5053 535
5054 482
5055 522
5056 514
5057 522
5058 511
5059 504
5060 547
5061 555
5062 642
5063 666
5064 698
5065 740
5066 789
5067 817
5068 784
5069 735
5070 745
5071 759
5072 813
5073 766
5074 766
5075 811
5076 782
5077 823
5078 787
5079 841
5080 807
5081 748
5082 817
5083 817
5084 828
5085 794
5086 827
5087 794
5088 853
5089 809
5090 829
5091 775
5092 800
5093 748
5094 681
5095 753
5096 797
5097 755
5098 742
5099 807
5100 723
5101 707
5102 642
5103 741
5104 711
5105 766
5106 792
5107 801
5108 783
5109 772
5110 729
5111 782
5112 739
5113 682
5114 675
5115 732
5116 744
5117 769
5118 779
5119 838
5120 824
5121 748
5122 764
5123 777
5124 823
5125 913
5126 903
5127 999
5128 29
5129 152
5130 102
5131 93
5132 120
5133 174
5134 183
5135 163
5136 158
5137 129
5138 114
5139 45
5140 38
5141 89
5142 20
5143 82
5144 173
5145 169
5146 179
5147 154
5148 163
5149 172
5150 153
5151 144
5152 78
5153 3
5154 988
5155 956
5156 940
5157 991
5158 29
5159 975
5160 987
5161 5
5162 32
5163 4
5164 13
5165 986
5166 8
5167 71
5168 80
5169 108
5170 46
5171 82
5172 38
5173 38
5174 71
5175 108
5176 106
5177 105
5178 117
5179 76
5180 23
5181 928
5182 934
5183 7
5184 990
5185 60
5186 55
5187 96
5188 74
5189 83
5190 58
5191 30
5192 130
5193 170
5194 158
5195 201
5196 242
5197 238
5198 239
5199 177
5200 214
5201 251
5202 242
5203 219
5204 211
5205 255
5206 298
5207 266
5208 241
5209 269
5210 188
5211 223
5212 156
5213 154
5214 148
5215 187
5216 195
5217 174
5218 89
5219 131
5220 116
5221 205
5222 165
5223 154
5224 150
5225 98
5226 141
5227 137
5228 92
5229 92
5230 20
5231 51
5232 56
5233 0
5234 80
5235 34
5236 963
5237 980
5238 47
5239 15
5240 61
5241 75
5242 19
5243 969
5244 977
5245 990
5246 936
5247 953
5248 923
5249 969
5250 8
5251 23
5252 85
5253 7
5254 44
5255 994
5256 36
5257 31
5258 59
5259 9
5260 66
5261 72
5262 22
5263 67
5264 92
5265 80
5266 54
5267 84
5268 67
5269 73
5270 135
5271 213
5272 137
5273 156
5274 218
5275 186
5276 97
5277 146
5278 169
5279 78
5280 61
5281 17
5282 44
5283 931
5284 938
5285 56
5286 3
5287 1
5288 28
5289 100
5290 64
5291 145
5292 132
5293 169
5294 146
5295 75
5296 77
5297 32
5298 106
5299 149
5300 191
5301 133
5302 90
5303 28
5304 63
5305 31
5306 34
5307 128
5308 132
5309 979
5310 42
5311 989
5312 961
5313 992
5314 976
5315 945
5316 882
5317 854
5318 945
5319 52
5320 52
5321 155
5322 190
5323 92
5324 200
5325 326
5326 288
5327 275
5328 227
5329 245
5330 308
5331 358
5332 417
5333 424
5334 418
5335 466
5336 460
5337 433
5338 409
5339 405
5340 454
5341 460
5342 423
5343 390
5344 331
5345 334
5346 325
5347 322
5348 221
5349 69
5350 78
5351 62
5352 71
5353 112
5354 101
5355 68
5356 48
5357 74
5358 130
5359 122
5360 171
5361 105
5362 20
5363 14
5364 954
5365 962
5366 988
5367 18
5368 137
5369 120
5370 70
5371 94
5372 76
5373 56
5374 72
5375 103
5376 12
5377 899
5378 883
5379 816
5380 848
5381 885
5382 915
5383 997
5384 124
5385 131
5386 188
5387 157
5388 292
5389 366
5390 349
5391 425
5392 395
5393 354
5394 298
5395 250
5396 281
5397 277
5398 287
5399 281
5400 352
5401 407
5402 427
5403 480
5404 555
5405 547
5406 588
5407 506
5408 393
5409 423
5410 419
5411 467
5412 448
5413 475
5414 495
5415 455
5416 325
5417 324
5418 401
5419 334
5420 364
5421 394
5422 416
5423 484
5424 566
5425 576
5426 717
5427 681
5428 636
5429 690
5430 741
5431 825
5432 864
5433 803
5434 787
5435 718
5436 815
5437 839
5438 854
5439 815
5440 776
5441 799
5442 715
5443 643
5444 610
5445 711
5446 755
5447 739
5448 705
5449 751
5450 699
5451 720
5452 728
5453 706
5454 738
5455 623
5456 590
5457 650
5458 591
5459 644
5460 610
5461 618
5462 670
5463 559
5464 633
5465 624
5466 508
5467 417
5468 445
5469 353
5470 392
5471 449
5472 375
5473 348
5474 416
5475 451
5476 460
5477 466
5478 472
5479 462
5480 409
5481 448
5482 374
5483 367
5484 416
5485 400
5486 538
5487 547
5488 530
5489 510
5490 622
5491 577
5492 626
5493 625
5494 592
5495 484
5496 485
5497 417
5498 420
5499 384
5500 385
5501 335
5502 343
5503 282
5504 264
5505 349
5506 318
5507 331
5508 368
5509 348
5510 379
5511 408
5512 306
5513 239
5514 224
5515 218
5516 188
5517 184
5518 157
5519 163
5520 127
5521 124
5522 183
5523 135
5524 143
5525 146
5526 126
5527 113
5528 160
5529 234
5530 182
5531 216
5532 217
5533 107
5534 41
5535 18
5536 915
5537 992
5538 974
5539 934
5540 944
5541 895
5542 981
5543 7
5544 995
5545 56
5546 32
5547 20
5548 17
5549 124
5550 104
5551 47
5552 985
5553 80
5554 88
5555 46
5556 69
5557 77
5558 67
5559 143
5560 187
5561 153
5562 94
5563 145
5564 232
5565 201
5566 201
5567 248
5568 206
5569 215
5570 180
5571 142
5572 144
5573 194
5574 229
5575 257
5576 215
5577 190
5578 190
5579 144
5580 168
5581 112
5582 116
5583 65
5584 16
5585 951
5586 877
5587 912
5588 936
5589 982
5590 972
5591 837
5592 880
5593 870
5594 904
5595 812
5596 858
5597 785
5598 954
5599 931
5600 921
5601 879
5602 826
5603 892
5604 947
5605 973
5606 946
5607 921
5608 864
5609 902
5610 869
5611 991
5612 966
5613 870
5614 861
5615 864
5616 900
5617 916
5618 970
5619 52
5620 15
5621 6
5622 955
5623 974
5624 958
5625 61
5626 168
5627 150
5628 158
5629 300
5630 372
5631 361
5632 363
5633 307
5634 322
5635 292
5636 267
5637 286
5638 311
5639 234
5640 188
5641 209
5642 199
5643 224
5644 177
5645 49
5646 91
5647 129
5648 160
5649 245
5650 270
5651 255
5652 278
5653 308
5654 320
5655 285
5656 253
5657 341
5658 318
5659 258
5660 191
5661 205
5662 222
5663 190
5664 220
5665 213
5666 169
5667 104
5668 71
5669 80
5670 49
5671 63
5672 104
5673 29
5674 56
5675 77
5676 57
5677 64
5678 82
5679 104
5680 82
5681 90
5682 32
5683 32
5684 97
5685 93
5686 69
5687 99
5688 173
5689 166
5690 152
5691 123
5692 147
5693 130
5694 197
5695 263
5696 256
5697 295
5698 252
5699 177
5700 205
5701 211
5702 124
5703 147
5704 206
5705 236
5706 262
5707 288
5708 262
5709 274
5710 293
5711 306
5712 292
5713 345
5714 307
5715 306
5716 267
5717 295
5718 353
5719 348
5720 407
5721 443
5722 416
5723 359
5724 332
5725 429
5726 437
5727 403
5728 400
5729 352
5730 350
5731 281
5732 313
5733 312
5734 257
5735 173
5736 239
5737 245
5738 322
5739 390
5740 457
5741 571
5742 577
5743 542
5744 621
5745 463
5746 472
5747 553
5748 529
5749 476
5750 454
5751 419
5752 393
5753 531
5754 634
5755 704
5756 701
5757 666
5758 642
5759 692
5760 720
5761 658
5762 648
5763 647
5764 508
5765 344
5766 414
5767 430
5768 361
5769 446
5770 368
5771 390
5772 417
5773 390
5774 376
5775 367
5776 333
5777 343
5778 319
5779 283
5780 343
5781 431
5782 438
5783 336
5784 328
5785 270
5786 382
5787 434
5788 443
5789 492
5790 498
5791 566
5792 705
5793 664
5794 646
5795 716
5796 725
5797 743
5798 809
5799 852
5800 902
5801 936
5802 805
5803 725
5804 850
5805 808
5806 750
5807 704
5808 644
5809 601
5810 577
5811 568
5812 522
5813 537
5814 562
5815 623
5816 621
5817 602
5818 529
5819 541
5820 595
5821 603
5822 590
5823 492
5824 378
5825 270
5826 299
5827 332
5828 355
5829 366
5830 369
5831 293
5832 378
5833 370
5834 405
5835 451
5836 385
5837 409
5838 469
5839 554
5840 518
5841 500
5842 493
5843 417
5844 391
5845 278
5846 346
5847 419
5848 452
5849 425
5850 445
5851 450
5852 404
5853 462
5854 525
5855 474
5856 459
5857 449
5858 446
5859 412
5860 414
5861 402
5862 373
5863 366
5864 420
5865 315
5866 223
5867 218
5868 186
5869 119
5870 34
5871 948
5872 980
5873 985
5874 936
5875 857
5876 822
5877 791
5878 799
5879 726
5880 735
5881 654
5882 660
5883 663
5884 630
5885 533
5886 562
5887 609
5888 590
5889 524
5890 468
5891 456
5892 474
5893 509
5894 510
5895 476
5896 398
5897 511
5898 504
5899 509
5900 527
5901 510
5902 470
5903 354
5904 389
5905 390
5906 357
5907 366
5908 351
5909 299
5910 223
5911 198
5912 213
5913 252
5914 258
5915 286
5916 334
5917 290
5918 296
5919 306
5920 309
5921 299
5922 364
5923 333
5924 382
5925 371
5926 397
5927 545
5928 529
5929 578
5930 601
5931 585
5932 487
5933 530
5934 531
5935 472
5936 477
5937 415
5938 384
5939 400
5940 378
5941 425
5942 425
5943 397
5944 329
5945 300
5946 350
5947 402
5948 502
5949 585
5950 489
5951 567
5952 492
5953 444
5954 473
5955 420
5956 332
5957 321
5958 327
5959 287
5960 344
5961 345
5962 284
5963 266
5964 205
5965 218
5966 252
5967 230
5968 229
5969 254
5970 334
5971 428
5972 474
5973 507
5974 564
5975 541
5976 528
5977 520
5978 442
5979 486
5980 463
5981 435
5982 426
5983 447
5984 488
5985 406
5986 396
5987 407
5988 388
5989 379
5990 380
5991 472
5992 532
5993 650
5994 653
5995 632
5996 621
5997 566
5998 590
5999 540
6000 545
6001 456
6002 548
6003 498
6004 568
6005 575
6006 531
6007 584
6008 587
6009 475
6010 493
6011 509
6012 587
6013 542
6014 531
6015 552
6016 610
6017 633
6018 613
6019 633
6020 655
6021 665
6022 685
6023 693
6024 683
6025 585
6026 628
6027 585
6028 548
6029 603
6030 602
6031 662
6032 737
6033 643
6034 593
6035 571
6036 531
6037 547
6038 559
6039 510
6040 505
6041 452
6042 407
6043 443
6044 504
6045 492
6046 415
6047 418
6048 421
6049 457
6050 436
6051 335
6052 290
6053 350
6054 325
6055 257
6056 391
6057 450
6058 507
6059 520
6060 473
6061 508
6062 468
6063 426
6064 344
6065 353
6066 314
6067 315
6068 282
6069 243
6070 317
6071 371
6072 370
6073 359
6074 375
6075 407
6076 374
6077 301
6078 284
6079 238
6080 237
6081 214
6082 215
6083 232
6084 310
6085 384
6086 389
6087 398
6088 380
6089 413
6090 306
6091 313
6092 311
6093 339
6094 242
6095 203
6096 230
6097 258
6098 246
6099 181
6100 254
6101 217
6102 266
6103 184
6104 184
6105 213
6106 268
6107 290
6108 223
6109 191
6110 113
6111 137
6112 150
6113 217
6114 306
6115 287
6116 219
6117 176
6118 152
6119 206
6120 223
6121 249
6122 268
6123 268
6124 280
6125 336
6126 335
6127 316
6128 297
6129 309
6130 353
6131 373
6132 389
6133 328
6134 343
6135 336
6136 410
6137 389
6138 379
6139 333
6140 358
6141 352
6142 321
6143 341
6144 386
6145 399
6146 346
6147 345
6148 311
6149 307
6150 281
6151 334
6152 339
6153 272
6154 241
6155 229
6156 241
6157 197
6158 200
6159 238
6160 271
6161 255
6162 292
6163 266
6164 338
6165 379
6166 399
6167 421
6168 464
6169 476
6170 430
6171 419
6172 402
6173 390
6174 418
6175 439
6176 405
6177 462
6178 437
6179 342
6180 256
6181 322
6182 354
6183 342
6184 329
6185 392
6186 414
6187 403
6188 418
6189 456
6190 461
6191 435
6192 404
6193 394
6194 451
6195 401
6196 393
6197 347
6198 370
6199 304
6200 375
6201 423
6202 333
6203 349
6204 243
6205 197
6206 182
6207 204
6208 205
6209 233
6210 277
6211 239
6212 210
6213 197
6214 146
6215 162
6216 184
6217 187
6218 184
6219 197
6220 138
6221 194
6222 228
6223 233
6224 271
6225 254
6226 290
6227 271
6228 297
6229 338
6230 311
6231 310
6232 330
6233 296
6234 298
6235 371
6236 307
6237 256
6238 275
6239 245
6240 310
6241 384
6242 375
6243 467
6244 438
6245 458
6246 465
6247 413
6248 365
6249 331
6250 347
6251 378
6252 385
6253 395
6254 440
6255 489
6256 472
6257 510
6258 525
6259 559
6260 494
6261 433
6262 368
6263 339
6264 359
6265 378
6266 313
6267 297
6268 333
6269 340
6270 407
6271 422
6272 386
6273 324
6274 233
6275 221
6276 271
6277 270
6278 224
6279 247
6280 273
6281 266
6282 211
6283 123
6284 112
6285 118
6286 40
6287 49
6288 47
6289 995
6290 964
6291 992
6292 13
6293 59
6294 72
6295 64
6296 36
6297 18
6298 15
6299 970
6300 983
6301 4
6302 18
6303 15
6304 60
6305 107
6306 78
6307 59
6308 70
6309 119
6310 129
6311 90
6312 147
6313 135
6314 247
6315 245
6316 306
6317 307
6318 311
6319 382
6320 401
6321 449
6322 315
6323 353
6324 383
6325 430
6326 510
6327 459
6328 487
6329 490
6330 457
6331 514
6332 516
6333 332
6334 431
6335 415
6336 443
6337 389
6338 443
6339 532
6340 587
6341 579
6342 631
6343 685
6344 727
6345 771
6346 855
6347 842
6348 898
6349 20
6350 43
6351 954
6352 928
6353 974
6354 11
6355 952
6356 952
6357 923
6358 937
6359 930
6360 924
6361 905
6362 856
6363 856
6364 842
6365 868
6366 862
6367 892
6368 899
6369 963
6370 31
6371 27
6372 142
6373 157
6374 181
6375 172
6376 187
6377 164
6378 230
6379 168
6380 80
6381 67
6382 71
6383 116
6384 81
6385 89
6386 200
6387 264
6388 242
6389 237
6390 324
6391 368
6392 417
6393 441
6394 420
6395 339
6396 332
6397 339
6398 340
6399 372
6400 278
6401 239
6402 205
6403 248
6404 171
6405 261
6406 282
6407 391
6408 418
6409 375
6410 305
6411 329
6412 429
6413 518
6414 594
6415 631
6416 487
6417 420
6418 560
6419 574
6420 562
6421 591
6422 544
6423 457
6424 428
6425 421
6426 380
6427 283
6428 324
6429 433
6430 462
6431 549
6432 565
6433 627
6434 663
6435 660
6436 664
6437 618
6438 739
6439 747
6440 829
6441 763
6442 694
6443 709
6444 679
6445 659
6446 555
6447 535
6448 579
6449 611
6450 641
6451 661
6452 796
6453 687
6454 648
6455 620
6456 522
6457 470
6458 447
6459 416
6460 463
6461 462
6462 383
6463 357
6464 322
6465 405
6466 376
6467 320
6468 360
6469 331
6470 212
6471 201
6472 203
6473 192
6474 76
6475 32
6476 16
6477 53
6478 992
6479 978
6480 996
6481 992
6482 3
6483 26
6484 3
6485 42
6486 32
6487 5
6488 12
6489 13
6490 974
6491 977
6492 941
6493 958
6494 956
6495 908
6496 965
6497 967
6498 986
6499 0
6500 971
6501 950
6502 47
6503 980
6504 36
6505 70
6506 76
6507 35
6508 40
6509 35
6510 950
6511 944
6512 18
6513 24
6514 994
6515 67
6516 88
6517 44
6518 92
6519 18
6520 22
6521 62
6522 58
6523 29
6524 18
6525 69
6526 76
6527 91
6528 87
6529 994
6530 28
6531 17
6532 981
6533 954
6534 10
6535 995
6536 5
6537 46
6538 150
6539 235
6540 159
6541 150
6542 150
6543 122
6544 130
6545 99
6546 100
6547 165
6548 238
6549 198
6550 164
6551 175
6552 219
6553 223
6554 194
6555 155
6556 131
6557 157
6558 168
6559 223
6560 187
6561 79
6562 28
6563 949
6564 55
6565 84
6566 47
6567 86
6568 131
6569 164
6570 234
6571 203
6572 271
6573 347
6574 283
6575 286
6576 404
6577 491
6578 409
6579 445
6580 457
6581 520
6582 554
6583 632
6584 663
6585 660
6586 603
6587 634
6588 670
6589 740
6590 702
6591 720
6592 691
6593 820
6594 865
6595 886
6596 832
6597 861
6598 842
6599 789
6600 721
6601 692
6602 684
6603 719
6604 722
6605 722
6606 651
6607 576
6608 607
6609 521
6610 679
6611 663
6612 642
6613 653
6614 640
6615 706
6616 772
6617 739
6618 714
6619 799
6620 674
6621 672
6622 651
6623 610
6624 626
6625 609
6626 690
6627 740
6628 647
6629 689
6630 623
6631 677
6632 621
6633 613
6634 597
6635 631
6636 629
6637 586
6638 673
6639 606
6640 691
6641 696
6642 741
6643 819
6644 792
6645 809
6646 786
6647 672
6648 621
6649 661
6650 650
6651 635
6652 624
6653 658
6654 681
6655 745
6656 750
6657 795
6658 847
6659 799
6660 768
6661 769
6662 812
6663 792
6664 835
6665 813
6666 781
6667 832
6668 830
6669 950
6670 990
6671 975
6672 101
6673 78
6674 2
6675 93
6676 97
6677 139
6678 42
6679 94
6680 30
6681 73
6682 107
6683 77
6684 113
6685 118
6686 152
6687 145
6688 11
6689 63
6690 43
6691 6
6692 990
6693 106
6694 23
6695 37
6696 15
6697 35
6698 977
6699 81
6700 139
6701 96
6702 49
6703 993
6704 972
6705 65
6706 109
6707 31
6708 11
6709 110
6710 227
6711 277
6712 342
6713 468
6714 474
6715 481
6716 509
6717 564
6718 606
6719 513
6720 649
6721 669
6722 715
6723 782
6724 620
6725 562
6726 681
6727 659
6728 650
6729 627
6730 589
6731 456
6732 371
6733 284
6734 312
6735 267
6736 81
6737 14
6738 134
6739 238
6740 179
6741 126
6742 42
6743 71
6744 29
6745 7
6746 82
6747 211
6748 272
6749 262
6750 298
6751 259
6752 197
6753 82
6754 42
6755 128
6756 232
6757 158
6758 200
6759 179
6760 324
6761 415
6762 465
6763 570
6764 458
6765 528
6766 607
6767 697
6768 611
6769 608
6770 601
6771 593
6772 720
6773 680
6774 692
6775 540
6776 426
6777 269
6778 270
6779 345
6780 444
6781 324
6782 456
6783 540
6784 691
6785 602
6786 523
6787 657
6788 625
6789 588
6790 635
6791 663
6792 770
6793 764
6794 761
6795 788
6796 882
6797 837
6798 904
6799 981
6800 958
6801 930
6802 947
6803 949
6804 808
6805 775
6806 806
6807 681
6808 687
6809 617
6810 734
6811 708
6812 712
6813 735
6814 825
6815 915
6816 62
6817 125
6818 90
6819 73
6820 864
6821 953
6822 32
6823 84
6824 971
6825 981
6826 952
6827 881
6828 884
6829 678
6830 634
6831 655
6832 508
6833 523
6834 630
6835 656
6836 494
6837 603
6838 430
6839 436
6840 506
6841 492
6842 623
6843 606
6844 655
6845 725
6846 639
6847 679
6848 647
6849 636
6850 590
6851 713
6852 728
6853 847
6854 980
6855 11
6856 977
6857 15
6858 990
6859 958
6860 953
6861 975
6862 973
6863 995
6864 70
6865 990
6866 848
6867 802
6868 751
6869 824
6870 780
6871 904
6872 3
6873 153
6874 159
6875 164
6876 224
6877 287
6878 220
6879 280
6880 202
6881 198
6882 286
6883 308
6884 323
6885 389
6886 538
6887 518
6888 588
6889 695
6890 654
6891 574
6892 644
6893 502
6894 454
6895 444
6896 328
6897 549
6898 585
6899 593
6900 526
6901 488
6902 453
6903 571
6904 526
6905 505
6906 514
6907 557
6908 621
6909 638
6910 637
6911 592
6912 549
6913 608
6914 733
6915 857
6916 856
6917 941
6918 928
6919 843
6920 790
6921 808
6922 974
6923 944
6924 925
6925 90
6926 41
6927 115
6928 55
6929 46
6930 222
6931 335
6932 226
6933 338
6934 366
6935 479
6936 452
6937 424
6938 410
6939 435
6940 398
6941 412
6942 421
6943 433
6944 350
6945 343
6946 296
6947 359
6948 451
6949 441
6950 455
6951 389
6952 365
6953 319
6954 368
6955 360
6956 316
6957 194
6958 111
6959 960
6960 972
6961 901
6962 903
6963 960
6964 872
6965 3
6966 55
6967 146
6968 192
6969 114
6970 150
6971 132
6972 133
6973 42
6974 50
6975 75
6976 45
6977 217
6978 262
6979 211
6980 141
6981 75
6982 166
6983 299
6984 343
6985 174
6986 145
6987 154
6988 55
6989 101
6990 72
6991 39
6992 41
6993 51
6994 96
6995 170
6996 181
6997 101
6998 32
6999 875
7000 936
7001 966
7002 992
7003 36
7004 41
7005 96
7006 47
7007 54
7008 975
7009 966
7010 40
7011 225
7012 234
7013 146
7014 66
7015 82
7016 8
7017 937
7018 109
7019 55
7020 53
7021 41
7022 20
7023 975
7024 12
7025 925
7026 930
7027 958
7028 881
7029 965
7030 974
7031 824
7032 939
7033 0
7034 991
7035 882
7036 951
7037 83
7038 967
7039 998
7040 984
7041 10
7042 30
7043 14
7044 927
7045 934
7046 895
7047 909
7048 900
7049 923
7050 7
7051 991
7052 953
7053 986
7054 6
7055 990
7056 995
7057 14
7058 91
7059 87
7060 110
7061 198
7062 122
7063 123
7064 120
7065 149
7066 84
7067 24
7068 80
7069 957
7070 927
7071 924
7072 850
7073 765
7074 820
7075 834
7076 934
7077 59
7078 22
7079 951
7080 986
7081 995
7082 972
7083 868
7084 831
7085 915
7086 88
7087 92
7088 63
7089 96
7090 35
7091 162
7092 71
7093 59
7094 133
7095 214
7096 302
7097 297
7098 420
7099 435
7100 297
7101 415
7102 391
7103 325
7104 226
7105 220
7106 211
7107 345
7108 396
7109 391
7110 496
7111 569
7112 648
7113 649
7114 650
7115 619
7116 522
7117 549
7118 528
7119 551
7120 577
7121 588
7122 526
7123 482
7124 486
7125 500
7126 448
7127 509
7128 425
7129 379
7130 426
7131 544
7132 504
7133 491
7134 501
7135 547
7136 485
7137 420
7138 421
7139 434
7140 388
7141 487
7142 467
7143 517
7144 572
7145 721
7146 711
7147 714
7148 733
7149 702
7150 715
7151 760
7152 845
7153 936
7154 921
7155 5
7156 7
7157 56
7158 905
7159 967
7160 868
7161 836
7162 809
7163 852
7164 863
7165 782
7166 805
7167 792
7168 776
7169 753
7170 759
7171 828
7172 838
7173 868
7174 867
7175 846
7176 839
7177 833
7178 783
7179 812
7180 821
7181 794
7182 796
7183 810
7184 897
7185 889
7186 885
7187 837
7188 772
7189 793
7190 764
7191 724
7192 634
7193 712
7194 708
7195 777
7196 742
7197 761
7198 626
7199 653
7200 610
7201 572
7202 587
7203 585
7204 552
7205 574
7206 541
7207 535
7208 627
7209 681
7210 665
7211 590
7212 594
7213 612
7214 507
7215 454
7216 380
7217 279
7218 317
7219 348
7220 224
7221 211
7222 246
7223 188
7224 215
7225 161
7226 153
7227 186
7228 154
7229 171
7230 225
7231 203
7232 66
7233 96
7234 86
7235 257
7236 254
7237 336
7238 406
7239 424
7240 421
7241 430
7242 448
7243 376
7244 440
7245 429
7246 391
7247 428
7248 396
7249 283
7250 290
7251 294
7252 282
7253 427
7254 416
7255 488
7256 454
7257 424
7258 357
7259 417
7260 384
7261 389
7262 317
7263 323
7264 277
7265 226
7266 341
7267 402
7268 376
7269 365
7270 438
7271 357
7272 436
7273 403
7274 442
7275 412
7276 416
7277 528
7278 598
7279 599
7280 554
7281 608
7282 602
7283 597
7284 531
7285 554
7286 587
7287 533
7288 525
7289 584
7290 614
7291 563
7292 641
7293 578
7294 572
7295 573
7296 564
7297 572
7298 507
7299 542
7300 537
7301 608
7302 677
7303 706
7304 727
7305 707
7306 647
7307 641
7308 687
7309 703
7310 773
7311 693
7312 680
7313 740
7314 729
7315 703
7316 686
7317 578
7318 491
7319 491
7320 527
7321 471
7322 373
7323 297
7324 389
7325 331
7326 301
7327 303
7328 424
7329 432
7330 395
7331 473
7332 489
7333 459
7334 563
7335 584
7336 692
7337 669
7338 714
7339 701
7340 774
7341 788
7342 763
7343 738
7344 832
7345 663
7346 707
7347 718
7348 755
7349 751
7350 778
7351 738
7352 740
7353 767
7354 717
7355 655
7356 548
7357 597
7358 748
7359 722
7360 719
7361 730
7362 651
7363 710
7364 707
7365 798
7366 799
7367 786
7368 749
7369 687
7370 695
7371 699
7372 649
7373 576
7374 579
7375 553
7376 521
7377 526
7378 403
7379 477
7380 351
7381 362
7382 249
7383 308
7384 340
7385 279
7386 323
7387 345
7388 394
7389 322
7390 305
7391 349
7392 290
7393 295
7394 314
7395 458
7396 424
7397 496
7398 478
7399 433
7400 451
7401 446
7402 514
7403 521
7404 532
7405 507
7406 502
7407 505
7408 520
7409 491
7410 465
7411 508
7412 519
7413 485
7414 473
7415 459
7416 443
7417 373
7418 371
7419 392
7420 422
7421 353
7422 395
7423 382
7424 503
7425 479
7426 468
7427 453
7428 421
7429 526
7430 478
7431 529
7432 534
7433 467
7434 407
7435 476
7436 523
7437 519
7438 501
7439 511
7440 670
7441 783
7442 854
7443 818
7444 866
7445 751
7446 743
7447 745
7448 686
7449 677
7450 588
7451 579
7452 687
7453 626
7454 691
7455 769
7456 683
7457 688
7458 695
7459 601
7460 549
7461 580
7462 584
7463 611
7464 521
7465 575
7466 452
7467 385
7468 401
7469 359
7470 371
7471 385
7472 439
7473 477
7474 478
7475 403
7476 388
7477 486
7478 521
7479 563
7480 591
7481 541
7482 540
7483 617
7484 736
7485 698
7486 774
7487 727
7488 791
7489 812
7490 814
7491 811
7492 792
7493 969
7494 994
7495 69
7496 60
7497 174
7498 131
7499 180
7500 131
7501 174
7502 177
7503 148
7504 184
7505 147
7506 141
7507 206
7508 284
7509 335
7510 237
7511 212
7512 233
7513 215
7514 284
7515 195
7516 218
7517 326
7518 343
7519 423
7520 439
7521 469
7522 519
7523 532
7524 447
7525 453
7526 469
7527 351
7528 342
7529 412
7530 523
7531 587
7532 696
7533 690
7534 703
7535 721
7536 679
7537 632
7538 577
7539 546
7540 567
7541 590
7542 529
7543 512
7544 533
7545 604
7546 539
7547 444
7548 491
7549 418
7550 445
7551 437
7552 467
7553 436
7554 431
7555 464
7556 428
7557 460
7558 447
7559 374
7560 217
7561 212
7562 167
7563 126
7564 122
7565 219
7566 232
7567 187
7568 244
7569 206
7570 239
7571 237
7572 173
7573 182
7574 219
7575 172
7576 158
7577 224
7578 191
7579 157
7580 200
7581 233
7582 330
7583 319
7584 273
7585 421
7586 470
7587 516
7588 471
7589 447
7590 402
7591 433
7592 415
7593 384
7594 348
7595 335
7596 425
7597 408
7598 343
7599 360
7600 360
7601 385
7602 260
7603 90
7604 126
7605 40
7606 3
7607 19
7608 9
7609 980
7610 980
7611 911
7612 931
7613 23
7614 54
7615 169
7616 241
7617 246
7618 346
7619 410
7620 488
7621 508
7622 448
7623 481
7624 516
7625 557
7626 555
7627 467
7628 536
7629 551
7630 568
7631 495
7632 546
7633 463
7634 324
7635 288
7636 211
7637 245
7638 216
7639 217
7640 311
7641 385
7642 403
7643 402
7644 475
7645 599
7646 576
7647 516
7648 526
7649 481
7650 439
7651 429
7652 379
7653 424
7654 431
7655 536
7656 419
7657 567
7658 433
7659 454
7660 522
7661 626
7662 542
7663 564
7664 680
7665 662
7666 637
7667 731
7668 647
7669 614
7670 596
7671 564
7672 476
7673 484
7674 424
7675 464
7676 457
7677 397
7678 318
7679 252
7680 308
7681 330
7682 284
7683 229
7684 280
7685 249
7686 151
7687 140
7688 159
7689 138
7690 118
7691 111
7692 114
7693 42
7694 17
7695 894
7696 823
7697 883
7698 929
7699 80
7700 171
7701 82
7702 39
7703 26
7704 923
7705 852
7706 797
7707 798
7708 865
7709 63
7710 128
7711 124
7712 86
7713 52
7714 886
7715 775
7716 766
7717 676
7718 675
7719 715
7720 696
7721 676
7722 649
7723 661
7724 659
7725 675
7726 658
7727 727
7728 822
7729 890
7730 875
7731 920
7732 894
7733 894
7734 915
7735 928
7736 973
7737 7
7738 971
7739 930
7740 966
7741 66
7742 58
7743 30
7744 32
7745 93
7746 124
7747 89
7748 58
7749 989
7750 886
7751 957
7752 877
7753 950
7754 8
7755 40
7756 5
7757 4
7758 14
7759 927
7760 856
7761 897
7762 834
7763 910
7764 854
7765 856
7766 943
7767 947
7768 37
7769 33
7770 957
7771 44
7772 43
7773 110
7774 151
7775 157
7776 165
7777 79
7778 134
7779 189
7780 241
7781 277
7782 213
7783 288
7784 291
7785 304
7786 264
7787 316
7788 269
7789 267
7790 311
7791 339
7792 316
7793 382
7794 364
7795 495
7796 553
7797 551
7798 559
7799 529
7800 536
7801 555
7802 472
7803 412
7804 336
7805 310
7806 283
7807 272
7808 228
7809 283
7810 255
7811 231
7812 194
7813 188
7814 198
7815 199
7816 238
7817 250
7818 184
7819 184
7820 191
7821 57
7822 178
7823 213
7824 132
7825 132
7826 127
7827 107
7828 131
7829 149
7830 73
7831 83
7832 135
7833 77
7834 67
7835 37
7836 38
7837 972
7838 857
7839 792
7840 734
7841 749
7842 724
7843 787
7844 701
7845 711
7846 650
7847 592
7848 539
7849 480
7850 541
7851 586
7852 587
7853 673
7854 675
7855 639
7856 759
7857 810
7858 754
7859 737
7860 782
7861 736
7862 748
7863 834
7864 831
7865 876
7866 867
7867 852
7868 853
7869 936
7870 954
7871 892
7872 904
7873 851
7874 909
7875 891
7876 822
7877 818
7878 819
7879 803
7880 812
7881 882
7882 957
7883 896
7884 910
7885 819
7886 730
7887 753
7888 718
7889 766
7890 773
7891 767
7892 729
7893 762
7894 814
7895 776
7896 720
7897 743
7898 782
7899 741
7900 663
7901 698
7902 695
7903 635
7904 576
7905 540
7906 497
7907 545
7908 589
7909 609
7910 618
7911 659
7912 673
7913 635
7914 625
7915 571
7916 582
7917 617
7918 668
7919 670
7920 681
7921 641
7922 699
7923 665
7924 730
7925 791
7926 828
7927 791
7928 890
7929 870
7930 856
7931 763
7932 850
7933 827
7934 773
7935 779
7936 745
7937 698
7938 705
7939 763
7940 737
7941 733
7942 796
7943 814
7944 812
7945 769
7946 877
7947 857
7948 862
7949 876
7950 871
7951 823
7952 889
7953 893
7954 984
7955 15
7956 906
7957 871
7958 865
7959 976
7960 9
7961 65
7962 119
7963 115
7964 136
7965 97
7966 89
7967 78
7968 78
7969 136
7970 139
7971 135
7972 142
7973 248
7974 250
7975 203
7976 151
7977 255
7978 197
7979 108
7980 159
7981 162
7982 154
7983 310
7984 316
7985 314
7986 270
7987 255
7988 295
7989 475
7990 624
7991 619
7992 662
7993 649
7994 623
7995 631
7996 680
7997 644
7998 608
7999 649
8000 691
8001 729
8002 742
8003 706
8004 668
8005 662
8006 698
8007 672
8008 618
8009 608
8010 601
8011 656
8012 663
8013 638
8014 616
8015 655
8016 699
8017 648
8018 639
8019 678
8020 663
8021 605
8022 609
8023 619
8024 639
8025 610
8026 633
8027 673
8028 684
8029 701
8030 727
8031 799
8032 790
8033 747
8034 778
8035 838
8036 831
8037 821
8038 809
8039 836
8040 805
8041 810
8042 810
8043 908
8044 932
8045 980
8046 48
8047 18
8048 30
8049 38
8050 991
8051 923
8052 936
8053 978
8054 997
8055 926
8056 893
8057 885
8058 881
8059 871
8060 890
8061 877
8062 910
8063 894
8064 901
8065 888
8066 841
8067 859
8068 925
8069 945
8070 914
8071 909
8072 903
8073 911
8074 907
8075 862
8076 932
8077 924
8078 932
8079 926
8080 880
8081 913
8082 902
8083 943
8084 992
8085 82
8086 143
8087 76
8088 87
8089 65
8090 78
8091 99
8092 144
8093 111
8094 10
8095 927
8096 929
8097 993
8098 947
8099 961
8100 894
8101 950
8102 945
8103 893
8104 896
8105 892
8106 900
8107 911
8108 955
8109 946
8110 8
8111 954
8112 10
8113 993
8114 19
8115 997
8116 60
8117 98
8118 131
8119 126
8120 45
8121 105
8122 172
8123 98
8124 62
8125 996
8126 985
8127 57
8128 136
8129 49
8130 113
8131 133
8132 106
8133 71
8134 107
8135 24
8136 4
8137 996
8138 944
8139 956
8140 971
8141 24
8142 32
8143 989
8144 29
8145 2
8146 23
8147 69
8148 979
8149 14
8150 75
8151 76
8152 147
8153 85
8154 60
8155 71
8156 87
8157 26
8158 11
8159 82
8160 131
8161 117
8162 94
8163 170
8164 307
8165 173
8166 152
8167 142
8168 112
8169 139
8170 89
8171 95
8172 101
8173 150
8174 151
8175 166
8176 233
8177 227
8178 198
8179 175
8180 280
8181 242
8182 256
8183 281
8184 293
8185 315
8186 388
8187 276
8188 306
8189 315
8190 312
8191 305
8192 318
8193 401
8194 420
8195 444
8196 475
8197 507
8198 575
8199 575
8200 573
8201 612
8202 653
8203 628
8204 640
8205 642
8206 689
8207 693
8208 767
8209 768
8210 648
8211 645
8212 691
8213 705
8214 773
8215 738
8216 691
8217 726
8218 763
8219 693
8220 701
8221 682
8222 629
8223 638
8224 536
8225 480
8226 539
8227 490
8228 516
8229 534
8230 561
8231 505
8232 520
8233 417
8234 431
8235 596
8236 574
8237 590
8238 624
8239 657
8240 782
8241 755
8242 727
8243 810
8244 871
8245 884
8246 952
8247 956
8248 845
8249 864
8250 875
8251 806
8252 881
8253 901
8254 834
8255 690
8256 756
8257 756
8258 880
8259 936
8260 973
8261 947
8262 961
8263 66
8264 21
8265 31
8266 96
8267 27
8268 939
8269 971
8270 863
8271 861
8272 920
8273 899
8274 859
8275 783
8276 799
8277 818
8278 755
8279 842
8280 856
8281 924
8282 833
8283 816
8284 800
8285 895
8286 946
8287 0
8288 964
8289 12
8290 22
8291 86
8292 60
8293 48
8294 961
8295 11
8296 903
8297 904
8298 983
8299 32
8300 136
8301 157
8302 132
8303 179
8304 170
8305 181
8306 214
8307 305
8308 300
8309 293
8310 302
8311 307
8312 338
8313 368
8314 383
8315 467
8316 431
8317 368
8318 342
8319 271
8320 232
8321 240
8322 287
8323 224
8324 137
8325 111
8326 164
8327 67
8328 76
8329 63
8330 112
8331 134
8332 174
8333 143
8334 97
8335 35
8336 993
8337 12
8338 958
8339 831
8340 882
8341 873
8342 950
8343 977
8344 10
8345 973
8346 981
8347 962
8348 958
8349 955
8350 914
8351 875
8352 853
8353 867
8354 918
8355 943
8356 947
8357 951
8358 940
8359 988
8360 950
8361 909
8362 909
8363 925
8364 954
8365 36
8366 20
8367 966
8368 873
8369 988
8370 16
8371 8
8372 31
8373 147
8374 164
8375 197
8376 165
8377 246
8378 281
8379 215
8380 221
8381 228
8382 277
8383 198
8384 209
8385 237
8386 304
8387 364
8388 315
8389 331
8390 486
8391 518
8392 450
8393 492
8394 470
8395 434
8396 410
8397 372
8398 397
8399 390
8400 381
8401 449
8402 411
8403 514
8404 493
8405 451
8406 441
8407 468
8408 485
8409 484
8410 591
8411 559
8412 583
8413 588
8414 550
8415 521
8416 574
8417 620
8418 681
8419 743
8420 792
8421 824
8422 864
8423 901
8424 990
8425 957
8426 880
8427 940
8428 976
8429 973
8430 933
8431 940
8432 952
8433 924
8434 928
8435 966
8436 992
8437 940
8438 969
8439 910
8440 962
8441 901
8442 793
8443 786
8444 729
8445 799
8446 839
8447 927
8448 10
8449 31
8450 54
8451 43
8452 998
8453 905
8454 940
8455 833
8456 924
8457 891
8458 858
8459 869
8460 811
8461 862
8462 809
8463 829
8464 767
8465 766
8466 796
8467 813
8468 887
8469 844
8470 829
8471 811
8472 819
8473 841
8474 851
8475 834
8476 797
8477 824
8478 804
8479 827
8480 857
8481 866
8482 972
8483 16
8484 989
8485 980
8486 989
8487 995
8488 72
8489 985
8490 9
8491 903
8492 931
8493 991
8494 988
8495 922
8496 900
8497 3
8498 955
8499 964
8500 985
8501 5
8502 924
8503 917
8504 994
8505 990
8506 980
8507 937
8508 973
8509 979
8510 983
8511 51
8512 22
8513 75
8514 46
8515 997
8516 992
8517 936
8518 4
8519 920
8520 984
8521 32
8522 107
8523 87
8524 19
8525 970
8526 859
8527 841
8528 850
8529 965
8530 894
8531 813
8532 808
8533 800
8534 759
8535 767
8536 790
8537 761
8538 693
8539 773
8540 721
8541 732
8542 732
8543 737
8544 754
8545 782
8546 855
8547 792
8548 760
8549 824
8550 826
8551 859
8552 890
8553 860
8554 841
8555 853
8556 908
8557 996
8558 37
8559 68
8560 68
8561 59
8562 94
8563 31
8564 115
8565 154
8566 88
8567 69
8568 131
8569 163
8570 223
8571 178
8572 142
8573 101
8574 115
8575 181
8576 281
8577 302
8578 325
8579 295
8580 286
8581 324
8582 196
8583 232
8584 208
8585 152
8586 114
8587 98
8588 80
8589 143
8590 191
8591 177
8592 189
8593 158
8594 66
8595 87
8596 19
8597 4
8598 10
8599 24
8600 14
8601 896
8602 883
8603 900
8604 876
8605 933
8606 808
8607 752
8608 773
8609 888
8610 925
8611 858
8612 797
8613 847
8614 871
8615 885
8616 820
8617 722
8618 698
8619 661
8620 623
8621 619
8622 645
8623 612
8624 620
8625 635
8626 678
8627 673
8628 669
8629 713
8630 703
8631 685
8632 680
8633 651
8634 697
8635 734
8636 679
8637 616
8638 639
8639 655
8640 740
8641 714
8642 738
8643 752
8644 768
8645 868
8646 933
8647 987
8648 973
8649 960
8650 6
8651 985
8652 12
8653 993
8654 68
8655 26
8656 996
8657 81
8658 83
8659 103
8660 37
8661 23
8662 44
8663 47
8664 86
8665 12
8666 75
8667 49
8668 37
8669 146
8670 177
8671 196
8672 245
8673 145
8674 235
8675 245
8676 290
8677 270
8678 304
8679 272
8680 196
8681 170
8682 108
8683 223
8684 226
8685 381
8686 434
8687 405
8688 420
8689 470
8690 475
8691 477
8692 442
8693 407
8694 385
8695 446
8696 387
8697 408
8698 434
8699 459
8700 471
8701 461
8702 484
8703 387
8704 357
8705 330
8706 341
8707 250
8708 226
8709 271
8710 310
8711 248
8712 302
8713 243
8714 219
8715 265
8716 274
8717 245
8718 182
8719 215
8720 209
8721 160
8722 110
8723 107
8724 94
8725 987
8726 980
8727 10
8728 54
8729 8
8730 2
8731 7
8732 29
8733 9
8734 991
8735 25
8736 74
8737 76
8738 13
8739 955
8740 45
8741 975
8742 933
8743 10
8744 987
8745 21
8746 117
8747 101
8748 64
8749 69
8750 173
8751 174
8752 171
8753 142
8754 94
8755 140
8756 124
8757 173
8758 152
8759 138
8760 69
8761 29
8762 48
8763 96
8764 85
8765 68
8766 125
8767 159
8768 98
8769 56
8770 10
8771 46
8772 911
8773 846
8774 710
8775 796
8776 775
8777 725
8778 736
8779 688
8780 699
8781 738
8782 774
8783 775
8784 865
8785 832
8786 911
8787 824
8788 883
8789 884
8790 902
8791 908
8792 975
8793 988
8794 13
8795 9
8796 961
8797 887
8798 875
8799 946
8800 947
8801 982
8802 81
8803 90
8804 48
8805 72
8806 82
8807 181
8808 157
8809 182
8810 154
8811 186
8812 246
8813 279
8814 390
8815 402
8816 390
8817 342
8818 335
8819 418
8820 397
8821 429
8822 462
8823 417
8824 437
8825 432
8826 404
8827 385
8828 402
8829 411
8830 449
8831 433
8832 342
8833 364
8834 311
8835 311
8836 318
8837 355
8838 352
8839 408
8840 415
8841 415
8842 395
8843 302
8844 303
8845 332
8846 285
8847 292
8848 212
8849 220
8850 181
8851 182
8852 251
8853 232
8854 297
8855 345
8856 361
8857 375
8858 378
8859 373
8860 310
8861 296
8862 347
8863 284
8864 337
8865 253
8866 288
8867 337
8868 296
8869 333
8870 364
8871 356
8872 299
8873 315
8874 267
8875 328
8876 308
8877 252
8878 290
8879 357
8880 367
8881 363
8882 364
8883 352
8884 433
8885 388
8886 435
8887 418
8888 481
8889 511
8890 505
8891 478
8892 447
8893 473
8894 434
8895 471
8896 512
8897 548
8898 523
8899 501
8900 458
8901 460
8902 412
8903 396
8904 406
8905 422
8906 403
8907 406
8908 395
8909 353
8910 272
8911 306
8912 311
8913 256
8914 263
8915 275
8916 296
8917 296
8918 198
8919 153
8920 143
8921 180
8922 87
8923 78
8924 51
8925 91
8926 84
8927 151
8928 151
8929 276
8930 249
8931 229
8932 222
8933 210
8934 157
8935 212
8936 233
8937 226
8938 180
8939 104
8940 192
8941 146
8942 111
8943 116
8944 102
8945 74
8946 72
8947 113
8948 139
8949 133
8950 261
8951 211
8952 261
8953 275
8954 259
8955 296
8956 307
8957 353
8958 311
8959 395
8960 454
8961 456
8962 456
8963 470
8964 391
8965 270
8966 263
8967 260
8968 209
8969 300
8970 379
8971 391
8972 366
8973 432
8974 391
8975 352
8976 289
8977 294
8978 278
8979 238
8980 230
8981 276
8982 240
8983 235
8984 177
8985 155
8986 126
8987 100
8988 80
8989 112
8990 107
8991 98
8992 147
8993 163
8994 177
8995 205
8996 208
8997 222
8998 303
8999 324
9000 363
9001 295
9002 318
9003 336
9004 321
9005 385
9006 450
9007 379
9008 394
9009 418
9010 419
9011 329
9012 330
9013 275
9014 295
9015 323
9016 320
9017 310
9018 386
9019 297
9020 277
9021 295
9022 221
9023 199
9024 271
9025 276
9026 250
9027 224
9028 241
9029 406
9030 472
9031 506
9032 431
9033 483
9034 333
9035 426
9036 429
9037 377
9038 388
9039 406
9040 429
9041 435
9042 423
9043 407
9044 388
9045 411
9046 406
9047 476
9048 478
9049 558
9050 598
9051 523
9052 415
9053 426
9054 491
9055 455
9056 425
9057 514
9058 527
9059 506
9060 549
9061 526
9062 503
9063 556
9064 498
9065 543
9066 643
9067 607
9068 646
9069 619
9070 668
9071 638
9072 674
9073 696
9074 671
9075 735
9076 789
9077 724
9078 739
9079 761
9080 752
9081 683
9082 600
9083 487
9084 456
9085 453
9086 499
9087 516
9088 525
9089 592
9090 680
9091 636
9092 631
9093 640
9094 684
9095 640
9096 593
9097 520
9098 482
9099 514
9100 573
9101 610
9102 606
9103 620
9104 600
9105 689
9106 742
9107 792
9108 707
9109 730
9110 704
9111 743
9112 744
9113 691
9114 666
9115 624
9116 650
9117 597
9118 654
9119 665
9120 655
9121 688
9122 640
9123 633
9124 586
9125 546
9126 575
9127 591
9128 715
9129 761
9130 839
9131 901
9132 926
9133 929
9134 950
9135 892
9136 871
9137 824
9138 788
9139 797
9140 739
9141 734
9142 735
9143 758
9144 799
9145 767
9146 758
9147 797
9148 693
9149 748
9150 799
9151 768
9152 855
9153 757
9154 792
9155 852
9156 815
9157 824
9158 827
9159 904
9160 800
9161 717
9162 761
9163 767
9164 721
9165 701
9166 697
9167 610
9168 592
9169 554
9170 530
9171 498
9172 523
9173 492
9174 529
9175 466
9176 473
9177 459
9178 483
9179 421
9180 422
9181 380
9182 421
9183 373
9184 391
9185 427
9186 406
9187 503
9188 402
9189 371
9190 399
9191 383
9192 491
9193 441
9194 425
9195 433
9196 400
9197 273
9198 290
9199 395
9200 348
9201 302
9202 329
9203 288
9204 388
9205 348
9206 389
9207 333
9208 429
9209 451
9210 614
9211 735
9212 781
9213 717
9214 771
9215 725
9216 824
9217 926
9218 886
9219 911
9220 923
9221 44
9222 59
9223 85
9224 43
9225 95
9226 133
9227 74
9228 14
9229 999
9230 968
9231 0
9232 12
9233 977
9234 927
9235 947
9236 997
9237 86
9238 65
9239 983
9240 47
9241 133
9242 63
9243 56
9244 21
9245 993
9246 873
9247 799
9248 838
9249 788
9250 601
9251 579
9252 644
9253 593
9254 566
9255 520
9256 507
9257 505
9258 549
9259 469
9260 579
9261 627
9262 537
9263 473
9264 361
9265 394
9266 444
9267 384
9268 369
9269 388
9270 444
9271 354
9272 350
9273 318
9274 451
9275 391
9276 355
9277 468
9278 555
9279 627
9280 629
9281 621
9282 652
9283 673
9284 617
9285 464
9286 415
9287 410
9288 419
9289 524
9290 493
9291 548
9292 637
9293 500
9294 461
9295 480
9296 493
9297 521
9298 555
9299 547
9300 487
9301 475
9302 402
9303 384
9304 247
9305 190
9306 141
9307 121
9308 66
9309 142
9310 275
9311 345
9312 272
9313 164
9314 151
9315 215
9316 310
9317 292
9318 276
9319 338
9320 338
9321 344
9322 323
9323 272
9324 359
9325 489
9326 521
9327 533
9328 501
9329 537
9330 618
9331 690
9332 707
9333 760
9334 774
9335 762
9336 837
9337 878
9338 959
9339 952
9340 951
9341 980
9342 77
9343 975
9344 943
9345 867
9346 797
9347 703
9348 693
9349 769
9350 795
9351 771
9352 764
9353 824
9354 896
9355 22
9356 85
9357 93
9358 67
9359 76
9360 123
9361 265
9362 218
9363 258
9364 97
9365 125
9366 54
9367 29
9368 32
9369 987
9370 22
9371 15
9372 44
9373 31
9374 965
9375 75
9376 949
9377 33
9378 31
9379 200
9380 206
9381 195
9382 54
9383 894
9384 919
9385 853
9386 775
9387 745
9388 784
9389 828
9390 739
9391 701
9392 783
9393 735
9394 882
9395 853
9396 797
9397 782
9398 829
9399 779
9400 835
9401 819
9402 760
9403 763
9404 756
9405 725
9406 628
9407 665
9408 606
9409 591
9410 608
9411 634
9412 596
9413 450
9414 435
9415 354
9416 269
9417 251
9418 388
9419 349
9420 315
9421 317
9422 311
9423 285
9424 380
9425 388
9426 342
9427 328
9428 239
9429 331
9430 290
9431 296
9432 220
9433 160
9434 130
9435 156
9436 90
9437 6
9438 964
9439 886
9440 830
9441 799
9442 743
9443 812
9444 784
9445 773
9446 847
9447 808
9448 840
9449 939
9450 970
9451 928
9452 850
9453 838
9454 848
9455 953
9456 868
9457 813
9458 836
9459 850
9460 899
9461 896
9462 941
9463 972
9464 911
9465 799
9466 817
9467 784
9468 847
9469 709
9470 577
9471 628
9472 634
9473 510
9474 599
9475 571
9476 544
9477 591
9478 582
9479 527
9480 519
9481 419
9482 400
9483 488
9484 441
9485 468
9486 461
9487 475
9488 527
9489 516
9490 522
9491 459
9492 468
9493 532
9494 455
9495 464
9496 414
9497 407
9498 444
9499 418
9500 365
9501 388
9502 444
9503 468
9504 404
9505 245
9506 263
9507 392
9508 422
9509 413
9510 488
9511 591
9512 686
9513 726
9514 663
9515 603
9516 567
9517 653
9518 593
9519 603
9520 530
9521 515
9522 506
9523 484
9524 449
9525 367
9526 392
9527 404
9528 543
9529 509
9530 461
9531 438
9532 431
9533 464
9534 527
9535 454
9536 360
9537 319
9538 323
9539 422
9540 439
9541 454
9542 382
9543 421
9544 501
9545 544
9546 649
9547 702
9548 685
9549 771
9550 743
9551 709
9552 658
9553 646
9554 598
9555 538
9556 509
9557 535
9558 560
9559 568
9560 538
9561 432
9562 372
9563 345
9564 441
9565 453
9566 417
9567 479
9568 423
9569 341
9570 510
9571 526
9572 519
9573 481
9574 418
9575 422
9576 445
9577 473
9578 500
9579 566
9580 503
9581 556
9582 553
9583 558
9584 539
9585 492
9586 362
9587 393
9588 336
9589 341
9590 295
9591 248
9592 264
9593 228
9594 194
9595 170
9596 147
9597 78
9598 113
9599 178
9600 150
9601 222
9602 203
9603 255
9604 123
9605 59
9606 96
9607 84
9608 49
9609 24
9610 984
9611 981
9612 985
9613 955
9614 13
9615 62
9616 18
9617 993
9618 999
9619 958
9620 945
9621 902
9622 916
9623 913
9624 2
9625 970
9626 965
9627 932
9628 899
9629 935
9630 916
9631 936
9632 973
9633 942
9634 995
9635 979
9636 991
9637 42
9638 31
9639 136
9640 104
9641 85
9642 35
9643 981
9644 917
9645 921
9646 902
9647 916
9648 958
9649 916
9650 835
9651 768
9652 748
9653 717
9654 764
9655 697
9656 682
9657 631
9658 608
9659 586
9660 642
9661 655
9662 609
9663 548
9664 490
9665 477
9666 425
9667 460
9668 491
9669 498
9670 522
9671 511
9672 543
9673 517
9674 560
9675 487
9676 469
9677 464
9678 456
9679 517
9680 479
9681 464
9682 485
9683 510
9684 489
9685 438
9686 367
9687 357
9688 285
9689 229
9690 210
9691 259
9692 244
9693 192
9694 188
9695 173
9696 156
9697 122
9698 126
9699 111
9700 127
9701 138
9702 102
9703 120
9704 191
9705 178
9706 185
9707 161
9708 184
9709 150
9710 116
9711 79
9712 47
9713 52
9714 43
9715 67
9716 82
9717 137
9718 112
9719 135
9720 226
9721 277
9722 242
9723 234
9724 204
9725 212
9726 263
9727 276
9728 303
9729 311
9730 311
9731 335
9732 339
9733 316
9734 363
9735 424
9736 449
9737 453
9738 511
9739 483
9740 497
9741 420
9742 430
9743 460
9744 416
9745 405
9746 366
9747 423
9748 521
9749 527
9750 458
9751 499
9752 418
9753 364
9754 376
9755 391
9756 454
9757 433
9758 435
9759 468
9760 468
9761 522
9762 504
9763 562
9764 583
9765 576
9766 540
9767 538
9768 527
9769 538
9770 589
9771 598
9772 583
9773 590
9774 596
9775 665
9776 702
9777 655
9778 654
9779 686
9780 715
9781 723
9782 732
9783 686
9784 700
9785 716
9786 727
9787 726
9788 681
9789 720
9790 708
9791 738
9792 741
9793 752
9794 827
9795 862
9796 808
9797 845
9798 784
9799 852
9800 868
9801 821
9802 793
9803 794
9804 789
9805 801
9806 754
9807 725
9808 700
9809 665
9810 646
9811 654
9812 683
9813 682
9814 706
9815 695
9816 761
9817 785
9818 784
9819 739
9820 737
9821 705
9822 751
9823 733
9824 729
9825 765
9826 762
9827 726
9828 697
9829 740
9830 684
9831 702
9832 736
9833 691
9834 673
9835 671
9836 721
9837 768
9838 814
9839 781
9840 754
9841 789
9842 812
9843 880
9844 842
9845 800
9846 820
9847 835
9848 857
9849 821
9850 828
9851 870
9852 849
9853 846
9854 767
9855 786
9856 803
9857 784
9858 761
9859 768
9860 777
9861 788
9862 792
9863 840
9864 879
9865 879
9866 915
9867 904
9868 855
9869 857
9870 891
9871 920
9872 963
9873 973
9874 997
9875 990
9876 993
9877 11
9878 3
9879 0
9880 29
9881 87
9882 34
9883 34
9884 52
9885 87
9886 123
9887 133
9888 143
9889 134
9890 76
9891 118
9892 137
9893 158
9894 169
9895 159
9896 196
9897 220
9898 252
9899 265
9900 299
9901 274
9902 280
9903 297
9904 291
9905 304
9906 290
9907 340
9908 347
9909 363
9910 375
9911 339
9912 338
9913 380
9914 391
9915 386
9916 381
9917 434
9918 461
9919 417
9920 492
9921 464
9922 433
9923 431
9924 456
9925 438
9926 483
9927 473
9928 483
9929 513
9930 481
9931 492
9932 465
9933 506
9934 526
9935 584
9936 583
9937 594
9938 585
9939 610
9940 635
9941 658
9942 638
9943 600
9944 613
9945 620
9946 581
9947 577
9948 552
9949 550
9950 522
9951 502
9952 498
9953 491
9954 516
9955 514
9956 514
9957 471
9958 510
9959 507
9960 497
9961 454
9962 474
9963 503
9964 478
9965 475
9966 499
9967 502
9968 527
9969 559
9970 586
9971 630
9972 625
9973 644
9974 571
9975 561
9976 578
9977 602
9978 630
9979 622
9980 630
9981 610
9982 631
9983 673
9984 682
9985 634
9986 606
9987 587
9988 565
9989 574
9990 604
9991 567
9992 589
9993 565
9994 607
9995 602
9996 637
9997 609
9998 608
9999 615
10000 593
