1 1
2 1
3 0
4 1
5 3
6 1
7 0
8 1
9 1
10 0
11 0
12 0
13 1
14 0
15 0
16 0
17 1
18 1
19 0
20 0
21 1
22 2
23 2
24 4
25 2
26 1
27 2
28 1
29 1
30 0
31 1
32 1
33 4
34 2
35 1
36 0
37 1
38 2
39 0
40 0
41 0
42 0
43 0
44 0
45 0
46 0
47 0
48 0
49 0
50 0
51 0
52 0
53 0
54 0
55 1
56 1
57 1
58 0
59 0
60 0
61 0
62 1
63 0
64 0
65 0
66 0
67 0
68 0
69 0
70 0
71 0
72 0
73 0
74 0
75 0
76 0
77 0
78 0
79 0
80 0
81 1
82 2
83 2
84 2
85 3
86 4
87 6
88 4
89 4
90 4
91 4
92 7
93 6
94 6
95 8
96 9
97 13
98 11
99 9
100 8
101 7
102 8
103 5
104 3
105 1
106 0
107 0
108 0
109 0
110 0
111 0
112 0
113 0
114 1
115 1
116 1
117 0
118 2
119 0
120 0
121 0
122 0
123 0
124 0
125 1
126 1
127 3
128 3
129 2
130 2
131 3
132 6
133 10
134 16
135 9
136 9
137 7
138 5
139 12
140 10
141 10
142 7
143 6
144 7
145 9
146 12
147 12
148 11
149 11
150 13
151 20
152 20
153 16
154 20
155 19
156 22
157 20
158 26
159 24
160 24
161 15
162 17
163 15
164 18
165 13
166 12
167 9
168 5
169 3
170 5
171 9
172 10
173 10
174 7
175 7
176 7
177 9
178 13
179 13
180 12
181 12
182 10
183 5
184 6
185 4
186 2
187 7
188 9
189 5
190 3
191 2
192 6
193 6
194 9
195 9
196 10
197 5
198 8
199 8
200 11
201 11
202 7
203 4
204 2
205 2
206 2
207 2
208 3
209 3
210 3
211 4
212 1
213 1
214 0
215 0
216 0
217 2
218 3
219 4
220 4
221 3
222 6
223 10
224 12
225 11
226 17
227 15
228 21
229 17
230 14
231 15
232 18
233 28
234 34
235 35
236 36
237 45
238 34
239 35
240 40
241 32
242 33
243 30
244 33
245 42
246 48
247 43
248 48
249 46
250 58
251 56
252 70
253 67
254 54
255 65
256 76
257 78
258 72
259 73
260 69
261 75
262 83
263 85
264 80
265 66
266 60
267 65
268 65
269 67
270 68
271 54
272 55
273 49
274 47
275 51
276 46
277 38
278 38
279 57
280 50
281 59
282 57
283 59
284 67
285 62
286 66
287 75
288 67
289 70
290 73
291 64
292 62
293 67
294 78
295 73
296 81
297 79
298 80
299 119
300 133
301 137
302 153
303 139
304 156
305 155
306 148
307 136
308 133
309 120
310 107
311 107
312 96
313 95
314 95
315 98
316 92
317 81
318 80
319 86
320 79
321 73
322 65
323 78
324 74
325 59
326 49
327 51
328 46
329 32
330 37
331 40
332 40
333 39
334 43
335 51
336 56
337 56
338 67
339 68
340 62
341 53
342 57
343 56
344 48
345 48
346 51
347 54
348 47
349 57
350 57
351 59
352 64
353 50
354 48
355 57
356 66
357 61
358 62
359 63
360 76
361 83
362 77
363 83
364 93
365 103
366 103
367 106
368 111
369 101
370 79
371 83
372 101
373 104
374 94
375 95
376 98
377 88
378 74
379 76
380 69
381 68
382 72
383 73
384 74
385 75
386 73
387 80
388 84
389 82
390 95
391 92
392 84
393 100
394 100
395 107
396 95
397 93
398 87
399 91
400 88
401 88
402 80
403 78
404 77
405 64
406 71
407 59
408 49
409 45
410 53
411 54
412 52
413 50
414 60
415 54
416 49
417 49
418 51
419 45
420 41
421 37
422 44
423 47
424 51
425 53
426 54
427 57
428 61
429 67
430 66
431 72
432 72
433 76
434 76
435 70
436 65
437 56
438 58
439 52
440 54
441 65
442 67
443 68
444 61
445 72
446 75
447 86
448 83
449 81
450 75
451 65
452 68
453 72
454 64
455 63
456 63
457 60
458 65
459 73
460 83
461 78
462 71
463 71
464 60
465 58
466 67
467 79
468 80
469 73
470 85
471 95
472 88
473 92
474 103
475 100
476 115
477 109
478 116
479 126
480 106
481 96
482 105
483 108
484 97
485 99
486 98
487 97
488 108
489 117
490 125
491 135
492 136
493 153
494 168
495 162
496 168
497 184
498 189
499 182
500 167
501 187
502 180
503 172
504 168
505 172
506 183
507 192
508 186
509 208
510 213
511 185
512 186
513 188
514 192
515 196
516 201
517 201
518 198
519 180
520 211
521 210
522 215
523 233
524 243
525 255
526 252
527 240
528 222
529 199
530 206
531 196
532 206
533 227
534 214
535 210
536 208
537 180
538 161
539 158
540 181
541 193
542 191
543 199
544 186
545 185
546 202
547 194
548 178
549 168
550 169
551 201
552 196
553 200
554 191
555 191
556 190
557 192
558 200
559 203
560 197
561 196
562 187
563 200
564 195
565 209
566 183
567 183
568 189
569 173
570 163
571 172
572 158
573 138
574 134
575 115
576 124
577 117
578 114
579 110
580 115
581 117
582 117
583 110
584 117
585 138
586 152
587 152
588 152
589 176
590 179
591 189
592 204
593 212
594 214
595 204
596 207
597 221
598 226
599 216
600 207
601 217
602 233
603 227
604 241
605 249
606 251
607 267
608 263
609 248
610 210
611 234
612 240
613 225
614 208
615 199
616 210
617 249
618 221
619 199
620 220
621 203
622 203
623 220
624 222
625 221
626 214
627 223
628 213
629 224
630 225
631 229
632 243
633 220
634 230
635 229
636 226
637 221
638 219
639 216
640 211
641 215
642 211
643 218
644 195
645 202
646 181
647 189
648 175
649 170
650 168
651 180
652 207
653 198
654 182
655 197
656 175
657 164
658 166
659 188
660 186
661 191
662 198
663 193
664 172
665 170
666 151
667 160
668 170
669 179
670 172
671 158
672 158
673 171
674 141
675 145
676 124
677 119
678 109
679 91
680 76
681 82
682 58
683 58
684 63
685 58
686 57
687 68
688 58
689 58
690 70
691 73
692 74
693 70
694 53
695 57
696 59
697 63
698 65
699 81
700 84
701 75
702 87
703 97
704 83
705 81
706 100
707 106
708 103
709 99
710 98
711 89
712 82
713 62
714 65
715 73
716 63
717 61
718 64
719 57
720 56
721 58
722 55
723 54
724 67
725 82
726 91
727 87
728 90
729 86
730 86
731 65
732 66
733 59
734 64
735 55
736 47
737 60
738 53
739 70
740 63
741 61
742 70
743 68
744 67
745 67
746 69
747 57
748 44
749 49
750 50
751 64
752 65
753 69
754 59
755 66
756 56
757 63
758 56
759 47
760 48
761 53
762 55
763 57
764 50
765 52
766 48
767 46
768 49
769 42
770 41
771 41
772 40
773 39
774 39
775 32
776 36
777 32
778 29
779 28
780 31
781 26
782 25
783 35
784 34
785 46
786 48
787 44
788 46
789 46
790 43
791 38
792 42
793 32
794 29
795 30
796 30
797 21
798 13
799 21
800 24
801 13
802 13
803 16
804 18
805 20
806 17
807 16
808 19
809 21
810 18
811 17
812 16
813 18
814 21
815 20
816 23
817 23
818 28
819 28
820 29
821 24
822 25
823 37
824 39
825 46
826 41
827 36
828 39
829 45
830 46
831 36
832 48
833 49
834 62
835 65
836 70
837 68
838 84
839 87
840 88
841 90
842 87
843 95
844 109
845 110
846 112
847 118
848 125
849 120
850 120
851 117
852 108
853 95
854 84
855 85
856 88
857 100
858 86
859 94
860 102
861 106
862 97
863 106
864 109
865 99
866 114
867 110
868 95
869 90
870 89
871 83
872 77
873 77
874 66
875 63
876 52
877 52
878 47
879 53
880 53
881 57
882 64
883 55
884 52
885 49
886 48
887 57
888 59
889 53
890 60
891 46
892 35
893 32
894 29
895 31
896 18
897 19
898 18
899 16
900 19
901 11
902 8
903 13
904 15
905 16
906 11
907 6
908 6
909 10
910 8
911 7
912 7
913 7
914 9
915 10
916 10
917 11
918 12
919 14
920 16
921 10
922 9
923 8
924 11
925 9
926 6
927 7
928 7
929 9
930 8
931 13
932 17
933 18
934 17
935 10
936 6
937 7
938 6
939 5
940 3
941 2
942 3
943 4
944 1
945 2
946 3
947 1
948 1
949 0
950 0
951 1
952 2
953 0
954 1
955 1
956 0
957 0
958 0
959 0
960 0
961 0
962 0
963 0
964 0
965 0
966 0
967 0
968 0
969 0
970 1
971 2
972 3
973 4
974 7
975 10
976 9
977 14
978 19
979 21
980 29
981 27
982 18
983 25
984 21
985 26
986 23
987 25
988 30
989 29
990 26
991 24
992 37
993 40
994 51
995 56
996 59
997 68
998 75
999 81
1000 105
1001 114
1002 127
1003 126
1004 134
1005 136
1006 144
1007 141
1008 146
1009 152
1010 147
1011 182
1012 179
1013 184
1014 177
1015 167
1016 169
1017 167
1018 156
1019 147
1020 144
1021 134
1022 144
1023 148
1024 160
1025 144
1026 155
1027 164
1028 159
1029 161
1030 175
1031 151
1032 166
1033 158
1034 139
1035 142
1036 145
1037 152
1038 144
1039 138
1040 132
1041 138
1042 124
1043 108
1044 106
1045 119
1046 103
1047 94
1048 82
1049 85
1050 94
1051 93
1052 88
1053 77
1054 70
1055 70
1056 61
1057 68
1058 78
1059 76
1060 61
1061 78
1062 65
1063 65
1064 71
1065 78
1066 81
1067 72
1068 61
1069 65
1070 67
1071 60
1072 65
1073 55
1074 67
1075 65
1076 70
1077 81
1078 104
1079 103
1080 102
1081 98
1082 87
1083 75
1084 64
1085 77
1086 69
1087 82
1088 76
1089 81
1090 69
1091 55
1092 53
1093 49
1094 57
1095 55
1096 57
1097 50
1098 45
1099 36
1100 30
1101 27
1102 25
1103 30
1104 30
1105 28
1106 24
1107 17
1108 19
1109 19
1110 27
1111 29
1112 24
1113 21
1114 28
1115 32
1116 37
1117 31
1118 24
1119 24
1120 22
1121 25
1122 38
1123 34
1124 33
1125 33
1126 33
1127 33
1128 39
1129 52
1130 56
1131 67
1132 56
1133 55
1134 56
1135 44
1136 60
1137 65
1138 54
1139 49
1140 45
1141 49
1142 43
1143 37
1144 31
1145 33
1146 31
1147 40
1148 41
1149 42
1150 37
1151 35
1152 35
1153 34
1154 30
1155 27
1156 31
1157 30
1158 36
1159 26
1160 20
1161 18
1162 19
1163 20
1164 19
1165 21
1166 22
1167 21
1168 17
1169 23
1170 16
1171 13
1172 15
1173 12
1174 17
1175 21
1176 17
1177 28
1178 36
1179 34
1180 37
1181 30
1182 27
1183 25
1184 25
1185 21
1186 28
1187 32
1188 31
1189 38
1190 45
1191 48
1192 58
1193 48
1194 51
1195 58
1196 64
1197 66
1198 61
1199 67
1200 66
1201 69
1202 69
1203 66
1204 62
1205 64
1206 73
1207 79
1208 74
1209 76
1210 61
1211 59
1212 52
1213 66
1214 75
1215 70
1216 67
1217 64
1218 71
1219 56
1220 47
1221 54
1222 41
1223 47
1224 48
1225 37
1226 36
1227 42
1228 38
1229 31
1230 28
1231 31
1232 29
1233 29
1234 34
1235 33
1236 36
1237 24
1238 24
1239 27
1240 24
1241 22
1242 16
1243 18
1244 17
1245 17
1246 26
1247 21
1248 22
1249 21
1250 17
1251 16
1252 19
1253 18
1254 19
1255 27
1256 28
1257 23
1258 19
1259 19
1260 23
1261 19
1262 17
1263 14
1264 9
1265 8
1266 8
1267 9
1268 12
1269 10
1270 18
1271 24
1272 20
1273 15
1274 14
1275 6
1276 9
1277 9
1278 19
1279 22
1280 22
1281 18
1282 22
1283 24
1284 24
1285 23
1286 22
1287 16
1288 15
1289 14
1290 13
1291 18
1292 15
1293 12
1294 12
1295 17
1296 18
1297 14
1298 8
1299 4
1300 4
1301 6
1302 8
1303 4
1304 4
1305 3
1306 2
1307 2
1308 3
1309 0
1310 0
1311 2
1312 4
1313 3
1314 4
1315 2
1316 3
1317 7
1318 6
1319 3
1320 1
1321 2
1322 1
1323 1
1324 3
1325 4
1326 0
1327 1
1328 2
1329 3
1330 4
1331 3
1332 5
1333 7
1334 12
1335 13
1336 11
1337 12
1338 9
1339 5
1340 1
1341 1
1342 0
1343 0
1344 0
1345 0
1346 0
1347 0
1348 2
1349 2
1350 4
1351 2
1352 5
1353 8
1354 6
1355 10
1356 12
1357 18
1358 13
1359 18
1360 20
1361 19
1362 22
1363 32
1364 36
1365 26
1366 22
1367 21
1368 22
1369 14
1370 12
1371 13
1372 16
1373 14
1374 9
1375 12
1376 10
1377 9
1378 11
1379 12
1380 16
1381 10
1382 11
1383 14
1384 10
1385 17
1386 16
1387 19
1388 21
1389 19
1390 24
1391 19
1392 20
1393 20
1394 20
1395 19
1396 17
1397 14
1398 14
1399 16
1400 19
1401 24
1402 23
1403 27
1404 21
1405 18
1406 17
1407 14
1408 8
1409 3
1410 2
1411 0
1412 0
1413 0
1414 2
1415 5
1416 9
1417 11
1418 14
1419 8
1420 7
1421 6
1422 6
1423 4
1424 7
1425 9
1426 10
1427 9
1428 12
1429 12
1430 12
1431 7
1432 7
1433 7
1434 6
1435 2
1436 1
1437 2
1438 3
1439 2
1440 2
1441 2
1442 3
1443 3
1444 1
1445 1
1446 1
1447 0
1448 0
1449 1
1450 1
1451 1
1452 2
1453 2
1454 2
1455 1
1456 2
1457 1
1458 3
1459 4
1460 3
1461 1
1462 1
1463 1
1464 1
1465 1
1466 1
1467 2
1468 2
1469 2
1470 2
1471 3
1472 4
1473 4
1474 2
1475 3
1476 3
1477 2
1478 1
1479 0
1480 0
1481 0
1482 0
1483 0
1484 1
1485 1
1486 1
1487 3
1488 3
1489 6
1490 4
1491 1
1492 0
1493 0
1494 0
1495 0
1496 0
1497 0
1498 0
1499 0
1500 1
1501 1
1502 3
1503 6
1504 7
1505 8
1506 9
1507 18
1508 21
1509 22
1510 22
1511 24
1512 29
1513 26
1514 28
1515 22
1516 28
1517 34
1518 29
1519 39
1520 44
1521 42
1522 51
1523 50
1524 54
1525 56
1526 54
1527 66
1528 66
1529 53
1530 47
1531 42
1532 41
1533 41
1534 44
1535 49
1536 58
1537 70
1538 58
1539 57
1540 68
1541 75
1542 82
1543 73
1544 74
1545 57
1546 47
1547 60
1548 62
1549 57
1550 46
1551 39
1552 37
1553 46
1554 41
1555 36
1556 43
1557 34
1558 25
1559 24
1560 33
1561 38
1562 37
1563 26
1564 32
1565 38
1566 38
1567 30
1568 26
1569 22
1570 18
1571 16
1572 20
1573 24
1574 17
1575 19
1576 15
1577 16
1578 16
1579 17
1580 16
1581 13
1582 16
1583 10
1584 6
1585 9
1586 10
1587 5
1588 7
1589 7
1590 8
1591 8
1592 9
1593 10
1594 8
1595 16
1596 18
1597 19
1598 25
1599 30
1600 29
1601 25
1602 22
1603 21
1604 17
1605 11
1606 8
1607 11
1608 1
1609 3
1610 3
1611 2
1612 3
1613 4
1614 3
1615 3
1616 2
1617 1
1618 0
1619 0
1620 0
1621 1
1622 0
1623 0
1624 0
1625 0
1626 0
1627 1
1628 1
1629 0
1630 0
1631 0
1632 0
1633 0
1634 0
1635 0
1636 0
1637 0
1638 1
1639 0
1640 0
1641 0
1642 0
1643 0
1644 0
1645 1
1646 0
1647 0
1648 0
1649 0
1650 0
1651 0
1652 0
1653 0
1654 1
1655 1
1656 1
1657 0
1658 0
1659 0
1660 1
1661 0
1662 1
1663 0
1664 0
1665 2
1666 4
1667 2
1668 1
1669 1
1670 0
1671 0
1672 0
1673 0
1674 0
1675 0
1676 0
1677 0
1678 0
1679 0
1680 0
1681 0
1682 0
1683 0
1684 0
1685 1
1686 0
1687 0
1688 0
1689 0
1690 1
1691 2
1692 2
1693 5
1694 9
1695 12
1696 10
1697 11
1698 10
1699 7
1700 5
1701 10
1702 12
1703 12
1704 14
1705 18
1706 11
1707 11
1708 15
1709 20
1710 21
1711 20
1712 12
1713 8
1714 5
1715 10
1716 11
1717 8
1718 7
1719 9
1720 5
1721 1
1722 1
1723 1
1724 3
1725 0
1726 1
1727 2
1728 2
1729 4
1730 2
1731 3
1732 2
1733 1
1734 1
1735 0
1736 0
1737 0
1738 0
1739 0
1740 0
1741 0
1742 0
1743 0
1744 1
1745 0
1746 0
1747 1
1748 1
1749 0
1750 1
1751 2
1752 4
1753 1
1754 2
1755 2
1756 0
1757 1
1758 2
1759 3
1760 4
1761 2
1762 1
1763 3
1764 6
1765 2
1766 2
1767 1
1768 2
1769 1
1770 0
1771 2
1772 2
1773 3
1774 1
1775 1
1776 0
1777 0
1778 0
1779 0
1780 0
1781 0
1782 1
1783 3
1784 4
1785 6
1786 9
1787 6
1788 3
1789 1
1790 2
1791 2
1792 3
1793 5
1794 4
1795 3
1796 7
1797 10
1798 13
1799 12
1800 12
1801 9
1802 4
1803 3
1804 1
1805 1
1806 1
1807 1
1808 0
1809 0
1810 0
1811 0
1812 0
1813 0
1814 0
1815 0
1816 0
1817 0
1818 0
1819 0
1820 0
1821 0
1822 0
1823 0
1824 0
1825 1
1826 1
1827 2
1828 4
1829 4
1830 7
1831 10
1832 7
1833 4
1834 7
1835 3
1836 1
1837 1
1838 2
1839 2
1840 1
1841 0
1842 0
1843 1
1844 1
1845 3
1846 4
1847 10
1848 10
1849 6
1850 5
1851 9
1852 10
1853 13
1854 9
1855 9
1856 9
1857 5
1858 6
1859 10
1860 10
1861 12
1862 8
1863 6
1864 4
1865 4
1866 8
1867 8
1868 4
1869 5
1870 3
1871 0
1872 0
1873 0
1874 2
1875 3
1876 4
1877 2
1878 4
1879 6
1880 2
1881 3
1882 3
1883 7
1884 4
1885 4
1886 8
1887 3
1888 3
1889 3
1890 5
1891 3
1892 4
1893 7
1894 10
1895 11
1896 12
1897 11
1898 10
1899 10
1900 15
1901 21
1902 20
1903 16
1904 24
1905 25
1906 24
1907 28
1908 27
1909 34
1910 36
1911 31
1912 34
1913 44
1914 44
1915 42
1916 39
1917 29
1918 31
1919 41
1920 45
1921 31
1922 32
1923 42
1924 44
1925 47
1926 50
1927 51
1928 44
1929 47
1930 33
1931 28
1932 31
1933 42
1934 38
1935 53
1936 57
1937 56
1938 46
1939 47
1940 41
1941 40
1942 39
1943 27
1944 24
1945 32
1946 26
1947 34
1948 34
1949 46
1950 40
1951 36
1952 36
1953 37
1954 44
1955 47
1956 52
1957 54
1958 52
1959 48
1960 53
1961 42
1962 53
1963 54
1964 51
1965 51
1966 45
1967 49
1968 56
1969 69
1970 59
1971 57
1972 55
1973 61
1974 55
1975 46
1976 49
1977 57
1978 52
1979 61
1980 59
1981 70
1982 77
1983 80
1984 88
1985 78
1986 83
1987 91
1988 78
1989 84
1990 93
1991 91
1992 97
1993 81
1994 85
1995 106
1996 114
1997 101
1998 100
1999 115
2000 117
2001 109
2002 103
2003 105
2004 114
2005 126
2006 106
2007 110
2008 98
2009 91
2010 78
2011 68
2012 76
2013 90
2014 80
2015 79
2016 76
2017 69
2018 56
2019 45
2020 45
2021 42
2022 42
2023 52
2024 47
2025 45
2026 58
2027 59
2028 65
2029 53
2030 56
2031 54
2032 50
2033 55
2034 68
2035 77
2036 73
2037 79
2038 87
2039 82
2040 84
2041 73
2042 75
2043 85
2044 88
2045 74
2046 78
2047 81
2048 85
2049 90
2050 84
2051 64
2052 53
2053 50
2054 40
2055 40
2056 41
2057 36
2058 37
2059 44
2060 36
2061 32
2062 26
2063 27
2064 32
2065 32
2066 36
2067 32
2068 37
2069 40
2070 31
2071 38
2072 40
2073 41
2074 36
2075 28
2076 38
2077 38
2078 36
2079 26
2080 26
2081 26
2082 32
2083 34
2084 29
2085 37
2086 43
2087 34
2088 41
2089 44
2090 51
2091 54
2092 49
2093 56
2094 62
2095 60
2096 56
2097 61
2098 52
2099 50
2100 59
2101 51
2102 51
2103 58
2104 68
2105 67
2106 68
2107 73
2108 88
2109 97
2110 90
2111 86
2112 82
2113 67
2114 50
2115 53
2116 61
2117 49
2118 51
2119 56
2120 59
2121 66
2122 63
2123 60
2124 51
2125 51
2126 49
2127 40
2128 31
2129 39
2130 40
2131 38
2132 31
2133 31
2134 29
2135 32
2136 31
2137 36
2138 43
2139 36
2140 40
2141 37
2142 34
2143 28
2144 23
2145 20
2146 18
2147 25
2148 24
2149 23
2150 21
2151 26
2152 30
2153 31
2154 33
2155 31
2156 33
2157 36
2158 44
2159 32
2160 29
2161 29
2162 28
2163 26
2164 26
2165 27
2166 22
2167 22
2168 15
2169 13
2170 11
2171 11
2172 15
2173 16
2174 16
2175 19
2176 17
2177 11
2178 9
2179 13
2180 11
2181 15
2182 13
2183 16
2184 23
2185 31
2186 35
2187 39
2188 31
2189 25
2190 23
2191 22
2192 21
2193 29
2194 21
2195 16
2196 21
2197 18
2198 21
2199 18
2200 12
2201 10
2202 11
2203 15
2204 13
2205 9
2206 9
2207 10
2208 12
2209 19
2210 23
2211 26
2212 24
2213 31
2214 30
2215 28
2216 26
2217 18
2218 16
2219 12
2220 11
2221 14
2222 17
2223 20
2224 19
2225 17
2226 14
2227 16
2228 16
2229 17
2230 8
2231 7
2232 6
2233 8
2234 9
2235 11
2236 14
2237 26
2238 29
2239 28
2240 33
2241 41
2242 45
2243 44
2244 49
2245 45
2246 29
2247 21
2248 22
2249 20
2250 10
2251 8
2252 8
2253 7
2254 5
2255 10
2256 6
2257 6
2258 8
2259 7
2260 6
2261 3
2262 5
2263 4
2264 4
2265 6
2266 10
2267 13
2268 11
2269 13
2270 20
2271 27
2272 29
2273 39
2274 38
2275 46
2276 36
2277 47
2278 59
2279 52
2280 54
2281 52
2282 48
2283 60
2284 65
2285 63
2286 63
2287 71
2288 68
2289 71
2290 79
2291 75
2292 74
2293 63
2294 74
2295 68
2296 55
2297 57
2298 52
2299 48
2300 33
2301 49
2302 41
2303 31
2304 27
2305 24
2306 25
2307 19
2308 16
2309 27
2310 26
2311 18
2312 24
2313 26
2314 29
2315 39
2316 32
2317 30
2318 24
2319 25
2320 21
2321 22
2322 25
2323 18
2324 16
2325 16
2326 14
2327 18
2328 17
2329 12
2330 9
2331 15
2332 15
2333 14
2334 9
2335 6
2336 7
2337 4
2338 4
2339 4
2340 4
2341 3
2342 3
2343 1
2344 3
2345 3
2346 4
2347 6
2348 8
2349 8
2350 7
2351 11
2352 8
2353 7
2354 5
2355 3
2356 3
2357 0
2358 0
2359 1
2360 0
2361 0
2362 1
2363 1
2364 0
2365 1
2366 1
2367 2
2368 3
2369 1
2370 2
2371 4
2372 4
2373 4
2374 6
2375 9
2376 10
2377 14
2378 18
2379 19
2380 14
2381 10
2382 7
2383 12
2384 12
2385 9
2386 8
2387 14
2388 13
2389 18
2390 16
2391 13
2392 10
2393 12
2394 19
2395 23
2396 28
2397 39
2398 38
2399 40
2400 54
2401 54
2402 63
2403 67
2404 67
2405 62
2406 55
2407 43
2408 33
2409 31
2410 26
2411 26
2412 30
2413 32
2414 37
2415 42
2416 35
2417 40
2418 37
2419 29
2420 23
2421 35
2422 24
2423 28
2424 34
2425 31
2426 33
2427 39
2428 31
2429 24
2430 25
2431 33
2432 28
2433 28
2434 24
2435 20
2436 20
2437 19
2438 21
2439 24
2440 22
2441 25
2442 32
2443 26
2444 30
2445 41
2446 41
2447 49
2448 66
2449 57
2450 61
2451 64
2452 72
2453 73
2454 78
2455 62
2456 53
2457 47
2458 47
2459 36
2460 32
2461 41
2462 38
2463 42
2464 42
2465 49
2466 67
2467 75
2468 69
2469 55
2470 39
2471 48
2472 48
2473 46
2474 49
2475 55
2476 54
2477 45
2478 39
2479 54
2480 58
2481 59
2482 63
2483 55
2484 62
2485 60
2486 64
2487 67
2488 79
2489 67
2490 78
2491 62
2492 74
2493 74
2494 67
2495 54
2496 50
2497 60
2498 64
2499 71
2500 60
2501 59
2502 65
2503 69
2504 81
2505 66
2506 69
2507 63
2508 69
2509 72
2510 89
2511 82
2512 73
2513 71
2514 66
2515 73
2516 79
2517 86
2518 72
2519 57
2520 61
2521 56
2522 58
2523 56
2524 57
2525 50
2526 56
2527 51
2528 49
2529 47
2530 45
2531 40
2532 40
2533 39
2534 44
2535 46
2536 44
2537 50
2538 55
2539 46
2540 50
2541 46
2542 40
2543 33
2544 28
2545 35
2546 25
2547 18
2548 15
2549 18
2550 26
2551 20
2552 26
2553 21
2554 21
2555 16
2556 22
2557 20
2558 28
2559 28
2560 32
2561 39
2562 32
2563 33
2564 40
2565 43
2566 61
2567 49
2568 52
2569 56
2570 53
2571 49
2572 44
2573 51
2574 68
2575 74
2576 77
2577 75
2578 78
2579 77
2580 80
2581 72
2582 81
2583 96
2584 98
2585 112
2586 113
2587 125
2588 112
2589 115
2590 112
2591 106
2592 146
2593 140
2594 123
2595 123
2596 136
2597 130
2598 131
2599 138
2600 136
2601 130
2602 120
2603 118
2604 119
2605 111
2606 95
2607 100
2608 94
2609 108
2610 120
2611 120
2612 128
2613 125
2614 129
2615 136
2616 121
2617 126
2618 128
2619 103
2620 76
2621 89
2622 80
2623 84
2624 99
2625 94
2626 92
2627 76
2628 69
2629 79
2630 90
2631 91
2632 91
2633 98
2634 89
2635 91
2636 93
2637 96
2638 96
2639 84
2640 81
2641 68
2642 65
2643 77
2644 77
2645 73
2646 64
2647 65
2648 61
2649 41
2650 40
2651 40
2652 50
2653 68
2654 72
2655 84
2656 91
2657 80
2658 82
2659 85
2660 67
2661 64
2662 69
2663 83
2664 94
2665 84
2666 102
2667 92
2668 109
2669 128
2670 135
2671 141
2672 155
2673 148
2674 163
2675 149
2676 163
2677 152
2678 156
2679 147
2680 135
2681 145
2682 141
2683 143
2684 148
2685 139
2686 147
2687 153
2688 146
2689 140
2690 144
2691 152
2692 138
2693 167
2694 169
2695 181
2696 212
2697 207
2698 186
2699 181
2700 169
2701 159
2702 155
2703 155
2704 159
2705 170
2706 183
2707 164
2708 139
2709 151
2710 156
2711 133
2712 130
2713 127
2714 134
2715 114
2716 107
2717 107
2718 107
2719 107
2720 107
2721 121
2722 107
2723 98
2724 82
2725 85
2726 85
2727 94
2728 96
2729 104
2730 108
2731 107
2732 115
2733 117
2734 120
2735 130
2736 130
2737 129
2738 120
2739 116
2740 123
2741 118
2742 110
2743 125
2744 112
2745 107
2746 97
2747 78
2748 59
2749 58
2750 45
2751 54
2752 48
2753 48
2754 51
2755 58
2756 56
2757 50
2758 45
2759 54
2760 53
2761 56
2762 50
2763 43
2764 48
2765 62
2766 63
2767 62
2768 68
2769 71
2770 69
2771 74
2772 66
2773 88
2774 98
2775 98
2776 98
2777 95
2778 86
2779 91
2780 87
2781 91
2782 89
2783 85
2784 79
2785 82
2786 77
2787 88
2788 86
2789 84
2790 83
2791 89
2792 90
2793 99
2794 101
2795 110
2796 104
2797 83
2798 86
2799 103
2800 79
2801 75
2802 68
2803 78
2804 74
2805 78
2806 77
2807 87
2808 82
2809 103
2810 108
2811 106
2812 110
2813 109
2814 100
2815 92
2816 79
2817 82
2818 88
2819 104
2820 116
2821 108
2822 127
2823 126
2824 126
2825 115
2826 116
2827 110
2828 115
2829 118
2830 125
2831 134
2832 136
2833 134
2834 124
2835 116
2836 111
2837 97
2838 106
2839 106
2840 103
2841 99
2842 110
2843 118
2844 141
2845 132
2846 118
2847 134
2848 133
2849 135
2850 135
2851 139
2852 144
2853 146
2854 149
2855 136
2856 148
2857 139
2858 137
2859 125
2860 115
2861 107
2862 86
2863 85
2864 76
2865 73
2866 70
2867 64
2868 60
2869 55
2870 45
2871 62
2872 62
2873 76
2874 71
2875 70
2876 74
2877 58
2878 69
2879 77
2880 81
2881 73
2882 79
2883 92
2884 86
2885 73
2886 90
2887 80
2888 66
2889 55
2890 63
2891 63
2892 61
2893 51
2894 53
2895 52
2896 40
2897 42
2898 40
2899 38
2900 35
2901 41
2902 55
2903 54
2904 58
2905 62
2906 63
2907 69
2908 74
2909 74
2910 62
2911 67
2912 66
2913 52
2914 60
2915 71
2916 67
2917 58
2918 62
2919 66
2920 67
2921 74
2922 71
2923 79
2924 62
2925 60
2926 50
2927 42
2928 41
2929 36
2930 44
2931 48
2932 60
2933 64
2934 48
2935 61
2936 52
2937 68
2938 58
2939 42
2940 55
2941 43
2942 45
2943 43
2944 56
2945 59
2946 68
2947 81
2948 71
2949 69
2950 68
2951 67
2952 57
2953 48
2954 45
2955 49
2956 53
2957 47
2958 43
2959 47
2960 51
2961 52
2962 47
2963 50
2964 45
2965 47
2966 55
2967 57
2968 62
2969 72
2970 73
2971 73
2972 92
2973 119
2974 137
2975 150
2976 133
2977 128
2978 129
2979 143
2980 156
2981 140
2982 136
2983 127
2984 127
2985 102
2986 87
2987 94
2988 89
2989 71
2990 67
2991 69
2992 69
2993 69
2994 75
2995 75
2996 85
2997 99
2998 93
2999 97
3000 93
3001 76
3002 71
3003 76
3004 65
3005 64
3006 72
3007 83
3008 70
3009 77
3010 78
3011 96
3012 97
3013 101
3014 91
3015 91
3016 93
3017 109
3018 120
3019 133
3020 124
3021 125
3022 113
3023 118
3024 125
3025 118
3026 93
3027 80
3028 72
3029 62
3030 56
3031 53
3032 53
3033 51
3034 51
3035 60
3036 45
3037 52
3038 45
3039 48
3040 42
3041 44
3042 50
3043 38
3044 37
3045 29
3046 29
3047 34
3048 29
3049 35
3050 46
3051 39
3052 45
3053 47
3054 55
3055 62
3056 58
3057 51
3058 48
3059 41
3060 39
3061 32
3062 37
3063 36
3064 34
3065 33
3066 24
3067 31
3068 27
3069 28
3070 23
3071 22
3072 23
3073 24
3074 26
3075 18
3076 11
3077 7
3078 7
3079 5
3080 2
3081 4
3082 2
3083 2
3084 1
3085 1
3086 2
3087 0
3088 0
3089 0
3090 0
3091 0
3092 0
3093 0
3094 0
3095 0
3096 1
3097 0
3098 0
3099 0
3100 0
3101 0
3102 1
3103 1
3104 0
3105 0
3106 0
3107 0
3108 0
3109 0
3110 0
3111 0
3112 0
3113 0
3114 0
3115 2
3116 3
3117 2
3118 2
3119 1
3120 2
3121 1
3122 1
3123 1
3124 0
3125 0
3126 0
3127 0
3128 0
3129 0
3130 0
3131 0
3132 0
3133 0
3134 0
3135 1
3136 2
3137 4
3138 6
3139 8
3140 7
3141 9
3142 8
3143 7
3144 5
3145 6
3146 8
3147 8
3148 4
3149 3
3150 1
3151 1
3152 2
3153 2
3154 3
3155 1
3156 3
3157 2
3158 3
3159 4
3160 5
3161 6
3162 8
3163 8
3164 7
3165 4
3166 6
3167 6
3168 7
3169 3
3170 4
3171 2
3172 3
3173 2
3174 0
3175 0
3176 1
3177 4
3178 5
3179 8
3180 6
3181 8
3182 13
3183 13
3184 16
3185 13
3186 14
3187 17
3188 14
3189 17
3190 18
3191 23
3192 21
3193 24
3194 29
3195 35
3196 43
3197 45
3198 42
3199 45
3200 38
3201 36
3202 32
3203 29
3204 38
3205 41
3206 48
3207 48
3208 39
3209 40
3210 41
3211 51
3212 56
3213 61
3214 58
3215 65
3216 73
3217 71
3218 89
3219 101
3220 89
3221 93
3222 80
3223 77
3224 74
3225 83
3226 73
3227 107
3228 105
3229 111
3230 107
3231 106
3232 103
3233 102
3234 110
3235 105
3236 86
3237 95
3238 103
3239 98
3240 114
3241 129
3242 106
3243 104
3244 116
3245 138
3246 151
3247 143
3248 165
3249 160
3250 159
3251 157
3252 174
3253 159
3254 144
3255 136
3256 147
3257 125
3258 136
3259 127
3260 116
3261 130
3262 128
3263 121
3264 137
3265 127
3266 133
3267 126
3268 128
3269 114
3270 108
3271 111
3272 105
3273 114
3274 103
3275 81
3276 86
3277 82
3278 83
3279 81
3280 87
3281 83
3282 84
3283 75
3284 72
3285 79
3286 77
3287 80
3288 77
3289 79
3290 86
3291 77
3292 60
3293 59
3294 73
3295 75
3296 78
3297 78
3298 74
3299 62
3300 63
3301 58
3302 64
3303 62
3304 50
3305 51
3306 46
3307 37
3308 34
3309 35
3310 36
3311 45
3312 48
3313 47
3314 45
3315 60
3316 55
3317 45
3318 40
3319 45
3320 45
3321 44
3322 45
3323 58
3324 55
3325 63
3326 54
3327 57
3328 61
3329 60
3330 59
3331 59
3332 54
3333 55
3334 59
3335 46
3336 49
3337 48
3338 51
3339 44
3340 50
3341 39
3342 44
3343 52
3344 62
3345 69
3346 79
3347 63
3348 71
3349 89
3350 95
3351 99
3352 109
3353 115
3354 121
3355 115
3356 127
3357 145
3358 150
3359 144
3360 166
3361 148
3362 145
3363 171
3364 172
3365 179
3366 166
3367 166
3368 160
3369 170
3370 184
3371 178
3372 187
3373 183
3374 158
3375 169
3376 161
3377 154
3378 144
3379 155
3380 169
3381 167
3382 161
3383 162
3384 167
3385 176
3386 160
3387 159
3388 144
3389 160
3390 164
3391 155
3392 156
3393 176
3394 169
3395 171
3396 182
3397 193
3398 180
3399 175
3400 174
3401 193
3402 193
3403 179
3404 182
3405 183
3406 179
3407 167
3408 165
3409 159
3410 141
3411 141
3412 138
3413 133
3414 141
3415 142
3416 166
3417 192
3418 193
3419 212
3420 223
3421 239
3422 247
3423 240
3424 217
3425 204
3426 200
3427 205
3428 242
3429 255
3430 245
3431 251
3432 229
3433 215
3434 220
3435 226
3436 234
3437 236
3438 248
3439 242
3440 237
3441 254
3442 269
3443 304
3444 288
3445 313
3446 314
3447 318
3448 337
3449 363
3450 368
3451 357
3452 353
3453 378
3454 385
3455 369
3456 382
3457 405
3458 419
3459 415
3460 393
3461 381
3462 362
3463 361
3464 364
3465 372
3466 368
3467 372
3468 372
3469 374
3470 383
3471 381
3472 388
3473 384
3474 374
3475 386
3476 358
3477 384
3478 380
3479 398
3480 419
3481 455
3482 425
3483 410
3484 447
3485 462
3486 477
3487 467
3488 449
3489 461
3490 438
3491 425
3492 429
3493 455
3494 452
3495 472
3496 483
3497 495
3498 495
3499 455
3500 446
3501 437
3502 424
3503 385
3504 370
3505 361
3506 369
3507 384
3508 388
3509 412
3510 411
3511 401
3512 374
3513 368
3514 377
3515 366
3516 366
3517 375
3518 398
3519 398
3520 418
3521 424
3522 414
3523 429
3524 478
3525 485
3526 482
3527 479
3528 466
3529 452
3530 447
3531 472
3532 447
3533 440
3534 429
3535 406
3536 421
3537 442
3538 443
3539 468
3540 461
3541 450
3542 457
3543 446
3544 446
3545 434
3546 425
3547 418
3548 411
3549 413
3550 405
3551 403
3552 397
3553 386
3554 409
3555 419
3556 390
3557 415
3558 413
3559 442
3560 501
3561 530
3562 528
3563 531
3564 557
3565 544
3566 531
3567 495
3568 476
3569 458
3570 467
3571 485
3572 491
3573 490
3574 485
3575 456
3576 477
3577 474
3578 480
3579 461
3580 448
3581 459
3582 453
3583 467
3584 486
3585 461
3586 479
3587 482
3588 493
3589 512
3590 527
3591 547
3592 563
3593 512
3594 499
3595 469
3596 469
3597 452
3598 454
3599 461
3600 474
3601 458
3602 484
3603 490
3604 481
3605 473
3606 467
3607 470
3608 469
3609 450
3610 462
3611 458
3612 473
3613 465
3614 457
3615 408
3616 409
3617 397
3618 392
3619 399
3620 376
3621 399
3622 379
3623 414
3624 409
3625 369
3626 349
3627 371
3628 351
3629 356
3630 379
3631 387
3632 404
3633 413
3634 404
3635 424
3636 400
3637 436
3638 416
3639 419
3640 409
3641 442
3642 428
3643 429
3644 432
3645 404
3646 392
3647 392
3648 377
3649 377
3650 377
3651 372
3652 336
3653 349
3654 335
3655 300
3656 306
3657 334
3658 314
3659 329
3660 341
3661 332
3662 323
3663 340
3664 314
3665 322
3666 316
3667 320
3668 320
3669 351
3670 346
3671 340
3672 343
3673 344
3674 357
3675 363
3676 338
3677 365
3678 362
3679 367
3680 363
3681 350
3682 321
3683 305
3684 289
3685 302
3686 294
3687 265
3688 279
3689 285
3690 266
3691 245
3692 245
3693 230
3694 223
3695 220
3696 220
3697 225
3698 212
3699 212
3700 204
3701 199
3702 211
3703 198
3704 196
3705 222
3706 216
3707 229
3708 222
3709 208
3710 239
3711 246
3712 247
3713 234
3714 251
3715 259
3716 290
3717 284
3718 286
3719 282
3720 286
3721 289
3722 301
3723 290
3724 295
3725 320
3726 345
3727 302
3728 289
3729 305
3730 297
3731 286
3732 280
3733 282
3734 250
3735 251
3736 262
3737 249
3738 257
3739 260
3740 246
3741 252
3742 252
3743 276
3744 277
3745 293
3746 293
3747 294
3748 307
3749 307
3750 307
3751 285
3752 279
3753 298
3754 293
3755 289
3756 300
3757 285
3758 298
3759 282
3760 302
3761 304
3762 312
3763 271
3764 260
3765 268
3766 247
3767 277
3768 252
3769 232
3770 236
3771 245
3772 230
3773 245
3774 268
3775 250
3776 257
3777 257
3778 253
3779 246
3780 259
3781 220
3782 237
3783 245
3784 217
3785 210
3786 206
3787 209
3788 206
3789 201
3790 200
3791 202
3792 217
3793 242
3794 237
3795 201
3796 199
3797 214
3798 202
3799 208
3800 191
3801 194
3802 175
3803 171
3804 164
3805 162
3806 181
3807 202
3808 188
3809 194
3810 182
3811 166
3812 177
3813 159
3814 163
3815 147
3816 150
3817 166
3818 161
3819 161
3820 158
3821 174
3822 172
3823 164
3824 166
3825 172
3826 181
3827 175
3828 163
3829 144
3830 156
3831 158
3832 163
3833 148
3834 142
3835 124
3836 120
3837 125
3838 137
3839 116
3840 108
3841 109
3842 108
3843 105
3844 103
3845 97
3846 99
3847 84
3848 85
3849 80
3850 84
3851 98
3852 95
3853 98
3854 103
3855 114
3856 129
3857 126
3858 136
3859 132
3860 137
3861 135
3862 125
3863 116
3864 107
3865 118
3866 125
3867 129
3868 109
3869 105
3870 122
3871 113
3872 108
3873 123
3874 108
3875 122
3876 105
3877 104
3878 104
3879 91
3880 100
3881 84
3882 78
3883 74
3884 81
3885 89
3886 72
3887 74
3888 84
3889 89
3890 82
3891 84
3892 83
3893 74
3894 64
3895 61
3896 62
3897 64
3898 66
3899 55
3900 60
3901 64
3902 61
3903 74
3904 81
3905 91
3906 96
3907 102
3908 110
3909 116
3910 112
3911 118
3912 125
3913 134
3914 138
3915 142
3916 139
3917 139
3918 144
3919 142
3920 148
3921 150
3922 162
3923 182
3924 185
3925 199
3926 202
3927 204
3928 217
3929 218
3930 215
3931 213
3932 212
3933 210
3934 236
3935 253
3936 221
3937 212
3938 202
3939 201
3940 195
3941 183
3942 183
3943 163
3944 159
3945 168
3946 185
3947 167
3948 150
3949 186
3950 226
3951 242
3952 243
3953 232
3954 248
3955 262
3956 260
3957 263
3958 239
3959 257
3960 230
3961 219
3962 198
3963 203
3964 218
3965 207
3966 191
3967 178
3968 171
3969 154
3970 162
3971 155
3972 153
3973 141
3974 125
3975 112
3976 113
3977 118
3978 134
3979 124
3980 118
3981 124
3982 119
3983 125
3984 133
3985 118
3986 108
3987 108
3988 120
3989 130
3990 129
3991 128
3992 132
3993 125
3994 134
3995 135
3996 141
3997 135
3998 111
3999 101
4000 98
4001 107
4002 98
4003 101
4004 111
4005 126
4006 133
4007 116
4008 106
4009 103
4010 103
4011 105
4012 99
4013 97
4014 92
4015 98
4016 92
4017 109
4018 110
4019 100
4020 93
4021 96
4022 94
4023 96
4024 85
4025 89
4026 84
4027 87
4028 83
4029 91
4030 87
4031 95
4032 102
4033 100
4034 90
4035 92
4036 82
4037 70
4038 64
4039 59
4040 67
4041 70
4042 90
4043 80
4044 93
4045 102
4046 99
4047 98
4048 102
4049 102
4050 109
4051 93
4052 78
4053 68
4054 69
4055 61
4056 62
4057 68
4058 68
4059 77
4060 78
4061 86
4062 85
4063 81
4064 74
4065 64
4066 71
4067 75
4068 81
4069 74
4070 60
4071 69
4072 60
4073 48
4074 54
4075 61
4076 66
4077 61
4078 58
4079 54
4080 61
4081 69
4082 72
4083 68
4084 63
4085 58
4086 56
4087 54
4088 47
4089 47
4090 65
4091 73
4092 80
4093 85
4094 100
4095 77
4096 77
4097 80
4098 74
4099 61
4100 64
4101 54
4102 57
4103 54
4104 54
4105 60
4106 67
4107 69
4108 69
4109 77
4110 77
4111 80
4112 81
4113 69
4114 77
4115 75
4116 80
4117 77
4118 83
4119 103
4120 105
4121 94
4122 90
4123 94
4124 91
4125 84
4126 91
4127 89
4128 99
4129 102
4130 106
4131 102
4132 121
4133 117
4134 110
4135 103
4136 101
4137 105
4138 85
4139 93
4140 72
4141 60
4142 61
4143 51
4144 59
4145 66
4146 59
4147 56
4148 67
4149 67
4150 62
4151 55
4152 59
4153 68
4154 76
4155 71
4156 72
4157 69
4158 64
4159 65
4160 72
4161 70
4162 79
4163 86
4164 92
4165 83
4166 95
4167 100
4168 107
4169 86
4170 73
4171 85
4172 73
4173 77
4174 77
4175 85
4176 83
4177 86
4178 92
4179 86
4180 103
4181 95
4182 93
4183 97
4184 98
4185 93
4186 95
4187 96
4188 82
4189 81
4190 74
4191 72
4192 64
4193 65
4194 60
4195 57
4196 57
4197 40
4198 43
4199 44
4200 46
4201 40
4202 54
4203 49
4204 60
4205 77
4206 75
4207 70
4208 76
4209 87
4210 89
4211 76
4212 72
4213 69
4214 61
4215 60
4216 65
4217 65
4218 58
4219 60
4220 46
4221 44
4222 41
4223 45
4224 42
4225 45
4226 57
4227 69
4228 66
4229 66
4230 79
4231 81
4232 78
4233 83
4234 77
4235 74
4236 74
4237 76
4238 82
4239 71
4240 64
4241 73
4242 66
4243 74
4244 84
4245 95
4246 107
4247 94
4248 100
4249 106
4250 108
4251 97
4252 98
4253 101
4254 107
4255 120
4256 113
4257 124
4258 138
4259 152
4260 145
4261 140
4262 143
4263 149
4264 147
4265 134
4266 138
4267 144
4268 164
4269 171
4270 161
4271 169
4272 162
4273 174
4274 185
4275 205
4276 215
4277 227
4278 227
4279 244
4280 245
4281 198
4282 216
4283 220
4284 222
4285 198
4286 177
4287 184
4288 150
4289 153
4290 149
4291 158
4292 156
4293 168
4294 154
4295 145
4296 148
4297 137
4298 130
4299 123
4300 139
4301 150
4302 151
4303 150
4304 140
4305 134
4306 113
4307 111
4308 114
4309 128
4310 115
4311 116
4312 106
4313 113
4314 113
4315 120
4316 130
4317 143
4318 144
4319 145
4320 147
4321 139
4322 121
4323 114
4324 123
4325 112
4326 118
4327 120
4328 115
4329 120
4330 118
4331 103
4332 95
4333 112
4334 104
4335 115
4336 114
4337 120
4338 138
4339 127
4340 115
4341 130
4342 131
4343 141
4344 132
4345 138
4346 142
4347 135
4348 140
4349 143
4350 137
4351 151
4352 124
4353 145
4354 167
4355 175
4356 175
4357 187
4358 185
4359 191
4360 197
4361 177
4362 173
4363 156
4364 154
4365 173
4366 180
4367 174
4368 186
4369 185
4370 169
4371 181
4372 183
4373 198
4374 178
4375 171
4376 167
4377 177
4378 209
4379 217
4380 228
4381 225
4382 224
4383 254
4384 239
4385 224
4386 238
4387 258
4388 259
4389 254
4390 230
4391 226
4392 228
4393 211
4394 182
4395 170
4396 168
4397 151
4398 155
4399 153
4400 148
4401 150
4402 150
4403 152
4404 152
4405 138
4406 125
4407 124
4408 131
4409 143
4410 136
4411 136
4412 140
4413 134
4414 138
4415 118
4416 117
4417 117
4418 116
4419 126
4420 135
4421 131
4422 130
4423 144
4424 156
4425 158
4426 184
4427 157
4428 177
4429 170
4430 167
4431 175
4432 171
4433 167
4434 176
4435 178
4436 186
4437 202
4438 210
4439 198
4440 206
4441 216
4442 220
4443 233
4444 248
4445 229
4446 228
4447 241
4448 238
4449 221
4450 193
4451 190
4452 163
4453 143
4454 172
4455 182
4456 192
4457 190
4458 196
4459 192
4460 190
4461 198
4462 200
4463 195
4464 196
4465 237
4466 261
4467 252
4468 266
4469 267
4470 274
4471 263
4472 260
4473 243
4474 233
4475 241
4476 245
4477 247
4478 261
4479 266
4480 239
4481 240
4482 240
4483 250
4484 242
4485 230
4486 222
4487 204
4488 210
4489 216
4490 200
4491 188
4492 191
4493 179
4494 188
4495 204
4496 234
4497 229
4498 223
4499 237
4500 237
4501 237
4502 228
4503 221
4504 221
4505 220
4506 222
4507 213
4508 225
4509 217
4510 201
4511 209
4512 205
4513 199
4514 223
4515 229
4516 228
4517 217
4518 209
4519 221
4520 232
4521 241
4522 217
4523 203
4524 220
4525 216
4526 203
4527 206
4528 205
4529 204
4530 193
4531 187
4532 205
4533 222
4534 243
4535 236
4536 232
4537 247
4538 250
4539 250
4540 251
4541 242
4542 227
4543 236
4544 223
4545 208
4546 192
4547 178
4548 193
4549 218
4550 197
4551 218
4552 221
4553 230
4554 225
4555 229
4556 208
4557 204
4558 201
4559 186
4560 190
4561 202
4562 202
4563 205
4564 203
4565 195
4566 193
4567 187
4568 171
4569 171
4570 166
4571 167
4572 166
4573 157
4574 146
4575 139
4576 127
4577 135
4578 158
4579 147
4580 154
4581 160
4582 149
4583 145
4584 151
4585 148
4586 144
4587 131
4588 129
4589 125
4590 149
4591 161
4592 150
4593 155
4594 163
4595 180
4596 187
4597 162
4598 173
4599 200
4600 185
4601 197
4602 175
4603 187
4604 174
4605 178
4606 182
4607 183
4608 174
4609 188
4610 217
4611 241
4612 217
4613 197
4614 195
4615 188
4616 192
4617 211
4618 197
4619 208
4620 189
4621 197
4622 211
4623 220
4624 235
4625 235
4626 222
4627 246
4628 246
4629 280
4630 284
4631 263
4632 248
4633 256
4634 285
4635 292
4636 297
4637 293
4638 276
4639 280
4640 299
4641 278
4642 236
4643 249
4644 223
4645 218
4646 216
4647 211
4648 232
4649 249
4650 243
4651 254
4652 252
4653 251
4654 236
4655 227
4656 216
4657 224
4658 211
4659 225
4660 227
4661 236
4662 210
4663 192
4664 190
4665 191
4666 198
4667 197
4668 189
4669 181
4670 194
4671 199
4672 199
4673 198
4674 195
4675 186
4676 204
4677 202
4678 188
4679 175
4680 178
4681 193
4682 185
4683 184
4684 167
4685 162
4686 161
4687 141
4688 122
4689 117
4690 120
4691 118
4692 147
4693 153
4694 146
4695 161
4696 158
4697 170
4698 169
4699 169
4700 187
4701 218
4702 208
4703 219
4704 216
4705 232
4706 230
4707 240
4708 254
4709 220
4710 215
4711 234
4712 217
4713 240
4714 254
4715 248
4716 224
4717 212
4718 185
4719 185
4720 199
4721 212
4722 217
4723 217
4724 236
4725 247
4726 250
4727 252
4728 256
4729 289
4730 290
4731 238
4732 247
4733 268
4734 249
4735 260
4736 285
4737 255
4738 266
4739 284
4740 281
4741 298
4742 280
4743 261
4744 284
4745 298
4746 301
4747 276
4748 302
4749 281
4750 268
4751 252
4752 244
4753 251
4754 265
4755 274
4756 278
4757 295
4758 312
4759 308
4760 321
4761 299
4762 268
4763 261
4764 286
4765 270
4766 294
4767 322
4768 299
4769 325
4770 312
4771 320
4772 325
4773 323
4774 309
4775 315
4776 296
4777 284
4778 283
4779 290
4780 285
4781 300
4782 296
4783 298
4784 279
4785 282
4786 294
4787 316
4788 323
4789 338
4790 343
4791 351
4792 334
4793 329
4794 307
4795 282
4796 286
4797 277
4798 286
4799 276
4800 271
4801 278
4802 294
4803 300
4804 313
4805 312
4806 308
4807 295
4808 310
4809 313
4810 317
4811 317
4812 298
4813 306
4814 301
4815 269
4816 270
4817 276
4818 272
4819 289
4820 292
4821 310
4822 324
4823 322
4824 338
4825 354
4826 332
4827 331
4828 329
4829 332
4830 334
4831 329
4832 307
4833 317
4834 304
4835 307
4836 318
4837 328
4838 374
4839 377
4840 381
4841 388
4842 424
4843 438
4844 425
4845 421
4846 427
4847 445
4848 447
4849 463
4850 457
4851 467
4852 479
4853 521
4854 543
4855 535
4856 531
4857 573
4858 576
4859 627
4860 607
4861 623
4862 631
4863 630
4864 580
4865 617
4866 625
4867 591
4868 573
4869 553
4870 505
4871 509
4872 542
4873 545
4874 599
4875 604
4876 622
4877 596
4878 656
4879 675
4880 714
4881 679
4882 674
4883 689
4884 688
4885 728
4886 759
4887 800
4888 786
4889 792
4890 808
4891 783
4892 771
4893 812
4894 835
4895 855
4896 874
4897 895
4898 935
4899 993
4900 15
4901 963
4902 948
4903 982
4904 46
4905 72
4906 36
4907 46
4908 25
4909 994
4910 54
4911 125
4912 130
4913 149
4914 164
4915 119
4916 135
4917 71
4918 58
4919 29
4920 973
4921 976
4922 954
4923 992
4924 983
4925 992
4926 974
4927 950
4928 991
4929 57
4930 102
4931 97
4932 51
4933 38
4934 75
4935 52
4936 97
4937 119
4938 84
4939 84
4940 87
4941 61
4942 32
4943 51
4944 75
4945 104
4946 83
4947 112
4948 136
4949 132
4950 88
4951 103
4952 96
4953 97
4954 120
4955 128
4956 146
4957 158
4958 163
4959 146
4960 167
4961 213
4962 212
4963 204
4964 148
4965 157
4966 142
4967 170
4968 174
4969 213
4970 244
4971 250
4972 279
4973 259
4974 229
4975 202
4976 205
4977 173
4978 195
4979 160
4980 200
4981 153
4982 210
4983 169
4984 164
4985 177
4986 185
4987 147
4988 251
4989 229
4990 217
4991 208
4992 155
4993 139
4994 161
4995 186
4996 194
4997 203
4998 258
4999 274
5000 252
5001 234
5002 250
5003 282
5004 265
5005 260
5006 288
5007 297
5008 279
5009 284
5010 243
5011 238
5012 229
5013 284
5014 339
5015 441
5016 388
5017 408
5018 474
5019 425
5020 454
5021 456
5022 431
5023 388
5024 410
5025 407
5026 331
5027 356
5028 353
5029 387
5030 361
5031 331
5032 319
5033 273
5034 200
5035 214
5036 143
5037 139
5038 117
5039 99
5040 74
5041 68
5042 106
5043 134
5044 163
5045 136
5046 112
5047 151
5048 180
5049 154
5050 114
5051 103
5052 63
5053 53
5054 75
5055 36
5056 56
5057 37
5058 77
5059 48
5060 88
5061 70
5062 92
5063 113
5064 134
5065 158
5066 187
5067 162
5068 101
5069 77
5070 34
5071 62
5072 72
5073 30
5074 25
5075 9
5076 985
5077 963
5078 993
5079 30
5080 19
5081 14
5082 5
5083 983
5084 977
5085 951
5086 917
5087 933
5088 921
5089 981
5090 930
5091 8
5092 960
5093 983
5094 976
5095 982
5096 990
5097 988
5098 984
5099 27
5100 994
5101 962
5102 8
5103 993
5104 999
5105 18
5106 5
5107 989
5108 30
5109 72
5110 99
5111 83
5112 55
5113 90
5114 112
5115 137
5116 117
5117 103
5118 58
5119 48
5120 57
5121 990
5122 938
5123 974
5124 999
5125 979
5126 957
5127 958
5128 979
5129 994
5130 17
5131 969
5132 912
5133 882
5134 872
5135 812
5136 824
5137 826
5138 854
5139 823
5140 804
5141 753
5142 741
5143 748
5144 777
5145 788
5146 766
5147 745
5148 747
5149 726
5150 754
5151 772
5152 741
5153 738
5154 727
5155 684
5156 717
5157 713
5158 754
5159 771
5160 810
5161 781
5162 772
5163 744
5164 744
5165 734
5166 731
5167 695
5168 696
5169 722
5170 702
5171 625
5172 639
5173 611
5174 596
5175 607
5176 571
5177 560
5178 599
5179 584
5180 585
5181 583
5182 539
5183 524
5184 518
5185 538
5186 600
5187 559
5188 579
5189 595
5190 577
5191 538
5192 560
5193 559
5194 621
5195 617
5196 690
5197 723
5198 701
5199 716
5200 739
5201 771
5202 750
5203 719
5204 695
5205 704
5206 657
5207 684
5208 664
5209 686
5210 724
5211 725
5212 672
5213 619
5214 661
5215 656
5216 687
5217 726
5218 712
5219 715
5220 728
5221 714
5222 750
5223 740
5224 741
5225 730
5226 731
5227 718
5228 690
5229 664
5230 645
5231 634
5232 627
5233 659
5234 697
5235 696
5236 719
5237 727
5238 661
5239 635
5240 648
5241 644
5242 652
5243 655
5244 692
5245 690
5246 701
5247 722
5248 725
5249 752
5250 709
5251 662
5252 666
5253 691
5254 659
5255 672
5256 635
5257 637
5258 652
5259 580
5260 596
5261 584
5262 570
5263 570
5264 540
5265 549
5266 556
5267 595
5268 576
5269 601
5270 612
5271 551
5272 562
5273 548
5274 533
5275 530
5276 511
5277 476
5278 482
5279 460
5280 507
5281 503
5282 444
5283 497
5284 506
5285 556
5286 594
5287 588
5288 552
5289 559
5290 588
5291 594
5292 594
5293 574
5294 607
5295 610
5296 655
5297 668
5298 658
5299 624
5300 668
5301 685
5302 681
5303 659
5304 591
5305 605
5306 656
5307 650
5308 664
5309 620
5310 613
5311 608
5312 622
5313 539
5314 517
5315 521
5316 509
5317 486
5318 510
5319 541
5320 530
5321 510
5322 533
5323 480
5324 460
5325 468
5326 491
5327 486
5328 438
5329 460
5330 500
5331 496
5332 497
5333 545
5334 538
5335 532
5336 556
5337 556
5338 602
5339 611
5340 655
5341 652
5342 666
5343 689
5344 676
5345 706
5346 703
5347 713
5348 723
5349 743
5350 786
5351 827
5352 773
5353 774
5354 733
5355 703
5356 755
5357 798
5358 799
5359 794
5360 814
5361 832
5362 817
5363 850
5364 861
5365 887
5366 884
5367 926
5368 876
5369 849
5370 807
5371 769
5372 787
5373 796
5374 815
5375 837
5376 806
5377 816
5378 788
5379 792
5380 800
5381 827
5382 823
5383 856
5384 885
5385 915
5386 934
5387 982
5388 993
5389 995
5390 963
5391 948
5392 909
5393 889
5394 876
5395 860
5396 825
5397 831
5398 859
5399 805
5400 726
5401 702
5402 694
5403 684
5404 653
5405 665
5406 632
5407 673
5408 674
5409 607
5410 596
5411 584
5412 576
5413 563
5414 552
5415 499
5416 501
5417 450
5418 438
5419 465
5420 433
5421 411
5422 407
5423 429
5424 415
5425 388
5426 364
5427 359
5428 387
5429 434
5430 417
5431 447
5432 419
5433 401
5434 363
5435 321
5436 334
5437 331
5438 353
5439 363
5440 391
5441 324
5442 304
5443 328
5444 328
5445 378
5446 400
5447 384
5448 350
5449 292
5450 281
5451 278
5452 336
5453 330
5454 325
5455 349
5456 331
5457 328
5458 283
5459 246
5460 273
5461 251
5462 263
5463 263
5464 263
5465 282
5466 270
5467 282
5468 308
5469 308
5470 279
5471 282
5472 317
5473 264
5474 253
5475 248
5476 237
5477 254
5478 258
5479 258
5480 248
5481 242
5482 232
5483 226
5484 210
5485 228
5486 199
5487 210
5488 205
5489 193
5490 194
5491 187
5492 182
5493 167
5494 176
5495 175
5496 176
5497 200
5498 208
5499 180
5500 161
5501 184
5502 169
5503 172
5504 189
5505 207
5506 217
5507 219
5508 224
5509 208
5510 172
5511 190
5512 195
5513 194
5514 186
5515 200
5516 211
5517 221
5518 229
5519 231
5520 213
5521 213
5522 229
5523 243
5524 251
5525 259
5526 264
5527 284
5528 298
5529 305
5530 297
5531 323
5532 294
5533 268
5534 260
5535 276
5536 305
5537 327
5538 357
5539 382
5540 395
5541 380
5542 343
5543 332
5544 371
5545 405
5546 408
5547 464
5548 442
5549 400
5550 400
5551 395
5552 386
5553 408
5554 435
5555 421
5556 469
5557 456
5558 447
5559 368
5560 388
5561 404
5562 379
5563 342
5564 344
5565 343
5566 355
5567 334
5568 309
5569 313
5570 374
5571 362
5572 386
5573 378
5574 396
5575 372
5576 404
5577 399
5578 366
5579 388
5580 363
5581 346
5582 328
5583 336
5584 317
5585 310
5586 290
5587 289
5588 289
5589 273
5590 262
5591 275
5592 278
5593 259
5594 247
5595 243
5596 255
5597 256
5598 239
5599 225
5600 215
5601 220
5602 217
5603 226
5604 212
5605 224
5606 249
5607 233
5608 226
5609 202
5610 204
5611 203
5612 219
5613 208
5614 211
5615 207
5616 206
5617 219
5618 225
5619 235
5620 233
5621 250
5622 256
5623 276
5624 255
5625 256
5626 242
5627 256
5628 268
5629 282
5630 306
5631 303
5632 310
5633 338
5634 355
5635 376
5636 351
5637 330
5638 320
5639 349
5640 329
5641 310
5642 328
5643 303
5644 282
5645 284
5646 308
5647 303
5648 338
5649 310
5650 303
5651 330
5652 352
5653 362
5654 373
5655 359
5656 336
5657 331
5658 337
5659 355
5660 365
5661 370
5662 355
5663 335
5664 353
5665 378
5666 401
5667 384
5668 372
5669 363
5670 389
5671 394
5672 400
5673 412
5674 396
5675 415
5676 403
5677 398
5678 447
5679 454
5680 467
5681 472
5682 455
5683 444
5684 412
5685 433
5686 430
5687 430
5688 436
5689 467
5690 467
5691 452
5692 491
5693 506
5694 493
5695 484
5696 479
5697 486
5698 484
5699 507
5700 523
5701 529
5702 520
5703 544
5704 547
5705 583
5706 576
5707 541
5708 553
5709 518
5710 547
5711 563
5712 570
5713 571
5714 615
5715 637
5716 662
5717 681
5718 648
5719 661
5720 642
5721 651
5722 698
5723 660
5724 667
5725 690
5726 677
5727 668
5728 662
5729 657
5730 673
5731 682
5732 675
5733 685
5734 716
5735 696
5736 631
5737 635
5738 626
5739 605
5740 648
5741 638
5742 616
5743 620
5744 641
5745 657
5746 696
5747 681
5748 675
5749 679
5750 669
5751 678
5752 693
5753 694
5754 698
5755 717
5756 746
5757 741
5758 709
5759 730
5760 725
5761 711
5762 672
5763 653
5764 676
5765 667
5766 678
5767 642
5768 650
5769 629
5770 633
5771 651
5772 679
5773 721
5774 722
5775 738
5776 727
5777 757
5778 762
5779 744
5780 771
5781 726
5782 746
5783 739
5784 732
5785 735
5786 731
5787 719
5788 690
5789 674
5790 673
5791 667
5792 675
5793 634
5794 606
5795 590
5796 599
5797 587
5798 622
5799 635
5800 660
5801 680
5802 668
5803 669
5804 641
5805 665
5806 672
5807 649
5808 641
5809 620
5810 626
5811 598
5812 622
5813 652
5814 664
5815 663
5816 699
5817 742
5818 717
5819 740
5820 732
5821 776
5822 767
5823 766
5824 782
5825 750
5826 774
5827 758
5828 761
5829 770
5830 801
5831 866
5832 870
5833 878
5834 896
5835 911
5836 943
5837 951
5838 918
5839 918
5840 928
5841 890
5842 892
5843 918
5844 937
5845 955
5846 960
5847 24
5848 36
5849 993
5850 960
5851 956
5852 973
5853 988
5854 3
5855 996
5856 951
5857 987
5858 975
5859 977
5860 960
5861 930
5862 941
5863 922
5864 908
5865 895
5866 887
5867 913
5868 892
5869 896
5870 917
5871 936
5872 933
5873 895
5874 886
5875 937
5876 931
5877 965
5878 933
5879 918
5880 933
5881 937
5882 958
5883 957
5884 1
5885 4
5886 989
5887 947
5888 954
5889 885
5890 899
5891 881
5892 889
5893 908
5894 904
5895 910
5896 931
5897 908
5898 915
5899 916
5900 895
5901 875
5902 852
5903 862
5904 816
5905 830
5906 863
5907 859
5908 851
5909 843
5910 863
5911 909
5912 850
5913 838
5914 837
5915 852
5916 842
5917 843
5918 886
5919 886
5920 875
5921 860
5922 910
5923 884
5924 872
5925 858
5926 869
5927 830
5928 848
5929 862
5930 892
5931 897
5932 900
5933 893
5934 908
5935 906
5936 916
5937 916
5938 921
5939 951
5940 994
5941 43
5942 51
5943 60
5944 18
5945 18
5946 18
5947 21
5948 24
5949 26
5950 979
5951 15
5952 992
5953 993
5954 995
5955 979
5956 987
5957 9
5958 8
5959 981
5960 970
5961 970
5962 990
5963 9
5964 58
5965 35
5966 49
5967 57
5968 55
5969 74
5970 77
5971 112
5972 145
5973 181
5974 197
5975 216
5976 222
5977 192
5978 197
5979 210
5980 222
5981 225
5982 252
5983 235
5984 220
5985 198
5986 215
5987 225
5988 245
5989 223
5990 191
5991 127
5992 129
5993 117
5994 110
5995 112
5996 125
5997 111
5998 126
5999 147
6000 140
6001 161
6002 142
6003 149
6004 159
6005 173
6006 190
6007 218
6008 217
6009 176
6010 178
6011 166
6012 151
6013 140
6014 104
6015 50
6016 35
6017 46
6018 55
6019 49
6020 40
6021 58
6022 52
6023 64
6024 66
6025 58
6026 68
6027 89
6028 57
6029 40
6030 1
6031 18
6032 983
6033 15
6034 29
6035 23
6036 32
6037 41
6038 20
6039 34
6040 27
6041 21
6042 975
6043 959
6044 970
6045 21
6046 34
6047 4
6048 52
6049 39
6050 57
6051 64
6052 47
6053 53
6054 56
6055 50
6056 87
6057 81
6058 110
6059 80
6060 95
6061 79
6062 87
6063 84
6064 92
6065 142
6066 137
6067 111
6068 114
6069 121
6070 128
6071 139
6072 141
6073 119
6074 121
6075 106
6076 127
6077 151
6078 156
6079 156
6080 144
6081 164
6082 171
6083 150
6084 146
6085 164
6086 176
6087 128
6088 117
6089 116
6090 143
6091 133
6092 169
6093 184
6094 169
6095 140
6096 145
6097 158
6098 137
6099 134
6100 100
6101 81
6102 56
6103 68
6104 64
6105 85
6106 121
6107 108
6108 88
6109 128
6110 116
6111 100
6112 135
6113 119
6114 109
6115 142
6116 165
6117 171
6118 169
6119 159
6120 166
6121 164
6122 160
6123 128
6124 67
6125 52
6126 40
6127 46
6128 38
6129 29
6130 57
6131 50
6132 9
6133 977
6134 984
6135 989
6136 3
6137 33
6138 18
6139 53
6140 26
6141 16
6142 32
6143 3
6144 35
6145 34
6146 6
6147 43
6148 42
6149 65
6150 76
6151 78
6152 104
6153 130
6154 115
6155 169
6156 128
6157 135
6158 117
6159 152
6160 193
6161 182
6162 160
6163 164
6164 143
6165 130
6166 112
6167 127
6168 95
6169 98
6170 116
6171 171
6172 184
6173 165
6174 127
6175 112
6176 73
6177 122
6178 145
6179 128
6180 134
6181 156
6182 169
6183 165
6184 195
6185 173
6186 122
6187 155
6188 77
6189 47
6190 89
6191 74
6192 34
6193 43
6194 81
6195 57
6196 61
6197 69
6198 64
6199 94
6200 98
6201 70
6202 107
6203 127
6204 109
6205 82
6206 78
6207 107
6208 52
6209 56
6210 16
6211 994
6212 988
6213 978
6214 34
6215 984
6216 999
6217 23
6218 15
6219 56
6220 106
6221 65
6222 37
6223 15
6224 974
6225 983
6226 943
6227 897
6228 911
6229 860
6230 879
6231 817
6232 810
6233 803
6234 828
6235 815
6236 843
6237 840
6238 886
6239 857
6240 924
6241 938
6242 986
6243 999
6244 29
6245 963
6246 949
6247 975
6248 972
6249 28
6250 29
6251 6
6252 11
6253 965
6254 30
6255 51
6256 36
6257 39
6258 36
6259 28
6260 23
6261 73
6262 91
6263 57
6264 12
6265 24
6266 17
6267 57
6268 45
6269 985
6270 978
6271 896
6272 913
6273 925
6274 934
6275 911
6276 951
6277 955
6278 964
6279 975
6280 982
6281 28
6282 19
6283 36
6284 46
6285 15
6286 6
6287 971
6288 970
6289 947
6290 950
6291 977
6292 15
6293 984
6294 13
6295 8
6296 926
6297 983
6298 962
6299 945
6300 878
6301 841
6302 863
6303 869
6304 836
6305 818
6306 847
6307 792
6308 841
6309 861
6310 824
6311 808
6312 779
6313 782
6314 760
6315 703
6316 691
6317 662
6318 665
6319 701
6320 719
6321 706
6322 729
6323 744
6324 778
6325 817
6326 782
6327 790
6328 796
6329 825
6330 835
6331 788
6332 739
6333 745
6334 739
6335 755
6336 742
6337 773
6338 787
6339 770
6340 754
6341 793
6342 827
6343 817
6344 822
6345 822
6346 808
6347 814
6348 777
6349 785
6350 826
6351 797
6352 822
6353 811
6354 889
6355 900
6356 919
6357 946
6358 931
6359 951
6360 947
6361 989
6362 892
6363 878
6364 811
6365 860
6366 865
6367 846
6368 825
6369 782
6370 808
6371 783
6372 756
6373 754
6374 774
6375 779
6376 765
6377 845
6378 792
6379 749
6380 729
6381 726
6382 737
6383 755
6384 757
6385 738
6386 704
6387 682
6388 698
6389 732
6390 708
6391 729
6392 709
6393 684
6394 691
6395 668
6396 702
6397 727
6398 747
6399 769
6400 803
6401 810
6402 805
6403 850
6404 848
6405 847
6406 881
6407 890
6408 933
6409 890
6410 907
6411 888
6412 820
6413 816
6414 772
6415 786
6416 786
6417 763
6418 783
6419 763
6420 747
6421 730
6422 752
6423 773
6424 773
6425 753
6426 770
6427 764
6428 731
6429 752
6430 728
6431 737
6432 746
6433 774
6434 809
6435 819
6436 812
6437 831
6438 855
6439 884
6440 931
6441 916
6442 889
6443 824
6444 813
6445 841
6446 881
6447 838
6448 837
6449 842
6450 833
6451 842
6452 836
6453 872
6454 851
6455 794
6456 691
6457 657
6458 664
6459 635
6460 655
6461 649
6462 642
6463 678
6464 666
6465 641
6466 623
6467 615
6468 605
6469 620
6470 570
6471 563
6472 554
6473 564
6474 603
6475 616
6476 647
6477 684
6478 679
6479 691
6480 677
6481 725
6482 719
6483 723
6484 686
6485 697
6486 670
6487 765
6488 783
6489 808
6490 873
6491 871
6492 880
6493 921
6494 942
6495 991
6496 972
6497 30
6498 103
6499 54
6500 43
6501 24
6502 18
6503 991
6504 956
6505 982
6506 969
6507 966
6508 945
6509 936
6510 876
6511 898
6512 922
6513 938
6514 987
6515 954
6516 956
6517 990
6518 25
6519 5
6520 17
6521 0
6522 8
6523 46
6524 78
6525 74
6526 83
6527 135
6528 109
6529 68
6530 49
6531 60
6532 141
6533 198
6534 150
6535 106
6536 176
6537 138
6538 126
6539 134
6540 170
6541 179
6542 155
6543 117
6544 86
6545 77
6546 61
6547 41
6548 3
6549 955
6550 927
6551 920
6552 896
6553 924
6554 918
6555 952
6556 970
6557 15
6558 57
6559 31
6560 980
6561 27
6562 26
6563 32
6564 41
6565 68
6566 24
6567 10
6568 35
6569 37
6570 83
6571 73
6572 44
6573 68
6574 52
6575 97
6576 101
6577 82
6578 21
6579 27
6580 981
6581 995
6582 35
6583 18
6584 18
6585 985
6586 7
6587 996
6588 998
6589 30
6590 992
6591 982
6592 969
6593 984
6594 905
6595 945
6596 961
6597 964
6598 877
6599 905
6600 877
6601 916
6602 920
6603 905
6604 881
6605 854
6606 864
6607 882
6608 886
6609 882
6610 846
6611 864
6612 842
6613 771
6614 818
6615 769
6616 783
6617 743
6618 703
6619 699
6620 698
6621 723
6622 664
6623 664
6624 683
6625 688
6626 693
6627 697
6628 710
6629 654
6630 645
6631 657
6632 702
6633 687
6634 683
6635 669
6636 690
6637 730
6638 728
6639 737
6640 729
6641 694
6642 762
6643 758
6644 726
6645 716
6646 756
6647 754
6648 733
6649 699
6650 709
6651 737
6652 754
6653 740
6654 747
6655 755
6656 713
6657 733
6658 731
6659 767
6660 784
6661 714
6662 726
6663 725
6664 677
6665 670
6666 667
6667 701
6668 751
6669 757
6670 761
6671 795
6672 765
6673 793
6674 808
6675 844
6676 882
6677 923
6678 950
6679 943
6680 962
6681 998
6682 987
6683 982
6684 975
6685 968
6686 995
6687 972
6688 975
6689 972
6690 976
6691 4
6692 966
6693 942
6694 962
6695 23
6696 34
6697 4
6698 2
6699 927
6700 934
6701 951
6702 954
6703 976
6704 935
6705 899
6706 877
6707 884
6708 913
6709 942
6710 978
6711 1
6712 943
6713 928
6714 890
6715 854
6716 869
6717 867
6718 887
6719 875
6720 905
6721 899
6722 916
6723 921
6724 955
6725 983
6726 6
6727 986
6728 972
6729 939
6730 890
6731 950
6732 944
6733 938
6734 893
6735 852
6736 827
6737 741
6738 742
6739 722
6740 737
6741 760
6742 761
6743 753
6744 754
6745 770
6746 737
6747 775
6748 783
6749 779
6750 739
6751 752
6752 765
6753 764
6754 724
6755 731
6756 759
6757 805
6758 789
6759 811
6760 858
6761 807
6762 808
6763 812
6764 809
6765 798
6766 818
6767 767
6768 766
6769 753
6770 782
6771 762
6772 745
6773 799
6774 766
6775 800
6776 790
6777 762
6778 783
6779 767
6780 791
6781 818
6782 852
6783 849
6784 861
6785 868
6786 833
6787 806
6788 806
6789 819
6790 810
6791 793
6792 760
6793 767
6794 780
6795 783
6796 770
6797 739
6798 722
6799 725
6800 718
6801 701
6802 709
6803 671
6804 660
6805 643
6806 630
6807 651
6808 650
6809 663
6810 647
6811 680
6812 680
6813 684
6814 680
6815 700
6816 733
6817 725
6818 727
6819 738
6820 736
6821 742
6822 719
6823 728
6824 706
6825 707
6826 719
6827 685
6828 673
6829 666
6830 689
6831 701
6832 730
6833 714
6834 706
6835 743
6836 697
6837 676
6838 686
6839 705
6840 668
6841 678
6842 693
6843 708
6844 725
6845 734
6846 733
6847 708
6848 670
6849 682
6850 701
6851 721
6852 709
6853 700
6854 776
6855 786
6856 807
6857 827
6858 840
6859 868
6860 823
6861 833
6862 859
6863 884
6864 899
6865 885
6866 900
6867 879
6868 873
6869 907
6870 865
6871 927
6872 923
6873 868
6874 854
6875 840
6876 865
6877 855
6878 846
6879 881
6880 865
6881 850
6882 807
6883 833
6884 854
6885 850
6886 852
6887 817
6888 825
6889 813
6890 833
6891 849
6892 861
6893 858
6894 856
6895 880
6896 897
6897 898
6898 941
6899 959
6900 988
6901 956
6902 982
6903 973
6904 988
6905 45
6906 77
6907 102
6908 81
6909 80
6910 107
6911 113
6912 123
6913 133
6914 145
6915 168
6916 190
6917 188
6918 202
6919 241
6920 218
6921 184
6922 191
6923 126
6924 189
6925 163
6926 186
6927 197
6928 191
6929 186
6930 198
6931 190
6932 235
6933 264
6934 293
6935 265
6936 244
6937 227
6938 220
6939 206
6940 213
6941 181
6942 181
6943 205
6944 225
6945 245
6946 223
6947 177
6948 139
6949 123
6950 130
6951 155
6952 168
6953 175
6954 184
6955 188
6956 229
6957 187
6958 160
6959 114
6960 72
6961 74
6962 100
6963 107
6964 159
6965 177
6966 148
6967 172
6968 157
6969 149
6970 187
6971 169
6972 209
6973 202
6974 152
6975 113
6976 108
6977 93
6978 154
6979 180
6980 178
6981 154
6982 204
6983 186
6984 212
6985 236
6986 272
6987 305
6988 308
6989 332
6990 344
6991 389
6992 357
6993 329
6994 278
6995 304
6996 360
6997 355
6998 397
6999 347
7000 344
7001 344
7002 360
7003 374
7004 405
7005 367
7006 376
7007 352
7008 298
7009 280
7010 276
7011 255
7012 263
7013 298
7014 330
7015 335
7016 327
7017 280
7018 270
7019 281
7020 330
7021 329
7022 343
7023 309
7024 345
7025 364
7026 341
7027 392
7028 408
7029 393
7030 383
7031 396
7032 435
7033 437
7034 420
7035 369
7036 431
7037 431
7038 415
7039 440
7040 419
7041 419
7042 407
7043 357
7044 420
7045 402
7046 418
7047 414
7048 376
7049 369
7050 316
7051 296
7052 290
7053 273
7054 318
7055 359
7056 336
7057 356
7058 355
7059 369
7060 428
7061 474
7062 505
7063 510
7064 491
7065 464
7066 443
7067 414
7068 462
7069 422
7070 427
7071 437
7072 405
7073 430
7074 483
7075 507
7076 553
7077 521
7078 532
7079 565
7080 583
7081 560
7082 582
7083 535
7084 489
7085 456
7086 403
7087 357
7088 338
7089 313
7090 334
7091 350
7092 323
7093 347
7094 349
7095 300
7096 352
7097 348
7098 388
7099 371
7100 345
7101 284
7102 330
7103 310
7104 314
7105 325
7106 392
7107 377
7108 331
7109 367
7110 360
7111 298
7112 257
7113 269
7114 279
7115 292
7116 246
7117 219
7118 187
7119 214
7120 176
7121 235
7122 228
7123 198
7124 167
7125 120
7126 123
7127 175
7128 145
7129 135
7130 109
7131 77
7132 89
7133 62
7134 40
7135 9
7136 71
7137 67
7138 130
7139 147
7140 181
7141 171
7142 163
7143 210
7144 216
7145 292
7146 361
7147 436
7148 452
7149 433
7150 383
7151 390
7152 336
7153 332
7154 341
7155 369
7156 411
7157 413
7158 412
7159 413
7160 423
7161 458
7162 467
7163 441
7164 379
7165 361
7166 360
7167 339
7168 317
7169 245
7170 311
7171 265
7172 269
7173 266
7174 312
7175 294
7176 230
7177 193
7178 139
7179 134
7180 132
7181 123
7182 184
7183 137
7184 150
7185 166
7186 127
7187 141
7188 117
7189 142
7190 136
7191 176
7192 164
7193 151
7194 133
7195 141
7196 204
7197 198
7198 183
7199 201
7200 175
7201 199
7202 210
7203 246
7204 194
7205 197
7206 217
7207 249
7208 319
7209 318
7210 285
7211 263
7212 250
7213 282
7214 233
7215 217
7216 169
7217 198
7218 190
7219 195
7220 211
7221 254
7222 288
7223 267
7224 262
7225 163
7226 138
7227 166
7228 199
7229 233
7230 214
7231 252
7232 276
7233 256
7234 258
7235 213
7236 189
7237 210
7238 207
7239 196
7240 185
7241 140
7242 136
7243 143
7244 122
7245 126
7246 134
7247 170
7248 154
7249 185
7250 233
7251 241
7252 221
7253 199
7254 172
7255 163
7256 130
7257 188
7258 161
7259 184
7260 121
7261 112
7262 166
7263 121
7264 120
7265 132
7266 154
7267 133
7268 115
7269 199
7270 247
7271 234
7272 291
7273 353
7274 337
7275 363
7276 372
7277 380
7278 397
7279 389
7280 361
7281 407
7282 372
7283 392
7284 419
7285 406
7286 361
7287 411
7288 437
7289 449
7290 475
7291 492
7292 507
7293 486
7294 491
7295 433
7296 374
7297 386
7298 383
7299 337
7300 368
7301 405
7302 437
7303 429
7304 426
7305 411
7306 435
7307 461
7308 441
7309 485
7310 477
7311 591
7312 589
7313 588
7314 556
7315 549
7316 526
7317 539
7318 619
7319 613
7320 604
7321 571
7322 545
7323 509
7324 471
7325 498
7326 503
7327 528
7328 582
7329 593
7330 666
7331 664
7332 653
7333 678
7334 708
7335 652
7336 657
7337 590
7338 591
7339 605
7340 626
7341 537
7342 475
7343 476
7344 453
7345 434
7346 435
7347 436
7348 375
7349 334
7350 287
7351 335
7352 369
7353 316
7354 315
7355 299
7356 325
7357 347
7358 365
7359 394
7360 404
7361 397
7362 398
7363 328
7364 313
7365 294
7366 198
7367 169
7368 112
7369 82
7370 154
7371 188
7372 184
7373 205
7374 258
7375 294
7376 343
7377 365
7378 346
7379 317
7380 305
7381 354
7382 359
7383 389
7384 276
7385 280
7386 249
7387 239
7388 206
7389 180
7390 238
7391 236
7392 226
7393 276
7394 274
7395 254
7396 253
7397 299
7398 279
7399 243
7400 323
7401 367
7402 379
7403 342
7404 346
7405 326
7406 283
7407 299
7408 270
7409 268
7410 250
7411 243
7412 225
7413 207
7414 152
7415 143
7416 175
7417 201
7418 243
7419 268
7420 222
7421 250
7422 298
7423 318
7424 330
7425 298
7426 270
7427 294
7428 273
7429 215
7430 228
7431 230
7432 226
7433 198
7434 204
7435 249
7436 250
7437 293
7438 346
7439 320
7440 359
7441 327
7442 362
7443 402
7444 351
7445 322
7446 387
7447 345
7448 420
7449 433
7450 482
7451 484
7452 450
7453 469
7454 444
7455 475
7456 431
7457 399
7458 403
7459 441
7460 451
7461 468
7462 456
7463 484
7464 460
7465 442
7466 423
7467 386
7468 364
7469 413
7470 419
7471 459
7472 453
7473 375
7474 374
7475 420
7476 378
7477 383
7478 384
7479 430
7480 513
7481 454
7482 397
7483 412
7484 442
7485 455
7486 449
7487 440
7488 438
7489 412
7490 378
7491 332
7492 335
7493 383
7494 370
7495 345
7496 389
7497 385
7498 463
7499 485
7500 489
7501 492
7502 414
7503 439
7504 447
7505 384
7506 395
7507 380
7508 354
7509 391
7510 344
7511 320
7512 307
7513 322
7514 369
7515 313
7516 306
7517 344
7518 361
7519 319
7520 346
7521 380
7522 396
7523 426
7524 441
7525 467
7526 508
7527 510
7528 499
7529 459
7530 533
7531 524
7532 592
7533 604
7534 658
7535 688
7536 619
7537 575
7538 577
7539 536
7540 531
7541 564
7542 566
7543 570
7544 580
7545 538
7546 555
7547 557
7548 602
7549 568
7550 625
7551 747
7552 692
7553 631
7554 620
7555 628
7556 653
7557 621
7558 649
7559 690
7560 716
7561 700
7562 718
7563 654
7564 581
7565 656
7566 650
7567 595
7568 597
7569 582
7570 539
7571 580
7572 578
7573 597
7574 554
7575 584
7576 635
7577 657
7578 581
7579 529
7580 544
7581 553
7582 451
7583 490
7584 545
7585 563
7586 574
7587 575
7588 582
7589 549
7590 627
7591 657
7592 675
7593 721
7594 776
7595 709
7596 725
7597 737
7598 744
7599 754
7600 712
7601 637
7602 626
7603 597
7604 592
7605 583
7606 582
7607 648
7608 649
7609 660
7610 605
7611 637
7612 627
7613 607
7614 594
7615 542
7616 467
7617 437
7618 563
7619 573
7620 510
7621 463
7622 546
7623 555
7624 605
7625 621
7626 585
7627 529
7628 579
7629 513
7630 534
7631 569
7632 585
7633 558
7634 612
7635 609
7636 615
7637 623
7638 629
7639 634
7640 608
7641 536
7642 564
7643 567
7644 528
7645 569
7646 573
7647 613
7648 587
7649 544
7650 582
7651 606
7652 606
7653 615
7654 615
7655 594
7656 547
7657 579
7658 638
7659 659
7660 676
7661 662
7662 629
7663 688
7664 656
7665 680
7666 692
7667 759
7668 735
7669 748
7670 746
7671 768
7672 705
7673 650
7674 696
7675 690
7676 710
7677 737
7678 745
7679 756
7680 724
7681 667
7682 678
7683 626
7684 646
7685 618
7686 637
7687 633
7688 606
7689 583
7690 500
7691 522
7692 460
7693 469
7694 410
7695 430
7696 360
7697 389
7698 460
7699 400
7700 372
7701 438
7702 450
7703 409
7704 408
7705 335
7706 355
7707 331
7708 287
7709 329
7710 392
7711 426
7712 436
7713 509
7714 434
7715 487
7716 424
7717 411
7718 380
7719 328
7720 321
7721 369
7722 419
7723 345
7724 434
7725 423
7726 374
7727 417
7728 394
7729 378
7730 425
7731 456
7732 434
7733 414
7734 433
7735 428
7736 429
7737 446
7738 375
7739 372
7740 363
7741 321
7742 309
7743 274
7744 295
7745 310
7746 282
7747 359
7748 361
7749 404
7750 378
7751 349
7752 426
7753 439
7754 432
7755 446
7756 411
7757 427
7758 372
7759 355
7760 378
7761 416
7762 464
7763 454
7764 449
7765 461
7766 430
7767 442
7768 446
7769 400
7770 392
7771 435
7772 455
7773 468
7774 481
7775 467
7776 367
7777 353
7778 334
7779 387
7780 360
7781 323
7782 342
7783 351
7784 291
7785 287
7786 310
7787 302
7788 303
7789 272
7790 266
7791 202
7792 171
7793 142
7794 156
7795 160
7796 165
7797 144
7798 146
7799 171
7800 186
7801 165
7802 150
7803 117
7804 116
7805 64
7806 1
7807 13
7808 954
7809 971
7810 976
7811 3
7812 42
7813 4
7814 975
7815 947
7816 939
7817 949
7818 933
7819 965
7820 16
7821 25
7822 29
7823 44
7824 59
7825 112
7826 131
7827 146
7828 181
7829 203
7830 231
7831 207
7832 186
7833 144
7834 130
7835 115
7836 143
7837 151
7838 119
7839 129
7840 161
7841 144
7842 127
7843 131
7844 153
7845 192
7846 183
7847 208
7848 226
7849 193
7850 252
7851 275
7852 271
7853 284
7854 193
7855 200
7856 171
7857 163
7858 200
7859 222
7860 205
7861 221
7862 233
7863 252
7864 260
7865 163
7866 105
7867 116
7868 121
7869 131
7870 139
7871 164
7872 128
7873 162
7874 207
7875 197
7876 240
7877 271
7878 255
7879 231
7880 246
7881 284
7882 332
7883 350
7884 323
7885 344
7886 356
7887 386
7888 412
7889 413
7890 425
7891 459
7892 434
7893 432
7894 443
7895 440
7896 411
7897 372
7898 355
7899 313
7900 274
7901 266
7902 273
7903 293
7904 285
7905 282
7906 344
7907 360
7908 418
7909 418
7910 379
7911 362
7912 346
7913 367
7914 375
7915 369
7916 351
7917 384
7918 385
7919 345
7920 342
7921 329
7922 371
7923 399
7924 411
7925 376
7926 425
7927 388
7928 359
7929 374
7930 377
7931 383
7932 340
7933 347
7934 387
7935 403
7936 458
7937 468
7938 473
7939 502
7940 535
7941 535
7942 556
7943 538
7944 521
7945 512
7946 547
7947 521
7948 525
7949 557
7950 573
7951 651
7952 658
7953 626
7954 605
7955 653
7956 665
7957 634
7958 618
7959 690
7960 735
7961 692
7962 783
7963 756
7964 762
7965 762
7966 751
7967 687
7968 597
7969 564
7970 547
7971 581
7972 545
7973 568
7974 641
7975 659
7976 678
7977 684
7978 685
7979 695
7980 694
7981 679
7982 700
7983 741
7984 756
7985 759
7986 765
7987 794
7988 817
7989 871
7990 921
7991 894
7992 869
7993 827
7994 844
7995 830
7996 774
7997 789
7998 813
7999 786
8000 798
8001 760
8002 720
8003 775
8004 802
8005 851
8006 832
8007 921
8008 897
8009 848
8010 871
8011 831
8012 771
8013 762
8014 775
8015 725
8016 769
8017 812
8018 701
8019 712
8020 705
8021 642
8022 671
8023 752
8024 752
8025 765
8026 705
8027 683
8028 623
8029 604
8030 603
8031 616
8032 645
8033 637
8034 661
8035 636
8036 667
8037 686
8038 747
8039 770
8040 802
8041 835
8042 836
8043 842
8044 844
8045 863
8046 873
8047 840
8048 797
8049 840
8050 885
8051 914
8052 911
8053 901
8054 899
8055 904
8056 970
8057 988
8058 893
8059 895
8060 903
8061 880
8062 905
8063 862
8064 819
8065 803
8066 740
8067 758
8068 750
8069 709
8070 698
8071 707
8072 708
8073 766
8074 760
8075 700
8076 734
8077 689
8078 710
8079 726
8080 675
8081 708
8082 733
8083 726
8084 707
8085 765
8086 764
8087 700
8088 737
8089 771
8090 765
8091 780
8092 763
8093 789
8094 785
8095 730
8096 783
8097 782
8098 710
8099 663
8100 672
8101 719
8102 724
8103 706
8104 726
8105 711
8106 687
8107 686
8108 753
8109 788
8110 811
8111 769
8112 729
8113 728
8114 768
8115 741
8116 768
8117 710
8118 686
8119 655
8120 668
8121 614
8122 590
8123 566
8124 573
8125 542
8126 507
8127 485
8128 523
8129 565
8130 531
8131 575
8132 569
8133 578
8134 650
8135 681
8136 676
8137 723
8138 730
8139 715
8140 721
8141 724
8142 741
8143 707
8144 704
8145 723
8146 667
8147 693
8148 697
8149 712
8150 717
8151 673
8152 692
8153 704
8154 742
8155 780
8156 809
8157 777
8158 735
8159 665
8160 668
8161 641
8162 665
8163 658
8164 661
8165 628
8166 637
8167 684
8168 642
8169 676
8170 675
8171 755
8172 799
8173 751
8174 740
8175 676
8176 710
8177 679
8178 671
8179 688
8180 742
8181 720
8182 746
8183 767
8184 742
8185 753
8186 800
8187 776
8188 761
8189 772
8190 779
8191 768
8192 781
8193 780
8194 806
8195 833
8196 856
8197 912
8198 912
8199 927
8200 6
8201 941
8202 864
8203 835
8204 881
8205 832
8206 849
8207 832
8208 831
8209 846
8210 779
8211 803
8212 845
8213 842
8214 841
8215 801
8216 755
8217 691
8218 695
8219 672
8220 720
8221 735
8222 700
8223 714
8224 709
8225 724
8226 680
8227 660
8228 656
8229 658
8230 714
8231 699
8232 707
8233 733
8234 787
8235 792
8236 827
8237 833
8238 829
8239 801
8240 795
8241 800
8242 760
8243 739
8244 749
8245 799
8246 799
8247 822
8248 836
8249 832
8250 826
8251 851
8252 882
8253 891
8254 928
8255 833
8256 864
8257 890
8258 941
8259 933
8260 914
8261 911
8262 898
8263 914
8264 828
8265 810
8266 799
8267 892
8268 914
8269 900
8270 857
8271 885
8272 922
8273 986
8274 43
8275 92
8276 23
8277 31
8278 22
8279 49
8280 59
8281 71
8282 50
8283 22
8284 16
8285 79
8286 67
8287 64
8288 36
8289 94
8290 61
8291 46
8292 23
8293 22
8294 9
8295 11
8296 994
8297 993
8298 69
8299 118
8300 123
8301 132
8302 184
8303 188
8304 186
8305 227
8306 219
8307 238
8308 222
8309 205
8310 190
8311 224
8312 186
8313 143
8314 162
8315 161
8316 153
8317 156
8318 174
8319 120
8320 102
8321 123
8322 100
8323 138
8324 145
8325 106
8326 81
8327 6
8328 953
8329 975
8330 982
8331 983
8332 949
8333 931
8334 957
8335 973
8336 953
8337 953
8338 957
8339 985
8340 941
8341 920
8342 947
8343 922
8344 949
8345 964
8346 899
8347 910
8348 940
8349 987
8350 9
8351 954
8352 975
8353 5
8354 958
8355 957
8356 890
8357 887
8358 924
8359 907
8360 864
8361 872
8362 847
8363 792
8364 786
8365 807
8366 815
8367 810
8368 817
8369 804
8370 815
8371 864
8372 832
8373 799
8374 792
8375 774
8376 785
8377 784
8378 781
8379 775
8380 813
8381 838
8382 833
8383 858
8384 889
8385 876
8386 852
8387 805
8388 755
8389 738
8390 767
8391 756
8392 765
8393 763
8394 754
8395 636
8396 694
8397 682
8398 679
8399 701
8400 683
8401 659
8402 718
8403 687
8404 667
8405 681
8406 632
8407 550
8408 577
8409 620
8410 603
8411 618
8412 635
8413 649
8414 629
8415 660
8416 640
8417 623
8418 643
8419 614
8420 682
8421 692
8422 652
8423 655
8424 700
8425 704
8426 700
8427 700
8428 660
8429 698
8430 719
8431 699
8432 730
8433 722
8434 755
8435 717
8436 756
8437 744
8438 775
8439 785
8440 839
8441 867
8442 871
8443 876
8444 894
8445 922
8446 921
8447 927
8448 964
8449 996
8450 954
8451 929
8452 907
8453 898
8454 960
8455 924
8456 907
8457 933
8458 903
8459 928
8460 968
8461 981
8462 985
8463 998
8464 962
8465 963
8466 964
8467 969
8468 989
8469 981
8470 992
8471 4
8472 21
8473 28
8474 18
8475 37
8476 44
8477 81
8478 81
8479 44
8480 80
8481 49
8482 2
8483 992
8484 0
8485 4
8486 966
8487 980
8488 954
8489 926
8490 893
8491 890
8492 894
8493 902
8494 904
8495 916
8496 947
8497 949
8498 918
8499 955
8500 950
8501 979
8502 973
8503 968
8504 933
8505 944
8506 8
8507 10
8508 21
8509 7
8510 9
8511 998
8512 51
8513 32
8514 73
8515 20
8516 957
8517 976
8518 969
8519 991
8520 6
8521 993
8522 36
8523 45
8524 75
8525 94
8526 112
8527 125
8528 110
8529 98
8530 99
8531 100
8532 108
8533 101
8534 127
8535 132
8536 143
8537 157
8538 210
8539 202
8540 178
8541 184
8542 207
8543 187
8544 225
8545 268
8546 262
8547 277
8548 312
8549 313
8550 334
8551 347
8552 380
8553 403
8554 378
8555 388
8556 373
8557 338
8558 301
8559 324
8560 337
8561 361
8562 413
8563 423
8564 447
8565 456
8566 412
8567 393
8568 394
8569 381
8570 372
8571 336
8572 320
8573 318
8574 353
8575 332
8576 341
8577 350
8578 368
8579 394
8580 410
8581 430
8582 426
8583 435
8584 467
8585 458
8586 475
8587 456
8588 444
8589 437
8590 413
8591 441
8592 421
8593 411
8594 393
8595 355
8596 360
8597 373
8598 352
8599 369
8600 372
8601 377
8602 408
8603 435
8604 439
8605 426
8606 427
8607 453
8608 444
8609 460
8610 497
8611 481
8612 488
8613 502
8614 505
8615 493
8616 506
8617 483
8618 475
8619 483
8620 491
8621 439
8622 460
8623 420
8624 356
8625 385
8626 373
8627 371
8628 404
8629 333
8630 311
8631 321
8632 331
8633 352
8634 357
8635 348
8636 349
8637 337
8638 343
8639 350
8640 334
8641 342
8642 308
8643 321
8644 290
8645 270
8646 276
8647 277
8648 233
8649 258
8650 247
8651 260
8652 305
8653 333
8654 339
8655 316
8656 330
8657 315
8658 327
8659 282
8660 279
8661 268
8662 304
8663 318
8664 282
8665 287
8666 281
8667 288
8668 313
8669 337
8670 346
8671 348
8672 328
8673 316
8674 292
8675 261
8676 279
8677 265
8678 259
8679 254
8680 265
8681 244
8682 215
8683 201
8684 220
8685 203
8686 198
8687 213
8688 223
8689 219
8690 211
8691 244
8692 254
8693 262
8694 279
8695 289
8696 267
8697 290
8698 264
8699 232
8700 204
8701 186
8702 235
8703 235
8704 223
8705 210
8706 201
8707 187
8708 199
8709 187
8710 205
8711 199
8712 179
8713 192
8714 211
8715 221
8716 199
8717 186
8718 212
8719 187
8720 213
8721 185
8722 213
8723 213
8724 214
8725 222
8726 216
8727 230
8728 241
8729 264
8730 277
8731 279
8732 258
8733 271
8734 273
8735 276
8736 278
8737 244
8738 248
8739 245
8740 236
8741 228
8742 255
8743 234
8744 242
8745 237
8746 204
8747 188
8748 200
8749 224
8750 235
8751 217
8752 199
8753 185
8754 163
8755 151
8756 159
8757 153
8758 137
8759 130
8760 137
8761 109
8762 112
8763 106
8764 103
8765 104
8766 66
8767 68
8768 81
8769 86
8770 95
8771 106
8772 60
8773 79
8774 104
8775 137
8776 138
8777 140
8778 98
8779 66
8780 57
8781 83
8782 76
8783 70
8784 83
8785 91
8786 87
8787 81
8788 89
8789 90
8790 101
8791 110
8792 122
8793 121
8794 79
8795 74
8796 65
8797 92
8798 98
8799 76
8800 58
8801 68
8802 69
8803 92
8804 96
8805 127
8806 141
8807 119
8808 121
8809 154
8810 175
8811 158
8812 170
8813 145
8814 126
8815 140
8816 155
8817 155
8818 162
8819 163
8820 177
8821 177
8822 172
8823 167
8824 199
8825 202
8826 173
8827 177
8828 163
8829 167
8830 133
8831 143
8832 142
8833 131
8834 119
8835 103
8836 74
8837 57
8838 76
8839 77
8840 83
8841 69
8842 69
8843 51
8844 53
8845 23
8846 38
8847 31
8848 48
8849 18
8850 6
8851 29
8852 15
8853 0
8854 11
8855 996
8856 18
8857 28
8858 982
8859 983
8860 13
8861 10
8862 19
8863 9
8864 994
8865 38
8866 41
8867 2
8868 9
8869 39
8870 79
8871 92
8872 89
8873 109
8874 108
8875 134
8876 128
8877 100
8878 83
8879 84
8880 92
8881 113
8882 102
8883 93
8884 89
8885 82
8886 81
8887 79
8888 77
8889 96
8890 92
8891 90
8892 80
8893 83
8894 91
8895 99
8896 100
8897 99
8898 141
8899 130
8900 141
8901 141
8902 164
8903 151
8904 137
8905 151
8906 166
8907 181
8908 148
8909 159
8910 164
8911 169
8912 167
8913 148
8914 173
8915 152
8916 156
8917 175
8918 149
8919 158
8920 144
8921 136
8922 140
8923 126
8924 127
8925 136
8926 133
8927 147
8928 148
8929 156
8930 144
8931 145
8932 175
8933 169
8934 184
8935 182
8936 204
8937 219
8938 206
8939 210
8940 209
8941 207
8942 182
8943 188
8944 167
8945 162
8946 159
8947 171
8948 192
8949 157
8950 172
8951 186
8952 167
8953 137
8954 134
8955 117
8956 101
8957 115
8958 129
8959 111
8960 108
8961 118
8962 135
8963 119
8964 111
8965 117
8966 125
8967 123
8968 124
8969 115
8970 73
8971 71
8972 48
8973 45
8974 49
8975 72
8976 81
8977 93
8978 76
8979 57
8980 64
8981 78
8982 77
8983 81
8984 111
8985 90
8986 72
8987 77
8988 68
8989 68
8990 90
8991 76
8992 64
8993 70
8994 62
8995 62
8996 78
8997 91
8998 80
8999 66
9000 55
9001 71
9002 76
9003 83
9004 84
9005 66
9006 63
9007 37
9008 28
9009 42
9010 55
9011 54
9012 55
9013 66
9014 67
9015 50
9016 61
9017 49
9018 47
9019 57
9020 57
9021 58
9022 47
9023 43
9024 36
9025 21
9026 6
9027 8
9028 14
9029 19
9030 4
9031 15
9032 983
9033 992
9034 15
9035 23
9036 14
9037 15
9038 991
9039 11
9040 8
9041 984
9042 987
9043 992
9044 967
9045 964
9046 958
9047 940
9048 902
9049 916
9050 917
9051 902
9052 903
9053 904
9054 883
9055 870
9056 874
9057 872
9058 859
9059 869
9060 886
9061 891
9062 902
9063 892
9064 911
9065 927
9066 945
9067 933
9068 912
9069 892
9070 851
9071 807
9072 781
9073 765
9074 752
9075 746
9076 762
9077 778
9078 782
9079 760
9080 782
9081 766
9082 790
9083 770
9084 771
9085 762
9086 767
9087 764
9088 750
9089 743
9090 780
9091 775
9092 768
9093 775
9094 775
9095 756
9096 737
9097 737
9098 731
9099 722
9100 775
9101 756
9102 744
9103 761
9104 737
9105 739
9106 744
9107 753
9108 791
9109 790
9110 786
9111 792
9112 769
9113 778
9114 793
9115 762
9116 786
9117 764
9118 735
9119 744
9120 748
9121 768
9122 752
9123 746
9124 754
9125 779
9126 820
9127 803
9128 784
9129 757
9130 763
9131 761
9132 769
9133 776
9134 779
9135 775
9136 787
9137 834
9138 784
9139 759
9140 769
9141 786
9142 774
9143 795
9144 788
9145 782
9146 794
9147 807
9148 797
9149 805
9150 783
9151 814
9152 821
9153 814
9154 839
9155 839
9156 808
9157 828
9158 802
9159 791
9160 779
9161 759
9162 728
9163 729
9164 704
9165 706
9166 688
9167 670
9168 687
9169 722
9170 754
9171 760
9172 774
9173 737
9174 736
9175 749
9176 731
9177 743
9178 730
9179 746
9180 750
9181 768
9182 770
9183 737
9184 723
9185 716
9186 701
9187 676
9188 654
9189 641
9190 601
9191 627
9192 637
9193 636
9194 615
9195 636
9196 623
9197 635
9198 641
9199 652
9200 652
9201 674
9202 644
9203 645
9204 651
9205 635
9206 618
9207 552
9208 547
9209 522
9210 548
9211 560
9212 557
9213 590
9214 591
9215 601
9216 597
9217 592
9218 591
9219 586
9220 584
9221 576
9222 568
9223 583
9224 567
9225 561
9226 606
9227 583
9228 567
9229 572
9230 541
9231 580
9232 603
9233 627
9234 618
9235 617
9236 631
9237 627
9238 641
9239 631
9240 628
9241 640
9242 648
9243 652
9244 682
9245 669
9246 639
9247 657
9248 648
9249 652
9250 672
9251 672
9252 693
9253 657
9254 665
9255 671
9256 691
9257 718
9258 713
9259 737
9260 727
9261 706
9262 710
9263 685
9264 712
9265 735
9266 734
9267 714
9268 724
9269 705
9270 715
9271 738
9272 742
9273 728
9274 713
9275 695
9276 675
9277 711
9278 713
9279 698
9280 693
9281 655
9282 657
9283 639
9284 640
9285 636
9286 652
9287 687
9288 712
9289 724
9290 699
9291 708
9292 685
9293 698
9294 691
9295 685
9296 720
9297 734
9298 703
9299 721
9300 732
9301 698
9302 699
9303 703
9304 704
9305 672
9306 642
9307 674
9308 725
9309 730
9310 739
9311 752
9312 753
9313 750
9314 774
9315 728
9316 710
9317 704
9318 715
9319 735
9320 755
9321 755
9322 771
9323 771
9324 772
9325 793
9326 820
9327 807
9328 781
9329 772
9330 771
9331 799
9332 796
9333 768
9334 748
9335 739
9336 754
9337 738
9338 727
9339 769
9340 800
9341 799
9342 796
9343 769
9344 759
9345 765
9346 780
9347 748
9348 785
9349 781
9350 796
9351 806
9352 799
9353 814
9354 825
9355 821
9356 838
9357 870
9358 868
9359 804
9360 813
9361 815
9362 775
9363 767
9364 792
9365 799
9366 852
9367 810
9368 799
9369 815
9370 847
9371 824
9372 782
9373 788
9374 815
9375 820
9376 826
9377 834
9378 856
9379 863
9380 854
9381 853
9382 849
9383 830
9384 806
9385 782
9386 799
9387 817
9388 809
9389 832
9390 855
9391 863
9392 863
9393 847
9394 843
9395 874
9396 845
9397 845
9398 805
9399 799
9400 800
9401 813
9402 836
9403 844
9404 847
9405 861
9406 861
9407 883
9408 870
9409 900
9410 906
9411 891
9412 881
9413 883
9414 875
9415 878
9416 857
9417 878
9418 869
9419 885
9420 882
9421 905
9422 880
9423 853
9424 848
9425 844
9426 835
9427 819
9428 815
9429 791
9430 806
9431 785
9432 774
9433 772
9434 763
9435 736
9436 718
9437 730
9438 751
9439 764
9440 761
9441 770
9442 758
9443 745
9444 753
9445 769
9446 757
9447 784
9448 825
9449 823
9450 799
9451 792
9452 820
9453 818
9454 825
9455 826
9456 814
9457 799
9458 774
9459 804
9460 788
9461 768
9462 753
9463 764
9464 792
9465 798
9466 826
9467 860
9468 883
9469 850
9470 869
9471 835
9472 835
9473 835
9474 839
9475 835
9476 818
9477 816
9478 866
9479 850
9480 861
9481 884
9482 897
9483 897
9484 876
9485 892
9486 902
9487 888
9488 860
9489 818
9490 787
9491 818
9492 844
9493 851
9494 878
9495 867
9496 910
9497 911
9498 929
9499 943
9500 963
9501 977
9502 941
9503 950
9504 969
9505 951
9506 919
9507 927
9508 925
9509 944
9510 927
9511 937
9512 929
9513 943
9514 954
9515 921
9516 912
9517 882
9518 875
9519 840
9520 809
9521 772
9522 769
9523 768
9524 766
9525 773
9526 786
9527 795
9528 767
9529 790
9530 789
9531 805
9532 803
9533 803
9534 807
9535 810
9536 809
9537 816
9538 868
9539 859
9540 833
9541 865
9542 854
9543 860
9544 824
9545 869
9546 880
9547 858
9548 851
9549 846
9550 844
9551 832
9552 814
9553 814
9554 855
9555 848
9556 868
9557 858
9558 863
9559 865
9560 869
9561 871
9562 884
9563 878
9564 873
9565 851
9566 843
9567 847
9568 867
9569 893
9570 906
9571 893
9572 908
9573 893
9574 890
9575 922
9576 935
9577 922
9578 918
9579 939
9580 953
9581 951
9582 943
9583 969
9584 977
9585 969
9586 994
9587 976
9588 977
9589 966
9590 947
9591 933
9592 939
9593 933
9594 921
9595 914
9596 883
9597 863
9598 863
9599 841
9600 844
9601 830
9602 829
9603 819
9604 826
9605 837
9606 828
9607 838
9608 843
9609 853
9610 849
9611 856
9612 865
9613 855
9614 854
9615 838
9616 842
9617 844
9618 838
9619 848
9620 835
9621 828
9622 826
9623 807
9624 825
9625 846
9626 850
9627 842
9628 801
9629 814
9630 818
9631 848
9632 861
9633 860
9634 855
9635 863
9636 860
9637 903
9638 914
9639 904
9640 887
9641 888
9642 875
9643 876
9644 859
9645 879
9646 890
9647 888
9648 890
9649 903
9650 891
9651 914
9652 907
9653 891
9654 891
9655 897
9656 908
9657 906
9658 929
9659 964
9660 971
9661 2
9662 993
9663 982
9664 979
9665 947
9666 989
9667 6
9668 995
9669 979
9670 938
9671 950
9672 942
9673 974
9674 979
9675 961
9676 968
9677 960
9678 954
9679 965
9680 968
9681 990
9682 41
9683 2
9684 988
9685 19
9686 40
9687 28
9688 12
9689 46
9690 55
9691 68
9692 87
9693 92
9694 126
9695 137
9696 146
9697 193
9698 187
9699 158
9700 150
9701 155
9702 158
9703 146
9704 171
9705 193
9706 205
9707 203
9708 267
9709 276
9710 305
9711 313
9712 294
9713 268
9714 271
9715 271
9716 261
9717 261
9718 253
9719 268
9720 288
9721 267
9722 281
9723 290
9724 322
9725 318
9726 289
9727 263
9728 261
9729 314
9730 363
9731 407
9732 397
9733 403
9734 409
9735 435
9736 424
9737 420
9738 432
9739 455
9740 448
9741 455
9742 461
9743 437
9744 437
9745 421
9746 410
9747 417
9748 432
9749 430
9750 411
9751 444
9752 424
9753 397
9754 418
9755 408
9756 423
9757 443
9758 440
9759 408
9760 378
9761 440
9762 429
9763 447
9764 450
9765 461
9766 408
9767 405
9768 461
9769 445
9770 449
9771 450
9772 453
9773 441
9774 440
9775 462
9776 433
9777 419
9778 471
9779 488
9780 496
9781 484
9782 451
9783 463
9784 442
9785 451
9786 430
9787 430
9788 387
9789 388
9790 411
9791 392
9792 409
9793 404
9794 385
9795 366
9796 328
9797 356
9798 310
9799 309
9800 288
9801 318
9802 342
9803 359
9804 366
9805 361
9806 351
9807 354
9808 380
9809 366
9810 359
9811 332
9812 312
9813 292
9814 332
9815 359
9816 345
9817 381
9818 422
9819 464
9820 479
9821 460
9822 484
9823 470
9824 498
9825 499
9826 516
9827 517
9828 521
9829 543
9830 477
9831 514
9832 465
9833 459
9834 493
9835 512
9836 467
9837 477
9838 462
9839 457
9840 462
9841 420
9842 437
9843 404
9844 392
9845 452
9846 479
9847 475
9848 507
9849 516
9850 480
9851 517
9852 527
9853 485
9854 493
9855 503
9856 460
9857 505
9858 522
9859 548
9860 562
9861 604
9862 595
9863 580
9864 600
9865 582
9866 540
9867 557
9868 578
9869 538
9870 602
9871 602
9872 597
9873 580
9874 586
9875 599
9876 601
9877 577
9878 534
9879 520
9880 511
9881 488
9882 465
9883 464
9884 492
9885 524
9886 492
9887 481
9888 472
9889 517
9890 529
9891 543
9892 572
9893 619
9894 666
9895 660
9896 681
9897 668
9898 626
9899 636
9900 649
9901 648
9902 613
9903 624
9904 616
9905 619
9906 618
9907 587
9908 573
9909 554
9910 537
9911 544
9912 525
9913 562
9914 558
9915 521
9916 564
9917 598
9918 612
9919 637
9920 662
9921 671
9922 692
9923 724
9924 747
9925 743
9926 706
9927 663
9928 673
9929 628
9930 636
9931 660
9932 651
9933 659
9934 659
9935 653
9936 675
9937 713
9938 691
9939 728
9940 748
9941 759
9942 740
9943 750
9944 729
9945 732
9946 733
9947 764
9948 783
9949 784
9950 790
9951 773
9952 776
9953 780
9954 758
9955 747
9956 768
9957 755
9958 760
9959 755
9960 710
9961 677
9962 671
9963 670
9964 649
9965 646
9966 602
9967 619
9968 597
9969 594
9970 605
9971 636
9972 613
9973 626
9974 603
9975 636
9976 659
9977 635
9978 655
9979 655
9980 660
9981 673
9982 713
9983 734
9984 739
9985 756
9986 745
9987 737
9988 754
9989 733
9990 785
9991 778
9992 792
9993 777
9994 773
9995 788
9996 804
9997 810
9998 813
9999 803
10000 811
