1 0
2 0
3 0
4 1
5 2
6 4
7 6
8 7
9 11
10 7
11 3
12 3
13 4
14 7
15 5
16 6
17 9
18 9
19 9
20 9
21 3
22 6
23 4
24 3
25 1
26 2
27 2
28 0
29 0
30 0
31 0
32 0
33 0
34 0
35 0
36 0
37 0
38 0
39 0
40 0
41 0
42 0
43 0
44 0
45 0
46 1
47 2
48 4
49 4
50 5
51 9
52 11
53 13
54 14
55 7
56 5
57 6
58 7
59 12
60 8
61 8
62 6
63 4
64 7
65 11
66 11
67 10
68 6
69 4
70 7
71 7
72 6
73 3
74 4
75 1
76 3
77 2
78 0
79 0
80 0
81 0
82 0
83 0
84 0
85 0
86 0
87 0
88 0
89 0
90 0
91 0
92 0
93 0
94 0
95 0
96 0
97 0
98 0
99 0
100 0
101 0
102 0
103 1
104 1
105 0
106 0
107 0
108 0
109 0
110 0
111 0
112 0
113 1
114 1
115 0
116 0
117 0
118 0
119 0
120 0
121 0
122 0
123 0
124 0
125 0
126 1
127 0
128 0
129 0
130 0
131 0
132 0
133 0
134 0
135 1
136 0
137 0
138 0
139 0
140 0
141 0
142 0
143 1
144 2
145 1
146 0
147 0
148 0
149 0
150 0
151 0
152 0
153 0
154 0
155 1
156 2
157 2
158 1
159 0
160 1
161 0
162 0
163 1
164 1
165 2
166 0
167 1
168 1
169 2
170 2
171 1
172 2
173 1
174 1
175 0
176 0
177 0
178 0
179 0
180 1
181 2
182 4
183 5
184 9
185 8
186 8
187 16
188 19
189 24
190 21
191 20
192 28
193 29
194 27
195 24
196 25
197 31
198 40
199 35
200 32
201 33
202 41
203 39
204 42
205 39
206 47
207 42
208 49
209 39
210 34
211 32
212 28
213 26
214 26
215 20
216 19
217 17
218 19
219 21
220 32
221 41
222 51
223 67
224 57
225 55
226 60
227 59
228 59
229 55
230 49
231 46
232 44
233 38
234 46
235 49
236 54
237 59
238 53
239 50
240 45
241 40
242 35
243 41
244 48
245 45
246 46
247 48
248 36
249 34
250 38
251 41
252 52
253 47
254 43
255 50
256 60
257 66
258 73
259 64
260 66
261 64
262 61
263 72
264 83
265 76
266 68
267 66
268 61
269 60
270 68
271 73
272 82
273 87
274 91
275 90
276 83
277 78
278 69
279 69
280 72
281 81
282 82
283 79
284 81
285 76
286 81
287 84
288 91
289 84
290 76
291 82
292 94
293 91
294 99
295 102
296 112
297 114
298 100
299 93
300 103
301 94
302 97
303 89
304 96
305 100
306 101
307 103
308 118
309 114
310 130
311 130
312 115
313 106
314 91
315 77
316 75
317 56
318 50
319 52
320 52
321 51
322 53
323 46
324 44
325 47
326 46
327 52
328 48
329 46
330 53
331 41
332 42
333 45
334 45
335 35
336 30
337 46
338 43
339 52
340 46
341 38
342 45
343 51
344 55
345 53
346 51
347 48
348 39
349 42
350 42
351 40
352 42
353 39
354 35
355 33
356 37
357 36
358 37
359 34
360 33
361 24
362 31
363 35
364 26
365 26
366 30
367 32
368 33
369 29
370 38
371 46
372 51
373 62
374 51
375 48
376 46
377 50
378 53
379 65
380 72
381 50
382 59
383 65
384 55
385 58
386 62
387 72
388 86
389 83
390 74
391 73
392 75
393 66
394 63
395 58
396 50
397 57
398 49
399 49
400 51
401 49
402 53
403 43
404 42
405 34
406 35
407 40
408 36
409 40
410 33
411 31
412 26
413 25
414 35
415 36
416 43
417 37
418 42
419 35
420 45
421 39
422 30
423 28
424 34
425 28
426 30
427 41
428 46
429 50
430 52
431 53
432 69
433 71
434 75
435 73
436 79
437 96
438 78
439 66
440 62
441 71
442 79
443 92
444 85
445 83
446 82
447 86
448 86
449 89
450 95
451 105
452 112
453 118
454 129
455 146
456 158
457 148
458 151
459 162
460 180
461 189
462 207
463 213
464 222
465 196
466 194
467 194
468 190
469 190
470 192
471 198
472 173
473 185
474 184
475 189
476 168
477 169
478 189
479 182
480 173
481 166
482 179
483 170
484 174
485 180
486 161
487 165
488 151
489 153
490 141
491 128
492 140
493 136
494 142
495 139
496 153
497 168
498 167
499 158
500 147
501 153
502 143
503 149
504 127
505 131
506 144
507 144
508 156
509 162
510 162
511 181
512 179
513 176
514 189
515 205
516 218
517 208
518 201
519 176
520 174
521 165
522 175
523 187
524 170
525 199
526 216
527 251
528 252
529 255
530 261
531 254
532 253
533 266
534 264
535 249
536 278
537 277
538 270
539 271
540 269
541 279
542 285
543 296
544 330
545 310
546 330
547 308
548 328
549 341
550 336
551 342
552 317
553 320
554 302
555 326
556 301
557 294
558 267
559 270
560 284
561 286
562 303
563 305
564 284
565 291
566 286
567 274
568 292
569 289
570 311
571 313
572 310
573 304
574 286
575 299
576 297
577 283
578 258
579 252
580 245
581 237
582 235
583 226
584 242
585 242
586 259
587 240
588 246
589 253
590 252
591 258
592 238
593 215
594 240
595 226
596 219
597 209
598 206
599 199
600 172
601 188
602 182
603 173
604 167
605 167
606 178
607 151
608 154
609 148
610 135
611 126
612 102
613 115
614 116
615 105
616 91
617 90
618 101
619 111
620 131
621 133
622 139
623 134
624 122
625 123
626 127
627 117
628 125
629 147
630 139
631 142
632 139
633 161
634 142
635 127
636 136
637 141
638 149
639 156
640 157
641 140
642 152
643 158
644 142
645 151
646 122
647 131
648 121
649 128
650 153
651 156
652 172
653 172
654 178
655 169
656 180
657 167
658 144
659 133
660 139
661 129
662 122
663 135
664 124
665 132
666 128
667 126
668 117
669 115
670 116
671 143
672 129
673 132
674 141
675 131
676 150
677 166
678 166
679 176
680 159
681 155
682 162
683 161
684 169
685 157
686 144
687 134
688 120
689 161
690 184
691 175
692 171
693 172
694 181
695 170
696 161
697 142
698 133
699 156
700 147
701 139
702 139
703 150
704 175
705 174
706 163
707 177
708 168
709 173
710 188
711 195
712 206
713 214
714 219
715 195
716 193
717 194
718 191
719 180
720 174
721 166
722 167
723 153
724 138
725 111
726 104
727 123
728 107
729 102
730 108
731 102
732 119
733 106
734 103
735 109
736 129
737 133
738 135
739 125
740 123
741 116
742 108
743 115
744 120
745 113
746 120
747 135
748 128
749 128
750 143
751 141
752 142
753 163
754 173
755 183
756 192
757 190
758 178
759 179
760 171
761 180
762 167
763 158
764 155
765 149
766 148
767 135
768 133
769 117
770 116
771 103
772 79
773 86
774 85
775 74
776 59
777 41
778 49
779 51
780 54
781 66
782 66
783 73
784 70
785 71
786 69
787 66
788 64
789 74
790 91
791 91
792 85
793 75
794 78
795 81
796 80
797 71
798 75
799 79
800 86
801 88
802 87
803 85
804 82
805 89
806 86
807 75
808 82
809 73
810 79
811 78
812 71
813 80
814 77
815 89
816 92
817 95
818 90
819 90
820 91
821 84
822 86
823 82
824 66
825 78
826 73
827 58
828 71
829 75
830 65
831 59
832 59
833 54
834 45
835 42
836 50
837 47
838 45
839 53
840 51
841 46
842 31
843 35
844 30
845 37
846 42
847 32
848 32
849 30
850 37
851 37
852 45
853 49
854 60
855 70
856 79
857 72
858 67
859 69
860 60
861 56
862 59
863 60
864 67
865 60
866 67
867 69
868 60
869 60
870 60
871 73
872 61
873 67
874 66
875 66
876 69
877 82
878 65
879 59
880 55
881 65
882 51
883 46
884 54
885 61
886 57
887 52
888 42
889 39
890 52
891 57
892 52
893 43
894 48
895 49
896 48
897 41
898 33
899 36
900 33
901 31
902 31
903 32
904 39
905 35
906 33
907 37
908 32
909 30
910 33
911 27
912 30
913 31
914 30
915 30
916 38
917 28
918 28
919 22
920 18
921 31
922 27
923 20
924 20
925 22
926 24
927 16
928 14
929 12
930 15
931 13
932 21
933 16
934 24
935 19
936 8
937 12
938 10
939 8
940 9
941 7
942 4
943 4
944 2
945 2
946 1
947 0
948 1
949 3
950 5
951 4
952 3
953 6
954 3
955 2
956 1
957 0
958 0
959 0
960 0
961 0
962 0
963 0
964 0
965 0
966 0
967 0
968 0
969 0
970 0
971 0
972 0
973 0
974 0
975 0
976 0
977 0
978 0
979 0
980 0
981 1
982 1
983 2
984 2
985 3
986 1
987 2
988 1
989 1
990 2
991 3
992 2
993 2
994 6
995 4
996 5
997 7
998 8
999 11
1000 9
1001 13
1002 12
1003 10
1004 5
1005 2
1006 2
1007 2
1008 1
1009 1
1010 3
1011 3
1012 6
1013 8
1014 6
1015 7
1016 8
1017 8
1018 4
1019 3
1020 2
1021 2
1022 1
1023 2
1024 2
1025 0
1026 0
1027 0
1028 0
1029 0
1030 0
1031 0
1032 0
1033 0
1034 0
1035 1
1036 0
1037 0
1038 0
1039 0
1040 0
1041 0
1042 0
1043 0
1044 0
1045 0
1046 0
1047 0
1048 0
1049 0
1050 0
1051 1
1052 3
1053 2
1054 2
1055 3
1056 4
1057 3
1058 4
1059 3
1060 1
1061 1
1062 0
1063 0
1064 0
1065 0
1066 0
1067 1
1068 0
1069 0
1070 0
1071 0
1072 0
1073 0
1074 0
1075 0
1076 0
1077 0
1078 1
1079 0
1080 0
1081 0
1082 0
1083 1
1084 2
1085 4
1086 2
1087 5
1088 6
1089 6
1090 6
1091 4
1092 2
1093 3
1094 4
1095 4
1096 4
1097 6
1098 6
1099 6
1100 6
1101 2
1102 2
1103 0
1104 1
1105 1
1106 0
1107 1
1108 3
1109 2
1110 2
1111 2
1112 3
1113 4
1114 4
1115 6
1116 7
1117 8
1118 6
1119 4
1120 3
1121 3
1122 5
1123 4
1124 9
1125 12
1126 13
1127 10
1128 12
1129 11
1130 12
1131 13
1132 19
1133 20
1134 19
1135 20
1136 26
1137 29
1138 24
1139 23
1140 22
1141 20
1142 22
1143 22
1144 21
1145 22
1146 30
1147 21
1148 27
1149 35
1150 26
1151 25
1152 19
1153 18
1154 11
1155 8
1156 8
1157 11
1158 11
1159 14
1160 20
1161 19
1162 25
1163 16
1164 18
1165 25
1166 31
1167 28
1168 36
1169 38
1170 34
1171 41
1172 42
1173 40
1174 38
1175 41
1176 52
1177 49
1178 45
1179 46
1180 52
1181 57
1182 47
1183 34
1184 33
1185 31
1186 32
1187 32
1188 40
1189 40
1190 36
1191 36
1192 26
1193 27
1194 20
1195 24
1196 24
1197 21
1198 22
1199 24
1200 24
1201 21
1202 24
1203 32
1204 37
1205 47
1206 47
1207 53
1208 51
1209 59
1210 61
1211 73
1212 61
1213 66
1214 67
1215 70
1216 73
1217 85
1218 104
1219 94
1220 105
1221 109
1222 108
1223 107
1224 100
1225 101
1226 98
1227 92
1228 91
1229 93
1230 98
1231 86
1232 94
1233 75
1234 82
1235 82
1236 95
1237 97
1238 81
1239 86
1240 96
1241 99
1242 107
1243 105
1244 114
1245 114
1246 121
1247 114
1248 122
1249 133
1250 129
1251 149
1252 164
1253 147
1254 160
1255 169
1256 169
1257 169
1258 155
1259 180
1260 178
1261 162
1262 161
1263 151
1264 143
1265 147
1266 153
1267 154
1268 159
1269 146
1270 159
1271 159
1272 155
1273 170
1274 160
1275 150
1276 176
1277 184
1278 188
1279 186
1280 212
1281 216
1282 202
1283 236
1284 227
1285 252
1286 256
1287 264
1288 248
1289 232
1290 217
1291 193
1292 189
1293 206
1294 212
1295 211
1296 231
1297 240
1298 241
1299 264
1300 268
1301 273
1302 280
1303 265
1304 270
1305 296
1306 261
1307 264
1308 264
1309 273
1310 273
1311 294
1312 285
1313 286
1314 262
1315 259
1316 268
1317 284
1318 285
1319 301
1320 306
1321 317
1322 335
1323 339
1324 319
1325 317
1326 313
1327 344
1328 365
1329 368
1330 343
1331 346
1332 312
1333 299
1334 293
1335 295
1336 318
1337 312
1338 296
1339 298
1340 268
1341 270
1342 280
1343 271
1344 244
1345 263
1346 235
1347 222
1348 199
1349 206
1350 199
1351 175
1352 166
1353 165
1354 151
1355 142
1356 146
1357 154
1358 153
1359 159
1360 151
1361 142
1362 153
1363 157
1364 149
1365 148
1366 158
1367 159
1368 147
1369 142
1370 144
1371 143
1372 117
1373 122
1374 110
1375 120
1376 133
1377 132
1378 137
1379 141
1380 132
1381 134
1382 138
1383 131
1384 132
1385 131
1386 129
1387 129
1388 115
1389 121
1390 110
1391 106
1392 100
1393 99
1394 93
1395 87
1396 86
1397 78
1398 94
1399 102
1400 88
1401 86
1402 86
1403 88
1404 81
1405 68
1406 82
1407 77
1408 74
1409 74
1410 82
1411 84
1412 74
1413 83
1414 92
1415 83
1416 88
1417 84
1418 77
1419 78
1420 83
1421 70
1422 70
1423 64
1424 64
1425 55
1426 45
1427 41
1428 39
1429 40
1430 32
1431 24
1432 29
1433 22
1434 23
1435 27
1436 20
1437 21
1438 22
1439 24
1440 13
1441 8
1442 10
1443 9
1444 14
1445 13
1446 12
1447 13
1448 11
1449 17
1450 17
1451 15
1452 18
1453 18
1454 22
1455 25
1456 19
1457 24
1458 33
1459 40
1460 36
1461 31
1462 36
1463 35
1464 31
1465 36
1466 34
1467 38
1468 34
1469 25
1470 23
1471 23
1472 25
1473 29
1474 22
1475 25
1476 27
1477 17
1478 12
1479 12
1480 9
1481 7
1482 2
1483 1
1484 2
1485 3
1486 2
1487 2
1488 2
1489 2
1490 1
1491 3
1492 2
1493 4
1494 4
1495 1
1496 0
1497 0
1498 0
1499 1
1500 0
1501 1
1502 2
1503 0
1504 0
1505 0
1506 0
1507 0
1508 0
1509 0
1510 0
1511 0
1512 0
1513 0
1514 0
1515 0
1516 0
1517 0
1518 2
1519 3
1520 2
1521 2
1522 4
1523 7
1524 5
1525 3
1526 2
1527 3
1528 7
1529 6
1530 14
1531 9
1532 9
1533 11
1534 14
1535 19
1536 19
1537 15
1538 21
1539 17
1540 18
1541 19
1542 16
1543 15
1544 10
1545 13
1546 17
1547 9
1548 5
1549 5
1550 9
1551 9
1552 3
1553 3
1554 1
1555 0
1556 0
1557 0
1558 0
1559 0
1560 0
1561 1
1562 3
1563 2
1564 4
1565 4
1566 7
1567 7
1568 11
1569 14
1570 15
1571 15
1572 19
1573 18
1574 15
1575 19
1576 22
1577 37
1578 36
1579 35
1580 37
1581 32
1582 33
1583 32
1584 34
1585 41
1586 42
1587 53
1588 39
1589 41
1590 39
1591 31
1592 27
1593 25
1594 24
1595 21
1596 27
1597 24
1598 26
1599 21
1600 13
1601 14
1602 13
1603 12
1604 9
1605 11
1606 26
1607 25
1608 23
1609 18
1610 7
1611 9
1612 12
1613 11
1614 17
1615 16
1616 11
1617 10
1618 10
1619 5
1620 4
1621 4
1622 4
1623 2
1624 2
1625 3
1626 5
1627 5
1628 4
1629 5
1630 4
1631 2
1632 4
1633 6
1634 7
1635 12
1636 8
1637 7
1638 5
1639 5
1640 3
1641 2
1642 2
1643 1
1644 1
1645 0
1646 0
1647 1
1648 0
1649 0
1650 0
1651 1
1652 0
1653 1
1654 0
1655 0
1656 0
1657 0
1658 2
1659 3
1660 3
1661 5
1662 8
1663 8
1664 6
1665 1
1666 1
1667 2
1668 3
1669 5
1670 5
1671 5
1672 8
1673 11
1674 8
1675 16
1676 12
1677 16
1678 11
1679 10
1680 6
1681 8
1682 10
1683 15
1684 17
1685 16
1686 13
1687 8
1688 7
1689 8
1690 7
1691 7
1692 3
1693 9
1694 5
1695 10
1696 12
1697 9
1698 6
1699 1
1700 1
1701 2
1702 5
1703 3
1704 4
1705 4
1706 9
1707 5
1708 5
1709 4
1710 1
1711 1
1712 2
1713 3
1714 2
1715 4
1716 2
1717 6
1718 5
1719 4
1720 4
1721 3
1722 2
1723 3
1724 1
1725 0
1726 0
1727 0
1728 0
1729 1
1730 1
1731 1
1732 3
1733 2
1734 4
1735 4
1736 1
1737 3
1738 1
1739 1
1740 1
1741 1
1742 1
1743 3
1744 3
1745 6
1746 3
1747 4
1748 8
1749 9
1750 12
1751 7
1752 6
1753 3
1754 5
1755 4
1756 4
1757 4
1758 2
1759 1
1760 1
1761 2
1762 0
1763 0
1764 1
1765 3
1766 7
1767 10
1768 14
1769 15
1770 13
1771 15
1772 15
1773 21
1774 20
1775 12
1776 6
1777 12
1778 8
1779 5
1780 1
1781 1
1782 2
1783 6
1784 6
1785 4
1786 2
1787 1
1788 2
1789 3
1790 3
1791 1
1792 3
1793 7
1794 6
1795 2
1796 3
1797 4
1798 6
1799 7
1800 9
1801 9
1802 7
1803 11
1804 12
1805 19
1806 19
1807 14
1808 16
1809 8
1810 6
1811 4
1812 4
1813 1
1814 2
1815 1
1816 2
1817 2
1818 4
1819 7
1820 7
1821 6
1822 6
1823 9
1824 8
1825 7
1826 3
1827 4
1828 5
1829 5
1830 7
1831 8
1832 8
1833 12
1834 7
1835 7
1836 9
1837 11
1838 6
1839 7
1840 7
1841 7
1842 11
1843 12
1844 12
1845 10
1846 10
1847 4
1848 11
1849 8
1850 11
1851 14
1852 11
1853 11
1854 18
1855 15
1856 16
1857 12
1858 15
1859 14
1860 15
1861 20
1862 23
1863 26
1864 24
1865 27
1866 19
1867 13
1868 13
1869 12
1870 11
1871 7
1872 4
1873 1
1874 2
1875 4
1876 4
1877 3
1878 3
1879 1
1880 1
1881 0
1882 0
1883 0
1884 0
1885 1
1886 0
1887 0
1888 0
1889 0
1890 0
1891 0
1892 0
1893 0
1894 0
1895 0
1896 0
1897 0
1898 1
1899 3
1900 3
1901 3
1902 4
1903 1
1904 0
1905 0
1906 0
1907 0
1908 1
1909 1
1910 0
1911 0
1912 0
1913 0
1914 1
1915 1
1916 1
1917 2
1918 4
1919 4
1920 2
1921 5
1922 9
1923 9
1924 11
1925 16
1926 18
1927 13
1928 9
1929 15
1930 23
1931 23
1932 19
1933 17
1934 23
1935 25
1936 21
1937 23
1938 25
1939 22
1940 21
1941 30
1942 29
1943 28
1944 28
1945 33
1946 31
1947 28
1948 33
1949 35
1950 35
1951 32
1952 32
1953 32
1954 37
1955 51
1956 46
1957 37
1958 42
1959 38
1960 34
1961 46
1962 45
1963 48
1964 52
1965 45
1966 34
1967 28
1968 27
1969 24
1970 33
1971 35
1972 40
1973 37
1974 47
1975 41
1976 45
1977 49
1978 52
1979 37
1980 46
1981 40
1982 34
1983 37
1984 39
1985 41
1986 32
1987 28
1988 25
1989 30
1990 34
1991 26
1992 41
1993 37
1994 33
1995 41
1996 46
1997 50
1998 44
1999 50
2000 51
2001 47
2002 55
2003 55
2004 54
2005 48
2006 41
2007 39
2008 48
2009 43
2010 45
2011 54
2012 58
2013 71
2014 76
2015 78
2016 65
2017 70
2018 69
2019 79
2020 88
2021 84
2022 92
2023 97
2024 97
2025 105
2026 108
2027 92
2028 94
2029 93
2030 93
2031 106
2032 101
2033 94
2034 94
2035 97
2036 103
2037 108
2038 132
2039 120
2040 126
2041 105
2042 119
2043 131
2044 110
2045 109
2046 100
2047 126
2048 129
2049 142
2050 152
2051 156
2052 165
2053 160
2054 165
2055 170
2056 167
2057 185
2058 174
2059 176
2060 171
2061 163
2062 148
2063 148
2064 146
2065 143
2066 144
2067 137
2068 149
2069 155
2070 159
2071 155
2072 156
2073 147
2074 157
2075 151
2076 156
2077 169
2078 164
2079 142
2080 143
2081 143
2082 143
2083 157
2084 138
2085 144
2086 136
2087 142
2088 132
2089 125
2090 123
2091 131
2092 156
2093 175
2094 193
2095 199
2096 200
2097 202
2098 178
2099 188
2100 167
2101 167
2102 185
2103 169
2104 174
2105 173
2106 157
2107 152
2108 141
2109 153
2110 154
2111 154
2112 176
2113 168
2114 157
2115 157
2116 175
2117 170
2118 151
2119 158
2120 172
2121 169
2122 163
2123 181
2124 166
2125 160
2126 169
2127 183
2128 181
2129 181
2130 184
2131 175
2132 192
2133 191
2134 195
2135 191
2136 171
2137 169
2138 157
2139 155
2140 143
2141 120
2142 113
2143 129
2144 109
2145 98
2146 96
2147 109
2148 117
2149 126
2150 114
2151 112
2152 119
2153 116
2154 138
2155 132
2156 119
2157 126
2158 141
2159 137
2160 130
2161 130
2162 129
2163 120
2164 99
2165 82
2166 92
2167 93
2168 88
2169 85
2170 88
2171 91
2172 90
2173 94
2174 94
2175 83
2176 103
2177 99
2178 88
2179 85
2180 95
2181 97
2182 99
2183 99
2184 101
2185 103
2186 101
2187 102
2188 98
2189 99
2190 109
2191 119
2192 120
2193 121
2194 131
2195 120
2196 114
2197 84
2198 88
2199 96
2200 95
2201 88
2202 92
2203 91
2204 101
2205 116
2206 133
2207 141
2208 135
2209 148
2210 143
2211 145
2212 124
2213 117
2214 130
2215 132
2216 142
2217 159
2218 147
2219 175
2220 198
2221 207
2222 193
2223 182
2224 197
2225 209
2226 199
2227 204
2228 198
2229 226
2230 217
2231 231
2232 243
2233 260
2234 273
2235 276
2236 286
2237 280
2238 260
2239 248
2240 261
2241 232
2242 222
2243 240
2244 217
2245 200
2246 196
2247 202
2248 203
2249 185
2250 182
2251 183
2252 184
2253 158
2254 184
2255 208
2256 184
2257 179
2258 152
2259 162
2260 166
2261 160
2262 151
2263 162
2264 158
2265 162
2266 175
2267 181
2268 187
2269 167
2270 155
2271 172
2272 193
2273 213
2274 235
2275 252
2276 260
2277 259
2278 259
2279 264
2280 266
2281 241
2282 235
2283 226
2284 213
2285 194
2286 196
2287 183
2288 173
2289 197
2290 173
2291 173
2292 157
2293 172
2294 174
2295 189
2296 156
2297 149
2298 154
2299 164
2300 157
2301 157
2302 132
2303 124
2304 120
2305 113
2306 130
2307 122
2308 108
2309 98
2310 82
2311 84
2312 95
2313 98
2314 109
2315 96
2316 88
2317 64
2318 58
2319 64
2320 58
2321 63
2322 67
2323 49
2324 45
2325 46
2326 64
2327 68
2328 65
2329 67
2330 72
2331 69
2332 75
2333 84
2334 80
2335 77
2336 70
2337 59
2338 62
2339 76
2340 71
2341 66
2342 70
2343 65
2344 69
2345 81
2346 72
2347 68
2348 81
2349 88
2350 85
2351 82
2352 86
2353 92
2354 79
2355 70
2356 72
2357 80
2358 88
2359 85
2360 88
2361 81
2362 75
2363 70
2364 76
2365 85
2366 83
2367 70
2368 85
2369 71
2370 85
2371 82
2372 92
2373 82
2374 70
2375 81
2376 65
2377 70
2378 74
2379 67
2380 70
2381 75
2382 60
2383 65
2384 47
2385 51
2386 53
2387 59
2388 59
2389 59
2390 47
2391 49
2392 69
2393 70
2394 63
2395 65
2396 70
2397 69
2398 64
2399 72
2400 66
2401 71
2402 71
2403 77
2404 79
2405 82
2406 83
2407 84
2408 81
2409 86
2410 94
2411 93
2412 110
2413 131
2414 151
2415 153
2416 163
2417 172
2418 191
2419 183
2420 174
2421 160
2422 153
2423 147
2424 125
2425 120
2426 125
2427 114
2428 116
2429 114
2430 104
2431 99
2432 98
2433 111
2434 103
2435 126
2436 114
2437 106
2438 111
2439 95
2440 84
2441 95
2442 88
2443 96
2444 90
2445 74
2446 79
2447 78
2448 88
2449 72
2450 72
2451 63
2452 74
2453 74
2454 61
2455 55
2456 56
2457 44
2458 44
2459 48
2460 50
2461 62
2462 54
2463 69
2464 76
2465 77
2466 67
2467 60
2468 52
2469 40
2470 44
2471 42
2472 30
2473 32
2474 37
2475 34
2476 37
2477 31
2478 32
2479 24
2480 25
2481 21
2482 24
2483 25
2484 32
2485 35
2486 30
2487 18
2488 25
2489 25
2490 34
2491 39
2492 27
2493 35
2494 41
2495 34
2496 31
2497 29
2498 26
2499 31
2500 18
2501 22
2502 19
2503 18
2504 26
2505 29
2506 27
2507 39
2508 31
2509 33
2510 37
2511 30
2512 24
2513 23
2514 18
2515 18
2516 30
2517 32
2518 37
2519 39
2520 46
2521 36
2522 43
2523 54
2524 46
2525 41
2526 33
2527 28
2528 38
2529 37
2530 50
2531 57
2532 45
2533 43
2534 50
2535 37
2536 53
2537 56
2538 65
2539 64
2540 74
2541 69
2542 69
2543 74
2544 86
2545 89
2546 92
2547 75
2548 89
2549 92
2550 80
2551 86
2552 74
2553 66
2554 66
2555 72
2556 74
2557 69
2558 68
2559 83
2560 87
2561 95
2562 107
2563 113
2564 106
2565 89
2566 90
2567 95
2568 105
2569 100
2570 83
2571 89
2572 90
2573 96
2574 104
2575 101
2576 97
2577 93
2578 92
2579 95
2580 105
2581 103
2582 106
2583 97
2584 101
2585 109
2586 98
2587 104
2588 108
2589 118
2590 144
2591 149
2592 124
2593 134
2594 138
2595 144
2596 141
2597 153
2598 161
2599 161
2600 179
2601 176
2602 185
2603 201
2604 211
2605 200
2606 198
2607 191
2608 174
2609 182
2610 177
2611 182
2612 192
2613 176
2614 180
2615 184
2616 171
2617 178
2618 163
2619 149
2620 134
2621 144
2622 152
2623 161
2624 166
2625 165
2626 183
2627 171
2628 185
2629 177
2630 174
2631 167
2632 168
2633 171
2634 173
2635 168
2636 161
2637 163
2638 148
2639 139
2640 142
2641 138
2642 128
2643 136
2644 158
2645 173
2646 169
2647 168
2648 170
2649 169
2650 166
2651 148
2652 157
2653 150
2654 150
2655 152
2656 157
2657 180
2658 166
2659 160
2660 147
2661 140
2662 149
2663 135
2664 115
2665 106
2666 114
2667 110
2668 100
2669 97
2670 102
2671 95
2672 101
2673 112
2674 116
2675 121
2676 121
2677 131
2678 139
2679 126
2680 123
2681 140
2682 137
2683 144
2684 134
2685 128
2686 140
2687 136
2688 127
2689 132
2690 137
2691 138
2692 138
2693 153
2694 149
2695 154
2696 156
2697 162
2698 174
2699 171
2700 146
2701 161
2702 145
2703 131
2704 161
2705 156
2706 141
2707 136
2708 131
2709 139
2710 137
2711 130
2712 144
2713 141
2714 141
2715 155
2716 146
2717 155
2718 155
2719 136
2720 128
2721 122
2722 125
2723 135
2724 135
2725 157
2726 156
2727 168
2728 178
2729 166
2730 162
2731 168
2732 180
2733 179
2734 175
2735 167
2736 154
2737 145
2738 149
2739 153
2740 166
2741 180
2742 167
2743 161
2744 184
2745 173
2746 180
2747 174
2748 192
2749 166
2750 153
2751 153
2752 158
2753 156
2754 166
2755 150
2756 159
2757 159
2758 161
2759 164
2760 175
2761 165
2762 164
2763 143
2764 155
2765 166
2766 173
2767 186
2768 197
2769 228
2770 229
2771 211
2772 225
2773 229
2774 218
2775 176
2776 179
2777 182
2778 149
2779 137
2780 158
2781 167
2782 162
2783 149
2784 187
2785 180
2786 168
2787 165
2788 154
2789 149
2790 164
2791 159
2792 158
2793 143
2794 139
2795 135
2796 161
2797 159
2798 138
2799 145
2800 136
2801 127
2802 118
2803 112
2804 118
2805 118
2806 127
2807 109
2808 87
2809 93
2810 90
2811 83
2812 80
2813 74
2814 64
2815 68
2816 64
2817 74
2818 81
2819 71
2820 73
2821 84
2822 70
2823 65
2824 60
2825 48
2826 55
2827 59
2828 71
2829 73
2830 65
2831 60
2832 66
2833 63
2834 54
2835 51
2836 48
2837 43
2838 44
2839 40
2840 46
2841 52
2842 61
2843 66
2844 69
2845 76
2846 85
2847 76
2848 98
2849 101
2850 111
2851 114
2852 123
2853 117
2854 113
2855 111
2856 103
2857 105
2858 104
2859 100
2860 103
2861 106
2862 122
2863 143
2864 148
2865 165
2866 175
2867 195
2868 187
2869 184
2870 174
2871 186
2872 191
2873 202
2874 207
2875 215
2876 210
2877 189
2878 197
2879 212
2880 184
2881 191
2882 178
2883 185
2884 175
2885 177
2886 184
2887 194
2888 181
2889 198
2890 210
2891 220
2892 238
2893 271
2894 276
2895 250
2896 252
2897 282
2898 293
2899 282
2900 283
2901 300
2902 284
2903 294
2904 331
2905 329
2906 355
2907 317
2908 309
2909 306
2910 321
2911 313
2912 309
2913 285
2914 282
2915 258
2916 268
2917 297
2918 307
2919 295
2920 311
2921 282
2922 300
2923 318
2924 308
2925 306
2926 290
2927 285
2928 249
2929 262
2930 277
2931 301
2932 294
2933 300
2934 330
2935 325
2936 332
2937 314
2938 323
2939 318
2940 325
2941 295
2942 299
2943 301
2944 279
2945 263
2946 264
2947 258
2948 239
2949 255
2950 262
2951 276
2952 295
2953 278
2954 301
2955 315
2956 344
2957 351
2958 358
2959 378
2960 392
2961 394
2962 400
2963 383
2964 397
2965 375
2966 381
2967 372
2968 371
2969 380
2970 355
2971 388
2972 405
2973 369
2974 363
2975 388
2976 386
2977 381
2978 374
2979 356
2980 384
2981 386
2982 419
2983 419
2984 402
2985 414
2986 396
2987 403
2988 421
2989 453
2990 469
2991 488
2992 491
2993 517
2994 551
2995 555
2996 542
2997 535
2998 523
2999 524
3000 489
3001 500
3002 493
3003 510
3004 517
3005 536
3006 527
3007 518
3008 514
3009 510
3010 535
3011 537
3012 560
3013 570
3014 549
3015 585
3016 590
3017 599
3018 615
3019 614
3020 626
3021 623
3022 618
3023 598
3024 599
3025 592
3026 594
3027 624
3028 625
3029 624
3030 612
3031 575
3032 579
3033 548
3034 545
3035 564
3036 570
3037 586
3038 622
3039 602
3040 644
3041 636
3042 625
3043 611
3044 569
3045 574
3046 556
3047 550
3048 560
3049 559
3050 548
3051 548
3052 548
3053 574
3054 613
3055 576
3056 527
3057 512
3058 500
3059 522
3060 489
3061 491
3062 498
3063 505
3064 526
3065 530
3066 521
3067 491
3068 462
3069 425
3070 419
3071 411
3072 404
3073 404
3074 405
3075 401
3076 407
3077 392
3078 388
3079 391
3080 388
3081 369
3082 377
3083 365
3084 364
3085 357
3086 345
3087 325
3088 329
3089 349
3090 332
3091 351
3092 362
3093 357
3094 354
3095 355
3096 366
3097 355
3098 337
3099 338
3100 355
3101 374
3102 378
3103 337
3104 332
3105 335
3106 339
3107 324
3108 336
3109 348
3110 320
3111 322
3112 277
3113 295
3114 279
3115 266
3116 245
3117 248
3118 252
3119 259
3120 262
3121 266
3122 265
3123 284
3124 258
3125 243
3126 242
3127 223
3128 203
3129 181
3130 187
3131 193
3132 203
3133 198
3134 203
3135 223
3136 192
3137 157
3138 158
3139 143
3140 149
3141 143
3142 152
3143 159
3144 145
3145 160
3146 147
3147 139
3148 145
3149 155
3150 169
3151 158
3152 158
3153 143
3154 136
3155 124
3156 148
3157 168
3158 145
3159 146
3160 139
3161 128
3162 126
3163 142
3164 147
3165 131
3166 127
3167 135
3168 119
3169 102
3170 105
3171 122
3172 108
3173 98
3174 83
3175 87
3176 88
3177 93
3178 85
3179 73
3180 75
3181 71
3182 62
3183 64
3184 64
3185 57
3186 68
3187 62
3188 64
3189 77
3190 74
3191 75
3192 81
3193 81
3194 76
3195 86
3196 95
3197 91
3198 81
3199 91
3200 115
3201 121
3202 118
3203 107
3204 93
3205 82
3206 61
3207 71
3208 69
3209 71
3210 64
3211 74
3212 67
3213 75
3214 80
3215 77
3216 77
3217 81
3218 82
3219 73
3220 62
3221 64
3222 75
3223 67
3224 56
3225 51
3226 47
3227 49
3228 51
3229 67
3230 72
3231 70
3232 75
3233 72
3234 73
3235 67
3236 62
3237 62
3238 64
3239 72
3240 68
3241 74
3242 59
3243 59
3244 52
3245 56
3246 55
3247 59
3248 55
3249 47
3250 46
3251 37
3252 33
3253 24
3254 25
3255 21
3256 20
3257 18
3258 14
3259 18
3260 19
3261 16
3262 13
3263 10
3264 9
3265 11
3266 12
3267 13
3268 12
3269 11
3270 12
3271 11
3272 7
3273 11
3274 11
3275 15
3276 10
3277 7
3278 4
3279 3
3280 1
3281 2
3282 0
3283 0
3284 0
3285 1
3286 1
3287 2
3288 2
3289 2
3290 0
3291 1
3292 0
3293 1
3294 0
3295 1
3296 0
3297 1
3298 1
3299 1
3300 1
3301 0
3302 0
3303 0
3304 0
3305 0
3306 0
3307 1
3308 2
3309 3
3310 1
3311 0
3312 0
3313 1
3314 1
3315 3
3316 2
3317 3
3318 6
3319 5
3320 7
3321 4
3322 4
3323 4
3324 7
3325 9
3326 10
3327 8
3328 11
3329 6
3330 9
3331 5
3332 3
3333 2
3334 3
3335 4
3336 2
3337 1
3338 0
3339 0
3340 0
3341 1
3342 0
3343 0
3344 0
3345 0
3346 0
3347 0
3348 0
3349 0
3350 0
3351 0
3352 0
3353 0
3354 1
3355 2
3356 1
3357 4
3358 4
3359 4
3360 1
3361 1
3362 3
3363 5
3364 4
3365 4
3366 6
3367 5
3368 4
3369 4
3370 5
3371 4
3372 2
3373 1
3374 2
3375 2
3376 2
3377 1
3378 1
3379 3
3380 3
3381 3
3382 2
3383 3
3384 3
3385 2
3386 4
3387 5
3388 5
3389 8
3390 9
3391 7
3392 4
3393 0
3394 1
3395 1
3396 1
3397 1
3398 1
3399 0
3400 0
3401 0
3402 0
3403 0
3404 0
3405 0
3406 0
3407 1
3408 3
3409 1
3410 0
3411 0
3412 0
3413 0
3414 0
3415 0
3416 0
3417 0
3418 1
3419 2
3420 3
3421 1
3422 5
3423 5
3424 10
3425 14
3426 11
3427 14
3428 15
3429 14
3430 15
3431 12
3432 21
3433 21
3434 10
3435 10
3436 11
3437 11
3438 13
3439 13
3440 17
3441 19
3442 23
3443 25
3444 17
3445 15
3446 21
3447 21
3448 26
3449 28
3450 28
3451 33
3452 40
3453 52
3454 53
3455 59
3456 55
3457 54
3458 58
3459 57
3460 52
3461 53
3462 62
3463 59
3464 65
3465 56
3466 45
3467 38
3468 33
3469 30
3470 37
3471 34
3472 36
3473 40
3474 28
3475 36
3476 36
3477 37
3478 33
3479 34
3480 38
3481 44
3482 48
3483 53
3484 44
3485 39
3486 34
3487 27
3488 32
3489 23
3490 29
3491 38
3492 28
3493 30
3494 32
3495 40
3496 30
3497 32
3498 22
3499 27
3500 26
3501 17
3502 14
3503 11
3504 9
3505 12
3506 12
3507 24
3508 15
3509 17
3510 20
3511 15
3512 20
3513 23
3514 23
3515 24
3516 26
3517 29
3518 26
3519 38
3520 35
3521 29
3522 33
3523 24
3524 22
3525 21
3526 20
3527 20
3528 19
3529 14
3530 17
3531 17
3532 15
3533 15
3534 18
3535 14
3536 14
3537 11
3538 10
3539 8
3540 5
3541 9
3542 8
3543 8
3544 9
3545 13
3546 9
3547 10
3548 5
3549 7
3550 5
3551 4
3552 5
3553 10
3554 11
3555 13
3556 9
3557 10
3558 8
3559 8
3560 4
3561 5
3562 2
3563 3
3564 9
3565 6
3566 5
3567 6
3568 4
3569 3
3570 2
3571 1
3572 1
3573 2
3574 0
3575 1
3576 2
3577 1
3578 1
3579 1
3580 2
3581 4
3582 4
3583 2
3584 4
3585 3
3586 3
3587 1
3588 2
3589 2
3590 0
3591 0
3592 0
3593 1
3594 1
3595 1
3596 4
3597 5
3598 5
3599 4
3600 5
3601 9
3602 12
3603 20
3604 19
3605 25
3606 23
3607 17
3608 16
3609 21
3610 32
3611 31
3612 34
3613 35
3614 27
3615 30
3616 31
3617 26
3618 38
3619 54
3620 51
3621 49
3622 45
3623 44
3624 46
3625 54
3626 63
3627 61
3628 58
3629 62
3630 68
3631 76
3632 72
3633 61
3634 65
3635 72
3636 81
3637 89
3638 97
3639 109
3640 118
3641 120
3642 129
3643 160
3644 146
3645 147
3646 144
3647 159
3648 147
3649 143
3650 147
3651 144
3652 161
3653 160
3654 169
3655 152
3656 155
3657 156
3658 197
3659 195
3660 178
3661 194
3662 196
3663 199
3664 200
3665 189
3666 188
3667 183
3668 178
3669 188
3670 189
3671 166
3672 163
3673 132
3674 138
3675 149
3676 153
3677 153
3678 176
3679 181
3680 211
3681 242
3682 237
3683 268
3684 264
3685 270
3686 240
3687 235
3688 198
3689 214
3690 225
3691 224
3692 229
3693 222
3694 209
3695 194
3696 203
3697 208
3698 196
3699 200
3700 197
3701 185
3702 204
3703 227
3704 237
3705 222
3706 226
3707 219
3708 210
3709 199
3710 202
3711 213
3712 192
3713 201
3714 213
3715 213
3716 195
3717 193
3718 202
3719 200
3720 209
3721 206
3722 204
3723 221
3724 208
3725 232
3726 225
3727 212
3728 229
3729 241
3730 232
3731 273
3732 282
3733 286
3734 280
3735 299
3736 333
3737 348
3738 372
3739 401
3740 370
3741 378
3742 405
3743 411
3744 391
3745 367
3746 375
3747 347
3748 352
3749 343
3750 325
3751 316
3752 316
3753 319
3754 309
3755 300
3756 294
3757 306
3758 323
3759 315
3760 334
3761 332
3762 356
3763 350
3764 356
3765 371
3766 366
3767 377
3768 379
3769 357
3770 374
3771 367
3772 369
3773 360
3774 360
3775 368
3776 372
3777 381
3778 371
3779 374
3780 362
3781 353
3782 363
3783 375
3784 365
3785 391
3786 397
3787 401
3788 404
3789 394
3790 375
3791 358
3792 400
3793 374
3794 379
3795 369
3796 345
3797 348
3798 374
3799 384
3800 355
3801 342
3802 329
3803 337
3804 324
3805 341
3806 319
3807 321
3808 306
3809 293
3810 276
3811 266
3812 243
3813 233
3814 228
3815 213
3816 242
3817 262
3818 289
3819 331
3820 340
3821 345
3822 348
3823 371
3824 364
3825 366
3826 340
3827 315
3828 295
3829 313
3830 315
3831 324
3832 310
3833 302
3834 279
3835 247
3836 239
3837 253
3838 256
3839 238
3840 230
3841 244
3842 228
3843 239
3844 223
3845 237
3846 259
3847 260
3848 237
3849 257
3850 233
3851 230
3852 251
3853 255
3854 233
3855 226
3856 222
3857 221
3858 208
3859 207
3860 202
3861 219
3862 246
3863 229
3864 240
3865 242
3866 266
3867 279
3868 275
3869 265
3870 257
3871 249
3872 216
3873 234
3874 236
3875 216
3876 209
3877 205
3878 206
3879 218
3880 205
3881 205
3882 210
3883 202
3884 201
3885 198
3886 205
3887 198
3888 199
3889 180
3890 159
3891 145
3892 131
3893 157
3894 147
3895 163
3896 159
3897 163
3898 173
3899 156
3900 138
3901 147
3902 164
3903 177
3904 202
3905 202
3906 196
3907 193
3908 210
3909 217
3910 226
3911 214
3912 217
3913 221
3914 220
3915 213
3916 241
3917 254
3918 257
3919 263
3920 276
3921 282
3922 310
3923 321
3924 347
3925 375
3926 356
3927 365
3928 377
3929 360
3930 371
3931 392
3932 389
3933 381
3934 367
3935 373
3936 368
3937 334
3938 322
3939 308
3940 282
3941 293
3942 300
3943 300
3944 288
3945 297
3946 293
3947 312
3948 312
3949 292
3950 288
3951 288
3952 304
3953 307
3954 310
3955 310
3956 311
3957 303
3958 283
3959 297
3960 262
3961 268
3962 266
3963 237
3964 234
3965 257
3966 220
3967 225
3968 224
3969 233
3970 223
3971 236
3972 236
3973 217
3974 200
3975 201
3976 236
3977 236
3978 202
3979 202
3980 228
3981 242
3982 225
3983 220
3984 223
3985 231
3986 250
3987 245
3988 271
3989 272
3990 254
3991 274
3992 264
3993 232
3994 222
3995 223
3996 228
3997 248
3998 246
3999 254
4000 249
4001 239
4002 281
4003 301
4004 315
4005 289
4006 272
4007 263
4008 272
4009 269
4010 270
4011 279
4012 291
4013 261
4014 252
4015 268
4016 272
4017 283
4018 290
4019 315
4020 311
4021 301
4022 270
4023 258
4024 267
4025 253
4026 258
4027 275
4028 243
4029 230
4030 248
4031 267
4032 242
4033 228
4034 245
4035 235
4036 252
4037 238
4038 213
4039 208
4040 207
4041 231
4042 230
4043 249
4044 253
4045 235
4046 231
4047 237
4048 252
4049 263
4050 256
4051 249
4052 218
4053 214
4054 205
4055 211
4056 187
4057 169
4058 168
4059 152
4060 162
4061 169
4062 151
4063 163
4064 170
4065 171
4066 173
4067 166
4068 156
4069 179
4070 153
4071 154
4072 150
4073 141
4074 125
4075 117
4076 111
4077 119
4078 118
4079 111
4080 121
4081 131
4082 132
4083 122
4084 133
4085 140
4086 139
4087 134
4088 139
4089 149
4090 151
4091 164
4092 187
4093 195
4094 204
4095 217
4096 204
4097 171
4098 160
4099 158
4100 152
4101 149
4102 160
4103 162
4104 163
4105 164
4106 175
4107 176
4108 165
4109 181
4110 189
4111 178
4112 183
4113 173
4114 168
4115 165
4116 139
4117 139
4118 145
4119 135
4120 136
4121 156
4122 159
4123 153
4124 162
4125 186
4126 201
4127 225
4128 198
4129 199
4130 216
4131 202
4132 183
4133 182
4134 191
4135 189
4136 199
4137 211
4138 177
4139 195
4140 194
4141 196
4142 176
4143 186
4144 182
4145 183
4146 176
4147 161
4148 158
4149 152
4150 150
4151 144
4152 122
4153 124
4154 111
4155 123
4156 136
4157 120
4158 122
4159 128
4160 116
4161 139
4162 142
4163 144
4164 152
4165 146
4166 158
4167 167
4168 195
4169 192
4170 197
4171 183
4172 190
4173 196
4174 176
4175 190
4176 198
4177 199
4178 191
4179 191
4180 200
4181 202
4182 212
4183 205
4184 204
4185 218
4186 219
4187 219
4188 217
4189 211
4190 207
4191 189
4192 192
4193 199
4194 212
4195 188
4196 177
4197 184
4198 190
4199 206
4200 216
4201 238
4202 254
4203 275
4204 258
4205 251
4206 256
4207 245
4208 224
4209 212
4210 214
4211 214
4212 221
4213 200
4214 203
4215 201
4216 181
4217 193
4218 183
4219 177
4220 186
4221 191
4222 208
4223 233
4224 243
4225 224
4226 247
4227 216
4228 192
4229 186
4230 207
4231 204
4232 192
4233 204
4234 229
4235 224
4236 208
4237 179
4238 153
4239 158
4240 137
4241 132
4242 143
4243 130
4244 97
4245 104
4246 90
4247 98
4248 90
4249 70
4250 73
4251 75
4252 82
4253 78
4254 70
4255 73
4256 66
4257 67
4258 69
4259 64
4260 71
4261 73
4262 77
4263 81
4264 98
4265 74
4266 69
4267 58
4268 50
4269 47
4270 42
4271 57
4272 58
4273 60
4274 54
4275 59
4276 61
4277 72
4278 74
4279 76
4280 69
4281 64
4282 56
4283 53
4284 57
4285 50
4286 46
4287 51
4288 44
4289 40
4290 43
4291 43
4292 38
4293 41
4294 32
4295 34
4296 36
4297 39
4298 35
4299 37
4300 32
4301 39
4302 52
4303 57
4304 61
4305 45
4306 53
4307 54
4308 57
4309 62
4310 60
4311 72
4312 70
4313 68
4314 69
4315 56
4316 67
4317 78
4318 83
4319 100
4320 93
4321 106
4322 122
4323 125
4324 123
4325 124
4326 131
4327 119
4328 117
4329 124
4330 137
4331 138
4332 144
4333 153
4334 180
4335 184
4336 160
4337 162
4338 159
4339 192
4340 185
4341 189
4342 203
4343 198
4344 210
4345 203
4346 186
4347 172
4348 190
4349 188
4350 183
4351 183
4352 165
4353 164
4354 150
4355 135
4356 158
4357 161
4358 149
4359 132
4360 120
4361 120
4362 117
4363 115
4364 117
4365 148
4366 145
4367 129
4368 140
4369 154
4370 151
4371 142
4372 149
4373 173
4374 175
4375 162
4376 157
4377 170
4378 166
4379 167
4380 178
4381 205
4382 219
4383 218
4384 201
4385 199
4386 226
4387 237
4388 252
4389 262
4390 258
4391 289
4392 289
4393 308
4394 302
4395 330
4396 331
4397 310
4398 328
4399 349
4400 355
4401 343
4402 356
4403 346
4404 347
4405 352
4406 361
4407 367
4408 363
4409 342
4410 336
4411 351
4412 337
4413 296
4414 314
4415 328
4416 346
4417 338
4418 326
4419 338
4420 325
4421 326
4422 313
4423 323
4424 344
4425 357
4426 356
4427 386
4428 373
4429 352
4430 323
4431 325
4432 317
4433 294
4434 289
4435 281
4436 244
4437 241
4438 208
4439 223
4440 243
4441 223
4442 242
4443 252
4444 250
4445 254
4446 257
4447 261
4448 264
4449 239
4450 235
4451 235
4452 247
4453 251
4454 260
4455 239
4456 219
4457 215
4458 234
4459 222
4460 235
4461 226
4462 222
4463 232
4464 215
4465 215
4466 218
4467 212
4468 214
4469 191
4470 194
4471 174
4472 173
4473 163
4474 151
4475 148
4476 146
4477 128
4478 136
4479 145
4480 174
4481 185
4482 177
4483 181
4484 184
4485 186
4486 188
4487 196
4488 204
4489 202
4490 220
4491 228
4492 213
4493 209
4494 198
4495 194
4496 197
4497 215
4498 213
4499 206
4500 215
4501 203
4502 211
4503 226
4504 232
4505 203
4506 196
4507 175
4508 187
4509 175
4510 153
4511 169
4512 184
4513 169
4514 188
4515 186
4516 201
4517 218
4518 215
4519 210
4520 236
4521 253
4522 244
4523 241
4524 240
4525 259
4526 262
4527 239
4528 220
4529 214
4530 213
4531 222
4532 232
4533 247
4534 255
4535 259
4536 266
4537 267
4538 271
4539 310
4540 298
4541 316
4542 321
4543 312
4544 304
4545 321
4546 313
4547 299
4548 282
4549 287
4550 287
4551 287
4552 285
4553 285
4554 310
4555 315
4556 325
4557 303
4558 292
4559 289
4560 285
4561 301
4562 306
4563 323
4564 328
4565 330
4566 353
4567 325
4568 316
4569 322
4570 311
4571 309
4572 350
4573 367
4574 379
4575 374
4576 383
4577 392
4578 421
4579 411
4580 426
4581 425
4582 423
4583 431
4584 429
4585 429
4586 414
4587 396
4588 419
4589 419
4590 413
4591 436
4592 432
4593 423
4594 423
4595 441
4596 420
4597 410
4598 398
4599 418
4600 433
4601 431
4602 396
4603 444
4604 422
4605 421
4606 436
4607 415
4608 455
4609 441
4610 433
4611 430
4612 438
4613 396
4614 443
4615 420
4616 421
4617 420
4618 402
4619 414
4620 420
4621 404
4622 435
4623 427
4624 414
4625 406
4626 413
4627 375
4628 382
4629 369
4630 347
4631 341
4632 367
4633 413
4634 449
4635 464
4636 451
4637 417
4638 417
4639 407
4640 408
4641 415
4642 413
4643 438
4644 442
4645 457
4646 456
4647 448
4648 436
4649 418
4650 422
4651 419
4652 425
4653 426
4654 436
4655 431
4656 436
4657 466
4658 452
4659 460
4660 455
4661 447
4662 437
4663 419
4664 384
4665 382
4666 360
4667 339
4668 337
4669 324
4670 336
4671 372
4672 374
4673 363
4674 349
4675 330
4676 338
4677 304
4678 301
4679 293
4680 316
4681 315
4682 336
4683 366
4684 367
4685 346
4686 343
4687 329
4688 328
4689 339
4690 360
4691 369
4692 345
4693 365
4694 367
4695 342
4696 319
4697 360
4698 354
4699 345
4700 373
4701 395
4702 395
4703 408
4704 388
4705 343
4706 358
4707 365
4708 399
4709 403
4710 393
4711 377
4712 417
4713 388
4714 365
4715 364
4716 385
4717 371
4718 380
4719 404
4720 400
4721 392
4722 408
4723 388
4724 402
4725 415
4726 406
4727 399
4728 370
4729 376
4730 374
4731 390
4732 382
4733 368
4734 386
4735 431
4736 431
4737 426
4738 427
4739 435
4740 450
4741 433
4742 435
4743 460
4744 456
4745 449
4746 457
4747 478
4748 481
4749 471
4750 479
4751 493
4752 465
4753 450
4754 461
4755 472
4756 482
4757 464
4758 429
4759 414
4760 420
4761 383
4762 382
4763 399
4764 416
4765 430
4766 421
4767 410
4768 408
4769 395
4770 399
4771 393
4772 404
4773 391
4774 373
4775 390
4776 419
4777 430
4778 430
4779 401
4780 426
4781 436
4782 443
4783 415
4784 414
4785 409
4786 381
4787 384
4788 370
4789 362
4790 344
4791 349
4792 351
4793 336
4794 369
4795 365
4796 360
4797 340
4798 338
4799 332
4800 372
4801 368
4802 357
4803 351
4804 370
4805 363
4806 363
4807 377
4808 373
4809 354
4810 376
4811 361
4812 379
4813 357
4814 379
4815 396
4816 389
4817 385
4818 378
4819 357
4820 366
4821 351
4822 347
4823 376
4824 360
4825 339
4826 354
4827 356
4828 352
4829 351
4830 363
4831 380
4832 385
4833 411
4834 434
4835 479
4836 477
4837 467
4838 470
4839 494
4840 495
4841 506
4842 498
4843 473
4844 470
4845 495
4846 474
4847 503
4848 497
4849 545
4850 516
4851 535
4852 508
4853 521
4854 505
4855 502
4856 508
4857 518
4858 524
4859 484
4860 532
4861 544
4862 529
4863 521
4864 535
4865 555
4866 564
4867 600
4868 604
4869 617
4870 590
4871 604
4872 594
4873 613
4874 636
4875 617
4876 611
4877 651
4878 658
4879 616
4880 578
4881 579
4882 555
4883 561
4884 612
4885 650
4886 642
4887 660
4888 637
4889 641
4890 654
4891 652
4892 664
4893 665
4894 664
4895 690
4896 683
4897 666
4898 708
4899 741
4900 737
4901 763
4902 765
4903 752
4904 799
4905 820
4906 835
4907 884
4908 865
4909 839
4910 844
4911 908
4912 923
4913 892
4914 873
4915 875
4916 848
4917 834
4918 855
4919 883
4920 883
4921 908
4922 886
4923 896
4924 917
4925 955
4926 926
4927 920
4928 952
4929 990
4930 58
4931 84
4932 69
4933 52
4934 50
4935 24
4936 12
4937 1
4938 51
4939 20
4940 958
4941 970
4942 948
4943 941
4944 925
4945 914
4946 931
4947 950
4948 951
4949 964
4950 985
4951 9
4952 26
4953 38
4954 42
4955 981
4956 980
4957 943
4958 940
4959 963
4960 960
4961 928
4962 933
4963 963
4964 955
4965 948
4966 943
4967 927
4968 943
4969 920
4970 929
4971 892
4972 874
4973 845
4974 901
4975 842
4976 789
4977 815
4978 834
4979 820
4980 798
4981 790
4982 822
4983 833
4984 837
4985 858
4986 883
4987 847
4988 798
4989 789
4990 762
4991 770
4992 775
4993 768
4994 753
4995 754
4996 711
4997 713
4998 734
4999 706
5000 680
5001 693
5002 670
5003 682
5004 668
5005 644
5006 638
5007 648
5008 617
5009 631
5010 670
5011 692
5012 725
5013 741
5014 742
5015 724
5016 698
5017 692
5018 699
5019 700
5020 700
5021 701
5022 724
5023 701
5024 704
5025 715
5026 708
5027 709
5028 734
5029 735
5030 701
5031 687
5032 678
5033 668
5034 677
5035 717
5036 686
5037 647
5038 670
5039 661
5040 656
5041 679
5042 700
5043 684
5044 655
5045 624
5046 634
5047 631
5048 582
5049 530
5050 541
5051 513
5052 543
5053 559
5054 548
5055 552
5056 555
5057 556
5058 523
5059 476
5060 482
5061 455
5062 446
5063 463
5064 479
5065 535
5066 568
5067 565
5068 540
5069 525
5070 512
5071 499
5072 474
5073 485
5074 479
5075 435
5076 427
5077 408
5078 415
5079 397
5080 436
5081 436
5082 442
5083 448
5084 425
5085 451
5086 450
5087 470
5088 494
5089 477
5090 497
5091 493
5092 467
5093 504
5094 498
5095 479
5096 501
5097 504
5098 532
5099 547
5100 555
5101 592
5102 594
5103 626
5104 612
5105 606
5106 624
5107 600
5108 580
5109 539
5110 517
5111 542
5112 537
5113 541
5114 552
5115 548
5116 573
5117 545
5118 539
5119 543
5120 533
5121 530
5122 547
5123 531
5124 516
5125 504
5126 532
5127 531
5128 515
5129 504
5130 498
5131 493
5132 501
5133 499
5134 483
5135 474
5136 466
5137 474
5138 494
5139 503
5140 496
5141 483
5142 468
5143 460
5144 483
5145 472
5146 469
5147 497
5148 506
5149 523
5150 502
5151 478
5152 467
5153 475
5154 473
5155 468
5156 468
5157 465
5158 461
5159 470
5160 501
5161 519
5162 545
5163 534
5164 543
5165 560
5166 591
5167 556
5168 563
5169 518
5170 518
5171 520
5172 496
5173 464
5174 460
5175 437
5176 444
5177 479
5178 505
5179 506
5180 512
5181 527
5182 549
5183 548
5184 548
5185 606
5186 577
5187 563
5188 559
5189 567
5190 565
5191 544
5192 520
5193 514
5194 529
5195 517
5196 527
5197 524
5198 537
5199 581
5200 548
5201 538
5202 536
5203 519
5204 539
5205 510
5206 485
5207 477
5208 481
5209 484
5210 500
5211 492
5212 493
5213 502
5214 503
5215 520
5216 513
5217 541
5218 565
5219 560
5220 559
5221 542
5222 569
5223 554
5224 575
5225 569
5226 545
5227 589
5228 609
5229 610
5230 634
5231 617
5232 589
5233 619
5234 581
5235 587
5236 598
5237 581
5238 554
5239 565
5240 570
5241 571
5242 551
5243 549
5244 564
5245 563
5246 604
5247 623
5248 580
5249 571
5250 556
5251 597
5252 594
5253 581
5254 564
5255 562
5256 574
5257 580
5258 562
5259 613
5260 596
5261 591
5262 582
5263 582
5264 598
5265 600
5266 583
5267 606
5268 591
5269 605
5270 617
5271 618
5272 613
5273 575
5274 555
5275 562
5276 532
5277 505
5278 494
5279 506
5280 495
5281 532
5282 520
5283 544
5284 525
5285 527
5286 557
5287 559
5288 527
5289 517
5290 518
5291 536
5292 514
5293 472
5294 468
5295 482
5296 482
5297 490
5298 460
5299 499
5300 517
5301 522
5302 510
5303 484
5304 483
5305 476
5306 457
5307 463
5308 458
5309 447
5310 444
5311 454
5312 465
5313 506
5314 506
5315 520
5316 497
5317 493
5318 476
5319 490
5320 453
5321 440
5322 478
5323 482
5324 522
5325 538
5326 499
5327 510
5328 530
5329 513
5330 498
5331 500
5332 499
5333 474
5334 453
5335 492
5336 503
5337 521
5338 570
5339 570
5340 576
5341 622
5342 606
5343 623
5344 617
5345 576
5346 529
5347 522
5348 526
5349 520
5350 562
5351 550
5352 535
5353 565
5354 567
5355 526
5356 505
5357 498
5358 507
5359 494
5360 491
5361 492
5362 475
5363 490
5364 517
5365 516
5366 514
5367 501
5368 514
5369 521
5370 537
5371 516
5372 530
5373 542
5374 551
5375 543
5376 511
5377 521
5378 509
5379 491
5380 463
5381 459
5382 467
5383 482
5384 487
5385 444
5386 437
5387 433
5388 477
5389 473
5390 518
5391 558
5392 522
5393 548
5394 583
5395 608
5396 601
5397 611
5398 592
5399 579
5400 583
5401 588
5402 627
5403 609
5404 604
5405 598
5406 591
5407 603
5408 639
5409 590
5410 568
5411 574
5412 529
5413 551
5414 533
5415 537
5416 555
5417 558
5418 551
5419 566
5420 565
5421 575
5422 570
5423 557
5424 550
5425 555
5426 514
5427 513
5428 509
5429 536
5430 535
5431 521
5432 543
5433 499
5434 510
5435 504
5436 493
5437 494
5438 501
5439 507
5440 492
5441 488
5442 501
5443 501
5444 506
5445 500
5446 461
5447 472
5448 467
5449 484
5450 465
5451 485
5452 501
5453 501
5454 527
5455 481
5456 450
5457 446
5458 455
5459 462
5460 440
5461 432
5462 406
5463 424
5464 392
5465 384
5466 368
5467 352
5468 370
5469 383
5470 409
5471 449
5472 423
5473 455
5474 471
5475 493
5476 505
5477 503
5478 488
5479 486
5480 478
5481 487
5482 482
5483 469
5484 486
5485 499
5486 514
5487 494
5488 539
5489 544
5490 533
5491 517
5492 500
5493 498
5494 518
5495 509
5496 498
5497 516
5498 499
5499 509
5500 546
5501 516
5502 541
5503 538
5504 513
5505 523
5506 526
5507 515
5508 526
5509 536
5510 549
5511 556
5512 542
5513 539
5514 552
5515 536
5516 515
5517 528
5518 525
5519 546
5520 554
5521 543
5522 569
5523 547
5524 554
5525 542
5526 554
5527 551
5528 585
5529 591
5530 572
5531 569
5532 534
5533 507
5534 514
5535 518
5536 525
5537 525
5538 502
5539 496
5540 530
5541 545
5542 536
5543 522
5544 513
5545 498
5546 494
5547 463
5548 468
5549 443
5550 442
5551 420
5552 448
5553 439
5554 448
5555 419
5556 427
5557 417
5558 406
5559 414
5560 382
5561 375
5562 348
5563 336
5564 299
5565 268
5566 275
5567 290
5568 295
5569 317
5570 337
5571 326
5572 326
5573 307
5574 307
5575 305
5576 334
5577 317
5578 290
5579 292
5580 296
5581 286
5582 270
5583 292
5584 297
5585 291
5586 302
5587 279
5588 275
5589 272
5590 286
5591 297
5592 291
5593 301
5594 326
5595 321
5596 307
5597 307
5598 305
5599 291
5600 280
5601 290
5602 299
5603 315
5604 310
5605 319
5606 329
5607 346
5608 358
5609 361
5610 368
5611 360
5612 369
5613 406
5614 414
5615 393
5616 399
5617 409
5618 428
5619 416
5620 384
5621 386
5622 392
5623 409
5624 406
5625 399
5626 411
5627 402
5628 392
5629 395
5630 396
5631 359
5632 343
5633 348
5634 352
5635 338
5636 345
5637 346
5638 352
5639 354
5640 351
5641 345
5642 372
5643 383
5644 386
5645 377
5646 370
5647 377
5648 382
5649 379
5650 380
5651 388
5652 419
5653 467
5654 442
5655 465
5656 466
5657 490
5658 486
5659 491
5660 498
5661 471
5662 478
5663 454
5664 438
5665 435
5666 424
5667 406
5668 419
5669 424
5670 431
5671 414
5672 429
5673 417
5674 380
5675 385
5676 387
5677 396
5678 386
5679 405
5680 390
5681 401
5682 393
5683 375
5684 390
5685 378
5686 369
5687 358
5688 328
5689 325
5690 325
5691 340
5692 346
5693 344
5694 295
5695 333
5696 326
5697 325
5698 345
5699 348
5700 351
5701 353
5702 344
5703 349
5704 358
5705 378
5706 365
5707 365
5708 379
5709 385
5710 411
5711 405
5712 390
5713 381
5714 399
5715 407
5716 386
5717 407
5718 419
5719 421
5720 407
5721 422
5722 432
5723 444
5724 444
5725 446
5726 405
5727 415
5728 406
5729 415
5730 427
5731 401
5732 404
5733 398
5734 387
5735 406
5736 412
5737 429
5738 457
5739 459
5740 470
5741 477
5742 466
5743 446
5744 422
5745 434
5746 419
5747 426
5748 423
5749 435
5750 429
5751 387
5752 395
5753 389
5754 385
5755 402
5756 409
5757 418
5758 408
5759 418
5760 391
5761 415
5762 406
5763 389
5764 395
5765 393
5766 399
5767 390
5768 389
5769 422
5770 419
5771 416
5772 440
5773 448
5774 451
5775 475
5776 451
5777 444
5778 450
5779 455
5780 465
5781 464
5782 473
5783 484
5784 486
5785 467
5786 438
5787 461
5788 433
5789 412
5790 439
5791 437
5792 438
5793 461
5794 460
5795 493
5796 499
5797 506
5798 506
5799 538
5800 547
5801 542
5802 528
5803 546
5804 562
5805 538
5806 537
5807 518
5808 537
5809 570
5810 587
5811 602
5812 626
5813 631
5814 615
5815 649
5816 612
5817 608
5818 583
5819 573
5820 514
5821 516
5822 526
5823 514
5824 507
5825 498
5826 519
5827 544
5828 528
5829 568
5830 559
5831 497
5832 491
5833 475
5834 470
5835 476
5836 446
5837 450
5838 454
5839 444
5840 459
5841 482
5842 503
5843 475
5844 467
5845 450
5846 429
5847 433
5848 488
5849 506
5850 516
5851 514
5852 504
5853 503
5854 500
5855 476
5856 473
5857 467
5858 506
5859 503
5860 513
5861 523
5862 539
5863 502
5864 494
5865 475
5866 512
5867 510
5868 527
5869 582
5870 566
5871 548
5872 523
5873 521
5874 522
5875 523
5876 532
5877 545
5878 567
5879 585
5880 570
5881 591
5882 569
5883 546
5884 547
5885 575
5886 577
5887 532
5888 539
5889 534
5890 540
5891 549
5892 533
5893 543
5894 570
5895 578
5896 543
5897 548
5898 553
5899 566
5900 567
5901 582
5902 600
5903 579
5904 561
5905 578
5906 592
5907 594
5908 604
5909 610
5910 634
5911 639
5912 602
5913 618
5914 630
5915 616
5916 608
5917 607
5918 612
5919 624
5920 622
5921 638
5922 638
5923 614
5924 623
5925 626
5926 657
5927 659
5928 678
5929 711
5930 705
5931 692
5932 694
5933 695
5934 706
5935 745
5936 769
5937 754
5938 740
5939 717
5940 719
5941 724
5942 756
5943 742
5944 740
5945 685
5946 694
5947 716
5948 733
5949 721
5950 687
5951 729
5952 724
5953 712
5954 746
5955 761
5956 748
5957 754
5958 770
5959 755
5960 710
5961 729
5962 709
5963 743
5964 783
5965 812
5966 777
5967 791
5968 792
5969 795
5970 811
5971 821
5972 806
5973 782
5974 812
5975 800
5976 827
5977 814
5978 813
5979 769
5980 806
5981 818
5982 813
5983 783
5984 769
5985 784
5986 813
5987 834
5988 817
5989 794
5990 784
5991 791
5992 801
5993 761
5994 767
5995 793
5996 788
5997 793
5998 813
5999 793
6000 795
6001 782
6002 810
6003 788
6004 758
6005 752
6006 730
6007 727
6008 768
6009 756
6010 747
6011 767
6012 770
6013 756
6014 715
6015 720
6016 711
6017 734
6018 707
6019 681
6020 683
6021 712
6022 696
6023 637
6024 629
6025 624
6026 643
6027 640
6028 664
6029 641
6030 657
6031 651
6032 672
6033 649
6034 715
6035 688
6036 684
6037 697
6038 667
6039 602
6040 589
6041 607
6042 586
6043 631
6044 644
6045 669
6046 692
6047 693
6048 683
6049 703
6050 720
6051 708
6052 688
6053 689
6054 704
6055 706
6056 729
6057 765
6058 758
6059 773
6060 789
6061 772
6062 844
6063 826
6064 824
6065 775
6066 798
6067 772
6068 762
6069 809
6070 825
6071 879
6072 857
6073 823
6074 821
6075 819
6076 831
6077 786
6078 799
6079 829
6080 837
6081 828
6082 800
6083 825
6084 871
6085 908
6086 923
6087 922
6088 939
6089 947
6090 953
6091 960
6092 980
6093 998
6094 975
6095 972
6096 975
6097 982
6098 962
6099 976
6100 970
6101 989
6102 999
6103 2
6104 990
6105 980
6106 995
6107 983
6108 996
6109 975
6110 956
6111 957
6112 951
6113 927
6114 937
6115 947
6116 892
6117 870
6118 919
6119 923
6120 949
6121 927
6122 919
6123 917
6124 964
6125 966
6126 975
6127 12
6128 12
6129 15
6130 10
6131 83
6132 88
6133 120
6134 113
6135 93
6136 100
6137 80
6138 77
6139 55
6140 47
6141 18
6142 30
6143 996
6144 9
6145 23
6146 994
6147 958
6148 935
6149 912
6150 916
6151 894
6152 891
6153 853
6154 837
6155 864
6156 837
6157 800
6158 753
6159 772
6160 774
6161 807
6162 797
6163 755
6164 753
6165 785
6166 790
6167 798
6168 805
6169 792
6170 761
6171 708
6172 719
6173 664
6174 676
6175 671
6176 674
6177 690
6178 682
6179 653
6180 664
6181 642
6182 652
6183 676
6184 692
6185 735
6186 729
6187 712
6188 683
6189 693
6190 646
6191 638
6192 663
6193 625
6194 642
6195 605
6196 594
6197 620
6198 641
6199 635
6200 648
6201 630
6202 667
6203 637
6204 632
6205 674
6206 694
6207 636
6208 644
6209 649
6210 657
6211 664
6212 656
6213 631
6214 626
6215 618
6216 597
6217 584
6218 543
6219 549
6220 535
6221 525
6222 506
6223 508
6224 530
6225 504
6226 486
6227 462
6228 469
6229 457
6230 430
6231 423
6232 438
6233 451
6234 421
6235 402
6236 392
6237 402
6238 388
6239 376
6240 366
6241 352
6242 325
6243 322
6244 309
6245 291
6246 313
6247 322
6248 335
6249 316
6250 346
6251 370
6252 373
6253 348
6254 341
6255 349
6256 355
6257 345
6258 356
6259 362
6260 351
6261 378
6262 372
6263 416
6264 432
6265 433
6266 383
6267 390
6268 403
6269 383
6270 381
6271 390
6272 353
6273 356
6274 328
6275 323
6276 325
6277 327
6278 349
6279 329
6280 305
6281 315
6282 325
6283 340
6284 380
6285 373
6286 343
6287 358
6288 335
6289 332
6290 301
6291 285
6292 311
6293 312
6294 338
6295 371
6296 391
6297 387
6298 445
6299 401
6300 383
6301 373
6302 383
6303 387
6304 363
6305 372
6306 368
6307 376
6308 376
6309 362
6310 359
6311 353
6312 366
6313 362
6314 337
6315 342
6316 336
6317 334
6318 368
6319 354
6320 353
6321 379
6322 373
6323 383
6324 424
6325 434
6326 418
6327 411
6328 423
6329 439
6330 430
6331 448
6332 456
6333 464
6334 441
6335 451
6336 439
6337 428
6338 439
6339 433
6340 435
6341 406
6342 401
6343 385
6344 362
6345 363
6346 341
6347 361
6348 339
6349 358
6350 352
6351 351
6352 334
6353 334
6354 297
6355 320
6356 302
6357 297
6358 273
6359 266
6360 269
6361 285
6362 275
6363 269
6364 281
6365 272
6366 272
6367 276
6368 274
6369 261
6370 256
6371 263
6372 274
6373 263
6374 273
6375 269
6376 275
6377 274
6378 273
6379 265
6380 255
6381 279
6382 257
6383 250
6384 258
6385 256
6386 251
6387 241
6388 230
6389 261
6390 232
6391 227
6392 231
6393 233
6394 238
6395 242
6396 272
6397 277
6398 260
6399 253
6400 260
6401 247
6402 251
6403 286
6404 264
6405 260
6406 260
6407 234
6408 250
6409 252
6410 256
6411 236
6412 235
6413 248
6414 246
6415 261
6416 273
6417 264
6418 263
6419 243
6420 233
6421 227
6422 243
6423 227
6424 219
6425 230
6426 229
6427 239
6428 252
6429 249
6430 244
6431 247
6432 264
6433 245
6434 257
6435 283
6436 280
6437 302
6438 306
6439 295
6440 319
6441 311
6442 315
6443 342
6444 326
6445 308
6446 302
6447 308
6448 321
6449 304
6450 310
6451 299
6452 279
6453 272
6454 292
6455 284
6456 288
6457 238
6458 221
6459 223
6460 235
6461 257
6462 269
6463 259
6464 266
6465 278
6466 267
6467 255
6468 259
6469 238
6470 221
6471 241
6472 237
6473 252
6474 271
6475 275
6476 281
6477 280
6478 275
6479 254
6480 241
6481 232
6482 196
6483 198
6484 181
6485 174
6486 187
6487 180
6488 167
6489 170
6490 181
6491 197
6492 183
6493 180
6494 181
6495 185
6496 169
6497 169
6498 176
6499 174
6500 170
6501 200
6502 205
6503 204
6504 188
6505 197
6506 206
6507 204
6508 208
6509 207
6510 214
6511 224
6512 229
6513 232
6514 215
6515 196
6516 194
6517 195
6518 208
6519 215
6520 214
6521 238
6522 263
6523 222
6524 210
6525 202
6526 198
6527 207
6528 206
6529 179
6530 207
6531 226
6532 250
6533 231
6534 219
6535 205
6536 197
6537 209
6538 186
6539 201
6540 173
6541 181
6542 191
6543 224
6544 211
6545 226
6546 232
6547 234
6548 227
6549 214
6550 232
6551 231
6552 246
6553 218
6554 208
6555 195
6556 161
6557 145
6558 150
6559 174
6560 162
6561 160
6562 184
6563 193
6564 199
6565 208
6566 207
6567 213
6568 201
6569 207
6570 229
6571 230
6572 233
6573 220
6574 221
6575 226
6576 219
6577 205
6578 210
6579 196
6580 205
6581 204
6582 195
6583 201
6584 211
6585 208
6586 200
6587 186
6588 212
6589 183
6590 186
6591 198
6592 208
6593 216
6594 212
6595 217
6596 219
6597 220
6598 231
6599 226
6600 224
6601 219
6602 207
6603 202
6604 190
6605 208
6606 216
6607 227
6608 249
6609 256
6610 243
6611 246
6612 244
6613 248
6614 236
6615 261
6616 280
6617 273
6618 290
6619 303
6620 281
6621 293
6622 333
6623 322
6624 335
6625 359
6626 374
6627 370
6628 374
6629 372
6630 366
6631 362
6632 336
6633 335
6634 350
6635 356
6636 381
6637 393
6638 388
6639 377
6640 358
6641 343
6642 334
6643 353
6644 348
6645 355
6646 349
6647 332
6648 344
6649 354
6650 359
6651 329
6652 320
6653 338
6654 356
6655 362
6656 373
6657 316
6658 294
6659 292
6660 271
6661 257
6662 245
6663 226
6664 216
6665 234
6666 218
6667 232
6668 224
6669 215
6670 210
6671 190
6672 182
6673 174
6674 179
6675 150
6676 155
6677 150
6678 134
6679 147
6680 147
6681 177
6682 182
6683 186
6684 178
6685 155
6686 150
6687 157
6688 135
6689 149
6690 157
6691 153
6692 144
6693 137
6694 129
6695 119
6696 135
6697 115
6698 131
6699 135
6700 142
6701 156
6702 146
6703 166
6704 161
6705 149
6706 138
6707 132
6708 113
6709 113
6710 105
6711 119
6712 114
6713 108
6714 109
6715 123
6716 116
6717 110
6718 106
6719 105
6720 101
6721 103
6722 103
6723 91
6724 86
6725 81
6726 82
6727 94
6728 89
6729 95
6730 89
6731 92
6732 84
6733 65
6734 67
6735 61
6736 64
6737 80
6738 74
6739 75
6740 76
6741 75
6742 92
6743 119
6744 115
6745 111
6746 102
6747 91
6748 83
6749 79
6750 67
6751 73
6752 74
6753 61
6754 63
6755 64
6756 55
6757 58
6758 48
6759 42
6760 39
6761 35
6762 34
6763 46
6764 55
6765 46
6766 40
6767 40
6768 50
6769 43
6770 34
6771 32
6772 38
6773 31
6774 29
6775 39
6776 42
6777 42
6778 44
6779 43
6780 34
6781 31
6782 42
6783 35
6784 41
6785 42
6786 40
6787 47
6788 40
6789 41
6790 47
6791 45
6792 39
6793 38
6794 35
6795 37
6796 33
6797 34
6798 31
6799 30
6800 30
6801 30
6802 35
6803 39
6804 33
6805 42
6806 42
6807 43
6808 33
6809 38
6810 43
6811 42
6812 44
6813 48
6814 53
6815 55
6816 56
6817 56
6818 57
6819 67
6820 61
6821 60
6822 54
6823 54
6824 47
6825 63
6826 77
6827 88
6828 90
6829 110
6830 110
6831 98
6832 103
6833 108
6834 122
6835 117
6836 126
6837 109
6838 108
6839 106
6840 109
6841 112
6842 119
6843 123
6844 129
6845 128
6846 108
6847 99
6848 91
6849 86
6850 88
6851 94
6852 92
6853 107
6854 114
6855 114
6856 117
6857 117
6858 115
6859 99
6860 96
6861 92
6862 90
6863 80
6864 92
6865 70
6866 76
6867 71
6868 79
6869 94
6870 102
6871 82
6872 81
6873 78
6874 74
6875 83
6876 83
6877 91
6878 107
6879 111
6880 141
6881 135
6882 145
6883 128
6884 132
6885 116
6886 99
6887 95
6888 79
6889 86
6890 85
6891 80
6892 63
6893 53
6894 54
6895 60
6896 59
6897 56
6898 57
6899 52
6900 45
6901 55
6902 63
6903 66
6904 76
6905 78
6906 78
6907 79
6908 77
6909 79
6910 70
6911 58
6912 60
6913 52
6914 49
6915 47
6916 48
6917 34
6918 32
6919 35
6920 33
6921 43
6922 40
6923 44
6924 37
6925 34
6926 31
6927 31
6928 29
6929 32
6930 42
6931 49
6932 45
6933 53
6934 57
6935 66
6936 57
6937 60
6938 72
6939 69
6940 72
6941 77
6942 80
6943 100
6944 86
6945 92
6946 108
6947 110
6948 112
6949 105
6950 111
6951 137
6952 151
6953 139
6954 144
6955 168
6956 153
6957 149
6958 158
6959 175
6960 195
6961 205
6962 185
6963 160
6964 155
6965 158
6966 168
6967 209
6968 212
6969 219
6970 221
6971 232
6972 220
6973 200
6974 180
6975 196
6976 200
6977 195
6978 173
6979 176
6980 176
6981 181
6982 205
6983 190
6984 219
6985 227
6986 211
6987 229
6988 226
6989 247
6990 239
6991 244
6992 236
6993 242
6994 224
6995 196
6996 178
6997 186
6998 196
6999 232
7000 222
7001 232
7002 235
7003 233
7004 228
7005 241
7006 226
7007 235
7008 220
7009 236
7010 208
7011 208
7012 221
7013 229
7014 223
7015 223
7016 218
7017 228
7018 251
7019 253
7020 274
7021 293
7022 303
7023 292
7024 314
7025 318
7026 304
7027 291
7028 306
7029 280
7030 285
7031 289
7032 285
7033 311
7034 304
7035 309
7036 315
7037 321
7038 310
7039 293
7040 315
7041 324
7042 308
7043 312
7044 328
7045 319
7046 320
7047 342
7048 346
7049 335
7050 352
7051 344
7052 336
7053 374
7054 425
7055 410
7056 422
7057 417
7058 390
7059 400
7060 387
7061 417
7062 412
7063 410
7064 406
7065 395
7066 376
7067 338
7068 331
7069 369
7070 358
7071 322
7072 329
7073 371
7074 386
7075 395
7076 417
7077 446
7078 464
7079 458
7080 472
7081 449
7082 478
7083 482
7084 463
7085 476
7086 483
7087 517
7088 535
7089 552
7090 562
7091 541
7092 543
7093 585
7094 596
7095 617
7096 599
7097 624
7098 639
7099 670
7100 682
7101 648
7102 653
7103 667
7104 657
7105 660
7106 642
7107 633
7108 626
7109 652
7110 654
7111 659
7112 631
7113 636
7114 641
7115 607
7116 605
7117 633
7118 605
7119 598
7120 597
7121 617
7122 605
7123 598
7124 605
7125 568
7126 586
7127 587
7128 590
7129 591
7130 588
7131 570
7132 549
7133 563
7134 543
7135 555
7136 554
7137 539
7138 537
7139 563
7140 572
7141 579
7142 567
7143 549
7144 544
7145 553
7146 533
7147 532
7148 540
7149 512
7150 500
7151 515
7152 523
7153 532
7154 547
7155 540
7156 557
7157 538
7158 537
7159 542
7160 548
7161 560
7162 577
7163 601
7164 564
7165 565
7166 548
7167 552
7168 600
7169 570
7170 539
7171 549
7172 552
7173 570
7174 603
7175 568
7176 557
7177 560
7178 540
7179 549
7180 557
7181 523
7182 533
7183 585
7184 593
7185 557
7186 544
7187 524
7188 531
7189 514
7190 521
7191 539
7192 538
7193 558
7194 588
7195 594
7196 584
7197 564
7198 578
7199 616
7200 614
7201 624
7202 613
7203 582
7204 579
7205 600
7206 606
7207 632
7208 642
7209 634
7210 605
7211 626
7212 652
7213 646
7214 629
7215 625
7216 634
7217 653
7218 646
7219 645
7220 622
7221 583
7222 593
7223 576
7224 601
7225 584
7226 596
7227 579
7228 587
7229 600
7230 587
7231 561
7232 590
7233 579
7234 568
7235 574
7236 602
7237 592
7238 602
7239 590
7240 607
7241 626
7242 625
7243 604
7244 626
7245 639
7246 643
7247 641
7248 639
7249 646
7250 679
7251 720
7252 702
7253 679
7254 681
7255 707
7256 711
7257 744
7258 711
7259 728
7260 689
7261 705
7262 690
7263 721
7264 713
7265 701
7266 718
7267 700
7268 708
7269 690
7270 687
7271 680
7272 681
7273 670
7274 668
7275 668
7276 660
7277 674
7278 740
7279 748
7280 783
7281 789
7282 778
7283 783
7284 772
7285 773
7286 751
7287 723
7288 697
7289 685
7290 696
7291 697
7292 734
7293 738
7294 765
7295 747
7296 712
7297 730
7298 683
7299 694
7300 695
7301 706
7302 673
7303 675
7304 682
7305 691
7306 713
7307 716
7308 713
7309 689
7310 679
7311 710
7312 695
7313 669
7314 691
7315 692
7316 689
7317 645
7318 632
7319 649
7320 632
7321 616
7322 646
7323 653
7324 622
7325 637
7326 643
7327 623
7328 636
7329 651
7330 647
7331 634
7332 663
7333 662
7334 657
7335 666
7336 651
7337 646
7338 680
7339 674
7340 667
7341 664
7342 644
7343 664
7344 681
7345 668
7346 654
7347 629
7348 604
7349 641
7350 637
7351 651
7352 686
7353 709
7354 678
7355 651
7356 682
7357 651
7358 682
7359 713
7360 723
7361 723
7362 747
7363 740
7364 718
7365 715
7366 708
7367 688
7368 726
7369 709
7370 701
7371 659
7372 679
7373 681
7374 637
7375 652
7376 696
7377 720
7378 724
7379 771
7380 782
7381 789
7382 797
7383 807
7384 805
7385 786
7386 785
7387 781
7388 742
7389 760
7390 826
7391 804
7392 840
7393 841
7394 875
7395 872
7396 851
7397 857
7398 862
7399 905
7400 924
7401 916
7402 930
7403 902
7404 897
7405 860
7406 812
7407 812
7408 814
7409 814
7410 826
7411 809
7412 818
7413 796
7414 744
7415 772
7416 786
7417 766
7418 763
7419 785
7420 802
7421 784
7422 797
7423 813
7424 794
7425 800
7426 777
7427 759
7428 731
7429 754
7430 735
7431 749
7432 781
7433 821
7434 823
7435 858
7436 873
7437 867
7438 834
7439 823
7440 776
7441 756
7442 746
7443 758
7444 761
7445 767
7446 778
7447 769
7448 715
7449 736
7450 735
7451 699
7452 676
7453 684
7454 678
7455 656
7456 631
7457 623
7458 621
7459 605
7460 638
7461 618
7462 630
7463 579
7464 552
7465 542
7466 521
7467 537
7468 541
7469 535
7470 546
7471 573
7472 572
7473 541
7474 522
7475 531
7476 531
7477 551
7478 559
7479 543
7480 527
7481 534
7482 523
7483 537
7484 546
7485 517
7486 515
7487 529
7488 464
7489 467
7490 465
7491 494
7492 511
7493 525
7494 509
7495 484
7496 488
7497 517
7498 501
7499 527
7500 543
7501 538
7502 529
7503 528
7504 507
7505 494
7506 466
7507 467
7508 453
7509 459
7510 469
7511 470
7512 476
7513 472
7514 469
7515 453
7516 442
7517 474
7518 439
7519 435
7520 422
7521 410
7522 431
7523 416
7524 391
7525 359
7526 382
7527 372
7528 375
7529 407
7530 370
7531 351
7532 343
7533 338
7534 339
7535 351
7536 373
7537 387
7538 395
7539 404
7540 398
7541 395
7542 438
7543 426
7544 441
7545 432
7546 423
7547 414
7548 416
7549 389
7550 353
7551 370
7552 380
7553 400
7554 394
7555 375
7556 358
7557 357
7558 366
7559 382
7560 369
7561 322
7562 305
7563 310
7564 330
7565 352
7566 367
7567 365
7568 378
7569 398
7570 384
7571 371
7572 361
7573 408
7574 395
7575 381
7576 373
7577 403
7578 407
7579 416
7580 427
7581 456
7582 440
7583 446
7584 485
7585 502
7586 500
7587 519
7588 501
7589 512
7590 498
7591 465
7592 445
7593 461
7594 468
7595 463
7596 442
7597 460
7598 473
7599 495
7600 473
7601 481
7602 469
7603 503
7604 505
7605 498
7606 544
7607 550
7608 542
7609 549
7610 541
7611 527
7612 543
7613 554
7614 567
7615 565
7616 584
7617 594
7618 588
7619 591
7620 587
7621 598
7622 578
7623 575
7624 585
7625 587
7626 587
7627 579
7628 582
7629 564
7630 546
7631 568
7632 588
7633 628
7634 613
7635 640
7636 652
7637 681
7638 696
7639 671
7640 717
7641 703
7642 718
7643 725
7644 766
7645 758
7646 775
7647 774
7648 777
7649 786
7650 816
7651 878
7652 900
7653 889
7654 859
7655 895
7656 916
7657 919
7658 918
7659 940
7660 972
7661 1
7662 979
7663 954
7664 885
7665 883
7666 903
7667 888
7668 885
7669 871
7670 905
7671 891
7672 891
7673 888
7674 885
7675 906
7676 867
7677 844
7678 906
7679 890
7680 854
7681 839
7682 839
7683 854
7684 851
7685 855
7686 828
7687 828
7688 832
7689 835
7690 824
7691 824
7692 835
7693 840
7694 860
7695 849
7696 853
7697 860
7698 826
7699 793
7700 819
7701 785
7702 761
7703 796
7704 789
7705 772
7706 792
7707 795
7708 815
7709 785
7710 768
7711 783
7712 824
7713 842
7714 831
7715 825
7716 848
7717 828
7718 806
7719 787
7720 770
7721 790
7722 820
7723 812
7724 812
7725 824
7726 873
7727 903
7728 920
7729 899
7730 894
7731 892
7732 879
7733 908
7734 925
7735 919
7736 943
7737 986
7738 958
7739 976
7740 951
7741 951
7742 970
7743 973
7744 26
7745 46
7746 2
7747 18
7748 4
7749 964
7750 973
7751 956
7752 954
7753 948
7754 982
7755 961
7756 980
7757 965
7758 932
7759 974
7760 962
7761 965
7762 941
7763 923
7764 952
7765 967
7766 974
7767 924
7768 915
7769 875
7770 860
7771 799
7772 786
7773 766
7774 752
7775 726
7776 760
7777 766
7778 762
7779 757
7780 818
7781 845
7782 869
7783 871
7784 844
7785 826
7786 851
7787 825
7788 778
7789 723
7790 696
7791 666
7792 693
7793 697
7794 687
7795 661
7796 605
7797 613
7798 583
7799 600
7800 633
7801 623
7802 600
7803 601
7804 575
7805 559
7806 521
7807 542
7808 512
7809 517
7810 545
7811 553
7812 534
7813 530
7814 494
7815 504
7816 529
7817 512
7818 530
7819 483
7820 466
7821 453
7822 439
7823 466
7824 480
7825 482
7826 471
7827 495
7828 488
7829 501
7830 542
7831 526
7832 525
7833 502
7834 482
7835 484
7836 485
7837 485
7838 470
7839 448
7840 477
7841 456
7842 489
7843 492
7844 471
7845 461
7846 458
7847 434
7848 412
7849 415
7850 409
7851 389
7852 387
7853 400
7854 399
7855 378
7856 369
7857 359
7858 386
7859 387
7860 385
7861 385
7862 386
7863 394
7864 383
7865 404
7866 423
7867 388
7868 408
7869 423
7870 409
7871 396
7872 412
7873 417
7874 407
7875 380
7876 418
7877 431
7878 459
7879 451
7880 433
7881 428
7882 446
7883 440
7884 433
7885 446
7886 428
7887 401
7888 398
7889 378
7890 387
7891 373
7892 433
7893 418
7894 404
7895 393
7896 394
7897 415
7898 421
7899 434
7900 441
7901 439
7902 434
7903 403
7904 390
7905 452
7906 422
7907 405
7908 391
7909 376
7910 373
7911 347
7912 349
7913 374
7914 377
7915 348
7916 364
7917 359
7918 343
7919 331
7920 333
7921 343
7922 351
7923 333
7924 357
7925 358
7926 371
7927 354
7928 358
7929 354
7930 372
7931 371
7932 368
7933 371
7934 382
7935 389
7936 363
7937 368
7938 372
7939 355
7940 360
7941 372
7942 388
7943 381
7944 391
7945 410
7946 404
7947 417
7948 428
7949 436
7950 419
7951 389
7952 376
7953 369
7954 346
7955 314
7956 321
7957 316
7958 336
7959 364
7960 335
7961 322
7962 328
7963 311
7964 335
7965 341
7966 291
7967 303
7968 313
7969 314
7970 316
7971 305
7972 323
7973 312
7974 319
7975 306
7976 337
7977 333
7978 333
7979 323
7980 337
7981 321
7982 339
7983 367
7984 401
7985 404
7986 416
7987 445
7988 481
7989 463
7990 466
7991 467
7992 415
7993 403
7994 389
7995 387
7996 381
7997 360
7998 360
7999 321
8000 314
8001 294
8002 291
8003 272
8004 260
8005 258
8006 255
8007 271
8008 267
8009 268
8010 299
8011 305
8012 305
8013 281
8014 319
8015 314
8016 292
8017 301
8018 300
8019 282
8020 272
8021 294
8022 285
8023 303
8024 317
8025 352
8026 353
8027 362
8028 341
8029 315
8030 331
8031 348
8032 339
8033 334
8034 316
8035 296
8036 315
8037 307
8038 308
8039 304
8040 323
8041 320
8042 317
8043 312
8044 314
8045 313
8046 312
8047 305
8048 292
8049 303
8050 336
8051 356
8052 341
8053 341
8054 320
8055 319
8056 313
8057 326
8058 341
8059 352
8060 354
8061 366
8062 385
8063 398
8064 383
8065 374
8066 352
8067 368
8068 380
8069 414
8070 439
8071 456
8072 445
8073 470
8074 454
8075 479
8076 475
8077 481
8078 488
8079 462
8080 489
8081 495
8082 504
8083 547
8084 531
8085 531
8086 518
8087 533
8088 518
8089 529
8090 524
8091 552
8092 535
8093 540
8094 592
8095 572
8096 573
8097 594
8098 590
8099 585
8100 617
8101 647
8102 607
8103 600
8104 606
8105 604
8106 600
8107 601
8108 611
8109 606
8110 592
8111 591
8112 570
8113 581
8114 591
8115 580
8116 584
8117 599
8118 601
8119 607
8120 629
8121 628
8122 625
8123 594
8124 607
8125 600
8126 602
8127 593
8128 581
8129 583
8130 603
8131 605
8132 621
8133 655
8134 680
8135 694
8136 701
8137 698
8138 675
8139 699
8140 723
8141 677
8142 670
8143 669
8144 690
8145 708
8146 685
8147 670
8148 697
8149 698
8150 679
8151 660
8152 642
8153 648
8154 675
8155 656
8156 690
8157 669
8158 680
8159 681
8160 720
8161 725
8162 755
8163 783
8164 802
8165 738
8166 762
8167 727
8168 714
8169 722
8170 723
8171 695
8172 721
8173 724
8174 713
8175 687
8176 660
8177 686
8178 687
8179 701
8180 671
8181 690
8182 703
8183 734
8184 717
8185 700
8186 742
8187 709
8188 727
8189 732
8190 736
8191 702
8192 709
8193 704
8194 690
8195 720
8196 722
8197 672
8198 669
8199 638
8200 658
8201 672
8202 707
8203 741
8204 753
8205 764
8206 779
8207 826
8208 840
8209 830
8210 819
8211 804
8212 781
8213 780
8214 786
8215 807
8216 824
8217 816
8218 811
8219 806
8220 798
8221 800
8222 778
8223 756
8224 739
8225 721
8226 727
8227 761
8228 729
8229 744
8230 737
8231 696
8232 724
8233 732
8234 752
8235 746
8236 714
8237 698
8238 721
8239 715
8240 731
8241 707
8242 708
8243 701
8244 700
8245 676
8246 652
8247 632
8248 632
8249 650
8250 664
8251 654
8252 665
8253 667
8254 667
8255 667
8256 674
8257 683
8258 690
8259 673
8260 635
8261 603
8262 589
8263 617
8264 604
8265 584
8266 572
8267 556
8268 563
8269 588
8270 599
8271 598
8272 639
8273 620
8274 600
8275 598
8276 640
8277 656
8278 631
8279 651
8280 688
8281 691
8282 651
8283 659
8284 663
8285 662
8286 648
8287 623
8288 645
8289 664
8290 680
8291 667
8292 653
8293 677
8294 699
8295 678
8296 714
8297 696
8298 733
8299 739
8300 702
8301 678
8302 740
8303 762
8304 788
8305 786
8306 796
8307 790
8308 767
8309 791
8310 800
8311 800
8312 780
8313 794
8314 806
8315 786
8316 793
8317 770
8318 764
8319 738
8320 746
8321 730
8322 776
8323 768
8324 746
8325 744
8326 727
8327 737
8328 718
8329 719
8330 690
8331 682
8332 661
8333 659
8334 672
8335 684
8336 712
8337 728
8338 704
8339 674
8340 690
8341 673
8342 642
8343 608
8344 621
8345 653
8346 637
8347 629
8348 627
8349 638
8350 625
8351 621
8352 611
8353 626
8354 632
8355 632
8356 637
8357 647
8358 672
8359 671
8360 659
8361 655
8362 666
8363 688
8364 682
8365 707
8366 704
8367 686
8368 723
8369 727
8370 697
8371 688
8372 698
8373 721
8374 709
8375 731
8376 756
8377 764
8378 735
8379 728
8380 704
8381 678
8382 689
8383 687
8384 663
8385 641
8386 680
8387 713
8388 694
8389 703
8390 729
8391 768
8392 790
8393 818
8394 792
8395 789
8396 783
8397 767
8398 757
8399 773
8400 793
8401 781
8402 789
8403 783
8404 776
8405 770
8406 796
8407 805
8408 767
8409 759
8410 798
8411 792
8412 831
8413 838
8414 839
8415 825
8416 826
8417 846
8418 851
8419 851
8420 870
8421 900
8422 897
8423 882
8424 862
8425 884
8426 867
8427 836
8428 837
8429 833
8430 869
8431 845
8432 854
8433 892
8434 910
8435 909
8436 890
8437 896
8438 904
8439 872
8440 876
8441 898
8442 860
8443 901
8444 901
8445 930
8446 961
8447 945
8448 970
8449 984
8450 998
8451 983
8452 991
8453 992
8454 995
8455 59
8456 66
8457 76
8458 77
8459 84
8460 109
8461 133
8462 104
8463 86
8464 90
8465 100
8466 114
8467 96
8468 78
8469 74
8470 52
8471 87
8472 99
8473 85
8474 92
8475 101
8476 117
8477 84
8478 117
8479 124
8480 160
8481 174
8482 122
8483 129
8484 139
8485 138
8486 131
8487 105
8488 85
8489 80
8490 78
8491 71
8492 90
8493 91
8494 93
8495 90
8496 98
8497 107
8498 109
8499 126
8500 97
8501 91
8502 107
8503 109
8504 68
8505 88
8506 117
8507 157
8508 160
8509 152
8510 137
8511 153
8512 167
8513 200
8514 189
8515 136
8516 113
8517 118
8518 111
8519 104
8520 82
8521 70
8522 76
8523 98
8524 120
8525 125
8526 134
8527 137
8528 123
8529 122
8530 173
8531 167
8532 151
8533 132
8534 137
8535 134
8536 137
8537 137
8538 125
8539 137
8540 119
8541 119
8542 149
8543 183
8544 172
8545 208
8546 230
8547 201
8548 216
8549 224
8550 238
8551 221
8552 210
8553 196
8554 198
8555 171
8556 212
8557 226
8558 244
8559 248
8560 280
8561 256
8562 244
8563 202
8564 209
8565 199
8566 196
8567 191
8568 210
8569 219
8570 247
8571 242
8572 236
8573 245
8574 236
8575 219
8576 232
8577 233
8578 227
8579 251
8580 233
8581 208
8582 211
8583 218
8584 187
8585 177
8586 202
8587 206
8588 180
8589 197
8590 228
8591 178
8592 155
8593 158
8594 155
8595 148
8596 128
8597 121
8598 117
8599 115
8600 110
8601 148
8602 139
8603 138
8604 119
8605 129
8606 147
8607 148
8608 135
8609 149
8610 141
8611 117
8612 131
8613 114
8614 159
8615 166
8616 177
8617 188
8618 178
8619 168
8620 166
8621 155
8622 183
8623 151
8624 120
8625 130
8626 101
8627 92
8628 94
8629 123
8630 138
8631 106
8632 100
8633 87
8634 109
8635 117
8636 132
8637 114
8638 109
8639 113
8640 108
8641 142
8642 129
8643 117
8644 145
8645 169
8646 207
8647 201
8648 231
8649 243
8650 248
8651 259
8652 252
8653 223
8654 254
8655 265
8656 282
8657 258
8658 237
8659 242
8660 215
8661 197
8662 183
8663 152
8664 154
8665 159
8666 150
8667 123
8668 101
8669 130
8670 138
8671 109
8672 92
8673 116
8674 154
8675 157
8676 180
8677 161
8678 170
8679 164
8680 102
8681 72
8682 65
8683 32
8684 32
8685 16
8686 15
8687 28
8688 41
8689 13
8690 34
8691 31
8692 105
8693 123
8694 104
8695 139
8696 149
8697 159
8698 117
8699 118
8700 140
8701 154
8702 120
8703 111
8704 156
8705 141
8706 158
8707 149
8708 143
8709 121
8710 141
8711 148
8712 150
8713 189
8714 222
8715 254
8716 264
8717 256
8718 271
8719 283
8720 282
8721 320
8722 305
8723 274
8724 282
8725 246
8726 252
8727 235
8728 226
8729 202
8730 214
8731 226
8732 208
8733 164
8734 161
8735 143
8736 160
8737 212
8738 201
8739 211
8740 160
8741 104
8742 104
8743 128
8744 149
8745 140
8746 117
8747 173
8748 159
8749 127
8750 121
8751 144
8752 127
8753 134
8754 100
8755 115
8756 82
8757 45
8758 70
8759 126
8760 157
8761 134
8762 140
8763 140
8764 110
8765 126
8766 120
8767 106
8768 107
8769 130
8770 146
8771 92
8772 100
8773 127
8774 122
8775 155
8776 165
8777 186
8778 186
8779 162
8780 169
8781 167
8782 177
8783 164
8784 174
8785 197
8786 192
8787 176
8788 162
8789 158
8790 167
8791 160
8792 139
8793 136
8794 116
8795 180
8796 195
8797 170
8798 137
8799 136
8800 105
8801 81
8802 95
8803 148
8804 154
8805 179
8806 163
8807 161
8808 146
8809 185
8810 181
8811 201
8812 162
8813 172
8814 139
8815 148
8816 159
8817 158
8818 175
8819 178
8820 178
8821 196
8822 225
8823 232
8824 233
8825 234
8826 243
8827 229
8828 227
8829 225
8830 204
8831 172
8832 180
8833 150
8834 139
8835 130
8836 117
8837 120
8838 95
8839 107
8840 85
8841 136
8842 197
8843 244
8844 238
8845 265
8846 235
8847 227
8848 207
8849 248
8850 222
8851 214
8852 224
8853 248
8854 247
8855 252
8856 258
8857 241
8858 252
8859 282
8860 265
8861 237
8862 214
8863 193
8864 171
8865 164
8866 154
8867 174
8868 181
8869 175
8870 188
8871 216
8872 244
8873 222
8874 218
8875 229
8876 209
8877 232
8878 242
8879 241
8880 237
8881 235
8882 202
8883 192
8884 171
8885 182
8886 155
8887 124
8888 118
8889 82
8890 76
8891 33
8892 4
8893 9
8894 27
8895 19
8896 59
8897 29
8898 66
8899 76
8900 47
8901 52
8902 55
8903 59
8904 76
8905 79
8906 58
8907 71
8908 93
8909 131
8910 167
8911 160
8912 119
8913 136
8914 162
8915 185
8916 180
8917 201
8918 182
8919 172
8920 136
8921 147
8922 126
8923 129
8924 130
8925 98
8926 136
8927 120
8928 150
8929 199
8930 204
8931 178
8932 180
8933 213
8934 171
8935 145
8936 161
8937 146
8938 145
8939 137
8940 112
8941 154
8942 158
8943 164
8944 174
8945 190
8946 195
8947 208
8948 213
8949 218
8950 223
8951 201
8952 185
8953 164
8954 180
8955 233
8956 238
8957 243
8958 256
8959 283
8960 248
8961 252
8962 251
8963 257
8964 288
8965 297
8966 314
8967 322
8968 304
8969 282
8970 300
8971 289
8972 285
8973 298
8974 327
8975 343
8976 349
8977 346
8978 366
8979 410
8980 381
8981 351
8982 381
8983 391
8984 400
8985 407
8986 391
8987 420
8988 423
8989 446
8990 463
8991 480
8992 471
8993 451
8994 442
8995 452
8996 473
8997 482
8998 461
8999 455
9000 433
9001 453
9002 421
9003 408
9004 390
9005 387
9006 369
9007 361
9008 320
9009 274
9010 309
9011 317
9012 309
9013 315
9014 348
9015 363
9016 376
9017 372
9018 328
9019 317
9020 351
9021 349
9022 359
9023 313
9024 314
9025 335
9026 345
9027 391
9028 396
9029 419
9030 419
9031 429
9032 461
9033 457
9034 454
9035 424
9036 404
9037 395
9038 409
9039 378
9040 385
9041 407
9042 445
9043 448
9044 437
9045 425
9046 484
9047 490
9048 453
9049 479
9050 519
9051 512
9052 520
9053 508
9054 505
9055 472
9056 502
9057 487
9058 498
9059 479
9060 469
9061 450
9062 432
9063 428
9064 453
9065 463
9066 458
9067 457
9068 468
9069 472
9070 497
9071 500
9072 507
9073 501
9074 478
9075 483
9076 493
9077 479
9078 500
9079 503
9080 507
9081 531
9082 536
9083 506
9084 503
9085 512
9086 531
9087 523
9088 515
9089 505
9090 480
9091 479
9092 456
9093 427
9094 435
9095 389
9096 376
9097 408
9098 438
9099 428
9100 481
9101 487
9102 486
9103 493
9104 465
9105 470
9106 470
9107 464
9108 464
9109 465
9110 453
9111 452
9112 426
9113 418
9114 413
9115 384
9116 400
9117 445
9118 476
9119 491
9120 486
9121 529
9122 537
9123 539
9124 484
9125 503
9126 493
9127 496
9128 492
9129 476
9130 468
9131 488
9132 497
9133 527
9134 511
9135 543
9136 551
9137 539
9138 518
9139 515
9140 485
9141 483
9142 473
9143 455
9144 468
9145 445
9146 465
9147 433
9148 418
9149 425
9150 405
9151 420
9152 340
9153 318
9154 301
9155 298
9156 282
9157 249
9158 270
9159 280
9160 255
9161 246
9162 247
9163 269
9164 270
9165 262
9166 284
9167 286
9168 274
9169 296
9170 298
9171 325
9172 320
9173 333
9174 375
9175 376
9176 364
9177 328
9178 304
9179 295
9180 299
9181 307
9182 325
9183 319
9184 322
9185 295
9186 318
9187 335
9188 340
9189 312
9190 321
9191 320
9192 285
9193 280
9194 337
9195 320
9196 300
9197 289
9198 242
9199 236
9200 212
9201 238
9202 255
9203 251
9204 239
9205 218
9206 215
9207 195
9208 227
9209 231
9210 214
9211 239
9212 217
9213 185
9214 196
9215 192
9216 186
9217 159
9218 143
9219 144
9220 115
9221 109
9222 105
9223 129
9224 150
9225 173
9226 202
9227 205
9228 196
9229 167
9230 159
9231 134
9232 136
9233 147
9234 172
9235 151
9236 114
9237 96
9238 111
9239 99
9240 138
9241 165
9242 170
9243 167
9244 225
9245 221
9246 216
9247 226
9248 199
9249 263
9250 262
9251 282
9252 293
9253 268
9254 266
9255 265
9256 230
9257 220
9258 235
9259 258
9260 254
9261 248
9262 250
9263 249
9264 275
9265 282
9266 259
9267 224
9268 237
9269 231
9270 229
9271 246
9272 266
9273 250
9274 276
9275 292
9276 333
9277 325
9278 323
9279 353
9280 335
9281 366
9282 346
9283 347
9284 371
9285 372
9286 388
9287 380
9288 374
9289 387
9290 362
9291 367
9292 372
9293 360
9294 361
9295 346
9296 333
9297 322
9298 337
9299 307
9300 296
9301 284
9302 237
9303 224
9304 243
9305 222
9306 207
9307 192
9308 221
9309 256
9310 249
9311 232
9312 227
9313 206
9314 227
9315 206
9316 189
9317 203
9318 216
9319 212
9320 194
9321 183
9322 169
9323 177
9324 223
9325 225
9326 225
9327 244
9328 257
9329 233
9330 200
9331 253
9332 252
9333 254
9334 255
9335 265
9336 271
9337 285
9338 316
9339 338
9340 326
9341 317
9342 310
9343 309
9344 299
9345 276
9346 284
9347 278
9348 281
9349 301
9350 266
9351 259
9352 227
9353 258
9354 253
9355 252
9356 253
9357 222
9358 221
9359 221
9360 265
9361 261
9362 327
9363 361
9364 372
9365 392
9366 371
9367 368
9368 386
9369 336
9370 335
9371 350
9372 348
9373 350
9374 359
9375 367
9376 354
9377 355
9378 355
9379 339
9380 362
9381 331
9382 334
9383 357
9384 369
9385 381
9386 363
9387 353
9388 329
9389 354
9390 370
9391 369
9392 331
9393 316
9394 338
9395 366
9396 387
9397 385
9398 370
9399 414
9400 409
9401 401
9402 380
9403 379
9404 393
9405 410
9406 404
9407 419
9408 458
9409 429
9410 452
9411 461
9412 418
9413 428
9414 424
9415 432
9416 438
9417 430
9418 396
9419 406
9420 419
9421 431
9422 442
9423 437
9424 425
9425 442
9426 487
9427 478
9428 486
9429 484
9430 458
9431 429
9432 432
9433 408
9434 424
9435 440
9436 449
9437 467
9438 474
9439 442
9440 446
9441 452
9442 408
9443 402
9444 399
9445 404
9446 437
9447 415
9448 410
9449 417
9450 425
9451 425
9452 423
9453 463
9454 479
9455 506
9456 515
9457 509
9458 545
9459 561
9460 560
9461 570
9462 604
9463 584
9464 533
9465 533
9466 522
9467 531
9468 523
9469 519
9470 528
9471 552
9472 541
9473 528
9474 515
9475 518
9476 532
9477 526
9478 516
9479 515
9480 482
9481 492
9482 493
9483 497
9484 484
9485 461
9486 454
9487 430
9488 431
9489 438
9490 447
9491 467
9492 455
9493 465
9494 454
9495 437
9496 442
9497 409
9498 403
9499 402
9500 403
9501 428
9502 409
9503 450
9504 445
9505 450
9506 416
9507 399
9508 388
9509 381
9510 409
9511 409
9512 436
9513 424
9514 431
9515 458
9516 467
9517 438
9518 460
9519 440
9520 450
9521 452
9522 457
9523 468
9524 443
9525 423
9526 420
9527 428
9528 431
9529 423
9530 428
9531 461
9532 475
9533 480
9534 457
9535 479
9536 465
9537 481
9538 487
9539 475
9540 501
9541 554
9542 564
9543 559
9544 583
9545 585
9546 598
9547 596
9548 599
9549 600
9550 617
9551 632
9552 638
9553 636
9554 619
9555 675
9556 684
9557 670
9558 708
9559 679
9560 649
9561 639
9562 633
9563 644
9564 645
9565 647
9566 638
9567 628
9568 634
9569 639
9570 627
9571 631
9572 648
9573 630
9574 633
9575 625
9576 629
9577 645
9578 656
9579 647
9580 615
9581 594
9582 579
9583 569
9584 629
9585 637
9586 701
9587 681
9588 661
9589 681
9590 701
9591 723
9592 699
9593 685
9594 650
9595 646
9596 665
9597 694
9598 700
9599 696
9600 712
9601 675
9602 688
9603 704
9604 712
9605 704
9606 698
9607 705
9608 684
9609 690
9610 720
9611 717
9612 712
9613 718
9614 733
9615 704
9616 716
9617 713
9618 730
9619 710
9620 699
9621 700
9622 679
9623 660
9624 660
9625 660
9626 681
9627 666
9628 660
9629 709
9630 705
9631 713
9632 714
9633 666
9634 656
9635 669
9636 660
9637 697
9638 710
9639 691
9640 685
9641 680
9642 693
9643 728
9644 755
9645 752
9646 727
9647 730
9648 715
9649 722
9650 724
9651 696
9652 702
9653 690
9654 703
9655 692
9656 707
9657 685
9658 698
9659 748
9660 726
9661 721
9662 714
9663 726
9664 712
9665 740
9666 739
9667 739
9668 753
9669 734
9670 739
9671 722
9672 738
9673 746
9674 767
9675 765
9676 741
9677 753
9678 777
9679 770
9680 783
9681 787
9682 781
9683 778
9684 769
9685 768
9686 769
9687 778
9688 773
9689 744
9690 745
9691 766
9692 752
9693 722
9694 688
9695 651
9696 641
9697 625
9698 601
9699 626
9700 622
9701 604
9702 597
9703 570
9704 572
9705 601
9706 640
9707 650
9708 640
9709 654
9710 690
9711 689
9712 648
9713 615
9714 638
9715 646
9716 628
9717 595
9718 598
9719 598
9720 592
9721 577
9722 562
9723 574
9724 579
9725 542
9726 535
9727 551
9728 551
9729 552
9730 556
9731 565
9732 549
9733 551
9734 567
9735 531
9736 528
9737 531
9738 527
9739 521
9740 543
9741 535
9742 509
9743 479
9744 466
9745 473
9746 447
9747 470
9748 448
9749 438
9750 442
9751 428
9752 439
9753 420
9754 425
9755 439
9756 448
9757 472
9758 459
9759 456
9760 444
9761 425
9762 442
9763 428
9764 420
9765 417
9766 434
9767 421
9768 431
9769 403
9770 406
9771 341
9772 366
9773 393
9774 341
9775 351
9776 345
9777 317
9778 310
9779 280
9780 328
9781 305
9782 289
9783 312
9784 279
9785 227
9786 227
9787 219
9788 206
9789 263
9790 268
9791 255
9792 253
9793 259
9794 285
9795 325
9796 316
9797 315
9798 308
9799 290
9800 259
9801 332
9802 304
9803 285
9804 294
9805 320
9806 324
9807 346
9808 346
9809 326
9810 344
9811 347
9812 366
9813 370
9814 407
9815 381
9816 378
9817 378
9818 379
9819 389
9820 394
9821 363
9822 353
9823 348
9824 353
9825 357
9826 328
9827 317
9828 321
9829 323
9830 325
9831 322
9832 327
9833 342
9834 322
9835 297
9836 334
9837 337
9838 361
9839 350
9840 324
9841 329
9842 305
9843 303
9844 284
9845 237
9846 267
9847 253
9848 266
9849 274
9850 271
9851 272
9852 305
9853 315
9854 298
9855 330
9856 321
9857 319
9858 275
9859 265
9860 231
9861 237
9862 217
9863 203
9864 204
9865 205
9866 211
9867 219
9868 212
9869 216
9870 202
9871 184
9872 172
9873 164
9874 175
9875 153
9876 132
9877 94
9878 70
9879 88
9880 91
9881 93
9882 89
9883 70
9884 92
9885 112
9886 119
9887 131
9888 122
9889 139
9890 114
9891 121
9892 120
9893 161
9894 161
9895 184
9896 183
9897 175
9898 191
9899 208
9900 202
9901 175
9902 171
9903 152
9904 153
9905 116
9906 118
9907 92
9908 97
9909 79
9910 94
9911 111
9912 128
9913 124
9914 146
9915 145
9916 113
9917 111
9918 154
9919 130
9920 140
9921 116
9922 123
9923 122
9924 156
9925 180
9926 126
9927 113
9928 73
9929 62
9930 15
9931 22
9932 996
9933 999
9934 33
9935 17
9936 996
9937 985
9938 15
9939 993
9940 972
9941 9
9942 994
9943 13
9944 8
9945 992
9946 993
9947 979
9948 999
9949 29
9950 33
9951 40
9952 20
9953 11
9954 996
9955 25
9956 18
9957 9
9958 974
9959 981
9960 949
9961 970
9962 968
9963 986
9964 988
9965 3
9966 986
9967 7
9968 5
9969 978
9970 964
9971 998
9972 9
9973 995
9974 23
9975 14
9976 24
9977 22
9978 6
9979 12
9980 10
9981 50
9982 65
9983 82
9984 86
9985 87
9986 54
9987 78
9988 97
9989 134
9990 136
9991 135
9992 109
9993 118
9994 103
9995 70
9996 87
9997 54
9998 49
9999 42
10000 66
