1 0
2 0
3 0
4 0
5 0
6 0
7 0
8 0
9 0
10 1
11 0
12 0
13 0
14 1
15 2
16 5
17 2
18 5
19 7
20 8
21 7
22 7
23 3
24 2
25 0
26 0
27 0
28 1
29 1
30 2
31 0
32 0
33 0
34 0
35 0
36 0
37 0
38 0
39 0
40 0
41 1
42 2
43 3
44 3
45 6
46 7
47 4
48 2
49 2
50 2
51 3
52 4
53 5
54 5
55 4
56 2
57 2
58 3
59 3
60 3
61 1
62 1
63 1
64 2
65 3
66 4
67 3
68 5
69 6
70 2
71 3
72 1
73 0
74 0
75 0
76 0
77 0
78 0
79 0
80 0
81 1
82 0
83 0
84 0
85 0
86 0
87 0
88 1
89 0
90 0
91 0
92 0
93 0
94 0
95 0
96 0
97 0
98 0
99 0
100 1
101 0
102 0
103 0
104 1
105 0
106 0
107 1
108 2
109 0
110 1
111 1
112 1
113 0
114 1
115 1
116 1
117 2
118 1
119 1
120 1
121 1
122 0
123 0
124 1
125 2
126 0
127 0
128 0
129 0
130 0
131 0
132 0
133 0
134 0
135 1
136 2
137 3
138 5
139 6
140 7
141 5
142 3
143 6
144 7
145 10
146 11
147 7
148 12
149 13
150 13
151 19
152 19
153 21
154 25
155 19
156 18
157 20
158 23
159 26
160 26
161 32
162 34
163 43
164 34
165 32
166 36
167 27
168 29
169 30
170 36
171 40
172 39
173 34
174 31
175 27
176 23
177 15
178 17
179 12
180 11
181 18
182 24
183 29
184 23
185 19
186 23
187 32
188 34
189 34
190 41
191 40
192 40
193 46
194 47
195 29
196 29
197 29
198 28
199 26
200 31
201 28
202 23
203 20
204 17
205 24
206 25
207 24
208 30
209 34
210 35
211 41
212 35
213 28
214 30
215 26
216 25
217 24
218 22
219 30
220 38
221 45
222 49
223 34
224 26
225 24
226 21
227 22
228 23
229 29
230 31
231 28
232 30
233 25
234 26
235 32
236 32
237 25
238 17
239 18
240 12
241 8
242 9
243 8
244 7
245 4
246 5
247 10
248 10
249 7
250 7
251 11
252 15
253 12
254 13
255 14
256 12
257 11
258 11
259 12
260 8
261 7
262 4
263 6
264 5
265 1
266 3
267 4
268 3
269 4
270 4
271 5
272 5
273 3
274 5
275 1
276 0
277 0
278 0
279 0
280 0
281 0
282 0
283 0
284 0
285 0
286 1
287 3
288 1
289 0
290 0
291 0
292 0
293 0
294 0
295 0
296 0
297 0
298 0
299 0
300 0
301 2
302 2
303 2
304 2
305 4
306 5
307 7
308 10
309 9
310 7
311 10
312 6
313 6
314 4
315 4
316 1
317 2
318 1
319 1
320 1
321 2
322 2
323 4
324 2
325 6
326 6
327 8
328 11
329 19
330 18
331 14
332 16
333 20
334 13
335 11
336 9
337 12
338 12
339 16
340 14
341 16
342 10
343 6
344 6
345 9
346 7
347 11
348 9
349 8
350 16
351 15
352 25
353 30
354 27
355 23
356 19
357 19
358 15
359 16
360 17
361 18
362 22
363 30
364 32
365 44
366 35
367 41
368 37
369 38
370 33
371 27
372 26
373 25
374 26
375 26
376 21
377 23
378 30
379 34
380 33
381 29
382 29
383 31
384 33
385 31
386 29
387 28
388 32
389 25
390 17
391 22
392 32
393 33
394 34
395 34
396 34
397 39
398 46
399 50
400 56
401 67
402 78
403 71
404 77
405 69
406 65
407 59
408 61
409 54
410 48
411 48
412 52
413 49
414 55
415 48
416 51
417 56
418 64
419 64
420 66
421 61
422 50
423 49
424 45
425 48
426 54
427 54
428 54
429 51
430 42
431 38
432 46
433 25
434 24
435 18
436 23
437 21
438 21
439 21
440 19
441 16
442 13
443 10
444 9
445 8
446 8
447 5
448 4
449 2
450 4
451 5
452 2
453 1
454 1
455 2
456 0
457 0
458 0
459 0
460 0
461 0
462 0
463 0
464 0
465 0
466 0
467 0
468 0
469 0
470 1
471 2
472 3
473 4
474 8
475 6
476 6
477 6
478 6
479 9
480 10
481 9
482 9
483 7
484 4
485 3
486 1
487 0
488 1
489 3
490 2
491 2
492 2
493 4
494 4
495 3
496 1
497 0
498 0
499 0
500 0
501 0
502 0
503 0
504 0
505 0
506 1
507 1
508 0
509 0
510 0
511 1
512 0
513 0
514 1
515 1
516 2
517 0
518 0
519 0
520 0
521 1
522 3
523 4
524 6
525 9
526 10
527 5
528 6
529 10
530 10
531 9
532 11
533 9
534 6
535 5
536 6
537 8
538 9
539 11
540 9
541 12
542 10
543 12
544 16
545 16
546 21
547 22
548 24
549 24
550 25
551 27
552 30
553 33
554 25
555 32
556 34
557 32
558 44
559 52
560 47
561 44
562 45
563 44
564 38
565 40
566 43
567 45
568 46
569 52
570 56
571 72
572 65
573 62
574 75
575 71
576 65
577 69
578 73
579 72
580 76
581 88
582 83
583 71
584 89
585 79
586 96
587 104
588 110
589 115
590 139
591 129
592 142
593 161
594 159
595 145
596 159
597 151
598 156
599 150
600 148
601 135
602 142
603 137
604 116
605 113
606 116
607 130
608 127
609 136
610 134
611 135
612 137
613 148
614 184
615 193
616 213
617 225
618 237
619 227
620 239
621 207
622 209
623 192
624 197
625 177
626 164
627 170
628 169
629 165
630 152
631 163
632 161
633 140
634 142
635 145
636 159
637 144
638 148
639 129
640 132
641 136
642 142
643 145
644 177
645 176
646 158
647 149
648 154
649 163
650 164
651 139
652 141
653 112
654 100
655 124
656 130
657 138
658 125
659 131
660 113
661 119
662 119
663 123
664 150
665 172
666 199
667 201
668 180
669 192
670 180
671 150
672 141
673 169
674 173
675 191
676 169
677 185
678 174
679 193
680 195
681 176
682 184
683 212
684 190
685 238
686 246
687 235
688 268
689 270
690 249
691 284
692 297
693 283
694 253
695 319
696 332
697 349
698 386
699 407
700 450
701 454
702 396
703 423
704 431
705 434
706 467
707 505
708 518
709 466
710 431
711 406
712 395
713 355
714 344
715 334
716 340
717 358
718 352
719 310
720 292
721 314
722 279
723 289
724 299
725 291
726 310
727 326
728 317
729 296
730 291
731 239
732 220
733 214
734 212
735 237
736 248
737 267
738 287
739 324
740 314
741 320
742 349
743 375
744 383
745 364
746 360
747 351
748 322
749 304
750 300
751 294
752 301
753 264
754 255
755 272
756 282
757 302
758 340
759 346
760 298
761 296
762 284
763 268
764 264
765 317
766 306
767 304
768 260
769 278
770 266
771 272
772 302
773 328
774 328
775 350
776 355
777 361
778 370
779 414
780 359
781 344
782 373
783 426
784 440
785 415
786 400
787 414
788 398
789 406
790 398
791 341
792 330
793 410
794 458
795 490
796 430
797 454
798 524
799 512
800 529
801 533
802 571
803 561
804 507
805 515
806 535
807 516
808 549
809 609
810 596
811 616
812 584
813 564
814 509
815 523
816 569
817 565
818 554
819 651
820 645
821 638
822 687
823 660
824 621
825 641
826 665
827 664
828 724
829 706
830 697
831 718
832 656
833 658
834 688
835 712
836 653
837 649
838 663
839 627
840 523
841 521
842 546
843 577
844 547
845 551
846 563
847 539
848 570
849 535
850 543
851 491
852 465
853 490
854 501
855 522
856 513
857 500
858 507
859 475
860 477
861 487
862 456
863 476
864 493
865 523
866 475
867 448
868 449
869 444
870 413
871 419
872 429
873 460
874 446
875 473
876 466
877 482
878 468
879 489
880 484
881 500
882 500
883 532
884 548
885 556
886 521
887 504
888 544
889 502
890 493
891 482
892 489
893 510
894 536
895 553
896 547
897 540
898 534
899 535
900 532
901 520
902 520
903 530
904 522
905 548
906 511
907 476
908 436
909 363
910 355
911 365
912 387
913 433
914 470
915 463
916 410
917 423
918 423
919 404
920 420
921 422
922 420
923 400
924 359
925 362
926 376
927 393
928 409
929 467
930 452
931 435
932 478
933 501
934 491
935 508
936 522
937 514
938 553
939 547
940 553
941 586
942 624
943 596
944 512
945 525
946 523
947 517
948 545
949 531
950 509
951 463
952 456
953 392
954 414
955 371
956 425
957 422
958 390
959 396
960 386
961 363
962 375
963 376
964 395
965 402
966 388
967 399
968 399
969 401
970 407
971 378
972 360
973 355
974 356
975 347
976 355
977 320
978 319
979 291
980 310
981 318
982 322
983 328
984 332
985 312
986 313
987 341
988 347
989 367
990 347
991 343
992 326
993 322
994 300
995 286
996 272
997 295
998 275
999 268
1000 271
1001 282
1002 272
1003 313
1004 352
1005 352
1006 344
1007 380
1008 326
1009 263
1010 252
1011 247
1012 226
1013 237
1014 240
1015 265
1016 236
1017 240
1018 222
1019 207
1020 219
1021 220
1022 215
1023 189
1024 161
1025 175
1026 142
1027 132
1028 124
1029 117
1030 134
1031 127
1032 136
1033 148
1034 137
1035 154
1036 175
1037 176
1038 157
1039 156
1040 152
1041 154
1042 146
1043 156
1044 116
1045 97
1046 104
1047 117
1048 129
1049 104
1050 96
1051 94
1052 98
1053 106
1054 110
1055 98
1056 90
1057 68
1058 58
1059 53
1060 38
1061 34
1062 25
1063 28
1064 33
1065 35
1066 34
1067 29
1068 37
1069 36
1070 48
1071 43
1072 33
1073 21
1074 15
1075 21
1076 20
1077 18
1078 10
1079 10
1080 4
1081 6
1082 8
1083 4
1084 3
1085 1
1086 0
1087 0
1088 0
1089 1
1090 3
1091 4
1092 3
1093 6
1094 3
1095 4
1096 2
1097 1
1098 1
1099 1
1100 3
1101 2
1102 1
1103 0
1104 0
1105 0
1106 0
1107 0
1108 0
1109 0
1110 0
1111 0
1112 0
1113 0
1114 0
1115 0
1116 0
1117 0
1118 0
1119 1
1120 0
1121 0
1122 0
1123 0
1124 0
1125 0
1126 1
1127 1
1128 0
1129 0
1130 0
1131 0
1132 0
1133 0
1134 1
1135 3
1136 1
1137 2
1138 2
1139 3
1140 3
1141 6
1142 2
1143 5
1144 4
1145 3
1146 3
1147 3
1148 2
1149 2
1150 2
1151 4
1152 3
1153 4
1154 6
1155 8
1156 8
1157 8
1158 9
1159 7
1160 12
1161 10
1162 11
1163 15
1164 23
1165 20
1166 29
1167 28
1168 28
1169 31
1170 34
1171 45
1172 50
1173 45
1174 38
1175 35
1176 35
1177 30
1178 23
1179 26
1180 30
1181 30
1182 33
1183 31
1184 35
1185 36
1186 31
1187 21
1188 21
1189 15
1190 19
1191 15
1192 10
1193 11
1194 9
1195 8
1196 10
1197 8
1198 9
1199 9
1200 8
1201 9
1202 11
1203 12
1204 13
1205 15
1206 15
1207 13
1208 16
1209 19
1210 20
1211 13
1212 11
1213 6
1214 6
1215 8
1216 8
1217 5
1218 2
1219 2
1220 1
1221 6
1222 4
1223 4
1224 5
1225 1
1226 1
1227 2
1228 6
1229 6
1230 7
1231 8
1232 8
1233 9
1234 11
1235 7
1236 9
1237 8
1238 9
1239 8
1240 8
1241 5
1242 4
1243 0
1244 0
1245 0
1246 0
1247 0
1248 0
1249 0
1250 0
1251 0
1252 1
1253 1
1254 0
1255 0
1256 0
1257 0
1258 0
1259 0
1260 0
1261 0
1262 0
1263 0
1264 0
1265 0
1266 0
1267 1
1268 1
1269 0
1270 0
1271 0
1272 1
1273 2
1274 3
1275 2
1276 2
1277 2
1278 3
1279 4
1280 6
1281 6
1282 10
1283 10
1284 8
1285 12
1286 13
1287 17
1288 10
1289 6
1290 4
1291 3
1292 3
1293 4
1294 7
1295 5
1296 7
1297 13
1298 16
1299 14
1300 7
1301 6
1302 8
1303 6
1304 5
1305 4
1306 7
1307 6
1308 7
1309 4
1310 4
1311 2
1312 2
1313 3
1314 1
1315 1
1316 0
1317 0
1318 0
1319 0
1320 1
1321 2
1322 3
1323 5
1324 5
1325 1
1326 2
1327 1
1328 2
1329 1
1330 0
1331 0
1332 0
1333 0
1334 1
1335 0
1336 1
1337 0
1338 0
1339 0
1340 0
1341 0
1342 0
1343 0
1344 1
1345 0
1346 0
1347 0
1348 0
1349 0
1350 0
1351 0
1352 0
1353 0
1354 0
1355 0
1356 0
1357 0
1358 0
1359 0
1360 0
1361 0
1362 0
1363 0
1364 0
1365 0
1366 1
1367 2
1368 2
1369 2
1370 0
1371 0
1372 0
1373 0
1374 0
1375 0
1376 0
1377 0
1378 0
1379 0
1380 0
1381 0
1382 0
1383 0
1384 0
1385 0
1386 0
1387 0
1388 1
1389 1
1390 0
1391 0
1392 0
1393 0
1394 0
1395 2
1396 1
1397 3
1398 9
1399 5
1400 7
1401 7
1402 9
1403 15
1404 14
1405 16
1406 19
1407 21
1408 21
1409 23
1410 34
1411 34
1412 22
1413 20
1414 20
1415 19
1416 19
1417 21
1418 20
1419 24
1420 23
1421 15
1422 12
1423 11
1424 17
1425 12
1426 19
1427 12
1428 9
1429 10
1430 8
1431 9
1432 3
1433 8
1434 7
1435 6
1436 4
1437 1
1438 2
1439 1
1440 3
1441 5
1442 4
1443 3
1444 1
1445 1
1446 1
1447 1
1448 1
1449 3
1450 5
1451 9
1452 11
1453 12
1454 11
1455 12
1456 14
1457 16
1458 15
1459 9
1460 13
1461 14
1462 12
1463 14
1464 15
1465 18
1466 14
1467 12
1468 9
1469 12
1470 13
1471 11
1472 11
1473 14
1474 13
1475 16
1476 18
1477 26
1478 33
1479 26
1480 31
1481 30
1482 32
1483 29
1484 33
1485 31
1486 35
1487 31
1488 16
1489 6
1490 5
1491 1
1492 0
1493 0
1494 1
1495 1
1496 0
1497 0
1498 0
1499 0
1500 0
1501 0
1502 0
1503 0
1504 0
1505 0
1506 0
1507 0
1508 0
1509 0
1510 0
1511 0
1512 1
1513 0
1514 1
1515 1
1516 1
1517 2
1518 3
1519 1
1520 0
1521 0
1522 0
1523 0
1524 1
1525 0
1526 0
1527 0
1528 0
1529 0
1530 2
1531 2
1532 5
1533 5
1534 5
1535 5
1536 6
1537 4
1538 3
1539 0
1540 0
1541 0
1542 1
1543 4
1544 5
1545 7
1546 6
1547 6
1548 3
1549 2
1550 0
1551 1
1552 1
1553 0
1554 0
1555 0
1556 0
1557 0
1558 0
1559 0
1560 0
1561 0
1562 0
1563 0
1564 0
1565 0
1566 0
1567 1
1568 0
1569 0
1570 1
1571 0
1572 0
1573 0
1574 0
1575 0
1576 0
1577 0
1578 1
1579 0
1580 0
1581 0
1582 0
1583 0
1584 1
1585 5
1586 8
1587 4
1588 3
1589 3
1590 5
1591 9
1592 9
1593 12
1594 14
1595 14
1596 14
1597 18
1598 22
1599 27
1600 20
1601 18
1602 19
1603 22
1604 23
1605 18
1606 19
1607 23
1608 32
1609 37
1610 39
1611 43
1612 39
1613 40
1614 46
1615 44
1616 45
1617 42
1618 41
1619 36
1620 44
1621 47
1622 48
1623 44
1624 54
1625 52
1626 51
1627 49
1628 46
1629 59
1630 63
1631 66
1632 68
1633 78
1634 82
1635 86
1636 88
1637 80
1638 82
1639 68
1640 68
1641 71
1642 74
1643 69
1644 68
1645 64
1646 67
1647 71
1648 53
1649 36
1650 35
1651 27
1652 33
1653 34
1654 30
1655 32
1656 33
1657 35
1658 33
1659 22
1660 22
1661 26
1662 18
1663 23
1664 22
1665 21
1666 21
1667 27
1668 28
1669 28
1670 25
1671 30
1672 22
1673 24
1674 21
1675 30
1676 31
1677 25
1678 21
1679 17
1680 13
1681 14
1682 11
1683 17
1684 16
1685 11
1686 9
1687 7
1688 10
1689 15
1690 17
1691 19
1692 16
1693 20
1694 23
1695 26
1696 22
1697 26
1698 22
1699 27
1700 32
1701 32
1702 35
1703 22
1704 25
1705 28
1706 31
1707 27
1708 26
1709 21
1710 26
1711 28
1712 33
1713 30
1714 37
1715 29
1716 28
1717 30
1718 21
1719 22
1720 24
1721 17
1722 20
1723 19
1724 26
1725 21
1726 21
1727 21
1728 22
1729 18
1730 23
1731 22
1732 26
1733 28
1734 28
1735 24
1736 19
1737 26
1738 23
1739 22
1740 26
1741 20
1742 23
1743 18
1744 18
1745 16
1746 18
1747 13
1748 17
1749 20
1750 18
1751 17
1752 22
1753 19
1754 16
1755 14
1756 7
1757 8
1758 7
1759 2
1760 2
1761 2
1762 1
1763 1
1764 4
1765 6
1766 7
1767 13
1768 15
1769 14
1770 18
1771 14
1772 12
1773 13
1774 13
1775 12
1776 13
1777 9
1778 12
1779 14
1780 18
1781 22
1782 16
1783 24
1784 33
1785 28
1786 25
1787 26
1788 32
1789 32
1790 36
1791 43
1792 46
1793 43
1794 44
1795 48
1796 31
1797 46
1798 47
1799 53
1800 56
1801 39
1802 32
1803 25
1804 23
1805 26
1806 23
1807 22
1808 26
1809 28
1810 24
1811 31
1812 29
1813 32
1814 39
1815 28
1816 27
1817 33
1818 31
1819 33
1820 41
1821 45
1822 53
1823 45
1824 47
1825 50
1826 48
1827 44
1828 53
1829 57
1830 66
1831 66
1832 70
1833 73
1834 79
1835 71
1836 77
1837 83
1838 81
1839 86
1840 82
1841 96
1842 115
1843 121
1844 111
1845 111
1846 105
1847 103
1848 87
1849 88
1850 112
1851 100
1852 101
1853 112
1854 102
1855 91
1856 96
1857 107
1858 114
1859 114
1860 126
1861 131
1862 139
1863 141
1864 119
1865 140
1866 152
1867 162
1868 156
1869 165
1870 182
1871 156
1872 155
1873 143
1874 158
1875 152
1876 134
1877 118
1878 108
1879 95
1880 96
1881 97
1882 89
1883 103
1884 104
1885 102
1886 97
1887 98
1888 101
1889 90
1890 101
1891 102
1892 96
1893 94
1894 91
1895 102
1896 101
1897 86
1898 100
1899 117
1900 118
1901 122
1902 123
1903 133
1904 122
1905 107
1906 98
1907 99
1908 97
1909 90
1910 108
1911 112
1912 133
1913 123
1914 136
1915 141
1916 152
1917 142
1918 146
1919 144
1920 156
1921 160
1922 194
1923 205
1924 214
1925 233
1926 217
1927 214
1928 223
1929 212
1930 210
1931 213
1932 211
1933 223
1934 210
1935 213
1936 189
1937 195
1938 179
1939 184
1940 174
1941 187
1942 199
1943 195
1944 226
1945 208
1946 206
1947 191
1948 182
1949 189
1950 208
1951 204
1952 195
1953 193
1954 193
1955 209
1956 193
1957 198
1958 172
1959 184
1960 197
1961 194
1962 188
1963 210
1964 220
1965 218
1966 223
1967 237
1968 239
1969 205
1970 206
1971 187
1972 199
1973 199
1974 219
1975 216
1976 208
1977 205
1978 196
1979 196
1980 207
1981 212
1982 200
1983 230
1984 227
1985 218
1986 215
1987 220
1988 240
1989 235
1990 205
1991 215
1992 220
1993 219
1994 214
1995 226
1996 233
1997 200
1998 192
1999 203
2000 204
2001 178
2002 184
2003 184
2004 182
2005 164
2006 177
2007 165
2008 151
2009 150
2010 154
2011 144
2012 159
2013 160
2014 142
2015 153
2016 159
2017 144
2018 143
2019 157
2020 148
2021 140
2022 160
2023 165
2024 183
2025 183
2026 198
2027 208
2028 214
2029 212
2030 205
2031 181
2032 183
2033 182
2034 172
2035 169
2036 164
2037 180
2038 175
2039 193
2040 197
2041 209
2042 201
2043 211
2044 220
2045 196
2046 176
2047 196
2048 186
2049 163
2050 159
2051 155
2052 158
2053 171
2054 189
2055 192
2056 194
2057 206
2058 186
2059 184
2060 204
2061 214
2062 207
2063 197
2064 190
2065 185
2066 180
2067 179
2068 165
2069 166
2070 188
2071 203
2072 204
2073 222
2074 222
2075 227
2076 202
2077 206
2078 203
2079 229
2080 228
2081 210
2082 191
2083 195
2084 212
2085 205
2086 196
2087 208
2088 207
2089 200
2090 208
2091 231
2092 237
2093 249
2094 214
2095 209
2096 203
2097 196
2098 200
2099 196
2100 224
2101 208
2102 233
2103 210
2104 230
2105 216
2106 216
2107 198
2108 211
2109 186
2110 171
2111 165
2112 151
2113 130
2114 140
2115 129
2116 127
2117 115
2118 115
2119 110
2120 107
2121 128
2122 138
2123 148
2124 149
2125 150
2126 140
2127 120
2128 121
2129 120
2130 120
2131 128
2132 138
2133 150
2134 159
2135 173
2136 160
2137 178
2138 181
2139 186
2140 175
2141 174
2142 174
2143 173
2144 155
2145 143
2146 131
2147 123
2148 124
2149 122
2150 135
2151 145
2152 139
2153 147
2154 133
2155 147
2156 144
2157 130
2158 125
2159 135
2160 134
2161 140
2162 148
2163 149
2164 151
2165 143
2166 146
2167 131
2168 136
2169 122
2170 108
2171 121
2172 109
2173 93
2174 96
2175 102
2176 91
2177 107
2178 105
2179 106
2180 117
2181 120
2182 111
2183 100
2184 116
2185 126
2186 115
2187 102
2188 115
2189 120
2190 105
2191 86
2192 94
2193 102
2194 104
2195 107
2196 104
2197 93
2198 98
2199 108
2200 90
2201 87
2202 95
2203 87
2204 100
2205 88
2206 98
2207 119
2208 110
2209 118
2210 125
2211 142
2212 136
2213 138
2214 133
2215 169
2216 138
2217 142
2218 127
2219 139
2220 142
2221 131
2222 141
2223 136
2224 137
2225 104
2226 110
2227 101
2228 100
2229 114
2230 114
2231 109
2232 120
2233 126
2234 147
2235 122
2236 116
2237 122
2238 121
2239 128
2240 124
2241 114
2242 98
2243 90
2244 91
2245 94
2246 99
2247 96
2248 91
2249 74
2250 80
2251 79
2252 84
2253 90
2254 87
2255 101
2256 101
2257 83
2258 77
2259 72
2260 84
2261 72
2262 75
2263 78
2264 78
2265 86
2266 94
2267 97
2268 92
2269 101
2270 90
2271 87
2272 87
2273 70
2274 68
2275 69
2276 69
2277 72
2278 86
2279 77
2280 75
2281 67
2282 64
2283 58
2284 66
2285 64
2286 90
2287 81
2288 98
2289 106
2290 130
2291 133
2292 125
2293 140
2294 132
2295 135
2296 141
2297 144
2298 130
2299 120
2300 123
2301 109
2302 100
2303 105
2304 100
2305 97
2306 100
2307 95
2308 105
2309 117
2310 115
2311 103
2312 97
2313 88
2314 78
2315 76
2316 82
2317 94
2318 80
2319 80
2320 80
2321 81
2322 85
2323 86
2324 98
2325 98
2326 94
2327 100
2328 97
2329 99
2330 81
2331 75
2332 75
2333 70
2334 73
2335 88
2336 106
2337 108
2338 116
2339 106
2340 104
2341 96
2342 101
2343 99
2344 111
2345 93
2346 80
2347 67
2348 86
2349 79
2350 82
2351 91
2352 83
2353 84
2354 84
2355 79
2356 75
2357 79
2358 78
2359 86
2360 96
2361 85
2362 89
2363 78
2364 70
2365 66
2366 67
2367 69
2368 76
2369 78
2370 77
2371 69
2372 70
2373 71
2374 70
2375 64
2376 50
2377 50
2378 41
2379 39
2380 45
2381 58
2382 68
2383 70
2384 58
2385 56
2386 59
2387 54
2388 61
2389 67
2390 82
2391 76
2392 87
2393 83
2394 59
2395 49
2396 48
2397 41
2398 52
2399 59
2400 58
2401 58
2402 72
2403 55
2404 39
2405 36
2406 40
2407 30
2408 29
2409 31
2410 27
2411 29
2412 33
2413 30
2414 35
2415 38
2416 51
2417 48
2418 39
2419 49
2420 50
2421 59
2422 66
2423 64
2424 62
2425 75
2426 74
2427 70
2428 71
2429 61
2430 62
2431 58
2432 63
2433 53
2434 52
2435 45
2436 44
2437 31
2438 22
2439 20
2440 22
2441 21
2442 16
2443 24
2444 23
2445 22
2446 22
2447 23
2448 25
2449 24
2450 21
2451 34
2452 29
2453 26
2454 32
2455 35
2456 35
2457 45
2458 41
2459 50
2460 47
2461 53
2462 43
2463 49
2464 54
2465 51
2466 42
2467 41
2468 38
2469 30
2470 27
2471 25
2472 22
2473 20
2474 22
2475 21
2476 26
2477 22
2478 12
2479 11
2480 16
2481 17
2482 14
2483 17
2484 14
2485 16
2486 16
2487 12
2488 5
2489 7
2490 7
2491 9
2492 9
2493 10
2494 9
2495 9
2496 7
2497 6
2498 9
2499 8
2500 10
2501 12
2502 8
2503 8
2504 5
2505 3
2506 2
2507 6
2508 10
2509 12
2510 7
2511 12
2512 9
2513 14
2514 7
2515 4
2516 2
2517 4
2518 6
2519 8
2520 7
2521 4
2522 1
2523 2
2524 0
2525 0
2526 0
2527 0
2528 0
2529 0
2530 0
2531 0
2532 0
2533 0
2534 0
2535 0
2536 0
2537 0
2538 0
2539 1
2540 3
2541 0
2542 0
2543 1
2544 0
2545 0
2546 0
2547 0
2548 0
2549 0
2550 0
2551 0
2552 0
2553 0
2554 0
2555 0
2556 0
2557 0
2558 0
2559 0
2560 0
2561 0
2562 0
2563 0
2564 0
2565 0
2566 0
2567 0
2568 0
2569 0
2570 1
2571 2
2572 3
2573 0
2574 0
2575 0
2576 0
2577 0
2578 0
2579 1
2580 1
2581 1
2582 2
2583 3
2584 3
2585 5
2586 4
2587 8
2588 9
2589 10
2590 12
2591 13
2592 9
2593 9
2594 18
2595 22
2596 27
2597 31
2598 43
2599 42
2600 47
2601 48
2602 41
2603 38
2604 40
2605 29
2606 28
2607 30
2608 34
2609 35
2610 31
2611 36
2612 34
2613 35
2614 29
2615 34
2616 41
2617 31
2618 26
2619 26
2620 24
2621 25
2622 38
2623 34
2624 25
2625 27
2626 33
2627 50
2628 51
2629 63
2630 69
2631 83
2632 86
2633 90
2634 85
2635 88
2636 80
2637 88
2638 97
2639 96
2640 115
2641 110
2642 107
2643 95
2644 97
2645 100
2646 117
2647 121
2648 117
2649 122
2650 134
2651 145
2652 144
2653 124
2654 121
2655 127
2656 133
2657 124
2658 126
2659 138
2660 141
2661 135
2662 132
2663 135
2664 127
2665 135
2666 151
2667 153
2668 151
2669 160
2670 157
2671 165
2672 156
2673 167
2674 155
2675 165
2676 145
2677 153
2678 167
2679 178
2680 177
2681 184
2682 169
2683 184
2684 193
2685 186
2686 174
2687 175
2688 174
2689 195
2690 206
2691 221
2692 219
2693 221
2694 249
2695 244
2696 250
2697 231
2698 206
2699 193
2700 184
2701 174
2702 189
2703 191
2704 197
2705 177
2706 186
2707 170
2708 190
2709 195
2710 181
2711 194
2712 205
2713 222
2714 227
2715 224
2716 240
2717 254
2718 255
2719 266
2720 259
2721 241
2722 250
2723 266
2724 271
2725 259
2726 243
2727 227
2728 219
2729 255
2730 249
2731 235
2732 242
2733 273
2734 257
2735 257
2736 258
2737 266
2738 252
2739 251
2740 258
2741 256
2742 226
2743 229
2744 220
2745 235
2746 239
2747 235
2748 234
2749 226
2750 220
2751 228
2752 231
2753 235
2754 221
2755 207
2756 197
2757 193
2758 196
2759 201
2760 228
2761 230
2762 239
2763 237
2764 228
2765 241
2766 229
2767 240
2768 269
2769 288
2770 298
2771 286
2772 260
2773 268
2774 283
2775 264
2776 247
2777 228
2778 221
2779 229
2780 225
2781 211
2782 201
2783 202
2784 203
2785 210
2786 215
2787 198
2788 187
2789 169
2790 172
2791 166
2792 178
2793 186
2794 182
2795 183
2796 178
2797 181
2798 173
2799 164
2800 142
2801 158
2802 157
2803 163
2804 168
2805 153
2806 140
2807 142
2808 137
2809 131
2810 112
2811 111
2812 113
2813 94
2814 91
2815 84
2816 79
2817 67
2818 60
2819 55
2820 47
2821 48
2822 52
2823 45
2824 50
2825 46
2826 42
2827 42
2828 40
2829 36
2830 39
2831 43
2832 60
2833 63
2834 60
2835 61
2836 54
2837 55
2838 62
2839 63
2840 64
2841 73
2842 71
2843 80
2844 80
2845 96
2846 110
2847 124
2848 116
2849 115
2850 120
2851 122
2852 115
2853 107
2854 113
2855 144
2856 149
2857 149
2858 133
2859 116
2860 133
2861 157
2862 168
2863 176
2864 192
2865 190
2866 174
2867 190
2868 190
2869 198
2870 200
2871 196
2872 202
2873 203
2874 201
2875 182
2876 159
2877 161
2878 166
2879 173
2880 186
2881 205
2882 179
2883 171
2884 175
2885 196
2886 220
2887 209
2888 207
2889 207
2890 203
2891 201
2892 207
2893 223
2894 243
2895 232
2896 234
2897 222
2898 216
2899 216
2900 216
2901 200
2902 176
2903 171
2904 171
2905 143
2906 142
2907 140
2908 157
2909 149
2910 162
2911 164
2912 162
2913 151
2914 156
2915 132
2916 155
2917 180
2918 190
2919 172
2920 169
2921 155
2922 161
2923 162
2924 169
2925 169
2926 170
2927 165
2928 176
2929 193
2930 199
2931 190
2932 209
2933 222
2934 220
2935 234
2936 245
2937 241
2938 229
2939 249
2940 231
2941 226
2942 225
2943 205
2944 222
2945 199
2946 183
2947 174
2948 175
2949 164
2950 179
2951 193
2952 196
2953 197
2954 188
2955 170
2956 166
2957 154
2958 170
2959 145
2960 140
2961 149
2962 139
2963 148
2964 140
2965 146
2966 146
2967 127
2968 134
2969 141
2970 140
2971 160
2972 170
2973 162
2974 167
2975 191
2976 185
2977 190
2978 185
2979 166
2980 188
2981 203
2982 193
2983 202
2984 209
2985 194
2986 206
2987 241
2988 265
2989 258
2990 276
2991 318
2992 350
2993 364
2994 344
2995 338
2996 349
2997 362
2998 386
2999 389
3000 399
3001 388
3002 389
3003 392
3004 398
3005 420
3006 413
3007 437
3008 423
3009 420
3010 405
3011 424
3012 406
3013 393
3014 350
3015 373
3016 388
3017 401
3018 426
3019 419
3020 413
3021 426
3022 447
3023 451
3024 461
3025 490
3026 487
3027 486
3028 470
3029 459
3030 452
3031 463
3032 464
3033 470
3034 475
3035 475
3036 501
3037 529
3038 568
3039 609
3040 634
3041 627
3042 615
3043 611
3044 613
3045 637
3046 659
3047 655
3048 669
3049 665
3050 687
3051 666
3052 679
3053 682
3054 679
3055 692
3056 686
3057 708
3058 710
3059 678
3060 676
3061 684
3062 693
3063 668
3064 632
3065 652
3066 602
3067 627
3068 644
3069 645
3070 658
3071 635
3072 634
3073 672
3074 664
3075 686
3076 691
3077 738
3078 716
3079 757
3080 739
3081 729
3082 700
3083 691
3084 685
3085 694
3086 672
3087 679
3088 627
3089 597
3090 619
3091 619
3092 617
3093 576
3094 550
3095 539
3096 542
3097 543
3098 546
3099 520
3100 534
3101 501
3102 474
3103 473
3104 481
3105 472
3106 491
3107 463
3108 459
3109 503
3110 473
3111 485
3112 459
3113 476
3114 495
3115 515
3116 477
3117 489
3118 462
3119 496
3120 510
3121 526
3122 523
3123 538
3124 559
3125 516
3126 487
3127 515
3128 487
3129 487
3130 495
3131 471
3132 478
3133 498
3134 501
3135 484
3136 494
3137 472
3138 493
3139 507
3140 521
3141 517
3142 507
3143 516
3144 517
3145 515
3146 507
3147 501
3148 535
3149 555
3150 563
3151 558
3152 504
3153 503
3154 488
3155 489
3156 508
3157 506
3158 526
3159 493
3160 488
3161 531
3162 514
3163 513
3164 491
3165 489
3166 464
3167 466
3168 491
3169 474
3170 486
3171 477
3172 502
3173 479
3174 478
3175 477
3176 510
3177 483
3178 487
3179 491
3180 503
3181 469
3182 477
3183 462
3184 459
3185 468
3186 453
3187 468
3188 468
3189 439
3190 470
3191 499
3192 508
3193 511
3194 537
3195 525
3196 538
3197 584
3198 609
3199 609
3200 619
3201 672
3202 647
3203 684
3204 699
3205 732
3206 747
3207 759
3208 782
3209 785
3210 757
3211 723
3212 713
3213 704
3214 713
3215 723
3216 701
3217 727
3218 741
3219 763
3220 762
3221 745
3222 747
3223 725
3224 769
3225 775
3226 719
3227 722
3228 732
3229 738
3230 738
3231 724
3232 730
3233 710
3234 717
3235 720
3236 719
3237 730
3238 765
3239 749
3240 788
3241 807
3242 823
3243 825
3244 820
3245 777
3246 752
3247 751
3248 771
3249 777
3250 781
3251 765
3252 756
3253 792
3254 783
3255 750
3256 731
3257 731
3258 763
3259 773
3260 822
3261 794
3262 818
3263 816
3264 812
3265 807
3266 805
3267 759
3268 731
3269 727
3270 737
3271 732
3272 713
3273 768
3274 769
3275 743
3276 739
3277 736
3278 734
3279 738
3280 731
3281 755
3282 755
3283 759
3284 759
3285 725
3286 709
3287 735
3288 727
3289 737
3290 717
3291 727
3292 707
3293 706
3294 687
3295 686
3296 689
3297 669
3298 681
3299 711
3300 732
3301 731
3302 724
3303 744
3304 771
3305 772
3306 777
3307 786
3308 835
3309 842
3310 858
3311 841
3312 794
3313 781
3314 827
3315 803
3316 784
3317 735
3318 728
3319 751
3320 745
3321 741
3322 737
3323 704
3324 712
3325 698
3326 714
3327 721
3328 694
3329 664
3330 685
3331 684
3332 725
3333 697
3334 699
3335 740
3336 792
3337 794
3338 769
3339 774
3340 761
3341 783
3342 782
3343 765
3344 772
3345 757
3346 740
3347 765
3348 767
3349 788
3350 805
3351 826
3352 828
3353 793
3354 782
3355 788
3356 786
3357 793
3358 810
3359 836
3360 847
3361 881
3362 882
3363 893
3364 863
3365 875
3366 871
3367 878
3368 881
3369 895
3370 924
3371 937
3372 968
3373 950
3374 989
3375 15
3376 27
3377 18
3378 988
3379 977
3380 961
3381 5
3382 20
3383 31
3384 3
3385 969
3386 960
3387 931
3388 914
3389 891
3390 847
3391 834
3392 824
3393 794
3394 773
3395 782
3396 800
3397 819
3398 790
3399 798
3400 761
3401 755
3402 761
3403 792
3404 800
3405 807
3406 776
3407 762
3408 763
3409 762
3410 779
3411 790
3412 796
3413 789
3414 789
3415 782
3416 805
3417 803
3418 798
3419 819
3420 787
3421 812
3422 815
3423 834
3424 835
3425 833
3426 823
3427 833
3428 823
3429 814
3430 842
3431 827
3432 854
3433 858
3434 839
3435 849
3436 859
3437 873
3438 897
3439 889
3440 873
3441 873
3442 868
3443 859
3444 871
3445 865
3446 889
3447 900
3448 880
3449 853
3450 878
3451 880
3452 900
3453 899
3454 924
3455 922
3456 923
3457 942
3458 932
3459 943
3460 984
3461 992
3462 986
3463 980
3464 942
3465 924
3466 916
3467 958
3468 935
3469 949
3470 925
3471 909
3472 890
3473 895
3474 891
3475 871
3476 910
3477 927
3478 931
3479 938
3480 929
3481 904
3482 903
3483 950
3484 964
3485 939
3486 921
3487 909
3488 912
3489 907
3490 918
3491 892
3492 883
3493 901
3494 877
3495 876
3496 869
3497 848
3498 853
3499 835
3500 832
3501 850
3502 824
3503 803
3504 804
3505 857
3506 855
3507 838
3508 865
3509 874
3510 894
3511 895
3512 892
3513 875
3514 916
3515 904
3516 897
3517 912
3518 922
3519 928
3520 935
3521 989
3522 981
3523 993
3524 977
3525 980
3526 23
3527 2
3528 22
3529 16
3530 39
3531 57
3532 46
3533 57
3534 96
3535 106
3536 103
3537 97
3538 74
3539 80
3540 59
3541 69
3542 125
3543 130
3544 145
3545 110
3546 72
3547 75
3548 96
3549 99
3550 105
3551 130
3552 100
3553 100
3554 89
3555 108
3556 130
3557 120
3558 98
3559 71
3560 77
3561 67
3562 78
3563 67
3564 37
3565 17
3566 4
3567 67
3568 94
3569 89
3570 83
3571 105
3572 96
3573 78
3574 56
3575 50
3576 54
3577 10
3578 58
3579 46
3580 66
3581 57
3582 38
3583 21
3584 40
3585 67
3586 100
3587 101
3588 98
3589 127
3590 90
3591 59
3592 85
3593 81
3594 37
3595 36
3596 12
3597 989
3598 991
3599 996
3600 995
3601 974
3602 961
3603 991
3604 957
3605 954
3606 948
3607 952
3608 926
3609 924
3610 925
3611 940
3612 953
3613 9
3614 54
3615 83
3616 86
3617 88
3618 95
3619 138
3620 139
3621 135
3622 148
3623 172
3624 213
3625 235
3626 244
3627 221
3628 227
3629 247
3630 259
3631 222
3632 224
3633 184
3634 161
3635 188
3636 133
3637 160
3638 151
3639 106
3640 104
3641 106
3642 111
3643 76
3644 72
3645 99
3646 113
3647 91
3648 103
3649 118
3650 142
3651 158
3652 180
3653 206
3654 207
3655 206
3656 196
3657 226
3658 198
3659 163
3660 163
3661 170
3662 142
3663 148
3664 157
3665 182
3666 184
3667 181
3668 166
3669 142
3670 125
3671 140
3672 129
3673 141
3674 125
3675 153
3676 140
3677 147
3678 158
3679 169
3680 137
3681 141
3682 103
3683 114
3684 81
3685 67
3686 83
3687 96
3688 120
3689 105
3690 117
3691 119
3692 127
3693 124
3694 102
3695 76
3696 58
3697 110
3698 123
3699 115
3700 126
3701 120
3702 94
3703 78
3704 61
3705 92
3706 97
3707 136
3708 119
3709 139
3710 141
3711 199
3712 219
3713 224
3714 223
3715 209
3716 207
3717 246
3718 216
3719 242
3720 263
3721 312
3722 300
3723 299
3724 271
3725 264
3726 200
3727 182
3728 183
3729 172
3730 170
3731 217
3732 223
3733 220
3734 195
3735 201
3736 159
3737 169
3738 168
3739 170
3740 121
3741 142
3742 94
3743 83
3744 90
3745 113
3746 129
3747 118
3748 117
3749 99
3750 86
3751 93
3752 14
3753 41
3754 26
3755 18
3756 3
3757 980
3758 974
3759 962
3760 951
3761 988
3762 994
3763 9
3764 19
3765 22
3766 27
3767 27
3768 8
3769 58
3770 78
3771 70
3772 114
3773 113
3774 157
3775 157
3776 137
3777 199
3778 179
3779 182
3780 145
3781 169
3782 190
3783 255
3784 286
3785 281
3786 271
3787 312
3788 273
3789 264
3790 275
3791 267
3792 246
3793 283
3794 298
3795 296
3796 283
3797 299
3798 315
3799 286
3800 281
3801 236
3802 191
3803 192
3804 172
3805 198
3806 204
3807 215
3808 233
3809 251
3810 225
3811 239
3812 240
3813 263
3814 220
3815 261
3816 255
3817 273
3818 241
3819 230
3820 258
3821 302
3822 283
3823 284
3824 252
3825 251
3826 224
3827 189
3828 198
3829 205
3830 214
3831 248
3832 255
3833 264
3834 282
3835 267
3836 251
3837 280
3838 290
3839 296
3840 275
3841 269
3842 265
3843 248
3844 262
3845 261
3846 257
3847 275
3848 324
3849 326
3850 312
3851 325
3852 346
3853 344
3854 369
3855 353
3856 373
3857 317
3858 322
3859 344
3860 322
3861 315
3862 306
3863 337
3864 324
3865 274
3866 248
3867 239
3868 292
3869 284
3870 282
3871 279
3872 273
3873 248
3874 251
3875 271
3876 284
3877 288
3878 294
3879 267
3880 256
3881 236
3882 234
3883 244
3884 248
3885 266
3886 278
3887 289
3888 278
3889 262
3890 254
3891 267
3892 296
3893 323
3894 300
3895 311
3896 284
3897 274
3898 290
3899 314
3900 299
3901 301
3902 315
3903 309
3904 310
3905 308
3906 328
3907 318
3908 306
3909 340
3910 320
3911 300
3912 292
3913 303
3914 321
3915 286
3916 329
3917 350
3918 333
3919 341
3920 341
3921 384
3922 410
3923 413
3924 406
3925 412
3926 407
3927 434
3928 393
3929 418
3930 414
3931 397
3932 376
3933 377
3934 400
3935 412
3936 391
3937 332
3938 326
3939 288
3940 261
3941 260
3942 252
3943 235
3944 244
3945 224
3946 237
3947 198
3948 221
3949 187
3950 172
3951 194
3952 201
3953 226
3954 244
3955 252
3956 236
3957 246
3958 271
3959 274
3960 288
3961 271
3962 258
3963 250
3964 268
3965 229
3966 237
3967 243
3968 223
3969 226
3970 217
3971 239
3972 270
3973 281
3974 298
3975 303
3976 288
3977 278
3978 265
3979 260
3980 249
3981 238
3982 265
3983 274
3984 232
3985 227
3986 186
3987 228
3988 200
3989 208
3990 213
3991 186
3992 182
3993 173
3994 176
3995 188
3996 211
3997 216
3998 212
3999 197
4000 196
4001 200
4002 223
4003 216
4004 223
4005 251
4006 233
4007 215
4008 206
4009 227
4010 232
4011 264
4012 229
4013 232
4014 189
4015 213
4016 199
4017 201
4018 203
4019 223
4020 244
4021 248
4022 252
4023 234
4024 229
4025 200
4026 199
4027 233
4028 225
4029 233
4030 258
4031 264
4032 256
4033 251
4034 240
4035 246
4036 252
4037 262
4038 241
4039 241
4040 214
4041 210
4042 223
4043 210
4044 205
4045 175
4046 214
4047 191
4048 195
4049 172
4050 188
4051 180
4052 222
4053 233
4054 220
4055 250
4056 240
4057 235
4058 201
4059 202
4060 231
4061 228
4062 272
4063 286
4064 291
4065 305
4066 346
4067 299
4068 309
4069 315
4070 328
4071 319
4072 298
4073 319
4074 334
4075 324
4076 302
4077 347
4078 356
4079 354
4080 360
4081 378
4082 402
4083 395
4084 415
4085 425
4086 434
4087 433
4088 402
4089 379
4090 378
4091 347
4092 337
4093 384
4094 364
4095 418
4096 402
4097 402
4098 403
4099 362
4100 385
4101 387
4102 414
4103 414
4104 412
4105 424
4106 408
4107 439
4108 466
4109 456
4110 488
4111 493
4112 493
4113 490
4114 453
4115 438
4116 428
4117 431
4118 431
4119 440
4120 424
4121 427
4122 437
4123 427
4124 392
4125 417
4126 430
4127 471
4128 472
4129 488
4130 490
4131 467
4132 466
4133 442
4134 436
4135 443
4136 424
4137 395
4138 451
4139 413
4140 398
4141 398
4142 354
4143 328
4144 281
4145 339
4146 329
4147 318
4148 295
4149 288
4150 308
4151 336
4152 371
4153 376
4154 343
4155 360
4156 349
4157 329
4158 307
4159 364
4160 378
4161 399
4162 415
4163 436
4164 456
4165 485
4166 473
4167 439
4168 466
4169 470
4170 456
4171 472
4172 454
4173 450
4174 439
4175 397
4176 349
4177 322
4178 352
4179 356
4180 335
4181 351
4182 405
4183 391
4184 378
4185 390
4186 373
4187 361
4188 349
4189 349
4190 338
4191 347
4192 373
4193 351
4194 356
4195 332
4196 323
4197 311
4198 295
4199 320
4200 325
4201 326
4202 326
4203 322
4204 295
4205 314
4206 340
4207 358
4208 318
4209 282
4210 282
4211 327
4212 305
4213 310
4214 260
4215 243
4216 242
4217 228
4218 173
4219 179
4220 186
4221 169
4222 122
4223 136
4224 126
4225 96
4226 99
4227 70
4228 93
4229 95
4230 79
4231 61
4232 44
4233 24
4234 34
4235 18
4236 994
4237 930
4238 952
4239 953
4240 936
4241 898
4242 895
4243 911
4244 930
4245 935
4246 938
4247 898
4248 898
4249 866
4250 843
4251 828
4252 823
4253 822
4254 800
4255 784
4256 804
4257 809
4258 819
4259 788
4260 829
4261 821
4262 856
4263 859
4264 878
4265 849
4266 838
4267 852
4268 817
4269 820
4270 841
4271 812
4272 862
4273 857
4274 828
4275 806
4276 784
4277 768
4278 762
4279 752
4280 750
4281 765
4282 782
4283 793
4284 796
4285 828
4286 789
4287 820
4288 805
4289 797
4290 791
4291 820
4292 814
4293 766
4294 776
4295 789
4296 796
4297 806
4298 839
4299 796
4300 777
4301 788
4302 786
4303 775
4304 741
4305 701
4306 723
4307 735
4308 718
4309 728
4310 747
4311 731
4312 740
4313 748
4314 697
4315 698
4316 688
4317 707
4318 708
4319 728
4320 728
4321 735
4322 692
4323 718
4324 685
4325 672
4326 678
4327 671
4328 663
4329 630
4330 650
4331 658
4332 651
4333 638
4334 605
4335 586
4336 609
4337 577
4338 601
4339 618
4340 620
4341 614
4342 635
4343 643
4344 632
4345 644
4346 627
4347 609
4348 607
4349 577
4350 599
4351 557
4352 564
4353 597
4354 607
4355 655
4356 667
4357 685
4358 633
4359 629
4360 652
4361 690
4362 675
4363 685
4364 674
4365 682
4366 664
4367 693
4368 729
4369 722
4370 723
4371 668
4372 693
4373 683
4374 686
4375 691
4376 689
4377 680
4378 680
4379 632
4380 609
4381 619
4382 626
4383 630
4384 600
4385 633
4386 611
4387 586
4388 593
4389 609
4390 629
4391 589
4392 592
4393 629
4394 611
4395 622
4396 617
4397 636
4398 651
4399 644
4400 644
4401 607
4402 596
4403 628
4404 620
4405 617
4406 611
4407 593
4408 600
4409 625
4410 610
4411 585
4412 547
4413 521
4414 542
4415 584
4416 581
4417 589
4418 593
4419 555
4420 577
4421 587
4422 565
4423 571
4424 553
4425 517
4426 532
4427 542
4428 535
4429 543
4430 566
4431 549
4432 562
4433 579
4434 549
4435 533
4436 546
4437 542
4438 560
4439 540
4440 560
4441 567
4442 578
4443 548
4444 557
4445 542
4446 525
4447 527
4448 539
4449 559
4450 562
4451 553
4452 539
4453 548
4454 543
4455 534
4456 542
4457 557
4458 579
4459 583
4460 565
4461 561
4462 565
4463 558
4464 598
4465 579
4466 597
4467 639
4468 645
4469 655
4470 668
4471 661
4472 676
4473 683
4474 672
4475 684
4476 690
4477 664
4478 640
4479 657
4480 626
4481 623
4482 638
4483 633
4484 640
4485 638
4486 645
4487 687
4488 703
4489 715
4490 670
4491 656
4492 637
4493 677
4494 672
4495 635
4496 631
4497 600
4498 633
4499 631
4500 653
4501 652
4502 681
4503 650
4504 648
4505 633
4506 665
4507 658
4508 661
4509 641
4510 631
4511 618
4512 669
4513 690
4514 686
4515 690
4516 668
4517 645
4518 661
4519 694
4520 690
4521 690
4522 740
4523 717
4524 694
4525 690
4526 700
4527 723
4528 717
4529 743
4530 702
4531 714
4532 726
4533 709
4534 705
4535 689
4536 684
4537 693
4538 729
4539 727
4540 711
4541 718
4542 689
4543 686
4544 696
4545 707
4546 742
4547 774
4548 789
4549 805
4550 799
4551 786
4552 819
4553 788
4554 785
4555 778
4556 788
4557 788
4558 791
4559 769
4560 748
4561 791
4562 762
4563 786
4564 741
4565 758
4566 769
4567 782
4568 743
4569 770
4570 772
4571 755
4572 687
4573 712
4574 727
4575 746
4576 742
4577 714
4578 708
4579 713
4580 720
4581 748
4582 753
4583 741
4584 742
4585 713
4586 737
4587 731
4588 751
4589 779
4590 775
4591 780
4592 789
4593 799
4594 801
4595 788
4596 777
4597 754
4598 756
4599 721
4600 703
4601 728
4602 709
4603 696
4604 681
4605 624
4606 641
4607 663
4608 668
4609 675
4610 645
4611 660
4612 644
4613 619
4614 601
4615 590
4616 621
4617 612
4618 591
4619 583
4620 569
4621 594
4622 635
4623 631
4624 601
4625 591
4626 572
4627 581
4628 592
4629 596
4630 613
4631 594
4632 607
4633 637
4634 624
4635 640
4636 641
4637 648
4638 665
4639 637
4640 642
4641 636
4642 616
4643 595
4644 598
4645 588
4646 597
4647 583
4648 576
4649 597
4650 559
4651 589
4652 576
4653 585
4654 608
4655 590
4656 589
4657 566
4658 566
4659 541
4660 529
4661 536
4662 525
4663 508
4664 513
4665 505
4666 500
4667 510
4668 527
4669 497
4670 504
4671 514
4672 516
4673 548
4674 573
4675 571
4676 564
4677 557
4678 547
4679 549
4680 557
4681 571
4682 576
4683 544
4684 576
4685 569
4686 547
4687 556
4688 558
4689 553
4690 584
4691 579
4692 578
4693 561
4694 554
4695 564
4696 532
4697 524
4698 552
4699 557
4700 561
4701 588
4702 598
4703 591
4704 571
4705 565
4706 562
4707 537
4708 525
4709 529
4710 513
4711 520
4712 503
4713 493
4714 491
4715 490
4716 480
4717 498
4718 475
4719 479
4720 516
4721 518
4722 505
4723 448
4724 436
4725 466
4726 470
4727 461
4728 482
4729 498
4730 499
4731 486
4732 468
4733 468
4734 467
4735 480
4736 486
4737 500
4738 511
4739 541
4740 526
4741 544
4742 562
4743 580
4744 595
4745 597
4746 610
4747 613
4748 631
4749 623
4750 671
4751 682
4752 697
4753 742
4754 728
4755 729
4756 746
4757 702
4758 678
4759 703
4760 710
4761 663
4762 660
4763 649
4764 631
4765 610
4766 606
4767 645
4768 623
4769 633
4770 649
4771 652
4772 673
4773 682
4774 685
4775 674
4776 669
4777 643
4778 610
4779 628
4780 635
4781 626
4782 652
4783 646
4784 684
4785 684
4786 676
4787 682
4788 658
4789 637
4790 648
4791 647
4792 668
4793 706
4794 690
4795 690
4796 711
4797 730
4798 712
4799 732
4800 723
4801 699
4802 682
4803 707
4804 715
4805 711
4806 693
4807 677
4808 702
4809 711
4810 711
4811 691
4812 670
4813 694
4814 657
4815 652
4816 676
4817 668
4818 679
4819 638
4820 670
4821 648
4822 639
4823 572
4824 577
4825 594
4826 598
4827 591
4828 587
4829 601
4830 605
4831 596
4832 592
4833 575
4834 600
4835 546
4836 541
4837 552
4838 536
4839 491
4840 466
4841 472
4842 499
4843 493
4844 502
4845 493
4846 513
4847 525
4848 543
4849 556
4850 576
4851 575
4852 604
4853 614
4854 634
4855 649
4856 602
4857 606
4858 631
4859 611
4860 628
4861 631
4862 630
4863 611
4864 626
4865 610
4866 608
4867 586
4868 585
4869 611
4870 624
4871 648
4872 696
4873 696
4874 671
4875 679
4876 713
4877 712
4878 682
4879 696
4880 673
4881 659
4882 656
4883 669
4884 698
4885 676
4886 693
4887 688
4888 688
4889 706
4890 726
4891 710
4892 717
4893 716
4894 684
4895 753
4896 802
4897 770
4898 772
4899 763
4900 769
4901 783
4902 786
4903 768
4904 795
4905 793
4906 781
4907 801
4908 779
4909 796
4910 821
4911 829
4912 847
4913 877
4914 858
4915 876
4916 864
4917 887
4918 912
4919 907
4920 918
4921 901
4922 881
4923 882
4924 859
4925 858
4926 851
4927 836
4928 826
4929 807
4930 786
4931 812
4932 830
4933 831
4934 872
4935 864
4936 887
4937 874
4938 856
4939 841
4940 839
4941 836
4942 809
4943 796
4944 811
4945 824
4946 833
4947 867
4948 858
4949 866
4950 896
4951 898
4952 891
4953 869
4954 899
4955 879
4956 887
4957 896
4958 948
4959 904
4960 943
4961 973
4962 990
4963 986
4964 3
4965 1
4966 7
4967 51
4968 47
4969 42
4970 108
4971 114
4972 101
4973 123
4974 84
4975 70
4976 74
4977 92
4978 94
4979 94
4980 103
4981 75
4982 59
4983 30
4984 55
4985 14
4986 21
4987 30
4988 8
4989 43
4990 59
4991 76
4992 30
4993 994
4994 0
4995 9
4996 995
4997 15
4998 2
4999 992
5000 6
5001 19
5002 33
5003 73
5004 105
5005 85
5006 93
5007 56
5008 61
5009 23
5010 30
5011 16
5012 13
5013 982
5014 987
5015 23
5016 34
5017 24
5018 10
5019 11
5020 20
5021 975
5022 969
5023 968
5024 955
5025 943
5026 940
5027 938
5028 895
5029 919
5030 940
5031 4
5032 11
5033 988
5034 996
5035 992
5036 977
5037 968
5038 982
5039 976
5040 973
5041 990
5042 979
5043 982
5044 957
5045 970
5046 953
5047 949
5048 943
5049 964
5050 973
5051 967
5052 932
5053 929
5054 903
5055 915
5056 946
5057 946
5058 956
5059 965
5060 941
5061 944
5062 972
5063 965
5064 962
5065 935
5066 990
5067 976
5068 977
5069 942
5070 966
5071 981
5072 8
5073 14
5074 32
5075 39
5076 51
5077 54
5078 90
5079 56
5080 68
5081 64
5082 71
5083 74
5084 97
5085 63
5086 48
5087 86
5088 77
5089 58
5090 51
5091 48
5092 37
5093 25
5094 29
5095 10
5096 51
5097 55
5098 15
5099 999
5100 2
5101 977
5102 947
5103 925
5104 902
5105 927
5106 912
5107 871
5108 915
5109 909
5110 924
5111 935
5112 939
5113 966
5114 991
5115 80
5116 95
5117 67
5118 85
5119 48
5120 22
5121 41
5122 40
5123 56
5124 42
5125 58
5126 55
5127 63
5128 68
5129 86
5130 83
5131 97
5132 118
5133 146
5134 167
5135 156
5136 136
5137 136
5138 133
5139 143
5140 128
5141 118
5142 151
5143 133
5144 146
5145 167
5146 183
5147 205
5148 225
5149 216
5150 232
5151 237
5152 243
5153 250
5154 247
5155 248
5156 264
5157 254
5158 278
5159 291
5160 291
5161 261
5162 239
5163 234
5164 186
5165 202
5166 186
5167 156
5168 159
5169 177
5170 179
5171 231
5172 208
5173 224
5174 224
5175 183
5176 203
5177 201
5178 226
5179 240
5180 224
5181 178
5182 179
5183 186
5184 210
5185 219
5186 194
5187 218
5188 226
5189 202
5190 204
5191 185
5192 181
5193 167
5194 137
5195 118
5196 124
5197 115
5198 119
5199 111
5200 105
5201 131
5202 121
5203 139
5204 140
5205 92
5206 88
5207 68
5208 71
5209 43
5210 73
5211 92
5212 62
5213 52
5214 49
5215 64
5216 70
5217 79
5218 67
5219 93
5220 100
5221 90
5222 69
5223 45
5224 48
5225 46
5226 42
5227 30
5228 28
5229 43
5230 42
5231 33
5232 12
5233 15
5234 4
5235 18
5236 18
5237 8
5238 52
5239 26
5240 42
5241 52
5242 45
5243 58
5244 69
5245 105
5246 165
5247 124
5248 113
5249 84
5250 73
5251 33
5252 50
5253 49
5254 42
5255 51
5256 49
5257 51
5258 12
5259 997
5260 979
5261 1
5262 34
5263 52
5264 52
5265 52
5266 50
5267 3
5268 3
5269 1
5270 33
5271 60
5272 54
5273 38
5274 3
5275 38
5276 40
5277 79
5278 58
5279 36
5280 49
5281 100
5282 109
5283 90
5284 93
5285 118
5286 75
5287 97
5288 91
5289 90
5290 77
5291 26
5292 26
5293 18
5294 4
5295 985
5296 963
5297 972
5298 955
5299 944
5300 931
5301 960
5302 990
5303 977
5304 966
5305 974
5306 10
5307 968
5308 982
5309 8
5310 12
5311 984
5312 994
5313 979
5314 963
5315 975
5316 971
5317 991
5318 34
5319 27
5320 25
5321 4
5322 6
5323 10
5324 37
5325 37
5326 36
5327 49
5328 87
5329 101
5330 95
5331 102
5332 131
5333 119
5334 187
5335 204
5336 222
5337 212
5338 206
5339 205
5340 198
5341 222
5342 203
5343 188
5344 165
5345 178
5346 199
5347 223
5348 178
5349 152
5350 171
5351 152
5352 130
5353 150
5354 167
5355 136
5356 151
5357 189
5358 180
5359 217
5360 215
5361 196
5362 204
5363 156
5364 171
5365 171
5366 131
5367 111
5368 136
5369 169
5370 192
5371 159
5372 214
5373 197
5374 178
5375 210
5376 219
5377 193
5378 190
5379 204
5380 174
5381 156
5382 203
5383 228
5384 216
5385 222
5386 176
5387 178
5388 157
5389 139
5390 114
5391 107
5392 106
5393 61
5394 35
5395 53
5396 32
5397 54
5398 36
5399 50
5400 82
5401 128
5402 132
5403 91
5404 49
5405 60
5406 41
5407 54
5408 20
5409 45
5410 35
5411 2
5412 966
5413 963
5414 967
5415 963
5416 978
5417 983
5418 969
5419 9
5420 981
5421 982
5422 987
5423 993
5424 15
5425 999
5426 24
5427 60
5428 77
5429 74
5430 64
5431 53
5432 33
5433 62
5434 67
5435 101
5436 127
5437 127
5438 157
5439 153
5440 142
5441 121
5442 115
5443 117
5444 115
5445 104
5446 120
5447 112
5448 107
5449 111
5450 122
5451 119
5452 124
5453 86
5454 94
5455 84
5456 124
5457 112
5458 143
5459 56
5460 62
5461 65
5462 28
5463 49
5464 44
5465 79
5466 54
5467 68
5468 69
5469 96
5470 147
5471 173
5472 148
5473 148
5474 178
5475 141
5476 133
5477 147
5478 136
5479 139
5480 155
5481 151
5482 173
5483 159
5484 145
5485 155
5486 153
5487 188
5488 195
5489 167
5490 197
5491 169
5492 163
5493 159
5494 165
5495 165
5496 135
5497 107
5498 125
5499 171
5500 161
5501 147
5502 173
5503 181
5504 158
5505 168
5506 186
5507 184
5508 190
5509 199
5510 172
5511 201
5512 223
5513 193
5514 151
5515 128
5516 100
5517 113
5518 109
5519 76
5520 79
5521 93
5522 86
5523 106
5524 101
5525 100
5526 60
5527 55
5528 25
5529 989
5530 973
5531 954
5532 951
5533 967
5534 985
5535 996
5536 5
5537 980
5538 965
5539 951
5540 932
5541 950
5542 956
5543 973
5544 945
5545 887
5546 906
5547 953
5548 947
5549 952
5550 944
5551 922
5552 953
5553 963
5554 934
5555 922
5556 933
5557 948
5558 935
5559 919
5560 912
5561 900
5562 903
5563 904
5564 874
5565 863
5566 837
5567 824
5568 811
5569 836
5570 825
5571 801
5572 872
5573 878
5574 851
5575 840
5576 821
5577 818
5578 828
5579 846
5580 778
5581 735
5582 707
5583 700
5584 721
5585 729
5586 691
5587 678
5588 650
5589 665
5590 634
5591 639
5592 634
5593 670
5594 650
5595 646
5596 650
5597 675
5598 701
5599 694
5600 701
5601 705
5602 662
5603 655
5604 658
5605 685
5606 662
5607 676
5608 660
5609 640
5610 636
5611 622
5612 604
5613 613
5614 619
5615 631
5616 621
5617 595
5618 550
5619 544
5620 548
5621 544
5622 513
5623 479
5624 450
5625 465
5626 473
5627 494
5628 476
5629 488
5630 477
5631 515
5632 561
5633 575
5634 525
5635 556
5636 555
5637 584
5638 626
5639 598
5640 628
5641 624
5642 588
5643 575
5644 578
5645 550
5646 568
5647 564
5648 525
5649 517
5650 513
5651 504
5652 505
5653 457
5654 448
5655 478
5656 486
5657 466
5658 465
5659 451
5660 462
5661 430
5662 458
5663 450
5664 433
5665 437
5666 437
5667 444
5668 405
5669 419
5670 415
5671 417
5672 448
5673 422
5674 460
5675 435
5676 412
5677 433
5678 376
5679 383
5680 385
5681 396
5682 372
5683 384
5684 386
5685 417
5686 437
5687 467
5688 457
5689 437
5690 447
5691 473
5692 452
5693 419
5694 411
5695 397
5696 394
5697 387
5698 396
5699 389
5700 407
5701 389
5702 429
5703 410
5704 410
5705 421
5706 418
5707 400
5708 383
5709 352
5710 332
5711 310
5712 318
5713 320
5714 308
5715 284
5716 274
5717 274
5718 244
5719 231
5720 238
5721 206
5722 190
5723 197
5724 201
5725 210
5726 214
5727 199
5728 200
5729 202
5730 195
5731 174
5732 154
5733 162
5734 168
5735 176
5736 160
5737 154
5738 151
5739 150
5740 150
5741 145
5742 138
5743 147
5744 148
5745 146
5746 157
5747 165
5748 157
5749 137
5750 148
5751 139
5752 146
5753 139
5754 125
5755 124
5756 109
5757 111
5758 90
5759 109
5760 112
5761 115
5762 116
5763 116
5764 118
5765 132
5766 123
5767 111
5768 111
5769 116
5770 118
5771 113
5772 119
5773 96
5774 100
5775 80
5776 81
5777 93
5778 95
5779 73
5780 78
5781 93
5782 73
5783 68
5784 75
5785 91
5786 102
5787 102
5788 111
5789 114
5790 97
5791 81
5792 84
5793 74
5794 73
5795 88
5796 84
5797 82
5798 79
5799 79
5800 73
5801 70
5802 60
5803 65
5804 67
5805 76
5806 92
5807 80
5808 80
5809 72
5810 77
5811 71
5812 80
5813 99
5814 84
5815 92
5816 87
5817 100
5818 110
5819 111
5820 111
5821 120
5822 112
5823 123
5824 118
5825 117
5826 111
5827 112
5828 103
5829 118
5830 122
5831 105
5832 101
5833 102
5834 96
5835 93
5836 100
5837 104
5838 102
5839 81
5840 77
5841 75
5842 76
5843 79
5844 70
5845 63
5846 65
5847 68
5848 61
5849 68
5850 69
5851 67
5852 72
5853 68
5854 62
5855 63
5856 64
5857 69
5858 62
5859 66
5860 58
5861 64
5862 61
5863 56
5864 48
5865 46
5866 57
5867 57
5868 58
5869 63
5870 65
5871 67
5872 52
5873 53
5874 47
5875 52
5876 60
5877 63
5878 59
5879 47
5880 50
5881 54
5882 51
5883 39
5884 43
5885 51
5886 41
5887 36
5888 35
5889 26
5890 29
5891 26
5892 19
5893 15
5894 16
5895 20
5896 20
5897 20
5898 20
5899 13
5900 14
5901 20
5902 21
5903 23
5904 28
5905 27
5906 25
5907 32
5908 33
5909 31
5910 40
5911 50
5912 44
5913 36
5914 34
5915 32
5916 37
5917 31
5918 30
5919 31
5920 37
5921 40
5922 40
5923 40
5924 33
5925 35
5926 23
5927 15
5928 17
5929 24
5930 25
5931 28
5932 26
5933 17
5934 16
5935 21
5936 30
5937 33
5938 30
5939 31
5940 40
5941 51
5942 53
5943 58
5944 52
5945 51
5946 45
5947 43
5948 38
5949 34
5950 30
5951 29
5952 34
5953 25
5954 27
5955 29
5956 28
5957 35
5958 44
5959 41
5960 45
5961 45
5962 45
5963 48
5964 40
5965 42
5966 49
5967 72
5968 75
5969 75
5970 77
5971 77
5972 72
5973 68
5974 66
5975 66
5976 55
5977 64
5978 65
5979 56
5980 67
5981 58
5982 59
5983 63
5984 56
5985 48
5986 53
5987 52
5988 44
5989 50
5990 44
5991 39
5992 39
5993 35
5994 33
5995 33
5996 36
5997 33
5998 33
5999 34
6000 28
6001 29
6002 47
6003 44
6004 43
6005 38
6006 30
6007 33
6008 36
6009 44
6010 49
6011 54
6012 41
6013 49
6014 36
6015 35
6016 34
6017 26
6018 17
6019 14
6020 11
6021 9
6022 8
6023 11
6024 14
6025 12
6026 19
6027 29
6028 34
6029 41
6030 36
6031 32
6032 43
6033 37
6034 49
6035 41
6036 48
6037 47
6038 41
6039 44
6040 37
6041 38
6042 41
6043 48
6044 34
6045 28
6046 33
6047 35
6048 31
6049 22
6050 27
6051 38
6052 41
6053 40
6054 41
6055 43
6056 53
6057 54
6058 49
6059 52
6060 48
6061 49
6062 52
6063 61
6064 44
6065 38
6066 26
6067 20
6068 26
6069 24
6070 23
6071 33
6072 45
6073 46
6074 45
6075 53
6076 49
6077 47
6078 51
6079 43
6080 44
6081 36
6082 32
6083 33
6084 23
6085 24
6086 25
6087 24
6088 20
6089 18
6090 21
6091 15
6092 8
6093 7
6094 11
6095 10
6096 9
6097 10
6098 12
6099 17
6100 7
6101 1
6102 1
6103 2
6104 1
6105 1
6106 1
6107 1
6108 0
6109 0
6110 0
6111 0
6112 0
6113 0
6114 0
6115 0
6116 0
6117 0
6118 0
6119 0
6120 0
6121 0
6122 0
6123 0
6124 1
6125 0
6126 1
6127 0
6128 0
6129 0
6130 0
6131 1
6132 1
6133 2
6134 4
6135 6
6136 6
6137 7
6138 7
6139 5
6140 4
6141 3
6142 0
6143 0
6144 0
6145 0
6146 0
6147 1
6148 1
6149 1
6150 0
6151 2
6152 0
6153 0
6154 0
6155 1
6156 1
6157 0
6158 0
6159 0
6160 1
6161 0
6162 1
6163 3
6164 5
6165 5
6166 7
6167 4
6168 3
6169 1
6170 1
6171 1
6172 1
6173 0
6174 0
6175 1
6176 0
6177 1
6178 1
6179 1
6180 0
6181 0
6182 0
6183 1
6184 4
6185 4
6186 2
6187 2
6188 0
6189 0
6190 0
6191 1
6192 4
6193 8
6194 8
6195 6
6196 6
6197 3
6198 4
6199 3
6200 11
6201 13
6202 15
6203 13
6204 14
6205 14
6206 11
6207 15
6208 17
6209 16
6210 15
6211 11
6212 11
6213 14
6214 13
6215 7
6216 3
6217 2
6218 6
6219 5
6220 3
6221 2
6222 3
6223 3
6224 7
6225 5
6226 3
6227 0
6228 0
6229 0
6230 0
6231 1
6232 1
6233 0
6234 0
6235 0
6236 0
6237 0
6238 0
6239 0
6240 0
6241 0
6242 0
6243 0
6244 0
6245 0
6246 0
6247 1
6248 0
6249 1
6250 0
6251 1
6252 0
6253 0
6254 0
6255 0
6256 0
6257 0
6258 0
6259 0
6260 0
6261 0
6262 0
6263 0
6264 0
6265 0
6266 0
6267 0
6268 0
6269 0
6270 1
6271 1
6272 0
6273 0
6274 0
6275 1
6276 0
6277 1
6278 0
6279 0
6280 0
6281 0
6282 0
6283 0
6284 0
6285 0
6286 0
6287 0
6288 1
6289 1
6290 1
6291 1
6292 2
6293 2
6294 1
6295 3
6296 0
6297 0
6298 0
6299 0
6300 0
6301 0
6302 0
6303 0
6304 0
6305 1
6306 2
6307 0
6308 0
6309 0
6310 0
6311 0
6312 0
6313 0
6314 0
6315 0
6316 0
6317 0
6318 0
6319 0
6320 0
6321 0
6322 0
6323 0
6324 0
6325 0
6326 0
6327 0
6328 0
6329 0
6330 0
6331 1
6332 0
6333 0
6334 0
6335 0
6336 0
6337 0
6338 0
6339 0
6340 0
6341 0
6342 0
6343 0
6344 1
6345 2
6346 2
6347 0
6348 1
6349 1
6350 3
6351 4
6352 7
6353 8
6354 6
6355 7
6356 10
6357 9
6358 8
6359 9
6360 8
6361 16
6362 15
6363 16
6364 15
6365 15
6366 12
6367 12
6368 15
6369 15
6370 17
6371 14
6372 16
6373 13
6374 17
6375 16
6376 19
6377 12
6378 10
6379 8
6380 10
6381 9
6382 8
6383 9
6384 7
6385 7
6386 3
6387 4
6388 4
6389 4
6390 3
6391 4
6392 4
6393 6
6394 4
6395 5
6396 8
6397 4
6398 5
6399 5
6400 10
6401 4
6402 9
6403 14
6404 14
6405 13
6406 16
6407 20
6408 22
6409 17
6410 16
6411 20
6412 16
6413 19
6414 22
6415 22
6416 13
6417 15
6418 13
6419 12
6420 4
6421 6
6422 5
6423 6
6424 3
6425 2
6426 5
6427 4
6428 2
6429 4
6430 4
6431 1
6432 4
6433 5
6434 3
6435 4
6436 2
6437 3
6438 5
6439 6
6440 2
6441 1
6442 1
6443 3
6444 2
6445 2
6446 2
6447 3
6448 4
6449 10
6450 13
6451 13
6452 15
6453 15
6454 7
6455 7
6456 6
6457 4
6458 5
6459 3
6460 3
6461 3
6462 4
6463 6
6464 8
6465 8
6466 8
6467 5
6468 5
6469 2
6470 5
6471 4
6472 7
6473 9
6474 13
6475 17
6476 9
6477 9
6478 12
6479 11
6480 11
6481 11
6482 9
6483 11
6484 9
6485 8
6486 8
6487 5
6488 1
6489 1
6490 1
6491 1
6492 1
6493 0
6494 1
6495 1
6496 1
6497 0
6498 0
6499 0
6500 0
6501 1
6502 0
6503 0
6504 0
6505 0
6506 0
6507 0
6508 0
6509 0
6510 0
6511 0
6512 0
6513 1
6514 0
6515 0
6516 0
6517 0
6518 0
6519 0
6520 0
6521 0
6522 1
6523 2
6524 2
6525 5
6526 10
6527 15
6528 14
6529 17
6530 14
6531 8
6532 7
6533 3
6534 6
6535 5
6536 5
6537 3
6538 4
6539 2
6540 1
6541 1
6542 1
6543 1
6544 3
6545 3
6546 8
6547 13
6548 14
6549 14
6550 13
6551 6
6552 1
6553 0
6554 0
6555 0
6556 0
6557 0
6558 0
6559 1
6560 2
6561 1
6562 0
6563 2
6564 4
6565 1
6566 1
6567 1
6568 2
6569 3
6570 4
6571 2
6572 3
6573 3
6574 2
6575 3
6576 1
6577 2
6578 4
6579 2
6580 0
6581 0
6582 2
6583 4
6584 2
6585 5
6586 2
6587 2
6588 4
6589 3
6590 3
6591 1
6592 0
6593 0
6594 0
6595 1
6596 1
6597 4
6598 2
6599 2
6600 3
6601 4
6602 4
6603 2
6604 4
6605 4
6606 5
6607 5
6608 3
6609 0
6610 0
6611 0
6612 0
6613 0
6614 0
6615 0
6616 0
6617 0
6618 1
6619 3
6620 1
6621 0
6622 0
6623 0
6624 0
6625 0
6626 1
6627 1
6628 1
6629 4
6630 3
6631 4
6632 5
6633 4
6634 6
6635 5
6636 2
6637 3
6638 3
6639 5
6640 10
6641 11
6642 12
6643 9
6644 8
6645 14
6646 11
6647 7
6648 8
6649 9
6650 6
6651 10
6652 10
6653 12
6654 10
6655 14
6656 13
6657 11
6658 9
6659 4
6660 6
6661 5
6662 2
6663 0
6664 0
6665 0
6666 0
6667 1
6668 2
6669 2
6670 2
6671 3
6672 5
6673 8
6674 4
6675 5
6676 4
6677 6
6678 3
6679 4
6680 5
6681 4
6682 8
6683 10
6684 12
6685 7
6686 9
6687 10
6688 9
6689 10
6690 13
6691 14
6692 16
6693 16
6694 18
6695 15
6696 15
6697 9
6698 10
6699 7
6700 11
6701 12
6702 10
6703 3
6704 0
6705 1
6706 0
6707 0
6708 1
6709 2
6710 2
6711 2
6712 2
6713 3
6714 3
6715 4
6716 4
6717 4
6718 5
6719 4
6720 3
6721 6
6722 8
6723 5
6724 4
6725 3
6726 2
6727 3
6728 4
6729 8
6730 10
6731 9
6732 13
6733 13
6734 13
6735 10
6736 7
6737 6
6738 7
6739 6
6740 7
6741 8
6742 5
6743 10
6744 8
6745 13
6746 18
6747 16
6748 20
6749 19
6750 15
6751 23
6752 25
6753 28
6754 24
6755 23
6756 28
6757 25
6758 27
6759 24
6760 19
6761 15
6762 14
6763 21
6764 23
6765 22
6766 24
6767 21
6768 17
6769 19
6770 16
6771 20
6772 25
6773 34
6774 31
6775 39
6776 37
6777 30
6778 35
6779 40
6780 29
6781 33
6782 45
6783 37
6784 45
6785 38
6786 33
6787 37
6788 43
6789 40
6790 35
6791 40
6792 53
6793 60
6794 71
6795 79
6796 84
6797 82
6798 67
6799 69
6800 77
6801 85
6802 82
6803 91
6804 90
6805 108
6806 97
6807 88
6808 95
6809 103
6810 93
6811 92
6812 103
6813 103
6814 105
6815 105
6816 95
6817 90
6818 82
6819 76
6820 69
6821 71
6822 77
6823 75
6824 77
6825 83
6826 77
6827 80
6828 96
6829 95
6830 88
6831 88
6832 79
6833 84
6834 78
6835 89
6836 86
6837 93
6838 92
6839 99
6840 99
6841 105
6842 101
6843 106
6844 102
6845 124
6846 136
6847 137
6848 156
6849 155
6850 164
6851 171
6852 148
6853 145
6854 142
6855 143
6856 133
6857 155
6858 156
6859 142
6860 146
6861 160
6862 147
6863 147
6864 140
6865 136
6866 133
6867 138
6868 136
6869 142
6870 163
6871 158
6872 147
6873 140
6874 147
6875 145
6876 152
6877 150
6878 140
6879 134
6880 128
6881 122
6882 116
6883 130
6884 144
6885 150
6886 154
6887 155
6888 142
6889 145
6890 149
6891 152
6892 170
6893 157
6894 150
6895 158
6896 145
6897 145
6898 144
6899 117
6900 117
6901 98
6902 86
6903 88
6904 81
6905 84
6906 89
6907 101
6908 104
6909 83
6910 64
6911 65
6912 73
6913 69
6914 80
6915 84
6916 87
6917 97
6918 107
6919 130
6920 145
6921 146
6922 142
6923 141
6924 144
6925 142
6926 117
6927 118
6928 123
6929 122
6930 133
6931 130
6932 159
6933 183
6934 181
6935 182
6936 196
6937 184
6938 202
6939 207
6940 182
6941 152
6942 180
6943 183
6944 192
6945 183
6946 183
6947 185
6948 154
6949 133
6950 128
6951 109
6952 105
6953 117
6954 110
6955 118
6956 121
6957 103
6958 89
6959 86
6960 79
6961 70
6962 68
6963 77
6964 93
6965 98
6966 86
6967 90
6968 93
6969 88
6970 94
6971 107
6972 107
6973 104
6974 105
6975 100
6976 90
6977 90
6978 94
6979 119
6980 112
6981 119
6982 116
6983 116
6984 129
6985 121
6986 112
6987 119
6988 142
6989 142
6990 140
6991 146
6992 141
6993 133
6994 144
6995 152
6996 153
6997 145
6998 145
6999 135
7000 136
7001 134
7002 137
7003 143
7004 155
7005 143
7006 144
7007 120
7008 134
7009 142
7010 154
7011 130
7012 121
7013 128
7014 117
7015 120
7016 130
7017 125
7018 117
7019 126
7020 126
7021 138
7022 130
7023 122
7024 135
7025 121
7026 121
7027 120
7028 132
7029 136
7030 106
7031 112
7032 104
7033 102
7034 125
7035 139
7036 128
7037 125
7038 141
7039 161
7040 175
7041 181
7042 175
7043 201
7044 189
7045 181
7046 182
7047 193
7048 168
7049 182
7050 194
7051 216
7052 199
7053 198
7054 190
7055 204
7056 194
7057 178
7058 161
7059 181
7060 199
7061 193
7062 191
7063 182
7064 193
7065 188
7066 184
7067 206
7068 196
7069 216
7070 205
7071 179
7072 197
7073 209
7074 231
7075 243
7076 252
7077 243
7078 247
7079 252
7080 239
7081 271
7082 284
7083 282
7084 288
7085 312
7086 318
7087 331
7088 352
7089 338
7090 337
7091 321
7092 304
7093 299
7094 309
7095 301
7096 276
7097 281
7098 273
7099 300
7100 301
7101 316
7102 332
7103 319
7104 328
7105 324
7106 297
7107 292
7108 315
7109 324
7110 288
7111 289
7112 283
7113 257
7114 258
7115 237
7116 253
7117 266
7118 280
7119 310
7120 314
7121 341
7122 319
7123 330
7124 328
7125 327
7126 314
7127 314
7128 334
7129 309
7130 284
7131 283
7132 300
7133 318
7134 329
7135 320
7136 295
7137 305
7138 305
7139 322
7140 311
7141 308
7142 327
7143 319
7144 305
7145 287
7146 304
7147 314
7148 313
7149 309
7150 323
7151 340
7152 338
7153 311
7154 301
7155 281
7156 284
7157 266
7158 276
7159 268
7160 273
7161 277
7162 273
7163 299
7164 275
7165 280
7166 275
7167 280
7168 267
7169 259
7170 230
7171 213
7172 198
7173 194
7174 186
7175 193
7176 207
7177 200
7178 204
7179 211
7180 208
7181 220
7182 231
7183 193
7184 218
7185 225
7186 214
7187 235
7188 229
7189 231
7190 239
7191 214
7192 219
7193 199
7194 198
7195 187
7196 190
7197 208
7198 236
7199 245
7200 238
7201 247
7202 254
7203 256
7204 272
7205 271
7206 270
7207 260
7208 272
7209 276
7210 274
7211 271
7212 282
7213 266
7214 286
7215 293
7216 308
7217 286
7218 296
7219 300
7220 296
7221 331
7222 323
7223 313
7224 323
7225 295
7226 288
7227 306
7228 351
7229 356
7230 354
7231 371
7232 391
7233 407
7234 421
7235 415
7236 422
7237 460
7238 454
7239 482
7240 493
7241 498
7242 485
7243 483
7244 492
7245 488
7246 487
7247 458
7248 425
7249 445
7250 466
7251 422
7252 412
7253 402
7254 406
7255 385
7256 382
7257 398
7258 399
7259 363
7260 368
7261 371
7262 366
7263 354
7264 346
7265 351
7266 316
7267 341
7268 347
7269 343
7270 344
7271 333
7272 326
7273 289
7274 289
7275 296
7276 316
7277 313
7278 299
7279 291
7280 304
7281 286
7282 290
7283 320
7284 309
7285 296
7286 318
7287 322
7288 311
7289 300
7290 292
7291 313
7292 296
7293 321
7294 305
7295 288
7296 296
7297 305
7298 317
7299 320
7300 324
7301 324
7302 347
7303 332
7304 331
7305 344
7306 349
7307 342
7308 359
7309 360
7310 369
7311 391
7312 392
7313 399
7314 399
7315 385
7316 386
7317 402
7318 393
7319 379
7320 404
7321 385
7322 375
7323 392
7324 371
7325 360
7326 375
7327 379
7328 402
7329 429
7330 422
7331 436
7332 470
7333 491
7334 463
7335 456
7336 470
7337 470
7338 468
7339 453
7340 458
7341 424
7342 398
7343 410
7344 426
7345 411
7346 388
7347 372
7348 374
7349 374
7350 373
7351 376
7352 365
7353 336
7354 347
7355 356
7356 337
7357 342
7358 355
7359 341
7360 338
7361 342
7362 337
7363 358
7364 360
7365 359
7366 383
7367 372
7368 364
7369 357
7370 364
7371 383
7372 370
7373 369
7374 392
7375 378
7376 381
7377 341
7378 335
7379 359
7380 375
7381 397
7382 403
7383 411
7384 408
7385 429
7386 454
7387 477
7388 482
7389 468
7390 440
7391 466
7392 488
7393 459
7394 436
7395 431
7396 466
7397 503
7398 498
7399 521
7400 541
7401 539
7402 573
7403 578
7404 552
7405 567
7406 609
7407 615
7408 593
7409 574
7410 571
7411 571
7412 565
7413 515
7414 485
7415 484
7416 501
7417 494
7418 483
7419 503
7420 541
7421 494
7422 491
7423 486
7424 486
7425 482
7426 484
7427 479
7428 491
7429 459
7430 492
7431 509
7432 485
7433 472
7434 460
7435 429
7436 421
7437 442
7438 459
7439 450
7440 465
7441 430
7442 449
7443 438
7444 459
7445 469
7446 496
7447 478
7448 459
7449 458
7450 464
7451 472
7452 472
7453 480
7454 463
7455 427
7456 424
7457 419
7458 404
7459 383
7460 400
7461 401
7462 386
7463 396
7464 389
7465 405
7466 404
7467 369
7468 375
7469 380
7470 390
7471 401
7472 393
7473 395
7474 377
7475 395
7476 390
7477 391
7478 418
7479 412
7480 418
7481 434
7482 428
7483 443
7484 447
7485 442
7486 476
7487 462
7488 464
7489 466
7490 453
7491 462
7492 461
7493 459
7494 434
7495 452
7496 469
7497 474
7498 456
7499 426
7500 421
7501 421
7502 422
7503 471
7504 474
7505 469
7506 472
7507 495
7508 514
7509 470
7510 465
7511 462
7512 479
7513 463
7514 490
7515 463
7516 451
7517 441
7518 426
7519 477
7520 489
7521 477
7522 472
7523 455
7524 422
7525 442
7526 442
7527 439
7528 422
7529 404
7530 397
7531 404
7532 423
7533 435
7534 420
7535 413
7536 404
7537 429
7538 443
7539 460
7540 462
7541 468
7542 468
7543 476
7544 431
7545 423
7546 408
7547 435
7548 438
7549 423
7550 430
7551 449
7552 433
7553 440
7554 460
7555 478
7556 476
7557 454
7558 425
7559 411
7560 440
7561 410
7562 425
7563 393
7564 408
7565 409
7566 422
7567 443
7568 429
7569 397
7570 399
7571 387
7572 390
7573 416
7574 433
7575 430
7576 465
7577 459
7578 452
7579 471
7580 508
7581 542
7582 555
7583 557
7584 595
7585 555
7586 546
7587 549
7588 511
7589 494
7590 477
7591 489
7592 465
7593 468
7594 463
7595 475
7596 463
7597 449
7598 456
7599 446
7600 472
7601 471
7602 446
7603 472
7604 481
7605 470
7606 487
7607 477
7608 493
7609 485
7610 485
7611 504
7612 472
7613 477
7614 471
7615 460
7616 444
7617 450
7618 471
7619 493
7620 491
7621 483
7622 458
7623 433
7624 441
7625 451
7626 456
7627 476
7628 489
7629 511
7630 531
7631 479
7632 490
7633 467
7634 456
7635 459
7636 478
7637 467
7638 457
7639 438
7640 444
7641 426
7642 464
7643 471
7644 486
7645 470
7646 464
7647 471
7648 479
7649 483
7650 509
7651 540
7652 533
7653 542
7654 544
7655 542
7656 550
7657 542
7658 562
7659 581
7660 586
7661 579
7662 588
7663 602
7664 591
7665 562
7666 576
7667 597
7668 617
7669 585
7670 600
7671 585
7672 573
7673 560
7674 589
7675 516
7676 511
7677 523
7678 502
7679 488
7680 484
7681 461
7682 465
7683 455
7684 467
7685 442
7686 448
7687 460
7688 465
7689 444
7690 427
7691 420
7692 393
7693 427
7694 403
7695 396
7696 388
7697 400
7698 409
7699 412
7700 421
7701 450
7702 434
7703 428
7704 427
7705 425
7706 394
7707 363
7708 372
7709 370
7710 366
7711 383
7712 388
7713 396
7714 395
7715 367
7716 356
7717 367
7718 356
7719 333
7720 339
7721 380
7722 396
7723 403
7724 417
7725 415
7726 416
7727 409
7728 386
7729 370
7730 384
7731 382
7732 375
7733 376
7734 383
7735 385
7736 382
7737 387
7738 356
7739 349
7740 344
7741 392
7742 402
7743 415
7744 439
7745 445
7746 409
7747 408
7748 396
7749 404
7750 375
7751 368
7752 359
7753 351
7754 362
7755 353
7756 331
7757 330
7758 293
7759 297
7760 337
7761 374
7762 368
7763 359
7764 350
7765 361
7766 330
7767 296
7768 287
7769 286
7770 310
7771 334
7772 345
7773 349
7774 313
7775 303
7776 322
7777 320
7778 310
7779 329
7780 346
7781 340
7782 357
7783 396
7784 406
7785 421
7786 423
7787 436
7788 425
7789 463
7790 476
7791 454
7792 432
7793 431
7794 478
7795 462
7796 503
7797 500
7798 510
7799 467
7800 491
7801 495
7802 517
7803 511
7804 492
7805 511
7806 518
7807 517
7808 538
7809 540
7810 545
7811 545
7812 543
7813 554
7814 573
7815 611
7816 625
7817 660
7818 657
7819 638
7820 642
7821 652
7822 645
7823 647
7824 670
7825 690
7826 665
7827 699
7828 688
7829 744
7830 725
7831 707
7832 723
7833 689
7834 649
7835 637
7836 631
7837 674
7838 651
7839 597
7840 618
7841 628
7842 617
7843 609
7844 649
7845 638
7846 646
7847 650
7848 639
7849 650
7850 668
7851 669
7852 661
7853 654
7854 648
7855 624
7856 591
7857 586
7858 565
7859 541
7860 531
7861 515
7862 517
7863 517
7864 528
7865 544
7866 540
7867 553
7868 550
7869 528
7870 515
7871 515
7872 513
7873 511
7874 530
7875 508
7876 526
7877 547
7878 557
7879 545
7880 571
7881 574
7882 575
7883 586
7884 586
7885 606
7886 610
7887 612
7888 617
7889 576
7890 576
7891 591
7892 600
7893 623
7894 611
7895 597
7896 609
7897 596
7898 576
7899 555
7900 560
7901 583
7902 592
7903 566
7904 582
7905 594
7906 625
7907 653
7908 647
7909 675
7910 673
7911 664
7912 656
7913 677
7914 691
7915 685
7916 712
7917 729
7918 722
7919 729
7920 746
7921 725
7922 731
7923 745
7924 736
7925 744
7926 774
7927 802
7928 812
7929 808
7930 759
7931 761
7932 782
7933 759
7934 813
7935 842
7936 842
7937 846
7938 827
7939 846
7940 853
7941 868
7942 860
7943 824
7944 822
7945 806
7946 810
7947 809
7948 775
7949 754
7950 747
7951 762
7952 750
7953 763
7954 734
7955 752
7956 755
7957 715
7958 717
7959 726
7960 721
7961 730
7962 753
7963 757
7964 761
7965 769
7966 723
7967 737
7968 706
7969 679
7970 708
7971 713
7972 722
7973 738
7974 735
7975 720
7976 709
7977 662
7978 658
7979 665
7980 654
7981 637
7982 615
7983 602
7984 601
7985 604
7986 590
7987 630
7988 668
7989 673
7990 688
7991 681
7992 694
7993 679
7994 667
7995 646
7996 674
7997 672
7998 651
7999 655
8000 610
8001 610
8002 601
8003 595
8004 581
8005 578
8006 577
8007 580
8008 558
8009 547
8010 521
8011 554
8012 548
8013 517
8014 557
8015 540
8016 551
8017 534
8018 551
8019 529
8020 540
8021 536
8022 542
8023 520
8024 572
8025 558
8026 557
8027 560
8028 565
8029 563
8030 538
8031 596
8032 608
8033 602
8034 534
8035 561
8036 560
8037 603
8038 575
8039 589
8040 595
8041 631
8042 638
8043 616
8044 614
8045 621
8046 644
8047 656
8048 636
8049 628
8050 672
8051 715
8052 680
8053 678
8054 676
8055 685
8056 706
8057 690
8058 684
8059 680
8060 682
8061 718
8062 741
8063 751
8064 758
8065 778
8066 768
8067 739
8068 723
8069 707
8070 700
8071 711
8072 675
8073 658
8074 668
8075 632
8076 597
8077 585
8078 588
8079 561
8080 572
8081 581
8082 569
8083 592
8084 666
8085 664
8086 653
8087 659
8088 673
8089 681
8090 697
8091 677
8092 694
8093 694
8094 708
8095 684
8096 642
8097 641
8098 633
8099 622
8100 619
8101 632
8102 614
8103 620
8104 605
8105 601
8106 610
8107 595
8108 621
8109 634
8110 622
8111 601
8112 580
8113 587
8114 603
8115 601
8116 584
8117 590
8118 592
8119 619
8120 603
8121 626
8122 633
8123 616
8124 645
8125 656
8126 678
8127 703
8128 720
8129 726
8130 701
8131 704
8132 721
8133 733
8134 760
8135 752
8136 725
8137 703
8138 700
8139 709
8140 656
8141 660
8142 668
8143 644
8144 628
8145 592
8146 631
8147 635
8148 618
8149 626
8150 627
8151 590
8152 604
8153 610
8154 619
8155 616
8156 637
8157 642
8158 618
8159 610
8160 609
8161 625
8162 619
8163 631
8164 639
8165 642
8166 663
8167 663
8168 702
8169 710
8170 691
8171 693
8172 707
8173 667
8174 660
8175 679
8176 675
8177 687
8178 686
8179 668
8180 641
8181 615
8182 662
8183 650
8184 671
8185 661
8186 698
8187 668
8188 648
8189 654
8190 676
8191 683
8192 663
8193 675
8194 657
8195 665
8196 692
8197 692
8198 713
8199 708
8200 688
8201 696
8202 703
8203 712
8204 729
8205 717
8206 713
8207 702
8208 679
8209 699
8210 680
8211 675
8212 663
8213 676
8214 644
8215 626
8216 603
8217 586
8218 546
8219 557
8220 534
8221 516
8222 535
8223 521
8224 515
8225 505
8226 516
8227 484
8228 515
8229 537
8230 521
8231 496
8232 502
8233 517
8234 519
8235 549
8236 556
8237 561
8238 565
8239 554
8240 513
8241 508
8242 496
8243 487
8244 476
8245 463
8246 459
8247 485
8248 459
8249 459
8250 439
8251 442
8252 469
8253 486
8254 516
8255 506
8256 484
8257 449
8258 489
8259 477
8260 481
8261 479
8262 495
8263 479
8264 491
8265 480
8266 509
8267 528
8268 523
8269 534
8270 540
8271 525
8272 524
8273 527
8274 539
8275 554
8276 517
8277 509
8278 460
8279 481
8280 483
8281 490
8282 450
8283 442
8284 426
8285 425
8286 432
8287 402
8288 403
8289 424
8290 436
8291 441
8292 452
8293 455
8294 414
8295 399
8296 407
8297 434
8298 434
8299 404
8300 415
8301 392
8302 363
8303 349
8304 350
8305 342
8306 360
8307 370
8308 367
8309 333
8310 312
8311 326
8312 327
8313 351
8314 337
8315 337
8316 363
8317 363
8318 336
8319 360
8320 364
8321 384
8322 398
8323 407
8324 377
8325 387
8326 411
8327 400
8328 415
8329 441
8330 452
8331 469
8332 473
8333 481
8334 459
8335 445
8336 427
8337 416
8338 396
8339 396
8340 393
8341 398
8342 393
8343 401
8344 387
8345 403
8346 404
8347 379
8348 408
8349 390
8350 396
8351 413
8352 379
8353 395
8354 389
8355 382
8356 347
8357 355
8358 352
8359 345
8360 313
8361 304
8362 301
8363 273
8364 276
8365 300
8366 311
8367 349
8368 367
8369 378
8370 381
8371 407
8372 429
8373 422
8374 402
8375 386
8376 364
8377 358
8378 372
8379 346
8380 328
8381 352
8382 359
8383 353
8384 353
8385 365
8386 336
8387 356
8388 352
8389 362
8390 348
8391 324
8392 330
8393 344
8394 323
8395 312
8396 319
8397 301
8398 271
8399 256
8400 287
8401 273
8402 257
8403 274
8404 280
8405 314
8406 295
8407 288
8408 276
8409 291
8410 305
8411 287
8412 306
8413 292
8414 278
8415 266
8416 245
8417 243
8418 234
8419 225
8420 215
8421 197
8422 195
8423 209
8424 230
8425 240
8426 228
8427 199
8428 182
8429 168
8430 174
8431 168
8432 153
8433 149
8434 152
8435 150
8436 154
8437 167
8438 164
8439 149
8440 163
8441 182
8442 186
8443 187
8444 200
8445 202
8446 212
8447 239
8448 230
8449 238
8450 215
8451 198
8452 204
8453 203
8454 207
8455 232
8456 235
8457 243
8458 252
8459 245
8460 278
8461 295
8462 324
8463 301
8464 321
8465 290
8466 288
8467 286
8468 289
8469 295
8470 326
8471 339
8472 324
8473 338
8474 352
8475 324
8476 315
8477 321
8478 330
8479 326
8480 318
8481 324
8482 299
8483 271
8484 264
8485 288
8486 250
8487 241
8488 226
8489 228
8490 207
8491 194
8492 174
8493 173
8494 161
8495 164
8496 193
8497 211
8498 213
8499 233
8500 245
8501 238
8502 261
8503 261
8504 265
8505 272
8506 251
8507 240
8508 219
8509 230
8510 215
8511 212
8512 199
8513 202
8514 193
8515 179
8516 171
8517 171
8518 180
8519 193
8520 204
8521 216
8522 212
8523 185
8524 200
8525 174
8526 156
8527 151
8528 143
8529 159
8530 152
8531 124
8532 138
8533 136
8534 142
8535 133
8536 115
8537 131
8538 153
8539 159
8540 171
8541 158
8542 183
8543 174
8544 180
8545 203
8546 198
8547 202
8548 211
8549 214
8550 217
8551 229
8552 249
8553 252
8554 289
8555 298
8556 313
8557 304
8558 287
8559 276
8560 305
8561 298
8562 285
8563 304
8564 293
8565 312
8566 318
8567 360
8568 368
8569 382
8570 408
8571 385
8572 407
8573 369
8574 366
8575 352
8576 333
8577 333
8578 324
8579 296
8580 285
8581 290
8582 263
8583 252
8584 249
8585 236
8586 226
8587 205
8588 201
8589 193
8590 188
8591 206
8592 222
8593 234
8594 270
8595 237
8596 225
8597 239
8598 261
8599 258
8600 263
8601 262
8602 239
8603 237
8604 255
8605 252
8606 255
8607 252
8608 250
8609 237
8610 222
8611 233
8612 221
8613 191
8614 194
8615 191
8616 181
8617 188
8618 183
8619 186
8620 159
8621 169
8622 181
8623 181
8624 188
8625 212
8626 207
8627 214
8628 206
8629 213
8630 234
8631 254
8632 256
8633 240
8634 243
8635 226
8636 232
8637 230
8638 251
8639 237
8640 220
8641 225
8642 233
8643 252
8644 268
8645 234
8646 262
8647 283
8648 288
8649 310
8650 274
8651 275
8652 276
8653 272
8654 275
8655 295
8656 321
8657 297
8658 303
8659 309
8660 312
8661 326
8662 347
8663 355
8664 330
8665 324
8666 332
8667 330
8668 358
8669 349
8670 373
8671 381
8672 406
8673 405
8674 440
8675 432
8676 427
8677 412
8678 415
8679 451
8680 464
8681 435
8682 418
8683 419
8684 396
8685 382
8686 381
8687 384
8688 373
8689 384
8690 373
8691 366
8692 377
8693 378
8694 374
8695 378
8696 373
8697 359
8698 363
8699 360
8700 332
8701 320
8702 349
8703 374
8704 363
8705 332
8706 321
8707 337
8708 334
8709 336
8710 350
8711 363
8712 335
8713 308
8714 305
8715 302
8716 291
8717 268
8718 284
8719 287
8720 282
8721 286
8722 266
8723 244
8724 234
8725 240
8726 256
8727 255
8728 253
8729 284
8730 269
8731 238
8732 250
8733 245
8734 227
8735 233
8736 224
8737 236
8738 247
8739 246
8740 247
8741 250
8742 243
8743 239
8744 264
8745 233
8746 211
8747 229
8748 244
8749 241
8750 219
8751 208
8752 209
8753 203
8754 202
8755 180
8756 195
8757 212
8758 193
8759 195
8760 177
8761 171
8762 165
8763 155
8764 140
8765 143
8766 145
8767 146
8768 152
8769 162
8770 167
8771 162
8772 153
8773 134
8774 144
8775 139
8776 125
8777 127
8778 139
8779 138
8780 137
8781 143
8782 132
8783 136
8784 130
8785 129
8786 135
8787 136
8788 118
8789 114
8790 105
8791 111
8792 121
8793 86
8794 80
8795 88
8796 112
8797 107
8798 111
8799 100
8800 105
8801 107
8802 117
8803 119
8804 109
8805 111
8806 134
8807 133
8808 146
8809 159
8810 145
8811 153
8812 160
8813 153
8814 159
8815 157
8816 151
8817 141
8818 161
8819 162
8820 157
8821 157
8822 162
8823 147
8824 154
8825 160
8826 152
8827 127
8828 131
8829 126
8830 140
8831 163
8832 151
8833 144
8834 159
8835 160
8836 156
8837 149
8838 149
8839 140
8840 129
8841 133
8842 132
8843 141
8844 129
8845 139
8846 128
8847 138
8848 134
8849 108
8850 92
8851 90
8852 85
8853 86
8854 93
8855 94
8856 96
8857 96
8858 107
8859 100
8860 100
8861 102
8862 118
8863 113
8864 123
8865 147
8866 154
8867 155
8868 165
8869 153
8870 141
8871 124
8872 124
8873 146
8874 138
8875 145
8876 137
8877 140
8878 151
8879 160
8880 163
8881 152
8882 151
8883 164
8884 164
8885 162
8886 159
8887 151
8888 131
8889 123
8890 121
8891 111
8892 98
8893 99
8894 99
8895 83
8896 84
8897 91
8898 102
8899 86
8900 88
8901 96
8902 81
8903 69
8904 57
8905 63
8906 56
8907 60
8908 79
8909 73
8910 76
8911 78
8912 83
8913 90
8914 82
8915 75
8916 73
8917 68
8918 68
8919 71
8920 45
8921 47
8922 43
8923 63
8924 57
8925 65
8926 61
8927 53
8928 48
8929 54
8930 53
8931 49
8932 49
8933 44
8934 42
8935 41
8936 42
8937 42
8938 37
8939 43
8940 37
8941 28
8942 22
8943 17
8944 15
8945 15
8946 16
8947 11
8948 10
8949 9
8950 4
8951 2
8952 1
8953 0
8954 1
8955 2
8956 0
8957 0
8958 0
8959 1
8960 1
8961 0
8962 0
8963 1
8964 0
8965 1
8966 2
8967 1
8968 2
8969 4
8970 7
8971 8
8972 8
8973 4
8974 5
8975 3
8976 4
8977 5
8978 9
8979 6
8980 11
8981 9
8982 15
8983 13
8984 9
8985 14
8986 9
8987 10
8988 7
8989 7
8990 7
8991 7
8992 7
8993 6
8994 4
8995 1
8996 2
8997 1
8998 2
8999 1
9000 1
9001 2
9002 4
9003 2
9004 3
9005 3
9006 4
9007 4
9008 3
9009 2
9010 6
9011 5
9012 5
9013 6
9014 6
9015 6
9016 10
9017 13
9018 20
9019 23
9020 21
9021 16
9022 8
9023 10
9024 15
9025 18
9026 20
9027 19
9028 11
9029 12
9030 19
9031 18
9032 16
9033 20
9034 19
9035 18
9036 22
9037 20
9038 14
9039 12
9040 11
9041 13
9042 14
9043 15
9044 11
9045 9
9046 12
9047 8
9048 6
9049 7
9050 7
9051 9
9052 4
9053 4
9054 6
9055 4
9056 8
9057 13
9058 12
9059 11
9060 16
9061 25
9062 21
9063 23
9064 18
9065 18
9066 19
9067 27
9068 21
9069 20
9070 22
9071 23
9072 20
9073 22
9074 19
9075 28
9076 26
9077 31
9078 31
9079 39
9080 37
9081 28
9082 23
9083 23
9084 28
9085 31
9086 28
9087 24
9088 34
9089 36
9090 34
9091 35
9092 35
9093 35
9094 28
9095 28
9096 24
9097 16
9098 12
9099 19
9100 22
9101 23
9102 22
9103 23
9104 17
9105 17
9106 15
9107 18
9108 20
9109 16
9110 16
9111 14
9112 14
9113 14
9114 11
9115 11
9116 10
9117 13
9118 14
9119 11
9120 9
9121 7
9122 6
9123 5
9124 6
9125 8
9126 5
9127 3
9128 5
9129 6
9130 11
9131 5
9132 7
9133 9
9134 9
9135 8
9136 7
9137 3
9138 4
9139 6
9140 6
9141 6
9142 4
9143 2
9144 1
9145 1
9146 0
9147 1
9148 0
9149 0
9150 0
9151 0
9152 1
9153 2
9154 3
9155 2
9156 3
9157 3
9158 2
9159 2
9160 1
9161 1
9162 1
9163 2
9164 2
9165 1
9166 2
9167 2
9168 6
9169 9
9170 6
9171 6
9172 8
9173 10
9174 10
9175 8
9176 8
9177 12
9178 7
9179 4
9180 3
9181 2
9182 4
9183 3
9184 3
9185 7
9186 4
9187 6
9188 3
9189 3
9190 1
9191 1
9192 1
9193 1
9194 1
9195 1
9196 1
9197 2
9198 3
9199 2
9200 2
9201 1
9202 1
9203 0
9204 0
9205 0
9206 1
9207 0
9208 0
9209 0
9210 1
9211 0
9212 0
9213 0
9214 0
9215 0
9216 0
9217 0
9218 1
9219 2
9220 2
9221 4
9222 3
9223 3
9224 4
9225 4
9226 1
9227 2
9228 2
9229 2
9230 4
9231 6
9232 7
9233 7
9234 8
9235 10
9236 13
9237 14
9238 16
9239 10
9240 13
9241 9
9242 15
9243 21
9244 18
9245 24
9246 19
9247 12
9248 11
9249 8
9250 11
9251 5
9252 2
9253 0
9254 0
9255 0
9256 0
9257 0
9258 0
9259 0
9260 1
9261 2
9262 1
9263 1
9264 2
9265 3
9266 1
9267 0
9268 0
9269 0
9270 0
9271 0
9272 2
9273 1
9274 0
9275 0
9276 1
9277 1
9278 2
9279 2
9280 2
9281 1
9282 2
9283 3
9284 4
9285 5
9286 6
9287 4
9288 3
9289 4
9290 1
9291 1
9292 1
9293 3
9294 9
9295 7
9296 11
9297 12
9298 10
9299 12
9300 16
9301 16
9302 21
9303 21
9304 26
9305 23
9306 27
9307 30
9308 25
9309 25
9310 33
9311 37
9312 40
9313 46
9314 47
9315 40
9316 39
9317 33
9318 28
9319 22
9320 22
9321 32
9322 41
9323 50
9324 53
9325 45
9326 41
9327 37
9328 33
9329 33
9330 34
9331 56
9332 54
9333 73
9334 67
9335 69
9336 78
9337 88
9338 70
9339 71
9340 65
9341 64
9342 66
9343 66
9344 67
9345 66
9346 55
9347 60
9348 59
9349 75
9350 72
9351 63
9352 60
9353 59
9354 60
9355 55
9356 53
9357 57
9358 48
9359 43
9360 32
9361 30
9362 29
9363 34
9364 39
9365 31
9366 38
9367 42
9368 47
9369 34
9370 33
9371 24
9372 20
9373 18
9374 17
9375 19
9376 18
9377 13
9378 12
9379 6
9380 6
9381 6
9382 6
9383 8
9384 4
9385 3
9386 6
9387 3
9388 1
9389 2
9390 4
9391 1
9392 4
9393 6
9394 5
9395 4
9396 3
9397 1
9398 0
9399 0
9400 0
9401 0
9402 0
9403 0
9404 0
9405 0
9406 0
9407 0
9408 0
9409 0
9410 1
9411 0
9412 0
9413 1
9414 2
9415 6
9416 4
9417 2
9418 1
9419 0
9420 0
9421 0
9422 0
9423 0
9424 0
9425 0
9426 0
9427 0
9428 0
9429 2
9430 1
9431 0
9432 0
9433 0
9434 1
9435 1
9436 3
9437 2
9438 5
9439 6
9440 6
9441 5
9442 6
9443 4
9444 7
9445 4
9446 3
9447 2
9448 1
9449 2
9450 3
9451 8
9452 9
9453 11
9454 6
9455 9
9456 6
9457 6
9458 9
9459 15
9460 25
9461 24
9462 19
9463 20
9464 26
9465 24
9466 25
9467 19
9468 25
9469 27
9470 28
9471 27
9472 31
9473 38
9474 43
9475 39
9476 40
9477 47
9478 59
9479 57
9480 59
9481 59
9482 53
9483 61
9484 69
9485 72
9486 71
9487 79
9488 76
9489 74
9490 77
9491 86
9492 87
9493 75
9494 68
9495 70
9496 60
9497 66
9498 58
9499 71
9500 72
9501 77
9502 83
9503 91
9504 76
9505 74
9506 84
9507 71
9508 68
9509 72
9510 62
9511 61
9512 67
9513 61
9514 54
9515 61
9516 68
9517 58
9518 53
9519 50
9520 44
9521 41
9522 35
9523 32
9524 35
9525 31
9526 22
9527 18
9528 17
9529 22
9530 19
9531 23
9532 24
9533 23
9534 20
9535 14
9536 19
9537 23
9538 24
9539 26
9540 20
9541 30
9542 31
9543 23
9544 34
9545 27
9546 25
9547 32
9548 31
9549 27
9550 19
9551 22
9552 16
9553 24
9554 28
9555 27
9556 29
9557 29
9558 24
9559 16
9560 9
9561 13
9562 10
9563 6
9564 7
9565 4
9566 4
9567 2
9568 2
9569 2
9570 3
9571 6
9572 8
9573 7
9574 8
9575 1
9576 1
9577 0
9578 0
9579 0
9580 0
9581 0
9582 0
9583 0
9584 0
9585 1
9586 0
9587 1
9588 4
9589 3
9590 4
9591 5
9592 5
9593 6
9594 7
9595 13
9596 14
9597 14
9598 11
9599 16
9600 12
9601 6
9602 10
9603 12
9604 13
9605 14
9606 13
9607 12
9608 16
9609 21
9610 24
9611 24
9612 18
9613 18
9614 15
9615 13
9616 16
9617 13
9618 15
9619 11
9620 11
9621 6
9622 12
9623 10
9624 12
9625 13
9626 18
9627 15
9628 19
9629 11
9630 17
9631 24
9632 34
9633 37
9634 40
9635 38
9636 45
9637 44
9638 44
9639 40
9640 44
9641 32
9642 31
9643 36
9644 32
9645 34
9646 41
9647 38
9648 41
9649 45
9650 48
9651 44
9652 46
9653 40
9654 32
9655 25
9656 27
9657 32
9658 32
9659 37
9660 37
9661 26
9662 31
9663 33
9664 32
9665 25
9666 26
9667 28
9668 29
9669 39
9670 43
9671 46
9672 49
9673 48
9674 54
9675 62
9676 62
9677 65
9678 60
9679 79
9680 82
9681 83
9682 86
9683 81
9684 86
9685 78
9686 84
9687 75
9688 74
9689 86
9690 89
9691 79
9692 75
9693 57
9694 66
9695 65
9696 62
9697 74
9698 81
9699 71
9700 59
9701 59
9702 60
9703 61
9704 56
9705 56
9706 56
9707 56
9708 61
9709 61
9710 52
9711 52
9712 54
9713 42
9714 53
9715 61
9716 82
9717 76
9718 80
9719 73
9720 69
9721 78
9722 71
9723 84
9724 78
9725 80
9726 90
9727 83
9728 69
9729 73
9730 63
9731 75
9732 57
9733 63
9734 67
9735 58
9736 51
9737 44
9738 37
9739 45
9740 36
9741 35
9742 34
9743 35
9744 37
9745 34
9746 28
9747 29
9748 28
9749 30
9750 34
9751 32
9752 35
9753 28
9754 29
9755 27
9756 34
9757 38
9758 44
9759 41
9760 34
9761 26
9762 30
9763 31
9764 27
9765 30
9766 36
9767 39
9768 33
9769 30
9770 31
9771 33
9772 22
9773 22
9774 18
9775 13
9776 14
9777 12
9778 10
9779 7
9780 8
9781 7
9782 9
9783 6
9784 8
9785 2
9786 2
9787 5
9788 6
9789 5
9790 7
9791 7
9792 8
9793 11
9794 11
9795 8
9796 5
9797 4
9798 3
9799 6
9800 6
9801 4
9802 3
9803 3
9804 2
9805 2
9806 0
9807 0
9808 0
9809 0
9810 1
9811 3
9812 3
9813 2
9814 2
9815 3
9816 1
9817 0
9818 0
9819 0
9820 0
9821 3
9822 4
9823 0
9824 1
9825 1
9826 2
9827 1
9828 0
9829 0
9830 0
9831 0
9832 0
9833 0
9834 0
9835 0
9836 0
9837 1
9838 1
9839 0
9840 0
9841 1
9842 1
9843 2
9844 5
9845 7
9846 9
9847 14
9848 6
9849 6
9850 5
9851 5
9852 9
9853 6
9854 7
9855 11
9856 15
9857 7
9858 8
9859 8
9860 12
9861 8
9862 4
9863 2
9864 2
9865 1
9866 2
9867 3
9868 4
9869 3
9870 3
9871 3
9872 4
9873 4
9874 5
9875 3
9876 6
9877 8
9878 9
9879 13
9880 9
9881 9
9882 5
9883 3
9884 7
9885 11
9886 10
9887 8
9888 12
9889 11
9890 8
9891 4
9892 2
9893 5
9894 6
9895 6
9896 5
9897 3
9898 5
9899 6
9900 5
9901 4
9902 5
9903 6
9904 8
9905 4
9906 2
9907 3
9908 5
9909 8
9910 6
9911 6
9912 6
9913 5
9914 6
9915 5
9916 7
9917 8
9918 9
9919 8
9920 8
9921 7
9922 9
9923 6
9924 10
9925 9
9926 11
9927 12
9928 16
9929 14
9930 14
9931 13
9932 19
9933 19
9934 18
9935 19
9936 18
9937 20
9938 21
9939 24
9940 36
9941 28
9942 29
9943 31
9944 29
9945 20
9946 17
9947 22
9948 22
9949 30
9950 30
9951 33
9952 28
9953 19
9954 22
9955 23
9956 29
9957 28
9958 26
9959 20
9960 29
9961 26
9962 26
9963 30
9964 36
9965 48
9966 53
9967 50
9968 41
9969 34
9970 40
9971 38
9972 35
9973 41
9974 48
9975 47
9976 48
9977 52
9978 53
9979 50
9980 52
9981 58
9982 56
9983 57
9984 61
9985 63
9986 53
9987 39
9988 36
9989 30
9990 32
9991 31
9992 32
9993 37
9994 34
9995 33
9996 26
9997 25
9998 35
9999 53
10000 44
