1 0
2 0
3 0
4 0
5 1
6 1
7 2
8 5
9 3
10 4
11 4
12 2
13 2
14 3
15 2
16 1
17 1
18 0
19 0
20 1
21 0
22 0
23 0
24 0
25 0
26 0
27 0
28 0
29 1
30 3
31 4
32 5
33 4
34 5
35 4
36 4
37 3
38 3
39 5
40 2
41 1
42 2
43 1
44 2
45 1
46 3
47 3
48 4
49 3
50 2
51 4
52 3
53 5
54 7
55 12
56 13
57 8
58 7
59 6
60 4
61 6
62 5
63 3
64 1
65 0
66 0
67 0
68 0
69 0
70 0
71 0
72 0
73 0
74 1
75 0
76 0
77 0
78 1
79 0
80 0
81 1
82 3
83 2
84 1
85 2
86 5
87 7
88 8
89 5
90 4
91 2
92 1
93 6
94 6
95 7
96 7
97 7
98 7
99 6
100 4
101 2
102 4
103 3
104 1
105 1
106 1
107 1
108 0
109 0
110 0
111 0
112 0
113 0
114 0
115 0
116 0
117 1
118 0
119 0
120 0
121 0
122 0
123 0
124 1
125 1
126 1
127 0
128 0
129 0
130 0
131 0
132 0
133 0
134 0
135 0
136 1
137 0
138 0
139 0
140 0
141 0
142 0
143 0
144 0
145 0
146 0
147 0
148 0
149 0
150 1
151 1
152 2
153 2
154 3
155 3
156 5
157 8
158 7
159 10
160 8
161 13
162 13
163 11
164 9
165 11
166 5
167 5
168 4
169 4
170 5
171 5
172 1
173 2
174 1
175 1
176 3
177 3
178 7
179 6
180 7
181 10
182 17
183 18
184 17
185 15
186 15
187 17
188 14
189 13
190 16
191 10
192 8
193 13
194 13
195 11
196 4
197 5
198 7
199 6
200 7
201 7
202 11
203 6
204 10
205 16
206 12
207 10
208 10
209 6
210 2
211 2
212 5
213 4
214 6
215 9
216 7
217 10
218 7
219 8
220 10
221 7
222 10
223 11
224 8
225 3
226 4
227 9
228 10
229 10
230 11
231 10
232 8
233 9
234 13
235 16
236 24
237 27
238 33
239 30
240 28
241 28
242 31
243 25
244 23
245 14
246 15
247 22
248 30
249 22
250 24
251 30
252 23
253 24
254 28
255 34
256 36
257 41
258 37
259 39
260 39
261 42
262 29
263 26
264 27
265 33
266 40
267 43
268 39
269 39
270 27
271 26
272 36
273 31
274 19
275 20
276 18
277 21
278 19
279 27
280 28
281 34
282 29
283 29
284 30
285 33
286 33
287 26
288 24
289 15
290 17
291 19
292 19
293 16
294 17
295 12
296 9
297 4
298 4
299 2
300 3
301 4
302 5
303 7
304 9
305 10
306 11
307 14
308 18
309 18
310 21
311 22
312 22
313 24
314 27
315 15
316 10
317 15
318 17
319 21
320 19
321 19
322 17
323 25
324 26
325 39
326 29
327 27
328 24
329 18
330 24
331 34
332 30
333 26
334 31
335 33
336 30
337 30
338 32
339 28
340 29
341 24
342 25
343 31
344 30
345 40
346 32
347 25
348 26
349 15
350 15
351 13
352 14
353 8
354 10
355 5
356 6
357 8
358 6
359 5
360 6
361 6
362 5
363 4
364 3
365 3
366 3
367 6
368 5
369 7
370 14
371 18
372 25
373 26
374 28
375 24
376 29
377 30
378 32
379 32
380 29
381 33
382 35
383 36
384 35
385 34
386 33
387 31
388 30
389 29
390 30
391 40
392 41
393 40
394 34
395 21
396 19
397 18
398 14
399 22
400 24
401 28
402 27
403 25
404 24
405 38
406 51
407 47
408 47
409 48
410 39
411 20
412 15
413 21
414 14
415 21
416 30
417 36
418 32
419 32
420 40
421 38
422 45
423 47
424 50
425 57
426 54
427 68
428 62
429 62
430 51
431 45
432 41
433 38
434 38
435 33
436 33
437 33
438 37
439 26
440 28
441 27
442 36
443 26
444 30
445 31
446 26
447 31
448 40
449 22
450 22
451 25
452 20
453 13
454 8
455 7
456 6
457 8
458 4
459 7
460 8
461 9
462 5
463 7
464 9
465 7
466 9
467 9
468 9
469 10
470 11
471 8
472 4
473 5
474 5
475 7
476 7
477 9
478 9
479 8
480 10
481 8
482 9
483 7
484 5
485 3
486 3
487 4
488 5
489 7
490 5
491 4
492 4
493 2
494 2
495 3
496 4
497 3
498 8
499 6
500 6
501 5
502 8
503 9
504 6
505 11
506 9
507 6
508 3
509 5
510 2
511 2
512 1
513 2
514 2
515 1
516 2
517 5
518 2
519 1
520 0
521 0
522 0
523 0
524 0
525 1
526 0
527 1
528 3
529 5
530 7
531 8
532 10
533 9
534 7
535 11
536 12
537 20
538 22
539 19
540 17
541 24
542 27
543 28
544 35
545 36
546 30
547 30
548 31
549 31
550 31
551 35
552 30
553 30
554 32
555 33
556 35
557 40
558 45
559 36
560 34
561 34
562 55
563 54
564 51
565 42
566 47
567 50
568 50
569 34
570 34
571 31
572 33
573 41
574 52
575 59
576 48
577 44
578 32
579 38
580 42
581 40
582 41
583 39
584 43
585 42
586 48
587 48
588 55
589 56
590 62
591 67
592 64
593 69
594 68
595 64
596 69
597 88
598 84
599 102
600 92
601 87
602 98
603 111
604 100
605 93
606 89
607 105
608 103
609 112
610 112
611 107
612 92
613 103
614 104
615 106
616 100
617 93
618 101
619 111
620 111
621 105
622 106
623 102
624 91
625 77
626 81
627 76
628 76
629 76
630 69
631 69
632 75
633 68
634 86
635 95
636 93
637 97
638 103
639 116
640 124
641 130
642 126
643 137
644 129
645 129
646 113
647 106
648 84
649 94
650 89
651 89
652 107
653 89
654 102
655 94
656 99
657 107
658 95
659 92
660 94
661 77
662 76
663 81
664 95
665 95
666 98
667 82
668 85
669 79
670 87
671 83
672 97
673 94
674 120
675 130
676 132
677 127
678 132
679 130
680 140
681 126
682 124
683 109
684 94
685 104
686 101
687 95
688 97
689 115
690 128
691 135
692 140
693 144
694 141
695 147
696 154
697 139
698 133
699 131
700 119
701 105
702 87
703 78
704 86
705 97
706 99
707 104
708 111
709 118
710 122
711 122
712 108
713 105
714 128
715 116
716 132
717 141
718 149
719 136
720 127
721 129
722 135
723 132
724 140
725 135
726 128
727 124
728 116
729 99
730 94
731 83
732 86
733 84
734 89
735 86
736 94
737 106
738 114
739 108
740 114
741 119
742 125
743 120
744 106
745 92
746 71
747 85
748 80
749 92
750 107
751 114
752 114
753 113
754 121
755 135
756 156
757 153
758 154
759 149
760 165
761 182
762 197
763 200
764 194
765 204
766 193
767 200
768 187
769 176
770 176
771 162
772 165
773 173
774 174
775 157
776 153
777 167
778 192
779 210
780 206
781 193
782 194
783 186
784 171
785 179
786 176
787 195
788 193
789 175
790 205
791 200
792 212
793 207
794 207
795 203
796 191
797 172
798 173
799 181
800 171
801 185
802 174
803 182
804 187
805 171
806 201
807 211
808 189
809 183
810 181
811 177
812 205
813 206
814 217
815 199
816 207
817 217
818 222
819 206
820 202
821 212
822 211
823 234
824 237
825 250
826 229
827 223
828 226
829 246
830 245
831 246
832 235
833 257
834 241
835 257
836 260
837 257
838 245
839 251
840 261
841 264
842 281
843 250
844 261
845 258
846 253
847 246
848 261
849 244
850 241
851 230
852 237
853 221
854 213
855 225
856 216
857 224
858 229
859 216
860 206
861 190
862 194
863 212
864 234
865 250
866 266
867 274
868 269
869 238
870 211
871 222
872 220
873 223
874 219
875 228
876 213
877 214
878 198
879 214
880 196
881 212
882 226
883 224
884 227
885 233
886 214
887 244
888 240
889 232
890 232
891 218
892 207
893 230
894 213
895 216
896 218
897 233
898 246
899 256
900 261
901 276
902 281
903 300
904 290
905 291
906 281
907 289
908 297
909 261
910 254
911 239
912 203
913 211
914 210
915 177
916 183
917 187
918 167
919 170
920 174
921 190
922 223
923 225
924 219
925 223
926 255
927 240
928 210
929 198
930 197
931 201
932 177
933 157
934 154
935 165
936 161
937 186
938 189
939 195
940 187
941 208
942 209
943 217
944 203
945 185
946 166
947 170
948 160
949 156
950 156
951 148
952 142
953 155
954 126
955 123
956 112
957 113
958 110
959 109
960 110
961 114
962 108
963 114
964 121
965 124
966 108
967 107
968 79
969 63
970 58
971 56
972 65
973 55
974 52
975 55
976 53
977 45
978 56
979 55
980 29
981 27
982 32
983 34
984 30
985 34
986 35
987 32
988 20
989 26
990 25
991 37
992 26
993 23
994 20
995 11
996 10
997 7
998 10
999 6
1000 6
1001 4
1002 2
1003 1
1004 0
1005 0
1006 0
1007 0
1008 0
1009 1
1010 2
1011 2
1012 4
1013 5
1014 7
1015 7
1016 9
1017 10
1018 10
1019 10
1020 13
1021 8
1022 9
1023 9
1024 8
1025 16
1026 16
1027 13
1028 18
1029 14
1030 13
1031 12
1032 15
1033 15
1034 15
1035 15
1036 18
1037 12
1038 11
1039 15
1040 20
1041 25
1042 28
1043 28
1044 29
1045 35
1046 40
1047 40
1048 34
1049 33
1050 35
1051 33
1052 34
1053 30
1054 33
1055 39
1056 35
1057 41
1058 55
1059 68
1060 78
1061 67
1062 68
1063 56
1064 52
1065 67
1066 75
1067 67
1068 52
1069 52
1070 54
1071 49
1072 45
1073 45
1074 53
1075 50
1076 49
1077 30
1078 28
1079 25
1080 10
1081 9
1082 4
1083 3
1084 5
1085 6
1086 4
1087 4
1088 2
1089 2
1090 3
1091 5
1092 4
1093 4
1094 6
1095 6
1096 7
1097 8
1098 6
1099 7
1100 12
1101 13
1102 26
1103 25
1104 37
1105 38
1106 40
1107 46
1108 49
1109 42
1110 38
1111 31
1112 24
1113 25
1114 25
1115 24
1116 14
1117 13
1118 14
1119 8
1120 6
1121 6
1122 11
1123 10
1124 14
1125 16
1126 15
1127 16
1128 11
1129 12
1130 15
1131 15
1132 21
1133 19
1134 20
1135 10
1136 13
1137 19
1138 17
1139 14
1140 14
1141 15
1142 13
1143 12
1144 11
1145 7
1146 8
1147 5
1148 2
1149 2
1150 1
1151 2
1152 1
1153 2
1154 5
1155 5
1156 6
1157 5
1158 4
1159 7
1160 9
1161 8
1162 9
1163 11
1164 10
1165 8
1166 8
1167 8
1168 7
1169 8
1170 4
1171 5
1172 6
1173 10
1174 11
1175 8
1176 8
1177 9
1178 8
1179 12
1180 8
1181 9
1182 9
1183 10
1184 10
1185 10
1186 8
1187 3
1188 3
1189 6
1190 5
1191 6
1192 3
1193 3
1194 1
1195 1
1196 2
1197 1
1198 1
1199 1
1200 0
1201 0
1202 0
1203 0
1204 0
1205 0
1206 0
1207 0
1208 0
1209 0
1210 0
1211 0
1212 0
1213 1
1214 1
1215 0
1216 0
1217 0
1218 0
1219 2
1220 5
1221 6
1222 7
1223 6
1224 3
1225 2
1226 5
1227 7
1228 12
1229 11
1230 12
1231 15
1232 17
1233 22
1234 13
1235 15
1236 13
1237 22
1238 18
1239 19
1240 15
1241 16
1242 13
1243 11
1244 8
1245 3
1246 4
1247 2
1248 3
1249 2
1250 0
1251 0
1252 1
1253 2
1254 1
1255 4
1256 3
1257 1
1258 1
1259 4
1260 3
1261 3
1262 0
1263 0
1264 0
1265 0
1266 0
1267 1
1268 2
1269 4
1270 5
1271 2
1272 0
1273 0
1274 0
1275 0
1276 0
1277 1
1278 0
1279 0
1280 0
1281 1
1282 1
1283 3
1284 4
1285 4
1286 5
1287 3
1288 5
1289 3
1290 1
1291 0
1292 0
1293 0
1294 1
1295 2
1296 2
1297 0
1298 0
1299 0
1300 0
1301 0
1302 0
1303 0
1304 0
1305 0
1306 0
1307 0
1308 0
1309 0
1310 0
1311 0
1312 1
1313 3
1314 2
1315 2
1316 1
1317 0
1318 0
1319 0
1320 0
1321 0
1322 0
1323 1
1324 1
1325 0
1326 0
1327 0
1328 2
1329 2
1330 4
1331 5
1332 3
1333 1
1334 2
1335 0
1336 0
1337 0
1338 2
1339 2
1340 0
1341 0
1342 0
1343 0
1344 0
1345 0
1346 0
1347 0
1348 0
1349 0
1350 0
1351 1
1352 1
1353 0
1354 0
1355 0
1356 1
1357 1
1358 1
1359 2
1360 3
1361 2
1362 7
1363 5
1364 5
1365 5
1366 3
1367 4
1368 7
1369 6
1370 3
1371 1
1372 1
1373 4
1374 4
1375 4
1376 2
1377 1
1378 3
1379 5
1380 5
1381 5
1382 3
1383 4
1384 4
1385 3
1386 3
1387 4
1388 2
1389 1
1390 1
1391 0
1392 1
1393 1
1394 2
1395 6
1396 5
1397 2
1398 4
1399 5
1400 7
1401 8
1402 7
1403 10
1404 10
1405 9
1406 9
1407 7
1408 7
1409 5
1410 2
1411 3
1412 6
1413 2
1414 3
1415 2
1416 2
1417 0
1418 0
1419 0
1420 1
1421 1
1422 2
1423 4
1424 3
1425 3
1426 0
1427 0
1428 2
1429 1
1430 1
1431 3
1432 4
1433 7
1434 9
1435 7
1436 9
1437 5
1438 2
1439 2
1440 2
1441 3
1442 4
1443 5
1444 6
1445 6
1446 8
1447 11
1448 9
1449 7
1450 7
1451 4
1452 3
1453 2
1454 4
1455 2
1456 0
1457 0
1458 1
1459 2
1460 1
1461 2
1462 2
1463 2
1464 3
1465 3
1466 5
1467 4
1468 5
1469 3
1470 1
1471 2
1472 0
1473 0
1474 0
1475 0
1476 0
1477 0
1478 0
1479 0
1480 0
1481 1
1482 2
1483 3
1484 1
1485 2
1486 1
1487 0
1488 0
1489 0
1490 0
1491 0
1492 0
1493 0
1494 1
1495 4
1496 3
1497 2
1498 2
1499 3
1500 2
1501 2
1502 5
1503 6
1504 10
1505 15
1506 12
1507 20
1508 21
1509 23
1510 21
1511 28
1512 33
1513 21
1514 18
1515 23
1516 24
1517 13
1518 16
1519 17
1520 18
1521 17
1522 16
1523 22
1524 24
1525 30
1526 23
1527 29
1528 32
1529 37
1530 20
1531 22
1532 36
1533 32
1534 34
1535 37
1536 45
1537 40
1538 39
1539 34
1540 45
1541 37
1542 45
1543 48
1544 52
1545 57
1546 53
1547 60
1548 62
1549 57
1550 54
1551 63
1552 61
1553 70
1554 52
1555 47
1556 44
1557 58
1558 65
1559 79
1560 78
1561 87
1562 95
1563 97
1564 84
1565 76
1566 67
1567 81
1568 80
1569 79
1570 85
1571 86
1572 83
1573 94
1574 99
1575 94
1576 96
1577 98
1578 93
1579 91
1580 92
1581 92
1582 101
1583 116
1584 114
1585 137
1586 125
1587 115
1588 121
1589 109
1590 111
1591 131
1592 148
1593 140
1594 155
1595 154
1596 151
1597 152
1598 150
1599 150
1600 152
1601 135
1602 142
1603 129
1604 132
1605 133
1606 135
1607 114
1608 123
1609 120
1610 112
1611 106
1612 93
1613 84
1614 79
1615 73
1616 72
1617 79
1618 90
1619 88
1620 89
1621 80
1622 76
1623 75
1624 60
1625 68
1626 69
1627 66
1628 59
1629 67
1630 64
1631 69
1632 71
1633 68
1634 82
1635 86
1636 98
1637 105
1638 105
1639 114
1640 115
1641 129
1642 127
1643 124
1644 109
1645 128
1646 119
1647 137
1648 146
1649 140
1650 151
1651 146
1652 154
1653 165
1654 177
1655 174
1656 164
1657 164
1658 174
1659 179
1660 191
1661 186
1662 174
1663 169
1664 167
1665 148
1666 141
1667 127
1668 120
1669 122
1670 116
1671 116
1672 148
1673 163
1674 161
1675 166
1676 179
1677 182
1678 165
1679 173
1680 164
1681 151
1682 162
1683 147
1684 160
1685 168
1686 167
1687 178
1688 190
1689 168
1690 155
1691 142
1692 168
1693 155
1694 155
1695 162
1696 145
1697 143
1698 151
1699 143
1700 161
1701 179
1702 183
1703 210
1704 207
1705 217
1706 216
1707 207
1708 230
1709 246
1710 236
1711 243
1712 237
1713 238
1714 234
1715 228
1716 244
1717 253
1718 255
1719 251
1720 249
1721 259
1722 264
1723 273
1724 274
1725 280
1726 290
1727 295
1728 306
1729 264
1730 257
1731 280
1732 292
1733 290
1734 284
1735 305
1736 308
1737 308
1738 307
1739 296
1740 266
1741 271
1742 274
1743 268
1744 299
1745 307
1746 330
1747 315
1748 331
1749 311
1750 322
1751 335
1752 354
1753 352
1754 350
1755 349
1756 341
1757 352
1758 384
1759 355
1760 350
1761 333
1762 327
1763 338
1764 373
1765 380
1766 382
1767 443
1768 430
1769 400
1770 396
1771 384
1772 376
1773 360
1774 351
1775 343
1776 330
1777 367
1778 383
1779 392
1780 423
1781 438
1782 434
1783 410
1784 429
1785 416
1786 402
1787 383
1788 403
1789 420
1790 367
1791 372
1792 366
1793 360
1794 340
1795 346
1796 347
1797 358
1798 348
1799 376
1800 358
1801 358
1802 348
1803 343
1804 319
1805 310
1806 297
1807 308
1808 290
1809 327
1810 314
1811 287
1812 278
1813 289
1814 300
1815 304
1816 321
1817 322
1818 321
1819 305
1820 322
1821 346
1822 355
1823 331
1824 339
1825 344
1826 349
1827 342
1828 347
1829 325
1830 338
1831 323
1832 342
1833 377
1834 373
1835 364
1836 356
1837 356
1838 358
1839 366
1840 359
1841 348
1842 333
1843 328
1844 338
1845 340
1846 351
1847 334
1848 348
1849 349
1850 350
1851 355
1852 343
1853 339
1854 351
1855 352
1856 373
1857 359
1858 361
1859 348
1860 339
1861 322
1862 307
1863 298
1864 287
1865 285
1866 291
1867 278
1868 287
1869 285
1870 287
1871 286
1872 269
1873 267
1874 280
1875 270
1876 281
1877 260
1878 246
1879 250
1880 265
1881 263
1882 280
1883 278
1884 287
1885 272
1886 251
1887 263
1888 262
1889 262
1890 215
1891 225
1892 239
1893 259
1894 265
1895 262
1896 237
1897 222
1898 213
1899 233
1900 250
1901 259
1902 255
1903 262
1904 230
1905 208
1906 205
1907 212
1908 196
1909 195
1910 206
1911 211
1912 208
1913 205
1914 212
1915 227
1916 203
1917 229
1918 226
1919 239
1920 224
1921 215
1922 200
1923 205
1924 214
1925 188
1926 205
1927 170
1928 160
1929 156
1930 144
1931 151
1932 146
1933 146
1934 148
1935 136
1936 133
1937 117
1938 119
1939 118
1940 135
1941 141
1942 146
1943 136
1944 123
1945 120
1946 129
1947 149
1948 147
1949 146
1950 140
1951 144
1952 139
1953 142
1954 155
1955 163
1956 167
1957 175
1958 178
1959 184
1960 210
1961 197
1962 173
1963 153
1964 120
1965 129
1966 135
1967 136
1968 134
1969 154
1970 178
1971 183
1972 193
1973 200
1974 186
1975 187
1976 191
1977 206
1978 221
1979 207
1980 223
1981 201
1982 208
1983 207
1984 208
1985 216
1986 220
1987 216
1988 203
1989 220
1990 228
1991 222
1992 241
1993 255
1994 259
1995 268
1996 284
1997 256
1998 245
1999 242
2000 225
2001 216
2002 232
2003 221
2004 242
2005 256
2006 267
2007 270
2008 271
2009 246
2010 268
2011 269
2012 280
2013 278
2014 266
2015 254
2016 257
2017 252
2018 244
2019 235
2020 225
2021 229
2022 218
2023 219
2024 230
2025 219
2026 226
2027 207
2028 202
2029 219
2030 209
2031 201
2032 183
2033 187
2034 191
2035 222
2036 228
2037 219
2038 200
2039 196
2040 206
2041 185
2042 191
2043 185
2044 185
2045 184
2046 181
2047 181
2048 172
2049 191
2050 204
2051 172
2052 179
2053 195
2054 196
2055 187
2056 205
2057 189
2058 190
2059 193
2060 190
2061 172
2062 171
2063 145
2064 140
2065 124
2066 127
2067 129
2068 118
2069 121
2070 124
2071 116
2072 126
2073 120
2074 134
2075 145
2076 150
2077 155
2078 173
2079 183
2080 184
2081 163
2082 166
2083 161
2084 143
2085 147
2086 176
2087 193
2088 191
2089 197
2090 184
2091 165
2092 178
2093 177
2094 175
2095 158
2096 161
2097 170
2098 177
2099 189
2100 204
2101 217
2102 221
2103 220
2104 206
2105 225
2106 209
2107 228
2108 242
2109 246
2110 251
2111 225
2112 206
2113 191
2114 193
2115 187
2116 191
2117 206
2118 187
2119 171
2120 161
2121 147
2122 146
2123 140
2124 145
2125 128
2126 127
2127 133
2128 114
2129 129
2130 142
2131 135
2132 139
2133 146
2134 164
2135 158
2136 160
2137 163
2138 160
2139 175
2140 167
2141 158
2142 165
2143 158
2144 161
2145 172
2146 173
2147 167
2148 166
2149 172
2150 172
2151 162
2152 159
2153 151
2154 152
2155 187
2156 183
2157 182
2158 177
2159 189
2160 207
2161 200
2162 207
2163 173
2164 168
2165 177
2166 181
2167 188
2168 206
2169 200
2170 198
2171 194
2172 179
2173 193
2174 206
2175 189
2176 203
2177 210
2178 228
2179 223
2180 202
2181 199
2182 183
2183 173
2184 162
2185 165
2186 178
2187 195
2188 193
2189 202
2190 202
2191 187
2192 184
2193 185
2194 187
2195 161
2196 182
2197 218
2198 227
2199 232
2200 239
2201 217
2202 215
2203 181
2204 185
2205 210
2206 207
2207 222
2208 239
2209 242
2210 263
2211 258
2212 296
2213 294
2214 287
2215 298
2216 307
2217 311
2218 292
2219 314
2220 315
2221 311
2222 303
2223 319
2224 302
2225 290
2226 276
2227 275
2228 274
2229 286
2230 293
2231 324
2232 311
2233 303
2234 276
2235 275
2236 278
2237 270
2238 266
2239 256
2240 274
2241 266
2242 270
2243 273
2244 285
2245 278
2246 253
2247 244
2248 255
2249 260
2250 256
2251 257
2252 242
2253 248
2254 259
2255 251
2256 218
2257 211
2258 201
2259 200
2260 203
2261 215
2262 195
2263 205
2264 203
2265 216
2266 231
2267 218
2268 227
2269 236
2270 252
2271 264
2272 308
2273 316
2274 321
2275 338
2276 311
2277 319
2278 317
2279 289
2280 292
2281 283
2282 258
2283 269
2284 272
2285 267
2286 278
2287 262
2288 260
2289 260
2290 240
2291 228
2292 217
2293 198
2294 204
2295 215
2296 225
2297 233
2298 209
2299 230
2300 231
2301 197
2302 205
2303 195
2304 187
2305 173
2306 194
2307 187
2308 178
2309 181
2310 182
2311 182
2312 174
2313 156
2314 154
2315 148
2316 177
2317 175
2318 157
2319 167
2320 170
2321 166
2322 180
2323 184
2324 179
2325 170
2326 170
2327 183
2328 166
2329 193
2330 191
2331 172
2332 169
2333 180
2334 192
2335 200
2336 196
2337 179
2338 180
2339 195
2340 201
2341 211
2342 235
2343 225
2344 223
2345 199
2346 185
2347 176
2348 159
2349 165
2350 162
2351 153
2352 169
2353 177
2354 185
2355 190
2356 191
2357 162
2358 158
2359 132
2360 122
2361 120
2362 145
2363 139
2364 118
2365 133
2366 147
2367 182
2368 181
2369 187
2370 165
2371 164
2372 136
2373 138
2374 139
2375 142
2376 139
2377 141
2378 129
2379 123
2380 100
2381 91
2382 97
2383 79
2384 67
2385 69
2386 73
2387 66
2388 56
2389 54
2390 54
2391 67
2392 70
2393 68
2394 56
2395 65
2396 73
2397 67
2398 70
2399 58
2400 52
2401 49
2402 37
2403 40
2404 38
2405 48
2406 47
2407 47
2408 29
2409 32
2410 34
2411 29
2412 37
2413 31
2414 29
2415 37
2416 37
2417 31
2418 38
2419 30
2420 21
2421 22
2422 21
2423 23
2424 22
2425 20
2426 18
2427 19
2428 17
2429 11
2430 12
2431 14
2432 6
2433 4
2434 5
2435 7
2436 6
2437 7
2438 6
2439 10
2440 5
2441 1
2442 0
2443 0
2444 0
2445 0
2446 0
2447 0
2448 0
2449 1
2450 1
2451 0
2452 0
2453 0
2454 0
2455 0
2456 0
2457 0
2458 0
2459 1
2460 0
2461 0
2462 0
2463 0
2464 1
2465 1
2466 2
2467 3
2468 4
2469 3
2470 2
2471 3
2472 1
2473 0
2474 0
2475 0
2476 0
2477 0
2478 0
2479 1
2480 1
2481 2
2482 2
2483 3
2484 3
2485 2
2486 1
2487 1
2488 0
2489 0
2490 0
2491 0
2492 0
2493 0
2494 0
2495 0
2496 1
2497 1
2498 0
2499 2
2500 1
2501 2
2502 2
2503 2
2504 3
2505 2
2506 5
2507 3
2508 3
2509 5
2510 5
2511 3
2512 5
2513 10
2514 8
2515 11
2516 15
2517 18
2518 21
2519 25
2520 22
2521 29
2522 30
2523 27
2524 19
2525 22
2526 21
2527 17
2528 21
2529 26
2530 22
2531 26
2532 24
2533 30
2534 33
2535 32
2536 38
2537 39
2538 52
2539 55
2540 44
2541 43
2542 39
2543 43
2544 43
2545 41
2546 49
2547 52
2548 51
2549 50
2550 52
2551 51
2552 42
2553 62
2554 51
2555 53
2556 59
2557 59
2558 58
2559 67
2560 66
2561 62
2562 49
2563 42
2564 38
2565 41
2566 41
2567 42
2568 44
2569 46
2570 49
2571 51
2572 62
2573 66
2574 69
2575 67
2576 58
2577 58
2578 72
2579 71
2580 79
2581 100
2582 94
2583 102
2584 121
2585 138
2586 132
2587 137
2588 130
2589 157
2590 173
2591 172
2592 153
2593 151
2594 153
2595 163
2596 161
2597 158
2598 164
2599 187
2600 165
2601 143
2602 136
2603 136
2604 150
2605 125
2606 121
2607 133
2608 130
2609 136
2610 153
2611 142
2612 132
2613 137
2614 138
2615 140
2616 138
2617 138
2618 124
2619 129
2620 113
2621 107
2622 104
2623 98
2624 81
2625 83
2626 68
2627 66
2628 51
2629 52
2630 56
2631 51
2632 44
2633 51
2634 52
2635 52
2636 59
2637 54
2638 53
2639 58
2640 66
2641 47
2642 49
2643 56
2644 54
2645 50
2646 46
2647 52
2648 47
2649 56
2650 60
2651 77
2652 80
2653 101
2654 105
2655 114
2656 122
2657 133
2658 122
2659 149
2660 170
2661 194
2662 187
2663 181
2664 184
2665 203
2666 210
2667 197
2668 192
2669 195
2670 206
2671 206
2672 204
2673 208
2674 198
2675 175
2676 172
2677 182
2678 203
2679 182
2680 193
2681 187
2682 192
2683 201
2684 219
2685 233
2686 215
2687 201
2688 226
2689 217
2690 221
2691 209
2692 204
2693 198
2694 208
2695 207
2696 199
2697 197
2698 193
2699 204
2700 166
2701 189
2702 201
2703 209
2704 202
2705 214
2706 209
2707 184
2708 175
2709 172
2710 159
2711 151
2712 147
2713 161
2714 170
2715 147
2716 131
2717 135
2718 116
2719 112
2720 125
2721 124
2722 131
2723 138
2724 133
2725 126
2726 140
2727 137
2728 143
2729 155
2730 139
2731 162
2732 168
2733 176
2734 202
2735 191
2736 190
2737 196
2738 205
2739 215
2740 228
2741 237
2742 264
2743 262
2744 261
2745 259
2746 270
2747 272
2748 270
2749 269
2750 313
2751 290
2752 266
2753 270
2754 273
2755 297
2756 304
2757 293
2758 302
2759 287
2760 284
2761 300
2762 273
2763 265
2764 255
2765 284
2766 288
2767 289
2768 280
2769 273
2770 268
2771 293
2772 298
2773 303
2774 303
2775 309
2776 291
2777 274
2778 302
2779 293
2780 284
2781 291
2782 313
2783 315
2784 316
2785 298
2786 303
2787 312
2788 301
2789 306
2790 317
2791 313
2792 323
2793 334
2794 330
2795 300
2796 293
2797 267
2798 274
2799 287
2800 307
2801 296
2802 282
2803 253
2804 241
2805 244
2806 243
2807 247
2808 243
2809 238
2810 245
2811 247
2812 232
2813 219
2814 228
2815 221
2816 230
2817 228
2818 243
2819 244
2820 252
2821 272
2822 294
2823 296
2824 292
2825 303
2826 285
2827 296
2828 310
2829 315
2830 296
2831 312
2832 313
2833 294
2834 285
2835 303
2836 294
2837 295
2838 274
2839 270
2840 249
2841 253
2842 248
2843 259
2844 266
2845 253
2846 283
2847 279
2848 269
2849 268
2850 262
2851 241
2852 237
2853 222
2854 220
2855 253
2856 229
2857 219
2858 199
2859 201
2860 204
2861 187
2862 196
2863 176
2864 194
2865 187
2866 190
2867 197
2868 206
2869 195
2870 220
2871 216
2872 210
2873 203
2874 204
2875 200
2876 205
2877 209
2878 230
2879 248
2880 232
2881 234
2882 234
2883 243
2884 223
2885 236
2886 234
2887 220
2888 232
2889 250
2890 240
2891 249
2892 248
2893 258
2894 229
2895 241
2896 240
2897 257
2898 240
2899 238
2900 269
2901 262
2902 278
2903 285
2904 318
2905 310
2906 289
2907 271
2908 264
2909 281
2910 274
2911 275
2912 269
2913 280
2914 292
2915 316
2916 333
2917 326
2918 321
2919 353
2920 335
2921 326
2922 281
2923 298
2924 333
2925 335
2926 366
2927 353
2928 357
2929 362
2930 345
2931 376
2932 375
2933 388
2934 402
2935 427
2936 422
2937 434
2938 455
2939 453
2940 433
2941 437
2942 460
2943 460
2944 511
2945 488
2946 496
2947 512
2948 499
2949 504
2950 513
2951 510
2952 514
2953 489
2954 507
2955 507
2956 470
2957 465
2958 459
2959 457
2960 461
2961 441
2962 461
2963 469
2964 466
2965 498
2966 501
2967 498
2968 486
2969 518
2970 526
2971 544
2972 522
2973 484
2974 519
2975 525
2976 548
2977 564
2978 563
2979 571
2980 567
2981 582
2982 615
2983 602
2984 588
2985 594
2986 603
2987 593
2988 610
2989 636
2990 660
2991 617
2992 605
2993 585
2994 574
2995 551
2996 548
2997 565
2998 573
2999 593
3000 619
3001 649
3002 656
3003 618
3004 621
3005 621
3006 613
3007 607
3008 617
3009 626
3010 618
3011 580
3012 581
3013 594
3014 547
3015 561
3016 533
3017 519
3018 523
3019 514
3020 522
3021 507
3022 470
3023 478
3024 462
3025 465
3026 454
3027 476
3028 451
3029 468
3030 464
3031 453
3032 448
3033 433
3034 451
3035 423
3036 417
3037 439
3038 428
3039 414
3040 418
3041 413
3042 401
3043 414
3044 395
3045 426
3046 407
3047 424
3048 434
3049 446
3050 450
3051 449
3052 456
3053 448
3054 449
3055 472
3056 477
3057 475
3058 527
3059 522
3060 517
3061 486
3062 513
3063 506
3064 495
3065 527
3066 537
3067 550
3068 538
3069 516
3070 509
3071 526
3072 497
3073 482
3074 478
3075 503
3076 496
3077 494
3078 490
3079 441
3080 450
3081 425
3082 427
3083 428
3084 438
3085 449
3086 442
3087 449
3088 457
3089 476
3090 475
3091 496
3092 475
3093 516
3094 518
3095 511
3096 530
3097 543
3098 553
3099 532
3100 555
3101 551
3102 526
3103 506
3104 523
3105 514
3106 501
3107 504
3108 492
3109 472
3110 452
3111 433
3112 419
3113 417
3114 417
3115 436
3116 415
3117 448
3118 491
3119 505
3120 486
3121 498
3122 475
3123 446
3124 426
3125 413
3126 387
3127 407
3128 414
3129 392
3130 368
3131 377
3132 364
3133 354
3134 330
3135 316
3136 312
3137 311
3138 337
3139 322
3140 308
3141 317
3142 298
3143 294
3144 290
3145 282
3146 292
3147 313
3148 321
3149 298
3150 292
3151 279
3152 264
3153 239
3154 232
3155 230
3156 241
3157 242
3158 226
3159 247
3160 256
3161 264
3162 262
3163 267
3164 273
3165 270
3166 287
3167 303
3168 301
3169 327
3170 340
3171 333
3172 360
3173 363
3174 382
3175 386
3176 401
3177 391
3178 387
3179 407
3180 408
3181 389
3182 400
3183 421
3184 424
3185 443
3186 462
3187 475
3188 435
3189 437
3190 414
3191 401
3192 413
3193 431
3194 442
3195 433
3196 442
3197 443
3198 440
3199 457
3200 467
3201 452
3202 449
3203 484
3204 514
3205 517
3206 539
3207 545
3208 549
3209 541
3210 536
3211 533
3212 502
3213 521
3214 522
3215 503
3216 490
3217 492
3218 486
3219 483
3220 471
3221 463
3222 444
3223 425
3224 424
3225 426
3226 416
3227 421
3228 416
3229 460
3230 490
3231 478
3232 444
3233 466
3234 467
3235 479
3236 466
3237 465
3238 458
3239 426
3240 448
3241 448
3242 449
3243 431
3244 437
3245 422
3246 417
3247 440
3248 438
3249 437
3250 444
3251 457
3252 465
3253 444
3254 450
3255 455
3256 452
3257 433
3258 457
3259 465
3260 484
3261 493
3262 523
3263 516
3264 527
3265 511
3266 490
3267 462
3268 487
3269 482
3270 520
3271 531
3272 566
3273 555
3274 521
3275 537
3276 524
3277 526
3278 521
3279 520
3280 495
3281 524
3282 566
3283 557
3284 544
3285 555
3286 572
3287 554
3288 537
3289 589
3290 600
3291 580
3292 623
3293 627
3294 659
3295 660
3296 675
3297 675
3298 668
3299 677
3300 653
3301 637
3302 676
3303 661
3304 662
3305 664
3306 676
3307 688
3308 639
3309 577
3310 563
3311 569
3312 550
3313 562
3314 547
3315 553
3316 564
3317 540
3318 530
3319 561
3320 539
3321 525
3322 556
3323 541
3324 524
3325 559
3326 564
3327 533
3328 539
3329 504
3330 516
3331 521
3332 519
3333 488
3334 430
3335 453
3336 458
3337 445
3338 464
3339 457
3340 482
3341 513
3342 472
3343 494
3344 503
3345 494
3346 476
3347 433
3348 400
3349 408
3350 425
3351 427
3352 422
3353 421
3354 405
3355 452
3356 449
3357 441
3358 450
3359 467
3360 465
3361 458
3362 411
3363 398
3364 388
3365 376
3366 386
3367 369
3368 384
3369 392
3370 416
3371 387
3372 398
3373 367
3374 341
3375 327
3376 349
3377 367
3378 383
3379 377
3380 408
3381 438
3382 477
3383 474
3384 475
3385 478
3386 489
3387 504
3388 510
3389 545
3390 542
3391 552
3392 549
3393 531
3394 536
3395 559
3396 563
3397 543
3398 552
3399 562
3400 561
3401 570
3402 612
3403 614
3404 647
3405 661
3406 639
3407 623
3408 615
3409 634
3410 654
3411 633
3412 635
3413 638
3414 632
3415 668
3416 642
3417 645
3418 651
3419 665
3420 662
3421 646
3422 675
3423 668
3424 686
3425 666
3426 634
3427 665
3428 659
3429 682
3430 676
3431 639
3432 632
3433 659
3434 668
3435 670
3436 695
3437 684
3438 707
3439 692
3440 650
3441 659
3442 677
3443 686
3444 661
3445 667
3446 730
3447 730
3448 716
3449 731
3450 714
3451 722
3452 705
3453 710
3454 708
3455 730
3456 704
3457 726
3458 749
3459 715
3460 705
3461 733
3462 758
3463 755
3464 765
3465 750
3466 750
3467 757
3468 746
3469 740
3470 748
3471 729
3472 727
3473 732
3474 752
3475 776
3476 771
3477 770
3478 760
3479 752
3480 776
3481 760
3482 763
3483 792
3484 826
3485 813
3486 821
3487 800
3488 765
3489 761
3490 745
3491 721
3492 736
3493 751
3494 718
3495 712
3496 703
3497 709
3498 722
3499 729
3500 731
3501 726
3502 736
3503 735
3504 690
3505 706
3506 660
3507 651
3508 649
3509 641
3510 608
3511 624
3512 627
3513 650
3514 676
3515 683
3516 697
3517 683
3518 687
3519 695
3520 708
3521 765
3522 745
3523 744
3524 746
3525 717
3526 735
3527 726
3528 715
3529 724
3530 736
3531 737
3532 717
3533 701
3534 665
3535 641
3536 670
3537 660
3538 644
3539 653
3540 661
3541 667
3542 654
3543 686
3544 683
3545 676
3546 717
3547 756
3548 751
3549 749
3550 816
3551 817
3552 811
3553 760
3554 778
3555 786
3556 786
3557 780
3558 764
3559 776
3560 777
3561 768
3562 783
3563 809
3564 817
3565 808
3566 773
3567 776
3568 755
3569 764
3570 773
3571 777
3572 748
3573 746
3574 735
3575 782
3576 774
3577 771
3578 769
3579 780
3580 791
3581 800
3582 842
3583 845
3584 826
3585 873
3586 868
3587 855
3588 875
3589 860
3590 826
3591 882
3592 883
3593 883
3594 901
3595 937
3596 947
3597 927
3598 907
3599 936
3600 952
3601 993
3602 16
3603 34
3604 49
3605 8
3606 7
3607 988
3608 18
3609 997
3610 995
3611 965
3612 987
3613 983
3614 944
3615 924
3616 915
3617 890
3618 878
3619 890
3620 901
3621 932
3622 886
3623 860
3624 848
3625 861
3626 866
3627 866
3628 882
3629 873
3630 897
3631 928
3632 955
3633 919
3634 955
3635 939
3636 931
3637 918
3638 897
3639 919
3640 915
3641 895
3642 894
3643 912
3644 939
3645 948
3646 949
3647 915
3648 902
3649 912
3650 899
3651 925
3652 915
3653 915
3654 883
3655 856
3656 834
3657 823
3658 828
3659 812
3660 796
3661 848
3662 828
3663 834
3664 842
3665 870
3666 844
3667 833
3668 819
3669 802
3670 763
3671 785
3672 784
3673 781
3674 731
3675 714
3676 702
3677 671
3678 675
3679 657
3680 662
3681 687
3682 694
3683 668
3684 678
3685 698
3686 677
3687 670
3688 622
3689 600
3690 615
3691 601
3692 597
3693 625
3694 635
3695 646
3696 647
3697 633
3698 616
3699 633
3700 628
3701 621
3702 622
3703 622
3704 657
3705 602
3706 605
3707 618
3708 591
3709 601
3710 613
3711 633
3712 616
3713 625
3714 616
3715 648
3716 653
3717 673
3718 659
3719 688
3720 681
3721 725
3722 714
3723 733
3724 713
3725 702
3726 688
3727 666
3728 641
3729 593
3730 584
3731 601
3732 560
3733 529
3734 529
3735 549
3736 575
3737 572
3738 545
3739 528
3740 518
3741 502
3742 497
3743 527
3744 506
3745 505
3746 488
3747 505
3748 517
3749 508
3750 530
3751 535
3752 536
3753 536
3754 548
3755 547
3756 572
3757 597
3758 625
3759 625
3760 606
3761 645
3762 622
3763 629
3764 670
3765 632
3766 620
3767 623
3768 614
3769 629
3770 635
3771 659
3772 657
3773 639
3774 634
3775 637
3776 631
3777 653
3778 678
3779 673
3780 646
3781 668
3782 667
3783 667
3784 672
3785 697
3786 672
3787 650
3788 703
3789 690
3790 713
3791 722
3792 728
3793 702
3794 696
3795 706
3796 697
3797 695
3798 706
3799 686
3800 642
3801 656
3802 661
3803 657
3804 642
3805 655
3806 657
3807 648
3808 698
3809 717
3810 691
3811 687
3812 674
3813 662
3814 626
3815 623
3816 615
3817 587
3818 530
3819 493
3820 507
3821 531
3822 550
3823 534
3824 581
3825 613
3826 645
3827 628
3828 634
3829 670
3830 677
3831 681
3832 658
3833 680
3834 694
3835 660
3836 633
3837 624
3838 676
3839 673
3840 664
3841 655
3842 644
3843 631
3844 644
3845 637
3846 657
3847 704
3848 695
3849 669
3850 695
3851 712
3852 723
3853 724
3854 744
3855 742
3856 739
3857 760
3858 741
3859 782
3860 788
3861 785
3862 759
3863 779
3864 771
3865 816
3866 793
3867 792
3868 802
3869 788
3870 767
3871 796
3872 819
3873 762
3874 750
3875 741
3876 752
3877 749
3878 741
3879 719
3880 742
3881 757
3882 758
3883 778
3884 786
3885 769
3886 767
3887 809
3888 803
3889 850
3890 858
3891 849
3892 847
3893 882
3894 860
3895 857
3896 837
3897 826
3898 846
3899 866
3900 827
3901 831
3902 861
3903 834
3904 821
3905 827
3906 861
3907 832
3908 782
3909 824
3910 863
3911 875
3912 904
3913 906
3914 876
3915 857
3916 851
3917 832
3918 803
3919 800
3920 785
3921 780
3922 775
3923 790
3924 785
3925 779
3926 836
3927 851
3928 832
3929 828
3930 849
3931 852
3932 851
3933 883
3934 883
3935 937
3936 947
3937 948
3938 987
3939 931
3940 922
3941 928
3942 943
3943 948
3944 942
3945 993
3946 15
3947 22
3948 18
3949 16
3950 13
3951 989
3952 978
3953 971
3954 967
3955 968
3956 979
3957 976
3958 963
3959 951
3960 959
3961 951
3962 960
3963 986
3964 8
3965 956
3966 912
3967 863
3968 847
3969 839
3970 834
3971 820
3972 798
3973 779
3974 787
3975 787
3976 828
3977 835
3978 846
3979 832
3980 808
3981 797
3982 773
3983 804
3984 828
3985 822
3986 842
3987 862
3988 873
3989 850
3990 853
3991 818
3992 814
3993 804
3994 806
3995 785
3996 765
3997 775
3998 775
3999 752
4000 716
4001 719
4002 718
4003 690
4004 703
4005 674
4006 659
4007 636
4008 640
4009 630
4010 604
4011 608
4012 613
4013 619
4014 592
4015 604
4016 614
4017 594
4018 611
4019 606
4020 631
4021 631
4022 626
4023 649
4024 676
4025 689
4026 660
4027 671
4028 643
4029 668
4030 671
4031 630
4032 617
4033 635
4034 654
4035 635
4036 657
4037 685
4038 690
4039 683
4040 687
4041 691
4042 705
4043 700
4044 639
4045 586
4046 602
4047 631
4048 647
4049 650
4050 686
4051 658
4052 633
4053 662
4054 669
4055 668
4056 683
4057 693
4058 682
4059 682
4060 690
4061 647
4062 655
4063 687
4064 683
4065 679
4066 686
4067 677
4068 681
4069 710
4070 679
4071 683
4072 665
4073 662
4074 658
4075 624
4076 583
4077 580
4078 577
4079 612
4080 631
4081 636
4082 651
4083 688
4084 691
4085 656
4086 687
4087 677
4088 674
4089 683
4090 659
4091 659
4092 687
4093 698
4094 723
4095 720
4096 718
4097 716
4098 727
4099 720
4100 716
4101 739
4102 697
4103 709
4104 723
4105 701
4106 726
4107 726
4108 710
4109 746
4110 755
4111 747
4112 717
4113 728
4114 751
4115 747
4116 755
4117 766
4118 788
4119 768
4120 798
4121 785
4122 799
4123 824
4124 844
4125 861
4126 812
4127 807
4128 792
4129 806
4130 786
4131 817
4132 807
4133 810
4134 830
4135 815
4136 817
4137 818
4138 812
4139 825
4140 857
4141 858
4142 847
4143 867
4144 915
4145 950
4146 949
4147 956
4148 963
4149 939
4150 917
4151 924
4152 948
4153 965
4154 2
4155 971
4156 980
4157 40
4158 52
4159 28
4160 20
4161 40
4162 62
4163 85
4164 97
4165 111
4166 109
4167 109
4168 98
4169 79
4170 94
4171 82
4172 82
4173 23
4174 52
4175 48
4176 78
4177 86
4178 99
4179 98
4180 78
4181 46
4182 27
4183 18
4184 24
4185 2
4186 25
4187 1
4188 999
4189 998
4190 19
4191 61
4192 49
4193 46
4194 23
4195 36
4196 30
4197 54
4198 54
4199 48
4200 49
4201 12
4202 0
4203 965
4204 956
4205 969
4206 935
4207 961
4208 955
4209 960
4210 5
4211 987
4212 955
4213 971
4214 961
4215 909
4216 901
4217 896
4218 869
4219 854
4220 897
4221 906
4222 949
4223 960
4224 942
4225 903
4226 899
4227 930
4228 902
4229 886
4230 889
4231 861
4232 827
4233 839
4234 818
4235 787
4236 808
4237 773
4238 757
4239 739
4240 714
4241 716
4242 677
4243 635
4244 615
4245 610
4246 617
4247 606
4248 625
4249 624
4250 657
4251 645
4252 638
4253 605
4254 611
4255 622
4256 608
4257 624
4258 586
4259 591
4260 570
4261 592
4262 599
4263 589
4264 618
4265 631
4266 649
4267 642
4268 659
4269 635
4270 613
4271 588
4272 568
4273 565
4274 549
4275 551
4276 580
4277 575
4278 569
4279 545
4280 541
4281 551
4282 556
4283 553
4284 579
4285 587
4286 603
4287 650
4288 629
4289 625
4290 639
4291 671
4292 640
4293 646
4294 679
4295 682
4296 701
4297 658
4298 640
4299 661
4300 689
4301 676
4302 691
4303 679
4304 701
4305 744
4306 725
4307 716
4308 684
4309 718
4310 729
4311 728
4312 720
4313 703
4314 723
4315 693
4316 719
4317 752
4318 799
4319 811
4320 788
4321 801
4322 796
4323 807
4324 809
4325 811
4326 804
4327 795
4328 846
4329 859
4330 852
4331 844
4332 829
4333 851
4334 886
4335 916
4336 953
4337 961
4338 970
4339 967
4340 948
4341 978
4342 979
4343 972
4344 964
4345 936
4346 907
4347 874
4348 868
4349 882
4350 899
4351 890
4352 919
4353 904
4354 874
4355 851
4356 873
4357 861
4358 838
4359 840
4360 835
4361 837
4362 818
4363 841
4364 867
4365 865
4366 846
4367 894
4368 895
4369 878
4370 886
4371 881
4372 953
4373 958
4374 989
4375 994
4376 4
4377 8
4378 18
4379 14
4380 992
4381 974
4382 971
4383 935
4384 955
4385 2
4386 987
4387 946
4388 960
4389 986
4390 14
4391 4
4392 989
4393 11
4394 17
4395 18
4396 981
4397 980
4398 964
4399 947
4400 977
4401 953
4402 947
4403 928
4404 937
4405 937
4406 958
4407 8
4408 22
4409 996
4410 23
4411 21
4412 18
4413 986
4414 979
4415 982
4416 2
4417 2
4418 39
4419 21
4420 47
4421 97
4422 99
4423 54
4424 35
4425 17
4426 12
4427 28
4428 65
4429 88
4430 68
4431 64
4432 41
4433 21
4434 0
4435 26
4436 52
4437 91
4438 119
4439 150
4440 161
4441 137
4442 147
4443 119
4444 114
4445 130
4446 178
4447 140
4448 123
4449 147
4450 177
4451 167
4452 168
4453 204
4454 244
4455 249
4456 246
4457 289
4458 284
4459 265
4460 283
4461 287
4462 270
4463 289
4464 345
4465 349
4466 352
4467 323
4468 326
4469 368
4470 379
4471 384
4472 384
4473 373
4474 388
4475 388
4476 380
4477 397
4478 412
4479 432
4480 397
4481 396
4482 410
4483 380
4484 391
4485 377
4486 404
4487 371
4488 396
4489 399
4490 417
4491 403
4492 412
4493 444
4494 439
4495 446
4496 431
4497 414
4498 406
4499 431
4500 438
4501 419
4502 427
4503 415
4504 398
4505 380
4506 332
4507 355
4508 407
4509 395
4510 373
4511 394
4512 401
4513 425
4514 434
4515 426
4516 411
4517 424
4518 407
4519 387
4520 433
4521 445
4522 469
4523 471
4524 510
4525 507
4526 566
4527 557
4528 593
4529 573
4530 561
4531 530
4532 557
4533 522
4534 483
4535 492
4536 502
4537 533
4538 554
4539 567
4540 561
4541 570
4542 607
4543 610
4544 635
4545 629
4546 610
4547 608
4548 613
4549 616
4550 629
4551 607
4552 566
4553 572
4554 599
4555 575
4556 608
4557 610
4558 607
4559 581
4560 566
4561 583
4562 597
4563 581
4564 606
4565 580
4566 582
4567 575
4568 597
4569 588
4570 589
4571 580
4572 593
4573 583
4574 606
4575 593
4576 540
4577 568
4578 578
4579 567
4580 562
4581 545
4582 541
4583 528
4584 478
4585 459
4586 466
4587 478
4588 466
4589 442
4590 451
4591 436
4592 462
4593 492
4594 492
4595 486
4596 495
4597 515
4598 510
4599 501
4600 550
4601 580
4602 554
4603 601
4604 595
4605 608
4606 612
4607 613
4608 656
4609 665
4610 669
4611 686
4612 721
4613 714
4614 714
4615 758
4616 776
4617 788
4618 789
4619 800
4620 803
4621 806
4622 798
4623 805
4624 793
4625 790
4626 803
4627 789
4628 809
4629 813
4630 832
4631 833
4632 795
4633 766
4634 809
4635 807
4636 821
4637 839
4638 856
4639 877
4640 891
4641 876
4642 850
4643 857
4644 886
4645 880
4646 876
4647 872
4648 861
4649 867
4650 871
4651 868
4652 838
4653 858
4654 842
4655 842
4656 868
4657 868
4658 867
4659 872
4660 888
4661 882
4662 887
4663 885
4664 867
4665 846
4666 834
4667 840
4668 825
4669 810
4670 817
4671 833
4672 846
4673 872
4674 849
4675 842
4676 827
4677 840
4678 835
4679 874
4680 861
4681 849
4682 860
4683 888
4684 889
4685 889
4686 884
4687 875
4688 874
4689 879
4690 901
4691 901
4692 895
4693 864
4694 841
4695 829
4696 831
4697 821
4698 807
4699 788
4700 815
4701 803
4702 822
4703 827
4704 822
4705 801
4706 811
4707 813
4708 821
4709 814
4710 816
4711 819
4712 839
4713 825
4714 814
4715 803
4716 812
4717 788
4718 803
4719 821
4720 822
4721 836
4722 875
4723 857
4724 862
4725 853
4726 831
4727 828
4728 817
4729 824
4730 820
4731 835
4732 855
4733 839
4734 824
4735 843
4736 843
4737 852
4738 875
4739 881
4740 894
4741 890
4742 888
4743 902
4744 906
4745 901
4746 891
4747 863
4748 829
4749 819
4750 831
4751 844
4752 832
4753 832
4754 852
4755 854
4756 828
4757 822
4758 838
4759 828
4760 803
4761 815
4762 814
4763 812
4764 802
4765 794
4766 792
4767 788
4768 790
4769 807
4770 804
4771 806
4772 799
4773 816
4774 801
4775 831
4776 841
4777 827
4778 824
4779 818
4780 837
4781 839
4782 820
4783 842
4784 837
4785 851
4786 846
4787 841
4788 847
4789 843
4790 844
4791 836
4792 855
4793 853
4794 856
4795 869
4796 863
4797 842
4798 834
4799 842
4800 817
4801 798
4802 806
4803 803
4804 797
4805 815
4806 814
4807 808
4808 819
4809 823
4810 842
4811 814
4812 791
4813 742
4814 753
4815 752
4816 739
4817 729
4818 713
4819 717
4820 730
4821 737
4822 743
4823 697
4824 706
4825 743
4826 737
4827 732
4828 718
4829 730
4830 730
4831 737
4832 737
4833 748
4834 771
4835 772
4836 746
4837 752
4838 762
4839 757
4840 747
4841 734
4842 737
4843 739
4844 761
4845 759
4846 748
4847 745
4848 763
4849 764
4850 766
4851 771
4852 735
4853 738
4854 734
4855 736
4856 746
4857 744
4858 750
4859 736
4860 734
4861 752
4862 758
4863 729
4864 725
4865 745
4866 742
4867 772
4868 775
4869 766
4870 733
4871 724
4872 737
4873 755
4874 762
4875 765
4876 737
4877 728
4878 705
4879 730
4880 739
4881 742
4882 751
4883 719
4884 720
4885 717
4886 731
4887 711
4888 682
4889 668
4890 657
4891 658
4892 635
4893 636
4894 633
4895 604
4896 597
4897 600
4898 528
4899 530
4900 527
4901 544
4902 519
4903 528
4904 522
4905 501
4906 500
4907 539
4908 569
4909 542
4910 529
4911 556
4912 543
4913 543
4914 551
4915 540
4916 556
4917 571
4918 587
4919 643
4920 624
4921 612
4922 617
4923 596
4924 610
4925 610
4926 623
4927 616
4928 636
4929 654
4930 654
4931 650
4932 666
4933 641
4934 663
4935 647
4936 653
4937 642
4938 645
4939 669
4940 664
4941 650
4942 679
4943 655
4944 651
4945 658
4946 643
4947 660
4948 678
4949 681
4950 641
4951 663
4952 646
4953 632
4954 646
4955 641
4956 633
4957 622
4958 602
4959 611
4960 626
4961 635
4962 629
4963 613
4964 625
4965 623
4966 606
4967 609
4968 585
4969 589
4970 587
4971 600
4972 594
4973 596
4974 603
4975 588
4976 572
4977 574
4978 605
4979 615
4980 603
4981 601
4982 639
4983 638
4984 645
4985 630
4986 598
4987 628
4988 616
4989 618
4990 628
4991 616
4992 626
4993 597
4994 603
4995 584
4996 585
4997 585
4998 568
4999 542
5000 563
5001 594
5002 619
5003 643
5004 648
5005 645
5006 641
5007 638
5008 632
5009 627
5010 629
5011 632
5012 642
5013 642
5014 630
5015 615
5016 587
5017 572
5018 588
5019 598
5020 569
5021 559
5022 546
5023 521
5024 527
5025 531
5026 531
5027 548
5028 552
5029 553
5030 535
5031 536
5032 526
5033 565
5034 557
5035 556
5036 528
5037 541
5038 536
5039 527
5040 503
5041 497
5042 460
5043 442
5044 398
5045 375
5046 332
5047 328
5048 322
5049 319
5050 295
5051 232
5052 229
5053 212
5054 201
5055 217
5056 213
5057 214
5058 222
5059 247
5060 249
5061 270
5062 308
5063 331
5064 379
5065 410
5066 397
5067 432
5068 429
5069 457
5070 457
5071 451
5072 441
5073 446
5074 406
5075 414
5076 424
5077 425
5078 406
5079 390
5080 358
5081 339
5082 346
5083 348
5084 355
5085 349
5086 364
5087 322
5088 315
5089 325
5090 334
5091 358
5092 372
5093 370
5094 346
5095 349
5096 331
5097 322
5098 318
5099 326
5100 303
5101 271
5102 247
5103 259
5104 222
5105 202
5106 208
5107 199
5108 220
5109 198
5110 190
5111 142
5112 137
5113 100
5114 55
5115 45
5116 32
5117 76
5118 47
5119 69
5120 85
5121 88
5122 82
5123 74
5124 66
5125 64
5126 47
5127 58
5128 55
5129 52
5130 57
5131 83
5132 32
5133 11
5134 56
5135 23
5136 3
5137 979
5138 942
5139 929
5140 934
5141 978
5142 986
5143 990
5144 8
5145 7
5146 979
5147 7
5148 36
5149 29
5150 991
5151 943
5152 964
5153 955
5154 934
5155 941
5156 882
5157 860
5158 818
5159 822
5160 823
5161 823
5162 805
5163 796
5164 804
5165 807
5166 809
5167 792
5168 826
5169 855
5170 838
5171 835
5172 809
5173 750
5174 754
5175 749
5176 782
5177 785
5178 787
5179 804
5180 789
5181 818
5182 792
5183 790
5184 781
5185 829
5186 833
5187 850
5188 859
5189 875
5190 854
5191 816
5192 821
5193 812
5194 838
5195 838
5196 849
5197 837
5198 815
5199 851
5200 833
5201 822
5202 827
5203 837
5204 859
5205 842
5206 889
5207 896
5208 895
5209 887
5210 873
5211 876
5212 920
5213 909
5214 919
5215 921
5216 941
5217 959
5218 989
5219 948
5220 985
5221 938
5222 941
5223 926
5224 945
5225 888
5226 899
5227 870
5228 865
5229 876
5230 893
5231 868
5232 857
5233 899
5234 912
5235 883
5236 880
5237 885
5238 871
5239 852
5240 813
5241 799
5242 832
5243 814
5244 837
5245 840
5246 835
5247 840
5248 845
5249 835
5250 805
5251 840
5252 871
5253 873
5254 856
5255 858
5256 865
5257 903
5258 923
5259 940
5260 898
5261 931
5262 969
5263 978
5264 949
5265 987
5266 969
5267 961
5268 984
5269 999
5270 5
5271 10
5272 16
5273 37
5274 34
5275 85
5276 57
5277 98
5278 97
5279 82
5280 89
5281 114
5282 111
5283 110
5284 100
5285 64
5286 60
5287 59
5288 53
5289 35
5290 6
5291 942
5292 938
5293 999
5294 4
5295 26
5296 25
5297 67
5298 82
5299 70
5300 29
5301 995
5302 981
5303 992
5304 998
5305 962
5306 930
5307 917
5308 889
5309 855
5310 890
5311 862
5312 826
5313 847
5314 905
5315 849
5316 894
5317 857
5318 843
5319 850
5320 817
5321 842
5322 774
5323 811
5324 827
5325 816
5326 820
5327 809
5328 821
5329 809
5330 819
5331 846
5332 865
5333 892
5334 847
5335 799
5336 840
5337 821
5338 819
5339 850
5340 802
5341 798
5342 829
5343 768
5344 797
5345 799
5346 770
5347 814
5348 817
5349 839
5350 849
5351 825
5352 805
5353 767
5354 800
5355 776
5356 795
5357 784
5358 769
5359 762
5360 724
5361 731
5362 761
5363 743
5364 759
5365 736
5366 724
5367 689
5368 704
5369 660
5370 682
5371 674
5372 702
5373 646
5374 633
5375 638
5376 625
5377 637
5378 628
5379 627
5380 624
5381 547
5382 561
5383 572
5384 576
5385 585
5386 607
5387 593
5388 570
5389 584
5390 568
5391 562
5392 589
5393 564
5394 577
5395 551
5396 600
5397 641
5398 665
5399 694
5400 691
5401 692
5402 657
5403 627
5404 609
5405 621
5406 620
5407 609
5408 639
5409 676
5410 676
5411 717
5412 723
5413 679
5414 662
5415 636
5416 604
5417 626
5418 600
5419 612
5420 598
5421 602
5422 639
5423 662
5424 630
5425 601
5426 591
5427 575
5428 566
5429 590
5430 571
5431 593
5432 629
5433 670
5434 665
5435 695
5436 736
5437 724
5438 734
5439 751
5440 770
5441 758
5442 741
5443 775
5444 785
5445 795
5446 864
5447 892
5448 923
5449 930
5450 915
5451 934
5452 955
5453 964
5454 906
5455 902
5456 927
5457 919
5458 906
5459 889
5460 852
5461 839
5462 825
5463 817
5464 754
5465 732
5466 716
5467 697
5468 684
5469 713
5470 661
5471 684
5472 687
5473 729
5474 791
5475 786
5476 771
5477 721
5478 731
5479 681
5480 670
5481 678
5482 732
5483 714
5484 687
5485 677
5486 693
5487 678
5488 698
5489 709
5490 730
5491 743
5492 712
5493 696
5494 679
5495 681
5496 678
5497 699
5498 707
5499 712
5500 710
5501 701
5502 719
5503 761
5504 789
5505 810
5506 831
5507 794
5508 791
5509 819
5510 805
5511 790
5512 862
5513 874
5514 863
5515 853
5516 804
5517 800
5518 841
5519 883
5520 876
5521 830
5522 835
5523 824
5524 866
5525 840
5526 853
5527 844
5528 841
5529 879
5530 864
5531 828
5532 797
5533 816
5534 837
5535 840
5536 807
5537 842
5538 842
5539 867
5540 835
5541 870
5542 883
5543 859
5544 856
5545 857
5546 841
5547 861
5548 835
5549 811
5550 807
5551 817
5552 821
5553 774
5554 794
5555 822
5556 855
5557 872
5558 930
5559 874
5560 883
5561 908
5562 933
5563 895
5564 903
5565 910
5566 846
5567 860
5568 888
5569 885
5570 895
5571 881
5572 905
5573 918
5574 932
5575 987
5576 975
5577 935
5578 947
5579 945
5580 942
5581 870
5582 897
5583 884
5584 886
5585 868
5586 889
5587 905
5588 889
5589 865
5590 884
5591 943
5592 948
5593 930
5594 946
5595 7
5596 944
5597 10
5598 3
5599 982
5600 994
5601 960
5602 975
5603 954
5604 941
5605 898
5606 896
5607 863
5608 838
5609 875
5610 861
5611 878
5612 948
5613 978
5614 956
5615 973
5616 979
5617 957
5618 970
5619 977
5620 968
5621 984
5622 996
5623 981
5624 46
5625 99
5626 152
5627 138
5628 167
5629 177
5630 223
5631 247
5632 238
5633 235
5634 281
5635 286
5636 288
5637 304
5638 296
5639 196
5640 216
5641 259
5642 313
5643 327
5644 333
5645 302
5646 306
5647 297
5648 256
5649 249
5650 282
5651 252
5652 237
5653 223
5654 213
5655 217
5656 211
5657 250
5658 248
5659 232
5660 260
5661 251
5662 242
5663 180
5664 148
5665 133
5666 153
5667 122
5668 93
5669 101
5670 112
5671 160
5672 163
5673 138
5674 86
5675 77
5676 124
5677 124
5678 79
5679 119
5680 110
5681 61
5682 81
5683 68
5684 97
5685 121
5686 93
5687 36
5688 16
5689 988
5690 948
5691 959
5692 977
5693 937
5694 974
5695 978
5696 12
5697 33
5698 41
5699 74
5700 29
5701 19
5702 50
5703 52
5704 79
5705 69
5706 57
5707 142
5708 154
5709 175
5710 206
5711 231
5712 177
5713 191
5714 154
5715 104
5716 148
5717 175
5718 202
5719 201
5720 212
5721 255
5722 246
5723 248
5724 203
5725 239
5726 266
5727 295
5728 290
5729 180
5730 207
5731 219
5732 248
5733 249
5734 205
5735 173
5736 210
5737 235
5738 237
5739 305
5740 266
5741 243
5742 237
5743 241
5744 227
5745 225
5746 179
5747 168
5748 148
5749 137
5750 163
5751 194
5752 226
5753 224
5754 262
5755 199
5756 135
5757 182
5758 236
5759 216
5760 217
5761 155
5762 172
5763 192
5764 190
5765 131
5766 146
5767 113
5768 85
5769 134
5770 106
5771 75
5772 65
5773 63
5774 100
5775 129
5776 111
5777 74
5778 104
5779 182
5780 215
5781 167
5782 187
5783 146
5784 137
5785 102
5786 81
5787 44
5788 40
5789 93
5790 78
5791 86
5792 88
5793 117
5794 134
5795 132
5796 140
5797 98
5798 121
5799 58
5800 52
5801 71
5802 88
5803 120
5804 138
5805 134
5806 145
5807 192
5808 213
5809 242
5810 266
5811 235
5812 175
5813 180
5814 246
5815 212
5816 219
5817 207
5818 196
5819 193
5820 188
5821 160
5822 222
5823 213
5824 257
5825 231
5826 219
5827 254
5828 259
5829 304
5830 293
5831 294
5832 338
5833 271
5834 325
5835 268
5836 319
5837 268
5838 273
5839 222
5840 232
5841 262
5842 311
5843 346
5844 362
5845 411
5846 458
5847 456
5848 411
5849 392
5850 423
5851 386
5852 381
5853 375
5854 311
5855 339
5856 339
5857 350
5858 341
5859 313
5860 297
5861 344
5862 347
5863 376
5864 379
5865 437
5866 510
5867 473
5868 502
5869 474
5870 481
5871 494
5872 443
5873 446
5874 449
5875 390
5876 416
5877 521
5878 523
5879 534
5880 574
5881 637
5882 693
5883 681
5884 697
5885 679
5886 805
5887 783
5888 730
5889 811
5890 824
5891 815
5892 857
5893 828
5894 868
5895 803
5896 800
5897 834
5898 831
5899 804
5900 773
5901 795
5902 857
5903 854
5904 884
5905 858
5906 947
5907 924
5908 903
5909 896
5910 856
5911 899
5912 862
5913 869
5914 846
5915 905
5916 941
5917 938
5918 971
5919 927
5920 890
5921 814
5922 801
5923 803
5924 822
5925 850
5926 881
5927 853
5928 837
5929 802
5930 810
5931 810
5932 821
5933 820
5934 864
5935 829
5936 837
5937 803
5938 825
5939 811
5940 773
5941 760
5942 756
5943 680
5944 635
5945 629
5946 622
5947 596
5948 569
5949 614
5950 644
5951 622
5952 634
5953 636
5954 646
5955 657
5956 654
5957 710
5958 689
5959 744
5960 736
5961 752
5962 776
5963 795
5964 765
5965 802
5966 819
5967 770
5968 730
5969 731
5970 749
5971 776
5972 758
5973 730
5974 777
5975 785
5976 836
5977 912
5978 869
5979 827
5980 801
5981 886
5982 871
5983 863
5984 827
5985 858
5986 867
5987 860
5988 809
5989 837
5990 834
5991 815
5992 801
5993 817
5994 787
5995 812
5996 855
5997 946
5998 941
5999 991
6000 4
6001 977
6002 962
6003 995
6004 989
6005 996
6006 973
6007 47
6008 63
6009 40
6010 45
6011 55
6012 46
6013 58
6014 23
6015 67
6016 62
6017 65
6018 150
6019 233
6020 275
6021 272
6022 265
6023 219
6024 229
6025 251
6026 217
6027 200
6028 217
6029 232
6030 225
6031 224
6032 168
6033 179
6034 155
6035 167
6036 156
6037 181
6038 188
6039 159
6040 164
6041 189
6042 139
6043 113
6044 150
6045 105
6046 162
6047 111
6048 89
6049 144
6050 86
6051 148
6052 121
6053 83
6054 100
6055 60
6056 23
6057 18
6058 49
6059 989
6060 17
6061 52
6062 39
6063 21
6064 79
6065 122
6066 206
6067 171
6068 171
6069 157
6070 149
6071 235
6072 249
6073 247
6074 243
6075 251
6076 313
6077 366
6078 378
6079 410
6080 394
6081 429
6082 409
6083 371
6084 383
6085 393
6086 316
6087 391
6088 355
6089 398
6090 360
6091 396
6092 429
6093 354
6094 313
6095 314
6096 237
6097 260
6098 235
6099 221
6100 278
6101 308
6102 283
6103 309
6104 340
6105 320
6106 340
6107 311
6108 385
6109 337
6110 308
6111 366
6112 304
6113 308
6114 328
6115 241
6116 180
6117 190
6118 192
6119 222
6120 170
6121 184
6122 236
6123 227
6124 228
6125 217
6126 228
6127 192
6128 192
6129 176
6130 174
6131 201
6132 233
6133 271
6134 279
6135 326
6136 347
6137 383
6138 368
6139 391
6140 352
6141 308
6142 284
6143 258
6144 263
6145 275
6146 310
6147 343
6148 314
6149 307
6150 323
6151 375
6152 399
6153 425
6154 450
6155 467
6156 423
6157 452
6158 416
6159 399
6160 379
6161 403
6162 374
6163 347
6164 396
6165 341
6166 340
6167 339
6168 334
6169 280
6170 241
6171 235
6172 231
6173 243
6174 266
6175 325
6176 355
6177 342
6178 297
6179 332
6180 275
6181 235
6182 247
6183 233
6184 220
6185 217
6186 259
6187 253
6188 216
6189 183
6190 169
6191 239
6192 264
6193 217
6194 204
6195 201
6196 171
6197 135
6198 98
6199 96
6200 88
6201 98
6202 88
6203 108
6204 131
6205 163
6206 179
6207 181
6208 143
6209 114
6210 110
6211 95
6212 116
6213 109
6214 79
6215 94
6216 140
6217 135
6218 157
6219 164
6220 171
6221 229
6222 202
6223 241
6224 220
6225 183
6226 129
6227 141
6228 176
6229 167
6230 148
6231 148
6232 150
6233 133
6234 131
6235 127
6236 115
6237 164
6238 170
6239 134
6240 146
6241 133
6242 144
6243 130
6244 142
6245 179
6246 175
6247 204
6248 186
6249 186
6250 217
6251 200
6252 206
6253 228
6254 276
6255 306
6256 323
6257 362
6258 351
6259 357
6260 361
6261 277
6262 237
6263 235
6264 288
6265 303
6266 281
6267 285
6268 302
6269 230
6270 253
6271 264
6272 331
6273 337
6274 270
6275 281
6276 307
6277 258
6278 261
6279 306
6280 321
6281 352
6282 347
6283 308
6284 359
6285 363
6286 324
6287 314
6288 297
6289 306
6290 250
6291 293
6292 222
6293 228
6294 236
6295 268
6296 188
6297 207
6298 226
6299 201
6300 235
6301 186
6302 96
6303 93
6304 69
6305 80
6306 111
6307 109
6308 118
6309 122
6310 104
6311 141
6312 162
6313 156
6314 183
6315 155
6316 207
6317 180
6318 153
6319 200
6320 228
6321 336
6322 348
6323 339
6324 375
6325 462
6326 530
6327 544
6328 620
6329 628
6330 693
6331 670
6332 619
6333 595
6334 583
6335 593
6336 629
6337 668
6338 643
6339 656
6340 662
6341 653
6342 652
6343 649
6344 620
6345 623
6346 663
6347 567
6348 571
6349 582
6350 645
6351 628
6352 620
6353 682
6354 681
6355 666
6356 708
6357 686
6358 654
6359 718
6360 761
6361 720
6362 777
6363 816
6364 855
6365 858
6366 728
6367 747
6368 712
6369 687
6370 664
6371 663
6372 590
6373 580
6374 602
6375 621
6376 622
6377 634
6378 655
6379 719
6380 823
6381 889
6382 891
6383 908
6384 934
6385 921
6386 903
6387 943
6388 972
6389 16
6390 18
6391 962
6392 940
6393 964
6394 933
6395 924
6396 861
6397 812
6398 817
6399 831
6400 853
6401 877
6402 908
6403 922
6404 882
6405 948
6406 997
6407 37
6408 988
6409 980
6410 968
6411 8
6412 19
6413 57
6414 62
6415 45
6416 18
6417 5
6418 67
6419 128
6420 160
6421 175
6422 234
6423 185
6424 180
6425 217
6426 285
6427 249
6428 241
6429 298
6430 225
6431 259
6432 307
6433 326
6434 329
6435 377
6436 356
6437 338
6438 347
6439 339
6440 337
6441 313
6442 318
6443 331
6444 302
6445 277
6446 273
6447 302
6448 343
6449 371
6450 389
6451 420
6452 415
6453 421
6454 405
6455 404
6456 374
6457 409
6458 358
6459 331
6460 389
6461 384
6462 398
6463 375
6464 354
6465 314
6466 392
6467 315
6468 328
6469 326
6470 363
6471 405
6472 440
6473 428
6474 424
6475 416
6476 377
6477 380
6478 402
6479 456
6480 421
6481 403
6482 409
6483 441
6484 438
6485 393
6486 362
6487 385
6488 403
6489 438
6490 421
6491 470
6492 519
6493 504
6494 531
6495 543
6496 601
6497 639
6498 680
6499 718
6500 709
6501 772
6502 788
6503 779
6504 789
6505 748
6506 806
6507 799
6508 766
6509 788
6510 773
6511 785
6512 814
6513 812
6514 823
6515 807
6516 781
6517 737
6518 751
6519 766
6520 765
6521 773
6522 769
6523 788
6524 782
6525 745
6526 710
6527 740
6528 716
6529 761
6530 745
6531 758
6532 772
6533 812
6534 785
6535 765
6536 791
6537 808
6538 800
6539 850
6540 849
6541 865
6542 860
6543 862
6544 858
6545 857
6546 856
6547 842
6548 828
6549 816
6550 857
6551 880
6552 865
6553 876
6554 910
6555 911
6556 919
6557 898
6558 887
6559 871
6560 814
6561 834
6562 855
6563 843
6564 857
6565 857
6566 851
6567 860
6568 836
6569 839
6570 830
6571 806
6572 793
6573 778
6574 803
6575 785
6576 778
6577 821
6578 816
6579 807
6580 791
6581 807
6582 801
6583 823
6584 855
6585 854
6586 864
6587 874
6588 889
6589 872
6590 877
6591 859
6592 860
6593 856
6594 882
6595 894
6596 833
6597 838
6598 843
6599 844
6600 864
6601 861
6602 880
6603 893
6604 884
6605 882
6606 903
6607 906
6608 898
6609 881
6610 891
6611 904
6612 871
6613 885
6614 878
6615 858
6616 858
6617 860
6618 866
6619 866
6620 863
6621 850
6622 849
6623 872
6624 877
6625 885
6626 904
6627 897
6628 898
6629 883
6630 868
6631 864
6632 832
6633 845
6634 846
6635 845
6636 861
6637 862
6638 871
6639 862
6640 849
6641 850
6642 842
6643 852
6644 862
6645 877
6646 863
6647 845
6648 849
6649 859
6650 835
6651 798
6652 776
6653 821
6654 828
6655 852
6656 862
6657 878
6658 867
6659 884
6660 891
6661 894
6662 894
6663 901
6664 918
6665 913
6666 908
6667 898
6668 918
6669 917
6670 903
6671 922
6672 946
6673 948
6674 940
6675 948
6676 952
6677 943
6678 967
6679 967
6680 956
6681 933
6682 936
6683 923
6684 919
6685 920
6686 935
6687 929
6688 948
6689 939
6690 921
6691 953
6692 962
6693 969
6694 978
6695 987
6696 970
6697 965
6698 966
6699 955
6700 972
6701 975
6702 987
6703 978
6704 974
6705 951
6706 941
6707 932
6708 934
6709 930
6710 941
6711 936
6712 951
6713 946
6714 950
6715 931
6716 938
6717 942
6718 946
6719 954
6720 941
6721 942
6722 922
6723 924
6724 908
6725 922
6726 925
6727 922
6728 905
6729 889
6730 875
6731 885
6732 882
6733 889
6734 886
6735 899
6736 892
6737 885
6738 882
6739 904
6740 904
6741 905
6742 900
6743 891
6744 888
6745 893
6746 907
6747 905
6748 903
6749 910
6750 899
6751 894
6752 887
6753 877
6754 888
6755 903
6756 910
6757 901
6758 903
6759 910
6760 952
6761 968
6762 930
6763 933
6764 929
6765 909
6766 934
6767 949
6768 968
6769 961
6770 951
6771 954
6772 947
6773 936
6774 952
6775 946
6776 960
6777 946
6778 942
6779 939
6780 942
6781 932
6782 935
6783 948
6784 968
6785 992
6786 980
6787 980
6788 979
6789 979
6790 979
6791 957
6792 964
6793 996
6794 976
6795 957
6796 956
6797 950
6798 960
6799 974
6800 947
6801 948
6802 942
6803 912
6804 901
6805 894
6806 906
6807 891
6808 894
6809 896
6810 887
6811 882
6812 887
6813 895
6814 879
6815 870
6816 865
6817 858
6818 849
6819 856
6820 858
6821 845
6822 857
6823 838
6824 828
6825 814
6826 834
6827 822
6828 827
6829 809
6830 814
6831 803
6832 792
6833 769
6834 765
6835 765
6836 781
6837 775
6838 785
6839 767
6840 794
6841 799
6842 792
6843 801
6844 768
6845 757
6846 767
6847 787
6848 799
6849 836
6850 856
6851 844
6852 796
6853 811
6854 794
6855 808
6856 835
6857 837
6858 824
6859 824
6860 817
6861 834
6862 826
6863 833
6864 851
6865 855
6866 877
6867 862
6868 866
6869 877
6870 850
6871 819
6872 825
6873 837
6874 829
6875 837
6876 809
6877 832
6878 852
6879 847
6880 855
6881 859
6882 857
6883 877
6884 885
6885 881
6886 895
6887 887
6888 899
6889 883
6890 867
6891 874
6892 876
6893 887
6894 887
6895 874
6896 858
6897 859
6898 851
6899 854
6900 850
6901 866
6902 884
6903 906
6904 901
6905 911
6906 918
6907 931
6908 936
6909 910
6910 897
6911 881
6912 872
6913 873
6914 858
6915 847
6916 844
6917 859
6918 837
6919 849
6920 846
6921 840
6922 831
6923 827
6924 832
6925 837
6926 843
6927 850
6928 848
6929 814
6930 830
6931 825
6932 835
6933 845
6934 836
6935 856
6936 860
6937 872
6938 878
6939 875
6940 902
6941 899
6942 899
6943 919
6944 942
6945 956
6946 945
6947 937
6948 964
6949 970
6950 966
6951 954
6952 968
6953 982
6954 964
6955 966
6956 963
6957 956
6958 953
6959 951
6960 936
6961 940
6962 934
6963 948
6964 948
6965 952
6966 955
6967 938
6968 931
6969 931
6970 940
6971 944
6972 931
6973 936
6974 950
6975 958
6976 937
6977 918
6978 915
6979 934
6980 925
6981 933
6982 933
6983 955
6984 944
6985 936
6986 942
6987 957
6988 969
6989 983
6990 992
6991 976
6992 957
6993 950
6994 944
6995 918
6996 911
6997 889
6998 887
6999 885
7000 886
7001 887
7002 882
7003 878
7004 883
7005 848
7006 837
7007 820
7008 828
7009 831
7010 835
7011 840
7012 857
7013 864
7014 876
7015 869
7016 865
7017 868
7018 840
7019 859
7020 879
7021 907
7022 901
7023 881
7024 887
7025 890
7026 902
7027 919
7028 909
7029 920
7030 913
7031 937
7032 960
7033 976
7034 960
7035 937
7036 932
7037 949
7038 925
7039 915
7040 897
7041 872
7042 868
7043 878
7044 895
7045 888
7046 878
7047 879
7048 896
7049 893
7050 902
7051 914
7052 912
7053 909
7054 909
7055 884
7056 886
7057 861
7058 849
7059 833
7060 849
7061 848
7062 870
7063 898
7064 873
7065 855
7066 861
7067 843
7068 855
7069 854
7070 854
7071 845
7072 844
7073 844
7074 837
7075 827
7076 834
7077 838
7078 823
7079 814
7080 809
7081 793
7082 785
7083 792
7084 788
7085 818
7086 834
7087 804
7088 807
7089 801
7090 793
7091 796
7092 779
7093 801
7094 790
7095 789
7096 783
7097 790
7098 760
7099 791
7100 810
7101 780
7102 787
7103 812
7104 832
7105 852
7106 817
7107 791
7108 786
7109 803
7110 803
7111 768
7112 746
7113 748
7114 754
7115 748
7116 753
7117 746
7118 752
7119 737
7120 712
7121 696
7122 696
7123 709
7124 715
7125 721
7126 725
7127 748
7128 779
7129 795
7130 802
7131 796
7132 829
7133 822
7134 801
7135 799
7136 796
7137 805
7138 821
7139 826
7140 835
7141 822
7142 844
7143 862
7144 865
7145 885
7146 890
7147 874
7148 870
7149 889
7150 867
7151 874
7152 872
7153 870
7154 868
7155 843
7156 848
7157 837
7158 852
7159 856
7160 837
7161 847
7162 839
7163 851
7164 850
7165 862
7166 873
7167 880
7168 896
7169 906
7170 924
7171 932
7172 908
7173 898
7174 893
7175 904
7176 904
7177 908
7178 922
7179 918
7180 916
7181 916
7182 914
7183 912
7184 914
7185 900
7186 900
7187 905
7188 902
7189 911
7190 909
7191 909
7192 928
7193 913
7194 912
7195 905
7196 892
7197 886
7198 885
7199 900
7200 886
7201 894
7202 909
7203 934
7204 934
7205 924
7206 928
7207 924
7208 909
7209 916
7210 913
7211 917
7212 928
7213 933
7214 948
7215 946
7216 958
7217 948
7218 939
7219 945
7220 937
7221 930
7222 927
7223 915
7224 909
7225 902
7226 889
7227 882
7228 887
7229 893
7230 902
7231 896
7232 893
7233 884
7234 866
7235 866
7236 846
7237 828
7238 824
7239 805
7240 802
7241 793
7242 797
7243 803
7244 777
7245 788
7246 796
7247 812
7248 778
7249 780
7250 761
7251 789
7252 769
7253 801
7254 816
7255 810
7256 775
7257 780
7258 768
7259 769
7260 758
7261 740
7262 745
7263 751
7264 770
7265 782
7266 788
7267 789
7268 799
7269 792
7270 787
7271 793
7272 789
7273 786
7274 785
7275 806
7276 777
7277 785
7278 779
7279 776
7280 755
7281 747
7282 764
7283 761
7284 772
7285 760
7286 775
7287 774
7288 759
7289 767
7290 762
7291 752
7292 746
7293 766
7294 760
7295 763
7296 766
7297 786
7298 792
7299 796
7300 801
7301 797
7302 797
7303 814
7304 833
7305 825
7306 830
7307 821
7308 849
7309 849
7310 865
7311 880
7312 879
7313 870
7314 866
7315 854
7316 869
7317 839
7318 838
7319 838
7320 851
7321 854
7322 860
7323 843
7324 849
7325 846
7326 849
7327 851
7328 850
7329 861
7330 878
7331 874
7332 898
7333 920
7334 895
7335 885
7336 894
7337 886
7338 881
7339 873
7340 891
7341 899
7342 905
7343 899
7344 898
7345 891
7346 912
7347 914
7348 917
7349 919
7350 912
7351 900
7352 911
7353 932
7354 934
7355 931
7356 924
7357 926
7358 925
7359 914
7360 928
7361 922
7362 916
7363 926
7364 916
7365 925
7366 912
7367 903
7368 906
7369 927
7370 927
7371 923
7372 926
7373 947
7374 933
7375 938
7376 959
7377 950
7378 952
7379 966
7380 962
7381 966
7382 972
7383 974
7384 981
7385 1
7386 0
7387 1
7388 0
7389 998
7390 997
7391 996
7392 17
7393 23
7394 14
7395 11
7396 16
7397 12
7398 10
7399 998
7400 3
7401 992
7402 985
7403 988
7404 996
7405 993
7406 985
7407 984
7408 983
7409 976
7410 971
7411 974
7412 973
7413 958
7414 959
7415 974
7416 957
7417 946
7418 952
7419 979
7420 980
7421 980
7422 981
7423 981
7424 982
7425 988
7426 985
7427 988
7428 991
7429 986
7430 986
7431 995
7432 0
7433 1
7434 18
7435 16
7436 12
7437 11
7438 11
7439 33
7440 24
7441 45
7442 46
7443 47
7444 41
7445 49
7446 54
7447 72
7448 67
7449 44
7450 48
7451 63
7452 46
7453 50
7454 56
7455 46
7456 57
7457 57
7458 50
7459 45
7460 51
7461 56
7462 58
7463 58
7464 63
7465 49
7466 34
7467 37
7468 37
7469 40
7470 53
7471 75
7472 78
7473 89
7474 69
7475 49
7476 65
7477 56
7478 54
7479 81
7480 85
7481 97
7482 98
7483 94
7484 105
7485 95
7486 103
7487 119
7488 128
7489 137
7490 147
7491 146
7492 122
7493 121
7494 142
7495 136
7496 142
7497 148
7498 180
7499 185
7500 193
7501 202
7502 218
7503 209
7504 200
7505 223
7506 182
7507 190
7508 201
7509 199
7510 189
7511 175
7512 184
7513 177
7514 186
7515 182
7516 175
7517 170
7518 177
7519 163
7520 161
7521 167
7522 165
7523 152
7524 173
7525 157
7526 151
7527 164
7528 151
7529 136
7530 137
7531 133
7532 137
7533 126
7534 135
7535 132
7536 128
7537 129
7538 131
7539 152
7540 155
7541 160
7542 158
7543 161
7544 143
7545 136
7546 147
7547 138
7548 117
7549 116
7550 133
7551 104
7552 107
7553 123
7554 114
7555 118
7556 115
7557 114
7558 102
7559 93
7560 100
7561 91
7562 95
7563 99
7564 109
7565 102
7566 111
7567 128
7568 120
7569 117
7570 128
7571 121
7572 112
7573 126
7574 137
7575 140
7576 139
7577 136
7578 133
7579 142
7580 155
7581 177
7582 155
7583 152
7584 161
7585 159
7586 153
7587 147
7588 164
7589 170
7590 175
7591 162
7592 163
7593 174
7594 215
7595 213
7596 223
7597 196
7598 168
7599 183
7600 194
7601 202
7602 210
7603 217
7604 220
7605 209
7606 209
7607 196
7608 219
7609 207
7610 185
7611 202
7612 176
7613 175
7614 165
7615 147
7616 131
7617 131
7618 143
7619 125
7620 113
7621 112
7622 124
7623 144
7624 152
7625 176
7626 151
7627 132
7628 132
7629 117
7630 133
7631 104
7632 93
7633 83
7634 88
7635 75
7636 65
7637 73
7638 63
7639 59
7640 71
7641 79
7642 78
7643 78
7644 63
7645 66
7646 81
7647 70
7648 52
7649 56
7650 54
7651 66
7652 52
7653 43
7654 47
7655 42
7656 46
7657 57
7658 61
7659 64
7660 77
7661 77
7662 77
7663 73
7664 68
7665 63
7666 61
7667 64
7668 59
7669 76
7670 62
7671 76
7672 75
7673 82
7674 65
7675 57
7676 34
7677 27
7678 12
7679 30
7680 15
7681 12
7682 8
7683 7
7684 12
7685 15
7686 15
7687 10
7688 6
7689 4
7690 997
7691 0
7692 1
7693 8
7694 17
7695 15
7696 11
7697 10
7698 5
7699 2
7700 1
7701 3
7702 5
7703 6
7704 5
7705 10
7706 8
7707 8
7708 8
7709 8
7710 13
7711 7
7712 6
7713 2
7714 7
7715 5
7716 4
7717 5
7718 8
7719 8
7720 8
7721 0
7722 2
7723 1
7724 0
7725 0
7726 0
7727 1
7728 1
7729 5
7730 5
7731 3
7732 2
7733 3
7734 1
7735 999
7736 997
7737 997
7738 993
7739 987
7740 984
7741 980
7742 980
7743 974
7744 965
7745 954
7746 950
7747 945
7748 950
7749 957
7750 939
7751 944
7752 940
7753 949
7754 952
7755 955
7756 956
7757 954
7758 943
7759 927
7760 929
7761 933
7762 931
7763 935
7764 919
7765 914
7766 921
7767 911
7768 908
7769 883
7770 866
7771 884
7772 892
7773 894
7774 890
7775 904
7776 896
7777 910
7778 888
7779 877
7780 858
7781 854
7782 869
7783 863
7784 861
7785 840
7786 855
7787 867
7788 854
7789 848
7790 870
7791 848
7792 851
7793 856
7794 840
7795 842
7796 821
7797 836
7798 830
7799 810
7800 806
7801 816
7802 814
7803 824
7804 818
7805 822
7806 806
7807 803
7808 813
7809 830
7810 833
7811 838
7812 834
7813 826
7814 812
7815 825
7816 837
7817 841
7818 845
7819 842
7820 844
7821 829
7822 832
7823 839
7824 829
7825 824
7826 817
7827 837
7828 843
7829 847
7830 868
7831 856
7832 834
7833 842
7834 825
7835 842
7836 841
7837 857
7838 854
7839 858
7840 849
7841 856
7842 842
7843 835
7844 829
7845 822
7846 827
7847 823
7848 810
7849 808
7850 801
7851 808
7852 791
7853 790
7854 800
7855 809
7856 815
7857 810
7858 797
7859 815
7860 838
7861 839
7862 861
7863 837
7864 819
7865 812
7866 812
7867 808
7868 788
7869 796
7870 786
7871 757
7872 766
7873 759
7874 755
7875 753
7876 733
7877 731
7878 738
7879 751
7880 729
7881 724
7882 704
7883 695
7884 696
7885 710
7886 697
7887 691
7888 689
7889 711
7890 708
7891 711
7892 686
7893 726
7894 730
7895 732
7896 740
7897 746
7898 749
7899 753
7900 770
7901 813
7902 812
7903 832
7904 867
7905 862
7906 849
7907 846
7908 853
7909 883
7910 883
7911 897
7912 907
7913 911
7914 907
7915 924
7916 921
7917 940
7918 945
7919 945
7920 955
7921 965
7922 967
7923 974
7924 975
7925 975
7926 973
7927 980
7928 986
7929 977
7930 981
7931 979
7932 979
7933 979
7934 979
7935 989
7936 986
7937 983
7938 981
7939 978
7940 983
7941 986
7942 982
7943 982
7944 984
7945 982
7946 980
7947 972
7948 975
7949 981
7950 982
7951 979
7952 986
7953 983
7954 978
7955 986
7956 986
7957 998
7958 1
7959 14
7960 27
7961 46
7962 49
7963 40
7964 41
7965 36
7966 45
7967 38
7968 39
7969 41
7970 34
7971 35
7972 37
7973 33
7974 32
7975 29
7976 26
7977 19
7978 29
7979 34
7980 35
7981 32
7982 30
7983 37
7984 35
7985 31
7986 36
7987 47
7988 53
7989 51
7990 51
7991 55
7992 60
7993 49
7994 55
7995 52
7996 55
7997 54
7998 56
7999 69
8000 63
8001 66
8002 64
8003 65
8004 57
8005 62
8006 70
8007 72
8008 55
8009 52
8010 44
8011 44
8012 45
8013 37
8014 31
8015 39
8016 36
8017 19
8018 26
8019 24
8020 21
8021 18
8022 13
8023 26
8024 23
8025 16
8026 18
8027 21
8028 26
8029 28
8030 39
8031 57
8032 58
8033 49
8034 63
8035 55
8036 59
8037 75
8038 64
8039 55
8040 44
8041 40
8042 41
8043 47
8044 43
8045 45
8046 43
8047 44
8048 44
8049 51
8050 51
8051 54
8052 55
8053 46
8054 54
8055 51
8056 51
8057 61
8058 56
8059 62
8060 69
8061 68
8062 79
8063 83
8064 93
8065 116
8066 124
8067 121
8068 118
8069 113
8070 125
8071 138
8072 159
8073 157
8074 147
8075 157
8076 147
8077 130
8078 130
8079 139
8080 142
8081 152
8082 140
8083 133
8084 143
8085 154
8086 174
8087 160
8088 168
8089 179
8090 188
8091 204
8092 216
8093 203
8094 200
8095 208
8096 208
8097 229
8098 226
8099 236
8100 268
8101 270
8102 273
8103 252
8104 254
8105 256
8106 244
8107 264
8108 253
8109 245
8110 233
8111 243
8112 223
8113 196
8114 194
8115 179
8116 186
8117 195
8118 176
8119 186
8120 176
8121 168
8122 170
8123 173
8124 167
8125 178
8126 167
8127 178
8128 161
8129 159
8130 146
8131 138
8132 135
8133 130
8134 104
8135 109
8136 112
8137 116
8138 115
8139 124
8140 101
8141 92
8142 103
8143 107
8144 106
8145 98
8146 82
8147 87
8148 79
8149 60
8150 58
8151 55
8152 57
8153 51
8154 61
8155 53
8156 62
8157 59
8158 76
8159 78
8160 77
8161 70
8162 65
8163 52
8164 55
8165 56
8166 68
8167 63
8168 57
8169 63
8170 62
8171 55
8172 64
8173 49
8174 57
8175 58
8176 68
8177 60
8178 47
8179 45
8180 42
8181 37
8182 26
8183 28
8184 31
8185 30
8186 43
8187 46
8188 55
8189 58
8190 59
8191 63
8192 70
8193 68
8194 79
8195 82
8196 82
8197 87
8198 89
8199 90
8200 99
8201 99
8202 97
8203 98
8204 92
8205 94
8206 107
8207 109
8208 110
8209 99
8210 117
8211 128
8212 119
8213 111
8214 114
8215 132
8216 141
8217 141
8218 127
8219 123
8220 112
8221 110
8222 116
8223 102
8224 110
8225 90
8226 98
8227 108
8228 110
8229 125
8230 134
8231 139
8232 146
8233 158
8234 174
8235 175
8236 157
8237 145
8238 141
8239 138
8240 134
8241 108
8242 99
8243 99
8244 92
8245 85
8246 88
8247 86
8248 74
8249 72
8250 74
8251 83
8252 73
8253 70
8254 65
8255 77
8256 73
8257 75
8258 68
8259 67
8260 71
8261 78
8262 76
8263 81
8264 93
8265 91
8266 84
8267 105
8268 116
8269 110
8270 101
8271 103
8272 109
8273 119
8274 125
8275 126
8276 128
8277 146
8278 154
8279 163
8280 162
8281 176
8282 177
8283 180
8284 180
8285 200
8286 198
8287 192
8288 197
8289 190
8290 184
8291 164
8292 193
8293 182
8294 179
8295 203
8296 205
8297 217
8298 212
8299 213
8300 219
8301 209
8302 214
8303 213
8304 232
8305 211
8306 211
8307 220
8308 213
8309 222
8310 209
8311 205
8312 176
8313 191
8314 205
8315 177
8316 180
8317 178
8318 182
8319 178
8320 177
8321 169
8322 168
8323 178
8324 188
8325 182
8326 151
8327 156
8328 160
8329 157
8330 158
8331 143
8332 139
8333 123
8334 118
8335 123
8336 107
8337 103
8338 100
8339 95
8340 102
8341 112
8342 118
8343 106
8344 103
8345 121
8346 134
8347 162
8348 166
8349 145
8350 151
8351 153
8352 160
8353 155
8354 172
8355 175
8356 160
8357 170
8358 163
8359 167
8360 192
8361 189
8362 181
8363 163
8364 151
8365 160
8366 144
8367 165
8368 177
8369 187
8370 171
8371 164
8372 198
8373 195
8374 190
8375 186
8376 195
8377 191
8378 203
8379 211
8380 204
8381 172
8382 181
8383 201
8384 218
8385 238
8386 219
8387 224
8388 258
8389 227
8390 229
8391 235
8392 238
8393 218
8394 236
8395 227
8396 207
8397 194
8398 188
8399 188
8400 169
8401 170
8402 167
8403 139
8404 123
8405 135
8406 140
8407 139
8408 135
8409 144
8410 146
8411 143
8412 130
8413 125
8414 133
8415 119
8416 115
8417 114
8418 92
8419 90
8420 81
8421 84
8422 84
8423 75
8424 83
8425 75
8426 68
8427 66
8428 62
8429 65
8430 48
8431 37
8432 35
8433 43
8434 59
8435 56
8436 63
8437 68
8438 46
8439 49
8440 28
8441 45
8442 40
8443 17
8444 41
8445 35
8446 25
8447 20
8448 13
8449 19
8450 14
8451 12
8452 984
8453 5
8454 999
8455 981
8456 967
8457 973
8458 990
8459 974
8460 964
8461 993
8462 10
8463 16
8464 24
8465 35
8466 47
8467 47
8468 44
8469 55
8470 48
8471 49
8472 43
8473 47
8474 36
8475 34
8476 37
8477 51
8478 42
8479 41
8480 34
8481 20
8482 29
8483 5
8484 981
8485 987
8486 983
8487 997
8488 6
8489 978
8490 971
8491 954
8492 981
8493 974
8494 974
8495 991
8496 989
8497 8
8498 993
8499 979
8500 954
8501 950
8502 931
8503 939
8504 944
8505 944
8506 921
8507 944
8508 937
8509 959
8510 974
8511 975
8512 968
8513 948
8514 944
8515 940
8516 942
8517 943
8518 928
8519 904
8520 909
8521 928
8522 930
8523 929
8524 931
8525 930
8526 916
8527 907
8528 883
8529 881
8530 876
8531 869
8532 871
8533 891
8534 889
8535 895
8536 892
8537 889
8538 906
8539 901
8540 903
8541 913
8542 930
8543 920
8544 912
8545 908
8546 895
8547 925
8548 913
8549 910
8550 911
8551 910
8552 901
8553 889
8554 873
8555 875
8556 886
8557 899
8558 881
8559 888
8560 901
8561 876
8562 885
8563 882
8564 889
8565 883
8566 870
8567 886
8568 870
8569 890
8570 898
8571 912
8572 923
8573 943
8574 950
8575 961
8576 931
8577 927
8578 961
8579 960
8580 958
8581 967
8582 990
8583 966
8584 956
8585 956
8586 950
8587 966
8588 956
8589 923
8590 924
8591 955
8592 929
8593 946
8594 937
8595 931
8596 955
8597 971
8598 972
8599 978
8600 980
8601 981
8602 980
8603 978
8604 971
8605 969
8606 955
8607 980
8608 954
8609 948
8610 948
8611 959
8612 942
8613 962
8614 948
8615 930
8616 920
8617 931
8618 908
8619 893
8620 857
8621 887
8622 921
8623 933
8624 914
8625 937
8626 963
8627 951
8628 934
8629 956
8630 961
8631 978
8632 985
8633 1
8634 5
8635 972
8636 979
8637 981
8638 972
8639 977
8640 963
8641 966
8642 963
8643 961
8644 945
8645 921
8646 930
8647 932
8648 940
8649 921
8650 916
8651 926
8652 940
8653 920
8654 905
8655 896
8656 910
8657 902
8658 894
8659 902
8660 889
8661 911
8662 891
8663 897
8664 910
8665 910
8666 939
8667 938
8668 961
8669 952
8670 998
8671 19
8672 14
8673 29
8674 37
8675 53
8676 25
8677 990
8678 974
8679 998
8680 9
8681 16
8682 6
8683 23
8684 11
8685 34
8686 18
8687 8
8688 3
8689 996
8690 995
8691 997
8692 995
8693 992
8694 996
8695 946
8696 944
8697 924
8698 911
8699 907
8700 927
8701 929
8702 951
8703 977
8704 970
8705 998
8706 996
8707 974
8708 964
8709 943
8710 952
8711 974
8712 964
8713 948
8714 943
8715 952
8716 974
8717 951
8718 945
8719 942
8720 941
8721 961
8722 1
8723 13
8724 27
8725 26
8726 57
8727 66
8728 66
8729 54
8730 63
8731 68
8732 40
8733 38
8734 48
8735 50
8736 44
8737 37
8738 57
8739 59
8740 54
8741 90
8742 67
8743 70
8744 84
8745 118
8746 132
8747 122
8748 142
8749 149
8750 128
8751 123
8752 123
8753 125
8754 136
8755 162
8756 188
8757 175
8758 222
8759 201
8760 197
8761 200
8762 216
8763 200
8764 209
8765 236
8766 212
8767 224
8768 245
8769 219
8770 251
8771 222
8772 208
8773 207
8774 209
8775 253
8776 280
8777 265
8778 253
8779 281
8780 218
8781 244
8782 245
8783 273
8784 245
8785 235
8786 217
8787 193
8788 192
8789 200
8790 196
8791 169
8792 175
8793 184
8794 196
8795 176
8796 145
8797 129
8798 105
8799 68
8800 69
8801 51
8802 55
8803 39
8804 980
8805 970
8806 933
8807 934
8808 928
8809 903
8810 909
8811 919
8812 874
8813 880
8814 862
8815 825
8816 854
8817 837
8818 867
8819 817
8820 864
8821 839
8822 854
8823 872
8824 907
8825 926
8826 957
8827 972
8828 995
8829 19
8830 995
8831 950
8832 981
8833 978
8834 975
8835 977
8836 973
8837 943
8838 989
8839 996
8840 0
8841 4
8842 970
8843 976
8844 990
8845 22
8846 989
8847 964
8848 948
8849 934
8850 931
8851 897
8852 923
8853 896
8854 893
8855 856
8856 813
8857 830
8858 819
8859 821
8860 836
8861 843
8862 850
8863 830
8864 797
8865 801
8866 830
8867 845
8868 817
8869 854
8870 866
8871 846
8872 833
8873 804
8874 812
8875 821
8876 847
8877 836
8878 910
8879 905
8880 900
8881 865
8882 881
8883 901
8884 883
8885 920
8886 922
8887 958
8888 937
8889 898
8890 871
8891 820
8892 808
8893 803
8894 791
8895 823
8896 832
8897 872
8898 878
8899 835
8900 790
8901 781
8902 782
8903 829
8904 891
8905 922
8906 927
8907 933
8908 908
8909 883
8910 873
8911 851
8912 849
8913 888
8914 870
8915 938
8916 939
8917 920
8918 936
8919 917
8920 936
8921 994
8922 29
8923 39
8924 58
8925 67
8926 55
8927 67
8928 62
8929 67
8930 30
8931 12
8932 52
8933 47
8934 29
8935 31
8936 979
8937 13
8938 5
8939 21
8940 26
8941 12
8942 19
8943 53
8944 79
8945 83
8946 66
8947 45
8948 66
8949 70
8950 45
8951 29
8952 23
8953 5
8954 999
8955 2
8956 52
8957 51
8958 45
8959 45
8960 17
8961 984
8962 946
8963 983
8964 966
8965 962
8966 955
8967 958
8968 923
8969 931
8970 914
8971 936
8972 951
8973 965
8974 975
8975 5
8976 27
8977 25
8978 47
8979 50
8980 20
8981 3
8982 22
8983 62
8984 67
8985 86
8986 88
8987 83
8988 75
8989 79
8990 51
8991 28
8992 36
8993 26
8994 19
8995 23
8996 16
8997 13
8998 28
8999 2
9000 26
9001 23
9002 25
9003 30
9004 59
9005 102
9006 87
9007 70
9008 72
9009 90
9010 70
9011 65
9012 81
9013 58
9014 70
9015 12
9016 23
9017 28
9018 999
9019 981
9020 971
9021 987
9022 987
9023 974
9024 925
9025 938
9026 948
9027 4
9028 980
9029 975
9030 999
9031 4
9032 12
9033 5
9034 5
9035 985
9036 41
9037 89
9038 110
9039 86
9040 85
9041 70
9042 51
9043 36
9044 38
9045 27
9046 971
9047 969
9048 924
9049 904
9050 945
9051 884
9052 902
9053 883
9054 884
9055 894
9056 932
9057 917
9058 912
9059 888
9060 893
9061 868
9062 865
9063 832
9064 878
9065 815
9066 815
9067 853
9068 818
9069 806
9070 816
9071 820
9072 821
9073 858
9074 832
9075 769
9076 822
9077 783
9078 796
9079 809
9080 820
9081 837
9082 843
9083 806
9084 779
9085 783
9086 763
9087 775
9088 750
9089 725
9090 694
9091 667
9092 691
9093 677
9094 659
9095 658
9096 682
9097 704
9098 691
9099 697
9100 733
9101 721
9102 730
9103 756
9104 750
9105 740
9106 768
9107 755
9108 784
9109 772
9110 798
9111 777
9112 790
9113 756
9114 753
9115 764
9116 776
9117 764
9118 758
9119 795
9120 812
9121 837
9122 859
9123 882
9124 902
9125 911
9126 962
9127 915
9128 948
9129 941
9130 900
9131 874
9132 868
9133 898
9134 901
9135 898
9136 882
9137 873
9138 874
9139 902
9140 928
9141 910
9142 893
9143 912
9144 908
9145 875
9146 879
9147 855
9148 848
9149 839
9150 852
9151 827
9152 819
9153 819
9154 805
9155 806
9156 786
9157 799
9158 813
9159 841
9160 807
9161 848
9162 834
9163 846
9164 877
9165 857
9166 853
9167 843
9168 859
9169 860
9170 848
9171 846
9172 844
9173 861
9174 861
9175 866
9176 870
9177 869
9178 871
9179 850
9180 844
9181 882
9182 898
9183 908
9184 935
9185 932
9186 924
9187 910
9188 920
9189 941
9190 921
9191 925
9192 904
9193 900
9194 910
9195 883
9196 890
9197 899
9198 904
9199 944
9200 956
9201 965
9202 955
9203 918
9204 937
9205 926
9206 946
9207 933
9208 932
9209 908
9210 893
9211 872
9212 884
9213 857
9214 870
9215 886
9216 862
9217 841
9218 828
9219 855
9220 846
9221 861
9222 851
9223 835
9224 845
9225 854
9226 830
9227 841
9228 800
9229 814
9230 810
9231 790
9232 781
9233 800
9234 777
9235 750
9236 744
9237 756
9238 758
9239 727
9240 722
9241 707
9242 741
9243 738
9244 703
9245 747
9246 728
9247 746
9248 753
9249 751
9250 732
9251 703
9252 719
9253 706
9254 706
9255 678
9256 702
9257 721
9258 744
9259 759
9260 738
9261 787
9262 763
9263 759
9264 720
9265 738
9266 740
9267 738
9268 717
9269 703
9270 723
9271 749
9272 716
9273 693
9274 697
9275 664
9276 677
9277 715
9278 696
9279 667
9280 687
9281 715
9282 708
9283 692
9284 629
9285 631
9286 609
9287 606
9288 590
9289 593
9290 567
9291 589
9292 599
9293 567
9294 540
9295 562
9296 558
9297 595
9298 556
9299 563
9300 603
9301 587
9302 556
9303 590
9304 579
9305 618
9306 616
9307 598
9308 618
9309 590
9310 591
9311 573
9312 526
9313 544
9314 596
9315 585
9316 553
9317 597
9318 637
9319 656
9320 614
9321 636
9322 621
9323 636
9324 619
9325 608
9326 631
9327 651
9328 662
9329 661
9330 609
9331 581
9332 548
9333 582
9334 663
9335 683
9336 650
9337 669
9338 690
9339 637
9340 589
9341 615
9342 625
9343 672
9344 696
9345 695
9346 670
9347 663
9348 634
9349 638
9350 613
9351 663
9352 667
9353 690
9354 695
9355 672
9356 674
9357 689
9358 699
9359 729
9360 668
9361 675
9362 653
9363 617
9364 600
9365 612
9366 633
9367 585
9368 571
9369 532
9370 491
9371 476
9372 461
9373 465
9374 453
9375 458
9376 452
9377 448
9378 437
9379 413
9380 428
9381 462
9382 478
9383 470
9384 470
9385 467
9386 475
9387 468
9388 474
9389 516
9390 576
9391 599
9392 568
9393 549
9394 551
9395 507
9396 501
9397 511
9398 537
9399 554
9400 548
9401 566
9402 557
9403 548
9404 534
9405 531
9406 535
9407 535
9408 563
9409 544
9410 543
9411 543
9412 502
9413 491
9414 501
9415 483
9416 506
9417 503
9418 524
9419 542
9420 535
9421 550
9422 552
9423 551
9424 529
9425 551
9426 549
9427 568
9428 560
9429 545
9430 570
9431 518
9432 513
9433 520
9434 523
9435 532
9436 502
9437 511
9438 523
9439 569
9440 580
9441 585
9442 592
9443 590
9444 597
9445 592
9446 620
9447 632
9448 617
9449 637
9450 630
9451 624
9452 617
9453 641
9454 615
9455 627
9456 654
9457 624
9458 629
9459 610
9460 601
9461 555
9462 545
9463 556
9464 555
9465 549
9466 513
9467 516
9468 531
9469 503
9470 482
9471 474
9472 485
9473 502
9474 500
9475 487
9476 494
9477 460
9478 463
9479 446
9480 423
9481 406
9482 427
9483 430
9484 436
9485 422
9486 414
9487 401
9488 403
9489 414
9490 391
9491 364
9492 375
9493 345
9494 360
9495 353
9496 339
9497 331
9498 331
9499 337
9500 369
9501 354
9502 375
9503 368
9504 375
9505 370
9506 364
9507 339
9508 321
9509 327
9510 311
9511 334
9512 316
9513 347
9514 322
9515 351
9516 298
9517 285
9518 300
9519 295
9520 308
9521 305
9522 372
9523 391
9524 363
9525 380
9526 443
9527 473
9528 477
9529 497
9530 477
9531 487
9532 491
9533 524
9534 547
9535 551
9536 578
9537 603
9538 618
9539 625
9540 616
9541 607
9542 657
9543 645
9544 657
9545 642
9546 650
9547 663
9548 646
9549 682
9550 688
9551 671
9552 676
9553 672
9554 679
9555 656
9556 626
9557 620
9558 628
9559 617
9560 617
9561 554
9562 557
9563 567
9564 560
9565 566
9566 602
9567 611
9568 620
9569 625
9570 616
9571 613
9572 617
9573 621
9574 589
9575 588
9576 573
9577 535
9578 515
9579 527
9580 519
9581 477
9582 465
9583 457
9584 455
9585 441
9586 396
9587 419
9588 418
9589 409
9590 396
9591 439
9592 427
9593 422
9594 414
9595 419
9596 434
9597 449
9598 441
9599 439
9600 456
9601 420
9602 426
9603 431
9604 438
9605 448
9606 483
9607 485
9608 499
9609 488
9610 496
9611 532
9612 537
9613 561
9614 562
9615 566
9616 562
9617 557
9618 556
9619 525
9620 508
9621 477
9622 468
9623 506
9624 477
9625 449
9626 445
9627 428
9628 429
9629 405
9630 388
9631 380
9632 353
9633 392
9634 377
9635 317
9636 318
9637 324
9638 338
9639 366
9640 372
9641 395
9642 400
9643 383
9644 387
9645 351
9646 360
9647 359
9648 309
9649 303
9650 279
9651 223
9652 233
9653 192
9654 173
9655 164
9656 115
9657 140
9658 150
9659 138
9660 108
9661 114
9662 92
9663 80
9664 74
9665 54
9666 52
9667 50
9668 96
9669 103
9670 99
9671 118
9672 89
9673 60
9674 36
9675 43
9676 22
9677 54
9678 81
9679 62
9680 95
9681 44
9682 65
9683 95
9684 106
9685 131
9686 201
9687 177
9688 164
9689 190
9690 208
9691 178
9692 162
9693 148
9694 148
9695 175
9696 171
9697 200
9698 190
9699 197
9700 203
9701 177
9702 168
9703 130
9704 159
9705 110
9706 162
9707 194
9708 241
9709 221
9710 235
9711 254
9712 293
9713 283
9714 298
9715 272
9716 268
9717 260
9718 257
9719 252
9720 216
9721 233
9722 267
9723 273
9724 265
9725 251
9726 230
9727 235
9728 252
9729 237
9730 281
9731 315
9732 314
9733 300
9734 326
9735 332
9736 335
9737 355
9738 353
9739 376
9740 403
9741 405
9742 430
9743 409
9744 418
9745 433
9746 436
9747 415
9748 409
9749 378
9750 406
9751 409
9752 390
9753 409
9754 388
9755 360
9756 380
9757 360
9758 317
9759 312
9760 297
9761 262
9762 293
9763 292
9764 251
9765 250
9766 237
9767 233
9768 215
9769 191
9770 194
9771 200
9772 224
9773 220
9774 266
9775 265
9776 267
9777 271
9778 259
9779 304
9780 334
9781 347
9782 337
9783 365
9784 390
9785 397
9786 387
9787 407
9788 414
9789 400
9790 415
9791 416
9792 438
9793 413
9794 384
9795 384
9796 378
9797 386
9798 398
9799 407
9800 367
9801 366
9802 359
9803 343
9804 394
9805 377
9806 345
9807 344
9808 356
9809 349
9810 333
9811 313
9812 339
9813 298
9814 289
9815 295
9816 316
9817 322
9818 332
9819 340
9820 344
9821 367
9822 379
9823 373
9824 367
9825 368
9826 346
9827 378
9828 384
9829 347
9830 325
9831 344
9832 350
9833 331
9834 332
9835 329
9836 328
9837 346
9838 366
9839 401
9840 357
9841 337
9842 372
9843 362
9844 358
9845 341
9846 335
9847 356
9848 328
9849 336
9850 304
9851 305
9852 286
9853 257
9854 255
9855 219
9856 184
9857 183
9858 239
9859 207
9860 188
9861 197
9862 158
9863 140
9864 126
9865 129
9866 178
9867 163
9868 169
9869 161
9870 176
9871 154
9872 161
9873 189
9874 206
9875 195
9876 189
9877 193
9878 201
9879 180
9880 185
9881 153
9882 183
9883 169
9884 195
9885 164
9886 143
9887 161
9888 162
9889 142
9890 161
9891 162
9892 198
9893 179
9894 191
9895 189
9896 167
9897 157
9898 195
9899 193
9900 183
9901 225
9902 251
9903 225
9904 222
9905 219
9906 226
9907 240
9908 273
9909 233
9910 255
9911 229
9912 227
9913 233
9914 235
9915 243
9916 248
9917 231
9918 227
9919 250
9920 232
9921 179
9922 195
9923 152
9924 164
9925 178
9926 201
9927 173
9928 172
9929 161
9930 103
9931 124
9932 90
9933 127
9934 131
9935 112
9936 122
9937 135
9938 176
9939 187
9940 136
9941 106
9942 102
9943 120
9944 132
9945 124
9946 106
9947 73
9948 113
9949 141
9950 151
9951 174
9952 148
9953 128
9954 135
9955 133
9956 136
9957 167
9958 192
9959 179
9960 153
9961 182
9962 204
9963 189
9964 193
9965 226
9966 232
9967 262
9968 285
9969 303
9970 305
9971 299
9972 268
9973 260
9974 262
9975 304
9976 263
9977 262
9978 275
9979 238
9980 261
9981 289
9982 286
9983 281
9984 248
9985 286
9986 316
9987 332
9988 373
9989 322
9990 322
9991 310
9992 326
9993 356
9994 324
9995 324
9996 328
9997 314
9998 305
9999 320
10000 343
