1 0
2 0
3 1
4 0
5 0
6 0
7 0
8 0
9 0
10 0
11 0
12 0
13 0
14 0
15 0
16 0
17 0
18 0
19 0
20 2
21 0
22 0
23 0
24 0
25 0
26 0
27 1
28 1
29 1
30 2
31 6
32 5
33 5
34 3
35 2
36 7
37 4
38 2
39 4
40 4
41 4
42 5
43 3
44 1
45 0
46 0
47 0
48 3
49 3
50 4
51 0
52 0
53 0
54 0
55 1
56 3
57 6
58 5
59 4
60 4
61 5
62 4
63 4
64 2
65 4
66 3
67 7
68 12
69 14
70 14
71 14
72 20
73 24
74 13
75 14
76 12
77 13
78 11
79 15
80 20
81 25
82 28
83 32
84 24
85 33
86 33
87 23
88 33
89 35
90 48
91 46
92 43
93 37
94 38
95 32
96 37
97 41
98 44
99 45
100 56
101 62
102 72
103 73
104 65
105 59
106 54
107 47
108 45
109 32
110 31
111 33
112 34
113 40
114 52
115 47
116 50
117 46
118 41
119 47
120 41
121 41
122 35
123 37
124 45
125 54
126 57
127 64
128 55
129 56
130 55
131 51
132 28
133 22
134 14
135 11
136 14
137 11
138 14
139 18
140 19
141 20
142 14
143 16
144 17
145 13
146 10
147 7
148 7
149 5
150 6
151 11
152 12
153 14
154 16
155 16
156 25
157 19
158 20
159 21
160 18
161 12
162 11
163 15
164 15
165 11
166 7
167 8
168 8
169 3
170 3
171 6
172 5
173 4
174 6
175 7
176 7
177 9
178 7
179 8
180 7
181 8
182 8
183 11
184 12
185 12
186 12
187 13
188 11
189 10
190 9
191 5
192 7
193 7
194 8
195 14
196 16
197 13
198 18
199 18
200 16
201 23
202 25
203 20
204 25
205 26
206 23
207 31
208 33
209 23
210 21
211 26
212 30
213 27
214 35
215 44
216 44
217 46
218 40
219 51
220 47
221 48
222 46
223 47
224 46
225 53
226 58
227 54
228 54
229 55
230 63
231 66
232 55
233 54
234 48
235 48
236 52
237 50
238 43
239 43
240 54
241 52
242 55
243 61
244 51
245 54
246 62
247 73
248 74
249 64
250 70
251 71
252 79
253 80
254 71
255 81
256 91
257 97
258 85
259 71
260 73
261 73
262 79
263 93
264 94
265 91
266 90
267 88
268 83
269 85
270 78
271 74
272 80
273 95
274 108
275 115
276 97
277 96
278 82
279 81
280 70
281 65
282 55
283 65
284 81
285 78
286 69
287 61
288 54
289 46
290 48
291 40
292 43
293 56
294 68
295 74
296 61
297 53
298 48
299 40
300 36
301 34
302 27
303 31
304 25
305 25
306 30
307 25
308 18
309 25
310 22
311 17
312 12
313 14
314 13
315 8
316 7
317 7
318 9
319 11
320 11
321 8
322 11
323 9
324 10
325 4
326 5
327 3
328 1
329 2
330 3
331 7
332 3
333 5
334 5
335 5
336 3
337 4
338 5
339 8
340 9
341 10
342 12
343 11
344 11
345 13
346 10
347 13
348 13
349 19
350 23
351 19
352 15
353 16
354 22
355 12
356 7
357 7
358 6
359 5
360 5
361 4
362 7
363 8
364 8
365 8
366 7
367 8
368 5
369 3
370 2
371 3
372 1
373 0
374 0
375 0
376 0
377 0
378 0
379 0
380 0
381 1
382 0
383 0
384 0
385 0
386 0
387 0
388 0
389 0
390 0
391 0
392 0
393 1
394 1
395 0
396 0
397 0
398 0
399 0
400 1
401 1
402 1
403 2
404 3
405 3
406 3
407 3
408 4
409 4
410 8
411 13
412 8
413 10
414 12
415 19
416 16
417 17
418 14
419 13
420 15
421 14
422 12
423 12
424 16
425 16
426 19
427 15
428 18
429 13
430 6
431 4
432 5
433 8
434 5
435 8
436 13
437 7
438 6
439 4
440 7
441 7
442 7
443 10
444 7
445 8
446 9
447 9
448 2
449 3
450 2
451 5
452 5
453 2
454 4
455 4
456 8
457 5
458 3
459 2
460 4
461 4
462 3
463 0
464 0
465 1
466 1
467 0
468 0
469 1
470 1
471 1
472 3
473 6
474 8
475 6
476 6
477 6
478 3
479 4
480 3
481 0
482 0
483 0
484 0
485 0
486 0
487 0
488 0
489 0
490 0
491 0
492 0
493 0
494 0
495 1
496 0
497 0
498 0
499 0
500 0
501 0
502 0
503 0
504 0
505 0
506 0
507 0
508 0
509 0
510 0
511 0
512 0
513 0
514 0
515 0
516 1
517 0
518 1
519 0
520 0
521 0
522 0
523 1
524 2
525 7
526 5
527 5
528 9
529 5
530 5
531 4
532 7
533 11
534 10
535 10
536 16
537 9
538 10
539 9
540 12
541 19
542 18
543 17
544 13
545 7
546 8
547 5
548 7
549 7
550 11
551 5
552 6
553 7
554 11
555 15
556 13
557 16
558 15
559 14
560 29
561 37
562 30
563 29
564 32
565 21
566 24
567 19
568 26
569 19
570 17
571 16
572 18
573 20
574 25
575 23
576 16
577 11
578 12
579 24
580 29
581 29
582 32
583 25
584 31
585 28
586 30
587 24
588 28
589 38
590 47
591 46
592 36
593 40
594 38
595 48
596 45
597 39
598 42
599 43
600 42
601 56
602 64
603 62
604 60
605 57
606 68
607 72
608 73
609 77
610 83
611 70
612 72
613 67
614 76
615 72
616 64
617 70
618 69
619 86
620 105
621 120
622 113
623 97
624 80
625 86
626 79
627 62
628 56
629 51
630 55
631 58
632 53
633 57
634 53
635 52
636 64
637 61
638 54
639 49
640 43
641 49
642 48
643 48
644 44
645 35
646 28
647 22
648 17
649 17
650 15
651 15
652 15
653 13
654 14
655 11
656 14
657 21
658 21
659 20
660 23
661 23
662 25
663 19
664 16
665 18
666 11
667 13
668 10
669 16
670 15
671 11
672 19
673 15
674 15
675 23
676 37
677 42
678 44
679 41
680 28
681 34
682 32
683 25
684 13
685 12
686 14
687 14
688 16
689 15
690 19
691 17
692 21
693 20
694 33
695 29
696 40
697 42
698 44
699 43
700 40
701 40
702 36
703 37
704 42
705 33
706 38
707 43
708 51
709 52
710 54
711 62
712 69
713 74
714 74
715 71
716 70
717 72
718 68
719 73
720 78
721 75
722 61
723 69
724 72
725 48
726 58
727 74
728 65
729 35
730 45
731 31
732 26
733 28
734 36
735 30
736 31
737 40
738 41
739 31
740 26
741 21
742 17
743 18
744 8
745 9
746 9
747 10
748 13
749 8
750 7
751 2
752 2
753 2
754 2
755 2
756 2
757 1
758 0
759 0
760 0
761 1
762 2
763 1
764 2
765 2
766 2
767 0
768 0
769 0
770 0
771 0
772 0
773 0
774 1
775 1
776 0
777 0
778 0
779 0
780 0
781 1
782 2
783 8
784 11
785 11
786 11
787 13
788 11
789 11
790 11
791 19
792 26
793 24
794 15
795 17
796 17
797 18
798 12
799 8
800 8
801 4
802 6
803 5
804 2
805 2
806 2
807 1
808 2
809 1
810 0
811 0
812 0
813 2
814 2
815 0
816 0
817 0
818 0
819 0
820 0
821 0
822 0
823 0
824 1
825 0
826 1
827 0
828 0
829 0
830 0
831 0
832 0
833 0
834 0
835 0
836 0
837 1
838 1
839 1
840 1
841 0
842 0
843 1
844 0
845 0
846 0
847 0
848 0
849 1
850 2
851 2
852 3
853 4
854 3
855 5
856 5
857 3
858 6
859 7
860 4
861 3
862 1
863 1
864 2
865 0
866 1
867 0
868 0
869 0
870 0
871 0
872 0
873 0
874 0
875 0
876 1
877 1
878 2
879 2
880 5
881 7
882 9
883 8
884 3
885 5
886 4
887 5
888 2
889 1
890 3
891 3
892 2
893 2
894 0
895 0
896 0
897 0
898 0
899 0
900 0
901 1
902 2
903 3
904 1
905 1
906 1
907 2
908 3
909 4
910 3
911 1
912 1
913 2
914 4
915 3
916 3
917 4
918 6
919 3
920 3
921 2
922 3
923 6
924 2
925 4
926 3
927 3
928 5
929 6
930 7
931 10
932 14
933 16
934 26
935 24
936 33
937 33
938 33
939 36
940 28
941 33
942 41
943 52
944 50
945 32
946 35
947 35
948 23
949 23
950 21
951 20
952 21
953 19
954 15
955 20
956 21
957 18
958 20
959 18
960 21
961 23
962 23
963 24
964 22
965 26
966 29
967 27
968 23
969 32
970 36
971 39
972 39
973 40
974 41
975 55
976 54
977 40
978 32
979 33
980 35
981 39
982 34
983 22
984 22
985 25
986 31
987 29
988 29
989 27
990 22
991 20
992 21
993 21
994 19
995 16
996 16
997 9
998 6
999 10
1000 9
1001 8
1002 7
1003 3
1004 0
1005 0
1006 0
1007 0
1008 0
1009 1
1010 3
1011 2
1012 0
1013 0
1014 0
1015 0
1016 1
1017 0
1018 0
1019 0
1020 1
1021 1
1022 0
1023 0
1024 0
1025 1
1026 1
1027 1
1028 2
1029 1
1030 0
1031 0
1032 0
1033 0
1034 0
1035 0
1036 0
1037 0
1038 0
1039 0
1040 0
1041 1
1042 0
1043 0
1044 0
1045 0
1046 0
1047 0
1048 1
1049 0
1050 0
1051 0
1052 0
1053 0
1054 0
1055 0
1056 1
1057 2
1058 0
1059 1
1060 1
1061 3
1062 3
1063 4
1064 3
1065 4
1066 2
1067 1
1068 3
1069 5
1070 5
1071 7
1072 9
1073 9
1074 8
1075 6
1076 13
1077 11
1078 12
1079 8
1080 7
1081 4
1082 2
1083 2
1084 5
1085 6
1086 1
1087 1
1088 2
1089 1
1090 1
1091 0
1092 0
1093 0
1094 0
1095 0
1096 1
1097 2
1098 6
1099 5
1100 8
1101 9
1102 10
1103 17
1104 19
1105 15
1106 11
1107 7
1108 9
1109 14
1110 16
1111 14
1112 14
1113 12
1114 10
1115 11
1116 14
1117 23
1118 20
1119 16
1120 14
1121 16
1122 10
1123 14
1124 15
1125 14
1126 18
1127 26
1128 31
1129 26
1130 32
1131 37
1132 36
1133 41
1134 47
1135 47
1136 42
1137 41
1138 46
1139 46
1140 50
1141 51
1142 66
1143 63
1144 59
1145 77
1146 76
1147 71
1148 67
1149 77
1150 86
1151 90
1152 88
1153 103
1154 103
1155 116
1156 125
1157 124
1158 114
1159 119
1160 118
1161 120
1162 112
1163 137
1164 168
1165 162
1166 173
1167 168
1168 160
1169 153
1170 158
1171 184
1172 173
1173 203
1174 194
1175 205
1176 186
1177 217
1178 221
1179 234
1180 221
1181 208
1182 199
1183 190
1184 163
1185 160
1186 153
1187 187
1188 177
1189 157
1190 144
1191 148
1192 130
1193 121
1194 114
1195 124
1196 106
1197 110
1198 131
1199 130
1200 145
1201 148
1202 148
1203 149
1204 168
1205 168
1206 162
1207 156
1208 156
1209 175
1210 176
1211 190
1212 196
1213 194
1214 181
1215 197
1216 216
1217 209
1218 198
1219 206
1220 203
1221 204
1222 209
1223 198
1224 227
1225 234
1226 269
1227 229
1228 247
1229 262
1230 270
1231 266
1232 284
1233 302
1234 303
1235 294
1236 332
1237 333
1238 372
1239 385
1240 406
1241 401
1242 410
1243 423
1244 437
1245 415
1246 433
1247 441
1248 440
1249 443
1250 454
1251 424
1252 444
1253 451
1254 470
1255 491
1256 497
1257 526
1258 537
1259 568
1260 549
1261 540
1262 624
1263 662
1264 719
1265 724
1266 724
1267 698
1268 634
1269 632
1270 629
1271 647
1272 645
1273 625
1274 628
1275 655
1276 677
1277 672
1278 647
1279 672
1280 636
1281 626
1282 585
1283 557
1284 540
1285 537
1286 508
1287 518
1288 529
1289 516
1290 505
1291 515
1292 509
1293 510
1294 562
1295 542
1296 525
1297 515
1298 496
1299 473
1300 478
1301 463
1302 473
1303 470
1304 427
1305 394
1306 420
1307 380
1308 422
1309 423
1310 433
1311 413
1312 439
1313 424
1314 403
1315 390
1316 390
1317 409
1318 375
1319 424
1320 417
1321 381
1322 386
1323 384
1324 394
1325 384
1326 400
1327 373
1328 387
1329 368
1330 358
1331 349
1332 369
1333 354
1334 355
1335 350
1336 386
1337 364
1338 396
1339 378
1340 382
1341 410
1342 388
1343 368
1344 368
1345 355
1346 363
1347 352
1348 330
1349 322
1350 354
1351 327
1352 347
1353 336
1354 332
1355 356
1356 379
1357 390
1358 370
1359 373
1360 390
1361 348
1362 357
1363 322
1364 331
1365 329
1366 322
1367 340
1368 345
1369 309
1370 326
1371 337
1372 324
1373 309
1374 305
1375 301
1376 298
1377 322
1378 319
1379 325
1380 321
1381 322
1382 326
1383 310
1384 296
1385 301
1386 289
1387 312
1388 311
1389 294
1390 282
1391 300
1392 301
1393 336
1394 349
1395 346
1396 336
1397 323
1398 314
1399 309
1400 316
1401 282
1402 287
1403 305
1404 287
1405 313
1406 314
1407 312
1408 300
1409 335
1410 356
1411 343
1412 324
1413 291
1414 296
1415 287
1416 311
1417 290
1418 285
1419 301
1420 309
1421 314
1422 318
1423 352
1424 383
1425 376
1426 404
1427 440
1428 441
1429 409
1430 414
1431 410
1432 392
1433 384
1434 379
1435 396
1436 400
1437 360
1438 344
1439 392
1440 397
1441 407
1442 406
1443 422
1444 405
1445 380
1446 356
1447 359
1448 349
1449 357
1450 371
1451 409
1452 413
1453 403
1454 430
1455 417
1456 400
1457 415
1458 404
1459 417
1460 419
1461 442
1462 449
1463 460
1464 473
1465 458
1466 512
1467 480
1468 462
1469 433
1470 409
1471 405
1472 395
1473 389
1474 386
1475 390
1476 402
1477 393
1478 400
1479 407
1480 422
1481 437
1482 460
1483 480
1484 448
1485 469
1486 458
1487 462
1488 466
1489 466
1490 462
1491 479
1492 484
1493 452
1494 452
1495 448
1496 424
1497 436
1498 433
1499 418
1500 417
1501 411
1502 449
1503 483
1504 479
1505 487
1506 495
1507 524
1508 504
1509 511
1510 471
1511 459
1512 458
1513 450
1514 461
1515 486
1516 461
1517 448
1518 445
1519 447
1520 435
1521 432
1522 404
1523 413
1524 463
1525 450
1526 474
1527 491
1528 509
1529 519
1530 520
1531 546
1532 585
1533 619
1534 598
1535 635
1536 634
1537 656
1538 696
1539 704
1540 750
1541 768
1542 757
1543 773
1544 784
1545 776
1546 743
1547 705
1548 689
1549 633
1550 627
1551 632
1552 645
1553 639
1554 586
1555 583
1556 594
1557 602
1558 615
1559 620
1560 609
1561 599
1562 595
1563 586
1564 621
1565 627
1566 585
1567 604
1568 599
1569 600
1570 606
1571 618
1572 646
1573 700
1574 696
1575 660
1576 713
1577 711
1578 742
1579 745
1580 729
1581 749
1582 715
1583 671
1584 670
1585 688
1586 737
1587 731
1588 723
1589 750
1590 782
1591 811
1592 784
1593 843
1594 865
1595 847
1596 836
1597 798
1598 783
1599 773
1600 771
1601 751
1602 725
1603 721
1604 725
1605 769
1606 784
1607 780
1608 750
1609 799
1610 821
1611 782
1612 764
1613 819
1614 813
1615 781
1616 802
1617 758
1618 785
1619 803
1620 764
1621 821
1622 832
1623 825
1624 836
1625 856
1626 823
1627 835
1628 868
1629 831
1630 867
1631 787
1632 763
1633 738
1634 754
1635 733
1636 719
1637 647
1638 677
1639 668
1640 636
1641 626
1642 639
1643 629
1644 646
1645 672
1646 623
1647 631
1648 635
1649 614
1650 582
1651 553
1652 578
1653 612
1654 639
1655 660
1656 608
1657 591
1658 564
1659 564
1660 557
1661 541
1662 520
1663 526
1664 553
1665 574
1666 558
1667 570
1668 548
1669 573
1670 604
1671 570
1672 609
1673 613
1674 607
1675 552
1676 563
1677 567
1678 619
1679 607
1680 587
1681 599
1682 595
1683 606
1684 580
1685 606
1686 631
1687 638
1688 642
1689 628
1690 645
1691 657
1692 705
1693 653
1694 661
1695 664
1696 638
1697 646
1698 644
1699 638
1700 643
1701 644
1702 637
1703 636
1704 614
1705 586
1706 603
1707 586
1708 583
1709 557
1710 554
1711 578
1712 606
1713 637
1714 610
1715 622
1716 598
1717 588
1718 598
1719 569
1720 576
1721 577
1722 605
1723 623
1724 602
1725 592
1726 590
1727 605
1728 591
1729 572
1730 639
1731 649
1732 683
1733 701
1734 646
1735 620
1736 624
1737 625
1738 613
1739 619
1740 613
1741 646
1742 623
1743 609
1744 652
1745 617
1746 654
1747 659
1748 716
1749 696
1750 689
1751 715
1752 734
1753 750
1754 756
1755 711
1756 728
1757 719
1758 692
1759 671
1760 688
1761 720
1762 695
1763 693
1764 667
1765 676
1766 660
1767 659
1768 673
1769 649
1770 700
1771 704
1772 656
1773 672
1774 651
1775 598
1776 628
1777 650
1778 681
1779 723
1780 765
1781 806
1782 833
1783 826
1784 810
1785 809
1786 806
1787 794
1788 765
1789 779
1790 745
1791 769
1792 797
1793 762
1794 763
1795 737
1796 736
1797 784
1798 765
1799 775
1800 762
1801 810
1802 801
1803 802
1804 792
1805 799
1806 820
1807 891
1808 901
1809 911
1810 919
1811 941
1812 933
1813 974
1814 1015
1815 1028
1816 1007
1817 999
1818 1014
1819 975
1820 913
1821 879
1822 881
1823 916
1824 840
1825 847
1826 868
1827 839
1828 825
1829 819
1830 851
1831 875
1832 887
1833 858
1834 852
1835 863
1836 867
1837 873
1838 842
1839 830
1840 832
1841 846
1842 847
1843 859
1844 904
1845 935
1846 905
1847 901
1848 887
1849 961
1850 927
1851 916
1852 885
1853 890
1854 898
1855 913
1856 927
1857 929
1858 933
1859 969
1860 984
1861 969
1862 948
1863 984
1864 956
1865 929
1866 908
1867 900
1868 927
1869 917
1870 898
1871 901
1872 839
1873 810
1874 811
1875 760
1876 785
1877 816
1878 824
1879 806
1880 837
1881 787
1882 810
1883 834
1884 888
1885 914
1886 959
1887 933
1888 895
1889 964
1890 943
1891 917
1892 895
1893 841
1894 820
1895 836
1896 844
1897 812
1898 795
1899 807
1900 821
1901 880
1902 853
1903 809
1904 774
1905 765
1906 774
1907 790
1908 770
1909 788
1910 721
1911 743
1912 695
1913 727
1914 707
1915 678
1916 681
1917 674
1918 656
1919 677
1920 667
1921 665
1922 633
1923 639
1924 616
1925 557
1926 526
1927 520
1928 531
1929 500
1930 488
1931 502
1932 457
1933 447
1934 466
1935 483
1936 468
1937 489
1938 486
1939 511
1940 513
1941 470
1942 473
1943 474
1944 468
1945 440
1946 433
1947 389
1948 388
1949 447
1950 435
1951 463
1952 476
1953 500
1954 524
1955 526
1956 576
1957 581
1958 583
1959 583
1960 590
1961 581
1962 604
1963 638
1964 615
1965 573
1966 604
1967 602
1968 593
1969 599
1970 614
1971 600
1972 584
1973 551
1974 562
1975 559
1976 521
1977 504
1978 500
1979 527
1980 519
1981 540
1982 565
1983 534
1984 588
1985 595
1986 590
1987 592
1988 585
1989 597
1990 557
1991 578
1992 547
1993 570
1994 571
1995 583
1996 605
1997 589
1998 647
1999 617
2000 614
2001 621
2002 610
2003 638
2004 658
2005 690
2006 667
2007 734
2008 697
2009 678
2010 677
2011 663
2012 639
2013 618
2014 614
2015 595
2016 600
2017 625
2018 632
2019 632
2020 638
2021 642
2022 630
2023 656
2024 669
2025 641
2026 610
2027 619
2028 629
2029 604
2030 602
2031 645
2032 606
2033 592
2034 578
2035 577
2036 600
2037 589
2038 545
2039 561
2040 536
2041 534
2042 536
2043 547
2044 565
2045 610
2046 667
2047 713
2048 714
2049 693
2050 707
2051 724
2052 743
2053 717
2054 749
2055 797
2056 802
2057 807
2058 803
2059 853
2060 854
2061 855
2062 804
2063 831
2064 822
2065 809
2066 755
2067 748
2068 734
2069 775
2070 775
2071 797
2072 843
2073 841
2074 803
2075 743
2076 704
2077 706
2078 695
2079 673
2080 664
2081 649
2082 675
2083 706
2084 729
2085 735
2086 737
2087 724
2088 722
2089 717
2090 758
2091 782
2092 818
2093 811
2094 822
2095 834
2096 816
2097 817
2098 795
2099 836
2100 799
2101 806
2102 789
2103 804
2104 789
2105 771
2106 775
2107 799
2108 833
2109 875
2110 903
2111 926
2112 964
2113 973
2114 1017
2115 986
2116 967
2117 971
2118 975
2119 986
2120 1037
2121 1045
2122 990
2123 1000
2124 954
2125 937
2126 948
2127 948
2128 878
2129 861
2130 926
2131 894
2132 850
2133 868
2134 858
2135 848
2136 850
2137 834
2138 811
2139 829
2140 845
2141 856
2142 890
2143 931
2144 910
2145 895
2146 860
2147 873
2148 915
2149 919
2150 993
2151 977
2152 963
2153 966
2154 988
2155 1018
2156 998
2157 928
2158 901
2159 914
2160 919
2161 930
2162 948
2163 945
2164 1000
2165 1003
2166 1036
2167 975
2168 986
2169 942
2170 887
2171 878
2172 878
2173 881
2174 913
2175 914
2176 869
2177 878
2178 952
2179 979
2180 976
2181 1020
2182 1059
2183 1054
2184 1074
2185 1083
2186 1099
2187 1100
2188 1074
2189 1092
2190 1061
2191 1024
2192 992
2193 1024
2194 1011
2195 975
2196 993
2197 1034
2198 1087
2199 1112
2200 1145
2201 1137
2202 1094
2203 1138
2204 1130
2205 1132
2206 1098
2207 1092
2208 1103
2209 1126
2210 1113
2211 1037
2212 1033
2213 1018
2214 1033
2215 1083
2216 1081
2217 1142
2218 1130
2219 1163
2220 1221
2221 1235
2222 1169
2223 1189
2224 1160
2225 1182
2226 1263
2227 1271
2228 1230
2229 1202
2230 1248
2231 1274
2232 1271
2233 1245
2234 1225
2235 1217
2236 1274
2237 1310
2238 1312
2239 1314
2240 1264
2241 1339
2242 1367
2243 1358
2244 1378
2245 1365
2246 1335
2247 1305
2248 1290
2249 1274
2250 1319
2251 1273
2252 1258
2253 1272
2254 1258
2255 1264
2256 1348
2257 1326
2258 1262
2259 1231
2260 1174
2261 1230
2262 1247
2263 1282
2264 1217
2265 1239
2266 1266
2267 1276
2268 1243
2269 1215
2270 1204
2271 1164
2272 1158
2273 1187
2274 1210
2275 1231
2276 1290
2277 1244
2278 1195
2279 1186
2280 1188
2281 1139
2282 1115
2283 1144
2284 1087
2285 1066
2286 1073
2287 1094
2288 1097
2289 1033
2290 1018
2291 1028
2292 1010
2293 1038
2294 1094
2295 1058
2296 1055
2297 1087
2298 1030
2299 1035
2300 1046
2301 1055
2302 1047
2303 1022
2304 969
2305 938
2306 917
2307 832
2308 859
2309 839
2310 891
2311 932
2312 930
2313 976
2314 984
2315 953
2316 936
2317 882
2318 945
2319 954
2320 968
2321 971
2322 929
2323 934
2324 929
2325 964
2326 1003
2327 1043
2328 1028
2329 1045
2330 1015
2331 1003
2332 1057
2333 1071
2334 1079
2335 1104
2336 1138
2337 1143
2338 1161
2339 1089
2340 1049
2341 1051
2342 1061
2343 1125
2344 1119
2345 1125
2346 1106
2347 1077
2348 1113
2349 1135
2350 1128
2351 1128
2352 1108
2353 1122
2354 1117
2355 1068
2356 1100
2357 1096
2358 1119
2359 1149
2360 1137
2361 1118
2362 1143
2363 1132
2364 1123
2365 1086
2366 1079
2367 1149
2368 1223
2369 1214
2370 1175
2371 1164
2372 1249
2373 1227
2374 1178
2375 1153
2376 1170
2377 1158
2378 1189
2379 1212
2380 1202
2381 1160
2382 1167
2383 1141
2384 1121
2385 1090
2386 1041
2387 1087
2388 1095
2389 1020
2390 982
2391 997
2392 958
2393 991
2394 946
2395 926
2396 923
2397 939
2398 935
2399 911
2400 895
2401 961
2402 950
2403 904
2404 880
2405 930
2406 882
2407 883
2408 897
2409 878
2410 864
2411 847
2412 879
2413 874
2414 866
2415 881
2416 843
2417 871
2418 893
2419 834
2420 877
2421 910
2422 874
2423 869
2424 840
2425 800
2426 844
2427 893
2428 927
2429 898
2430 914
2431 893
2432 873
2433 938
2434 916
2435 897
2436 911
2437 940
2438 963
2439 926
2440 931
2441 956
2442 979
2443 963
2444 980
2445 980
2446 963
2447 960
2448 976
2449 977
2450 962
2451 958
2452 916
2453 901
2454 914
2455 901
2456 888
2457 907
2458 919
2459 998
2460 963
2461 954
2462 993
2463 954
2464 977
2465 1001
2466 1009
2467 988
2468 973
2469 949
2470 942
2471 987
2472 987
2473 983
2474 975
2475 999
2476 1029
2477 997
2478 987
2479 983
2480 913
2481 871
2482 859
2483 861
2484 857
2485 808
2486 823
2487 849
2488 870
2489 849
2490 868
2491 908
2492 925
2493 929
2494 992
2495 964
2496 952
2497 937
2498 959
2499 929
2500 918
2501 893
2502 903
2503 922
2504 960
2505 941
2506 876
2507 851
2508 865
2509 812
2510 786
2511 782
2512 775
2513 778
2514 751
2515 773
2516 759
2517 760
2518 773
2519 804
2520 868
2521 884
2522 862
2523 871
2524 862
2525 811
2526 824
2527 804
2528 875
2529 875
2530 877
2531 896
2532 889
2533 925
2534 917
2535 973
2536 1005
2537 1035
2538 1020
2539 922
2540 917
2541 885
2542 895
2543 937
2544 890
2545 865
2546 872
2547 858
2548 885
2549 871
2550 832
2551 877
2552 876
2553 842
2554 896
2555 876
2556 901
2557 864
2558 851
2559 891
2560 863
2561 830
2562 828
2563 822
2564 829
2565 826
2566 791
2567 826
2568 786
2569 773
2570 779
2571 796
2572 805
2573 819
2574 819
2575 792
2576 821
2577 830
2578 840
2579 846
2580 853
2581 835
2582 864
2583 834
2584 827
2585 832
2586 815
2587 835
2588 865
2589 851
2590 765
2591 771
2592 778
2593 798
2594 831
2595 813
2596 849
2597 849
2598 848
2599 839
2600 773
2601 783
2602 746
2603 700
2604 708
2605 707
2606 721
2607 773
2608 790
2609 815
2610 830
2611 846
2612 790
2613 771
2614 843
2615 829
2616 823
2617 805
2618 814
2619 868
2620 834
2621 837
2622 858
2623 870
2624 880
2625 919
2626 966
2627 939
2628 952
2629 930
2630 840
2631 854
2632 860
2633 873
2634 890
2635 830
2636 850
2637 858
2638 876
2639 886
2640 915
2641 897
2642 885
2643 887
2644 923
2645 951
2646 889
2647 824
2648 846
2649 883
2650 836
2651 830
2652 801
2653 802
2654 801
2655 801
2656 829
2657 836
2658 801
2659 767
2660 806
2661 801
2662 818
2663 817
2664 733
2665 701
2666 742
2667 712
2668 701
2669 703
2670 658
2671 648
2672 665
2673 690
2674 699
2675 661
2676 663
2677 642
2678 616
2679 622
2680 602
2681 573
2682 597
2683 584
2684 585
2685 593
2686 581
2687 602
2688 622
2689 645
2690 623
2691 664
2692 681
2693 662
2694 603
2695 601
2696 599
2697 583
2698 568
2699 563
2700 563
2701 556
2702 556
2703 587
2704 570
2705 570
2706 586
2707 631
2708 658
2709 685
2710 666
2711 645
2712 647
2713 610
2714 627
2715 610
2716 579
2717 558
2718 566
2719 558
2720 558
2721 570
2722 573
2723 571
2724 504
2725 510
2726 522
2727 495
2728 503
2729 519
2730 486
2731 495
2732 499
2733 496
2734 547
2735 562
2736 620
2737 591
2738 554
2739 544
2740 526
2741 535
2742 543
2743 574
2744 554
2745 549
2746 554
2747 541
2748 535
2749 548
2750 555
2751 559
2752 524
2753 480
2754 491
2755 489
2756 510
2757 463
2758 475
2759 447
2760 471
2761 453
2762 452
2763 452
2764 483
2765 494
2766 521
2767 521
2768 550
2769 555
2770 560
2771 592
2772 568
2773 612
2774 631
2775 608
2776 585
2777 545
2778 586
2779 609
2780 635
2781 637
2782 655
2783 654
2784 629
2785 636
2786 663
2787 659
2788 620
2789 614
2790 609
2791 649
2792 640
2793 661
2794 644
2795 616
2796 608
2797 565
2798 580
2799 608
2800 607
2801 584
2802 555
2803 526
2804 523
2805 500
2806 501
2807 505
2808 510
2809 545
2810 550
2811 536
2812 536
2813 559
2814 538
2815 537
2816 545
2817 527
2818 607
2819 624
2820 614
2821 582
2822 575
2823 582
2824 571
2825 590
2826 614
2827 636
2828 616
2829 603
2830 634
2831 620
2832 642
2833 658
2834 708
2835 731
2836 735
2837 733
2838 733
2839 708
2840 711
2841 689
2842 670
2843 681
2844 645
2845 624
2846 608
2847 576
2848 584
2849 581
2850 561
2851 511
2852 482
2853 461
2854 436
2855 416
2856 405
2857 419
2858 436
2859 443
2860 496
2861 473
2862 478
2863 491
2864 496
2865 515
2866 565
2867 586
2868 567
2869 588
2870 565
2871 560
2872 537
2873 507
2874 508
2875 496
2876 485
2877 507
2878 492
2879 482
2880 461
2881 504
2882 437
2883 436
2884 481
2885 496
2886 471
2887 464
2888 484
2889 511
2890 513
2891 473
2892 494
2893 484
2894 478
2895 477
2896 468
2897 466
2898 463
2899 432
2900 451
2901 441
2902 451
2903 443
2904 434
2905 436
2906 434
2907 401
2908 400
2909 454
2910 430
2911 446
2912 457
2913 424
2914 456
2915 486
2916 485
2917 471
2918 479
2919 485
2920 496
2921 493
2922 505
2923 497
2924 502
2925 486
2926 502
2927 485
2928 504
2929 499
2930 524
2931 544
2932 559
2933 534
2934 516
2935 521
2936 524
2937 561
2938 606
2939 638
2940 598
2941 611
2942 579
2943 579
2944 551
2945 518
2946 522
2947 517
2948 527
2949 566
2950 604
2951 626
2952 623
2953 624
2954 597
2955 578
2956 580
2957 563
2958 552
2959 511
2960 516
2961 514
2962 503
2963 520
2964 498
2965 516
2966 484
2967 503
2968 511
2969 462
2970 506
2971 488
2972 483
2973 529
2974 507
2975 533
2976 535
2977 506
2978 548
2979 577
2980 546
2981 551
2982 542
2983 570
2984 590
2985 615
2986 631
2987 613
2988 594
2989 597
2990 590
2991 632
2992 649
2993 571
2994 569
2995 593
2996 591
2997 583
2998 589
2999 590
3000 548
3001 552
3002 577
3003 571
3004 609
3005 617
3006 603
3007 619
3008 599
3009 580
3010 579
3011 604
3012 603
3013 559
3014 540
3015 565
3016 589
3017 593
3018 598
3019 566
3020 596
3021 595
3022 610
3023 616
3024 646
3025 653
3026 699
3027 714
3028 710
3029 720
3030 729
3031 707
3032 664
3033 655
3034 675
3035 677
3036 676
3037 685
3038 692
3039 732
3040 698
3041 679
3042 687
3043 705
3044 687
3045 652
3046 652
3047 628
3048 638
3049 649
3050 666
3051 718
3052 675
3053 673
3054 665
3055 702
3056 704
3057 703
3058 706
3059 691
3060 725
3061 703
3062 723
3063 763
3064 747
3065 776
3066 826
3067 808
3068 856
3069 832
3070 768
3071 770
3072 769
3073 757
3074 761
3075 748
3076 801
3077 786
3078 824
3079 829
3080 861
3081 848
3082 801
3083 796
3084 856
3085 787
3086 830
3087 780
3088 746
3089 702
3090 744
3091 755
3092 802
3093 812
3094 849
3095 857
3096 870
3097 864
3098 903
3099 928
3100 905
3101 894
3102 903
3103 916
3104 980
3105 997
3106 1050
3107 1016
3108 974
3109 898
3110 856
3111 855
3112 910
3113 907
3114 914
3115 892
3116 863
3117 909
3118 935
3119 967
3120 968
3121 998
3122 1000
3123 1023
3124 1002
3125 1005
3126 1017
3127 1015
3128 1001
3129 989
3130 1003
3131 1000
3132 1019
3133 1031
3134 1047
3135 1050
3136 1051
3137 1096
3138 1102
3139 1113
3140 1139
3141 1201
3142 1214
3143 1273
3144 1251
3145 1203
3146 1242
3147 1197
3148 1178
3149 1207
3150 1183
3151 1191
3152 1206
3153 1212
3154 1294
3155 1245
3156 1265
3157 1208
3158 1162
3159 1196
3160 1206
3161 1276
3162 1333
3163 1381
3164 1419
3165 1395
3166 1374
3167 1340
3168 1323
3169 1322
3170 1361
3171 1377
3172 1415
3173 1420
3174 1464
3175 1416
3176 1402
3177 1390
3178 1443
3179 1472
3180 1494
3181 1431
3182 1386
3183 1411
3184 1419
3185 1398
3186 1418
3187 1391
3188 1406
3189 1342
3190 1376
3191 1347
3192 1354
3193 1375
3194 1425
3195 1436
3196 1424
3197 1401
3198 1367
3199 1417
3200 1419
3201 1408
3202 1420
3203 1359
3204 1326
3205 1264
3206 1251
3207 1289
3208 1274
3209 1293
3210 1275
3211 1266
3212 1256
3213 1246
3214 1222
3215 1207
3216 1231
3217 1257
3218 1272
3219 1247
3220 1169
3221 1181
3222 1172
3223 1131
3224 1155
3225 1188
3226 1185
3227 1193
3228 1197
3229 1184
3230 1184
3231 1220
3232 1207
3233 1256
3234 1253
3235 1198
3236 1260
3237 1242
3238 1219
3239 1262
3240 1248
3241 1218
3242 1187
3243 1197
3244 1204
3245 1250
3246 1228
3247 1221
3248 1209
3249 1194
3250 1198
3251 1205
3252 1210
3253 1178
3254 1194
3255 1251
3256 1254
3257 1240
3258 1257
3259 1267
3260 1245
3261 1232
3262 1291
3263 1292
3264 1327
3265 1264
3266 1197
3267 1239
3268 1287
3269 1286
3270 1281
3271 1250
3272 1226
3273 1286
3274 1320
3275 1331
3276 1293
3277 1281
3278 1252
3279 1250
3280 1264
3281 1261
3282 1250
3283 1206
3284 1147
3285 1067
3286 1073
3287 1097
3288 1104
3289 1179
3290 1163
3291 1158
3292 1145
3293 1170
3294 1185
3295 1136
3296 1158
3297 1111
3298 1129
3299 1102
3300 1116
3301 1161
3302 1104
3303 1126
3304 1173
3305 1175
3306 1202
3307 1201
3308 1162
3309 1139
3310 1146
3311 1227
3312 1194
3313 1178
3314 1151
3315 1191
3316 1094
3317 1116
3318 1184
3319 1216
3320 1252
3321 1265
3322 1308
3323 1317
3324 1325
3325 1310
3326 1279
3327 1250
3328 1251
3329 1231
3330 1209
3331 1159
3332 1192
3333 1176
3334 1133
3335 1158
3336 1119
3337 1171
3338 1144
3339 1140
3340 1144
3341 1112
3342 1069
3343 1054
3344 1086
3345 1083
3346 1081
3347 1075
3348 1063
3349 1031
3350 977
3351 973
3352 979
3353 997
3354 960
3355 969
3356 1017
3357 1067
3358 1115
3359 1074
3360 1012
3361 1045
3362 1033
3363 1001
3364 1027
3365 986
3366 979
3367 965
3368 965
3369 1017
3370 1059
3371 1067
3372 1020
3373 1029
3374 1021
3375 1039
3376 1012
3377 968
3378 960
3379 950
3380 937
3381 939
3382 908
3383 913
3384 928
3385 975
3386 982
3387 947
3388 917
3389 916
3390 915
3391 892
3392 853
3393 890
3394 862
3395 849
3396 802
3397 745
3398 720
3399 703
3400 734
3401 729
3402 778
3403 795
3404 809
3405 827
3406 813
3407 817
3408 852
3409 849
3410 813
3411 756
3412 722
3413 672
3414 654
3415 667
3416 639
3417 678
3418 669
3419 653
3420 642
3421 646
3422 622
3423 627
3424 666
3425 647
3426 662
3427 649
3428 651
3429 659
3430 676
3431 672
3432 635
3433 608
3434 610
3435 623
3436 663
3437 671
3438 649
3439 681
3440 670
3441 671
3442 659
3443 668
3444 658
3445 685
3446 670
3447 702
3448 703
3449 675
3450 642
3451 647
3452 604
3453 608
3454 627
3455 613
3456 649
3457 667
3458 615
3459 592
3460 600
3461 572
3462 575
3463 575
3464 570
3465 578
3466 581
3467 572
3468 601
3469 631
3470 661
3471 637
3472 638
3473 654
3474 627
3475 604
3476 628
3477 595
3478 610
3479 595
3480 585
3481 575
3482 601
3483 568
3484 604
3485 609
3486 598
3487 567
3488 585
3489 540
3490 522
3491 552
3492 552
3493 536
3494 573
3495 537
3496 516
3497 516
3498 511
3499 540
3500 552
3501 554
3502 517
3503 538
3504 561
3505 526
3506 545
3507 601
3508 632
3509 660
3510 627
3511 655
3512 648
3513 647
3514 658
3515 658
3516 683
3517 731
3518 735
3519 770
3520 762
3521 743
3522 688
3523 691
3524 679
3525 653
3526 732
3527 750
3528 725
3529 722
3530 755
3531 812
3532 829
3533 859
3534 831
3535 853
3536 848
3537 827
3538 786
3539 747
3540 775
3541 799
3542 796
3543 781
3544 780
3545 769
3546 807
3547 770
3548 760
3549 757
3550 781
3551 815
3552 811
3553 826
3554 885
3555 892
3556 910
3557 915
3558 882
3559 863
3560 887
3561 844
3562 861
3563 881
3564 898
3565 848
3566 845
3567 813
3568 767
3569 797
3570 816
3571 835
3572 818
3573 828
3574 874
3575 868
3576 862
3577 861
3578 845
3579 881
3580 922
3581 938
3582 951
3583 948
3584 952
3585 929
3586 922
3587 902
3588 913
3589 911
3590 905
3591 830
3592 819
3593 827
3594 821
3595 846
3596 847
3597 861
3598 869
3599 844
3600 845
3601 860
3602 822
3603 807
3604 809
3605 806
3606 816
3607 788
3608 829
3609 816
3610 829
3611 805
3612 820
3613 800
3614 788
3615 813
3616 801
3617 816
3618 815
3619 866
3620 873
3621 872
3622 849
3623 895
3624 925
3625 944
3626 968
3627 928
3628 944
3629 994
3630 909
3631 951
3632 1004
3633 963
3634 979
3635 972
3636 970
3637 940
3638 949
3639 951
3640 945
3641 901
3642 943
3643 943
3644 884
3645 854
3646 897
3647 888
3648 882
3649 886
3650 893
3651 877
3652 887
3653 837
3654 810
3655 800
3656 764
3657 791
3658 781
3659 762
3660 780
3661 771
3662 806
3663 838
3664 828
3665 828
3666 811
3667 852
3668 887
3669 900
3670 946
3671 959
3672 950
3673 942
3674 919
3675 872
3676 822
3677 780
3678 744
3679 720
3680 667
3681 682
3682 712
3683 706
3684 680
3685 691
3686 643
3687 602
3688 636
3689 603
3690 603
3691 614
3692 596
3693 603
3694 623
3695 646
3696 632
3697 645
3698 653
3699 674
3700 662
3701 701
3702 725
3703 704
3704 671
3705 667
3706 683
3707 658
3708 666
3709 653
3710 655
3711 685
3712 665
3713 661
3714 654
3715 626
3716 609
3717 575
3718 580
3719 555
3720 579
3721 557
3722 534
3723 553
3724 556
3725 504
3726 488
3727 511
3728 514
3729 525
3730 551
3731 565
3732 572
3733 580
3734 626
3735 642
3736 672
3737 701
3738 691
3739 665
3740 645
3741 662
3742 632
3743 655
3744 710
3745 734
3746 762
3747 770
3748 806
3749 847
3750 877
3751 834
3752 891
3753 835
3754 838
3755 809
3756 815
3757 793
3758 744
3759 758
3760 735
3761 772
3762 720
3763 712
3764 719
3765 714
3766 731
3767 680
3768 701
3769 705
3770 700
3771 742
3772 751
3773 737
3774 766
3775 749
3776 745
3777 767
3778 748
3779 752
3780 755
3781 737
3782 738
3783 740
3784 750
3785 726
3786 726
3787 733
3788 734
3789 732
3790 714
3791 716
3792 737
3793 736
3794 767
3795 751
3796 698
3797 721
3798 687
3799 637
3800 698
3801 735
3802 766
3803 736
3804 727
3805 714
3806 733
3807 759
3808 810
3809 853
3810 887
3811 849
3812 845
3813 822
3814 801
3815 776
3816 778
3817 785
3818 763
3819 739
3820 731
3821 730
3822 769
3823 805
3824 834
3825 790
3826 797
3827 818
3828 794
3829 762
3830 744
3831 714
3832 703
3833 697
3834 705
3835 680
3836 630
3837 631
3838 568
3839 567
3840 561
3841 538
3842 578
3843 573
3844 562
3845 553
3846 562
3847 602
3848 608
3849 576
3850 569
3851 555
3852 540
3853 530
3854 486
3855 493
3856 517
3857 522
3858 512
3859 529
3860 546
3861 521
3862 562
3863 568
3864 543
3865 516
3866 524
3867 526
3868 512
3869 527
3870 511
3871 524
3872 522
3873 544
3874 569
3875 552
3876 512
3877 504
3878 524
3879 554
3880 581
3881 588
3882 607
3883 630
3884 633
3885 681
3886 660
3887 673
3888 694
3889 716
3890 695
3891 644
3892 635
3893 562
3894 556
3895 557
3896 560
3897 583
3898 575
3899 587
3900 539
3901 533
3902 530
3903 551
3904 574
3905 548
3906 552
3907 552
3908 510
3909 507
3910 493
3911 501
3912 500
3913 517
3914 482
3915 486
3916 526
3917 553
3918 567
3919 587
3920 599
3921 593
3922 577
3923 583
3924 572
3925 609
3926 644
3927 647
3928 660
3929 654
3930 621
3931 603
3932 645
3933 692
3934 700
3935 690
3936 669
3937 720
3938 729
3939 737
3940 723
3941 697
3942 719
3943 744
3944 725
3945 750
3946 810
3947 818
3948 862
3949 906
3950 924
3951 956
3952 925
3953 910
3954 901
3955 905
3956 893
3957 842
3958 808
3959 767
3960 746
3961 727
3962 752
3963 759
3964 732
3965 702
3966 718
3967 712
3968 713
3969 712
3970 731
3971 696
3972 671
3973 742
3974 729
3975 740
3976 714
3977 711
3978 729
3979 744
3980 708
3981 736
3982 706
3983 692
3984 706
3985 727
3986 712
3987 715
3988 700
3989 694
3990 718
3991 720
3992 759
3993 748
3994 718
3995 727
3996 769
3997 762
3998 787
3999 725
4000 664
4001 694
4002 698
4003 691
4004 653
4005 647
4006 646
4007 672
4008 694
4009 712
4010 714
4011 695
4012 707
4013 664
4014 718
4015 756
4016 776
4017 761
4018 743
4019 761
4020 763
4021 794
4022 787
4023 806
4024 860
4025 846
4026 823
4027 829
4028 862
4029 880
4030 912
4031 937
4032 908
4033 985
4034 984
4035 990
4036 990
4037 1059
4038 1099
4039 1121
4040 1109
4041 1088
4042 1081
4043 1037
4044 1057
4045 1084
4046 1087
4047 1064
4048 1106
4049 1143
4050 1115
4051 1096
4052 1165
4053 1133
4054 1093
4055 1078
4056 1094
4057 1112
4058 1146
4059 1119
4060 1164
4061 1182
4062 1188
4063 1183
4064 1194
4065 1220
4066 1237
4067 1252
4068 1294
4069 1312
4070 1308
4071 1326
4072 1379
4073 1398
4074 1417
4075 1397
4076 1404
4077 1393
4078 1368
4079 1286
4080 1314
4081 1343
4082 1351
4083 1334
4084 1405
4085 1435
4086 1474
4087 1443
4088 1356
4089 1400
4090 1384
4091 1314
4092 1290
4093 1253
4094 1280
4095 1347
4096 1315
4097 1316
4098 1330
4099 1339
4100 1386
4101 1439
4102 1454
4103 1402
4104 1439
4105 1447
4106 1425
4107 1417
4108 1462
4109 1443
4110 1507
4111 1539
4112 1514
4113 1535
4114 1550
4115 1590
4116 1639
4117 1702
4118 1685
4119 1672
4120 1724
4121 1803
4122 1842
4123 1831
4124 1852
4125 1843
4126 1875
4127 1889
4128 1856
4129 1891
4130 1890
4131 1860
4132 1872
4133 1896
4134 1887
4135 1842
4136 1793
4137 1758
4138 1715
4139 1629
4140 1544
4141 1555
4142 1499
4143 1493
4144 1518
4145 1559
4146 1600
4147 1598
4148 1620
4149 1665
4150 1694
4151 1631
4152 1589
4153 1642
4154 1632
4155 1580
4156 1614
4157 1603
4158 1628
4159 1533
4160 1553
4161 1502
4162 1467
4163 1518
4164 1474
4165 1457
4166 1423
4167 1417
4168 1431
4169 1444
4170 1466
4171 1457
4172 1500
4173 1459
4174 1436
4175 1414
4176 1429
4177 1409
4178 1469
4179 1430
4180 1405
4181 1363
4182 1325
4183 1344
4184 1352
4185 1324
4186 1332
4187 1387
4188 1414
4189 1493
4190 1489
4191 1459
4192 1458
4193 1448
4194 1441
4195 1389
4196 1331
4197 1414
4198 1375
4199 1374
4200 1384
4201 1408
4202 1426
4203 1411
4204 1418
4205 1368
4206 1408
4207 1451
4208 1436
4209 1435
4210 1474
4211 1508
4212 1512
4213 1507
4214 1490
4215 1501
4216 1466
4217 1515
4218 1522
4219 1534
4220 1514
4221 1555
4222 1482
4223 1434
4224 1449
4225 1416
4226 1411
4227 1369
4228 1397
4229 1445
4230 1437
4231 1463
4232 1463
4233 1509
4234 1501
4235 1474
4236 1529
4237 1550
4238 1530
4239 1521
4240 1538
4241 1563
4242 1576
4243 1506
4244 1583
4245 1662
4246 1653
4247 1665
4248 1619
4249 1613
4250 1651
4251 1711
4252 1736
4253 1724
4254 1773
4255 1808
4256 1777
4257 1815
4258 1785
4259 1761
4260 1807
4261 1800
4262 1857
4263 1908
4264 1911
4265 1989
4266 1989
4267 1983
4268 2018
4269 1983
4270 1998
4271 1975
4272 1937
4273 1923
4274 1944
4275 1903
4276 1864
4277 1824
4278 1834
4279 1754
4280 1735
4281 1707
4282 1692
4283 1711
4284 1743
4285 1779
4286 1764
4287 1762
4288 1766
4289 1811
4290 1869
4291 1780
4292 1780
4293 1838
4294 1820
4295 1826
4296 1865
4297 1891
4298 1940
4299 1924
4300 1861
4301 1837
4302 1848
4303 1782
4304 1805
4305 1764
4306 1728
4307 1721
4308 1686
4309 1678
4310 1758
4311 1801
4312 1808
4313 1769
4314 1755
4315 1734
4316 1728
4317 1645
4318 1655
4319 1681
4320 1702
4321 1698
4322 1639
4323 1556
4324 1557
4325 1513
4326 1487
4327 1438
4328 1368
4329 1312
4330 1370
4331 1398
4332 1444
4333 1460
4334 1478
4335 1446
4336 1462
4337 1451
4338 1439
4339 1428
4340 1436
4341 1487
4342 1450
4343 1441
4344 1454
4345 1401
4346 1373
4347 1380
4348 1368
4349 1358
4350 1348
4351 1380
4352 1413
4353 1472
4354 1494
4355 1457
4356 1436
4357 1475
4358 1523
4359 1542
4360 1523
4361 1538
4362 1558
4363 1559
4364 1601
4365 1596
4366 1643
4367 1617
4368 1581
4369 1587
4370 1537
4371 1573
4372 1572
4373 1572
4374 1537
4375 1575
4376 1537
4377 1513
4378 1522
4379 1519
4380 1560
4381 1573
4382 1588
4383 1587
4384 1524
4385 1560
4386 1565
4387 1533
4388 1529
4389 1530
4390 1554
4391 1569
4392 1536
4393 1547
4394 1538
4395 1483
4396 1457
4397 1378
4398 1394
4399 1437
4400 1486
4401 1484
4402 1485
4403 1540
4404 1488
4405 1533
4406 1571
4407 1596
4408 1577
4409 1561
4410 1562
4411 1520
4412 1465
4413 1532
4414 1425
4415 1473
4416 1415
4417 1432
4418 1377
4419 1402
4420 1436
4421 1389
4422 1358
4423 1319
4424 1338
4425 1342
4426 1354
4427 1354
4428 1338
4429 1327
4430 1345
4431 1297
4432 1250
4433 1231
4434 1197
4435 1254
4436 1287
4437 1271
4438 1239
4439 1282
4440 1257
4441 1253
4442 1265
4443 1314
4444 1282
4445 1321
4446 1317
4447 1266
4448 1260
4449 1296
4450 1308
4451 1322
4452 1348
4453 1327
4454 1336
4455 1356
4456 1339
4457 1283
4458 1237
4459 1266
4460 1245
4461 1233
4462 1277
4463 1297
4464 1303
4465 1254
4466 1283
4467 1301
4468 1335
4469 1344
4470 1355
4471 1369
4472 1331
4473 1285
4474 1282
4475 1288
4476 1315
4477 1389
4478 1359
4479 1378
4480 1410
4481 1447
4482 1511
4483 1505
4484 1493
4485 1454
4486 1394
4487 1359
4488 1329
4489 1318
4490 1276
4491 1269
4492 1246
4493 1211
4494 1288
4495 1328
4496 1337
4497 1332
4498 1333
4499 1349
4500 1342
4501 1381
4502 1337
4503 1361
4504 1325
4505 1313
4506 1352
4507 1368
4508 1409
4509 1366
4510 1393
4511 1372
4512 1366
4513 1355
4514 1341
4515 1315
4516 1317
4517 1225
4518 1214
4519 1224
4520 1162
4521 1139
4522 1121
4523 1114
4524 1162
4525 1135
4526 1112
4527 1060
4528 997
4529 1038
4530 1020
4531 985
4532 962
4533 981
4534 1022
4535 1024
4536 1002
4537 999
4538 966
4539 914
4540 910
4541 960
4542 998
4543 968
4544 945
4545 974
4546 953
4547 950
4548 939
4549 920
4550 924
4551 890
4552 892
4553 886
4554 840
4555 866
4556 901
4557 819
4558 806
4559 770
4560 761
4561 781
4562 798
4563 781
4564 731
4565 735
4566 760
4567 744
4568 711
4569 743
4570 776
4571 748
4572 741
4573 704
4574 691
4575 633
4576 631
4577 616
4578 610
4579 598
4580 602
4581 551
4582 611
4583 564
4584 576
4585 593
4586 593
4587 608
4588 623
4589 572
4590 589
4591 595
4592 599
4593 626
4594 638
4595 618
4596 635
4597 622
4598 620
4599 622
4600 652
4601 659
4602 670
4603 691
4604 680
4605 712
4606 695
4607 650
4608 652
4609 701
4610 706
4611 685
4612 664
4613 670
4614 672
4615 712
4616 730
4617 737
4618 712
4619 686
4620 643
4621 643
4622 638
4623 648
4624 674
4625 702
4626 685
4627 651
4628 645
4629 633
4630 590
4631 620
4632 614
4633 627
4634 659
4635 621
4636 625
4637 612
4638 613
4639 580
4640 578
4641 559
4642 571
4643 592
4644 618
4645 616
4646 624
4647 547
4648 493
4649 494
4650 517
4651 501
4652 512
4653 487
4654 487
4655 507
4656 504
4657 496
4658 480
4659 481
4660 462
4661 438
4662 400
4663 381
4664 373
4665 364
4666 375
4667 388
4668 374
4669 387
4670 402
4671 418
4672 422
4673 407
4674 391
4675 410
4676 408
4677 463
4678 470
4679 458
4680 475
4681 504
4682 502
4683 505
4684 527
4685 522
4686 489
4687 480
4688 486
4689 491
4690 453
4691 460
4692 422
4693 457
4694 475
4695 496
4696 514
4697 511
4698 503
4699 490
4700 479
4701 486
4702 500
4703 498
4704 491
4705 473
4706 427
4707 436
4708 449
4709 454
4710 438
4711 452
4712 447
4713 467
4714 439
4715 434
4716 479
4717 473
4718 505
4719 488
4720 490
4721 529
4722 508
4723 519
4724 543
4725 579
4726 570
4727 551
4728 554
4729 565
4730 569
4731 598
4732 638
4733 629
4734 653
4735 655
4736 643
4737 643
4738 653
4739 640
4740 606
4741 589
4742 551
4743 523
4744 519
4745 532
4746 515
4747 507
4748 514
4749 482
4750 484
4751 488
4752 501
4753 482
4754 470
4755 480
4756 489
4757 463
4758 509
4759 473
4760 461
4761 496
4762 472
4763 505
4764 468
4765 474
4766 460
4767 452
4768 469
4769 482
4770 504
4771 493
4772 526
4773 495
4774 444
4775 455
4776 431
4777 449
4778 477
4779 501
4780 511
4781 542
4782 581
4783 569
4784 567
4785 534
4786 547
4787 513
4788 551
4789 546
4790 546
4791 547
4792 544
4793 505
4794 528
4795 500
4796 518
4797 514
4798 520
4799 529
4800 540
4801 558
4802 542
4803 532
4804 518
4805 523
4806 525
4807 531
4808 520
4809 521
4810 515
4811 521
4812 548
4813 532
4814 534
4815 540
4816 542
4817 562
4818 547
4819 564
4820 530
4821 494
4822 472
4823 472
4824 514
4825 512
4826 507
4827 486
4828 488
4829 462
4830 474
4831 464
4832 460
4833 429
4834 434
4835 409
4836 437
4837 423
4838 432
4839 424
4840 428
4841 408
4842 385
4843 414
4844 416
4845 443
4846 418
4847 412
4848 422
4849 401
4850 404
4851 410
4852 459
4853 450
4854 483
4855 490
4856 501
4857 501
4858 532
4859 530
4860 513
4861 491
4862 501
4863 505
4864 511
4865 528
4866 504
4867 519
4868 491
4869 484
4870 542
4871 563
4872 553
4873 575
4874 506
4875 490
4876 518
4877 529
4878 542
4879 534
4880 536
4881 561
4882 546
4883 568
4884 555
4885 538
4886 544
4887 513
4888 544
4889 528
4890 516
4891 508
4892 504
4893 504
4894 511
4895 560
4896 569
4897 554
4898 556
4899 587
4900 592
4901 609
4902 580
4903 522
4904 506
4905 492
4906 488
4907 472
4908 488
4909 485
4910 534
4911 529
4912 568
4913 593
4914 623
4915 609
4916 636
4917 609
4918 606
4919 606
4920 611
4921 587
4922 545
4923 564
4924 578
4925 582
4926 604
4927 584
4928 582
4929 592
4930 632
4931 648
4932 662
4933 666
4934 671
4935 708
4936 724
4937 729
4938 766
4939 715
4940 728
4941 721
4942 684
4943 706
4944 734
4945 748
4946 728
4947 692
4948 640
4949 621
4950 664
4951 635
4952 636
4953 607
4954 666
4955 672
4956 670
4957 709
4958 661
4959 674
4960 672
4961 640
4962 649
4963 614
4964 623
4965 608
4966 644
4967 683
4968 669
4969 660
4970 615
4971 626
4972 623
4973 599
4974 584
4975 608
4976 609
4977 607
4978 584
4979 564
4980 563
4981 552
4982 574
4983 559
4984 572
4985 601
4986 590
4987 591
4988 582
4989 541
4990 535
4991 544
4992 573
4993 612
4994 626
4995 606
4996 629
4997 621
4998 603
4999 608
5000 627
5001 591
5002 567
5003 554
5004 560
5005 594
5006 597
5007 610
5008 590
5009 569
5010 561
5011 586
5012 610
5013 606
5014 593
5015 590
5016 552
5017 548
5018 516
5019 532
5020 556
5021 527
5022 533
5023 539
5024 539
5025 533
5026 509
5027 499
5028 512
5029 482
5030 470
5031 487
5032 507
5033 562
5034 602
5035 605
5036 621
5037 629
5038 684
5039 653
5040 622
5041 634
5042 644
5043 665
5044 656
5045 690
5046 733
5047 701
5048 744
5049 702
5050 716
5051 701
5052 713
5053 728
5054 718
5055 738
5056 714
5057 682
5058 684
5059 611
5060 583
5061 615
5062 628
5063 671
5064 640
5065 639
5066 655
5067 699
5068 704
5069 696
5070 651
5071 664
5072 658
5073 641
5074 637
5075 659
5076 653
5077 662
5078 681
5079 682
5080 704
5081 705
5082 711
5083 665
5084 665
5085 635
5086 629
5087 612
5088 573
5089 611
5090 575
5091 582
5092 578
5093 539
5094 571
5095 544
5096 549
5097 540
5098 520
5099 477
5100 495
5101 482
5102 528
5103 538
5104 544
5105 558
5106 529
5107 550
5108 555
5109 572
5110 591
5111 554
5112 497
5113 478
5114 435
5115 449
5116 439
5117 459
5118 507
5119 496
5120 468
5121 485
5122 518
5123 523
5124 524
5125 537
5126 562
5127 569
5128 573
5129 560
5130 559
5131 526
5132 540
5133 529
5134 500
5135 491
5136 491
5137 463
5138 480
5139 473
5140 495
5141 495
5142 484
5143 447
5144 496
5145 534
5146 537
5147 523
5148 557
5149 559
5150 552
5151 559
5152 543
5153 532
5154 562
5155 563
5156 547
5157 516
5158 475
5159 450
5160 433
5161 396
5162 389
5163 398
5164 434
5165 444
5166 414
5167 399
5168 434
5169 476
5170 483
5171 501
5172 505
5173 487
5174 475
5175 453
5176 421
5177 396
5178 430
5179 444
5180 462
5181 459
5182 446
5183 438
5184 443
5185 445
5186 446
5187 457
5188 454
5189 470
5190 448
5191 422
5192 422
5193 411
5194 397
5195 381
5196 415
5197 391
5198 391
5199 399
5200 384
5201 362
5202 356
5203 359
5204 343
5205 345
5206 359
5207 382
5208 361
5209 384
5210 394
5211 369
5212 355
5213 376
5214 363
5215 364
5216 363
5217 358
5218 365
5219 363
5220 355
5221 353
5222 366
5223 389
5224 437
5225 393
5226 390
5227 417
5228 416
5229 421
5230 403
5231 378
5232 376
5233 413
5234 388
5235 377
5236 370
5237 330
5238 297
5239 295
5240 287
5241 309
5242 319
5243 327
5244 312
5245 335
5246 333
5247 337
5248 345
5249 339
5250 326
5251 325
5252 327
5253 297
5254 279
5255 297
5256 296
5257 317
5258 346
5259 337
5260 307
5261 299
5262 296
5263 296
5264 299
5265 284
5266 284
5267 270
5268 263
5269 261
5270 243
5271 256
5272 252
5273 240
5274 232
5275 226
5276 239
5277 255
5278 246
5279 228
5280 232
5281 237
5282 245
5283 252
5284 259
5285 247
5286 238
5287 265
5288 265
5289 248
5290 259
5291 271
5292 288
5293 249
5294 270
5295 277
5296 282
5297 296
5298 304
5299 313
5300 299
5301 279
5302 268
5303 241
5304 250
5305 251
5306 247
5307 223
5308 241
5309 256
5310 238
5311 242
5312 224
5313 233
5314 244
5315 275
5316 291
5317 290
5318 281
5319 257
5320 273
5321 259
5322 255
5323 239
5324 248
5325 258
5326 282
5327 293
5328 284
5329 269
5330 267
5331 261
5332 266
5333 271
5334 279
5335 312
5336 349
5337 336
5338 353
5339 350
5340 341
5341 340
5342 339
5343 307
5344 294
5345 271
5346 258
5347 224
5348 233
5349 223
5350 223
5351 208
5352 223
5353 244
5354 233
5355 252
5356 258
5357 247
5358 279
5359 269
5360 271
5361 262
5362 259
5363 271
5364 257
5365 274
5366 275
5367 279
5368 309
5369 302
5370 265
5371 246
5372 227
5373 231
5374 245
5375 250
5376 262
5377 254
5378 241
5379 254
5380 257
5381 257
5382 258
5383 280
5384 263
5385 259
5386 248
5387 272
5388 300
5389 283
5390 289
5391 272
5392 267
5393 263
5394 271
5395 255
5396 265
5397 271
5398 306
5399 327
5400 342
5401 350
5402 360
5403 362
5404 343
5405 355
5406 385
5407 379
5408 376
5409 405
5410 373
5411 361
5412 322
5413 325
5414 312
5415 304
5416 304
5417 303
5418 328
5419 338
5420 315
5421 288
5422 256
5423 251
5424 233
5425 246
5426 259
5427 247
5428 229
5429 235
5430 232
5431 233
5432 226
5433 250
5434 239
5435 244
5436 255
5437 256
5438 268
5439 251
5440 253
5441 262
5442 244
5443 264
5444 276
5445 255
5446 233
5447 241
5448 252
5449 246
5450 266
5451 263
5452 267
5453 259
5454 273
5455 281
5456 273
5457 290
5458 301
5459 307
5460 323
5461 327
5462 346
5463 354
5464 307
5465 367
5466 367
5467 331
5468 345
5469 303
5470 279
5471 269
5472 240
5473 261
5474 239
5475 258
5476 244
5477 241
5478 228
5479 206
5480 179
5481 183
5482 192
5483 185
5484 190
5485 187
5486 190
5487 197
5488 208
5489 213
5490 194
5491 167
5492 184
5493 180
5494 177
5495 181
5496 164
5497 167
5498 161
5499 153
5500 159
5501 154
5502 161
5503 152
5504 155
5505 153
5506 140
5507 150
5508 146
5509 150
5510 153
5511 150
5512 165
5513 158
5514 167
5515 169
5516 164
5517 160
5518 151
5519 133
5520 127
5521 124
5522 128
5523 132
5524 123
5525 134
5526 141
5527 137
5528 112
5529 105
5530 102
5531 107
5532 96
5533 114
5534 100
5535 106
5536 96
5537 93
5538 104
5539 98
5540 105
5541 114
5542 113
5543 119
5544 120
5545 112
5546 103
5547 100
5548 95
5549 83
5550 88
5551 87
5552 78
5553 98
5554 86
5555 83
5556 100
5557 98
5558 112
5559 116
5560 112
5561 117
5562 105
5563 123
5564 117
5565 123
5566 127
5567 116
5568 109
5569 112
5570 114
5571 107
5572 116
5573 99
5574 123
5575 113
5576 129
5577 143
5578 128
5579 117
5580 106
5581 114
5582 117
5583 138
5584 140
5585 134
5586 148
5587 171
5588 167
5589 166
5590 166
5591 161
5592 167
5593 172
5594 146
5595 149
5596 170
5597 168
5598 171
5599 167
5600 173
5601 162
5602 160
5603 161
5604 166
5605 181
5606 192
5607 206
5608 203
5609 198
5610 184
5611 199
5612 190
5613 180
5614 184
5615 173
5616 160
5617 157
5618 150
5619 150
5620 138
5621 146
5622 130
5623 132
5624 137
5625 127
5626 111
5627 106
5628 103
5629 106
5630 109
5631 118
5632 110
5633 92
5634 108
5635 106
5636 114
5637 126
5638 137
5639 132
5640 137
5641 130
5642 131
5643 125
5644 119
5645 123
5646 116
5647 112
5648 101
5649 101
5650 106
5651 108
5652 122
5653 130
5654 109
5655 100
5656 94
5657 87
5658 91
5659 104
5660 92
5661 92
5662 106
5663 117
5664 110
5665 100
5666 105
5667 102
5668 98
5669 92
5670 71
5671 68
5672 76
5673 87
5674 74
5675 66
5676 90
5677 82
5678 69
5679 53
5680 38
5681 36
5682 34
5683 30
5684 31
5685 29
5686 31
5687 31
5688 33
5689 31
5690 25
5691 25
5692 21
5693 23
5694 27
5695 35
5696 42
5697 37
5698 39
5699 38
5700 50
5701 50
5702 52
5703 57
5704 72
5705 69
5706 74
5707 71
5708 73
5709 75
5710 78
5711 84
5712 87
5713 78
5714 85
5715 83
5716 80
5717 76
5718 68
5719 50
5720 60
5721 60
5722 63
5723 67
5724 69
5725 65
5726 67
5727 61
5728 61
5729 71
5730 78
5731 67
5732 43
5733 42
5734 38
5735 38
5736 28
5737 31
5738 31
5739 41
5740 33
5741 45
5742 52
5743 61
5744 53
5745 42
5746 41
5747 63
5748 68
5749 68
5750 70
5751 53
5752 48
5753 54
5754 51
5755 50
5756 45
5757 52
5758 47
5759 48
5760 34
5761 26
5762 26
5763 28
5764 32
5765 37
5766 38
5767 36
5768 43
5769 46
5770 40
5771 45
5772 40
5773 39
5774 48
5775 55
5776 52
5777 58
5778 53
5779 58
5780 76
5781 78
5782 68
5783 64
5784 65
5785 66
5786 61
5787 58
5788 62
5789 73
5790 94
5791 80
5792 73
5793 65
5794 58
5795 62
5796 53
5797 48
5798 51
5799 44
5800 53
5801 44
5802 41
5803 50
5804 53
5805 45
5806 55
5807 55
5808 74
5809 70
5810 70
5811 83
5812 92
5813 99
5814 107
5815 109
5816 98
5817 108
5818 119
5819 127
5820 134
5821 120
5822 112
5823 126
5824 141
5825 141
5826 174
5827 188
5828 205
5829 220
5830 231
5831 236
5832 238
5833 234
5834 242
5835 241
5836 249
5837 269
5838 287
5839 272
5840 258
5841 257
5842 256
5843 253
5844 250
5845 246
5846 281
5847 269
5848 261
5849 267
5850 272
5851 298
5852 294
5853 286
5854 262
5855 264
5856 264
5857 283
5858 299
5859 283
5860 285
5861 270
5862 281
5863 275
5864 281
5865 290
5866 264
5867 274
5868 252
5869 221
5870 220
5871 217
5872 237
5873 251
5874 231
5875 251
5876 253
5877 252
5878 260
5879 270
5880 254
5881 258
5882 247
5883 262
5884 259
5885 272
5886 293
5887 305
5888 327
5889 300
5890 272
5891 254
5892 259
5893 267
5894 288
5895 286
5896 295
5897 307
5898 329
5899 323
5900 310
5901 369
5902 383
5903 373
5904 355
5905 376
5906 360
5907 370
5908 333
5909 314
5910 310
5911 290
5912 294
5913 269
5914 260
5915 237
5916 255
5917 254
5918 234
5919 215
5920 220
5921 225
5922 218
5923 230
5924 221
5925 241
5926 245
5927 245
5928 247
5929 251
5930 255
5931 254
5932 254
5933 253
5934 255
5935 260
5936 234
5937 240
5938 228
5939 231
5940 262
5941 246
5942 289
5943 257
5944 255
5945 233
5946 228
5947 239
5948 240
5949 244
5950 258
5951 275
5952 304
5953 325
5954 317
5955 300
5956 291
5957 284
5958 255
5959 260
5960 241
5961 268
5962 263
5963 252
5964 279
5965 276
5966 263
5967 264
5968 249
5969 244
5970 244
5971 240
5972 245
5973 238
5974 238
5975 247
5976 242
5977 243
5978 239
5979 250
5980 261
5981 281
5982 254
5983 223
5984 210
5985 189
5986 173
5987 175
5988 152
5989 171
5990 196
5991 180
5992 183
5993 184
5994 195
5995 207
5996 189
5997 187
5998 194
5999 196
6000 182
6001 177
6002 184
6003 155
6004 154
6005 149
6006 164
6007 166
6008 167
6009 172
6010 183
6011 167
6012 160
6013 162
6014 180
6015 162
6016 155
6017 161
6018 174
6019 179
6020 192
6021 180
6022 175
6023 170
6024 191
6025 197
6026 180
6027 206
6028 212
6029 214
6030 191
6031 184
6032 174
6033 196
6034 196
6035 192
6036 181
6037 160
6038 142
6039 149
6040 146
6041 159
6042 147
6043 146
6044 158
6045 155
6046 153
6047 140
6048 155
6049 169
6050 141
6051 136
6052 132
6053 146
6054 135
6055 125
6056 127
6057 135
6058 129
6059 132
6060 133
6061 128
6062 121
6063 128
6064 139
6065 139
6066 133
6067 125
6068 139
6069 141
6070 156
6071 172
6072 173
6073 182
6074 194
6075 206
6076 186
6077 192
6078 183
6079 200
6080 226
6081 228
6082 247
6083 224
6084 237
6085 238
6086 217
6087 216
6088 225
6089 235
6090 230
6091 226
6092 228
6093 236
6094 229
6095 209
6096 194
6097 175
6098 159
6099 164
6100 183
6101 176
6102 178
6103 170
6104 177
6105 185
6106 183
6107 188
6108 178
6109 200
6110 213
6111 213
6112 207
6113 190
6114 192
6115 186
6116 169
6117 170
6118 176
6119 174
6120 176
6121 193
6122 215
6123 202
6124 202
6125 199
6126 212
6127 187
6128 194
6129 206
6130 206
6131 215
6132 222
6133 204
6134 203
6135 216
6136 200
6137 194
6138 187
6139 199
6140 201
6141 180
6142 181
6143 183
6144 187
6145 178
6146 172
6147 170
6148 160
6149 159
6150 161
6151 156
6152 184
6153 171
6154 194
6155 183
6156 211
6157 238
6158 243
6159 259
6160 267
6161 255
6162 218
6163 225
6164 244
6165 266
6166 281
6167 286
6168 265
6169 277
6170 282
6171 276
6172 269
6173 270
6174 268
6175 260
6176 245
6177 256
6178 267
6179 287
6180 306
6181 283
6182 303
6183 327
6184 313
6185 297
6186 306
6187 319
6188 328
6189 294
6190 294
6191 295
6192 286
6193 265
6194 289
6195 270
6196 287
6197 280
6198 276
6199 253
6200 249
6201 262
6202 264
6203 262
6204 259
6205 280
6206 250
6207 232
6208 253
6209 230
6210 245
6211 252
6212 276
6213 252
6214 277
6215 249
6216 247
6217 270
6218 277
6219 253
6220 249
6221 260
6222 289
6223 289
6224 305
6225 288
6226 288
6227 285
6228 275
6229 248
6230 224
6231 238
6232 203
6233 224
6234 188
6235 163
6236 169
6237 192
6238 186
6239 202
6240 196
6241 216
6242 204
6243 218
6244 208
6245 219
6246 229
6247 257
6248 261
6249 266
6250 291
6251 295
6252 303
6253 334
6254 320
6255 344
6256 334
6257 353
6258 350
6259 346
6260 314
6261 343
6262 358
6263 350
6264 351
6265 379
6266 410
6267 387
6268 369
6269 388
6270 392
6271 403
6272 407
6273 417
6274 398
6275 416
6276 418
6277 432
6278 405
6279 416
6280 402
6281 387
6282 387
6283 394
6284 386
6285 391
6286 386
6287 424
6288 419
6289 443
6290 482
6291 496
6292 475
6293 434
6294 425
6295 407
6296 404
6297 362
6298 383
6299 409
6300 396
6301 434
6302 415
6303 386
6304 396
6305 382
6306 394
6307 405
6308 389
6309 411
6310 395
6311 351
6312 387
6313 410
6314 413
6315 404
6316 453
6317 425
6318 391
6319 414
6320 416
6321 396
6322 392
6323 401
6324 419
6325 442
6326 461
6327 461
6328 447
6329 453
6330 444
6331 430
6332 452
6333 443
6334 440
6335 401
6336 407
6337 390
6338 383
6339 377
6340 393
6341 375
6342 377
6343 338
6344 333
6345 313
6346 316
6347 358
6348 338
6349 331
6350 310
6351 285
6352 288
6353 302
6354 304
6355 302
6356 329
6357 325
6358 330
6359 326
6360 306
6361 296
6362 301
6363 271
6364 269
6365 263
6366 268
6367 255
6368 229
6369 218
6370 209
6371 189
6372 176
6373 180
6374 170
6375 157
6376 174
6377 178
6378 154
6379 131
6380 102
6381 98
6382 101
6383 104
6384 104
6385 100
6386 96
6387 85
6388 80
6389 88
6390 86
6391 86
6392 68
6393 62
6394 59
6395 45
6396 50
6397 55
6398 51
6399 45
6400 54
6401 51
6402 52
6403 52
6404 50
6405 54
6406 47
6407 32
6408 32
6409 26
6410 28
6411 25
6412 23
6413 23
6414 31
6415 32
6416 21
6417 20
6418 19
6419 23
6420 31
6421 42
6422 38
6423 35
6424 44
6425 34
6426 30
6427 33
6428 26
6429 24
6430 19
6431 23
6432 23
6433 22
6434 18
6435 15
6436 29
6437 32
6438 31
6439 31
6440 41
6441 37
6442 39
6443 47
6444 66
6445 71
6446 58
6447 63
6448 57
6449 70
6450 66
6451 69
6452 76
6453 81
6454 88
6455 98
6456 95
6457 91
6458 95
6459 83
6460 81
6461 70
6462 71
6463 81
6464 76
6465 63
6466 70
6467 77
6468 79
6469 83
6470 80
6471 67
6472 65
6473 72
6474 78
6475 68
6476 81
6477 74
6478 83
6479 78
6480 70
6481 74
6482 68
6483 70
6484 73
6485 77
6486 68
6487 67
6488 69
6489 63
6490 63
6491 61
6492 68
6493 74
6494 76
6495 70
6496 77
6497 66
6498 70
6499 52
6500 42
6501 51
6502 61
6503 74
6504 77
6505 73
6506 74
6507 61
6508 64
6509 62
6510 55
6511 59
6512 57
6513 59
6514 58
6515 61
6516 60
6517 69
6518 79
6519 76
6520 74
6521 81
6522 77
6523 90
6524 94
6525 92
6526 110
6527 105
6528 102
6529 109
6530 97
6531 94
6532 94
6533 87
6534 91
6535 83
6536 92
6537 83
6538 90
6539 99
6540 110
6541 110
6542 112
6543 114
6544 121
6545 113
6546 123
6547 127
6548 134
6549 149
6550 140
6551 140
6552 117
6553 119
6554 137
6555 151
6556 167
6557 164
6558 156
6559 171
6560 178
6561 167
6562 142
6563 136
6564 150
6565 153
6566 157
6567 174
6568 146
6569 129
6570 120
6571 117
6572 125
6573 110
6574 99
6575 93
6576 99
6577 98
6578 87
6579 92
6580 97
6581 113
6582 125
6583 119
6584 141
6585 159
6586 172
6587 198
6588 198
6589 202
6590 194
6591 190
6592 189
6593 195
6594 203
6595 229
6596 235
6597 232
6598 235
6599 251
6600 248
6601 242
6602 270
6603 275
6604 265
6605 253
6606 263
6607 260
6608 273
6609 270
6610 245
6611 235
6612 218
6613 208
6614 182
6615 173
6616 158
6617 170
6618 162
6619 150
6620 145
6621 141
6622 144
6623 155
6624 139
6625 156
6626 161
6627 164
6628 155
6629 146
6630 132
6631 144
6632 141
6633 156
6634 172
6635 172
6636 155
6637 162
6638 176
6639 163
6640 173
6641 170
6642 186
6643 193
6644 197
6645 213
6646 224
6647 251
6648 257
6649 268
6650 270
6651 255
6652 248
6653 231
6654 247
6655 288
6656 333
6657 329
6658 306
6659 312
6660 302
6661 303
6662 302
6663 270
6664 266
6665 277
6666 282
6667 270
6668 273
6669 268
6670 277
6671 247
6672 268
6673 289
6674 305
6675 303
6676 317
6677 313
6678 353
6679 385
6680 347
6681 360
6682 391
6683 361
6684 350
6685 329
6686 333
6687 314
6688 323
6689 285
6690 278
6691 281
6692 280
6693 255
6694 247
6695 234
6696 231
6697 231
6698 238
6699 213
6700 199
6701 198
6702 195
6703 168
6704 158
6705 175
6706 188
6707 179
6708 174
6709 176
6710 171
6711 146
6712 155
6713 174
6714 183
6715 190
6716 193
6717 193
6718 195
6719 237
6720 233
6721 265
6722 275
6723 306
6724 306
6725 300
6726 313
6727 324
6728 354
6729 356
6730 340
6731 331
6732 317
6733 327
6734 336
6735 348
6736 367
6737 343
6738 348
6739 350
6740 374
6741 359
6742 375
6743 338
6744 386
6745 350
6746 336
6747 343
6748 357
6749 353
6750 347
6751 352
6752 330
6753 327
6754 347
6755 346
6756 330
6757 311
6758 329
6759 327
6760 356
6761 362
6762 336
6763 334
6764 286
6765 302
6766 277
6767 292
6768 284
6769 266
6770 263
6771 278
6772 280
6773 286
6774 281
6775 271
6776 262
6777 270
6778 263
6779 258
6780 257
6781 268
6782 279
6783 286
6784 297
6785 306
6786 284
6787 278
6788 266
6789 280
6790 310
6791 329
6792 339
6793 362
6794 364
6795 381
6796 380
6797 370
6798 372
6799 373
6800 355
6801 336
6802 289
6803 315
6804 321
6805 337
6806 313
6807 285
6808 291
6809 258
6810 260
6811 249
6812 259
6813 275
6814 288
6815 292
6816 322
6817 325
6818 333
6819 348
6820 389
6821 390
6822 399
6823 412
6824 414
6825 392
6826 376
6827 416
6828 399
6829 383
6830 367
6831 382
6832 393
6833 393
6834 409
6835 444
6836 471
6837 483
6838 452
6839 462
6840 481
6841 454
6842 498
6843 477
6844 442
6845 426
6846 437
6847 441
6848 445
6849 432
6850 437
6851 459
6852 460
6853 448
6854 445
6855 461
6856 515
6857 499
6858 494
6859 517
6860 542
6861 571
6862 563
6863 546
6864 554
6865 562
6866 580
6867 607
6868 559
6869 551
6870 534
6871 550
6872 539
6873 522
6874 494
6875 525
6876 555
6877 542
6878 549
6879 588
6880 553
6881 555
6882 530
6883 517
6884 500
6885 539
6886 539
6887 540
6888 547
6889 522
6890 521
6891 520
6892 558
6893 556
6894 549
6895 596
6896 576
6897 572
6898 576
6899 586
6900 607
6901 640
6902 637
6903 615
6904 642
6905 655
6906 628
6907 651
6908 631
6909 652
6910 695
6911 704
6912 687
6913 704
6914 673
6915 689
6916 673
6917 649
6918 668
6919 672
6920 651
6921 652
6922 639
6923 633
6924 681
6925 684
6926 669
6927 689
6928 675
6929 690
6930 686
6931 675
6932 674
6933 705
6934 672
6935 689
6936 722
6937 718
6938 753
6939 756
6940 757
6941 774
6942 774
6943 756
6944 789
6945 788
6946 762
6947 745
6948 740
6949 706
6950 675
6951 650
6952 674
6953 736
6954 720
6955 719
6956 699
6957 705
6958 699
6959 714
6960 705
6961 715
6962 725
6963 733
6964 736
6965 748
6966 741
6967 692
6968 736
6969 683
6970 625
6971 636
6972 626
6973 640
6974 655
6975 659
6976 679
6977 688
6978 722
6979 706
6980 777
6981 739
6982 723
6983 693
6984 689
6985 681
6986 683
6987 698
6988 675
6989 664
6990 644
6991 658
6992 660
6993 617
6994 578
6995 580
6996 592
6997 595
6998 568
6999 624
7000 657
7001 629
7002 630
7003 608
7004 609
7005 632
7006 622
7007 629
7008 632
7009 635
7010 643
7011 650
7012 659
7013 633
7014 611
7015 575
7016 600
7017 611
7018 599
7019 573
7020 576
7021 589
7022 623
7023 606
7024 558
7025 593
7026 608
7027 584
7028 598
7029 609
7030 588
7031 559
7032 530
7033 496
7034 540
7035 579
7036 588
7037 590
7038 571
7039 558
7040 568
7041 554
7042 561
7043 570
7044 587
7045 590
7046 588
7047 589
7048 625
7049 625
7050 612
7051 597
7052 600
7053 598
7054 606
7055 566
7056 579
7057 572
7058 598
7059 582
7060 568
7061 558
7062 543
7063 538
7064 528
7065 523
7066 527
7067 505
7068 567
7069 577
7070 581
7071 638
7072 676
7073 690
7074 746
7075 734
7076 704
7077 710
7078 699
7079 669
7080 672
7081 685
7082 666
7083 689
7084 729
7085 714
7086 742
7087 724
7088 723
7089 768
7090 771
7091 733
7092 753
7093 739
7094 746
7095 734
7096 691
7097 675
7098 645
7099 678
7100 675
7101 678
7102 664
7103 682
7104 679
7105 659
7106 654
7107 651
7108 647
7109 639
7110 629
7111 662
7112 668
7113 696
7114 694
7115 725
7116 689
7117 694
7118 646
7119 652
7120 623
7121 627
7122 631
7123 579
7124 578
7125 586
7126 573
7127 580
7128 547
7129 531
7130 547
7131 552
7132 481
7133 466
7134 466
7135 476
7136 459
7137 471
7138 499
7139 539
7140 567
7141 574
7142 535
7143 544
7144 592
7145 582
7146 589
7147 614
7148 632
7149 651
7150 646
7151 633
7152 610
7153 605
7154 650
7155 657
7156 634
7157 638
7158 639
7159 645
7160 641
7161 635
7162 621
7163 613
7164 590
7165 622
7166 644
7167 641
7168 619
7169 623
7170 628
7171 606
7172 613
7173 584
7174 549
7175 577
7176 565
7177 531
7178 567
7179 580
7180 603
7181 605
7182 603
7183 550
7184 572
7185 587
7186 568
7187 564
7188 620
7189 635
7190 631
7191 634
7192 637
7193 640
7194 668
7195 684
7196 694
7197 723
7198 712
7199 726
7200 780
7201 758
7202 765
7203 786
7204 752
7205 770
7206 758
7207 759
7208 784
7209 800
7210 804
7211 816
7212 810
7213 798
7214 800
7215 781
7216 790
7217 800
7218 812
7219 782
7220 792
7221 807
7222 777
7223 771
7224 754
7225 768
7226 746
7227 769
7228 780
7229 784
7230 780
7231 781
7232 798
7233 781
7234 768
7235 773
7236 798
7237 779
7238 758
7239 779
7240 754
7241 738
7242 774
7243 778
7244 803
7245 830
7246 838
7247 856
7248 814
7249 788
7250 758
7251 735
7252 732
7253 730
7254 740
7255 699
7256 652
7257 637
7258 692
7259 698
7260 718
7261 750
7262 745
7263 762
7264 784
7265 791
7266 825
7267 816
7268 831
7269 800
7270 772
7271 750
7272 730
7273 750
7274 735
7275 748
7276 756
7277 739
7278 747
7279 722
7280 755
7281 756
7282 739
7283 730
7284 724
7285 764
7286 746
7287 709
7288 714
7289 727
7290 729
7291 780
7292 762
7293 737
7294 723
7295 686
7296 710
7297 712
7298 772
7299 770
7300 789
7301 764
7302 768
7303 748
7304 700
7305 701
7306 674
7307 704
7308 682
7309 651
7310 593
7311 609
7312 611
7313 605
7314 528
7315 545
7316 543
7317 504
7318 520
7319 505
7320 530
7321 501
7322 501
7323 496
7324 484
7325 527
7326 562
7327 545
7328 545
7329 536
7330 555
7331 514
7332 555
7333 552
7334 560
7335 568
7336 600
7337 613
7338 611
7339 634
7340 665
7341 641
7342 675
7343 681
7344 645
7345 614
7346 627
7347 575
7348 515
7349 522
7350 522
7351 558
7352 575
7353 555
7354 581
7355 586
7356 573
7357 581
7358 582
7359 569
7360 544
7361 590
7362 602
7363 611
7364 585
7365 626
7366 652
7367 624
7368 629
7369 612
7370 575
7371 573
7372 585
7373 581
7374 610
7375 549
7376 483
7377 485
7378 489
7379 467
7380 437
7381 424
7382 425
7383 459
7384 454
7385 471
7386 448
7387 482
7388 508
7389 489
7390 500
7391 472
7392 497
7393 517
7394 494
7395 500
7396 523
7397 565
7398 566
7399 553
7400 564
7401 535
7402 514
7403 524
7404 501
7405 522
7406 517
7407 523
7408 494
7409 468
7410 482
7411 468
7412 490
7413 474
7414 470
7415 457
7416 455
7417 501
7418 484
7419 497
7420 470
7421 474
7422 468
7423 463
7424 431
7425 447
7426 465
7427 450
7428 478
7429 452
7430 435
7431 448
7432 466
7433 457
7434 453
7435 433
7436 428
7437 409
7438 410
7439 416
7440 435
7441 439
7442 417
7443 421
7444 409
7445 415
7446 401
7447 429
7448 416
7449 407
7450 402
7451 407
7452 410
7453 432
7454 446
7455 440
7456 416
7457 449
7458 458
7459 457
7460 455
7461 432
7462 427
7463 417
7464 452
7465 451
7466 481
7467 460
7468 472
7469 483
7470 464
7471 419
7472 400
7473 406
7474 420
7475 409
7476 399
7477 389
7478 385
7479 376
7480 359
7481 348
7482 371
7483 357
7484 340
7485 336
7486 344
7487 303
7488 330
7489 313
7490 298
7491 311
7492 316
7493 307
7494 311
7495 331
7496 324
7497 297
7498 287
7499 287
7500 293
7501 301
7502 271
7503 289
7504 296
7505 296
7506 272
7507 261
7508 281
7509 277
7510 243
7511 261
7512 257
7513 223
7514 214
7515 247
7516 251
7517 254
7518 229
7519 246
7520 282
7521 281
7522 245
7523 243
7524 247
7525 259
7526 262
7527 264
7528 279
7529 267
7530 259
7531 256
7532 253
7533 250
7534 243
7535 264
7536 278
7537 293
7538 286
7539 259
7540 252
7541 253
7542 283
7543 311
7544 299
7545 295
7546 329
7547 335
7548 352
7549 348
7550 391
7551 386
7552 423
7553 402
7554 416
7555 394
7556 416
7557 405
7558 413
7559 422
7560 407
7561 434
7562 470
7563 486
7564 510
7565 500
7566 498
7567 555
7568 520
7569 488
7570 490
7571 483
7572 462
7573 447
7574 438
7575 414
7576 380
7577 369
7578 364
7579 395
7580 377
7581 376
7582 378
7583 357
7584 346
7585 368
7586 373
7587 384
7588 403
7589 405
7590 406
7591 406
7592 404
7593 411
7594 395
7595 410
7596 429
7597 425
7598 437
7599 436
7600 401
7601 379
7602 382
7603 387
7604 369
7605 375
7606 384
7607 390
7608 386
7609 389
7610 393
7611 394
7612 449
7613 498
7614 517
7615 536
7616 511
7617 530
7618 544
7619 567
7620 566
7621 584
7622 608
7623 573
7624 559
7625 535
7626 512
7627 505
7628 475
7629 472
7630 482
7631 541
7632 551
7633 593
7634 551
7635 534
7636 513
7637 500
7638 504
7639 513
7640 483
7641 469
7642 468
7643 480
7644 490
7645 466
7646 457
7647 455
7648 465
7649 448
7650 429
7651 460
7652 470
7653 459
7654 431
7655 409
7656 421
7657 434
7658 447
7659 455
7660 457
7661 464
7662 482
7663 472
7664 460
7665 438
7666 420
7667 404
7668 424
7669 392
7670 393
7671 375
7672 362
7673 357
7674 340
7675 331
7676 343
7677 323
7678 324
7679 320
7680 312
7681 331
7682 321
7683 339
7684 356
7685 338
7686 339
7687 338
7688 355
7689 361
7690 351
7691 342
7692 320
7693 336
7694 321
7695 312
7696 322
7697 308
7698 338
7699 329
7700 359
7701 350
7702 353
7703 345
7704 338
7705 324
7706 323
7707 310
7708 305
7709 328
7710 350
7711 357
7712 380
7713 376
7714 371
7715 382
7716 397
7717 414
7718 416
7719 419
7720 422
7721 431
7722 432
7723 415
7724 439
7725 416
7726 402
7727 428
7728 428
7729 413
7730 409
7731 390
7732 370
7733 368
7734 331
7735 330
7736 350
7737 334
7738 296
7739 300
7740 309
7741 333
7742 293
7743 289
7744 321
7745 343
7746 326
7747 310
7748 315
7749 325
7750 356
7751 358
7752 382
7753 378
7754 361
7755 352
7756 331
7757 331
7758 340
7759 383
7760 390
7761 418
7762 378
7763 394
7764 359
7765 334
7766 366
7767 352
7768 311
7769 320
7770 290
7771 303
7772 326
7773 333
7774 341
7775 346
7776 334
7777 351
7778 381
7779 388
7780 362
7781 375
7782 390
7783 411
7784 387
7785 368
7786 364
7787 342
7788 342
7789 347
7790 379
7791 364
7792 346
7793 334
7794 336
7795 340
7796 302
7797 292
7798 305
7799 320
7800 327
7801 332
7802 307
7803 317
7804 308
7805 303
7806 294
7807 299
7808 294
7809 321
7810 328
7811 293
7812 315
7813 329
7814 312
7815 313
7816 301
7817 293
7818 326
7819 320
7820 329
7821 344
7822 402
7823 399
7824 423
7825 445
7826 419
7827 441
7828 417
7829 439
7830 451
7831 481
7832 464
7833 464
7834 452
7835 446
7836 444
7837 450
7838 469
7839 505
7840 480
7841 467
7842 478
7843 445
7844 472
7845 463
7846 461
7847 476
7848 474
7849 473
7850 495
7851 522
7852 546
7853 571
7854 569
7855 541
7856 543
7857 542
7858 536
7859 542
7860 544
7861 540
7862 554
7863 514
7864 532
7865 564
7866 595
7867 573
7868 566
7869 598
7870 620
7871 591
7872 628
7873 627
7874 663
7875 621
7876 608
7877 614
7878 624
7879 653
7880 632
7881 600
7882 575
7883 606
7884 634
7885 661
7886 702
7887 688
7888 667
7889 687
7890 706
7891 729
7892 782
7893 766
7894 759
7895 780
7896 748
7897 797
7898 810
7899 782
7900 773
7901 780
7902 777
7903 793
7904 776
7905 739
7906 737
7907 734
7908 764
7909 779
7910 762
7911 772
7912 792
7913 831
7914 826
7915 837
7916 862
7917 816
7918 836
7919 857
7920 815
7921 824
7922 797
7923 760
7924 770
7925 784
7926 839
7927 796
7928 829
7929 844
7930 819
7931 776
7932 817
7933 817
7934 815
7935 819
7936 847
7937 793
7938 804
7939 770
7940 743
7941 767
7942 746
7943 735
7944 718
7945 697
7946 633
7947 635
7948 640
7949 679
7950 674
7951 692
7952 742
7953 713
7954 705
7955 699
7956 688
7957 708
7958 703
7959 690
7960 691
7961 684
7962 690
7963 681
7964 671
7965 695
7966 723
7967 718
7968 660
7969 640
7970 631
7971 697
7972 668
7973 600
7974 619
7975 623
7976 661
7977 673
7978 689
7979 721
7980 727
7981 716
7982 678
7983 727
7984 709
7985 729
7986 696
7987 674
7988 712
7989 742
7990 736
7991 736
7992 760
7993 739
7994 749
7995 722
7996 755
7997 764
7998 759
7999 714
8000 760
8001 745
8002 749
8003 745
8004 740
8005 794
8006 777
8007 772
8008 768
8009 784
8010 749
8011 725
8012 726
8013 750
8014 769
8015 757
8016 779
8017 752
8018 758
8019 785
8020 796
8021 801
8022 783
8023 774
8024 781
8025 796
8026 817
8027 817
8028 827
8029 814
8030 837
8031 816
8032 812
8033 799
8034 796
8035 736
8036 756
8037 740
8038 708
8039 703
8040 705
8041 730
8042 718
8043 711
8044 700
8045 752
8046 735
8047 756
8048 783
8049 765
8050 764
8051 797
8052 816
8053 737
8054 725
8055 702
8056 689
8057 687
8058 686
8059 638
8060 621
8061 605
8062 619
8063 612
8064 617
8065 591
8066 598
8067 626
8068 630
8069 711
8070 668
8071 690
8072 682
8073 701
8074 705
8075 732
8076 712
8077 714
8078 733
8079 745
8080 729
8081 712
8082 710
8083 704
8084 714
8085 777
8086 805
8087 832
8088 890
8089 921
8090 934
8091 984
8092 943
8093 915
8094 924
8095 951
8096 1008
8097 1044
8098 1079
8099 1055
8100 994
8101 995
8102 1027
8103 1038
8104 1011
8105 1041
8106 1033
8107 1052
8108 1049
8109 1061
8110 1061
8111 1084
8112 1049
8113 1081
8114 1068
8115 1077
8116 1091
8117 1074
8118 1097
8119 1076
8120 1055
8121 1080
8122 1086
8123 1121
8124 1111
8125 1106
8126 1077
8127 1072
8128 1102
8129 1087
8130 1133
8131 1118
8132 1170
8133 1148
8134 1155
8135 1185
8136 1144
8137 1131
8138 1121
8139 1106
8140 1130
8141 1075
8142 1076
8143 1068
8144 1065
8145 1067
8146 1099
8147 1079
8148 1045
8149 1061
8150 1046
8151 1035
8152 1015
8153 1020
8154 983
8155 1004
8156 952
8157 961
8158 965
8159 1012
8160 1031
8161 1054
8162 1057
8163 1027
8164 1024
8165 1001
8166 961
8167 970
8168 994
8169 984
8170 996
8171 1043
8172 1058
8173 1064
8174 1042
8175 1048
8176 1029
8177 1065
8178 1115
8179 1162
8180 1180
8181 1227
8182 1298
8183 1222
8184 1205
8185 1214
8186 1248
8187 1303
8188 1283
8189 1279
8190 1234
8191 1315
8192 1303
8193 1251
8194 1221
8195 1209
8196 1217
8197 1221
8198 1156
8199 1199
8200 1182
8201 1186
8202 1113
8203 1125
8204 1145
8205 1155
8206 1151
8207 1167
8208 1130
8209 1132
8210 1097
8211 1042
8212 1030
8213 1022
8214 1041
8215 983
8216 1024
8217 956
8218 942
8219 946
8220 960
8221 945
8222 961
8223 982
8224 971
8225 958
8226 997
8227 982
8228 976
8229 1002
8230 987
8231 968
8232 997
8233 1007
8234 973
8235 932
8236 929
8237 954
8238 959
8239 917
8240 915
8241 945
8242 936
8243 921
8244 891
8245 863
8246 881
8247 919
8248 881
8249 878
8250 889
8251 888
8252 891
8253 928
8254 1001
8255 1034
8256 1045
8257 991
8258 1004
8259 991
8260 990
8261 982
8262 983
8263 958
8264 955
8265 1009
8266 979
8267 939
8268 980
8269 956
8270 997
8271 1095
8272 1100
8273 1092
8274 1066
8275 1085
8276 1132
8277 1129
8278 1146
8279 1133
8280 1107
8281 1093
8282 1118
8283 1112
8284 1099
8285 1171
8286 1229
8287 1231
8288 1271
8289 1295
8290 1367
8291 1359
8292 1381
8293 1393
8294 1382
8295 1346
8296 1298
8297 1231
8298 1212
8299 1231
8300 1222
8301 1186
8302 1234
8303 1285
8304 1326
8305 1362
8306 1373
8307 1356
8308 1352
8309 1309
8310 1225
8311 1249
8312 1247
8313 1309
8314 1351
8315 1308
8316 1331
8317 1385
8318 1433
8319 1366
8320 1427
8321 1396
8322 1388
8323 1368
8324 1416
8325 1429
8326 1413
8327 1454
8328 1382
8329 1410
8330 1431
8331 1408
8332 1360
8333 1314
8334 1306
8335 1281
8336 1277
8337 1327
8338 1353
8339 1338
8340 1312
8341 1246
8342 1270
8343 1226
8344 1343
8345 1300
8346 1283
8347 1285
8348 1285
8349 1299
8350 1293
8351 1284
8352 1241
8353 1227
8354 1273
8355 1253
8356 1268
8357 1240
8358 1239
8359 1249
8360 1263
8361 1206
8362 1248
8363 1240
8364 1276
8365 1315
8366 1314
8367 1300
8368 1290
8369 1232
8370 1215
8371 1158
8372 1184
8373 1148
8374 1091
8375 1047
8376 1077
8377 1048
8378 1005
8379 1063
8380 1051
8381 1057
8382 1044
8383 1087
8384 1067
8385 1033
8386 1070
8387 1057
8388 1032
8389 1026
8390 1032
8391 1045
8392 1038
8393 1056
8394 1068
8395 1094
8396 1069
8397 1080
8398 1040
8399 1018
8400 980
8401 999
8402 985
8403 995
8404 1062
8405 1054
8406 1034
8407 1045
8408 978
8409 1021
8410 1036
8411 1029
8412 1053
8413 979
8414 1002
8415 989
8416 999
8417 932
8418 895
8419 903
8420 912
8421 908
8422 865
8423 938
8424 958
8425 945
8426 921
8427 919
8428 902
8429 858
8430 892
8431 858
8432 828
8433 854
8434 816
8435 861
8436 870
8437 917
8438 911
8439 881
8440 944
8441 986
8442 1011
8443 1021
8444 1003
8445 976
8446 934
8447 945
8448 951
8449 921
8450 919
8451 925
8452 895
8453 929
8454 914
8455 922
8456 972
8457 976
8458 966
8459 923
8460 910
8461 908
8462 918
8463 887
8464 829
8465 799
8466 833
8467 854
8468 872
8469 892
8470 899
8471 838
8472 840
8473 836
8474 875
8475 862
8476 889
8477 888
8478 899
8479 853
8480 887
8481 854
8482 867
8483 896
8484 876
8485 871
8486 810
8487 777
8488 733
8489 672
8490 673
8491 640
8492 623
8493 664
8494 689
8495 695
8496 686
8497 700
8498 692
8499 700
8500 685
8501 659
8502 683
8503 644
8504 629
8505 636
8506 647
8507 640
8508 609
8509 617
8510 602
8511 596
8512 607
8513 622
8514 634
8515 646
8516 620
8517 660
8518 644
8519 659
8520 641
8521 664
8522 668
8523 721
8524 688
8525 725
8526 717
8527 713
8528 721
8529 686
8530 745
8531 764
8532 773
8533 822
8534 815
8535 808
8536 798
8537 801
8538 796
8539 838
8540 806
8541 862
8542 899
8543 961
8544 965
8545 975
8546 942
8547 909
8548 932
8549 952
8550 965
8551 960
8552 957
8553 921
8554 935
8555 882
8556 875
8557 891
8558 943
8559 1012
8560 985
8561 1021
8562 1018
8563 1018
8564 1063
8565 1063
8566 1035
8567 1040
8568 1048
8569 1049
8570 1033
8571 982
8572 1006
8573 1049
8574 1050
8575 1088
8576 1063
8577 1086
8578 1085
8579 1050
8580 1033
8581 1034
8582 1037
8583 1046
8584 1016
8585 988
8586 991
8587 983
8588 966
8589 981
8590 931
8591 918
8592 909
8593 919
8594 934
8595 924
8596 914
8597 905
8598 925
8599 923
8600 973
8601 936
8602 972
8603 955
8604 959
8605 940
8606 941
8607 929
8608 907
8609 888
8610 912
8611 889
8612 878
8613 892
8614 903
8615 880
8616 839
8617 828
8618 838
8619 820
8620 833
8621 775
8622 748
8623 747
8624 697
8625 753
8626 790
8627 758
8628 733
8629 769
8630 763
8631 784
8632 807
8633 828
8634 877
8635 887
8636 958
8637 980
8638 1032
8639 973
8640 966
8641 950
8642 958
8643 987
8644 956
8645 960
8646 945
8647 900
8648 887
8649 891
8650 873
8651 865
8652 859
8653 865
8654 860
8655 834
8656 887
8657 859
8658 862
8659 848
8660 810
8661 839
8662 814
8663 788
8664 834
8665 814
8666 828
8667 830
8668 875
8669 925
8670 938
8671 926
8672 938
8673 913
8674 912
8675 912
8676 983
8677 967
8678 1020
8679 995
8680 981
8681 1010
8682 974
8683 999
8684 997
8685 1009
8686 1060
8687 1105
8688 1154
8689 1194
8690 1178
8691 1144
8692 1128
8693 1146
8694 1189
8695 1201
8696 1218
8697 1203
8698 1197
8699 1183
8700 1231
8701 1295
8702 1229
8703 1178
8704 1157
8705 1123
8706 1097
8707 1116
8708 1056
8709 1057
8710 1035
8711 1055
8712 1086
8713 1046
8714 1028
8715 1009
8716 1040
8717 1022
8718 984
8719 996
8720 1060
8721 1095
8722 1118
8723 1053
8724 1031
8725 1052
8726 1060
8727 1096
8728 1125
8729 1092
8730 1083
8731 1096
8732 1049
8733 1053
8734 1053
8735 1054
8736 1076
8737 1085
8738 1060
8739 1061
8740 1034
8741 1003
8742 1030
8743 1004
8744 995
8745 984
8746 1026
8747 1009
8748 957
8749 920
8750 914
8751 883
8752 902
8753 880
8754 842
8755 822
8756 820
8757 818
8758 843
8759 852
8760 902
8761 913
8762 929
8763 946
8764 906
8765 862
8766 928
8767 943
8768 984
8769 1004
8770 993
8771 1013
8772 992
8773 980
8774 1006
8775 1031
8776 1073
8777 1056
8778 992
8779 975
8780 1040
8781 1043
8782 1023
8783 1041
8784 1072
8785 1114
8786 1100
8787 1084
8788 1137
8789 1134
8790 1154
8791 1096
8792 1095
8793 1098
8794 1159
8795 1128
8796 1154
8797 1202
8798 1204
8799 1184
8800 1230
8801 1206
8802 1218
8803 1221
8804 1276
8805 1220
8806 1243
8807 1215
8808 1233
8809 1295
8810 1287
8811 1339
8812 1448
8813 1502
8814 1534
8815 1542
8816 1551
8817 1557
8818 1612
8819 1641
8820 1648
8821 1668
8822 1688
8823 1650
8824 1645
8825 1583
8826 1578
8827 1572
8828 1537
8829 1517
8830 1471
8831 1472
8832 1441
8833 1417
8834 1401
8835 1299
8836 1274
8837 1231
8838 1181
8839 1188
8840 1207
8841 1267
8842 1242
8843 1237
8844 1224
8845 1253
8846 1280
8847 1248
8848 1258
8849 1318
8850 1318
8851 1304
8852 1249
8853 1236
8854 1221
8855 1237
8856 1214
8857 1243
8858 1254
8859 1299
8860 1282
8861 1285
8862 1301
8863 1280
8864 1223
8865 1282
8866 1288
8867 1304
8868 1302
8869 1305
8870 1279
8871 1301
8872 1272
8873 1244
8874 1283
8875 1279
8876 1276
8877 1244
8878 1231
8879 1242
8880 1219
8881 1150
8882 1131
8883 1141
8884 1157
8885 1163
8886 1090
8887 1107
8888 1121
8889 1163
8890 1223
8891 1250
8892 1264
8893 1243
8894 1270
8895 1267
8896 1304
8897 1260
8898 1262
8899 1283
8900 1308
8901 1234
8902 1212
8903 1215
8904 1212
8905 1232
8906 1223
8907 1249
8908 1236
8909 1209
8910 1147
8911 1134
8912 1074
8913 1071
8914 1090
8915 1116
8916 1075
8917 1105
8918 1131
8919 1121
8920 1108
8921 1096
8922 1114
8923 1128
8924 1095
8925 1093
8926 1110
8927 1072
8928 1087
8929 1042
8930 1013
8931 1016
8932 1042
8933 1082
8934 1091
8935 1087
8936 1102
8937 1094
8938 1032
8939 1067
8940 1046
8941 1067
8942 1021
8943 962
8944 987
8945 946
8946 937
8947 918
8948 908
8949 983
8950 998
8951 988
8952 999
8953 1009
8954 959
8955 942
8956 931
8957 866
8958 843
8959 857
8960 857
8961 883
8962 908
8963 867
8964 806
8965 816
8966 837
8967 838
8968 861
8969 873
8970 917
8971 925
8972 958
8973 968
8974 978
8975 943
8976 962
8977 992
8978 1022
8979 1050
8980 1013
8981 1021
8982 1017
8983 980
8984 985
8985 997
8986 990
8987 978
8988 977
8989 993
8990 996
8991 1046
8992 1042
8993 1052
8994 1016
8995 998
8996 980
8997 934
8998 877
8999 894
9000 932
9001 958
9002 951
9003 970
9004 994
9005 965
9006 1000
9007 969
9008 965
9009 957
9010 984
9011 936
9012 918
9013 915
9014 912
9015 899
9016 894
9017 939
9018 935
9019 945
9020 993
9021 1007
9022 991
9023 982
9024 1011
9025 989
9026 971
9027 1022
9028 1047
9029 1039
9030 1075
9031 1039
9032 1029
9033 994
9034 1046
9035 1056
9036 1081
9037 1074
9038 1104
9039 1148
9040 1179
9041 1169
9042 1187
9043 1099
9044 1107
9045 1080
9046 1057
9047 1127
9048 1120
9049 1107
9050 1150
9051 1141
9052 1111
9053 1109
9054 1123
9055 1155
9056 1161
9057 1141
9058 1194
9059 1218
9060 1222
9061 1207
9062 1210
9063 1269
9064 1358
9065 1338
9066 1326
9067 1308
9068 1300
9069 1365
9070 1416
9071 1377
9072 1367
9073 1331
9074 1328
9075 1339
9076 1329
9077 1310
9078 1288
9079 1290
9080 1317
9081 1282
9082 1252
9083 1240
9084 1274
9085 1221
9086 1221
9087 1248
9088 1219
9089 1195
9090 1156
9091 1128
9092 1192
9093 1187
9094 1136
9095 1115
9096 1077
9097 1076
9098 1082
9099 1135
9100 1100
9101 1061
9102 1051
9103 1021
9104 1012
9105 1033
9106 1014
9107 998
9108 1024
9109 1010
9110 993
9111 1003
9112 1010
9113 1021
9114 984
9115 1014
9116 1040
9117 1026
9118 1025
9119 985
9120 1051
9121 1017
9122 981
9123 975
9124 937
9125 933
9126 894
9127 854
9128 822
9129 801
9130 731
9131 760
9132 793
9133 796
9134 831
9135 847
9136 842
9137 841
9138 796
9139 744
9140 753
9141 754
9142 754
9143 774
9144 812
9145 815
9146 807
9147 894
9148 913
9149 936
9150 974
9151 942
9152 946
9153 976
9154 973
9155 1008
9156 960
9157 943
9158 969
9159 934
9160 927
9161 950
9162 979
9163 997
9164 968
9165 988
9166 1044
9167 1052
9168 1080
9169 1080
9170 1009
9171 1050
9172 1074
9173 1091
9174 1039
9175 1026
9176 1056
9177 1060
9178 1023
9179 1048
9180 1096
9181 1102
9182 1151
9183 1182
9184 1200
9185 1203
9186 1236
9187 1220
9188 1207
9189 1152
9190 1187
9191 1228
9192 1176
9193 1174
9194 1157
9195 1150
9196 1188
9197 1129
9198 1151
9199 1253
9200 1232
9201 1213
9202 1230
9203 1235
9204 1260
9205 1302
9206 1323
9207 1314
9208 1255
9209 1305
9210 1319
9211 1317
9212 1297
9213 1333
9214 1335
9215 1342
9216 1288
9217 1293
9218 1334
9219 1376
9220 1287
9221 1288
9222 1236
9223 1251
9224 1178
9225 1150
9226 1185
9227 1159
9228 1188
9229 1244
9230 1238
9231 1196
9232 1165
9233 1162
9234 1123
9235 1158
9236 1131
9237 1072
9238 1016
9239 1035
9240 1022
9241 1032
9242 1039
9243 1049
9244 1021
9245 1020
9246 973
9247 972
9248 974
9249 973
9250 990
9251 979
9252 993
9253 956
9254 974
9255 997
9256 1046
9257 1066
9258 1044
9259 1088
9260 1073
9261 1073
9262 1085
9263 1066
9264 1115
9265 1089
9266 1086
9267 1130
9268 1121
9269 1125
9270 1086
9271 1037
9272 1109
9273 1050
9274 1003
9275 951
9276 932
9277 963
9278 974
9279 1025
9280 1016
9281 1025
9282 1070
9283 1082
9284 1097
9285 1159
9286 1160
9287 1191
9288 1133
9289 1133
9290 1119
9291 1141
9292 1097
9293 1102
9294 1125
9295 1089
9296 1061
9297 1070
9298 1059
9299 1071
9300 1049
9301 1029
9302 1067
9303 1030
9304 1032
9305 1007
9306 1052
9307 1116
9308 1141
9309 1217
9310 1251
9311 1232
9312 1194
9313 1178
9314 1245
9315 1286
9316 1287
9317 1261
9318 1257
9319 1254
9320 1293
9321 1220
9322 1215
9323 1209
9324 1187
9325 1207
9326 1217
9327 1158
9328 1146
9329 1156
9330 1143
9331 1111
9332 1005
9333 1049
9334 1097
9335 1057
9336 1065
9337 1082
9338 1085
9339 1024
9340 1060
9341 1108
9342 1100
9343 1110
9344 1069
9345 1084
9346 1097
9347 1127
9348 1168
9349 1175
9350 1163
9351 1177
9352 1161
9353 1133
9354 1161
9355 1187
9356 1172
9357 1149
9358 1159
9359 1153
9360 1158
9361 1198
9362 1233
9363 1229
9364 1220
9365 1214
9366 1254
9367 1224
9368 1214
9369 1192
9370 1171
9371 1202
9372 1180
9373 1093
9374 1124
9375 1112
9376 1107
9377 1095
9378 1163
9379 1183
9380 1216
9381 1290
9382 1296
9383 1281
9384 1264
9385 1253
9386 1268
9387 1216
9388 1244
9389 1224
9390 1210
9391 1203
9392 1204
9393 1245
9394 1292
9395 1297
9396 1304
9397 1285
9398 1283
9399 1244
9400 1308
9401 1261
9402 1291
9403 1260
9404 1270
9405 1305
9406 1269
9407 1245
9408 1279
9409 1254
9410 1247
9411 1230
9412 1248
9413 1244
9414 1177
9415 1190
9416 1219
9417 1226
9418 1220
9419 1219
9420 1283
9421 1315
9422 1349
9423 1316
9424 1340
9425 1276
9426 1210
9427 1234
9428 1209
9429 1239
9430 1211
9431 1206
9432 1165
9433 1192
9434 1208
9435 1217
9436 1171
9437 1232
9438 1288
9439 1301
9440 1330
9441 1321
9442 1331
9443 1286
9444 1265
9445 1280
9446 1330
9447 1351
9448 1324
9449 1325
9450 1287
9451 1315
9452 1363
9453 1391
9454 1420
9455 1336
9456 1305
9457 1348
9458 1331
9459 1315
9460 1315
9461 1319
9462 1349
9463 1308
9464 1292
9465 1290
9466 1282
9467 1232
9468 1198
9469 1140
9470 1165
9471 1117
9472 1129
9473 1136
9474 1173
9475 1195
9476 1246
9477 1240
9478 1255
9479 1248
9480 1278
9481 1289
9482 1286
9483 1240
9484 1237
9485 1227
9486 1241
9487 1252
9488 1244
9489 1265
9490 1234
9491 1245
9492 1257
9493 1305
9494 1327
9495 1359
9496 1444
9497 1551
9498 1560
9499 1501
9500 1453
9501 1480
9502 1516
9503 1565
9504 1625
9505 1651
9506 1694
9507 1703
9508 1651
9509 1644
9510 1653
9511 1626
9512 1673
9513 1663
9514 1707
9515 1666
9516 1634
9517 1638
9518 1631
9519 1651
9520 1754
9521 1743
9522 1802
9523 1822
9524 1869
9525 1863
9526 1865
9527 1886
9528 1925
9529 1936
9530 1851
9531 1804
9532 1799
9533 1912
9534 1902
9535 1905
9536 1954
9537 1930
9538 1921
9539 1840
9540 1843
9541 1857
9542 1834
9543 1788
9544 1791
9545 1727
9546 1759
9547 1793
9548 1663
9549 1646
9550 1571
9551 1542
9552 1621
9553 1605
9554 1580
9555 1581
9556 1657
9557 1705
9558 1734
9559 1757
9560 1768
9561 1742
9562 1741
9563 1676
9564 1719
9565 1673
9566 1712
9567 1739
9568 1711
9569 1709
9570 1717
9571 1648
9572 1655
9573 1693
9574 1677
9575 1591
9576 1564
9577 1472
9578 1458
9579 1421
9580 1403
9581 1431
9582 1423
9583 1474
9584 1502
9585 1476
9586 1448
9587 1406
9588 1362
9589 1347
9590 1329
9591 1295
9592 1314
9593 1261
9594 1218
9595 1239
9596 1261
9597 1210
9598 1199
9599 1180
9600 1188
9601 1134
9602 1149
9603 1113
9604 1041
9605 1083
9606 1048
9607 1035
9608 1032
9609 959
9610 938
9611 955
9612 962
9613 901
9614 908
9615 903
9616 869
9617 861
9618 880
9619 930
9620 975
9621 941
9622 908
9623 828
9624 866
9625 852
9626 910
9627 926
9628 924
9629 913
9630 919
9631 903
9632 904
9633 889
9634 934
9635 921
9636 942
9637 931
9638 945
9639 917
9640 908
9641 880
9642 880
9643 887
9644 895
9645 953
9646 936
9647 947
9648 924
9649 939
9650 953
9651 973
9652 951
9653 960
9654 974
9655 974
9656 972
9657 899
9658 850
9659 854
9660 912
9661 904
9662 967
9663 966
9664 916
9665 893
9666 922
9667 940
9668 978
9669 984
9670 980
9671 933
9672 973
9673 997
9674 995
9675 1013
9676 990
9677 993
9678 990
9679 984
9680 937
9681 924
9682 968
9683 990
9684 1029
9685 1015
9686 1055
9687 1073
9688 1086
9689 1034
9690 983
9691 922
9692 900
9693 877
9694 861
9695 863
9696 863
9697 840
9698 851
9699 857
9700 838
9701 842
9702 851
9703 863
9704 891
9705 887
9706 851
9707 839
9708 798
9709 820
9710 803
9711 812
9712 781
9713 774
9714 802
9715 830
9716 840
9717 802
9718 817
9719 823
9720 860
9721 895
9722 913
9723 900
9724 939
9725 962
9726 997
9727 961
9728 963
9729 950
9730 992
9731 956
9732 908
9733 902
9734 901
9735 932
9736 941
9737 957
9738 949
9739 975
9740 972
9741 964
9742 951
9743 954
9744 975
9745 976
9746 957
9747 990
9748 982
9749 1013
9750 987
9751 904
9752 932
9753 923
9754 923
9755 916
9756 900
9757 899
9758 884
9759 886
9760 846
9761 834
9762 838
9763 800
9764 844
9765 769
9766 743
9767 770
9768 754
9769 803
9770 780
9771 778
9772 805
9773 822
9774 821
9775 841
9776 855
9777 882
9778 816
9779 867
9780 861
9781 874
9782 849
9783 841
9784 868
9785 864
9786 848
9787 857
9788 878
9789 925
9790 948
9791 919
9792 905
9793 882
9794 850
9795 814
9796 806
9797 787
9798 829
9799 837
9800 794
9801 819
9802 853
9803 893
9804 924
9805 894
9806 899
9807 864
9808 842
9809 776
9810 773
9811 801
9812 781
9813 792
9814 807
9815 813
9816 818
9817 818
9818 819
9819 836
9820 858
9821 871
9822 873
9823 938
9824 976
9825 1007
9826 989
9827 1011
9828 981
9829 967
9830 971
9831 978
9832 984
9833 972
9834 977
9835 1019
9836 995
9837 992
9838 969
9839 949
9840 934
9841 931
9842 892
9843 852
9844 865
9845 863
9846 871
9847 873
9848 908
9849 906
9850 949
9851 977
9852 1011
9853 968
9854 965
9855 936
9856 926
9857 890
9858 894
9859 920
9860 944
9861 904
9862 921
9863 882
9864 846
9865 826
9866 793
9867 765
9868 776
9869 827
9870 850
9871 868
9872 866
9873 885
9874 886
9875 918
9876 957
9877 946
9878 949
9879 932
9880 909
9881 931
9882 952
9883 930
9884 894
9885 841
9886 870
9887 853
9888 812
9889 814
9890 866
9891 896
9892 941
9893 953
9894 948
9895 947
9896 1006
9897 992
9898 1040
9899 1017
9900 955
9901 970
9902 934
9903 933
9904 949
9905 986
9906 986
9907 1028
9908 946
9909 909
9910 876
9911 888
9912 874
9913 897
9914 878
9915 892
9916 880
9917 836
9918 816
9919 789
9920 808
9921 781
9922 783
9923 775
9924 713
9925 732
9926 748
9927 766
9928 739
9929 729
9930 691
9931 694
9932 691
9933 738
9934 743
9935 767
9936 774
9937 717
9938 732
9939 770
9940 722
9941 727
9942 741
9943 740
9944 712
9945 716
9946 721
9947 666
9948 670
9949 658
9950 681
9951 673
9952 670
9953 677
9954 657
9955 653
9956 638
9957 639
9958 601
9959 536
9960 576
9961 580
9962 554
9963 540
9964 552
9965 574
9966 563
9967 571
9968 580
9969 624
9970 609
9971 594
9972 601
9973 568
9974 557
9975 575
9976 591
9977 596
9978 542
9979 522
9980 507
9981 540
9982 537
9983 541
9984 547
9985 522
9986 490
9987 483
9988 494
9989 510
9990 505
9991 517
9992 528
9993 520
9994 522
9995 526
9996 543
9997 532
9998 562
9999 536
10000 531
