1 2
2 1
3 2
4 1
5 1
6 2
7 1
8 3
9 6
10 6
11 10
12 8
13 7
14 8
15 4
16 3
17 6
18 5
19 4
20 6
21 7
22 6
23 5
24 5
25 7
26 12
27 15
28 15
29 13
30 13
31 16
32 14
33 8
34 5
35 3
36 3
37 2
38 1
39 1
40 2
41 2
42 2
43 2
44 2
45 0
46 0
47 1
48 1
49 1
50 2
51 5
52 6
53 11
54 12
55 11
56 16
57 19
58 23
59 20
60 19
61 19
62 12
63 15
64 17
65 20
66 17
67 17
68 18
69 18
70 16
71 17
72 12
73 13
74 14
75 18
76 18
77 25
78 21
79 26
80 18
81 14
82 18
83 18
84 20
85 22
86 18
87 18
88 26
89 16
90 10
91 12
92 11
93 14
94 25
95 31
96 30
97 31
98 33
99 25
100 20
101 24
102 21
103 21
104 18
105 19
106 25
107 29
108 25
109 28
110 28
111 29
112 26
113 30
114 26
115 28
116 27
117 46
118 43
119 45
120 58
121 67
122 64
123 85
124 91
125 97
126 99
127 96
128 98
129 108
130 102
131 104
132 104
133 97
134 97
135 93
136 93
137 100
138 111
139 122
140 107
141 111
142 129
143 132
144 128
145 146
146 154
147 137
148 143
149 147
150 156
151 156
152 145
153 132
154 118
155 110
156 107
157 111
158 103
159 102
160 88
161 79
162 80
163 71
164 79
165 78
166 84
167 89
168 99
169 132
170 137
171 143
172 165
173 163
174 177
175 184
176 158
177 145
178 145
179 136
180 133
181 143
182 131
183 119
184 109
185 107
186 110
187 107
188 114
189 132
190 139
191 142
192 149
193 170
194 165
195 167
196 171
197 176
198 194
199 193
200 197
201 194
202 208
203 205
204 199
205 241
206 211
207 205
208 182
209 192
210 180
211 168
212 166
213 138
214 145
215 139
216 145
217 141
218 138
219 133
220 122
221 118
222 122
223 129
224 133
225 146
226 144
227 151
228 142
229 137
230 146
231 130
232 143
233 144
234 159
235 154
236 145
237 147
238 131
239 146
240 141
241 134
242 149
243 154
244 159
245 156
246 133
247 113
248 99
249 96
250 78
251 86
252 89
253 93
254 116
255 100
256 115
257 118
258 112
259 89
260 83
261 73
262 59
263 62
264 77
265 76
266 76
267 72
268 59
269 63
270 55
271 59
272 73
273 67
274 78
275 81
276 91
277 78
278 73
279 84
280 79
281 70
282 82
283 81
284 99
285 94
286 88
287 92
288 80
289 79
290 79
291 103
292 110
293 120
294 123
295 120
296 119
297 119
298 117
299 114
300 103
301 89
302 103
303 109
304 95
305 96
306 94
307 94
308 95
309 96
310 94
311 84
312 84
313 88
314 91
315 78
316 81
317 82
318 92
319 106
320 116
321 129
322 132
323 115
324 134
325 131
326 133
327 155
328 198
329 202
330 211
331 211
332 207
333 206
334 230
335 225
336 225
337 257
338 250
339 263
340 281
341 255
342 247
343 233
344 224
345 236
346 257
347 245
348 262
349 259
350 250
351 271
352 257
353 263
354 253
355 248
356 284
357 255
358 233
359 238
360 229
361 246
362 255
363 267
364 262
365 242
366 233
367 218
368 202
369 218
370 189
371 187
372 194
373 186
374 177
375 169
376 168
377 167
378 168
379 158
380 178
381 157
382 178
383 163
384 149
385 128
386 120
387 119
388 122
389 112
390 122
391 106
392 97
393 102
394 95
395 88
396 91
397 84
398 78
399 77
400 88
401 87
402 98
403 100
404 88
405 76
406 72
407 68
408 60
409 57
410 61
411 48
412 49
413 40
414 48
415 49
416 46
417 46
418 45
419 51
420 50
421 33
422 31
423 33
424 34
425 40
426 47
427 42
428 38
429 44
430 42
431 43
432 41
433 44
434 46
435 52
436 42
437 41
438 31
439 19
440 21
441 23
442 24
443 31
444 32
445 32
446 28
447 25
448 31
449 32
450 36
451 34
452 38
453 47
454 45
455 45
456 29
457 34
458 44
459 45
460 37
461 28
462 21
463 15
464 8
465 7
466 7
467 8
468 8
469 13
470 9
471 11
472 13
473 14
474 17
475 11
476 11
477 12
478 8
479 13
480 10
481 11
482 16
483 17
484 22
485 21
486 14
487 18
488 11
489 15
490 16
491 21
492 21
493 26
494 23
495 35
496 36
497 23
498 26
499 24
500 27
501 32
502 27
503 21
504 26
505 24
506 27
507 27
508 27
509 29
510 24
511 21
512 24
513 21
514 23
515 26
516 27
517 25
518 25
519 25
520 18
521 21
522 28
523 26
524 20
525 21
526 18
527 16
528 15
529 13
530 17
531 20
532 12
533 16
534 13
535 11
536 10
537 8
538 5
539 7
540 6
541 3
542 4
543 1
544 0
545 0
546 0
547 0
548 0
549 0
550 0
551 0
552 0
553 1
554 0
555 1
556 1
557 2
558 4
559 4
560 1
561 0
562 0
563 0
564 0
565 0
566 1
567 0
568 0
569 0
570 0
571 0
572 0
573 1
574 3
575 3
576 7
577 5
578 6
579 5
580 6
581 6
582 6
583 2
584 5
585 7
586 7
587 6
588 10
589 6
590 3
591 1
592 0
593 0
594 1
595 3
596 1
597 1
598 2
599 2
600 3
601 5
602 8
603 7
604 6
605 7
606 3
607 4
608 1
609 1
610 0
611 0
612 0
613 0
614 0
615 0
616 0
617 0
618 0
619 1
620 0
621 0
622 0
623 0
624 0
625 1
626 2
627 6
628 4
629 6
630 7
631 6
632 7
633 10
634 8
635 8
636 9
637 12
638 14
639 18
640 16
641 19
642 23
643 20
644 15
645 19
646 18
647 28
648 32
649 26
650 24
651 21
652 24
653 19
654 17
655 17
656 15
657 20
658 22
659 21
660 32
661 31
662 22
663 20
664 17
665 12
666 11
667 9
668 9
669 16
670 21
671 20
672 19
673 21
674 26
675 31
676 25
677 23
678 28
679 29
680 35
681 32
682 32
683 33
684 31
685 39
686 22
687 19
688 20
689 19
690 9
691 8
692 15
693 12
694 15
695 16
696 28
697 39
698 36
699 48
700 53
701 50
702 48
703 60
704 64
705 60
706 66
707 75
708 77
709 76
710 75
711 68
712 56
713 50
714 45
715 49
716 36
717 26
718 30
719 30
720 38
721 35
722 36
723 42
724 56
725 53
726 50
727 52
728 53
729 50
730 54
731 58
732 71
733 61
734 61
735 56
736 54
737 57
738 52
739 59
740 54
741 51
742 55
743 59
744 68
745 64
746 52
747 57
748 55
749 56
750 60
751 72
752 67
753 73
754 76
755 91
756 82
757 84
758 77
759 73
760 73
761 68
762 77
763 79
764 70
765 74
766 67
767 71
768 70
769 90
770 86
771 102
772 101
773 126
774 133
775 132
776 129
777 121
778 114
779 126
780 128
781 148
782 153
783 167
784 176
785 170
786 164
787 172
788 162
789 149
790 161
791 162
792 170
793 153
794 165
795 156
796 143
797 153
798 151
799 165
800 174
801 174
802 157
803 162
804 148
805 155
806 139
807 165
808 195
809 195
810 178
811 182
812 137
813 147
814 143
815 128
816 133
817 133
818 141
819 140
820 136
821 130
822 136
823 114
824 107
825 103
826 98
827 93
828 101
829 95
830 101
831 116
832 140
833 154
834 147
835 166
836 171
837 180
838 187
839 178
840 187
841 188
842 197
843 199
844 192
845 158
846 171
847 157
848 138
849 151
850 147
851 144
852 150
853 149
854 150
855 149
856 166
857 165
858 156
859 168
860 157
861 151
862 135
863 140
864 154
865 159
866 174
867 166
868 171
869 156
870 162
871 174
872 179
873 186
874 168
875 169
876 171
877 180
878 173
879 178
880 188
881 193
882 207
883 198
884 201
885 220
886 232
887 258
888 250
889 237
890 222
891 214
892 232
893 237
894 245
895 232
896 192
897 182
898 189
899 194
900 211
901 188
902 207
903 208
904 210
905 208
906 218
907 208
908 204
909 215
910 191
911 186
912 178
913 169
914 162
915 161
916 160
917 162
918 158
919 170
920 169
921 158
922 166
923 186
924 202
925 216
926 228
927 228
928 232
929 241
930 230
931 220
932 200
933 218
934 236
935 217
936 209
937 206
938 180
939 190
940 188
941 175
942 195
943 214
944 221
945 211
946 216
947 213
948 213
949 213
950 204
951 195
952 184
953 178
954 153
955 160
956 169
957 180
958 182
959 171
960 147
961 151
962 148
963 149
964 149
965 134
966 140
967 137
968 160
969 134
970 128
971 147
972 149
973 156
974 145
975 126
976 122
977 110
978 116
979 121
980 130
981 106
982 112
983 111
984 106
985 104
986 92
987 87
988 100
989 107
990 96
991 116
992 111
993 100
994 101
995 96
996 90
997 99
998 116
999 112
1000 104
1001 96
1002 101
1003 106
1004 94
1005 97
1006 99
1007 98
1008 116
1009 117
1010 100
1011 100
1012 74
1013 54
1014 60
1015 50
1016 55
1017 50
1018 54
1019 55
1020 39
1021 38
1022 27
1023 29
1024 34
1025 27
1026 27
1027 33
1028 29
1029 35
1030 44
1031 53
1032 49
1033 55
1034 70
1035 82
1036 75
1037 74
1038 70
1039 68
1040 69
1041 62
1042 60
1043 52
1044 54
1045 56
1046 58
1047 43
1048 35
1049 34
1050 25
1051 28
1052 35
1053 45
1054 55
1055 61
1056 78
1057 62
1058 62
1059 70
1060 74
1061 72
1062 64
1063 63
1064 72
1065 64
1066 63
1067 57
1068 54
1069 45
1070 44
1071 44
1072 44
1073 41
1074 40
1075 58
1076 47
1077 41
1078 48
1079 45
1080 35
1081 31
1082 33
1083 28
1084 27
1085 31
1086 35
1087 39
1088 46
1089 42
1090 46
1091 39
1092 44
1093 52
1094 46
1095 49
1096 53
1097 55
1098 55
1099 63
1100 51
1101 47
1102 75
1103 74
1104 69
1105 76
1106 69
1107 67
1108 54
1109 49
1110 45
1111 44
1112 53
1113 56
1114 57
1115 57
1116 66
1117 58
1118 59
1119 55
1120 61
1121 72
1122 72
1123 65
1124 70
1125 66
1126 74
1127 63
1128 70
1129 57
1130 68
1131 64
1132 61
1133 67
1134 64
1135 64
1136 65
1137 68
1138 63
1139 59
1140 62
1141 61
1142 70
1143 59
1144 63
1145 72
1146 53
1147 64
1148 60
1149 35
1150 32
1151 38
1152 31
1153 31
1154 34
1155 28
1156 30
1157 23
1158 21
1159 17
1160 18
1161 15
1162 14
1163 17
1164 14
1165 11
1166 9
1167 12
1168 20
1169 19
1170 14
1171 18
1172 21
1173 23
1174 24
1175 29
1176 29
1177 28
1178 26
1179 32
1180 29
1181 33
1182 44
1183 50
1184 44
1185 35
1186 35
1187 37
1188 30
1189 30
1190 40
1191 43
1192 51
1193 63
1194 76
1195 71
1196 81
1197 80
1198 75
1199 60
1200 70
1201 60
1202 55
1203 59
1204 67
1205 64
1206 69
1207 52
1208 54
1209 57
1210 63
1211 65
1212 65
1213 72
1214 69
1215 61
1216 52
1217 34
1218 47
1219 53
1220 62
1221 54
1222 54
1223 65
1224 64
1225 76
1226 82
1227 83
1228 90
1229 104
1230 98
1231 109
1232 104
1233 94
1234 81
1235 80
1236 92
1237 101
1238 101
1239 93
1240 99
1241 95
1242 90
1243 92
1244 93
1245 86
1246 79
1247 72
1248 71
1249 74
1250 89
1251 111
1252 95
1253 96
1254 103
1255 98
1256 80
1257 71
1258 61
1259 66
1260 65
1261 67
1262 56
1263 55
1264 62
1265 60
1266 56
1267 55
1268 52
1269 57
1270 48
1271 55
1272 64
1273 71
1274 63
1275 81
1276 72
1277 70
1278 69
1279 65
1280 53
1281 60
1282 67
1283 50
1284 52
1285 53
1286 45
1287 48
1288 59
1289 66
1290 69
1291 76
1292 97
1293 73
1294 66
1295 58
1296 55
1297 52
1298 58
1299 56
1300 50
1301 60
1302 70
1303 69
1304 59
1305 70
1306 66
1307 62
1308 59
1309 69
1310 77
1311 68
1312 61
1313 62
1314 68
1315 65
1316 67
1317 66
1318 65
1319 71
1320 68
1321 64
1322 57
1323 59
1324 51
1325 48
1326 48
1327 42
1328 37
1329 38
1330 35
1331 40
1332 39
1333 35
1334 32
1335 27
1336 40
1337 41
1338 46
1339 52
1340 44
1341 36
1342 37
1343 34
1344 33
1345 39
1346 35
1347 31
1348 30
1349 31
1350 27
1351 25
1352 23
1353 27
1354 22
1355 33
1356 36
1357 35
1358 29
1359 33
1360 43
1361 37
1362 40
1363 46
1364 48
1365 55
1366 59
1367 60
1368 63
1369 64
1370 73
1371 71
1372 76
1373 83
1374 74
1375 86
1376 80
1377 87
1378 75
1379 83
1380 68
1381 70
1382 52
1383 62
1384 67
1385 81
1386 95
1387 109
1388 124
1389 125
1390 110
1391 122
1392 130
1393 122
1394 104
1395 105
1396 98
1397 92
1398 85
1399 103
1400 96
1401 87
1402 89
1403 96
1404 101
1405 104
1406 118
1407 127
1408 132
1409 115
1410 125
1411 131
1412 151
1413 148
1414 138
1415 149
1416 172
1417 189
1418 188
1419 189
1420 170
1421 159
1422 158
1423 150
1424 145
1425 148
1426 151
1427 148
1428 130
1429 108
1430 126
1431 121
1432 127
1433 132
1434 127
1435 129
1436 132
1437 132
1438 118
1439 99
1440 105
1441 123
1442 107
1443 103
1444 104
1445 102
1446 108
1447 113
1448 136
1449 147
1450 166
1451 156
1452 172
1453 170
1454 179
1455 173
1456 144
1457 147
1458 148
1459 146
1460 143
1461 159
1462 180
1463 202
1464 195
1465 193
1466 205
1467 192
1468 204
1469 209
1470 210
1471 220
1472 220
1473 216
1474 226
1475 233
1476 228
1477 244
1478 231
1479 227
1480 229
1481 244
1482 244
1483 258
1484 261
1485 271
1486 265
1487 289
1488 283
1489 299
1490 289
1491 275
1492 286
1493 296
1494 273
1495 261
1496 243
1497 234
1498 241
1499 270
1500 293
1501 273
1502 281
1503 286
1504 295
1505 299
1506 295
1507 299
1508 330
1509 318
1510 323
1511 290
1512 305
1513 335
1514 327
1515 307
1516 267
1517 260
1518 270
1519 266
1520 282
1521 306
1522 316
1523 333
1524 321
1525 310
1526 312
1527 286
1528 294
1529 291
1530 299
1531 308
1532 300
1533 296
1534 302
1535 326
1536 328
1537 343
1538 364
1539 371
1540 348
1541 356
1542 351
1543 371
1544 363
1545 374
1546 383
1547 397
1548 427
1549 408
1550 380
1551 348
1552 374
1553 360
1554 336
1555 366
1556 349
1557 329
1558 314
1559 311
1560 310
1561 306
1562 303
1563 323
1564 309
1565 298
1566 315
1567 310
1568 300
1569 309
1570 309
1571 338
1572 332
1573 326
1574 311
1575 297
1576 294
1577 313
1578 280
1579 291
1580 307
1581 282
1582 298
1583 311
1584 298
1585 316
1586 318
1587 310
1588 311
1589 286
1590 263
1591 266
1592 280
1593 280
1594 271
1595 299
1596 279
1597 282
1598 274
1599 259
1600 265
1601 270
1602 255
1603 271
1604 276
1605 283
1606 281
1607 281
1608 283
1609 274
1610 285
1611 254
1612 265
1613 250
1614 251
1615 254
1616 265
1617 296
1618 309
1619 306
1620 312
1621 299
1622 296
1623 269
1624 279
1625 295
1626 287
1627 285
1628 277
1629 307
1630 313
1631 297
1632 318
1633 318
1634 292
1635 281
1636 273
1637 287
1638 300
1639 317
1640 340
1641 353
1642 370
1643 357
1644 327
1645 319
1646 326
1647 317
1648 341
1649 319
1650 309
1651 320
1652 328
1653 374
1654 388
1655 405
1656 403
1657 425
1658 432
1659 436
1660 421
1661 379
1662 413
1663 422
1664 410
1665 392
1666 385
1667 409
1668 403
1669 402
1670 441
1671 457
1672 453
1673 423
1674 425
1675 409
1676 400
1677 418
1678 444
1679 413
1680 384
1681 392
1682 340
1683 321
1684 275
1685 253
1686 250
1687 267
1688 252
1689 239
1690 246
1691 261
1692 297
1693 263
1694 255
1695 292
1696 294
1697 291
1698 319
1699 362
1700 335
1701 336
1702 334
1703 312
1704 319
1705 321
1706 338
1707 339
1708 349
1709 298
1710 308
1711 331
1712 339
1713 324
1714 317
1715 330
1716 333
1717 354
1718 366
1719 367
1720 359
1721 377
1722 371
1723 392
1724 400
1725 423
1726 419
1727 411
1728 449
1729 426
1730 441
1731 435
1732 435
1733 471
1734 447
1735 408
1736 426
1737 453
1738 440
1739 443
1740 443
1741 448
1742 462
1743 462
1744 451
1745 434
1746 422
1747 414
1748 432
1749 439
1750 444
1751 436
1752 427
1753 441
1754 447
1755 446
1756 476
1757 462
1758 469
1759 460
1760 474
1761 501
1762 536
1763 518
1764 485
1765 484
1766 503
1767 483
1768 463
1769 491
1770 536
1771 541
1772 571
1773 552
1774 545
1775 556
1776 546
1777 562
1778 585
1779 599
1780 555
1781 568
1782 618
1783 609
1784 597
1785 582
1786 544
1787 525
1788 506
1789 529
1790 560
1791 574
1792 586
1793 598
1794 581
1795 582
1796 588
1797 586
1798 581
1799 598
1800 588
1801 565
1802 614
1803 617
1804 606
1805 564
1806 579
1807 586
1808 595
1809 607
1810 597
1811 595
1812 592
1813 594
1814 629
1815 644
1816 622
1817 610
1818 608
1819 587
1820 593
1821 563
1822 574
1823 549
1824 539
1825 539
1826 542
1827 597
1828 609
1829 623
1830 603
1831 586
1832 603
1833 615
1834 604
1835 628
1836 627
1837 658
1838 670
1839 676
1840 686
1841 665
1842 656
1843 639
1844 666
1845 629
1846 660
1847 644
1848 626
1849 610
1850 628
1851 648
1852 640
1853 649
1854 647
1855 569
1856 536
1857 540
1858 534
1859 531
1860 528
1861 506
1862 511
1863 515
1864 534
1865 551
1866 563
1867 555
1868 540
1869 559
1870 522
1871 530
1872 561
1873 561
1874 567
1875 586
1876 597
1877 585
1878 579
1879 552
1880 590
1881 600
1882 608
1883 623
1884 605
1885 594
1886 576
1887 553
1888 555
1889 555
1890 539
1891 544
1892 497
1893 498
1894 469
1895 500
1896 480
1897 462
1898 483
1899 460
1900 467
1901 474
1902 478
1903 455
1904 456
1905 449
1906 459
1907 465
1908 464
1909 489
1910 461
1911 461
1912 461
1913 481
1914 494
1915 468
1916 483
1917 495
1918 469
1919 493
1920 513
1921 530
1922 522
1923 503
1924 515
1925 531
1926 564
1927 544
1928 546
1929 553
1930 534
1931 546
1932 543
1933 523
1934 508
1935 501
1936 527
1937 559
1938 544
1939 572
1940 571
1941 556
1942 579
1943 550
1944 560
1945 620
1946 600
1947 604
1948 627
1949 626
1950 594
1951 566
1952 562
1953 565
1954 570
1955 572
1956 593
1957 588
1958 582
1959 588
1960 563
1961 559
1962 533
1963 552
1964 523
1965 500
1966 501
1967 508
1968 499
1969 495
1970 521
1971 541
1972 544
1973 555
1974 567
1975 579
1976 590
1977 586
1978 567
1979 581
1980 598
1981 589
1982 613
1983 617
1984 627
1985 613
1986 591
1987 598
1988 572
1989 609
1990 578
1991 635
1992 660
1993 658
1994 698
1995 718
1996 738
1997 740
1998 752
1999 746
2000 698
2001 675
2002 694
2003 679
2004 666
2005 697
2006 709
2007 709
2008 696
2009 715
2010 711
2011 721
2012 728
2013 736
2014 745
2015 741
2016 727
2017 736
2018 757
2019 736
2020 745
2021 738
2022 753
2023 747
2024 750
2025 777
2026 754
2027 742
2028 729
2029 715
2030 724
2031 739
2032 747
2033 730
2034 732
2035 764
2036 734
2037 742
2038 708
2039 704
2040 740
2041 747
2042 722
2043 664
2044 617
2045 652
2046 652
2047 625
2048 629
2049 604
2050 646
2051 694
2052 719
2053 740
2054 715
2055 727
2056 724
2057 744
2058 754
2059 762
2060 795
2061 822
2062 846
2063 857
2064 836
2065 802
2066 818
2067 835
2068 811
2069 828
2070 860
2071 875
2072 820
2073 823
2074 818
2075 828
2076 826
2077 853
2078 870
2079 859
2080 891
2081 877
2082 878
2083 916
2084 876
2085 914
2086 917
2087 907
2088 905
2089 918
2090 899
2091 864
2092 886
2093 859
2094 861
2095 860
2096 866
2097 894
2098 898
2099 881
2100 892
2101 927
2102 966
2103 929
2104 924
2105 924
2106 872
2107 931
2108 963
2109 991
2110 3
2111 999
2112 21
2113 986
2114 6
2115 977
2116 0
2117 26
2118 32
2119 56
2120 57
2121 92
2122 101
2123 132
2124 98
2125 127
2126 96
2127 99
2128 105
2129 92
2130 65
2131 44
2132 37
2133 6
2134 949
2135 974
2136 965
2137 963
2138 939
2139 960
2140 1
2141 55
2142 12
2143 25
2144 71
2145 62
2146 116
2147 112
2148 73
2149 126
2150 129
2151 116
2152 111
2153 33
2154 76
2155 86
2156 66
2157 24
2158 7
2159 64
2160 75
2161 93
2162 94
2163 110
2164 91
2165 109
2166 115
2167 82
2168 48
2169 65
2170 52
2171 48
2172 72
2173 67
2174 48
2175 107
2176 148
2177 130
2178 110
2179 22
2180 62
2181 18
2182 38
2183 71
2184 70
2185 48
2186 20
2187 10
2188 55
2189 44
2190 50
2191 87
2192 56
2193 12
2194 10
2195 43
2196 22
2197 96
2198 101
2199 156
2200 151
2201 124
2202 165
2203 167
2204 170
2205 153
2206 176
2207 162
2208 171
2209 150
2210 94
2211 75
2212 46
2213 27
2214 38
2215 67
2216 61
2217 31
2218 1
2219 17
2220 60
2221 65
2222 11
2223 997
2224 14
2225 991
2226 22
2227 993
2228 934
2229 954
2230 988
2231 956
2232 966
2233 945
2234 918
2235 915
2236 947
2237 932
2238 918
2239 938
2240 981
2241 980
2242 981
2243 14
2244 15
2245 0
2246 991
2247 992
2248 19
2249 4
2250 983
2251 981
2252 957
2253 3
2254 954
2255 953
2256 927
2257 892
2258 872
2259 854
2260 854
2261 868
2262 875
2263 830
2264 789
2265 820
2266 824
2267 864
2268 872
2269 881
2270 856
2271 823
2272 824
2273 831
2274 871
2275 853
2276 838
2277 814
2278 886
2279 885
2280 887
2281 925
2282 956
2283 960
2284 945
2285 948
2286 907
2287 915
2288 870
2289 855
2290 870
2291 900
2292 924
2293 932
2294 948
2295 951
2296 935
2297 994
2298 981
2299 959
2300 972
2301 997
2302 3
2303 972
2304 990
2305 988
2306 965
2307 982
2308 966
2309 950
2310 996
2311 69
2312 6
2313 34
2314 57
2315 54
2316 88
2317 103
2318 91
2319 126
2320 108
2321 117
2322 175
2323 166
2324 146
2325 139
2326 116
2327 144
2328 133
2329 154
2330 140
2331 112
2332 78
2333 100
2334 113
2335 103
2336 120
2337 78
2338 71
2339 63
2340 43
2341 41
2342 58
2343 46
2344 34
2345 996
2346 22
2347 13
2348 993
2349 995
2350 954
2351 10
2352 16
2353 985
2354 979
2355 980
2356 985
2357 966
2358 925
2359 879
2360 906
2361 869
2362 873
2363 867
2364 883
2365 861
2366 908
2367 947
2368 929
2369 927
2370 905
2371 845
2372 871
2373 823
2374 839
2375 856
2376 812
2377 825
2378 818
2379 809
2380 834
2381 823
2382 834
2383 807
2384 817
2385 806
2386 842
2387 813
2388 799
2389 778
2390 748
2391 747
2392 770
2393 800
2394 798
2395 826
2396 842
2397 848
2398 840
2399 849
2400 846
2401 853
2402 855
2403 876
2404 870
2405 861
2406 868
2407 905
2408 900
2409 879
2410 874
2411 864
2412 903
2413 913
2414 914
2415 952
2416 921
2417 982
2418 980
2419 976
2420 972
2421 984
2422 989
2423 996
2424 996
2425 1
2426 991
2427 16
2428 7
2429 19
2430 990
2431 979
2432 48
2433 60
2434 23
2435 980
2436 977
2437 21
2438 41
2439 48
2440 9
2441 52
2442 29
2443 44
2444 57
2445 50
2446 980
2447 969
2448 990
2449 952
2450 974
2451 977
2452 6
2453 12
2454 14
2455 41
2456 80
2457 51
2458 37
2459 56
2460 40
2461 23
2462 13
2463 28
2464 42
2465 73
2466 24
2467 16
2468 20
2469 39
2470 38
2471 77
2472 47
2473 41
2474 61
2475 18
2476 29
2477 26
2478 26
2479 2
2480 0
2481 19
2482 25
2483 988
2484 22
2485 21
2486 14
2487 985
2488 995
2489 19
2490 18
2491 62
2492 53
2493 45
2494 35
2495 29
2496 33
2497 42
2498 29
2499 50
2500 12
2501 43
2502 55
2503 136
2504 141
2505 159
2506 178
2507 211
2508 237
2509 207
2510 242
2511 245
2512 262
2513 264
2514 237
2515 251
2516 241
2517 257
2518 300
2519 340
2520 365
2521 413
2522 414
2523 429
2524 409
2525 443
2526 484
2527 443
2528 464
2529 447
2530 425
2531 456
2532 476
2533 482
2534 464
2535 435
2536 454
2537 442
2538 476
2539 463
2540 418
2541 373
2542 337
2543 318
2544 342
2545 333
2546 339
2547 348
2548 324
2549 320
2550 359
2551 340
2552 312
2553 301
2554 314
2555 333
2556 318
2557 311
2558 338
2559 300
2560 300
2561 297
2562 297
2563 295
2564 293
2565 256
2566 251
2567 268
2568 262
2569 266
2570 267
2571 261
2572 302
2573 306
2574 304
2575 319
2576 302
2577 314
2578 310
2579 341
2580 312
2581 306
2582 332
2583 333
2584 350
2585 350
2586 366
2587 367
2588 351
2589 384
2590 396
2591 398
2592 403
2593 428
2594 437
2595 474
2596 509
2597 497
2598 464
2599 488
2600 463
2601 477
2602 475
2603 497
2604 521
2605 477
2606 506
2607 488
2608 461
2609 453
2610 420
2611 385
2612 420
2613 404
2614 443
2615 445
2616 433
2617 430
2618 436
2619 432
2620 441
2621 464
2622 422
2623 407
2624 410
2625 426
2626 460
2627 416
2628 413
2629 442
2630 487
2631 494
2632 505
2633 505
2634 499
2635 479
2636 477
2637 479
2638 499
2639 502
2640 505
2641 518
2642 456
2643 479
2644 475
2645 482
2646 505
2647 520
2648 540
2649 501
2650 499
2651 468
2652 479
2653 511
2654 536
2655 549
2656 535
2657 537
2658 546
2659 554
2660 546
2661 552
2662 519
2663 557
2664 560
2665 580
2666 571
2667 549
2668 541
2669 554
2670 561
2671 564
2672 558
2673 585
2674 587
2675 590
2676 608
2677 596
2678 613
2679 611
2680 623
2681 609
2682 608
2683 618
2684 606
2685 580
2686 574
2687 536
2688 489
2689 524
2690 565
2691 531
2692 487
2693 494
2694 486
2695 532
2696 527
2697 490
2698 475
2699 446
2700 402
2701 413
2702 431
2703 423
2704 422
2705 414
2706 407
2707 411
2708 410
2709 431
2710 446
2711 422
2712 452
2713 440
2714 430
2715 422
2716 420
2717 421
2718 411
2719 399
2720 406
2721 400
2722 403
2723 416
2724 433
2725 432
2726 453
2727 439
2728 456
2729 424
2730 391
2731 423
2732 405
2733 382
2734 417
2735 396
2736 400
2737 405
2738 400
2739 419
2740 401
2741 422
2742 387
2743 405
2744 359
2745 339
2746 301
2747 323
2748 278
2749 313
2750 324
2751 331
2752 322
2753 365
2754 365
2755 381
2756 399
2757 420
2758 385
2759 348
2760 352
2761 344
2762 337
2763 339
2764 318
2765 291
2766 291
2767 280
2768 331
2769 305
2770 326
2771 284
2772 285
2773 255
2774 236
2775 205
2776 222
2777 263
2778 279
2779 307
2780 286
2781 288
2782 278
2783 281
2784 278
2785 257
2786 234
2787 229
2788 211
2789 161
2790 149
2791 191
2792 237
2793 249
2794 249
2795 258
2796 237
2797 272
2798 263
2799 266
2800 263
2801 262
2802 257
2803 264
2804 258
2805 289
2806 282
2807 272
2808 296
2809 304
2810 315
2811 281
2812 288
2813 328
2814 342
2815 373
2816 355
2817 365
2818 356
2819 341
2820 312
2821 290
2822 312
2823 334
2824 313
2825 309
2826 342
2827 336
2828 349
2829 328
2830 317
2831 288
2832 290
2833 280
2834 281
2835 282
2836 283
2837 257
2838 261
2839 244
2840 219
2841 256
2842 247
2843 271
2844 264
2845 277
2846 285
2847 293
2848 293
2849 332
2850 332
2851 351
2852 343
2853 331
2854 367
2855 348
2856 300
2857 310
2858 261
2859 266
2860 275
2861 280
2862 286
2863 324
2864 304
2865 274
2866 270
2867 240
2868 228
2869 252
2870 258
2871 256
2872 280
2873 294
2874 257
2875 276
2876 307
2877 325
2878 351
2879 338
2880 369
2881 361
2882 421
2883 427
2884 451
2885 461
2886 463
2887 439
2888 394
2889 382
2890 449
2891 454
2892 465
2893 451
2894 446
2895 420
2896 389
2897 377
2898 369
2899 387
2900 387
2901 341
2902 346
2903 329
2904 327
2905 317
2906 309
2907 308
2908 329
2909 339
2910 325
2911 317
2912 333
2913 337
2914 319
2915 339
2916 356
2917 337
2918 360
2919 316
2920 331
2921 325
2922 302
2923 302
2924 296
2925 290
2926 256
2927 253
2928 270
2929 270
2930 277
2931 317
2932 338
2933 347
2934 369
2935 425
2936 400
2937 416
2938 459
2939 480
2940 527
2941 546
2942 531
2943 538
2944 549
2945 574
2946 594
2947 596
2948 578
2949 570
2950 576
2951 574
2952 551
2953 557
2954 537
2955 553
2956 535
2957 535
2958 514
2959 486
2960 499
2961 485
2962 472
2963 498
2964 471
2965 460
2966 466
2967 467
2968 467
2969 472
2970 459
2971 421
2972 421
2973 435
2974 445
2975 431
2976 411
2977 410
2978 434
2979 393
2980 416
2981 421
2982 414
2983 448
2984 500
2985 513
2986 485
2987 435
2988 427
2989 396
2990 390
2991 377
2992 382
2993 386
2994 404
2995 388
2996 380
2997 383
2998 360
2999 384
3000 358
3001 332
3002 337
3003 343
3004 360
3005 336
3006 340
3007 365
3008 347
3009 312
3010 279
3011 294
3012 287
3013 302
3014 281
3015 269
3016 272
3017 270
3018 263
3019 281
3020 303
3021 296
3022 302
3023 273
3024 277
3025 279
3026 280
3027 253
3028 262
3029 289
3030 287
3031 292
3032 268
3033 239
3034 249
3035 272
3036 274
3037 297
3038 286
3039 283
3040 283
3041 303
3042 269
3043 267
3044 234
3045 242
3046 221
3047 210
3048 186
3049 182
3050 130
3051 134
3052 121
3053 109
3054 134
3055 156
3056 157
3057 142
3058 91
3059 110
3060 90
3061 66
3062 51
3063 55
3064 21
3065 11
3066 49
3067 78
3068 93
3069 77
3070 52
3071 25
3072 39
3073 78
3074 79
3075 70
3076 62
3077 83
3078 63
3079 59
3080 35
3081 985
3082 971
3083 981
3084 964
3085 965
3086 989
3087 957
3088 956
3089 932
3090 942
3091 924
3092 879
3093 856
3094 862
3095 862
3096 853
3097 834
3098 867
3099 844
3100 833
3101 837
3102 863
3103 867
3104 875
3105 855
3106 869
3107 865
3108 856
3109 824
3110 827
3111 825
3112 819
3113 829
3114 842
3115 872
3116 917
3117 900
3118 860
3119 831
3120 831
3121 838
3122 803
3123 823
3124 782
3125 801
3126 782
3127 775
3128 773
3129 767
3130 757
3131 767
3132 750
3133 760
3134 753
3135 779
3136 774
3137 714
3138 691
3139 717
3140 686
3141 696
3142 696
3143 677
3144 672
3145 629
3146 593
3147 607
3148 611
3149 606
3150 618
3151 566
3152 578
3153 581
3154 587
3155 586
3156 566
3157 549
3158 534
3159 561
3160 581
3161 565
3162 569
3163 533
3164 529
3165 539
3166 556
3167 537
3168 501
3169 515
3170 521
3171 501
3172 510
3173 546
3174 556
3175 569
3176 579
3177 611
3178 613
3179 629
3180 617
3181 607
3182 624
3183 629
3184 576
3185 583
3186 601
3187 600
3188 612
3189 616
3190 654
3191 617
3192 608
3193 605
3194 553
3195 541
3196 520
3197 524
3198 558
3199 558
3200 544
3201 570
3202 577
3203 565
3204 565
3205 587
3206 554
3207 559
3208 540
3209 516
3210 551
3211 541
3212 523
3213 541
3214 536
3215 524
3216 519
3217 533
3218 533
3219 528
3220 547
3221 604
3222 604
3223 576
3224 582
3225 605
3226 611
3227 597
3228 652
3229 640
3230 664
3231 687
3232 695
3233 718
3234 720
3235 733
3236 715
3237 726
3238 690
3239 715
3240 699
3241 676
3242 717
3243 713
3244 691
3245 684
3246 678
3247 685
3248 655
3249 669
3250 682
3251 698
3252 700
3253 710
3254 698
3255 699
3256 677
3257 677
3258 702
3259 704
3260 733
3261 729
3262 753
3263 734
3264 758
3265 744
3266 767
3267 757
3268 757
3269 778
3270 774
3271 755
3272 714
3273 726
3274 759
3275 765
3276 760
3277 745
3278 743
3279 783
3280 808
3281 777
3282 795
3283 806
3284 764
3285 792
3286 775
3287 778
3288 775
3289 780
3290 798
3291 829
3292 854
3293 877
3294 829
3295 869
3296 860
3297 893
3298 852
3299 848
3300 821
3301 795
3302 813
3303 783
3304 775
3305 804
3306 798
3307 810
3308 765
3309 771
3310 737
3311 753
3312 750
3313 731
3314 727
3315 731
3316 722
3317 729
3318 777
3319 757
3320 769
3321 759
3322 761
3323 804
3324 817
3325 812
3326 826
3327 810
3328 826
3329 818
3330 831
3331 851
3332 837
3333 861
3334 838
3335 840
3336 830
3337 874
3338 898
3339 925
3340 935
3341 973
3342 998
3343 32
3344 16
3345 9
3346 992
3347 987
3348 982
3349 982
3350 965
3351 914
3352 918
3353 934
3354 929
3355 923
3356 948
3357 935
3358 950
3359 964
3360 990
3361 4
3362 5
3363 10
3364 19
3365 71
3366 97
3367 81
3368 80
3369 89
3370 74
3371 32
3372 3
3373 957
3374 980
3375 962
3376 956
3377 959
3378 912
3379 859
3380 862
3381 858
3382 828
3383 836
3384 824
3385 836
3386 845
3387 860
3388 884
3389 895
3390 938
3391 973
3392 0
3393 991
3394 33
3395 61
3396 41
3397 53
3398 59
3399 32
3400 12
3401 16
3402 984
3403 11
3404 36
3405 20
3406 38
3407 30
3408 70
3409 78
3410 49
3411 75
3412 101
3413 119
3414 157
3415 185
3416 168
3417 174
3418 147
3419 117
3420 121
3421 107
3422 69
3423 53
3424 46
3425 28
3426 993
3427 990
3428 996
3429 16
3430 33
3431 998
3432 995
3433 35
3434 67
3435 51
3436 10
3437 991
3438 11
3439 13
3440 22
3441 30
3442 34
3443 10
3444 983
3445 986
3446 993
3447 991
3448 967
3449 965
3450 953
3451 928
3452 923
3453 938
3454 941
3455 984
3456 985
3457 0
3458 25
3459 73
3460 96
3461 86
3462 115
3463 170
3464 184
3465 197
3466 219
3467 234
3468 207
3469 239
3470 260
3471 264
3472 271
3473 251
3474 263
3475 291
3476 284
3477 270
3478 268
3479 326
3480 316
3481 325
3482 353
3483 392
3484 373
3485 351
3486 328
3487 316
3488 303
3489 324
3490 315
3491 316
3492 299
3493 303
3494 304
3495 306
3496 286
3497 275
3498 307
3499 314
3500 332
3501 331
3502 345
3503 358
3504 336
3505 324
3506 377
3507 367
3508 382
3509 382
3510 393
3511 361
3512 354
3513 380
3514 416
3515 446
3516 468
3517 468
3518 436
3519 434
3520 429
3521 442
3522 450
3523 432
3524 453
3525 472
3526 496
3527 500
3528 557
3529 553
3530 563
3531 553
3532 558
3533 549
3534 507
3535 521
3536 520
3537 507
3538 500
3539 509
3540 534
3541 496
3542 503
3543 519
3544 513
3545 474
3546 499
3547 536
3548 502
3549 475
3550 451
3551 444
3552 446
3553 475
3554 440
3555 398
3556 410
3557 400
3558 422
3559 405
3560 399
3561 408
3562 416
3563 419
3564 393
3565 382
3566 431
3567 450
3568 442
3569 445
3570 446
3571 433
3572 448
3573 466
3574 471
3575 477
3576 500
3577 501
3578 498
3579 523
3580 524
3581 498
3582 478
3583 471
3584 477
3585 466
3586 485
3587 489
3588 490
3589 495
3590 491
3591 489
3592 493
3593 451
3594 456
3595 460
3596 449
3597 436
3598 413
3599 426
3600 418
3601 431
3602 412
3603 418
3604 355
3605 332
3606 334
3607 302
3608 301
3609 295
3610 264
3611 300
3612 298
3613 298
3614 316
3615 335
3616 353
3617 327
3618 298
3619 299
3620 316
3621 280
3622 286
3623 282
3624 245
3625 249
3626 241
3627 271
3628 293
3629 298
3630 295
3631 280
3632 240
3633 217
3634 206
3635 200
3636 180
3637 220
3638 201
3639 249
3640 257
3641 262
3642 293
3643 315
3644 326
3645 337
3646 320
3647 319
3648 292
3649 319
3650 288
3651 305
3652 267
3653 223
3654 222
3655 179
3656 190
3657 162
3658 181
3659 178
3660 141
3661 191
3662 193
3663 215
3664 210
3665 216
3666 223
3667 211
3668 184
3669 192
3670 198
3671 188
3672 132
3673 130
3674 152
3675 204
3676 200
3677 209
3678 188
3679 191
3680 196
3681 204
3682 210
3683 235
3684 245
3685 233
3686 242
3687 251
3688 238
3689 222
3690 225
3691 246
3692 271
3693 323
3694 293
3695 279
3696 247
3697 285
3698 285
3699 291
3700 316
3701 306
3702 268
3703 264
3704 285
3705 302
3706 299
3707 302
3708 314
3709 343
3710 330
3711 334
3712 281
3713 257
3714 213
3715 231
3716 234
3717 199
3718 216
3719 215
3720 216
3721 221
3722 200
3723 231
3724 228
3725 224
3726 212
3727 185
3728 185
3729 177
3730 203
3731 189
3732 188
3733 190
3734 169
3735 183
3736 223
3737 229
3738 223
3739 214
3740 245
3741 222
3742 225
3743 203
3744 200
3745 256
3746 250
3747 235
3748 233
3749 191
3750 174
3751 215
3752 210
3753 210
3754 227
3755 196
3756 203
3757 183
3758 178
3759 184
3760 201
3761 224
3762 242
3763 192
3764 195
3765 203
3766 217
3767 178
3768 155
3769 197
3770 194
3771 189
3772 203
3773 199
3774 208
3775 199
3776 213
3777 220
3778 226
3779 232
3780 207
3781 221
3782 232
3783 268
3784 277
3785 249
3786 257
3787 249
3788 265
3789 278
3790 286
3791 268
3792 223
3793 219
3794 254
3795 278
3796 278
3797 278
3798 282
3799 265
3800 259
3801 281
3802 275
3803 262
3804 293
3805 293
3806 325
3807 320
3808 332
3809 336
3810 343
3811 323
3812 350
3813 355
3814 348
3815 346
3816 347
3817 370
3818 369
3819 354
3820 340
3821 327
3822 312
3823 289
3824 277
3825 250
3826 234
3827 235
3828 225
3829 220
3830 214
3831 241
3832 228
3833 222
3834 239
3835 210
3836 224
3837 234
3838 243
3839 235
3840 226
3841 187
3842 202
3843 200
3844 188
3845 190
3846 210
3847 240
3848 220
3849 282
3850 281
3851 270
3852 253
3853 290
3854 302
3855 284
3856 266
3857 270
3858 268
3859 229
3860 223
3861 198
3862 216
3863 240
3864 207
3865 221
3866 233
3867 257
3868 233
3869 244
3870 238
3871 186
3872 177
3873 185
3874 172
3875 188
3876 189
3877 171
3878 160
3879 157
3880 169
3881 166
3882 204
3883 187
3884 185
3885 217
3886 235
3887 253
3888 272
3889 290
3890 324
3891 349
3892 325
3893 286
3894 286
3895 274
3896 243
3897 238
3898 234
3899 254
3900 240
3901 255
3902 291
3903 297
3904 307
3905 330
3906 366
3907 403
3908 400
3909 397
3910 397
3911 391
3912 372
3913 354
3914 380
3915 373
3916 358
3917 331
3918 313
3919 313
3920 321
3921 341
3922 309
3923 308
3924 307
3925 329
3926 358
3927 352
3928 323
3929 302
3930 264
3931 250
3932 285
3933 289
3934 261
3935 252
3936 277
3937 273
3938 267
3939 274
3940 298
3941 321
3942 315
3943 311
3944 306
3945 321
3946 275
3947 246
3948 261
3949 247
3950 234
3951 233
3952 250
3953 259
3954 270
3955 237
3956 197
3957 196
3958 203
3959 212
3960 203
3961 253
3962 267
3963 262
3964 286
3965 317
3966 318
3967 331
3968 344
3969 368
3970 336
3971 354
3972 385
3973 378
3974 373
3975 382
3976 381
3977 410
3978 406
3979 419
3980 403
3981 402
3982 415
3983 354
3984 360
3985 388
3986 424
3987 422
3988 417
3989 414
3990 405
3991 410
3992 396
3993 407
3994 394
3995 387
3996 352
3997 310
3998 311
3999 325
4000 304
4001 300
4002 306
4003 295
4004 295
4005 312
4006 250
4007 269
4008 297
4009 278
4010 276
4011 218
4012 189
4013 208
4014 200
4015 213
4016 176
4017 145
4018 118
4019 97
4020 78
4021 85
4022 69
4023 69
4024 40
4025 65
4026 53
4027 33
4028 7
4029 6
4030 20
4031 28
4032 53
4033 71
4034 69
4035 94
4036 81
4037 38
4038 47
4039 54
4040 65
4041 78
4042 94
4043 102
4044 121
4045 160
4046 125
4047 99
4048 51
4049 22
4050 993
4051 13
4052 1
4053 25
4054 978
4055 976
4056 4
4057 18
4058 17
4059 984
4060 990
4061 970
4062 978
4063 6
4064 995
4065 10
4066 7
4067 35
4068 11
4069 23
4070 37
4071 3
4072 22
4073 21
4074 999
4075 22
4076 73
4077 95
4078 117
4079 101
4080 78
4081 91
4082 91
4083 99
4084 93
4085 98
4086 118
4087 90
4088 50
4089 48
4090 34
4091 19
4092 983
4093 9
4094 984
4095 6
4096 993
4097 2
4098 952
4099 922
4100 885
4101 858
4102 844
4103 850
4104 845
4105 831
4106 838
4107 870
4108 862
4109 908
4110 936
4111 947
4112 979
4113 978
4114 4
4115 18
4116 29
4117 23
4118 40
4119 5
4120 35
4121 31
4122 40
4123 12
4124 978
4125 959
4126 989
4127 967
4128 986
4129 25
4130 17
4131 16
4132 35
4133 48
4134 45
4135 989
4136 19
4137 997
4138 30
4139 40
4140 16
4141 999
4142 0
4143 977
4144 10
4145 49
4146 24
4147 21
4148 65
4149 76
4150 90
4151 81
4152 94
4153 99
4154 93
4155 86
4156 92
4157 52
4158 29
4159 41
4160 39
4161 46
4162 78
4163 30
4164 34
4165 25
4166 17
4167 994
4168 985
4169 998
4170 989
4171 4
4172 970
4173 991
4174 985
4175 992
4176 991
4177 8
4178 1
4179 990
4180 12
4181 990
4182 983
4183 960
4184 977
4185 977
4186 982
4187 32
4188 58
4189 25
4190 985
4191 969
4192 967
4193 927
4194 917
4195 929
4196 924
4197 944
4198 953
4199 959
4200 970
4201 983
4202 972
4203 976
4204 970
4205 923
4206 919
4207 931
4208 935
4209 910
4210 847
4211 849
4212 884
4213 893
4214 879
4215 896
4216 888
4217 872
4218 894
4219 905
4220 924
4221 910
4222 893
4223 904
4224 825
4225 788
4226 794
4227 799
4228 767
4229 765
4230 773
4231 716
4232 722
4233 693
4234 694
4235 685
4236 688
4237 675
4238 652
4239 625
4240 614
4241 628
4242 619
4243 600
4244 559
4245 565
4246 533
4247 568
4248 556
4249 561
4250 542
4251 516
4252 488
4253 460
4254 455
4255 437
4256 438
4257 394
4258 394
4259 392
4260 406
4261 410
4262 383
4263 371
4264 406
4265 405
4266 398
4267 394
4268 369
4269 366
4270 347
4271 359
4272 326
4273 333
4274 325
4275 325
4276 341
4277 367
4278 417
4279 409
4280 428
4281 416
4282 447
4283 452
4284 456
4285 470
4286 450
4287 442
4288 430
4289 434
4290 465
4291 480
4292 465
4293 489
4294 490
4295 490
4296 482
4297 514
4298 530
4299 525
4300 537
4301 501
4302 526
4303 544
4304 553
4305 563
4306 577
4307 588
4308 569
4309 571
4310 587
4311 560
4312 580
4313 594
4314 599
4315 614
4316 617
4317 625
4318 579
4319 598
4320 582
4321 581
4322 567
4323 598
4324 593
4325 583
4326 597
4327 588
4328 585
4329 585
4330 603
4331 622
4332 688
4333 689
4334 690
4335 647
4336 653
4337 658
4338 656
4339 681
4340 666
4341 664
4342 647
4343 639
4344 628
4345 659
4346 644
4347 659
4348 664
4349 682
4350 702
4351 702
4352 680
4353 676
4354 717
4355 737
4356 711
4357 721
4358 717
4359 716
4360 683
4361 690
4362 672
4363 673
4364 652
4365 615
4366 643
4367 625
4368 607
4369 618
4370 680
4371 668
4372 692
4373 698
4374 733
4375 738
4376 765
4377 797
4378 786
4379 791
4380 800
4381 815
4382 748
4383 732
4384 766
4385 802
4386 784
4387 798
4388 801
4389 806
4390 782
4391 793
4392 748
4393 763
4394 737
4395 758
4396 776
4397 778
4398 773
4399 792
4400 773
4401 765
4402 770
4403 762
4404 742
4405 696
4406 676
4407 692
4408 702
4409 761
4410 741
4411 742
4412 738
4413 722
4414 720
4415 710
4416 683
4417 665
4418 701
4419 659
4420 632
4421 625
4422 625
4423 655
4424 689
4425 701
4426 687
4427 697
4428 685
4429 697
4430 673
4431 667
4432 673
4433 674
4434 700
4435 686
4436 674
4437 639
4438 658
4439 670
4440 678
4441 667
4442 651
4443 618
4444 597
4445 600
4446 614
4447 606
4448 609
4449 601
4450 589
4451 597
4452 566
4453 586
4454 577
4455 559
4456 521
4457 519
4458 547
4459 560
4460 560
4461 564
4462 547
4463 543
4464 528
4465 501
4466 498
4467 451
4468 495
4469 484
4470 498
4471 445
4472 445
4473 454
4474 446
4475 417
4476 379
4477 387
4478 460
4479 461
4480 454
4481 468
4482 493
4483 504
4484 514
4485 479
4486 482
4487 471
4488 481
4489 495
4490 484
4491 482
4492 481
4493 476
4494 477
4495 481
4496 476
4497 486
4498 506
4499 486
4500 467
4501 452
4502 446
4503 456
4504 460
4505 450
4506 442
4507 414
4508 389
4509 402
4510 398
4511 386
4512 404
4513 382
4514 381
4515 368
4516 369
4517 389
4518 385
4519 386
4520 381
4521 413
4522 397
4523 378
4524 406
4525 405
4526 399
4527 366
4528 336
4529 336
4530 328
4531 334
4532 345
4533 350
4534 359
4535 364
4536 384
4537 370
4538 362
4539 345
4540 335
4541 353
4542 341
4543 297
4544 256
4545 247
4546 242
4547 224
4548 225
4549 236
4550 227
4551 243
4552 272
4553 266
4554 260
4555 287
4556 288
4557 315
4558 310
4559 318
4560 322
4561 307
4562 270
4563 278
4564 272
4565 267
4566 259
4567 259
4568 263
4569 265
4570 269
4571 250
4572 244
4573 254
4574 265
4575 267
4576 264
4577 255
4578 245
4579 219
4580 204
4581 182
4582 214
4583 221
4584 232
4585 226
4586 235
4587 250
4588 241
4589 213
4590 199
4591 203
4592 206
4593 209
4594 215
4595 228
4596 228
4597 209
4598 214
4599 229
4600 239
4601 238
4602 249
4603 252
4604 267
4605 264
4606 268
4607 269
4608 268
4609 279
4610 284
4611 254
4612 255
4613 274
4614 280
4615 285
4616 271
4617 258
4618 270
4619 258
4620 252
4621 261
4622 264
4623 272
4624 267
4625 254
4626 276
4627 275
4628 254
4629 279
4630 253
4631 257
4632 257
4633 254
4634 259
4635 271
4636 268
4637 277
4638 264
4639 272
4640 276
4641 302
4642 306
4643 325
4644 345
4645 368
4646 358
4647 375
4648 394
4649 391
4650 354
4651 376
4652 381
4653 365
4654 386
4655 395
4656 383
4657 371
4658 407
4659 406
4660 386
4661 374
4662 395
4663 410
4664 404
4665 399
4666 421
4667 447
4668 460
4669 458
4670 486
4671 471
4672 455
4673 491
4674 499
4675 511
4676 492
4677 467
4678 478
4679 482
4680 448
4681 431
4682 444
4683 436
4684 389
4685 408
4686 400
4687 392
4688 415
4689 406
4690 403
4691 393
4692 395
4693 359
4694 339
4695 349
4696 354
4697 366
4698 378
4699 357
4700 368
4701 379
4702 347
4703 345
4704 335
4705 316
4706 304
4707 312
4708 304
4709 300
4710 303
4711 302
4712 312
4713 321
4714 323
4715 317
4716 333
4717 335
4718 347
4719 353
4720 362
4721 361
4722 340
4723 372
4724 354
4725 369
4726 379
4727 413
4728 392
4729 387
4730 386
4731 416
4732 418
4733 422
4734 426
4735 388
4736 383
4737 385
4738 395
4739 384
4740 336
4741 334
4742 338
4743 341
4744 338
4745 316
4746 309
4747 320
4748 322
4749 324
4750 362
4751 379
4752 408
4753 412
4754 385
4755 401
4756 381
4757 408
4758 383
4759 385
4760 372
4761 400
4762 420
4763 439
4764 445
4765 426
4766 408
4767 416
4768 395
4769 430
4770 444
4771 407
4772 420
4773 400
4774 411
4775 395
4776 418
4777 426
4778 419
4779 455
4780 442
4781 476
4782 461
4783 450
4784 428
4785 441
4786 452
4787 448
4788 459
4789 449
4790 439
4791 413
4792 416
4793 392
4794 378
4795 357
4796 389
4797 367
4798 348
4799 376
4800 376
4801 384
4802 362
4803 369
4804 371
4805 384
4806 422
4807 466
4808 485
4809 510
4810 493
4811 482
4812 505
4813 503
4814 475
4815 424
4816 419
4817 437
4818 438
4819 422
4820 401
4821 407
4822 425
4823 436
4824 454
4825 480
4826 482
4827 514
4828 522
4829 520
4830 516
4831 532
4832 523
4833 512
4834 541
4835 541
4836 547
4837 547
4838 580
4839 577
4840 531
4841 537
4842 568
4843 542
4844 538
4845 533
4846 512
4847 483
4848 511
4849 535
4850 542
4851 525
4852 543
4853 544
4854 553
4855 553
4856 561
4857 552
4858 521
4859 502
4860 498
4861 489
4862 488
4863 475
4864 483
4865 485
4866 505
4867 509
4868 555
4869 523
4870 483
4871 488
4872 472
4873 457
4874 456
4875 480
4876 498
4877 480
4878 474
4879 499
4880 459
4881 499
4882 498
4883 486
4884 489
4885 522
4886 522
4887 510
4888 511
4889 497
4890 541
4891 541
4892 554
4893 555
4894 521
4895 543
4896 538
4897 543
4898 568
4899 515
4900 536
4901 512
4902 508
4903 522
4904 500
4905 483
4906 508
4907 516
4908 546
4909 566
4910 546
4911 531
4912 558
4913 558
4914 588
4915 556
4916 540
4917 540
4918 534
4919 523
4920 511
4921 537
4922 560
4923 589
4924 618
4925 603
4926 613
4927 600
4928 597
4929 586
4930 601
4931 561
4932 547
4933 553
4934 568
4935 573
4936 545
4937 527
4938 517
4939 504
4940 489
4941 506
4942 496
4943 491
4944 530
4945 530
4946 563
4947 545
4948 532
4949 525
4950 528
4951 496
4952 545
4953 513
4954 514
4955 498
4956 503
4957 489
4958 506
4959 505
4960 544
4961 522
4962 494
4963 502
4964 509
4965 525
4966 524
4967 526
4968 535
4969 499
4970 508
4971 505
4972 512
4973 524
4974 524
4975 515
4976 533
4977 513
4978 491
4979 513
4980 510
4981 514
4982 498
4983 493
4984 480
4985 479
4986 486
4987 500
4988 497
4989 490
4990 507
4991 467
4992 483
4993 463
4994 429
4995 414
4996 438
4997 435
4998 433
4999 435
5000 434
5001 437
5002 445
5003 471
5004 445
5005 466
5006 457
5007 459
5008 462
5009 437
5010 444
5011 430
5012 448
5013 450
5014 446
5015 460
5016 463
5017 463
5018 446
5019 437
5020 405
5021 395
5022 398
5023 368
5024 348
5025 345
5026 351
5027 352
5028 368
5029 382
5030 402
5031 427
5032 428
5033 438
5034 444
5035 442
5036 394
5037 397
5038 397
5039 333
5040 337
5041 340
5042 359
5043 372
5044 377
5045 376
5046 370
5047 356
5048 355
5049 372
5050 344
5051 356
5052 324
5053 336
5054 323
5055 322
5056 335
5057 341
5058 337
5059 344
5060 338
5061 340
5062 337
5063 339
5064 337
5065 326
5066 345
5067 331
5068 328
5069 327
5070 317
5071 296
5072 296
5073 300
5074 268
5075 301
5076 272
5077 259
5078 255
5079 272
5080 259
5081 244
5082 234
5083 220
5084 220
5085 196
5086 204
5087 210
5088 210
5089 212
5090 201
5091 204
5092 212
5093 215
5094 224
5095 227
5096 213
5097 226
5098 212
5099 231
5100 246
5101 268
5102 294
5103 278
5104 286
5105 288
5106 298
5107 318
5108 309
5109 306
5110 311
5111 309
5112 315
5113 310
5114 268
5115 262
5116 258
5117 235
5118 228
5119 247
5120 266
5121 281
5122 281
5123 293
5124 290
5125 273
5126 275
5127 265
5128 254
5129 221
5130 220
5131 214
5132 216
5133 228
5134 238
5135 224
5136 215
5137 208
5138 215
5139 236
5140 235
5141 261
5142 251
5143 243
5144 255
5145 235
5146 232
5147 232
5148 237
5149 236
5150 248
5151 248
5152 259
5153 271
5154 297
5155 303
5156 308
5157 323
5158 318
5159 343
5160 346
5161 325
5162 332
5163 335
5164 297
5165 321
5166 294
5167 285
5168 304
5169 308
5170 320
5171 304
5172 298
5173 313
5174 317
5175 331
5176 321
5177 333
5178 321
5179 330
5180 293
5181 298
5182 327
5183 319
5184 303
5185 282
5186 262
5187 241
5188 263
5189 275
5190 277
5191 296
5192 299
5193 285
5194 260
5195 259
5196 267
5197 261
5198 251
5199 268
5200 263
5201 275
5202 243
5203 273
5204 235
5205 239
5206 257
5207 276
5208 250
5209 241
5210 228
5211 202
5212 215
5213 207
5214 229
5215 238
5216 227
5217 222
5218 229
5219 213
5220 217
5221 229
5222 218
5223 213
5224 220
5225 217
5226 212
5227 222
5228 241
5229 215
5230 237
5231 232
5232 231
5233 219
5234 222
5235 200
5236 195
5237 194
5238 213
5239 201
5240 222
5241 231
5242 210
5243 220
5244 219
5245 195
5246 205
5247 194
5248 201
5249 191
5250 218
5251 241
5252 244
5253 240
5254 246
5255 245
5256 253
5257 262
5258 279
5259 274
5260 261
5261 253
5262 274
5263 275
5264 255
5265 256
5266 281
5267 304
5268 321
5269 312
5270 310
5271 320
5272 306
5273 294
5274 277
5275 260
5276 274
5277 288
5278 268
5279 265
5280 261
5281 256
5282 265
5283 256
5284 255
5285 264
5286 263
5287 269
5288 258
5289 263
5290 274
5291 282
5292 276
5293 275
5294 268
5295 272
5296 272
5297 270
5298 263
5299 267
5300 280
5301 267
5302 267
5303 261
5304 283
5305 275
5306 284
5307 291
5308 284
5309 307
5310 297
5311 314
5312 291
5313 283
5314 287
5315 263
5316 268
5317 281
5318 270
5319 286
5320 305
5321 313
5322 306
5323 305
5324 306
5325 295
5326 333
5327 326
5328 314
5329 330
5330 296
5331 283
5332 282
5333 285
5334 297
5335 257
5336 244
5337 236
5338 226
5339 230
5340 237
5341 240
5342 267
5343 293
5344 299
5345 302
5346 346
5347 326
5348 321
5349 341
5350 354
5351 361
5352 338
5353 341
5354 334
5355 341
5356 369
5357 401
5358 383
5359 361
5360 367
5361 341
5362 349
5363 363
5364 368
5365 380
5366 381
5367 338
5368 354
5369 331
5370 307
5371 340
5372 339
5373 361
5374 375
5375 384
5376 393
5377 381
5378 367
5379 363
5380 370
5381 396
5382 399
5383 380
5384 390
5385 438
5386 407
5387 419
5388 398
5389 374
5390 382
5391 364
5392 361
5393 364
5394 364
5395 361
5396 330
5397 347
5398 328
5399 325
5400 316
5401 328
5402 338
5403 311
5404 339
5405 321
5406 329
5407 283
5408 296
5409 293
5410 336
5411 356
5412 356
5413 354
5414 330
5415 311
5416 339
5417 325
5418 300
5419 288
5420 321
5421 325
5422 329
5423 331
5424 337
5425 351
5426 330
5427 348
5428 359
5429 333
5430 319
5431 319
5432 314
5433 307
5434 321
5435 322
5436 287
5437 290
5438 274
5439 244
5440 263
5441 227
5442 211
5443 212
5444 206
5445 231
5446 238
5447 247
5448 233
5449 240
5450 239
5451 248
5452 250
5453 215
5454 209
5455 206
5456 192
5457 201
5458 144
5459 179
5460 171
5461 147
5462 121
5463 130
5464 122
5465 129
5466 122
5467 136
5468 144
5469 152
5470 160
5471 177
5472 184
5473 142
5474 141
5475 148
5476 161
5477 180
5478 206
5479 203
5480 246
5481 274
5482 308
5483 298
5484 323
5485 346
5486 353
5487 368
5488 364
5489 320
5490 359
5491 365
5492 381
5493 366
5494 387
5495 400
5496 394
5497 390
5498 369
5499 333
5500 360
5501 358
5502 402
5503 388
5504 389
5505 395
5506 398
5507 374
5508 367
5509 369
5510 376
5511 372
5512 329
5513 319
5514 338
5515 366
5516 376
5517 371
5518 395
5519 341
5520 378
5521 407
5522 406
5523 393
5524 407
5525 399
5526 417
5527 420
5528 382
5529 360
5530 315
5531 290
5532 294
5533 307
5534 300
5535 309
5536 322
5537 299
5538 298
5539 306
5540 291
5541 309
5542 295
5543 269
5544 259
5545 273
5546 272
5547 262
5548 281
5549 297
5550 285
5551 286
5552 290
5553 290
5554 304
5555 331
5556 334
5557 342
5558 351
5559 365
5560 360
5561 335
5562 344
5563 374
5564 356
5565 353
5566 348
5567 396
5568 375
5569 414
5570 420
5571 384
5572 399
5573 366
5574 397
5575 422
5576 400
5577 382
5578 396
5579 414
5580 448
5581 400
5582 409
5583 454
5584 458
5585 475
5586 491
5587 482
5588 494
5589 435
5590 376
5591 367
5592 397
5593 363
5594 346
5595 328
5596 295
5597 272
5598 247
5599 232
5600 268
5601 246
5602 268
5603 322
5604 314
5605 309
5606 290
5607 339
5608 338
5609 348
5610 366
5611 334
5612 323
5613 348
5614 375
5615 391
5616 407
5617 401
5618 393
5619 389
5620 383
5621 411
5622 406
5623 377
5624 393
5625 409
5626 412
5627 404
5628 472
5629 425
5630 415
5631 412
5632 381
5633 398
5634 424
5635 419
5636 428
5637 450
5638 439
5639 441
5640 462
5641 451
5642 483
5643 452
5644 412
5645 366
5646 374
5647 372
5648 336
5649 333
5650 311
5651 313
5652 368
5653 356
5654 378
5655 394
5656 391
5657 403
5658 417
5659 460
5660 464
5661 466
5662 492
5663 497
5664 525
5665 561
5666 532
5667 508
5668 575
5669 593
5670 551
5671 561
5672 566
5673 498
5674 477
5675 510
5676 509
5677 486
5678 459
5679 438
5680 458
5681 437
5682 463
5683 496
5684 448
5685 440
5686 399
5687 405
5688 430
5689 475
5690 440
5691 470
5692 471
5693 429
5694 424
5695 405
5696 410
5697 369
5698 376
5699 384
5700 377
5701 421
5702 443
5703 458
5704 426
5705 462
5706 497
5707 508
5708 538
5709 536
5710 522
5711 462
5712 453
5713 484
5714 493
5715 532
5716 549
5717 560
5718 579
5719 608
5720 587
5721 522
5722 486
5723 499
5724 482
5725 525
5726 531
5727 572
5728 570
5729 533
5730 534
5731 565
5732 516
5733 509
5734 482
5735 493
5736 490
5737 480
5738 512
5739 517
5740 523
5741 553
5742 603
5743 568
5744 576
5745 592
5746 598
5747 623
5748 615
5749 613
5750 630
5751 629
5752 669
5753 676
5754 684
5755 722
5756 706
5757 716
5758 749
5759 736
5760 760
5761 739
5762 724
5763 718
5764 717
5765 745
5766 763
5767 775
5768 815
5769 812
5770 796
5771 768
5772 785
5773 781
5774 778
5775 728
5776 713
5777 726
5778 727
5779 701
5780 677
5781 627
5782 644
5783 626
5784 689
5785 687
5786 632
5787 619
5788 603
5789 600
5790 590
5791 564
5792 574
5793 607
5794 584
5795 615
5796 598
5797 609
5798 592
5799 584
5800 545
5801 537
5802 541
5803 524
5804 534
5805 518
5806 499
5807 516
5808 518
5809 527
5810 549
5811 563
5812 590
5813 567
5814 587
5815 576
5816 593
5817 566
5818 583
5819 607
5820 580
5821 580
5822 613
5823 591
5824 579
5825 578
5826 620
5827 635
5828 640
5829 651
5830 630
5831 613
5832 618
5833 584
5834 558
5835 596
5836 606
5837 631
5838 675
5839 666
5840 689
5841 684
5842 659
5843 663
5844 719
5845 747
5846 727
5847 748
5848 788
5849 788
5850 800
5851 812
5852 833
5853 827
5854 818
5855 813
5856 849
5857 871
5858 881
5859 903
5860 964
5861 999
5862 15
5863 44
5864 13
5865 17
5866 27
5867 993
5868 984
5869 3
5870 0
5871 979
5872 977
5873 942
5874 916
5875 876
5876 858
5877 799
5878 799
5879 798
5880 814
5881 805
5882 826
5883 841
5884 869
5885 870
5886 914
5887 918
5888 964
5889 958
5890 967
5891 5
5892 16
5893 55
5894 94
5895 35
5896 47
5897 69
5898 30
5899 967
5900 945
5901 931
5902 961
5903 974
5904 968
5905 990
5906 970
5907 947
5908 992
5909 991
5910 47
5911 28
5912 56
5913 99
5914 140
5915 97
5916 91
5917 77
5918 114
5919 112
5920 158
5921 155
5922 229
5923 286
5924 328
5925 305
5926 340
5927 376
5928 424
5929 411
5930 410
5931 414
5932 425
5933 413
5934 485
5935 507
5936 470
5937 467
5938 506
5939 531
5940 509
5941 540
5942 468
5943 418
5944 416
5945 426
5946 459
5947 467
5948 489
5949 504
5950 544
5951 497
5952 495
5953 488
5954 405
5955 426
5956 445
5957 467
5958 424
5959 416
5960 409
5961 431
5962 341
5963 417
5964 370
5965 361
5966 376
5967 359
5968 354
5969 363
5970 288
5971 282
5972 217
5973 162
5974 147
5975 177
5976 148
5977 190
5978 163
5979 187
5980 198
5981 190
5982 196
5983 122
5984 111
5985 108
5986 116
5987 77
5988 68
5989 65
5990 41
5991 6
5992 49
5993 107
5994 129
5995 127
5996 173
5997 225
5998 192
5999 168
6000 113
6001 79
6002 98
6003 81
6004 42
6005 58
6006 91
6007 73
6008 84
6009 42
6010 35
6011 45
6012 36
6013 69
6014 67
6015 97
6016 137
6017 107
6018 66
6019 87
6020 109
6021 100
6022 138
6023 87
6024 81
6025 131
6026 106
6027 110
6028 86
6029 149
6030 101
6031 43
6032 77
6033 50
6034 81
6035 59
6036 68
6037 56
6038 89
6039 59
6040 117
6041 109
6042 126
6043 138
6044 89
6045 120
6046 136
6047 213
6048 168
6049 123
6050 140
6051 181
6052 170
6053 219
6054 197
6055 164
6056 143
6057 171
6058 177
6059 180
6060 130
6061 190
6062 227
6063 249
6064 280
6065 325
6066 303
6067 312
6068 348
6069 407
6070 367
6071 412
6072 435
6073 469
6074 484
6075 559
6076 554
6077 535
6078 580
6079 618
6080 569
6081 567
6082 582
6083 507
6084 530
6085 563
6086 612
6087 531
6088 594
6089 495
6090 487
6091 493
6092 533
6093 549
6094 538
6095 522
6096 461
6097 461
6098 452
6099 382
6100 485
6101 527
6102 512
6103 559
6104 519
6105 579
6106 551
6107 569
6108 565
6109 514
6110 464
6111 412
6112 359
6113 356
6114 404
6115 394
6116 367
6117 341
6118 296
6119 219
6120 229
6121 194
6122 208
6123 265
6124 244
6125 236
6126 270
6127 301
6128 300
6129 273
6130 281
6131 309
6132 356
6133 403
6134 444
6135 472
6136 467
6137 522
6138 587
6139 608
6140 563
6141 586
6142 641
6143 647
6144 613
6145 629
6146 722
6147 752
6148 820
6149 824
6150 805
6151 715
6152 636
6153 660
6154 681
6155 654
6156 580
6157 627
6158 640
6159 713
6160 742
6161 747
6162 732
6163 741
6164 779
6165 755
6166 690
6167 688
6168 767
6169 799
6170 727
6171 752
6172 747
6173 733
6174 725
6175 649
6176 759
6177 790
6178 770
6179 742
6180 749
6181 758
6182 757
6183 795
6184 785
6185 712
6186 772
6187 770
6188 757
6189 802
6190 813
6191 856
6192 838
6193 896
6194 872
6195 920
6196 945
6197 978
6198 985
6199 977
6200 58
6201 40
6202 9
6203 51
6204 71
6205 90
6206 968
6207 972
6208 16
6209 85
6210 96
6211 42
6212 61
6213 38
6214 69
6215 968
6216 930
6217 980
6218 960
6219 976
6220 944
6221 960
6222 943
6223 948
6224 36
6225 42
6226 7
6227 91
6228 66
6229 997
6230 972
6231 963
6232 50
6233 980
6234 987
6235 18
6236 996
6237 943
6238 956
6239 919
6240 919
6241 891
6242 840
6243 860
6244 922
6245 910
6246 896
6247 866
6248 890
6249 915
6250 909
6251 978
6252 993
6253 998
6254 59
6255 995
6256 952
6257 947
6258 947
6259 971
6260 987
6261 968
6262 920
6263 937
6264 930
6265 914
6266 828
6267 846
6268 802
6269 807
6270 852
6271 899
6272 890
6273 866
6274 830
6275 787
6276 724
6277 677
6278 650
6279 608
6280 645
6281 662
6282 629
6283 663
6284 692
6285 622
6286 671
6287 670
6288 629
6289 640
6290 683
6291 691
6292 670
6293 664
6294 707
6295 720
6296 757
6297 782
6298 819
6299 842
6300 804
6301 788
6302 799
6303 819
6304 811
6305 852
6306 928
6307 926
6308 884
6309 911
6310 912
6311 870
6312 901
6313 839
6314 792
6315 685
6316 678
6317 682
6318 768
6319 794
6320 794
6321 740
6322 707
6323 716
6324 782
6325 873
6326 958
6327 960
6328 890
6329 867
6330 879
6331 886
6332 783
6333 749
6334 806
6335 850
6336 844
6337 812
6338 791
6339 766
6340 804
6341 863
6342 883
6343 926
6344 943
6345 986
6346 25
6347 952
6348 919
6349 825
6350 785
6351 804
6352 823
6353 708
6354 690
6355 690
6356 720
6357 775
6358 812
6359 764
6360 753
6361 750
6362 741
6363 746
6364 667
6365 657
6366 591
6367 624
6368 592
6369 539
6370 510
6371 608
6372 576
6373 609
6374 643
6375 655
6376 693
6377 710
6378 648
6379 617
6380 577
6381 551
6382 626
6383 674
6384 720
6385 763
6386 738
6387 736
6388 733
6389 742
6390 708
6391 701
6392 702
6393 677
6394 743
6395 749
6396 787
6397 724
6398 698
6399 670
6400 613
6401 582
6402 622
6403 618
6404 601
6405 581
6406 583
6407 592
6408 553
6409 508
6410 549
6411 565
6412 612
6413 600
6414 563
6415 587
6416 578
6417 643
6418 629
6419 668
6420 654
6421 603
6422 648
6423 593
6424 625
6425 630
6426 635
6427 611
6428 570
6429 535
6430 593
6431 534
6432 531
6433 509
6434 511
6435 560
6436 533
6437 488
6438 502
6439 465
6440 523
6441 460
6442 423
6443 422
6444 464
6445 453
6446 443
6447 388
6448 406
6449 366
6450 332
6451 275
6452 359
6453 341
6454 378
6455 416
6456 390
6457 341
6458 288
6459 314
6460 325
6461 312
6462 328
6463 372
6464 313
6465 235
6466 188
6467 175
6468 172
6469 221
6470 213
6471 234
6472 229
6473 262
6474 284
6475 236
6476 231
6477 300
6478 302
6479 304
6480 345
6481 371
6482 389
6483 417
6484 435
6485 459
6486 438
6487 448
6488 463
6489 489
6490 465
6491 449
6492 408
6493 373
6494 379
6495 445
6496 405
6497 393
6498 381
6499 368
6500 389
6501 440
6502 442
6503 463
6504 523
6505 521
6506 523
6507 501
6508 582
6509 601
6510 610
6511 571
6512 605
6513 604
6514 687
6515 698
6516 649
6517 640
6518 633
6519 654
6520 580
6521 588
6522 661
6523 688
6524 649
6525 640
6526 616
6527 639
6528 641
6529 661
6530 680
6531 673
6532 662
6533 664
6534 650
6535 640
6536 652
6537 650
6538 632
6539 656
6540 678
6541 619
6542 626
6543 606
6544 611
6545 569
6546 548
6547 589
6548 608
6549 594
6550 589
6551 517
6552 527
6553 493
6554 503
6555 503
6556 492
6557 509
6558 542
6559 575
6560 640
6561 602
6562 564
6563 563
6564 589
6565 544
6566 561
6567 586
6568 541
6569 526
6570 596
6571 603
6572 598
6573 599
6574 615
6575 577
6576 577
6577 525
6578 476
6579 442
6580 408
6581 366
6582 389
6583 375
6584 398
6585 425
6586 466
6587 451
6588 457
6589 417
6590 467
6591 414
6592 453
6593 426
6594 408
6595 442
6596 487
6597 450
6598 469
6599 515
6600 502
6601 511
6602 532
6603 484
6604 537
6605 531
6606 586
6607 616
6608 588
6609 577
6610 580
6611 555
6612 553
6613 589
6614 596
6615 598
6616 603
6617 608
6618 611
6619 640
6620 646
6621 694
6622 680
6623 674
6624 684
6625 725
6626 776
6627 770
6628 804
6629 740
6630 782
6631 755
6632 759
6633 739
6634 752
6635 820
6636 770
6637 728
6638 708
6639 732
6640 722
6641 693
6642 632
6643 629
6644 638
6645 646
6646 672
6647 717
6648 764
6649 761
6650 766
6651 786
6652 824
6653 823
6654 781
6655 816
6656 778
6657 771
6658 796
6659 832
6660 814
6661 801
6662 796
6663 752
6664 758
6665 710
6666 700
6667 717
6668 711
6669 678
6670 683
6671 696
6672 727
6673 752
6674 727
6675 748
6676 786
6677 828
6678 820
6679 792
6680 774
6681 781
6682 795
6683 857
6684 831
6685 878
6686 896
6687 911
6688 831
6689 773
6690 787
6691 822
6692 845
6693 806
6694 797
6695 781
6696 756
6697 778
6698 841
6699 811
6700 764
6701 757
6702 748
6703 755
6704 758
6705 786
6706 793
6707 842
6708 805
6709 805
6710 785
6711 830
6712 855
6713 892
6714 885
6715 847
6716 842
6717 836
6718 835
6719 798
6720 800
6721 829
6722 852
6723 829
6724 822
6725 789
6726 802
6727 789
6728 763
6729 791
6730 798
6731 748
6732 715
6733 726
6734 740
6735 843
6736 880
6737 910
6738 908
6739 938
6740 969
6741 976
6742 26
6743 6
6744 951
6745 982
6746 979
6747 981
6748 997
6749 24
6750 76
6751 121
6752 114
6753 99
6754 57
6755 43
6756 66
6757 13
6758 945
6759 934
6760 919
6761 869
6762 875
6763 885
6764 901
6765 910
6766 912
6767 876
6768 880
6769 928
6770 954
6771 978
6772 979
6773 954
6774 928
6775 914
6776 883
6777 913
6778 932
6779 957
6780 969
6781 990
6782 973
6783 19
6784 988
6785 933
6786 910
6787 894
6788 886
6789 851
6790 848
6791 928
6792 913
6793 893
6794 885
6795 877
6796 843
6797 904
6798 878
6799 870
6800 869
6801 866
6802 840
6803 846
6804 894
6805 912
6806 910
6807 883
6808 903
6809 894
6810 874
6811 872
6812 821
6813 847
6814 831
6815 863
6816 861
6817 856
6818 867
6819 871
6820 860
6821 802
6822 781
6823 776
6824 784
6825 758
6826 756
6827 802
6828 814
6829 818
6830 800
6831 810
6832 846
6833 840
6834 850
6835 829
6836 839
6837 879
6838 897
6839 914
6840 909
6841 876
6842 877
6843 895
6844 910
6845 886
6846 914
6847 895
6848 909
6849 932
6850 920
6851 904
6852 909
6853 887
6854 913
6855 934
6856 943
6857 965
6858 925
6859 932
6860 935
6861 898
6862 881
6863 848
6864 866
6865 835
6866 864
6867 901
6868 911
6869 900
6870 910
6871 871
6872 850
6873 858
6874 912
6875 898
6876 911
6877 904
6878 888
6879 891
6880 865
6881 877
6882 861
6883 873
6884 832
6885 846
6886 852
6887 903
6888 934
6889 911
6890 929
6891 931
6892 944
6893 991
6894 18
6895 7
6896 50
6897 57
6898 76
6899 86
6900 99
6901 87
6902 67
6903 89
6904 80
6905 101
6906 63
6907 49
6908 11
6909 38
6910 3
6911 980
6912 980
6913 987
6914 943
6915 989
6916 12
6917 986
6918 20
6919 2
6920 975
6921 0
6922 962
6923 960
6924 979
6925 12
6926 30
6927 26
6928 16
6929 18
6930 32
6931 6
6932 10
6933 983
6934 977
6935 981
6936 18
6937 978
6938 976
6939 959
6940 995
6941 20
6942 54
6943 51
6944 4
6945 916
6946 929
6947 900
6948 914
6949 930
6950 980
6951 930
6952 914
6953 936
6954 923
6955 882
6956 909
6957 912
6958 906
6959 927
6960 949
6961 956
6962 979
6963 978
6964 963
6965 961
6966 956
6967 989
6968 976
6969 939
6970 995
6971 78
6972 99
6973 129
6974 116
6975 97
6976 138
6977 104
6978 64
6979 73
6980 109
6981 148
6982 157
6983 187
6984 107
6985 122
6986 126
6987 169
6988 138
6989 188
6990 204
6991 230
6992 258
6993 316
6994 286
6995 293
6996 337
6997 342
6998 286
6999 283
7000 322
7001 267
7002 228
7003 249
7004 261
7005 242
7006 291
7007 313
7008 319
7009 351
7010 356
7011 374
7012 356
7013 388
7014 351
7015 322
7016 290
7017 290
7018 314
7019 320
7020 328
7021 347
7022 343
7023 333
7024 352
7025 338
7026 365
7027 368
7028 392
7029 378
7030 321
7031 316
7032 282
7033 305
7034 317
7035 288
7036 295
7037 310
7038 295
7039 249
7040 217
7041 223
7042 214
7043 216
7044 173
7045 189
7046 202
7047 231
7048 226
7049 226
7050 243
7051 254
7052 287
7053 301
7054 313
7055 315
7056 361
7057 375
7058 377
7059 383
7060 383
7061 382
7062 402
7063 403
7064 433
7065 412
7066 421
7067 434
7068 436
7069 480
7070 482
7071 474
7072 482
7073 484
7074 541
7075 547
7076 594
7077 617
7078 589
7079 634
7080 623
7081 613
7082 613
7083 615
7084 586
7085 610
7086 642
7087 654
7088 586
7089 617
7090 624
7091 610
7092 641
7093 615
7094 546
7095 529
7096 597
7097 615
7098 612
7099 578
7100 593
7101 613
7102 619
7103 628
7104 644
7105 663
7106 613
7107 596
7108 607
7109 629
7110 611
7111 597
7112 650
7113 640
7114 642
7115 632
7116 596
7117 587
7118 585
7119 609
7120 657
7121 649
7122 651
7123 669
7124 721
7125 750
7126 707
7127 768
7128 739
7129 731
7130 744
7131 742
7132 768
7133 772
7134 785
7135 796
7136 800
7137 820
7138 855
7139 858
7140 828
7141 801
7142 746
7143 733
7144 729
7145 745
7146 751
7147 720
7148 700
7149 701
7150 731
7151 701
7152 718
7153 711
7154 705
7155 734
7156 780
7157 800
7158 821
7159 804
7160 812
7161 823
7162 842
7163 811
7164 817
7165 816
7166 817
7167 833
7168 830
7169 829
7170 819
7171 860
7172 810
7173 785
7174 729
7175 739
7176 742
7177 832
7178 843
7179 816
7180 785
7181 745
7182 775
7183 764
7184 761
7185 721
7186 733
7187 712
7188 668
7189 724
7190 722
7191 699
7192 685
7193 688
7194 660
7195 660
7196 686
7197 723
7198 686
7199 650
7200 628
7201 594
7202 633
7203 637
7204 670
7205 675
7206 665
7207 667
7208 640
7209 652
7210 652
7211 634
7212 635
7213 645
7214 641
7215 627
7216 627
7217 592
7218 560
7219 540
7220 555
7221 524
7222 512
7223 505
7224 475
7225 488
7226 506
7227 484
7228 441
7229 467
7230 415
7231 414
7232 416
7233 424
7234 398
7235 413
7236 390
7237 410
7238 430
7239 440
7240 421
7241 391
7242 408
7243 428
7244 414
7245 375
7246 400
7247 391
7248 414
7249 405
7250 422
7251 416
7252 408
7253 438
7254 462
7255 457
7256 452
7257 444
7258 445
7259 449
7260 452
7261 421
7262 396
7263 350
7264 358
7265 403
7266 430
7267 439
7268 433
7269 476
7270 467
7271 432
7272 426
7273 447
7274 441
7275 448
7276 475
7277 467
7278 485
7279 484
7280 483
7281 514
7282 549
7283 567
7284 575
7285 596
7286 584
7287 568
7288 598
7289 609
7290 614
7291 617
7292 619
7293 603
7294 648
7295 634
7296 633
7297 625
7298 628
7299 676
7300 706
7301 696
7302 700
7303 719
7304 703
7305 693
7306 673
7307 681
7308 664
7309 686
7310 706
7311 739
7312 726
7313 701
7314 696
7315 692
7316 696
7317 684
7318 715
7319 748
7320 774
7321 776
7322 762
7323 769
7324 750
7325 748
7326 747
7327 759
7328 761
7329 737
7330 716
7331 766
7332 801
7333 807
7334 829
7335 816
7336 860
7337 846
7338 840
7339 853
7340 848
7341 851
7342 840
7343 822
7344 833
7345 847
7346 838
7347 864
7348 933
7349 985
7350 967
7351 969
7352 950
7353 940
7354 974
7355 969
7356 992
7357 988
7358 987
7359 981
7360 990
7361 993
7362 984
7363 998
7364 962
7365 963
7366 949
7367 944
7368 975
7369 956
7370 944
7371 914
7372 925
7373 933
7374 909
7375 941
7376 940
7377 933
7378 934
7379 937
7380 946
7381 991
7382 977
7383 965
7384 943
7385 939
7386 955
7387 965
7388 961
7389 972
7390 981
7391 989
7392 937
7393 955
7394 948
7395 904
7396 911
7397 888
7398 916
7399 914
7400 926
7401 908
7402 864
7403 825
7404 796
7405 754
7406 800
7407 819
7408 816
7409 798
7410 851
7411 814
7412 789
7413 780
7414 801
7415 791
7416 791
7417 766
7418 803
7419 830
7420 864
7421 821
7422 800
7423 818
7424 814
7425 805
7426 767
7427 760
7428 782
7429 759
7430 743
7431 760
7432 764
7433 778
7434 783
7435 772
7436 760
7437 727
7438 712
7439 703
7440 681
7441 716
7442 719
7443 714
7444 737
7445 741
7446 754
7447 774
7448 799
7449 824
7450 788
7451 792
7452 790
7453 763
7454 740
7455 748
7456 766
7457 809
7458 810
7459 812
7460 849
7461 838
7462 839
7463 840
7464 841
7465 806
7466 805
7467 802
7468 841
7469 821
7470 792
7471 759
7472 763
7473 755
7474 748
7475 785
7476 811
7477 808
7478 845
7479 876
7480 905
7481 915
7482 894
7483 861
7484 889
7485 868
7486 854
7487 848
7488 859
7489 872
7490 849
7491 842
7492 826
7493 804
7494 809
7495 820
7496 819
7497 818
7498 818
7499 837
7500 854
7501 857
7502 865
7503 896
7504 894
7505 897
7506 891
7507 910
7508 908
7509 908
7510 873
7511 834
7512 837
7513 830
7514 818
7515 842
7516 812
7517 788
7518 759
7519 758
7520 752
7521 734
7522 771
7523 762
7524 744
7525 793
7526 756
7527 756
7528 746
7529 748
7530 744
7531 738
7532 741
7533 737
7534 724
7535 705
7536 709
7537 814
7538 818
7539 797
7540 842
7541 816
7542 817
7543 809
7544 824
7545 821
7546 813
7547 791
7548 781
7549 773
7550 765
7551 789
7552 794
7553 764
7554 735
7555 736
7556 764
7557 781
7558 795
7559 791
7560 816
7561 828
7562 856
7563 815
7564 838
7565 857
7566 826
7567 829
7568 846
7569 831
7570 838
7571 864
7572 877
7573 884
7574 900
7575 853
7576 846
7577 839
7578 838
7579 842
7580 841
7581 876
7582 871
7583 865
7584 882
7585 914
7586 909
7587 907
7588 920
7589 926
7590 913
7591 970
7592 955
7593 983
7594 24
7595 49
7596 45
7597 63
7598 60
7599 100
7600 135
7601 142
7602 150
7603 180
7604 190
7605 150
7606 175
7607 156
7608 170
7609 191
7610 190
7611 162
7612 212
7613 232
7614 235
7615 203
7616 149
7617 118
7618 114
7619 73
7620 60
7621 41
7622 34
7623 25
7624 53
7625 89
7626 104
7627 87
7628 119
7629 106
7630 129
7631 139
7632 167
7633 223
7634 252
7635 219
7636 245
7637 281
7638 287
7639 310
7640 312
7641 323
7642 307
7643 284
7644 307
7645 343
7646 364
7647 333
7648 337
7649 355
7650 332
7651 308
7652 292
7653 309
7654 317
7655 352
7656 322
7657 357
7658 374
7659 394
7660 364
7661 375
7662 395
7663 374
7664 364
7665 376
7666 370
7667 360
7668 337
7669 350
7670 386
7671 408
7672 406
7673 455
7674 429
7675 413
7676 393
7677 356
7678 357
7679 350
7680 327
7681 300
7682 254
7683 245
7684 267
7685 283
7686 296
7687 322
7688 356
7689 372
7690 354
7691 358
7692 345
7693 385
7694 391
7695 371
7696 358
7697 352
7698 379
7699 376
7700 382
7701 362
7702 345
7703 351
7704 341
7705 326
7706 322
7707 316
7708 326
7709 332
7710 349
7711 367
7712 325
7713 321
7714 320
7715 334
7716 288
7717 313
7718 254
7719 240
7720 286
7721 236
7722 218
7723 250
7724 248
7725 248
7726 218
7727 187
7728 187
7729 206
7730 211
7731 226
7732 224
7733 174
7734 175
7735 188
7736 204
7737 136
7738 119
7739 118
7740 120
7741 94
7742 55
7743 999
7744 13
7745 938
7746 936
7747 934
7748 960
7749 960
7750 926
7751 924
7752 900
7753 900
7754 840
7755 800
7756 859
7757 844
7758 858
7759 881
7760 835
7761 822
7762 867
7763 929
7764 941
7765 923
7766 942
7767 906
7768 925
7769 907
7770 898
7771 898
7772 913
7773 925
7774 924
7775 896
7776 924
7777 919
7778 889
7779 896
7780 915
7781 928
7782 927
7783 945
7784 940
7785 968
7786 982
7787 961
7788 2
7789 980
7790 933
7791 941
7792 896
7793 861
7794 854
7795 861
7796 904
7797 855
7798 803
7799 823
7800 844
7801 866
7802 796
7803 866
7804 837
7805 869
7806 810
7807 817
7808 832
7809 831
7810 882
7811 860
7812 899
7813 900
7814 886
7815 905
7816 923
7817 925
7818 934
7819 903
7820 945
7821 941
7822 963
7823 954
7824 970
7825 6
7826 14
7827 4
7828 983
7829 945
7830 911
7831 912
7832 939
7833 935
7834 926
7835 925
7836 894
7837 881
7838 882
7839 878
7840 851
7841 807
7842 806
7843 824
7844 824
7845 834
7846 817
7847 867
7848 960
7849 958
7850 949
7851 957
7852 2
7853 12
7854 32
7855 6
7856 2
7857 37
7858 0
7859 11
7860 2
7861 49
7862 46
7863 79
7864 44
7865 42
7866 49
7867 52
7868 63
7869 51
7870 80
7871 74
7872 54
7873 88
7874 51
7875 28
7876 46
7877 53
7878 64
7879 75
7880 43
7881 30
7882 995
7883 14
7884 67
7885 88
7886 113
7887 119
7888 120
7889 132
7890 140
7891 85
7892 84
7893 75
7894 48
7895 44
7896 62
7897 80
7898 116
7899 82
7900 84
7901 62
7902 61
7903 23
7904 32
7905 30
7906 14
7907 984
7908 936
7909 928
7910 922
7911 901
7912 898
7913 921
7914 971
7915 983
7916 13
7917 36
7918 48
7919 50
7920 65
7921 83
7922 128
7923 143
7924 196
7925 156
7926 156
7927 197
7928 215
7929 203
7930 187
7931 147
7932 157
7933 154
7934 172
7935 173
7936 198
7937 167
7938 114
7939 129
7940 139
7941 190
7942 198
7943 220
7944 216
7945 208
7946 246
7947 228
7948 217
7949 235
7950 235
7951 227
7952 231
7953 270
7954 248
7955 284
7956 275
7957 281
7958 273
7959 280
7960 294
7961 282
7962 263
7963 238
7964 255
7965 260
7966 227
7967 184
7968 182
7969 241
7970 262
7971 272
7972 254
7973 275
7974 314
7975 340
7976 337
7977 352
7978 320
7979 299
7980 379
7981 362
7982 379
7983 339
7984 326
7985 334
7986 374
7987 404
7988 421
7989 386
7990 397
7991 384
7992 391
7993 378
7994 374
7995 382
7996 345
7997 361
7998 384
7999 403
8000 393
8001 398
8002 348
8003 343
8004 353
8005 375
8006 397
8007 396
8008 385
8009 400
8010 369
8011 340
8012 357
8013 378
8014 401
8015 383
8016 401
8017 423
8018 410
8019 426
8020 418
8021 428
8022 432
8023 415
8024 390
8025 390
8026 398
8027 388
8028 428
8029 414
8030 373
8031 362
8032 361
8033 305
8034 318
8035 275
8036 286
8037 326
8038 319
8039 326
8040 334
8041 339
8042 319
8043 360
8044 357
8045 277
8046 288
8047 288
8048 319
8049 350
8050 381
8051 396
8052 401
8053 402
8054 432
8055 401
8056 366
8057 342
8058 399
8059 473
8060 495
8061 543
8062 529
8063 536
8064 513
8065 509
8066 495
8067 490
8068 532
8069 572
8070 600
8071 565
8072 536
8073 540
8074 515
8075 551
8076 553
8077 544
8078 549
8079 511
8080 508
8081 484
8082 519
8083 482
8084 456
8085 432
8086 434
8087 428
8088 435
8089 456
8090 420
8091 413
8092 415
8093 425
8094 404
8095 420
8096 398
8097 416
8098 491
8099 533
8100 523
8101 541
8102 528
8103 484
8104 445
8105 447
8106 429
8107 431
8108 435
8109 463
8110 470
8111 471
8112 457
8113 483
8114 527
8115 519
8116 483
8117 466
8118 499
8119 536
8120 502
8121 488
8122 474
8123 467
8124 439
8125 435
8126 432
8127 440
8128 436
8129 437
8130 434
8131 434
8132 437
8133 432
8134 421
8135 439
8136 433
8137 435
8138 439
8139 471
8140 487
8141 495
8142 491
8143 468
8144 482
8145 466
8146 483
8147 513
8148 509
8149 527
8150 487
8151 455
8152 480
8153 455
8154 475
8155 441
8156 431
8157 444
8158 442
8159 457
8160 471
8161 454
8162 467
8163 449
8164 455
8165 461
8166 480
8167 470
8168 458
8169 462
8170 466
8171 461
8172 465
8173 460
8174 463
8175 410
8176 388
8177 373
8178 374
8179 373
8180 341
8181 323
8182 361
8183 358
8184 360
8185 380
8186 412
8187 362
8188 310
8189 351
8190 400
8191 406
8192 420
8193 430
8194 411
8195 425
8196 423
8197 408
8198 460
8199 429
8200 453
8201 466
8202 407
8203 458
8204 476
8205 450
8206 426
8207 460
8208 395
8209 417
8210 404
8211 349
8212 391
8213 367
8214 366
8215 362
8216 350
8217 371
8218 398
8219 436
8220 446
8221 442
8222 456
8223 442
8224 479
8225 472
8226 446
8227 422
8228 397
8229 426
8230 411
8231 445
8232 422
8233 410
8234 412
8235 385
8236 366
8237 353
8238 390
8239 359
8240 337
8241 364
8242 363
8243 340
8244 324
8245 289
8246 267
8247 234
8248 251
8249 262
8250 281
8251 248
8252 231
8253 177
8254 170
8255 152
8256 121
8257 113
8258 64
8259 57
8260 105
8261 97
8262 118
8263 111
8264 104
8265 120
8266 108
8267 124
8268 149
8269 147
8270 168
8271 156
8272 177
8273 150
8274 155
8275 131
8276 119
8277 117
8278 110
8279 92
8280 82
8281 49
8282 6
8283 7
8284 12
8285 14
8286 10
8287 2
8288 976
8289 978
8290 986
8291 976
8292 964
8293 964
8294 960
8295 958
8296 968
8297 984
8298 956
8299 928
8300 933
8301 898
8302 864
8303 838
8304 862
8305 840
8306 868
8307 861
8308 852
8309 867
8310 880
8311 859
8312 852
8313 867
8314 892
8315 905
8316 896
8317 886
8318 915
8319 875
8320 870
8321 851
8322 816
8323 801
8324 805
8325 848
8326 857
8327 839
8328 840
8329 830
8330 842
8331 847
8332 842
8333 872
8334 878
8335 879
8336 873
8337 907
8338 877
8339 926
8340 936
8341 909
8342 918
8343 930
8344 892
8345 856
8346 870
8347 892
8348 895
8349 918
8350 925
8351 938
8352 932
8353 892
8354 902
8355 898
8356 896
8357 914
8358 916
8359 921
8360 887
8361 866
8362 847
8363 857
8364 833
8365 798
8366 768
8367 797
8368 822
8369 804
8370 787
8371 732
8372 784
8373 810
8374 851
8375 888
8376 899
8377 948
8378 935
8379 896
8380 896
8381 921
8382 882
8383 858
8384 895
8385 909
8386 901
8387 874
8388 849
8389 847
8390 854
8391 905
8392 924
8393 935
8394 898
8395 888
8396 899
8397 879
8398 863
8399 833
8400 831
8401 830
8402 867
8403 904
8404 972
8405 958
8406 946
8407 973
8408 951
8409 950
8410 961
8411 983
8412 982
8413 980
8414 991
8415 8
8416 44
8417 36
8418 12
8419 16
8420 986
8421 19
8422 42
8423 73
8424 89
8425 87
8426 147
8427 149
8428 158
8429 189
8430 182
8431 154
8432 144
8433 165
8434 168
8435 188
8436 225
8437 192
8438 161
8439 122
8440 100
8441 107
8442 122
8443 138
8444 137
8445 88
8446 96
8447 40
8448 7
8449 16
8450 985
8451 979
8452 984
8453 1
8454 14
8455 24
8456 31
8457 79
8458 41
8459 47
8460 49
8461 56
8462 48
8463 75
8464 29
8465 44
8466 9
8467 31
8468 19
8469 964
8470 957
8471 946
8472 942
8473 929
8474 923
8475 940
8476 922
8477 904
8478 918
8479 945
8480 966
8481 912
8482 917
8483 913
8484 936
8485 961
8486 976
8487 961
8488 983
8489 980
8490 983
8491 990
8492 985
8493 9
8494 20
8495 11
8496 989
8497 992
8498 25
8499 48
8500 41
8501 33
8502 25
8503 992
8504 998
8505 7
8506 998
8507 988
8508 11
8509 7
8510 984
8511 954
8512 922
8513 926
8514 928
8515 911
8516 899
8517 903
8518 929
8519 910
8520 929
8521 905
8522 915
8523 926
8524 906
8525 871
8526 870
8527 815
8528 802
8529 782
8530 755
8531 745
8532 722
8533 664
8534 680
8535 696
8536 678
8537 651
8538 687
8539 686
8540 651
8541 682
8542 677
8543 651
8544 642
8545 630
8546 649
8547 657
8548 653
8549 712
8550 703
8551 699
8552 662
8553 649
8554 632
8555 620
8556 572
8557 598
8558 613
8559 575
8560 577
8561 570
8562 578
8563 545
8564 547
8565 573
8566 579
8567 591
8568 571
8569 568
8570 512
8571 477
8572 450
8573 453
8574 443
8575 390
8576 380
8577 404
8578 398
8579 411
8580 388
8581 386
8582 382
8583 394
8584 415
8585 352
8586 364
8587 339
8588 328
8589 331
8590 330
8591 354
8592 326
8593 347
8594 367
8595 388
8596 382
8597 404
8598 425
8599 450
8600 454
8601 412
8602 439
8603 420
8604 440
8605 457
8606 448
8607 413
8608 445
8609 427
8610 466
8611 454
8612 456
8613 459
8614 476
8615 465
8616 465
8617 475
8618 446
8619 392
8620 399
8621 356
8622 326
8623 282
8624 302
8625 308
8626 335
8627 321
8628 346
8629 339
8630 369
8631 380
8632 377
8633 391
8634 385
8635 411
8636 405
8637 409
8638 380
8639 347
8640 313
8641 339
8642 303
8643 300
8644 255
8645 274
8646 256
8647 259
8648 300
8649 312
8650 330
8651 366
8652 380
8653 391
8654 392
8655 353
8656 320
8657 354
8658 359
8659 376
8660 363
8661 353
8662 351
8663 381
8664 382
8665 389
8666 394
8667 375
8668 360
8669 335
8670 345
8671 393
8672 367
8673 381
8674 382
8675 346
8676 341
8677 354
8678 361
8679 333
8680 331
8681 308
8682 275
8683 278
8684 230
8685 209
8686 205
8687 249
8688 247
8689 225
8690 210
8691 225
8692 231
8693 230
8694 262
8695 258
8696 236
8697 255
8698 305
8699 310
8700 317
8701 271
8702 294
8703 292
8704 262
8705 260
8706 217
8707 226
8708 250
8709 256
8710 258
8711 265
8712 269
8713 263
8714 264
8715 292
8716 353
8717 347
8718 338
8719 362
8720 328
8721 294
8722 328
8723 314
8724 343
8725 364
8726 347
8727 356
8728 348
8729 321
8730 294
8731 294
8732 260
8733 274
8734 250
8735 255
8736 275
8737 265
8738 237
8739 270
8740 231
8741 264
8742 289
8743 319
8744 324
8745 345
8746 376
8747 358
8748 335
8749 339
8750 330
8751 342
8752 300
8753 348
8754 371
8755 346
8756 338
8757 367
8758 351
8759 362
8760 407
8761 449
8762 397
8763 372
8764 385
8765 447
8766 428
8767 417
8768 414
8769 431
8770 442
8771 449
8772 403
8773 407
8774 422
8775 396
8776 397
8777 388
8778 415
8779 422
8780 399
8781 362
8782 396
8783 359
8784 380
8785 365
8786 375
8787 398
8788 395
8789 367
8790 393
8791 402
8792 417
8793 434
8794 426
8795 456
8796 464
8797 423
8798 419
8799 399
8800 442
8801 439
8802 423
8803 445
8804 435
8805 425
8806 435
8807 460
8808 496
8809 486
8810 476
8811 521
8812 531
8813 588
8814 551
8815 531
8816 555
8817 547
8818 557
8819 565
8820 547
8821 525
8822 497
8823 462
8824 408
8825 433
8826 456
8827 450
8828 449
8829 469
8830 471
8831 468
8832 465
8833 456
8834 403
8835 396
8836 412
8837 399
8838 423
8839 436
8840 448
8841 445
8842 401
8843 348
8844 323
8845 340
8846 366
8847 358
8848 392
8849 431
8850 422
8851 428
8852 460
8853 474
8854 469
8855 468
8856 510
8857 492
8858 512
8859 468
8860 414
8861 436
8862 400
8863 424
8864 372
8865 338
8866 337
8867 311
8868 326
8869 331
8870 358
8871 371
8872 391
8873 347
8874 348
8875 344
8876 333
8877 343
8878 372
8879 347
8880 337
8881 338
8882 357
8883 388
8884 370
8885 379
8886 395
8887 382
8888 410
8889 398
8890 411
8891 423
8892 416
8893 419
8894 427
8895 396
8896 410
8897 377
8898 367
8899 376
8900 373
8901 380
8902 396
8903 389
8904 330
8905 291
8906 282
8907 286
8908 265
8909 269
8910 273
8911 247
8912 267
8913 213
8914 150
8915 150
8916 134
8917 104
8918 57
8919 59
8920 10
8921 998
8922 26
8923 981
8924 985
8925 7
8926 23
8927 73
8928 58
8929 44
8930 26
8931 59
8932 69
8933 47
8934 65
8935 86
8936 83
8937 68
8938 82
8939 82
8940 87
8941 76
8942 64
8943 61
8944 68
8945 43
8946 42
8947 50
8948 59
8949 67
8950 83
8951 59
8952 72
8953 82
8954 84
8955 95
8956 80
8957 104
8958 68
8959 93
8960 136
8961 169
8962 183
8963 164
8964 154
8965 148
8966 158
8967 172
8968 180
8969 174
8970 159
8971 172
8972 174
8973 172
8974 158
8975 157
8976 161
8977 167
8978 154
8979 156
8980 177
8981 200
8982 199
8983 201
8984 247
8985 230
8986 285
8987 304
8988 331
8989 336
8990 332
8991 306
8992 320
8993 372
8994 372
8995 351
8996 337
8997 335
8998 343
8999 362
9000 351
9001 347
9002 354
9003 328
9004 356
9005 369
9006 369
9007 357
9008 377
9009 400
9010 409
9011 413
9012 412
9013 416
9014 396
9015 386
9016 392
9017 407
9018 391
9019 366
9020 318
9021 301
9022 309
9023 287
9024 298
9025 292
9026 290
9027 301
9028 304
9029 305
9030 315
9031 320
9032 294
9033 278
9034 280
9035 301
9036 315
9037 348
9038 370
9039 357
9040 353
9041 391
9042 431
9043 445
9044 439
9045 429
9046 448
9047 493
9048 474
9049 452
9050 438
9051 410
9052 422
9053 446
9054 452
9055 453
9056 433
9057 436
9058 436
9059 448
9060 406
9061 412
9062 391
9063 371
9064 368
9065 391
9066 428
9067 450
9068 454
9069 465
9070 493
9071 494
9072 506
9073 515
9074 531
9075 514
9076 489
9077 497
9078 478
9079 469
9080 478
9081 469
9082 446
9083 437
9084 454
9085 420
9086 399
9087 407
9088 422
9089 420
9090 397
9091 413
9092 396
9093 383
9094 387
9095 392
9096 365
9097 361
9098 353
9099 350
9100 335
9101 338
9102 329
9103 328
9104 351
9105 379
9106 354
9107 353
9108 366
9109 368
9110 364
9111 365
9112 372
9113 348
9114 350
9115 339
9116 304
9117 336
9118 336
9119 326
9120 322
9121 306
9122 316
9123 283
9124 309
9125 329
9126 329
9127 307
9128 314
9129 318
9130 309
9131 307
9132 320
9133 343
9134 334
9135 353
9136 353
9137 319
9138 330
9139 328
9140 348
9141 347
9142 345
9143 344
9144 380
9145 400
9146 407
9147 429
9148 417
9149 442
9150 446
9151 438
9152 422
9153 425
9154 437
9155 439
9156 438
9157 448
9158 443
9159 452
9160 442
9161 444
9162 414
9163 404
9164 436
9165 456
9166 466
9167 459
9168 464
9169 474
9170 516
9171 525
9172 521
9173 521
9174 503
9175 513
9176 517
9177 525
9178 514
9179 491
9180 478
9181 459
9182 459
9183 388
9184 363
9185 375
9186 367
9187 393
9188 369
9189 369
9190 350
9191 327
9192 302
9193 317
9194 281
9195 284
9196 289
9197 319
9198 313
9199 314
9200 320
9201 307
9202 324
9203 321
9204 336
9205 312
9206 315
9207 336
9208 361
9209 345
9210 348
9211 346
9212 338
9213 325
9214 341
9215 349
9216 348
9217 338
9218 349
9219 345
9220 372
9221 363
9222 381
9223 396
9224 406
9225 424
9226 412
9227 411
9228 421
9229 402
9230 414
9231 417
9232 399
9233 390
9234 394
9235 396
9236 400
9237 374
9238 411
9239 431
9240 415
9241 414
9242 402
9243 420
9244 401
9245 392
9246 361
9247 393
9248 410
9249 407
9250 373
9251 360
9252 353
9253 361
9254 392
9255 367
9256 374
9257 363
9258 365
9259 364
9260 389
9261 395
9262 399
9263 402
9264 420
9265 410
9266 406
9267 405
9268 388
9269 390
9270 412
9271 411
9272 410
9273 413
9274 394
9275 398
9276 414
9277 429
9278 399
9279 442
9280 448
9281 430
9282 472
9283 462
9284 462
9285 425
9286 401
9287 405
9288 421
9289 417
9290 391
9291 407
9292 389
9293 405
9294 414
9295 441
9296 461
9297 467
9298 476
9299 480
9300 454
9301 453
9302 469
9303 475
9304 448
9305 424
9306 434
9307 448
9308 430
9309 428
9310 403
9311 386
9312 381
9313 382
9314 369
9315 343
9316 375
9317 378
9318 378
9319 327
9320 353
9321 384
9322 379
9323 376
9324 385
9325 390
9326 389
9327 386
9328 404
9329 414
9330 395
9331 395
9332 385
9333 383
9334 392
9335 400
9336 403
9337 392
9338 413
9339 410
9340 422
9341 400
9342 374
9343 372
9344 347
9345 340
9346 311
9347 292
9348 305
9349 304
9350 299
9351 281
9352 275
9353 279
9354 295
9355 284
9356 267
9357 280
9358 297
9359 281
9360 283
9361 272
9362 290
9363 304
9364 334
9365 337
9366 338
9367 329
9368 337
9369 364
9370 387
9371 377
9372 358
9373 383
9374 379
9375 363
9376 361
9377 337
9378 340
9379 322
9380 340
9381 366
9382 354
9383 351
9384 359
9385 351
9386 336
9387 357
9388 370
9389 412
9390 449
9391 447
9392 472
9393 463
9394 447
9395 417
9396 416
9397 437
9398 408
9399 408
9400 400
9401 408
9402 422
9403 410
9404 452
9405 448
9406 471
9407 447
9408 464
9409 468
9410 424
9411 445
9412 446
9413 480
9414 441
9415 421
9416 407
9417 399
9418 374
9419 399
9420 410
9421 407
9422 394
9423 380
9424 392
9425 401
9426 369
9427 386
9428 387
9429 348
9430 370
9431 402
9432 376
9433 380
9434 376
9435 358
9436 358
9437 355
9438 368
9439 382
9440 384
9441 384
9442 374
9443 361
9444 383
9445 365
9446 355
9447 339
9448 331
9449 332
9450 331
9451 335
9452 322
9453 317
9454 326
9455 313
9456 290
9457 304
9458 280
9459 257
9460 252
9461 245
9462 272
9463 257
9464 254
9465 242
9466 271
9467 279
9468 260
9469 266
9470 263
9471 254
9472 260
9473 295
9474 304
9475 294
9476 311
9477 325
9478 291
9479 285
9480 286
9481 279
9482 280
9483 276
9484 270
9485 279
9486 274
9487 303
9488 302
9489 323
9490 336
9491 340
9492 349
9493 341
9494 325
9495 333
9496 333
9497 309
9498 293
9499 299
9500 312
9501 295
9502 287
9503 284
9504 305
9505 299
9506 286
9507 260
9508 266
9509 264
9510 246
9511 233
9512 245
9513 270
9514 260
9515 236
9516 217
9517 247
9518 247
9519 246
9520 232
9521 226
9522 205
9523 181
9524 168
9525 159
9526 161
9527 164
9528 175
9529 173
9530 178
9531 165
9532 165
9533 176
9534 155
9535 165
9536 144
9537 137
9538 106
9539 109
9540 104
9541 97
9542 101
9543 108
9544 98
9545 85
9546 90
9547 114
9548 117
9549 108
9550 113
9551 114
9552 118
9553 126
9554 131
9555 139
9556 134
9557 132
9558 129
9559 117
9560 111
9561 101
9562 105
9563 89
9564 75
9565 86
9566 84
9567 64
9568 67
9569 66
9570 45
9571 46
9572 50
9573 43
9574 43
9575 46
9576 42
9577 45
9578 49
9579 48
9580 58
9581 62
9582 66
9583 63
9584 61
9585 66
9586 56
9587 53
9588 43
9589 44
9590 39
9591 36
9592 42
9593 43
9594 37
9595 37
9596 39
9597 33
9598 35
9599 38
9600 40
9601 46
9602 48
9603 46
9604 49
9605 49
9606 42
9607 40
9608 36
9609 34
9610 23
9611 27
9612 21
9613 21
9614 18
9615 22
9616 24
9617 32
9618 41
9619 50
9620 44
9621 50
9622 57
9623 40
9624 32
9625 35
9626 35
9627 27
9628 22
9629 14
9630 13
9631 10
9632 11
9633 9
9634 5
9635 8
9636 6
9637 3
9638 2
9639 1
9640 2
9641 3
9642 0
9643 0
9644 0
9645 0
9646 0
9647 0
9648 0
9649 0
9650 0
9651 0
9652 0
9653 0
9654 0
9655 0
9656 1
9657 1
9658 1
9659 1
9660 1
9661 2
9662 1
9663 1
9664 0
9665 1
9666 2
9667 0
9668 1
9669 1
9670 0
9671 0
9672 1
9673 2
9674 2
9675 3
9676 1
9677 0
9678 0
9679 0
9680 0
9681 0
9682 0
9683 1
9684 2
9685 3
9686 3
9687 2
9688 3
9689 4
9690 5
9691 3
9692 3
9693 1
9694 1
9695 1
9696 4
9697 5
9698 6
9699 6
9700 7
9701 8
9702 6
9703 3
9704 4
9705 3
9706 4
9707 3
9708 5
9709 7
9710 4
9711 5
9712 8
9713 9
9714 5
9715 11
9716 9
9717 6
9718 2
9719 1
9720 1
9721 2
9722 2
9723 0
9724 0
9725 0
9726 0
9727 0
9728 1
9729 0
9730 0
9731 0
9732 1
9733 1
9734 3
9735 2
9736 2
9737 0
9738 0
9739 0
9740 1
9741 1
9742 4
9743 7
9744 5
9745 7
9746 7
9747 2
9748 1
9749 2
9750 3
9751 2
9752 1
9753 1
9754 2
9755 2
9756 2
9757 4
9758 1
9759 1
9760 0
9761 0
9762 0
9763 0
9764 0
9765 0
9766 0
9767 0
9768 0
9769 0
9770 0
9771 0
9772 0
9773 0
9774 0
9775 1
9776 2
9777 2
9778 0
9779 0
9780 0
9781 0
9782 0
9783 1
9784 0
9785 0
9786 1
9787 2
9788 2
9789 2
9790 2
9791 3
9792 4
9793 5
9794 4
9795 5
9796 3
9797 2
9798 2
9799 2
9800 3
9801 2
9802 5
9803 6
9804 5
9805 9
9806 8
9807 10
9808 7
9809 2
9810 1
9811 2
9812 1
9813 0
9814 0
9815 0
9816 0
9817 0
9818 0
9819 0
9820 0
9821 0
9822 0
9823 0
9824 0
9825 0
9826 0
9827 0
9828 0
9829 1
9830 1
9831 0
9832 0
9833 0
9834 1
9835 3
9836 5
9837 3
9838 4
9839 2
9840 2
9841 4
9842 2
9843 1
9844 1
9845 3
9846 8
9847 13
9848 17
9849 15
9850 16
9851 19
9852 18
9853 19
9854 16
9855 10
9856 4
9857 5
9858 4
9859 3
9860 2
9861 2
9862 2
9863 4
9864 5
9865 1
9866 3
9867 6
9868 6
9869 7
9870 11
9871 9
9872 9
9873 6
9874 8
9875 14
9876 15
9877 15
9878 11
9879 11
9880 10
9881 10
9882 3
9883 8
9884 13
9885 14
9886 12
9887 14
9888 16
9889 12
9890 15
9891 11
9892 16
9893 25
9894 21
9895 24
9896 25
9897 21
9898 20
9899 22
9900 19
9901 20
9902 20
9903 11
9904 13
9905 15
9906 10
9907 12
9908 17
9909 17
9910 19
9911 16
9912 13
9913 9
9914 4
9915 3
9916 1
9917 0
9918 0
9919 0
9920 0
9921 0
9922 1
9923 0
9924 0
9925 0
9926 0
9927 0
9928 0
9929 1
9930 3
9931 3
9932 2
9933 3
9934 6
9935 4
9936 4
9937 3
9938 0
9939 0
9940 1
9941 1
9942 3
9943 4
9944 3
9945 2
9946 4
9947 6
9948 4
9949 5
9950 2
9951 0
9952 0
9953 0
9954 0
9955 0
9956 0
9957 0
9958 0
9959 1
9960 1
9961 2
9962 5
9963 2
9964 3
9965 4
9966 1
9967 1
9968 2
9969 2
9970 4
9971 7
9972 4
9973 2
9974 3
9975 7
9976 2
9977 3
9978 3
9979 3
9980 4
9981 6
9982 13
9983 13
9984 12
9985 12
9986 8
9987 3
9988 2
9989 3
9990 1
9991 1
9992 2
9993 2
9994 2
9995 0
9996 0
9997 0
9998 0
9999 0
10000 0
