1 0
2 0
3 0
4 1
5 2
6 1
7 0
8 0
9 0
10 0
11 0
12 0
13 0
14 1
15 2
16 1
17 2
18 1
19 2
20 1
21 2
22 2
23 1
24 1
25 1
26 1
27 1
28 0
29 0
30 1
31 0
32 2
33 2
34 2
35 2
36 3
37 3
38 2
39 4
40 2
41 1
42 1
43 2
44 3
45 1
46 3
47 6
48 11
49 12
50 11
51 9
52 8
53 1
54 3
55 4
56 3
57 2
58 2
59 0
60 0
61 0
62 0
63 0
64 0
65 0
66 0
67 0
68 0
69 0
70 0
71 1
72 1
73 2
74 1
75 0
76 0
77 0
78 1
79 0
80 0
81 0
82 1
83 2
84 1
85 1
86 2
87 3
88 3
89 3
90 2
91 4
92 3
93 5
94 3
95 1
96 1
97 0
98 0
99 0
100 1
101 1
102 0
103 0
104 0
105 0
106 0
107 0
108 1
109 1
110 1
111 1
112 1
113 2
114 1
115 0
116 1
117 1
118 0
119 1
120 1
121 1
122 0
123 0
124 0
125 0
126 0
127 0
128 1
129 0
130 0
131 0
132 0
133 1
134 4
135 3
136 5
137 7
138 4
139 4
140 7
141 12
142 11
143 14
144 11
145 6
146 9
147 12
148 16
149 15
150 13
151 19
152 12
153 8
154 6
155 3
156 3
157 2
158 0
159 0
160 0
161 0
162 0
163 0
164 0
165 0
166 0
167 1
168 0
169 0
170 0
171 1
172 2
173 4
174 1
175 0
176 0
177 0
178 0
179 0
180 0
181 0
182 0
183 0
184 0
185 0
186 0
187 0
188 1
189 1
190 0
191 1
192 2
193 5
194 8
195 7
196 5
197 4
198 5
199 7
200 5
201 3
202 3
203 2
204 1
205 1
206 0
207 0
208 0
209 0
210 0
211 0
212 0
213 0
214 1
215 0
216 0
217 0
218 0
219 0
220 0
221 1
222 2
223 1
224 2
225 2
226 1
227 1
228 1
229 1
230 1
231 2
232 2
233 1
234 0
235 0
236 0
237 0
238 0
239 0
240 1
241 0
242 1
243 0
244 1
245 0
246 0
247 0
248 0
249 0
250 0
251 0
252 0
253 0
254 0
255 0
256 0
257 0
258 1
259 0
260 0
261 1
262 3
263 3
264 0
265 1
266 2
267 0
268 0
269 1
270 2
271 4
272 1
273 2
274 2
275 2
276 2
277 1
278 1
279 5
280 7
281 7
282 4
283 7
284 12
285 10
286 13
287 20
288 19
289 26
290 28
291 27
292 29
293 25
294 28
295 33
296 32
297 38
298 35
299 39
300 35
301 36
302 31
303 33
304 35
305 44
306 57
307 58
308 52
309 58
310 53
311 55
312 45
313 50
314 38
315 46
316 45
317 40
318 45
319 47
320 55
321 63
322 71
323 66
324 67
325 76
326 62
327 60
328 73
329 64
330 71
331 76
332 80
333 80
334 91
335 97
336 97
337 93
338 79
339 78
340 87
341 93
342 82
343 85
344 77
345 72
346 73
347 78
348 63
349 61
350 71
351 63
352 64
353 66
354 56
355 81
356 71
357 68
358 59
359 64
360 57
361 61
362 60
363 55
364 47
365 46
366 37
367 35
368 31
369 26
370 27
371 31
372 37
373 39
374 48
375 46
376 36
377 35
378 36
379 31
380 27
381 23
382 16
383 18
384 18
385 17
386 18
387 15
388 9
389 9
390 9
391 12
392 15
393 15
394 17
395 22
396 24
397 19
398 16
399 12
400 10
401 11
402 5
403 7
404 10
405 8
406 7
407 6
408 1
409 1
410 0
411 0
412 0
413 1
414 0
415 2
416 2
417 1
418 1
419 0
420 0
421 0
422 0
423 0
424 2
425 2
426 4
427 7
428 6
429 9
430 15
431 14
432 13
433 13
434 14
435 18
436 15
437 11
438 9
439 8
440 12
441 11
442 15
443 20
444 13
445 20
446 26
447 27
448 40
449 40
450 35
451 32
452 28
453 30
454 29
455 32
456 32
457 39
458 39
459 36
460 42
461 48
462 61
463 63
464 65
465 69
466 83
467 82
468 86
469 76
470 77
471 68
472 72
473 65
474 59
475 61
476 66
477 63
478 57
479 63
480 73
481 65
482 54
483 54
484 65
485 53
486 50
487 53
488 40
489 37
490 35
491 29
492 24
493 20
494 22
495 22
496 15
497 16
498 14
499 16
500 16
501 17
502 18
503 18
504 21
505 10
506 11
507 13
508 10
509 12
510 14
511 18
512 13
513 12
514 8
515 6
516 7
517 8
518 8
519 12
520 9
521 10
522 12
523 12
524 13
525 14
526 13
527 14
528 13
529 13
530 6
531 1
532 2
533 6
534 7
535 8
536 8
537 7
538 6
539 4
540 5
541 6
542 4
543 2
544 1
545 4
546 2
547 2
548 1
549 1
550 2
551 2
552 2
553 1
554 1
555 1
556 1
557 2
558 1
559 2
560 2
561 1
562 0
563 1
564 1
565 0
566 0
567 0
568 0
569 0
570 0
571 0
572 0
573 1
574 0
575 0
576 1
577 1
578 1
579 1
580 1
581 1
582 2
583 0
584 0
585 0
586 0
587 0
588 0
589 0
590 0
591 1
592 0
593 0
594 0
595 0
596 1
597 1
598 1
599 2
600 3
601 6
602 4
603 4
604 5
605 5
606 4
607 4
608 2
609 4
610 7
611 11
612 17
613 17
614 14
615 18
616 20
617 21
618 35
619 46
620 49
621 46
622 41
623 38
624 36
625 39
626 35
627 37
628 38
629 37
630 38
631 36
632 35
633 30
634 27
635 28
636 25
637 29
638 28
639 24
640 29
641 29
642 29
643 41
644 41
645 31
646 22
647 28
648 24
649 27
650 29
651 43
652 28
653 30
654 29
655 28
656 24
657 21
658 24
659 17
660 21
661 31
662 35
663 33
664 29
665 23
666 24
667 25
668 15
669 13
670 11
671 7
672 8
673 10
674 14
675 14
676 10
677 9
678 7
679 4
680 6
681 5
682 2
683 2
684 0
685 0
686 1
687 2
688 1
689 2
690 4
691 3
692 6
693 10
694 11
695 11
696 8
697 8
698 10
699 10
700 10
701 8
702 19
703 21
704 27
705 35
706 33
707 28
708 16
709 32
710 26
711 22
712 23
713 23
714 20
715 16
716 16
717 11
718 12
719 10
720 10
721 8
722 11
723 7
724 8
725 12
726 11
727 12
728 9
729 9
730 11
731 12
732 12
733 12
734 5
735 5
736 5
737 8
738 11
739 15
740 16
741 24
742 21
743 17
744 16
745 19
746 21
747 24
748 19
749 28
750 33
751 37
752 32
753 24
754 29
755 25
756 27
757 26
758 27
759 23
760 37
761 36
762 40
763 46
764 45
765 49
766 47
767 61
768 66
769 63
770 68
771 74
772 63
773 59
774 56
775 54
776 53
777 42
778 36
779 27
780 27
781 27
782 20
783 21
784 21
785 29
786 33
787 37
788 41
789 33
790 37
791 31
792 25
793 22
794 17
795 14
796 12
797 16
798 17
799 21
800 20
801 22
802 21
803 19
804 16
805 10
806 9
807 11
808 10
809 10
810 8
811 5
812 6
813 3
814 4
815 3
816 3
817 4
818 3
819 6
820 10
821 7
822 2
823 2
824 5
825 4
826 2
827 1
828 3
829 2
830 5
831 2
832 3
833 3
834 5
835 7
836 3
837 1
838 1
839 2
840 1
841 2
842 2
843 3
844 6
845 4
846 5
847 3
848 5
849 8
850 11
851 7
852 12
853 11
854 16
855 21
856 25
857 23
858 29
859 29
860 27
861 23
862 20
863 20
864 21
865 29
866 25
867 24
868 29
869 28
870 29
871 17
872 18
873 25
874 25
875 35
876 31
877 23
878 36
879 33
880 43
881 48
882 45
883 48
884 45
885 47
886 41
887 39
888 37
889 30
890 29
891 30
892 30
893 34
894 25
895 19
896 18
897 18
898 12
899 11
900 11
901 13
902 15
903 15
904 13
905 9
906 4
907 7
908 6
909 5
910 6
911 6
912 7
913 4
914 7
915 6
916 5
917 6
918 4
919 2
920 2
921 1
922 1
923 1
924 0
925 0
926 0
927 0
928 0
929 0
930 0
931 0
932 0
933 0
934 0
935 0
936 1
937 1
938 2
939 4
940 8
941 7
942 4
943 3
944 5
945 5
946 4
947 5
948 3
949 4
950 3
951 3
952 3
953 3
954 3
955 3
956 4
957 5
958 9
959 11
960 11
961 8
962 5
963 5
964 7
965 3
966 5
967 4
968 2
969 3
970 3
971 2
972 3
973 2
974 2
975 1
976 0
977 0
978 0
979 0
980 0
981 0
982 0
983 0
984 1
985 1
986 1
987 0
988 0
989 0
990 0
991 0
992 0
993 0
994 0
995 0
996 0
997 1
998 0
999 0
1000 1
1001 0
1002 0
1003 0
1004 0
1005 0
1006 0
1007 0
1008 0
1009 0
1010 1
1011 2
1012 2
1013 2
1014 1
1015 0
1016 0
1017 0
1018 0
1019 0
1020 0
1021 0
1022 0
1023 0
1024 1
1025 1
1026 2
1027 3
1028 0
1029 1
1030 1
1031 2
1032 4
1033 4
1034 6
1035 6
1036 5
1037 3
1038 2
1039 2
1040 3
1041 1
1042 2
1043 2
1044 1
1045 1
1046 0
1047 0
1048 0
1049 0
1050 0
1051 0
1052 0
1053 0
1054 0
1055 0
1056 0
1057 0
1058 0
1059 0
1060 0
1061 0
1062 0
1063 0
1064 0
1065 1
1066 2
1067 2
1068 2
1069 2
1070 4
1071 0
1072 0
1073 0
1074 0
1075 0
1076 0
1077 0
1078 0
1079 0
1080 0
1081 0
1082 1
1083 0
1084 0
1085 0
1086 0
1087 0
1088 0
1089 1
1090 2
1091 1
1092 2
1093 2
1094 2
1095 5
1096 4
1097 5
1098 3
1099 3
1100 4
1101 4
1102 4
1103 4
1104 4
1105 6
1106 6
1107 5
1108 4
1109 7
1110 4
1111 4
1112 5
1113 10
1114 7
1115 5
1116 4
1117 3
1118 2
1119 1
1120 2
1121 3
1122 4
1123 4
1124 7
1125 9
1126 2
1127 3
1128 3
1129 3
1130 7
1131 5
1132 7
1133 5
1134 5
1135 8
1136 6
1137 11
1138 11
1139 11
1140 7
1141 6
1142 8
1143 10
1144 14
1145 19
1146 12
1147 9
1148 12
1149 10
1150 14
1151 12
1152 16
1153 21
1154 20
1155 20
1156 12
1157 10
1158 9
1159 19
1160 15
1161 19
1162 22
1163 23
1164 21
1165 14
1166 16
1167 17
1168 22
1169 25
1170 23
1171 20
1172 19
1173 20
1174 19
1175 20
1176 18
1177 21
1178 30
1179 24
1180 29
1181 26
1182 22
1183 21
1184 20
1185 17
1186 16
1187 22
1188 27
1189 22
1190 20
1191 28
1192 30
1193 29
1194 20
1195 18
1196 15
1197 21
1198 16
1199 19
1200 23
1201 17
1202 14
1203 8
1204 7
1205 12
1206 13
1207 13
1208 10
1209 9
1210 8
1211 9
1212 5
1213 2
1214 3
1215 5
1216 8
1217 8
1218 10
1219 12
1220 13
1221 13
1222 14
1223 18
1224 13
1225 16
1226 14
1227 7
1228 5
1229 6
1230 4
1231 2
1232 3
1233 4
1234 5
1235 4
1236 4
1237 4
1238 4
1239 5
1240 5
1241 7
1242 6
1243 5
1244 4
1245 5
1246 7
1247 9
1248 6
1249 2
1250 2
1251 2
1252 4
1253 3
1254 4
1255 7
1256 8
1257 6
1258 9
1259 11
1260 8
1261 10
1262 9
1263 14
1264 15
1265 19
1266 13
1267 17
1268 19
1269 16
1270 16
1271 18
1272 16
1273 19
1274 16
1275 12
1276 15
1277 15
1278 15
1279 19
1280 17
1281 14
1282 10
1283 8
1284 6
1285 3
1286 5
1287 5
1288 4
1289 2
1290 3
1291 5
1292 2
1293 1
1294 1
1295 1
1296 1
1297 0
1298 0
1299 0
1300 1
1301 1
1302 1
1303 1
1304 2
1305 3
1306 2
1307 1
1308 1
1309 0
1310 0
1311 0
1312 1
1313 2
1314 3
1315 3
1316 2
1317 1
1318 1
1319 1
1320 3
1321 4
1322 4
1323 6
1324 5
1325 2
1326 0
1327 0
1328 0
1329 0
1330 0
1331 0
1332 1
1333 0
1334 0
1335 0
1336 1
1337 2
1338 3
1339 4
1340 5
1341 2
1342 7
1343 8
1344 5
1345 4
1346 4
1347 7
1348 7
1349 9
1350 9
1351 5
1352 4
1353 2
1354 3
1355 4
1356 5
1357 3
1358 3
1359 3
1360 5
1361 0
1362 0
1363 1
1364 0
1365 0
1366 0
1367 0
1368 0
1369 0
1370 0
1371 1
1372 2
1373 2
1374 1
1375 0
1376 1
1377 0
1378 0
1379 1
1380 1
1381 2
1382 3
1383 3
1384 5
1385 6
1386 11
1387 14
1388 12
1389 14
1390 11
1391 15
1392 12
1393 14
1394 12
1395 9
1396 9
1397 8
1398 7
1399 16
1400 11
1401 14
1402 17
1403 18
1404 21
1405 28
1406 34
1407 41
1408 33
1409 28
1410 42
1411 46
1412 54
1413 67
1414 73
1415 85
1416 77
1417 74
1418 63
1419 59
1420 64
1421 75
1422 75
1423 88
1424 78
1425 85
1426 70
1427 65
1428 67
1429 76
1430 77
1431 68
1432 79
1433 83
1434 70
1435 81
1436 92
1437 91
1438 92
1439 94
1440 95
1441 111
1442 113
1443 100
1444 107
1445 96
1446 84
1447 78
1448 88
1449 84
1450 74
1451 88
1452 92
1453 98
1454 99
1455 102
1456 86
1457 87
1458 81
1459 63
1460 49
1461 49
1462 46
1463 45
1464 53
1465 70
1466 64
1467 68
1468 69
1469 67
1470 59
1471 53
1472 47
1473 43
1474 31
1475 33
1476 45
1477 45
1478 58
1479 62
1480 74
1481 67
1482 58
1483 59
1484 63
1485 66
1486 58
1487 49
1488 48
1489 46
1490 42
1491 49
1492 41
1493 53
1494 50
1495 59
1496 48
1497 64
1498 67
1499 62
1500 71
1501 65
1502 58
1503 59
1504 51
1505 51
1506 49
1507 49
1508 53
1509 68
1510 63
1511 82
1512 90
1513 107
1514 99
1515 92
1516 78
1517 75
1518 62
1519 63
1520 74
1521 68
1522 74
1523 70
1524 73
1525 62
1526 59
1527 46
1528 45
1529 46
1530 39
1531 30
1532 44
1533 37
1534 37
1535 32
1536 29
1537 33
1538 27
1539 29
1540 23
1541 19
1542 31
1543 34
1544 37
1545 42
1546 42
1547 44
1548 37
1549 32
1550 28
1551 30
1552 30
1553 32
1554 37
1555 31
1556 36
1557 44
1558 48
1559 53
1560 62
1561 68
1562 59
1563 64
1564 50
1565 48
1566 54
1567 52
1568 48
1569 53
1570 43
1571 43
1572 46
1573 48
1574 55
1575 47
1576 49
1577 62
1578 61
1579 54
1580 46
1581 50
1582 49
1583 47
1584 44
1585 47
1586 39
1587 55
1588 44
1589 43
1590 47
1591 52
1592 53
1593 64
1594 63
1595 55
1596 73
1597 70
1598 71
1599 76
1600 87
1601 79
1602 77
1603 91
1604 86
1605 87
1606 86
1607 92
1608 91
1609 82
1610 77
1611 82
1612 82
1613 72
1614 79
1615 74
1616 79
1617 65
1618 66
1619 68
1620 64
1621 67
1622 64
1623 73
1624 74
1625 68
1626 57
1627 54
1628 55
1629 59
1630 65
1631 59
1632 61
1633 61
1634 46
1635 51
1636 44
1637 50
1638 50
1639 59
1640 53
1641 43
1642 41
1643 43
1644 36
1645 43
1646 49
1647 51
1648 46
1649 44
1650 43
1651 50
1652 52
1653 53
1654 37
1655 34
1656 29
1657 29
1658 30
1659 45
1660 45
1661 55
1662 51
1663 50
1664 50
1665 41
1666 42
1667 38
1668 45
1669 55
1670 53
1671 48
1672 47
1673 35
1674 43
1675 50
1676 47
1677 42
1678 50
1679 47
1680 43
1681 45
1682 34
1683 32
1684 30
1685 37
1686 37
1687 33
1688 38
1689 46
1690 49
1691 48
1692 52
1693 49
1694 44
1695 43
1696 44
1697 47
1698 59
1699 55
1700 33
1701 39
1702 38
1703 42
1704 45
1705 38
1706 42
1707 41
1708 49
1709 40
1710 53
1711 56
1712 64
1713 71
1714 69
1715 71
1716 71
1717 63
1718 64
1719 68
1720 64
1721 66
1722 47
1723 51
1724 53
1725 45
1726 44
1727 41
1728 36
1729 29
1730 33
1731 31
1732 36
1733 27
1734 24
1735 17
1736 14
1737 13
1738 13
1739 10
1740 15
1741 16
1742 21
1743 22
1744 26
1745 26
1746 14
1747 11
1748 9
1749 5
1750 5
1751 1
1752 1
1753 2
1754 1
1755 1
1756 0
1757 0
1758 0
1759 0
1760 1
1761 0
1762 1
1763 0
1764 1
1765 0
1766 0
1767 0
1768 0
1769 1
1770 1
1771 0
1772 0
1773 0
1774 0
1775 0
1776 0
1777 1
1778 0
1779 0
1780 0
1781 0
1782 0
1783 0
1784 0
1785 0
1786 0
1787 2
1788 2
1789 5
1790 2
1791 2
1792 1
1793 1
1794 0
1795 0
1796 0
1797 0
1798 0
1799 0
1800 0
1801 0
1802 0
1803 1
1804 3
1805 2
1806 3
1807 5
1808 3
1809 3
1810 5
1811 10
1812 7
1813 3
1814 2
1815 0
1816 0
1817 0
1818 0
1819 1
1820 0
1821 0
1822 0
1823 0
1824 0
1825 0
1826 0
1827 0
1828 0
1829 1
1830 0
1831 1
1832 2
1833 0
1834 0
1835 0
1836 1
1837 3
1838 3
1839 3
1840 0
1841 1
1842 1
1843 0
1844 0
1845 0
1846 0
1847 0
1848 0
1849 0
1850 0
1851 0
1852 0
1853 0
1854 1
1855 1
1856 1
1857 0
1858 1
1859 2
1860 3
1861 2
1862 1
1863 1
1864 0
1865 0
1866 0
1867 1
1868 1
1869 1
1870 1
1871 0
1872 0
1873 0
1874 1
1875 1
1876 2
1877 4
1878 6
1879 10
1880 12
1881 11
1882 9
1883 10
1884 10
1885 6
1886 6
1887 7
1888 8
1889 12
1890 15
1891 19
1892 26
1893 29
1894 22
1895 17
1896 20
1897 25
1898 19
1899 13
1900 12
1901 9
1902 11
1903 4
1904 3
1905 2
1906 5
1907 5
1908 10
1909 11
1910 11
1911 14
1912 12
1913 12
1914 10
1915 10
1916 9
1917 10
1918 9
1919 13
1920 16
1921 10
1922 10
1923 11
1924 3
1925 2
1926 2
1927 2
1928 0
1929 0
1930 0
1931 0
1932 0
1933 0
1934 0
1935 0
1936 0
1937 0
1938 1
1939 0
1940 0
1941 0
1942 0
1943 0
1944 2
1945 0
1946 0
1947 0
1948 0
1949 0
1950 0
1951 1
1952 1
1953 0
1954 1
1955 0
1956 0
1957 0
1958 1
1959 1
1960 0
1961 1
1962 0
1963 1
1964 2
1965 0
1966 1
1967 1
1968 1
1969 2
1970 4
1971 7
1972 4
1973 3
1974 2
1975 4
1976 8
1977 5
1978 8
1979 8
1980 9
1981 7
1982 5
1983 3
1984 8
1985 6
1986 7
1987 10
1988 13
1989 20
1990 12
1991 11
1992 13
1993 15
1994 16
1995 23
1996 17
1997 16
1998 11
1999 10
2000 12
2001 10
2002 15
2003 12
2004 11
2005 11
2006 12
2007 11
2008 13
2009 11
2010 16
2011 16
2012 16
2013 12
2014 10
2015 10
2016 12
2017 13
2018 7
2019 2
2020 1
2021 2
2022 2
2023 0
2024 1
2025 3
2026 1
2027 2
2028 1
2029 0
2030 0
2031 0
2032 0
2033 0
2034 1
2035 0
2036 0
2037 0
2038 0
2039 0
2040 0
2041 1
2042 1
2043 2
2044 1
2045 1
2046 0
2047 0
2048 0
2049 0
2050 0
2051 0
2052 1
2053 0
2054 0
2055 0
2056 0
2057 1
2058 0
2059 0
2060 0
2061 0
2062 0
2063 1
2064 0
2065 0
2066 1
2067 2
2068 3
2069 6
2070 4
2071 8
2072 8
2073 7
2074 10
2075 11
2076 12
2077 14
2078 15
2079 18
2080 19
2081 27
2082 25
2083 28
2084 23
2085 12
2086 11
2087 11
2088 8
2089 4
2090 3
2091 2
2092 2
2093 3
2094 2
2095 1
2096 4
2097 10
2098 12
2099 12
2100 11
2101 10
2102 12
2103 10
2104 12
2105 13
2106 12
2107 10
2108 17
2109 19
2110 17
2111 16
2112 18
2113 24
2114 13
2115 20
2116 18
2117 16
2118 14
2119 20
2120 25
2121 32
2122 37
2123 34
2124 35
2125 30
2126 22
2127 26
2128 24
2129 22
2130 12
2131 9
2132 11
2133 8
2134 6
2135 3
2136 4
2137 4
2138 3
2139 3
2140 3
2141 1
2142 1
2143 1
2144 2
2145 5
2146 5
2147 4
2148 3
2149 4
2150 4
2151 4
2152 3
2153 2
2154 0
2155 0
2156 0
2157 1
2158 1
2159 0
2160 1
2161 0
2162 0
2163 0
2164 0
2165 0
2166 0
2167 1
2168 2
2169 3
2170 2
2171 3
2172 3
2173 2
2174 4
2175 4
2176 5
2177 5
2178 5
2179 4
2180 3
2181 0
2182 0
2183 0
2184 0
2185 0
2186 0
2187 1
2188 2
2189 0
2190 0
2191 0
2192 1
2193 3
2194 1
2195 0
2196 1
2197 1
2198 1
2199 1
2200 3
2201 8
2202 10
2203 19
2204 18
2205 15
2206 22
2207 26
2208 35
2209 44
2210 37
2211 55
2212 53
2213 68
2214 58
2215 61
2216 64
2217 70
2218 75
2219 90
2220 100
2221 102
2222 98
2223 98
2224 93
2225 96
2226 103
2227 115
2228 123
2229 106
2230 111
2231 119
2232 106
2233 101
2234 92
2235 99
2236 91
2237 116
2238 123
2239 142
2240 139
2241 133
2242 125
2243 124
2244 126
2245 141
2246 154
2247 167
2248 158
2249 139
2250 137
2251 122
2252 120
2253 107
2254 109
2255 103
2256 107
2257 108
2258 94
2259 91
2260 88
2261 94
2262 91
2263 86
2264 89
2265 100
2266 122
2267 139
2268 157
2269 160
2270 163
2271 171
2272 199
2273 201
2274 202
2275 188
2276 172
2277 180
2278 181
2279 173
2280 174
2281 149
2282 139
2283 160
2284 160
2285 172
2286 193
2287 197
2288 204
2289 192
2290 199
2291 196
2292 181
2293 175
2294 180
2295 196
2296 209
2297 196
2298 214
2299 241
2300 239
2301 236
2302 247
2303 237
2304 251
2305 250
2306 252
2307 258
2308 265
2309 289
2310 268
2311 252
2312 225
2313 218
2314 230
2315 231
2316 236
2317 262
2318 272
2319 274
2320 301
2321 311
2322 308
2323 317
2324 310
2325 301
2326 316
2327 340
2328 315
2329 285
2330 291
2331 308
2332 325
2333 319
2334 320
2335 326
2336 305
2337 290
2338 273
2339 290
2340 292
2341 306
2342 293
2343 314
2344 358
2345 343
2346 363
2347 356
2348 369
2349 356
2350 350
2351 339
2352 355
2353 346
2354 354
2355 321
2356 326
2357 338
2358 356
2359 369
2360 369
2361 336
2362 374
2363 385
2364 429
2365 462
2366 487
2367 496
2368 441
2369 440
2370 478
2371 492
2372 471
2373 452
2374 465
2375 466
2376 447
2377 453
2378 448
2379 455
2380 465
2381 419
2382 401
2383 422
2384 416
2385 387
2386 374
2387 385
2388 382
2389 367
2390 351
2391 321
2392 336
2393 331
2394 325
2395 313
2396 297
2397 312
2398 301
2399 304
2400 297
2401 274
2402 271
2403 268
2404 251
2405 253
2406 247
2407 271
2408 264
2409 255
2410 236
2411 227
2412 231
2413 249
2414 266
2415 272
2416 273
2417 280
2418 269
2419 273
2420 263
2421 292
2422 300
2423 323
2424 331
2425 333
2426 357
2427 344
2428 369
2429 386
2430 384
2431 386
2432 377
2433 374
2434 348
2435 365
2436 381
2437 346
2438 312
2439 292
2440 314
2441 302
2442 290
2443 297
2444 303
2445 328
2446 344
2447 340
2448 332
2449 299
2450 265
2451 279
2452 276
2453 294
2454 304
2455 292
2456 290
2457 265
2458 250
2459 246
2460 235
2461 222
2462 230
2463 219
2464 215
2465 227
2466 222
2467 220
2468 208
2469 211
2470 220
2471 210
2472 196
2473 196
2474 204
2475 196
2476 194
2477 171
2478 160
2479 152
2480 141
2481 145
2482 141
2483 133
2484 138
2485 148
2486 144
2487 142
2488 166
2489 176
2490 186
2491 171
2492 163
2493 173
2494 170
2495 171
2496 174
2497 182
2498 173
2499 185
2500 204
2501 235
2502 250
2503 229
2504 244
2505 247
2506 265
2507 297
2508 286
2509 269
2510 266
2511 258
2512 236
2513 237
2514 242
2515 258
2516 261
2517 242
2518 249
2519 273
2520 278
2521 266
2522 284
2523 295
2524 292
2525 285
2526 312
2527 307
2528 298
2529 296
2530 300
2531 290
2532 321
2533 321
2534 340
2535 366
2536 389
2537 366
2538 350
2539 364
2540 357
2541 373
2542 385
2543 382
2544 369
2545 388
2546 380
2547 364
2548 362
2549 367
2550 354
2551 329
2552 331
2553 335
2554 310
2555 296
2556 298
2557 285
2558 244
2559 253
2560 246
2561 274
2562 255
2563 242
2564 247
2565 251
2566 243
2567 248
2568 244
2569 265
2570 280
2571 259
2572 259
2573 256
2574 238
2575 218
2576 222
2577 194
2578 188
2579 185
2580 170
2581 162
2582 138
2583 142
2584 144
2585 120
2586 137
2587 150
2588 143
2589 153
2590 143
2591 163
2592 148
2593 143
2594 132
2595 136
2596 135
2597 134
2598 150
2599 159
2600 149
2601 159
2602 160
2603 190
2604 191
2605 173
2606 172
2607 179
2608 188
2609 202
2610 219
2611 220
2612 204
2613 217
2614 200
2615 210
2616 222
2617 218
2618 225
2619 226
2620 209
2621 211
2622 206
2623 198
2624 182
2625 197
2626 186
2627 191
2628 196
2629 232
2630 240
2631 238
2632 257
2633 252
2634 236
2635 224
2636 204
2637 224
2638 230
2639 243
2640 259
2641 262
2642 224
2643 225
2644 220
2645 204
2646 188
2647 198
2648 198
2649 229
2650 221
2651 220
2652 243
2653 244
2654 254
2655 244
2656 238
2657 264
2658 267
2659 260
2660 242
2661 253
2662 297
2663 305
2664 285
2665 272
2666 289
2667 313
2668 330
2669 341
2670 343
2671 347
2672 343
2673 329
2674 320
2675 313
2676 306
2677 283
2678 304
2679 324
2680 301
2681 287
2682 323
2683 330
2684 303
2685 290
2686 289
2687 269
2688 276
2689 253
2690 258
2691 274
2692 280
2693 301
2694 345
2695 367
2696 377
2697 356
2698 341
2699 350
2700 361
2701 366
2702 348
2703 356
2704 368
2705 373
2706 371
2707 362
2708 344
2709 340
2710 355
2711 343
2712 354
2713 314
2714 307
2715 287
2716 293
2717 287
2718 272
2719 258
2720 264
2721 274
2722 278
2723 274
2724 265
2725 287
2726 283
2727 282
2728 285
2729 282
2730 318
2731 313
2732 345
2733 338
2734 326
2735 314
2736 319
2737 310
2738 323
2739 342
2740 345
2741 334
2742 326
2743 320
2744 338
2745 330
2746 342
2747 343
2748 331
2749 313
2750 282
2751 283
2752 252
2753 257
2754 243
2755 235
2756 228
2757 229
2758 219
2759 196
2760 180
2761 175
2762 171
2763 170
2764 174
2765 177
2766 162
2767 159
2768 174
2769 205
2770 223
2771 212
2772 217
2773 245
2774 217
2775 212
2776 235
2777 230
2778 256
2779 254
2780 248
2781 226
2782 210
2783 220
2784 223
2785 233
2786 256
2787 243
2788 236
2789 229
2790 200
2791 185
2792 185
2793 181
2794 190
2795 188
2796 207
2797 202
2798 192
2799 186
2800 181
2801 192
2802 199
2803 186
2804 193
2805 190
2806 200
2807 180
2808 168
2809 156
2810 136
2811 132
2812 136
2813 147
2814 136
2815 141
2816 154
2817 161
2818 163
2819 159
2820 159
2821 131
2822 133
2823 156
2824 152
2825 135
2826 147
2827 153
2828 154
2829 160
2830 159
2831 191
2832 192
2833 159
2834 179
2835 184
2836 196
2837 182
2838 181
2839 142
2840 145
2841 143
2842 142
2843 157
2844 150
2845 151
2846 147
2847 154
2848 163
2849 150
2850 148
2851 152
2852 147
2853 140
2854 136
2855 138
2856 135
2857 145
2858 139
2859 129
2860 121
2861 110
2862 117
2863 124
2864 111
2865 106
2866 125
2867 143
2868 146
2869 166
2870 152
2871 137
2872 154
2873 149
2874 161
2875 162
2876 159
2877 149
2878 149
2879 141
2880 159
2881 142
2882 140
2883 122
2884 123
2885 131
2886 132
2887 133
2888 126
2889 119
2890 119
2891 129
2892 145
2893 164
2894 156
2895 157
2896 185
2897 188
2898 174
2899 210
2900 216
2901 190
2902 166
2903 188
2904 192
2905 183
2906 183
2907 191
2908 188
2909 198
2910 196
2911 194
2912 194
2913 199
2914 204
2915 199
2916 201
2917 205
2918 229
2919 204
2920 212
2921 198
2922 180
2923 169
2924 166
2925 155
2926 156
2927 118
2928 132
2929 141
2930 146
2931 148
2932 150
2933 144
2934 137
2935 158
2936 179
2937 174
2938 163
2939 177
2940 182
2941 188
2942 183
2943 185
2944 191
2945 184
2946 175
2947 169
2948 179
2949 174
2950 185
2951 174
2952 176
2953 176
2954 153
2955 148
2956 145
2957 170
2958 164
2959 166
2960 189
2961 204
2962 210
2963 201
2964 199
2965 216
2966 210
2967 226
2968 230
2969 228
2970 250
2971 239
2972 233
2973 216
2974 205
2975 231
2976 226
2977 236
2978 216
2979 219
2980 208
2981 221
2982 225
2983 217
2984 218
2985 219
2986 224
2987 224
2988 216
2989 226
2990 224
2991 217
2992 223
2993 217
2994 211
2995 198
2996 218
2997 222
2998 223
2999 241
3000 285
3001 285
3002 304
3003 290
3004 301
3005 279
3006 305
3007 348
3008 360
3009 378
3010 371
3011 398
3012 397
3013 380
3014 364
3015 365
3016 354
3017 364
3018 365
3019 347
3020 321
3021 298
3022 322
3023 337
3024 340
3025 375
3026 397
3027 381
3028 372
3029 379
3030 378
3031 379
3032 375
3033 359
3034 350
3035 380
3036 376
3037 362
3038 382
3039 403
3040 407
3041 423
3042 467
3043 494
3044 481
3045 482
3046 477
3047 495
3048 486
3049 483
3050 468
3051 499
3052 499
3053 513
3054 490
3055 501
3056 475
3057 500
3058 488
3059 472
3060 476
3061 439
3062 424
3063 423
3064 419
3065 423
3066 450
3067 460
3068 470
3069 422
3070 429
3071 409
3072 413
3073 408
3074 408
3075 421
3076 430
3077 448
3078 445
3079 453
3080 463
3081 460
3082 490
3083 496
3084 487
3085 470
3086 477
3087 488
3088 495
3089 506
3090 520
3091 531
3092 484
3093 498
3094 488
3095 519
3096 491
3097 474
3098 456
3099 448
3100 444
3101 446
3102 452
3103 423
3104 440
3105 476
3106 459
3107 435
3108 466
3109 435
3110 430
3111 434
3112 411
3113 406
3114 425
3115 449
3116 425
3117 393
3118 388
3119 381
3120 354
3121 332
3122 355
3123 351
3124 355
3125 377
3126 381
3127 373
3128 401
3129 400
3130 371
3131 390
3132 379
3133 402
3134 393
3135 388
3136 419
3137 425
3138 442
3139 482
3140 485
3141 483
3142 470
3143 490
3144 482
3145 497
3146 512
3147 514
3148 505
3149 482
3150 470
3151 504
3152 504
3153 534
3154 532
3155 518
3156 504
3157 488
3158 499
3159 477
3160 486
3161 473
3162 472
3163 465
3164 464
3165 500
3166 523
3167 507
3168 498
3169 519
3170 498
3171 508
3172 510
3173 497
3174 497
3175 520
3176 515
3177 505
3178 492
3179 529
3180 503
3181 485
3182 481
3183 456
3184 431
3185 430
3186 482
3187 458
3188 447
3189 446
3190 443
3191 432
3192 424
3193 427
3194 427
3195 436
3196 448
3197 461
3198 433
3199 469
3200 439
3201 422
3202 435
3203 433
3204 412
3205 393
3206 393
3207 431
3208 434
3209 431
3210 421
3211 413
3212 400
3213 410
3214 408
3215 420
3216 433
3217 445
3218 447
3219 430
3220 439
3221 430
3222 416
3223 395
3224 386
3225 383
3226 411
3227 372
3228 346
3229 341
3230 358
3231 380
3232 351
3233 329
3234 346
3235 339
3236 353
3237 348
3238 365
3239 387
3240 382
3241 387
3242 366
3243 337
3244 345
3245 358
3246 364
3247 354
3248 349
3249 363
3250 354
3251 339
3252 333
3253 332
3254 339
3255 323
3256 360
3257 387
3258 368
3259 364
3260 362
3261 382
3262 406
3263 397
3264 374
3265 368
3266 354
3267 336
3268 334
3269 324
3270 307
3271 287
3272 274
3273 301
3274 299
3275 299
3276 269
3277 283
3278 267
3279 282
3280 274
3281 290
3282 265
3283 258
3284 249
3285 231
3286 228
3287 201
3288 203
3289 191
3290 210
3291 241
3292 222
3293 222
3294 222
3295 230
3296 205
3297 190
3298 206
3299 199
3300 202
3301 205
3302 225
3303 239
3304 233
3305 241
3306 240
3307 222
3308 229
3309 207
3310 204
3311 218
3312 222
3313 212
3314 228
3315 247
3316 245
3317 251
3318 238
3319 214
3320 214
3321 223
3322 215
3323 262
3324 253
3325 251
3326 265
3327 269
3328 265
3329 279
3330 283
3331 285
3332 264
3333 254
3334 259
3335 288
3336 293
3337 279
3338 283
3339 310
3340 293
3341 308
3342 300
3343 292
3344 304
3345 307
3346 295
3347 280
3348 274
3349 275
3350 264
3351 243
3352 237
3353 232
3354 207
3355 213
3356 230
3357 215
3358 216
3359 238
3360 232
3361 247
3362 245
3363 236
3364 226
3365 234
3366 251
3367 263
3368 257
3369 260
3370 257
3371 250
3372 238
3373 227
3374 217
3375 243
3376 262
3377 257
3378 229
3379 225
3380 214
3381 241
3382 246
3383 212
3384 205
3385 201
3386 190
3387 180
3388 193
3389 197
3390 190
3391 190
3392 181
3393 202
3394 208
3395 219
3396 231
3397 220
3398 205
3399 217
3400 212
3401 207
3402 204
3403 222
3404 223
3405 224
3406 225
3407 201
3408 189
3409 192
3410 204
3411 190
3412 184
3413 196
3414 188
3415 163
3416 169
3417 166
3418 187
3419 191
3420 191
3421 204
3422 193
3423 195
3424 213
3425 233
3426 227
3427 226
3428 241
3429 242
3430 250
3431 249
3432 229
3433 235
3434 236
3435 217
3436 247
3437 271
3438 275
3439 262
3440 245
3441 232
3442 231
3443 237
3444 252
3445 257
3446 248
3447 249
3448 230
3449 258
3450 237
3451 237
3452 245
3453 244
3454 233
3455 234
3456 222
3457 200
3458 176
3459 193
3460 179
3461 186
3462 184
3463 175
3464 196
3465 197
3466 205
3467 209
3468 223
3469 226
3470 233
3471 225
3472 213
3473 212
3474 234
3475 196
3476 182
3477 183
3478 177
3479 173
3480 178
3481 186
3482 183
3483 195
3484 198
3485 200
3486 191
3487 191
3488 183
3489 186
3490 174
3491 191
3492 205
3493 208
3494 209
3495 196
3496 181
3497 175
3498 168
3499 181
3500 186
3501 171
3502 149
3503 130
3504 128
3505 142
3506 127
3507 132
3508 141
3509 151
3510 130
3511 135
3512 143
3513 155
3514 142
3515 141
3516 153
3517 155
3518 179
3519 178
3520 182
3521 165
3522 158
3523 156
3524 172
3525 167
3526 173
3527 181
3528 165
3529 146
3530 133
3531 145
3532 143
3533 144
3534 146
3535 161
3536 143
3537 134
3538 137
3539 144
3540 158
3541 167
3542 139
3543 132
3544 128
3545 118
3546 127
3547 123
3548 123
3549 143
3550 126
3551 141
3552 151
3553 151
3554 150
3555 150
3556 137
3557 154
3558 162
3559 179
3560 202
3561 206
3562 206
3563 218
3564 225
3565 236
3566 255
3567 242
3568 260
3569 254
3570 240
3571 235
3572 239
3573 269
3574 246
3575 263
3576 267
3577 254
3578 253
3579 245
3580 255
3581 238
3582 258
3583 222
3584 222
3585 233
3586 244
3587 252
3588 239
3589 252
3590 241
3591 258
3592 257
3593 273
3594 258
3595 274
3596 301
3597 282
3598 275
3599 271
3600 274
3601 294
3602 306
3603 296
3604 297
3605 290
3606 286
3607 312
3608 310
3609 326
3610 312
3611 320
3612 352
3613 334
3614 315
3615 350
3616 368
3617 360
3618 384
3619 392
3620 389
3621 367
3622 366
3623 359
3624 321
3625 327
3626 340
3627 320
3628 321
3629 322
3630 325
3631 333
3632 334
3633 340
3634 348
3635 335
3636 304
3637 325
3638 324
3639 316
3640 317
3641 313
3642 291
3643 304
3644 293
3645 296
3646 261
3647 272
3648 280
3649 282
3650 278
3651 281
3652 285
3653 280
3654 275
3655 267
3656 257
3657 257
3658 246
3659 253
3660 270
3661 281
3662 285
3663 308
3664 344
3665 347
3666 374
3667 397
3668 422
3669 417
3670 436
3671 425
3672 420
3673 424
3674 392
3675 364
3676 380
3677 389
3678 398
3679 409
3680 414
3681 391
3682 387
3683 416
3684 410
3685 416
3686 420
3687 429
3688 428
3689 452
3690 448
3691 481
3692 459
3693 467
3694 483
3695 490
3696 497
3697 509
3698 506
3699 468
3700 486
3701 497
3702 487
3703 500
3704 493
3705 492
3706 483
3707 499
3708 492
3709 507
3710 531
3711 505
3712 484
3713 474
3714 492
3715 485
3716 492
3717 496
3718 492
3719 506
3720 538
3721 505
3722 487
3723 504
3724 513
3725 494
3726 495
3727 475
3728 494
3729 466
3730 433
3731 446
3732 420
3733 414
3734 405
3735 415
3736 406
3737 378
3738 363
3739 374
3740 382
3741 371
3742 362
3743 360
3744 386
3745 379
3746 389
3747 407
3748 385
3749 396
3750 409
3751 390
3752 391
3753 393
3754 413
3755 427
3756 415
3757 389
3758 374
3759 368
3760 374
3761 414
3762 408
3763 352
3764 341
3765 357
3766 365
3767 380
3768 403
3769 379
3770 397
3771 384
3772 402
3773 385
3774 389
3775 395
3776 418
3777 418
3778 406
3779 427
3780 415
3781 389
3782 424
3783 439
3784 461
3785 450
3786 453
3787 440
3788 398
3789 410
3790 478
3791 501
3792 483
3793 534
3794 533
3795 500
3796 477
3797 476
3798 536
3799 550
3800 583
3801 569
3802 578
3803 600
3804 574
3805 549
3806 545
3807 555
3808 555
3809 607
3810 628
3811 621
3812 633
3813 618
3814 596
3815 542
3816 531
3817 537
3818 559
3819 577
3820 586
3821 571
3822 561
3823 552
3824 551
3825 552
3826 570
3827 567
3828 598
3829 576
3830 585
3831 618
3832 617
3833 620
3834 559
3835 542
3836 580
3837 603
3838 587
3839 560
3840 605
3841 599
3842 603
3843 588
3844 604
3845 621
3846 630
3847 639
3848 632
3849 612
3850 595
3851 590
3852 550
3853 566
3854 579
3855 604
3856 637
3857 617
3858 636
3859 624
3860 575
3861 550
3862 542
3863 547
3864 567
3865 559
3866 537
3867 579
3868 589
3869 610
3870 625
3871 665
3872 668
3873 641
3874 616
3875 607
3876 566
3877 553
3878 558
3879 575
3880 580
3881 590
3882 590
3883 613
3884 627
3885 621
3886 609
3887 617
3888 613
3889 586
3890 600
3891 611
3892 609
3893 618
3894 614
3895 610
3896 620
3897 622
3898 609
3899 584
3900 601
3901 606
3902 600
3903 621
3904 627
3905 662
3906 692
3907 660
3908 637
3909 615
3910 622
3911 535
3912 528
3913 540
3914 548
3915 549
3916 533
3917 521
3918 495
3919 508
3920 503
3921 484
3922 497
3923 465
3924 460
3925 430
3926 420
3927 437
3928 415
3929 414
3930 411
3931 409
3932 378
3933 393
3934 415
3935 433
3936 444
3937 492
3938 487
3939 448
3940 448
3941 463
3942 433
3943 443
3944 413
3945 451
3946 456
3947 410
3948 368
3949 414
3950 406
3951 421
3952 444
3953 476
3954 445
3955 443
3956 450
3957 427
3958 424
3959 450
3960 411
3961 462
3962 403
3963 404
3964 394
3965 370
3966 369
3967 402
3968 386
3969 412
3970 396
3971 385
3972 373
3973 370
3974 366
3975 354
3976 349
3977 322
3978 335
3979 372
3980 392
3981 380
3982 373
3983 362
3984 359
3985 359
3986 359
3987 340
3988 360
3989 364
3990 343
3991 339
3992 337
3993 313
3994 326
3995 330
3996 288
3997 291
3998 284
3999 286
4000 262
4001 279
4002 258
4003 212
4004 181
4005 171
4006 169
4007 169
4008 166
4009 197
4010 174
4011 189
4012 194
4013 179
4014 196
4015 189
4016 173
4017 191
4018 216
4019 219
4020 232
4021 235
4022 255
4023 279
4024 293
4025 272
4026 254
4027 241
4028 238
4029 240
4030 222
4031 225
4032 208
4033 206
4034 201
4035 202
4036 209
4037 214
4038 195
4039 209
4040 216
4041 200
4042 199
4043 204
4044 215
4045 233
4046 249
4047 254
4048 255
4049 281
4050 280
4051 303
4052 314
4053 316
4054 314
4055 304
4056 293
4057 315
4058 329
4059 312
4060 328
4061 362
4062 367
4063 372
4064 354
4065 366
4066 391
4067 393
4068 388
4069 367
4070 406
4071 394
4072 401
4073 438
4074 438
4075 458
4076 430
4077 404
4078 402
4079 423
4080 412
4081 433
4082 395
4083 418
4084 414
4085 406
4086 410
4087 403
4088 409
4089 396
4090 401
4091 428
4092 393
4093 378
4094 375
4095 359
4096 354
4097 359
4098 350
4099 366
4100 393
4101 438
4102 447
4103 415
4104 450
4105 414
4106 445
4107 466
4108 445
4109 451
4110 432
4111 441
4112 441
4113 457
4114 447
4115 443
4116 447
4117 431
4118 420
4119 391
4120 434
4121 438
4122 455
4123 465
4124 448
4125 465
4126 475
4127 468
4128 436
4129 420
4130 417
4131 396
4132 374
4133 394
4134 412
4135 394
4136 412
4137 409
4138 369
4139 357
4140 331
4141 347
4142 368
4143 356
4144 353
4145 351
4146 332
4147 335
4148 347
4149 356
4150 360
4151 379
4152 356
4153 381
4154 354
4155 335
4156 327
4157 339
4158 285
4159 285
4160 314
4161 334
4162 332
4163 328
4164 322
4165 320
4166 329
4167 329
4168 310
4169 340
4170 355
4171 372
4172 373
4173 359
4174 367
4175 374
4176 382
4177 358
4178 373
4179 350
4180 363
4181 345
4182 350
4183 354
4184 355
4185 347
4186 349
4187 326
4188 353
4189 368
4190 354
4191 333
4192 341
4193 332
4194 361
4195 359
4196 391
4197 384
4198 346
4199 352
4200 318
4201 321
4202 351
4203 330
4204 331
4205 330
4206 321
4207 314
4208 296
4209 267
4210 268
4211 263
4212 255
4213 247
4214 254
4215 261
4216 231
4217 233
4218 260
4219 260
4220 245
4221 236
4222 243
4223 263
4224 261
4225 257
4226 262
4227 249
4228 233
4229 242
4230 236
4231 255
4232 230
4233 228
4234 196
4235 177
4236 169
4237 172
4238 178
4239 174
4240 151
4241 183
4242 168
4243 135
4244 127
4245 113
4246 124
4247 129
4248 107
4249 95
4250 76
4251 71
4252 77
4253 98
4254 106
4255 106
4256 123
4257 123
4258 121
4259 135
4260 159
4261 184
4262 185
4263 175
4264 161
4265 156
4266 137
4267 129
4268 139
4269 121
4270 124
4271 137
4272 123
4273 135
4274 134
4275 125
4276 122
4277 120
4278 109
4279 132
4280 115
4281 107
4282 100
4283 95
4284 83
4285 93
4286 110
4287 116
4288 105
4289 103
4290 105
4291 107
4292 128
4293 135
4294 125
4295 139
4296 131
4297 155
4298 152
4299 195
4300 205
4301 199
4302 189
4303 197
4304 187
4305 177
4306 173
4307 161
4308 176
4309 206
4310 181
4311 171
4312 176
4313 176
4314 168
4315 164
4316 169
4317 189
4318 172
4319 144
4320 145
4321 148
4322 134
4323 133
4324 136
4325 131
4326 138
4327 153
4328 151
4329 141
4330 156
4331 143
4332 149
4333 138
4334 143
4335 147
4336 160
4337 139
4338 145
4339 131
4340 116
4341 131
4342 136
4343 129
4344 120
4345 120
4346 125
4347 150
4348 143
4349 163
4350 167
4351 182
4352 189
4353 188
4354 185
4355 201
4356 203
4357 220
4358 234
4359 221
4360 220
4361 242
4362 231
4363 229
4364 215
4365 213
4366 212
4367 206
4368 206
4369 202
4370 219
4371 199
4372 192
4373 195
4374 212
4375 227
4376 245
4377 258
4378 268
4379 267
4380 270
4381 281
4382 299
4383 305
4384 325
4385 313
4386 297
4387 287
4388 290
4389 307
4390 290
4391 297
4392 292
4393 279
4394 279
4395 287
4396 283
4397 290
4398 227
4399 206
4400 223
4401 248
4402 251
4403 216
4404 219
4405 222
4406 223
4407 217
4408 190
4409 180
4410 168
4411 151
4412 143
4413 170
4414 164
4415 175
4416 179
4417 188
4418 180
4419 172
4420 171
4421 192
4422 189
4423 187
4424 194
4425 189
4426 188
4427 210
4428 191
4429 169
4430 178
4431 175
4432 167
4433 184
4434 177
4435 186
4436 183
4437 198
4438 197
4439 192
4440 201
4441 176
4442 156
4443 174
4444 212
4445 214
4446 213
4447 232
4448 223
4449 253
4450 246
4451 256
4452 265
4453 255
4454 266
4455 267
4456 270
4457 290
4458 280
4459 309
4460 303
4461 333
4462 340
4463 332
4464 339
4465 335
4466 323
4467 325
4468 315
4469 325
4470 305
4471 330
4472 330
4473 310
4474 272
4475 287
4476 280
4477 266
4478 284
4479 261
4480 255
4481 231
4482 230
4483 244
4484 241
4485 250
4486 273
4487 301
4488 294
4489 277
4490 290
4491 304
4492 288
4493 296
4494 289
4495 283
4496 286
4497 285
4498 298
4499 304
4500 282
4501 297
4502 269
4503 266
4504 277
4505 295
4506 278
4507 290
4508 287
4509 263
4510 252
4511 283
4512 295
4513 293
4514 271
4515 256
4516 263
4517 267
4518 263
4519 253
4520 242
4521 266
4522 265
4523 247
4524 248
4525 235
4526 257
4527 273
4528 269
4529 267
4530 279
4531 287
4532 269
4533 260
4534 254
4535 241
4536 219
4537 196
4538 200
4539 173
4540 157
4541 164
4542 187
4543 164
4544 156
4545 133
4546 141
4547 145
4548 128
4549 148
4550 144
4551 135
4552 128
4553 126
4554 134
4555 124
4556 140
4557 137
4558 140
4559 124
4560 137
4561 149
4562 146
4563 147
4564 156
4565 153
4566 151
4567 137
4568 141
4569 152
4570 140
4571 127
4572 122
4573 116
4574 112
4575 101
4576 115
4577 107
4578 100
4579 83
4580 84
4581 80
4582 73
4583 86
4584 79
4585 76
4586 82
4587 74
4588 60
4589 49
4590 43
4591 40
4592 33
4593 37
4594 42
4595 35
4596 36
4597 26
4598 40
4599 49
4600 47
4601 41
4602 41
4603 42
4604 50
4605 53
4606 59
4607 48
4608 56
4609 58
4610 52
4611 66
4612 72
4613 70
4614 83
4615 100
4616 82
4617 78
4618 79
4619 64
4620 76
4621 69
4622 60
4623 68
4624 55
4625 51
4626 59
4627 51
4628 49
4629 49
4630 61
4631 73
4632 73
4633 74
4634 89
4635 103
4636 85
4637 74
4638 66
4639 66
4640 65
4641 68
4642 58
4643 72
4644 83
4645 72
4646 75
4647 69
4648 73
4649 82
4650 84
4651 55
4652 48
4653 52
4654 49
4655 55
4656 60
4657 64
4658 67
4659 92
4660 81
4661 86
4662 71
4663 72
4664 82
4665 91
4666 84
4667 89
4668 92
4669 111
4670 112
4671 125
4672 119
4673 106
4674 91
4675 94
4676 99
4677 112
4678 133
4679 137
4680 113
4681 107
4682 107
4683 116
4684 124
4685 126
4686 136
4687 127
4688 128
4689 149
4690 131
4691 139
4692 128
4693 130
4694 137
4695 125
4696 128
4697 144
4698 158
4699 170
4700 155
4701 142
4702 136
4703 137
4704 126
4705 121
4706 117
4707 122
4708 118
4709 137
4710 146
4711 164
4712 161
4713 155
4714 166
4715 172
4716 153
4717 150
4718 134
4719 139
4720 148
4721 141
4722 150
4723 138
4724 144
4725 161
4726 158
4727 162
4728 165
4729 156
4730 157
4731 146
4732 134
4733 146
4734 168
4735 160
4736 188
4737 177
4738 165
4739 151
4740 160
4741 157
4742 169
4743 191
4744 181
4745 189
4746 178
4747 159
4748 163
4749 160
4750 169
4751 156
4752 154
4753 148
4754 152
4755 135
4756 128
4757 109
4758 99
4759 88
4760 89
4761 85
4762 85
4763 88
4764 88
4765 99
4766 99
4767 96
4768 101
4769 102
4770 107
4771 106
4772 90
4773 83
4774 73
4775 75
4776 68
4777 69
4778 90
4779 108
4780 115
4781 142
4782 171
4783 174
4784 205
4785 197
4786 221
4787 241
4788 228
4789 245
4790 259
4791 243
4792 252
4793 263
4794 244
4795 251
4796 271
4797 276
4798 250
4799 260
4800 249
4801 255
4802 242
4803 235
4804 257
4805 282
4806 264
4807 265
4808 310
4809 307
4810 283
4811 286
4812 261
4813 262
4814 265
4815 272
4816 292
4817 282
4818 284
4819 294
4820 300
4821 258
4822 266
4823 273
4824 261
4825 236
4826 211
4827 205
4828 195
4829 210
4830 214
4831 206
4832 215
4833 223
4834 223
4835 205
4836 194
4837 217
4838 175
4839 173
4840 171
4841 162
4842 162
4843 161
4844 154
4845 141
4846 132
4847 135
4848 138
4849 142
4850 128
4851 142
4852 149
4853 134
4854 134
4855 139
4856 139
4857 125
4858 113
4859 117
4860 117
4861 119
4862 113
4863 122
4864 129
4865 125
4866 113
4867 116
4868 140
4869 144
4870 129
4871 121
4872 127
4873 143
4874 143
4875 138
4876 121
4877 129
4878 124
4879 121
4880 126
4881 109
4882 100
4883 102
4884 115
4885 117
4886 103
4887 87
4888 98
4889 110
4890 101
4891 107
4892 114
4893 97
4894 104
4895 105
4896 120
4897 122
4898 129
4899 132
4900 126
4901 123
4902 116
4903 123
4904 131
4905 129
4906 137
4907 145
4908 158
4909 153
4910 145
4911 143
4912 125
4913 131
4914 139
4915 145
4916 135
4917 117
4918 108
4919 113
4920 117
4921 109
4922 115
4923 127
4924 114
4925 112
4926 116
4927 108
4928 101
4929 94
4930 81
4931 63
4932 45
4933 49
4934 44
4935 45
4936 38
4937 38
4938 43
4939 35
4940 33
4941 31
4942 28
4943 22
4944 27
4945 27
4946 24
4947 23
4948 17
4949 18
4950 14
4951 13
4952 11
4953 12
4954 14
4955 14
4956 12
4957 6
4958 8
4959 10
4960 16
4961 19
4962 16
4963 12
4964 17
4965 10
4966 11
4967 15
4968 17
4969 15
4970 18
4971 18
4972 13
4973 13
4974 12
4975 6
4976 6
4977 7
4978 3
4979 4
4980 2
4981 0
4982 1
4983 3
4984 2
4985 3
4986 1
4987 2
4988 1
4989 3
4990 3
4991 3
4992 3
4993 4
4994 6
4995 8
4996 7
4997 7
4998 5
4999 4
5000 3
5001 4
5002 4
5003 2
5004 2
5005 4
5006 6
5007 8
5008 9
5009 9
5010 7
5011 8
5012 10
5013 6
5014 3
5015 1
5016 1
5017 2
5018 0
5019 0
5020 1
5021 2
5022 1
5023 1
5024 3
5025 2
5026 1
5027 0
5028 0
5029 0
5030 0
5031 0
5032 0
5033 0
5034 0
5035 0
5036 0
5037 0
5038 0
5039 1
5040 3
5041 1
5042 0
5043 1
5044 3
5045 3
5046 2
5047 3
5048 3
5049 1
5050 1
5051 0
5052 1
5053 0
5054 2
5055 1
5056 0
5057 0
5058 0
5059 0
5060 0
5061 0
5062 0
5063 0
5064 1
5065 0
5066 1
5067 1
5068 2
5069 2
5070 0
5071 0
5072 1
5073 0
5074 0
5075 0
5076 0
5077 0
5078 0
5079 0
5080 0
5081 0
5082 1
5083 0
5084 0
5085 0
5086 0
5087 0
5088 0
5089 0
5090 0
5091 0
5092 0
5093 0
5094 0
5095 0
5096 0
5097 0
5098 0
5099 0
5100 1
5101 3
5102 6
5103 15
5104 13
5105 9
5106 8
5107 7
5108 8
5109 7
5110 6
5111 8
5112 11
5113 20
5114 18
5115 15
5116 17
5117 17
5118 11
5119 11
5120 11
5121 9
5122 12
5123 10
5124 11
5125 11
5126 9
5127 13
5128 22
5129 26
5130 23
5131 20
5132 19
5133 20
5134 18
5135 18
5136 18
5137 25
5138 24
5139 19
5140 15
5141 19
5142 15
5143 13
5144 19
5145 22
5146 24
5147 24
5148 28
5149 28
5150 25
5151 28
5152 29
5153 24
5154 23
5155 37
5156 38
5157 36
5158 29
5159 27
5160 19
5161 19
5162 22
5163 21
5164 18
5165 25
5166 26
5167 30
5168 29
5169 20
5170 19
5171 24
5172 28
5173 26
5174 23
5175 24
5176 22
5177 30
5178 26
5179 25
5180 22
5181 19
5182 22
5183 19
5184 22
5185 25
5186 29
5187 30
5188 38
5189 45
5190 47
5191 50
5192 54
5193 53
5194 49
5195 45
5196 38
5197 24
5198 23
5199 21
5200 17
5201 18
5202 14
5203 13
5204 14
5205 16
5206 12
5207 12
5208 14
5209 17
5210 26
5211 29
5212 27
5213 26
5214 23
5215 18
5216 21
5217 26
5218 26
5219 27
5220 30
5221 27
5222 28
5223 25
5224 22
5225 16
5226 22
5227 20
5228 15
5229 15
5230 24
5231 23
5232 23
5233 23
5234 19
5235 19
5236 21
5237 24
5238 26
5239 24
5240 26
5241 34
5242 33
5243 31
5244 31
5245 35
5246 37
5247 25
5248 26
5249 33
5250 30
5251 27
5252 30
5253 28
5254 37
5255 37
5256 24
5257 24
5258 27
5259 25
5260 27
5261 34
5262 37
5263 36
5264 40
5265 42
5266 51
5267 55
5268 55
5269 61
5270 56
5271 58
5272 66
5273 60
5274 55
5275 54
5276 64
5277 67
5278 75
5279 85
5280 72
5281 83
5282 78
5283 99
5284 93
5285 86
5286 95
5287 101
5288 92
5289 84
5290 78
5291 82
5292 80
5293 82
5294 84
5295 76
5296 68
5297 65
5298 70
5299 63
5300 58
5301 63
5302 69
5303 68
5304 77
5305 73
5306 75
5307 87
5308 73
5309 71
5310 76
5311 82
5312 79
5313 74
5314 78
5315 91
5316 101
5317 105
5318 95
5319 93
5320 87
5321 84
5322 92
5323 88
5324 88
5325 79
5326 80
5327 77
5328 79
5329 72
5330 72
5331 59
5332 60
5333 70
5334 65
5335 58
5336 55
5337 45
5338 41
5339 46
5340 46
5341 49
5342 46
5343 47
5344 39
5345 33
5346 35
5347 36
5348 41
5349 40
5350 46
5351 38
5352 44
5353 39
5354 36
5355 36
5356 43
5357 43
5358 44
5359 56
5360 58
5361 64
5362 71
5363 87
5364 91
5365 75
5366 79
5367 76
5368 69
5369 59
5370 56
5371 48
5372 49
5373 57
5374 67
5375 77
5376 73
5377 76
5378 85
5379 76
5380 79
5381 70
5382 55
5383 48
5384 47
5385 53
5386 43
5387 45
5388 49
5389 66
5390 59
5391 61
5392 71
5393 77
5394 83
5395 79
5396 94
5397 81
5398 65
5399 73
5400 67
5401 70
5402 65
5403 75
5404 94
5405 111
5406 93
5407 95
5408 108
5409 119
5410 113
5411 115
5412 111
5413 97
5414 93
5415 94
5416 86
5417 68
5418 76
5419 82
5420 74
5421 70
5422 81
5423 91
5424 83
5425 82
5426 78
5427 78
5428 78
5429 70
5430 68
5431 63
5432 44
5433 50
5434 40
5435 40
5436 32
5437 26
5438 25
5439 34
5440 37
5441 44
5442 46
5443 58
5444 54
5445 47
5446 51
5447 41
5448 39
5449 47
5450 55
5451 58
5452 46
5453 47
5454 39
5455 38
5456 48
5457 39
5458 42
5459 30
5460 38
5461 34
5462 37
5463 44
5464 32
5465 28
5466 29
5467 20
5468 17
5469 15
5470 18
5471 26
5472 21
5473 23
5474 23
5475 28
5476 19
5477 11
5478 12
5479 10
5480 6
5481 7
5482 4
5483 2
5484 1
5485 2
5486 3
5487 5
5488 12
5489 14
5490 11
5491 18
5492 21
5493 22
5494 19
5495 25
5496 27
5497 20
5498 13
5499 10
5500 18
5501 14
5502 17
5503 16
5504 18
5505 26
5506 21
5507 19
5508 23
5509 15
5510 9
5511 9
5512 7
5513 8
5514 10
5515 8
5516 13
5517 12
5518 16
5519 21
5520 15
5521 14
5522 17
5523 25
5524 27
5525 31
5526 33
5527 28
5528 21
5529 12
5530 6
5531 5
5532 5
5533 3
5534 0
5535 0
5536 0
5537 0
5538 0
5539 0
5540 1
5541 1
5542 0
5543 0
5544 0
5545 1
5546 0
5547 0
5548 0
5549 0
5550 0
5551 0
5552 0
5553 0
5554 1
5555 1
5556 0
5557 0
5558 0
5559 0
5560 0
5561 0
5562 0
5563 1
5564 0
5565 0
5566 2
5567 4
5568 6
5569 5
5570 2
5571 0
5572 0
5573 0
5574 0
5575 0
5576 0
5577 0
5578 0
5579 0
5580 0
5581 0
5582 1
5583 0
5584 0
5585 0
5586 0
5587 0
5588 0
5589 0
5590 1
5591 1
5592 3
5593 3
5594 2
5595 2
5596 3
5597 0
5598 0
5599 0
5600 0
5601 0
5602 1
5603 2
5604 2
5605 1
5606 0
5607 0
5608 0
5609 0
5610 0
5611 0
5612 0
5613 1
5614 0
5615 0
5616 0
5617 0
5618 0
5619 0
5620 0
5621 0
5622 0
5623 0
5624 0
5625 0
5626 1
5627 1
5628 3
5629 3
5630 0
5631 0
5632 0
5633 0
5634 0
5635 1
5636 2
5637 1
5638 1
5639 2
5640 2
5641 0
5642 0
5643 0
5644 0
5645 0
5646 0
5647 0
5648 0
5649 0
5650 0
5651 0
5652 0
5653 0
5654 1
5655 1
5656 0
5657 0
5658 0
5659 0
5660 0
5661 0
5662 0
5663 1
5664 2
5665 5
5666 6
5667 6
5668 12
5669 10
5670 11
5671 15
5672 13
5673 15
5674 15
5675 23
5676 25
5677 17
5678 20
5679 15
5680 17
5681 26
5682 22
5683 18
5684 15
5685 16
5686 15
5687 12
5688 14
5689 11
5690 9
5691 11
5692 8
5693 6
5694 7
5695 5
5696 8
5697 11
5698 10
5699 7
5700 5
5701 6
5702 7
5703 9
5704 8
5705 4
5706 6
5707 5
5708 4
5709 2
5710 0
5711 0
5712 0
5713 0
5714 0
5715 0
5716 0
5717 0
5718 0
5719 0
5720 0
5721 0
5722 1
5723 2
5724 1
5725 0
5726 0
5727 0
5728 0
5729 0
5730 0
5731 0
5732 1
5733 3
5734 4
5735 4
5736 4
5737 6
5738 4
5739 5
5740 6
5741 3
5742 6
5743 6
5744 5
5745 3
5746 6
5747 7
5748 8
5749 10
5750 17
5751 15
5752 18
5753 23
5754 22
5755 27
5756 31
5757 39
5758 31
5759 38
5760 39
5761 29
5762 23
5763 19
5764 18
5765 14
5766 9
5767 7
5768 9
5769 8
5770 7
5771 7
5772 6
5773 12
5774 10
5775 9
5776 6
5777 5
5778 4
5779 5
5780 5
5781 6
5782 7
5783 3
5784 6
5785 7
5786 14
5787 12
5788 11
5789 22
5790 17
5791 15
5792 16
5793 13
5794 11
5795 10
5796 10
5797 6
5798 5
5799 6
5800 11
5801 6
5802 9
5803 13
5804 18
5805 16
5806 15
5807 14
5808 10
5809 8
5810 9
5811 11
5812 6
5813 7
5814 5
5815 5
5816 3
5817 2
5818 3
5819 1
5820 1
5821 0
5822 0
5823 1
5824 2
5825 6
5826 7
5827 10
5828 7
5829 10
5830 14
5831 16
5832 17
5833 20
5834 20
5835 18
5836 16
5837 17
5838 15
5839 19
5840 15
5841 11
5842 10
5843 9
5844 11
5845 16
5846 14
5847 10
5848 10
5849 6
5850 6
5851 10
5852 8
5853 6
5854 3
5855 0
5856 0
5857 0
5858 0
5859 0
5860 0
5861 0
5862 0
5863 1
5864 5
5865 7
5866 7
5867 8
5868 6
5869 5
5870 7
5871 7
5872 9
5873 12
5874 10
5875 13
5876 17
5877 14
5878 14
5879 13
5880 9
5881 14
5882 14
5883 10
5884 12
5885 12
5886 17
5887 17
5888 19
5889 14
5890 10
5891 11
5892 6
5893 7
5894 4
5895 4
5896 3
5897 4
5898 2
5899 3
5900 1
5901 0
5902 0
5903 0
5904 0
5905 0
5906 1
5907 0
5908 0
5909 0
5910 0
5911 0
5912 0
5913 0
5914 0
5915 0
5916 0
5917 1
5918 2
5919 1
5920 0
5921 0
5922 0
5923 0
5924 0
5925 0
5926 1
5927 2
5928 0
5929 0
5930 0
5931 0
5932 0
5933 0
5934 0
5935 0
5936 0
5937 0
5938 0
5939 0
5940 0
5941 1
5942 1
5943 0
5944 0
5945 0
5946 1
5947 0
5948 0
5949 0
5950 1
5951 1
5952 2
5953 1
5954 1
5955 2
5956 2
5957 1
5958 1
5959 1
5960 0
5961 0
5962 0
5963 1
5964 0
5965 0
5966 0
5967 0
5968 0
5969 1
5970 1
5971 0
5972 2
5973 0
5974 0
5975 0
5976 0
5977 1
5978 0
5979 0
5980 0
5981 0
5982 0
5983 1
5984 3
5985 2
5986 0
5987 0
5988 1
5989 2
5990 0
5991 0
5992 0
5993 0
5994 0
5995 0
5996 1
5997 4
5998 5
5999 6
6000 7
6001 7
6002 3
6003 4
6004 4
6005 9
6006 4
6007 4
6008 2
6009 3
6010 1
6011 1
6012 1
6013 1
6014 0
6015 0
6016 0
6017 1
6018 0
6019 0
6020 0
6021 0
6022 0
6023 1
6024 1
6025 0
6026 0
6027 1
6028 0
6029 0
6030 1
6031 0
6032 1
6033 1
6034 0
6035 0
6036 1
6037 1
6038 0
6039 1
6040 0
6041 0
6042 2
6043 1
6044 2
6045 3
6046 4
6047 1
6048 3
6049 5
6050 4
6051 3
6052 6
6053 5
6054 3
6055 2
6056 2
6057 0
6058 0
6059 0
6060 0
6061 0
6062 1
6063 1
6064 2
6065 4
6066 3
6067 3
6068 4
6069 4
6070 4
6071 11
6072 5
6073 7
6074 4
6075 2
6076 2
6077 3
6078 4
6079 5
6080 3
6081 7
6082 8
6083 12
6084 16
6085 15
6086 18
6087 18
6088 23
6089 12
6090 19
6091 15
6092 11
6093 5
6094 4
6095 2
6096 3
6097 3
6098 2
6099 1
6100 1
6101 1
6102 1
6103 1
6104 2
6105 3
6106 1
6107 1
6108 1
6109 1
6110 3
6111 7
6112 9
6113 9
6114 7
6115 7
6116 9
6117 11
6118 15
6119 16
6120 16
6121 24
6122 24
6123 29
6124 31
6125 36
6126 40
6127 46
6128 46
6129 41
6130 50
6131 57
6132 65
6133 64
6134 63
6135 64
6136 75
6137 70
6138 57
6139 55
6140 49
6141 53
6142 56
6143 44
6144 43
6145 39
6146 34
6147 26
6148 16
6149 19
6150 21
6151 24
6152 18
6153 25
6154 27
6155 31
6156 34
6157 31
6158 32
6159 40
6160 32
6161 32
6162 35
6163 45
6164 64
6165 72
6166 90
6167 80
6168 79
6169 69
6170 72
6171 67
6172 64
6173 65
6174 66
6175 73
6176 69
6177 57
6178 68
6179 64
6180 65
6181 58
6182 60
6183 56
6184 52
6185 52
6186 39
6187 40
6188 45
6189 50
6190 57
6191 54
6192 62
6193 59
6194 62
6195 58
6196 60
6197 59
6198 74
6199 58
6200 56
6201 51
6202 52
6203 59
6204 52
6205 53
6206 44
6207 47
6208 37
6209 51
6210 53
6211 67
6212 62
6213 58
6214 49
6215 45
6216 51
6217 59
6218 60
6219 65
6220 70
6221 74
6222 71
6223 82
6224 92
6225 104
6226 100
6227 92
6228 89
6229 72
6230 71
6231 59
6232 52
6233 41
6234 41
6235 34
6236 33
6237 31
6238 31
6239 25
6240 35
6241 38
6242 48
6243 36
6244 42
6245 46
6246 56
6247 60
6248 44
6249 37
6250 30
6251 39
6252 51
6253 44
6254 57
6255 47
6256 46
6257 42
6258 29
6259 28
6260 33
6261 24
6262 21
6263 32
6264 31
6265 31
6266 40
6267 57
6268 57
6269 60
6270 53
6271 57
6272 45
6273 44
6274 38
6275 34
6276 39
6277 43
6278 39
6279 37
6280 33
6281 25
6282 33
6283 40
6284 47
6285 36
6286 31
6287 25
6288 29
6289 27
6290 28
6291 38
6292 30
6293 19
6294 26
6295 26
6296 33
6297 28
6298 22
6299 16
6300 11
6301 11
6302 8
6303 7
6304 9
6305 6
6306 4
6307 4
6308 12
6309 10
6310 12
6311 9
6312 5
6313 5
6314 7
6315 8
6316 7
6317 5
6318 3
6319 8
6320 5
6321 5
6322 4
6323 4
6324 3
6325 5
6326 5
6327 7
6328 8
6329 6
6330 4
6331 3
6332 3
6333 2
6334 1
6335 1
6336 0
6337 0
6338 0
6339 0
6340 1
6341 3
6342 1
6343 0
6344 0
6345 0
6346 0
6347 0
6348 0
6349 0
6350 0
6351 0
6352 0
6353 1
6354 2
6355 3
6356 1
6357 1
6358 1
6359 2
6360 1
6361 0
6362 0
6363 0
6364 0
6365 0
6366 1
6367 0
6368 0
6369 0
6370 0
6371 1
6372 1
6373 0
6374 0
6375 0
6376 0
6377 0
6378 1
6379 0
6380 0
6381 0
6382 0
6383 0
6384 0
6385 0
6386 0
6387 0
6388 0
6389 0
6390 0
6391 0
6392 1
6393 3
6394 2
6395 5
6396 3
6397 3
6398 6
6399 7
6400 2
6401 2
6402 1
6403 3
6404 5
6405 4
6406 2
6407 2
6408 5
6409 6
6410 5
6411 4
6412 5
6413 5
6414 6
6415 7
6416 9
6417 7
6418 9
6419 9
6420 12
6421 9
6422 8
6423 8
6424 8
6425 6
6426 1
6427 0
6428 0
6429 0
6430 0
6431 0
6432 1
6433 3
6434 2
6435 2
6436 3
6437 2
6438 1
6439 1
6440 1
6441 2
6442 2
6443 3
6444 0
6445 0
6446 1
6447 1
6448 0
6449 0
6450 0
6451 0
6452 0
6453 0
6454 0
6455 0
6456 0
6457 0
6458 1
6459 1
6460 1
6461 3
6462 4
6463 3
6464 4
6465 6
6466 8
6467 7
6468 8
6469 12
6470 7
6471 5
6472 11
6473 8
6474 4
6475 6
6476 9
6477 9
6478 9
6479 9
6480 10
6481 11
6482 6
6483 6
6484 7
6485 2
6486 1
6487 3
6488 7
6489 7
6490 14
6491 14
6492 13
6493 12
6494 12
6495 13
6496 13
6497 14
6498 14
6499 14
6500 8
6501 14
6502 16
6503 11
6504 7
6505 6
6506 6
6507 5
6508 7
6509 5
6510 1
6511 2
6512 7
6513 3
6514 1
6515 2
6516 5
6517 6
6518 9
6519 11
6520 12
6521 13
6522 11
6523 9
6524 2
6525 1
6526 1
6527 0
6528 0
6529 0
6530 0
6531 0
6532 0
6533 1
6534 1
6535 2
6536 4
6537 5
6538 5
6539 5
6540 7
6541 6
6542 5
6543 3
6544 1
6545 1
6546 0
6547 1
6548 1
6549 0
6550 1
6551 2
6552 2
6553 2
6554 2
6555 3
6556 4
6557 10
6558 12
6559 16
6560 19
6561 18
6562 16
6563 12
6564 16
6565 21
6566 23
6567 25
6568 22
6569 15
6570 17
6571 14
6572 15
6573 16
6574 15
6575 19
6576 27
6577 32
6578 33
6579 33
6580 39
6581 33
6582 31
6583 26
6584 28
6585 37
6586 35
6587 29
6588 24
6589 29
6590 24
6591 20
6592 16
6593 13
6594 10
6595 7
6596 6
6597 4
6598 8
6599 13
6600 12
6601 14
6602 13
6603 12
6604 9
6605 4
6606 2
6607 1
6608 1
6609 1
6610 0
6611 0
6612 0
6613 0
6614 0
6615 0
6616 0
6617 0
6618 1
6619 0
6620 0
6621 0
6622 0
6623 0
6624 0
6625 0
6626 0
6627 1
6628 0
6629 0
6630 3
6631 8
6632 10
6633 14
6634 15
6635 12
6636 13
6637 14
6638 8
6639 12
6640 11
6641 16
6642 16
6643 13
6644 17
6645 29
6646 22
6647 21
6648 14
6649 7
6650 3
6651 4
6652 5
6653 9
6654 11
6655 12
6656 6
6657 8
6658 3
6659 3
6660 4
6661 5
6662 5
6663 7
6664 7
6665 3
6666 2
6667 0
6668 0
6669 0
6670 0
6671 0
6672 0
6673 0
6674 0
6675 0
6676 0
6677 0
6678 0
6679 0
6680 0
6681 0
6682 0
6683 0
6684 0
6685 0
6686 0
6687 0
6688 0
6689 0
6690 0
6691 0
6692 0
6693 0
6694 1
6695 3
6696 4
6697 4
6698 3
6699 0
6700 0
6701 0
6702 0
6703 0
6704 0
6705 1
6706 4
6707 4
6708 9
6709 13
6710 11
6711 7
6712 4
6713 2
6714 2
6715 1
6716 1
6717 0
6718 0
6719 0
6720 1
6721 2
6722 3
6723 6
6724 4
6725 3
6726 0
6727 2
6728 2
6729 2
6730 4
6731 2
6732 0
6733 0
6734 0
6735 0
6736 0
6737 0
6738 0
6739 0
6740 0
6741 0
6742 0
6743 0
6744 0
6745 0
6746 1
6747 0
6748 0
6749 2
6750 3
6751 2
6752 4
6753 2
6754 1
6755 1
6756 1
6757 0
6758 0
6759 0
6760 0
6761 3
6762 4
6763 4
6764 5
6765 5
6766 5
6767 0
6768 0
6769 0
6770 0
6771 1
6772 2
6773 1
6774 0
6775 1
6776 0
6777 0
6778 0
6779 0
6780 0
6781 0
6782 0
6783 0
6784 1
6785 0
6786 2
6787 1
6788 1
6789 2
6790 4
6791 11
6792 11
6793 13
6794 19
6795 17
6796 9
6797 9
6798 10
6799 4
6800 1
6801 1
6802 2
6803 6
6804 7
6805 2
6806 0
6807 0
6808 0
6809 0
6810 0
6811 0
6812 0
6813 0
6814 0
6815 1
6816 2
6817 2
6818 4
6819 3
6820 5
6821 5
6822 3
6823 3
6824 6
6825 6
6826 6
6827 6
6828 7
6829 4
6830 1
6831 2
6832 2
6833 1
6834 1
6835 2
6836 2
6837 2
6838 1
6839 1
6840 1
6841 0
6842 0
6843 0
6844 0
6845 0
6846 0
6847 0
6848 0
6849 0
6850 0
6851 2
6852 4
6853 3
6854 6
6855 4
6856 4
6857 4
6858 1
6859 1
6860 1
6861 2
6862 2
6863 1
6864 3
6865 1
6866 1
6867 0
6868 1
6869 2
6870 0
6871 0
6872 0
6873 0
6874 0
6875 0
6876 0
6877 0
6878 0
6879 0
6880 0
6881 0
6882 0
6883 0
6884 0
6885 0
6886 0
6887 1
6888 1
6889 0
6890 0
6891 0
6892 1
6893 2
6894 2
6895 2
6896 2
6897 2
6898 1
6899 2
6900 6
6901 7
6902 10
6903 16
6904 14
6905 14
6906 10
6907 5
6908 6
6909 6
6910 6
6911 7
6912 6
6913 4
6914 6
6915 4
6916 7
6917 5
6918 4
6919 5
6920 3
6921 2
6922 1
6923 1
6924 4
6925 5
6926 2
6927 1
6928 1
6929 1
6930 1
6931 3
6932 3
6933 4
6934 4
6935 7
6936 8
6937 10
6938 17
6939 26
6940 33
6941 23
6942 17
6943 21
6944 24
6945 31
6946 25
6947 21
6948 22
6949 23
6950 20
6951 22
6952 21
6953 20
6954 20
6955 23
6956 23
6957 17
6958 20
6959 21
6960 18
6961 22
6962 21
6963 28
6964 32
6965 35
6966 29
6967 31
6968 25
6969 26
6970 20
6971 20
6972 23
6973 17
6974 12
6975 9
6976 8
6977 8
6978 8
6979 8
6980 6
6981 6
6982 3
6983 4
6984 3
6985 5
6986 9
6987 6
6988 4
6989 1
6990 2
6991 2
6992 1
6993 1
6994 0
6995 1
6996 1
6997 2
6998 4
6999 7
7000 2
7001 1
7002 0
7003 1
7004 1
7005 1
7006 0
7007 0
7008 0
7009 0
7010 0
7011 0
7012 0
7013 0
7014 1
7015 1
7016 2
7017 2
7018 1
7019 0
7020 0
7021 2
7022 1
7023 3
7024 5
7025 9
7026 13
7027 11
7028 14
7029 17
7030 19
7031 28
7032 33
7033 34
7034 35
7035 44
7036 55
7037 62
7038 47
7039 49
7040 44
7041 41
7042 48
7043 46
7044 47
7045 56
7046 61
7047 72
7048 79
7049 64
7050 62
7051 51
7052 64
7053 53
7054 45
7055 45
7056 41
7057 39
7058 40
7059 35
7060 40
7061 41
7062 43
7063 57
7064 47
7065 55
7066 57
7067 56
7068 57
7069 48
7070 35
7071 40
7072 37
7073 34
7074 39
7075 37
7076 33
7077 35
7078 42
7079 47
7080 49
7081 53
7082 44
7083 46
7084 42
7085 43
7086 34
7087 30
7088 30
7089 29
7090 27
7091 27
7092 32
7093 24
7094 24
7095 22
7096 21
7097 29
7098 20
7099 18
7100 14
7101 15
7102 16
7103 13
7104 13
7105 9
7106 9
7107 10
7108 15
7109 15
7110 15
7111 18
7112 12
7113 15
7114 13
7115 17
7116 17
7117 14
7118 16
7119 18
7120 13
7121 12
7122 8
7123 3
7124 4
7125 6
7126 6
7127 5
7128 5
7129 8
7130 5
7131 3
7132 3
7133 2
7134 6
7135 5
7136 6
7137 11
7138 14
7139 14
7140 15
7141 16
7142 8
7143 10
7144 6
7145 3
7146 2
7147 3
7148 2
7149 4
7150 6
7151 7
7152 4
7153 2
7154 0
7155 1
7156 0
7157 1
7158 2
7159 0
7160 1
7161 1
7162 1
7163 1
7164 1
7165 4
7166 5
7167 5
7168 9
7169 11
7170 15
7171 13
7172 14
7173 13
7174 11
7175 17
7176 18
7177 20
7178 11
7179 7
7180 9
7181 6
7182 3
7183 5
7184 4
7185 4
7186 5
7187 4
7188 3
7189 4
7190 7
7191 12
7192 16
7193 18
7194 22
7195 30
7196 34
7197 38
7198 43
7199 40
7200 37
7201 38
7202 30
7203 17
7204 12
7205 11
7206 7
7207 8
7208 2
7209 2
7210 1
7211 1
7212 3
7213 4
7214 4
7215 5
7216 2
7217 0
7218 1
7219 1
7220 1
7221 3
7222 5
7223 4
7224 6
7225 9
7226 6
7227 6
7228 3
7229 7
7230 3
7231 4
7232 9
7233 11
7234 8
7235 10
7236 8
7237 3
7238 4
7239 4
7240 3
7241 2
7242 0
7243 0
7244 0
7245 0
7246 0
7247 0
7248 0
7249 0
7250 0
7251 0
7252 0
7253 0
7254 0
7255 1
7256 3
7257 5
7258 6
7259 6
7260 5
7261 9
7262 5
7263 3
7264 2
7265 2
7266 3
7267 1
7268 0
7269 0
7270 1
7271 2
7272 1
7273 1
7274 1
7275 0
7276 0
7277 1
7278 2
7279 3
7280 4
7281 3
7282 4
7283 5
7284 9
7285 9
7286 7
7287 8
7288 8
7289 5
7290 4
7291 7
7292 9
7293 8
7294 8
7295 4
7296 7
7297 7
7298 10
7299 9
7300 7
7301 4
7302 3
7303 4
7304 3
7305 4
7306 4
7307 2
7308 1
7309 2
7310 4
7311 3
7312 6
7313 6
7314 5
7315 7
7316 7
7317 8
7318 9
7319 15
7320 16
7321 10
7322 4
7323 5
7324 5
7325 3
7326 1
7327 0
7328 0
7329 1
7330 5
7331 0
7332 0
7333 1
7334 1
7335 1
7336 2
7337 0
7338 0
7339 0
7340 0
7341 0
7342 0
7343 0
7344 1
7345 0
7346 0
7347 0
7348 0
7349 1
7350 2
7351 0
7352 0
7353 0
7354 0
7355 0
7356 0
7357 0
7358 0
7359 0
7360 0
7361 0
7362 0
7363 0
7364 0
7365 0
7366 0
7367 0
7368 0
7369 0
7370 0
7371 0
7372 0
7373 0
7374 0
7375 1
7376 1
7377 1
7378 1
7379 1
7380 3
7381 5
7382 3
7383 4
7384 1
7385 1
7386 0
7387 0
7388 0
7389 0
7390 0
7391 0
7392 0
7393 0
7394 0
7395 1
7396 0
7397 0
7398 0
7399 0
7400 0
7401 0
7402 0
7403 0
7404 0
7405 0
7406 1
7407 1
7408 1
7409 1
7410 1
7411 0
7412 0
7413 0
7414 0
7415 0
7416 0
7417 0
7418 0
7419 0
7420 0
7421 0
7422 0
7423 0
7424 0
7425 0
7426 1
7427 2
7428 2
7429 1
7430 1
7431 2
7432 5
7433 4
7434 6
7435 10
7436 10
7437 5
7438 4
7439 6
7440 4
7441 3
7442 2
7443 2
7444 4
7445 3
7446 5
7447 6
7448 4
7449 2
7450 0
7451 0
7452 0
7453 0
7454 1
7455 0
7456 0
7457 0
7458 0
7459 0
7460 0
7461 0
7462 0
7463 0
7464 0
7465 0
7466 0
7467 0
7468 0
7469 0
7470 0
7471 0
7472 0
7473 0
7474 0
7475 0
7476 0
7477 0
7478 0
7479 0
7480 0
7481 2
7482 3
7483 5
7484 3
7485 3
7486 0
7487 0
7488 0
7489 0
7490 0
7491 0
7492 0
7493 0
7494 1
7495 1
7496 0
7497 0
7498 1
7499 2
7500 2
7501 2
7502 1
7503 1
7504 2
7505 0
7506 0
7507 0
7508 1
7509 1
7510 2
7511 2
7512 1
7513 1
7514 2
7515 1
7516 0
7517 0
7518 0
7519 0
7520 0
7521 0
7522 0
7523 0
7524 0
7525 0
7526 1
7527 3
7528 3
7529 4
7530 3
7531 7
7532 10
7533 11
7534 14
7535 11
7536 15
7537 17
7538 11
7539 15
7540 22
7541 23
7542 16
7543 18
7544 24
7545 23
7546 28
7547 29
7548 43
7549 36
7550 43
7551 38
7552 41
7553 33
7554 39
7555 49
7556 47
7557 54
7558 43
7559 34
7560 36
7561 36
7562 30
7563 37
7564 36
7565 49
7566 52
7567 58
7568 54
7569 50
7570 51
7571 50
7572 43
7573 34
7574 34
7575 36
7576 32
7577 35
7578 36
7579 37
7580 47
7581 48
7582 50
7583 58
7584 57
7585 45
7586 38
7587 26
7588 30
7589 25
7590 29
7591 29
7592 30
7593 28
7594 32
7595 34
7596 31
7597 39
7598 42
7599 39
7600 42
7601 54
7602 57
7603 39
7604 32
7605 37
7606 32
7607 37
7608 49
7609 50
7610 52
7611 64
7612 64
7613 57
7614 44
7615 36
7616 48
7617 42
7618 37
7619 38
7620 44
7621 44
7622 54
7623 50
7624 35
7625 37
7626 31
7627 27
7628 29
7629 35
7630 43
7631 38
7632 33
7633 36
7634 37
7635 34
7636 25
7637 32
7638 27
7639 20
7640 20
7641 19
7642 13
7643 19
7644 21
7645 23
7646 35
7647 36
7648 40
7649 41
7650 48
7651 49
7652 61
7653 64
7654 71
7655 66
7656 55
7657 60
7658 52
7659 58
7660 60
7661 69
7662 58
7663 64
7664 65
7665 65
7666 67
7667 63
7668 70
7669 69
7670 58
7671 61
7672 65
7673 63
7674 62
7675 58
7676 48
7677 38
7678 48
7679 57
7680 57
7681 63
7682 83
7683 80
7684 86
7685 86
7686 68
7687 58
7688 62
7689 76
7690 91
7691 100
7692 82
7693 78
7694 75
7695 90
7696 92
7697 86
7698 77
7699 78
7700 68
7701 83
7702 75
7703 67
7704 77
7705 92
7706 68
7707 63
7708 58
7709 58
7710 45
7711 47
7712 45
7713 60
7714 51
7715 49
7716 63
7717 51
7718 49
7719 51
7720 51
7721 44
7722 50
7723 43
7724 43
7725 26
7726 25
7727 23
7728 28
7729 35
7730 44
7731 40
7732 32
7733 25
7734 17
7735 13
7736 14
7737 13
7738 15
7739 16
7740 18
7741 14
7742 16
7743 19
7744 17
7745 15
7746 14
7747 18
7748 14
7749 11
7750 14
7751 19
7752 17
7753 18
7754 17
7755 19
7756 16
7757 19
7758 15
7759 11
7760 16
7761 14
7762 9
7763 9
7764 6
7765 5
7766 3
7767 2
7768 3
7769 2
7770 2
7771 2
7772 2
7773 4
7774 2
7775 4
7776 10
7777 6
7778 8
7779 9
7780 9
7781 10
7782 16
7783 16
7784 19
7785 22
7786 28
7787 26
7788 25
7789 32
7790 30
7791 26
7792 28
7793 32
7794 39
7795 55
7796 65
7797 60
7798 63
7799 68
7800 69
7801 67
7802 59
7803 54
7804 58
7805 52
7806 52
7807 44
7808 46
7809 45
7810 39
7811 44
7812 46
7813 42
7814 66
7815 63
7816 62
7817 76
7818 62
7819 64
7820 66
7821 58
7822 59
7823 60
7824 59
7825 56
7826 46
7827 46
7828 51
7829 44
7830 50
7831 52
7832 35
7833 43
7834 40
7835 45
7836 49
7837 50
7838 46
7839 46
7840 34
7841 30
7842 23
7843 25
7844 26
7845 26
7846 19
7847 20
7848 21
7849 16
7850 13
7851 13
7852 13
7853 9
7854 10
7855 8
7856 9
7857 13
7858 17
7859 11
7860 10
7861 12
7862 12
7863 11
7864 13
7865 15
7866 8
7867 9
7868 14
7869 17
7870 22
7871 27
7872 24
7873 33
7874 37
7875 37
7876 45
7877 50
7878 46
7879 40
7880 38
7881 35
7882 40
7883 35
7884 35
7885 38
7886 31
7887 29
7888 35
7889 43
7890 38
7891 36
7892 43
7893 44
7894 33
7895 29
7896 35
7897 37
7898 33
7899 34
7900 33
7901 24
7902 25
7903 21
7904 21
7905 26
7906 33
7907 38
7908 36
7909 33
7910 39
7911 38
7912 51
7913 56
7914 50
7915 44
7916 40
7917 35
7918 39
7919 34
7920 29
7921 24
7922 21
7923 17
7924 21
7925 19
7926 20
7927 22
7928 21
7929 17
7930 16
7931 16
7932 13
7933 15
7934 22
7935 16
7936 14
7937 14
7938 21
7939 17
7940 19
7941 20
7942 13
7943 17
7944 26
7945 17
7946 21
7947 18
7948 10
7949 14
7950 9
7951 7
7952 8
7953 13
7954 19
7955 20
7956 18
7957 15
7958 20
7959 18
7960 18
7961 23
7962 19
7963 18
7964 20
7965 14
7966 14
7967 19
7968 22
7969 22
7970 22
7971 30
7972 31
7973 30
7974 31
7975 26
7976 28
7977 32
7978 30
7979 30
7980 28
7981 36
7982 34
7983 41
7984 36
7985 32
7986 39
7987 40
7988 38
7989 50
7990 45
7991 58
7992 64
7993 73
7994 78
7995 82
7996 66
7997 73
7998 78
7999 59
8000 54
8001 54
8002 59
8003 55
8004 54
8005 58
8006 63
8007 52
8008 49
8009 46
8010 52
8011 47
8012 35
8013 28
8014 27
8015 28
8016 22
8017 25
8018 27
8019 26
8020 20
8021 23
8022 17
8023 13
8024 14
8025 10
8026 9
8027 13
8028 6
8029 7
8030 11
8031 6
8032 7
8033 9
8034 8
8035 7
8036 9
8037 11
8038 9
8039 15
8040 10
8041 10
8042 9
8043 9
8044 6
8045 5
8046 1
8047 0
8048 0
8049 0
8050 1
8051 1
8052 1
8053 2
8054 3
8055 4
8056 6
8057 2
8058 1
8059 1
8060 2
8061 5
8062 7
8063 2
8064 2
8065 3
8066 2
8067 2
8068 4
8069 3
8070 1
8071 1
8072 5
8073 6
8074 6
8075 8
8076 7
8077 6
8078 6
8079 5
8080 4
8081 1
8082 2
8083 1
8084 1
8085 1
8086 0
8087 0
8088 0
8089 0
8090 0
8091 0
8092 0
8093 0
8094 0
8095 0
8096 0
8097 1
8098 2
8099 1
8100 1
8101 2
8102 2
8103 2
8104 2
8105 0
8106 1
8107 1
8108 3
8109 4
8110 6
8111 5
8112 4
8113 3
8114 10
8115 12
8116 14
8117 19
8118 15
8119 16
8120 19
8121 17
8122 10
8123 10
8124 9
8125 9
8126 13
8127 9
8128 10
8129 20
8130 18
8131 11
8132 17
8133 11
8134 11
8135 10
8136 16
8137 16
8138 17
8139 23
8140 19
8141 25
8142 35
8143 27
8144 27
8145 24
8146 20
8147 24
8148 19
8149 15
8150 7
8151 6
8152 4
8153 10
8154 7
8155 7
8156 7
8157 4
8158 4
8159 3
8160 5
8161 8
8162 13
8163 10
8164 11
8165 9
8166 3
8167 2
8168 0
8169 0
8170 0
8171 0
8172 0
8173 0
8174 1
8175 1
8176 2
8177 3
8178 3
8179 3
8180 1
8181 1
8182 2
8183 4
8184 7
8185 5
8186 5
8187 3
8188 5
8189 3
8190 4
8191 7
8192 14
8193 20
8194 15
8195 11
8196 13
8197 10
8198 8
8199 10
8200 9
8201 11
8202 8
8203 7
8204 5
8205 4
8206 2
8207 0
8208 0
8209 0
8210 0
8211 0
8212 0
8213 0
8214 1
8215 1
8216 1
8217 1
8218 0
8219 0
8220 1
8221 1
8222 1
8223 3
8224 3
8225 2
8226 1
8227 1
8228 4
8229 3
8230 6
8231 9
8232 8
8233 11
8234 15
8235 9
8236 9
8237 11
8238 7
8239 4
8240 9
8241 6
8242 8
8243 6
8244 7
8245 5
8246 6
8247 6
8248 10
8249 10
8250 10
8251 9
8252 8
8253 7
8254 11
8255 12
8256 6
8257 4
8258 2
8259 2
8260 2
8261 2
8262 4
8263 6
8264 4
8265 5
8266 5
8267 5
8268 4
8269 1
8270 0
8271 0
8272 0
8273 1
8274 0
8275 0
8276 0
8277 0
8278 0
8279 0
8280 0
8281 0
8282 0
8283 0
8284 0
8285 0
8286 0
8287 0
8288 1
8289 0
8290 1
8291 1
8292 1
8293 1
8294 2
8295 0
8296 0
8297 1
8298 1
8299 2
8300 2
8301 3
8302 2
8303 0
8304 0
8305 1
8306 0
8307 0
8308 0
8309 1
8310 0
8311 0
8312 0
8313 0
8314 0
8315 0
8316 1
8317 3
8318 4
8319 4
8320 7
8321 6
8322 3
8323 6
8324 4
8325 5
8326 2
8327 2
8328 3
8329 1
8330 0
8331 0
8332 0
8333 0
8334 0
8335 0
8336 0
8337 0
8338 0
8339 0
8340 0
8341 0
8342 2
8343 5
8344 5
8345 4
8346 1
8347 2
8348 2
8349 1
8350 0
8351 0
8352 0
8353 0
8354 0
8355 0
8356 0
8357 0
8358 0
8359 0
8360 1
8361 2
8362 0
8363 0
8364 0
8365 0
8366 0
8367 0
8368 0
8369 0
8370 0
8371 1
8372 0
8373 0
8374 0
8375 0
8376 0
8377 0
8378 0
8379 0
8380 0
8381 1
8382 3
8383 2
8384 3
8385 4
8386 3
8387 3
8388 4
8389 4
8390 3
8391 2
8392 2
8393 1
8394 0
8395 0
8396 0
8397 0
8398 0
8399 0
8400 0
8401 0
8402 0
8403 0
8404 0
8405 0
8406 0
8407 0
8408 0
8409 0
8410 0
8411 0
8412 0
8413 0
8414 1
8415 1
8416 0
8417 0
8418 0
8419 0
8420 1
8421 2
8422 6
8423 5
8424 8
8425 7
8426 10
8427 8
8428 8
8429 8
8430 5
8431 7
8432 2
8433 1
8434 1
8435 0
8436 0
8437 1
8438 0
8439 0
8440 0
8441 0
8442 1
8443 0
8444 0
8445 0
8446 0
8447 0
8448 0
8449 0
8450 1
8451 1
8452 0
8453 0
8454 1
8455 3
8456 1
8457 0
8458 0
8459 0
8460 0
8461 0
8462 0
8463 0
8464 0
8465 0
8466 0
8467 0
8468 0
8469 0
8470 0
8471 1
8472 2
8473 1
8474 0
8475 2
8476 2
8477 4
8478 4
8479 4
8480 2
8481 3
8482 2
8483 3
8484 0
8485 0
8486 1
8487 1
8488 1
8489 1
8490 2
8491 4
8492 6
8493 5
8494 3
8495 1
8496 3
8497 2
8498 4
8499 3
8500 2
8501 1
8502 3
8503 5
8504 5
8505 6
8506 4
8507 5
8508 3
8509 6
8510 7
8511 4
8512 5
8513 9
8514 11
8515 11
8516 14
8517 21
8518 17
8519 23
8520 22
8521 30
8522 31
8523 31
8524 25
8525 23
8526 23
8527 25
8528 31
8529 33
8530 37
8531 36
8532 45
8533 54
8534 63
8535 62
8536 46
8537 51
8538 58
8539 41
8540 39
8541 39
8542 38
8543 44
8544 41
8545 49
8546 48
8547 49
8548 47
8549 56
8550 51
8551 44
8552 47
8553 39
8554 38
8555 34
8556 47
8557 49
8558 49
8559 59
8560 54
8561 48
8562 43
8563 51
8564 55
8565 56
8566 54
8567 50
8568 55
8569 55
8570 48
8571 50
8572 42
8573 36
8574 43
8575 51
8576 53
8577 54
8578 61
8579 60
8580 58
8581 66
8582 64
8583 74
8584 80
8585 61
8586 63
8587 72
8588 82
8589 76
8590 75
8591 72
8592 77
8593 83
8594 68
8595 65
8596 61
8597 66
8598 69
8599 77
8600 86
8601 82
8602 69
8603 64
8604 70
8605 72
8606 61
8607 55
8608 52
8609 54
8610 56
8611 52
8612 56
8613 53
8614 46
8615 53
8616 54
8617 46
8618 52
8619 58
8620 69
8621 56
8622 61
8623 61
8624 64
8625 58
8626 62
8627 59
8628 71
8629 80
8630 76
8631 79
8632 76
8633 87
8634 92
8635 102
8636 94
8637 80
8638 91
8639 80
8640 80
8641 77
8642 79
8643 65
8644 71
8645 77
8646 85
8647 91
8648 90
8649 81
8650 98
8651 97
8652 108
8653 112
8654 124
8655 139
8656 152
8657 163
8658 186
8659 188
8660 172
8661 178
8662 178
8663 173
8664 152
8665 158
8666 161
8667 141
8668 136
8669 147
8670 141
8671 151
8672 153
8673 163
8674 177
8675 168
8676 186
8677 161
8678 168
8679 190
8680 193
8681 203
8682 192
8683 188
8684 181
8685 171
8686 191
8687 199
8688 187
8689 185
8690 173
8691 167
8692 171
8693 177
8694 171
8695 164
8696 169
8697 150
8698 155
8699 132
8700 134
8701 155
8702 139
8703 155
8704 150
8705 151
8706 165
8707 144
8708 134
8709 108
8710 106
8711 109
8712 108
8713 117
8714 125
8715 137
8716 134
8717 148
8718 154
8719 152
8720 159
8721 166
8722 172
8723 152
8724 140
8725 136
8726 126
8727 106
8728 112
8729 112
8730 120
8731 118
8732 98
8733 135
8734 133
8735 125
8736 135
8737 122
8738 106
8739 103
8740 101
8741 101
8742 102
8743 97
8744 97
8745 94
8746 87
8747 89
8748 80
8749 74
8750 79
8751 79
8752 75
8753 65
8754 70
8755 63
8756 65
8757 65
8758 57
8759 55
8760 62
8761 68
8762 65
8763 59
8764 50
8765 55
8766 55
8767 56
8768 44
8769 45
8770 44
8771 33
8772 45
8773 50
8774 46
8775 48
8776 52
8777 55
8778 53
8779 49
8780 57
8781 36
8782 40
8783 22
8784 25
8785 26
8786 29
8787 34
8788 36
8789 37
8790 43
8791 38
8792 43
8793 49
8794 54
8795 62
8796 65
8797 63
8798 57
8799 62
8800 50
8801 56
8802 52
8803 54
8804 54
8805 62
8806 74
8807 72
8808 76
8809 79
8810 78
8811 76
8812 61
8813 53
8814 59
8815 61
8816 67
8817 74
8818 62
8819 61
8820 59
8821 58
8822 46
8823 37
8824 40
8825 41
8826 49
8827 66
8828 69
8829 70
8830 66
8831 54
8832 62
8833 55
8834 52
8835 55
8836 56
8837 56
8838 60
8839 57
8840 66
8841 68
8842 72
8843 65
8844 57
8845 58
8846 46
8847 47
8848 40
8849 30
8850 19
8851 19
8852 22
8853 20
8854 28
8855 26
8856 31
8857 26
8858 24
8859 17
8860 16
8861 11
8862 8
8863 9
8864 9
8865 6
8866 5
8867 4
8868 2
8869 0
8870 0
8871 0
8872 1
8873 0
8874 1
8875 0
8876 0
8877 0
8878 0
8879 0
8880 0
8881 1
8882 1
8883 1
8884 1
8885 2
8886 2
8887 2
8888 1
8889 0
8890 0
8891 0
8892 1
8893 2
8894 5
8895 6
8896 6
8897 3
8898 5
8899 4
8900 4
8901 3
8902 4
8903 5
8904 4
8905 1
8906 1
8907 0
8908 0
8909 0
8910 0
8911 0
8912 0
8913 1
8914 2
8915 1
8916 2
8917 1
8918 1
8919 2
8920 1
8921 0
8922 0
8923 0
8924 0
8925 0
8926 0
8927 0
8928 0
8929 0
8930 0
8931 0
8932 0
8933 2
8934 1
8935 0
8936 1
8937 2
8938 3
8939 2
8940 4
8941 11
8942 12
8943 7
8944 3
8945 4
8946 2
8947 4
8948 6
8949 7
8950 9
8951 10
8952 13
8953 17
8954 17
8955 20
8956 14
8957 21
8958 16
8959 18
8960 28
8961 25
8962 27
8963 30
8964 30
8965 31
8966 41
8967 34
8968 20
8969 22
8970 21
8971 11
8972 15
8973 12
8974 10
8975 15
8976 8
8977 5
8978 8
8979 7
8980 7
8981 8
8982 11
8983 13
8984 12
8985 16
8986 11
8987 12
8988 7
8989 6
8990 5
8991 1
8992 0
8993 0
8994 0
8995 1
8996 0
8997 0
8998 0
8999 0
9000 0
9001 1
9002 3
9003 3
9004 2
9005 3
9006 5
9007 4
9008 3
9009 4
9010 7
9011 6
9012 3
9013 2
9014 2
9015 4
9016 4
9017 2
9018 4
9019 2
9020 3
9021 4
9022 4
9023 3
9024 4
9025 5
9026 5
9027 4
9028 5
9029 5
9030 3
9031 4
9032 4
9033 5
9034 4
9035 1
9036 0
9037 0
9038 0
9039 0
9040 0
9041 0
9042 0
9043 0
9044 0
9045 0
9046 1
9047 2
9048 4
9049 9
9050 5
9051 5
9052 3
9053 2
9054 1
9055 2
9056 1
9057 2
9058 1
9059 1
9060 2
9061 1
9062 2
9063 2
9064 0
9065 0
9066 0
9067 1
9068 0
9069 0
9070 0
9071 0
9072 1
9073 2
9074 1
9075 0
9076 0
9077 0
9078 0
9079 0
9080 0
9081 0
9082 0
9083 0
9084 0
9085 1
9086 2
9087 1
9088 1
9089 3
9090 5
9091 3
9092 1
9093 2
9094 0
9095 1
9096 1
9097 4
9098 7
9099 4
9100 5
9101 3
9102 3
9103 6
9104 5
9105 9
9106 10
9107 8
9108 10
9109 9
9110 10
9111 8
9112 11
9113 15
9114 14
9115 16
9116 17
9117 16
9118 16
9119 9
9120 8
9121 7
9122 7
9123 10
9124 8
9125 7
9126 6
9127 3
9128 1
9129 2
9130 1
9131 2
9132 2
9133 4
9134 4
9135 3
9136 3
9137 5
9138 3
9139 1
9140 2
9141 2
9142 2
9143 1
9144 0
9145 0
9146 0
9147 0
9148 0
9149 0
9150 0
9151 0
9152 0
9153 1
9154 1
9155 0
9156 0
9157 0
9158 0
9159 0
9160 0
9161 0
9162 0
9163 0
9164 0
9165 0
9166 2
9167 0
9168 0
9169 0
9170 0
9171 0
9172 0
9173 0
9174 0
9175 0
9176 0
9177 2
9178 4
9179 2
9180 5
9181 3
9182 7
9183 3
9184 4
9185 8
9186 9
9187 8
9188 7
9189 10
9190 11
9191 13
9192 18
9193 19
9194 18
9195 18
9196 13
9197 20
9198 19
9199 21
9200 26
9201 17
9202 15
9203 10
9204 7
9205 5
9206 8
9207 13
9208 16
9209 15
9210 13
9211 13
9212 16
9213 20
9214 13
9215 8
9216 8
9217 7
9218 10
9219 12
9220 13
9221 16
9222 13
9223 8
9224 13
9225 12
9226 13
9227 10
9228 4
9229 3
9230 3
9231 2
9232 2
9233 1
9234 0
9235 1
9236 1
9237 0
9238 1
9239 1
9240 0
9241 0
9242 0
9243 0
9244 0
9245 2
9246 0
9247 2
9248 2
9249 1
9250 2
9251 2
9252 2
9253 3
9254 5
9255 7
9256 8
9257 11
9258 17
9259 27
9260 31
9261 44
9262 37
9263 33
9264 33
9265 33
9266 38
9267 35
9268 24
9269 26
9270 22
9271 25
9272 25
9273 18
9274 14
9275 15
9276 10
9277 10
9278 10
9279 6
9280 9
9281 14
9282 14
9283 17
9284 17
9285 21
9286 22
9287 16
9288 11
9289 9
9290 6
9291 3
9292 3
9293 3
9294 8
9295 5
9296 2
9297 2
9298 3
9299 3
9300 1
9301 0
9302 1
9303 0
9304 2
9305 4
9306 6
9307 8
9308 10
9309 8
9310 5
9311 2
9312 3
9313 3
9314 5
9315 2
9316 1
9317 0
9318 0
9319 0
9320 0
9321 0
9322 0
9323 1
9324 2
9325 3
9326 2
9327 2
9328 5
9329 5
9330 7
9331 11
9332 15
9333 12
9334 14
9335 19
9336 15
9337 18
9338 21
9339 17
9340 19
9341 19
9342 15
9343 18
9344 15
9345 14
9346 13
9347 14
9348 17
9349 28
9350 31
9351 34
9352 29
9353 32
9354 39
9355 41
9356 37
9357 36
9358 36
9359 28
9360 25
9361 27
9362 22
9363 11
9364 11
9365 13
9366 17
9367 14
9368 16
9369 11
9370 12
9371 16
9372 15
9373 15
9374 19
9375 16
9376 12
9377 16
9378 13
9379 17
9380 20
9381 23
9382 16
9383 18
9384 16
9385 16
9386 13
9387 13
9388 17
9389 18
9390 24
9391 28
9392 34
9393 33
9394 30
9395 33
9396 24
9397 30
9398 28
9399 31
9400 36
9401 41
9402 33
9403 29
9404 31
9405 34
9406 29
9407 40
9408 37
9409 39
9410 40
9411 40
9412 34
9413 34
9414 21
9415 22
9416 20
9417 26
9418 23
9419 21
9420 13
9421 15
9422 12
9423 12
9424 6
9425 5
9426 3
9427 6
9428 7
9429 6
9430 4
9431 1
9432 1
9433 3
9434 4
9435 5
9436 10
9437 9
9438 10
9439 13
9440 23
9441 28
9442 31
9443 35
9444 36
9445 40
9446 44
9447 39
9448 44
9449 43
9450 41
9451 38
9452 45
9453 47
9454 46
9455 60
9456 78
9457 91
9458 88
9459 82
9460 76
9461 76
9462 81
9463 63
9464 59
9465 62
9466 51
9467 50
9468 52
9469 69
9470 90
9471 105
9472 112
9473 101
9474 104
9475 116
9476 104
9477 114
9478 120
9479 115
9480 114
9481 113
9482 118
9483 127
9484 122
9485 143
9486 155
9487 151
9488 143
9489 145
9490 145
9491 157
9492 162
9493 166
9494 153
9495 173
9496 187
9497 190
9498 185
9499 179
9500 163
9501 175
9502 185
9503 174
9504 179
9505 189
9506 188
9507 203
9508 197
9509 179
9510 183
9511 199
9512 216
9513 205
9514 209
9515 222
9516 229
9517 226
9518 212
9519 194
9520 187
9521 185
9522 173
9523 166
9524 172
9525 191
9526 174
9527 137
9528 147
9529 128
9530 135
9531 149
9532 168
9533 179
9534 176
9535 185
9536 210
9537 215
9538 196
9539 189
9540 164
9541 184
9542 195
9543 195
9544 193
9545 179
9546 182
9547 181
9548 186
9549 189
9550 157
9551 160
9552 151
9553 147
9554 162
9555 155
9556 185
9557 181
9558 166
9559 170
9560 183
9561 197
9562 204
9563 196
9564 194
9565 213
9566 216
9567 227
9568 222
9569 194
9570 201
9571 201
9572 181
9573 161
9574 165
9575 163
9576 157
9577 137
9578 144
9579 184
9580 195
9581 205
9582 214
9583 217
9584 210
9585 199
9586 186
9587 187
9588 190
9589 199
9590 185
9591 205
9592 188
9593 190
9594 195
9595 229
9596 215
9597 251
9598 256
9599 274
9600 263
9601 262
9602 245
9603 250
9604 247
9605 276
9606 278
9607 279
9608 246
9609 232
9610 234
9611 223
9612 196
9613 189
9614 193
9615 203
9616 209
9617 188
9618 197
9619 209
9620 214
9621 205
9622 215
9623 226
9624 224
9625 245
9626 238
9627 253
9628 261
9629 249
9630 227
9631 222
9632 224
9633 225
9634 211
9635 226
9636 206
9637 214
9638 222
9639 227
9640 224
9641 213
9642 234
9643 253
9644 226
9645 212
9646 204
9647 214
9648 197
9649 179
9650 168
9651 169
9652 180
9653 187
9654 162
9655 176
9656 158
9657 150
9658 145
9659 155
9660 161
9661 155
9662 170
9663 161
9664 162
9665 164
9666 181
9667 178
9668 178
9669 170
9670 192
9671 166
9672 184
9673 162
9674 147
9675 159
9676 168
9677 177
9678 191
9679 202
9680 201
9681 189
9682 188
9683 195
9684 197
9685 175
9686 168
9687 154
9688 156
9689 152
9690 138
9691 149
9692 128
9693 125
9694 138
9695 125
9696 113
9697 122
9698 97
9699 106
9700 121
9701 135
9702 137
9703 126
9704 147
9705 129
9706 124
9707 140
9708 137
9709 126
9710 111
9711 106
9712 115
9713 103
9714 109
9715 111
9716 105
9717 98
9718 78
9719 80
9720 81
9721 67
9722 50
9723 57
9724 65
9725 62
9726 41
9727 40
9728 37
9729 29
9730 25
9731 23
9732 24
9733 17
9734 17
9735 16
9736 18
9737 19
9738 17
9739 27
9740 15
9741 10
9742 10
9743 8
9744 6
9745 5
9746 5
9747 3
9748 9
9749 6
9750 8
9751 9
9752 12
9753 8
9754 7
9755 4
9756 1
9757 0
9758 0
9759 1
9760 1
9761 1
9762 0
9763 0
9764 0
9765 1
9766 1
9767 2
9768 4
9769 2
9770 2
9771 4
9772 4
9773 4
9774 1
9775 1
9776 3
9777 4
9778 6
9779 7
9780 9
9781 8
9782 7
9783 7
9784 5
9785 5
9786 10
9787 8
9788 14
9789 9
9790 13
9791 20
9792 20
9793 33
9794 34
9795 29
9796 29
9797 32
9798 34
9799 35
9800 32
9801 24
9802 17
9803 15
9804 13
9805 16
9806 9
9807 10
9808 12
9809 11
9810 14
9811 15
9812 15
9813 14
9814 17
9815 16
9816 14
9817 17
9818 19
9819 26
9820 26
9821 32
9822 35
9823 35
9824 31
9825 32
9826 36
9827 41
9828 44
9829 44
9830 44
9831 35
9832 30
9833 26
9834 24
9835 19
9836 20
9837 31
9838 25
9839 24
9840 21
9841 30
9842 35
9843 37
9844 34
9845 31
9846 33
9847 28
9848 37
9849 42
9850 40
9851 44
9852 44
9853 44
9854 54
9855 47
9856 44
9857 51
9858 47
9859 48
9860 55
9861 46
9862 58
9863 62
9864 61
9865 55
9866 62
9867 55
9868 54
9869 53
9870 55
9871 56
9872 53
9873 64
9874 66
9875 59
9876 55
9877 59
9878 49
9879 48
9880 49
9881 58
9882 56
9883 53
9884 54
9885 49
9886 49
9887 52
9888 61
9889 50
9890 50
9891 50
9892 50
9893 51
9894 63
9895 62
9896 71
9897 70
9898 84
9899 72
9900 70
9901 60
9902 59
9903 61
9904 65
9905 83
9906 98
9907 115
9908 125
9909 107
9910 108
9911 107
9912 102
9913 96
9914 97
9915 106
9916 103
9917 107
9918 110
9919 105
9920 110
9921 103
9922 90
9923 73
9924 74
9925 63
9926 62
9927 52
9928 70
9929 60
9930 57
9931 60
9932 66
9933 73
9934 63
9935 61
9936 61
9937 63
9938 63
9939 50
9940 41
9941 41
9942 40
9943 46
9944 41
9945 45
9946 51
9947 56
9948 52
9949 46
9950 39
9951 24
9952 30
9953 25
9954 25
9955 16
9956 21
9957 16
9958 17
9959 14
9960 14
9961 15
9962 19
9963 20
9964 19
9965 20
9966 24
9967 28
9968 45
9969 42
9970 37
9971 31
9972 27
9973 27
9974 36
9975 35
9976 27
9977 22
9978 26
9979 28
9980 26
9981 32
9982 28
9983 27
9984 27
9985 24
9986 16
9987 21
9988 23
9989 16
9990 14
9991 10
9992 14
9993 17
9994 19
9995 19
9996 19
9997 13
9998 12
9999 12
10000 17
