1 0
2 0
3 0
4 0
5 0
6 0
7 0
8 0
9 0
10 0
11 1
12 1
13 3
14 4
15 2
16 2
17 3
18 4
19 1
20 0
21 0
22 0
23 0
24 0
25 0
26 1
27 4
28 3
29 3
30 3
31 3
32 6
33 12
34 11
35 14
36 13
37 12
38 13
39 13
40 10
41 15
42 20
43 17
44 23
45 22
46 21
47 22
48 27
49 18
50 27
51 22
52 26
53 21
54 15
55 18
56 17
57 19
58 14
59 11
60 12
61 17
62 18
63 15
64 14
65 11
66 8
67 4
68 1
69 2
70 1
71 1
72 1
73 0
74 0
75 0
76 0
77 0
78 0
79 0
80 0
81 1
82 1
83 2
84 2
85 0
86 0
87 0
88 0
89 0
90 0
91 0
92 0
93 0
94 0
95 0
96 0
97 0
98 0
99 0
100 0
101 0
102 0
103 1
104 3
105 2
106 1
107 0
108 0
109 0
110 0
111 0
112 0
113 0
114 0
115 0
116 0
117 0
118 0
119 1
120 1
121 1
122 0
123 0
124 1
125 2
126 1
127 0
128 0
129 0
130 0
131 1
132 2
133 3
134 1
135 0
136 0
137 0
138 0
139 0
140 0
141 0
142 1
143 1
144 2
145 2
146 4
147 7
148 4
149 3
150 6
151 5
152 3
153 1
154 0
155 0
156 0
157 0
158 1
159 0
160 0
161 0
162 0
163 1
164 0
165 0
166 0
167 0
168 0
169 1
170 2
171 2
172 1
173 4
174 4
175 6
176 2
177 2
178 0
179 0
180 0
181 0
182 0
183 1
184 2
185 1
186 3
187 5
188 5
189 7
190 5
191 4
192 4
193 2
194 0
195 0
196 0
197 0
198 1
199 2
200 0
201 0
202 0
203 0
204 0
205 0
206 0
207 0
208 0
209 0
210 1
211 3
212 5
213 2
214 2
215 2
216 3
217 1
218 3
219 1
220 0
221 0
222 0
223 0
224 0
225 0
226 0
227 0
228 0
229 2
230 4
231 3
232 4
233 2
234 1
235 0
236 0
237 0
238 0
239 1
240 3
241 6
242 8
243 13
244 15
245 14
246 8
247 9
248 9
249 7
250 8
251 10
252 12
253 15
254 9
255 9
256 11
257 10
258 7
259 7
260 7
261 10
262 10
263 2
264 0
265 1
266 0
267 0
268 0
269 0
270 0
271 0
272 0
273 0
274 0
275 0
276 1
277 1
278 0
279 0
280 1
281 1
282 1
283 2
284 0
285 1
286 2
287 5
288 7
289 9
290 9
291 7
292 8
293 4
294 5
295 6
296 5
297 4
298 6
299 10
300 14
301 18
302 20
303 23
304 29
305 21
306 29
307 29
308 21
309 22
310 19
311 21
312 23
313 24
314 24
315 23
316 17
317 12
318 12
319 12
320 6
321 8
322 5
323 3
324 4
325 4
326 6
327 7
328 9
329 13
330 12
331 11
332 10
333 11
334 11
335 6
336 5
337 6
338 7
339 6
340 3
341 3
342 3
343 4
344 6
345 5
346 2
347 1
348 1
349 0
350 0
351 0
352 0
353 0
354 0
355 0
356 0
357 1
358 0
359 1
360 3
361 4
362 8
363 4
364 1
365 2
366 0
367 0
368 0
369 1
370 3
371 0
372 0
373 0
374 0
375 0
376 0
377 0
378 0
379 0
380 0
381 1
382 2
383 3
384 4
385 5
386 7
387 7
388 14
389 17
390 14
391 18
392 22
393 19
394 28
395 27
396 30
397 34
398 39
399 42
400 55
401 68
402 75
403 66
404 73
405 84
406 84
407 79
408 75
409 80
410 87
411 97
412 94
413 96
414 79
415 86
416 96
417 90
418 80
419 88
420 95
421 100
422 107
423 110
424 103
425 110
426 106
427 104
428 96
429 97
430 99
431 105
432 98
433 95
434 80
435 83
436 94
437 88
438 81
439 89
440 91
441 89
442 97
443 114
444 104
445 95
446 96
447 105
448 106
449 114
450 109
451 116
452 101
453 88
454 83
455 83
456 74
457 76
458 75
459 69
460 61
461 81
462 87
463 86
464 91
465 93
466 94
467 99
468 88
469 93
470 88
471 85
472 67
473 69
474 80
475 84
476 81
477 81
478 74
479 75
480 74
481 61
482 69
483 70
484 58
485 47
486 49
487 57
488 46
489 59
490 55
491 51
492 58
493 46
494 51
495 51
496 47
497 53
498 53
499 48
500 44
501 52
502 54
503 52
504 59
505 53
506 59
507 54
508 50
509 52
510 53
511 59
512 57
513 66
514 51
515 61
516 61
517 57
518 52
519 60
520 61
521 64
522 57
523 60
524 51
525 58
526 51
527 48
528 46
529 54
530 51
531 54
532 30
533 38
534 29
535 23
536 26
537 19
538 23
539 25
540 33
541 31
542 33
543 36
544 46
545 46
546 37
547 40
548 50
549 55
550 59
551 62
552 62
553 64
554 67
555 75
556 66
557 84
558 89
559 92
560 102
561 107
562 102
563 96
564 90
565 97
566 93
567 79
568 64
569 83
570 66
571 70
572 68
573 58
574 61
575 56
576 56
577 55
578 46
579 50
580 47
581 52
582 55
583 63
584 71
585 71
586 69
587 74
588 48
589 35
590 29
591 35
592 22
593 18
594 17
595 18
596 16
597 19
598 20
599 11
600 12
601 16
602 17
603 19
604 20
605 21
606 18
607 23
608 26
609 34
610 36
611 28
612 30
613 38
614 39
615 45
616 39
617 39
618 42
619 64
620 74
621 88
622 93
623 92
624 96
625 96
626 76
627 77
628 59
629 58
630 62
631 60
632 56
633 39
634 43
635 41
636 29
637 30
638 26
639 26
640 27
641 32
642 30
643 29
644 34
645 36
646 36
647 30
648 36
649 33
650 29
651 26
652 18
653 20
654 27
655 28
656 29
657 25
658 25
659 22
660 26
661 24
662 20
663 18
664 23
665 26
666 36
667 40
668 47
669 50
670 45
671 49
672 48
673 37
674 39
675 44
676 31
677 33
678 26
679 28
680 32
681 20
682 26
683 29
684 28
685 24
686 23
687 16
688 17
689 18
690 20
691 29
692 24
693 19
694 28
695 35
696 41
697 26
698 21
699 29
700 17
701 18
702 19
703 18
704 15
705 13
706 12
707 8
708 5
709 5
710 8
711 12
712 8
713 4
714 1
715 1
716 0
717 0
718 1
719 1
720 1
721 0
722 0
723 0
724 0
725 0
726 0
727 0
728 0
729 2
730 4
731 6
732 4
733 4
734 10
735 15
736 17
737 19
738 18
739 23
740 22
741 15
742 12
743 12
744 9
745 15
746 17
747 19
748 15
749 13
750 16
751 16
752 19
753 24
754 28
755 31
756 30
757 32
758 39
759 38
760 45
761 44
762 41
763 38
764 40
765 38
766 35
767 35
768 47
769 50
770 46
771 39
772 39
773 53
774 46
775 48
776 47
777 36
778 33
779 48
780 49
781 39
782 37
783 38
784 40
785 35
786 38
787 41
788 42
789 35
790 33
791 35
792 26
793 33
794 23
795 16
796 18
797 24
798 19
799 28
800 27
801 26
802 32
803 29
804 29
805 37
806 38
807 44
808 50
809 37
810 31
811 36
812 36
813 32
814 37
815 26
816 23
817 21
818 24
819 41
820 43
821 47
822 42
823 49
824 35
825 39
826 39
827 25
828 27
829 29
830 35
831 41
832 35
833 34
834 24
835 25
836 23
837 27
838 20
839 31
840 38
841 34
842 36
843 30
844 26
845 31
846 30
847 38
848 44
849 62
850 63
851 71
852 83
853 69
854 71
855 69
856 61
857 67
858 55
859 45
860 41
861 47
862 39
863 28
864 38
865 33
866 34
867 34
868 29
869 24
870 18
871 11
872 7
873 7
874 5
875 7
876 5
877 4
878 9
879 13
880 21
881 20
882 23
883 23
884 19
885 20
886 25
887 30
888 27
889 25
890 26
891 31
892 26
893 20
894 21
895 30
896 30
897 39
898 41
899 39
900 35
901 37
902 35
903 38
904 33
905 33
906 29
907 43
908 49
909 46
910 51
911 59
912 48
913 45
914 53
915 52
916 58
917 69
918 63
919 46
920 37
921 53
922 54
923 57
924 59
925 59
926 73
927 64
928 76
929 78
930 83
931 73
932 71
933 68
934 70
935 54
936 57
937 44
938 38
939 40
940 36
941 28
942 38
943 40
944 39
945 36
946 37
947 37
948 53
949 43
950 39
951 49
952 56
953 49
954 41
955 34
956 40
957 42
958 41
959 41
960 45
961 48
962 58
963 57
964 65
965 66
966 56
967 52
968 34
969 43
970 48
971 46
972 58
973 47
974 45
975 40
976 43
977 37
978 34
979 27
980 29
981 29
982 18
983 18
984 19
985 18
986 17
987 13
988 15
989 21
990 23
991 18
992 10
993 9
994 8
995 15
996 23
997 28
998 24
999 18
1000 23
1001 22
1002 23
1003 26
1004 26
1005 25
1006 31
1007 32
1008 44
1009 50
1010 49
1011 46
1012 51
1013 66
1014 67
1015 70
1016 68
1017 64
1018 47
1019 51
1020 50
1021 57
1022 58
1023 44
1024 45
1025 48
1026 44
1027 41
1028 33
1029 28
1030 29
1031 31
1032 31
1033 25
1034 22
1035 24
1036 27
1037 23
1038 33
1039 36
1040 38
1041 36
1042 31
1043 20
1044 21
1045 16
1046 12
1047 16
1048 28
1049 29
1050 27
1051 37
1052 30
1053 18
1054 15
1055 20
1056 15
1057 12
1058 12
1059 3
1060 3
1061 3
1062 8
1063 8
1064 6
1065 11
1066 9
1067 8
1068 9
1069 5
1070 8
1071 7
1072 9
1073 5
1074 8
1075 7
1076 6
1077 7
1078 6
1079 3
1080 3
1081 5
1082 6
1083 8
1084 6
1085 7
1086 7
1087 7
1088 4
1089 1
1090 0
1091 0
1092 1
1093 1
1094 0
1095 0
1096 0
1097 0
1098 0
1099 0
1100 0
1101 0
1102 0
1103 0
1104 0
1105 0
1106 0
1107 0
1108 0
1109 0
1110 0
1111 0
1112 1
1113 0
1114 0
1115 0
1116 0
1117 0
1118 0
1119 1
1120 0
1121 0
1122 0
1123 0
1124 0
1125 0
1126 0
1127 0
1128 0
1129 1
1130 3
1131 3
1132 3
1133 3
1134 1
1135 2
1136 1
1137 4
1138 5
1139 4
1140 4
1141 10
1142 15
1143 16
1144 19
1145 23
1146 15
1147 11
1148 11
1149 12
1150 18
1151 17
1152 17
1153 19
1154 21
1155 17
1156 20
1157 22
1158 17
1159 12
1160 13
1161 10
1162 10
1163 16
1164 11
1165 14
1166 14
1167 12
1168 15
1169 11
1170 12
1171 11
1172 10
1173 12
1174 18
1175 20
1176 18
1177 21
1178 27
1179 18
1180 15
1181 15
1182 15
1183 18
1184 21
1185 7
1186 6
1187 4
1188 9
1189 13
1190 14
1191 12
1192 12
1193 12
1194 12
1195 14
1196 10
1197 9
1198 5
1199 11
1200 10
1201 9
1202 4
1203 4
1204 3
1205 1
1206 1
1207 0
1208 0
1209 0
1210 0
1211 0
1212 1
1213 2
1214 4
1215 5
1216 2
1217 2
1218 3
1219 4
1220 4
1221 5
1222 2
1223 1
1224 1
1225 2
1226 1
1227 1
1228 0
1229 0
1230 0
1231 2
1232 4
1233 8
1234 13
1235 14
1236 16
1237 25
1238 25
1239 22
1240 28
1241 28
1242 22
1243 28
1244 33
1245 37
1246 32
1247 38
1248 51
1249 59
1250 67
1251 54
1252 50
1253 42
1254 36
1255 34
1256 43
1257 39
1258 38
1259 33
1260 27
1261 26
1262 24
1263 27
1264 22
1265 13
1266 6
1267 6
1268 10
1269 9
1270 9
1271 9
1272 7
1273 13
1274 9
1275 7
1276 8
1277 10
1278 5
1279 5
1280 5
1281 6
1282 9
1283 12
1284 10
1285 8
1286 9
1287 7
1288 6
1289 3
1290 3
1291 5
1292 6
1293 4
1294 3
1295 4
1296 6
1297 9
1298 6
1299 6
1300 7
1301 10
1302 12
1303 14
1304 14
1305 7
1306 7
1307 4
1308 6
1309 8
1310 10
1311 12
1312 13
1313 8
1314 7
1315 12
1316 6
1317 8
1318 9
1319 9
1320 11
1321 10
1322 11
1323 8
1324 17
1325 19
1326 23
1327 24
1328 30
1329 30
1330 33
1331 31
1332 31
1333 18
1334 24
1335 22
1336 16
1337 19
1338 23
1339 17
1340 20
1341 17
1342 16
1343 10
1344 9
1345 6
1346 4
1347 1
1348 2
1349 3
1350 3
1351 4
1352 7
1353 9
1354 10
1355 12
1356 9
1357 15
1358 19
1359 12
1360 20
1361 21
1362 14
1363 8
1364 10
1365 13
1366 13
1367 11
1368 7
1369 4
1370 1
1371 2
1372 2
1373 2
1374 4
1375 2
1376 0
1377 1
1378 2
1379 0
1380 0
1381 0
1382 1
1383 0
1384 1
1385 2
1386 2
1387 3
1388 3
1389 1
1390 1
1391 1
1392 1
1393 1
1394 2
1395 4
1396 3
1397 4
1398 7
1399 8
1400 7
1401 8
1402 4
1403 6
1404 7
1405 8
1406 10
1407 13
1408 14
1409 14
1410 16
1411 19
1412 13
1413 9
1414 6
1415 4
1416 5
1417 8
1418 9
1419 7
1420 10
1421 11
1422 10
1423 7
1424 5
1425 7
1426 7
1427 6
1428 2
1429 4
1430 1
1431 3
1432 1
1433 0
1434 0
1435 0
1436 1
1437 1
1438 0
1439 0
1440 0
1441 0
1442 0
1443 0
1444 0
1445 2
1446 3
1447 1
1448 1
1449 0
1450 0
1451 0
1452 0
1453 0
1454 0
1455 0
1456 1
1457 0
1458 0
1459 1
1460 0
1461 0
1462 0
1463 0
1464 0
1465 0
1466 0
1467 0
1468 0
1469 1
1470 0
1471 1
1472 0
1473 0
1474 0
1475 0
1476 0
1477 0
1478 1
1479 1
1480 0
1481 1
1482 0
1483 0
1484 0
1485 0
1486 0
1487 0
1488 0
1489 1
1490 2
1491 1
1492 0
1493 1
1494 2
1495 3
1496 4
1497 3
1498 2
1499 1
1500 2
1501 1
1502 1
1503 1
1504 1
1505 0
1506 0
1507 0
1508 0
1509 0
1510 0
1511 0
1512 0
1513 0
1514 0
1515 0
1516 0
1517 0
1518 0
1519 0
1520 0
1521 0
1522 0
1523 1
1524 0
1525 0
1526 1
1527 1
1528 0
1529 0
1530 0
1531 0
1532 0
1533 0
1534 0
1535 0
1536 0
1537 0
1538 0
1539 1
1540 0
1541 0
1542 0
1543 0
1544 0
1545 0
1546 0
1547 0
1548 1
1549 0
1550 0
1551 0
1552 0
1553 0
1554 0
1555 0
1556 1
1557 0
1558 0
1559 1
1560 0
1561 0
1562 0
1563 0
1564 1
1565 1
1566 1
1567 1
1568 2
1569 2
1570 3
1571 3
1572 1
1573 3
1574 7
1575 9
1576 10
1577 9
1578 7
1579 6
1580 6
1581 6
1582 5
1583 2
1584 2
1585 1
1586 0
1587 0
1588 0
1589 0
1590 0
1591 0
1592 0
1593 0
1594 0
1595 0
1596 0
1597 1
1598 2
1599 2
1600 4
1601 5
1602 6
1603 4
1604 6
1605 10
1606 13
1607 22
1608 20
1609 17
1610 18
1611 23
1612 31
1613 34
1614 39
1615 40
1616 37
1617 38
1618 35
1619 37
1620 31
1621 42
1622 35
1623 36
1624 30
1625 27
1626 22
1627 16
1628 17
1629 21
1630 20
1631 22
1632 19
1633 16
1634 14
1635 15
1636 11
1637 14
1638 19
1639 19
1640 29
1641 20
1642 15
1643 16
1644 20
1645 28
1646 33
1647 33
1648 28
1649 28
1650 21
1651 23
1652 23
1653 24
1654 25
1655 21
1656 21
1657 21
1658 26
1659 25
1660 25
1661 24
1662 23
1663 18
1664 16
1665 16
1666 21
1667 15
1668 12
1669 12
1670 17
1671 13
1672 17
1673 19
1674 20
1675 21
1676 17
1677 21
1678 25
1679 26
1680 23
1681 24
1682 21
1683 20
1684 25
1685 25
1686 29
1687 37
1688 33
1689 33
1690 22
1691 22
1692 23
1693 15
1694 15
1695 14
1696 17
1697 14
1698 12
1699 14
1700 8
1701 8
1702 4
1703 3
1704 4
1705 3
1706 5
1707 7
1708 10
1709 11
1710 8
1711 9
1712 8
1713 6
1714 6
1715 9
1716 10
1717 13
1718 16
1719 22
1720 22
1721 32
1722 36
1723 27
1724 25
1725 25
1726 24
1727 37
1728 36
1729 27
1730 24
1731 26
1732 33
1733 38
1734 33
1735 40
1736 32
1737 34
1738 27
1739 31
1740 29
1741 33
1742 43
1743 39
1744 51
1745 47
1746 49
1747 50
1748 65
1749 47
1750 51
1751 45
1752 43
1753 46
1754 52
1755 55
1756 71
1757 68
1758 80
1759 69
1760 58
1761 54
1762 63
1763 60
1764 67
1765 61
1766 72
1767 66
1768 73
1769 78
1770 67
1771 72
1772 63
1773 62
1774 59
1775 49
1776 62
1777 58
1778 79
1779 81
1780 74
1781 62
1782 61
1783 55
1784 57
1785 57
1786 49
1787 47
1788 54
1789 62
1790 61
1791 57
1792 65
1793 56
1794 59
1795 77
1796 69
1797 66
1798 65
1799 65
1800 65
1801 74
1802 66
1803 69
1804 70
1805 66
1806 60
1807 60
1808 65
1809 65
1810 76
1811 81
1812 95
1813 88
1814 93
1815 101
1816 88
1817 83
1818 89
1819 93
1820 83
1821 82
1822 83
1823 90
1824 66
1825 69
1826 80
1827 84
1828 110
1829 100
1830 98
1831 99
1832 87
1833 84
1834 106
1835 83
1836 69
1837 82
1838 88
1839 87
1840 79
1841 81
1842 79
1843 91
1844 86
1845 87
1846 85
1847 82
1848 75
1849 71
1850 72
1851 72
1852 79
1853 98
1854 95
1855 91
1856 87
1857 86
1858 90
1859 91
1860 91
1861 103
1862 87
1863 83
1864 93
1865 89
1866 77
1867 78
1868 87
1869 78
1870 61
1871 58
1872 60
1873 52
1874 54
1875 49
1876 44
1877 41
1878 58
1879 51
1880 51
1881 60
1882 69
1883 76
1884 72
1885 82
1886 95
1887 103
1888 94
1889 89
1890 76
1891 62
1892 57
1893 67
1894 72
1895 70
1896 69
1897 68
1898 74
1899 67
1900 63
1901 64
1902 69
1903 60
1904 53
1905 60
1906 66
1907 68
1908 66
1909 63
1910 56
1911 65
1912 74
1913 82
1914 93
1915 91
1916 96
1917 107
1918 115
1919 110
1920 102
1921 115
1922 124
1923 109
1924 111
1925 100
1926 89
1927 92
1928 102
1929 106
1930 96
1931 92
1932 77
1933 78
1934 77
1935 89
1936 80
1937 77
1938 78
1939 83
1940 89
1941 85
1942 94
1943 73
1944 79
1945 95
1946 89
1947 85
1948 101
1949 115
1950 106
1951 100
1952 101
1953 111
1954 101
1955 120
1956 135
1957 150
1958 137
1959 138
1960 124
1961 125
1962 123
1963 122
1964 129
1965 116
1966 106
1967 93
1968 87
1969 97
1970 82
1971 82
1972 86
1973 81
1974 83
1975 100
1976 87
1977 86
1978 92
1979 66
1980 75
1981 75
1982 75
1983 74
1984 76
1985 78
1986 76
1987 77
1988 88
1989 90
1990 93
1991 101
1992 115
1993 111
1994 103
1995 86
1996 85
1997 100
1998 103
1999 103
2000 95
2001 91
2002 87
2003 93
2004 82
2005 78
2006 85
2007 92
2008 82
2009 73
2010 87
2011 91
2012 72
2013 53
2014 53
2015 55
2016 48
2017 46
2018 50
2019 49
2020 47
2021 56
2022 42
2023 33
2024 37
2025 32
2026 29
2027 28
2028 17
2029 24
2030 19
2031 11
2032 7
2033 11
2034 9
2035 10
2036 9
2037 8
2038 7
2039 7
2040 9
2041 11
2042 9
2043 11
2044 10
2045 15
2046 13
2047 8
2048 4
2049 8
2050 5
2051 2
2052 1
2053 1
2054 2
2055 3
2056 3
2057 0
2058 0
2059 0
2060 0
2061 1
2062 0
2063 0
2064 0
2065 0
2066 0
2067 0
2068 1
2069 3
2070 1
2071 1
2072 3
2073 4
2074 4
2075 4
2076 2
2077 2
2078 1
2079 1
2080 0
2081 1
2082 0
2083 0
2084 1
2085 0
2086 1
2087 2
2088 2
2089 2
2090 3
2091 0
2092 0
2093 0
2094 0
2095 0
2096 1
2097 1
2098 0
2099 1
2100 3
2101 2
2102 1
2103 0
2104 0
2105 0
2106 1
2107 0
2108 0
2109 0
2110 0
2111 0
2112 1
2113 4
2114 6
2115 4
2116 5
2117 5
2118 8
2119 8
2120 9
2121 5
2122 2
2123 2
2124 0
2125 1
2126 3
2127 7
2128 5
2129 3
2130 5
2131 8
2132 13
2133 16
2134 12
2135 9
2136 15
2137 16
2138 13
2139 13
2140 15
2141 20
2142 19
2143 16
2144 14
2145 12
2146 13
2147 17
2148 11
2149 14
2150 11
2151 10
2152 11
2153 14
2154 13
2155 12
2156 16
2157 16
2158 19
2159 21
2160 17
2161 19
2162 11
2163 10
2164 2
2165 2
2166 3
2167 2
2168 2
2169 1
2170 4
2171 7
2172 10
2173 16
2174 16
2175 22
2176 17
2177 23
2178 23
2179 25
2180 21
2181 18
2182 15
2183 18
2184 15
2185 12
2186 13
2187 12
2188 13
2189 12
2190 10
2191 12
2192 17
2193 17
2194 13
2195 9
2196 13
2197 12
2198 10
2199 12
2200 7
2201 12
2202 14
2203 13
2204 17
2205 17
2206 19
2207 22
2208 24
2209 27
2210 23
2211 18
2212 27
2213 29
2214 31
2215 28
2216 31
2217 26
2218 42
2219 48
2220 49
2221 55
2222 63
2223 57
2224 64
2225 62
2226 65
2227 58
2228 55
2229 52
2230 54
2231 50
2232 52
2233 52
2234 43
2235 40
2236 46
2237 37
2238 32
2239 28
2240 28
2241 29
2242 37
2243 41
2244 44
2245 46
2246 55
2247 58
2248 62
2249 61
2250 68
2251 66
2252 64
2253 68
2254 71
2255 75
2256 65
2257 58
2258 68
2259 67
2260 59
2261 58
2262 55
2263 50
2264 42
2265 44
2266 43
2267 49
2268 41
2269 33
2270 29
2271 33
2272 25
2273 28
2274 28
2275 24
2276 31
2277 27
2278 18
2279 20
2280 25
2281 17
2282 28
2283 37
2284 36
2285 32
2286 24
2287 17
2288 21
2289 31
2290 46
2291 52
2292 59
2293 56
2294 51
2295 52
2296 54
2297 50
2298 52
2299 66
2300 66
2301 62
2302 57
2303 60
2304 62
2305 62
2306 50
2307 42
2308 42
2309 37
2310 39
2311 26
2312 23
2313 20
2314 21
2315 22
2316 26
2317 22
2318 25
2319 27
2320 23
2321 22
2322 24
2323 26
2324 26
2325 29
2326 31
2327 33
2328 41
2329 42
2330 39
2331 41
2332 48
2333 38
2334 28
2335 14
2336 15
2337 17
2338 20
2339 19
2340 26
2341 30
2342 28
2343 29
2344 31
2345 33
2346 36
2347 35
2348 33
2349 28
2350 34
2351 29
2352 33
2353 35
2354 39
2355 31
2356 36
2357 48
2358 61
2359 56
2360 55
2361 60
2362 64
2363 64
2364 72
2365 52
2366 52
2367 61
2368 64
2369 69
2370 73
2371 63
2372 67
2373 58
2374 66
2375 50
2376 43
2377 44
2378 54
2379 62
2380 50
2381 47
2382 40
2383 37
2384 28
2385 23
2386 32
2387 47
2388 56
2389 65
2390 70
2391 82
2392 74
2393 60
2394 59
2395 66
2396 65
2397 73
2398 63
2399 61
2400 64
2401 58
2402 63
2403 51
2404 55
2405 54
2406 54
2407 56
2408 68
2409 83
2410 76
2411 65
2412 75
2413 65
2414 73
2415 81
2416 66
2417 87
2418 85
2419 80
2420 79
2421 76
2422 89
2423 76
2424 88
2425 91
2426 92
2427 88
2428 73
2429 71
2430 65
2431 63
2432 52
2433 48
2434 47
2435 37
2436 41
2437 50
2438 52
2439 43
2440 36
2441 26
2442 31
2443 27
2444 23
2445 21
2446 23
2447 22
2448 21
2449 25
2450 25
2451 38
2452 49
2453 48
2454 42
2455 50
2456 57
2457 63
2458 64
2459 54
2460 70
2461 88
2462 72
2463 73
2464 74
2465 84
2466 88
2467 84
2468 86
2469 91
2470 109
2471 124
2472 123
2473 140
2474 139
2475 158
2476 152
2477 148
2478 152
2479 156
2480 146
2481 142
2482 142
2483 138
2484 124
2485 116
2486 108
2487 121
2488 117
2489 110
2490 124
2491 105
2492 102
2493 103
2494 96
2495 106
2496 118
2497 110
2498 99
2499 95
2500 96
2501 110
2502 123
2503 116
2504 122
2505 111
2506 111
2507 115
2508 120
2509 127
2510 140
2511 142
2512 144
2513 136
2514 144
2515 154
2516 133
2517 118
2518 116
2519 101
2520 103
2521 113
2522 109
2523 129
2524 126
2525 129
2526 118
2527 135
2528 137
2529 129
2530 134
2531 152
2532 163
2533 157
2534 162
2535 163
2536 161
2537 170
2538 157
2539 170
2540 159
2541 164
2542 141
2543 136
2544 127
2545 116
2546 106
2547 123
2548 133
2549 128
2550 127
2551 140
2552 149
2553 155
2554 166
2555 166
2556 196
2557 209
2558 238
2559 236
2560 255
2561 226
2562 254
2563 244
2564 243
2565 241
2566 255
2567 247
2568 218
2569 199
2570 181
2571 184
2572 184
2573 200
2574 195
2575 193
2576 195
2577 207
2578 197
2579 208
2580 226
2581 211
2582 220
2583 225
2584 209
2585 195
2586 175
2587 165
2588 157
2589 153
2590 129
2591 131
2592 139
2593 165
2594 159
2595 160
2596 155
2597 168
2598 167
2599 163
2600 153
2601 131
2602 164
2603 152
2604 138
2605 144
2606 154
2607 150
2608 160
2609 137
2610 147
2611 156
2612 142
2613 139
2614 138
2615 130
2616 123
2617 134
2618 130
2619 120
2620 132
2621 145
2622 137
2623 129
2624 117
2625 124
2626 127
2627 136
2628 140
2629 120
2630 116
2631 132
2632 123
2633 117
2634 119
2635 137
2636 150
2637 147
2638 156
2639 170
2640 191
2641 206
2642 210
2643 199
2644 199
2645 191
2646 181
2647 183
2648 164
2649 173
2650 177
2651 199
2652 182
2653 199
2654 195
2655 183
2656 173
2657 155
2658 161
2659 166
2660 194
2661 187
2662 211
2663 191
2664 181
2665 182
2666 168
2667 147
2668 148
2669 161
2670 161
2671 181
2672 195
2673 204
2674 195
2675 219
2676 214
2677 206
2678 200
2679 192
2680 187
2681 196
2682 204
2683 195
2684 220
2685 202
2686 183
2687 178
2688 189
2689 186
2690 184
2691 185
2692 199
2693 228
2694 243
2695 230
2696 228
2697 221
2698 218
2699 199
2700 183
2701 178
2702 179
2703 194
2704 187
2705 196
2706 180
2707 193
2708 216
2709 237
2710 224
2711 235
2712 259
2713 245
2714 232
2715 222
2716 243
2717 261
2718 254
2719 228
2720 221
2721 212
2722 208
2723 221
2724 211
2725 219
2726 227
2727 265
2728 264
2729 275
2730 277
2731 275
2732 251
2733 233
2734 270
2735 262
2736 252
2737 266
2738 272
2739 262
2740 244
2741 292
2742 312
2743 301
2744 270
2745 270
2746 284
2747 326
2748 323
2749 345
2750 339
2751 360
2752 331
2753 325
2754 305
2755 332
2756 370
2757 383
2758 346
2759 347
2760 377
2761 393
2762 381
2763 354
2764 349
2765 389
2766 376
2767 369
2768 395
2769 388
2770 385
2771 380
2772 349
2773 324
2774 354
2775 360
2776 361
2777 382
2778 406
2779 395
2780 368
2781 407
2782 400
2783 362
2784 354
2785 353
2786 328
2787 341
2788 343
2789 366
2790 353
2791 360
2792 322
2793 282
2794 287
2795 305
2796 277
2797 299
2798 281
2799 275
2800 298
2801 296
2802 312
2803 291
2804 279
2805 260
2806 224
2807 260
2808 256
2809 289
2810 249
2811 243
2812 256
2813 251
2814 243
2815 277
2816 241
2817 237
2818 253
2819 273
2820 294
2821 279
2822 288
2823 299
2824 342
2825 334
2826 329
2827 346
2828 353
2829 357
2830 391
2831 396
2832 406
2833 434
2834 406
2835 435
2836 469
2837 450
2838 429
2839 457
2840 452
2841 494
2842 516
2843 608
2844 628
2845 623
2846 573
2847 568
2848 548
2849 543
2850 526
2851 512
2852 512
2853 490
2854 520
2855 462
2856 481
2857 496
2858 447
2859 467
2860 444
2861 400
2862 427
2863 450
2864 435
2865 420
2866 425
2867 410
2868 427
2869 442
2870 472
2871 462
2872 418
2873 438
2874 446
2875 432
2876 407
2877 389
2878 391
2879 385
2880 386
2881 389
2882 375
2883 400
2884 390
2885 398
2886 404
2887 398
2888 419
2889 421
2890 427
2891 420
2892 412
2893 376
2894 351
2895 345
2896 309
2897 246
2898 271
2899 267
2900 271
2901 261
2902 264
2903 251
2904 237
2905 239
2906 241
2907 229
2908 215
2909 194
2910 180
2911 208
2912 209
2913 220
2914 237
2915 223
2916 214
2917 221
2918 206
2919 195
2920 212
2921 201
2922 226
2923 190
2924 184
2925 189
2926 182
2927 191
2928 165
2929 161
2930 165
2931 166
2932 175
2933 178
2934 170
2935 170
2936 181
2937 202
2938 220
2939 237
2940 257
2941 268
2942 284
2943 292
2944 300
2945 307
2946 294
2947 300
2948 305
2949 306
2950 314
2951 348
2952 374
2953 374
2954 338
2955 384
2956 376
2957 403
2958 373
2959 354
2960 369
2961 399
2962 404
2963 358
2964 305
2965 295
2966 280
2967 290
2968 290
2969 308
2970 343
2971 356
2972 354
2973 372
2974 413
2975 400
2976 429
2977 487
2978 459
2979 490
2980 472
2981 481
2982 481
2983 488
2984 486
2985 510
2986 528
2987 544
2988 544
2989 538
2990 553
2991 523
2992 511
2993 501
2994 473
2995 510
2996 527
2997 526
2998 477
2999 503
3000 512
3001 510
3002 538
3003 510
3004 545
3005 545
3006 543
3007 565
3008 609
3009 648
3010 631
3011 616
3012 582
3013 585
3014 544
3015 552
3016 538
3017 522
3018 542
3019 533
3020 532
3021 531
3022 519
3023 521
3024 538
3025 548
3026 583
3027 571
3028 528
3029 542
3030 549
3031 517
3032 485
3033 499
3034 497
3035 516
3036 480
3037 485
3038 519
3039 520
3040 507
3041 507
3042 507
3043 542
3044 579
3045 607
3046 626
3047 610
3048 614
3049 578
3050 601
3051 555
3052 548
3053 505
3054 523
3055 525
3056 544
3057 563
3058 566
3059 561
3060 552
3061 579
3062 589
3063 579
3064 594
3065 567
3066 510
3067 556
3068 558
3069 557
3070 576
3071 638
3072 682
3073 708
3074 757
3075 714
3076 689
3077 749
3078 736
3079 743
3080 678
3081 646
3082 643
3083 647
3084 632
3085 606
3086 605
3087 626
3088 609
3089 627
3090 645
3091 648
3092 636
3093 618
3094 592
3095 559
3096 554
3097 563
3098 599
3099 608
3100 619
3101 655
3102 678
3103 683
3104 656
3105 656
3106 649
3107 644
3108 639
3109 589
3110 624
3111 611
3112 638
3113 597
3114 573
3115 572
3116 583
3117 563
3118 529
3119 512
3120 501
3121 537
3122 532
3123 522
3124 530
3125 525
3126 506
3127 487
3128 462
3129 443
3130 426
3131 427
3132 427
3133 432
3134 435
3135 446
3136 475
3137 451
3138 453
3139 446
3140 479
3141 517
3142 484
3143 499
3144 465
3145 443
3146 451
3147 437
3148 408
3149 449
3150 460
3151 461
3152 470
3153 437
3154 444
3155 474
3156 451
3157 459
3158 445
3159 461
3160 432
3161 405
3162 425
3163 388
3164 378
3165 365
3166 364
3167 356
3168 353
3169 317
3170 331
3171 327
3172 341
3173 343
3174 304
3175 317
3176 323
3177 337
3178 362
3179 417
3180 381
3181 419
3182 421
3183 412
3184 410
3185 426
3186 470
3187 491
3188 489
3189 454
3190 453
3191 430
3192 432
3193 450
3194 432
3195 446
3196 453
3197 415
3198 428
3199 436
3200 492
3201 497
3202 500
3203 490
3204 496
3205 534
3206 549
3207 550
3208 520
3209 552
3210 554
3211 527
3212 547
3213 561
3214 547
3215 578
3216 624
3217 641
3218 619
3219 521
3220 524
3221 541
3222 529
3223 537
3224 532
3225 552
3226 580
3227 567
3228 567
3229 489
3230 486
3231 463
3232 481
3233 465
3234 463
3235 480
3236 472
3237 516
3238 552
3239 538
3240 541
3241 531
3242 518
3243 518
3244 533
3245 514
3246 543
3247 512
3248 537
3249 510
3250 486
3251 502
3252 526
3253 511
3254 531
3255 561
3256 560
3257 561
3258 540
3259 518
3260 528
3261 549
3262 556
3263 517
3264 578
3265 607
3266 608
3267 638
3268 622
3269 650
3270 589
3271 653
3272 614
3273 620
3274 642
3275 686
3276 698
3277 687
3278 714
3279 705
3280 685
3281 720
3282 705
3283 755
3284 722
3285 739
3286 702
3287 736
3288 761
3289 754
3290 785
3291 739
3292 754
3293 738
3294 733
3295 769
3296 792
3297 803
3298 863
3299 868
3300 933
3301 943
3302 919
3303 942
3304 927
3305 902
3306 920
3307 898
3308 871
3309 855
3310 811
3311 833
3312 842
3313 876
3314 858
3315 874
3316 922
3317 912
3318 944
3319 979
3320 978
3321 952
3322 937
3323 979
3324 949
3325 899
3326 885
3327 908
3328 926
3329 891
3330 877
3331 853
3332 885
3333 958
3334 971
3335 934
3336 935
3337 938
3338 913
3339 920
3340 907
3341 944
3342 0
3343 28
3344 56
3345 90
3346 109
3347 107
3348 99
3349 76
3350 123
3351 154
3352 216
3353 255
3354 287
3355 310
3356 346
3357 365
3358 365
3359 416
3360 387
3361 398
3362 413
3363 459
3364 478
3365 471
3366 409
3367 347
3368 324
3369 276
3370 216
3371 241
3372 212
3373 249
3374 274
3375 199
3376 164
3377 198
3378 195
3379 202
3380 221
3381 169
3382 221
3383 204
3384 236
3385 141
3386 159
3387 177
3388 165
3389 141
3390 6
3391 9
3392 12
3393 1
3394 974
3395 995
3396 8
3397 972
3398 987
3399 998
3400 24
3401 997
3402 961
3403 958
3404 888
3405 850
3406 844
3407 852
3408 863
3409 874
3410 917
3411 890
3412 890
3413 911
3414 866
3415 901
3416 882
3417 901
3418 926
3419 936
3420 959
3421 963
3422 947
3423 903
3424 908
3425 953
3426 927
3427 895
3428 881
3429 877
3430 888
3431 883
3432 907
3433 888
3434 902
3435 940
3436 931
3437 966
3438 1
3439 969
3440 952
3441 970
3442 961
3443 969
3444 978
3445 942
3446 861
3447 868
3448 835
3449 829
3450 849
3451 839
3452 879
3453 882
3454 977
3455 20
3456 65
3457 42
3458 56
3459 99
3460 70
3461 20
3462 25
3463 46
3464 25
3465 993
3466 972
3467 954
3468 965
3469 906
3470 985
3471 40
3472 49
3473 44
3474 35
3475 997
3476 988
3477 963
3478 996
3479 8
3480 43
3481 56
3482 92
3483 90
3484 37
3485 37
3486 60
3487 45
3488 24
3489 994
3490 991
3491 11
3492 12
3493 918
3494 925
3495 932
3496 927
3497 888
3498 862
3499 881
3500 795
3501 805
3502 781
3503 757
3504 721
3505 725
3506 718
3507 724
3508 743
3509 704
3510 670
3511 643
3512 651
3513 669
3514 700
3515 755
3516 760
3517 727
3518 761
3519 798
3520 755
3521 747
3522 737
3523 711
3524 733
3525 720
3526 744
3527 742
3528 738
3529 723
3530 683
3531 714
3532 744
3533 709
3534 714
3535 767
3536 776
3537 868
3538 844
3539 797
3540 824
3541 824
3542 757
3543 753
3544 720
3545 722
3546 687
3547 750
3548 759
3549 741
3550 705
3551 702
3552 660
3553 656
3554 667
3555 759
3556 792
3557 793
3558 800
3559 815
3560 870
3561 926
3562 899
3563 900
3564 935
3565 950
3566 943
3567 982
3568 10
3569 990
3570 21
3571 29
3572 988
3573 949
3574 953
3575 886
3576 886
3577 890
3578 908
3579 883
3580 845
3581 857
3582 862
3583 831
3584 782
3585 785
3586 844
3587 844
3588 844
3589 789
3590 775
3591 809
3592 764
3593 744
3594 741
3595 789
3596 754
3597 796
3598 764
3599 729
3600 764
3601 755
3602 726
3603 690
3604 661
3605 675
3606 729
3607 703
3608 722
3609 691
3610 687
3611 709
3612 750
3613 786
3614 737
3615 779
3616 760
3617 729
3618 722
3619 703
3620 731
3621 767
3622 741
3623 708
3624 749
3625 759
3626 710
3627 736
3628 767
3629 739
3630 708
3631 683
3632 689
3633 694
3634 713
3635 675
3636 665
3637 639
3638 654
3639 657
3640 622
3641 614
3642 583
3643 603
3644 607
3645 579
3646 567
3647 585
3648 590
3649 534
3650 536
3651 551
3652 566
3653 588
3654 588
3655 539
3656 529
3657 550
3658 541
3659 560
3660 554
3661 583
3662 617
3663 657
3664 590
3665 547
3666 474
3667 495
3668 473
3669 449
3670 458
3671 470
3672 447
3673 471
3674 507
3675 481
3676 504
3677 487
3678 492
3679 492
3680 533
3681 565
3682 578
3683 617
3684 593
3685 567
3686 561
3687 575
3688 565
3689 540
3690 565
3691 535
3692 544
3693 534
3694 529
3695 559
3696 567
3697 549
3698 466
3699 443
3700 441
3701 394
3702 371
3703 348
3704 325
3705 331
3706 333
3707 369
3708 364
3709 364
3710 368
3711 367
3712 397
3713 448
3714 416
3715 457
3716 436
3717 418
3718 468
3719 464
3720 511
3721 506
3722 454
3723 426
3724 430
3725 418
3726 413
3727 391
3728 434
3729 427
3730 396
3731 364
3732 390
3733 397
3734 427
3735 401
3736 404
3737 442
3738 383
3739 431
3740 400
3741 328
3742 300
3743 267
3744 239
3745 278
3746 269
3747 273
3748 273
3749 314
3750 298
3751 318
3752 328
3753 341
3754 367
3755 396
3756 389
3757 369
3758 368
3759 368
3760 364
3761 366
3762 331
3763 309
3764 332
3765 305
3766 290
3767 288
3768 270
3769 254
3770 254
3771 244
3772 255
3773 210
3774 224
3775 227
3776 226
3777 213
3778 198
3779 199
3780 190
3781 211
3782 237
3783 256
3784 279
3785 315
3786 335
3787 337
3788 300
3789 324
3790 315
3791 321
3792 320
3793 305
3794 327
3795 287
3796 292
3797 257
3798 297
3799 266
3800 262
3801 239
3802 220
3803 224
3804 234
3805 247
3806 255
3807 270
3808 274
3809 254
3810 256
3811 248
3812 232
3813 219
3814 176
3815 160
3816 208
3817 204
3818 183
3819 184
3820 155
3821 149
3822 169
3823 152
3824 146
3825 158
3826 160
3827 155
3828 158
3829 152
3830 168
3831 179
3832 205
3833 189
3834 178
3835 171
3836 148
3837 143
3838 159
3839 170
3840 164
3841 157
3842 162
3843 192
3844 169
3845 158
3846 153
3847 183
3848 175
3849 167
3850 176
3851 188
3852 217
3853 234
3854 229
3855 206
3856 179
3857 165
3858 164
3859 153
3860 170
3861 160
3862 151
3863 158
3864 164
3865 188
3866 203
3867 161
3868 159
3869 133
3870 136
3871 128
3872 132
3873 154
3874 163
3875 174
3876 131
3877 131
3878 175
3879 197
3880 200
3881 204
3882 200
3883 175
3884 169
3885 179
3886 164
3887 168
3888 159
3889 143
3890 135
3891 139
3892 155
3893 127
3894 107
3895 122
3896 120
3897 117
3898 121
3899 134
3900 131
3901 125
3902 119
3903 88
3904 73
3905 49
3906 58
3907 62
3908 50
3909 65
3910 56
3911 62
3912 70
3913 65
3914 55
3915 56
3916 62
3917 57
3918 58
3919 63
3920 71
3921 48
3922 47
3923 33
3924 26
3925 31
3926 26
3927 23
3928 26
3929 16
3930 12
3931 21
3932 25
3933 29
3934 20
3935 20
3936 14
3937 13
3938 13
3939 19
3940 15
3941 16
3942 6
3943 8
3944 8
3945 10
3946 7
3947 14
3948 4
3949 9
3950 10
3951 10
3952 6
3953 2
3954 2
3955 4
3956 4
3957 6
3958 4
3959 8
3960 8
3961 13
3962 21
3963 23
3964 36
3965 44
3966 38
3967 35
3968 33
3969 35
3970 28
3971 18
3972 22
3973 20
3974 18
3975 30
3976 52
3977 52
3978 48
3979 44
3980 48
3981 45
3982 42
3983 42
3984 28
3985 25
3986 22
3987 20
3988 24
3989 23
3990 27
3991 27
3992 38
3993 41
3994 36
3995 35
3996 39
3997 42
3998 36
3999 36
4000 28
4001 19
4002 31
4003 41
4004 44
4005 44
4006 52
4007 62
4008 61
4009 75
4010 108
4011 105
4012 104
4013 106
4014 91
4015 88
4016 92
4017 80
4018 84
4019 88
4020 91
4021 76
4022 72
4023 74
4024 76
4025 76
4026 99
4027 112
4028 124
4029 130
4030 130
4031 137
4032 118
4033 89
4034 77
4035 71
4036 71
4037 92
4038 122
4039 122
4040 132
4041 102
4042 88
4043 83
4044 80
4045 95
4046 83
4047 69
4048 64
4049 53
4050 41
4051 45
4052 46
4053 50
4054 60
4055 68
4056 69
4057 58
4058 56
4059 55
4060 79
4061 81
4062 68
4063 74
4064 70
4065 73
4066 53
4067 62
4068 81
4069 83
4070 96
4071 105
4072 100
4073 126
4074 155
4075 136
4076 132
4077 121
4078 130
4079 158
4080 134
4081 169
4082 136
4083 136
4084 145
4085 136
4086 129
4087 118
4088 132
4089 162
4090 150
4091 130
4092 164
4093 137
4094 142
4095 137
4096 144
4097 152
4098 137
4099 128
4100 127
4101 135
4102 132
4103 151
4104 151
4105 163
4106 164
4107 179
4108 169
4109 146
4110 155
4111 162
4112 174
4113 152
4114 148
4115 142
4116 156
4117 138
4118 158
4119 152
4120 139
4121 146
4122 142
4123 136
4124 120
4125 134
4126 130
4127 140
4128 160
4129 154
4130 138
4131 146
4132 130
4133 134
4134 141
4135 126
4136 120
4137 114
4138 116
4139 84
4140 96
4141 111
4142 111
4143 126
4144 111
4145 93
4146 99
4147 95
4148 87
4149 67
4150 67
4151 50
4152 38
4153 31
4154 30
4155 39
4156 45
4157 50
4158 49
4159 41
4160 35
4161 36
4162 31
4163 37
4164 23
4165 35
4166 54
4167 53
4168 58
4169 61
4170 66
4171 54
4172 48
4173 46
4174 43
4175 35
4176 29
4177 27
4178 22
4179 24
4180 19
4181 11
4182 9
4183 4
4184 1
4185 1
4186 3
4187 2
4188 0
4189 0
4190 1
4191 0
4192 1
4193 5
4194 6
4195 5
4196 6
4197 6
4198 6
4199 4
4200 3
4201 6
4202 9
4203 6
4204 4
4205 7
4206 4
4207 2
4208 1
4209 2
4210 2
4211 2
4212 3
4213 2
4214 3
4215 2
4216 4
4217 6
4218 6
4219 5
4220 6
4221 7
4222 5
4223 10
4224 17
4225 21
4226 27
4227 25
4228 29
4229 32
4230 29
4231 21
4232 25
4233 27
4234 35
4235 45
4236 48
4237 57
4238 40
4239 40
4240 44
4241 50
4242 50
4243 47
4244 45
4245 59
4246 52
4247 50
4248 59
4249 60
4250 67
4251 79
4252 73
4253 65
4254 87
4255 96
4256 115
4257 114
4258 130
4259 141
4260 128
4261 121
4262 131
4263 145
4264 130
4265 129
4266 143
4267 140
4268 140
4269 137
4270 135
4271 124
4272 133
4273 130
4274 129
4275 144
4276 149
4277 156
4278 162
4279 139
4280 154
4281 168
4282 174
4283 171
4284 167
4285 160
4286 147
4287 155
4288 148
4289 157
4290 134
4291 134
4292 127
4293 115
4294 118
4295 135
4296 129
4297 166
4298 164
4299 167
4300 185
4301 163
4302 156
4303 150
4304 155
4305 144
4306 134
4307 132
4308 134
4309 142
4310 150
4311 153
4312 149
4313 163
4314 175
4315 161
4316 162
4317 144
4318 136
4319 147
4320 157
4321 149
4322 162
4323 183
4324 185
4325 173
4326 157
4327 175
4328 171
4329 186
4330 188
4331 171
4332 178
4333 214
4334 220
4335 225
4336 230
4337 229
4338 221
4339 223
4340 200
4341 178
4342 159
4343 170
4344 177
4345 183
4346 167
4347 153
4348 159
4349 153
4350 162
4351 168
4352 180
4353 186
4354 182
4355 156
4356 143
4357 163
4358 156
4359 161
4360 160
4361 157
4362 144
4363 146
4364 138
4365 146
4366 138
4367 151
4368 172
4369 158
4370 157
4371 158
4372 172
4373 178
4374 175
4375 163
4376 146
4377 146
4378 129
4379 127
4380 143
4381 127
4382 151
4383 160
4384 151
4385 155
4386 158
4387 153
4388 139
4389 138
4390 139
4391 146
4392 158
4393 136
4394 147
4395 130
4396 112
4397 116
4398 107
4399 101
4400 101
4401 108
4402 107
4403 99
4404 105
4405 115
4406 122
4407 114
4408 104
4409 119
4410 134
4411 122
4412 114
4413 114
4414 115
4415 115
4416 118
4417 109
4418 107
4419 102
4420 94
4421 84
4422 91
4423 97
4424 91
4425 102
4426 100
4427 87
4428 93
4429 110
4430 105
4431 113
4432 127
4433 130
4434 118
4435 115
4436 119
4437 128
4438 120
4439 130
4440 133
4441 144
4442 155
4443 158
4444 170
4445 150
4446 129
4447 123
4448 105
4449 119
4450 96
4451 89
4452 99
4453 96
4454 96
4455 87
4456 82
4457 71
4458 51
4459 44
4460 44
4461 53
4462 67
4463 52
4464 53
4465 46
4466 55
4467 56
4468 65
4469 75
4470 59
4471 54
4472 69
4473 63
4474 62
4475 61
4476 71
4477 76
4478 74
4479 73
4480 68
4481 79
4482 85
4483 82
4484 82
4485 79
4486 75
4487 90
4488 85
4489 81
4490 82
4491 94
4492 89
4493 94
4494 89
4495 91
4496 86
4497 93
4498 82
4499 73
4500 68
4501 67
4502 67
4503 61
4504 70
4505 64
4506 67
4507 74
4508 75
4509 72
4510 65
4511 66
4512 54
4513 36
4514 33
4515 32
4516 29
4517 34
4518 25
4519 16
4520 13
4521 14
4522 12
4523 11
4524 10
4525 5
4526 4
4527 4
4528 7
4529 7
4530 10
4531 8
4532 7
4533 6
4534 8
4535 7
4536 7
4537 10
4538 16
4539 19
4540 23
4541 23
4542 17
4543 23
4544 23
4545 20
4546 26
4547 32
4548 34
4549 36
4550 49
4551 47
4552 49
4553 48
4554 60
4555 77
4556 89
4557 95
4558 96
4559 116
4560 109
4561 105
4562 111
4563 103
4564 92
4565 100
4566 86
4567 69
4568 81
4569 94
4570 83
4571 71
4572 73
4573 72
4574 66
4575 65
4576 70
4577 60
4578 70
4579 78
4580 64
4581 67
4582 62
4583 70
4584 71
4585 69
4586 56
4587 40
4588 32
4589 36
4590 35
4591 36
4592 29
4593 29
4594 28
4595 24
4596 26
4597 23
4598 19
4599 22
4600 21
4601 26
4602 22
4603 17
4604 13
4605 15
4606 12
4607 9
4608 12
4609 10
4610 15
4611 10
4612 14
4613 18
4614 12
4615 15
4616 17
4617 20
4618 18
4619 14
4620 14
4621 14
4622 16
4623 12
4624 14
4625 19
4626 15
4627 19
4628 22
4629 23
4630 24
4631 26
4632 25
4633 19
4634 25
4635 26
4636 21
4637 20
4638 23
4639 27
4640 19
4641 23
4642 24
4643 29
4644 26
4645 16
4646 20
4647 23
4648 17
4649 21
4650 21
4651 18
4652 22
4653 21
4654 25
4655 22
4656 21
4657 22
4658 23
4659 29
4660 19
4661 17
4662 14
4663 17
4664 17
4665 18
4666 14
4667 15
4668 10
4669 11
4670 14
4671 13
4672 15
4673 10
4674 3
4675 1
4676 1
4677 2
4678 2
4679 3
4680 5
4681 7
4682 12
4683 15
4684 17
4685 21
4686 25
4687 26
4688 29
4689 37
4690 29
4691 39
4692 39
4693 50
4694 59
4695 67
4696 72
4697 77
4698 84
4699 76
4700 66
4701 54
4702 66
4703 77
4704 70
4705 65
4706 68
4707 68
4708 72
4709 87
4710 76
4711 67
4712 66
4713 80
4714 68
4715 54
4716 50
4717 43
4718 41
4719 41
4720 47
4721 52
4722 48
4723 59
4724 52
4725 45
4726 44
4727 49
4728 58
4729 69
4730 70
4731 79
4732 81
4733 92
4734 103
4735 102
4736 108
4737 98
4738 101
4739 117
4740 116
4741 117
4742 86
4743 87
4744 101
4745 103
4746 93
4747 83
4748 92
4749 89
4750 85
4751 81
4752 79
4753 83
4754 83
4755 74
4756 72
4757 61
4758 64
4759 74
4760 65
4761 67
4762 71
4763 69
4764 57
4765 50
4766 64
4767 49
4768 58
4769 64
4770 50
4771 49
4772 47
4773 47
4774 48
4775 54
4776 60
4777 62
4778 61
4779 44
4780 47
4781 44
4782 39
4783 36
4784 40
4785 26
4786 26
4787 29
4788 26
4789 33
4790 24
4791 23
4792 27
4793 38
4794 30
4795 34
4796 32
4797 31
4798 24
4799 28
4800 28
4801 21
4802 20
4803 23
4804 29
4805 26
4806 31
4807 26
4808 26
4809 30
4810 29
4811 23
4812 20
4813 25
4814 24
4815 26
4816 28
4817 19
4818 20
4819 19
4820 18
4821 13
4822 16
4823 18
4824 22
4825 17
4826 24
4827 24
4828 29
4829 28
4830 19
4831 27
4832 18
4833 26
4834 22
4835 22
4836 21
4837 21
4838 25
4839 32
4840 51
4841 54
4842 59
4843 57
4844 61
4845 61
4846 70
4847 74
4848 63
4849 77
4850 61
4851 55
4852 55
4853 53
4854 53
4855 49
4856 56
4857 50
4858 65
4859 65
4860 66
4861 63
4862 60
4863 69
4864 68
4865 62
4866 67
4867 67
4868 73
4869 84
4870 79
4871 59
4872 64
4873 75
4874 69
4875 68
4876 76
4877 101
4878 114
4879 107
4880 99
4881 117
4882 107
4883 90
4884 81
4885 87
4886 73
4887 82
4888 74
4889 80
4890 70
4891 70
4892 62
4893 70
4894 71
4895 78
4896 73
4897 74
4898 53
4899 50
4900 54
4901 54
4902 62
4903 54
4904 52
4905 53
4906 56
4907 54
4908 62
4909 85
4910 74
4911 62
4912 55
4913 54
4914 59
4915 54
4916 61
4917 69
4918 78
4919 85
4920 78
4921 79
4922 85
4923 98
4924 98
4925 123
4926 110
4927 117
4928 102
4929 104
4930 90
4931 95
4932 89
4933 85
4934 82
4935 87
4936 93
4937 99
4938 98
4939 82
4940 73
4941 61
4942 54
4943 50
4944 46
4945 46
4946 60
4947 59
4948 56
4949 67
4950 67
4951 77
4952 76
4953 90
4954 92
4955 89
4956 87
4957 78
4958 84
4959 94
4960 99
4961 106
4962 102
4963 107
4964 125
4965 121
4966 121
4967 123
4968 120
4969 101
4970 103
4971 100
4972 92
4973 87
4974 78
4975 76
4976 84
4977 90
4978 91
4979 85
4980 73
4981 72
4982 67
4983 62
4984 77
4985 81
4986 89
4987 78
4988 68
4989 73
4990 80
4991 77
4992 92
4993 110
4994 126
4995 122
4996 128
4997 115
4998 130
4999 127
5000 142
5001 153
5002 155
5003 154
5004 154
5005 177
5006 172
5007 166
5008 178
5009 173
5010 179
5011 177
5012 178
5013 169
5014 182
5015 174
5016 172
5017 159
5018 134
5019 139
5020 136
5021 148
5022 181
5023 184
5024 188
5025 193
5026 191
5027 177
5028 200
5029 198
5030 187
5031 193
5032 165
5033 153
5034 165
5035 189
5036 161
5037 161
5038 140
5039 137
5040 134
5041 134
5042 127
5043 137
5044 152
5045 169
5046 169
5047 167
5048 161
5049 162
5050 166
5051 166
5052 152
5053 124
5054 118
5055 119
5056 122
5057 103
5058 101
5059 97
5060 102
5061 100
5062 89
5063 101
5064 109
5065 103
5066 111
5067 118
5068 111
5069 93
5070 86
5071 75
5072 67
5073 68
5074 62
5075 68
5076 71
5077 69
5078 67
5079 73
5080 68
5081 72
5082 77
5083 70
5084 57
5085 62
5086 66
5087 78
5088 62
5089 60
5090 75
5091 67
5092 62
5093 59
5094 61
5095 68
5096 64
5097 62
5098 64
5099 65
5100 71
5101 70
5102 86
5103 85
5104 86
5105 97
5106 87
5107 92
5108 94
5109 108
5110 98
5111 98
5112 89
5113 95
5114 84
5115 100
5116 99
5117 94
5118 87
5119 84
5120 76
5121 83
5122 76
5123 74
5124 83
5125 95
5126 107
5127 117
5128 142
5129 133
5130 114
5131 103
5132 107
5133 115
5134 117
5135 116
5136 115
5137 131
5138 118
5139 104
5140 103
5141 94
5142 101
5143 104
5144 107
5145 116
5146 119
5147 103
5148 90
5149 93
5150 111
5151 120
5152 106
5153 105
5154 96
5155 99
5156 103
5157 115
5158 103
5159 93
5160 92
5161 105
5162 100
5163 108
5164 94
5165 93
5166 79
5167 91
5168 92
5169 86
5170 74
5171 90
5172 74
5173 75
5174 76
5175 68
5176 73
5177 68
5178 63
5179 43
5180 44
5181 37
5182 47
5183 50
5184 53
5185 54
5186 58
5187 71
5188 77
5189 74
5190 82
5191 78
5192 74
5193 78
5194 69
5195 76
5196 70
5197 71
5198 57
5199 46
5200 36
5201 33
5202 39
5203 46
5204 42
5205 49
5206 57
5207 62
5208 67
5209 66
5210 80
5211 87
5212 94
5213 93
5214 102
5215 104
5216 99
5217 92
5218 97
5219 117
5220 111
5221 114
5222 125
5223 115
5224 101
5225 121
5226 134
5227 139
5228 124
5229 113
5230 112
5231 109
5232 126
5233 154
5234 132
5235 118
5236 135
5237 134
5238 131
5239 126
5240 125
5241 125
5242 122
5243 123
5244 103
5245 107
5246 91
5247 101
5248 96
5249 73
5250 80
5251 84
5252 68
5253 55
5254 61
5255 62
5256 65
5257 58
5258 57
5259 57
5260 54
5261 55
5262 56
5263 56
5264 65
5265 71
5266 68
5267 71
5268 74
5269 67
5270 51
5271 54
5272 77
5273 79
5274 67
5275 70
5276 62
5277 69
5278 70
5279 78
5280 93
5281 94
5282 94
5283 108
5284 107
5285 103
5286 116
5287 129
5288 129
5289 149
5290 148
5291 158
5292 141
5293 148
5294 148
5295 155
5296 141
5297 151
5298 130
5299 124
5300 110
5301 124
5302 118
5303 135
5304 149
5305 146
5306 140
5307 133
5308 146
5309 180
5310 179
5311 160
5312 180
5313 201
5314 211
5315 203
5316 193
5317 176
5318 177
5319 188
5320 190
5321 184
5322 197
5323 199
5324 212
5325 212
5326 228
5327 246
5328 259
5329 250
5330 235
5331 214
5332 214
5333 220
5334 190
5335 193
5336 211
5337 207
5338 207
5339 207
5340 196
5341 191
5342 209
5343 222
5344 217
5345 241
5346 254
5347 245
5348 239
5349 239
5350 243
5351 254
5352 247
5353 220
5354 250
5355 226
5356 225
5357 210
5358 220
5359 209
5360 217
5361 223
5362 220
5363 210
5364 202
5365 204
5366 245
5367 237
5368 243
5369 235
5370 195
5371 205
5372 207
5373 224
5374 210
5375 231
5376 242
5377 243
5378 230
5379 228
5380 230
5381 248
5382 250
5383 263
5384 254
5385 252
5386 238
5387 241
5388 225
5389 236
5390 241
5391 285
5392 269
5393 279
5394 272
5395 248
5396 245
5397 240
5398 239
5399 243
5400 262
5401 245
5402 263
5403 266
5404 288
5405 258
5406 267
5407 280
5408 290
5409 292
5410 274
5411 281
5412 279
5413 282
5414 265
5415 286
5416 285
5417 260
5418 254
5419 245
5420 275
5421 277
5422 286
5423 280
5424 290
5425 319
5426 329
5427 335
5428 337
5429 325
5430 349
5431 350
5432 362
5433 399
5434 388
5435 375
5436 357
5437 348
5438 345
5439 340
5440 338
5441 333
5442 332
5443 341
5444 384
5445 367
5446 384
5447 365
5448 365
5449 344
5450 350
5451 342
5452 352
5453 363
5454 367
5455 335
5456 342
5457 309
5458 304
5459 312
5460 321
5461 317
5462 322
5463 317
5464 305
5465 306
5466 299
5467 293
5468 253
5469 226
5470 215
5471 209
5472 213
5473 189
5474 186
5475 193
5476 191
5477 182
5478 220
5479 223
5480 208
5481 201
5482 203
5483 201
5484 198
5485 197
5486 233
5487 242
5488 239
5489 225
5490 224
5491 225
5492 230
5493 210
5494 205
5495 229
5496 246
5497 245
5498 244
5499 265
5500 239
5501 257
5502 266
5503 232
5504 243
5505 236
5506 242
5507 227
5508 207
5509 200
5510 201
5511 207
5512 206
5513 206
5514 191
5515 180
5516 161
5517 142
5518 151
5519 163
5520 180
5521 185
5522 178
5523 167
5524 172
5525 198
5526 187
5527 198
5528 194
5529 195
5530 219
5531 239
5532 237
5533 237
5534 238
5535 237
5536 242
5537 256
5538 252
5539 266
5540 263
5541 244
5542 244
5543 230
5544 248
5545 225
5546 231
5547 250
5548 227
5549 272
5550 254
5551 252
5552 237
5553 259
5554 263
5555 284
5556 291
5557 291
5558 270
5559 257
5560 260
5561 258
5562 239
5563 203
5564 182
5565 177
5566 167
5567 176
5568 161
5569 159
5570 177
5571 162
5572 161
5573 158
5574 144
5575 166
5576 166
5577 174
5578 174
5579 181
5580 189
5581 210
5582 196
5583 185
5584 201
5585 207
5586 202
5587 194
5588 200
5589 194
5590 184
5591 189
5592 191
5593 210
5594 215
5595 216
5596 221
5597 219
5598 204
5599 199
5600 212
5601 221
5602 223
5603 232
5604 240
5605 202
5606 202
5607 200
5608 185
5609 169
5610 179
5611 180
5612 184
5613 178
5614 206
5615 197
5616 215
5617 227
5618 229
5619 235
5620 242
5621 254
5622 262
5623 263
5624 296
5625 296
5626 316
5627 311
5628 354
5629 358
5630 382
5631 384
5632 369
5633 379
5634 368
5635 370
5636 356
5637 367
5638 391
5639 390
5640 410
5641 417
5642 431
5643 413
5644 403
5645 412
5646 426
5647 427
5648 440
5649 445
5650 447
5651 454
5652 464
5653 470
5654 461
5655 462
5656 466
5657 466
5658 470
5659 483
5660 493
5661 518
5662 530
5663 507
5664 507
5665 505
5666 534
5667 511
5668 478
5669 452
5670 432
5671 475
5672 461
5673 441
5674 452
5675 466
5676 495
5677 491
5678 487
5679 465
5680 468
5681 429
5682 455
5683 467
5684 444
5685 453
5686 462
5687 446
5688 478
5689 475
5690 472
5691 481
5692 477
5693 469
5694 461
5695 480
5696 466
5697 466
5698 445
5699 439
5700 435
5701 385
5702 404
5703 400
5704 399
5705 387
5706 414
5707 441
5708 470
5709 481
5710 473
5711 462
5712 470
5713 474
5714 467
5715 467
5716 476
5717 488
5718 492
5719 493
5720 483
5721 473
5722 475
5723 481
5724 464
5725 463
5726 481
5727 507
5728 478
5729 469
5730 486
5731 487
5732 479
5733 474
5734 460
5735 435
5736 439
5737 440
5738 436
5739 439
5740 440
5741 438
5742 411
5743 428
5744 452
5745 459
5746 474
5747 446
5748 449
5749 460
5750 461
5751 459
5752 441
5753 447
5754 459
5755 468
5756 481
5757 516
5758 534
5759 566
5760 535
5761 555
5762 586
5763 594
5764 606
5765 595
5766 556
5767 544
5768 537
5769 529
5770 530
5771 527
5772 555
5773 561
5774 582
5775 577
5776 592
5777 600
5778 605
5779 590
5780 583
5781 593
5782 583
5783 578
5784 559
5785 567
5786 583
5787 610
5788 629
5789 653
5790 661
5791 697
5792 709
5793 736
5794 743
5795 744
5796 776
5797 787
5798 796
5799 797
5800 779
5801 781
5802 780
5803 760
5804 755
5805 772
5806 756
5807 774
5808 808
5809 791
5810 782
5811 791
5812 788
5813 780
5814 802
5815 773
5816 743
5817 752
5818 721
5819 717
5820 696
5821 712
5822 709
5823 719
5824 727
5825 731
5826 716
5827 698
5828 697
5829 725
5830 723
5831 734
5832 714
5833 703
5834 722
5835 752
5836 720
5837 747
5838 729
5839 726
5840 747
5841 761
5842 785
5843 758
5844 770
5845 814
5846 815
5847 786
5848 791
5849 770
5850 756
5851 768
5852 742
5853 730
5854 752
5855 736
5856 729
5857 736
5858 747
5859 756
5860 762
5861 754
5862 733
5863 735
5864 735
5865 742
5866 740
5867 733
5868 725
5869 726
5870 731
5871 754
5872 801
5873 805
5874 792
5875 792
5876 799
5877 813
5878 794
5879 829
5880 783
5881 795
5882 828
5883 829
5884 843
5885 829
5886 839
5887 830
5888 832
5889 830
5890 843
5891 853
5892 850
5893 878
5894 890
5895 931
5896 927
5897 921
5898 950
5899 925
5900 929
5901 906
5902 869
5903 884
5904 910
5905 898
5906 935
5907 971
5908 988
5909 985
5910 966
5911 970
5912 961
5913 958
5914 957
5915 948
5916 949
5917 950
5918 943
5919 933
5920 958
5921 953
5922 975
5923 979
5924 4
5925 29
5926 16
5927 20
5928 4
5929 992
5930 985
5931 973
5932 960
5933 916
5934 898
5935 905
5936 865
5937 854
5938 888
5939 864
5940 891
5941 855
5942 844
5943 835
5944 818
5945 845
5946 826
5947 786
5948 778
5949 782
5950 793
5951 767
5952 800
5953 767
5954 753
5955 771
5956 803
5957 793
5958 837
5959 862
5960 864
5961 905
5962 916
5963 906
5964 910
5965 914
5966 936
5967 940
5968 998
5969 999
5970 24
5971 12
5972 3
5973 985
5974 990
5975 1
5976 982
5977 12
5978 998
5979 980
5980 982
5981 962
5982 967
5983 996
5984 937
5985 952
5986 952
5987 927
5988 923
5989 920
5990 903
5991 913
5992 910
5993 920
5994 902
5995 887
5996 891
5997 881
5998 887
5999 878
6000 893
6001 880
6002 922
6003 910
6004 932
6005 912
6006 920
6007 917
6008 909
6009 872
6010 824
6011 809
6012 806
6013 786
6014 788
6015 783
6016 760
6017 758
6018 730
6019 743
6020 753
6021 758
6022 777
6023 759
6024 785
6025 751
6026 731
6027 713
6028 696
6029 693
6030 728
6031 750
6032 746
6033 777
6034 778
6035 763
6036 754
6037 736
6038 743
6039 773
6040 786
6041 797
6042 797
6043 792
6044 828
6045 860
6046 865
6047 858
6048 885
6049 891
6050 922
6051 928
6052 971
6053 964
6054 974
6055 956
6056 995
6057 936
6058 938
6059 951
6060 947
6061 968
6062 970
6063 979
6064 968
6065 996
6066 999
6067 15
6068 17
6069 32
6070 76
6071 84
6072 114
6073 91
6074 55
6075 54
6076 85
6077 40
6078 28
6079 36
6080 0
6081 997
6082 957
6083 974
6084 969
6085 955
6086 969
6087 955
6088 985
6089 934
6090 937
6091 916
6092 921
6093 911
6094 953
6095 918
6096 922
6097 884
6098 875
6099 861
6100 860
6101 828
6102 801
6103 766
6104 817
6105 780
6106 779
6107 770
6108 769
6109 754
6110 764
6111 761
6112 779
6113 763
6114 797
6115 822
6116 832
6117 856
6118 851
6119 891
6120 924
6121 933
6122 941
6123 926
6124 903
6125 908
6126 898
6127 867
6128 869
6129 850
6130 838
6131 829
6132 841
6133 816
6134 819
6135 807
6136 794
6137 809
6138 801
6139 798
6140 770
6141 718
6142 735
6143 711
6144 692
6145 675
6146 678
6147 638
6148 633
6149 663
6150 639
6151 660
6152 650
6153 641
6154 640
6155 631
6156 639
6157 623
6158 631
6159 605
6160 602
6161 614
6162 579
6163 581
6164 592
6165 599
6166 606
6167 631
6168 589
6169 590
6170 601
6171 574
6172 574
6173 581
6174 598
6175 624
6176 625
6177 629
6178 645
6179 671
6180 657
6181 678
6182 683
6183 692
6184 675
6185 700
6186 720
6187 773
6188 786
6189 791
6190 755
6191 732
6192 750
6193 723
6194 688
6195 695
6196 716
6197 756
6198 734
6199 692
6200 702
6201 679
6202 716
6203 709
6204 705
6205 725
6206 752
6207 738
6208 752
6209 723
6210 692
6211 696
6212 716
6213 738
6214 716
6215 722
6216 717
6217 714
6218 770
6219 775
6220 752
6221 751
6222 736
6223 770
6224 780
6225 751
6226 748
6227 742
6228 732
6229 755
6230 734
6231 737
6232 724
6233 737
6234 772
6235 775
6236 749
6237 783
6238 782
6239 781
6240 793
6241 804
6242 807
6243 825
6244 879
6245 872
6246 880
6247 862
6248 856
6249 814
6250 828
6251 815
6252 824
6253 818
6254 778
6255 769
6256 782
6257 793
6258 775
6259 763
6260 764
6261 765
6262 762
6263 757
6264 774
6265 786
6266 774
6267 724
6268 724
6269 738
6270 733
6271 707
6272 716
6273 699
6274 730
6275 731
6276 718
6277 729
6278 742
6279 696
6280 715
6281 698
6282 699
6283 683
6284 698
6285 673
6286 653
6287 639
6288 645
6289 647
6290 681
6291 683
6292 666
6293 633
6294 628
6295 626
6296 629
6297 630
6298 641
6299 644
6300 600
6301 614
6302 605
6303 607
6304 583
6305 592
6306 600
6307 622
6308 608
6309 631
6310 651
6311 640
6312 627
6313 610
6314 618
6315 609
6316 625
6317 598
6318 580
6319 595
6320 608
6321 588
6322 617
6323 619
6324 634
6325 587
6326 578
6327 604
6328 619
6329 646
6330 639
6331 680
6332 680
6333 695
6334 678
6335 661
6336 622
6337 647
6338 667
6339 674
6340 726
6341 698
6342 729
6343 734
6344 749
6345 756
6346 756
6347 735
6348 721
6349 714
6350 708
6351 705
6352 708
6353 691
6354 731
6355 750
6356 757
6357 737
6358 735
6359 752
6360 743
6361 756
6362 748
6363 765
6364 787
6365 821
6366 782
6367 802
6368 796
6369 797
6370 804
6371 816
6372 801
6373 782
6374 767
6375 773
6376 825
6377 809
6378 768
6379 736
6380 712
6381 688
6382 659
6383 644
6384 671
6385 664
6386 659
6387 658
6388 666
6389 703
6390 691
6391 700
6392 742
6393 770
6394 767
6395 755
6396 733
6397 718
6398 730
6399 768
6400 782
6401 782
6402 792
6403 848
6404 835
6405 840
6406 872
6407 869
6408 856
6409 845
6410 833
6411 860
6412 858
6413 878
6414 867
6415 892
6416 890
6417 893
6418 904
6419 933
6420 984
6421 26
6422 957
6423 964
6424 946
6425 940
6426 953
6427 967
6428 964
6429 977
6430 964
6431 987
6432 942
6433 979
6434 8
6435 49
6436 18
6437 8
6438 996
6439 990
6440 985
6441 5
6442 999
6443 996
6444 9
6445 15
6446 33
6447 30
6448 14
6449 46
6450 42
6451 62
6452 69
6453 39
6454 24
6455 8
6456 25
6457 38
6458 29
6459 22
6460 9
6461 12
6462 44
6463 80
6464 80
6465 70
6466 77
6467 42
6468 40
6469 44
6470 67
6471 69
6472 69
6473 75
6474 53
6475 36
6476 26
6477 45
6478 54
6479 72
6480 55
6481 70
6482 83
6483 77
6484 67
6485 74
6486 110
6487 86
6488 82
6489 92
6490 60
6491 72
6492 79
6493 75
6494 78
6495 109
6496 97
6497 120
6498 118
6499 109
6500 95
6501 120
6502 153
6503 186
6504 190
6505 199
6506 198
6507 166
6508 195
6509 197
6510 184
6511 178
6512 193
6513 186
6514 154
6515 180
6516 131
6517 133
6518 115
6519 81
6520 98
6521 113
6522 104
6523 67
6524 76
6525 108
6526 106
6527 97
6528 111
6529 109
6530 117
6531 82
6532 91
6533 95
6534 74
6535 65
6536 61
6537 22
6538 11
6539 992
6540 997
6541 994
6542 999
6543 21
6544 987
6545 2
6546 988
6547 964
6548 948
6549 942
6550 941
6551 922
6552 911
6553 904
6554 895
6555 893
6556 864
6557 870
6558 892
6559 880
6560 862
6561 859
6562 831
6563 851
6564 833
6565 840
6566 841
6567 826
6568 841
6569 831
6570 805
6571 772
6572 823
6573 798
6574 802
6575 781
6576 768
6577 776
6578 755
6579 756
6580 770
6581 764
6582 787
6583 791
6584 818
6585 791
6586 826
6587 814
6588 806
6589 860
6590 887
6591 937
6592 950
6593 957
6594 937
6595 964
6596 940
6597 954
6598 927
6599 915
6600 922
6601 921
6602 926
6603 946
6604 966
6605 951
6606 948
6607 949
6608 954
6609 935
6610 902
6611 901
6612 922
6613 972
6614 935
6615 948
6616 960
6617 986
6618 16
6619 41
6620 75
6621 50
6622 42
6623 49
6624 29
6625 37
6626 50
6627 45
6628 77
6629 70
6630 58
6631 46
6632 47
6633 93
6634 106
6635 100
6636 96
6637 107
6638 130
6639 106
6640 94
6641 103
6642 74
6643 52
6644 29
6645 7
6646 988
6647 962
6648 995
6649 14
6650 998
6651 981
6652 998
6653 4
6654 15
6655 6
6656 45
6657 15
6658 991
6659 6
6660 991
6661 990
6662 1
6663 17
6664 969
6665 957
6666 948
6667 952
6668 956
6669 932
6670 926
6671 922
6672 931
6673 961
6674 974
6675 980
6676 25
6677 10
6678 43
6679 15
6680 16
6681 25
6682 37
6683 23
6684 27
6685 25
6686 33
6687 37
6688 12
6689 965
6690 961
6691 948
6692 921
6693 928
6694 920
6695 891
6696 900
6697 904
6698 894
6699 904
6700 920
6701 906
6702 920
6703 889
6704 883
6705 892
6706 909
6707 900
6708 868
6709 841
6710 830
6711 817
6712 798
6713 831
6714 891
6715 899
6716 855
6717 835
6718 870
6719 834
6720 836
6721 840
6722 855
6723 813
6724 826
6725 814
6726 818
6727 837
6728 868
6729 843
6730 864
6731 896
6732 923
6733 938
6734 912
6735 952
6736 17
6737 12
6738 40
6739 82
6740 90
6741 78
6742 113
6743 126
6744 138
6745 197
6746 193
6747 170
6748 216
6749 209
6750 155
6751 149
6752 146
6753 153
6754 153
6755 191
6756 214
6757 238
6758 213
6759 179
6760 194
6761 180
6762 173
6763 205
6764 197
6765 189
6766 194
6767 140
6768 111
6769 81
6770 72
6771 80
6772 69
6773 75
6774 38
6775 37
6776 62
6777 102
6778 76
6779 102
6780 110
6781 119
6782 114
6783 97
6784 95
6785 108
6786 79
6787 72
6788 114
6789 114
6790 103
6791 83
6792 103
6793 144
6794 84
6795 81
6796 76
6797 76
6798 58
6799 12
6800 994
6801 997
6802 47
6803 62
6804 86
6805 102
6806 124
6807 107
6808 103
6809 107
6810 102
6811 86
6812 86
6813 78
6814 98
6815 94
6816 71
6817 59
6818 21
6819 27
6820 998
6821 988
6822 33
6823 52
6824 16
6825 6
6826 15
6827 13
6828 40
6829 86
6830 81
6831 83
6832 100
6833 97
6834 79
6835 104
6836 107
6837 127
6838 144
6839 137
6840 148
6841 120
6842 125
6843 102
6844 98
6845 99
6846 95
6847 101
6848 135
6849 123
6850 87
6851 80
6852 70
6853 75
6854 72
6855 75
6856 77
6857 27
6858 1
6859 27
6860 35
6861 10
6862 23
6863 997
6864 2
6865 989
6866 973
6867 969
6868 992
6869 996
6870 959
6871 942
6872 921
6873 952
6874 966
6875 925
6876 944
6877 996
6878 11
6879 973
6880 929
6881 918
6882 915
6883 932
6884 945
6885 935
6886 902
6887 918
6888 915
6889 902
6890 902
6891 860
6892 839
6893 876
6894 829
6895 854
6896 845
6897 850
6898 852
6899 857
6900 835
6901 815
6902 816
6903 823
6904 792
6905 778
6906 757
6907 752
6908 771
6909 778
6910 760
6911 794
6912 817
6913 863
6914 861
6915 852
6916 792
6917 762
6918 779
6919 794
6920 805
6921 827
6922 803
6923 800
6924 824
6925 839
6926 845
6927 858
6928 869
6929 907
6930 884
6931 918
6932 903
6933 893
6934 837
6935 854
6936 851
6937 829
6938 837
6939 831
6940 834
6941 867
6942 853
6943 858
6944 836
6945 825
6946 839
6947 805
6948 822
6949 878
6950 881
6951 869
6952 844
6953 835
6954 847
6955 851
6956 829
6957 802
6958 780
6959 751
6960 770
6961 753
6962 759
6963 761
6964 801
6965 801
6966 756
6967 741
6968 751
6969 755
6970 793
6971 787
6972 762
6973 752
6974 729
6975 729
6976 709
6977 697
6978 704
6979 702
6980 687
6981 673
6982 685
6983 613
6984 575
6985 574
6986 576
6987 578
6988 623
6989 632
6990 608
6991 581
6992 589
6993 608
6994 614
6995 594
6996 601
6997 594
6998 558
6999 563
7000 526
7001 489
7002 476
7003 529
7004 515
7005 529
7006 533
7007 504
7008 473
7009 504
7010 523
7011 514
7012 516
7013 510
7014 524
7015 537
7016 524
7017 535
7018 539
7019 517
7020 495
7021 487
7022 473
7023 482
7024 498
7025 522
7026 566
7027 577
7028 588
7029 606
7030 643
7031 634
7032 641
7033 639
7034 680
7035 674
7036 701
7037 685
7038 707
7039 690
7040 678
7041 675
7042 665
7043 663
7044 667
7045 664
7046 652
7047 686
7048 673
7049 666
7050 686
7051 684
7052 727
7053 740
7054 776
7055 766
7056 750
7057 770
7058 765
7059 766
7060 795
7061 811
7062 811
7063 814
7064 808
7065 807
7066 796
7067 806
7068 785
7069 771
7070 744
7071 729
7072 696
7073 700
7074 698
7075 738
7076 710
7077 731
7078 732
7079 735
7080 720
7081 702
7082 718
7083 704
7084 673
7085 650
7086 661
7087 686
7088 700
7089 704
7090 742
7091 729
7092 707
7093 760
7094 779
7095 811
7096 812
7097 807
7098 800
7099 761
7100 777
7101 778
7102 781
7103 758
7104 770
7105 755
7106 752
7107 744
7108 779
7109 789
7110 799
7111 805
7112 806
7113 802
7114 838
7115 827
7116 861
7117 880
7118 902
7119 892
7120 908
7121 925
7122 926
7123 935
7124 943
7125 914
7126 916
7127 896
7128 915
7129 941
7130 951
7131 931
7132 943
7133 914
7134 902
7135 925
7136 881
7137 902
7138 905
7139 893
7140 879
7141 897
7142 914
7143 897
7144 968
7145 978
7146 963
7147 970
7148 960
7149 922
7150 908
7151 884
7152 867
7153 901
7154 908
7155 910
7156 901
7157 881
7158 908
7159 902
7160 835
7161 841
7162 832
7163 862
7164 863
7165 875
7166 890
7167 893
7168 853
7169 847
7170 871
7171 907
7172 926
7173 911
7174 878
7175 876
7176 870
7177 864
7178 860
7179 877
7180 893
7181 893
7182 920
7183 898
7184 879
7185 854
7186 866
7187 827
7188 825
7189 799
7190 839
7191 825
7192 815
7193 838
7194 828
7195 807
7196 814
7197 795
7198 773
7199 795
7200 790
7201 808
7202 836
7203 847
7204 869
7205 815
7206 841
7207 834
7208 811
7209 792
7210 792
7211 813
7212 796
7213 775
7214 761
7215 717
7216 711
7217 757
7218 707
7219 690
7220 685
7221 689
7222 698
7223 730
7224 746
7225 740
7226 748
7227 773
7228 750
7229 749
7230 753
7231 783
7232 733
7233 739
7234 769
7235 780
7236 766
7237 781
7238 783
7239 755
7240 769
7241 781
7242 799
7243 794
7244 817
7245 791
7246 781
7247 763
7248 720
7249 705
7250 684
7251 659
7252 676
7253 642
7254 633
7255 647
7256 651
7257 654
7258 662
7259 652
7260 671
7261 672
7262 694
7263 689
7264 684
7265 659
7266 614
7267 603
7268 605
7269 581
7270 554
7271 577
7272 577
7273 573
7274 547
7275 582
7276 582
7277 550
7278 570
7279 541
7280 576
7281 549
7282 575
7283 550
7284 580
7285 565
7286 540
7287 530
7288 547
7289 538
7290 506
7291 511
7292 483
7293 494
7294 491
7295 475
7296 470
7297 474
7298 478
7299 504
7300 495
7301 504
7302 494
7303 500
7304 490
7305 451
7306 484
7307 480
7308 506
7309 498
7310 504
7311 508
7312 548
7313 543
7314 556
7315 556
7316 575
7317 606
7318 598
7319 590
7320 570
7321 539
7322 506
7323 516
7324 481
7325 467
7326 504
7327 498
7328 491
7329 466
7330 501
7331 504
7332 516
7333 517
7334 526
7335 480
7336 516
7337 523
7338 509
7339 537
7340 478
7341 484
7342 507
7343 492
7344 500
7345 538
7346 539
7347 537
7348 514
7349 535
7350 566
7351 530
7352 537
7353 528
7354 532
7355 532
7356 516
7357 490
7358 522
7359 512
7360 538
7361 552
7362 533
7363 557
7364 610
7365 621
7366 625
7367 597
7368 620
7369 632
7370 615
7371 614
7372 642
7373 610
7374 592
7375 588
7376 614
7377 594
7378 609
7379 619
7380 666
7381 665
7382 643
7383 633
7384 610
7385 586
7386 533
7387 551
7388 566
7389 562
7390 585
7391 556
7392 542
7393 519
7394 537
7395 478
7396 485
7397 471
7398 455
7399 474
7400 454
7401 456
7402 491
7403 450
7404 483
7405 479
7406 477
7407 458
7408 470
7409 471
7410 482
7411 481
7412 481
7413 467
7414 449
7415 461
7416 439
7417 433
7418 436
7419 457
7420 458
7421 480
7422 510
7423 523
7424 514
7425 514
7426 501
7427 505
7428 472
7429 473
7430 443
7431 454
7432 450
7433 468
7434 494
7435 478
7436 482
7437 458
7438 444
7439 473
7440 462
7441 496
7442 471
7443 427
7444 428
7445 421
7446 402
7447 408
7448 391
7449 377
7450 372
7451 386
7452 404
7453 411
7454 425
7455 422
7456 405
7457 374
7458 398
7459 416
7460 408
7461 393
7462 390
7463 369
7464 388
7465 358
7466 355
7467 372
7468 355
7469 349
7470 343
7471 365
7472 343
7473 362
7474 363
7475 375
7476 356
7477 371
7478 407
7479 418
7480 415
7481 414
7482 394
7483 387
7484 391
7485 364
7486 368
7487 364
7488 366
7489 324
7490 313
7491 300
7492 294
7493 309
7494 288
7495 298
7496 274
7497 265
7498 271
7499 269
7500 258
7501 234
7502 239
7503 242
7504 225
7505 226
7506 205
7507 190
7508 207
7509 209
7510 224
7511 241
7512 220
7513 232
7514 208
7515 187
7516 175
7517 191
7518 185
7519 165
7520 164
7521 175
7522 169
7523 178
7524 175
7525 144
7526 135
7527 130
7528 125
7529 112
7530 106
7531 106
7532 122
7533 115
7534 106
7535 95
7536 96
7537 92
7538 97
7539 110
7540 90
7541 81
7542 72
7543 66
7544 65
7545 63
7546 58
7547 59
7548 69
7549 66
7550 60
7551 74
7552 67
7553 79
7554 86
7555 118
7556 120
7557 117
7558 114
7559 109
7560 103
7561 108
7562 105
7563 105
7564 106
7565 92
7566 90
7567 91
7568 92
7569 85
7570 72
7571 86
7572 105
7573 101
7574 96
7575 97
7576 123
7577 118
7578 113
7579 103
7580 83
7581 76
7582 81
7583 83
7584 80
7585 68
7586 82
7587 67
7588 65
7589 53
7590 52
7591 56
7592 57
7593 61
7594 63
7595 67
7596 66
7597 76
7598 68
7599 63
7600 69
7601 64
7602 72
7603 76
7604 74
7605 79
7606 86
7607 88
7608 97
7609 97
7610 103
7611 110
7612 116
7613 121
7614 134
7615 120
7616 113
7617 137
7618 141
7619 135
7620 132
7621 149
7622 153
7623 149
7624 156
7625 159
7626 157
7627 147
7628 149
7629 161
7630 173
7631 166
7632 159
7633 133
7634 126
7635 118
7636 103
7637 107
7638 103
7639 106
7640 88
7641 93
7642 103
7643 107
7644 105
7645 83
7646 76
7647 83
7648 98
7649 96
7650 91
7651 90
7652 78
7653 80
7654 107
7655 109
7656 109
7657 118
7658 110
7659 117
7660 98
7661 83
7662 88
7663 75
7664 72
7665 81
7666 92
7667 94
7668 99
7669 103
7670 114
7671 99
7672 104
7673 104
7674 89
7675 89
7676 79
7677 87
7678 79
7679 85
7680 83
7681 80
7682 87
7683 92
7684 87
7685 59
7686 51
7687 53
7688 50
7689 53
7690 49
7691 46
7692 45
7693 41
7694 47
7695 37
7696 40
7697 36
7698 36
7699 38
7700 45
7701 53
7702 52
7703 60
7704 63
7705 54
7706 53
7707 59
7708 50
7709 53
7710 61
7711 68
7712 79
7713 82
7714 77
7715 86
7716 89
7717 83
7718 92
7719 87
7720 83
7721 91
7722 112
7723 99
7724 97
7725 94
7726 98
7727 100
7728 102
7729 98
7730 98
7731 84
7732 76
7733 60
7734 54
7735 57
7736 61
7737 70
7738 75
7739 68
7740 60
7741 56
7742 69
7743 56
7744 48
7745 50
7746 51
7747 59
7748 40
7749 34
7750 34
7751 40
7752 32
7753 44
7754 41
7755 43
7756 46
7757 39
7758 43
7759 44
7760 48
7761 55
7762 44
7763 36
7764 46
7765 50
7766 51
7767 57
7768 66
7769 73
7770 76
7771 61
7772 79
7773 63
7774 61
7775 54
7776 55
7777 55
7778 65
7779 54
7780 56
7781 56
7782 54
7783 66
7784 72
7785 69
7786 86
7787 82
7788 87
7789 91
7790 78
7791 76
7792 82
7793 60
7794 53
7795 54
7796 51
7797 69
7798 62
7799 68
7800 63
7801 74
7802 73
7803 68
7804 57
7805 56
7806 77
7807 92
7808 89
7809 91
7810 96
7811 93
7812 87
7813 86
7814 78
7815 79
7816 75
7817 79
7818 83
7819 81
7820 80
7821 75
7822 84
7823 69
7824 74
7825 70
7826 63
7827 64
7828 54
7829 64
7830 59
7831 67
7832 69
7833 67
7834 56
7835 61
7836 76
7837 81
7838 92
7839 92
7840 83
7841 82
7842 81
7843 79
7844 74
7845 70
7846 80
7847 92
7848 82
7849 76
7850 80
7851 72
7852 83
7853 66
7854 82
7855 86
7856 72
7857 76
7858 70
7859 81
7860 77
7861 82
7862 73
7863 88
7864 106
7865 95
7866 100
7867 99
7868 98
7869 81
7870 91
7871 92
7872 94
7873 96
7874 94
7875 109
7876 89
7877 99
7878 81
7879 89
7880 88
7881 90
7882 100
7883 103
7884 82
7885 83
7886 89
7887 99
7888 101
7889 103
7890 96
7891 94
7892 89
7893 95
7894 96
7895 102
7896 111
7897 99
7898 95
7899 114
7900 97
7901 108
7902 91
7903 94
7904 113
7905 117
7906 114
7907 115
7908 109
7909 106
7910 115
7911 109
7912 117
7913 105
7914 103
7915 117
7916 113
7917 102
7918 116
7919 128
7920 118
7921 128
7922 129
7923 132
7924 123
7925 111
7926 90
7927 111
7928 103
7929 106
7930 127
7931 135
7932 123
7933 117
7934 116
7935 122
7936 115
7937 110
7938 103
7939 97
7940 89
7941 95
7942 88
7943 89
7944 80
7945 84
7946 93
7947 90
7948 75
7949 84
7950 84
7951 75
7952 80
7953 68
7954 73
7955 76
7956 87
7957 93
7958 93
7959 98
7960 88
7961 96
7962 84
7963 87
7964 84
7965 98
7966 85
7967 78
7968 91
7969 96
7970 98
7971 84
7972 90
7973 77
7974 87
7975 100
7976 97
7977 83
7978 77
7979 71
7980 68
7981 74
7982 98
7983 79
7984 80
7985 86
7986 95
7987 101
7988 108
7989 111
7990 95
7991 91
7992 92
7993 83
7994 65
7995 68
7996 77
7997 68
7998 63
7999 83
8000 78
8001 89
8002 80
8003 69
8004 75
8005 80
8006 91
8007 92
8008 82
8009 76
8010 89
8011 84
8012 92
8013 94
8014 84
8015 80
8016 73
8017 62
8018 52
8019 47
8020 44
8021 58
8022 66
8023 68
8024 61
8025 54
8026 61
8027 57
8028 57
8029 44
8030 53
8031 41
8032 49
8033 47
8034 47
8035 57
8036 43
8037 37
8038 28
8039 32
8040 28
8041 32
8042 20
8043 14
8044 17
8045 19
8046 22
8047 24
8048 30
8049 30
8050 41
8051 41
8052 50
8053 32
8054 24
8055 24
8056 13
8057 14
8058 18
8059 24
8060 33
8061 38
8062 43
8063 59
8064 61
8065 56
8066 61
8067 78
8068 72
8069 71
8070 72
8071 67
8072 77
8073 75
8074 99
8075 78
8076 79
8077 84
8078 92
8079 99
8080 95
8081 100
8082 99
8083 100
8084 103
8085 92
8086 88
8087 87
8088 78
8089 86
8090 78
8091 60
8092 50
8093 44
8094 43
8095 38
8096 37
8097 40
8098 46
8099 52
8100 46
8101 35
8102 45
8103 49
8104 47
8105 46
8106 47
8107 53
8108 61
8109 58
8110 69
8111 75
8112 66
8113 68
8114 78
8115 85
8116 91
8117 93
8118 86
8119 81
8120 86
8121 76
8122 85
8123 89
8124 90
8125 98
8126 92
8127 98
8128 109
8129 111
8130 114
8131 132
8132 137
8133 136
8134 139
8135 137
8136 155
8137 142
8138 154
8139 120
8140 124
8141 130
8142 129
8143 126
8144 124
8145 151
8146 142
8147 139
8148 167
8149 184
8150 183
8151 192
8152 213
8153 206
8154 183
8155 185
8156 185
8157 181
8158 205
8159 217
8160 226
8161 231
8162 220
8163 238
8164 251
8165 251
8166 247
8167 248
8168 252
8169 270
8170 275
8171 265
8172 245
8173 235
8174 239
8175 235
8176 215
8177 204
8178 204
8179 212
8180 227
8181 232
8182 256
8183 245
8184 244
8185 259
8186 247
8187 272
8188 280
8189 272
8190 305
8191 283
8192 265
8193 281
8194 286
8195 264
8196 260
8197 262
8198 271
8199 287
8200 267
8201 281
8202 286
8203 265
8204 265
8205 287
8206 295
8207 298
8208 280
8209 279
8210 262
8211 245
8212 244
8213 255
8214 248
8215 261
8216 270
8217 261
8218 244
8219 240
8220 227
8221 230
8222 220
8223 200
8224 212
8225 217
8226 245
8227 226
8228 219
8229 217
8230 200
8231 220
8232 201
8233 225
8234 216
8235 203
8236 202
8237 204
8238 203
8239 167
8240 188
8241 200
8242 186
8243 202
8244 202
8245 217
8246 201
8247 210
8248 196
8249 210
8250 211
8251 208
8252 198
8253 175
8254 168
8255 180
8256 164
8257 183
8258 196
8259 182
8260 187
8261 182
8262 201
8263 200
8264 216
8265 213
8266 201
8267 199
8268 209
8269 216
8270 220
8271 223
8272 230
8273 223
8274 222
8275 250
8276 241
8277 281
8278 284
8279 313
8280 299
8281 292
8282 268
8283 308
8284 286
8285 279
8286 249
8287 220
8288 226
8289 243
8290 264
8291 276
8292 291
8293 286
8294 292
8295 305
8296 309
8297 307
8298 321
8299 325
8300 333
8301 333
8302 327
8303 351
8304 341
8305 345
8306 346
8307 362
8308 312
8309 331
8310 339
8311 326
8312 325
8313 303
8314 298
8315 296
8316 284
8317 286
8318 262
8319 251
8320 272
8321 263
8322 269
8323 284
8324 306
8325 281
8326 277
8327 270
8328 245
8329 264
8330 273
8331 282
8332 291
8333 294
8334 283
8335 251
8336 251
8337 236
8338 265
8339 265
8340 282
8341 284
8342 290
8343 314
8344 295
8345 299
8346 295
8347 286
8348 262
8349 238
8350 240
8351 252
8352 241
8353 233
8354 209
8355 218
8356 203
8357 180
8358 180
8359 177
8360 157
8361 136
8362 130
8363 125
8364 117
8365 120
8366 116
8367 111
8368 119
8369 119
8370 101
8371 91
8372 97
8373 89
8374 84
8375 80
8376 84
8377 81
8378 70
8379 71
8380 78
8381 74
8382 68
8383 82
8384 90
8385 80
8386 80
8387 70
8388 72
8389 76
8390 76
8391 67
8392 62
8393 54
8394 57
8395 53
8396 45
8397 49
8398 45
8399 46
8400 43
8401 42
8402 46
8403 53
8404 48
8405 49
8406 54
8407 63
8408 65
8409 73
8410 59
8411 51
8412 67
8413 65
8414 58
8415 69
8416 71
8417 77
8418 72
8419 83
8420 76
8421 66
8422 60
8423 52
8424 59
8425 57
8426 64
8427 75
8428 70
8429 81
8430 80
8431 79
8432 83
8433 91
8434 103
8435 112
8436 118
8437 112
8438 117
8439 110
8440 111
8441 118
8442 111
8443 112
8444 112
8445 107
8446 112
8447 136
8448 133
8449 138
8450 144
8451 151
8452 154
8453 177
8454 175
8455 163
8456 147
8457 156
8458 148
8459 152
8460 145
8461 162
8462 174
8463 180
8464 203
8465 205
8466 216
8467 209
8468 216
8469 229
8470 226
8471 225
8472 204
8473 227
8474 224
8475 216
8476 226
8477 218
8478 215
8479 200
8480 212
8481 215
8482 218
8483 197
8484 180
8485 150
8486 157
8487 143
8488 161
8489 171
8490 175
8491 161
8492 157
8493 160
8494 160
8495 174
8496 179
8497 197
8498 194
8499 201
8500 191
8501 194
8502 196
8503 200
8504 201
8505 210
8506 217
8507 219
8508 225
8509 218
8510 214
8511 218
8512 241
8513 255
8514 255
8515 228
8516 228
8517 224
8518 236
8519 253
8520 246
8521 260
8522 256
8523 269
8524 272
8525 270
8526 255
8527 266
8528 271
8529 258
8530 262
8531 254
8532 224
8533 252
8534 266
8535 249
8536 227
8537 226
8538 230
8539 222
8540 237
8541 220
8542 235
8543 228
8544 234
8545 239
8546 237
8547 241
8548 233
8549 218
8550 239
8551 222
8552 212
8553 216
8554 220
8555 218
8556 247
8557 247
8558 241
8559 243
8560 235
8561 230
8562 233
8563 212
8564 197
8565 190
8566 185
8567 171
8568 192
8569 197
8570 183
8571 194
8572 205
8573 210
8574 226
8575 220
8576 224
8577 216
8578 184
8579 160
8580 147
8581 159
8582 158
8583 158
8584 169
8585 150
8586 128
8587 123
8588 132
8589 130
8590 115
8591 109
8592 106
8593 107
8594 101
8595 93
8596 79
8597 79
8598 69
8599 71
8600 76
8601 77
8602 83
8603 74
8604 79
8605 71
8606 62
8607 79
8608 80
8609 77
8610 73
8611 84
8612 94
8613 106
8614 114
8615 100
8616 108
8617 115
8618 109
8619 104
8620 107
8621 107
8622 129
8623 129
8624 145
8625 139
8626 160
8627 176
8628 162
8629 161
8630 177
8631 181
8632 204
8633 198
8634 193
8635 185
8636 218
8637 225
8638 224
8639 228
8640 202
8641 223
8642 243
8643 238
8644 218
8645 222
8646 228
8647 236
8648 227
8649 229
8650 240
8651 249
8652 232
8653 257
8654 262
8655 261
8656 250
8657 240
8658 214
8659 226
8660 228
8661 224
8662 238
8663 252
8664 243
8665 225
8666 222
8667 251
8668 253
8669 272
8670 252
8671 281
8672 294
8673 294
8674 281
8675 306
8676 306
8677 314
8678 327
8679 322
8680 359
8681 403
8682 386
8683 371
8684 355
8685 346
8686 331
8687 327
8688 346
8689 346
8690 350
8691 346
8692 351
8693 362
8694 390
8695 433
8696 421
8697 439
8698 414
8699 422
8700 416
8701 412
8702 421
8703 410
8704 414
8705 434
8706 448
8707 437
8708 449
8709 485
8710 493
8711 487
8712 477
8713 460
8714 475
8715 507
8716 495
8717 511
8718 509
8719 520
8720 508
8721 525
8722 477
8723 490
8724 518
8725 514
8726 497
8727 509
8728 500
8729 465
8730 470
8731 481
8732 490
8733 429
8734 419
8735 410
8736 405
8737 423
8738 440
8739 462
8740 451
8741 429
8742 430
8743 391
8744 391
8745 396
8746 414
8747 415
8748 401
8749 384
8750 410
8751 407
8752 382
8753 380
8754 384
8755 407
8756 402
8757 405
8758 418
8759 419
8760 414
8761 450
8762 438
8763 466
8764 463
8765 446
8766 426
8767 407
8768 405
8769 399
8770 414
8771 446
8772 468
8773 465
8774 458
8775 461
8776 444
8777 468
8778 473
8779 504
8780 494
8781 495
8782 484
8783 451
8784 442
8785 437
8786 464
8787 447
8788 444
8789 460
8790 484
8791 473
8792 481
8793 456
8794 467
8795 463
8796 459
8797 446
8798 462
8799 456
8800 440
8801 447
8802 434
8803 469
8804 463
8805 476
8806 473
8807 486
8808 460
8809 427
8810 421
8811 413
8812 442
8813 440
8814 474
8815 479
8816 500
8817 534
8818 509
8819 506
8820 498
8821 507
8822 533
8823 546
8824 532
8825 554
8826 543
8827 554
8828 528
8829 528
8830 524
8831 536
8832 570
8833 556
8834 543
8835 544
8836 502
8837 491
8838 508
8839 494
8840 525
8841 527
8842 522
8843 507
8844 498
8845 498
8846 509
8847 551
8848 564
8849 547
8850 538
8851 531
8852 528
8853 540
8854 535
8855 511
8856 497
8857 507
8858 488
8859 501
8860 494
8861 490
8862 489
8863 461
8864 468
8865 456
8866 440
8867 433
8868 411
8869 415
8870 458
8871 425
8872 420
8873 415
8874 416
8875 408
8876 412
8877 373
8878 347
8879 321
8880 311
8881 314
8882 320
8883 298
8884 268
8885 270
8886 271
8887 256
8888 248
8889 233
8890 242
8891 276
8892 263
8893 262
8894 243
8895 274
8896 270
8897 242
8898 269
8899 268
8900 271
8901 257
8902 252
8903 250
8904 237
8905 249
8906 259
8907 271
8908 283
8909 292
8910 293
8911 309
8912 283
8913 275
8914 279
8915 317
8916 327
8917 325
8918 352
8919 373
8920 363
8921 357
8922 331
8923 319
8924 315
8925 314
8926 311
8927 284
8928 261
8929 269
8930 247
8931 235
8932 219
8933 207
8934 217
8935 221
8936 243
8937 229
8938 229
8939 228
8940 212
8941 213
8942 233
8943 237
8944 244
8945 253
8946 274
8947 295
8948 298
8949 314
8950 341
8951 302
8952 320
8953 308
8954 300
8955 307
8956 321
8957 282
8958 284
8959 258
8960 269
8961 254
8962 271
8963 260
8964 242
8965 230
8966 242
8967 241
8968 232
8969 253
8970 263
8971 236
8972 226
8973 211
8974 221
8975 230
8976 214
8977 202
8978 176
8979 161
8980 168
8981 168
8982 162
8983 180
8984 181
8985 186
8986 166
8987 171
8988 186
8989 195
8990 203
8991 207
8992 223
8993 215
8994 208
8995 177
8996 179
8997 186
8998 203
8999 202
9000 216
9001 227
9002 229
9003 241
9004 252
9005 262
9006 234
9007 228
9008 218
9009 225
9010 255
9011 270
9012 278
9013 267
9014 264
9015 244
9016 227
9017 227
9018 240
9019 235
9020 234
9021 239
9022 219
9023 194
9024 202
9025 225
9026 230
9027 234
9028 211
9029 235
9030 245
9031 288
9032 309
9033 318
9034 308
9035 285
9036 306
9037 329
9038 341
9039 338
9040 343
9041 337
9042 301
9043 302
9044 306
9045 283
9046 279
9047 265
9048 252
9049 267
9050 278
9051 273
9052 255
9053 257
9054 255
9055 254
9056 248
9057 240
9058 243
9059 210
9060 210
9061 238
9062 252
9063 244
9064 249
9065 264
9066 285
9067 261
9068 270
9069 294
9070 295
9071 319
9072 323
9073 305
9074 336
9075 336
9076 357
9077 373
9078 379
9079 370
9080 384
9081 382
9082 365
9083 345
9084 337
9085 330
9086 351
9087 341
9088 347
9089 350
9090 388
9091 375
9092 363
9093 358
9094 378
9095 381
9096 373
9097 373
9098 387
9099 371
9100 375
9101 408
9102 406
9103 414
9104 430
9105 411
9106 425
9107 462
9108 498
9109 483
9110 508
9111 498
9112 517
9113 531
9114 562
9115 521
9116 545
9117 597
9118 564
9119 568
9120 578
9121 587
9122 586
9123 585
9124 601
9125 614
9126 604
9127 583
9128 591
9129 579
9130 590
9131 592
9132 591
9133 593
9134 625
9135 631
9136 615
9137 601
9138 614
9139 620
9140 617
9141 622
9142 640
9143 632
9144 667
9145 615
9146 648
9147 664
9148 670
9149 687
9150 671
9151 668
9152 707
9153 667
9154 663
9155 688
9156 726
9157 730
9158 705
9159 696
9160 678
9161 717
9162 702
9163 685
9164 712
9165 729
9166 733
9167 758
9168 761
9169 755
9170 774
9171 815
9172 858
9173 859
9174 821
9175 806
9176 831
9177 861
9178 859
9179 838
9180 837
9181 854
9182 847
9183 879
9184 901
9185 873
9186 889
9187 888
9188 901
9189 927
9190 916
9191 875
9192 848
9193 857
9194 847
9195 858
9196 828
9197 844
9198 826
9199 825
9200 839
9201 887
9202 874
9203 872
9204 832
9205 814
9206 802
9207 774
9208 733
9209 721
9210 720
9211 734
9212 742
9213 757
9214 781
9215 767
9216 729
9217 735
9218 785
9219 802
9220 791
9221 771
9222 764
9223 796
9224 777
9225 769
9226 754
9227 747
9228 708
9229 737
9230 761
9231 793
9232 807
9233 829
9234 815
9235 801
9236 781
9237 801
9238 796
9239 821
9240 840
9241 803
9242 783
9243 794
9244 783
9245 793
9246 772
9247 761
9248 805
9249 787
9250 741
9251 768
9252 761
9253 747
9254 708
9255 667
9256 680
9257 705
9258 725
9259 720
9260 738
9261 767
9262 750
9263 753
9264 745
9265 738
9266 727
9267 735
9268 734
9269 780
9270 758
9271 782
9272 766
9273 794
9274 805
9275 753
9276 761
9277 772
9278 738
9279 739
9280 707
9281 681
9282 684
9283 727
9284 770
9285 793
9286 772
9287 723
9288 717
9289 720
9290 731
9291 754
9292 748
9293 747
9294 777
9295 784
9296 751
9297 760
9298 779
9299 831
9300 820
9301 809
9302 821
9303 845
9304 845
9305 827
9306 864
9307 885
9308 882
9309 883
9310 909
9311 896
9312 897
9313 927
9314 948
9315 938
9316 907
9317 929
9318 906
9319 930
9320 894
9321 889
9322 845
9323 858
9324 929
9325 899
9326 932
9327 932
9328 951
9329 998
9330 0
9331 969
9332 935
9333 940
9334 895
9335 841
9336 869
9337 915
9338 915
9339 933
9340 941
9341 906
9342 934
9343 939
9344 904
9345 897
9346 869
9347 851
9348 867
9349 873
9350 887
9351 851
9352 798
9353 771
9354 773
9355 770
9356 782
9357 763
9358 753
9359 730
9360 736
9361 725
9362 760
9363 745
9364 789
9365 790
9366 766
9367 743
9368 740
9369 741
9370 722
9371 705
9372 731
9373 725
9374 708
9375 678
9376 666
9377 722
9378 730
9379 695
9380 697
9381 696
9382 700
9383 745
9384 726
9385 723
9386 727
9387 702
9388 703
9389 708
9390 711
9391 730
9392 711
9393 751
9394 751
9395 753
9396 768
9397 764
9398 752
9399 730
9400 732
9401 731
9402 749
9403 787
9404 819
9405 807
9406 841
9407 848
9408 868
9409 860
9410 880
9411 868
9412 871
9413 859
9414 880
9415 891
9416 904
9417 895
9418 902
9419 903
9420 913
9421 918
9422 895
9423 901
9424 911
9425 927
9426 899
9427 868
9428 885
9429 833
9430 857
9431 847
9432 831
9433 801
9434 767
9435 784
9436 795
9437 783
9438 786
9439 820
9440 821
9441 838
9442 833
9443 842
9444 855
9445 838
9446 859
9447 869
9448 884
9449 887
9450 872
9451 875
9452 863
9453 881
9454 864
9455 893
9456 903
9457 919
9458 910
9459 886
9460 904
9461 884
9462 869
9463 901
9464 906
9465 880
9466 899
9467 930
9468 908
9469 919
9470 899
9471 891
9472 872
9473 799
9474 768
9475 766
9476 748
9477 767
9478 813
9479 813
9480 766
9481 745
9482 774
9483 763
9484 770
9485 781
9486 783
9487 760
9488 759
9489 780
9490 754
9491 775
9492 729
9493 737
9494 725
9495 714
9496 725
9497 742
9498 714
9499 732
9500 721
9501 753
9502 785
9503 770
9504 815
9505 791
9506 768
9507 775
9508 780
9509 791
9510 811
9511 818
9512 829
9513 817
9514 831
9515 824
9516 818
9517 821
9518 785
9519 756
9520 739
9521 780
9522 776
9523 762
9524 767
9525 769
9526 766
9527 737
9528 716
9529 714
9530 720
9531 710
9532 754
9533 781
9534 800
9535 784
9536 775
9537 770
9538 783
9539 791
9540 808
9541 807
9542 832
9543 868
9544 900
9545 939
9546 927
9547 955
9548 943
9549 972
9550 978
9551 973
9552 967
9553 995
9554 10
9555 1
9556 986
9557 997
9558 29
9559 998
9560 28
9561 63
9562 87
9563 78
9564 115
9565 97
9566 112
9567 123
9568 142
9569 139
9570 159
9571 121
9572 119
9573 168
9574 176
9575 151
9576 163
9577 141
9578 137
9579 140
9580 183
9581 169
9582 161
9583 148
9584 147
9585 145
9586 121
9587 107
9588 95
9589 145
9590 112
9591 102
9592 146
9593 174
9594 147
9595 160
9596 163
9597 191
9598 175
9599 211
9600 174
9601 197
9602 164
9603 151
9604 125
9605 124
9606 118
9607 129
9608 163
9609 156
9610 155
9611 151
9612 115
9613 128
9614 139
9615 182
9616 200
9617 197
9618 183
9619 184
9620 197
9621 198
9622 212
9623 201
9624 179
9625 165
9626 185
9627 208
9628 221
9629 228
9630 226
9631 233
9632 228
9633 231
9634 232
9635 219
9636 285
9637 300
9638 288
9639 298
9640 314
9641 321
9642 343
9643 335
9644 334
9645 350
9646 353
9647 396
9648 362
9649 367
9650 386
9651 390
9652 419
9653 447
9654 445
9655 404
9656 445
9657 472
9658 466
9659 457
9660 475
9661 488
9662 469
9663 429
9664 408
9665 386
9666 383
9667 417
9668 419
9669 434
9670 467
9671 446
9672 462
9673 479
9674 480
9675 501
9676 488
9677 483
9678 482
9679 507
9680 505
9681 517
9682 545
9683 520
9684 519
9685 508
9686 516
9687 511
9688 535
9689 557
9690 555
9691 512
9692 515
9693 503
9694 487
9695 468
9696 456
9697 460
9698 497
9699 516
9700 532
9701 484
9702 509
9703 519
9704 514
9705 503
9706 514
9707 499
9708 499
9709 510
9710 509
9711 527
9712 540
9713 592
9714 624
9715 599
9716 624
9717 598
9718 573
9719 546
9720 532
9721 539
9722 526
9723 520
9724 493
9725 499
9726 461
9727 467
9728 454
9729 455
9730 453
9731 441
9732 439
9733 433
9734 418
9735 397
9736 406
9737 434
9738 413
9739 397
9740 371
9741 374
9742 389
9743 411
9744 418
9745 391
9746 372
9747 368
9748 328
9749 306
9750 325
9751 332
9752 292
9753 315
9754 258
9755 271
9756 258
9757 243
9758 216
9759 222
9760 242
9761 236
9762 255
9763 238
9764 252
9765 258
9766 288
9767 303
9768 319
9769 340
9770 344
9771 346
9772 347
9773 330
9774 326
9775 334
9776 374
9777 371
9778 383
9779 374
9780 356
9781 313
9782 342
9783 349
9784 335
9785 297
9786 270
9787 282
9788 287
9789 283
9790 273
9791 263
9792 276
9793 289
9794 285
9795 316
9796 276
9797 233
9798 249
9799 255
9800 257
9801 233
9802 229
9803 241
9804 251
9805 222
9806 195
9807 168
9808 162
9809 178
9810 162
9811 187
9812 185
9813 203
9814 263
9815 258
9816 291
9817 303
9818 289
9819 258
9820 235
9821 252
9822 272
9823 288
9824 302
9825 321
9826 296
9827 297
9828 314
9829 250
9830 292
9831 264
9832 248
9833 247
9834 246
9835 255
9836 274
9837 328
9838 336
9839 342
9840 355
9841 329
9842 332
9843 323
9844 301
9845 326
9846 355
9847 360
9848 334
9849 328
9850 347
9851 358
9852 407
9853 409
9854 424
9855 393
9856 374
9857 386
9858 339
9859 366
9860 395
9861 392
9862 419
9863 429
9864 469
9865 489
9866 506
9867 492
9868 525
9869 529
9870 499
9871 497
9872 512
9873 550
9874 553
9875 525
9876 540
9877 535
9878 561
9879 544
9880 557
9881 573
9882 581
9883 597
9884 612
9885 588
9886 582
9887 532
9888 545
9889 505
9890 517
9891 579
9892 556
9893 549
9894 542
9895 497
9896 529
9897 561
9898 558
9899 565
9900 599
9901 622
9902 575
9903 557
9904 553
9905 569
9906 581
9907 588
9908 588
9909 604
9910 547
9911 551
9912 578
9913 550
9914 554
9915 560
9916 571
9917 583
9918 589
9919 587
9920 574
9921 543
9922 500
9923 492
9924 511
9925 512
9926 518
9927 481
9928 462
9929 470
9930 477
9931 428
9932 446
9933 405
9934 418
9935 398
9936 398
9937 365
9938 361
9939 399
9940 383
9941 413
9942 443
9943 430
9944 424
9945 462
9946 503
9947 508
9948 500
9949 520
9950 508
9951 522
9952 529
9953 510
9954 541
9955 547
9956 588
9957 573
9958 589
9959 571
9960 558
9961 571
9962 573
9963 581
9964 567
9965 591
9966 618
9967 597
9968 600
9969 603
9970 664
9971 665
9972 660
9973 679
9974 697
9975 721
9976 709
9977 721
9978 698
9979 714
9980 698
9981 724
9982 684
9983 694
9984 696
9985 740
9986 715
9987 690
9988 695
9989 689
9990 699
9991 704
9992 689
9993 705
9994 705
9995 713
9996 695
9997 700
9998 735
9999 770
10000 782
