1 1
2 3
3 4
4 9
5 13
6 13
7 17
8 26
9 30
10 41
11 41
12 38
13 44
14 53
15 63
16 73
17 79
18 83
19 79
20 79
21 78
22 82
23 81
24 90
25 84
26 77
27 83
28 67
29 58
30 56
31 59
32 62
33 58
34 53
35 50
36 52
37 42
38 48
39 48
40 53
41 44
42 52
43 42
44 39
45 50
46 65
47 73
48 75
49 68
50 72
51 85
52 89
53 88
54 89
55 106
56 102
57 123
58 125
59 126
60 124
61 116
62 116
63 130
64 145
65 163
66 155
67 168
68 161
69 164
70 162
71 151
72 161
73 194
74 207
75 197
76 185
77 210
78 192
79 187
80 197
81 204
82 181
83 190
84 186
85 211
86 252
87 257
88 243
89 221
90 214
91 204
92 203
93 192
94 195
95 166
96 158
97 184
98 178
99 183
100 194
101 207
102 212
103 213
104 227
105 224
106 242
107 230
108 240
109 257
110 263
111 284
112 269
113 258
114 237
115 236
116 257
117 266
118 266
119 272
120 265
121 271
122 258
123 244
124 260
125 282
126 276
127 263
128 279
129 291
130 278
131 262
132 269
133 285
134 279
135 283
136 332
137 352
138 351
139 336
140 323
141 315
142 294
143 275
144 268
145 270
146 289
147 271
148 274
149 261
150 259
151 279
152 301
153 279
154 285
155 258
156 258
157 265
158 266
159 248
160 257
161 255
162 241
163 238
164 254
165 258
166 241
167 252
168 259
169 247
170 263
171 265
172 302
173 295
174 307
175 306
176 292
177 280
178 272
179 271
180 268
181 269
182 293
183 254
184 246
185 270
186 263
187 233
188 231
189 257
190 251
191 271
192 285
193 269
194 262
195 278
196 261
197 265
198 236
199 223
200 238
201 248
202 257
203 247
204 222
205 254
206 241
207 246
208 255
209 245
210 202
211 182
212 165
213 194
214 199
215 217
216 211
217 205
218 203
219 207
220 238
221 217
222 205
223 207
224 209
225 228
226 216
227 230
228 227
229 242
230 226
231 212
232 217
233 235
234 233
235 211
236 213
237 199
238 202
239 178
240 158
241 156
242 162
243 156
244 165
245 140
246 161
247 179
248 187
249 190
250 199
251 208
252 213
253 227
254 235
255 231
256 260
257 274
258 297
259 286
260 283
261 283
262 316
263 336
264 314
265 308
266 309
267 306
268 329
269 334
270 320
271 317
272 329
273 336
274 325
275 306
276 307
277 322
278 290
279 296
280 280
281 303
282 315
283 330
284 311
285 301
286 293
287 302
288 302
289 300
290 315
291 312
292 308
293 316
294 313
295 305
296 330
297 325
298 324
299 305
300 305
301 284
302 262
303 258
304 290
305 307
306 288
307 283
308 270
309 289
310 266
311 277
312 276
313 301
314 314
315 334
316 344
317 354
318 335
319 318
320 319
321 325
322 338
323 345
324 339
325 360
326 381
327 364
328 353
329 356
330 371
331 352
332 347
333 320
334 336
335 338
336 348
337 352
338 357
339 368
340 382
341 363
342 366
343 378
344 413
345 404
346 417
347 404
348 376
349 384
350 395
351 391
352 436
353 407
354 440
355 452
356 436
357 427
358 390
359 375
360 365
361 359
362 358
363 366
364 392
365 408
366 412
367 435
368 448
369 462
370 436
371 459
372 472
373 467
374 464
375 440
376 459
377 502
378 509
379 504
380 479
381 507
382 532
383 586
384 591
385 566
386 563
387 534
388 523
389 558
390 566
391 601
392 629
393 580
394 560
395 561
396 553
397 535
398 508
399 517
400 540
401 528
402 527
403 550
404 537
405 590
406 613
407 560
408 543
409 545
410 555
411 537
412 551
413 519
414 505
415 465
416 482
417 461
418 451
419 428
420 452
421 479
422 495
423 505
424 477
425 492
426 486
427 488
428 510
429 499
430 433
431 404
432 420
433 457
434 461
435 440
436 478
437 477
438 459
439 440
440 422
441 410
442 415
443 406
444 400
445 428
446 416
447 401
448 367
449 310
450 319
451 292
452 310
453 309
454 314
455 315
456 325
457 320
458 319
459 332
460 321
461 297
462 287
463 312
464 310
465 313
466 280
467 243
468 235
469 251
470 255
471 245
472 227
473 210
474 213
475 191
476 179
477 164
478 173
479 190
480 145
481 149
482 146
483 157
484 147
485 141
486 152
487 172
488 169
489 169
490 151
491 148
492 144
493 135
494 119
495 116
496 137
497 130
498 129
499 127
500 143
501 131
502 107
503 94
504 93
505 98
506 96
507 98
508 104
509 105
510 92
511 89
512 108
513 116
514 113
515 117
516 113
517 112
518 118
519 106
520 102
521 89
522 98
523 102
524 119
525 130
526 128
527 121
528 135
529 136
530 128
531 126
532 111
533 109
534 94
535 118
536 103
537 111
538 127
539 124
540 136
541 140
542 138
543 142
544 144
545 129
546 131
547 132
548 152
549 146
550 147
551 155
552 150
553 166
554 162
555 179
556 171
557 179
558 180
559 205
560 205
561 219
562 215
563 228
564 226
565 228
566 202
567 216
568 244
569 251
570 259
571 298
572 301
573 300
574 298
575 327
576 319
577 333
578 327
579 330
580 332
581 334
582 354
583 355
584 363
585 381
586 406
587 410
588 440
589 415
590 428
591 422
592 435
593 448
594 478
595 462
596 463
597 441
598 433
599 397
600 398
601 387
602 386
603 380
604 390
605 388
606 386
607 374
608 364
609 347
610 352
611 346
612 352
613 359
614 357
615 331
616 318
617 313
618 304
619 294
620 306
621 337
622 320
623 347
624 342
625 371
626 348
627 363
628 362
629 350
630 327
631 328
632 311
633 309
634 332
635 349
636 342
637 370
638 342
639 327
640 353
641 346
642 332
643 327
644 307
645 301
646 303
647 302
648 311
649 308
650 313
651 311
652 351
653 407
654 447
655 441
656 451
657 416
658 414
659 416
660 464
661 467
662 470
663 464
664 464
665 479
666 444
667 447
668 462
669 487
670 496
671 474
672 499
673 498
674 527
675 547
676 525
677 550
678 506
679 524
680 522
681 503
682 519
683 514
684 523
685 507
686 483
687 449
688 445
689 438
690 426
691 471
692 471
693 486
694 470
695 437
696 425
697 436
698 459
699 468
700 452
701 461
702 454
703 467
704 477
705 470
706 451
707 464
708 494
709 495
710 518
711 523
712 560
713 548
714 578
715 583
716 589
717 626
718 594
719 550
720 580
721 581
722 572
723 586
724 610
725 612
726 622
727 626
728 630
729 638
730 615
731 584
732 606
733 579
734 591
735 522
736 542
737 553
738 582
739 585
740 619
741 609
742 617
743 626
744 641
745 580
746 579
747 602
748 638
749 617
750 604
751 608
752 617
753 617
754 606
755 559
756 569
757 556
758 564
759 584
760 580
761 568
762 552
763 560
764 567
765 556
766 587
767 563
768 543
769 530
770 528
771 532
772 535
773 554
774 536
775 552
776 532
777 543
778 550
779 548
780 536
781 590
782 589
783 586
784 571
785 563
786 536
787 535
788 550
789 550
790 556
791 581
792 577
793 592
794 600
795 591
796 574
797 580
798 557
799 548
800 568
801 589
802 605
803 621
804 642
805 601
806 565
807 520
808 528
809 539
810 530
811 528
812 518
813 511
814 503
815 491
816 502
817 529
818 534
819 519
820 509
821 520
822 563
823 570
824 561
825 555
826 532
827 555
828 569
829 563
830 531
831 493
832 474
833 482
834 471
835 498
836 541
837 546
838 603
839 612
840 571
841 565
842 584
843 617
844 617
845 644
846 607
847 630
848 664
849 651
850 673
851 699
852 667
853 607
854 618
855 640
856 673
857 667
858 695
859 718
860 732
861 715
862 696
863 710
864 749
865 787
866 805
867 873
868 868
869 893
870 937
871 885
872 944
873 931
874 934
875 920
876 912
877 925
878 948
879 901
880 918
881 969
882 972
883 930
884 996
885 961
886 947
887 956
888 933
889 954
890 938
891 903
892 934
893 934
894 30
895 68
896 50
897 66
898 38
899 23
900 60
901 50
902 52
903 23
904 981
905 946
906 956
907 923
908 890
909 896
910 885
911 893
912 903
913 889
914 952
915 926
916 891
917 913
918 884
919 891
920 918
921 945
922 56
923 76
924 28
925 975
926 22
927 47
928 970
929 942
930 965
931 973
932 959
933 981
934 963
935 962
936 975
937 986
938 40
939 2
940 16
941 61
942 33
943 38
944 4
945 940
946 971
947 10
948 987
949 60
950 25
951 26
952 995
953 970
954 991
955 7
956 997
957 38
958 994
959 992
960 949
961 990
962 971
963 992
964 17
965 20
966 60
967 106
968 121
969 86
970 59
971 85
972 143
973 156
974 179
975 145
976 158
977 117
978 177
979 169
980 166
981 141
982 156
983 180
984 173
985 160
986 101
987 115
988 94
989 154
990 190
991 169
992 170
993 136
994 103
995 149
996 156
997 219
998 267
999 278
1000 350
1001 347
1002 294
1003 238
1004 216
1005 213
1006 239
1007 239
1008 207
1009 255
1010 274
1011 356
1012 362
1013 304
1014 288
1015 274
1016 250
1017 262
1018 231
1019 277
1020 299
1021 248
1022 227
1023 215
1024 222
1025 241
1026 230
1027 160
1028 148
1029 94
1030 99
1031 107
1032 106
1033 122
1034 153
1035 148
1036 155
1037 191
1038 182
1039 157
1040 154
1041 147
1042 146
1043 155
1044 125
1045 127
1046 83
1047 68
1048 52
1049 70
1050 82
1051 87
1052 96
1053 132
1054 164
1055 154
1056 162
1057 102
1058 35
1059 30
1060 48
1061 45
1062 45
1063 45
1064 997
1065 989
1066 948
1067 942
1068 922
1069 945
1070 941
1071 998
1072 8
1073 947
1074 951
1075 918
1076 936
1077 915
1078 896
1079 883
1080 930
1081 883
1082 841
1083 892
1084 883
1085 872
1086 907
1087 865
1088 847
1089 890
1090 886
1091 830
1092 876
1093 898
1094 871
1095 865
1096 897
1097 909
1098 900
1099 896
1100 874
1101 883
1102 896
1103 820
1104 878
1105 846
1106 873
1107 867
1108 861
1109 855
1110 848
1111 861
1112 866
1113 888
1114 901
1115 861
1116 839
1117 810
1118 789
1119 778
1120 772
1121 768
1122 786
1123 796
1124 804
1125 809
1126 840
1127 822
1128 835
1129 861
1130 861
1131 827
1132 839
1133 864
1134 872
1135 851
1136 787
1137 814
1138 840
1139 824
1140 790
1141 825
1142 815
1143 834
1144 860
1145 857
1146 866
1147 908
1148 855
1149 814
1150 843
1151 831
1152 819
1153 823
1154 833
1155 799
1156 740
1157 760
1158 706
1159 721
1160 743
1161 764
1162 752
1163 768
1164 738
1165 797
1166 769
1167 766
1168 763
1169 780
1170 750
1171 782
1172 726
1173 732
1174 758
1175 744
1176 749
1177 763
1178 715
1179 710
1180 744
1181 761
1182 760
1183 735
1184 725
1185 657
1186 683
1187 687
1188 598
1189 586
1190 574
1191 588
1192 649
1193 626
1194 571
1195 613
1196 592
1197 575
1198 629
1199 641
1200 596
1201 523
1202 546
1203 510
1204 586
1205 634
1206 669
1207 652
1208 664
1209 710
1210 650
1211 657
1212 639
1213 605
1214 574
1215 588
1216 632
1217 590
1218 559
1219 561
1220 512
1221 479
1222 506
1223 494
1224 476
1225 467
1226 494
1227 455
1228 478
1229 499
1230 495
1231 526
1232 558
1233 577
1234 566
1235 609
1236 557
1237 527
1238 522
1239 535
1240 526
1241 561
1242 567
1243 564
1244 542
1245 491
1246 507
1247 493
1248 485
1249 495
1250 500
1251 547
1252 579
1253 534
1254 546
1255 600
1256 687
1257 670
1258 664
1259 644
1260 628
1261 606
1262 594
1263 573
1264 655
1265 647
1266 664
1267 699
1268 721
1269 689
1270 706
1271 747
1272 762
1273 707
1274 697
1275 660
1276 675
1277 710
1278 773
1279 743
1280 682
1281 653
1282 673
1283 700
1284 701
1285 705
1286 741
1287 796
1288 655
1289 675
1290 710
1291 750
1292 787
1293 821
1294 855
1295 823
1296 849
1297 914
1298 933
1299 923
1300 955
1301 987
1302 40
1303 107
1304 42
1305 23
1306 7
1307 10
1308 954
1309 985
1310 44
1311 68
1312 66
1313 136
1314 159
1315 190
1316 170
1317 185
1318 134
1319 110
1320 31
1321 13
1322 97
1323 159
1324 200
1325 193
1326 219
1327 220
1328 259
1329 257
1330 276
1331 301
1332 241
1333 226
1334 193
1335 280
1336 217
1337 205
1338 245
1339 268
1340 276
1341 206
1342 218
1343 222
1344 232
1345 207
1346 211
1347 138
1348 150
1349 211
1350 216
1351 188
1352 191
1353 194
1354 171
1355 199
1356 146
1357 152
1358 90
1359 29
1360 85
1361 20
1362 973
1363 981
1364 15
1365 46
1366 57
1367 89
1368 151
1369 220
1370 222
1371 226
1372 217
1373 244
1374 261
1375 240
1376 248
1377 287
1378 315
1379 390
1380 386
1381 344
1382 281
1383 329
1384 298
1385 374
1386 422
1387 414
1388 483
1389 577
1390 532
1391 499
1392 472
1393 504
1394 523
1395 541
1396 627
1397 627
1398 671
1399 667
1400 700
1401 673
1402 754
1403 809
1404 773
1405 775
1406 801
1407 844
1408 899
1409 808
1410 707
1411 695
1412 656
1413 648
1414 713
1415 735
1416 711
1417 725
1418 735
1419 750
1420 760
1421 782
1422 734
1423 664
1424 654
1425 660
1426 614
1427 600
1428 560
1429 547
1430 518
1431 540
1432 495
1433 408
1434 398
1435 403
1436 364
1437 371
1438 356
1439 391
1440 488
1441 522
1442 499
1443 546
1444 486
1445 562
1446 577
1447 574
1448 557
1449 540
1450 513
1451 483
1452 439
1453 431
1454 360
1455 393
1456 402
1457 488
1458 497
1459 519
1460 500
1461 457
1462 387
1463 388
1464 390
1465 405
1466 424
1467 415
1468 331
1469 308
1470 318
1471 271
1472 253
1473 268
1474 260
1475 288
1476 278
1477 252
1478 292
1479 282
1480 285
1481 315
1482 399
1483 417
1484 459
1485 466
1486 459
1487 376
1488 391
1489 374
1490 344
1491 327
1492 357
1493 414
1494 433
1495 443
1496 447
1497 400
1498 432
1499 422
1500 413
1501 443
1502 502
1503 547
1504 568
1505 550
1506 613
1507 666
1508 699
1509 692
1510 773
1511 747
1512 766
1513 794
1514 766
1515 764
1516 737
1517 755
1518 692
1519 738
1520 776
1521 740
1522 718
1523 698
1524 705
1525 713
1526 734
1527 718
1528 748
1529 781
1530 698
1531 651
1532 588
1533 597
1534 641
1535 690
1536 594
1537 522
1538 568
1539 629
1540 694
1541 697
1542 689
1543 723
1544 659
1545 626
1546 676
1547 654
1548 665
1549 569
1550 580
1551 525
1552 434
1553 468
1554 461
1555 467
1556 406
1557 476
1558 524
1559 574
1560 538
1561 566
1562 532
1563 538
1564 560
1565 626
1566 550
1567 519
1568 520
1569 531
1570 452
1571 375
1572 410
1573 409
1574 339
1575 322
1576 345
1577 301
1578 290
1579 252
1580 264
1581 287
1582 303
1583 281
1584 268
1585 283
1586 282
1587 248
1588 241
1589 204
1590 190
1591 175
1592 164
1593 148
1594 143
1595 203
1596 238
1597 299
1598 310
1599 293
1600 234
1601 237
1602 183
1603 191
1604 152
1605 131
1606 111
1607 154
1608 149
1609 114
1610 136
1611 114
1612 173
1613 234
1614 228
1615 215
1616 161
1617 153
1618 148
1619 219
1620 217
1621 233
1622 215
1623 288
1624 248
1625 147
1626 97
1627 70
1628 103
1629 100
1630 80
1631 179
1632 96
1633 67
1634 33
1635 21
1636 48
1637 51
1638 63
1639 19
1640 29
1641 14
1642 66
1643 73
1644 115
1645 146
1646 163
1647 182
1648 228
1649 218
1650 246
1651 225
1652 224
1653 325
1654 339
1655 310
1656 258
1657 272
1658 323
1659 239
1660 278
1661 258
1662 322
1663 363
1664 410
1665 454
1666 494
1667 528
1668 524
1669 419
1670 360
1671 356
1672 276
1673 315
1674 330
1675 383
1676 388
1677 320
1678 438
1679 388
1680 430
1681 402
1682 442
1683 412
1684 405
1685 460
1686 496
1687 421
1688 481
1689 419
1690 394
1691 449
1692 490
1693 483
1694 387
1695 446
1696 399
1697 341
1698 254
1699 222
1700 155
1701 126
1702 127
1703 121
1704 78
1705 108
1706 59
1707 55
1708 40
1709 64
1710 143
1711 94
1712 42
1713 21
1714 52
1715 68
1716 81
1717 112
1718 11
1719 95
1720 44
1721 84
1722 69
1723 98
1724 151
1725 105
1726 163
1727 235
1728 209
1729 208
1730 180
1731 185
1732 238
1733 267
1734 252
1735 221
1736 219
1737 209
1738 129
1739 65
1740 100
1741 122
1742 138
1743 141
1744 156
1745 130
1746 133
1747 175
1748 233
1749 186
1750 194
1751 161
1752 163
1753 188
1754 184
1755 121
1756 183
1757 218
1758 252
1759 301
1760 249
1761 345
1762 361
1763 409
1764 421
1765 452
1766 414
1767 480
1768 410
1769 462
1770 405
1771 346
1772 430
1773 405
1774 375
1775 319
1776 340
1777 349
1778 256
1779 276
1780 353
1781 395
1782 443
1783 335
1784 348
1785 343
1786 360
1787 317
1788 352
1789 410
1790 338
1791 282
1792 317
1793 299
1794 230
1795 247
1796 276
1797 264
1798 242
1799 224
1800 211
1801 325
1802 373
1803 325
1804 321
1805 303
1806 282
1807 302
1808 335
1809 362
1810 430
1811 512
1812 514
1813 501
1814 575
1815 577
1816 553
1817 583
1818 557
1819 586
1820 584
1821 589
1822 590
1823 587
1824 597
1825 523
1826 514
1827 507
1828 551
1829 622
1830 642
1831 642
1832 660
1833 744
1834 719
1835 673
1836 682
1837 605
1838 599
1839 526
1840 490
1841 515
1842 487
1843 448
1844 420
1845 475
1846 447
1847 458
1848 478
1849 512
1850 483
1851 475
1852 517
1853 421
1854 373
1855 464
1856 413
1857 422
1858 418
1859 416
1860 416
1861 473
1862 541
1863 519
1864 615
1865 655
1866 598
1867 602
1868 608
1869 560
1870 569
1871 578
1872 584
1873 582
1874 545
1875 496
1876 503
1877 435
1878 468
1879 502
1880 489
1881 575
1882 534
1883 593
1884 643
1885 604
1886 593
1887 592
1888 555
1889 522
1890 486
1891 459
1892 502
1893 536
1894 577
1895 563
1896 514
1897 496
1898 504
1899 612
1900 576
1901 606
1902 583
1903 550
1904 638
1905 646
1906 650
1907 663
1908 630
1909 599
1910 661
1911 680
1912 718
1913 729
1914 707
1915 774
1916 818
1917 832
1918 907
1919 872
1920 838
1921 818
1922 770
1923 714
1924 712
1925 750
1926 709
1927 695
1928 765
1929 749
1930 677
1931 629
1932 646
1933 615
1934 594
1935 637
1936 720
1937 694
1938 718
1939 682
1940 662
1941 628
1942 629
1943 581
1944 496
1945 475
1946 544
1947 510
1948 474
1949 461
1950 463
1951 487
1952 472
1953 505
1954 554
1955 538
1956 559
1957 532
1958 529
1959 462
1960 469
1961 495
1962 472
1963 477
1964 466
1965 502
1966 528
1967 487
1968 436
1969 448
1970 455
1971 418
1972 493
1973 454
1974 458
1975 458
1976 528
1977 538
1978 533
1979 436
1980 413
1981 435
1982 482
1983 485
1984 538
1985 542
1986 590
1987 602
1988 574
1989 600
1990 621
1991 594
1992 580
1993 633
1994 577
1995 588
1996 591
1997 600
1998 643
1999 617
2000 601
2001 616
2002 686
2003 725
2004 764
2005 740
2006 796
2007 798
2008 818
2009 795
2010 891
2011 902
2012 868
2013 895
2014 858
2015 857
2016 818
2017 818
2018 900
2019 938
2020 0
2021 42
2022 18
2023 984
2024 48
2025 943
2026 948
2027 975
2028 983
2029 920
2030 886
2031 875
2032 930
2033 964
2034 10
2035 50
2036 119
2037 113
2038 107
2039 45
2040 74
2041 970
2042 997
2043 80
2044 128
2045 189
2046 231
2047 277
2048 325
2049 267
2050 234
2051 195
2052 238
2053 218
2054 261
2055 326
2056 340
2057 268
2058 232
2059 177
2060 80
2061 160
2062 199
2063 195
2064 141
2065 168
2066 188
2067 164
2068 250
2069 307
2070 258
2071 219
2072 251
2073 290
2074 282
2075 319
2076 379
2077 438
2078 392
2079 343
2080 375
2081 407
2082 295
2083 204
2084 252
2085 234
2086 335
2087 378
2088 379
2089 402
2090 326
2091 141
2092 144
2093 176
2094 217
2095 270
2096 322
2097 358
2098 380
2099 343
2100 285
2101 310
2102 312
2103 314
2104 393
2105 425
2106 473
2107 426
2108 421
2109 416
2110 342
2111 342
2112 308
2113 256
2114 273
2115 231
2116 240
2117 204
2118 252
2119 227
2120 266
2121 298
2122 307
2123 282
2124 279
2125 242
2126 270
2127 270
2128 175
2129 171
2130 220
2131 148
2132 127
2133 100
2134 90
2135 116
2136 66
2137 6
2138 5
2139 40
2140 16
2141 943
2142 897
2143 917
2144 900
2145 953
2146 6
2147 43
2148 64
2149 82
2150 58
2151 48
2152 15
2153 3
2154 35
2155 72
2156 145
2157 126
2158 108
2159 70
2160 122
2161 116
2162 98
2163 74
2164 981
2165 975
2166 985
2167 989
2168 980
2169 943
2170 902
2171 936
2172 901
2173 737
2174 772
2175 691
2176 708
2177 738
2178 776
2179 781
2180 836
2181 845
2182 783
2183 755
2184 727
2185 774
2186 786
2187 795
2188 842
2189 864
2190 866
2191 933
2192 933
2193 48
2194 140
2195 227
2196 308
2197 272
2198 255
2199 236
2200 250
2201 244
2202 249
2203 196
2204 92
2205 127
2206 143
2207 149
2208 58
2209 72
2210 111
2211 79
2212 90
2213 61
2214 105
2215 81
2216 100
2217 237
2218 297
2219 319
2220 329
2221 379
2222 374
2223 375
2224 420
2225 451
2226 431
2227 387
2228 484
2229 484
2230 563
2231 578
2232 544
2233 518
2234 369
2235 400
2236 494
2237 471
2238 440
2239 284
2240 340
2241 371
2242 336
2243 261
2244 282
2245 299
2246 335
2247 361
2248 355
2249 305
2250 297
2251 257
2252 331
2253 320
2254 246
2255 252
2256 341
2257 407
2258 413
2259 359
2260 419
2261 355
2262 313
2263 326
2264 315
2265 237
2266 241
2267 260
2268 302
2269 336
2270 316
2271 282
2272 317
2273 271
2274 210
2275 192
2276 220
2277 253
2278 276
2279 297
2280 298
2281 245
2282 190
2283 214
2284 147
2285 97
2286 126
2287 255
2288 270
2289 374
2290 375
2291 373
2292 268
2293 243
2294 194
2295 155
2296 192
2297 161
2298 145
2299 111
2300 77
2301 84
2302 58
2303 106
2304 126
2305 35
2306 86
2307 183
2308 196
2309 236
2310 223
2311 277
2312 243
2313 233
2314 125
2315 172
2316 116
2317 167
2318 179
2319 257
2320 127
2321 173
2322 282
2323 284
2324 247
2325 286
2326 335
2327 408
2328 300
2329 305
2330 430
2331 343
2332 371
2333 317
2334 363
2335 309
2336 337
2337 354
2338 338
2339 462
2340 456
2341 414
2342 438
2343 431
2344 412
2345 372
2346 422
2347 466
2348 367
2349 276
2350 313
2351 361
2352 321
2353 336
2354 345
2355 384
2356 428
2357 494
2358 403
2359 508
2360 425
2361 339
2362 316
2363 394
2364 260
2365 156
2366 187
2367 151
2368 270
2369 299
2370 349
2371 388
2372 471
2373 429
2374 381
2375 298
2376 262
2377 308
2378 324
2379 418
2380 406
2381 445
2382 564
2383 525
2384 601
2385 619
2386 554
2387 549
2388 592
2389 507
2390 505
2391 476
2392 504
2393 488
2394 442
2395 329
2396 263
2397 268
2398 264
2399 228
2400 213
2401 198
2402 215
2403 286
2404 291
2405 304
2406 266
2407 351
2408 336
2409 311
2410 289
2411 384
2412 382
2413 413
2414 523
2415 478
2416 597
2417 551
2418 534
2419 612
2420 708
2421 651
2422 641
2423 579
2424 635
2425 607
2426 498
2427 487
2428 414
2429 345
2430 375
2431 417
2432 477
2433 461
2434 531
2435 695
2436 743
2437 774
2438 692
2439 623
2440 626
2441 605
2442 544
2443 592
2444 650
2445 551
2446 574
2447 609
2448 745
2449 654
2450 653
2451 607
2452 616
2453 601
2454 602
2455 621
2456 630
2457 684
2458 709
2459 769
2460 731
2461 703
2462 706
2463 699
2464 706
2465 763
2466 819
2467 810
2468 805
2469 757
2470 796
2471 701
2472 714
2473 741
2474 796
2475 845
2476 931
2477 954
2478 3
2479 985
2480 966
2481 864
2482 807
2483 877
2484 890
2485 854
2486 927
2487 49
2488 95
2489 997
2490 88
2491 160
2492 135
2493 39
2494 26
2495 59
2496 119
2497 161
2498 138
2499 249
2500 260
2501 260
2502 299
2503 383
2504 350
2505 200
2506 122
2507 72
2508 85
2509 135
2510 166
2511 85
2512 15
2513 129
2514 130
2515 201
2516 289
2517 221
2518 234
2519 260
2520 228
2521 319
2522 227
2523 165
2524 134
2525 156
2526 150
2527 78
2528 1
2529 46
2530 86
2531 124
2532 147
2533 220
2534 315
2535 247
2536 370
2537 453
2538 523
2539 521
2540 534
2541 568
2542 541
2543 442
2544 483
2545 501
2546 432
2547 437
2548 502
2549 583
2550 586
2551 622
2552 521
2553 436
2554 458
2555 558
2556 446
2557 455
2558 367
2559 347
2560 445
2561 499
2562 562
2563 618
2564 801
2565 791
2566 803
2567 766
2568 667
2569 595
2570 656
2571 645
2572 642
2573 571
2574 632
2575 612
2576 364
2577 243
2578 299
2579 277
2580 336
2581 284
2582 309
2583 289
2584 310
2585 400
2586 445
2587 517
2588 563
2589 472
2590 554
2591 564
2592 683
2593 662
2594 762
2595 818
2596 795
2597 779
2598 740
2599 665
2600 633
2601 789
2602 853
2603 922
2604 872
2605 797
2606 812
2607 758
2608 662
2609 699
2610 718
2611 700
2612 692
2613 655
2614 721
2615 823
2616 942
2617 988
2618 898
2619 984
2620 975
2621 917
2622 828
2623 855
2624 734
2625 722
2626 652
2627 554
2628 490
2629 341
2630 429
2631 271
2632 408
2633 341
2634 348
2635 235
2636 243
2637 315
2638 315
2639 333
2640 231
2641 227
2642 270
2643 189
2644 373
2645 393
2646 456
2647 388
2648 389
2649 419
2650 332
2651 369
2652 326
2653 426
2654 393
2655 513
2656 530
2657 544
2658 598
2659 602
2660 616
2661 662
2662 604
2663 567
2664 694
2665 647
2666 663
2667 673
2668 772
2669 749
2670 714
2671 769
2672 793
2673 825
2674 825
2675 771
2676 731
2677 742
2678 748
2679 716
2680 778
2681 747
2682 892
2683 885
2684 736
2685 669
2686 760
2687 782
2688 712
2689 672
2690 667
2691 672
2692 733
2693 793
2694 795
2695 735
2696 678
2697 706
2698 660
2699 628
2700 754
2701 879
2702 930
2703 917
2704 819
2705 910
2706 4
2707 929
2708 914
2709 884
2710 858
2711 834
2712 778
2713 794
2714 657
2715 661
2716 639
2717 511
2718 587
2719 551
2720 506
2721 449
2722 471
2723 526
2724 518
2725 678
2726 612
2727 628
2728 651
2729 598
2730 618
2731 660
2732 850
2733 835
2734 790
2735 741
2736 766
2737 805
2738 847
2739 922
2740 914
2741 893
2742 857
2743 773
2744 739
2745 537
2746 573
2747 526
2748 488
2749 495
2750 533
2751 540
2752 460
2753 453
2754 391
2755 419
2756 541
2757 444
2758 514
2759 520
2760 358
2761 631
2762 768
2763 857
2764 885
2765 865
2766 868
2767 775
2768 793
2769 779
2770 902
2771 8
2772 872
2773 787
2774 810
2775 821
2776 782
2777 890
2778 117
2779 56
2780 905
2781 35
2782 163
2783 111
2784 93
2785 954
2786 833
2787 668
2788 514
2789 545
2790 570
2791 581
2792 504
2793 345
2794 320
2795 454
2796 463
2797 456
2798 463
2799 514
2800 416
2801 342
2802 483
2803 452
2804 400
2805 388
2806 385
2807 435
2808 449
2809 392
2810 368
2811 402
2812 431
2813 461
2814 576
2815 547
2816 544
2817 533
2818 452
2819 437
2820 462
2821 397
2822 313
2823 167
2824 174
2825 111
2826 972
2827 61
2828 88
2829 940
2830 893
2831 871
2832 857
2833 911
2834 895
2835 888
2836 820
2837 747
2838 753
2839 765
2840 845
2841 805
2842 773
2843 805
2844 925
2845 21
2846 986
2847 831
2848 838
2849 852
2850 764
2851 690
2852 713
2853 761
2854 764
2855 834
2856 774
2857 827
2858 774
2859 750
2860 772
2861 820
2862 804
2863 861
2864 944
2865 986
2866 899
2867 890
2868 3
2869 981
2870 31
2871 41
2872 35
2873 90
2874 26
2875 964
2876 910
2877 942
2878 874
2879 860
2880 889
2881 978
2882 857
2883 826
2884 734
2885 666
2886 667
2887 575
2888 613
2889 538
2890 513
2891 490
2892 574
2893 496
2894 574
2895 661
2896 649
2897 663
2898 576
2899 647
2900 494
2901 560
2902 583
2903 572
2904 490
2905 470
2906 424
2907 483
2908 445
2909 386
2910 302
2911 297
2912 306
2913 357
2914 316
2915 277
2916 296
2917 324
2918 387
2919 354
2920 293
2921 284
2922 350
2923 459
2924 485
2925 481
2926 535
2927 448
2928 546
2929 586
2930 543
2931 516
2932 541
2933 567
2934 565
2935 604
2936 677
2937 696
2938 694
2939 514
2940 476
2941 524
2942 625
2943 649
2944 558
2945 632
2946 591
2947 530
2948 456
2949 575
2950 646
2951 684
2952 713
2953 675
2954 703
2955 568
2956 622
2957 778
2958 770
2959 609
2960 593
2961 629
2962 632
2963 737
2964 727
2965 743
2966 732
2967 641
2968 753
2969 718
2970 744
2971 891
2972 854
2973 795
2974 762
2975 827
2976 865
2977 914
2978 859
2979 926
2980 926
2981 945
2982 969
2983 773
2984 747
2985 803
2986 867
2987 876
2988 780
2989 848
2990 953
2991 925
2992 926
2993 991
2994 41
2995 108
2996 76
2997 162
2998 242
2999 316
3000 201
3001 288
3002 271
3003 248
3004 222
3005 242
3006 209
3007 232
3008 186
3009 312
3010 301
3011 185
3012 236
3013 259
3014 177
3015 251
3016 276
3017 327
3018 255
3019 347
3020 320
3021 405
3022 403
3023 338
3024 284
3025 242
3026 301
3027 360
3028 406
3029 530
3030 462
3031 425
3032 409
3033 540
3034 596
3035 583
3036 644
3037 653
3038 548
3039 420
3040 305
3041 355
3042 268
3043 247
3044 130
3045 102
3046 33
3047 88
3048 172
3049 286
3050 275
3051 255
3052 234
3053 261
3054 304
3055 334
3056 303
3057 323
3058 388
3059 357
3060 362
3061 387
3062 374
3063 316
3064 244
3065 280
3066 285
3067 342
3068 457
3069 360
3070 348
3071 411
3072 520
3073 673
3074 716
3075 679
3076 627
3077 565
3078 598
3079 586
3080 601
3081 598
3082 435
3083 362
3084 270
3085 232
3086 265
3087 364
3088 463
3089 383
3090 309
3091 156
3092 288
3093 261
3094 323
3095 271
3096 261
3097 230
3098 206
3099 222
3100 287
3101 216
3102 78
3103 208
3104 184
3105 94
3106 92
3107 151
3108 94
3109 157
3110 90
3111 143
3112 244
3113 278
3114 305
3115 397
3116 394
3117 417
3118 342
3119 453
3120 618
3121 655
3122 708
3123 835
3124 778
3125 747
3126 873
3127 840
3128 881
3129 865
3130 875
3131 966
3132 28
3133 939
3134 79
3135 112
3136 974
3137 943
3138 991
3139 83
3140 109
3141 108
3142 174
3143 141
3144 166
3145 118
3146 67
3147 169
3148 37
3149 921
3150 859
3151 826
3152 751
3153 764
3154 762
3155 757
3156 639
3157 562
3158 590
3159 559
3160 547
3161 673
3162 665
3163 626
3164 526
3165 681
3166 688
3167 636
3168 598
3169 530
3170 410
3171 451
3172 443
3173 487
3174 532
3175 627
3176 721
3177 655
3178 655
3179 625
3180 691
3181 673
3182 741
3183 656
3184 599
3185 644
3186 631
3187 694
3188 584
3189 430
3190 423
3191 260
3192 327
3193 357
3194 307
3195 323
3196 380
3197 346
3198 368
3199 266
3200 66
3201 149
3202 164
3203 217
3204 178
3205 44
3206 858
3207 873
3208 971
3209 979
3210 938
3211 982
3212 886
3213 844
3214 749
3215 746
3216 735
3217 746
3218 701
3219 564
3220 608
3221 597
3222 534
3223 589
3224 473
3225 438
3226 569
3227 463
3228 416
3229 471
3230 422
3231 510
3232 619
3233 544
3234 437
3235 376
3236 439
3237 401
3238 423
3239 450
3240 465
3241 442
3242 501
3243 506
3244 544
3245 639
3246 687
3247 779
3248 677
3249 645
3250 712
3251 777
3252 745
3253 787
3254 774
3255 880
3256 904
3257 904
3258 939
3259 995
3260 995
3261 956
3262 5
3263 948
3264 974
3265 921
3266 71
3267 8
3268 47
3269 812
3270 716
3271 727
3272 753
3273 708
3274 760
3275 580
3276 472
3277 515
3278 440
3279 464
3280 499
3281 526
3282 545
3283 499
3284 418
3285 307
3286 254
3287 330
3288 327
3289 465
3290 668
3291 584
3292 545
3293 502
3294 353
3295 411
3296 390
3297 422
3298 400
3299 329
3300 296
3301 257
3302 234
3303 185
3304 261
3305 314
3306 302
3307 221
3308 213
3309 164
3310 265
3311 308
3312 253
3313 283
3314 390
3315 331
3316 395
3317 419
3318 335
3319 464
3320 407
3321 424
3322 378
3323 150
3324 39
3325 3
3326 96
3327 239
3328 325
3329 282
3330 291
3331 399
3332 463
3333 540
3334 564
3335 547
3336 555
3337 571
3338 664
3339 666
3340 621
3341 623
3342 681
3343 669
3344 654
3345 692
3346 596
3347 523
3348 533
3349 565
3350 520
3351 451
3352 491
3353 443
3354 431
3355 348
3356 298
3357 287
3358 326
3359 365
3360 504
3361 550
3362 438
3363 497
3364 525
3365 499
3366 562
3367 572
3368 646
3369 717
3370 734
3371 753
3372 784
3373 849
3374 962
3375 929
3376 922
3377 867
3378 782
3379 694
3380 611
3381 540
3382 567
3383 549
3384 523
3385 514
3386 519
3387 513
3388 458
3389 418
3390 430
3391 500
3392 501
3393 383
3394 357
3395 281
3396 258
3397 315
3398 148
3399 197
3400 140
3401 70
3402 254
3403 191
3404 199
3405 221
3406 256
3407 322
3408 289
3409 312
3410 321
3411 385
3412 431
3413 277
3414 307
3415 353
3416 304
3417 361
3418 373
3419 396
3420 412
3421 326
3422 313
3423 310
3424 346
3425 333
3426 449
3427 451
3428 514
3429 439
3430 479
3431 442
3432 544
3433 578
3434 593
3435 541
3436 598
3437 606
3438 606
3439 602
3440 649
3441 697
3442 689
3443 755
3444 661
3445 722
3446 770
3447 728
3448 751
3449 743
3450 807
3451 854
3452 879
3453 801
3454 784
3455 885
3456 876
3457 802
3458 900
3459 833
3460 876
3461 978
3462 980
3463 59
3464 174
3465 332
3466 385
3467 404
3468 359
3469 362
3470 302
3471 250
3472 180
3473 110
3474 199
3475 203
3476 129
3477 103
3478 165
3479 260
3480 265
3481 326
3482 288
3483 300
3484 393
3485 354
3486 267
3487 284
3488 283
3489 275
3490 241
3491 246
3492 172
3493 163
3494 144
3495 205
3496 241
3497 189
3498 260
3499 259
3500 218
3501 326
3502 324
3503 370
3504 399
3505 433
3506 567
3507 564
3508 631
3509 748
3510 694
3511 708
3512 758
3513 752
3514 764
3515 728
3516 754
3517 715
3518 720
3519 696
3520 710
3521 827
3522 839
3523 855
3524 840
3525 755
3526 743
3527 786
3528 878
3529 828
3530 883
3531 848
3532 758
3533 792
3534 698
3535 785
3536 733
3537 705
3538 751
3539 641
3540 674
3541 737
3542 762
3543 755
3544 896
3545 850
3546 778
3547 787
3548 687
3549 729
3550 763
3551 722
3552 598
3553 531
3554 375
3555 404
3556 390
3557 435
3558 532
3559 462
3560 388
3561 289
3562 199
3563 306
3564 320
3565 260
3566 214
3567 226
3568 160
3569 174
3570 157
3571 198
3572 253
3573 345
3574 369
3575 244
3576 220
3577 136
3578 198
3579 188
3580 160
3581 145
3582 153
3583 158
3584 114
3585 122
3586 188
3587 163
3588 163
3589 130
3590 57
3591 64
3592 148
3593 102
3594 69
3595 117
3596 121
3597 154
3598 15
3599 930
3600 902
3601 864
3602 48
3603 998
3604 977
3605 937
3606 11
3607 915
3608 875
3609 821
3610 937
3611 925
3612 828
3613 817
3614 764
3615 751
3616 738
3617 847
3618 885
3619 891
3620 908
3621 37
3622 56
3623 156
3624 166
3625 217
3626 145
3627 141
3628 216
3629 150
3630 213
3631 189
3632 222
3633 311
3634 416
3635 399
3636 328
3637 358
3638 431
3639 478
3640 426
3641 372
3642 363
3643 407
3644 368
3645 388
3646 548
3647 444
3648 470
3649 510
3650 463
3651 443
3652 342
3653 279
3654 223
3655 295
3656 353
3657 277
3658 238
3659 151
3660 118
3661 138
3662 45
3663 111
3664 99
3665 77
3666 70
3667 131
3668 151
3669 172
3670 200
3671 299
3672 282
3673 360
3674 434
3675 418
3676 474
3677 440
3678 461
3679 439
3680 315
3681 385
3682 317
3683 327
3684 395
3685 392
3686 397
3687 475
3688 481
3689 487
3690 482
3691 510
3692 531
3693 614
3694 607
3695 586
3696 613
3697 608
3698 614
3699 596
3700 588
3701 599
3702 573
3703 658
3704 626
3705 668
3706 624
3707 615
3708 609
3709 570
3710 600
3711 654
3712 622
3713 636
3714 596
3715 668
3716 733
3717 690
3718 663
3719 803
3720 720
3721 604
3722 679
3723 630
3724 708
3725 770
3726 756
3727 717
3728 823
3729 700
3730 810
3731 830
3732 731
3733 818
3734 830
3735 765
3736 865
3737 867
3738 924
3739 963
3740 936
3741 940
3742 969
3743 958
3744 923
3745 963
3746 961
3747 47
3748 977
3749 998
3750 875
3751 927
3752 901
3753 848
3754 804
3755 687
3756 754
3757 834
3758 784
3759 846
3760 961
3761 983
3762 11
3763 23
3764 966
3765 963
3766 5
3767 127
3768 49
3769 143
3770 150
3771 113
3772 108
3773 94
3774 57
3775 82
3776 121
3777 226
3778 162
3779 93
3780 149
3781 145
3782 185
3783 187
3784 183
3785 239
3786 279
3787 294
3788 404
3789 339
3790 420
3791 334
3792 340
3793 416
3794 436
3795 539
3796 520
3797 471
3798 580
3799 632
3800 669
3801 675
3802 546
3803 565
3804 507
3805 502
3806 464
3807 386
3808 399
3809 462
3810 431
3811 494
3812 495
3813 436
3814 433
3815 390
3816 323
3817 229
3818 407
3819 460
3820 483
3821 662
3822 592
3823 412
3824 245
3825 247
3826 214
3827 255
3828 229
3829 278
3830 242
3831 159
3832 98
3833 130
3834 155
3835 140
3836 140
3837 120
3838 169
3839 997
3840 100
3841 96
3842 36
3843 973
3844 993
3845 972
3846 962
3847 871
3848 837
3849 839
3850 749
3851 697
3852 698
3853 746
3854 675
3855 759
3856 847
3857 883
3858 821
3859 794
3860 822
3861 825
3862 886
3863 846
3864 906
3865 882
3866 970
3867 891
3868 857
3869 818
3870 857
3871 911
3872 41
3873 111
3874 65
3875 45
3876 105
3877 78
3878 53
3879 86
3880 92
3881 219
3882 175
3883 230
3884 291
3885 285
3886 334
3887 266
3888 186
3889 255
3890 257
3891 288
3892 279
3893 335
3894 334
3895 494
3896 512
3897 488
3898 541
3899 640
3900 760
3901 754
3902 800
3903 880
3904 807
3905 859
3906 828
3907 916
3908 3
3909 77
3910 65
3911 81
3912 11
3913 23
3914 11
3915 954
3916 951
3917 997
3918 42
3919 17
3920 11
3921 54
3922 36
3923 97
3924 94
3925 150
3926 132
3927 194
3928 104
3929 153
3930 46
3931 114
3932 92
3933 41
3934 112
3935 206
3936 16
3937 39
3938 947
3939 902
3940 929
3941 953
3942 921
3943 923
3944 886
3945 878
3946 734
3947 691
3948 782
3949 742
3950 778
3951 721
3952 701
3953 623
3954 463
3955 390
3956 431
3957 400
3958 391
3959 438
3960 460
3961 387
3962 318
3963 223
3964 214
3965 237
3966 333
3967 313
3968 353
3969 389
3970 369
3971 290
3972 339
3973 288
3974 318
3975 355
3976 390
3977 405
3978 370
3979 326
3980 303
3981 285
3982 283
3983 358
3984 353
3985 322
3986 372
3987 426
3988 425
3989 382
3990 455
3991 478
3992 508
3993 479
3994 376
3995 368
3996 417
3997 405
3998 328
3999 298
4000 276
4001 325
4002 356
4003 339
4004 368
4005 408
4006 418
4007 445
4008 462
4009 491
4010 590
4011 591
4012 565
4013 551
4014 594
4015 694
4016 685
4017 607
4018 588
4019 612
4020 474
4021 434
4022 486
4023 509
4024 581
4025 617
4026 668
4027 689
4028 755
4029 827
4030 821
4031 806
4032 824
4033 904
4034 865
4035 731
4036 717
4037 741
4038 787
4039 871
4040 834
4041 833
4042 828
4043 870
4044 916
4045 958
4046 940
4047 996
4048 26
4049 165
4050 95
4051 67
4052 83
4053 108
4054 91
4055 86
4056 10
4057 47
4058 992
4059 976
4060 962
4061 11
4062 33
4063 95
4064 52
4065 26
4066 57
4067 128
4068 139
4069 169
4070 174
4071 79
4072 67
4073 67
4074 157
4075 95
4076 142
4077 135
4078 142
4079 187
4080 201
4081 172
4082 215
4083 263
4084 224
4085 144
4086 106
4087 35
4088 79
4089 41
4090 47
4091 980
4092 12
4093 19
4094 50
4095 984
4096 1
4097 935
4098 972
4099 8
4100 106
4101 41
4102 59
4103 83
4104 948
4105 940
4106 902
4107 898
4108 882
4109 946
4110 35
4111 59
4112 80
4113 95
4114 89
4115 21
4116 101
4117 127
4118 103
4119 189
4120 169
4121 114
4122 111
4123 128
4124 183
4125 235
4126 152
4127 122
4128 195
4129 276
4130 308
4131 207
4132 185
4133 121
4134 77
4135 89
4136 133
4137 108
4138 84
4139 84
4140 146
4141 186
4142 198
4143 225
4144 324
4145 430
4146 488
4147 510
4148 533
4149 370
4150 343
4151 343
4152 343
4153 312
4154 340
4155 392
4156 403
4157 405
4158 455
4159 495
4160 529
4161 436
4162 455
4163 462
4164 575
4165 554
4166 541
4167 536
4168 526
4169 496
4170 475
4171 434
4172 426
4173 416
4174 421
4175 412
4176 368
4177 425
4178 401
4179 463
4180 496
4181 477
4182 418
4183 486
4184 492
4185 498
4186 581
4187 681
4188 599
4189 624
4190 732
4191 843
4192 774
4193 799
4194 737
4195 740
4196 738
4197 736
4198 824
4199 778
4200 733
4201 699
4202 643
4203 676
4204 698
4205 709
4206 742
4207 710
4208 674
4209 640
4210 551
4211 521
4212 616
4213 654
4214 606
4215 598
4216 534
4217 492
4218 438
4219 448
4220 417
4221 432
4222 330
4223 308
4224 311
4225 318
4226 295
4227 277
4228 155
4229 102
4230 23
4231 25
4232 3
4233 14
4234 963
4235 974
4236 879
4237 870
4238 45
4239 15
4240 909
4241 910
4242 828
4243 897
4244 918
4245 958
4246 47
4247 16
4248 5
4249 906
4250 902
4251 830
4252 899
4253 884
4254 906
4255 45
4256 118
4257 56
4258 53
4259 39
4260 965
4261 9
4262 972
4263 911
4264 936
4265 921
4266 980
4267 974
4268 0
4269 922
4270 982
4271 922
4272 898
4273 873
4274 895
4275 862
4276 917
4277 938
4278 918
4279 893
4280 836
4281 873
4282 893
4283 854
4284 813
4285 932
4286 942
4287 933
4288 930
4289 926
4290 963
4291 972
4292 988
4293 79
4294 68
4295 126
4296 132
4297 168
4298 146
4299 209
4300 185
4301 328
4302 332
4303 351
4304 339
4305 287
4306 304
4307 332
4308 286
4309 269
4310 270
4311 355
4312 333
4313 262
4314 344
4315 379
4316 425
4317 452
4318 435
4319 365
4320 396
4321 320
4322 262
4323 165
4324 109
4325 188
4326 230
4327 306
4328 236
4329 151
4330 104
4331 973
4332 902
4333 830
4334 829
4335 819
4336 816
4337 774
4338 782
4339 782
4340 826
4341 875
4342 791
4343 702
4344 660
4345 555
4346 521
4347 541
4348 619
4349 724
4350 727
4351 689
4352 727
4353 731
4354 750
4355 771
4356 804
4357 749
4358 627
4359 546
4360 556
4361 514
4362 474
4363 602
4364 691
4365 707
4366 660
4367 585
4368 619
4369 628
4370 571
4371 615
4372 661
4373 558
4374 572
4375 507
4376 447
4377 491
4378 514
4379 478
4380 501
4381 477
4382 529
4383 497
4384 433
4385 405
4386 392
4387 351
4388 283
4389 264
4390 209
4391 193
4392 188
4393 112
4394 145
4395 207
4396 198
4397 189
4398 216
4399 200
4400 178
4401 120
4402 140
4403 52
4404 94
4405 74
4406 72
4407 91
4408 135
4409 124
4410 128
4411 155
4412 111
4413 4
4414 918
4415 965
4416 969
4417 8
4418 58
4419 971
4420 974
4421 17
4422 69
4423 907
4424 920
4425 911
4426 897
4427 986
4428 886
4429 901
4430 784
4431 757
4432 704
4433 700
4434 683
4435 654
4436 626
4437 611
4438 683
4439 646
4440 744
4441 848
4442 791
4443 801
4444 790
4445 744
4446 804
4447 746
4448 684
4449 700
4450 713
4451 727
4452 716
4453 722
4454 654
4455 601
4456 632
4457 661
4458 627
4459 679
4460 658
4461 696
4462 764
4463 833
4464 721
4465 780
4466 666
4467 671
4468 645
4469 675
4470 696
4471 681
4472 596
4473 559
4474 534
4475 514
4476 484
4477 414
4478 451
4479 413
4480 463
4481 498
4482 452
4483 440
4484 443
4485 478
4486 421
4487 508
4488 448
4489 499
4490 495
4491 567
4492 629
4493 692
4494 722
4495 749
4496 815
4497 782
4498 783
4499 758
4500 782
4501 801
4502 836
4503 843
4504 842
4505 762
4506 753
4507 668
4508 711
4509 712
4510 644
4511 615
4512 683
4513 674
4514 684
4515 631
4516 628
4517 666
4518 654
4519 673
4520 676
4521 698
4522 770
4523 768
4524 687
4525 710
4526 747
4527 704
4528 713
4529 626
4530 626
4531 723
4532 680
4533 598
4534 648
4535 637
4536 596
4537 602
4538 600
4539 620
4540 589
4541 556
4542 606
4543 607
4544 551
4545 497
4546 434
4547 476
4548 477
4549 467
4550 428
4551 492
4552 487
4553 529
4554 591
4555 606
4556 672
4557 595
4558 568
4559 548
4560 578
4561 503
4562 573
4563 576
4564 509
4565 476
4566 457
4567 503
4568 547
4569 540
4570 539
4571 551
4572 637
4573 693
4574 830
4575 756
4576 695
4577 744
4578 698
4579 720
4580 724
4581 801
4582 840
4583 883
4584 793
4585 819
4586 825
4587 797
4588 833
4589 891
4590 859
4591 836
4592 934
4593 915
4594 931
4595 919
4596 817
4597 818
4598 869
4599 903
4600 867
4601 877
4602 873
4603 882
4604 903
4605 942
4606 996
4607 51
4608 966
4609 973
4610 864
4611 845
4612 759
4613 759
4614 799
4615 845
4616 767
4617 812
4618 794
4619 758
4620 771
4621 781
4622 883
4623 888
4624 797
4625 878
4626 981
4627 15
4628 55
4629 57
4630 984
4631 998
4632 9
4633 967
4634 19
4635 58
4636 72
4637 48
4638 41
4639 28
4640 118
4641 189
4642 159
4643 245
4644 239
4645 228
4646 253
4647 300
4648 304
4649 259
4650 222
4651 125
4652 75
4653 83
4654 181
4655 183
4656 153
4657 116
4658 93
4659 101
4660 13
4661 958
4662 875
4663 813
4664 959
4665 988
4666 959
4667 991
4668 982
4669 34
4670 52
4671 988
4672 4
4673 939
4674 884
4675 792
4676 778
4677 711
4678 812
4679 838
4680 846
4681 823
4682 710
4683 683
4684 686
4685 730
4686 723
4687 604
4688 614
4689 613
4690 556
4691 531
4692 653
4693 543
4694 579
4695 598
4696 548
4697 604
4698 632
4699 559
4700 590
4701 540
4702 506
4703 541
4704 371
4705 316
4706 248
4707 230
4708 204
4709 220
4710 249
4711 266
4712 254
4713 225
4714 258
4715 282
4716 225
4717 155
4718 114
4719 36
4720 15
4721 61
4722 932
4723 860
4724 836
4725 787
4726 800
4727 798
4728 831
4729 828
4730 839
4731 863
4732 802
4733 858
4734 826
4735 855
4736 910
4737 936
4738 878
4739 910
4740 890
4741 808
4742 790
4743 668
4744 597
4745 583
4746 650
4747 592
4748 574
4749 548
4750 548
4751 549
4752 522
4753 571
4754 563
4755 526
4756 463
4757 527
4758 427
4759 429
4760 396
4761 377
4762 361
4763 365
4764 474
4765 509
4766 493
4767 519
4768 530
4769 545
4770 529
4771 550
4772 586
4773 664
4774 711
4775 806
4776 866
4777 881
4778 943
4779 890
4780 834
4781 759
4782 793
4783 732
4784 694
4785 768
4786 756
4787 782
4788 775
4789 682
4790 720
4791 714
4792 694
4793 659
4794 708
4795 642
4796 659
4797 603
4798 616
4799 597
4800 605
4801 564
4802 597
4803 671
4804 661
4805 756
4806 784
4807 804
4808 776
4809 835
4810 795
4811 781
4812 806
4813 777
4814 833
4815 836
4816 861
4817 801
4818 675
4819 793
4820 778
4821 860
4822 856
4823 891
4824 860
4825 868
4826 874
4827 860
4828 885
4829 976
4830 996
4831 925
4832 985
4833 920
4834 999
4835 911
4836 909
4837 862
4838 968
4839 902
4840 964
4841 916
4842 877
4843 851
4844 708
4845 687
4846 600
4847 663
4848 630
4849 645
4850 625
4851 642
4852 659
4853 691
4854 730
4855 766
4856 792
4857 846
4858 876
4859 758
4860 742
4861 806
4862 805
4863 800
4864 801
4865 827
4866 896
4867 856
4868 866
4869 872
4870 825
4871 837
4872 807
4873 785
4874 753
4875 777
4876 731
4877 769
4878 742
4879 775
4880 695
4881 732
4882 652
4883 663
4884 653
4885 665
4886 635
4887 614
4888 566
4889 594
4890 629
4891 555
4892 519
4893 497
4894 439
4895 440
4896 486
4897 525
4898 553
4899 554
4900 556
4901 512
4902 524
4903 595
4904 598
4905 597
4906 583
4907 549
4908 496
4909 435
4910 392
4911 408
4912 448
4913 498
4914 538
4915 510
4916 507
4917 442
4918 428
4919 476
4920 525
4921 549
4922 491
4923 391
4924 350
4925 329
4926 286
4927 271
4928 262
4929 301
4930 342
4931 363
4932 403
4933 289
4934 326
4935 415
4936 436
4937 438
4938 431
4939 471
4940 505
4941 488
4942 486
4943 551
4944 526
4945 509
4946 593
4947 572
4948 508
4949 475
4950 480
4951 450
4952 450
4953 421
4954 402
4955 417
4956 375
4957 387
4958 455
4959 443
4960 462
4961 346
4962 281
4963 265
4964 273
4965 367
4966 315
4967 318
4968 341
4969 314
4970 307
4971 364
4972 417
4973 452
4974 438
4975 427
4976 501
4977 534
4978 493
4979 427
4980 323
4981 270
4982 356
4983 414
4984 440
4985 470
4986 470
4987 447
4988 535
4989 545
4990 490
4991 511
4992 457
4993 493
4994 494
4995 532
4996 518
4997 529
4998 495
4999 488
5000 433
5001 445
5002 404
5003 400
5004 415
5005 428
5006 390
5007 429
5008 525
5009 567
5010 626
5011 671
5012 670
5013 684
5014 742
5015 743
5016 790
5017 737
5018 753
5019 697
5020 736
5021 742
5022 654
5023 697
5024 681
5025 672
5026 683
5027 639
5028 640
5029 681
5030 679
5031 659
5032 583
5033 594
5034 638
5035 536
5036 505
5037 566
5038 604
5039 664
5040 659
5041 656
5042 657
5043 613
5044 679
5045 702
5046 608
5047 594
5048 597
5049 569
5050 572
5051 535
5052 568
5053 502
5054 522
5055 441
5056 457
5057 482
5058 533
5059 559
5060 522
5061 622
5062 634
5063 591
5064 614
5065 606
5066 627
5067 671
5068 621
5069 553
5070 514
5071 608
5072 622
5073 614
5074 560
5075 577
5076 611
5077 656
5078 640
5079 589
5080 596
5081 587
5082 548
5083 536
5084 561
5085 562
5086 598
5087 639
5088 621
5089 559
5090 550
5091 628
5092 727
5093 761
5094 776
5095 766
5096 797
5097 860
5098 930
5099 931
5100 961
5101 957
5102 987
5103 989
5104 927
5105 916
5106 968
5107 984
5108 991
5109 952
5110 954
5111 946
5112 904
5113 972
5114 979
5115 997
5116 981
5117 971
5118 945
5119 918
5120 870
5121 894
5122 846
5123 770
5124 830
5125 861
5126 841
5127 827
5128 869
5129 831
5130 784
5131 811
5132 819
5133 818
5134 788
5135 852
5136 893
5137 866
5138 910
5139 870
5140 826
5141 773
5142 784
5143 745
5144 669
5145 708
5146 748
5147 727
5148 721
5149 752
5150 773
5151 786
5152 840
5153 848
5154 908
5155 900
5156 949
5157 938
5158 976
5159 956
5160 973
5161 949
5162 997
5163 926
5164 848
5165 836
5166 891
5167 963
5168 3
5169 21
5170 16
5171 16
5172 27
5173 69
5174 32
5175 4
5176 944
5177 929
5178 3
5179 967
5180 893
5181 900
5182 852
5183 899
5184 975
5185 955
5186 986
5187 6
5188 989
5189 939
5190 997
5191 17
5192 978
5193 29
5194 35
5195 73
5196 128
5197 162
5198 67
5199 977
5200 31
5201 987
5202 995
5203 956
5204 927
5205 887
5206 840
5207 822
5208 804
5209 761
5210 751
5211 820
5212 870
5213 875
5214 866
5215 839
5216 855
5217 875
5218 905
5219 881
5220 899
5221 912
5222 868
5223 900
5224 889
5225 881
5226 908
5227 846
5228 847
5229 816
5230 808
5231 837
5232 782
5233 770
5234 773
5235 779
5236 712
5237 719
5238 704
5239 686
5240 657
5241 690
5242 723
5243 703
5244 708
5245 685
5246 688
5247 727
5248 756
5249 731
5250 683
5251 700
5252 715
5253 745
5254 759
5255 748
5256 798
5257 808
5258 823
5259 838
5260 840
5261 851
5262 856
5263 863
5264 874
5265 861
5266 864
5267 830
5268 902
5269 883
5270 892
5271 859
5272 847
5273 821
5274 789
5275 726
5276 752
5277 788
5278 800
5279 807
5280 754
5281 763
5282 802
5283 788
5284 704
5285 743
5286 713
5287 713
5288 699
5289 678
5290 715
5291 725
5292 768
5293 808
5294 834
5295 844
5296 893
5297 903
5298 889
5299 829
5300 848
5301 814
5302 874
5303 849
5304 857
5305 887
5306 905
5307 901
5308 842
5309 830
5310 814
5311 810
5312 835
5313 805
5314 779
5315 764
5316 830
5317 825
5318 811
5319 848
5320 809
5321 720
5322 720
5323 693
5324 692
5325 715
5326 739
5327 783
5328 788
5329 786
5330 780
5331 837
5332 850
5333 867
5334 863
5335 849
5336 763
5337 779
5338 765
5339 774
5340 802
5341 748
5342 766
5343 713
5344 732
5345 724
5346 718
5347 734
5348 729
5349 724
5350 684
5351 732
5352 784
5353 773
5354 762
5355 721
5356 791
5357 815
5358 828
5359 780
5360 794
5361 801
5362 793
5363 842
5364 840
5365 786
5366 723
5367 725
5368 759
5369 739
5370 796
5371 824
5372 836
5373 803
5374 828
5375 806
5376 767
5377 796
5378 775
5379 763
5380 756
5381 784
5382 753
5383 753
5384 750
5385 780
5386 783
5387 758
5388 786
5389 771
5390 765
5391 779
5392 815
5393 843
5394 850
5395 840
5396 805
5397 804
5398 790
5399 792
5400 804
5401 803
5402 847
5403 842
5404 846
5405 816
5406 819
5407 810
5408 805
5409 839
5410 849
5411 926
5412 968
5413 907
5414 903
5415 838
5416 792
5417 817
5418 831
5419 830
5420 824
5421 778
5422 793
5423 753
5424 814
5425 859
5426 860
5427 885
5428 919
5429 888
5430 932
5431 902
5432 839
5433 894
5434 876
5435 912
5436 918
5437 910
5438 842
5439 800
5440 832
5441 805
5442 820
5443 805
5444 794
5445 732
5446 728
5447 673
5448 690
5449 680
5450 745
5451 743
5452 743
5453 706
5454 680
5455 641
5456 617
5457 576
5458 570
5459 566
5460 599
5461 615
5462 624
5463 609
5464 625
5465 609
5466 559
5467 558
5468 565
5469 488
5470 444
5471 457
5472 470
5473 512
5474 469
5475 505
5476 518
5477 573
5478 576
5479 518
5480 452
5481 373
5482 407
5483 440
5484 407
5485 422
5486 453
5487 446
5488 467
5489 466
5490 479
5491 457
5492 445
5493 449
5494 440
5495 457
5496 473
5497 477
5498 507
5499 534
5500 531
5501 513
5502 584
5503 601
5504 641
5505 646
5506 608
5507 595
5508 621
5509 615
5510 615
5511 596
5512 626
5513 668
5514 707
5515 721
5516 692
5517 684
5518 727
5519 811
5520 772
5521 784
5522 761
5523 714
5524 739
5525 704
5526 676
5527 612
5528 611
5529 608
5530 561
5531 593
5532 531
5533 585
5534 620
5535 579
5536 550
5537 527
5538 543
5539 567
5540 505
5541 483
5542 484
5543 462
5544 509
5545 586
5546 550
5547 515
5548 564
5549 568
5550 601
5551 585
5552 520
5553 482
5554 490
5555 531
5556 593
5557 592
5558 569
5559 590
5560 663
5561 697
5562 760
5563 733
5564 680
5565 641
5566 710
5567 682
5568 634
5569 709
5570 690
5571 683
5572 719
5573 774
5574 838
5575 822
5576 837
5577 844
5578 833
5579 818
5580 891
5581 866
5582 828
5583 884
5584 886
5585 831
5586 863
5587 789
5588 773
5589 804
5590 827
5591 813
5592 844
5593 784
5594 847
5595 919
5596 903
5597 940
5598 909
5599 884
5600 867
5601 821
5602 832
5603 824
5604 810
5605 850
5606 833
5607 871
5608 887
5609 862
5610 851
5611 805
5612 775
5613 762
5614 719
5615 693
5616 674
5617 624
5618 699
5619 712
5620 760
5621 783
5622 758
5623 774
5624 752
5625 754
5626 733
5627 710
5628 787
5629 722
5630 686
5631 655
5632 614
5633 593
5634 593
5635 631
5636 578
5637 617
5638 628
5639 679
5640 679
5641 658
5642 632
5643 639
5644 694
5645 746
5646 792
5647 743
5648 734
5649 696
5650 728
5651 711
5652 700
5653 722
5654 762
5655 733
5656 742
5657 742
5658 804
5659 827
5660 799
5661 726
5662 691
5663 704
5664 706
5665 731
5666 655
5667 709
5668 723
5669 760
5670 873
5671 878
5672 833
5673 857
5674 848
5675 870
5676 913
5677 926
5678 943
5679 949
5680 5
5681 26
5682 51
5683 36
5684 7
5685 56
5686 93
5687 95
5688 135
5689 152
5690 198
5691 121
5692 147
5693 207
5694 219
5695 268
5696 312
5697 377
5698 390
5699 412
5700 395
5701 424
5702 428
5703 464
5704 536
5705 559
5706 589
5707 602
5708 567
5709 559
5710 588
5711 539
5712 552
5713 568
5714 556
5715 521
5716 560
5717 574
5718 588
5719 606
5720 574
5721 515
5722 487
5723 527
5724 491
5725 509
5726 473
5727 474
5728 483
5729 536
5730 576
5731 558
5732 542
5733 526
5734 443
5735 574
5736 650
5737 675
5738 657
5739 640
5740 629
5741 602
5742 631
5743 698
5744 742
5745 749
5746 733
5747 770
5748 716
5749 717
5750 676
5751 720
5752 645
5753 633
5754 568
5755 547
5756 533
5757 552
5758 509
5759 519
5760 496
5761 545
5762 544
5763 597
5764 547
5765 505
5766 522
5767 516
5768 553
5769 546
5770 536
5771 465
5772 430
5773 393
5774 341
5775 309
5776 367
5777 357
5778 423
5779 384
5780 446
5781 545
5782 575
5783 554
5784 555
5785 532
5786 548
5787 545
5788 410
5789 418
5790 415
5791 457
5792 461
5793 484
5794 497
5795 571
5796 591
5797 668
5798 703
5799 771
5800 756
5801 775
5802 830
5803 883
5804 775
5805 717
5806 734
5807 673
5808 714
5809 700
5810 635
5811 683
5812 734
5813 692
5814 703
5815 654
5816 681
5817 759
5818 775
5819 753
5820 675
5821 593
5822 618
5823 686
5824 712
5825 697
5826 740
5827 709
5828 748
5829 736
5830 800
5831 781
5832 776
5833 731
5834 804
5835 787
5836 778
5837 769
5838 797
5839 834
5840 893
5841 869
5842 883
5843 778
5844 739
5845 715
5846 655
5847 658
5848 733
5849 797
5850 757
5851 748
5852 715
5853 725
5854 717
5855 724
5856 680
5857 729
5858 728
5859 792
5860 813
5861 804
5862 876
5863 865
5864 888
5865 815
5866 854
5867 823
5868 791
5869 851
5870 792
5871 809
5872 860
5873 829
5874 818
5875 844
5876 926
5877 29
5878 88
5879 22
5880 981
5881 916
5882 902
5883 12
5884 12
5885 13
5886 23
5887 69
5888 145
5889 108
5890 174
5891 292
5892 254
5893 276
5894 315
5895 340
5896 270
5897 290
5898 196
5899 244
5900 255
5901 293
5902 291
5903 181
5904 186
5905 170
5906 163
5907 160
5908 125
5909 163
5910 189
5911 183
5912 241
5913 190
5914 282
5915 334
5916 383
5917 412
5918 399
5919 365
5920 334
5921 326
5922 289
5923 316
5924 371
5925 419
5926 433
5927 410
5928 442
5929 371
5930 344
5931 212
5932 220
5933 197
5934 204
5935 219
5936 162
5937 181
5938 194
5939 162
5940 111
5941 81
5942 41
5943 52
5944 15
5945 5
5946 70
5947 98
5948 148
5949 258
5950 266
5951 263
5952 350
5953 302
5954 265
5955 279
5956 265
5957 314
5958 348
5959 352
5960 429
5961 480
5962 534
5963 490
5964 562
5965 627
5966 695
5967 767
5968 771
5969 822
5970 851
5971 878
5972 856
5973 907
5974 988
5975 867
5976 824
5977 781
5978 765
5979 713
5980 770
5981 721
5982 659
5983 767
5984 828
5985 860
5986 890
5987 939
5988 977
5989 42
5990 41
5991 60
5992 72
5993 62
5994 38
5995 987
5996 38
5997 51
5998 67
5999 48
6000 52
6001 931
6002 886
6003 921
6004 979
6005 965
6006 40
6007 49
6008 48
6009 30
6010 41
6011 61
6012 141
6013 210
6014 178
6015 225
6016 194
6017 213
6018 203
6019 196
6020 189
6021 204
6022 271
6023 245
6024 217
6025 191
6026 175
6027 195
6028 214
6029 244
6030 239
6031 254
6032 254
6033 216
6034 223
6035 273
6036 247
6037 282
6038 284
6039 279
6040 246
6041 343
6042 386
6043 375
6044 401
6045 340
6046 357
6047 320
6048 284
6049 267
6050 227
6051 234
6052 158
6053 181
6054 197
6055 171
6056 257
6057 198
6058 309
6059 260
6060 204
6061 219
6062 344
6063 305
6064 273
6065 300
6066 329
6067 381
6068 386
6069 325
6070 278
6071 264
6072 237
6073 277
6074 285
6075 319
6076 250
6077 216
6078 143
6079 115
6080 158
6081 132
6082 125
6083 121
6084 158
6085 169
6086 223
6087 289
6088 360
6089 357
6090 257
6091 213
6092 144
6093 219
6094 200
6095 221
6096 296
6097 314
6098 289
6099 309
6100 269
6101 176
6102 273
6103 248
6104 323
6105 361
6106 323
6107 339
6108 265
6109 258
6110 262
6111 220
6112 216
6113 219
6114 220
6115 216
6116 195
6117 196
6118 182
6119 180
6120 192
6121 193
6122 177
6123 172
6124 121
6125 139
6126 136
6127 137
6128 219
6129 252
6130 270
6131 264
6132 257
6133 193
6134 143
6135 108
6136 112
6137 111
6138 24
6139 62
6140 133
6141 172
6142 191
6143 177
6144 232
6145 218
6146 312
6147 326
6148 258
6149 300
6150 282
6151 236
6152 212
6153 211
6154 193
6155 149
6156 183
6157 201
6158 240
6159 306
6160 318
6161 324
6162 366
6163 266
6164 154
6165 67
6166 74
6167 82
6168 93
6169 113
6170 74
6171 93
6172 85
6173 77
6174 107
6175 148
6176 118
6177 115
6178 122
6179 126
6180 129
6181 137
6182 237
6183 310
6184 387
6185 399
6186 368
6187 321
6188 320
6189 308
6190 348
6191 399
6192 349
6193 435
6194 413
6195 423
6196 277
6197 338
6198 362
6199 347
6200 338
6201 279
6202 229
6203 264
6204 239
6205 261
6206 171
6207 103
6208 32
6209 971
6210 17
6211 9
6212 962
6213 6
6214 25
6215 7
6216 969
6217 0
6218 73
6219 110
6220 115
6221 86
6222 72
6223 140
6224 190
6225 309
6226 394
6227 392
6228 469
6229 514
6230 548
6231 531
6232 525
6233 507
6234 566
6235 614
6236 578
6237 557
6238 505
6239 481
6240 455
6241 455
6242 429
6243 390
6244 377
6245 368
6246 316
6247 303
6248 347
6249 289
6250 197
6251 191
6252 223
6253 213
6254 191
6255 280
6256 270
6257 259
6258 318
6259 388
6260 405
6261 423
6262 339
6263 317
6264 405
6265 429
6266 453
6267 380
6268 374
6269 423
6270 402
6271 447
6272 477
6273 380
6274 405
6275 336
6276 335
6277 276
6278 278
6279 305
6280 268
6281 358
6282 338
6283 301
6284 361
6285 323
6286 408
6287 420
6288 456
6289 397
6290 391
6291 446
6292 418
6293 456
6294 437
6295 497
6296 403
6297 359
6298 353
6299 405
6300 355
6301 390
6302 331
6303 398
6304 381
6305 326
6306 360
6307 310
6308 338
6309 443
6310 446
6311 428
6312 360
6313 359
6314 360
6315 383
6316 440
6317 441
6318 470
6319 467
6320 515
6321 543
6322 514
6323 529
6324 447
6325 510
6326 558
6327 612
6328 643
6329 701
6330 665
6331 704
6332 697
6333 723
6334 729
6335 798
6336 866
6337 790
6338 800
6339 808
6340 856
6341 913
6342 903
6343 913
6344 915
6345 946
6346 822
6347 797
6348 706
6349 670
6350 718
6351 680
6352 669
6353 602
6354 627
6355 556
6356 596
6357 590
6358 529
6359 532
6360 524
6361 488
6362 497
6363 493
6364 553
6365 520
6366 552
6367 559
6368 552
6369 514
6370 502
6371 482
6372 582
6373 588
6374 595
6375 630
6376 607
6377 623
6378 666
6379 552
6380 534
6381 544
6382 497
6383 529
6384 560
6385 565
6386 578
6387 544
6388 513
6389 545
6390 572
6391 581
6392 531
6393 575
6394 620
6395 647
6396 684
6397 769
6398 798
6399 845
6400 881
6401 888
6402 870
6403 858
6404 896
6405 803
6406 753
6407 703
6408 678
6409 654
6410 718
6411 668
6412 730
6413 734
6414 729
6415 752
6416 733
6417 697
6418 772
6419 773
6420 854
6421 877
6422 892
6423 892
6424 864
6425 887
6426 900
6427 807
6428 757
6429 796
6430 821
6431 796
6432 879
6433 884
6434 875
6435 904
6436 882
6437 939
6438 895
6439 944
6440 925
6441 883
6442 940
6443 794
6444 801
6445 845
6446 867
6447 911
6448 922
6449 877
6450 877
6451 895
6452 873
6453 844
6454 823
6455 794
6456 760
6457 803
6458 822
6459 789
6460 820
6461 850
6462 835
6463 796
6464 764
6465 754
6466 764
6467 746
6468 830
6469 845
6470 847
6471 805
6472 768
6473 861
6474 889
6475 962
6476 943
6477 935
6478 888
6479 845
6480 836
6481 842
6482 726
6483 710
6484 736
6485 768
6486 839
6487 789
6488 717
6489 767
6490 735
6491 736
6492 624
6493 579
6494 534
6495 514
6496 478
6497 391
6498 373
6499 356
6500 289
6501 251
6502 261
6503 228
6504 220
6505 249
6506 217
6507 268
6508 179
6509 110
6510 46
6511 34
6512 56
6513 62
6514 90
6515 38
6516 42
6517 988
6518 96
6519 161
6520 248
6521 255
6522 262
6523 168
6524 197
6525 247
6526 208
6527 203
6528 174
6529 220
6530 303
6531 340
6532 250
6533 351
6534 370
6535 349
6536 294
6537 245
6538 158
6539 90
6540 145
6541 146
6542 133
6543 133
6544 116
6545 99
6546 102
6547 112
6548 107
6549 169
6550 92
6551 969
6552 894
6553 903
6554 894
6555 836
6556 882
6557 855
6558 847
6559 832
6560 794
6561 720
6562 773
6563 754
6564 836
6565 842
6566 930
6567 921
6568 905
6569 25
6570 90
6571 122
6572 132
6573 167
6574 143
6575 193
6576 127
6577 24
6578 63
6579 61
6580 987
6581 928
6582 17
6583 38
6584 19
6585 50
6586 65
6587 111
6588 179
6589 247
6590 197
6591 227
6592 237
6593 221
6594 185
6595 173
6596 171
6597 160
6598 90
6599 117
6600 46
6601 121
6602 153
6603 262
6604 201
6605 169
6606 123
6607 117
6608 221
6609 188
6610 208
6611 222
6612 252
6613 280
6614 294
6615 314
6616 277
6617 356
6618 369
6619 361
6620 407
6621 457
6622 464
6623 435
6624 379
6625 328
6626 332
6627 325
6628 255
6629 204
6630 243
6631 254
6632 263
6633 258
6634 293
6635 308
6636 314
6637 349
6638 263
6639 318
6640 305
6641 303
6642 273
6643 271
6644 277
6645 248
6646 223
6647 232
6648 254
6649 257
6650 235
6651 314
6652 290
6653 262
6654 272
6655 264
6656 272
6657 247
6658 248
6659 224
6660 278
6661 275
6662 264
6663 162
6664 148
6665 160
6666 205
6667 206
6668 131
6669 88
6670 1
6671 936
6672 940
6673 977
6674 938
6675 910
6676 914
6677 859
6678 920
6679 882
6680 870
6681 784
6682 767
6683 763
6684 755
6685 705
6686 682
6687 649
6688 633
6689 658
6690 647
6691 652
6692 670
6693 629
6694 625
6695 516
6696 534
6697 497
6698 468
6699 443
6700 401
6701 425
6702 478
6703 439
6704 427
6705 396
6706 425
6707 455
6708 485
6709 480
6710 448
6711 393
6712 371
6713 386
6714 343
6715 318
6716 361
6717 334
6718 291
6719 321
6720 283
6721 340
6722 368
6723 385
6724 435
6725 431
6726 425
6727 432
6728 465
6729 497
6730 489
6731 432
6732 359
6733 317
6734 288
6735 295
6736 306
6737 300
6738 308
6739 397
6740 439
6741 440
6742 359
6743 382
6744 477
6745 436
6746 409
6747 447
6748 391
6749 429
6750 429
6751 334
6752 433
6753 362
6754 361
6755 402
6756 370
6757 360
6758 408
6759 413
6760 454
6761 509
6762 523
6763 536
6764 554
6765 470
6766 433
6767 472
6768 493
6769 484
6770 529
6771 499
6772 513
6773 536
6774 543
6775 551
6776 601
6777 610
6778 602
6779 595
6780 656
6781 675
6782 678
6783 679
6784 678
6785 699
6786 751
6787 746
6788 706
6789 708
6790 730
6791 782
6792 812
6793 790
6794 830
6795 793
6796 743
6797 713
6798 742
6799 742
6800 738
6801 730
6802 802
6803 742
6804 799
6805 798
6806 892
6807 865
6808 824
6809 823
6810 884
6811 927
6812 828
6813 821
6814 841
6815 805
6816 797
6817 852
6818 869
6819 902
6820 919
6821 949
6822 953
6823 968
6824 7
6825 29
6826 38
6827 100
6828 150
6829 189
6830 171
6831 213
6832 239
6833 208
6834 251
6835 240
6836 244
6837 245
6838 224
6839 263
6840 211
6841 205
6842 245
6843 248
6844 232
6845 229
6846 203
6847 234
6848 222
6849 221
6850 250
6851 232
6852 223
6853 232
6854 261
6855 239
6856 197
6857 147
6858 166
6859 134
6860 138
6861 155
6862 256
6863 271
6864 338
6865 401
6866 439
6867 378
6868 480
6869 487
6870 461
6871 467
6872 480
6873 462
6874 466
6875 420
6876 486
6877 449
6878 462
6879 479
6880 493
6881 549
6882 509
6883 546
6884 580
6885 559
6886 531
6887 550
6888 467
6889 460
6890 470
6891 417
6892 431
6893 508
6894 522
6895 587
6896 568
6897 579
6898 622
6899 646
6900 688
6901 764
6902 821
6903 821
6904 916
6905 885
6906 839
6907 856
6908 837
6909 822
6910 852
6911 864
6912 776
6913 822
6914 841
6915 810
6916 761
6917 835
6918 807
6919 794
6920 762
6921 794
6922 749
6923 689
6924 607
6925 671
6926 672
6927 713
6928 777
6929 752
6930 800
6931 859
6932 849
6933 801
6934 858
6935 871
6936 856
6937 864
6938 752
6939 712
6940 686
6941 671
6942 597
6943 651
6944 636
6945 719
6946 670
6947 697
6948 695
6949 680
6950 667
6951 693
6952 682
6953 735
6954 715
6955 749
6956 751
6957 824
6958 737
6959 752
6960 821
6961 837
6962 838
6963 856
6964 910
6965 938
6966 926
6967 959
6968 963
6969 974
6970 954
6971 972
6972 947
6973 21
6974 5
6975 83
6976 97
6977 24
6978 49
6979 14
6980 27
6981 995
6982 61
6983 110
6984 92
6985 84
6986 77
6987 76
6988 58
6989 88
6990 19
6991 963
6992 952
6993 966
6994 7
6995 995
6996 987
6997 971
6998 951
6999 978
7000 989
7001 982
7002 962
7003 997
7004 75
7005 70
7006 57
7007 91
7008 94
7009 70
7010 63
7011 72
7012 98
7013 134
7014 126
7015 107
7016 142
7017 146
7018 178
7019 182
7020 183
7021 128
7022 89
7023 79
7024 7
7025 19
7026 28
7027 1
7028 33
7029 42
7030 97
7031 130
7032 94
7033 102
7034 133
7035 120
7036 161
7037 207
7038 234
7039 241
7040 203
7041 199
7042 148
7043 141
7044 158
7045 149
7046 155
7047 143
7048 172
7049 134
7050 133
7051 134
7052 138
7053 131
7054 142
7055 173
7056 173
7057 165
7058 180
7059 246
7060 244
7061 256
7062 233
7063 272
7064 286
7065 288
7066 270
7067 268
7068 261
7069 250
7070 228
7071 248
7072 228
7073 196
7074 208
7075 186
7076 248
7077 228
7078 295
7079 298
7080 297
7081 262
7082 287
7083 284
7084 281
7085 223
7086 282
7087 278
7088 240
7089 202
7090 223
7091 194
7092 190
7093 217
7094 172
7095 153
7096 139
7097 126
7098 100
7099 144
7100 135
7101 161
7102 169
7103 135
7104 132
7105 142
7106 213
7107 238
7108 290
7109 280
7110 321
7111 366
7112 287
7113 267
7114 242
7115 273
7116 297
7117 356
7118 381
7119 410
7120 432
7121 440
7122 479
7123 477
7124 446
7125 432
7126 455
7127 413
7128 443
7129 502
7130 552
7131 537
7132 592
7133 535
7134 516
7135 503
7136 464
7137 405
7138 381
7139 481
7140 433
7141 452
7142 459
7143 477
7144 576
7145 552
7146 566
7147 559
7148 520
7149 544
7150 519
7151 540
7152 573
7153 579
7154 550
7155 561
7156 617
7157 638
7158 702
7159 687
7160 677
7161 644
7162 654
7163 673
7164 710
7165 699
7166 742
7167 678
7168 698
7169 684
7170 724
7171 664
7172 671
7173 654
7174 684
7175 637
7176 655
7177 643
7178 675
7179 685
7180 722
7181 771
7182 737
7183 671
7184 699
7185 705
7186 689
7187 705
7188 779
7189 801
7190 791
7191 848
7192 868
7193 889
7194 880
7195 927
7196 913
7197 929
7198 955
7199 65
7200 54
7201 999
7202 993
7203 18
7204 987
7205 15
7206 32
7207 30
7208 993
7209 915
7210 939
7211 974
7212 991
7213 70
7214 142
7215 180
7216 77
7217 100
7218 155
7219 167
7220 115
7221 91
7222 113
7223 89
7224 43
7225 26
7226 996
7227 33
7228 14
7229 46
7230 66
7231 51
7232 108
7233 81
7234 54
7235 12
7236 993
7237 17
7238 922
7239 931
7240 868
7241 895
7242 824
7243 820
7244 750
7245 777
7246 795
7247 909
7248 817
7249 804
7250 831
7251 819
7252 843
7253 771
7254 706
7255 713
7256 661
7257 632
7258 723
7259 764
7260 787
7261 844
7262 879
7263 886
7264 865
7265 915
7266 971
7267 958
7268 859
7269 884
7270 827
7271 852
7272 849
7273 868
7274 932
7275 862
7276 909
7277 942
7278 996
7279 903
7280 874
7281 901
7282 924
7283 938
7284 949
7285 948
7286 899
7287 889
7288 849
7289 936
7290 974
7291 953
7292 29
7293 28
7294 988
7295 978
7296 959
7297 897
7298 875
7299 907
7300 894
7301 865
7302 810
7303 791
7304 750
7305 773
7306 897
7307 911
7308 819
7309 761
7310 684
7311 759
7312 760
7313 742
7314 631
7315 597
7316 595
7317 643
7318 636
7319 685
7320 651
7321 640
7322 610
7323 632
7324 502
7325 528
7326 529
7327 543
7328 516
7329 527
7330 591
7331 552
7332 546
7333 534
7334 527
7335 491
7336 572
7337 576
7338 583
7339 609
7340 562
7341 603
7342 633
7343 563
7344 556
7345 550
7346 508
7347 479
7348 416
7349 381
7350 381
7351 397
7352 403
7353 355
7354 420
7355 423
7356 411
7357 477
7358 422
7359 414
7360 404
7361 473
7362 538
7363 556
7364 608
7365 495
7366 528
7367 472
7368 475
7369 524
7370 459
7371 493
7372 539
7373 615
7374 617
7375 612
7376 549
7377 600
7378 606
7379 638
7380 625
7381 625
7382 627
7383 607
7384 564
7385 547
7386 525
7387 637
7388 672
7389 715
7390 760
7391 740
7392 705
7393 664
7394 676
7395 718
7396 739
7397 762
7398 804
7399 842
7400 901
7401 918
7402 837
7403 868
7404 874
7405 882
7406 870
7407 837
7408 698
7409 801
7410 781
7411 746
7412 710
7413 634
7414 625
7415 602
7416 723
7417 713
7418 803
7419 788
7420 726
7421 676
7422 668
7423 720
7424 734
7425 810
7426 798
7427 847
7428 873
7429 912
7430 863
7431 846
7432 789
7433 750
7434 781
7435 808
7436 875
7437 825
7438 798
7439 883
7440 797
7441 821
7442 903
7443 971
7444 926
7445 941
7446 982
7447 42
7448 32
7449 982
7450 17
7451 41
7452 26
7453 986
7454 990
7455 15
7456 47
7457 80
7458 126
7459 82
7460 35
7461 54
7462 42
7463 42
7464 104
7465 50
7466 41
7467 995
7468 920
7469 874
7470 934
7471 934
7472 956
7473 923
7474 880
7475 818
7476 794
7477 788
7478 749
7479 788
7480 842
7481 831
7482 867
7483 920
7484 966
7485 982
7486 977
7487 70
7488 56
7489 973
7490 19
7491 951
7492 21
7493 41
7494 973
7495 20
7496 932
7497 932
7498 25
7499 116
7500 101
7501 138
7502 97
7503 207
7504 259
7505 199
7506 305
7507 315
7508 268
7509 278
7510 224
7511 185
7512 184
7513 172
7514 79
7515 4
7516 26
7517 983
7518 996
7519 67
7520 166
7521 163
7522 232
7523 200
7524 175
7525 239
7526 224
7527 267
7528 298
7529 290
7530 324
7531 325
7532 257
7533 297
7534 357
7535 352
7536 425
7537 390
7538 384
7539 455
7540 523
7541 405
7542 447
7543 539
7544 516
7545 468
7546 526
7547 461
7548 520
7549 531
7550 568
7551 591
7552 453
7553 457
7554 545
7555 536
7556 610
7557 695
7558 656
7559 703
7560 701
7561 716
7562 727
7563 798
7564 850
7565 900
7566 850
7567 775
7568 712
7569 696
7570 659
7571 674
7572 707
7573 856
7574 889
7575 966
7576 941
7577 977
7578 891
7579 818
7580 787
7581 723
7582 685
7583 734
7584 744
7585 681
7586 820
7587 821
7588 844
7589 842
7590 820
7591 896
7592 846
7593 743
7594 893
7595 14
7596 979
7597 952
7598 2
7599 2
7600 924
7601 911
7602 962
7603 899
7604 955
7605 100
7606 75
7607 97
7608 109
7609 868
7610 881
7611 827
7612 858
7613 742
7614 707
7615 724
7616 621
7617 628
7618 643
7619 525
7620 472
7621 403
7622 424
7623 448
7624 507
7625 495
7626 379
7627 495
7628 441
7629 394
7630 438
7631 355
7632 309
7633 310
7634 278
7635 322
7636 223
7637 236
7638 37
7639 128
7640 249
7641 148
7642 92
7643 999
7644 988
7645 862
7646 710
7647 736
7648 703
7649 713
7650 678
7651 563
7652 522
7653 442
7654 423
7655 451
7656 314
7657 340
7658 418
7659 503
7660 564
7661 464
7662 510
7663 476
7664 410
7665 365
7666 413
7667 503
7668 466
7669 536
7670 565
7671 675
7672 605
7673 543
7674 425
7675 379
7676 423
7677 458
7678 420
7679 398
7680 432
7681 301
7682 237
7683 343
7684 245
7685 278
7686 297
7687 302
7688 293
7689 287
7690 376
7691 317
7692 363
7693 361
7694 269
7695 451
7696 476
7697 441
7698 386
7699 391
7700 481
7701 563
7702 634
7703 508
7704 634
7705 641
7706 524
7707 512
7708 427
7709 492
7710 586
7711 403
7712 351
7713 460
7714 485
7715 465
7716 617
7717 636
7718 691
7719 597
7720 544
7721 514
7722 531
7723 538
7724 405
7725 350
7726 326
7727 366
7728 406
7729 391
7730 318
7731 343
7732 433
7733 525
7734 553
7735 475
7736 491
7737 543
7738 542
7739 451
7740 427
7741 372
7742 340
7743 258
7744 289
7745 341
7746 219
7747 132
7748 295
7749 236
7750 188
7751 211
7752 224
7753 292
7754 203
7755 190
7756 241
7757 208
7758 274
7759 269
7760 202
7761 139
7762 99
7763 44
7764 96
7765 75
7766 90
7767 109
7768 76
7769 119
7770 127
7771 163
7772 205
7773 230
7774 277
7775 223
7776 270
7777 217
7778 123
7779 965
7780 842
7781 821
7782 824
7783 883
7784 923
7785 873
7786 900
7787 953
7788 8
7789 996
7790 39
7791 53
7792 73
7793 150
7794 108
7795 161
7796 71
7797 131
7798 217
7799 253
7800 236
7801 181
7802 118
7803 101
7804 85
7805 39
7806 122
7807 67
7808 49
7809 52
7810 38
7811 42
7812 26
7813 141
7814 234
7815 207
7816 254
7817 252
7818 222
7819 157
7820 165
7821 306
7822 293
7823 314
7824 365
7825 355
7826 384
7827 317
7828 388
7829 415
7830 370
7831 354
7832 280
7833 333
7834 277
7835 328
7836 345
7837 364
7838 416
7839 439
7840 448
7841 347
7842 346
7843 319
7844 234
7845 215
7846 161
7847 203
7848 203
7849 217
7850 285
7851 202
7852 193
7853 217
7854 194
7855 227
7856 124
7857 233
7858 299
7859 304
7860 359
7861 348
7862 331
7863 357
7864 255
7865 291
7866 298
7867 317
7868 233
7869 207
7870 242
7871 233
7872 265
7873 227
7874 308
7875 275
7876 269
7877 226
7878 241
7879 228
7880 270
7881 274
7882 336
7883 371
7884 346
7885 384
7886 308
7887 333
7888 376
7889 451
7890 477
7891 521
7892 531
7893 419
7894 426
7895 501
7896 523
7897 521
7898 475
7899 435
7900 417
7901 353
7902 290
7903 159
7904 144
7905 102
7906 118
7907 74
7908 155
7909 224
7910 230
7911 192
7912 180
7913 73
7914 57
7915 66
7916 182
7917 112
7918 54
7919 965
7920 981
7921 945
7922 35
7923 18
7924 66
7925 139
7926 125
7927 121
7928 112
7929 113
7930 48
7931 31
7932 51
7933 31
7934 956
7935 898
7936 847
7937 894
7938 10
7939 84
7940 112
7941 124
7942 111
7943 97
7944 136
7945 95
7946 130
7947 113
7948 121
7949 239
7950 258
7951 199
7952 223
7953 317
7954 328
7955 376
7956 345
7957 325
7958 233
7959 193
7960 234
7961 320
7962 391
7963 462
7964 502
7965 544
7966 482
7967 551
7968 508
7969 439
7970 416
7971 375
7972 446
7973 497
7974 466
7975 396
7976 356
7977 299
7978 364
7979 329
7980 437
7981 460
7982 537
7983 523
7984 466
7985 540
7986 638
7987 668
7988 735
7989 741
7990 710
7991 773
7992 794
7993 831
7994 723
7995 704
7996 681
7997 697
7998 685
7999 696
8000 709
8001 562
8002 584
8003 549
8004 657
8005 719
8006 682
8007 679
8008 634
8009 689
8010 744
8011 667
8012 617
8013 691
8014 638
8015 651
8016 731
8017 759
8018 778
8019 808
8020 835
8021 848
8022 785
8023 862
8024 878
8025 999
8026 19
8027 144
8028 62
8029 940
8030 71
8031 8
8032 8
8033 950
8034 976
8035 58
8036 992
8037 935
8038 943
8039 983
8040 920
8041 748
8042 805
8043 744
8044 721
8045 744
8046 761
8047 802
8048 787
8049 801
8050 853
8051 940
8052 985
8053 966
8054 950
8055 98
8056 68
8057 36
8058 88
8059 984
8060 862
8061 879
8062 890
8063 794
8064 857
8065 858
8066 762
8067 746
8068 807
8069 788
8070 729
8071 808
8072 764
8073 795
8074 770
8075 688
8076 641
8077 608
8078 643
8079 655
8080 618
8081 651
8082 533
8083 460
8084 408
8085 423
8086 403
8087 374
8088 337
8089 336
8090 299
8091 351
8092 385
8093 444
8094 482
8095 457
8096 396
8097 354
8098 358
8099 360
8100 395
8101 410
8102 370
8103 397
8104 394
8105 539
8106 494
8107 527
8108 630
8109 654
8110 591
8111 627
8112 567
8113 660
8114 741
8115 811
8116 870
8117 849
8118 841
8119 824
8120 792
8121 803
8122 824
8123 833
8124 975
8125 933
8126 881
8127 957
8128 27
8129 920
8130 910
8131 957
8132 856
8133 773
8134 754
8135 698
8136 694
8137 657
8138 677
8139 652
8140 680
8141 694
8142 658
8143 711
8144 793
8145 744
8146 691
8147 815
8148 791
8149 650
8150 660
8151 663
8152 740
8153 776
8154 740
8155 706
8156 680
8157 674
8158 749
8159 667
8160 665
8161 693
8162 727
8163 771
8164 801
8165 757
8166 668
8167 696
8168 635
8169 658
8170 777
8171 889
8172 874
8173 984
8174 990
8175 917
8176 815
8177 858
8178 822
8179 895
8180 858
8181 818
8182 801
8183 938
8184 998
8185 98
8186 34
8187 974
8188 28
8189 70
8190 104
8191 101
8192 208
8193 209
8194 204
8195 176
8196 131
8197 170
8198 131
8199 108
8200 171
8201 132
8202 94
8203 174
8204 181
8205 176
8206 190
8207 142
8208 108
8209 55
8210 96
8211 174
8212 219
8213 147
8214 272
8215 275
8216 182
8217 104
8218 72
8219 33
8220 973
8221 987
8222 77
8223 45
8224 47
8225 945
8226 856
8227 994
8228 998
8229 976
8230 954
8231 973
8232 961
8233 930
8234 26
8235 995
8236 1
8237 953
8238 883
8239 788
8240 727
8241 830
8242 818
8243 899
8244 975
8245 949
8246 908
8247 875
8248 974
8249 980
8250 937
8251 939
8252 971
8253 903
8254 773
8255 724
8256 678
8257 647
8258 629
8259 686
8260 531
8261 627
8262 527
8263 526
8264 486
8265 506
8266 501
8267 549
8268 628
8269 641
8270 670
8271 750
8272 642
8273 558
8274 606
8275 554
8276 610
8277 643
8278 579
8279 575
8280 601
8281 670
8282 733
8283 877
8284 859
8285 965
8286 929
8287 919
8288 848
8289 846
8290 862
8291 810
8292 945
8293 935
8294 991
8295 22
8296 116
8297 104
8298 98
8299 160
8300 215
8301 258
8302 302
8303 234
8304 176
8305 64
8306 8
8307 84
8308 97
8309 200
8310 204
8311 169
8312 171
8313 150
8314 235
8315 237
8316 164
8317 112
8318 196
8319 298
8320 310
8321 288
8322 234
8323 235
8324 303
8325 243
8326 322
8327 385
8328 367
8329 294
8330 486
8331 507
8332 454
8333 498
8334 366
8335 579
8336 534
8337 498
8338 478
8339 318
8340 218
8341 291
8342 241
8343 247
8344 314
8345 466
8346 636
8347 669
8348 677
8349 848
8350 756
8351 708
8352 795
8353 721
8354 769
8355 633
8356 773
8357 901
8358 830
8359 822
8360 886
8361 959
8362 937
8363 927
8364 79
8365 89
8366 155
8367 52
8368 46
8369 39
8370 952
8371 829
8372 869
8373 886
8374 891
8375 933
8376 969
8377 15
8378 101
8379 118
8380 155
8381 348
8382 286
8383 478
8384 492
8385 363
8386 466
8387 443
8388 356
8389 413
8390 295
8391 282
8392 326
8393 310
8394 342
8395 489
8396 465
8397 493
8398 585
8399 494
8400 411
8401 394
8402 410
8403 248
8404 59
8405 14
8406 42
8407 83
8408 107
8409 90
8410 197
8411 116
8412 75
8413 55
8414 122
8415 180
8416 207
8417 217
8418 209
8419 250
8420 297
8421 376
8422 486
8423 472
8424 442
8425 360
8426 368
8427 248
8428 262
8429 172
8430 307
8431 353
8432 328
8433 455
8434 416
8435 400
8436 359
8437 380
8438 271
8439 201
8440 237
8441 188
8442 209
8443 209
8444 147
8445 146
8446 103
8447 40
8448 919
8449 820
8450 766
8451 767
8452 764
8453 809
8454 871
8455 873
8456 857
8457 755
8458 776
8459 908
8460 935
8461 12
8462 166
8463 244
8464 267
8465 207
8466 179
8467 181
8468 85
8469 65
8470 169
8471 265
8472 236
8473 326
8474 380
8475 423
8476 431
8477 338
8478 461
8479 553
8480 638
8481 581
8482 554
8483 567
8484 590
8485 674
8486 609
8487 616
8488 514
8489 482
8490 446
8491 298
8492 329
8493 415
8494 325
8495 294
8496 344
8497 404
8498 345
8499 393
8500 359
8501 390
8502 452
8503 380
8504 326
8505 308
8506 364
8507 377
8508 373
8509 458
8510 337
8511 358
8512 426
8513 454
8514 421
8515 507
8516 470
8517 555
8518 456
8519 474
8520 498
8521 550
8522 642
8523 658
8524 585
8525 671
8526 635
8527 615
8528 689
8529 549
8530 494
8531 468
8532 494
8533 461
8534 542
8535 618
8536 572
8537 631
8538 672
8539 689
8540 650
8541 627
8542 529
8543 499
8544 674
8545 715
8546 702
8547 709
8548 643
8549 648
8550 596
8551 605
8552 570
8553 485
8554 500
8555 467
8556 346
8557 285
8558 349
8559 414
8560 443
8561 518
8562 488
8563 496
8564 489
8565 494
8566 475
8567 463
8568 490
8569 362
8570 296
8571 237
8572 131
8573 222
8574 158
8575 230
8576 134
8577 984
8578 982
8579 976
8580 969
8581 935
8582 912
8583 916
8584 907
8585 927
8586 937
8587 919
8588 869
8589 916
8590 898
8591 666
8592 607
8593 576
8594 573
8595 622
8596 615
8597 540
8598 517
8599 442
8600 489
8601 371
8602 408
8603 411
8604 326
8605 283
8606 231
8607 116
8608 201
8609 291
8610 333
8611 326
8612 297
8613 282
8614 379
8615 387
8616 499
8617 483
8618 573
8619 603
8620 731
8621 652
8622 666
8623 747
8624 649
8625 565
8626 576
8627 521
8628 594
8629 515
8630 497
8631 591
8632 674
8633 692
8634 778
8635 840
8636 846
8637 672
8638 617
8639 547
8640 583
8641 573
8642 588
8643 629
8644 619
8645 643
8646 583
8647 537
8648 460
8649 489
8650 491
8651 451
8652 511
8653 496
8654 515
8655 516
8656 589
8657 602
8658 394
8659 460
8660 502
8661 530
8662 534
8663 529
8664 493
8665 530
8666 510
8667 536
8668 509
8669 517
8670 466
8671 523
8672 491
8673 448
8674 466
8675 403
8676 366
8677 345
8678 411
8679 435
8680 381
8681 576
8682 715
8683 777
8684 718
8685 697
8686 618
8687 597
8688 582
8689 465
8690 482
8691 588
8692 499
8693 536
8694 404
8695 393
8696 467
8697 504
8698 482
8699 523
8700 513
8701 480
8702 530
8703 555
8704 540
8705 655
8706 686
8707 724
8708 713
8709 696
8710 760
8711 771
8712 701
8713 692
8714 735
8715 719
8716 719
8717 904
8718 855
8719 815
8720 923
8721 3
8722 35
8723 998
8724 28
8725 188
8726 106
8727 70
8728 963
8729 14
8730 937
8731 918
8732 18
8733 881
8734 885
8735 822
8736 871
8737 829
8738 804
8739 813
8740 884
8741 591
8742 533
8743 602
8744 474
8745 376
8746 435
8747 274
8748 324
8749 228
8750 81
8751 978
8752 23
8753 71
8754 908
8755 965
8756 869
8757 906
8758 987
8759 886
8760 912
8761 979
8762 7
8763 886
8764 875
8765 848
8766 734
8767 854
8768 856
8769 855
8770 907
8771 987
8772 951
8773 881
8774 886
8775 960
8776 869
8777 855
8778 856
8779 904
8780 835
8781 889
8782 775
8783 708
8784 827
8785 926
8786 961
8787 868
8788 885
8789 929
8790 849
8791 744
8792 758
8793 766
8794 839
8795 756
8796 697
8797 618
8798 632
8799 668
8800 620
8801 606
8802 627
8803 653
8804 717
8805 712
8806 714
8807 846
8808 905
8809 968
8810 963
8811 1
8812 913
8813 985
8814 145
8815 225
8816 120
8817 215
8818 146
8819 280
8820 196
8821 258
8822 394
8823 431
8824 459
8825 621
8826 621
8827 628
8828 702
8829 708
8830 695
8831 674
8832 739
8833 620
8834 680
8835 702
8836 680
8837 725
8838 789
8839 764
8840 748
8841 889
8842 887
8843 933
8844 948
8845 818
8846 909
8847 899
8848 71
8849 989
8850 906
8851 922
8852 913
8853 141
8854 191
8855 182
8856 178
8857 965
8858 927
8859 844
8860 818
8861 700
8862 713
8863 658
8864 537
8865 366
8866 253
8867 311
8868 345
8869 203
8870 139
8871 180
8872 102
8873 143
8874 96
8875 93
8876 997
8877 103
8878 8
8879 168
8880 274
8881 261
8882 221
8883 209
8884 133
8885 65
8886 60
8887 967
8888 931
8889 963
8890 15
8891 150
8892 171
8893 195
8894 252
8895 222
8896 250
8897 226
8898 86
8899 999
8900 20
8901 854
8902 804
8903 798
8904 798
8905 609
8906 679
8907 481
8908 374
8909 337
8910 287
8911 240
8912 188
8913 161
8914 112
8915 199
8916 163
8917 233
8918 245
8919 304
8920 397
8921 428
8922 320
8923 318
8924 249
8925 255
8926 242
8927 280
8928 341
8929 328
8930 244
8931 203
8932 378
8933 483
8934 432
8935 434
8936 366
8937 360
8938 420
8939 474
8940 580
8941 638
8942 844
8943 904
8944 975
8945 908
8946 896
8947 867
8948 886
8949 860
8950 820
8951 793
8952 822
8953 868
8954 916
8955 846
8956 760
8957 713
8958 705
8959 777
8960 817
8961 922
8962 891
8963 784
8964 736
8965 751
8966 824
8967 641
8968 671
8969 637
8970 751
8971 676
8972 542
8973 595
8974 476
8975 501
8976 424
8977 402
8978 500
8979 515
8980 528
8981 481
8982 482
8983 497
8984 503
8985 533
8986 382
8987 381
8988 450
8989 394
8990 368
8991 358
8992 387
8993 274
8994 370
8995 389
8996 326
8997 410
8998 292
8999 329
9000 360
9001 496
9002 646
9003 690
9004 744
9005 753
9006 670
9007 578
9008 631
9009 709
9010 646
9011 760
9012 769
9013 751
9014 633
9015 607
9016 694
9017 673
9018 542
9019 530
9020 436
9021 573
9022 473
9023 506
9024 429
9025 330
9026 330
9027 360
9028 470
9029 424
9030 243
9031 465
9032 422
9033 443
9034 394
9035 340
9036 349
9037 316
9038 319
9039 279
9040 236
9041 285
9042 332
9043 392
9044 282
9045 266
9046 380
9047 505
9048 301
9049 342
9050 420
9051 507
9052 572
9053 692
9054 662
9055 512
9056 289
9057 264
9058 305
9059 393
9060 329
9061 377
9062 273
9063 395
9064 363
9065 210
9066 130
9067 66
9068 87
9069 122
9070 224
9071 222
9072 263
9073 289
9074 185
9075 210
9076 177
9077 139
9078 199
9079 296
9080 470
9081 631
9082 792
9083 930
9084 949
9085 928
9086 861
9087 966
9088 244
9089 180
9090 268
9091 185
9092 147
9093 74
9094 113
9095 263
9096 237
9097 215
9098 300
9099 513
9100 575
9101 697
9102 720
9103 788
9104 701
9105 696
9106 779
9107 674
9108 721
9109 628
9110 498
9111 528
9112 345
9113 454
9114 303
9115 203
9116 213
9117 206
9118 175
9119 291
9120 221
9121 169
9122 51
9123 2
9124 140
9125 999
9126 867
9127 949
9128 43
9129 929
9130 885
9131 936
9132 891
9133 902
9134 866
9135 768
9136 880
9137 833
9138 879
9139 799
9140 867
9141 791
9142 703
9143 678
9144 724
9145 618
9146 571
9147 619
9148 639
9149 671
9150 619
9151 553
9152 605
9153 520
9154 513
9155 448
9156 540
9157 585
9158 635
9159 657
9160 730
9161 727
9162 647
9163 640
9164 635
9165 648
9166 651
9167 604
9168 658
9169 724
9170 564
9171 542
9172 508
9173 485
9174 514
9175 503
9176 526
9177 602
9178 572
9179 618
9180 564
9181 692
9182 767
9183 748
9184 853
9185 806
9186 843
9187 782
9188 778
9189 957
9190 982
9191 7
9192 6
9193 122
9194 111
9195 71
9196 32
9197 94
9198 186
9199 46
9200 133
9201 21
9202 930
9203 934
9204 896
9205 869
9206 860
9207 823
9208 688
9209 638
9210 600
9211 536
9212 632
9213 662
9214 716
9215 777
9216 811
9217 809
9218 863
9219 831
9220 845
9221 870
9222 872
9223 912
9224 869
9225 788
9226 789
9227 918
9228 955
9229 944
9230 11
9231 902
9232 878
9233 883
9234 832
9235 830
9236 830
9237 846
9238 846
9239 743
9240 638
9241 652
9242 615
9243 554
9244 592
9245 652
9246 713
9247 832
9248 760
9249 782
9250 766
9251 772
9252 774
9253 780
9254 836
9255 760
9256 813
9257 840
9258 849
9259 859
9260 840
9261 820
9262 834
9263 939
9264 970
9265 898
9266 830
9267 929
9268 976
9269 996
9270 937
9271 55
9272 76
9273 203
9274 183
9275 95
9276 57
9277 998
9278 11
9279 999
9280 95
9281 60
9282 53
9283 83
9284 31
9285 989
9286 974
9287 982
9288 987
9289 160
9290 70
9291 188
9292 200
9293 245
9294 171
9295 196
9296 289
9297 343
9298 438
9299 427
9300 409
9301 380
9302 329
9303 433
9304 500
9305 498
9306 505
9307 501
9308 516
9309 545
9310 527
9311 585
9312 589
9313 643
9314 646
9315 664
9316 703
9317 742
9318 752
9319 799
9320 899
9321 984
9322 111
9323 15
9324 929
9325 16
9326 130
9327 133
9328 229
9329 177
9330 137
9331 136
9332 237
9333 265
9334 158
9335 255
9336 163
9337 278
9338 345
9339 106
9340 65
9341 6
9342 38
9343 130
9344 73
9345 9
9346 994
9347 19
9348 963
9349 966
9350 802
9351 891
9352 850
9353 850
9354 831
9355 785
9356 782
9357 796
9358 833
9359 758
9360 720
9361 713
9362 674
9363 661
9364 708
9365 659
9366 690
9367 709
9368 620
9369 676
9370 583
9371 689
9372 695
9373 735
9374 782
9375 839
9376 742
9377 716
9378 633
9379 564
9380 489
9381 500
9382 537
9383 533
9384 526
9385 469
9386 448
9387 423
9388 304
9389 267
9390 355
9391 249
9392 168
9393 216
9394 217
9395 357
9396 374
9397 362
9398 321
9399 281
9400 209
9401 185
9402 199
9403 291
9404 298
9405 307
9406 316
9407 372
9408 419
9409 380
9410 307
9411 327
9412 259
9413 296
9414 220
9415 245
9416 149
9417 93
9418 123
9419 114
9420 173
9421 193
9422 263
9423 293
9424 292
9425 238
9426 285
9427 260
9428 187
9429 140
9430 183
9431 131
9432 103
9433 118
9434 51
9435 48
9436 111
9437 103
9438 79
9439 226
9440 226
9441 227
9442 203
9443 241
9444 255
9445 370
9446 290
9447 174
9448 104
9449 201
9450 252
9451 221
9452 250
9453 267
9454 219
9455 225
9456 204
9457 151
9458 100
9459 82
9460 115
9461 145
9462 108
9463 161
9464 189
9465 252
9466 244
9467 305
9468 414
9469 369
9470 372
9471 414
9472 475
9473 518
9474 463
9475 383
9476 458
9477 473
9478 562
9479 599
9480 576
9481 525
9482 504
9483 506
9484 527
9485 613
9486 485
9487 510
9488 519
9489 571
9490 655
9491 748
9492 755
9493 920
9494 838
9495 832
9496 810
9497 787
9498 771
9499 799
9500 626
9501 602
9502 544
9503 677
9504 651
9505 712
9506 676
9507 652
9508 620
9509 668
9510 660
9511 629
9512 573
9513 679
9514 661
9515 704
9516 614
9517 637
9518 734
9519 844
9520 763
9521 743
9522 711
9523 700
9524 741
9525 743
9526 750
9527 817
9528 762
9529 701
9530 623
9531 648
9532 753
9533 671
9534 695
9535 713
9536 758
9537 856
9538 856
9539 27
9540 926
9541 941
9542 908
9543 943
9544 25
9545 35
9546 148
9547 162
9548 144
9549 238
9550 258
9551 274
9552 304
9553 274
9554 201
9555 227
9556 165
9557 130
9558 80
9559 226
9560 248
9561 131
9562 128
9563 44
9564 65
9565 78
9566 79
9567 158
9568 196
9569 289
9570 248
9571 341
9572 378
9573 374
9574 478
9575 385
9576 456
9577 339
9578 349
9579 355
9580 323
9581 350
9582 424
9583 472
9584 442
9585 419
9586 530
9587 434
9588 390
9589 317
9590 264
9591 247
9592 319
9593 331
9594 372
9595 421
9596 395
9597 396
9598 466
9599 535
9600 451
9601 633
9602 535
9603 620
9604 631
9605 599
9606 522
9607 528
9608 524
9609 498
9610 434
9611 498
9612 419
9613 435
9614 414
9615 395
9616 386
9617 409
9618 497
9619 538
9620 582
9621 593
9622 610
9623 609
9624 621
9625 640
9626 604
9627 606
9628 637
9629 728
9630 742
9631 756
9632 738
9633 729
9634 727
9635 726
9636 680
9637 681
9638 791
9639 770
9640 799
9641 831
9642 910
9643 47
9644 35
9645 978
9646 0
9647 51
9648 55
9649 160
9650 49
9651 51
9652 29
9653 60
9654 80
9655 116
9656 52
9657 17
9658 961
9659 850
9660 905
9661 863
9662 847
9663 841
9664 795
9665 761
9666 714
9667 830
9668 856
9669 860
9670 854
9671 852
9672 839
9673 894
9674 801
9675 840
9676 767
9677 761
9678 750
9679 751
9680 782
9681 712
9682 808
9683 853
9684 798
9685 788
9686 845
9687 921
9688 883
9689 936
9690 986
9691 944
9692 954
9693 1
9694 981
9695 110
9696 183
9697 221
9698 255
9699 185
9700 207
9701 246
9702 330
9703 326
9704 416
9705 365
9706 325
9707 233
9708 235
9709 216
9710 214
9711 274
9712 368
9713 443
9714 376
9715 376
9716 386
9717 370
9718 460
9719 483
9720 526
9721 543
9722 565
9723 619
9724 595
9725 500
9726 477
9727 356
9728 427
9729 394
9730 438
9731 524
9732 550
9733 488
9734 405
9735 374
9736 358
9737 383
9738 403
9739 439
9740 466
9741 477
9742 402
9743 390
9744 372
9745 417
9746 422
9747 315
9748 410
9749 443
9750 408
9751 460
9752 426
9753 590
9754 369
9755 397
9756 412
9757 316
9758 441
9759 521
9760 296
9761 295
9762 335
9763 343
9764 502
9765 403
9766 384
9767 458
9768 439
9769 437
9770 324
9771 391
9772 448
9773 387
9774 444
9775 446
9776 405
9777 393
9778 415
9779 288
9780 376
9781 413
9782 415
9783 531
9784 536
9785 585
9786 589
9787 573
9788 599
9789 512
9790 499
9791 452
9792 352
9793 281
9794 246
9795 273
9796 193
9797 72
9798 145
9799 144
9800 83
9801 151
9802 118
9803 69
9804 997
9805 914
9806 851
9807 862
9808 887
9809 789
9810 798
9811 751
9812 899
9813 889
9814 940
9815 778
9816 819
9817 774
9818 861
9819 943
9820 905
9821 900
9822 891
9823 906
9824 816
9825 672
9826 777
9827 701
9828 697
9829 736
9830 667
9831 793
9832 715
9833 676
9834 625
9835 674
9836 661
9837 651
9838 511
9839 488
9840 479
9841 468
9842 504
9843 515
9844 585
9845 542
9846 448
9847 510
9848 571
9849 596
9850 581
9851 673
9852 651
9853 566
9854 493
9855 405
9856 445
9857 480
9858 518
9859 413
9860 367
9861 484
9862 450
9863 499
9864 455
9865 504
9866 534
9867 609
9868 612
9869 551
9870 537
9871 525
9872 590
9873 505
9874 508
9875 630
9876 576
9877 602
9878 650
9879 650
9880 664
9881 695
9882 693
9883 745
9884 684
9885 738
9886 710
9887 689
9888 632
9889 509
9890 592
9891 506
9892 476
9893 566
9894 670
9895 800
9896 840
9897 814
9898 640
9899 618
9900 680
9901 694
9902 667
9903 650
9904 666
9905 674
9906 646
9907 561
9908 626
9909 612
9910 706
9911 814
9912 744
9913 770
9914 755
9915 846
9916 867
9917 903
9918 910
9919 885
9920 793
9921 813
9922 794
9923 850
9924 835
9925 879
9926 837
9927 862
9928 920
9929 837
9930 724
9931 679
9932 735
9933 798
9934 807
9935 905
9936 892
9937 891
9938 919
9939 983
9940 69
9941 112
9942 105
9943 138
9944 137
9945 160
9946 128
9947 60
9948 46
9949 74
9950 18
9951 14
9952 6
9953 1
9954 989
9955 5
9956 977
9957 982
9958 26
9959 37
9960 89
9961 139
9962 173
9963 59
9964 38
9965 943
9966 976
9967 938
9968 802
9969 733
9970 756
9971 852
9972 895
9973 852
9974 898
9975 890
9976 971
9977 60
9978 32
9979 933
9980 994
9981 992
9982 32
9983 77
9984 2
9985 948
9986 837
9987 825
9988 779
9989 897
9990 792
9991 940
9992 936
9993 939
9994 990
9995 965
9996 950
9997 53
9998 996
9999 24
10000 971
