1 4
2 8
3 6
4 7
5 11
6 7
7 7
8 10
9 14
10 20
11 22
12 23
13 21
14 22
15 22
16 19
17 25
18 26
19 30
20 37
21 35
22 38
23 33
24 28
25 29
26 30
27 44
28 46
29 43
30 44
31 54
32 59
33 64
34 60
35 62
36 65
37 63
38 70
39 84
40 91
41 105
42 114
43 105
44 109
45 108
46 108
47 106
48 97
49 88
50 91
51 95
52 97
53 92
54 102
55 90
56 84
57 69
58 70
59 80
60 92
61 88
62 98
63 93
64 93
65 98
66 109
67 95
68 103
69 104
70 112
71 123
72 127
73 122
74 116
75 125
76 131
77 125
78 120
79 124
80 124
81 132
82 130
83 136
84 128
85 131
86 124
87 109
88 120
89 119
90 114
91 106
92 106
93 108
94 105
95 111
96 108
97 115
98 115
99 123
100 123
101 121
102 124
103 108
104 100
105 94
106 89
107 83
108 82
109 74
110 78
111 70
112 78
113 79
114 59
115 66
116 100
117 113
118 127
119 127
120 121
121 118
122 130
123 128
124 121
125 137
126 153
127 168
128 181
129 163
130 172
131 179
132 186
133 170
134 157
135 155
136 160
137 136
138 119
139 126
140 138
141 136
142 118
143 102
144 103
145 90
146 81
147 60
148 57
149 63
150 66
151 58
152 65
153 68
154 56
155 54
156 58
157 55
158 57
159 62
160 48
161 52
162 62
163 53
164 62
165 73
166 67
167 63
168 65
169 54
170 58
171 62
172 57
173 48
174 54
175 73
176 85
177 81
178 81
179 86
180 90
181 86
182 80
183 66
184 64
185 57
186 57
187 64
188 66
189 66
190 70
191 79
192 84
193 96
194 91
195 80
196 92
197 93
198 92
199 92
200 90
201 86
202 88
203 110
204 112
205 103
206 105
207 97
208 103
209 111
210 108
211 116
212 121
213 115
214 94
215 84
216 75
217 78
218 76
219 79
220 88
221 83
222 92
223 117
224 125
225 135
226 118
227 128
228 146
229 139
230 139
231 148
232 136
233 123
234 122
235 115
236 108
237 122
238 142
239 124
240 143
241 133
242 121
243 117
244 133
245 113
246 126
247 137
248 111
249 132
250 133
251 136
252 140
253 154
254 128
255 144
256 151
257 158
258 163
259 172
260 173
261 203
262 213
263 212
264 204
265 212
266 222
267 202
268 210
269 206
270 210
271 185
272 189
273 190
274 199
275 219
276 217
277 216
278 216
279 213
280 202
281 213
282 210
283 209
284 217
285 219
286 233
287 250
288 275
289 293
290 307
291 323
292 341
293 336
294 328
295 326
296 332
297 323
298 326
299 343
300 346
301 366
302 390
303 403
304 391
305 383
306 378
307 387
308 394
309 405
310 439
311 417
312 410
313 414
314 429
315 412
316 436
317 430
318 471
319 467
320 465
321 487
322 493
323 515
324 520
325 508
326 513
327 512
328 510
329 514
330 496
331 516
332 543
333 549
334 546
335 498
336 482
337 506
338 494
339 513
340 510
341 518
342 539
343 568
344 622
345 626
346 610
347 606
348 601
349 610
350 621
351 624
352 641
353 687
354 704
355 687
356 665
357 641
358 637
359 630
360 621
361 617
362 621
363 639
364 636
365 620
366 608
367 592
368 619
369 600
370 601
371 574
372 558
373 553
374 571
375 589
376 637
377 674
378 663
379 674
380 667
381 664
382 675
383 706
384 694
385 722
386 742
387 754
388 730
389 705
390 689
391 720
392 698
393 714
394 708
395 707
396 708
397 715
398 706
399 675
400 651
401 671
402 668
403 667
404 650
405 662
406 677
407 643
408 608
409 599
410 571
411 569
412 563
413 569
414 558
415 551
416 553
417 558
418 535
419 551
420 561
421 563
422 586
423 548
424 538
425 527
426 521
427 518
428 520
429 500
430 465
431 452
432 441
433 429
434 442
435 420
436 444
437 470
438 478
439 481
440 470
441 488
442 495
443 473
444 462
445 471
446 443
447 462
448 445
449 445
450 448
451 449
452 456
453 475
454 452
455 449
456 466
457 465
458 491
459 510
460 512
461 512
462 534
463 523
464 520
465 512
466 503
467 527
468 539
469 552
470 619
471 632
472 651
473 674
474 693
475 696
476 690
477 707
478 667
479 648
480 667
481 649
482 623
483 626
484 612
485 608
486 621
487 635
488 686
489 675
490 678
491 682
492 679
493 686
494 712
495 740
496 725
497 743
498 741
499 723
500 706
501 701
502 708
503 653
504 646
505 601
506 673
507 685
508 676
509 700
510 703
511 732
512 728
513 726
514 753
515 737
516 707
517 723
518 690
519 682
520 711
521 691
522 673
523 702
524 712
525 692
526 696
527 722
528 730
529 744
530 748
531 710
532 702
533 731
534 738
535 756
536 766
537 732
538 730
539 697
540 678
541 674
542 657
543 608
544 575
545 586
546 625
547 631
548 647
549 635
550 630
551 636
552 651
553 670
554 682
555 678
556 632
557 668
558 723
559 681
560 729
561 755
562 779
563 787
564 780
565 771
566 755
567 798
568 805
569 812
570 793
571 794
572 820
573 797
574 801
575 776
576 772
577 806
578 783
579 768
580 765
581 798
582 844
583 853
584 817
585 837
586 848
587 863
588 841
589 861
590 872
591 838
592 776
593 815
594 760
595 758
596 774
597 765
598 805
599 821
600 854
601 857
602 828
603 779
604 782
605 784
606 784
607 779
608 796
609 815
610 830
611 851
612 827
613 791
614 816
615 799
616 761
617 736
618 776
619 787
620 808
621 864
622 825
623 846
624 875
625 865
626 883
627 876
628 868
629 878
630 879
631 846
632 819
633 848
634 878
635 896
636 931
637 933
638 943
639 920
640 929
641 882
642 886
643 922
644 972
645 49
646 53
647 36
648 57
649 62
650 80
651 54
652 76
653 126
654 136
655 155
656 99
657 122
658 116
659 137
660 107
661 119
662 143
663 157
664 212
665 204
666 220
667 233
668 202
669 211
670 278
671 252
672 293
673 286
674 294
675 261
676 225
677 237
678 257
679 270
680 233
681 232
682 175
683 161
684 179
685 178
686 145
687 125
688 100
689 100
690 100
691 105
692 120
693 97
694 125
695 142
696 130
697 96
698 126
699 156
700 133
701 106
702 149
703 172
704 184
705 198
706 260
707 235
708 216
709 217
710 199
711 174
712 171
713 191
714 182
715 130
716 106
717 127
718 96
719 106
720 101
721 52
722 68
723 74
724 98
725 57
726 56
727 44
728 32
729 31
730 31
731 58
732 36
733 19
734 48
735 74
736 100
737 87
738 78
739 65
740 78
741 27
742 63
743 59
744 999
745 6
746 954
747 912
748 916
749 935
750 986
751 948
752 998
753 971
754 962
755 921
756 960
757 964
758 22
759 6
760 991
761 972
762 963
763 922
764 958
765 30
766 4
767 17
768 27
769 14
770 7
771 986
772 6
773 980
774 992
775 2
776 35
777 30
778 14
779 32
780 21
781 102
782 145
783 160
784 241
785 263
786 250
787 216
788 264
789 247
790 252
791 282
792 283
793 264
794 257
795 220
796 247
797 205
798 141
799 153
800 176
801 142
802 105
803 75
804 97
805 88
806 81
807 11
808 5
809 40
810 78
811 45
812 81
813 104
814 150
815 143
816 157
817 126
818 84
819 92
820 144
821 138
822 108
823 124
824 50
825 27
826 17
827 27
828 38
829 14
830 997
831 997
832 63
833 46
834 89
835 102
836 31
837 41
838 67
839 62
840 82
841 74
842 115
843 131
844 110
845 110
846 96
847 76
848 62
849 49
850 43
851 52
852 94
853 39
854 48
855 102
856 64
857 58
858 0
859 50
860 54
861 81
862 89
863 78
864 84
865 90
866 85
867 44
868 20
869 51
870 997
871 978
872 992
873 29
874 93
875 141
876 142
877 113
878 111
879 78
880 113
881 76
882 53
883 71
884 71
885 27
886 9
887 0
888 15
889 955
890 993
891 996
892 977
893 986
894 48
895 89
896 118
897 127
898 94
899 118
900 118
901 92
902 98
903 88
904 72
905 33
906 6
907 964
908 966
909 981
910 28
911 29
912 118
913 99
914 173
915 123
916 112
917 118
918 106
919 124
920 140
921 154
922 177
923 192
924 195
925 133
926 158
927 169
928 75
929 82
930 51
931 89
932 88
933 129
934 126
935 121
936 111
937 134
938 151
939 261
940 347
941 422
942 506
943 517
944 525
945 532
946 490
947 479
948 406
949 467
950 540
951 532
952 583
953 616
954 609
955 623
956 636
957 667
958 587
959 560
960 583
961 652
962 620
963 585
964 612
965 691
966 677
967 648
968 644
969 622
970 579
971 590
972 668
973 704
974 716
975 728
976 779
977 764
978 778
979 776
980 784
981 705
982 740
983 717
984 763
985 808
986 740
987 763
988 710
989 732
990 653
991 694
992 732
993 658
994 654
995 636
996 638
997 602
998 602
999 603
1000 574
1001 557
1002 593
1003 506
1004 474
1005 495
1006 494
1007 531
1008 482
1009 510
1010 414
1011 415
1012 455
1013 477
1014 476
1015 478
1016 487
1017 503
1018 501
1019 527
1020 530
1021 598
1022 620
1023 596
1024 612
1025 656
1026 696
1027 682
1028 655
1029 640
1030 640
1031 668
1032 692
1033 682
1034 706
1035 715
1036 809
1037 897
1038 886
1039 982
1040 926
1041 816
1042 886
1043 921
1044 918
1045 944
1046 935
1047 935
1048 895
1049 929
1050 895
1051 856
1052 850
1053 919
1054 855
1055 767
1056 766
1057 728
1058 790
1059 799
1060 701
1061 659
1062 742
1063 715
1064 765
1065 810
1066 729
1067 825
1068 878
1069 906
1070 881
1071 863
1072 896
1073 885
1074 948
1075 885
1076 879
1077 875
1078 898
1079 892
1080 927
1081 867
1082 814
1083 802
1084 747
1085 699
1086 724
1087 704
1088 695
1089 678
1090 580
1091 560
1092 597
1093 532
1094 518
1095 548
1096 539
1097 501
1098 575
1099 654
1100 663
1101 707
1102 682
1103 726
1104 706
1105 718
1106 708
1107 697
1108 673
1109 670
1110 751
1111 742
1112 727
1113 691
1114 727
1115 765
1116 755
1117 795
1118 798
1119 765
1120 768
1121 796
1122 877
1123 896
1124 893
1125 852
1126 822
1127 885
1128 901
1129 979
1130 988
1131 958
1132 964
1133 980
1134 957
1135 999
1136 49
1137 39
1138 987
1139 998
1140 67
1141 84
1142 141
1143 161
1144 165
1145 167
1146 156
1147 158
1148 145
1149 141
1150 160
1151 129
1152 63
1153 14
1154 963
1155 969
1156 969
1157 991
1158 48
1159 74
1160 155
1161 140
1162 139
1163 208
1164 217
1165 235
1166 236
1167 270
1168 238
1169 258
1170 265
1171 265
1172 319
1173 346
1174 310
1175 308
1176 316
1177 272
1178 257
1179 261
1180 283
1181 303
1182 326
1183 302
1184 298
1185 317
1186 255
1187 224
1188 205
1189 174
1190 140
1191 175
1192 134
1193 85
1194 989
1195 32
1196 74
1197 24
1198 97
1199 153
1200 137
1201 252
1202 305
1203 301
1204 240
1205 235
1206 219
1207 212
1208 251
1209 216
1210 225
1211 141
1212 210
1213 153
1214 121
1215 174
1216 208
1217 208
1218 134
1219 97
1220 93
1221 98
1222 105
1223 147
1224 90
1225 153
1226 159
1227 196
1228 146
1229 130
1230 57
1231 54
1232 120
1233 108
1234 150
1235 98
1236 2
1237 982
1238 949
1239 907
1240 902
1241 921
1242 940
1243 882
1244 845
1245 827
1246 817
1247 855
1248 845
1249 807
1250 795
1251 779
1252 766
1253 796
1254 770
1255 813
1256 840
1257 851
1258 917
1259 913
1260 875
1261 902
1262 907
1263 863
1264 816
1265 785
1266 805
1267 781
1268 762
1269 694
1270 742
1271 751
1272 784
1273 763
1274 737
1275 762
1276 736
1277 736
1278 788
1279 822
1280 879
1281 907
1282 927
1283 912
1284 899
1285 908
1286 917
1287 879
1288 845
1289 890
1290 857
1291 935
1292 915
1293 966
1294 987
1295 990
1296 922
1297 976
1298 990
1299 17
1300 924
1301 27
1302 27
1303 2
1304 99
1305 44
1306 31
1307 30
1308 42
1309 71
1310 51
1311 10
1312 47
1313 68
1314 66
1315 72
1316 67
1317 4
1318 7
1319 5
1320 978
1321 943
1322 910
1323 900
1324 869
1325 881
1326 921
1327 917
1328 922
1329 9
1330 984
1331 26
1332 954
1333 23
1334 31
1335 82
1336 100
1337 122
1338 91
1339 87
1340 48
1341 129
1342 104
1343 87
1344 23
1345 934
1346 934
1347 930
1348 938
1349 980
1350 28
1351 68
1352 84
1353 81
1354 106
1355 87
1356 126
1357 131
1358 115
1359 77
1360 7
1361 32
1362 35
1363 79
1364 108
1365 121
1366 100
1367 196
1368 112
1369 75
1370 81
1371 126
1372 60
1373 139
1374 116
1375 103
1376 142
1377 159
1378 204
1379 259
1380 186
1381 142
1382 182
1383 136
1384 123
1385 109
1386 58
1387 25
1388 23
1389 971
1390 844
1391 821
1392 853
1393 894
1394 886
1395 915
1396 943
1397 973
1398 930
1399 75
1400 45
1401 33
1402 8
1403 30
1404 10
1405 116
1406 56
1407 950
1408 928
1409 947
1410 868
1411 803
1412 807
1413 805
1414 793
1415 774
1416 780
1417 735
1418 787
1419 792
1420 781
1421 733
1422 665
1423 684
1424 735
1425 782
1426 758
1427 759
1428 763
1429 762
1430 790
1431 817
1432 818
1433 759
1434 672
1435 672
1436 613
1437 569
1438 554
1439 590
1440 638
1441 621
1442 574
1443 569
1444 606
1445 642
1446 712
1447 682
1448 668
1449 625
1450 625
1451 633
1452 660
1453 672
1454 684
1455 663
1456 587
1457 555
1458 633
1459 690
1460 633
1461 622
1462 628
1463 571
1464 578
1465 599
1466 597
1467 614
1468 610
1469 627
1470 614
1471 584
1472 585
1473 600
1474 592
1475 610
1476 594
1477 580
1478 642
1479 635
1480 717
1481 649
1482 728
1483 716
1484 749
1485 689
1486 714
1487 656
1488 651
1489 571
1490 587
1491 640
1492 679
1493 714
1494 691
1495 707
1496 712
1497 619
1498 606
1499 636
1500 620
1501 673
1502 659
1503 657
1504 583
1505 629
1506 610
1507 633
1508 635
1509 522
1510 518
1511 522
1512 513
1513 545
1514 520
1515 482
1516 471
1517 490
1518 486
1519 499
1520 513
1521 561
1522 543
1523 567
1524 563
1525 572
1526 595
1527 529
1528 480
1529 537
1530 572
1531 502
1532 523
1533 547
1534 604
1535 660
1536 541
1537 590
1538 605
1539 635
1540 639
1541 616
1542 593
1543 666
1544 680
1545 635
1546 668
1547 739
1548 743
1549 749
1550 791
1551 778
1552 784
1553 774
1554 708
1555 689
1556 665
1557 665
1558 636
1559 676
1560 654
1561 620
1562 618
1563 692
1564 633
1565 641
1566 629
1567 603
1568 570
1569 583
1570 607
1571 609
1572 585
1573 688
1574 621
1575 658
1576 661
1577 705
1578 632
1579 598
1580 651
1581 682
1582 746
1583 735
1584 751
1585 809
1586 816
1587 862
1588 863
1589 837
1590 796
1591 857
1592 756
1593 805
1594 826
1595 928
1596 988
1597 141
1598 211
1599 164
1600 172
1601 170
1602 137
1603 84
1604 29
1605 22
1606 62
1607 986
1608 985
1609 27
1610 63
1611 11
1612 949
1613 50
1614 67
1615 88
1616 58
1617 47
1618 55
1619 120
1620 101
1621 11
1622 991
1623 927
1624 881
1625 863
1626 880
1627 899
1628 835
1629 918
1630 938
1631 941
1632 876
1633 877
1634 889
1635 872
1636 950
1637 940
1638 914
1639 985
1640 984
1641 953
1642 922
1643 904
1644 989
1645 963
1646 953
1647 1
1648 74
1649 111
1650 115
1651 138
1652 66
1653 30
1654 0
1655 952
1656 936
1657 934
1658 50
1659 39
1660 969
1661 29
1662 28
1663 3
1664 19
1665 26
1666 980
1667 909
1668 796
1669 756
1670 731
1671 749
1672 683
1673 697
1674 750
1675 757
1676 698
1677 688
1678 680
1679 702
1680 713
1681 824
1682 827
1683 873
1684 812
1685 850
1686 936
1687 977
1688 27
1689 62
1690 32
1691 89
1692 113
1693 152
1694 259
1695 270
1696 289
1697 195
1698 159
1699 199
1700 253
1701 208
1702 185
1703 252
1704 275
1705 256
1706 222
1707 198
1708 90
1709 66
1710 81
1711 990
1712 978
1713 6
1714 112
1715 151
1716 235
1717 275
1718 170
1719 115
1720 70
1721 80
1722 127
1723 42
1724 37
1725 76
1726 205
1727 191
1728 132
1729 70
1730 64
1731 978
1732 5
1733 11
1734 59
1735 80
1736 136
1737 186
1738 263
1739 267
1740 249
1741 332
1742 320
1743 330
1744 390
1745 300
1746 356
1747 360
1748 328
1749 293
1750 340
1751 350
1752 376
1753 284
1754 456
1755 478
1756 467
1757 567
1758 592
1759 582
1760 571
1761 623
1762 601
1763 537
1764 509
1765 589
1766 545
1767 546
1768 502
1769 462
1770 540
1771 480
1772 472
1773 415
1774 481
1775 472
1776 401
1777 323
1778 354
1779 394
1780 396
1781 448
1782 501
1783 452
1784 356
1785 362
1786 322
1787 309
1788 222
1789 227
1790 214
1791 251
1792 206
1793 272
1794 255
1795 191
1796 193
1797 268
1798 227
1799 134
1800 150
1801 44
1802 31
1803 15
1804 101
1805 121
1806 170
1807 124
1808 151
1809 182
1810 252
1811 198
1812 158
1813 61
1814 964
1815 846
1816 850
1817 880
1818 898
1819 930
1820 887
1821 979
1822 12
1823 30
1824 982
1825 927
1826 879
1827 846
1828 822
1829 859
1830 937
1831 902
1832 957
1833 998
1834 950
1835 941
1836 943
1837 895
1838 945
1839 903
1840 928
1841 915
1842 915
1843 882
1844 829
1845 809
1846 926
1847 884
1848 843
1849 915
1850 836
1851 775
1852 785
1853 734
1854 720
1855 661
1856 678
1857 637
1858 662
1859 728
1860 712
1861 734
1862 777
1863 786
1864 790
1865 874
1866 944
1867 843
1868 844
1869 896
1870 861
1871 928
1872 931
1873 945
1874 41
1875 18
1876 970
1877 963
1878 960
1879 980
1880 997
1881 7
1882 13
1883 62
1884 62
1885 31
1886 21
1887 64
1888 96
1889 142
1890 123
1891 124
1892 90
1893 37
1894 63
1895 50
1896 77
1897 996
1898 965
1899 944
1900 999
1901 27
1902 11
1903 971
1904 843
1905 897
1906 932
1907 966
1908 114
1909 141
1910 145
1911 68
1912 37
1913 25
1914 990
1915 939
1916 1
1917 6
1918 967
1919 977
1920 892
1921 817
1922 824
1923 795
1924 737
1925 715
1926 713
1927 711
1928 655
1929 660
1930 703
1931 641
1932 654
1933 648
1934 571
1935 600
1936 553
1937 565
1938 605
1939 556
1940 551
1941 582
1942 544
1943 565
1944 529
1945 518
1946 468
1947 500
1948 523
1949 599
1950 602
1951 635
1952 644
1953 665
1954 660
1955 651
1956 571
1957 589
1958 579
1959 597
1960 655
1961 711
1962 699
1963 572
1964 679
1965 651
1966 671
1967 766
1968 828
1969 869
1970 842
1971 842
1972 799
1973 825
1974 781
1975 822
1976 893
1977 864
1978 865
1979 955
1980 50
1981 71
1982 10
1983 25
1984 91
1985 131
1986 92
1987 155
1988 132
1989 119
1990 151
1991 161
1992 176
1993 174
1994 133
1995 130
1996 213
1997 195
1998 267
1999 263
2000 265
2001 162
2002 120
2003 84
2004 134
2005 151
2006 202
2007 203
2008 157
2009 189
2010 235
2011 180
2012 194
2013 189
2014 155
2015 93
2016 92
2017 70
2018 79
2019 194
2020 227
2021 257
2022 229
2023 350
2024 322
2025 286
2026 351
2027 297
2028 162
2029 127
2030 86
2031 53
2032 17
2033 992
2034 40
2035 94
2036 119
2037 154
2038 212
2039 225
2040 202
2041 214
2042 190
2043 249
2044 219
2045 199
2046 251
2047 324
2048 292
2049 262
2050 206
2051 158
2052 173
2053 225
2054 259
2055 241
2056 288
2057 333
2058 278
2059 272
2060 309
2061 295
2062 283
2063 290
2064 307
2065 323
2066 293
2067 301
2068 286
2069 242
2070 225
2071 179
2072 208
2073 205
2074 237
2075 136
2076 79
2077 67
2078 111
2079 96
2080 116
2081 122
2082 133
2083 198
2084 144
2085 108
2086 119
2087 117
2088 157
2089 184
2090 213
2091 266
2092 197
2093 231
2094 380
2095 394
2096 426
2097 377
2098 389
2099 446
2100 454
2101 507
2102 483
2103 555
2104 499
2105 569
2106 547
2107 591
2108 564
2109 585
2110 600
2111 591
2112 697
2113 758
2114 859
2115 927
2116 902
2117 894
2118 872
2119 833
2120 895
2121 909
2122 874
2123 833
2124 802
2125 844
2126 833
2127 797
2128 793
2129 850
2130 838
2131 875
2132 870
2133 838
2134 845
2135 841
2136 819
2137 845
2138 811
2139 745
2140 696
2141 690
2142 656
2143 725
2144 679
2145 697
2146 663
2147 682
2148 669
2149 680
2150 710
2151 728
2152 647
2153 675
2154 724
2155 758
2156 809
2157 780
2158 819
2159 894
2160 871
2161 967
2162 964
2163 920
2164 853
2165 868
2166 829
2167 840
2168 820
2169 813
2170 842
2171 787
2172 767
2173 760
2174 753
2175 815
2176 860
2177 933
2178 966
2179 3
2180 10
2181 33
2182 47
2183 16
2184 63
2185 112
2186 101
2187 109
2188 77
2189 28
2190 46
2191 11
2192 946
2193 56
2194 972
2195 33
2196 9
2197 14
2198 845
2199 867
2200 860
2201 818
2202 800
2203 805
2204 814
2205 793
2206 866
2207 881
2208 776
2209 803
2210 799
2211 867
2212 908
2213 890
2214 927
2215 812
2216 814
2217 748
2218 695
2219 718
2220 769
2221 774
2222 771
2223 808
2224 719
2225 685
2226 658
2227 606
2228 632
2229 661
2230 653
2231 574
2232 564
2233 580
2234 559
2235 533
2236 594
2237 667
2238 624
2239 590
2240 596
2241 628
2242 730
2243 702
2244 692
2245 769
2246 755
2247 749
2248 807
2249 712
2250 673
2251 652
2252 614
2253 604
2254 626
2255 659
2256 636
2257 652
2258 581
2259 612
2260 584
2261 615
2262 582
2263 651
2264 597
2265 556
2266 647
2267 682
2268 561
2269 613
2270 588
2271 629
2272 620
2273 631
2274 628
2275 596
2276 563
2277 581
2278 644
2279 593
2280 614
2281 625
2282 534
2283 507
2284 517
2285 490
2286 465
2287 451
2288 488
2289 468
2290 463
2291 540
2292 458
2293 414
2294 422
2295 400
2296 358
2297 417
2298 299
2299 369
2300 362
2301 366
2302 439
2303 415
2304 359
2305 497
2306 399
2307 408
2308 380
2309 401
2310 433
2311 431
2312 555
2313 652
2314 602
2315 633
2316 611
2317 573
2318 626
2319 576
2320 534
2321 561
2322 562
2323 554
2324 558
2325 502
2326 495
2327 411
2328 474
2329 541
2330 601
2331 610
2332 536
2333 517
2334 466
2335 448
2336 331
2337 428
2338 434
2339 410
2340 506
2341 495
2342 577
2343 533
2344 513
2345 546
2346 496
2347 446
2348 370
2349 428
2350 386
2351 443
2352 363
2353 427
2354 461
2355 461
2356 504
2357 514
2358 490
2359 548
2360 529
2361 564
2362 674
2363 772
2364 786
2365 864
2366 855
2367 835
2368 841
2369 836
2370 809
2371 816
2372 802
2373 793
2374 781
2375 802
2376 804
2377 788
2378 807
2379 910
2380 896
2381 841
2382 877
2383 868
2384 877
2385 809
2386 834
2387 866
2388 792
2389 763
2390 808
2391 875
2392 835
2393 854
2394 835
2395 836
2396 748
2397 764
2398 797
2399 765
2400 771
2401 706
2402 663
2403 662
2404 636
2405 683
2406 637
2407 595
2408 598
2409 652
2410 636
2411 577
2412 610
2413 574
2414 658
2415 715
2416 722
2417 708
2418 688
2419 660
2420 695
2421 653
2422 697
2423 689
2424 663
2425 700
2426 674
2427 723
2428 739
2429 781
2430 786
2431 831
2432 880
2433 859
2434 876
2435 880
2436 855
2437 926
2438 880
2439 907
2440 905
2441 989
2442 31
2443 33
2444 35
2445 13
2446 965
2447 997
2448 59
2449 87
2450 39
2451 71
2452 38
2453 59
2454 39
2455 994
2456 921
2457 947
2458 909
2459 928
2460 991
2461 951
2462 31
2463 10
2464 61
2465 93
2466 134
2467 92
2468 169
2469 203
2470 201
2471 234
2472 283
2473 315
2474 305
2475 305
2476 291
2477 249
2478 231
2479 233
2480 321
2481 371
2482 395
2483 315
2484 340
2485 346
2486 313
2487 362
2488 315
2489 245
2490 216
2491 187
2492 270
2493 264
2494 266
2495 179
2496 274
2497 357
2498 306
2499 313
2500 247
2501 216
2502 164
2503 152
2504 209
2505 154
2506 131
2507 103
2508 65
2509 111
2510 197
2511 255
2512 117
2513 171
2514 173
2515 166
2516 136
2517 120
2518 139
2519 237
2520 249
2521 309
2522 279
2523 349
2524 424
2525 431
2526 418
2527 433
2528 458
2529 464
2530 475
2531 563
2532 538
2533 536
2534 571
2535 512
2536 485
2537 446
2538 410
2539 416
2540 451
2541 431
2542 376
2543 390
2544 377
2545 474
2546 531
2547 484
2548 523
2549 503
2550 523
2551 536
2552 495
2553 493
2554 549
2555 604
2556 644
2557 632
2558 619
2559 537
2560 624
2561 598
2562 569
2563 553
2564 566
2565 586
2566 596
2567 600
2568 558
2569 584
2570 618
2571 664
2572 658
2573 615
2574 699
2575 650
2576 630
2577 543
2578 523
2579 479
2580 527
2581 408
2582 429
2583 463
2584 528
2585 538
2586 500
2587 486
2588 558
2589 618
2590 655
2591 637
2592 817
2593 830
2594 851
2595 828
2596 821
2597 887
2598 891
2599 904
2600 809
2601 794
2602 787
2603 779
2604 731
2605 732
2606 730
2607 717
2608 730
2609 698
2610 698
2611 682
2612 592
2613 564
2614 561
2615 564
2616 605
2617 553
2618 495
2619 447
2620 413
2621 476
2622 552
2623 513
2624 499
2625 401
2626 366
2627 351
2628 335
2629 435
2630 418
2631 387
2632 437
2633 455
2634 489
2635 440
2636 401
2637 436
2638 451
2639 430
2640 418
2641 442
2642 400
2643 406
2644 433
2645 377
2646 320
2647 278
2648 296
2649 333
2650 356
2651 359
2652 378
2653 371
2654 431
2655 493
2656 517
2657 521
2658 521
2659 517
2660 595
2661 575
2662 658
2663 698
2664 722
2665 632
2666 620
2667 634
2668 708
2669 690
2670 725
2671 840
2672 767
2673 755
2674 675
2675 615
2676 620
2677 656
2678 644
2679 758
2680 796
2681 838
2682 796
2683 878
2684 872
2685 803
2686 829
2687 802
2688 728
2689 662
2690 665
2691 643
2692 653
2693 641
2694 589
2695 717
2696 737
2697 654
2698 618
2699 752
2700 685
2701 647
2702 593
2703 659
2704 680
2705 602
2706 580
2707 610
2708 575
2709 696
2710 671
2711 752
2712 841
2713 753
2714 729
2715 779
2716 754
2717 796
2718 798
2719 707
2720 667
2721 681
2722 671
2723 767
2724 820
2725 790
2726 740
2727 742
2728 764
2729 731
2730 677
2731 655
2732 718
2733 786
2734 827
2735 827
2736 747
2737 829
2738 824
2739 857
2740 882
2741 829
2742 814
2743 843
2744 870
2745 891
2746 867
2747 793
2748 762
2749 772
2750 639
2751 633
2752 616
2753 626
2754 550
2755 537
2756 574
2757 706
2758 723
2759 757
2760 680
2761 687
2762 820
2763 786
2764 689
2765 588
2766 564
2767 496
2768 524
2769 649
2770 710
2771 743
2772 739
2773 721
2774 707
2775 663
2776 691
2777 689
2778 695
2779 724
2780 688
2781 667
2782 669
2783 643
2784 628
2785 563
2786 538
2787 537
2788 620
2789 721
2790 748
2791 762
2792 646
2793 570
2794 506
2795 511
2796 660
2797 520
2798 499
2799 419
2800 436
2801 402
2802 378
2803 297
2804 357
2805 392
2806 481
2807 428
2808 431
2809 434
2810 497
2811 495
2812 566
2813 651
2814 675
2815 766
2816 817
2817 793
2818 798
2819 835
2820 776
2821 733
2822 735
2823 643
2824 646
2825 644
2826 684
2827 712
2828 738
2829 784
2830 742
2831 709
2832 737
2833 783
2834 742
2835 713
2836 763
2837 778
2838 729
2839 768
2840 845
2841 942
2842 851
2843 817
2844 891
2845 904
2846 839
2847 850
2848 818
2849 825
2850 788
2851 791
2852 821
2853 790
2854 815
2855 859
2856 830
2857 787
2858 718
2859 693
2860 700
2861 693
2862 624
2863 653
2864 766
2865 759
2866 700
2867 676
2868 693
2869 735
2870 802
2871 834
2872 860
2873 811
2874 770
2875 713
2876 803
2877 743
2878 804
2879 803
2880 812
2881 718
2882 737
2883 712
2884 712
2885 670
2886 618
2887 653
2888 721
2889 674
2890 707
2891 631
2892 629
2893 527
2894 450
2895 497
2896 438
2897 491
2898 569
2899 593
2900 631
2901 609
2902 699
2903 728
2904 769
2905 719
2906 659
2907 623
2908 635
2909 620
2910 608
2911 570
2912 485
2913 415
2914 449
2915 406
2916 438
2917 405
2918 422
2919 406
2920 347
2921 362
2922 300
2923 312
2924 352
2925 321
2926 338
2927 412
2928 472
2929 421
2930 440
2931 530
2932 544
2933 496
2934 456
2935 562
2936 486
2937 501
2938 481
2939 498
2940 590
2941 520
2942 521
2943 568
2944 648
2945 635
2946 574
2947 567
2948 521
2949 504
2950 568
2951 626
2952 666
2953 670
2954 733
2955 763
2956 744
2957 675
2958 691
2959 728
2960 709
2961 601
2962 656
2963 646
2964 728
2965 797
2966 792
2967 789
2968 736
2969 640
2970 660
2971 631
2972 723
2973 586
2974 591
2975 657
2976 726
2977 766
2978 745
2979 768
2980 758
2981 666
2982 716
2983 738
2984 771
2985 734
2986 715
2987 654
2988 657
2989 602
2990 683
2991 708
2992 690
2993 773
2994 781
2995 813
2996 745
2997 744
2998 773
2999 677
3000 678
3001 748
3002 736
3003 791
3004 762
3005 886
3006 881
3007 984
3008 71
3009 89
3010 87
3011 114
3012 174
3013 134
3014 73
3015 925
3016 819
3017 774
3018 703
3019 695
3020 638
3021 596
3022 583
3023 551
3024 573
3025 659
3026 684
3027 737
3028 710
3029 666
3030 688
3031 643
3032 654
3033 692
3034 658
3035 710
3036 662
3037 525
3038 481
3039 583
3040 433
3041 408
3042 367
3043 267
3044 160
3045 142
3046 114
3047 140
3048 78
3049 94
3050 15
3051 1
3052 24
3053 908
3054 8
3055 989
3056 925
3057 919
3058 842
3059 713
3060 732
3061 664
3062 791
3063 753
3064 794
3065 826
3066 842
3067 835
3068 951
3069 997
3070 989
3071 52
3072 43
3073 16
3074 64
3075 39
3076 134
3077 156
3078 150
3079 106
3080 62
3081 43
3082 52
3083 26
3084 5
3085 953
3086 1
3087 972
3088 25
3089 67
3090 8
3091 989
3092 32
3093 9
3094 2
3095 18
3096 977
3097 936
3098 886
3099 867
3100 805
3101 825
3102 859
3103 879
3104 900
3105 937
3106 919
3107 793
3108 766
3109 741
3110 692
3111 755
3112 726
3113 702
3114 742
3115 716
3116 733
3117 722
3118 745
3119 829
3120 886
3121 853
3122 832
3123 838
3124 933
3125 918
3126 903
3127 942
3128 957
3129 928
3130 987
3131 946
3132 980
3133 999
3134 986
3135 997
3136 10
3137 988
3138 24
3139 3
3140 13
3141 131
3142 202
3143 151
3144 156
3145 160
3146 191
3147 116
3148 172
3149 185
3150 157
3151 151
3152 178
3153 144
3154 196
3155 179
3156 88
3157 0
3158 931
3159 920
3160 890
3161 882
3162 858
3163 915
3164 890
3165 910
3166 906
3167 832
3168 792
3169 804
3170 770
3171 724
3172 674
3173 720
3174 745
3175 763
3176 795
3177 762
3178 782
3179 800
3180 880
3181 872
3182 864
3183 862
3184 906
3185 925
3186 879
3187 848
3188 870
3189 893
3190 4
3191 956
3192 948
3193 981
3194 991
3195 947
3196 980
3197 996
3198 983
3199 6
3200 985
3201 27
3202 66
3203 69
3204 40
3205 25
3206 84
3207 76
3208 101
3209 252
3210 289
3211 344
3212 384
3213 366
3214 400
3215 375
3216 409
3217 440
3218 490
3219 439
3220 456
3221 438
3222 401
3223 441
3224 462
3225 441
3226 415
3227 397
3228 362
3229 435
3230 418
3231 366
3232 338
3233 336
3234 304
3235 287
3236 249
3237 254
3238 269
3239 295
3240 326
3241 282
3242 326
3243 367
3244 333
3245 384
3246 412
3247 416
3248 353
3249 410
3250 332
3251 298
3252 355
3253 337
3254 329
3255 269
3256 276
3257 271
3258 260
3259 239
3260 257
3261 203
3262 150
3263 178
3264 143
3265 183
3266 203
3267 225
3268 235
3269 285
3270 241
3271 290
3272 260
3273 280
3274 290
3275 231
3276 209
3277 200
3278 249
3279 249
3280 225
3281 202
3282 197
3283 168
3284 166
3285 126
3286 117
3287 141
3288 109
3289 139
3290 62
3291 30
3292 13
3293 954
3294 958
3295 930
3296 911
3297 902
3298 904
3299 954
3300 921
3301 914
3302 913
3303 952
3304 985
3305 928
3306 908
3307 961
3308 42
3309 105
3310 115
3311 154
3312 180
3313 190
3314 209
3315 185
3316 195
3317 176
3318 208
3319 195
3320 222
3321 236
3322 240
3323 290
3324 256
3325 272
3326 279
3327 339
3328 381
3329 396
3330 415
3331 400
3332 397
3333 406
3334 401
3335 376
3336 348
3337 350
3338 324
3339 320
3340 332
3341 335
3342 370
3343 368
3344 363
3345 358
3346 407
3347 519
3348 505
3349 514
3350 517
3351 534
3352 528
3353 484
3354 471
3355 455
3356 493
3357 505
3358 510
3359 504
3360 457
3361 422
3362 397
3363 436
3364 449
3365 397
3366 381
3367 376
3368 382
3369 362
3370 359
3371 320
3372 348
3373 378
3374 338
3375 339
3376 361
3377 392
3378 441
3379 448
3380 435
3381 476
3382 531
3383 569
3384 526
3385 517
3386 470
3387 438
3388 376
3389 378
3390 407
3391 385
3392 407
3393 448
3394 413
3395 425
3396 409
3397 427
3398 423
3399 381
3400 435
3401 413
3402 377
3403 372
3404 371
3405 370
3406 381
3407 384
3408 434
3409 414
3410 416
3411 406
3412 331
3413 289
3414 264
3415 241
3416 217
3417 209
3418 199
3419 185
3420 212
3421 151
3422 161
3423 217
3424 286
3425 283
3426 345
3427 300
3428 290
3429 358
3430 397
3431 392
3432 385
3433 349
3434 285
3435 274
3436 286
3437 272
3438 244
3439 242
3440 220
3441 237
3442 261
3443 264
3444 300
3445 262
3446 271
3447 291
3448 352
3449 418
3450 352
3451 308
3452 249
3453 266
3454 268
3455 287
3456 311
3457 302
3458 316
3459 325
3460 299
3461 233
3462 210
3463 217
3464 223
3465 229
3466 261
3467 257
3468 246
3469 277
3470 238
3471 227
3472 203
3473 204
3474 213
3475 211
3476 254
3477 271
3478 250
3479 210
3480 211
3481 162
3482 134
3483 134
3484 82
3485 87
3486 89
3487 115
3488 107
3489 125
3490 99
3491 120
3492 141
3493 119
3494 134
3495 155
3496 152
3497 190
3498 216
3499 224
3500 216
3501 199
3502 276
3503 216
3504 226
3505 225
3506 238
3507 256
3508 271
3509 333
3510 365
3511 431
3512 466
3513 429
3514 459
3515 375
3516 357
3517 359
3518 385
3519 413
3520 470
3521 472
3522 504
3523 500
3524 513
3525 464
3526 485
3527 489
3528 557
3529 540
3530 525
3531 524
3532 538
3533 536
3534 527
3535 487
3536 541
3537 552
3538 536
3539 553
3540 561
3541 575
3542 541
3543 534
3544 471
3545 497
3546 456
3547 473
3548 535
3549 496
3550 510
3551 473
3552 532
3553 426
3554 353
3555 391
3556 398
3557 414
3558 359
3559 352
3560 341
3561 280
3562 221
3563 264
3564 234
3565 264
3566 258
3567 249
3568 256
3569 241
3570 198
3571 185
3572 132
3573 145
3574 205
3575 215
3576 258
3577 248
3578 259
3579 220
3580 208
3581 219
3582 156
3583 144
3584 152
3585 104
3586 82
3587 14
3588 26
3589 62
3590 116
3591 150
3592 180
3593 137
3594 83
3595 112
3596 117
3597 160
3598 192
3599 172
3600 198
3601 226
3602 223
3603 236
3604 178
3605 195
3606 191
3607 190
3608 206
3609 179
3610 201
3611 212
3612 222
3613 209
3614 220
3615 194
3616 123
3617 135
3618 171
3619 130
3620 160
3621 166
3622 172
3623 197
3624 231
3625 240
3626 203
3627 119
3628 80
3629 90
3630 95
3631 92
3632 69
3633 16
3634 58
3635 79
3636 68
3637 61
3638 32
3639 72
3640 76
3641 113
3642 106
3643 68
3644 94
3645 103
3646 121
3647 143
3648 168
3649 177
3650 160
3651 200
3652 240
3653 297
3654 300
3655 276
3656 273
3657 315
3658 363
3659 403
3660 460
3661 444
3662 411
3663 412
3664 400
3665 401
3666 424
3667 421
3668 431
3669 471
3670 498
3671 494
3672 473
3673 420
3674 425
3675 512
3676 536
3677 601
3678 556
3679 590
3680 583
3681 581
3682 648
3683 672
3684 726
3685 767
3686 777
3687 793
3688 791
3689 790
3690 772
3691 758
3692 774
3693 725
3694 729
3695 689
3696 649
3697 666
3698 680
3699 704
3700 739
3701 707
3702 732
3703 698
3704 718
3705 696
3706 730
3707 756
3708 725
3709 750
3710 730
3711 693
3712 679
3713 737
3714 739
3715 753
3716 738
3717 737
3718 683
3719 619
3720 637
3721 658
3722 643
3723 602
3724 628
3725 654
3726 634
3727 632
3728 621
3729 641
3730 662
3731 724
3732 699
3733 679
3734 716
3735 751
3736 763
3737 725
3738 695
3739 648
3740 621
3741 565
3742 511
3743 558
3744 535
3745 529
3746 630
3747 654
3748 712
3749 678
3750 624
3751 615
3752 599
3753 641
3754 615
3755 658
3756 616
3757 613
3758 695
3759 728
3760 711
3761 767
3762 801
3763 774
3764 805
3765 774
3766 657
3767 661
3768 665
3769 654
3770 693
3771 733
3772 722
3773 674
3774 615
3775 545
3776 531
3777 517
3778 572
3779 579
3780 585
3781 586
3782 574
3783 558
3784 564
3785 567
3786 559
3787 549
3788 506
3789 424
3790 414
3791 489
3792 431
3793 436
3794 429
3795 468
3796 471
3797 462
3798 453
3799 432
3800 466
3801 495
3802 522
3803 582
3804 628
3805 624
3806 644
3807 688
3808 644
3809 635
3810 688
3811 713
3812 689
3813 702
3814 754
3815 756
3816 740
3817 698
3818 674
3819 694
3820 683
3821 715
3822 597
3823 590
3824 561
3825 523
3826 532
3827 497
3828 543
3829 599
3830 597
3831 579
3832 568
3833 499
3834 487
3835 504
3836 567
3837 500
3838 498
3839 536
3840 469
3841 499
3842 438
3843 486
3844 510
3845 501
3846 438
3847 412
3848 414
3849 391
3850 454
3851 457
3852 531
3853 534
3854 503
3855 403
3856 410
3857 381
3858 359
3859 395
3860 481
3861 493
3862 531
3863 522
3864 507
3865 467
3866 455
3867 493
3868 515
3869 520
3870 577
3871 534
3872 566
3873 536
3874 545
3875 600
3876 592
3877 608
3878 600
3879 575
3880 597
3881 599
3882 634
3883 709
3884 716
3885 765
3886 769
3887 728
3888 667
3889 685
3890 684
3891 681
3892 663
3893 746
3894 748
3895 769
3896 747
3897 667
3898 720
3899 735
3900 679
3901 696
3902 656
3903 783
3904 825
3905 828
3906 772
3907 681
3908 664
3909 637
3910 601
3911 595
3912 619
3913 615
3914 632
3915 664
3916 665
3917 636
3918 627
3919 632
3920 627
3921 607
3922 625
3923 581
3924 656
3925 666
3926 658
3927 709
3928 645
3929 609
3930 618
3931 609
3932 546
3933 554
3934 531
3935 507
3936 542
3937 509
3938 446
3939 418
3940 414
3941 453
3942 507
3943 491
3944 541
3945 529
3946 623
3947 547
3948 544
3949 581
3950 592
3951 615
3952 581
3953 556
3954 659
3955 699
3956 714
3957 708
3958 783
3959 731
3960 785
3961 857
3962 895
3963 897
3964 810
3965 857
3966 961
3967 995
3968 897
3969 846
3970 892
3971 944
3972 898
3973 860
3974 916
3975 898
3976 982
3977 967
3978 18
3979 59
3980 80
3981 98
3982 79
3983 88
3984 97
3985 49
3986 104
3987 46
3988 54
3989 36
3990 14
3991 51
3992 49
3993 996
3994 51
3995 21
3996 79
3997 41
3998 26
3999 988
4000 992
4001 927
4002 880
4003 816
4004 780
4005 831
4006 820
4007 788
4008 829
4009 832
4010 851
4011 895
4012 869
4013 866
4014 844
4015 841
4016 816
4017 813
4018 743
4019 668
4020 631
4021 667
4022 687
4023 747
4024 787
4025 757
4026 686
4027 729
4028 695
4029 709
4030 724
4031 763
4032 702
4033 719
4034 719
4035 704
4036 773
4037 805
4038 716
4039 762
4040 737
4041 709
4042 622
4043 600
4044 644
4045 661
4046 670
4047 624
4048 684
4049 774
4050 786
4051 734
4052 747
4053 686
4054 734
4055 738
4056 719
4057 727
4058 870
4059 941
4060 981
4061 26
4062 51
4063 4
4064 12
4065 37
4066 68
4067 109
4068 199
4069 208
4070 181
4071 189
4072 122
4073 96
4074 69
4075 123
4076 103
4077 87
4078 15
4079 982
4080 997
4081 77
4082 990
4083 967
4084 67
4085 28
4086 975
4087 891
4088 987
4089 947
4090 948
4091 30
4092 944
4093 30
4094 7
4095 977
4096 44
4097 942
4098 932
4099 997
4100 946
4101 967
4102 964
4103 46
4104 53
4105 123
4106 174
4107 86
4108 156
4109 191
4110 253
4111 257
4112 270
4113 256
4114 249
4115 237
4116 315
4117 284
4118 240
4119 186
4120 190
4121 364
4122 310
4123 314
4124 224
4125 309
4126 333
4127 231
4128 197
4129 253
4130 305
4131 377
4132 425
4133 391
4134 434
4135 492
4136 412
4137 401
4138 294
4139 258
4140 253
4141 231
4142 290
4143 212
4144 165
4145 155
4146 188
4147 177
4148 108
4149 152
4150 91
4151 57
4152 996
4153 987
4154 4
4155 960
4156 37
4157 79
4158 119
4159 86
4160 144
4161 105
4162 103
4163 58
4164 39
4165 982
4166 5
4167 47
4168 129
4169 189
4170 125
4171 198
4172 177
4173 260
4174 272
4175 220
4176 206
4177 229
4178 198
4179 156
4180 214
4181 265
4182 307
4183 335
4184 317
4185 257
4186 267
4187 320
4188 311
4189 381
4190 443
4191 530
4192 593
4193 640
4194 746
4195 715
4196 693
4197 665
4198 753
4199 670
4200 710
4201 726
4202 701
4203 728
4204 730
4205 716
4206 775
4207 792
4208 813
4209 874
4210 913
4211 922
4212 825
4213 833
4214 791
4215 769
4216 827
4217 849
4218 913
4219 825
4220 839
4221 913
4222 50
4223 9
4224 989
4225 973
4226 970
4227 38
4228 997
4229 940
4230 924
4231 898
4232 972
4233 982
4234 969
4235 959
4236 930
4237 822
4238 835
4239 850
4240 801
4241 855
4242 880
4243 927
4244 872
4245 858
4246 786
4247 804
4248 824
4249 813
4250 862
4251 920
4252 873
4253 918
4254 923
4255 928
4256 947
4257 959
4258 945
4259 954
4260 983
4261 985
4262 18
4263 36
4264 6
4265 963
4266 958
4267 954
4268 974
4269 940
4270 983
4271 7
4272 9
4273 58
4274 59
4275 36
4276 994
4277 970
4278 972
4279 991
4280 59
4281 55
4282 981
4283 979
4284 952
4285 902
4286 866
4287 852
4288 832
4289 883
4290 864
4291 891
4292 871
4293 885
4294 862
4295 857
4296 822
4297 728
4298 705
4299 730
4300 721
4301 707
4302 748
4303 777
4304 786
4305 834
4306 825
4307 754
4308 783
4309 756
4310 755
4311 730
4312 734
4313 691
4314 713
4315 683
4316 694
4317 721
4318 752
4319 775
4320 793
4321 814
4322 794
4323 819
4324 845
4325 764
4326 756
4327 736
4328 746
4329 731
4330 754
4331 726
4332 714
4333 722
4334 808
4335 808
4336 794
4337 779
4338 776
4339 728
4340 710
4341 714
4342 678
4343 724
4344 737
4345 700
4346 672
4347 670
4348 682
4349 702
4350 662
4351 629
4352 593
4353 588
4354 600
4355 563
4356 602
4357 592
4358 576
4359 547
4360 532
4361 560
4362 606
4363 621
4364 617
4365 655
4366 668
4367 662
4368 691
4369 763
4370 773
4371 742
4372 681
4373 657
4374 624
4375 662
4376 660
4377 649
4378 713
4379 744
4380 724
4381 746
4382 754
4383 672
4384 675
4385 701
4386 751
4387 741
4388 796
4389 700
4390 719
4391 705
4392 679
4393 682
4394 725
4395 748
4396 735
4397 747
4398 795
4399 839
4400 833
4401 845
4402 833
4403 876
4404 806
4405 804
4406 748
4407 726
4408 741
4409 806
4410 809
4411 781
4412 733
4413 720
4414 698
4415 684
4416 692
4417 680
4418 629
4419 652
4420 623
4421 576
4422 565
4423 582
4424 636
4425 621
4426 560
4427 611
4428 598
4429 610
4430 475
4431 486
4432 506
4433 540
4434 588
4435 561
4436 514
4437 507
4438 490
4439 523
4440 483
4441 431
4442 447
4443 377
4444 368
4445 330
4446 303
4447 244
4448 233
4449 266
4450 227
4451 188
4452 178
4453 165
4454 203
4455 227
4456 189
4457 174
4458 176
4459 186
4460 209
4461 165
4462 122
4463 114
4464 66
4465 111
4466 206
4467 165
4468 196
4469 92
4470 71
4471 998
4472 912
4473 879
4474 906
4475 925
4476 870
4477 815
4478 762
4479 799
4480 795
4481 840
4482 875
4483 822
4484 808
4485 798
4486 813
4487 881
4488 884
4489 887
4490 863
4491 773
4492 782
4493 715
4494 800
4495 807
4496 791
4497 846
4498 803
4499 747
4500 721
4501 725
4502 817
4503 874
4504 779
4505 698
4506 743
4507 739
4508 662
4509 665
4510 735
4511 763
4512 725
4513 645
4514 703
4515 681
4516 617
4517 652
4518 598
4519 656
4520 546
4521 473
4522 468
4523 427
4524 419
4525 449
4526 434
4527 449
4528 508
4529 495
4530 521
4531 420
4532 422
4533 401
4534 325
4535 376
4536 383
4537 363
4538 431
4539 377
4540 416
4541 411
4542 344
4543 261
4544 229
4545 219
4546 195
4547 239
4548 312
4549 293
4550 241
4551 310
4552 366
4553 379
4554 425
4555 370
4556 360
4557 446
4558 444
4559 356
4560 326
4561 299
4562 283
4563 188
4564 205
4565 129
4566 154
4567 213
4568 159
4569 168
4570 140
4571 135
4572 189
4573 207
4574 212
4575 355
4576 393
4577 419
4578 463
4579 487
4580 317
4581 288
4582 290
4583 280
4584 315
4585 348
4586 307
4587 309
4588 252
4589 293
4590 273
4591 253
4592 186
4593 198
4594 137
4595 147
4596 110
4597 77
4598 99
4599 183
4600 200
4601 243
4602 210
4603 171
4604 61
4605 999
4606 58
4607 54
4608 46
4609 13
4610 940
4611 976
4612 959
4613 10
4614 974
4615 21
4616 114
4617 188
4618 95
4619 85
4620 60
4621 108
4622 120
4623 130
4624 98
4625 152
4626 110
4627 123
4628 82
4629 52
4630 39
4631 40
4632 38
4633 111
4634 163
4635 230
4636 326
4637 375
4638 342
4639 391
4640 321
4641 268
4642 239
4643 154
4644 217
4645 199
4646 196
4647 168
4648 221
4649 260
4650 239
4651 254
4652 284
4653 286
4654 281
4655 273
4656 279
4657 263
4658 357
4659 338
4660 345
4661 343
4662 366
4663 292
4664 305
4665 229
4666 157
4667 132
4668 172
4669 79
4670 120
4671 144
4672 161
4673 99
4674 123
4675 152
4676 147
4677 173
4678 152
4679 168
4680 202
4681 241
4682 284
4683 349
4684 425
4685 442
4686 445
4687 420
4688 456
4689 443
4690 504
4691 574
4692 551
4693 496
4694 489
4695 538
4696 573
4697 604
4698 597
4699 588
4700 645
4701 708
4702 687
4703 755
4704 797
4705 825
4706 819
4707 775
4708 861
4709 903
4710 878
4711 834
4712 861
4713 917
4714 876
4715 794
4716 808
4717 884
4718 954
4719 30
4720 990
4721 48
4722 78
4723 93
4724 138
4725 181
4726 169
4727 188
4728 182
4729 160
4730 139
4731 162
4732 160
4733 80
4734 95
4735 117
4736 172
4737 242
4738 219
4739 246
4740 214
4741 255
4742 229
4743 266
4744 226
4745 173
4746 203
4747 140
4748 116
4749 132
4750 31
4751 997
4752 69
4753 978
4754 983
4755 983
4756 926
4757 961
4758 1
4759 993
4760 9
4761 28
4762 56
4763 75
4764 33
4765 55
4766 64
4767 28
4768 46
4769 124
4770 140
4771 152
4772 105
4773 111
4774 179
4775 182
4776 202
4777 237
4778 257
4779 267
4780 193
4781 110
4782 81
4783 126
4784 197
4785 248
4786 263
4787 309
4788 323
4789 462
4790 517
4791 586
4792 561
4793 553
4794 556
4795 481
4796 488
4797 546
4798 595
4799 595
4800 593
4801 606
4802 584
4803 540
4804 540
4805 503
4806 486
4807 509
4808 506
4809 565
4810 559
4811 571
4812 515
4813 559
4814 556
4815 526
4816 538
4817 545
4818 520
4819 474
4820 515
4821 548
4822 515
4823 482
4824 520
4825 549
4826 558
4827 620
4828 570
4829 574
4830 493
4831 420
4832 436
4833 436
4834 470
4835 464
4836 448
4837 467
4838 557
4839 482
4840 516
4841 444
4842 485
4843 451
4844 490
4845 404
4846 433
4847 432
4848 330
4849 404
4850 360
4851 320
4852 240
4853 216
4854 295
4855 443
4856 508
4857 450
4858 358
4859 422
4860 386
4861 357
4862 371
4863 295
4864 357
4865 320
4866 243
4867 298
4868 362
4869 298
4870 222
4871 215
4872 204
4873 283
4874 287
4875 283
4876 339
4877 367
4878 294
4879 240
4880 228
4881 282
4882 349
4883 389
4884 325
4885 312
4886 272
4887 238
4888 151
4889 202
4890 197
4891 182
4892 214
4893 164
4894 179
4895 222
4896 255
4897 253
4898 288
4899 287
4900 323
4901 350
4902 339
4903 413
4904 388
4905 356
4906 368
4907 383
4908 536
4909 465
4910 426
4911 409
4912 457
4913 458
4914 353
4915 319
4916 403
4917 319
4918 245
4919 273
4920 274
4921 297
4922 207
4923 329
4924 358
4925 320
4926 376
4927 386
4928 386
4929 444
4930 469
4931 450
4932 510
4933 522
4934 552
4935 549
4936 515
4937 576
4938 574
4939 575
4940 609
4941 701
4942 665
4943 664
4944 748
4945 731
4946 741
4947 812
4948 838
4949 861
4950 819
4951 850
4952 749
4953 749
4954 762
4955 795
4956 695
4957 628
4958 624
4959 608
4960 633
4961 699
4962 687
4963 620
4964 679
4965 622
4966 670
4967 523
4968 460
4969 472
4970 553
4971 613
4972 727
4973 667
4974 620
4975 603
4976 603
4977 616
4978 661
4979 659
4980 689
4981 725
4982 695
4983 632
4984 605
4985 512
4986 534
4987 809
4988 761
4989 16
4990 30
4991 17
4992 1
4993 950
4994 6
4995 34
4996 72
4997 120
4998 114
4999 958
5000 944
5001 930
5002 971
5003 926
5004 784
5005 726
5006 655
5007 577
5008 527
5009 483
5010 513
5011 495
5012 497
5013 647
5014 600
5015 556
5016 644
5017 557
5018 547
5019 501
5020 513
5021 563
5022 466
5023 506
5024 582
5025 672
5026 650
5027 661
5028 703
5029 565
5030 522
5031 448
5032 446
5033 449
5034 457
5035 445
5036 357
5037 377
5038 445
5039 457
5040 342
5041 308
5042 370
5043 291
5044 368
5045 338
5046 290
5047 378
5048 365
5049 368
5050 395
5051 442
5052 405
5053 385
5054 412
5055 395
5056 471
5057 594
5058 579
5059 525
5060 466
5061 386
5062 404
5063 404
5064 380
5065 355
5066 419
5067 489
5068 403
5069 431
5070 522
5071 509
5072 513
5073 509
5074 540
5075 496
5076 492
5077 478
5078 512
5079 584
5080 684
5081 657
5082 677
5083 724
5084 723
5085 696
5086 731
5087 698
5088 690
5089 613
5090 538
5091 566
5092 495
5093 531
5094 536
5095 542
5096 483
5097 498
5098 368
5099 418
5100 470
5101 564
5102 576
5103 648
5104 652
5105 729
5106 780
5107 748
5108 800
5109 795
5110 808
5111 794
5112 885
5113 945
5114 27
5115 30
5116 65
5117 917
5118 920
5119 967
5120 26
5121 913
5122 969
5123 960
5124 973
5125 953
5126 870
5127 6
5128 103
5129 124
5130 68
5131 14
5132 875
5133 932
5134 913
5135 959
5136 34
5137 863
5138 951
5139 844
5140 899
5141 971
5142 39
5143 59
5144 81
5145 32
5146 978
5147 998
5148 140
5149 93
5150 69
5151 985
5152 959
5153 18
5154 73
5155 11
5156 27
5157 6
5158 860
5159 976
5160 20
5161 18
5162 10
5163 11
5164 990
5165 209
5166 255
5167 288
5168 380
5169 353
5170 353
5171 350
5172 344
5173 348
5174 322
5175 449
5176 453
5177 522
5178 492
5179 361
5180 261
5181 294
5182 312
5183 275
5184 155
5185 162
5186 76
5187 64
5188 2
5189 0
5190 22
5191 949
5192 936
5193 860
5194 872
5195 842
5196 860
5197 798
5198 759
5199 788
5200 802
5201 762
5202 733
5203 646
5204 666
5205 655
5206 638
5207 649
5208 649
5209 608
5210 560
5211 585
5212 592
5213 605
5214 644
5215 674
5216 696
5217 691
5218 666
5219 629
5220 670
5221 680
5222 675
5223 622
5224 624
5225 666
5226 715
5227 680
5228 760
5229 671
5230 665
5231 676
5232 716
5233 745
5234 686
5235 714
5236 720
5237 683
5238 648
5239 714
5240 809
5241 827
5242 825
5243 790
5244 800
5245 779
5246 727
5247 649
5248 677
5249 666
5250 644
5251 619
5252 538
5253 540
5254 523
5255 488
5256 456
5257 555
5258 577
5259 592
5260 529
5261 590
5262 565
5263 539
5264 517
5265 503
5266 480
5267 491
5268 604
5269 607
5270 574
5271 617
5272 573
5273 617
5274 680
5275 616
5276 626
5277 715
5278 726
5279 712
5280 699
5281 683
5282 736
5283 757
5284 769
5285 708
5286 659
5287 691
5288 637
5289 701
5290 628
5291 685
5292 678
5293 694
5294 747
5295 768
5296 855
5297 897
5298 855
5299 806
5300 780
5301 822
5302 853
5303 880
5304 947
5305 914
5306 962
5307 880
5308 861
5309 819
5310 847
5311 811
5312 797
5313 803
5314 837
5315 826
5316 805
5317 837
5318 754
5319 730
5320 830
5321 904
5322 939
5323 16
5324 957
5325 968
5326 994
5327 63
5328 77
5329 129
5330 123
5331 152
5332 151
5333 86
5334 9
5335 29
5336 88
5337 110
5338 168
5339 213
5340 56
5341 52
5342 54
5343 993
5344 963
5345 911
5346 11
5347 5
5348 979
5349 944
5350 12
5351 71
5352 61
5353 55
5354 91
5355 160
5356 48
5357 90
5358 82
5359 130
5360 74
5361 121
5362 991
5363 926
5364 859
5365 960
5366 6
5367 47
5368 21
5369 42
5370 70
5371 107
5372 34
5373 979
5374 930
5375 924
5376 969
5377 867
5378 784
5379 779
5380 840
5381 938
5382 937
5383 61
5384 59
5385 949
5386 935
5387 95
5388 67
5389 126
5390 78
5391 107
5392 135
5393 74
5394 75
5395 59
5396 28
5397 75
5398 53
5399 99
5400 73
5401 64
5402 36
5403 58
5404 52
5405 117
5406 124
5407 192
5408 201
5409 179
5410 302
5411 420
5412 394
5413 249
5414 283
5415 487
5416 454
5417 322
5418 257
5419 243
5420 280
5421 306
5422 276
5423 313
5424 247
5425 386
5426 237
5427 230
5428 247
5429 243
5430 324
5431 222
5432 121
5433 55
5434 7
5435 971
5436 29
5437 921
5438 983
5439 36
5440 991
5441 994
5442 971
5443 903
5444 825
5445 758
5446 654
5447 590
5448 495
5449 461
5450 403
5451 352
5452 424
5453 386
5454 397
5455 364
5456 391
5457 390
5458 432
5459 431
5460 489
5461 408
5462 481
5463 567
5464 584
5465 525
5466 497
5467 632
5468 619
5469 571
5470 546
5471 556
5472 540
5473 534
5474 521
5475 608
5476 508
5477 588
5478 495
5479 399
5480 352
5481 251
5482 196
5483 167
5484 139
5485 55
5486 114
5487 85
5488 181
5489 244
5490 204
5491 219
5492 164
5493 231
5494 187
5495 154
5496 132
5497 204
5498 230
5499 222
5500 154
5501 131
5502 98
5503 216
5504 214
5505 266
5506 311
5507 386
5508 320
5509 387
5510 305
5511 356
5512 308
5513 305
5514 240
5515 195
5516 224
5517 95
5518 29
5519 23
5520 90
5521 46
5522 124
5523 170
5524 21
5525 971
5526 41
5527 44
5528 98
5529 95
5530 134
5531 105
5532 43
5533 62
5534 176
5535 30
5536 18
5537 81
5538 91
5539 35
5540 84
5541 55
5542 113
5543 58
5544 81
5545 84
5546 90
5547 6
5548 76
5549 14
5550 923
5551 993
5552 993
5553 943
5554 925
5555 931
5556 932
5557 943
5558 995
5559 988
5560 993
5561 976
5562 946
5563 21
5564 997
5565 1
5566 4
5567 984
5568 964
5569 926
5570 926
5571 896
5572 863
5573 842
5574 844
5575 906
5576 842
5577 801
5578 829
5579 812
5580 804
5581 832
5582 894
5583 927
5584 921
5585 896
5586 964
5587 938
5588 933
5589 6
5590 933
5591 39
5592 11
5593 63
5594 53
5595 59
5596 73
5597 74
5598 11
5599 67
5600 130
5601 99
5602 172
5603 163
5604 272
5605 277
5606 281
5607 285
5608 271
5609 127
5610 75
5611 138
5612 188
5613 218
5614 320
5615 280
5616 291
5617 313
5618 294
5619 380
5620 422
5621 394
5622 397
5623 373
5624 415
5625 356
5626 359
5627 381
5628 439
5629 438
5630 398
5631 443
5632 402
5633 409
5634 353
5635 273
5636 376
5637 261
5638 303
5639 312
5640 299
5641 231
5642 295
5643 347
5644 338
5645 374
5646 365
5647 309
5648 216
5649 187
5650 227
5651 288
5652 323
5653 407
5654 451
5655 441
5656 362
5657 351
5658 362
5659 415
5660 370
5661 347
5662 445
5663 290
5664 312
5665 405
5666 246
5667 184
5668 281
5669 384
5670 454
5671 343
5672 470
5673 445
5674 508
5675 550
5676 610
5677 595
5678 551
5679 470
5680 359
5681 362
5682 321
5683 424
5684 364
5685 291
5686 220
5687 198
5688 115
5689 208
5690 264
5691 183
5692 164
5693 244
5694 194
5695 148
5696 147
5697 109
5698 85
5699 87
5700 116
5701 52
5702 41
5703 101
5704 92
5705 54
5706 14
5707 162
5708 111
5709 135
5710 114
5711 46
5712 984
5713 993
5714 995
5715 85
5716 103
5717 22
5718 16
5719 30
5720 12
5721 58
5722 981
5723 967
5724 930
5725 6
5726 17
5727 37
5728 15
5729 929
5730 893
5731 964
5732 932
5733 882
5734 918
5735 965
5736 967
5737 992
5738 53
5739 179
5740 182
5741 147
5742 122
5743 176
5744 200
5745 103
5746 113
5747 97
5748 150
5749 147
5750 186
5751 171
5752 202
5753 178
5754 107
5755 168
5756 218
5757 244
5758 322
5759 296
5760 302
5761 337
5762 391
5763 447
5764 485
5765 381
5766 555
5767 541
5768 620
5769 552
5770 576
5771 595
5772 554
5773 485
5774 474
5775 493
5776 444
5777 449
5778 421
5779 402
5780 370
5781 360
5782 381
5783 395
5784 419
5785 392
5786 377
5787 392
5788 419
5789 418
5790 410
5791 445
5792 449
5793 448
5794 307
5795 265
5796 240
5797 198
5798 185
5799 198
5800 189
5801 165
5802 174
5803 184
5804 140
5805 157
5806 239
5807 169
5808 189
5809 216
5810 132
5811 138
5812 147
5813 122
5814 179
5815 184
5816 176
5817 175
5818 198
5819 167
5820 149
5821 123
5822 118
5823 973
5824 919
5825 935
5826 999
5827 45
5828 108
5829 168
5830 182
5831 216
5832 288
5833 386
5834 286
5835 251
5836 218
5837 125
5838 89
5839 53
5840 31
5841 120
5842 73
5843 77
5844 80
5845 129
5846 20
5847 959
5848 936
5849 873
5850 830
5851 804
5852 806
5853 776
5854 826
5855 923
5856 936
5857 893
5858 843
5859 764
5860 699
5861 753
5862 817
5863 839
5864 836
5865 937
5866 960
5867 937
5868 907
5869 943
5870 966
5871 920
5872 948
5873 964
5874 9
5875 70
5876 990
5877 939
5878 879
5879 908
5880 985
5881 13
5882 953
5883 948
5884 938
5885 913
5886 937
5887 959
5888 997
5889 4
5890 28
5891 33
5892 69
5893 49
5894 106
5895 196
5896 156
5897 267
5898 286
5899 331
5900 272
5901 189
5902 185
5903 161
5904 190
5905 149
5906 208
5907 258
5908 219
5909 272
5910 318
5911 255
5912 302
5913 370
5914 359
5915 351
5916 370
5917 404
5918 304
5919 266
5920 257
5921 233
5922 264
5923 174
5924 101
5925 136
5926 128
5927 186
5928 198
5929 271
5930 264
5931 276
5932 241
5933 250
5934 215
5935 277
5936 371
5937 378
5938 375
5939 272
5940 284
5941 337
5942 283
5943 235
5944 262
5945 219
5946 214
5947 247
5948 300
5949 281
5950 185
5951 205
5952 198
5953 229
5954 140
5955 166
5956 247
5957 281
5958 377
5959 429
5960 434
5961 426
5962 482
5963 528
5964 559
5965 560
5966 531
5967 579
5968 664
5969 697
5970 690
5971 718
5972 735
5973 787
5974 878
5975 15
5976 29
5977 973
5978 838
5979 800
5980 832
5981 852
5982 803
5983 766
5984 791
5985 794
5986 825
5987 833
5988 925
5989 889
5990 835
5991 808
5992 731
5993 850
5994 850
5995 791
5996 774
5997 700
5998 646
5999 694
6000 773
6001 723
6002 793
6003 799
6004 779
6005 879
6006 912
6007 863
6008 804
6009 726
6010 689
6011 670
6012 695
6013 737
6014 656
6015 659
6016 677
6017 670
6018 685
6019 654
6020 625
6021 656
6022 675
6023 676
6024 793
6025 813
6026 838
6027 848
6028 897
6029 868
6030 852
6031 869
6032 769
6033 802
6034 798
6035 761
6036 810
6037 799
6038 792
6039 914
6040 927
6041 943
6042 884
6043 842
6044 793
6045 758
6046 791
6047 846
6048 838
6049 785
6050 778
6051 759
6052 771
6053 731
6054 686
6055 636
6056 606
6057 549
6058 498
6059 569
6060 670
6061 628
6062 633
6063 733
6064 631
6065 625
6066 622
6067 598
6068 583
6069 664
6070 625
6071 810
6072 815
6073 787
6074 803
6075 865
6076 977
6077 910
6078 920
6079 24
6080 20
6081 85
6082 0
6083 6
6084 969
6085 884
6086 8
6087 50
6088 68
6089 37
6090 121
6091 215
6092 147
6093 104
6094 90
6095 56
6096 19
6097 57
6098 9
6099 58
6100 58
6101 61
6102 89
6103 156
6104 127
6105 147
6106 173
6107 128
6108 80
6109 945
6110 70
6111 25
6112 904
6113 929
6114 920
6115 922
6116 911
6117 968
6118 28
6119 2
6120 90
6121 155
6122 126
6123 85
6124 155
6125 214
6126 197
6127 160
6128 147
6129 194
6130 234
6131 182
6132 110
6133 167
6134 37
6135 981
6136 964
6137 859
6138 816
6139 752
6140 667
6141 783
6142 784
6143 768
6144 857
6145 865
6146 713
6147 685
6148 758
6149 686
6150 691
6151 668
6152 639
6153 607
6154 754
6155 735
6156 816
6157 773
6158 736
6159 773
6160 853
6161 907
6162 944
6163 883
6164 938
6165 867
6166 894
6167 865
6168 844
6169 780
6170 840
6171 813
6172 810
6173 715
6174 609
6175 677
6176 654
6177 693
6178 745
6179 750
6180 884
6181 898
6182 955
6183 877
6184 896
6185 963
6186 986
6187 33
6188 59
6189 992
6190 33
6191 69
6192 118
6193 12
6194 999
6195 998
6196 59
6197 986
6198 972
6199 966
6200 122
6201 87
6202 52
6203 38
6204 148
6205 259
6206 279
6207 263
6208 214
6209 149
6210 305
6211 375
6212 359
6213 429
6214 407
6215 532
6216 434
6217 405
6218 374
6219 401
6220 521
6221 618
6222 570
6223 545
6224 611
6225 591
6226 525
6227 570
6228 559
6229 508
6230 474
6231 396
6232 421
6233 430
6234 457
6235 495
6236 402
6237 383
6238 292
6239 380
6240 302
6241 269
6242 252
6243 82
6244 94
6245 159
6246 60
6247 90
6248 947
6249 19
6250 969
6251 900
6252 851
6253 995
6254 30
6255 7
6256 886
6257 839
6258 878
6259 933
6260 934
6261 905
6262 939
6263 66
6264 80
6265 986
6266 978
6267 759
6268 733
6269 687
6270 756
6271 692
6272 728
6273 688
6274 737
6275 777
6276 761
6277 680
6278 785
6279 794
6280 806
6281 847
6282 702
6283 736
6284 778
6285 781
6286 590
6287 569
6288 698
6289 742
6290 649
6291 741
6292 850
6293 903
6294 925
6295 948
6296 967
6297 123
6298 172
6299 141
6300 79
6301 136
6302 224
6303 190
6304 52
6305 26
6306 67
6307 35
6308 44
6309 101
6310 54
6311 30
6312 908
6313 993
6314 930
6315 896
6316 913
6317 976
6318 975
6319 45
6320 16
6321 34
6322 918
6323 843
6324 925
6325 872
6326 859
6327 978
6328 861
6329 837
6330 858
6331 909
6332 895
6333 946
6334 932
6335 899
6336 952
6337 898
6338 916
6339 958
6340 967
6341 906
6342 828
6343 797
6344 893
6345 911
6346 964
6347 802
6348 847
6349 690
6350 703
6351 631
6352 636
6353 687
6354 759
6355 733
6356 773
6357 714
6358 713
6359 711
6360 589
6361 595
6362 617
6363 581
6364 677
6365 602
6366 630
6367 589
6368 632
6369 652
6370 706
6371 843
6372 866
6373 878
6374 959
6375 24
6376 90
6377 169
6378 282
6379 250
6380 207
6381 95
6382 36
6383 115
6384 44
6385 5
6386 77
6387 87
6388 52
6389 66
6390 125
6391 168
6392 161
6393 129
6394 83
6395 55
6396 7
6397 92
6398 78
6399 931
6400 939
6401 995
6402 999
6403 980
6404 1
6405 7
6406 915
6407 858
6408 928
6409 820
6410 789
6411 746
6412 737
6413 768
6414 836
6415 928
6416 987
6417 906
6418 799
6419 724
6420 614
6421 524
6422 566
6423 685
6424 586
6425 537
6426 511
6427 548
6428 492
6429 488
6430 478
6431 472
6432 458
6433 466
6434 351
6435 423
6436 284
6437 236
6438 225
6439 249
6440 285
6441 361
6442 371
6443 425
6444 387
6445 383
6446 419
6447 450
6448 403
6449 443
6450 530
6451 504
6452 427
6453 401
6454 323
6455 283
6456 296
6457 259
6458 266
6459 353
6460 422
6461 399
6462 434
6463 465
6464 409
6465 380
6466 476
6467 497
6468 534
6469 563
6470 544
6471 506
6472 567
6473 593
6474 659
6475 656
6476 655
6477 682
6478 703
6479 645
6480 713
6481 744
6482 765
6483 799
6484 769
6485 764
6486 825
6487 788
6488 818
6489 840
6490 798
6491 792
6492 827
6493 831
6494 915
6495 904
6496 894
6497 951
6498 939
6499 7
6500 982
6501 997
6502 7
6503 58
6504 32
6505 983
6506 1
6507 983
6508 13
6509 982
6510 29
6511 76
6512 110
6513 26
6514 995
6515 999
6516 999
6517 41
6518 35
6519 7
6520 55
6521 39
6522 29
6523 58
6524 56
6525 153
6526 81
6527 995
6528 20
6529 981
6530 18
6531 54
6532 75
6533 88
6534 157
6535 140
6536 100
6537 83
6538 78
6539 59
6540 116
6541 91
6542 42
6543 71
6544 116
6545 162
6546 163
6547 237
6548 226
6549 264
6550 264
6551 168
6552 140
6553 131
6554 104
6555 103
6556 991
6557 896
6558 13
6559 76
6560 3
6561 942
6562 983
6563 978
6564 932
6565 935
6566 890
6567 928
6568 921
6569 970
6570 961
6571 865
6572 887
6573 916
6574 855
6575 874
6576 850
6577 931
6578 940
6579 950
6580 855
6581 821
6582 878
6583 750
6584 716
6585 760
6586 840
6587 828
6588 831
6589 839
6590 830
6591 876
6592 4
6593 25
6594 27
6595 889
6596 827
6597 749
6598 754
6599 768
6600 745
6601 737
6602 736
6603 741
6604 768
6605 868
6606 891
6607 913
6608 892
6609 840
6610 871
6611 845
6612 883
6613 876
6614 817
6615 854
6616 797
6617 738
6618 769
6619 728
6620 759
6621 774
6622 811
6623 758
6624 703
6625 625
6626 643
6627 724
6628 776
6629 728
6630 706
6631 788
6632 816
6633 841
6634 739
6635 683
6636 722
6637 710
6638 786
6639 865
6640 889
6641 897
6642 918
6643 870
6644 827
6645 825
6646 750
6647 729
6648 747
6649 806
6650 699
6651 615
6652 564
6653 721
6654 708
6655 660
6656 671
6657 682
6658 625
6659 603
6660 751
6661 751
6662 704
6663 660
6664 596
6665 610
6666 715
6667 743
6668 799
6669 767
6670 756
6671 783
6672 670
6673 770
6674 741
6675 782
6676 871
6677 840
6678 854
6679 791
6680 758
6681 782
6682 783
6683 640
6684 647
6685 676
6686 616
6687 578
6688 604
6689 589
6690 531
6691 519
6692 432
6693 417
6694 389
6695 376
6696 482
6697 453
6698 539
6699 611
6700 633
6701 680
6702 718
6703 738
6704 709
6705 652
6706 619
6707 636
6708 633
6709 627
6710 644
6711 734
6712 754
6713 774
6714 766
6715 800
6716 728
6717 738
6718 717
6719 710
6720 729
6721 708
6722 740
6723 694
6724 646
6725 713
6726 752
6727 775
6728 789
6729 740
6730 674
6731 728
6732 823
6733 755
6734 797
6735 854
6736 778
6737 894
6738 875
6739 921
6740 846
6741 752
6742 807
6743 791
6744 809
6745 831
6746 786
6747 778
6748 855
6749 903
6750 874
6751 903
6752 882
6753 861
6754 780
6755 790
6756 755
6757 809
6758 802
6759 785
6760 728
6761 809
6762 751
6763 733
6764 734
6765 703
6766 583
6767 638
6768 655
6769 670
6770 716
6771 683
6772 651
6773 724
6774 748
6775 739
6776 777
6777 838
6778 862
6779 917
6780 891
6781 825
6782 878
6783 871
6784 888
6785 907
6786 926
6787 907
6788 887
6789 883
6790 824
6791 893
6792 925
6793 947
6794 905
6795 934
6796 936
6797 923
6798 977
6799 127
6800 21
6801 30
6802 990
6803 954
6804 893
6805 896
6806 889
6807 927
6808 975
6809 19
6810 24
6811 5
6812 116
6813 199
6814 219
6815 208
6816 136
6817 108
6818 75
6819 139
6820 114
6821 135
6822 160
6823 68
6824 168
6825 226
6826 114
6827 98
6828 76
6829 34
6830 962
6831 958
6832 965
6833 973
6834 920
6835 998
6836 995
6837 25
6838 47
6839 35
6840 24
6841 29
6842 7
6843 87
6844 95
6845 99
6846 144
6847 101
6848 81
6849 52
6850 943
6851 997
6852 43
6853 8
6854 44
6855 75
6856 86
6857 165
6858 103
6859 138
6860 50
6861 5
6862 973
6863 923
6864 934
6865 968
6866 3
6867 28
6868 104
6869 207
6870 129
6871 151
6872 88
6873 989
6874 12
6875 39
6876 81
6877 986
6878 998
6879 992
6880 921
6881 889
6882 970
6883 961
6884 930
6885 958
6886 934
6887 893
6888 888
6889 901
6890 873
6891 875
6892 869
6893 868
6894 941
6895 841
6896 825
6897 820
6898 890
6899 920
6900 915
6901 963
6902 982
6903 31
6904 46
6905 27
6906 999
6907 942
6908 909
6909 946
6910 948
6911 885
6912 883
6913 885
6914 914
6915 946
6916 896
6917 905
6918 976
6919 914
6920 881
6921 971
6922 972
6923 14
6924 973
6925 975
6926 999
6927 967
6928 951
6929 68
6930 65
6931 99
6932 164
6933 125
6934 153
6935 62
6936 35
6937 19
6938 894
6939 968
6940 923
6941 845
6942 866
6943 871
6944 962
6945 977
6946 948
6947 6
6948 28
6949 935
6950 912
6951 852
6952 765
6953 751
6954 769
6955 715
6956 705
6957 719
6958 708
6959 676
6960 695
6961 716
6962 735
6963 691
6964 681
6965 647
6966 660
6967 627
6968 708
6969 756
6970 723
6971 766
6972 832
6973 879
6974 961
6975 984
6976 945
6977 17
6978 36
6979 78
6980 106
6981 9
6982 4
6983 38
6984 48
6985 27
6986 54
6987 19
6988 963
6989 5
6990 0
6991 978
6992 60
6993 127
6994 221
6995 207
6996 165
6997 122
6998 115
6999 204
7000 224
7001 194
7002 198
7003 145
7004 117
7005 120
7006 127
7007 116
7008 93
7009 61
7010 23
7011 39
7012 118
7013 126
7014 122
7015 120
7016 63
7017 144
7018 134
7019 124
7020 84
7021 42
7022 33
7023 110
7024 68
7025 83
7026 155
7027 57
7028 96
7029 130
7030 153
7031 136
7032 108
7033 103
7034 140
7035 154
7036 92
7037 26
7038 983
7039 980
7040 976
7041 941
7042 959
7043 973
7044 973
7045 954
7046 974
7047 977
7048 0
7049 986
7050 35
7051 64
7052 32
7053 30
7054 66
7055 62
7056 18
7057 33
7058 972
7059 911
7060 909
7061 868
7062 844
7063 845
7064 816
7065 821
7066 803
7067 778
7068 791
7069 872
7070 874
7071 883
7072 908
7073 916
7074 884
7075 882
7076 953
7077 989
7078 37
7079 112
7080 128
7081 110
7082 54
7083 41
7084 990
7085 971
7086 968
7087 960
7088 959
7089 967
7090 951
7091 15
7092 23
7093 76
7094 88
7095 69
7096 43
7097 96
7098 171
7099 255
7100 281
7101 330
7102 313
7103 370
7104 361
7105 315
7106 307
7107 319
7108 318
7109 333
7110 373
7111 311
7112 263
7113 263
7114 321
7115 351
7116 366
7117 434
7118 333
7119 263
7120 327
7121 374
7122 426
7123 516
7124 447
7125 473
7126 481
7127 538
7128 501
7129 499
7130 457
7131 427
7132 457
7133 457
7134 462
7135 446
7136 473
7137 562
7138 583
7139 546
7140 583
7141 628
7142 573
7143 462
7144 574
7145 548
7146 612
7147 672
7148 659
7149 669
7150 610
7151 608
7152 605
7153 625
7154 642
7155 653
7156 589
7157 486
7158 458
7159 445
7160 475
7161 459
7162 423
7163 491
7164 487
7165 534
7166 519
7167 474
7168 567
7169 597
7170 617
7171 640
7172 631
7173 595
7174 640
7175 668
7176 634
7177 629
7178 602
7179 559
7180 533
7181 542
7182 561
7183 566
7184 634
7185 674
7186 649
7187 669
7188 610
7189 601
7190 598
7191 608
7192 696
7193 676
7194 719
7195 622
7196 611
7197 607
7198 661
7199 566
7200 524
7201 383
7202 439
7203 451
7204 436
7205 468
7206 458
7207 498
7208 490
7209 409
7210 463
7211 503
7212 561
7213 530
7214 497
7215 429
7216 421
7217 441
7218 361
7219 335
7220 393
7221 439
7222 424
7223 409
7224 379
7225 416
7226 379
7227 403
7228 427
7229 482
7230 425
7231 477
7232 469
7233 488
7234 510
7235 617
7236 610
7237 595
7238 686
7239 704
7240 653
7241 637
7242 621
7243 618
7244 600
7245 635
7246 628
7247 655
7248 649
7249 621
7250 591
7251 648
7252 652
7253 715
7254 724
7255 765
7256 722
7257 718
7258 700
7259 751
7260 758
7261 675
7262 658
7263 598
7264 612
7265 668
7266 627
7267 600
7268 628
7269 650
7270 619
7271 651
7272 644
7273 646
7274 606
7275 610
7276 631
7277 654
7278 585
7279 595
7280 582
7281 566
7282 517
7283 572
7284 615
7285 576
7286 626
7287 596
7288 625
7289 595
7290 612
7291 609
7292 654
7293 644
7294 586
7295 625
7296 605
7297 665
7298 658
7299 706
7300 673
7301 610
7302 538
7303 627
7304 620
7305 633
7306 618
7307 605
7308 608
7309 641
7310 652
7311 645
7312 699
7313 756
7314 700
7315 717
7316 641
7317 636
7318 633
7319 629
7320 601
7321 587
7322 550
7323 573
7324 603
7325 656
7326 656
7327 643
7328 677
7329 685
7330 624
7331 646
7332 612
7333 631
7334 559
7335 565
7336 611
7337 545
7338 575
7339 565
7340 581
7341 601
7342 597
7343 540
7344 563
7345 584
7346 579
7347 481
7348 456
7349 371
7350 334
7351 362
7352 399
7353 402
7354 351
7355 360
7356 364
7357 395
7358 368
7359 369
7360 327
7361 381
7362 398
7363 363
7364 335
7365 327
7366 368
7367 365
7368 339
7369 373
7370 287
7371 308
7372 322
7373 320
7374 355
7375 386
7376 344
7377 384
7378 394
7379 411
7380 424
7381 424
7382 402
7383 318
7384 301
7385 224
7386 242
7387 141
7388 157
7389 100
7390 75
7391 62
7392 65
7393 96
7394 16
7395 26
7396 48
7397 941
7398 919
7399 981
7400 981
7401 25
7402 86
7403 60
7404 37
7405 69
7406 32
7407 35
7408 72
7409 95
7410 75
7411 84
7412 52
7413 39
7414 21
7415 951
7416 972
7417 28
7418 44
7419 998
7420 9
7421 997
7422 20
7423 58
7424 80
7425 116
7426 103
7427 109
7428 80
7429 71
7430 81
7431 133
7432 135
7433 141
7434 126
7435 138
7436 165
7437 125
7438 66
7439 67
7440 14
7441 971
7442 967
7443 963
7444 999
7445 994
7446 983
7447 38
7448 40
7449 31
7450 37
7451 978
7452 952
7453 841
7454 876
7455 889
7456 912
7457 876
7458 7
7459 970
7460 35
7461 48
7462 44
7463 26
7464 58
7465 45
7466 98
7467 93
7468 89
7469 74
7470 24
7471 5
7472 14
7473 36
7474 90
7475 103
7476 136
7477 111
7478 117
7479 58
7480 161
7481 70
7482 50
7483 988
7484 18
7485 29
7486 94
7487 136
7488 127
7489 217
7490 174
7491 188
7492 133
7493 201
7494 210
7495 228
7496 237
7497 182
7498 117
7499 98
7500 114
7501 180
7502 177
7503 222
7504 304
7505 301
7506 320
7507 332
7508 347
7509 372
7510 416
7511 380
7512 420
7513 430
7514 371
7515 430
7516 452
7517 479
7518 442
7519 507
7520 575
7521 596
7522 617
7523 664
7524 625
7525 603
7526 606
7527 622
7528 583
7529 613
7530 569
7531 631
7532 653
7533 585
7534 561
7535 615
7536 624
7537 612
7538 621
7539 708
7540 751
7541 725
7542 751
7543 786
7544 773
7545 805
7546 815
7547 783
7548 825
7549 835
7550 876
7551 931
7552 949
7553 981
7554 6
7555 6
7556 0
7557 993
7558 63
7559 9
7560 930
7561 898
7562 980
7563 3
7564 926
7565 902
7566 937
7567 947
7568 980
7569 983
7570 5
7571 70
7572 73
7573 115
7574 80
7575 10
7576 73
7577 26
7578 996
7579 8
7580 975
7581 977
7582 964
7583 955
7584 948
7585 964
7586 913
7587 772
7588 770
7589 861
7590 877
7591 921
7592 937
7593 39
7594 45
7595 65
7596 72
7597 109
7598 68
7599 113
7600 83
7601 57
7602 124
7603 115
7604 114
7605 85
7606 88
7607 102
7608 67
7609 67
7610 115
7611 54
7612 96
7613 149
7614 163
7615 214
7616 192
7617 255
7618 313
7619 318
7620 197
7621 248
7622 92
7623 78
7624 92
7625 119
7626 87
7627 47
7628 77
7629 104
7630 171
7631 122
7632 165
7633 217
7634 193
7635 192
7636 202
7637 194
7638 244
7639 240
7640 138
7641 153
7642 121
7643 170
7644 213
7645 196
7646 173
7647 80
7648 172
7649 186
7650 248
7651 272
7652 226
7653 233
7654 257
7655 216
7656 195
7657 165
7658 144
7659 136
7660 185
7661 145
7662 113
7663 52
7664 22
7665 23
7666 973
7667 59
7668 145
7669 144
7670 154
7671 166
7672 199
7673 166
7674 149
7675 210
7676 162
7677 146
7678 54
7679 69
7680 6
7681 954
7682 912
7683 895
7684 886
7685 922
7686 846
7687 912
7688 955
7689 971
7690 9
7691 978
7692 972
7693 924
7694 880
7695 831
7696 755
7697 838
7698 870
7699 920
7700 946
7701 857
7702 865
7703 790
7704 823
7705 852
7706 878
7707 895
7708 881
7709 816
7710 772
7711 798
7712 714
7713 717
7714 689
7715 691
7716 668
7717 714
7718 741
7719 715
7720 711
7721 660
7722 712
7723 686
7724 658
7725 664
7726 608
7727 618
7728 601
7729 611
7730 655
7731 691
7732 694
7733 787
7734 831
7735 829
7736 907
7737 829
7738 810
7739 753
7740 801
7741 838
7742 872
7743 856
7744 849
7745 903
7746 873
7747 871
7748 886
7749 895
7750 885
7751 863
7752 897
7753 980
7754 18
7755 73
7756 76
7757 46
7758 44
7759 52
7760 989
7761 966
7762 931
7763 952
7764 927
7765 910
7766 888
7767 904
7768 873
7769 843
7770 790
7771 731
7772 630
7773 620
7774 596
7775 586
7776 537
7777 514
7778 546
7779 530
7780 509
7781 568
7782 637
7783 629
7784 607
7785 563
7786 597
7787 538
7788 520
7789 573
7790 574
7791 670
7792 562
7793 682
7794 730
7795 777
7796 743
7797 735
7798 687
7799 737
7800 827
7801 874
7802 834
7803 766
7804 677
7805 642
7806 613
7807 579
7808 652
7809 737
7810 731
7811 777
7812 711
7813 633
7814 674
7815 680
7816 704
7817 722
7818 803
7819 853
7820 891
7821 907
7822 787
7823 851
7824 851
7825 868
7826 883
7827 859
7828 900
7829 763
7830 841
7831 765
7832 764
7833 806
7834 855
7835 803
7836 797
7837 828
7838 875
7839 871
7840 945
7841 7
7842 101
7843 125
7844 70
7845 48
7846 100
7847 89
7848 124
7849 119
7850 116
7851 148
7852 101
7853 176
7854 120
7855 119
7856 134
7857 236
7858 205
7859 271
7860 286
7861 300
7862 282
7863 303
7864 275
7865 304
7866 279
7867 229
7868 215
7869 259
7870 333
7871 354
7872 333
7873 317
7874 366
7875 390
7876 436
7877 391
7878 399
7879 326
7880 288
7881 276
7882 247
7883 212
7884 166
7885 138
7886 162
7887 116
7888 65
7889 7
7890 125
7891 148
7892 117
7893 125
7894 117
7895 92
7896 110
7897 158
7898 171
7899 189
7900 199
7901 243
7902 254
7903 237
7904 301
7905 336
7906 310
7907 328
7908 316
7909 281
7910 306
7911 244
7912 303
7913 319
7914 341
7915 295
7916 280
7917 249
7918 213
7919 205
7920 242
7921 242
7922 269
7923 318
7924 288
7925 273
7926 216
7927 216
7928 124
7929 106
7930 9
7931 21
7932 91
7933 100
7934 984
7935 889
7936 935
7937 956
7938 4
7939 1
7940 992
7941 20
7942 9
7943 965
7944 16
7945 986
7946 80
7947 122
7948 132
7949 106
7950 56
7951 29
7952 67
7953 124
7954 156
7955 188
7956 204
7957 244
7958 234
7959 213
7960 183
7961 212
7962 216
7963 218
7964 164
7965 169
7966 238
7967 287
7968 269
7969 253
7970 292
7971 351
7972 413
7973 419
7974 353
7975 347
7976 308
7977 251
7978 308
7979 253
7980 261
7981 346
7982 375
7983 372
7984 355
7985 429
7986 414
7987 418
7988 384
7989 401
7990 406
7991 445
7992 424
7993 433
7994 372
7995 393
7996 440
7997 461
7998 482
7999 453
8000 486
8001 441
8002 479
8003 427
8004 415
8005 408
8006 404
8007 417
8008 446
8009 444
8010 416
8011 420
8012 437
8013 437
8014 327
8015 322
8016 287
8017 384
8018 431
8019 457
8020 295
8021 203
8022 200
8023 137
8024 70
8025 120
8026 36
8027 58
8028 52
8029 121
8030 189
8031 167
8032 85
8033 72
8034 8
8035 962
8036 17
8037 45
8038 983
8039 964
8040 956
8041 36
8042 4
8043 983
8044 918
8045 884
8046 919
8047 929
8048 857
8049 872
8050 922
8051 971
8052 972
8053 0
8054 101
8055 113
8056 183
8057 173
8058 147
8059 141
8060 141
8061 159
8062 137
8063 134
8064 151
8065 77
8066 44
8067 104
8068 63
8069 39
8070 50
8071 38
8072 21
8073 24
8074 24
8075 108
8076 78
8077 73
8078 137
8079 164
8080 160
8081 178
8082 168
8083 152
8084 247
8085 241
8086 359
8087 364
8088 385
8089 436
8090 462
8091 478
8092 452
8093 413
8094 512
8095 547
8096 586
8097 623
8098 578
8099 594
8100 496
8101 525
8102 472
8103 603
8104 620
8105 638
8106 664
8107 769
8108 773
8109 699
8110 786
8111 880
8112 24
8113 74
8114 45
8115 36
8116 982
8117 970
8118 987
8119 975
8120 52
8121 53
8122 964
8123 999
8124 66
8125 198
8126 225
8127 255
8128 296
8129 322
8130 331
8131 379
8132 367
8133 391
8134 329
8135 330
8136 331
8137 343
8138 302
8139 376
8140 379
8141 388
8142 367
8143 457
8144 311
8145 273
8146 331
8147 339
8148 378
8149 384
8150 385
8151 389
8152 365
8153 334
8154 370
8155 323
8156 276
8157 308
8158 400
8159 449
8160 411
8161 391
8162 376
8163 338
8164 327
8165 287
8166 343
8167 357
8168 387
8169 328
8170 299
8171 267
8172 314
8173 251
8174 241
8175 256
8176 291
8177 365
8178 307
8179 260
8180 210
8181 294
8182 339
8183 365
8184 307
8185 235
8186 247
8187 339
8188 418
8189 408
8190 408
8191 356
8192 279
8193 237
8194 223
8195 164
8196 109
8197 45
8198 124
8199 153
8200 169
8201 230
8202 246
8203 182
8204 163
8205 252
8206 318
8207 270
8208 240
8209 215
8210 285
8211 246
8212 261
8213 222
8214 267
8215 258
8216 246
8217 269
8218 313
8219 292
8220 199
8221 183
8222 144
8223 78
8224 57
8225 26
8226 34
8227 70
8228 5
8229 16
8230 976
8231 75
8232 54
8233 1
8234 25
8235 103
8236 161
8237 237
8238 249
8239 275
8240 271
8241 285
8242 204
8243 143
8244 125
8245 118
8246 76
8247 79
8248 137
8249 129
8250 63
8251 34
8252 48
8253 35
8254 39
8255 101
8256 43
8257 69
8258 78
8259 73
8260 83
8261 81
8262 61
8263 130
8264 92
8265 155
8266 169
8267 204
8268 201
8269 191
8270 258
8271 270
8272 250
8273 176
8274 184
8275 219
8276 239
8277 193
8278 203
8279 206
8280 171
8281 187
8282 256
8283 267
8284 332
8285 306
8286 174
8287 138
8288 167
8289 256
8290 232
8291 244
8292 283
8293 254
8294 271
8295 278
8296 303
8297 312
8298 266
8299 223
8300 176
8301 130
8302 127
8303 88
8304 38
8305 40
8306 6
8307 39
8308 981
8309 963
8310 944
8311 927
8312 891
8313 854
8314 881
8315 840
8316 885
8317 865
8318 824
8319 815
8320 788
8321 772
8322 823
8323 802
8324 710
8325 727
8326 725
8327 672
8328 670
8329 688
8330 698
8331 704
8332 702
8333 695
8334 731
8335 716
8336 703
8337 729
8338 696
8339 791
8340 816
8341 766
8342 839
8343 775
8344 787
8345 804
8346 850
8347 816
8348 797
8349 840
8350 843
8351 906
8352 882
8353 841
8354 792
8355 768
8356 752
8357 731
8358 763
8359 772
8360 827
8361 854
8362 845
8363 881
8364 876
8365 895
8366 854
8367 848
8368 790
8369 758
8370 770
8371 739
8372 742
8373 780
8374 762
8375 770
8376 805
8377 812
8378 763
8379 719
8380 669
8381 624
8382 626
8383 673
8384 658
8385 668
8386 673
8387 637
8388 555
8389 583
8390 637
8391 588
8392 608
8393 654
8394 708
8395 705
8396 682
8397 651
8398 633
8399 628
8400 591
8401 566
8402 555
8403 535
8404 552
8405 617
8406 586
8407 563
8408 562
8409 605
8410 618
8411 599
8412 614
8413 622
8414 602
8415 644
8416 639
8417 654
8418 661
8419 657
8420 652
8421 639
8422 660
8423 667
8424 696
8425 714
8426 717
8427 694
8428 657
8429 617
8430 598
8431 614
8432 617
8433 593
8434 578
8435 603
8436 617
8437 624
8438 645
8439 616
8440 604
8441 650
8442 656
8443 642
8444 631
8445 629
8446 628
8447 587
8448 597
8449 589
8450 629
8451 628
8452 620
8453 591
8454 605
8455 574
8456 605
8457 650
8458 648
8459 617
8460 604
8461 623
8462 616
8463 609
8464 593
8465 555
8466 543
8467 560
8468 517
8469 524
8470 537
8471 554
8472 536
8473 558
8474 556
8475 569
8476 578
8477 624
8478 669
8479 680
8480 652
8481 630
8482 636
8483 631
8484 620
8485 640
8486 636
8487 655
8488 658
8489 640
8490 645
8491 624
8492 613
8493 622
8494 568
8495 560
8496 547
8497 545
8498 576
8499 594
8500 608
8501 592
8502 567
8503 576
8504 565
8505 576
8506 617
8507 628
8508 679
8509 686
8510 676
8511 684
8512 708
8513 744
8514 753
8515 801
8516 793
8517 788
8518 800
8519 778
8520 756
8521 757
8522 726
8523 710
8524 738
8525 741
8526 732
8527 703
8528 693
8529 718
8530 744
8531 740
8532 747
8533 727
8534 733
8535 678
8536 674
8537 663
8538 668
8539 690
8540 699
8541 742
8542 811
8543 815
8544 815
8545 795
8546 805
8547 749
8548 709
8549 748
8550 732
8551 738
8552 777
8553 778
8554 782
8555 775
8556 757
8557 706
8558 691
8559 654
8560 655
8561 704
8562 677
8563 745
8564 769
8565 750
8566 778
8567 780
8568 770
8569 783
8570 811
8571 841
8572 827
8573 870
8574 909
8575 928
8576 922
8577 927
8578 927
8579 939
8580 904
8581 938
8582 901
8583 902
8584 871
8585 870
8586 823
8587 866
8588 810
8589 779
8590 814
8591 812
8592 838
8593 892
8594 870
8595 814
8596 819
8597 821
8598 784
8599 798
8600 794
8601 800
8602 820
8603 848
8604 879
8605 928
8606 942
8607 937
8608 869
8609 919
8610 890
8611 888
8612 865
8613 854
8614 805
8615 782
8616 773
8617 768
8618 819
8619 845
8620 802
8621 810
8622 800
8623 812
8624 817
8625 840
8626 809
8627 829
8628 848
8629 847
8630 858
8631 891
8632 856
8633 880
8634 928
8635 865
8636 864
8637 829
8638 784
8639 726
8640 713
8641 721
8642 781
8643 802
8644 774
8645 809
8646 786
8647 769
8648 783
8649 849
8650 913
8651 895
8652 878
8653 890
8654 913
8655 876
8656 880
8657 914
8658 966
8659 21
8660 981
8661 923
8662 859
8663 877
8664 887
8665 870
8666 822
8667 871
8668 854
8669 851
8670 892
8671 924
8672 902
8673 796
8674 772
8675 763
8676 770
8677 783
8678 797
8679 816
8680 792
8681 786
8682 786
8683 769
8684 764
8685 795
8686 828
8687 828
8688 822
8689 805
8690 799
8691 775
8692 793
8693 739
8694 760
8695 749
8696 731
8697 687
8698 650
8699 646
8700 670
8701 683
8702 695
8703 685
8704 679
8705 632
8706 679
8707 720
8708 702
8709 692
8710 683
8711 734
8712 744
8713 733
8714 776
8715 768
8716 775
8717 819
8718 840
8719 886
8720 842
8721 859
8722 884
8723 902
8724 927
8725 895
8726 953
8727 917
8728 885
8729 918
8730 847
8731 886
8732 886
8733 856
8734 877
8735 869
8736 866
8737 889
8738 875
8739 847
8740 857
8741 855
8742 877
8743 878
8744 878
8745 890
8746 903
8747 897
8748 881
8749 857
8750 860
8751 848
8752 833
8753 880
8754 873
8755 899
8756 889
8757 865
8758 844
8759 800
8760 746
8761 727
8762 729
8763 716
8764 727
8765 685
8766 670
8767 675
8768 694
8769 703
8770 694
8771 670
8772 643
8773 632
8774 624
8775 618
8776 627
8777 652
8778 649
8779 641
8780 646
8781 636
8782 606
8783 601
8784 588
8785 580
8786 581
8787 580
8788 585
8789 578
8790 609
8791 603
8792 581
8793 586
8794 567
8795 578
8796 591
8797 567
8798 561
8799 562
8800 542
8801 566
8802 550
8803 553
8804 560
8805 547
8806 566
8807 571
8808 595
8809 632
8810 605
8811 596
8812 621
8813 625
8814 633
8815 646
8816 655
8817 681
8818 690
8819 709
8820 695
8821 672
8822 690
8823 670
8824 674
8825 694
8826 684
8827 684
8828 676
8829 743
8830 745
8831 747
8832 732
8833 695
8834 668
8835 665
8836 677
8837 661
8838 657
8839 699
8840 684
8841 701
8842 684
8843 691
8844 694
8845 750
8846 775
8847 823
8848 790
8849 790
8850 818
8851 824
8852 811
8853 767
8854 779
8855 784
8856 746
8857 750
8858 745
8859 749
8860 708
8861 659
8862 657
8863 684
8864 736
8865 762
8866 788
8867 781
8868 765
8869 767
8870 752
8871 772
8872 749
8873 771
8874 792
8875 782
8876 799
8877 802
8878 792
8879 796
8880 771
8881 738
8882 750
8883 789
8884 807
8885 831
8886 816
8887 831
8888 817
8889 812
8890 876
8891 910
8892 924
8893 897
8894 905
8895 894
8896 927
8897 926
8898 889
8899 906
8900 912
8901 908
8902 878
8903 816
8904 789
8905 776
8906 746
8907 763
8908 742
8909 753
8910 706
8911 703
8912 742
8913 752
8914 724
8915 745
8916 730
8917 707
8918 721
8919 715
8920 740
8921 777
8922 757
8923 780
8924 771
8925 777
8926 816
8927 830
8928 870
8929 882
8930 856
8931 892
8932 939
8933 951
8934 946
8935 904
8936 930
8937 954
8938 948
8939 953
8940 886
8941 842
8942 879
8943 899
8944 973
8945 27
8946 17
8947 22
8948 984
8949 999
8950 5
8951 994
8952 13
8953 19
8954 31
8955 61
8956 65
8957 100
8958 113
8959 109
8960 147
8961 130
8962 125
8963 133
8964 135
8965 149
8966 115
8967 119
8968 106
8969 135
8970 134
8971 144
8972 173
8973 178
8974 202
8975 256
8976 247
8977 197
8978 260
8979 258
8980 266
8981 234
8982 259
8983 219
8984 225
8985 200
8986 241
8987 259
8988 270
8989 323
8990 290
8991 334
8992 285
8993 269
8994 276
8995 301
8996 327
8997 333
8998 332
8999 310
9000 316
9001 304
9002 275
9003 301
9004 298
9005 290
9006 308
9007 296
9008 300
9009 328
9010 281
9011 356
9012 362
9013 368
9014 355
9015 412
9016 379
9017 378
9018 359
9019 356
9020 362
9021 383
9022 311
9023 276
9024 289
9025 329
9026 341
9027 335
9028 325
9029 316
9030 325
9031 372
9032 337
9033 352
9034 297
9035 287
9036 297
9037 324
9038 329
9039 329
9040 326
9041 314
9042 336
9043 352
9044 388
9045 376
9046 350
9047 405
9048 366
9049 369
9050 386
9051 405
9052 410
9053 445
9054 421
9055 432
9056 411
9057 410
9058 450
9059 522
9060 491
9061 480
9062 548
9063 536
9064 524
9065 557
9066 535
9067 538
9068 553
9069 570
9070 604
9071 648
9072 655
9073 687
9074 634
9075 624
9076 582
9077 586
9078 535
9079 539
9080 594
9081 555
9082 582
9083 601
9084 578
9085 612
9086 572
9087 524
9088 513
9089 528
9090 611
9091 576
9092 530
9093 511
9094 569
9095 616
9096 643
9097 619
9098 649
9099 594
9100 663
9101 621
9102 633
9103 650
9104 697
9105 673
9106 721
9107 741
9108 705
9109 791
9110 778
9111 740
9112 763
9113 731
9114 774
9115 775
9116 794
9117 718
9118 769
9119 773
9120 760
9121 762
9122 808
9123 739
9124 723
9125 659
9126 706
9127 727
9128 686
9129 679
9130 705
9131 701
9132 709
9133 726
9134 716
9135 704
9136 720
9137 747
9138 684
9139 627
9140 597
9141 636
9142 673
9143 733
9144 752
9145 809
9146 793
9147 816
9148 842
9149 831
9150 824
9151 867
9152 875
9153 883
9154 886
9155 863
9156 806
9157 785
9158 776
9159 741
9160 745
9161 810
9162 817
9163 805
9164 880
9165 913
9166 884
9167 899
9168 903
9169 878
9170 864
9171 869
9172 880
9173 868
9174 872
9175 841
9176 855
9177 847
9178 902
9179 947
9180 981
9181 980
9182 912
9183 854
9184 851
9185 931
9186 931
9187 937
9188 980
9189 977
9190 883
9191 930
9192 976
9193 953
9194 942
9195 973
9196 953
9197 962
9198 970
9199 957
9200 91
9201 45
9202 76
9203 67
9204 76
9205 103
9206 49
9207 82
9208 71
9209 110
9210 124
9211 189
9212 175
9213 214
9214 192
9215 175
9216 132
9217 104
9218 82
9219 83
9220 66
9221 80
9222 50
9223 62
9224 38
9225 120
9226 117
9227 61
9228 107
9229 125
9230 125
9231 63
9232 94
9233 102
9234 150
9235 185
9236 167
9237 86
9238 109
9239 132
9240 207
9241 284
9242 240
9243 269
9244 220
9245 222
9246 261
9247 334
9248 275
9249 271
9250 255
9251 303
9252 330
9253 349
9254 437
9255 424
9256 467
9257 404
9258 413
9259 402
9260 325
9261 382
9262 383
9263 390
9264 395
9265 373
9266 319
9267 327
9268 306
9269 338
9270 344
9271 368
9272 382
9273 392
9274 422
9275 423
9276 284
9277 343
9278 362
9279 284
9280 293
9281 291
9282 338
9283 281
9284 258
9285 290
9286 299
9287 307
9288 265
9289 306
9290 338
9291 341
9292 364
9293 317
9294 301
9295 282
9296 309
9297 367
9298 340
9299 322
9300 398
9301 391
9302 428
9303 415
9304 425
9305 480
9306 435
9307 467
9308 476
9309 465
9310 510
9311 608
9312 664
9313 694
9314 635
9315 624
9316 639
9317 674
9318 693
9319 772
9320 747
9321 689
9322 694
9323 761
9324 746
9325 701
9326 737
9327 735
9328 672
9329 672
9330 650
9331 642
9332 646
9333 672
9334 771
9335 785
9336 821
9337 793
9338 873
9339 906
9340 976
9341 26
9342 952
9343 915
9344 863
9345 826
9346 782
9347 826
9348 847
9349 880
9350 877
9351 866
9352 940
9353 925
9354 936
9355 932
9356 949
9357 956
9358 980
9359 18
9360 999
9361 932
9362 928
9363 902
9364 862
9365 757
9366 745
9367 794
9368 745
9369 762
9370 830
9371 802
9372 831
9373 906
9374 864
9375 898
9376 883
9377 902
9378 975
9379 136
9380 16
9381 40
9382 991
9383 55
9384 199
9385 227
9386 253
9387 213
9388 235
9389 259
9390 250
9391 249
9392 242
9393 267
9394 259
9395 254
9396 348
9397 312
9398 315
9399 398
9400 330
9401 376
9402 273
9403 371
9404 510
9405 511
9406 480
9407 514
9408 541
9409 609
9410 492
9411 481
9412 407
9413 499
9414 437
9415 463
9416 412
9417 253
9418 161
9419 173
9420 112
9421 90
9422 169
9423 159
9424 186
9425 139
9426 158
9427 120
9428 950
9429 953
9430 978
9431 962
9432 985
9433 945
9434 965
9435 899
9436 42
9437 44
9438 57
9439 97
9440 153
9441 135
9442 104
9443 76
9444 59
9445 33
9446 90
9447 39
9448 977
9449 952
9450 972
9451 932
9452 931
9453 919
9454 940
9455 18
9456 96
9457 63
9458 974
9459 46
9460 160
9461 241
9462 289
9463 282
9464 279
9465 299
9466 289
9467 357
9468 326
9469 328
9470 427
9471 368
9472 426
9473 482
9474 428
9475 465
9476 504
9477 620
9478 584
9479 514
9480 778
9481 893
9482 858
9483 989
9484 288
9485 238
9486 335
9487 296
9488 276
9489 254
9490 349
9491 396
9492 396
9493 329
9494 317
9495 266
9496 262
9497 230
9498 145
9499 174
9500 211
9501 232
9502 995
9503 5
9504 932
9505 914
9506 942
9507 860
9508 833
9509 796
9510 677
9511 652
9512 629
9513 579
9514 522
9515 703
9516 627
9517 456
9518 424
9519 402
9520 450
9521 604
9522 551
9523 644
9524 595
9525 551
9526 580
9527 555
9528 492
9529 552
9530 466
9531 351
9532 288
9533 368
9534 325
9535 398
9536 344
9537 250
9538 246
9539 230
9540 233
9541 300
9542 328
9543 304
9544 369
9545 371
9546 351
9547 360
9548 268
9549 293
9550 253
9551 328
9552 286
9553 330
9554 256
9555 117
9556 272
9557 321
9558 376
9559 373
9560 238
9561 266
9562 234
9563 259
9564 301
9565 369
9566 353
9567 245
9568 249
9569 173
9570 200
9571 101
9572 156
9573 181
9574 220
9575 181
9576 154
9577 124
9578 106
9579 965
9580 993
9581 969
9582 43
9583 991
9584 10
9585 973
9586 845
9587 874
9588 834
9589 815
9590 742
9591 745
9592 796
9593 748
9594 672
9595 653
9596 672
9597 702
9598 761
9599 759
9600 704
9601 719
9602 783
9603 840
9604 845
9605 835
9606 727
9607 693
9608 623
9609 636
9610 717
9611 637
9612 610
9613 624
9614 638
9615 677
9616 784
9617 834
9618 896
9619 893
9620 940
9621 990
9622 918
9623 971
9624 991
9625 12
9626 48
9627 66
9628 58
9629 45
9630 107
9631 84
9632 112
9633 105
9634 135
9635 205
9636 203
9637 180
9638 189
9639 277
9640 150
9641 996
9642 989
9643 979
9644 984
9645 896
9646 886
9647 989
9648 68
9649 77
9650 14
9651 117
9652 191
9653 242
9654 219
9655 237
9656 223
9657 187
9658 244
9659 419
9660 339
9661 404
9662 542
9663 452
9664 434
9665 581
9666 634
9667 585
9668 665
9669 676
9670 659
9671 713
9672 780
9673 794
9674 928
9675 963
9676 34
9677 43
9678 968
9679 63
9680 107
9681 200
9682 135
9683 132
9684 165
9685 85
9686 125
9687 200
9688 225
9689 219
9690 312
9691 243
9692 233
9693 272
9694 230
9695 270
9696 254
9697 157
9698 49
9699 35
9700 899
9701 798
9702 686
9703 655
9704 681
9705 742
9706 639
9707 692
9708 793
9709 713
9710 581
9711 574
9712 581
9713 590
9714 658
9715 786
9716 748
9717 902
9718 949
9719 989
9720 857
9721 800
9722 768
9723 583
9724 487
9725 553
9726 612
9727 688
9728 542
9729 443
9730 450
9731 415
9732 299
9733 257
9734 320
9735 350
9736 528
9737 586
9738 650
9739 640
9740 665
9741 635
9742 595
9743 648
9744 616
9745 610
9746 559
9747 530
9748 496
9749 649
9750 614
9751 593
9752 642
9753 672
9754 642
9755 551
9756 538
9757 482
9758 482
9759 456
9760 595
9761 520
9762 544
9763 640
9764 708
9765 727
9766 677
9767 639
9768 576
9769 577
9770 556
9771 510
9772 510
9773 450
9774 438
9775 485
9776 564
9777 598
9778 662
9779 674
9780 658
9781 644
9782 657
9783 568
9784 579
9785 513
9786 537
9787 588
9788 623
9789 597
9790 669
9791 757
9792 905
9793 960
9794 969
9795 953
9796 975
9797 892
9798 955
9799 971
9800 59
9801 30
9802 997
9803 56
9804 983
9805 892
9806 953
9807 942
9808 46
9809 95
9810 28
9811 989
9812 64
9813 146
9814 220
9815 37
9816 7
9817 911
9818 918
9819 756
9820 809
9821 829
9822 841
9823 755
9824 744
9825 735
9826 744
9827 728
9828 688
9829 669
9830 686
9831 638
9832 617
9833 672
9834 713
9835 718
9836 595
9837 759
9838 818
9839 762
9840 751
9841 819
9842 857
9843 911
9844 987
9845 945
9846 83
9847 94
9848 939
9849 911
9850 878
9851 942
9852 959
9853 3
9854 993
9855 849
9856 825
9857 888
9858 857
9859 83
9860 156
9861 139
9862 223
9863 260
9864 289
9865 330
9866 214
9867 356
9868 315
9869 317
9870 225
9871 204
9872 338
9873 332
9874 392
9875 460
9876 442
9877 384
9878 542
9879 500
9880 470
9881 359
9882 368
9883 476
9884 536
9885 542
9886 512
9887 441
9888 520
9889 415
9890 337
9891 328
9892 339
9893 434
9894 437
9895 374
9896 273
9897 324
9898 346
9899 430
9900 394
9901 380
9902 483
9903 467
9904 591
9905 667
9906 588
9907 614
9908 544
9909 538
9910 657
9911 595
9912 717
9913 710
9914 725
9915 685
9916 688
9917 717
9918 663
9919 684
9920 541
9921 592
9922 607
9923 644
9924 469
9925 391
9926 320
9927 207
9928 149
9929 54
9930 92
9931 124
9932 112
9933 37
9934 132
9935 83
9936 54
9937 167
9938 99
9939 66
9940 97
9941 265
9942 174
9943 163
9944 56
9945 989
9946 75
9947 107
9948 291
9949 156
9950 253
9951 189
9952 158
9953 135
9954 245
9955 217
9956 126
9957 131
9958 78
9959 967
9960 979
9961 989
9962 9
9963 977
9964 36
9965 935
9966 942
9967 897
9968 952
9969 790
9970 873
9971 960
9972 937
9973 868
9974 829
9975 762
9976 704
9977 763
9978 712
9979 769
9980 705
9981 640
9982 488
9983 472
9984 464
9985 501
9986 523
9987 525
9988 515
9989 654
9990 511
9991 491
9992 358
9993 391
9994 420
9995 393
9996 294
9997 263
9998 282
9999 129
10000 184
