1 0
2 0
3 0
4 0
5 0
6 0
7 0
8 0
9 0
10 0
11 1
12 1
13 0
14 0
15 0
16 0
17 0
18 0
19 0
20 0
21 0
22 0
23 0
24 0
25 0
26 0
27 0
28 0
29 0
30 0
31 0
32 0
33 0
34 0
35 0
36 0
37 0
38 0
39 0
40 0
41 0
42 0
43 0
44 0
45 0
46 0
47 0
48 0
49 0
50 0
51 0
52 0
53 0
54 0
55 0
56 0
57 0
58 0
59 0
60 0
61 0
62 0
63 0
64 0
65 0
66 0
67 0
68 0
69 0
70 0
71 0
72 0
73 0
74 0
75 0
76 0
77 0
78 0
79 0
80 0
81 0
82 0
83 0
84 1
85 1
86 0
87 0
88 0
89 0
90 0
91 0
92 0
93 0
94 0
95 0
96 1
97 3
98 2
99 3
100 2
101 3
102 5
103 2
104 3
105 1
106 0
107 0
108 0
109 0
110 0
111 0
112 0
113 0
114 0
115 0
116 0
117 0
118 0
119 0
120 0
121 1
122 3
123 3
124 3
125 1
126 0
127 0
128 0
129 0
130 0
131 0
132 0
133 0
134 0
135 0
136 0
137 0
138 0
139 0
140 0
141 0
142 0
143 0
144 0
145 0
146 0
147 0
148 0
149 0
150 0
151 0
152 0
153 0
154 0
155 0
156 0
157 0
158 0
159 0
160 0
161 0
162 0
163 0
164 0
165 0
166 0
167 0
168 0
169 0
170 0
171 0
172 0
173 0
174 0
175 0
176 0
177 0
178 0
179 0
180 0
181 0
182 0
183 0
184 0
185 0
186 0
187 0
188 0
189 0
190 0
191 0
192 0
193 0
194 0
195 0
196 0
197 0
198 0
199 0
200 0
201 0
202 0
203 0
204 0
205 1
206 1
207 0
208 0
209 0
210 0
211 0
212 0
213 0
214 0
215 0
216 0
217 0
218 0
219 0
220 0
221 0
222 0
223 0
224 0
225 0
226 0
227 0
228 0
229 0
230 0
231 0
232 0
233 0
234 0
235 0
236 0
237 0
238 0
239 0
240 0
241 0
242 0
243 0
244 0
245 0
246 0
247 0
248 0
249 0
250 0
251 0
252 1
253 1
254 1
255 2
256 4
257 2
258 2
259 0
260 0
261 0
262 0
263 0
264 0
265 0
266 0
267 0
268 0
269 0
270 0
271 0
272 0
273 0
274 0
275 0
276 0
277 1
278 1
279 0
280 0
281 0
282 0
283 0
284 0
285 0
286 0
287 0
288 0
289 0
290 1
291 3
292 5
293 11
294 15
295 11
296 9
297 10
298 9
299 9
300 8
301 9
302 6
303 9
304 8
305 17
306 11
307 16
308 20
309 11
310 20
311 20
312 23
313 31
314 30
315 37
316 37
317 37
318 47
319 39
320 34
321 26
322 25
323 26
324 28
325 35
326 30
327 29
328 31
329 36
330 41
331 36
332 42
333 40
334 44
335 33
336 33
337 22
338 23
339 29
340 31
341 38
342 40
343 39
344 44
345 38
346 43
347 43
348 46
349 54
350 55
351 50
352 45
353 50
354 36
355 30
356 31
357 33
358 22
359 12
360 9
361 6
362 6
363 7
364 9
365 6
366 3
367 3
368 4
369 2
370 5
371 6
372 4
373 8
374 5
375 4
376 4
377 4
378 1
379 0
380 0
381 0
382 0
383 0
384 0
385 0
386 0
387 1
388 0
389 0
390 0
391 0
392 1
393 2
394 1
395 1
396 1
397 0
398 0
399 0
400 0
401 0
402 0
403 0
404 0
405 0
406 0
407 0
408 0
409 0
410 0
411 0
412 0
413 0
414 0
415 0
416 0
417 0
418 0
419 0
420 0
421 0
422 0
423 0
424 0
425 0
426 0
427 0
428 0
429 0
430 0
431 0
432 0
433 0
434 0
435 0
436 0
437 0
438 0
439 0
440 0
441 0
442 0
443 0
444 0
445 0
446 0
447 0
448 0
449 0
450 0
451 0
452 0
453 0
454 0
455 0
456 0
457 0
458 0
459 0
460 0
461 0
462 0
463 0
464 0
465 0
466 0
467 0
468 0
469 0
470 0
471 0
472 0
473 0
474 0
475 0
476 0
477 0
478 0
479 0
480 0
481 0
482 0
483 0
484 0
485 0
486 0
487 0
488 0
489 0
490 0
491 0
492 0
493 0
494 0
495 0
496 0
497 0
498 0
499 0
500 0
501 0
502 0
503 0
504 0
505 0
506 0
507 0
508 0
509 0
510 0
511 0
512 0
513 0
514 0
515 0
516 0
517 0
518 0
519 0
520 0
521 0
522 0
523 0
524 0
525 0
526 0
527 0
528 0
529 0
530 0
531 0
532 0
533 0
534 0
535 0
536 0
537 0
538 0
539 0
540 0
541 0
542 0
543 0
544 0
545 0
546 0
547 0
548 0
549 0
550 0
551 0
552 0
553 0
554 0
555 0
556 0
557 0
558 0
559 0
560 0
561 0
562 0
563 0
564 0
565 0
566 0
567 0
568 0
569 0
570 0
571 1
572 0
573 0
574 0
575 0
576 0
577 0
578 0
579 0
580 1
581 2
582 3
583 3
584 1
585 1
586 1
587 1
588 0
589 0
590 0
591 0
592 0
593 0
594 0
595 0
596 0
597 0
598 0
599 0
600 0
601 0
602 0
603 0
604 0
605 0
606 0
607 0
608 0
609 0
610 0
611 0
612 0
613 0
614 0
615 0
616 0
617 1
618 2
619 2
620 1
621 0
622 0
623 0
624 0
625 0
626 0
627 0
628 0
629 0
630 0
631 0
632 0
633 0
634 0
635 0
636 0
637 0
638 0
639 0
640 0
641 0
642 0
643 0
644 0
645 0
646 0
647 0
648 0
649 0
650 0
651 0
652 0
653 0
654 0
655 0
656 0
657 0
658 0
659 0
660 0
661 0
662 0
663 0
664 0
665 0
666 0
667 0
668 0
669 0
670 0
671 0
672 0
673 0
674 0
675 0
676 0
677 0
678 0
679 0
680 0
681 0
682 0
683 0
684 0
685 0
686 0
687 0
688 0
689 0
690 0
691 0
692 0
693 0
694 0
695 0
696 0
697 0
698 0
699 0
700 0
701 0
702 0
703 0
704 0
705 0
706 0
707 0
708 0
709 0
710 0
711 0
712 0
713 0
714 0
715 0
716 0
717 0
718 0
719 0
720 0
721 0
722 0
723 0
724 0
725 0
726 0
727 0
728 0
729 0
730 0
731 0
732 0
733 0
734 0
735 0
736 0
737 0
738 0
739 0
740 0
741 0
742 0
743 0
744 0
745 0
746 0
747 0
748 0
749 0
750 0
751 0
752 0
753 0
754 0
755 0
756 0
757 0
758 0
759 0
760 0
761 0
762 0
763 0
764 0
765 0
766 0
767 0
768 0
769 0
770 0
771 0
772 0
773 0
774 0
775 0
776 0
777 0
778 0
779 0
780 0
781 0
782 0
783 0
784 0
785 0
786 0
787 0
788 0
789 0
790 0
791 0
792 0
793 0
794 0
795 0
796 0
797 0
798 0
799 0
800 0
801 0
802 0
803 0
804 0
805 0
806 0
807 0
808 0
809 0
810 0
811 0
812 0
813 0
814 0
815 0
816 0
817 0
818 0
819 0
820 0
821 1
822 1
823 0
824 0
825 0
826 0
827 0
828 0
829 0
830 0
831 0
832 0
833 0
834 0
835 0
836 0
837 0
838 0
839 0
840 0
841 0
842 0
843 1
844 2
845 0
846 0
847 1
848 0
849 0
850 0
851 0
852 0
853 0
854 0
855 0
856 0
857 0
858 0
859 0
860 0
861 0
862 0
863 0
864 0
865 0
866 0
867 0
868 0
869 0
870 0
871 0
872 0
873 0
874 0
875 1
876 2
877 1
878 0
879 0
880 0
881 0
882 0
883 0
884 0
885 0
886 0
887 0
888 0
889 0
890 0
891 0
892 0
893 0
894 0
895 0
896 0
897 0
898 0
899 0
900 0
901 0
902 0
903 0
904 0
905 0
906 0
907 0
908 0
909 0
910 0
911 0
912 0
913 0
914 0
915 0
916 0
917 0
918 0
919 0
920 0
921 0
922 0
923 0
924 0
925 0
926 0
927 0
928 0
929 0
930 0
931 0
932 0
933 0
934 0
935 0
936 0
937 0
938 0
939 0
940 1
941 0
942 0
943 0
944 0
945 0
946 0
947 0
948 0
949 0
950 0
951 0
952 0
953 0
954 0
955 0
956 0
957 0
958 0
959 0
960 0
961 0
962 0
963 1
964 0
965 0
966 0
967 0
968 0
969 0
970 0
971 0
972 0
973 0
974 0
975 0
976 0
977 1
978 1
979 1
980 5
981 5
982 8
983 11
984 4
985 2
986 1
987 2
988 2
989 5
990 6
991 8
992 8
993 8
994 5
995 6
996 7
997 10
998 16
999 19
1000 20
1001 19
1002 15
1003 19
1004 18
1005 23
1006 21
1007 25
1008 33
1009 34
1010 32
1011 28
1012 24
1013 26
1014 21
1015 20
1016 24
1017 40
1018 44
1019 48
1020 54
1021 54
1022 56
1023 60
1024 61
1025 50
1026 50
1027 44
1028 39
1029 59
1030 59
1031 57
1032 57
1033 59
1034 50
1035 53
1036 57
1037 57
1038 56
1039 52
1040 49
1041 41
1042 36
1043 31
1044 34
1045 43
1046 40
1047 50
1048 54
1049 51
1050 53
1051 48
1052 44
1053 39
1054 40
1055 43
1056 40
1057 40
1058 49
1059 51
1060 54
1061 49
1062 49
1063 56
1064 57
1065 64
1066 74
1067 65
1068 75
1069 73
1070 55
1071 55
1072 60
1073 59
1074 58
1075 64
1076 55
1077 45
1078 57
1079 79
1080 82
1081 84
1082 76
1083 66
1084 72
1085 74
1086 62
1087 53
1088 51
1089 54
1090 47
1091 46
1092 44
1093 41
1094 53
1095 60
1096 54
1097 52
1098 49
1099 49
1100 48
1101 53
1102 52
1103 54
1104 47
1105 60
1106 62
1107 52
1108 62
1109 61
1110 74
1111 77
1112 70
1113 77
1114 61
1115 57
1116 58
1117 54
1118 56
1119 57
1120 60
1121 54
1122 51
1123 50
1124 52
1125 51
1126 51
1127 51
1128 58
1129 68
1130 74
1131 74
1132 81
1133 87
1134 106
1135 97
1136 104
1137 83
1138 78
1139 78
1140 82
1141 74
1142 86
1143 97
1144 97
1145 90
1146 94
1147 85
1148 90
1149 100
1150 99
1151 83
1152 95
1153 98
1154 93
1155 96
1156 83
1157 71
1158 81
1159 69
1160 59
1161 58
1162 64
1163 63
1164 63
1165 68
1166 73
1167 55
1168 50
1169 52
1170 42
1171 38
1172 36
1173 46
1174 57
1175 56
1176 65
1177 59
1178 56
1179 61
1180 75
1181 82
1182 70
1183 67
1184 64
1185 55
1186 50
1187 62
1188 73
1189 60
1190 65
1191 60
1192 55
1193 57
1194 48
1195 37
1196 42
1197 38
1198 37
1199 33
1200 38
1201 50
1202 49
1203 52
1204 56
1205 62
1206 61
1207 54
1208 52
1209 69
1210 70
1211 67
1212 62
1213 50
1214 44
1215 45
1216 42
1217 32
1218 32
1219 31
1220 26
1221 26
1222 24
1223 24
1224 21
1225 20
1226 30
1227 26
1228 33
1229 31
1230 28
1231 30
1232 32
1233 32
1234 30
1235 28
1236 32
1237 35
1238 36
1239 27
1240 33
1241 26
1242 24
1243 26
1244 25
1245 30
1246 27
1247 19
1248 22
1249 25
1250 23
1251 17
1252 19
1253 11
1254 17
1255 24
1256 31
1257 26
1258 32
1259 32
1260 34
1261 36
1262 29
1263 38
1264 42
1265 33
1266 31
1267 30
1268 34
1269 37
1270 49
1271 42
1272 42
1273 51
1274 52
1275 49
1276 45
1277 27
1278 24
1279 18
1280 18
1281 21
1282 19
1283 18
1284 16
1285 15
1286 22
1287 21
1288 16
1289 18
1290 15
1291 14
1292 15
1293 27
1294 18
1295 15
1296 15
1297 11
1298 11
1299 7
1300 7
1301 5
1302 4
1303 3
1304 2
1305 3
1306 2
1307 2
1308 1
1309 0
1310 0
1311 0
1312 0
1313 0
1314 0
1315 0
1316 0
1317 0
1318 0
1319 0
1320 0
1321 0
1322 0
1323 0
1324 0
1325 0
1326 0
1327 0
1328 0
1329 0
1330 0
1331 0
1332 0
1333 0
1334 0
1335 0
1336 0
1337 0
1338 0
1339 0
1340 0
1341 0
1342 0
1343 0
1344 0
1345 0
1346 0
1347 0
1348 0
1349 0
1350 0
1351 0
1352 0
1353 0
1354 0
1355 0
1356 0
1357 0
1358 0
1359 0
1360 0
1361 0
1362 0
1363 0
1364 0
1365 0
1366 0
1367 0
1368 0
1369 0
1370 0
1371 0
1372 0
1373 0
1374 0
1375 0
1376 0
1377 0
1378 0
1379 0
1380 0
1381 0
1382 0
1383 0
1384 0
1385 0
1386 0
1387 0
1388 0
1389 0
1390 0
1391 0
1392 0
1393 0
1394 0
1395 1
1396 0
1397 0
1398 0
1399 0
1400 0
1401 0
1402 0
1403 0
1404 0
1405 0
1406 1
1407 1
1408 2
1409 4
1410 5
1411 1
1412 1
1413 1
1414 0
1415 0
1416 0
1417 0
1418 0
1419 0
1420 0
1421 0
1422 0
1423 0
1424 0
1425 0
1426 0
1427 0
1428 0
1429 0
1430 0
1431 0
1432 0
1433 0
1434 0
1435 0
1436 0
1437 0
1438 0
1439 0
1440 0
1441 0
1442 0
1443 0
1444 0
1445 0
1446 0
1447 0
1448 0
1449 0
1450 0
1451 0
1452 0
1453 0
1454 0
1455 0
1456 0
1457 0
1458 0
1459 0
1460 0
1461 0
1462 0
1463 0
1464 0
1465 0
1466 0
1467 0
1468 0
1469 0
1470 0
1471 0
1472 0
1473 0
1474 0
1475 0
1476 0
1477 0
1478 0
1479 0
1480 0
1481 0
1482 0
1483 0
1484 0
1485 0
1486 0
1487 0
1488 0
1489 0
1490 0
1491 0
1492 0
1493 0
1494 0
1495 0
1496 0
1497 0
1498 0
1499 0
1500 0
1501 0
1502 0
1503 0
1504 0
1505 0
1506 0
1507 0
1508 0
1509 0
1510 0
1511 0
1512 0
1513 0
1514 0
1515 0
1516 0
1517 0
1518 0
1519 0
1520 0
1521 0
1522 0
1523 0
1524 0
1525 0
1526 0
1527 0
1528 0
1529 1
1530 2
1531 1
1532 1
1533 1
1534 0
1535 0
1536 0
1537 0
1538 0
1539 0
1540 0
1541 0
1542 0
1543 0
1544 0
1545 0
1546 0
1547 0
1548 0
1549 0
1550 0
1551 0
1552 0
1553 0
1554 0
1555 0
1556 0
1557 0
1558 0
1559 0
1560 0
1561 0
1562 0
1563 0
1564 0
1565 0
1566 0
1567 0
1568 0
1569 0
1570 0
1571 0
1572 0
1573 0
1574 0
1575 0
1576 0
1577 0
1578 0
1579 0
1580 0
1581 0
1582 0
1583 0
1584 0
1585 0
1586 0
1587 0
1588 0
1589 0
1590 0
1591 0
1592 0
1593 0
1594 0
1595 0
1596 0
1597 0
1598 0
1599 0
1600 0
1601 0
1602 0
1603 0
1604 0
1605 0
1606 0
1607 0
1608 0
1609 0
1610 0
1611 0
1612 0
1613 0
1614 0
1615 0
1616 0
1617 0
1618 0
1619 0
1620 0
1621 0
1622 0
1623 0
1624 0
1625 0
1626 0
1627 0
1628 0
1629 0
1630 0
1631 0
1632 0
1633 0
1634 0
1635 0
1636 0
1637 1
1638 1
1639 1
1640 0
1641 0
1642 0
1643 0
1644 0
1645 0
1646 0
1647 0
1648 0
1649 0
1650 0
1651 0
1652 0
1653 0
1654 0
1655 0
1656 0
1657 0
1658 0
1659 0
1660 0
1661 0
1662 0
1663 0
1664 0
1665 0
1666 0
1667 0
1668 0
1669 0
1670 0
1671 0
1672 0
1673 0
1674 0
1675 0
1676 0
1677 0
1678 0
1679 0
1680 0
1681 0
1682 0
1683 0
1684 0
1685 0
1686 0
1687 0
1688 0
1689 0
1690 0
1691 0
1692 0
1693 0
1694 0
1695 0
1696 0
1697 0
1698 0
1699 0
1700 0
1701 0
1702 0
1703 0
1704 0
1705 0
1706 0
1707 0
1708 0
1709 0
1710 0
1711 0
1712 0
1713 0
1714 0
1715 0
1716 0
1717 0
1718 0
1719 0
1720 0
1721 0
1722 0
1723 0
1724 0
1725 0
1726 0
1727 0
1728 0
1729 0
1730 0
1731 0
1732 0
1733 0
1734 0
1735 1
1736 2
1737 2
1738 4
1739 0
1740 1
1741 0
1742 0
1743 0
1744 0
1745 0
1746 0
1747 0
1748 0
1749 0
1750 0
1751 0
1752 0
1753 0
1754 0
1755 0
1756 0
1757 0
1758 0
1759 0
1760 0
1761 0
1762 0
1763 0
1764 0
1765 0
1766 0
1767 0
1768 0
1769 0
1770 0
1771 0
1772 0
1773 1
1774 1
1775 2
1776 5
1777 10
1778 10
1779 10
1780 13
1781 13
1782 9
1783 8
1784 4
1785 4
1786 3
1787 4
1788 5
1789 4
1790 1
1791 4
1792 2
1793 4
1794 3
1795 1
1796 1
1797 0
1798 0
1799 0
1800 0
1801 0
1802 0
1803 0
1804 0
1805 0
1806 0
1807 0
1808 0
1809 0
1810 0
1811 0
1812 0
1813 0
1814 0
1815 0
1816 0
1817 0
1818 0
1819 0
1820 0
1821 0
1822 0
1823 1
1824 0
1825 0
1826 0
1827 0
1828 0
1829 0
1830 0
1831 0
1832 0
1833 0
1834 0
1835 0
1836 0
1837 0
1838 0
1839 0
1840 0
1841 0
1842 0
1843 0
1844 0
1845 0
1846 0
1847 0
1848 0
1849 0
1850 0
1851 0
1852 0
1853 0
1854 0
1855 0
1856 0
1857 0
1858 0
1859 0
1860 0
1861 0
1862 0
1863 0
1864 0
1865 0
1866 0
1867 0
1868 0
1869 0
1870 0
1871 0
1872 0
1873 0
1874 0
1875 0
1876 0
1877 0
1878 0
1879 0
1880 0
1881 0
1882 0
1883 0
1884 1
1885 0
1886 0
1887 0
1888 0
1889 0
1890 0
1891 0
1892 0
1893 0
1894 0
1895 0
1896 0
1897 0
1898 0
1899 0
1900 0
1901 0
1902 0
1903 0
1904 0
1905 0
1906 0
1907 0
1908 0
1909 0
1910 0
1911 0
1912 0
1913 0
1914 0
1915 0
1916 0
1917 0
1918 0
1919 0
1920 0
1921 0
1922 1
1923 1
1924 1
1925 1
1926 1
1927 0
1928 0
1929 0
1930 0
1931 0
1932 0
1933 0
1934 0
1935 0
1936 1
1937 0
1938 0
1939 0
1940 0
1941 0
1942 0
1943 0
1944 0
1945 0
1946 0
1947 0
1948 0
1949 0
1950 0
1951 0
1952 0
1953 0
1954 0
1955 0
1956 0
1957 0
1958 0
1959 0
1960 0
1961 0
1962 0
1963 0
1964 0
1965 0
1966 0
1967 0
1968 0
1969 0
1970 0
1971 0
1972 0
1973 0
1974 0
1975 0
1976 0
1977 0
1978 0
1979 0
1980 0
1981 0
1982 0
1983 0
1984 0
1985 0
1986 0
1987 0
1988 0
1989 0
1990 0
1991 0
1992 0
1993 0
1994 0
1995 0
1996 0
1997 0
1998 0
1999 0
2000 0
2001 0
2002 0
2003 0
2004 0
2005 0
2006 0
2007 0
2008 0
2009 0
2010 0
2011 0
2012 0
2013 0
2014 0
2015 0
2016 0
2017 0
2018 0
2019 0
2020 0
2021 0
2022 0
2023 0
2024 0
2025 0
2026 0
2027 1
2028 2
2029 1
2030 1
2031 0
2032 0
2033 0
2034 0
2035 0
2036 0
2037 0
2038 0
2039 0
2040 0
2041 0
2042 0
2043 0
2044 0
2045 0
2046 0
2047 0
2048 0
2049 0
2050 0
2051 0
2052 0
2053 0
2054 0
2055 0
2056 0
2057 0
2058 0
2059 0
2060 0
2061 0
2062 0
2063 0
2064 0
2065 0
2066 0
2067 0
2068 0
2069 0
2070 0
2071 0
2072 0
2073 0
2074 0
2075 0
2076 0
2077 0
2078 0
2079 0
2080 0
2081 0
2082 0
2083 0
2084 1
2085 3
2086 1
2087 1
2088 2
2089 4
2090 5
2091 7
2092 7
2093 7
2094 5
2095 3
2096 2
2097 2
2098 0
2099 0
2100 0
2101 0
2102 0
2103 0
2104 0
2105 0
2106 0
2107 0
2108 0
2109 0
2110 0
2111 0
2112 0
2113 0
2114 0
2115 0
2116 0
2117 0
2118 0
2119 0
2120 0
2121 0
2122 0
2123 0
2124 0
2125 0
2126 0
2127 0
2128 0
2129 0
2130 0
2131 0
2132 0
2133 0
2134 0
2135 0
2136 0
2137 0
2138 0
2139 0
2140 0
2141 0
2142 0
2143 0
2144 0
2145 0
2146 0
2147 0
2148 0
2149 0
2150 0
2151 0
2152 0
2153 0
2154 0
2155 0
2156 0
2157 0
2158 0
2159 0
2160 0
2161 0
2162 0
2163 0
2164 0
2165 0
2166 0
2167 0
2168 0
2169 0
2170 0
2171 0
2172 0
2173 0
2174 0
2175 0
2176 0
2177 0
2178 0
2179 0
2180 0
2181 0
2182 0
2183 0
2184 0
2185 0
2186 0
2187 1
2188 1
2189 1
2190 1
2191 2
2192 2
2193 2
2194 2
2195 1
2196 1
2197 0
2198 0
2199 0
2200 0
2201 0
2202 0
2203 0
2204 0
2205 0
2206 1
2207 3
2208 3
2209 3
2210 0
2211 0
2212 0
2213 0
2214 0
2215 0
2216 0
2217 0
2218 0
2219 0
2220 0
2221 0
2222 0
2223 0
2224 0
2225 0
2226 0
2227 0
2228 0
2229 1
2230 2
2231 3
2232 3
2233 4
2234 7
2235 3
2236 3
2237 2
2238 1
2239 2
2240 0
2241 0
2242 0
2243 0
2244 0
2245 0
2246 0
2247 0
2248 0
2249 0
2250 0
2251 0
2252 0
2253 0
2254 0
2255 0
2256 0
2257 0
2258 0
2259 0
2260 0
2261 1
2262 1
2263 0
2264 0
2265 0
2266 0
2267 0
2268 0
2269 0
2270 0
2271 0
2272 0
2273 0
2274 0
2275 0
2276 0
2277 0
2278 0
2279 0
2280 0
2281 0
2282 0
2283 0
2284 0
2285 0
2286 0
2287 0
2288 0
2289 0
2290 1
2291 0
2292 0
2293 0
2294 0
2295 0
2296 0
2297 0
2298 0
2299 0
2300 0
2301 0
2302 0
2303 0
2304 0
2305 0
2306 0
2307 0
2308 0
2309 0
2310 0
2311 0
2312 0
2313 0
2314 0
2315 0
2316 0
2317 0
2318 0
2319 0
2320 0
2321 0
2322 0
2323 0
2324 0
2325 0
2326 0
2327 0
2328 0
2329 0
2330 0
2331 0
2332 1
2333 1
2334 1
2335 0
2336 0
2337 0
2338 0
2339 0
2340 0
2341 0
2342 0
2343 0
2344 0
2345 0
2346 0
2347 0
2348 0
2349 0
2350 0
2351 0
2352 0
2353 0
2354 0
2355 0
2356 0
2357 0
2358 0
2359 0
2360 0
2361 0
2362 0
2363 0
2364 0
2365 0
2366 0
2367 0
2368 0
2369 0
2370 0
2371 0
2372 0
2373 0
2374 0
2375 0
2376 0
2377 0
2378 0
2379 0
2380 0
2381 0
2382 0
2383 1
2384 2
2385 2
2386 1
2387 2
2388 8
2389 8
2390 8
2391 5
2392 7
2393 6
2394 8
2395 7
2396 9
2397 12
2398 12
2399 12
2400 13
2401 11
2402 14
2403 9
2404 6
2405 3
2406 4
2407 2
2408 0
2409 0
2410 0
2411 0
2412 0
2413 0
2414 0
2415 0
2416 0
2417 0
2418 0
2419 0
2420 0
2421 0
2422 0
2423 0
2424 0
2425 0
2426 0
2427 1
2428 1
2429 1
2430 1
2431 1
2432 2
2433 3
2434 2
2435 1
2436 1
2437 1
2438 0
2439 0
2440 0
2441 0
2442 0
2443 0
2444 0
2445 0
2446 0
2447 0
2448 0
2449 0
2450 0
2451 0
2452 0
2453 0
2454 0
2455 0
2456 0
2457 0
2458 0
2459 0
2460 0
2461 0
2462 0
2463 0
2464 0
2465 0
2466 0
2467 0
2468 0
2469 0
2470 0
2471 0
2472 0
2473 0
2474 0
2475 0
2476 0
2477 0
2478 0
2479 0
2480 0
2481 0
2482 0
2483 0
2484 0
2485 0
2486 0
2487 0
2488 0
2489 0
2490 0
2491 0
2492 0
2493 0
2494 0
2495 0
2496 0
2497 0
2498 0
2499 0
2500 0
2501 0
2502 0
2503 0
2504 0
2505 0
2506 0
2507 0
2508 0
2509 0
2510 0
2511 0
2512 0
2513 0
2514 0
2515 0
2516 0
2517 0
2518 0
2519 0
2520 0
2521 0
2522 0
2523 0
2524 0
2525 0
2526 0
2527 1
2528 2
2529 3
2530 2
2531 1
2532 2
2533 2
2534 2
2535 3
2536 1
2537 1
2538 0
2539 0
2540 0
2541 0
2542 0
2543 0
2544 0
2545 0
2546 0
2547 0
2548 0
2549 0
2550 0
2551 0
2552 0
2553 0
2554 0
2555 0
2556 0
2557 0
2558 0
2559 0
2560 0
2561 0
2562 0
2563 0
2564 0
2565 1
2566 2
2567 3
2568 3
2569 1
2570 2
2571 1
2572 1
2573 1
2574 1
2575 2
2576 2
2577 7
2578 6
2579 3
2580 4
2581 5
2582 5
2583 3
2584 1
2585 1
2586 1
2587 2
2588 2
2589 2
2590 3
2591 3
2592 4
2593 3
2594 1
2595 0
2596 0
2597 0
2598 0
2599 1
2600 1
2601 3
2602 3
2603 6
2604 4
2605 5
2606 8
2607 5
2608 9
2609 11
2610 8
2611 6
2612 7
2613 11
2614 8
2615 5
2616 8
2617 5
2618 3
2619 2
2620 1
2621 1
2622 3
2623 0
2624 0
2625 0
2626 0
2627 0
2628 0
2629 0
2630 0
2631 0
2632 0
2633 0
2634 0
2635 0
2636 0
2637 0
2638 0
2639 0
2640 0
2641 0
2642 0
2643 0
2644 0
2645 0
2646 0
2647 0
2648 0
2649 0
2650 0
2651 0
2652 0
2653 0
2654 0
2655 0
2656 0
2657 0
2658 0
2659 0
2660 0
2661 0
2662 0
2663 0
2664 0
2665 0
2666 0
2667 0
2668 0
2669 0
2670 0
2671 0
2672 0
2673 0
2674 0
2675 0
2676 0
2677 0
2678 0
2679 0
2680 0
2681 0
2682 0
2683 0
2684 0
2685 0
2686 0
2687 0
2688 0
2689 0
2690 0
2691 0
2692 0
2693 0
2694 0
2695 0
2696 0
2697 0
2698 0
2699 0
2700 0
2701 0
2702 0
2703 0
2704 0
2705 0
2706 0
2707 0
2708 0
2709 0
2710 0
2711 0
2712 0
2713 0
2714 0
2715 0
2716 0
2717 0
2718 0
2719 0
2720 0
2721 0
2722 0
2723 0
2724 0
2725 0
2726 0
2727 0
2728 0
2729 0
2730 0
2731 0
2732 0
2733 0
2734 0
2735 0
2736 0
2737 0
2738 0
2739 0
2740 0
2741 0
2742 0
2743 0
2744 0
2745 0
2746 0
2747 0
2748 0
2749 0
2750 0
2751 0
2752 0
2753 0
2754 0
2755 0
2756 0
2757 0
2758 0
2759 0
2760 0
2761 0
2762 0
2763 0
2764 0
2765 0
2766 0
2767 0
2768 0
2769 0
2770 0
2771 0
2772 0
2773 0
2774 0
2775 0
2776 0
2777 0
2778 0
2779 0
2780 0
2781 0
2782 0
2783 0
2784 0
2785 0
2786 0
2787 0
2788 0
2789 0
2790 0
2791 0
2792 0
2793 0
2794 0
2795 0
2796 0
2797 0
2798 0
2799 0
2800 0
2801 0
2802 0
2803 0
2804 0
2805 0
2806 0
2807 0
2808 0
2809 0
2810 0
2811 0
2812 0
2813 0
2814 0
2815 0
2816 0
2817 0
2818 0
2819 0
2820 0
2821 0
2822 0
2823 0
2824 0
2825 0
2826 0
2827 0
2828 0
2829 0
2830 0
2831 0
2832 0
2833 0
2834 0
2835 0
2836 0
2837 0
2838 0
2839 0
2840 0
2841 0
2842 0
2843 0
2844 0
2845 0
2846 0
2847 0
2848 0
2849 0
2850 0
2851 0
2852 0
2853 0
2854 0
2855 0
2856 0
2857 0
2858 0
2859 0
2860 0
2861 0
2862 0
2863 0
2864 0
2865 0
2866 0
2867 0
2868 0
2869 0
2870 0
2871 0
2872 0
2873 0
2874 0
2875 0
2876 0
2877 0
2878 0
2879 0
2880 0
2881 0
2882 0
2883 0
2884 0
2885 0
2886 0
2887 0
2888 0
2889 0
2890 0
2891 0
2892 0
2893 0
2894 0
2895 0
2896 0
2897 0
2898 0
2899 0
2900 0
2901 0
2902 0
2903 0
2904 0
2905 0
2906 0
2907 0
2908 0
2909 1
2910 2
2911 2
2912 2
2913 2
2914 3
2915 3
2916 3
2917 2
2918 1
2919 0
2920 0
2921 0
2922 0
2923 0
2924 0
2925 0
2926 0
2927 1
2928 0
2929 0
2930 0
2931 0
2932 0
2933 0
2934 0
2935 0
2936 0
2937 0
2938 0
2939 0
2940 0
2941 0
2942 0
2943 0
2944 0
2945 0
2946 0
2947 0
2948 0
2949 0
2950 0
2951 0
2952 0
2953 0
2954 0
2955 0
2956 1
2957 1
2958 1
2959 1
2960 1
2961 0
2962 0
2963 0
2964 0
2965 0
2966 0
2967 0
2968 0
2969 0
2970 0
2971 0
2972 0
2973 0
2974 0
2975 0
2976 0
2977 0
2978 0
2979 0
2980 1
2981 2
2982 1
2983 1
2984 0
2985 0
2986 0
2987 0
2988 0
2989 0
2990 0
2991 0
2992 0
2993 0
2994 0
2995 0
2996 0
2997 0
2998 0
2999 0
3000 0
3001 0
3002 0
3003 0
3004 0
3005 0
3006 0
3007 0
3008 0
3009 0
3010 0
3011 0
3012 0
3013 0
3014 0
3015 0
3016 1
3017 0
3018 0
3019 0
3020 0
3021 0
3022 0
3023 0
3024 0
3025 0
3026 0
3027 0
3028 0
3029 0
3030 0
3031 0
3032 0
3033 0
3034 0
3035 0
3036 0
3037 0
3038 0
3039 0
3040 0
3041 0
3042 0
3043 0
3044 0
3045 0
3046 0
3047 0
3048 0
3049 0
3050 0
3051 0
3052 0
3053 0
3054 0
3055 0
3056 0
3057 0
3058 0
3059 0
3060 0
3061 0
3062 0
3063 0
3064 0
3065 0
3066 0
3067 0
3068 0
3069 1
3070 0
3071 0
3072 0
3073 0
3074 0
3075 0
3076 0
3077 0
3078 0
3079 0
3080 0
3081 0
3082 0
3083 0
3084 0
3085 0
3086 0
3087 0
3088 0
3089 0
3090 0
3091 0
3092 0
3093 0
3094 0
3095 0
3096 0
3097 0
3098 0
3099 0
3100 0
3101 0
3102 0
3103 0
3104 0
3105 0
3106 0
3107 0
3108 0
3109 0
3110 0
3111 0
3112 0
3113 0
3114 0
3115 0
3116 0
3117 1
3118 1
3119 3
3120 4
3121 3
3122 2
3123 0
3124 0
3125 0
3126 0
3127 0
3128 1
3129 1
3130 1
3131 2
3132 2
3133 1
3134 1
3135 1
3136 1
3137 2
3138 2
3139 1
3140 2
3141 2
3142 2
3143 2
3144 0
3145 1
3146 0
3147 0
3148 0
3149 0
3150 0
3151 0
3152 0
3153 0
3154 0
3155 0
3156 0
3157 0
3158 0
3159 0
3160 0
3161 0
3162 0
3163 0
3164 0
3165 0
3166 0
3167 0
3168 0
3169 0
3170 0
3171 0
3172 0
3173 0
3174 0
3175 0
3176 0
3177 0
3178 0
3179 0
3180 0
3181 0
3182 0
3183 0
3184 0
3185 0
3186 0
3187 0
3188 0
3189 0
3190 0
3191 0
3192 0
3193 0
3194 0
3195 0
3196 0
3197 0
3198 0
3199 0
3200 0
3201 0
3202 0
3203 0
3204 0
3205 0
3206 0
3207 0
3208 0
3209 1
3210 0
3211 0
3212 0
3213 0
3214 0
3215 0
3216 0
3217 0
3218 0
3219 0
3220 0
3221 0
3222 0
3223 0
3224 0
3225 0
3226 0
3227 0
3228 0
3229 0
3230 0
3231 0
3232 0
3233 0
3234 0
3235 0
3236 0
3237 0
3238 0
3239 0
3240 0
3241 0
3242 0
3243 0
3244 0
3245 0
3246 0
3247 0
3248 0
3249 0
3250 0
3251 0
3252 0
3253 0
3254 0
3255 0
3256 0
3257 0
3258 0
3259 0
3260 0
3261 0
3262 0
3263 1
3264 1
3265 0
3266 0
3267 0
3268 0
3269 1
3270 1
3271 1
3272 2
3273 2
3274 1
3275 0
3276 0
3277 0
3278 1
3279 2
3280 4
3281 3
3282 1
3283 1
3284 3
3285 1
3286 1
3287 1
3288 1
3289 0
3290 0
3291 0
3292 0
3293 0
3294 0
3295 0
3296 0
3297 0
3298 0
3299 0
3300 0
3301 0
3302 0
3303 0
3304 0
3305 0
3306 0
3307 0
3308 0
3309 0
3310 0
3311 0
3312 0
3313 0
3314 0
3315 0
3316 0
3317 0
3318 0
3319 0
3320 0
3321 0
3322 0
3323 0
3324 0
3325 0
3326 0
3327 0
3328 0
3329 0
3330 0
3331 0
3332 0
3333 0
3334 0
3335 0
3336 0
3337 0
3338 0
3339 0
3340 0
3341 0
3342 0
3343 0
3344 0
3345 0
3346 0
3347 0
3348 0
3349 0
3350 0
3351 0
3352 0
3353 0
3354 0
3355 0
3356 0
3357 0
3358 0
3359 0
3360 0
3361 0
3362 0
3363 0
3364 0
3365 0
3366 0
3367 0
3368 0
3369 0
3370 0
3371 0
3372 0
3373 0
3374 0
3375 0
3376 0
3377 0
3378 0
3379 0
3380 0
3381 0
3382 0
3383 0
3384 0
3385 0
3386 0
3387 0
3388 0
3389 0
3390 0
3391 0
3392 0
3393 0
3394 0
3395 1
3396 2
3397 0
3398 0
3399 0
3400 0
3401 0
3402 0
3403 0
3404 0
3405 0
3406 0
3407 0
3408 0
3409 0
3410 0
3411 0
3412 0
3413 0
3414 0
3415 0
3416 0
3417 0
3418 0
3419 0
3420 0
3421 2
3422 2
3423 2
3424 4
3425 3
3426 2
3427 3
3428 4
3429 5
3430 3
3431 7
3432 6
3433 7
3434 1
3435 1
3436 0
3437 0
3438 0
3439 0
3440 0
3441 0
3442 0
3443 0
3444 1
3445 1
3446 1
3447 0
3448 0
3449 0
3450 0
3451 0
3452 0
3453 0
3454 0
3455 0
3456 0
3457 0
3458 0
3459 0
3460 0
3461 0
3462 0
3463 1
3464 3
3465 1
3466 0
3467 0
3468 0
3469 0
3470 0
3471 0
3472 0
3473 0
3474 0
3475 0
3476 0
3477 0
3478 0
3479 0
3480 0
3481 0
3482 0
3483 0
3484 0
3485 0
3486 0
3487 0
3488 0
3489 0
3490 0
3491 0
3492 0
3493 0
3494 1
3495 3
3496 3
3497 1
3498 0
3499 0
3500 0
3501 0
3502 0
3503 0
3504 0
3505 0
3506 0
3507 0
3508 0
3509 0
3510 0
3511 0
3512 0
3513 0
3514 0
3515 0
3516 0
3517 0
3518 0
3519 0
3520 0
3521 0
3522 0
3523 0
3524 0
3525 0
3526 1
3527 1
3528 0
3529 0
3530 0
3531 0
3532 0
3533 0
3534 0
3535 0
3536 0
3537 0
3538 0
3539 0
3540 0
3541 0
3542 0
3543 0
3544 0
3545 0
3546 0
3547 0
3548 0
3549 0
3550 0
3551 0
3552 0
3553 0
3554 0
3555 0
3556 0
3557 0
3558 0
3559 0
3560 0
3561 0
3562 0
3563 0
3564 0
3565 0
3566 0
3567 0
3568 0
3569 0
3570 0
3571 0
3572 0
3573 0
3574 0
3575 0
3576 0
3577 0
3578 0
3579 0
3580 0
3581 0
3582 0
3583 0
3584 0
3585 0
3586 0
3587 0
3588 0
3589 0
3590 0
3591 0
3592 0
3593 0
3594 0
3595 0
3596 0
3597 1
3598 1
3599 2
3600 2
3601 3
3602 1
3603 0
3604 0
3605 0
3606 0
3607 0
3608 0
3609 0
3610 0
3611 0
3612 0
3613 0
3614 0
3615 0
3616 0
3617 0
3618 1
3619 1
3620 2
3621 3
3622 3
3623 4
3624 7
3625 8
3626 11
3627 10
3628 11
3629 16
3630 16
3631 24
3632 22
3633 23
3634 19
3635 15
3636 12
3637 14
3638 15
3639 16
3640 10
3641 10
3642 15
3643 15
3644 12
3645 14
3646 7
3647 11
3648 10
3649 16
3650 14
3651 19
3652 24
3653 25
3654 33
3655 33
3656 46
3657 46
3658 48
3659 43
3660 51
3661 47
3662 44
3663 40
3664 47
3665 40
3666 49
3667 46
3668 41
3669 46
3670 47
3671 50
3672 47
3673 44
3674 31
3675 27
3676 16
3677 25
3678 25
3679 26
3680 22
3681 24
3682 16
3683 22
3684 18
3685 18
3686 21
3687 18
3688 10
3689 8
3690 9
3691 16
3692 15
3693 15
3694 12
3695 10
3696 12
3697 14
3698 12
3699 16
3700 11
3701 8
3702 6
3703 6
3704 6
3705 4
3706 3
3707 2
3708 1
3709 2
3710 3
3711 2
3712 1
3713 0
3714 0
3715 0
3716 0
3717 0
3718 0
3719 0
3720 0
3721 0
3722 0
3723 0
3724 0
3725 0
3726 0
3727 0
3728 0
3729 0
3730 0
3731 0
3732 0
3733 0
3734 0
3735 0
3736 0
3737 0
3738 0
3739 0
3740 0
3741 0
3742 0
3743 0
3744 0
3745 0
3746 0
3747 0
3748 0
3749 0
3750 0
3751 0
3752 0
3753 0
3754 0
3755 0
3756 0
3757 0
3758 0
3759 0
3760 0
3761 0
3762 0
3763 0
3764 0
3765 0
3766 0
3767 0
3768 0
3769 0
3770 0
3771 0
3772 0
3773 0
3774 0
3775 0
3776 0
3777 0
3778 0
3779 0
3780 0
3781 0
3782 0
3783 0
3784 0
3785 0
3786 0
3787 0
3788 0
3789 0
3790 0
3791 0
3792 0
3793 0
3794 0
3795 0
3796 0
3797 0
3798 0
3799 0
3800 0
3801 0
3802 0
3803 0
3804 0
3805 0
3806 0
3807 0
3808 0
3809 0
3810 0
3811 0
3812 0
3813 0
3814 0
3815 0
3816 0
3817 0
3818 0
3819 0
3820 0
3821 0
3822 0
3823 0
3824 0
3825 0
3826 0
3827 0
3828 0
3829 0
3830 0
3831 0
3832 0
3833 0
3834 0
3835 0
3836 0
3837 0
3838 0
3839 0
3840 0
3841 0
3842 0
3843 0
3844 0
3845 0
3846 0
3847 0
3848 0
3849 0
3850 0
3851 0
3852 0
3853 0
3854 0
3855 0
3856 0
3857 0
3858 0
3859 0
3860 0
3861 0
3862 0
3863 0
3864 0
3865 0
3866 0
3867 0
3868 0
3869 0
3870 0
3871 0
3872 0
3873 1
3874 0
3875 0
3876 0
3877 0
3878 0
3879 0
3880 0
3881 0
3882 0
3883 0
3884 0
3885 0
3886 0
3887 0
3888 0
3889 0
3890 0
3891 0
3892 0
3893 0
3894 0
3895 0
3896 0
3897 0
3898 0
3899 0
3900 0
3901 0
3902 0
3903 0
3904 0
3905 0
3906 0
3907 0
3908 1
3909 0
3910 0
3911 0
3912 0
3913 0
3914 0
3915 0
3916 0
3917 0
3918 0
3919 0
3920 0
3921 0
3922 0
3923 0
3924 0
3925 0
3926 0
3927 0
3928 0
3929 0
3930 0
3931 0
3932 0
3933 0
3934 0
3935 0
3936 0
3937 0
3938 0
3939 0
3940 0
3941 0
3942 0
3943 0
3944 0
3945 0
3946 0
3947 0
3948 0
3949 0
3950 0
3951 0
3952 0
3953 0
3954 0
3955 0
3956 0
3957 0
3958 0
3959 0
3960 0
3961 0
3962 0
3963 0
3964 0
3965 0
3966 0
3967 0
3968 0
3969 0
3970 0
3971 0
3972 0
3973 0
3974 0
3975 0
3976 0
3977 0
3978 0
3979 0
3980 0
3981 0
3982 0
3983 0
3984 0
3985 0
3986 0
3987 0
3988 0
3989 0
3990 0
3991 0
3992 0
3993 0
3994 0
3995 0
3996 0
3997 0
3998 0
3999 0
4000 0
4001 0
4002 0
4003 0
4004 0
4005 0
4006 0
4007 0
4008 0
4009 0
4010 0
4011 0
4012 0
4013 0
4014 0
4015 0
4016 0
4017 0
4018 0
4019 0
4020 0
4021 0
4022 0
4023 1
4024 1
4025 1
4026 1
4027 0
4028 0
4029 0
4030 0
4031 0
4032 1
4033 3
4034 1
4035 0
4036 0
4037 1
4038 2
4039 3
4040 8
4041 4
4042 5
4043 8
4044 5
4045 3
4046 7
4047 9
4048 13
4049 14
4050 15
4051 16
4052 19
4053 15
4054 15
4055 10
4056 9
4057 11
4058 15
4059 17
4060 16
4061 13
4062 14
4063 17
4064 19
4065 12
4066 17
4067 9
4068 7
4069 8
4070 15
4071 14
4072 15
4073 12
4074 12
4075 15
4076 6
4077 11
4078 7
4079 6
4080 4
4081 5
4082 4
4083 5
4084 6
4085 3
4086 1
4087 0
4088 0
4089 0
4090 0
4091 0
4092 0
4093 0
4094 0
4095 0
4096 0
4097 0
4098 0
4099 0
4100 0
4101 0
4102 0
4103 0
4104 0
4105 0
4106 0
4107 0
4108 0
4109 0
4110 0
4111 0
4112 0
4113 0
4114 0
4115 0
4116 0
4117 0
4118 0
4119 0
4120 0
4121 0
4122 0
4123 0
4124 0
4125 0
4126 0
4127 0
4128 0
4129 0
4130 0
4131 0
4132 0
4133 0
4134 0
4135 0
4136 0
4137 0
4138 0
4139 0
4140 0
4141 0
4142 0
4143 0
4144 0
4145 0
4146 0
4147 0
4148 0
4149 0
4150 0
4151 0
4152 0
4153 0
4154 0
4155 0
4156 0
4157 0
4158 0
4159 0
4160 0
4161 0
4162 0
4163 0
4164 0
4165 0
4166 0
4167 0
4168 0
4169 0
4170 0
4171 0
4172 0
4173 0
4174 0
4175 0
4176 0
4177 0
4178 0
4179 0
4180 0
4181 0
4182 0
4183 0
4184 0
4185 0
4186 0
4187 0
4188 0
4189 0
4190 0
4191 0
4192 0
4193 0
4194 0
4195 0
4196 0
4197 0
4198 0
4199 0
4200 0
4201 0
4202 0
4203 0
4204 0
4205 0
4206 0
4207 0
4208 0
4209 0
4210 0
4211 0
4212 0
4213 0
4214 0
4215 0
4216 0
4217 0
4218 0
4219 0
4220 0
4221 0
4222 0
4223 0
4224 0
4225 0
4226 0
4227 0
4228 1
4229 0
4230 0
4231 0
4232 0
4233 0
4234 0
4235 0
4236 0
4237 0
4238 0
4239 0
4240 0
4241 0
4242 0
4243 0
4244 0
4245 0
4246 0
4247 1
4248 0
4249 0
4250 0
4251 0
4252 0
4253 0
4254 0
4255 0
4256 0
4257 0
4258 0
4259 0
4260 0
4261 0
4262 0
4263 0
4264 0
4265 0
4266 0
4267 0
4268 0
4269 0
4270 0
4271 0
4272 0
4273 0
4274 0
4275 0
4276 0
4277 0
4278 0
4279 0
4280 0
4281 0
4282 0
4283 0
4284 0
4285 0
4286 0
4287 0
4288 0
4289 1
4290 2
4291 0
4292 0
4293 0
4294 0
4295 0
4296 0
4297 0
4298 0
4299 0
4300 0
4301 0
4302 0
4303 0
4304 0
4305 0
4306 0
4307 0
4308 0
4309 0
4310 0
4311 0
4312 0
4313 0
4314 0
4315 0
4316 0
4317 0
4318 0
4319 0
4320 0
4321 0
4322 0
4323 0
4324 0
4325 0
4326 0
4327 0
4328 0
4329 0
4330 0
4331 0
4332 0
4333 0
4334 0
4335 0
4336 0
4337 0
4338 0
4339 0
4340 0
4341 0
4342 0
4343 0
4344 0
4345 0
4346 0
4347 0
4348 0
4349 0
4350 0
4351 0
4352 0
4353 0
4354 0
4355 0
4356 0
4357 0
4358 0
4359 0
4360 0
4361 0
4362 0
4363 0
4364 0
4365 0
4366 0
4367 0
4368 0
4369 0
4370 0
4371 0
4372 0
4373 0
4374 0
4375 0
4376 0
4377 0
4378 0
4379 0
4380 0
4381 0
4382 0
4383 0
4384 0
4385 0
4386 0
4387 0
4388 0
4389 0
4390 0
4391 0
4392 0
4393 0
4394 0
4395 0
4396 0
4397 0
4398 0
4399 0
4400 0
4401 0
4402 0
4403 0
4404 0
4405 0
4406 0
4407 0
4408 0
4409 0
4410 0
4411 0
4412 0
4413 0
4414 0
4415 0
4416 0
4417 0
4418 0
4419 0
4420 0
4421 0
4422 0
4423 0
4424 0
4425 0
4426 0
4427 0
4428 0
4429 0
4430 0
4431 0
4432 0
4433 0
4434 0
4435 0
4436 0
4437 0
4438 0
4439 0
4440 0
4441 0
4442 0
4443 0
4444 0
4445 0
4446 0
4447 0
4448 0
4449 0
4450 0
4451 0
4452 1
4453 1
4454 0
4455 0
4456 0
4457 0
4458 0
4459 0
4460 0
4461 0
4462 0
4463 0
4464 0
4465 0
4466 0
4467 0
4468 0
4469 0
4470 0
4471 0
4472 0
4473 0
4474 0
4475 0
4476 0
4477 0
4478 0
4479 0
4480 0
4481 0
4482 0
4483 0
4484 0
4485 0
4486 0
4487 0
4488 0
4489 0
4490 0
4491 0
4492 0
4493 0
4494 0
4495 0
4496 0
4497 0
4498 0
4499 0
4500 0
4501 0
4502 0
4503 0
4504 0
4505 0
4506 0
4507 0
4508 0
4509 0
4510 0
4511 0
4512 0
4513 0
4514 0
4515 0
4516 0
4517 0
4518 0
4519 0
4520 0
4521 0
4522 0
4523 0
4524 0
4525 0
4526 0
4527 0
4528 0
4529 0
4530 0
4531 0
4532 0
4533 0
4534 0
4535 0
4536 0
4537 0
4538 0
4539 0
4540 0
4541 0
4542 0
4543 0
4544 0
4545 0
4546 0
4547 0
4548 0
4549 0
4550 0
4551 0
4552 0
4553 0
4554 0
4555 0
4556 0
4557 0
4558 0
4559 0
4560 0
4561 0
4562 0
4563 0
4564 0
4565 0
4566 0
4567 0
4568 0
4569 0
4570 0
4571 0
4572 0
4573 0
4574 0
4575 0
4576 0
4577 0
4578 0
4579 0
4580 0
4581 0
4582 0
4583 0
4584 0
4585 0
4586 0
4587 0
4588 0
4589 0
4590 0
4591 0
4592 0
4593 0
4594 0
4595 0
4596 0
4597 0
4598 0
4599 0
4600 0
4601 0
4602 0
4603 0
4604 0
4605 0
4606 0
4607 0
4608 0
4609 0
4610 0
4611 0
4612 0
4613 0
4614 0
4615 0
4616 0
4617 0
4618 0
4619 0
4620 0
4621 0
4622 0
4623 0
4624 0
4625 0
4626 0
4627 0
4628 0
4629 0
4630 0
4631 0
4632 0
4633 0
4634 0
4635 0
4636 0
4637 1
4638 1
4639 1
4640 0
4641 0
4642 0
4643 0
4644 0
4645 0
4646 0
4647 0
4648 0
4649 0
4650 0
4651 0
4652 0
4653 1
4654 0
4655 0
4656 0
4657 0
4658 0
4659 0
4660 0
4661 0
4662 0
4663 0
4664 0
4665 0
4666 0
4667 0
4668 0
4669 0
4670 0
4671 0
4672 0
4673 0
4674 0
4675 0
4676 0
4677 0
4678 0
4679 0
4680 0
4681 0
4682 0
4683 0
4684 0
4685 0
4686 0
4687 0
4688 0
4689 0
4690 0
4691 0
4692 0
4693 0
4694 0
4695 0
4696 0
4697 0
4698 0
4699 0
4700 0
4701 0
4702 0
4703 0
4704 0
4705 0
4706 0
4707 0
4708 0
4709 0
4710 0
4711 0
4712 0
4713 0
4714 0
4715 0
4716 0
4717 0
4718 0
4719 0
4720 0
4721 0
4722 0
4723 0
4724 0
4725 0
4726 0
4727 0
4728 0
4729 0
4730 0
4731 0
4732 0
4733 0
4734 0
4735 0
4736 0
4737 0
4738 0
4739 0
4740 0
4741 0
4742 0
4743 0
4744 0
4745 0
4746 0
4747 0
4748 0
4749 0
4750 0
4751 0
4752 0
4753 0
4754 0
4755 0
4756 0
4757 0
4758 0
4759 0
4760 0
4761 0
4762 0
4763 0
4764 0
4765 0
4766 0
4767 0
4768 0
4769 0
4770 0
4771 0
4772 0
4773 0
4774 0
4775 0
4776 0
4777 0
4778 0
4779 0
4780 0
4781 0
4782 0
4783 0
4784 0
4785 0
4786 0
4787 0
4788 0
4789 0
4790 0
4791 0
4792 0
4793 0
4794 0
4795 0
4796 0
4797 0
4798 0
4799 0
4800 0
4801 0
4802 0
4803 0
4804 0
4805 0
4806 0
4807 0
4808 0
4809 0
4810 0
4811 0
4812 0
4813 0
4814 0
4815 0
4816 0
4817 0
4818 0
4819 0
4820 0
4821 0
4822 0
4823 0
4824 0
4825 0
4826 0
4827 0
4828 0
4829 0
4830 0
4831 0
4832 0
4833 0
4834 0
4835 0
4836 0
4837 0
4838 0
4839 0
4840 0
4841 0
4842 0
4843 0
4844 0
4845 0
4846 0
4847 0
4848 0
4849 0
4850 0
4851 0
4852 0
4853 0
4854 0
4855 0
4856 0
4857 0
4858 0
4859 0
4860 0
4861 0
4862 0
4863 0
4864 0
4865 0
4866 0
4867 0
4868 0
4869 0
4870 0
4871 0
4872 0
4873 0
4874 0
4875 0
4876 0
4877 1
4878 0
4879 0
4880 0
4881 0
4882 0
4883 0
4884 0
4885 0
4886 0
4887 0
4888 0
4889 0
4890 0
4891 0
4892 0
4893 0
4894 0
4895 0
4896 0
4897 0
4898 0
4899 0
4900 0
4901 0
4902 0
4903 0
4904 0
4905 0
4906 0
4907 0
4908 0
4909 0
4910 0
4911 0
4912 0
4913 0
4914 0
4915 0
4916 0
4917 0
4918 0
4919 0
4920 0
4921 0
4922 0
4923 0
4924 0
4925 0
4926 0
4927 0
4928 0
4929 0
4930 0
4931 0
4932 0
4933 0
4934 0
4935 0
4936 0
4937 0
4938 0
4939 0
4940 0
4941 0
4942 0
4943 0
4944 0
4945 0
4946 0
4947 0
4948 0
4949 0
4950 0
4951 0
4952 0
4953 0
4954 0
4955 0
4956 0
4957 0
4958 0
4959 0
4960 0
4961 0
4962 0
4963 0
4964 0
4965 0
4966 0
4967 0
4968 0
4969 0
4970 0
4971 0
4972 0
4973 0
4974 0
4975 0
4976 0
4977 0
4978 0
4979 0
4980 0
4981 0
4982 0
4983 0
4984 0
4985 0
4986 0
4987 0
4988 0
4989 0
4990 0
4991 0
4992 0
4993 0
4994 0
4995 0
4996 0
4997 0
4998 0
4999 0
5000 0
5001 0
5002 0
5003 0
5004 0
5005 0
5006 0
5007 0
5008 0
5009 0
5010 0
5011 0
5012 0
5013 0
5014 0
5015 0
5016 0
5017 0
5018 0
5019 0
5020 0
5021 0
5022 0
5023 0
5024 0
5025 0
5026 0
5027 0
5028 0
5029 0
5030 0
5031 0
5032 0
5033 0
5034 0
5035 0
5036 1
5037 2
5038 2
5039 2
5040 4
5041 3
5042 4
5043 4
5044 5
5045 6
5046 8
5047 10
5048 12
5049 13
5050 13
5051 9
5052 11
5053 12
5054 10
5055 10
5056 5
5057 3
5058 3
5059 3
5060 3
5061 2
5062 0
5063 0
5064 0
5065 0
5066 0
5067 0
5068 0
5069 0
5070 0
5071 0
5072 0
5073 0
5074 0
5075 0
5076 0
5077 0
5078 0
5079 0
5080 0
5081 0
5082 0
5083 0
5084 0
5085 0
5086 0
5087 0
5088 0
5089 0
5090 0
5091 0
5092 0
5093 0
5094 0
5095 0
5096 0
5097 1
5098 2
5099 4
5100 7
5101 6
5102 7
5103 5
5104 6
5105 4
5106 2
5107 3
5108 3
5109 3
5110 2
5111 3
5112 3
5113 4
5114 5
5115 2
5116 0
5117 0
5118 0
5119 0
5120 0
5121 0
5122 0
5123 0
5124 0
5125 0
5126 0
5127 0
5128 0
5129 0
5130 0
5131 0
5132 0
5133 0
5134 0
5135 0
5136 0
5137 0
5138 0
5139 0
5140 0
5141 0
5142 0
5143 0
5144 0
5145 0
5146 0
5147 0
5148 0
5149 0
5150 0
5151 0
5152 0
5153 0
5154 0
5155 0
5156 0
5157 0
5158 0
5159 0
5160 0
5161 0
5162 0
5163 0
5164 0
5165 0
5166 0
5167 0
5168 0
5169 0
5170 0
5171 0
5172 0
5173 0
5174 0
5175 0
5176 0
5177 0
5178 0
5179 0
5180 0
5181 0
5182 0
5183 0
5184 0
5185 1
5186 1
5187 1
5188 0
5189 0
5190 0
5191 1
5192 1
5193 1
5194 1
5195 3
5196 6
5197 7
5198 6
5199 10
5200 12
5201 16
5202 17
5203 17
5204 21
5205 16
5206 12
5207 10
5208 7
5209 5
5210 5
5211 7
5212 5
5213 6
5214 7
5215 9
5216 11
5217 15
5218 20
5219 16
5220 14
5221 18
5222 14
5223 11
5224 13
5225 20
5226 24
5227 29
5228 23
5229 22
5230 22
5231 27
5232 33
5233 30
5234 36
5235 29
5236 38
5237 36
5238 38
5239 38
5240 36
5241 27
5242 27
5243 35
5244 41
5245 46
5246 46
5247 50
5248 47
5249 56
5250 44
5251 42
5252 38
5253 29
5254 20
5255 25
5256 20
5257 21
5258 24
5259 25
5260 35
5261 39
5262 44
5263 39
5264 43
5265 50
5266 50
5267 48
5268 50
5269 45
5270 57
5271 50
5272 45
5273 56
5274 63
5275 57
5276 47
5277 44
5278 36
5279 32
5280 36
5281 39
5282 44
5283 48
5284 42
5285 50
5286 44
5287 48
5288 48
5289 47
5290 45
5291 33
5292 33
5293 41
5294 41
5295 41
5296 38
5297 53
5298 46
5299 34
5300 40
5301 40
5302 47
5303 42
5304 39
5305 35
5306 32
5307 27
5308 31
5309 28
5310 25
5311 24
5312 25
5313 21
5314 23
5315 25
5316 20
5317 22
5318 23
5319 19
5320 19
5321 9
5322 5
5323 2
5324 2
5325 3
5326 3
5327 4
5328 4
5329 3
5330 4
5331 3
5332 4
5333 4
5334 4
5335 4
5336 4
5337 4
5338 7
5339 4
5340 1
5341 1
5342 1
5343 2
5344 2
5345 1
5346 1
5347 0
5348 0
5349 0
5350 0
5351 0
5352 0
5353 0
5354 0
5355 0
5356 0
5357 0
5358 0
5359 0
5360 0
5361 0
5362 0
5363 0
5364 0
5365 0
5366 0
5367 0
5368 0
5369 0
5370 0
5371 0
5372 0
5373 0
5374 0
5375 0
5376 0
5377 0
5378 0
5379 0
5380 0
5381 0
5382 0
5383 0
5384 0
5385 0
5386 0
5387 0
5388 0
5389 0
5390 0
5391 0
5392 0
5393 0
5394 0
5395 0
5396 0
5397 0
5398 0
5399 0
5400 0
5401 0
5402 0
5403 0
5404 0
5405 0
5406 0
5407 0
5408 0
5409 0
5410 0
5411 0
5412 0
5413 0
5414 0
5415 0
5416 0
5417 0
5418 0
5419 0
5420 0
5421 0
5422 0
5423 0
5424 0
5425 0
5426 0
5427 0
5428 0
5429 0
5430 0
5431 0
5432 0
5433 0
5434 0
5435 0
5436 0
5437 0
5438 0
5439 0
5440 0
5441 0
5442 0
5443 0
5444 0
5445 0
5446 0
5447 0
5448 0
5449 0
5450 0
5451 0
5452 0
5453 0
5454 0
5455 0
5456 0
5457 0
5458 0
5459 0
5460 0
5461 0
5462 0
5463 0
5464 0
5465 0
5466 0
5467 0
5468 0
5469 0
5470 0
5471 0
5472 0
5473 0
5474 0
5475 0
5476 0
5477 0
5478 0
5479 0
5480 0
5481 0
5482 0
5483 0
5484 0
5485 0
5486 1
5487 1
5488 0
5489 0
5490 0
5491 0
5492 0
5493 0
5494 0
5495 0
5496 0
5497 0
5498 0
5499 1
5500 1
5501 1
5502 0
5503 0
5504 0
5505 0
5506 0
5507 0
5508 0
5509 0
5510 0
5511 0
5512 0
5513 0
5514 0
5515 0
5516 0
5517 0
5518 0
5519 0
5520 0
5521 0
5522 0
5523 0
5524 0
5525 0
5526 0
5527 0
5528 0
5529 0
5530 0
5531 0
5532 0
5533 0
5534 0
5535 0
5536 0
5537 0
5538 0
5539 0
5540 0
5541 0
5542 0
5543 0
5544 0
5545 0
5546 0
5547 0
5548 0
5549 0
5550 0
5551 0
5552 0
5553 0
5554 0
5555 0
5556 1
5557 0
5558 0
5559 0
5560 0
5561 0
5562 0
5563 1
5564 1
5565 0
5566 0
5567 0
5568 0
5569 0
5570 0
5571 0
5572 0
5573 0
5574 0
5575 0
5576 0
5577 0
5578 0
5579 0
5580 0
5581 0
5582 0
5583 0
5584 0
5585 0
5586 0
5587 0
5588 0
5589 0
5590 0
5591 0
5592 0
5593 0
5594 0
5595 0
5596 0
5597 0
5598 0
5599 0
5600 0
5601 0
5602 0
5603 0
5604 0
5605 0
5606 0
5607 0
5608 0
5609 0
5610 0
5611 0
5612 0
5613 0
5614 0
5615 0
5616 0
5617 0
5618 0
5619 0
5620 0
5621 0
5622 0
5623 0
5624 0
5625 0
5626 0
5627 0
5628 0
5629 0
5630 0
5631 0
5632 0
5633 0
5634 0
5635 0
5636 0
5637 0
5638 0
5639 0
5640 0
5641 0
5642 0
5643 0
5644 0
5645 0
5646 0
5647 0
5648 0
5649 0
5650 0
5651 0
5652 0
5653 0
5654 0
5655 0
5656 0
5657 0
5658 0
5659 0
5660 0
5661 0
5662 0
5663 0
5664 0
5665 0
5666 0
5667 0
5668 0
5669 0
5670 0
5671 0
5672 0
5673 0
5674 0
5675 0
5676 0
5677 0
5678 0
5679 0
5680 0
5681 0
5682 0
5683 0
5684 0
5685 0
5686 0
5687 0
5688 0
5689 0
5690 0
5691 0
5692 1
5693 0
5694 0
5695 0
5696 0
5697 0
5698 0
5699 0
5700 0
5701 0
5702 1
5703 1
5704 1
5705 0
5706 0
5707 0
5708 0
5709 0
5710 0
5711 0
5712 0
5713 0
5714 0
5715 0
5716 0
5717 0
5718 0
5719 0
5720 1
5721 0
5722 0
5723 0
5724 0
5725 0
5726 0
5727 0
5728 0
5729 0
5730 0
5731 0
5732 0
5733 0
5734 0
5735 0
5736 0
5737 0
5738 0
5739 0
5740 0
5741 0
5742 0
5743 0
5744 0
5745 0
5746 0
5747 0
5748 0
5749 0
5750 0
5751 0
5752 0
5753 0
5754 0
5755 0
5756 0
5757 0
5758 0
5759 0
5760 0
5761 0
5762 0
5763 0
5764 0
5765 0
5766 0
5767 0
5768 0
5769 0
5770 0
5771 0
5772 0
5773 0
5774 0
5775 0
5776 0
5777 0
5778 0
5779 0
5780 0
5781 0
5782 0
5783 0
5784 0
5785 0
5786 0
5787 0
5788 0
5789 0
5790 0
5791 0
5792 0
5793 0
5794 0
5795 0
5796 0
5797 0
5798 0
5799 0
5800 0
5801 0
5802 0
5803 0
5804 0
5805 0
5806 0
5807 0
5808 0
5809 0
5810 0
5811 0
5812 0
5813 0
5814 0
5815 0
5816 0
5817 0
5818 0
5819 0
5820 0
5821 0
5822 0
5823 0
5824 0
5825 0
5826 0
5827 0
5828 0
5829 0
5830 0
5831 0
5832 0
5833 0
5834 1
5835 1
5836 1
5837 2
5838 4
5839 3
5840 6
5841 6
5842 8
5843 11
5844 9
5845 10
5846 15
5847 7
5848 6
5849 7
5850 5
5851 1
5852 3
5853 3
5854 0
5855 0
5856 0
5857 0
5858 0
5859 0
5860 0
5861 0
5862 0
5863 0
5864 0
5865 0
5866 1
5867 1
5868 1
5869 1
5870 0
5871 1
5872 2
5873 2
5874 1
5875 0
5876 0
5877 0
5878 0
5879 0
5880 0
5881 0
5882 0
5883 0
5884 0
5885 0
5886 0
5887 0
5888 0
5889 0
5890 0
5891 0
5892 0
5893 0
5894 0
5895 0
5896 0
5897 0
5898 0
5899 0
5900 0
5901 0
5902 0
5903 0
5904 0
5905 0
5906 0
5907 0
5908 0
5909 0
5910 0
5911 0
5912 0
5913 0
5914 1
5915 2
5916 0
5917 0
5918 0
5919 0
5920 0
5921 0
5922 0
5923 1
5924 0
5925 0
5926 0
5927 0
5928 0
5929 0
5930 0
5931 0
5932 0
5933 0
5934 0
5935 0
5936 0
5937 0
5938 0
5939 0
5940 0
5941 0
5942 0
5943 0
5944 0
5945 0
5946 0
5947 0
5948 0
5949 0
5950 0
5951 0
5952 0
5953 0
5954 0
5955 0
5956 0
5957 0
5958 0
5959 0
5960 0
5961 0
5962 0
5963 0
5964 0
5965 0
5966 0
5967 0
5968 0
5969 0
5970 0
5971 0
5972 0
5973 0
5974 0
5975 0
5976 0
5977 0
5978 0
5979 0
5980 0
5981 0
5982 0
5983 0
5984 0
5985 0
5986 0
5987 0
5988 0
5989 0
5990 0
5991 0
5992 0
5993 0
5994 0
5995 0
5996 0
5997 0
5998 0
5999 0
6000 0
6001 0
6002 0
6003 0
6004 0
6005 0
6006 0
6007 0
6008 0
6009 0
6010 0
6011 0
6012 0
6013 0
6014 0
6015 0
6016 0
6017 0
6018 0
6019 0
6020 0
6021 0
6022 0
6023 0
6024 0
6025 0
6026 0
6027 0
6028 0
6029 0
6030 0
6031 0
6032 0
6033 0
6034 0
6035 0
6036 0
6037 0
6038 0
6039 0
6040 0
6041 0
6042 0
6043 0
6044 0
6045 0
6046 0
6047 0
6048 0
6049 0
6050 0
6051 0
6052 0
6053 0
6054 0
6055 0
6056 0
6057 0
6058 0
6059 0
6060 0
6061 0
6062 0
6063 0
6064 0
6065 0
6066 0
6067 0
6068 0
6069 0
6070 0
6071 0
6072 0
6073 0
6074 0
6075 0
6076 0
6077 0
6078 0
6079 0
6080 0
6081 0
6082 0
6083 0
6084 0
6085 0
6086 0
6087 0
6088 0
6089 0
6090 0
6091 0
6092 0
6093 0
6094 0
6095 0
6096 0
6097 0
6098 0
6099 0
6100 0
6101 0
6102 0
6103 0
6104 0
6105 0
6106 0
6107 0
6108 0
6109 0
6110 0
6111 0
6112 0
6113 0
6114 0
6115 0
6116 0
6117 0
6118 0
6119 0
6120 0
6121 0
6122 0
6123 0
6124 0
6125 0
6126 0
6127 0
6128 0
6129 0
6130 0
6131 0
6132 0
6133 0
6134 0
6135 0
6136 0
6137 0
6138 0
6139 1
6140 1
6141 1
6142 1
6143 1
6144 0
6145 0
6146 0
6147 0
6148 0
6149 0
6150 0
6151 0
6152 0
6153 0
6154 0
6155 0
6156 0
6157 0
6158 0
6159 0
6160 0
6161 0
6162 0
6163 0
6164 0
6165 0
6166 0
6167 0
6168 0
6169 0
6170 0
6171 0
6172 0
6173 0
6174 0
6175 0
6176 0
6177 0
6178 0
6179 0
6180 0
6181 0
6182 0
6183 0
6184 0
6185 0
6186 0
6187 0
6188 0
6189 0
6190 0
6191 0
6192 0
6193 0
6194 0
6195 0
6196 0
6197 0
6198 0
6199 0
6200 0
6201 0
6202 0
6203 0
6204 0
6205 0
6206 0
6207 0
6208 0
6209 0
6210 0
6211 0
6212 0
6213 0
6214 0
6215 0
6216 0
6217 0
6218 0
6219 0
6220 0
6221 0
6222 0
6223 0
6224 0
6225 0
6226 0
6227 0
6228 0
6229 0
6230 0
6231 0
6232 0
6233 0
6234 0
6235 0
6236 0
6237 0
6238 0
6239 0
6240 0
6241 0
6242 0
6243 0
6244 0
6245 0
6246 0
6247 0
6248 0
6249 1
6250 1
6251 1
6252 0
6253 0
6254 0
6255 0
6256 0
6257 0
6258 0
6259 0
6260 0
6261 0
6262 0
6263 0
6264 0
6265 0
6266 0
6267 0
6268 0
6269 0
6270 0
6271 0
6272 0
6273 0
6274 0
6275 0
6276 0
6277 0
6278 0
6279 0
6280 0
6281 0
6282 0
6283 0
6284 0
6285 0
6286 0
6287 0
6288 0
6289 0
6290 0
6291 0
6292 0
6293 0
6294 0
6295 0
6296 0
6297 0
6298 0
6299 0
6300 0
6301 0
6302 0
6303 0
6304 0
6305 0
6306 0
6307 0
6308 0
6309 0
6310 0
6311 0
6312 0
6313 0
6314 0
6315 0
6316 0
6317 0
6318 0
6319 0
6320 0
6321 1
6322 1
6323 3
6324 1
6325 1
6326 3
6327 1
6328 0
6329 0
6330 0
6331 0
6332 0
6333 0
6334 0
6335 0
6336 0
6337 0
6338 0
6339 0
6340 0
6341 0
6342 0
6343 0
6344 0
6345 0
6346 0
6347 0
6348 0
6349 0
6350 0
6351 0
6352 0
6353 0
6354 0
6355 0
6356 1
6357 3
6358 4
6359 7
6360 4
6361 3
6362 3
6363 1
6364 0
6365 0
6366 0
6367 0
6368 0
6369 0
6370 0
6371 0
6372 0
6373 0
6374 0
6375 0
6376 0
6377 0
6378 0
6379 0
6380 0
6381 0
6382 0
6383 0
6384 0
6385 0
6386 0
6387 0
6388 0
6389 0
6390 0
6391 0
6392 0
6393 0
6394 0
6395 0
6396 0
6397 1
6398 0
6399 0
6400 0
6401 0
6402 0
6403 0
6404 0
6405 0
6406 0
6407 0
6408 0
6409 0
6410 0
6411 0
6412 0
6413 0
6414 0
6415 0
6416 0
6417 0
6418 0
6419 0
6420 0
6421 0
6422 0
6423 0
6424 0
6425 0
6426 0
6427 0
6428 0
6429 0
6430 0
6431 0
6432 0
6433 0
6434 0
6435 0
6436 0
6437 0
6438 0
6439 0
6440 0
6441 0
6442 0
6443 0
6444 0
6445 0
6446 0
6447 0
6448 0
6449 0
6450 0
6451 0
6452 0
6453 0
6454 0
6455 0
6456 0
6457 0
6458 0
6459 1
6460 2
6461 3
6462 6
6463 3
6464 6
6465 2
6466 1
6467 0
6468 0
6469 0
6470 0
6471 0
6472 0
6473 0
6474 0
6475 0
6476 0
6477 0
6478 0
6479 0
6480 0
6481 0
6482 0
6483 0
6484 0
6485 0
6486 0
6487 0
6488 0
6489 0
6490 0
6491 0
6492 0
6493 0
6494 0
6495 0
6496 0
6497 0
6498 0
6499 0
6500 0
6501 0
6502 0
6503 0
6504 0
6505 0
6506 0
6507 0
6508 0
6509 0
6510 0
6511 0
6512 0
6513 0
6514 0
6515 0
6516 0
6517 0
6518 0
6519 0
6520 0
6521 0
6522 0
6523 0
6524 1
6525 0
6526 0
6527 0
6528 0
6529 0
6530 0
6531 0
6532 0
6533 0
6534 0
6535 0
6536 0
6537 0
6538 0
6539 0
6540 0
6541 0
6542 0
6543 0
6544 0
6545 0
6546 0
6547 0
6548 0
6549 0
6550 0
6551 0
6552 0
6553 0
6554 0
6555 0
6556 0
6557 0
6558 0
6559 0
6560 0
6561 0
6562 0
6563 0
6564 0
6565 0
6566 0
6567 0
6568 0
6569 0
6570 0
6571 0
6572 0
6573 0
6574 0
6575 0
6576 0
6577 0
6578 0
6579 0
6580 0
6581 0
6582 0
6583 0
6584 0
6585 0
6586 0
6587 0
6588 0
6589 0
6590 0
6591 0
6592 0
6593 0
6594 0
6595 0
6596 1
6597 1
6598 3
6599 0
6600 0
6601 0
6602 0
6603 0
6604 0
6605 0
6606 0
6607 0
6608 0
6609 0
6610 0
6611 0
6612 0
6613 0
6614 0
6615 0
6616 0
6617 0
6618 0
6619 0
6620 0
6621 0
6622 0
6623 0
6624 0
6625 0
6626 0
6627 0
6628 0
6629 0
6630 0
6631 0
6632 0
6633 0
6634 0
6635 0
6636 0
6637 0
6638 0
6639 0
6640 0
6641 0
6642 0
6643 0
6644 0
6645 0
6646 0
6647 0
6648 0
6649 0
6650 0
6651 0
6652 0
6653 0
6654 0
6655 0
6656 0
6657 0
6658 0
6659 0
6660 0
6661 0
6662 0
6663 0
6664 0
6665 0
6666 0
6667 0
6668 0
6669 0
6670 0
6671 0
6672 0
6673 0
6674 0
6675 0
6676 0
6677 0
6678 0
6679 0
6680 0
6681 0
6682 0
6683 0
6684 0
6685 0
6686 0
6687 1
6688 3
6689 3
6690 2
6691 4
6692 8
6693 7
6694 9
6695 11
6696 15
6697 14
6698 19
6699 16
6700 13
6701 11
6702 13
6703 15
6704 20
6705 29
6706 17
6707 12
6708 16
6709 21
6710 12
6711 12
6712 15
6713 12
6714 12
6715 14
6716 23
6717 17
6718 21
6719 12
6720 13
6721 15
6722 16
6723 19
6724 25
6725 33
6726 40
6727 50
6728 55
6729 60
6730 52
6731 51
6732 62
6733 68
6734 58
6735 62
6736 76
6737 80
6738 90
6739 93
6740 82
6741 70
6742 65
6743 70
6744 78
6745 79
6746 95
6747 85
6748 84
6749 94
6750 94
6751 95
6752 85
6753 88
6754 83
6755 71
6756 71
6757 95
6758 95
6759 98
6760 90
6761 105
6762 109
6763 106
6764 107
6765 132
6766 121
6767 109
6768 122
6769 123
6770 140
6771 128
6772 117
6773 127
6774 136
6775 139
6776 144
6777 127
6778 118
6779 127
6780 126
6781 126
6782 142
6783 126
6784 140
6785 129
6786 125
6787 142
6788 152
6789 139
6790 125
6791 115
6792 140
6793 145
6794 156
6795 163
6796 170
6797 188
6798 219
6799 220
6800 203
6801 215
6802 221
6803 209
6804 230
6805 257
6806 263
6807 266
6808 256
6809 229
6810 210
6811 230
6812 232
6813 211
6814 196
6815 228
6816 206
6817 204
6818 201
6819 203
6820 202
6821 236
6822 237
6823 259
6824 255
6825 266
6826 253
6827 257
6828 270
6829 274
6830 295
6831 276
6832 282
6833 305
6834 299
6835 295
6836 309
6837 331
6838 328
6839 375
6840 391
6841 389
6842 400
6843 394
6844 395
6845 426
6846 430
6847 442
6848 409
6849 384
6850 395
6851 426
6852 426
6853 426
6854 413
6855 441
6856 441
6857 450
6858 451
6859 476
6860 427
6861 436
6862 409
6863 428
6864 415
6865 405
6866 403
6867 384
6868 356
6869 374
6870 374
6871 393
6872 392
6873 378
6874 380
6875 353
6876 342
6877 375
6878 345
6879 358
6880 374
6881 377
6882 369
6883 348
6884 332
6885 320
6886 310
6887 308
6888 288
6889 267
6890 271
6891 281
6892 266
6893 262
6894 247
6895 254
6896 261
6897 256
6898 268
6899 270
6900 260
6901 264
6902 263
6903 262
6904 273
6905 256
6906 282
6907 298
6908 296
6909 293
6910 296
6911 301
6912 338
6913 332
6914 317
6915 328
6916 354
6917 340
6918 340
6919 335
6920 328
6921 342
6922 349
6923 334
6924 329
6925 321
6926 307
6927 317
6928 309
6929 312
6930 327
6931 348
6932 343
6933 339
6934 337
6935 333
6936 330
6937 315
6938 348
6939 371
6940 374
6941 378
6942 379
6943 409
6944 396
6945 383
6946 378
6947 374
6948 361
6949 335
6950 345
6951 349
6952 366
6953 364
6954 382
6955 376
6956 371
6957 348
6958 359
6959 370
6960 369
6961 382
6962 399
6963 394
6964 413
6965 437
6966 461
6967 459
6968 447
6969 444
6970 475
6971 469
6972 460
6973 483
6974 448
6975 431
6976 418
6977 432
6978 420
6979 411
6980 434
6981 432
6982 426
6983 441
6984 459
6985 407
6986 423
6987 433
6988 449
6989 458
6990 456
6991 476
6992 455
6993 444
6994 459
6995 465
6996 475
6997 463
6998 497
6999 540
7000 601
7001 629
7002 599
7003 584
7004 566
7005 603
7006 629
7007 645
7008 633
7009 634
7010 645
7011 640
7012 590
7013 576
7014 553
7015 553
7016 581
7017 573
7018 583
7019 585
7020 606
7021 565
7022 552
7023 567
7024 547
7025 522
7026 479
7027 481
7028 483
7029 473
7030 483
7031 450
7032 473
7033 435
7034 408
7035 432
7036 412
7037 385
7038 376
7039 349
7040 315
7041 315
7042 318
7043 292
7044 275
7045 286
7046 257
7047 276
7048 288
7049 316
7050 311
7051 313
7052 296
7053 300
7054 303
7055 295
7056 291
7057 298
7058 316
7059 312
7060 297
7061 308
7062 310
7063 278
7064 266
7065 259
7066 264
7067 290
7068 288
7069 277
7070 279
7071 293
7072 286
7073 307
7074 314
7075 289
7076 273
7077 261
7078 255
7079 265
7080 259
7081 244
7082 245
7083 262
7084 287
7085 285
7086 309
7087 309
7088 326
7089 303
7090 319
7091 301
7092 319
7093 319
7094 303
7095 301
7096 321
7097 326
7098 343
7099 326
7100 329
7101 355
7102 348
7103 342
7104 390
7105 382
7106 343
7107 376
7108 340
7109 353
7110 373
7111 369
7112 334
7113 329
7114 326
7115 325
7116 338
7117 343
7118 373
7119 357
7120 378
7121 382
7122 376
7123 331
7124 335
7125 309
7126 299
7127 314
7128 347
7129 375
7130 375
7131 373
7132 398
7133 401
7134 433
7135 405
7136 409
7137 418
7138 416
7139 435
7140 466
7141 475
7142 451
7143 454
7144 473
7145 501
7146 496
7147 498
7148 497
7149 486
7150 520
7151 532
7152 522
7153 510
7154 476
7155 471
7156 472
7157 492
7158 503
7159 516
7160 526
7161 512
7162 522
7163 505
7164 501
7165 521
7166 511
7167 516
7168 529
7169 506
7170 511
7171 491
7172 508
7173 513
7174 478
7175 457
7176 433
7177 434
7178 473
7179 500
7180 526
7181 540
7182 539
7183 552
7184 553
7185 566
7186 541
7187 543
7188 538
7189 530
7190 542
7191 532
7192 523
7193 497
7194 521
7195 506
7196 527
7197 487
7198 509
7199 493
7200 490
7201 469
7202 489
7203 463
7204 463
7205 460
7206 422
7207 436
7208 441
7209 499
7210 474
7211 486
7212 440
7213 429
7214 425
7215 439
7216 456
7217 458
7218 459
7219 472
7220 508
7221 498
7222 476
7223 483
7224 467
7225 478
7226 492
7227 471
7228 475
7229 496
7230 441
7231 441
7232 468
7233 433
7234 417
7235 409
7236 388
7237 373
7238 394
7239 382
7240 394
7241 387
7242 404
7243 408
7244 395
7245 365
7246 357
7247 318
7248 328
7249 346
7250 346
7251 362
7252 397
7253 393
7254 385
7255 386
7256 408
7257 408
7258 385
7259 385
7260 351
7261 373
7262 362
7263 351
7264 335
7265 357
7266 362
7267 379
7268 358
7269 349
7270 347
7271 345
7272 337
7273 320
7274 321
7275 314
7276 324
7277 335
7278 340
7279 378
7280 422
7281 419
7282 399
7283 341
7284 341
7285 346
7286 338
7287 346
7288 363
7289 345
7290 338
7291 339
7292 354
7293 346
7294 379
7295 389
7296 387
7297 400
7298 413
7299 379
7300 373
7301 413
7302 422
7303 468
7304 498
7305 515
7306 522
7307 511
7308 509
7309 547
7310 556
7311 562
7312 566
7313 585
7314 555
7315 567
7316 603
7317 637
7318 641
7319 664
7320 636
7321 679
7322 723
7323 719
7324 729
7325 750
7326 723
7327 748
7328 798
7329 762
7330 752
7331 790
7332 788
7333 796
7334 818
7335 829
7336 768
7337 732
7338 749
7339 753
7340 696
7341 708
7342 720
7343 761
7344 712
7345 700
7346 696
7347 700
7348 713
7349 700
7350 696
7351 726
7352 746
7353 753
7354 747
7355 766
7356 778
7357 792
7358 799
7359 802
7360 766
7361 772
7362 774
7363 731
7364 753
7365 764
7366 728
7367 707
7368 707
7369 674
7370 706
7371 668
7372 695
7373 737
7374 733
7375 708
7376 734
7377 745
7378 709
7379 674
7380 691
7381 713
7382 688
7383 707
7384 703
7385 675
7386 707
7387 725
7388 764
7389 722
7390 684
7391 730
7392 707
7393 712
7394 735
7395 737
7396 801
7397 781
7398 767
7399 777
7400 708
7401 755
7402 752
7403 728
7404 733
7405 730
7406 700
7407 705
7408 705
7409 676
7410 703
7411 673
7412 683
7413 682
7414 680
7415 652
7416 666
7417 661
7418 625
7419 637
7420 650
7421 645
7422 671
7423 612
7424 618
7425 658
7426 598
7427 589
7428 585
7429 600
7430 632
7431 613
7432 589
7433 581
7434 562
7435 535
7436 541
7437 550
7438 564
7439 548
7440 542
7441 547
7442 531
7443 568
7444 563
7445 517
7446 519
7447 502
7448 486
7449 476
7450 491
7451 510
7452 525
7453 528
7454 526
7455 550
7456 562
7457 568
7458 575
7459 583
7460 589
7461 549
7462 554
7463 553
7464 560
7465 556
7466 576
7467 535
7468 509
7469 499
7470 495
7471 482
7472 485
7473 489
7474 497
7475 504
7476 497
7477 489
7478 478
7479 453
7480 482
7481 469
7482 443
7483 420
7484 434
7485 419
7486 432
7487 418
7488 398
7489 400
7490 360
7491 350
7492 351
7493 369
7494 332
7495 365
7496 365
7497 363
7498 359
7499 373
7500 364
7501 355
7502 374
7503 401
7504 400
7505 384
7506 374
7507 402
7508 446
7509 465
7510 436
7511 457
7512 460
7513 392
7514 356
7515 363
7516 370
7517 380
7518 380
7519 347
7520 350
7521 339
7522 355
7523 353
7524 342
7525 310
7526 306
7527 292
7528 299
7529 301
7530 289
7531 257
7532 285
7533 286
7534 267
7535 280
7536 288
7537 286
7538 270
7539 265
7540 263
7541 247
7542 257
7543 240
7544 247
7545 251
7546 226
7547 233
7548 227
7549 218
7550 225
7551 224
7552 247
7553 248
7554 222
7555 226
7556 207
7557 207
7558 233
7559 264
7560 230
7561 237
7562 247
7563 244
7564 254
7565 263
7566 255
7567 236
7568 247
7569 249
7570 261
7571 292
7572 284
7573 303
7574 317
7575 319
7576 312
7577 333
7578 336
7579 352
7580 385
7581 405
7582 420
7583 390
7584 376
7585 362
7586 369
7587 375
7588 363
7589 379
7590 371
7591 349
7592 347
7593 339
7594 322
7595 376
7596 385
7597 400
7598 395
7599 404
7600 384
7601 385
7602 412
7603 447
7604 487
7605 486
7606 514
7607 506
7608 509
7609 534
7610 529
7611 472
7612 474
7613 492
7614 493
7615 495
7616 486
7617 521
7618 534
7619 519
7620 517
7621 490
7622 494
7623 518
7624 519
7625 538
7626 574
7627 589
7628 593
7629 615
7630 579
7631 557
7632 557
7633 554
7634 538
7635 530
7636 493
7637 485
7638 480
7639 476
7640 481
7641 496
7642 535
7643 536
7644 517
7645 468
7646 495
7647 482
7648 467
7649 500
7650 526
7651 539
7652 547
7653 537
7654 506
7655 509
7656 494
7657 464
7658 492
7659 506
7660 520
7661 530
7662 532
7663 523
7664 566
7665 570
7666 591
7667 544
7668 533
7669 572
7670 576
7671 553
7672 572
7673 570
7674 557
7675 546
7676 548
7677 539
7678 500
7679 481
7680 482
7681 481
7682 511
7683 506
7684 464
7685 478
7686 517
7687 511
7688 512
7689 488
7690 491
7691 483
7692 468
7693 468
7694 467
7695 473
7696 497
7697 478
7698 512
7699 514
7700 519
7701 568
7702 559
7703 538
7704 545
7705 579
7706 557
7707 534
7708 526
7709 535
7710 538
7711 533
7712 500
7713 489
7714 502
7715 498
7716 515
7717 520
7718 563
7719 567
7720 557
7721 568
7722 536
7723 563
7724 535
7725 547
7726 551
7727 550
7728 572
7729 573
7730 602
7731 579
7732 537
7733 538
7734 494
7735 486
7736 497
7737 519
7738 525
7739 506
7740 502
7741 545
7742 549
7743 525
7744 519
7745 548
7746 558
7747 555
7748 530
7749 500
7750 500
7751 513
7752 559
7753 563
7754 619
7755 600
7756 597
7757 609
7758 557
7759 518
7760 526
7761 562
7762 590
7763 635
7764 633
7765 655
7766 631
7767 652
7768 681
7769 681
7770 719
7771 728
7772 697
7773 733
7774 729
7775 740
7776 709
7777 702
7778 687
7779 658
7780 629
7781 612
7782 668
7783 697
7784 697
7785 743
7786 714
7787 716
7788 746
7789 767
7790 718
7791 713
7792 691
7793 659
7794 629
7795 654
7796 618
7797 609
7798 630
7799 632
7800 622
7801 629
7802 644
7803 630
7804 647
7805 647
7806 659
7807 705
7808 666
7809 682
7810 645
7811 652
7812 676
7813 667
7814 649
7815 692
7816 702
7817 685
7818 691
7819 672
7820 656
7821 689
7822 697
7823 709
7824 737
7825 727
7826 767
7827 779
7828 841
7829 877
7830 901
7831 929
7832 927
7833 960
7834 1012
7835 996
7836 1028
7837 1058
7838 1105
7839 1078
7840 1071
7841 1123
7842 1125
7843 1140
7844 1139
7845 1158
7846 1176
7847 1181
7848 1181
7849 1197
7850 1239
7851 1200
7852 1232
7853 1173
7854 1133
7855 1089
7856 1001
7857 947
7858 932
7859 911
7860 929
7861 884
7862 862
7863 864
7864 878
7865 882
7866 907
7867 898
7868 939
7869 949
7870 948
7871 994
7872 1005
7873 1011
7874 1066
7875 1078
7876 1120
7877 1098
7878 1118
7879 1178
7880 1162
7881 1207
7882 1210
7883 1272
7884 1289
7885 1290
7886 1333
7887 1314
7888 1267
7889 1295
7890 1303
7891 1328
7892 1337
7893 1373
7894 1404
7895 1373
7896 1406
7897 1445
7898 1479
7899 1530
7900 1516
7901 1554
7902 1585
7903 1636
7904 1588
7905 1571
7906 1627
7907 1650
7908 1635
7909 1638
7910 1736
7911 1755
7912 1765
7913 1767
7914 1739
7915 1750
7916 1742
7917 1695
7918 1711
7919 1725
7920 1688
7921 1607
7922 1604
7923 1599
7924 1686
7925 1725
7926 1674
7927 1659
7928 1680
7929 1756
7930 1707
7931 1747
7932 1691
7933 1706
7934 1800
7935 1817
7936 1810
7937 1818
7938 1881
7939 1868
7940 1877
7941 1873
7942 1820
7943 1861
7944 1797
7945 1816
7946 1781
7947 1839
7948 1831
7949 1845
7950 1859
7951 1764
7952 1754
7953 1793
7954 1825
7955 1878
7956 1904
7957 1892
7958 1861
7959 1809
7960 1827
7961 1787
7962 1762
7963 1745
7964 1675
7965 1677
7966 1639
7967 1646
7968 1698
7969 1720
7970 1701
7971 1675
7972 1693
7973 1686
7974 1733
7975 1708
7976 1717
7977 1652
7978 1684
7979 1683
7980 1694
7981 1688
7982 1619
7983 1671
7984 1682
7985 1715
7986 1667
7987 1684
7988 1748
7989 1754
7990 1746
7991 1806
7992 1797
7993 1757
7994 1744
7995 1740
7996 1727
7997 1698
7998 1576
7999 1572
8000 1597
8001 1642
8002 1729
8003 1656
8004 1668
8005 1659
8006 1640
8007 1654
8008 1623
8009 1623
8010 1624
8011 1576
8012 1569
8013 1566
8014 1629
8015 1611
8016 1620
8017 1623
8018 1622
8019 1621
8020 1634
8021 1618
8022 1553
8023 1529
8024 1467
8025 1463
8026 1541
8027 1476
8028 1493
8029 1492
8030 1510
8031 1529
8032 1572
8033 1577
8034 1530
8035 1507
8036 1527
8037 1505
8038 1503
8039 1457
8040 1520
8041 1546
8042 1567
8043 1528
8044 1518
8045 1513
8046 1448
8047 1474
8048 1391
8049 1375
8050 1377
8051 1405
8052 1345
8053 1348
8054 1363
8055 1364
8056 1427
8057 1362
8058 1378
8059 1361
8060 1358
8061 1362
8062 1398
8063 1455
8064 1460
8065 1456
8066 1408
8067 1363
8068 1387
8069 1353
8070 1325
8071 1377
8072 1409
8073 1388
8074 1406
8075 1463
8076 1418
8077 1458
8078 1392
8079 1394
8080 1338
8081 1372
8082 1366
8083 1335
8084 1329
8085 1295
8086 1252
8087 1334
8088 1215
8089 1169
8090 1205
8091 1245
8092 1282
8093 1350
8094 1302
8095 1310
8096 1261
8097 1221
8098 1200
8099 1160
8100 1216
8101 1250
8102 1165
8103 1161
8104 1183
8105 1210
8106 1126
8107 1145
8108 1111
8109 1163
8110 1192
8111 1196
8112 1152
8113 1150
8114 1115
8115 1104
8116 1096
8117 1109
8118 1115
8119 1123
8120 1198
8121 1227
8122 1214
8123 1196
8124 1207
8125 1181
8126 1201
8127 1194
8128 1160
8129 1128
8130 1168
8131 1132
8132 1141
8133 1078
8134 1064
8135 1119
8136 1099
8137 1097
8138 1130
8139 1149
8140 1158
8141 1136
8142 1152
8143 1173
8144 1185
8145 1210
8146 1276
8147 1321
8148 1330
8149 1353
8150 1351
8151 1370
8152 1365
8153 1368
8154 1393
8155 1354
8156 1348
8157 1341
8158 1301
8159 1265
8160 1228
8161 1219
8162 1203
8163 1195
8164 1178
8165 1146
8166 1181
8167 1170
8168 1168
8169 1175
8170 1141
8171 1187
8172 1204
8173 1179
8174 1112
8175 1125
8176 1134
8177 1196
8178 1254
8179 1309
8180 1319
8181 1351
8182 1328
8183 1315
8184 1337
8185 1325
8186 1310
8187 1276
8188 1275
8189 1251
8190 1197
8191 1237
8192 1186
8193 1257
8194 1291
8195 1297
8196 1304
8197 1319
8198 1306
8199 1364
8200 1404
8201 1409
8202 1390
8203 1442
8204 1458
8205 1439
8206 1422
8207 1408
8208 1404
8209 1355
8210 1331
8211 1321
8212 1203
8213 1198
8214 1230
8215 1207
8216 1168
8217 1156
8218 1164
8219 1174
8220 1166
8221 1156
8222 1202
8223 1240
8224 1242
8225 1267
8226 1265
8227 1269
8228 1263
8229 1223
8230 1222
8231 1242
8232 1264
8233 1283
8234 1287
8235 1273
8236 1326
8237 1414
8238 1480
8239 1416
8240 1451
8241 1442
8242 1423
8243 1460
8244 1476
8245 1431
8246 1435
8247 1387
8248 1396
8249 1435
8250 1423
8251 1442
8252 1433
8253 1494
8254 1467
8255 1519
8256 1507
8257 1472
8258 1386
8259 1350
8260 1399
8261 1413
8262 1398
8263 1432
8264 1439
8265 1459
8266 1380
8267 1337
8268 1371
8269 1353
8270 1332
8271 1307
8272 1322
8273 1294
8274 1228
8275 1216
8276 1218
8277 1172
8278 1142
8279 1093
8280 1079
8281 1052
8282 1078
8283 1055
8284 1054
8285 1072
8286 1094
8287 1109
8288 1138
8289 1137
8290 1159
8291 1231
8292 1247
8293 1250
8294 1170
8295 1176
8296 1159
8297 1177
8298 1209
8299 1222
8300 1209
8301 1208
8302 1212
8303 1245
8304 1282
8305 1302
8306 1344
8307 1314
8308 1378
8309 1374
8310 1415
8311 1385
8312 1419
8313 1382
8314 1412
8315 1381
8316 1365
8317 1425
8318 1391
8319 1320
8320 1333
8321 1393
8322 1388
8323 1365
8324 1390
8325 1417
8326 1400
8327 1424
8328 1404
8329 1384
8330 1381
8331 1299
8332 1347
8333 1388
8334 1338
8335 1353
8336 1394
8337 1438
8338 1431
8339 1452
8340 1404
8341 1412
8342 1426
8343 1420
8344 1370
8345 1383
8346 1347
8347 1340
8348 1392
8349 1362
8350 1360
8351 1314
8352 1273
8353 1259
8354 1264
8355 1327
8356 1341
8357 1335
8358 1340
8359 1280
8360 1237
8361 1211
8362 1170
8363 1196
8364 1257
8365 1197
8366 1180
8367 1186
8368 1156
8369 1129
8370 1162
8371 1158
8372 1189
8373 1225
8374 1148
8375 1163
8376 1119
8377 1049
8378 1072
8379 1027
8380 990
8381 965
8382 958
8383 976
8384 989
8385 963
8386 975
8387 967
8388 991
8389 998
8390 1041
8391 1027
8392 1016
8393 976
8394 974
8395 1010
8396 1011
8397 1080
8398 1100
8399 1087
8400 1079
8401 1054
8402 1034
8403 1101
8404 1117
8405 1094
8406 1150
8407 1066
8408 1082
8409 1014
8410 1019
8411 988
8412 995
8413 990
8414 1049
8415 1056
8416 973
8417 979
8418 1040
8419 983
8420 976
8421 981
8422 975
8423 955
8424 925
8425 930
8426 938
8427 959
8428 941
8429 899
8430 885
8431 894
8432 909
8433 876
8434 852
8435 871
8436 853
8437 841
8438 812
8439 894
8440 859
8441 881
8442 843
8443 806
8444 855
8445 895
8446 875
8447 866
8448 892
8449 924
8450 926
8451 950
8452 948
8453 908
8454 956
8455 942
8456 907
8457 989
8458 1026
8459 1004
8460 1010
8461 977
8462 930
8463 936
8464 893
8465 914
8466 957
8467 991
8468 1016
8469 993
8470 974
8471 998
8472 950
8473 954
8474 931
8475 927
8476 970
8477 1035
8478 1011
8479 1040
8480 1060
8481 1031
8482 1014
8483 969
8484 958
8485 923
8486 905
8487 944
8488 961
8489 959
8490 951
8491 903
8492 906
8493 905
8494 938
8495 914
8496 932
8497 923
8498 900
8499 890
8500 876
8501 827
8502 844
8503 810
8504 798
8505 777
8506 777
8507 790
8508 778
8509 794
8510 789
8511 797
8512 776
8513 805
8514 859
8515 887
8516 883
8517 876
8518 861
8519 881
8520 859
8521 891
8522 833
8523 841
8524 850
8525 854
8526 873
8527 855
8528 821
8529 801
8530 806
8531 848
8532 851
8533 830
8534 878
8535 900
8536 855
8537 857
8538 922
8539 949
8540 903
8541 893
8542 891
8543 859
8544 895
8545 886
8546 863
8547 923
8548 989
8549 966
8550 926
8551 891
8552 861
8553 880
8554 913
8555 938
8556 978
8557 978
8558 943
8559 929
8560 887
8561 931
8562 940
8563 975
8564 962
8565 966
8566 939
8567 931
8568 1016
8569 979
8570 1021
8571 1061
8572 1031
8573 1035
8574 1028
8575 1037
8576 1063
8577 1074
8578 1019
8579 982
8580 1038
8581 1023
8582 1049
8583 1047
8584 1080
8585 1112
8586 1134
8587 1160
8588 1136
8589 1153
8590 1182
8591 1183
8592 1184
8593 1175
8594 1182
8595 1187
8596 1198
8597 1209
8598 1153
8599 1155
8600 1238
8601 1208
8602 1219
8603 1267
8604 1248
8605 1212
8606 1204
8607 1244
8608 1272
8609 1281
8610 1208
8611 1182
8612 1151
8613 1221
8614 1182
8615 1158
8616 1138
8617 1106
8618 1095
8619 1146
8620 1172
8621 1124
8622 1120
8623 1118
8624 1095
8625 1115
8626 1089
8627 1097
8628 1121
8629 1175
8630 1153
8631 1107
8632 1032
8633 1023
8634 1004
8635 1009
8636 1045
8637 1002
8638 1022
8639 1023
8640 1028
8641 984
8642 971
8643 940
8644 930
8645 910
8646 882
8647 853
8648 836
8649 811
8650 778
8651 766
8652 756
8653 734
8654 749
8655 723
8656 742
8657 683
8658 665
8659 649
8660 635
8661 607
8662 576
8663 540
8664 574
8665 591
8666 577
8667 596
8668 585
8669 580
8670 592
8671 548
8672 550
8673 527
8674 508
8675 510
8676 524
8677 498
8678 529
8679 506
8680 511
8681 524
8682 515
8683 534
8684 546
8685 550
8686 541
8687 573
8688 568
8689 555
8690 564
8691 575
8692 583
8693 561
8694 546
8695 533
8696 585
8697 575
8698 580
8699 534
8700 538
8701 555
8702 515
8703 534
8704 550
8705 571
8706 586
8707 577
8708 588
8709 605
8710 580
8711 562
8712 557
8713 583
8714 586
8715 583
8716 557
8717 563
8718 561
8719 567
8720 569
8721 565
8722 554
8723 574
8724 593
8725 599
8726 565
8727 597
8728 597
8729 630
8730 642
8731 649
8732 627
8733 651
8734 626
8735 617
8736 629
8737 649
8738 704
8739 669
8740 695
8741 694
8742 697
8743 693
8744 644
8745 647
8746 668
8747 666
8748 682
8749 665
8750 682
8751 732
8752 751
8753 758
8754 758
8755 761
8756 785
8757 836
8758 820
8759 790
8760 818
8761 869
8762 857
8763 850
8764 830
8765 834
8766 871
8767 839
8768 845
8769 789
8770 744
8771 733
8772 730
8773 685
8774 660
8775 664
8776 655
8777 658
8778 684
8779 685
8780 669
8781 652
8782 669
8783 660
8784 652
8785 648
8786 630
8787 634
8788 686
8789 702
8790 718
8791 750
8792 805
8793 819
8794 821
8795 834
8796 819
8797 809
8798 849
8799 889
8800 886
8801 890
8802 892
8803 888
8804 866
8805 873
8806 893
8807 912
8808 888
8809 914
8810 893
8811 917
8812 946
8813 951
8814 990
8815 1050
8816 1049
8817 1070
8818 1107
8819 1104
8820 1098
8821 1130
8822 1114
8823 1127
8824 1115
8825 1096
8826 1088
8827 1142
8828 1117
8829 1179
8830 1195
8831 1183
8832 1199
8833 1192
8834 1219
8835 1204
8836 1166
8837 1207
8838 1208
8839 1203
8840 1191
8841 1155
8842 1141
8843 1194
8844 1173
8845 1196
8846 1154
8847 1208
8848 1228
8849 1297
8850 1231
8851 1229
8852 1237
8853 1282
8854 1269
8855 1282
8856 1250
8857 1291
8858 1310
8859 1322
8860 1323
8861 1352
8862 1354
8863 1335
8864 1256
8865 1201
8866 1189
8867 1191
8868 1156
8869 1148
8870 1183
8871 1219
8872 1255
8873 1298
8874 1311
8875 1315
8876 1307
8877 1365
8878 1430
8879 1414
8880 1462
8881 1459
8882 1360
8883 1341
8884 1393
8885 1395
8886 1415
8887 1442
8888 1516
8889 1543
8890 1507
8891 1496
8892 1444
8893 1459
8894 1430
8895 1494
8896 1445
8897 1442
8898 1477
8899 1501
8900 1469
8901 1444
8902 1454
8903 1461
8904 1441
8905 1441
8906 1423
8907 1466
8908 1432
8909 1490
8910 1514
8911 1554
8912 1633
8913 1632
8914 1607
8915 1565
8916 1598
8917 1654
8918 1653
8919 1653
8920 1698
8921 1705
8922 1712
8923 1704
8924 1728
8925 1720
8926 1733
8927 1726
8928 1718
8929 1683
8930 1630
8931 1587
8932 1597
8933 1565
8934 1535
8935 1524
8936 1503
8937 1450
8938 1405
8939 1388
8940 1387
8941 1386
8942 1406
8943 1393
8944 1367
8945 1382
8946 1400
8947 1366
8948 1373
8949 1324
8950 1287
8951 1265
8952 1230
8953 1169
8954 1168
8955 1163
8956 1234
8957 1187
8958 1196
8959 1181
8960 1197
8961 1190
8962 1199
8963 1187
8964 1181
8965 1131
8966 1214
8967 1213
8968 1257
8969 1262
8970 1263
8971 1311
8972 1317
8973 1284
8974 1247
8975 1262
8976 1295
8977 1269
8978 1313
8979 1330
8980 1289
8981 1267
8982 1270
8983 1252
8984 1226
8985 1225
8986 1235
8987 1220
8988 1244
8989 1298
8990 1352
8991 1311
8992 1325
8993 1337
8994 1332
8995 1303
8996 1302
8997 1308
8998 1300
8999 1264
9000 1254
9001 1263
9002 1236
9003 1177
9004 1133
9005 1215
9006 1227
9007 1287
9008 1369
9009 1430
9010 1470
9011 1437
9012 1455
9013 1457
9014 1472
9015 1466
9016 1529
9017 1532
9018 1509
9019 1534
9020 1514
9021 1493
9022 1491
9023 1526
9024 1577
9025 1584
9026 1588
9027 1626
9028 1605
9029 1607
9030 1566
9031 1563
9032 1554
9033 1544
9034 1575
9035 1601
9036 1560
9037 1492
9038 1491
9039 1492
9040 1467
9041 1409
9042 1379
9043 1425
9044 1430
9045 1436
9046 1450
9047 1442
9048 1447
9049 1490
9050 1532
9051 1534
9052 1502
9053 1553
9054 1637
9055 1656
9056 1637
9057 1581
9058 1615
9059 1633
9060 1595
9061 1671
9062 1682
9063 1635
9064 1658
9065 1739
9066 1687
9067 1687
9068 1686
9069 1689
9070 1673
9071 1689
9072 1678
9073 1718
9074 1753
9075 1700
9076 1717
9077 1743
9078 1781
9079 1779
9080 1879
9081 1934
9082 1910
9083 1919
9084 1906
9085 1917
9086 1969
9087 1889
9088 1829
9089 1820
9090 1869
9091 1781
9092 1782
9093 1825
9094 1843
9095 1808
9096 1837
9097 1928
9098 2005
9099 1957
9100 1924
9101 1887
9102 1959
9103 1913
9104 2028
9105 2102
9106 2129
9107 2070
9108 2141
9109 2085
9110 2022
9111 1947
9112 2001
9113 2051
9114 1999
9115 1958
9116 2026
9117 2037
9118 2151
9119 2108
9120 2159
9121 2158
9122 2127
9123 2066
9124 2046
9125 2010
9126 2031
9127 2029
9128 2051
9129 2057
9130 2058
9131 2062
9132 2094
9133 2059
9134 1999
9135 1995
9136 1974
9137 1976
9138 1981
9139 1995
9140 2091
9141 2068
9142 2135
9143 2112
9144 2193
9145 2257
9146 2335
9147 2389
9148 2352
9149 2408
9150 2413
9151 2407
9152 2430
9153 2438
9154 2460
9155 2438
9156 2408
9157 2385
9158 2482
9159 2394
9160 2387
9161 2332
9162 2369
9163 2348
9164 2415
9165 2387
9166 2401
9167 2433
9168 2374
9169 2306
9170 2227
9171 2305
9172 2309
9173 2328
9174 2308
9175 2312
9176 2378
9177 2446
9178 2361
9179 2372
9180 2365
9181 2325
9182 2316
9183 2411
9184 2370
9185 2346
9186 2344
9187 2358
9188 2338
9189 2379
9190 2338
9191 2306
9192 2331
9193 2203
9194 2271
9195 2299
9196 2286
9197 2280
9198 2249
9199 2237
9200 2252
9201 2166
9202 2227
9203 2185
9204 2170
9205 2155
9206 2178
9207 2111
9208 2007
9209 2023
9210 1924
9211 1914
9212 1904
9213 1873
9214 1861
9215 1914
9216 1974
9217 2003
9218 2056
9219 2034
9220 2037
9221 2056
9222 1975
9223 1912
9224 1883
9225 1840
9226 1791
9227 1854
9228 1874
9229 1899
9230 1945
9231 1951
9232 1958
9233 1898
9234 1934
9235 1859
9236 1807
9237 1818
9238 1830
9239 1825
9240 1838
9241 1838
9242 1869
9243 1853
9244 1902
9245 1907
9246 1889
9247 1967
9248 2026
9249 2017
9250 2002
9251 1977
9252 1980
9253 1916
9254 1863
9255 1850
9256 1882
9257 1789
9258 1751
9259 1683
9260 1704
9261 1697
9262 1672
9263 1654
9264 1674
9265 1657
9266 1607
9267 1663
9268 1587
9269 1623
9270 1581
9271 1656
9272 1693
9273 1677
9274 1691
9275 1711
9276 1696
9277 1661
9278 1640
9279 1680
9280 1689
9281 1655
9282 1657
9283 1604
9284 1589
9285 1579
9286 1579
9287 1605
9288 1617
9289 1593
9290 1596
9291 1598
9292 1575
9293 1504
9294 1513
9295 1449
9296 1447
9297 1431
9298 1403
9299 1346
9300 1345
9301 1369
9302 1336
9303 1344
9304 1359
9305 1325
9306 1349
9307 1376
9308 1360
9309 1347
9310 1342
9311 1344
9312 1366
9313 1325
9314 1315
9315 1249
9316 1167
9317 1124
9318 1155
9319 1233
9320 1255
9321 1259
9322 1311
9323 1346
9324 1341
9325 1412
9326 1411
9327 1407
9328 1378
9329 1408
9330 1392
9331 1471
9332 1407
9333 1422
9334 1438
9335 1417
9336 1348
9337 1314
9338 1330
9339 1324
9340 1347
9341 1318
9342 1339
9343 1349
9344 1319
9345 1305
9346 1322
9347 1365
9348 1331
9349 1349
9350 1409
9351 1343
9352 1308
9353 1321
9354 1321
9355 1308
9356 1304
9357 1288
9358 1305
9359 1325
9360 1349
9361 1304
9362 1330
9363 1330
9364 1305
9365 1313
9366 1356
9367 1397
9368 1407
9369 1359
9370 1396
9371 1387
9372 1374
9373 1403
9374 1383
9375 1387
9376 1318
9377 1303
9378 1305
9379 1345
9380 1341
9381 1328
9382 1321
9383 1290
9384 1256
9385 1221
9386 1270
9387 1292
9388 1309
9389 1331
9390 1342
9391 1376
9392 1376
9393 1353
9394 1383
9395 1383
9396 1352
9397 1329
9398 1344
9399 1292
9400 1306
9401 1318
9402 1265
9403 1313
9404 1283
9405 1262
9406 1233
9407 1198
9408 1172
9409 1140
9410 1093
9411 1112
9412 1096
9413 1077
9414 1050
9415 1058
9416 1062
9417 1083
9418 1105
9419 1069
9420 1110
9421 1114
9422 1108
9423 1100
9424 1042
9425 1042
9426 1086
9427 1057
9428 1109
9429 1056
9430 1070
9431 1071
9432 1094
9433 1138
9434 1116
9435 1125
9436 1145
9437 1151
9438 1151
9439 1144
9440 1185
9441 1182
9442 1170
9443 1141
9444 1111
9445 1089
9446 1041
9447 991
9448 965
9449 948
9450 946
9451 913
9452 860
9453 827
9454 836
9455 857
9456 862
9457 878
9458 887
9459 907
9460 908
9461 879
9462 841
9463 798
9464 824
9465 819
9466 866
9467 848
9468 841
9469 792
9470 822
9471 775
9472 799
9473 803
9474 833
9475 808
9476 821
9477 845
9478 826
9479 795
9480 814
9481 800
9482 823
9483 784
9484 773
9485 736
9486 753
9487 718
9488 728
9489 710
9490 714
9491 738
9492 757
9493 760
9494 755
9495 777
9496 754
9497 726
9498 699
9499 674
9500 649
9501 642
9502 644
9503 663
9504 648
9505 598
9506 584
9507 587
9508 614
9509 590
9510 627
9511 641
9512 647
9513 646
9514 622
9515 617
9516 621
9517 636
9518 613
9519 578
9520 590
9521 597
9522 574
9523 582
9524 581
9525 567
9526 601
9527 654
9528 673
9529 624
9530 653
9531 645
9532 662
9533 642
9534 614
9535 639
9536 669
9537 638
9538 626
9539 619
9540 650
9541 644
9542 680
9543 664
9544 654
9545 666
9546 621
9547 650
9548 599
9549 583
9550 565
9551 528
9552 572
9553 541
9554 531
9555 504
9556 494
9557 496
9558 516
9559 501
9560 498
9561 509
9562 517
9563 515
9564 484
9565 435
9566 450
9567 457
9568 459
9569 464
9570 466
9571 487
9572 486
9573 506
9574 467
9575 530
9576 560
9577 596
9578 592
9579 613
9580 631
9581 677
9582 689
9583 695
9584 684
9585 683
9586 656
9587 622
9588 613
9589 552
9590 579
9591 620
9592 602
9593 570
9594 569
9595 579
9596 612
9597 605
9598 599
9599 567
9600 602
9601 608
9602 571
9603 555
9604 574
9605 564
9606 559
9607 573
9608 606
9609 651
9610 659
9611 654
9612 649
9613 703
9614 689
9615 681
9616 715
9617 715
9618 688
9619 658
9620 695
9621 653
9622 667
9623 640
9624 673
9625 691
9626 754
9627 755
9628 714
9629 667
9630 674
9631 683
9632 685
9633 647
9634 604
9635 633
9636 662
9637 657
9638 622
9639 622
9640 608
9641 555
9642 543
9643 535
9644 560
9645 521
9646 514
9647 547
9648 564
9649 581
9650 594
9651 589
9652 579
9653 588
9654 608
9655 609
9656 584
9657 539
9658 542
9659 520
9660 486
9661 498
9662 524
9663 489
9664 479
9665 452
9666 438
9667 474
9668 476
9669 512
9670 519
9671 544
9672 536
9673 509
9674 525
9675 531
9676 514
9677 487
9678 513
9679 536
9680 534
9681 513
9682 506
9683 502
9684 489
9685 467
9686 474
9687 479
9688 462
9689 456
9690 454
9691 504
9692 498
9693 517
9694 468
9695 473
9696 489
9697 495
9698 521
9699 512
9700 559
9701 490
9702 502
9703 517
9704 501
9705 469
9706 490
9707 510
9708 543
9709 573
9710 592
9711 611
9712 640
9713 675
9714 662
9715 652
9716 617
9717 597
9718 598
9719 582
9720 587
9721 605
9722 593
9723 611
9724 580
9725 595
9726 577
9727 562
9728 575
9729 584
9730 573
9731 559
9732 577
9733 539
9734 516
9735 491
9736 476
9737 464
9738 487
9739 463
9740 427
9741 436
9742 465
9743 464
9744 455
9745 496
9746 489
9747 496
9748 481
9749 447
9750 438
9751 422
9752 436
9753 479
9754 484
9755 478
9756 487
9757 482
9758 467
9759 445
9760 469
9761 457
9762 480
9763 480
9764 494
9765 500
9766 474
9767 456
9768 425
9769 438
9770 422
9771 460
9772 517
9773 518
9774 524
9775 524
9776 495
9777 493
9778 492
9779 507
9780 500
9781 502
9782 447
9783 464
9784 465
9785 456
9786 412
9787 392
9788 372
9789 383
9790 386
9791 370
9792 373
9793 374
9794 364
9795 378
9796 350
9797 332
9798 328
9799 305
9800 301
9801 272
9802 275
9803 263
9804 234
9805 231
9806 224
9807 220
9808 221
9809 218
9810 196
9811 229
9812 192
9813 205
9814 185
9815 187
9816 196
9817 214
9818 217
9819 228
9820 228
9821 237
9822 238
9823 246
9824 240
9825 260
9826 257
9827 269
9828 269
9829 283
9830 323
9831 334
9832 344
9833 338
9834 330
9835 350
9836 370
9837 366
9838 380
9839 367
9840 359
9841 369
9842 358
9843 352
9844 317
9845 307
9846 301
9847 287
9848 307
9849 329
9850 360
9851 344
9852 357
9853 348
9854 311
9855 300
9856 304
9857 321
9858 311
9859 315
9860 315
9861 299
9862 299
9863 269
9864 258
9865 241
9866 246
9867 249
9868 223
9869 225
9870 239
9871 240
9872 240
9873 246
9874 240
9875 252
9876 254
9877 234
9878 256
9879 244
9880 236
9881 217
9882 235
9883 206
9884 217
9885 213
9886 196
9887 187
9888 175
9889 164
9890 174
9891 194
9892 200
9893 170
9894 164
9895 190
9896 198
9897 201
9898 193
9899 172
9900 162
9901 166
9902 179
9903 151
9904 162
9905 186
9906 201
9907 202
9908 211
9909 190
9910 175
9911 212
9912 225
9913 235
9914 247
9915 257
9916 240
9917 264
9918 255
9919 229
9920 241
9921 230
9922 244
9923 257
9924 265
9925 266
9926 248
9927 243
9928 227
9929 224
9930 215
9931 217
9932 220
9933 202
9934 190
9935 213
9936 219
9937 205
9938 203
9939 176
9940 182
9941 209
9942 225
9943 238
9944 220
9945 204
9946 200
9947 180
9948 166
9949 167
9950 183
9951 174
9952 167
9953 150
9954 135
9955 114
9956 87
9957 76
9958 74
9959 91
9960 99
9961 91
9962 87
9963 84
9964 78
9965 85
9966 85
9967 70
9968 71
9969 55
9970 52
9971 58
9972 54
9973 58
9974 61
9975 67
9976 75
9977 73
9978 68
9979 63
9980 57
9981 69
9982 68
9983 64
9984 72
9985 62
9986 63
9987 70
9988 70
9989 69
9990 66
9991 68
9992 73
9993 64
9994 60
9995 68
9996 70
9997 64
9998 51
9999 47
10000 46
