1 0
2 0
3 0
4 0
5 0
6 0
7 0
8 0
9 0
10 0
11 0
12 0
13 0
14 0
15 0
16 0
17 0
18 0
19 0
20 0
21 0
22 0
23 0
24 0
25 0
26 0
27 0
28 0
29 0
30 0
31 0
32 0
33 0
34 0
35 0
36 0
37 0
38 0
39 0
40 0
41 0
42 0
43 0
44 0
45 0
46 0
47 0
48 0
49 0
50 0
51 0
52 0
53 0
54 0
55 0
56 0
57 0
58 0
59 0
60 0
61 0
62 0
63 0
64 0
65 0
66 1
67 4
68 2
69 1
70 2
71 4
72 5
73 6
74 4
75 7
76 8
77 8
78 11
79 13
80 14
81 16
82 17
83 18
84 23
85 28
86 38
87 28
88 28
89 23
90 33
91 27
92 35
93 39
94 39
95 39
96 35
97 34
98 34
99 31
100 34
101 39
102 39
103 40
104 52
105 61
106 64
107 64
108 46
109 32
110 27
111 21
112 19
113 13
114 16
115 15
116 17
117 20
118 21
119 19
120 20
121 20
122 6
123 10
124 12
125 6
126 6
127 3
128 1
129 1
130 3
131 1
132 0
133 0
134 0
135 0
136 0
137 0
138 0
139 0
140 0
141 0
142 0
143 0
144 0
145 0
146 0
147 0
148 0
149 0
150 0
151 0
152 0
153 0
154 0
155 0
156 0
157 0
158 0
159 0
160 0
161 0
162 0
163 0
164 0
165 0
166 0
167 0
168 0
169 0
170 0
171 0
172 0
173 0
174 0
175 0
176 0
177 0
178 0
179 0
180 0
181 0
182 0
183 0
184 0
185 0
186 0
187 0
188 0
189 0
190 0
191 0
192 0
193 0
194 0
195 0
196 0
197 0
198 0
199 0
200 0
201 0
202 0
203 0
204 0
205 0
206 0
207 0
208 0
209 0
210 0
211 0
212 0
213 0
214 0
215 0
216 0
217 0
218 0
219 0
220 0
221 0
222 0
223 0
224 0
225 0
226 0
227 0
228 0
229 0
230 0
231 0
232 0
233 0
234 0
235 0
236 0
237 0
238 0
239 0
240 0
241 0
242 0
243 0
244 0
245 0
246 0
247 0
248 0
249 0
250 0
251 0
252 0
253 0
254 0
255 0
256 0
257 0
258 0
259 0
260 0
261 0
262 0
263 0
264 0
265 0
266 0
267 0
268 0
269 0
270 0
271 0
272 0
273 0
274 0
275 0
276 0
277 0
278 0
279 0
280 0
281 0
282 0
283 0
284 0
285 0
286 0
287 0
288 0
289 0
290 1
291 1
292 1
293 4
294 3
295 3
296 3
297 1
298 1
299 0
300 0
301 0
302 0
303 0
304 0
305 0
306 0
307 0
308 0
309 0
310 0
311 0
312 0
313 0
314 0
315 0
316 0
317 0
318 0
319 0
320 0
321 0
322 0
323 0
324 0
325 0
326 0
327 0
328 0
329 0
330 0
331 0
332 0
333 0
334 0
335 0
336 0
337 0
338 0
339 0
340 0
341 0
342 0
343 0
344 0
345 0
346 0
347 0
348 0
349 0
350 0
351 0
352 0
353 0
354 0
355 0
356 0
357 0
358 1
359 0
360 0
361 0
362 0
363 0
364 0
365 0
366 0
367 0
368 0
369 0
370 0
371 0
372 0
373 0
374 0
375 0
376 0
377 0
378 0
379 0
380 0
381 0
382 0
383 0
384 0
385 0
386 0
387 0
388 0
389 0
390 0
391 0
392 0
393 0
394 0
395 0
396 0
397 0
398 0
399 1
400 0
401 0
402 0
403 0
404 0
405 0
406 0
407 0
408 0
409 0
410 0
411 0
412 0
413 0
414 0
415 0
416 0
417 0
418 0
419 0
420 0
421 0
422 0
423 0
424 0
425 0
426 0
427 0
428 0
429 0
430 0
431 0
432 0
433 0
434 0
435 0
436 0
437 0
438 0
439 0
440 0
441 0
442 0
443 0
444 0
445 0
446 0
447 0
448 0
449 0
450 0
451 0
452 0
453 0
454 0
455 0
456 0
457 0
458 1
459 0
460 0
461 0
462 0
463 0
464 0
465 0
466 0
467 0
468 0
469 0
470 0
471 0
472 0
473 0
474 0
475 0
476 0
477 0
478 0
479 0
480 0
481 0
482 0
483 0
484 0
485 0
486 0
487 0
488 0
489 0
490 0
491 0
492 0
493 0
494 0
495 0
496 0
497 0
498 0
499 0
500 0
501 0
502 0
503 0
504 0
505 0
506 0
507 0
508 0
509 0
510 0
511 0
512 0
513 0
514 0
515 0
516 0
517 0
518 0
519 0
520 0
521 0
522 0
523 0
524 0
525 0
526 0
527 0
528 0
529 0
530 0
531 0
532 1
533 2
534 3
535 2
536 1
537 4
538 2
539 1
540 0
541 0
542 0
543 0
544 0
545 0
546 0
547 0
548 0
549 0
550 0
551 0
552 0
553 0
554 0
555 0
556 0
557 0
558 0
559 0
560 0
561 0
562 0
563 0
564 0
565 0
566 0
567 0
568 0
569 0
570 0
571 0
572 0
573 0
574 0
575 0
576 0
577 0
578 0
579 0
580 0
581 0
582 0
583 0
584 0
585 0
586 0
587 0
588 0
589 0
590 0
591 0
592 0
593 0
594 0
595 0
596 0
597 0
598 0
599 0
600 0
601 0
602 0
603 0
604 0
605 0
606 0
607 0
608 0
609 0
610 0
611 0
612 0
613 0
614 0
615 0
616 0
617 0
618 0
619 0
620 0
621 0
622 0
623 0
624 1
625 1
626 0
627 0
628 0
629 0
630 0
631 0
632 0
633 0
634 0
635 0
636 0
637 0
638 0
639 0
640 0
641 0
642 0
643 0
644 0
645 0
646 0
647 0
648 0
649 0
650 0
651 0
652 0
653 0
654 0
655 0
656 0
657 0
658 1
659 1
660 1
661 1
662 0
663 0
664 0
665 0
666 0
667 0
668 0
669 0
670 0
671 0
672 0
673 0
674 0
675 0
676 0
677 0
678 0
679 0
680 0
681 0
682 0
683 0
684 1
685 0
686 0
687 0
688 0
689 0
690 0
691 0
692 0
693 0
694 0
695 0
696 0
697 0
698 0
699 0
700 0
701 0
702 0
703 0
704 0
705 0
706 0
707 0
708 0
709 0
710 0
711 0
712 0
713 0
714 0
715 0
716 0
717 0
718 0
719 0
720 0
721 0
722 0
723 0
724 0
725 0
726 0
727 1
728 0
729 0
730 0
731 0
732 0
733 0
734 0
735 0
736 0
737 0
738 1
739 1
740 2
741 4
742 4
743 3
744 6
745 5
746 4
747 3
748 2
749 1
750 3
751 3
752 2
753 3
754 3
755 8
756 8
757 9
758 11
759 10
760 6
761 5
762 2
763 0
764 0
765 0
766 1
767 0
768 0
769 0
770 0
771 0
772 0
773 0
774 0
775 0
776 0
777 0
778 0
779 0
780 1
781 1
782 1
783 0
784 0
785 0
786 0
787 0
788 0
789 0
790 0
791 0
792 0
793 0
794 0
795 0
796 0
797 0
798 0
799 0
800 0
801 0
802 0
803 0
804 0
805 0
806 0
807 0
808 0
809 0
810 0
811 1
812 1
813 1
814 1
815 1
816 0
817 0
818 0
819 0
820 0
821 0
822 0
823 0
824 0
825 0
826 0
827 0
828 0
829 0
830 0
831 0
832 0
833 0
834 0
835 0
836 0
837 0
838 0
839 0
840 0
841 0
842 0
843 0
844 0
845 0
846 0
847 0
848 0
849 0
850 0
851 0
852 0
853 0
854 0
855 0
856 0
857 0
858 0
859 0
860 0
861 0
862 0
863 0
864 0
865 0
866 0
867 0
868 0
869 0
870 0
871 0
872 0
873 0
874 0
875 0
876 0
877 0
878 0
879 0
880 0
881 0
882 0
883 0
884 0
885 0
886 0
887 0
888 0
889 0
890 0
891 0
892 0
893 0
894 0
895 0
896 0
897 0
898 0
899 0
900 0
901 0
902 0
903 0
904 0
905 0
906 0
907 0
908 0
909 0
910 0
911 0
912 0
913 0
914 0
915 0
916 0
917 0
918 0
919 0
920 0
921 0
922 0
923 0
924 0
925 0
926 0
927 0
928 0
929 0
930 0
931 0
932 0
933 0
934 0
935 0
936 0
937 0
938 0
939 0
940 0
941 0
942 0
943 0
944 0
945 1
946 0
947 0
948 0
949 0
950 1
951 1
952 1
953 1
954 3
955 1
956 1
957 0
958 0
959 0
960 0
961 0
962 0
963 0
964 0
965 0
966 0
967 0
968 0
969 0
970 0
971 0
972 0
973 0
974 0
975 0
976 0
977 0
978 0
979 0
980 0
981 0
982 0
983 0
984 1
985 0
986 0
987 0
988 0
989 0
990 0
991 0
992 0
993 0
994 0
995 0
996 0
997 0
998 0
999 0
1000 0
1001 0
1002 0
1003 0
1004 0
1005 0
1006 0
1007 0
1008 0
1009 0
1010 0
1011 0
1012 0
1013 0
1014 0
1015 0
1016 0
1017 0
1018 0
1019 0
1020 0
1021 0
1022 0
1023 0
1024 0
1025 0
1026 0
1027 0
1028 0
1029 0
1030 0
1031 0
1032 0
1033 0
1034 0
1035 0
1036 0
1037 0
1038 0
1039 0
1040 0
1041 0
1042 0
1043 0
1044 0
1045 0
1046 0
1047 0
1048 0
1049 0
1050 0
1051 0
1052 0
1053 0
1054 0
1055 0
1056 0
1057 0
1058 0
1059 0
1060 0
1061 0
1062 0
1063 0
1064 0
1065 0
1066 0
1067 0
1068 0
1069 0
1070 0
1071 0
1072 0
1073 0
1074 0
1075 0
1076 0
1077 0
1078 0
1079 0
1080 0
1081 0
1082 0
1083 0
1084 0
1085 0
1086 0
1087 0
1088 0
1089 0
1090 0
1091 0
1092 0
1093 0
1094 0
1095 0
1096 0
1097 0
1098 0
1099 0
1100 0
1101 0
1102 0
1103 0
1104 0
1105 0
1106 0
1107 0
1108 0
1109 0
1110 0
1111 0
1112 0
1113 0
1114 0
1115 0
1116 0
1117 0
1118 0
1119 0
1120 0
1121 0
1122 0
1123 0
1124 0
1125 0
1126 0
1127 0
1128 0
1129 0
1130 0
1131 0
1132 0
1133 0
1134 0
1135 0
1136 1
1137 1
1138 0
1139 0
1140 0
1141 0
1142 0
1143 0
1144 0
1145 0
1146 0
1147 0
1148 0
1149 0
1150 0
1151 0
1152 0
1153 0
1154 0
1155 0
1156 0
1157 0
1158 0
1159 0
1160 0
1161 0
1162 0
1163 0
1164 0
1165 0
1166 0
1167 0
1168 0
1169 0
1170 0
1171 0
1172 0
1173 0
1174 0
1175 0
1176 0
1177 0
1178 0
1179 0
1180 0
1181 0
1182 0
1183 0
1184 0
1185 0
1186 0
1187 0
1188 0
1189 0
1190 0
1191 0
1192 0
1193 0
1194 0
1195 0
1196 0
1197 0
1198 0
1199 0
1200 0
1201 0
1202 0
1203 0
1204 0
1205 0
1206 0
1207 0
1208 0
1209 0
1210 0
1211 0
1212 0
1213 0
1214 0
1215 0
1216 0
1217 0
1218 0
1219 0
1220 0
1221 0
1222 0
1223 0
1224 0
1225 0
1226 0
1227 0
1228 0
1229 0
1230 0
1231 0
1232 0
1233 0
1234 0
1235 0
1236 0
1237 0
1238 0
1239 0
1240 0
1241 0
1242 0
1243 0
1244 0
1245 0
1246 0
1247 0
1248 0
1249 0
1250 0
1251 0
1252 0
1253 0
1254 0
1255 0
1256 0
1257 0
1258 0
1259 0
1260 0
1261 0
1262 0
1263 0
1264 0
1265 0
1266 0
1267 0
1268 0
1269 0
1270 0
1271 0
1272 0
1273 0
1274 0
1275 0
1276 0
1277 0
1278 0
1279 0
1280 0
1281 0
1282 0
1283 0
1284 0
1285 0
1286 0
1287 0
1288 0
1289 0
1290 0
1291 0
1292 0
1293 0
1294 0
1295 0
1296 1
1297 1
1298 0
1299 0
1300 0
1301 0
1302 0
1303 0
1304 0
1305 0
1306 0
1307 0
1308 0
1309 0
1310 0
1311 0
1312 0
1313 0
1314 0
1315 0
1316 0
1317 0
1318 0
1319 0
1320 0
1321 0
1322 0
1323 0
1324 0
1325 0
1326 0
1327 0
1328 0
1329 0
1330 0
1331 0
1332 0
1333 1
1334 0
1335 0
1336 0
1337 0
1338 0
1339 0
1340 0
1341 0
1342 0
1343 0
1344 0
1345 0
1346 0
1347 0
1348 0
1349 0
1350 0
1351 0
1352 0
1353 0
1354 0
1355 0
1356 0
1357 0
1358 0
1359 0
1360 0
1361 0
1362 0
1363 0
1364 0
1365 0
1366 0
1367 0
1368 0
1369 0
1370 0
1371 0
1372 0
1373 0
1374 0
1375 0
1376 0
1377 0
1378 0
1379 0
1380 0
1381 0
1382 0
1383 0
1384 0
1385 0
1386 0
1387 0
1388 0
1389 0
1390 0
1391 0
1392 0
1393 0
1394 0
1395 0
1396 0
1397 0
1398 0
1399 1
1400 0
1401 0
1402 0
1403 0
1404 0
1405 0
1406 0
1407 0
1408 0
1409 0
1410 0
1411 0
1412 0
1413 0
1414 0
1415 0
1416 0
1417 0
1418 0
1419 0
1420 0
1421 0
1422 0
1423 0
1424 0
1425 0
1426 0
1427 0
1428 0
1429 0
1430 0
1431 0
1432 0
1433 0
1434 0
1435 0
1436 0
1437 0
1438 0
1439 0
1440 0
1441 1
1442 0
1443 0
1444 0
1445 0
1446 0
1447 0
1448 0
1449 0
1450 0
1451 0
1452 0
1453 0
1454 0
1455 0
1456 0
1457 0
1458 0
1459 0
1460 0
1461 0
1462 0
1463 0
1464 0
1465 0
1466 0
1467 0
1468 0
1469 0
1470 0
1471 0
1472 0
1473 0
1474 0
1475 0
1476 0
1477 0
1478 0
1479 0
1480 0
1481 0
1482 0
1483 0
1484 0
1485 0
1486 1
1487 0
1488 0
1489 0
1490 0
1491 0
1492 0
1493 0
1494 0
1495 0
1496 0
1497 0
1498 0
1499 0
1500 0
1501 0
1502 0
1503 0
1504 0
1505 0
1506 0
1507 0
1508 0
1509 0
1510 0
1511 0
1512 0
1513 0
1514 0
1515 0
1516 0
1517 0
1518 0
1519 0
1520 0
1521 0
1522 0
1523 0
1524 0
1525 0
1526 0
1527 0
1528 0
1529 0
1530 0
1531 0
1532 0
1533 0
1534 0
1535 0
1536 0
1537 0
1538 0
1539 0
1540 0
1541 0
1542 2
1543 3
1544 4
1545 6
1546 6
1547 4
1548 4
1549 6
1550 11
1551 8
1552 7
1553 2
1554 1
1555 0
1556 0
1557 0
1558 0
1559 0
1560 0
1561 0
1562 0
1563 0
1564 0
1565 0
1566 0
1567 0
1568 0
1569 0
1570 0
1571 0
1572 0
1573 0
1574 0
1575 0
1576 0
1577 0
1578 0
1579 0
1580 0
1581 0
1582 0
1583 0
1584 0
1585 0
1586 1
1587 2
1588 4
1589 4
1590 6
1591 4
1592 4
1593 6
1594 5
1595 9
1596 8
1597 9
1598 11
1599 11
1600 16
1601 16
1602 15
1603 25
1604 25
1605 18
1606 13
1607 11
1608 13
1609 15
1610 17
1611 12
1612 13
1613 8
1614 12
1615 12
1616 14
1617 19
1618 28
1619 42
1620 48
1621 51
1622 57
1623 69
1624 58
1625 53
1626 60
1627 67
1628 61
1629 69
1630 54
1631 43
1632 39
1633 27
1634 41
1635 40
1636 36
1637 30
1638 33
1639 29
1640 35
1641 27
1642 39
1643 43
1644 44
1645 48
1646 43
1647 38
1648 40
1649 35
1650 40
1651 40
1652 43
1653 42
1654 26
1655 25
1656 26
1657 27
1658 27
1659 25
1660 20
1661 16
1662 15
1663 11
1664 7
1665 3
1666 2
1667 2
1668 3
1669 2
1670 0
1671 0
1672 0
1673 0
1674 0
1675 0
1676 1
1677 1
1678 0
1679 0
1680 0
1681 0
1682 0
1683 0
1684 0
1685 0
1686 0
1687 0
1688 0
1689 0
1690 0
1691 0
1692 0
1693 0
1694 1
1695 2
1696 2
1697 1
1698 0
1699 0
1700 0
1701 0
1702 0
1703 0
1704 0
1705 0
1706 0
1707 0
1708 0
1709 0
1710 0
1711 0
1712 0
1713 0
1714 0
1715 0
1716 0
1717 0
1718 0
1719 0
1720 0
1721 0
1722 0
1723 0
1724 0
1725 0
1726 0
1727 0
1728 0
1729 0
1730 0
1731 1
1732 0
1733 0
1734 0
1735 0
1736 0
1737 0
1738 0
1739 0
1740 0
1741 0
1742 0
1743 0
1744 0
1745 0
1746 0
1747 0
1748 0
1749 0
1750 1
1751 1
1752 0
1753 1
1754 0
1755 0
1756 0
1757 0
1758 0
1759 0
1760 0
1761 0
1762 0
1763 0
1764 0
1765 0
1766 0
1767 0
1768 0
1769 0
1770 0
1771 0
1772 0
1773 0
1774 0
1775 0
1776 0
1777 0
1778 0
1779 0
1780 0
1781 0
1782 0
1783 0
1784 0
1785 0
1786 0
1787 0
1788 0
1789 0
1790 0
1791 0
1792 0
1793 0
1794 0
1795 0
1796 0
1797 0
1798 0
1799 0
1800 0
1801 0
1802 0
1803 0
1804 0
1805 0
1806 0
1807 0
1808 0
1809 0
1810 0
1811 0
1812 0
1813 0
1814 0
1815 0
1816 0
1817 0
1818 0
1819 0
1820 0
1821 0
1822 0
1823 0
1824 0
1825 0
1826 0
1827 0
1828 0
1829 0
1830 0
1831 0
1832 0
1833 0
1834 0
1835 0
1836 0
1837 0
1838 0
1839 0
1840 0
1841 0
1842 0
1843 0
1844 0
1845 0
1846 0
1847 0
1848 0
1849 0
1850 0
1851 0
1852 0
1853 0
1854 0
1855 0
1856 0
1857 0
1858 0
1859 0
1860 0
1861 0
1862 0
1863 0
1864 0
1865 0
1866 0
1867 0
1868 0
1869 0
1870 0
1871 0
1872 0
1873 0
1874 0
1875 0
1876 0
1877 0
1878 0
1879 0
1880 0
1881 0
1882 1
1883 0
1884 0
1885 0
1886 0
1887 0
1888 0
1889 0
1890 0
1891 0
1892 0
1893 0
1894 0
1895 0
1896 0
1897 0
1898 0
1899 0
1900 0
1901 0
1902 0
1903 0
1904 0
1905 0
1906 0
1907 0
1908 0
1909 0
1910 0
1911 0
1912 0
1913 0
1914 0
1915 0
1916 0
1917 0
1918 0
1919 0
1920 0
1921 0
1922 0
1923 0
1924 0
1925 0
1926 0
1927 0
1928 0
1929 0
1930 0
1931 0
1932 0
1933 0
1934 0
1935 0
1936 0
1937 0
1938 0
1939 0
1940 0
1941 1
1942 2
1943 0
1944 0
1945 0
1946 0
1947 0
1948 0
1949 0
1950 0
1951 0
1952 0
1953 0
1954 0
1955 0
1956 0
1957 0
1958 0
1959 0
1960 0
1961 0
1962 0
1963 0
1964 0
1965 0
1966 0
1967 0
1968 0
1969 0
1970 0
1971 0
1972 0
1973 0
1974 0
1975 0
1976 0
1977 1
1978 0
1979 0
1980 0
1981 0
1982 0
1983 0
1984 0
1985 0
1986 0
1987 0
1988 0
1989 0
1990 0
1991 0
1992 0
1993 0
1994 0
1995 0
1996 0
1997 0
1998 0
1999 0
2000 0
2001 0
2002 0
2003 0
2004 0
2005 0
2006 0
2007 0
2008 0
2009 0
2010 0
2011 0
2012 0
2013 0
2014 0
2015 0
2016 0
2017 0
2018 0
2019 0
2020 0
2021 0
2022 0
2023 0
2024 0
2025 0
2026 0
2027 0
2028 0
2029 0
2030 0
2031 0
2032 0
2033 0
2034 0
2035 0
2036 0
2037 0
2038 0
2039 0
2040 0
2041 0
2042 0
2043 0
2044 0
2045 0
2046 0
2047 0
2048 0
2049 0
2050 0
2051 0
2052 0
2053 0
2054 0
2055 0
2056 0
2057 0
2058 0
2059 0
2060 0
2061 0
2062 0
2063 0
2064 0
2065 0
2066 0
2067 0
2068 0
2069 0
2070 0
2071 0
2072 0
2073 0
2074 0
2075 0
2076 0
2077 0
2078 0
2079 0
2080 0
2081 0
2082 0
2083 0
2084 0
2085 0
2086 0
2087 0
2088 0
2089 0
2090 0
2091 0
2092 0
2093 0
2094 0
2095 0
2096 0
2097 0
2098 0
2099 0
2100 0
2101 0
2102 0
2103 0
2104 0
2105 0
2106 0
2107 0
2108 0
2109 0
2110 0
2111 0
2112 0
2113 0
2114 0
2115 0
2116 0
2117 0
2118 0
2119 0
2120 0
2121 0
2122 0
2123 0
2124 0
2125 0
2126 0
2127 0
2128 0
2129 0
2130 0
2131 0
2132 0
2133 0
2134 0
2135 0
2136 0
2137 0
2138 0
2139 0
2140 0
2141 0
2142 0
2143 0
2144 0
2145 0
2146 0
2147 1
2148 1
2149 0
2150 0
2151 0
2152 0
2153 0
2154 0
2155 0
2156 0
2157 0
2158 0
2159 0
2160 0
2161 0
2162 0
2163 0
2164 0
2165 0
2166 0
2167 0
2168 0
2169 0
2170 0
2171 0
2172 0
2173 0
2174 0
2175 0
2176 0
2177 0
2178 0
2179 0
2180 0
2181 0
2182 0
2183 0
2184 0
2185 0
2186 0
2187 0
2188 0
2189 0
2190 0
2191 0
2192 0
2193 0
2194 0
2195 0
2196 0
2197 0
2198 0
2199 0
2200 0
2201 0
2202 0
2203 0
2204 0
2205 0
2206 0
2207 0
2208 0
2209 0
2210 0
2211 0
2212 0
2213 0
2214 0
2215 0
2216 0
2217 0
2218 0
2219 0
2220 0
2221 0
2222 1
2223 0
2224 0
2225 0
2226 0
2227 1
2228 1
2229 2
2230 1
2231 2
2232 2
2233 4
2234 7
2235 4
2236 8
2237 2
2238 1
2239 1
2240 2
2241 1
2242 0
2243 0
2244 0
2245 0
2246 0
2247 0
2248 0
2249 0
2250 0
2251 0
2252 0
2253 0
2254 0
2255 0
2256 0
2257 0
2258 0
2259 0
2260 0
2261 0
2262 0
2263 0
2264 0
2265 0
2266 0
2267 0
2268 0
2269 0
2270 0
2271 0
2272 0
2273 0
2274 0
2275 0
2276 0
2277 0
2278 0
2279 0
2280 0
2281 0
2282 0
2283 0
2284 0
2285 0
2286 0
2287 0
2288 0
2289 0
2290 0
2291 0
2292 0
2293 0
2294 0
2295 1
2296 0
2297 0
2298 0
2299 0
2300 0
2301 0
2302 0
2303 1
2304 1
2305 0
2306 0
2307 0
2308 0
2309 0
2310 0
2311 0
2312 0
2313 1
2314 0
2315 0
2316 0
2317 0
2318 0
2319 0
2320 0
2321 0
2322 0
2323 0
2324 0
2325 0
2326 0
2327 0
2328 0
2329 0
2330 0
2331 0
2332 0
2333 0
2334 0
2335 0
2336 0
2337 0
2338 0
2339 0
2340 0
2341 0
2342 1
2343 1
2344 1
2345 3
2346 5
2347 3
2348 4
2349 3
2350 3
2351 2
2352 2
2353 1
2354 1
2355 2
2356 2
2357 1
2358 2
2359 1
2360 1
2361 0
2362 0
2363 0
2364 0
2365 0
2366 0
2367 0
2368 0
2369 0
2370 0
2371 0
2372 0
2373 0
2374 0
2375 0
2376 0
2377 0
2378 0
2379 1
2380 2
2381 2
2382 2
2383 3
2384 4
2385 3
2386 3
2387 2
2388 2
2389 4
2390 1
2391 0
2392 0
2393 0
2394 0
2395 0
2396 0
2397 0
2398 0
2399 0
2400 0
2401 0
2402 0
2403 0
2404 0
2405 0
2406 0
2407 0
2408 0
2409 0
2410 0
2411 0
2412 0
2413 0
2414 0
2415 0
2416 0
2417 0
2418 0
2419 0
2420 0
2421 0
2422 0
2423 0
2424 0
2425 0
2426 0
2427 0
2428 0
2429 0
2430 0
2431 0
2432 0
2433 0
2434 0
2435 0
2436 0
2437 0
2438 0
2439 0
2440 0
2441 0
2442 0
2443 0
2444 0
2445 0
2446 0
2447 0
2448 0
2449 0
2450 0
2451 0
2452 0
2453 0
2454 0
2455 0
2456 0
2457 0
2458 0
2459 0
2460 0
2461 0
2462 0
2463 0
2464 1
2465 2
2466 3
2467 4
2468 3
2469 2
2470 2
2471 5
2472 7
2473 4
2474 8
2475 10
2476 7
2477 5
2478 3
2479 3
2480 4
2481 4
2482 4
2483 4
2484 2
2485 3
2486 3
2487 5
2488 10
2489 11
2490 17
2491 17
2492 17
2493 11
2494 10
2495 14
2496 12
2497 18
2498 18
2499 17
2500 20
2501 16
2502 16
2503 18
2504 22
2505 24
2506 24
2507 20
2508 23
2509 30
2510 32
2511 23
2512 26
2513 22
2514 27
2515 32
2516 31
2517 28
2518 31
2519 25
2520 24
2521 26
2522 14
2523 14
2524 11
2525 9
2526 14
2527 18
2528 19
2529 20
2530 23
2531 30
2532 28
2533 26
2534 23
2535 23
2536 17
2537 10
2538 7
2539 9
2540 8
2541 6
2542 4
2543 3
2544 2
2545 4
2546 3
2547 4
2548 2
2549 2
2550 4
2551 1
2552 2
2553 3
2554 1
2555 2
2556 2
2557 3
2558 3
2559 6
2560 5
2561 5
2562 4
2563 5
2564 3
2565 3
2566 1
2567 2
2568 1
2569 1
2570 1
2571 1
2572 0
2573 0
2574 0
2575 0
2576 0
2577 0
2578 0
2579 0
2580 0
2581 1
2582 2
2583 1
2584 0
2585 0
2586 0
2587 0
2588 0
2589 0
2590 0
2591 0
2592 0
2593 0
2594 0
2595 0
2596 0
2597 0
2598 0
2599 0
2600 0
2601 0
2602 0
2603 0
2604 0
2605 0
2606 0
2607 0
2608 0
2609 0
2610 0
2611 0
2612 0
2613 0
2614 0
2615 0
2616 0
2617 0
2618 0
2619 0
2620 0
2621 0
2622 0
2623 0
2624 0
2625 0
2626 0
2627 0
2628 0
2629 0
2630 0
2631 0
2632 0
2633 0
2634 0
2635 0
2636 0
2637 0
2638 0
2639 0
2640 0
2641 0
2642 0
2643 0
2644 0
2645 0
2646 0
2647 0
2648 0
2649 0
2650 0
2651 0
2652 0
2653 0
2654 0
2655 0
2656 0
2657 0
2658 1
2659 2
2660 2
2661 3
2662 4
2663 2
2664 3
2665 2
2666 2
2667 3
2668 3
2669 5
2670 5
2671 5
2672 1
2673 2
2674 1
2675 0
2676 0
2677 0
2678 0
2679 0
2680 0
2681 0
2682 0
2683 0
2684 0
2685 0
2686 0
2687 0
2688 0
2689 0
2690 0
2691 0
2692 0
2693 0
2694 0
2695 0
2696 0
2697 0
2698 0
2699 0
2700 0
2701 0
2702 0
2703 0
2704 0
2705 0
2706 0
2707 0
2708 0
2709 0
2710 0
2711 0
2712 0
2713 0
2714 0
2715 0
2716 0
2717 0
2718 0
2719 0
2720 0
2721 0
2722 0
2723 0
2724 0
2725 0
2726 0
2727 0
2728 0
2729 0
2730 0
2731 0
2732 0
2733 0
2734 0
2735 0
2736 0
2737 0
2738 0
2739 0
2740 0
2741 0
2742 0
2743 0
2744 0
2745 0
2746 0
2747 0
2748 0
2749 0
2750 0
2751 0
2752 0
2753 0
2754 0
2755 0
2756 0
2757 0
2758 0
2759 0
2760 0
2761 0
2762 0
2763 0
2764 0
2765 0
2766 0
2767 0
2768 0
2769 0
2770 0
2771 0
2772 0
2773 0
2774 0
2775 0
2776 0
2777 0
2778 0
2779 0
2780 0
2781 1
2782 2
2783 1
2784 0
2785 0
2786 0
2787 0
2788 0
2789 0
2790 0
2791 0
2792 0
2793 0
2794 0
2795 0
2796 0
2797 0
2798 0
2799 0
2800 0
2801 0
2802 0
2803 0
2804 0
2805 0
2806 0
2807 0
2808 0
2809 0
2810 0
2811 0
2812 0
2813 0
2814 0
2815 0
2816 0
2817 1
2818 1
2819 1
2820 1
2821 0
2822 0
2823 0
2824 0
2825 0
2826 0
2827 0
2828 0
2829 0
2830 0
2831 0
2832 0
2833 0
2834 0
2835 0
2836 0
2837 0
2838 1
2839 0
2840 0
2841 0
2842 0
2843 0
2844 0
2845 0
2846 0
2847 0
2848 0
2849 0
2850 0
2851 0
2852 0
2853 0
2854 0
2855 0
2856 0
2857 1
2858 1
2859 2
2860 0
2861 0
2862 1
2863 0
2864 0
2865 0
2866 0
2867 0
2868 0
2869 0
2870 0
2871 0
2872 0
2873 0
2874 0
2875 0
2876 0
2877 0
2878 0
2879 0
2880 0
2881 0
2882 0
2883 1
2884 1
2885 2
2886 3
2887 3
2888 4
2889 6
2890 9
2891 5
2892 3
2893 3
2894 3
2895 3
2896 4
2897 2
2898 1
2899 0
2900 0
2901 0
2902 0
2903 0
2904 0
2905 0
2906 0
2907 1
2908 2
2909 5
2910 4
2911 2
2912 3
2913 4
2914 3
2915 5
2916 6
2917 5
2918 3
2919 2
2920 2
2921 3
2922 4
2923 3
2924 4
2925 4
2926 2
2927 1
2928 2
2929 4
2930 2
2931 3
2932 4
2933 5
2934 3
2935 5
2936 6
2937 9
2938 9
2939 5
2940 6
2941 5
2942 8
2943 10
2944 8
2945 8
2946 4
2947 3
2948 8
2949 9
2950 11
2951 9
2952 9
2953 6
2954 6
2955 4
2956 1
2957 1
2958 2
2959 3
2960 2
2961 3
2962 0
2963 0
2964 0
2965 0
2966 0
2967 0
2968 0
2969 0
2970 0
2971 0
2972 0
2973 0
2974 0
2975 0
2976 0
2977 0
2978 0
2979 0
2980 0
2981 0
2982 0
2983 0
2984 0
2985 0
2986 0
2987 0
2988 0
2989 0
2990 0
2991 0
2992 0
2993 0
2994 0
2995 0
2996 0
2997 0
2998 0
2999 0
3000 0
3001 0
3002 0
3003 0
3004 0
3005 0
3006 0
3007 0
3008 0
3009 0
3010 0
3011 0
3012 0
3013 0
3014 0
3015 0
3016 0
3017 0
3018 0
3019 0
3020 0
3021 0
3022 0
3023 0
3024 0
3025 0
3026 0
3027 0
3028 0
3029 0
3030 0
3031 0
3032 1
3033 1
3034 1
3035 2
3036 3
3037 4
3038 0
3039 0
3040 0
3041 0
3042 1
3043 3
3044 3
3045 2
3046 1
3047 0
3048 0
3049 0
3050 0
3051 0
3052 0
3053 1
3054 0
3055 0
3056 0
3057 0
3058 0
3059 0
3060 0
3061 0
3062 0
3063 0
3064 0
3065 0
3066 0
3067 0
3068 0
3069 0
3070 0
3071 0
3072 0
3073 0
3074 0
3075 0
3076 0
3077 0
3078 0
3079 0
3080 0
3081 0
3082 0
3083 0
3084 0
3085 0
3086 0
3087 0
3088 0
3089 0
3090 0
3091 0
3092 0
3093 0
3094 0
3095 0
3096 0
3097 0
3098 0
3099 1
3100 1
3101 2
3102 3
3103 2
3104 5
3105 5
3106 6
3107 7
3108 6
3109 5
3110 3
3111 4
3112 6
3113 5
3114 11
3115 11
3116 13
3117 17
3118 16
3119 18
3120 15
3121 28
3122 27
3123 38
3124 39
3125 44
3126 48
3127 49
3128 45
3129 47
3130 52
3131 53
3132 38
3133 44
3134 60
3135 58
3136 60
3137 66
3138 50
3139 46
3140 52
3141 48
3142 57
3143 57
3144 63
3145 66
3146 78
3147 91
3148 89
3149 77
3150 85
3151 78
3152 76
3153 91
3154 92
3155 78
3156 77
3157 80
3158 89
3159 89
3160 94
3161 91
3162 91
3163 72
3164 72
3165 73
3166 71
3167 74
3168 78
3169 85
3170 105
3171 112
3172 125
3173 121
3174 116
3175 119
3176 119
3177 125
3178 102
3179 104
3180 98
3181 90
3182 106
3183 106
3184 93
3185 97
3186 102
3187 101
3188 101
3189 98
3190 112
3191 110
3192 118
3193 119
3194 122
3195 124
3196 122
3197 124
3198 138
3199 129
3200 133
3201 150
3202 155
3203 180
3204 186
3205 177
3206 180
3207 191
3208 172
3209 166
3210 164
3211 153
3212 164
3213 167
3214 171
3215 156
3216 151
3217 159
3218 140
3219 158
3220 148
3221 131
3222 131
3223 100
3224 97
3225 100
3226 106
3227 111
3228 112
3229 113
3230 112
3231 118
3232 126
3233 108
3234 114
3235 125
3236 115
3237 124
3238 110
3239 104
3240 100
3241 112
3242 108
3243 102
3244 88
3245 94
3246 89
3247 85
3248 91
3249 96
3250 109
3251 117
3252 118
3253 130
3254 150
3255 160
3256 159
3257 173
3258 178
3259 169
3260 163
3261 151
3262 164
3263 151
3264 152
3265 170
3266 179
3267 173
3268 168
3269 165
3270 181
3271 195
3272 198
3273 175
3274 171
3275 194
3276 173
3277 175
3278 160
3279 180
3280 181
3281 169
3282 165
3283 158
3284 148
3285 139
3286 135
3287 143
3288 156
3289 148
3290 158
3291 141
3292 143
3293 146
3294 162
3295 175
3296 152
3297 151
3298 149
3299 146
3300 149
3301 149
3302 164
3303 161
3304 137
3305 153
3306 160
3307 176
3308 163
3309 188
3310 193
3311 175
3312 173
3313 166
3314 160
3315 194
3316 175
3317 166
3318 154
3319 167
3320 161
3321 159
3322 158
3323 169
3324 165
3325 175
3326 169
3327 156
3328 143
3329 122
3330 133
3331 134
3332 131
3333 131
3334 110
3335 112
3336 106
3337 117
3338 117
3339 111
3340 101
3341 102
3342 108
3343 113
3344 107
3345 113
3346 113
3347 106
3348 98
3349 90
3350 86
3351 82
3352 84
3353 82
3354 91
3355 93
3356 112
3357 111
3358 113
3359 106
3360 100
3361 103
3362 124
3363 127
3364 128
3365 119
3366 125
3367 99
3368 93
3369 107
3370 109
3371 104
3372 99
3373 106
3374 114
3375 124
3376 134
3377 140
3378 149
3379 155
3380 155
3381 173
3382 143
3383 137
3384 127
3385 109
3386 104
3387 102
3388 94
3389 87
3390 100
3391 98
3392 87
3393 85
3394 81
3395 76
3396 74
3397 83
3398 76
3399 76
3400 76
3401 82
3402 92
3403 83
3404 75
3405 63
3406 68
3407 63
3408 62
3409 55
3410 72
3411 99
3412 99
3413 109
3414 104
3415 100
3416 104
3417 113
3418 116
3419 117
3420 126
3421 114
3422 123
3423 118
3424 136
3425 135
3426 140
3427 168
3428 175
3429 158
3430 164
3431 182
3432 167
3433 153
3434 164
3435 151
3436 156
3437 149
3438 144
3439 144
3440 134
3441 129
3442 142
3443 137
3444 158
3445 148
3446 139
3447 146
3448 173
3449 171
3450 169
3451 168
3452 148
3453 157
3454 190
3455 178
3456 161
3457 152
3458 161
3459 164
3460 175
3461 169
3462 175
3463 169
3464 190
3465 180
3466 191
3467 193
3468 206
3469 238
3470 254
3471 243
3472 221
3473 220
3474 201
3475 190
3476 191
3477 196
3478 211
3479 257
3480 240
3481 209
3482 216
3483 209
3484 193
3485 174
3486 191
3487 166
3488 162
3489 165
3490 145
3491 151
3492 134
3493 137
3494 126
3495 112
3496 120
3497 126
3498 134
3499 117
3500 114
3501 114
3502 122
3503 110
3504 111
3505 122
3506 122
3507 126
3508 136
3509 121
3510 130
3511 122
3512 123
3513 123
3514 114
3515 119
3516 114
3517 122
3518 116
3519 108
3520 101
3521 124
3522 116
3523 101
3524 98
3525 110
3526 114
3527 100
3528 110
3529 108
3530 109
3531 111
3532 121
3533 115
3534 96
3535 97
3536 87
3537 74
3538 81
3539 80
3540 69
3541 70
3542 59
3543 54
3544 46
3545 39
3546 56
3547 55
3548 52
3549 58
3550 67
3551 61
3552 58
3553 49
3554 38
3555 41
3556 38
3557 34
3558 34
3559 31
3560 28
3561 30
3562 19
3563 14
3564 11
3565 11
3566 8
3567 10
3568 15
3569 15
3570 13
3571 13
3572 16
3573 16
3574 17
3575 13
3576 12
3577 12
3578 7
3579 5
3580 4
3581 4
3582 7
3583 5
3584 5
3585 5
3586 7
3587 9
3588 9
3589 13
3590 9
3591 12
3592 12
3593 14
3594 8
3595 8
3596 6
3597 5
3598 4
3599 4
3600 4
3601 1
3602 1
3603 1
3604 1
3605 0
3606 0
3607 0
3608 0
3609 0
3610 0
3611 0
3612 0
3613 0
3614 0
3615 0
3616 0
3617 0
3618 0
3619 0
3620 0
3621 0
3622 0
3623 0
3624 0
3625 0
3626 0
3627 0
3628 0
3629 0
3630 0
3631 0
3632 0
3633 0
3634 0
3635 0
3636 0
3637 0
3638 0
3639 0
3640 0
3641 0
3642 0
3643 0
3644 0
3645 0
3646 0
3647 0
3648 0
3649 0
3650 0
3651 0
3652 0
3653 0
3654 0
3655 0
3656 0
3657 0
3658 0
3659 0
3660 0
3661 0
3662 0
3663 0
3664 0
3665 0
3666 0
3667 0
3668 0
3669 0
3670 0
3671 0
3672 0
3673 0
3674 0
3675 0
3676 0
3677 0
3678 0
3679 0
3680 0
3681 0
3682 0
3683 0
3684 0
3685 0
3686 0
3687 0
3688 0
3689 0
3690 0
3691 0
3692 0
3693 0
3694 0
3695 0
3696 0
3697 0
3698 0
3699 0
3700 0
3701 0
3702 0
3703 0
3704 0
3705 0
3706 0
3707 0
3708 0
3709 0
3710 0
3711 0
3712 0
3713 0
3714 0
3715 0
3716 0
3717 0
3718 0
3719 0
3720 0
3721 0
3722 0
3723 0
3724 0
3725 0
3726 0
3727 0
3728 0
3729 0
3730 0
3731 0
3732 1
3733 1
3734 3
3735 4
3736 1
3737 1
3738 2
3739 1
3740 0
3741 0
3742 0
3743 0
3744 0
3745 0
3746 0
3747 0
3748 0
3749 0
3750 0
3751 0
3752 0
3753 0
3754 0
3755 0
3756 0
3757 0
3758 0
3759 0
3760 0
3761 0
3762 0
3763 0
3764 0
3765 0
3766 0
3767 0
3768 0
3769 0
3770 0
3771 0
3772 0
3773 0
3774 0
3775 0
3776 0
3777 0
3778 0
3779 0
3780 0
3781 0
3782 0
3783 1
3784 2
3785 4
3786 2
3787 5
3788 4
3789 4
3790 4
3791 3
3792 1
3793 2
3794 0
3795 0
3796 0
3797 0
3798 0
3799 0
3800 0
3801 0
3802 0
3803 0
3804 0
3805 0
3806 0
3807 0
3808 0
3809 0
3810 0
3811 0
3812 0
3813 0
3814 0
3815 0
3816 0
3817 0
3818 0
3819 0
3820 0
3821 0
3822 0
3823 0
3824 0
3825 0
3826 0
3827 0
3828 0
3829 0
3830 0
3831 0
3832 0
3833 0
3834 0
3835 0
3836 0
3837 1
3838 0
3839 0
3840 0
3841 0
3842 0
3843 0
3844 0
3845 0
3846 0
3847 0
3848 0
3849 0
3850 0
3851 0
3852 0
3853 0
3854 0
3855 0
3856 0
3857 0
3858 0
3859 0
3860 0
3861 0
3862 0
3863 0
3864 0
3865 0
3866 0
3867 0
3868 0
3869 0
3870 0
3871 0
3872 0
3873 0
3874 0
3875 0
3876 0
3877 0
3878 0
3879 0
3880 0
3881 0
3882 0
3883 0
3884 0
3885 0
3886 0
3887 0
3888 0
3889 0
3890 0
3891 0
3892 0
3893 0
3894 0
3895 0
3896 0
3897 0
3898 0
3899 0
3900 0
3901 0
3902 0
3903 0
3904 0
3905 0
3906 0
3907 0
3908 0
3909 0
3910 0
3911 0
3912 0
3913 0
3914 0
3915 0
3916 0
3917 0
3918 0
3919 0
3920 0
3921 0
3922 0
3923 0
3924 0
3925 1
3926 0
3927 0
3928 0
3929 0
3930 0
3931 0
3932 0
3933 0
3934 0
3935 0
3936 0
3937 0
3938 0
3939 0
3940 0
3941 0
3942 0
3943 0
3944 0
3945 0
3946 0
3947 0
3948 0
3949 0
3950 0
3951 0
3952 0
3953 0
3954 0
3955 0
3956 0
3957 0
3958 0
3959 0
3960 0
3961 1
3962 2
3963 3
3964 3
3965 5
3966 3
3967 3
3968 5
3969 4
3970 3
3971 3
3972 2
3973 1
3974 0
3975 0
3976 0
3977 0
3978 0
3979 0
3980 0
3981 0
3982 0
3983 0
3984 0
3985 0
3986 0
3987 0
3988 1
3989 3
3990 3
3991 4
3992 6
3993 8
3994 7
3995 11
3996 17
3997 20
3998 23
3999 21
4000 18
4001 16
4002 14
4003 16
4004 13
4005 13
4006 13
4007 10
4008 14
4009 7
4010 6
4011 5
4012 7
4013 6
4014 4
4015 2
4016 1
4017 0
4018 0
4019 0
4020 0
4021 0
4022 0
4023 0
4024 0
4025 0
4026 0
4027 0
4028 0
4029 0
4030 0
4031 0
4032 0
4033 0
4034 0
4035 0
4036 0
4037 0
4038 0
4039 0
4040 0
4041 0
4042 0
4043 0
4044 0
4045 0
4046 0
4047 0
4048 0
4049 0
4050 0
4051 0
4052 0
4053 0
4054 0
4055 0
4056 0
4057 0
4058 0
4059 0
4060 0
4061 0
4062 0
4063 0
4064 0
4065 1
4066 0
4067 0
4068 0
4069 0
4070 0
4071 0
4072 0
4073 0
4074 0
4075 0
4076 0
4077 0
4078 0
4079 0
4080 0
4081 0
4082 0
4083 0
4084 0
4085 0
4086 0
4087 0
4088 0
4089 1
4090 2
4091 4
4092 5
4093 4
4094 2
4095 1
4096 1
4097 0
4098 0
4099 0
4100 0
4101 0
4102 0
4103 0
4104 0
4105 0
4106 0
4107 0
4108 0
4109 0
4110 0
4111 0
4112 0
4113 0
4114 0
4115 0
4116 0
4117 0
4118 0
4119 0
4120 0
4121 0
4122 0
4123 0
4124 0
4125 0
4126 0
4127 0
4128 0
4129 0
4130 0
4131 0
4132 0
4133 0
4134 0
4135 0
4136 0
4137 0
4138 0
4139 0
4140 0
4141 0
4142 0
4143 0
4144 0
4145 0
4146 0
4147 0
4148 0
4149 0
4150 0
4151 0
4152 0
4153 0
4154 0
4155 0
4156 0
4157 0
4158 0
4159 0
4160 0
4161 0
4162 0
4163 0
4164 0
4165 0
4166 0
4167 0
4168 0
4169 0
4170 1
4171 0
4172 0
4173 0
4174 0
4175 0
4176 0
4177 0
4178 0
4179 0
4180 0
4181 0
4182 0
4183 0
4184 0
4185 0
4186 0
4187 0
4188 0
4189 0
4190 0
4191 0
4192 0
4193 0
4194 0
4195 0
4196 0
4197 0
4198 0
4199 0
4200 0
4201 0
4202 0
4203 0
4204 0
4205 0
4206 0
4207 0
4208 0
4209 0
4210 0
4211 0
4212 0
4213 0
4214 0
4215 0
4216 0
4217 0
4218 0
4219 0
4220 0
4221 0
4222 0
4223 0
4224 0
4225 0
4226 0
4227 0
4228 0
4229 0
4230 0
4231 0
4232 0
4233 0
4234 0
4235 0
4236 0
4237 0
4238 0
4239 0
4240 0
4241 0
4242 0
4243 0
4244 0
4245 0
4246 0
4247 0
4248 0
4249 0
4250 0
4251 0
4252 0
4253 0
4254 1
4255 0
4256 0
4257 0
4258 0
4259 0
4260 0
4261 0
4262 0
4263 0
4264 0
4265 0
4266 0
4267 0
4268 0
4269 0
4270 0
4271 0
4272 0
4273 0
4274 0
4275 0
4276 0
4277 0
4278 0
4279 0
4280 0
4281 0
4282 0
4283 0
4284 0
4285 0
4286 0
4287 0
4288 0
4289 0
4290 0
4291 0
4292 0
4293 0
4294 0
4295 0
4296 0
4297 0
4298 0
4299 0
4300 0
4301 0
4302 0
4303 0
4304 0
4305 0
4306 0
4307 0
4308 0
4309 0
4310 0
4311 0
4312 0
4313 0
4314 0
4315 0
4316 0
4317 0
4318 0
4319 0
4320 0
4321 0
4322 0
4323 0
4324 0
4325 0
4326 0
4327 0
4328 0
4329 0
4330 0
4331 0
4332 0
4333 0
4334 0
4335 0
4336 0
4337 0
4338 0
4339 0
4340 0
4341 0
4342 0
4343 0
4344 0
4345 0
4346 0
4347 0
4348 0
4349 0
4350 0
4351 0
4352 0
4353 0
4354 0
4355 0
4356 0
4357 0
4358 0
4359 0
4360 0
4361 0
4362 0
4363 0
4364 0
4365 0
4366 0
4367 0
4368 0
4369 0
4370 0
4371 0
4372 0
4373 0
4374 0
4375 0
4376 0
4377 0
4378 0
4379 0
4380 0
4381 0
4382 0
4383 0
4384 0
4385 0
4386 0
4387 0
4388 0
4389 0
4390 0
4391 0
4392 0
4393 0
4394 0
4395 0
4396 0
4397 0
4398 0
4399 0
4400 0
4401 0
4402 0
4403 0
4404 0
4405 0
4406 1
4407 1
4408 2
4409 4
4410 2
4411 4
4412 3
4413 5
4414 5
4415 3
4416 2
4417 3
4418 5
4419 9
4420 8
4421 5
4422 8
4423 10
4424 10
4425 8
4426 9
4427 9
4428 8
4429 8
4430 7
4431 7
4432 8
4433 13
4434 13
4435 14
4436 16
4437 13
4438 11
4439 10
4440 9
4441 9
4442 7
4443 2
4444 2
4445 0
4446 0
4447 0
4448 0
4449 0
4450 0
4451 0
4452 0
4453 0
4454 0
4455 0
4456 0
4457 0
4458 0
4459 0
4460 0
4461 0
4462 0
4463 0
4464 0
4465 0
4466 0
4467 0
4468 0
4469 0
4470 0
4471 0
4472 0
4473 0
4474 0
4475 0
4476 0
4477 0
4478 0
4479 0
4480 1
4481 2
4482 2
4483 2
4484 2
4485 3
4486 0
4487 0
4488 0
4489 0
4490 0
4491 0
4492 0
4493 0
4494 0
4495 0
4496 0
4497 0
4498 0
4499 0
4500 0
4501 0
4502 0
4503 0
4504 0
4505 0
4506 0
4507 0
4508 0
4509 0
4510 0
4511 0
4512 0
4513 0
4514 0
4515 0
4516 0
4517 0
4518 0
4519 0
4520 0
4521 0
4522 0
4523 0
4524 0
4525 0
4526 0
4527 0
4528 0
4529 0
4530 0
4531 0
4532 0
4533 0
4534 0
4535 0
4536 0
4537 0
4538 0
4539 0
4540 0
4541 0
4542 0
4543 0
4544 0
4545 0
4546 0
4547 0
4548 0
4549 0
4550 0
4551 0
4552 0
4553 0
4554 0
4555 0
4556 0
4557 0
4558 0
4559 0
4560 0
4561 0
4562 0
4563 0
4564 0
4565 0
4566 0
4567 0
4568 0
4569 0
4570 0
4571 1
4572 1
4573 1
4574 2
4575 3
4576 1
4577 0
4578 0
4579 0
4580 0
4581 0
4582 0
4583 0
4584 0
4585 0
4586 0
4587 0
4588 0
4589 0
4590 0
4591 0
4592 0
4593 0
4594 0
4595 0
4596 0
4597 0
4598 0
4599 0
4600 0
4601 0
4602 0
4603 0
4604 0
4605 0
4606 0
4607 0
4608 0
4609 0
4610 0
4611 0
4612 0
4613 0
4614 0
4615 0
4616 0
4617 0
4618 0
4619 0
4620 0
4621 0
4622 0
4623 0
4624 0
4625 0
4626 0
4627 0
4628 0
4629 0
4630 0
4631 0
4632 0
4633 0
4634 0
4635 0
4636 0
4637 0
4638 0
4639 0
4640 0
4641 0
4642 0
4643 0
4644 1
4645 0
4646 0
4647 0
4648 0
4649 0
4650 1
4651 1
4652 2
4653 2
4654 3
4655 3
4656 0
4657 0
4658 0
4659 0
4660 0
4661 0
4662 0
4663 0
4664 0
4665 0
4666 0
4667 0
4668 0
4669 0
4670 0
4671 0
4672 0
4673 0
4674 0
4675 0
4676 0
4677 0
4678 0
4679 0
4680 0
4681 0
4682 0
4683 0
4684 0
4685 0
4686 0
4687 0
4688 0
4689 0
4690 0
4691 0
4692 0
4693 0
4694 0
4695 0
4696 0
4697 0
4698 0
4699 0
4700 0
4701 0
4702 0
4703 0
4704 0
4705 1
4706 1
4707 0
4708 0
4709 0
4710 0
4711 0
4712 0
4713 0
4714 0
4715 0
4716 0
4717 0
4718 0
4719 0
4720 0
4721 0
4722 0
4723 0
4724 0
4725 0
4726 0
4727 0
4728 0
4729 0
4730 0
4731 0
4732 0
4733 0
4734 0
4735 0
4736 0
4737 0
4738 0
4739 0
4740 0
4741 0
4742 0
4743 0
4744 0
4745 0
4746 0
4747 0
4748 0
4749 0
4750 0
4751 0
4752 0
4753 0
4754 0
4755 0
4756 0
4757 0
4758 0
4759 0
4760 0
4761 0
4762 0
4763 0
4764 0
4765 0
4766 0
4767 0
4768 0
4769 0
4770 0
4771 0
4772 0
4773 0
4774 0
4775 0
4776 0
4777 0
4778 0
4779 0
4780 0
4781 0
4782 0
4783 0
4784 0
4785 0
4786 0
4787 0
4788 0
4789 0
4790 0
4791 0
4792 0
4793 1
4794 1
4795 2
4796 1
4797 0
4798 0
4799 0
4800 0
4801 0
4802 0
4803 0
4804 0
4805 0
4806 0
4807 0
4808 0
4809 0
4810 0
4811 0
4812 0
4813 0
4814 0
4815 0
4816 0
4817 0
4818 0
4819 0
4820 0
4821 0
4822 0
4823 0
4824 0
4825 0
4826 0
4827 0
4828 0
4829 0
4830 0
4831 0
4832 0
4833 1
4834 2
4835 5
4836 4
4837 1
4838 0
4839 0
4840 0
4841 0
4842 0
4843 0
4844 0
4845 0
4846 0
4847 0
4848 0
4849 0
4850 0
4851 0
4852 0
4853 0
4854 0
4855 0
4856 0
4857 0
4858 0
4859 0
4860 0
4861 0
4862 0
4863 0
4864 0
4865 0
4866 0
4867 0
4868 0
4869 0
4870 0
4871 0
4872 0
4873 0
4874 0
4875 0
4876 0
4877 0
4878 0
4879 0
4880 0
4881 0
4882 0
4883 0
4884 0
4885 0
4886 0
4887 0
4888 0
4889 0
4890 0
4891 0
4892 0
4893 0
4894 0
4895 0
4896 0
4897 0
4898 0
4899 0
4900 0
4901 0
4902 0
4903 0
4904 0
4905 0
4906 0
4907 0
4908 0
4909 0
4910 0
4911 0
4912 0
4913 0
4914 0
4915 0
4916 0
4917 0
4918 0
4919 0
4920 0
4921 0
4922 0
4923 0
4924 0
4925 0
4926 0
4927 0
4928 0
4929 0
4930 0
4931 0
4932 0
4933 0
4934 0
4935 0
4936 0
4937 0
4938 0
4939 0
4940 0
4941 0
4942 0
4943 0
4944 0
4945 0
4946 0
4947 0
4948 0
4949 0
4950 0
4951 0
4952 0
4953 0
4954 0
4955 0
4956 0
4957 0
4958 0
4959 0
4960 0
4961 0
4962 0
4963 0
4964 0
4965 0
4966 0
4967 0
4968 0
4969 0
4970 0
4971 0
4972 0
4973 0
4974 0
4975 0
4976 0
4977 0
4978 0
4979 0
4980 0
4981 0
4982 0
4983 0
4984 0
4985 0
4986 0
4987 0
4988 0
4989 0
4990 0
4991 0
4992 1
4993 1
4994 1
4995 2
4996 1
4997 1
4998 1
4999 0
5000 0
5001 0
5002 0
5003 0
5004 0
5005 0
5006 0
5007 0
5008 0
5009 0
5010 0
5011 0
5012 0
5013 0
5014 0
5015 0
5016 0
5017 0
5018 0
5019 0
5020 0
5021 0
5022 0
5023 0
5024 0
5025 0
5026 0
5027 0
5028 0
5029 0
5030 0
5031 0
5032 0
5033 0
5034 0
5035 0
5036 0
5037 0
5038 1
5039 0
5040 0
5041 0
5042 0
5043 1
5044 0
5045 0
5046 0
5047 0
5048 0
5049 0
5050 0
5051 0
5052 0
5053 0
5054 0
5055 0
5056 0
5057 0
5058 0
5059 0
5060 0
5061 0
5062 0
5063 0
5064 0
5065 0
5066 0
5067 0
5068 0
5069 0
5070 0
5071 0
5072 0
5073 0
5074 0
5075 0
5076 0
5077 0
5078 0
5079 0
5080 0
5081 0
5082 0
5083 0
5084 0
5085 0
5086 0
5087 0
5088 0
5089 0
5090 0
5091 0
5092 0
5093 0
5094 0
5095 0
5096 0
5097 0
5098 0
5099 0
5100 0
5101 0
5102 0
5103 0
5104 0
5105 0
5106 0
5107 0
5108 0
5109 0
5110 0
5111 0
5112 0
5113 0
5114 0
5115 0
5116 0
5117 0
5118 0
5119 0
5120 0
5121 0
5122 0
5123 0
5124 0
5125 0
5126 0
5127 0
5128 0
5129 0
5130 0
5131 0
5132 0
5133 0
5134 0
5135 0
5136 0
5137 0
5138 0
5139 0
5140 0
5141 0
5142 0
5143 0
5144 1
5145 1
5146 2
5147 2
5148 1
5149 3
5150 2
5151 2
5152 3
5153 2
5154 1
5155 1
5156 0
5157 0
5158 0
5159 0
5160 0
5161 0
5162 0
5163 0
5164 0
5165 1
5166 1
5167 0
5168 0
5169 0
5170 0
5171 0
5172 0
5173 0
5174 0
5175 0
5176 0
5177 0
5178 0
5179 0
5180 0
5181 0
5182 0
5183 0
5184 0
5185 0
5186 0
5187 0
5188 0
5189 0
5190 0
5191 0
5192 0
5193 0
5194 0
5195 0
5196 0
5197 0
5198 0
5199 0
5200 0
5201 0
5202 0
5203 0
5204 0
5205 0
5206 0
5207 0
5208 0
5209 0
5210 0
5211 0
5212 0
5213 0
5214 0
5215 0
5216 0
5217 0
5218 0
5219 0
5220 0
5221 0
5222 0
5223 0
5224 0
5225 0
5226 0
5227 0
5228 0
5229 0
5230 0
5231 0
5232 0
5233 0
5234 0
5235 0
5236 1
5237 2
5238 3
5239 4
5240 3
5241 2
5242 1
5243 2
5244 2
5245 2
5246 3
5247 2
5248 0
5249 0
5250 0
5251 0
5252 0
5253 0
5254 0
5255 0
5256 0
5257 0
5258 0
5259 0
5260 0
5261 0
5262 0
5263 0
5264 0
5265 0
5266 0
5267 0
5268 0
5269 0
5270 0
5271 0
5272 0
5273 0
5274 0
5275 0
5276 0
5277 0
5278 0
5279 0
5280 0
5281 0
5282 0
5283 0
5284 0
5285 0
5286 0
5287 0
5288 0
5289 1
5290 1
5291 2
5292 3
5293 6
5294 6
5295 4
5296 10
5297 13
5298 14
5299 17
5300 14
5301 14
5302 11
5303 10
5304 12
5305 14
5306 14
5307 18
5308 22
5309 27
5310 23
5311 22
5312 17
5313 19
5314 25
5315 18
5316 21
5317 21
5318 20
5319 22
5320 19
5321 21
5322 20
5323 24
5324 23
5325 31
5326 36
5327 24
5328 33
5329 29
5330 37
5331 48
5332 48
5333 62
5334 61
5335 69
5336 74
5337 96
5338 88
5339 83
5340 79
5341 71
5342 68
5343 57
5344 59
5345 64
5346 72
5347 69
5348 76
5349 70
5350 87
5351 88
5352 87
5353 95
5354 98
5355 90
5356 87
5357 71
5358 70
5359 66
5360 71
5361 81
5362 69
5363 71
5364 62
5365 54
5366 45
5367 56
5368 62
5369 57
5370 57
5371 47
5372 43
5373 41
5374 41
5375 44
5376 42
5377 45
5378 45
5379 30
5380 22
5381 23
5382 27
5383 24
5384 24
5385 29
5386 37
5387 38
5388 45
5389 43
5390 32
5391 28
5392 30
5393 33
5394 32
5395 24
5396 24
5397 22
5398 34
5399 29
5400 30
5401 22
5402 23
5403 16
5404 22
5405 19
5406 18
5407 16
5408 9
5409 10
5410 10
5411 15
5412 15
5413 22
5414 30
5415 27
5416 30
5417 39
5418 55
5419 71
5420 67
5421 61
5422 79
5423 93
5424 96
5425 82
5426 75
5427 72
5428 64
5429 78
5430 70
5431 67
5432 59
5433 56
5434 64
5435 60
5436 63
5437 51
5438 46
5439 44
5440 42
5441 41
5442 45
5443 51
5444 48
5445 62
5446 64
5447 73
5448 79
5449 74
5450 84
5451 75
5452 72
5453 70
5454 74
5455 77
5456 88
5457 84
5458 90
5459 82
5460 76
5461 85
5462 84
5463 91
5464 102
5465 106
5466 104
5467 107
5468 139
5469 141
5470 155
5471 133
5472 138
5473 145
5474 133
5475 131
5476 123
5477 127
5478 116
5479 134
5480 127
5481 127
5482 135
5483 127
5484 121
5485 129
5486 117
5487 131
5488 149
5489 133
5490 119
5491 99
5492 95
5493 102
5494 103
5495 107
5496 101
5497 94
5498 95
5499 112
5500 115
5501 112
5502 111
5503 110
5504 110
5505 101
5506 96
5507 92
5508 97
5509 117
5510 116
5511 105
5512 103
5513 87
5514 98
5515 110
5516 99
5517 100
5518 109
5519 126
5520 136
5521 115
5522 124
5523 125
5524 126
5525 153
5526 126
5527 117
5528 120
5529 122
5530 111
5531 115
5532 109
5533 96
5534 98
5535 97
5536 97
5537 106
5538 113
5539 111
5540 115
5541 133
5542 140
5543 130
5544 118
5545 99
5546 94
5547 99
5548 94
5549 81
5550 84
5551 83
5552 96
5553 105
5554 123
5555 122
5556 113
5557 131
5558 130
5559 134
5560 108
5561 113
5562 114
5563 116
5564 118
5565 136
5566 127
5567 121
5568 132
5569 130
5570 125
5571 127
5572 141
5573 142
5574 149
5575 149
5576 129
5577 131
5578 135
5579 138
5580 147
5581 121
5582 119
5583 135
5584 140
5585 134
5586 142
5587 129
5588 117
5589 117
5590 125
5591 118
5592 105
5593 122
5594 128
5595 141
5596 134
5597 138
5598 154
5599 156
5600 134
5601 135
5602 138
5603 110
5604 111
5605 122
5606 133
5607 123
5608 123
5609 122
5610 107
5611 89
5612 95
5613 82
5614 90
5615 74
5616 88
5617 81
5618 79
5619 78
5620 83
5621 75
5622 68
5623 75
5624 80
5625 83
5626 78
5627 82
5628 85
5629 81
5630 97
5631 90
5632 83
5633 87
5634 86
5635 93
5636 90
5637 104
5638 104
5639 130
5640 134
5641 126
5642 147
5643 153
5644 165
5645 177
5646 181
5647 177
5648 161
5649 184
5650 193
5651 200
5652 222
5653 229
5654 246
5655 230
5656 228
5657 230
5658 228
5659 204
5660 201
5661 201
5662 210
5663 196
5664 189
5665 191
5666 187
5667 202
5668 232
5669 217
5670 228
5671 216
5672 214
5673 212
5674 213
5675 208
5676 220
5677 211
5678 198
5679 191
5680 177
5681 177
5682 190
5683 211
5684 190
5685 211
5686 216
5687 220
5688 244
5689 223
5690 240
5691 239
5692 245
5693 258
5694 249
5695 257
5696 272
5697 265
5698 290
5699 284
5700 286
5701 285
5702 313
5703 309
5704 314
5705 368
5706 369
5707 371
5708 349
5709 342
5710 337
5711 343
5712 330
5713 314
5714 325
5715 324
5716 332
5717 333
5718 351
5719 360
5720 375
5721 370
5722 403
5723 403
5724 395
5725 391
5726 410
5727 401
5728 394
5729 416
5730 391
5731 398
5732 381
5733 385
5734 369
5735 370
5736 403
5737 383
5738 407
5739 398
5740 368
5741 376
5742 375
5743 362
5744 373
5745 382
5746 403
5747 395
5748 416
5749 411
5750 375
5751 383
5752 416
5753 426
5754 428
5755 423
5756 369
5757 353
5758 351
5759 336
5760 350
5761 342
5762 330
5763 338
5764 359
5765 385
5766 420
5767 435
5768 452
5769 444
5770 425
5771 409
5772 438
5773 391
5774 377
5775 367
5776 403
5777 387
5778 376
5779 361
5780 379
5781 349
5782 358
5783 380
5784 381
5785 378
5786 394
5787 398
5788 434
5789 415
5790 430
5791 432
5792 423
5793 447
5794 443
5795 464
5796 470
5797 450
5798 408
5799 434
5800 441
5801 412
5802 414
5803 387
5804 373
5805 397
5806 361
5807 364
5808 353
5809 317
5810 317
5811 338
5812 366
5813 379
5814 395
5815 381
5816 420
5817 422
5818 371
5819 368
5820 370
5821 361
5822 356
5823 355
5824 333
5825 304
5826 320
5827 328
5828 310
5829 297
5830 328
5831 323
5832 323
5833 336
5834 319
5835 326
5836 301
5837 318
5838 325
5839 299
5840 299
5841 266
5842 275
5843 256
5844 243
5845 248
5846 253
5847 254
5848 257
5849 251
5850 242
5851 228
5852 221
5853 247
5854 261
5855 251
5856 240
5857 251
5858 255
5859 266
5860 257
5861 258
5862 248
5863 245
5864 218
5865 208
5866 231
5867 209
5868 219
5869 237
5870 253
5871 243
5872 239
5873 254
5874 234
5875 211
5876 221
5877 237
5878 256
5879 277
5880 260
5881 265
5882 258
5883 252
5884 250
5885 235
5886 228
5887 214
5888 230
5889 229
5890 232
5891 229
5892 236
5893 255
5894 238
5895 257
5896 253
5897 229
5898 230
5899 239
5900 216
5901 222
5902 230
5903 231
5904 235
5905 240
5906 270
5907 266
5908 263
5909 271
5910 261
5911 249
5912 223
5913 228
5914 235
5915 224
5916 220
5917 223
5918 214
5919 225
5920 245
5921 239
5922 246
5923 244
5924 214
5925 205
5926 191
5927 209
5928 218
5929 223
5930 251
5931 258
5932 284
5933 324
5934 337
5935 329
5936 355
5937 359
5938 392
5939 397
5940 365
5941 374
5942 364
5943 364
5944 320
5945 305
5946 291
5947 290
5948 290
5949 266
5950 276
5951 298
5952 289
5953 305
5954 303
5955 332
5956 333
5957 311
5958 314
5959 333
5960 320
5961 291
5962 323
5963 339
5964 339
5965 368
5966 358
5967 337
5968 342
5969 317
5970 297
5971 308
5972 305
5973 303
5974 300
5975 310
5976 316
5977 298
5978 264
5979 259
5980 267
5981 257
5982 259
5983 252
5984 250
5985 263
5986 286
5987 275
5988 263
5989 248
5990 232
5991 227
5992 235
5993 279
5994 266
5995 278
5996 255
5997 258
5998 256
5999 238
6000 214
6001 194
6002 211
6003 214
6004 215
6005 225
6006 222
6007 224
6008 216
6009 198
6010 182
6011 165
6012 192
6013 200
6014 212
6015 216
6016 231
6017 252
6018 249
6019 262
6020 257
6021 239
6022 226
6023 204
6024 206
6025 210
6026 236
6027 243
6028 252
6029 254
6030 260
6031 281
6032 282
6033 286
6034 310
6035 328
6036 312
6037 349
6038 356
6039 371
6040 381
6041 389
6042 383
6043 382
6044 346
6045 359
6046 358
6047 365
6048 370
6049 332
6050 336
6051 339
6052 337
6053 330
6054 338
6055 361
6056 365
6057 364
6058 341
6059 322
6060 317
6061 323
6062 340
6063 353
6064 328
6065 322
6066 313
6067 298
6068 312
6069 326
6070 335
6071 340
6072 362
6073 382
6074 394
6075 385
6076 387
6077 412
6078 422
6079 395
6080 389
6081 430
6082 424
6083 439
6084 444
6085 440
6086 453
6087 512
6088 512
6089 534
6090 561
6091 534
6092 541
6093 555
6094 572
6095 594
6096 585
6097 577
6098 592
6099 609
6100 608
6101 589
6102 604
6103 583
6104 602
6105 588
6106 594
6107 638
6108 643
6109 641
6110 660
6111 626
6112 631
6113 651
6114 631
6115 666
6116 662
6117 690
6118 723
6119 725
6120 742
6121 768
6122 709
6123 737
6124 723
6125 749
6126 749
6127 741
6128 705
6129 668
6130 613
6131 598
6132 573
6133 552
6134 562
6135 546
6136 558
6137 521
6138 516
6139 507
6140 491
6141 473
6142 460
6143 457
6144 478
6145 453
6146 449
6147 461
6148 468
6149 447
6150 417
6151 409
6152 418
6153 403
6154 406
6155 372
6156 377
6157 376
6158 371
6159 384
6160 374
6161 383
6162 387
6163 383
6164 376
6165 400
6166 386
6167 360
6168 320
6169 311
6170 323
6171 326
6172 307
6173 325
6174 348
6175 341
6176 370
6177 361
6178 347
6179 328
6180 319
6181 293
6182 289
6183 272
6184 277
6185 253
6186 265
6187 283
6188 299
6189 292
6190 275
6191 285
6192 286
6193 280
6194 269
6195 279
6196 279
6197 311
6198 291
6199 309
6200 310
6201 318
6202 321
6203 331
6204 351
6205 367
6206 369
6207 353
6208 344
6209 388
6210 379
6211 376
6212 366
6213 377
6214 338
6215 297
6216 294
6217 301
6218 299
6219 306
6220 308
6221 337
6222 333
6223 352
6224 322
6225 287
6226 277
6227 276
6228 253
6229 266
6230 254
6231 258
6232 265
6233 268
6234 313
6235 328
6236 336
6237 332
6238 299
6239 329
6240 350
6241 353
6242 393
6243 442
6244 469
6245 441
6246 436
6247 454
6248 451
6249 445
6250 436
6251 492
6252 498
6253 515
6254 546
6255 559
6256 558
6257 593
6258 608
6259 603
6260 576
6261 598
6262 625
6263 654
6264 652
6265 610
6266 606
6267 604
6268 562
6269 517
6270 530
6271 581
6272 600
6273 581
6274 561
6275 561
6276 537
6277 548
6278 563
6279 604
6280 570
6281 575
6282 573
6283 602
6284 607
6285 609
6286 567
6287 602
6288 563
6289 573
6290 595
6291 609
6292 590
6293 553
6294 571
6295 563
6296 537
6297 537
6298 537
6299 556
6300 545
6301 558
6302 550
6303 562
6304 589
6305 607
6306 577
6307 621
6308 635
6309 627
6310 615
6311 625
6312 644
6313 616
6314 602
6315 611
6316 609
6317 581
6318 609
6319 638
6320 664
6321 653
6322 664
6323 691
6324 693
6325 690
6326 746
6327 766
6328 766
6329 765
6330 790
6331 767
6332 719
6333 707
6334 681
6335 646
6336 606
6337 601
6338 554
6339 567
6340 550
6341 605
6342 552
6343 542
6344 570
6345 580
6346 565
6347 537
6348 522
6349 522
6350 533
6351 536
6352 568
6353 562
6354 557
6355 562
6356 534
6357 535
6358 529
6359 581
6360 583
6361 565
6362 547
6363 549
6364 545
6365 550
6366 541
6367 496
6368 477
6369 463
6370 448
6371 453
6372 436
6373 433
6374 453
6375 450
6376 459
6377 454
6378 456
6379 435
6380 447
6381 403
6382 401
6383 402
6384 456
6385 485
6386 439
6387 429
6388 429
6389 435
6390 439
6391 445
6392 477
6393 483
6394 475
6395 477
6396 462
6397 485
6398 538
6399 535
6400 509
6401 501
6402 478
6403 497
6404 524
6405 516
6406 531
6407 501
6408 504
6409 492
6410 489
6411 480
6412 460
6413 445
6414 407
6415 422
6416 437
6417 426
6418 393
6419 418
6420 390
6421 379
6422 355
6423 333
6424 362
6425 349
6426 386
6427 366
6428 338
6429 343
6430 385
6431 437
6432 474
6433 466
6434 443
6435 442
6436 430
6437 457
6438 435
6439 453
6440 468
6441 466
6442 437
6443 443
6444 439
6445 475
6446 494
6447 544
6448 556
6449 554
6450 595
6451 567
6452 534
6453 570
6454 599
6455 633
6456 639
6457 656
6458 645
6459 657
6460 676
6461 677
6462 663
6463 657
6464 616
6465 645
6466 634
6467 611
6468 590
6469 584
6470 585
6471 605
6472 602
6473 576
6474 595
6475 642
6476 694
6477 727
6478 732
6479 718
6480 749
6481 747
6482 754
6483 770
6484 757
6485 773
6486 730
6487 728
6488 717
6489 739
6490 772
6491 762
6492 712
6493 737
6494 706
6495 750
6496 791
6497 781
6498 804
6499 861
6500 850
6501 840
6502 836
6503 829
6504 830
6505 841
6506 798
6507 802
6508 733
6509 686
6510 693
6511 697
6512 655
6513 693
6514 654
6515 657
6516 667
6517 693
6518 718
6519 744
6520 755
6521 783
6522 788
6523 808
6524 834
6525 868
6526 863
6527 845
6528 807
6529 766
6530 756
6531 762
6532 717
6533 696
6534 685
6535 697
6536 707
6537 731
6538 770
6539 735
6540 717
6541 716
6542 732
6543 749
6544 721
6545 739
6546 746
6547 753
6548 750
6549 772
6550 748
6551 769
6552 816
6553 787
6554 802
6555 787
6556 796
6557 774
6558 772
6559 766
6560 716
6561 700
6562 716
6563 700
6564 729
6565 747
6566 768
6567 794
6568 838
6569 822
6570 858
6571 835
6572 861
6573 889
6574 893
6575 886
6576 885
6577 833
6578 858
6579 888
6580 947
6581 924
6582 990
6583 1022
6584 1015
6585 1024
6586 1013
6587 1032
6588 988
6589 999
6590 985
6591 971
6592 1043
6593 1044
6594 1014
6595 993
6596 952
6597 956
6598 959
6599 953
6600 971
6601 947
6602 920
6603 931
6604 889
6605 916
6606 964
6607 1043
6608 1096
6609 1131
6610 1160
6611 1154
6612 1135
6613 1113
6614 1110
6615 1143
6616 1143
6617 1182
6618 1166
6619 1134
6620 1166
6621 1199
6622 1187
6623 1205
6624 1229
6625 1232
6626 1169
6627 1181
6628 1190
6629 1237
6630 1193
6631 1236
6632 1207
6633 1212
6634 1203
6635 1193
6636 1185
6637 1205
6638 1185
6639 1171
6640 1178
6641 1198
6642 1195
6643 1158
6644 1166
6645 1179
6646 1184
6647 1252
6648 1279
6649 1274
6650 1190
6651 1166
6652 1194
6653 1188
6654 1167
6655 1188
6656 1191
6657 1229
6658 1259
6659 1193
6660 1196
6661 1202
6662 1152
6663 1091
6664 1069
6665 1069
6666 1071
6667 1052
6668 1037
6669 1051
6670 1009
6671 1056
6672 1085
6673 1121
6674 1086
6675 1010
6676 980
6677 1005
6678 981
6679 930
6680 863
6681 906
6682 877
6683 864
6684 873
6685 879
6686 866
6687 824
6688 841
6689 812
6690 828
6691 834
6692 853
6693 802
6694 798
6695 773
6696 797
6697 826
6698 776
6699 799
6700 829
6701 855
6702 836
6703 823
6704 752
6705 791
6706 760
6707 790
6708 818
6709 874
6710 854
6711 837
6712 875
6713 836
6714 823
6715 819
6716 829
6717 824
6718 811
6719 812
6720 814
6721 777
6722 781
6723 793
6724 816
6725 756
6726 729
6727 704
6728 707
6729 739
6730 708
6731 712
6732 704
6733 695
6734 674
6735 673
6736 710
6737 673
6738 658
6739 615
6740 588
6741 548
6742 524
6743 521
6744 509
6745 459
6746 451
6747 467
6748 451
6749 480
6750 483
6751 454
6752 444
6753 422
6754 434
6755 391
6756 393
6757 415
6758 407
6759 432
6760 448
6761 442
6762 448
6763 429
6764 411
6765 402
6766 379
6767 367
6768 375
6769 351
6770 357
6771 339
6772 350
6773 352
6774 367
6775 393
6776 387
6777 401
6778 387
6779 369
6780 374
6781 403
6782 412
6783 403
6784 411
6785 384
6786 366
6787 372
6788 373
6789 364
6790 365
6791 352
6792 391
6793 398
6794 386
6795 402
6796 411
6797 460
6798 416
6799 416
6800 418
6801 386
6802 362
6803 391
6804 393
6805 385
6806 388
6807 401
6808 400
6809 397
6810 370
6811 344
6812 348
6813 341
6814 329
6815 307
6816 318
6817 337
6818 340
6819 333
6820 330
6821 372
6822 355
6823 392
6824 376
6825 384
6826 361
6827 382
6828 399
6829 401
6830 417
6831 390
6832 382
6833 417
6834 423
6835 439
6836 425
6837 433
6838 429
6839 459
6840 467
6841 441
6842 416
6843 394
6844 431
6845 406
6846 385
6847 398
6848 379
6849 381
6850 374
6851 405
6852 398
6853 370
6854 375
6855 386
6856 383
6857 386
6858 398
6859 393
6860 417
6861 439
6862 437
6863 419
6864 408
6865 371
6866 349
6867 319
6868 310
6869 340
6870 330
6871 314
6872 281
6873 277
6874 272
6875 272
6876 251
6877 241
6878 266
6879 258
6880 270
6881 257
6882 234
6883 227
6884 230
6885 264
6886 256
6887 252
6888 244
6889 243
6890 224
6891 228
6892 226
6893 249
6894 229
6895 219
6896 240
6897 251
6898 237
6899 265
6900 260
6901 246
6902 256
6903 234
6904 235
6905 231
6906 220
6907 220
6908 220
6909 244
6910 251
6911 273
6912 293
6913 303
6914 269
6915 244
6916 261
6917 258
6918 262
6919 287
6920 281
6921 256
6922 265
6923 266
6924 274
6925 277
6926 296
6927 305
6928 304
6929 312
6930 309
6931 325
6932 306
6933 315
6934 266
6935 306
6936 297
6937 318
6938 320
6939 342
6940 383
6941 357
6942 338
6943 312
6944 291
6945 276
6946 262
6947 266
6948 265
6949 252
6950 280
6951 267
6952 259
6953 278
6954 306
6955 297
6956 320
6957 325
6958 333
6959 312
6960 324
6961 334
6962 331
6963 352
6964 363
6965 381
6966 391
6967 390
6968 387
6969 407
6970 420
6971 426
6972 424
6973 442
6974 415
6975 426
6976 427
6977 429
6978 453
6979 450
6980 443
6981 458
6982 461
6983 430
6984 438
6985 419
6986 407
6987 403
6988 421
6989 402
6990 387
6991 404
6992 435
6993 414
6994 391
6995 368
6996 326
6997 327
6998 339
6999 346
7000 350
7001 378
7002 430
7003 390
7004 383
7005 362
7006 370
7007 401
7008 424
7009 437
7010 419
7011 425
7012 421
7013 389
7014 367
7015 360
7016 377
7017 371
7018 366
7019 364
7020 389
7021 403
7022 406
7023 392
7024 426
7025 451
7026 455
7027 463
7028 449
7029 449
7030 432
7031 432
7032 462
7033 450
7034 443
7035 431
7036 421
7037 391
7038 413
7039 442
7040 448
7041 428
7042 454
7043 459
7044 476
7045 452
7046 454
7047 483
7048 497
7049 508
7050 511
7051 492
7052 509
7053 485
7054 504
7055 518
7056 521
7057 539
7058 513
7059 519
7060 490
7061 454
7062 430
7063 447
7064 419
7065 406
7066 378
7067 362
7068 358
7069 384
7070 396
7071 425
7072 418
7073 364
7074 398
7075 418
7076 430
7077 415
7078 388
7079 414
7080 439
7081 427
7082 442
7083 410
7084 436
7085 430
7086 455
7087 444
7088 443
7089 421
7090 444
7091 478
7092 511
7093 478
7094 466
7095 473
7096 458
7097 422
7098 416
7099 422
7100 425
7101 447
7102 468
7103 492
7104 475
7105 496
7106 504
7107 545
7108 547
7109 511
7110 512
7111 510
7112 460
7113 434
7114 431
7115 454
7116 451
7117 460
7118 472
7119 462
7120 468
7121 476
7122 458
7123 416
7124 390
7125 395
7126 400
7127 402
7128 383
7129 369
7130 338
7131 327
7132 325
7133 321
7134 325
7135 332
7136 331
7137 309
7138 293
7139 284
7140 296
7141 294
7142 288
7143 289
7144 293
7145 288
7146 285
7147 307
7148 297
7149 287
7150 297
7151 308
7152 289
7153 335
7154 318
7155 339
7156 341
7157 352
7158 354
7159 383
7160 408
7161 419
7162 398
7163 414
7164 399
7165 368
7166 365
7167 382
7168 380
7169 399
7170 419
7171 376
7172 390
7173 399
7174 409
7175 400
7176 375
7177 377
7178 375
7179 381
7180 349
7181 360
7182 360
7183 375
7184 346
7185 321
7186 333
7187 347
7188 344
7189 330
7190 339
7191 336
7192 341
7193 355
7194 361
7195 386
7196 367
7197 364
7198 359
7199 351
7200 358
7201 355
7202 373
7203 372
7204 370
7205 401
7206 375
7207 347
7208 363
7209 371
7210 364
7211 392
7212 404
7213 450
7214 455
7215 456
7216 500
7217 513
7218 474
7219 507
7220 531
7221 525
7222 526
7223 524
7224 526
7225 558
7226 547
7227 524
7228 519
7229 527
7230 514
7231 539
7232 581
7233 612
7234 641
7235 667
7236 636
7237 628
7238 574
7239 607
7240 584
7241 565
7242 584
7243 614
7244 613
7245 598
7246 606
7247 597
7248 594
7249 602
7250 574
7251 573
7252 563
7253 578
7254 586
7255 553
7256 587
7257 607
7258 647
7259 641
7260 639
7261 665
7262 649
7263 671
7264 675
7265 678
7266 696
7267 692
7268 702
7269 659
7270 662
7271 669
7272 687
7273 699
7274 690
7275 717
7276 675
7277 636
7278 639
7279 635
7280 635
7281 639
7282 618
7283 644
7284 675
7285 642
7286 633
7287 608
7288 580
7289 590
7290 591
7291 590
7292 581
7293 563
7294 548
7295 564
7296 553
7297 547
7298 518
7299 547
7300 562
7301 578
7302 588
7303 581
7304 544
7305 543
7306 549
7307 558
7308 567
7309 572
7310 583
7311 614
7312 627
7313 589
7314 576
7315 591
7316 593
7317 597
7318 574
7319 628
7320 627
7321 586
7322 593
7323 577
7324 599
7325 569
7326 586
7327 581
7328 618
7329 657
7330 651
7331 687
7332 639
7333 679
7334 682
7335 683
7336 662
7337 666
7338 692
7339 730
7340 784
7341 800
7342 793
7343 829
7344 831
7345 833
7346 834
7347 839
7348 873
7349 888
7350 932
7351 954
7352 929
7353 909
7354 887
7355 896
7356 889
7357 899
7358 929
7359 970
7360 988
7361 995
7362 1002
7363 963
7364 996
7365 945
7366 958
7367 971
7368 1029
7369 1023
7370 1006
7371 1071
7372 1076
7373 1077
7374 1094
7375 1091
7376 1058
7377 1043
7378 1007
7379 914
7380 892
7381 857
7382 829
7383 812
7384 803
7385 806
7386 809
7387 764
7388 727
7389 702
7390 708
7391 693
7392 728
7393 722
7394 763
7395 793
7396 792
7397 787
7398 770
7399 747
7400 733
7401 713
7402 724
7403 697
7404 719
7405 725
7406 684
7407 719
7408 725
7409 766
7410 802
7411 827
7412 806
7413 840
7414 797
7415 833
7416 815
7417 834
7418 836
7419 842
7420 851
7421 858
7422 899
7423 918
7424 944
7425 933
7426 928
7427 925
7428 899
7429 924
7430 915
7431 889
7432 873
7433 869
7434 862
7435 908
7436 902
7437 891
7438 901
7439 855
7440 856
7441 853
7442 845
7443 842
7444 819
7445 810
7446 787
7447 781
7448 815
7449 881
7450 916
7451 937
7452 944
7453 964
7454 950
7455 928
7456 948
7457 904
7458 848
7459 863
7460 811
7461 890
7462 883
7463 849
7464 837
7465 908
7466 926
7467 940
7468 909
7469 903
7470 899
7471 884
7472 852
7473 859
7474 872
7475 845
7476 796
7477 770
7478 769
7479 790
7480 774
7481 820
7482 827
7483 816
7484 860
7485 866
7486 873
7487 854
7488 879
7489 863
7490 878
7491 913
7492 911
7493 868
7494 870
7495 873
7496 863
7497 831
7498 817
7499 834
7500 852
7501 838
7502 836
7503 827
7504 840
7505 883
7506 891
7507 884
7508 913
7509 924
7510 933
7511 941
7512 964
7513 973
7514 959
7515 967
7516 982
7517 988
7518 995
7519 974
7520 887
7521 835
7522 872
7523 917
7524 877
7525 895
7526 928
7527 918
7528 910
7529 910
7530 917
7531 921
7532 943
7533 957
7534 1005
7535 1052
7536 1043
7537 1163
7538 1175
7539 1152
7540 1179
7541 1238
7542 1266
7543 1311
7544 1303
7545 1214
7546 1223
7547 1233
7548 1209
7549 1206
7550 1197
7551 1207
7552 1139
7553 1144
7554 1101
7555 1080
7556 1044
7557 1021
7558 994
7559 985
7560 1039
7561 1087
7562 1090
7563 1076
7564 1095
7565 1129
7566 1076
7567 1048
7568 1006
7569 993
7570 978
7571 1002
7572 1011
7573 970
7574 1001
7575 966
7576 952
7577 902
7578 950
7579 971
7580 925
7581 902
7582 863
7583 836
7584 810
7585 833
7586 844
7587 863
7588 864
7589 885
7590 905
7591 936
7592 1013
7593 943
7594 962
7595 954
7596 944
7597 919
7598 935
7599 886
7600 885
7601 879
7602 872
7603 888
7604 838
7605 841
7606 855
7607 928
7608 893
7609 896
7610 923
7611 903
7612 866
7613 857
7614 910
7615 885
7616 917
7617 892
7618 903
7619 915
7620 934
7621 919
7622 912
7623 927
7624 916
7625 938
7626 911
7627 907
7628 889
7629 909
7630 883
7631 918
7632 872
7633 929
7634 935
7635 924
7636 904
7637 865
7638 855
7639 840
7640 813
7641 780
7642 748
7643 758
7644 791
7645 791
7646 794
7647 775
7648 784
7649 805
7650 791
7651 793
7652 737
7653 778
7654 765
7655 751
7656 782
7657 780
7658 811
7659 838
7660 835
7661 790
7662 800
7663 777
7664 770
7665 769
7666 775
7667 747
7668 754
7669 765
7670 721
7671 699
7672 640
7673 627
7674 638
7675 651
7676 614
7677 576
7678 585
7679 601
7680 583
7681 606
7682 596
7683 593
7684 575
7685 611
7686 604
7687 613
7688 633
7689 620
7690 602
7691 611
7692 617
7693 600
7694 609
7695 601
7696 613
7697 648
7698 626
7699 655
7700 649
7701 649
7702 631
7703 653
7704 646
7705 675
7706 622
7707 638
7708 661
7709 666
7710 686
7711 719
7712 701
7713 710
7714 702
7715 713
7716 726
7717 748
7718 757
7719 794
7720 782
7721 797
7722 758
7723 782
7724 782
7725 831
7726 824
7727 828
7728 812
7729 781
7730 722
7731 714
7732 682
7733 659
7734 694
7735 765
7736 787
7737 775
7738 787
7739 777
7740 781
7741 766
7742 697
7743 706
7744 703
7745 704
7746 725
7747 769
7748 749
7749 752
7750 808
7751 856
7752 802
7753 840
7754 790
7755 750
7756 731
7757 708
7758 716
7759 711
7760 737
7761 725
7762 697
7763 676
7764 657
7765 676
7766 660
7767 606
7768 638
7769 645
7770 671
7771 641
7772 659
7773 661
7774 692
7775 712
7776 684
7777 702
7778 735
7779 692
7780 654
7781 651
7782 641
7783 637
7784 634
7785 632
7786 625
7787 642
7788 633
7789 630
7790 586
7791 615
7792 617
7793 581
7794 524
7795 523
7796 539
7797 605
7798 613
7799 624
7800 633
7801 619
7802 653
7803 696
7804 674
7805 649
7806 644
7807 618
7808 622
7809 578
7810 567
7811 562
7812 596
7813 586
7814 565
7815 557
7816 565
7817 618
7818 640
7819 629
7820 577
7821 578
7822 616
7823 601
7824 602
7825 581
7826 601
7827 590
7828 556
7829 521
7830 521
7831 567
7832 565
7833 540
7834 585
7835 570
7836 620
7837 645
7838 624
7839 637
7840 612
7841 618
7842 633
7843 614
7844 637
7845 613
7846 588
7847 568
7848 545
7849 518
7850 484
7851 474
7852 447
7853 404
7854 391
7855 427
7856 471
7857 466
7858 437
7859 440
7860 458
7861 446
7862 443
7863 451
7864 463
7865 421
7866 431
7867 426
7868 416
7869 406
7870 389
7871 352
7872 345
7873 339
7874 355
7875 314
7876 340
7877 325
7878 314
7879 291
7880 280
7881 282
7882 287
7883 266
7884 290
7885 286
7886 270
7887 252
7888 262
7889 276
7890 265
7891 262
7892 251
7893 242
7894 212
7895 178
7896 176
7897 185
7898 187
7899 194
7900 203
7901 200
7902 214
7903 230
7904 199
7905 215
7906 235
7907 249
7908 200
7909 207
7910 210
7911 208
7912 220
7913 230
7914 253
7915 255
7916 270
7917 274
7918 261
7919 252
7920 257
7921 251
7922 232
7923 264
7924 277
7925 279
7926 311
7927 334
7928 348
7929 360
7930 349
7931 349
7932 359
7933 384
7934 381
7935 421
7936 425
7937 425
7938 426
7939 444
7940 444
7941 437
7942 465
7943 468
7944 432
7945 399
7946 430
7947 439
7948 437
7949 444
7950 421
7951 421
7952 411
7953 445
7954 462
7955 463
7956 452
7957 453
7958 452
7959 436
7960 445
7961 443
7962 417
7963 430
7964 439
7965 447
7966 464
7967 474
7968 463
7969 444
7970 437
7971 464
7972 457
7973 448
7974 435
7975 438
7976 444
7977 460
7978 466
7979 483
7980 434
7981 453
7982 434
7983 419
7984 393
7985 378
7986 375
7987 345
7988 332
7989 312
7990 296
7991 289
7992 269
7993 262
7994 285
7995 279
7996 249
7997 263
7998 234
7999 221
8000 216
8001 221
8002 243
8003 242
8004 261
8005 240
8006 233
8007 229
8008 198
8009 203
8010 217
8011 233
8012 228
8013 216
8014 259
8015 290
8016 274
8017 268
8018 285
8019 263
8020 261
8021 271
8022 236
8023 216
8024 217
8025 199
8026 185
8027 180
8028 178
8029 188
8030 151
8031 160
8032 155
8033 149
8034 157
8035 138
8036 169
8037 176
8038 183
8039 194
8040 206
8041 202
8042 210
8043 210
8044 225
8045 210
8046 217
8047 214
8048 210
8049 209
8050 212
8051 198
8052 223
8053 213
8054 222
8055 243
8056 237
8057 218
8058 226
8059 217
8060 196
8061 193
8062 172
8063 159
8064 154
8065 146
8066 138
8067 148
8068 143
8069 135
8070 142
8071 142
8072 141
8073 142
8074 144
8075 119
8076 115
8077 102
8078 103
8079 119
8080 124
8081 121
8082 112
8083 118
8084 98
8085 99
8086 77
8087 94
8088 87
8089 73
8090 67
8091 76
8092 68
8093 64
8094 67
8095 65
8096 64
8097 73
8098 70
8099 76
8100 94
8101 106
8102 109
8103 96
8104 109
8105 110
8106 109
8107 99
8108 111
8109 116
8110 132
8111 136
8112 150
8113 162
8114 147
8115 157
8116 149
8117 167
8118 165
8119 170
8120 156
8121 150
8122 148
8123 152
8124 147
8125 154
8126 161
8127 155
8128 148
8129 158
8130 166
8131 141
8132 132
8133 142
8134 151
8135 143
8136 145
8137 130
8138 144
8139 146
8140 149
8141 136
8142 127
8143 141
8144 130
8145 129
8146 130
8147 109
8148 120
8149 114
8150 122
8151 122
8152 118
8153 123
8154 115
8155 123
8156 119
8157 109
8158 98
8159 118
8160 123
8161 119
8162 118
8163 126
8164 122
8165 137
8166 118
8167 122
8168 127
8169 130
8170 123
8171 107
8172 97
8173 87
8174 90
8175 90
8176 96
8177 94
8178 118
8179 123
8180 127
8181 117
8182 109
8183 101
8184 95
8185 79
8186 67
8187 56
8188 55
8189 59
8190 46
8191 44
8192 53
8193 40
8194 32
8195 34
8196 43
8197 43
8198 49
8199 47
8200 54
8201 55
8202 57
8203 51
8204 54
8205 60
8206 64
8207 69
8208 60
8209 50
8210 48
8211 43
8212 49
8213 45
8214 47
8215 29
8216 19
8217 23
8218 17
8219 16
8220 14
8221 19
8222 13
8223 13
8224 16
8225 16
8226 14
8227 12
8228 14
8229 22
8230 23
8231 22
8232 27
8233 29
8234 35
8235 37
8236 34
8237 34
8238 33
8239 37
8240 27
8241 34
8242 41
8243 53
8244 58
8245 62
8246 71
8247 73
8248 64
8249 66
8250 69
8251 71
8252 61
8253 59
8254 70
8255 73
8256 83
8257 78
8258 62
8259 57
8260 56
8261 52
8262 45
8263 38
8264 38
8265 38
8266 46
8267 35
8268 33
8269 31
8270 33
8271 37
8272 35
8273 29
8274 33
8275 22
8276 23
8277 23
8278 24
8279 18
8280 15
8281 19
8282 16
8283 14
8284 20
8285 24
8286 34
8287 27
8288 21
8289 21
8290 31
8291 35
8292 24
8293 20
8294 14
8295 18
8296 26
8297 22
8298 30
8299 39
8300 36
8301 42
8302 48
8303 47
8304 46
8305 42
8306 31
8307 30
8308 36
8309 40
8310 41
8311 34
8312 41
8313 39
8314 44
8315 42
8316 38
8317 42
8318 45
8319 34
8320 29
8321 28
8322 24
8323 10
8324 10
8325 13
8326 10
8327 6
8328 2
8329 2
8330 4
8331 5
8332 2
8333 4
8334 3
8335 5
8336 4
8337 7
8338 10
8339 7
8340 10
8341 15
8342 21
8343 21
8344 19
8345 19
8346 18
8347 10
8348 13
8349 15
8350 15
8351 12
8352 9
8353 12
8354 12
8355 15
8356 12
8357 12
8358 17
8359 15
8360 21
8361 30
8362 36
8363 47
8364 43
8365 55
8366 54
8367 60
8368 61
8369 76
8370 71
8371 74
8372 77
8373 71
8374 80
8375 85
8376 87
8377 96
8378 95
8379 79
8380 80
8381 84
8382 88
8383 82
8384 86
8385 91
8386 95
8387 94
8388 101
8389 96
8390 94
8391 91
8392 89
8393 81
8394 92
8395 73
8396 75
8397 74
8398 72
8399 76
8400 64
8401 65
8402 76
8403 90
8404 78
8405 71
8406 82
8407 90
8408 98
8409 100
8410 95
8411 110
8412 98
8413 96
8414 106
8415 98
8416 91
8417 91
8418 81
8419 84
8420 84
8421 83
8422 68
8423 66
8424 63
8425 60
8426 59
8427 57
8428 49
8429 54
8430 59
8431 60
8432 61
8433 61
8434 59
8435 49
8436 49
8437 50
8438 64
8439 57
8440 51
8441 55
8442 41
8443 33
8444 36
8445 30
8446 24
8447 21
8448 20
8449 16
8450 14
8451 16
8452 12
8453 11
8454 9
8455 8
8456 8
8457 6
8458 6
8459 3
8460 4
8461 3
8462 3
8463 0
8464 0
8465 0
8466 0
8467 0
8468 0
8469 0
8470 0
8471 0
8472 0
8473 0
8474 0
8475 0
8476 0
8477 0
8478 0
8479 0
8480 0
8481 0
8482 0
8483 0
8484 0
8485 0
8486 0
8487 0
8488 0
8489 0
8490 1
8491 1
8492 1
8493 0
8494 1
8495 1
8496 0
8497 0
8498 0
8499 0
8500 0
8501 0
8502 0
8503 0
8504 0
8505 0
8506 0
8507 0
8508 0
8509 0
8510 0
8511 0
8512 0
8513 0
8514 0
8515 0
8516 0
8517 0
8518 0
8519 0
8520 0
8521 0
8522 0
8523 0
8524 0
8525 0
8526 0
8527 0
8528 0
8529 0
8530 0
8531 0
8532 0
8533 0
8534 0
8535 0
8536 0
8537 0
8538 0
8539 1
8540 1
8541 2
8542 3
8543 2
8544 0
8545 0
8546 0
8547 0
8548 0
8549 0
8550 0
8551 0
8552 0
8553 0
8554 0
8555 0
8556 0
8557 0
8558 0
8559 0
8560 0
8561 0
8562 0
8563 0
8564 0
8565 0
8566 0
8567 0
8568 0
8569 0
8570 0
8571 0
8572 0
8573 0
8574 0
8575 0
8576 0
8577 0
8578 0
8579 0
8580 0
8581 0
8582 0
8583 0
8584 0
8585 0
8586 0
8587 0
8588 0
8589 0
8590 0
8591 0
8592 0
8593 0
8594 0
8595 0
8596 0
8597 0
8598 0
8599 0
8600 0
8601 0
8602 0
8603 0
8604 0
8605 0
8606 0
8607 0
8608 0
8609 0
8610 0
8611 0
8612 0
8613 0
8614 0
8615 0
8616 0
8617 0
8618 0
8619 0
8620 0
8621 0
8622 0
8623 0
8624 0
8625 0
8626 0
8627 0
8628 0
8629 0
8630 0
8631 0
8632 0
8633 0
8634 0
8635 0
8636 0
8637 0
8638 0
8639 0
8640 0
8641 1
8642 1
8643 0
8644 0
8645 0
8646 0
8647 0
8648 0
8649 0
8650 0
8651 0
8652 0
8653 0
8654 0
8655 0
8656 0
8657 0
8658 0
8659 0
8660 0
8661 0
8662 0
8663 0
8664 0
8665 0
8666 0
8667 0
8668 0
8669 0
8670 0
8671 0
8672 0
8673 0
8674 0
8675 0
8676 0
8677 0
8678 0
8679 0
8680 0
8681 0
8682 0
8683 0
8684 0
8685 0
8686 0
8687 0
8688 0
8689 0
8690 0
8691 0
8692 0
8693 0
8694 0
8695 0
8696 0
8697 0
8698 0
8699 0
8700 0
8701 0
8702 0
8703 0
8704 0
8705 0
8706 0
8707 0
8708 0
8709 0
8710 0
8711 0
8712 0
8713 0
8714 0
8715 0
8716 0
8717 0
8718 0
8719 0
8720 0
8721 0
8722 0
8723 0
8724 0
8725 0
8726 0
8727 0
8728 0
8729 0
8730 0
8731 0
8732 0
8733 0
8734 1
8735 1
8736 1
8737 3
8738 6
8739 2
8740 0
8741 0
8742 0
8743 0
8744 0
8745 0
8746 0
8747 1
8748 1
8749 3
8750 2
8751 0
8752 0
8753 0
8754 0
8755 0
8756 0
8757 0
8758 0
8759 0
8760 0
8761 0
8762 0
8763 0
8764 0
8765 0
8766 0
8767 0
8768 0
8769 0
8770 0
8771 0
8772 0
8773 0
8774 0
8775 0
8776 0
8777 0
8778 0
8779 0
8780 0
8781 0
8782 0
8783 0
8784 0
8785 0
8786 0
8787 0
8788 0
8789 0
8790 0
8791 0
8792 1
8793 0
8794 0
8795 0
8796 0
8797 0
8798 0
8799 0
8800 0
8801 0
8802 0
8803 0
8804 0
8805 0
8806 0
8807 0
8808 0
8809 1
8810 2
8811 2
8812 5
8813 1
8814 0
8815 0
8816 0
8817 1
8818 0
8819 0
8820 0
8821 0
8822 0
8823 0
8824 0
8825 0
8826 0
8827 0
8828 0
8829 0
8830 0
8831 0
8832 0
8833 0
8834 0
8835 0
8836 0
8837 0
8838 0
8839 0
8840 0
8841 0
8842 0
8843 0
8844 0
8845 0
8846 0
8847 0
8848 0
8849 0
8850 0
8851 0
8852 0
8853 0
8854 1
8855 3
8856 4
8857 9
8858 6
8859 9
8860 5
8861 4
8862 0
8863 0
8864 0
8865 0
8866 0
8867 0
8868 0
8869 0
8870 1
8871 0
8872 0
8873 0
8874 0
8875 0
8876 0
8877 0
8878 0
8879 0
8880 0
8881 0
8882 0
8883 0
8884 0
8885 0
8886 0
8887 0
8888 0
8889 0
8890 0
8891 0
8892 0
8893 0
8894 0
8895 0
8896 0
8897 0
8898 0
8899 0
8900 0
8901 0
8902 0
8903 0
8904 0
8905 0
8906 0
8907 0
8908 0
8909 0
8910 0
8911 0
8912 0
8913 0
8914 0
8915 0
8916 0
8917 0
8918 0
8919 0
8920 0
8921 0
8922 0
8923 0
8924 0
8925 0
8926 0
8927 0
8928 0
8929 0
8930 0
8931 0
8932 0
8933 0
8934 0
8935 0
8936 0
8937 0
8938 0
8939 0
8940 0
8941 0
8942 0
8943 0
8944 0
8945 0
8946 0
8947 0
8948 0
8949 0
8950 0
8951 0
8952 0
8953 0
8954 0
8955 0
8956 0
8957 0
8958 0
8959 0
8960 0
8961 0
8962 0
8963 0
8964 0
8965 0
8966 0
8967 0
8968 0
8969 0
8970 0
8971 0
8972 0
8973 0
8974 0
8975 0
8976 0
8977 0
8978 1
8979 2
8980 2
8981 2
8982 3
8983 0
8984 0
8985 0
8986 0
8987 0
8988 0
8989 0
8990 0
8991 0
8992 0
8993 0
8994 0
8995 0
8996 0
8997 0
8998 0
8999 0
9000 0
9001 0
9002 0
9003 0
9004 0
9005 0
9006 0
9007 0
9008 0
9009 0
9010 0
9011 0
9012 0
9013 0
9014 0
9015 0
9016 0
9017 0
9018 0
9019 0
9020 0
9021 0
9022 0
9023 0
9024 0
9025 0
9026 0
9027 0
9028 0
9029 0
9030 0
9031 0
9032 0
9033 0
9034 0
9035 0
9036 0
9037 0
9038 0
9039 0
9040 0
9041 0
9042 0
9043 0
9044 0
9045 0
9046 0
9047 0
9048 0
9049 0
9050 0
9051 0
9052 0
9053 0
9054 0
9055 0
9056 0
9057 0
9058 0
9059 0
9060 0
9061 1
9062 0
9063 0
9064 0
9065 0
9066 0
9067 0
9068 0
9069 0
9070 0
9071 0
9072 0
9073 0
9074 1
9075 1
9076 0
9077 0
9078 0
9079 0
9080 0
9081 0
9082 0
9083 0
9084 0
9085 0
9086 0
9087 0
9088 0
9089 0
9090 0
9091 0
9092 0
9093 0
9094 0
9095 0
9096 1
9097 1
9098 0
9099 0
9100 0
9101 0
9102 0
9103 0
9104 0
9105 0
9106 0
9107 0
9108 0
9109 0
9110 0
9111 0
9112 0
9113 0
9114 0
9115 0
9116 0
9117 0
9118 0
9119 0
9120 0
9121 0
9122 0
9123 0
9124 0
9125 0
9126 0
9127 0
9128 0
9129 0
9130 0
9131 0
9132 0
9133 0
9134 0
9135 0
9136 0
9137 0
9138 0
9139 0
9140 0
9141 0
9142 0
9143 0
9144 0
9145 0
9146 0
9147 0
9148 0
9149 0
9150 0
9151 0
9152 0
9153 0
9154 0
9155 0
9156 0
9157 0
9158 0
9159 0
9160 0
9161 0
9162 0
9163 0
9164 0
9165 0
9166 0
9167 0
9168 0
9169 0
9170 0
9171 0
9172 0
9173 0
9174 0
9175 0
9176 0
9177 0
9178 0
9179 0
9180 0
9181 0
9182 0
9183 0
9184 0
9185 0
9186 0
9187 1
9188 1
9189 0
9190 0
9191 0
9192 0
9193 0
9194 0
9195 0
9196 0
9197 0
9198 0
9199 0
9200 0
9201 0
9202 0
9203 0
9204 0
9205 0
9206 0
9207 0
9208 0
9209 0
9210 0
9211 0
9212 0
9213 0
9214 0
9215 0
9216 0
9217 0
9218 1
9219 1
9220 0
9221 0
9222 0
9223 0
9224 0
9225 0
9226 0
9227 0
9228 0
9229 0
9230 0
9231 0
9232 0
9233 0
9234 0
9235 0
9236 0
9237 0
9238 0
9239 0
9240 0
9241 0
9242 0
9243 0
9244 0
9245 0
9246 0
9247 0
9248 0
9249 0
9250 0
9251 0
9252 0
9253 0
9254 0
9255 0
9256 0
9257 0
9258 0
9259 0
9260 0
9261 0
9262 0
9263 0
9264 0
9265 0
9266 0
9267 0
9268 0
9269 0
9270 0
9271 0
9272 0
9273 0
9274 0
9275 0
9276 0
9277 0
9278 0
9279 0
9280 0
9281 0
9282 0
9283 0
9284 0
9285 0
9286 0
9287 0
9288 0
9289 0
9290 0
9291 0
9292 0
9293 0
9294 0
9295 0
9296 0
9297 0
9298 0
9299 0
9300 0
9301 0
9302 0
9303 0
9304 0
9305 0
9306 0
9307 0
9308 0
9309 0
9310 0
9311 0
9312 0
9313 0
9314 0
9315 0
9316 0
9317 0
9318 0
9319 0
9320 0
9321 0
9322 0
9323 0
9324 0
9325 0
9326 0
9327 0
9328 0
9329 0
9330 0
9331 0
9332 0
9333 0
9334 0
9335 0
9336 0
9337 0
9338 0
9339 0
9340 0
9341 0
9342 0
9343 0
9344 0
9345 0
9346 0
9347 0
9348 0
9349 0
9350 0
9351 0
9352 0
9353 0
9354 0
9355 0
9356 0
9357 0
9358 0
9359 0
9360 0
9361 0
9362 0
9363 0
9364 0
9365 0
9366 0
9367 0
9368 0
9369 0
9370 0
9371 0
9372 0
9373 0
9374 0
9375 0
9376 0
9377 0
9378 0
9379 0
9380 0
9381 0
9382 0
9383 0
9384 0
9385 0
9386 0
9387 0
9388 0
9389 0
9390 1
9391 2
9392 4
9393 5
9394 4
9395 6
9396 3
9397 2
9398 1
9399 1
9400 1
9401 0
9402 0
9403 0
9404 0
9405 0
9406 0
9407 0
9408 0
9409 1
9410 2
9411 0
9412 0
9413 0
9414 0
9415 0
9416 0
9417 0
9418 0
9419 0
9420 0
9421 0
9422 0
9423 0
9424 0
9425 0
9426 0
9427 0
9428 0
9429 0
9430 0
9431 0
9432 0
9433 0
9434 0
9435 0
9436 0
9437 0
9438 0
9439 0
9440 0
9441 0
9442 0
9443 0
9444 0
9445 0
9446 0
9447 0
9448 0
9449 0
9450 0
9451 0
9452 0
9453 0
9454 0
9455 0
9456 0
9457 0
9458 0
9459 0
9460 0
9461 0
9462 0
9463 0
9464 0
9465 0
9466 0
9467 0
9468 0
9469 0
9470 0
9471 0
9472 0
9473 0
9474 0
9475 0
9476 0
9477 0
9478 0
9479 0
9480 0
9481 0
9482 0
9483 0
9484 0
9485 0
9486 0
9487 0
9488 0
9489 0
9490 0
9491 0
9492 0
9493 0
9494 0
9495 0
9496 0
9497 0
9498 0
9499 0
9500 0
9501 0
9502 0
9503 0
9504 1
9505 3
9506 3
9507 4
9508 3
9509 2
9510 4
9511 7
9512 6
9513 6
9514 7
9515 7
9516 3
9517 2
9518 2
9519 3
9520 7
9521 9
9522 11
9523 17
9524 17
9525 14
9526 20
9527 24
9528 26
9529 23
9530 19
9531 23
9532 33
9533 36
9534 40
9535 37
9536 38
9537 35
9538 31
9539 24
9540 26
9541 24
9542 30
9543 21
9544 18
9545 20
9546 20
9547 27
9548 33
9549 31
9550 31
9551 27
9552 22
9553 18
9554 17
9555 16
9556 12
9557 10
9558 15
9559 14
9560 9
9561 8
9562 9
9563 7
9564 12
9565 12
9566 12
9567 10
9568 16
9569 19
9570 20
9571 14
9572 13
9573 17
9574 21
9575 22
9576 27
9577 32
9578 38
9579 43
9580 40
9581 46
9582 47
9583 37
9584 32
9585 26
9586 31
9587 45
9588 49
9589 44
9590 46
9591 43
9592 51
9593 46
9594 36
9595 30
9596 23
9597 28
9598 28
9599 23
9600 28
9601 20
9602 25
9603 21
9604 22
9605 24
9606 28
9607 25
9608 28
9609 25
9610 28
9611 31
9612 34
9613 32
9614 33
9615 42
9616 39
9617 44
9618 45
9619 41
9620 40
9621 37
9622 23
9623 20
9624 17
9625 15
9626 17
9627 18
9628 12
9629 13
9630 17
9631 11
9632 10
9633 13
9634 13
9635 9
9636 7
9637 7
9638 7
9639 7
9640 10
9641 12
9642 7
9643 3
9644 2
9645 0
9646 0
9647 0
9648 0
9649 0
9650 0
9651 0
9652 0
9653 0
9654 0
9655 0
9656 0
9657 0
9658 0
9659 0
9660 0
9661 0
9662 0
9663 0
9664 0
9665 0
9666 0
9667 0
9668 0
9669 0
9670 0
9671 0
9672 0
9673 0
9674 0
9675 0
9676 0
9677 0
9678 0
9679 0
9680 0
9681 0
9682 0
9683 0
9684 0
9685 0
9686 0
9687 0
9688 0
9689 0
9690 0
9691 0
9692 0
9693 0
9694 0
9695 0
9696 0
9697 0
9698 0
9699 0
9700 0
9701 0
9702 0
9703 0
9704 0
9705 0
9706 0
9707 0
9708 0
9709 0
9710 0
9711 0
9712 0
9713 0
9714 0
9715 1
9716 0
9717 0
9718 0
9719 0
9720 0
9721 0
9722 0
9723 0
9724 0
9725 0
9726 0
9727 0
9728 0
9729 0
9730 0
9731 0
9732 0
9733 0
9734 0
9735 0
9736 0
9737 0
9738 0
9739 0
9740 0
9741 0
9742 0
9743 0
9744 0
9745 0
9746 0
9747 0
9748 0
9749 0
9750 0
9751 0
9752 0
9753 0
9754 0
9755 0
9756 0
9757 0
9758 0
9759 0
9760 0
9761 0
9762 0
9763 0
9764 0
9765 0
9766 0
9767 0
9768 0
9769 0
9770 1
9771 0
9772 0
9773 0
9774 0
9775 0
9776 0
9777 0
9778 0
9779 0
9780 0
9781 0
9782 0
9783 0
9784 0
9785 0
9786 0
9787 0
9788 0
9789 0
9790 0
9791 0
9792 0
9793 0
9794 0
9795 0
9796 0
9797 0
9798 0
9799 0
9800 0
9801 0
9802 0
9803 0
9804 0
9805 0
9806 0
9807 0
9808 0
9809 0
9810 0
9811 0
9812 0
9813 0
9814 0
9815 0
9816 0
9817 0
9818 0
9819 0
9820 0
9821 0
9822 0
9823 0
9824 0
9825 0
9826 0
9827 0
9828 0
9829 0
9830 0
9831 0
9832 0
9833 0
9834 0
9835 0
9836 0
9837 0
9838 0
9839 0
9840 0
9841 0
9842 0
9843 0
9844 0
9845 0
9846 0
9847 0
9848 0
9849 0
9850 0
9851 0
9852 0
9853 0
9854 0
9855 0
9856 0
9857 0
9858 0
9859 0
9860 0
9861 0
9862 0
9863 0
9864 0
9865 0
9866 0
9867 0
9868 0
9869 0
9870 0
9871 0
9872 0
9873 0
9874 0
9875 0
9876 0
9877 0
9878 0
9879 0
9880 0
9881 0
9882 0
9883 0
9884 1
9885 0
9886 0
9887 0
9888 0
9889 0
9890 0
9891 0
9892 0
9893 0
9894 0
9895 0
9896 0
9897 0
9898 0
9899 0
9900 0
9901 0
9902 0
9903 0
9904 0
9905 0
9906 0
9907 0
9908 0
9909 0
9910 0
9911 0
9912 0
9913 0
9914 0
9915 0
9916 0
9917 0
9918 0
9919 0
9920 0
9921 0
9922 0
9923 0
9924 0
9925 0
9926 0
9927 0
9928 0
9929 0
9930 0
9931 0
9932 0
9933 0
9934 0
9935 0
9936 0
9937 0
9938 0
9939 0
9940 0
9941 0
9942 0
9943 0
9944 0
9945 0
9946 0
9947 0
9948 0
9949 0
9950 0
9951 0
9952 0
9953 0
9954 0
9955 0
9956 0
9957 0
9958 0
9959 0
9960 0
9961 0
9962 0
9963 0
9964 0
9965 0
9966 0
9967 0
9968 0
9969 0
9970 0
9971 0
9972 0
9973 0
9974 0
9975 0
9976 0
9977 0
9978 0
9979 0
9980 0
9981 0
9982 0
9983 0
9984 0
9985 0
9986 0
9987 0
9988 0
9989 0
9990 0
9991 0
9992 0
9993 0
9994 0
9995 0
9996 0
9997 0
9998 0
9999 0
10000 0
