1 0
2 0
3 0
4 0
5 0
6 2
7 4
8 5
9 10
10 7
11 6
12 1
13 0
14 0
15 0
16 0
17 0
18 0
19 0
20 0
21 1
22 1
23 1
24 1
25 0
26 0
27 0
28 1
29 0
30 0
31 0
32 0
33 0
34 0
35 1
36 0
37 0
38 0
39 0
40 0
41 1
42 2
43 4
44 3
45 1
46 1
47 0
48 0
49 0
50 0
51 0
52 0
53 0
54 0
55 0
56 0
57 1
58 0
59 0
60 0
61 1
62 0
63 0
64 0
65 0
66 0
67 0
68 0
69 1
70 2
71 1
72 0
73 0
74 0
75 0
76 0
77 1
78 0
79 0
80 0
81 0
82 0
83 0
84 0
85 1
86 0
87 1
88 2
89 1
90 1
91 3
92 2
93 2
94 2
95 3
96 5
97 7
98 6
99 11
100 13
101 15
102 17
103 23
104 28
105 22
106 21
107 18
108 19
109 17
110 16
111 19
112 28
113 25
114 27
115 28
116 32
117 28
118 34
119 35
120 38
121 36
122 39
123 54
124 53
125 39
126 47
127 39
128 33
129 30
130 35
131 36
132 38
133 41
134 45
135 42
136 39
137 36
138 37
139 31
140 27
141 33
142 41
143 40
144 34
145 38
146 52
147 63
148 64
149 59
150 71
151 64
152 59
153 63
154 82
155 95
156 87
157 100
158 92
159 86
160 85
161 91
162 85
163 102
164 106
165 93
166 87
167 80
168 74
169 91
170 85
171 79
172 87
173 90
174 70
175 69
176 65
177 81
178 92
179 81
180 66
181 63
182 64
183 75
184 77
185 100
186 87
187 76
188 82
189 85
190 92
191 103
192 99
193 101
194 91
195 99
196 110
197 98
198 102
199 96
200 95
201 101
202 106
203 110
204 94
205 98
206 114
207 120
208 121
209 120
210 133
211 130
212 144
213 161
214 156
215 147
216 129
217 144
218 148
219 143
220 147
221 151
222 153
223 154
224 158
225 164
226 174
227 168
228 173
229 191
230 188
231 165
232 174
233 183
234 174
235 185
236 190
237 191
238 200
239 210
240 209
241 227
242 221
243 227
244 214
245 223
246 239
247 221
248 209
249 185
250 177
251 169
252 180
253 195
254 206
255 242
256 254
257 228
258 217
259 222
260 210
261 243
262 238
263 222
264 194
265 202
266 195
267 213
268 218
269 203
270 214
271 214
272 222
273 214
274 191
275 175
276 166
277 170
278 190
279 199
280 229
281 199
282 200
283 212
284 216
285 226
286 210
287 204
288 171
289 174
290 201
291 228
292 241
293 212
294 180
295 199
296 168
297 180
298 183
299 177
300 195
301 192
302 181
303 187
304 175
305 176
306 169
307 136
308 132
309 123
310 114
311 117
312 123
313 134
314 145
315 138
316 144
317 132
318 129
319 138
320 148
321 144
322 136
323 134
324 133
325 123
326 133
327 111
328 114
329 136
330 133
331 120
332 118
333 127
334 149
335 132
336 122
337 126
338 136
339 138
340 136
341 155
342 154
343 144
344 135
345 114
346 131
347 135
348 140
349 147
350 140
351 132
352 139
353 142
354 135
355 175
356 171
357 193
358 188
359 230
360 216
361 210
362 180
363 172
364 161
365 184
366 168
367 170
368 167
369 152
370 137
371 112
372 118
373 104
374 95
375 101
376 98
377 110
378 99
379 103
380 105
381 102
382 96
383 104
384 104
385 106
386 99
387 113
388 109
389 109
390 118
391 101
392 130
393 135
394 128
395 115
396 126
397 125
398 126
399 131
400 121
401 116
402 130
403 132
404 139
405 170
406 175
407 205
408 209
409 224
410 255
411 243
412 190
413 200
414 196
415 208
416 192
417 186
418 184
419 191
420 200
421 215
422 214
423 224
424 226
425 202
426 227
427 234
428 215
429 232
430 226
431 223
432 219
433 233
434 222
435 195
436 199
437 195
438 173
439 178
440 166
441 170
442 145
443 150
444 165
445 149
446 165
447 165
448 156
449 184
450 159
451 177
452 169
453 180
454 208
455 185
456 182
457 196
458 181
459 176
460 182
461 175
462 149
463 164
464 150
465 154
466 159
467 147
468 149
469 166
470 160
471 186
472 190
473 199
474 219
475 211
476 225
477 237
478 256
479 260
480 254
481 241
482 218
483 215
484 218
485 214
486 219
487 195
488 210
489 201
490 193
491 196
492 191
493 194
494 189
495 220
496 220
497 213
498 230
499 228
500 230
501 230
502 223
503 240
504 253
505 304
506 319
507 342
508 341
509 318
510 334
511 353
512 361
513 392
514 381
515 383
516 400
517 402
518 389
519 407
520 386
521 402
522 406
523 422
524 416
525 399
526 364
527 423
528 434
529 433
530 451
531 461
532 464
533 442
534 436
535 426
536 413
537 382
538 396
539 401
540 395
541 387
542 359
543 386
544 372
545 391
546 406
547 426
548 425
549 428
550 414
551 391
552 419
553 409
554 411
555 416
556 420
557 392
558 386
559 402
560 419
561 403
562 398
563 415
564 411
565 417
566 397
567 408
568 417
569 412
570 430
571 430
572 436
573 443
574 452
575 470
576 504
577 470
578 471
579 488
580 471
581 466
582 464
583 434
584 414
585 420
586 391
587 427
588 409
589 392
590 434
591 388
592 391
593 384
594 389
595 396
596 377
597 366
598 339
599 369
600 368
601 390
602 393
603 384
604 389
605 401
606 409
607 416
608 401
609 381
610 353
611 341
612 348
613 354
614 344
615 330
616 389
617 389
618 340
619 352
620 341
621 342
622 366
623 370
624 388
625 358
626 362
627 403
628 401
629 390
630 395
631 390
632 377
633 372
634 371
635 321
636 332
637 350
638 360
639 383
640 393
641 383
642 373
643 386
644 385
645 442
646 409
647 397
648 380
649 378
650 385
651 359
652 399
653 385
654 401
655 432
656 449
657 451
658 449
659 468
660 479
661 448
662 447
663 457
664 457
665 455
666 458
667 465
668 443
669 443
670 467
671 458
672 478
673 461
674 476
675 505
676 495
677 497
678 492
679 474
680 436
681 418
682 389
683 398
684 384
685 408
686 400
687 420
688 457
689 407
690 433
691 445
692 426
693 406
694 401
695 402
696 423
697 416
698 423
699 393
700 395
701 391
702 378
703 372
704 382
705 357
706 409
707 434
708 422
709 426
710 381
711 377
712 388
713 382
714 399
715 397
716 370
717 399
718 398
719 424
720 404
721 363
722 345
723 299
724 322
725 277
726 268
727 262
728 256
729 264
730 275
731 287
732 293
733 311
734 316
735 297
736 297
737 296
738 310
739 325
740 327
741 360
742 358
743 364
744 412
745 407
746 437
747 420
748 420
749 441
750 398
751 381
752 382
753 420
754 435
755 416
756 394
757 439
758 422
759 356
760 375
761 357
762 360
763 353
764 339
765 354
766 352
767 351
768 360
769 348
770 361
771 352
772 353
773 358
774 367
775 380
776 380
777 380
778 380
779 383
780 345
781 337
782 334
783 361
784 377
785 377
786 390
787 376
788 353
789 360
790 342
791 337
792 320
793 330
794 307
795 314
796 309
797 289
798 276
799 256
800 275
801 289
802 290
803 293
804 309
805 319
806 319
807 294
808 309
809 310
810 302
811 311
812 305
813 297
814 270
815 254
816 244
817 247
818 239
819 244
820 233
821 266
822 255
823 247
824 243
825 267
826 257
827 273
828 275
829 252
830 260
831 268
832 236
833 220
834 213
835 208
836 218
837 198
838 232
839 238
840 234
841 230
842 247
843 228
844 226
845 216
846 214
847 192
848 190
849 203
850 183
851 188
852 184
853 169
854 151
855 139
856 154
857 170
858 168
859 187
860 206
861 226
862 220
863 229
864 226
865 237
866 236
867 219
868 193
869 193
870 184
871 212
872 217
873 238
874 230
875 225
876 225
877 226
878 229
879 223
880 238
881 213
882 195
883 212
884 211
885 207
886 223
887 227
888 248
889 249
890 261
891 257
892 250
893 249
894 256
895 238
896 275
897 276
898 304
899 307
900 299
901 309
902 294
903 295
904 300
905 302
906 315
907 315
908 303
909 281
910 275
911 277
912 254
913 248
914 251
915 248
916 260
917 259
918 249
919 257
920 258
921 292
922 327
923 299
924 320
925 325
926 318
927 286
928 272
929 278
930 281
931 276
932 285
933 269
934 281
935 275
936 307
937 344
938 349
939 364
940 368
941 355
942 364
943 387
944 382
945 389
946 422
947 400
948 390
949 391
950 415
951 439
952 438
953 421
954 481
955 495
956 481
957 493
958 513
959 520
960 526
961 569
962 595
963 590
964 579
965 553
966 554
967 550
968 559
969 572
970 572
971 563
972 568
973 538
974 540
975 525
976 544
977 533
978 545
979 593
980 594
981 597
982 565
983 600
984 616
985 601
986 595
987 590
988 612
989 597
990 588
991 566
992 611
993 623
994 681
995 694
996 702
997 700
998 725
999 760
1000 745
1001 740
1002 712
1003 690
1004 722
1005 738
1006 744
1007 772
1008 766
1009 767
1010 776
1011 778
1012 791
1013 787
1014 772
1015 790
1016 794
1017 828
1018 832
1019 860
1020 832
1021 824
1022 847
1023 859
1024 860
1025 834
1026 867
1027 856
1028 895
1029 901
1030 906
1031 920
1032 938
1033 890
1034 919
1035 915
1036 885
1037 851
1038 866
1039 873
1040 814
1041 802
1042 814
1043 826
1044 778
1045 795
1046 784
1047 830
1048 823
1049 809
1050 796
1051 804
1052 809
1053 803
1054 848
1055 843
1056 857
1057 851
1058 853
1059 828
1060 845
1061 820
1062 862
1063 874
1064 842
1065 832
1066 807
1067 790
1068 770
1069 783
1070 794
1071 817
1072 809
1073 808
1074 788
1075 816
1076 780
1077 749
1078 800
1079 811
1080 823
1081 799
1082 823
1083 846
1084 848
1085 821
1086 841
1087 849
1088 866
1089 903
1090 916
1091 880
1092 900
1093 908
1094 915
1095 921
1096 948
1097 975
1098 910
1099 904
1100 891
1101 868
1102 878
1103 841
1104 859
1105 827
1106 814
1107 781
1108 824
1109 790
1110 838
1111 810
1112 814
1113 824
1114 794
1115 777
1116 818
1117 780
1118 763
1119 738
1120 735
1121 744
1122 714
1123 722
1124 749
1125 730
1126 693
1127 698
1128 676
1129 713
1130 701
1131 703
1132 672
1133 694
1134 711
1135 711
1136 728
1137 679
1138 684
1139 661
1140 625
1141 627
1142 605
1143 625
1144 602
1145 623
1146 632
1147 632
1148 585
1149 559
1150 552
1151 561
1152 552
1153 545
1154 519
1155 538
1156 519
1157 518
1158 552
1159 544
1160 586
1161 584
1162 554
1163 557
1164 570
1165 556
1166 555
1167 529
1168 507
1169 501
1170 509
1171 499
1172 471
1173 463
1174 456
1175 488
1176 495
1177 502
1178 501
1179 511
1180 487
1181 528
1182 547
1183 529
1184 534
1185 528
1186 522
1187 563
1188 563
1189 573
1190 554
1191 515
1192 508
1193 506
1194 552
1195 589
1196 600
1197 618
1198 616
1199 612
1200 680
1201 693
1202 688
1203 702
1204 681
1205 652
1206 674
1207 722
1208 717
1209 704
1210 708
1211 707
1212 695
1213 675
1214 666
1215 668
1216 655
1217 698
1218 648
1219 649
1220 654
1221 724
1222 717
1223 705
1224 734
1225 725
1226 697
1227 747
1228 739
1229 754
1230 737
1231 731
1232 710
1233 713
1234 726
1235 726
1236 744
1237 771
1238 753
1239 769
1240 754
1241 779
1242 770
1243 766
1244 771
1245 764
1246 716
1247 720
1248 718
1249 761
1250 741
1251 738
1252 717
1253 695
1254 718
1255 677
1256 701
1257 694
1258 660
1259 666
1260 637
1261 619
1262 634
1263 646
1264 658
1265 622
1266 677
1267 690
1268 679
1269 693
1270 717
1271 739
1272 740
1273 701
1274 707
1275 705
1276 728
1277 763
1278 760
1279 779
1280 792
1281 785
1282 791
1283 805
1284 792
1285 782
1286 787
1287 767
1288 796
1289 843
1290 810
1291 805
1292 814
1293 748
1294 766
1295 766
1296 783
1297 751
1298 750
1299 770
1300 757
1301 716
1302 682
1303 706
1304 715
1305 680
1306 698
1307 727
1308 764
1309 797
1310 777
1311 764
1312 754
1313 758
1314 744
1315 754
1316 775
1317 771
1318 776
1319 784
1320 788
1321 814
1322 802
1323 864
1324 862
1325 839
1326 847
1327 853
1328 871
1329 866
1330 862
1331 857
1332 855
1333 866
1334 877
1335 887
1336 866
1337 869
1338 870
1339 854
1340 804
1341 764
1342 788
1343 788
1344 763
1345 731
1346 717
1347 725
1348 712
1349 714
1350 714
1351 702
1352 721
1353 726
1354 704
1355 691
1356 706
1357 705
1358 696
1359 675
1360 704
1361 716
1362 709
1363 737
1364 721
1365 744
1366 757
1367 774
1368 797
1369 770
1370 806
1371 754
1372 741
1373 781
1374 759
1375 715
1376 676
1377 672
1378 632
1379 695
1380 697
1381 651
1382 620
1383 595
1384 554
1385 594
1386 550
1387 521
1388 508
1389 509
1390 516
1391 483
1392 453
1393 457
1394 472
1395 456
1396 483
1397 502
1398 547
1399 538
1400 536
1401 510
1402 498
1403 519
1404 513
1405 523
1406 523
1407 525
1408 533
1409 525
1410 493
1411 460
1412 428
1413 409
1414 410
1415 437
1416 405
1417 384
1418 392
1419 409
1420 412
1421 457
1422 425
1423 456
1424 438
1425 471
1426 473
1427 475
1428 463
1429 446
1430 484
1431 489
1432 488
1433 525
1434 554
1435 542
1436 542
1437 556
1438 549
1439 524
1440 520
1441 531
1442 466
1443 460
1444 491
1445 505
1446 504
1447 532
1448 507
1449 522
1450 480
1451 449
1452 436
1453 419
1454 388
1455 388
1456 393
1457 405
1458 416
1459 434
1460 416
1461 446
1462 455
1463 490
1464 487
1465 475
1466 468
1467 460
1468 456
1469 462
1470 472
1471 488
1472 467
1473 469
1474 474
1475 501
1476 490
1477 504
1478 533
1479 536
1480 528
1481 514
1482 532
1483 553
1484 516
1485 528
1486 529
1487 508
1488 536
1489 501
1490 495
1491 493
1492 488
1493 513
1494 472
1495 428
1496 436
1497 444
1498 442
1499 415
1500 405
1501 424
1502 403
1503 399
1504 394
1505 401
1506 374
1507 419
1508 407
1509 394
1510 389
1511 405
1512 373
1513 364
1514 363
1515 351
1516 363
1517 397
1518 418
1519 411
1520 450
1521 490
1522 493
1523 485
1524 484
1525 480
1526 489
1527 490
1528 478
1529 505
1530 540
1531 548
1532 540
1533 564
1534 553
1535 611
1536 601
1537 573
1538 568
1539 602
1540 573
1541 587
1542 587
1543 564
1544 567
1545 560
1546 567
1547 555
1548 543
1549 539
1550 542
1551 544
1552 537
1553 551
1554 507
1555 508
1556 472
1557 451
1558 443
1559 435
1560 468
1561 495
1562 496
1563 510
1564 492
1565 480
1566 472
1567 467
1568 460
1569 468
1570 480
1571 495
1572 516
1573 530
1574 498
1575 506
1576 503
1577 503
1578 469
1579 467
1580 478
1581 481
1582 487
1583 481
1584 507
1585 491
1586 501
1587 473
1588 477
1589 510
1590 494
1591 481
1592 475
1593 489
1594 511
1595 536
1596 575
1597 554
1598 537
1599 559
1600 543
1601 554
1602 544
1603 551
1604 541
1605 558
1606 572
1607 586
1608 556
1609 562
1610 600
1611 621
1612 612
1613 617
1614 621
1615 597
1616 611
1617 583
1618 589
1619 622
1620 607
1621 645
1622 674
1623 640
1624 659
1625 663
1626 661
1627 615
1628 580
1629 571
1630 597
1631 611
1632 605
1633 604
1634 603
1635 557
1636 527
1637 522
1638 556
1639 588
1640 566
1641 616
1642 678
1643 674
1644 680
1645 634
1646 615
1647 649
1648 642
1649 646
1650 622
1651 607
1652 642
1653 651
1654 670
1655 680
1656 662
1657 705
1658 721
1659 703
1660 712
1661 699
1662 675
1663 690
1664 655
1665 684
1666 667
1667 696
1668 712
1669 686
1670 682
1671 664
1672 697
1673 657
1674 685
1675 711
1676 685
1677 704
1678 652
1679 660
1680 687
1681 709
1682 708
1683 706
1684 733
1685 745
1686 767
1687 782
1688 791
1689 805
1690 804
1691 852
1692 819
1693 750
1694 719
1695 758
1696 730
1697 714
1698 743
1699 760
1700 776
1701 742
1702 736
1703 747
1704 704
1705 730
1706 763
1707 728
1708 724
1709 722
1710 698
1711 664
1712 670
1713 657
1714 705
1715 703
1716 678
1717 682
1718 632
1719 615
1720 632
1721 656
1722 644
1723 631
1724 607
1725 625
1726 618
1727 619
1728 628
1729 591
1730 630
1731 652
1732 644
1733 618
1734 665
1735 685
1736 644
1737 630
1738 656
1739 692
1740 665
1741 635
1742 635
1743 632
1744 639
1745 617
1746 598
1747 541
1748 537
1749 545
1750 570
1751 540
1752 564
1753 499
1754 511
1755 519
1756 515
1757 486
1758 490
1759 461
1760 446
1761 457
1762 421
1763 440
1764 422
1765 418
1766 427
1767 432
1768 468
1769 462
1770 442
1771 457
1772 463
1773 474
1774 464
1775 480
1776 481
1777 505
1778 483
1779 512
1780 511
1781 505
1782 460
1783 451
1784 425
1785 399
1786 377
1787 365
1788 374
1789 385
1790 366
1791 380
1792 395
1793 399
1794 409
1795 381
1796 400
1797 380
1798 393
1799 368
1800 392
1801 405
1802 421
1803 444
1804 432
1805 433
1806 442
1807 443
1808 438
1809 462
1810 463
1811 451
1812 435
1813 403
1814 388
1815 355
1816 346
1817 352
1818 368
1819 334
1820 336
1821 345
1822 354
1823 331
1824 341
1825 339
1826 348
1827 338
1828 297
1829 280
1830 298
1831 303
1832 288
1833 328
1834 314
1835 292
1836 282
1837 277
1838 268
1839 262
1840 267
1841 265
1842 288
1843 262
1844 278
1845 298
1846 311
1847 301
1848 289
1849 309
1850 324
1851 346
1852 343
1853 355
1854 327
1855 324
1856 300
1857 321
1858 311
1859 311
1860 324
1861 301
1862 336
1863 314
1864 304
1865 305
1866 341
1867 363
1868 342
1869 366
1870 370
1871 389
1872 352
1873 310
1874 322
1875 316
1876 307
1877 297
1878 275
1879 273
1880 245
1881 233
1882 234
1883 230
1884 225
1885 226
1886 226
1887 225
1888 231
1889 212
1890 180
1891 141
1892 158
1893 162
1894 180
1895 156
1896 146
1897 142
1898 141
1899 155
1900 162
1901 164
1902 157
1903 155
1904 161
1905 149
1906 167
1907 183
1908 195
1909 229
1910 250
1911 256
1912 243
1913 250
1914 246
1915 222
1916 223
1917 233
1918 259
1919 258
1920 254
1921 258
1922 289
1923 292
1924 303
1925 299
1926 295
1927 298
1928 277
1929 246
1930 246
1931 271
1932 265
1933 261
1934 242
1935 225
1936 223
1937 225
1938 223
1939 257
1940 264
1941 270
1942 262
1943 274
1944 284
1945 266
1946 270
1947 284
1948 291
1949 290
1950 282
1951 253
1952 236
1953 232
1954 190
1955 198
1956 190
1957 175
1958 174
1959 196
1960 193
1961 180
1962 178
1963 169
1964 164
1965 176
1966 171
1967 177
1968 172
1969 173
1970 182
1971 185
1972 177
1973 183
1974 186
1975 176
1976 172
1977 180
1978 204
1979 205
1980 208
1981 214
1982 203
1983 217
1984 188
1985 184
1986 181
1987 176
1988 199
1989 173
1990 181
1991 181
1992 198
1993 199
1994 198
1995 197
1996 199
1997 201
1998 216
1999 220
2000 226
2001 207
2002 187
2003 186
2004 188
2005 185
2006 174
2007 171
2008 175
2009 152
2010 161
2011 152
2012 174
2013 153
2014 138
2015 146
2016 154
2017 140
2018 158
2019 155
2020 163
2021 145
2022 152
2023 158
2024 186
2025 186
2026 202
2027 209
2028 213
2029 219
2030 242
2031 243
2032 252
2033 230
2034 223
2035 243
2036 247
2037 241
2038 278
2039 261
2040 247
2041 223
2042 233
2043 232
2044 246
2045 261
2046 268
2047 237
2048 242
2049 218
2050 196
2051 190
2052 168
2053 177
2054 161
2055 173
2056 204
2057 201
2058 196
2059 225
2060 230
2061 235
2062 217
2063 216
2064 223
2065 245
2066 235
2067 242
2068 252
2069 245
2070 233
2071 231
2072 234
2073 234
2074 241
2075 230
2076 212
2077 203
2078 207
2079 207
2080 198
2081 181
2082 168
2083 190
2084 191
2085 194
2086 230
2087 224
2088 235
2089 211
2090 215
2091 206
2092 207
2093 204
2094 223
2095 209
2096 199
2097 214
2098 212
2099 207
2100 184
2101 169
2102 167
2103 152
2104 159
2105 159
2106 179
2107 185
2108 148
2109 138
2110 142
2111 149
2112 150
2113 154
2114 156
2115 154
2116 154
2117 144
2118 151
2119 142
2120 151
2121 144
2122 122
2123 126
2124 138
2125 125
2126 128
2127 140
2128 153
2129 156
2130 154
2131 143
2132 166
2133 184
2134 198
2135 210
2136 217
2137 224
2138 230
2139 248
2140 272
2141 292
2142 299
2143 289
2144 289
2145 274
2146 292
2147 281
2148 264
2149 247
2150 269
2151 275
2152 274
2153 289
2154 286
2155 275
2156 315
2157 293
2158 315
2159 285
2160 293
2161 301
2162 321
2163 298
2164 284
2165 283
2166 267
2167 250
2168 265
2169 313
2170 294
2171 279
2172 318
2173 335
2174 341
2175 336
2176 365
2177 395
2178 371
2179 353
2180 357
2181 325
2182 327
2183 323
2184 393
2185 367
2186 368
2187 344
2188 360
2189 374
2190 386
2191 388
2192 365
2193 376
2194 387
2195 363
2196 358
2197 370
2198 363
2199 365
2200 352
2201 334
2202 338
2203 349
2204 337
2205 327
2206 333
2207 311
2208 295
2209 275
2210 264
2211 266
2212 253
2213 238
2214 250
2215 226
2216 223
2217 238
2218 219
2219 236
2220 235
2221 248
2222 241
2223 259
2224 267
2225 236
2226 226
2227 208
2228 240
2229 248
2230 273
2231 262
2232 282
2233 273
2234 286
2235 295
2236 274
2237 250
2238 250
2239 243
2240 259
2241 255
2242 273
2243 270
2244 260
2245 258
2246 264
2247 259
2248 267
2249 308
2250 314
2251 292
2252 302
2253 278
2254 278
2255 269
2256 263
2257 280
2258 295
2259 292
2260 306
2261 316
2262 290
2263 291
2264 283
2265 272
2266 256
2267 262
2268 256
2269 231
2270 226
2271 230
2272 243
2273 228
2274 250
2275 253
2276 269
2277 270
2278 268
2279 265
2280 264
2281 236
2282 232
2283 232
2284 197
2285 189
2286 191
2287 181
2288 189
2289 183
2290 184
2291 206
2292 180
2293 190
2294 202
2295 198
2296 194
2297 197
2298 200
2299 233
2300 233
2301 229
2302 230
2303 241
2304 213
2305 221
2306 228
2307 234
2308 230
2309 230
2310 221
2311 214
2312 184
2313 207
2314 186
2315 179
2316 188
2317 212
2318 192
2319 178
2320 191
2321 188
2322 212
2323 222
2324 229
2325 221
2326 242
2327 249
2328 249
2329 257
2330 272
2331 262
2332 269
2333 304
2334 308
2335 314
2336 297
2337 274
2338 315
2339 325
2340 339
2341 350
2342 372
2343 349
2344 387
2345 374
2346 355
2347 352
2348 343
2349 359
2350 389
2351 389
2352 364
2353 332
2354 320
2355 325
2356 301
2357 287
2358 329
2359 342
2360 355
2361 346
2362 339
2363 326
2364 313
2365 285
2366 261
2367 251
2368 258
2369 230
2370 223
2371 229
2372 248
2373 236
2374 243
2375 230
2376 229
2377 249
2378 257
2379 239
2380 268
2381 270
2382 269
2383 273
2384 246
2385 242
2386 233
2387 232
2388 260
2389 284
2390 274
2391 268
2392 276
2393 278
2394 307
2395 324
2396 329
2397 318
2398 325
2399 340
2400 347
2401 367
2402 332
2403 351
2404 347
2405 323
2406 295
2407 285
2408 290
2409 296
2410 298
2411 304
2412 292
2413 285
2414 282
2415 276
2416 305
2417 279
2418 270
2419 273
2420 273
2421 284
2422 285
2423 285
2424 296
2425 308
2426 300
2427 283
2428 263
2429 237
2430 246
2431 245
2432 267
2433 251
2434 227
2435 210
2436 207
2437 204
2438 196
2439 223
2440 211
2441 206
2442 218
2443 248
2444 249
2445 230
2446 229
2447 248
2448 252
2449 261
2450 237
2451 240
2452 248
2453 234
2454 256
2455 240
2456 235
2457 235
2458 259
2459 271
2460 269
2461 285
2462 282
2463 263
2464 269
2465 260
2466 262
2467 262
2468 256
2469 292
2470 284
2471 268
2472 276
2473 235
2474 254
2475 248
2476 215
2477 180
2478 173
2479 157
2480 153
2481 137
2482 127
2483 135
2484 138
2485 142
2486 130
2487 125
2488 121
2489 115
2490 122
2491 106
2492 94
2493 90
2494 92
2495 86
2496 86
2497 98
2498 92
2499 92
2500 104
2501 116
2502 109
2503 93
2504 109
2505 102
2506 116
2507 120
2508 114
2509 97
2510 78
2511 85
2512 91
2513 96
2514 85
2515 89
2516 92
2517 97
2518 103
2519 122
2520 116
2521 130
2522 128
2523 124
2524 123
2525 121
2526 119
2527 120
2528 117
2529 115
2530 128
2531 121
2532 104
2533 110
2534 132
2535 131
2536 122
2537 132
2538 110
2539 108
2540 92
2541 124
2542 124
2543 150
2544 155
2545 168
2546 156
2547 178
2548 171
2549 178
2550 174
2551 190
2552 203
2553 183
2554 144
2555 150
2556 156
2557 139
2558 134
2559 126
2560 138
2561 123
2562 107
2563 90
2564 90
2565 90
2566 80
2567 79
2568 83
2569 97
2570 97
2571 86
2572 93
2573 83
2574 72
2575 72
2576 71
2577 58
2578 57
2579 64
2580 70
2581 71
2582 72
2583 62
2584 60
2585 70
2586 54
2587 60
2588 58
2589 68
2590 59
2591 55
2592 59
2593 56
2594 58
2595 61
2596 72
2597 78
2598 95
2599 108
2600 85
2601 95
2602 115
2603 116
2604 107
2605 113
2606 125
2607 105
2608 81
2609 80
2610 66
2611 54
2612 60
2613 64
2614 70
2615 62
2616 54
2617 65
2618 66
2619 59
2620 56
2621 44
2622 46
2623 41
2624 35
2625 30
2626 38
2627 50
2628 62
2629 53
2630 65
2631 54
2632 51
2633 52
2634 46
2635 42
2636 43
2637 32
2638 32
2639 29
2640 25
2641 28
2642 21
2643 28
2644 32
2645 39
2646 34
2647 29
2648 24
2649 27
2650 33
2651 23
2652 23
2653 24
2654 24
2655 16
2656 16
2657 19
2658 21
2659 15
2660 12
2661 4
2662 3
2663 2
2664 0
2665 1
2666 3
2667 2
2668 2
2669 0
2670 0
2671 0
2672 0
2673 2
2674 2
2675 2
2676 4
2677 3
2678 2
2679 1
2680 0
2681 2
2682 1
2683 1
2684 2
2685 2
2686 3
2687 4
2688 3
2689 3
2690 1
2691 0
2692 0
2693 1
2694 3
2695 2
2696 3
2697 6
2698 10
2699 10
2700 8
2701 5
2702 1
2703 1
2704 3
2705 2
2706 2
2707 1
2708 0
2709 0
2710 0
2711 3
2712 5
2713 5
2714 5
2715 6
2716 6
2717 2
2718 0
2719 0
2720 2
2721 0
2722 0
2723 0
2724 2
2725 1
2726 1
2727 2
2728 1
2729 3
2730 2
2731 0
2732 0
2733 0
2734 0
2735 0
2736 0
2737 1
2738 1
2739 1
2740 1
2741 1
2742 2
2743 0
2744 0
2745 0
2746 1
2747 0
2748 0
2749 0
2750 0
2751 0
2752 0
2753 1
2754 0
2755 0
2756 0
2757 0
2758 0
2759 0
2760 0
2761 1
2762 0
2763 0
2764 0
2765 0
2766 1
2767 3
2768 3
2769 2
2770 1
2771 0
2772 1
2773 1
2774 0
2775 0
2776 0
2777 0
2778 0
2779 0
2780 0
2781 0
2782 0
2783 0
2784 0
2785 1
2786 1
2787 3
2788 3
2789 2
2790 4
2791 1
2792 0
2793 0
2794 1
2795 0
2796 0
2797 0
2798 0
2799 0
2800 0
2801 0
2802 0
2803 0
2804 0
2805 0
2806 0
2807 1
2808 0
2809 0
2810 0
2811 0
2812 0
2813 1
2814 0
2815 0
2816 0
2817 0
2818 0
2819 0
2820 0
2821 0
2822 0
2823 0
2824 0
2825 1
2826 1
2827 2
2828 4
2829 2
2830 1
2831 1
2832 1
2833 1
2834 0
2835 2
2836 2
2837 4
2838 2
2839 3
2840 6
2841 5
2842 4
2843 4
2844 2
2845 2
2846 4
2847 2
2848 2
2849 1
2850 0
2851 0
2852 0
2853 0
2854 0
2855 0
2856 0
2857 0
2858 0
2859 0
2860 0
2861 0
2862 0
2863 0
2864 0
2865 0
2866 1
2867 0
2868 0
2869 0
2870 0
2871 0
2872 0
2873 0
2874 0
2875 0
2876 0
2877 0
2878 0
2879 0
2880 0
2881 0
2882 1
2883 1
2884 1
2885 1
2886 1
2887 2
2888 0
2889 0
2890 0
2891 0
2892 1
2893 1
2894 0
2895 0
2896 0
2897 0
2898 0
2899 0
2900 0
2901 0
2902 0
2903 0
2904 1
2905 0
2906 0
2907 0
2908 0
2909 0
2910 0
2911 0
2912 0
2913 0
2914 0
2915 1
2916 4
2917 7
2918 7
2919 8
2920 7
2921 8
2922 7
2923 3
2924 4
2925 3
2926 2
2927 2
2928 3
2929 5
2930 5
2931 3
2932 2
2933 1
2934 3
2935 1
2936 1
2937 1
2938 1
2939 1
2940 2
2941 0
2942 0
2943 0
2944 0
2945 0
2946 0
2947 0
2948 0
2949 1
2950 0
2951 0
2952 0
2953 0
2954 0
2955 0
2956 0
2957 0
2958 0
2959 0
2960 0
2961 1
2962 0
2963 0
2964 0
2965 0
2966 1
2967 1
2968 2
2969 0
2970 0
2971 0
2972 0
2973 0
2974 1
2975 2
2976 2
2977 2
2978 1
2979 1
2980 1
2981 3
2982 3
2983 3
2984 4
2985 4
2986 3
2987 1
2988 2
2989 0
2990 0
2991 1
2992 2
2993 3
2994 4
2995 6
2996 6
2997 11
2998 10
2999 11
3000 8
3001 6
3002 4
3003 6
3004 9
3005 9
3006 10
3007 13
3008 14
3009 16
3010 17
3011 15
3012 13
3013 15
3014 14
3015 12
3016 22
3017 31
3018 31
3019 22
3020 27
3021 40
3022 46
3023 47
3024 48
3025 49
3026 47
3027 35
3028 32
3029 17
3030 16
3031 16
3032 21
3033 17
3034 18
3035 24
3036 20
3037 26
3038 25
3039 30
3040 31
3041 30
3042 34
3043 37
3044 32
3045 26
3046 22
3047 20
3048 25
3049 34
3050 28
3051 25
3052 25
3053 18
3054 21
3055 24
3056 28
3057 24
3058 20
3059 24
3060 30
3061 34
3062 33
3063 36
3064 45
3065 33
3066 35
3067 35
3068 41
3069 35
3070 36
3071 42
3072 40
3073 44
3074 38
3075 37
3076 39
3077 40
3078 36
3079 29
3080 35
3081 39
3082 36
3083 52
3084 62
3085 57
3086 42
3087 45
3088 54
3089 51
3090 48
3091 36
3092 34
3093 36
3094 38
3095 47
3096 50
3097 44
3098 47
3099 47
3100 61
3101 42
3102 35
3103 36
3104 43
3105 38
3106 49
3107 42
3108 38
3109 31
3110 38
3111 38
3112 38
3113 43
3114 48
3115 52
3116 56
3117 57
3118 60
3119 57
3120 64
3121 58
3122 63
3123 73
3124 67
3125 69
3126 76
3127 70
3128 62
3129 57
3130 55
3131 57
3132 49
3133 50
3134 57
3135 46
3136 51
3137 61
3138 61
3139 56
3140 48
3141 52
3142 58
3143 63
3144 62
3145 68
3146 64
3147 55
3148 54
3149 56
3150 67
3151 70
3152 77
3153 74
3154 94
3155 95
3156 102
3157 101
3158 96
3159 105
3160 120
3161 117
3162 130
3163 154
3164 144
3165 162
3166 164
3167 151
3168 155
3169 163
3170 136
3171 113
3172 112
3173 89
3174 104
3175 114
3176 111
3177 133
3178 99
3179 93
3180 99
3181 121
3182 134
3183 141
3184 150
3185 150
3186 149
3187 150
3188 157
3189 149
3190 149
3191 154
3192 168
3193 155
3194 190
3195 188
3196 187
3197 165
3198 180
3199 196
3200 210
3201 194
3202 183
3203 197
3204 199
3205 209
3206 235
3207 252
3208 270
3209 297
3210 255
3211 255
3212 266
3213 269
3214 272
3215 318
3216 322
3217 296
3218 290
3219 277
3220 285
3221 295
3222 288
3223 269
3224 306
3225 308
3226 311
3227 305
3228 290
3229 300
3230 310
3231 330
3232 315
3233 274
3234 288
3235 277
3236 263
3237 264
3238 246
3239 229
3240 230
3241 233
3242 240
3243 237
3244 231
3245 228
3246 195
3247 195
3248 204
3249 195
3250 203
3251 211
3252 230
3253 213
3254 189
3255 200
3256 196
3257 189
3258 217
3259 210
3260 221
3261 215
3262 191
3263 199
3264 221
3265 197
3266 185
3267 180
3268 182
3269 198
3270 167
3271 169
3272 155
3273 176
3274 179
3275 163
3276 166
3277 136
3278 138
3279 139
3280 130
3281 116
3282 131
3283 136
3284 131
3285 121
3286 136
3287 129
3288 118
3289 120
3290 116
3291 128
3292 144
3293 125
3294 138
3295 158
3296 154
3297 148
3298 167
3299 159
3300 129
3301 144
3302 148
3303 140
3304 134
3305 140
3306 153
3307 162
3308 176
3309 179
3310 165
3311 154
3312 142
3313 159
3314 151
3315 148
3316 147
3317 139
3318 138
3319 119
3320 111
3321 109
3322 101
3323 99
3324 92
3325 74
3326 86
3327 87
3328 67
3329 66
3330 87
3331 83
3332 95
3333 90
3334 99
3335 81
3336 87
3337 87
3338 93
3339 102
3340 92
3341 104
3342 88
3343 92
3344 79
3345 77
3346 71
3347 77
3348 74
3349 93
3350 95
3351 101
3352 106
3353 113
3354 101
3355 107
3356 93
3357 92
3358 83
3359 94
3360 95
3361 88
3362 92
3363 78
3364 87
3365 91
3366 91
3367 75
3368 62
3369 48
3370 57
3371 60
3372 52
3373 34
3374 40
3375 36
3376 26
3377 24
3378 19
3379 12
3380 17
3381 16
3382 8
3383 5
3384 6
3385 3
3386 3
3387 5
3388 7
3389 6
3390 4
3391 2
3392 4
3393 5
3394 4
3395 1
3396 0
3397 0
3398 0
3399 1
3400 3
3401 2
3402 1
3403 1
3404 0
3405 0
3406 0
3407 0
3408 0
3409 0
3410 0
3411 0
3412 1
3413 1
3414 1
3415 3
3416 1
3417 0
3418 0
3419 0
3420 0
3421 0
3422 0
3423 0
3424 0
3425 0
3426 0
3427 0
3428 0
3429 0
3430 1
3431 0
3432 0
3433 0
3434 0
3435 1
3436 1
3437 2
3438 2
3439 3
3440 3
3441 2
3442 4
3443 3
3444 2
3445 3
3446 3
3447 2
3448 2
3449 3
3450 3
3451 1
3452 2
3453 1
3454 3
3455 4
3456 5
3457 5
3458 5
3459 8
3460 3
3461 1
3462 0
3463 0
3464 0
3465 0
3466 0
3467 0
3468 1
3469 1
3470 2
3471 3
3472 4
3473 7
3474 5
3475 7
3476 6
3477 7
3478 7
3479 4
3480 5
3481 12
3482 10
3483 11
3484 11
3485 9
3486 8
3487 6
3488 6
3489 4
3490 6
3491 4
3492 8
3493 11
3494 10
3495 15
3496 15
3497 22
3498 20
3499 21
3500 14
3501 10
3502 10
3503 7
3504 4
3505 5
3506 3
3507 1
3508 4
3509 5
3510 5
3511 7
3512 8
3513 8
3514 8
3515 2
3516 3
3517 6
3518 6
3519 4
3520 4
3521 7
3522 9
3523 11
3524 9
3525 4
3526 4
3527 4
3528 1
3529 1
3530 3
3531 2
3532 0
3533 0
3534 0
3535 0
3536 1
3537 0
3538 0
3539 0
3540 0
3541 0
3542 1
3543 0
3544 1
3545 2
3546 1
3547 1
3548 2
3549 1
3550 1
3551 0
3552 0
3553 0
3554 0
3555 0
3556 0
3557 2
3558 0
3559 0
3560 0
3561 0
3562 0
3563 0
3564 0
3565 0
3566 0
3567 1
3568 1
3569 1
3570 1
3571 0
3572 1
3573 0
3574 0
3575 0
3576 0
3577 0
3578 0
3579 1
3580 2
3581 0
3582 0
3583 0
3584 0
3585 0
3586 0
3587 0
3588 0
3589 0
3590 0
3591 0
3592 0
3593 1
3594 1
3595 0
3596 0
3597 1
3598 2
3599 3
3600 5
3601 6
3602 6
3603 5
3604 3
3605 4
3606 3
3607 2
3608 1
3609 2
3610 2
3611 2
3612 2
3613 1
3614 1
3615 1
3616 2
3617 2
3618 3
3619 5
3620 9
3621 10
3622 8
3623 2
3624 3
3625 4
3626 5
3627 6
3628 7
3629 5
3630 4
3631 9
3632 5
3633 8
3634 10
3635 11
3636 15
3637 9
3638 8
3639 7
3640 8
3641 7
3642 7
3643 8
3644 7
3645 8
3646 10
3647 10
3648 13
3649 13
3650 18
3651 10
3652 10
3653 11
3654 8
3655 8
3656 9
3657 7
3658 6
3659 6
3660 5
3661 4
3662 3
3663 3
3664 2
3665 2
3666 1
3667 0
3668 0
3669 0
3670 0
3671 0
3672 0
3673 0
3674 0
3675 0
3676 2
3677 2
3678 2
3679 2
3680 3
3681 2
3682 0
3683 0
3684 0
3685 1
3686 0
3687 0
3688 0
3689 0
3690 0
3691 0
3692 0
3693 1
3694 0
3695 0
3696 0
3697 0
3698 0
3699 0
3700 0
3701 0
3702 0
3703 0
3704 0
3705 0
3706 0
3707 0
3708 1
3709 1
3710 1
3711 0
3712 0
3713 0
3714 0
3715 0
3716 0
3717 0
3718 0
3719 0
3720 0
3721 0
3722 0
3723 1
3724 1
3725 1
3726 1
3727 1
3728 2
3729 2
3730 4
3731 2
3732 2
3733 4
3734 10
3735 11
3736 13
3737 3
3738 2
3739 0
3740 0
3741 1
3742 1
3743 2
3744 2
3745 0
3746 0
3747 0
3748 0
3749 0
3750 0
3751 1
3752 1
3753 0
3754 1
3755 1
3756 1
3757 1
3758 1
3759 2
3760 2
3761 3
3762 1
3763 3
3764 8
3765 11
3766 14
3767 14
3768 26
3769 27
3770 36
3771 42
3772 51
3773 44
3774 52
3775 38
3776 42
3777 31
3778 36
3779 40
3780 34
3781 31
3782 22
3783 23
3784 23
3785 19
3786 16
3787 13
3788 18
3789 25
3790 32
3791 31
3792 26
3793 23
3794 18
3795 14
3796 17
3797 14
3798 23
3799 32
3800 30
3801 27
3802 31
3803 20
3804 14
3805 21
3806 23
3807 29
3808 32
3809 31
3810 29
3811 25
3812 32
3813 41
3814 53
3815 45
3816 45
3817 42
3818 44
3819 52
3820 60
3821 59
3822 54
3823 61
3824 60
3825 60
3826 67
3827 70
3828 69
3829 66
3830 69
3831 64
3832 67
3833 76
3834 75
3835 58
3836 49
3837 47
3838 46
3839 44
3840 44
3841 52
3842 49
3843 40
3844 34
3845 39
3846 35
3847 44
3848 44
3849 52
3850 42
3851 47
3852 39
3853 40
3854 47
3855 39
3856 50
3857 41
3858 53
3859 52
3860 48
3861 41
3862 37
3863 32
3864 22
3865 14
3866 18
3867 17
3868 16
3869 12
3870 8
3871 7
3872 6
3873 9
3874 8
3875 12
3876 19
3877 28
3878 28
3879 34
3880 33
3881 25
3882 20
3883 29
3884 27
3885 24
3886 25
3887 18
3888 19
3889 17
3890 7
3891 6
3892 9
3893 7
3894 10
3895 11
3896 9
3897 12
3898 8
3899 6
3900 3
3901 5
3902 5
3903 2
3904 1
3905 1
3906 0
3907 0
3908 0
3909 0
3910 0
3911 1
3912 1
3913 0
3914 0
3915 0
3916 0
3917 1
3918 1
3919 2
3920 3
3921 4
3922 3
3923 2
3924 1
3925 0
3926 0
3927 0
3928 2
3929 3
3930 1
3931 0
3932 0
3933 0
3934 0
3935 0
3936 0
3937 0
3938 0
3939 0
3940 0
3941 0
3942 0
3943 0
3944 0
3945 0
3946 0
3947 0
3948 0
3949 0
3950 0
3951 0
3952 0
3953 0
3954 0
3955 0
3956 0
3957 0
3958 1
3959 1
3960 1
3961 3
3962 4
3963 7
3964 8
3965 10
3966 11
3967 11
3968 7
3969 1
3970 0
3971 1
3972 2
3973 3
3974 3
3975 6
3976 5
3977 6
3978 8
3979 8
3980 12
3981 12
3982 16
3983 21
3984 23
3985 21
3986 20
3987 13
3988 7
3989 7
3990 6
3991 7
3992 9
3993 14
3994 13
3995 15
3996 12
3997 11
3998 9
3999 9
4000 8
4001 11
4002 13
4003 14
4004 14
4005 11
4006 8
4007 10
4008 5
4009 2
4010 0
4011 2
4012 3
4013 1
4014 0
4015 0
4016 0
4017 0
4018 1
4019 1
4020 2
4021 2
4022 0
4023 1
4024 1
4025 2
4026 1
4027 1
4028 1
4029 0
4030 0
4031 0
4032 0
4033 0
4034 0
4035 0
4036 0
4037 0
4038 0
4039 1
4040 1
4041 1
4042 2
4043 3
4044 7
4045 6
4046 5
4047 3
4048 2
4049 1
4050 0
4051 0
4052 0
4053 2
4054 2
4055 3
4056 2
4057 4
4058 5
4059 12
4060 14
4061 11
4062 14
4063 13
4064 12
4065 9
4066 10
4067 7
4068 5
4069 8
4070 8
4071 7
4072 12
4073 5
4074 5
4075 6
4076 3
4077 5
4078 3
4079 3
4080 1
4081 0
4082 0
4083 1
4084 0
4085 0
4086 0
4087 0
4088 0
4089 0
4090 0
4091 0
4092 0
4093 0
4094 0
4095 1
4096 2
4097 2
4098 7
4099 8
4100 7
4101 9
4102 8
4103 10
4104 9
4105 10
4106 9
4107 12
4108 11
4109 10
4110 4
4111 3
4112 2
4113 1
4114 1
4115 3
4116 1
4117 0
4118 0
4119 0
4120 0
4121 0
4122 0
4123 0
4124 0
4125 0
4126 0
4127 0
4128 0
4129 1
4130 4
4131 5
4132 2
4133 3
4134 3
4135 2
4136 2
4137 1
4138 2
4139 0
4140 0
4141 0
4142 0
4143 0
4144 1
4145 2
4146 1
4147 2
4148 3
4149 1
4150 1
4151 0
4152 1
4153 0
4154 0
4155 0
4156 0
4157 0
4158 1
4159 0
4160 0
4161 0
4162 0
4163 0
4164 0
4165 0
4166 0
4167 0
4168 0
4169 0
4170 1
4171 1
4172 2
4173 2
4174 3
4175 3
4176 4
4177 4
4178 7
4179 5
4180 6
4181 2
4182 2
4183 5
4184 8
4185 5
4186 4
4187 2
4188 2
4189 1
4190 1
4191 2
4192 1
4193 4
4194 5
4195 4
4196 1
4197 3
4198 2
4199 5
4200 6
4201 4
4202 3
4203 1
4204 0
4205 1
4206 1
4207 0
4208 0
4209 0
4210 1
4211 0
4212 1
4213 1
4214 0
4215 1
4216 2
4217 2
4218 1
4219 2
4220 1
4221 3
4222 6
4223 4
4224 5
4225 6
4226 3
4227 2
4228 2
4229 3
4230 5
4231 11
4232 7
4233 18
4234 27
4235 16
4236 18
4237 20
4238 21
4239 19
4240 19
4241 17
4242 25
4243 17
4244 14
4245 12
4246 15
4247 12
4248 11
4249 16
4250 13
4251 10
4252 17
4253 13
4254 18
4255 23
4256 22
4257 25
4258 31
4259 23
4260 24
4261 25
4262 23
4263 21
4264 18
4265 16
4266 13
4267 11
4268 7
4269 10
4270 9
4271 7
4272 7
4273 6
4274 8
4275 9
4276 6
4277 9
4278 9
4279 9
4280 8
4281 13
4282 9
4283 8
4284 9
4285 11
4286 13
4287 11
4288 10
4289 6
4290 4
4291 4
4292 8
4293 3
4294 5
4295 9
4296 9
4297 10
4298 9
4299 9
4300 9
4301 8
4302 15
4303 12
4304 12
4305 15
4306 14
4307 11
4308 9
4309 9
4310 6
4311 11
4312 14
4313 7
4314 12
4315 14
4316 8
4317 8
4318 7
4319 5
4320 4
4321 2
4322 2
4323 4
4324 3
4325 2
4326 3
4327 3
4328 2
4329 2
4330 0
4331 0
4332 0
4333 1
4334 0
4335 0
4336 0
4337 0
4338 0
4339 0
4340 0
4341 0
4342 0
4343 0
4344 0
4345 0
4346 0
4347 0
4348 0
4349 0
4350 0
4351 0
4352 0
4353 0
4354 0
4355 0
4356 0
4357 0
4358 1
4359 0
4360 0
4361 0
4362 0
4363 1
4364 2
4365 2
4366 1
4367 1
4368 1
4369 1
4370 0
4371 0
4372 1
4373 0
4374 0
4375 0
4376 2
4377 3
4378 3
4379 2
4380 2
4381 3
4382 3
4383 2
4384 1
4385 2
4386 3
4387 3
4388 4
4389 7
4390 10
4391 9
4392 5
4393 9
4394 10
4395 8
4396 9
4397 10
4398 10
4399 10
4400 7
4401 6
4402 4
4403 2
4404 0
4405 0
4406 0
4407 0
4408 1
4409 1
4410 0
4411 0
4412 0
4413 0
4414 0
4415 0
4416 0
4417 0
4418 0
4419 0
4420 0
4421 0
4422 1
4423 1
4424 1
4425 1
4426 0
4427 0
4428 0
4429 0
4430 1
4431 2
4432 5
4433 3
4434 2
4435 3
4436 5
4437 4
4438 8
4439 9
4440 11
4441 16
4442 24
4443 23
4444 23
4445 25
4446 26
4447 24
4448 28
4449 37
4450 31
4451 31
4452 28
4453 30
4454 29
4455 34
4456 39
4457 39
4458 43
4459 53
4460 63
4461 62
4462 53
4463 63
4464 63
4465 75
4466 72
4467 67
4468 63
4469 57
4470 52
4471 54
4472 44
4473 37
4474 41
4475 36
4476 37
4477 31
4478 32
4479 27
4480 22
4481 16
4482 16
4483 17
4484 18
4485 17
4486 21
4487 24
4488 36
4489 41
4490 53
4491 41
4492 49
4493 56
4494 46
4495 52
4496 56
4497 63
4498 61
4499 69
4500 74
4501 72
4502 77
4503 77
4504 68
4505 69
4506 70
4507 66
4508 75
4509 77
4510 82
4511 88
4512 88
4513 74
4514 68
4515 75
4516 82
4517 87
4518 98
4519 104
4520 101
4521 84
4522 96
4523 93
4524 89
4525 92
4526 95
4527 88
4528 91
4529 78
4530 84
4531 78
4532 74
4533 83
4534 74
4535 78
4536 82
4537 64
4538 52
4539 62
4540 69
4541 85
4542 87
4543 101
4544 104
4545 107
4546 89
4547 82
4548 81
4549 75
4550 68
4551 61
4552 56
4553 45
4554 39
4555 26
4556 26
4557 23
4558 21
4559 25
4560 33
4561 36
4562 38
4563 37
4564 34
4565 29
4566 28
4567 29
4568 26
4569 26
4570 23
4571 20
4572 20
4573 26
4574 22
4575 22
4576 18
4577 21
4578 20
4579 22
4580 20
4581 22
4582 19
4583 20
4584 23
4585 21
4586 25
4587 22
4588 24
4589 25
4590 20
4591 13
4592 10
4593 11
4594 9
4595 11
4596 9
4597 12
4598 18
4599 18
4600 16
4601 11
4602 13
4603 15
4604 12
4605 19
4606 19
4607 25
4608 25
4609 33
4610 43
4611 37
4612 47
4613 49
4614 44
4615 39
4616 43
4617 37
4618 43
4619 44
4620 38
4621 39
4622 34
4623 32
4624 36
4625 46
4626 61
4627 71
4628 68
4629 77
4630 85
4631 80
4632 72
4633 70
4634 78
4635 83
4636 80
4637 76
4638 82
4639 98
4640 92
4641 87
4642 81
4643 85
4644 104
4645 108
4646 106
4647 104
4648 91
4649 101
4650 113
4651 116
4652 116
4653 134
4654 131
4655 118
4656 122
4657 122
4658 120
4659 117
4660 126
4661 131
4662 121
4663 117
4664 109
4665 107
4666 133
4667 107
4668 129
4669 130
4670 104
4671 105
4672 105
4673 95
4674 86
4675 94
4676 81
4677 66
4678 63
4679 51
4680 54
4681 48
4682 43
4683 39
4684 34
4685 32
4686 35
4687 32
4688 27
4689 25
4690 18
4691 14
4692 11
4693 6
4694 4
4695 4
4696 3
4697 4
4698 4
4699 3
4700 3
4701 2
4702 1
4703 0
4704 0
4705 0
4706 0
4707 1
4708 2
4709 3
4710 0
4711 0
4712 0
4713 0
4714 0
4715 1
4716 2
4717 1
4718 1
4719 1
4720 0
4721 0
4722 0
4723 0
4724 0
4725 0
4726 1
4727 1
4728 0
4729 1
4730 0
4731 1
4732 1
4733 3
4734 3
4735 4
4736 4
4737 7
4738 8
4739 8
4740 8
4741 8
4742 8
4743 9
4744 12
4745 3
4746 3
4747 7
4748 9
4749 11
4750 10
4751 9
4752 10
4753 12
4754 13
4755 8
4756 6
4757 8
4758 11
4759 10
4760 5
4761 3
4762 1
4763 1
4764 1
4765 0
4766 1
4767 0
4768 0
4769 0
4770 0
4771 0
4772 0
4773 1
4774 0
4775 0
4776 0
4777 0
4778 0
4779 1
4780 1
4781 1
4782 1
4783 0
4784 0
4785 0
4786 0
4787 0
4788 0
4789 2
4790 4
4791 4
4792 4
4793 6
4794 5
4795 5
4796 4
4797 4
4798 2
4799 1
4800 0
4801 1
4802 1
4803 0
4804 1
4805 2
4806 1
4807 1
4808 1
4809 3
4810 0
4811 0
4812 0
4813 0
4814 0
4815 1
4816 1
4817 1
4818 0
4819 1
4820 0
4821 0
4822 0
4823 0
4824 0
4825 0
4826 0
4827 0
4828 0
4829 0
4830 0
4831 0
4832 0
4833 0
4834 1
4835 1
4836 0
4837 0
4838 1
4839 2
4840 1
4841 3
4842 0
4843 0
4844 0
4845 0
4846 0
4847 0
4848 0
4849 0
4850 0
4851 0
4852 0
4853 1
4854 0
4855 0
4856 1
4857 1
4858 1
4859 2
4860 3
4861 5
4862 6
4863 6
4864 9
4865 7
4866 8
4867 4
4868 6
4869 7
4870 5
4871 5
4872 2
4873 3
4874 4
4875 3
4876 4
4877 4
4878 6
4879 4
4880 2
4881 1
4882 2
4883 2
4884 4
4885 1
4886 0
4887 0
4888 0
4889 0
4890 0
4891 1
4892 2
4893 0
4894 0
4895 0
4896 1
4897 3
4898 5
4899 1
4900 1
4901 2
4902 1
4903 0
4904 0
4905 0
4906 1
4907 0
4908 1
4909 1
4910 2
4911 5
4912 5
4913 6
4914 8
4915 6
4916 8
4917 9
4918 8
4919 5
4920 5
4921 5
4922 2
4923 0
4924 1
4925 2
4926 2
4927 1
4928 2
4929 1
4930 1
4931 0
4932 0
4933 0
4934 0
4935 0
4936 0
4937 0
4938 0
4939 1
4940 0
4941 1
4942 1
4943 0
4944 0
4945 0
4946 0
4947 0
4948 0
4949 1
4950 3
4951 3
4952 3
4953 1
4954 3
4955 0
4956 0
4957 0
4958 0
4959 0
4960 0
4961 0
4962 0
4963 0
4964 1
4965 4
4966 8
4967 7
4968 11
4969 14
4970 18
4971 24
4972 28
4973 14
4974 20
4975 19
4976 21
4977 26
4978 32
4979 35
4980 25
4981 17
4982 19
4983 20
4984 21
4985 18
4986 12
4987 16
4988 14
4989 14
4990 10
4991 11
4992 14
4993 17
4994 19
4995 16
4996 14
4997 13
4998 12
4999 13
5000 6
5001 10
5002 18
5003 9
5004 9
5005 5
5006 6
5007 4
5008 4
5009 7
5010 7
5011 3
5012 8
5013 0
5014 0
5015 0
5016 1
5017 2
5018 1
5019 1
5020 1
5021 1
5022 1
5023 1
5024 3
5025 1
5026 2
5027 0
5028 1
5029 1
5030 0
5031 2
5032 3
5033 3
5034 3
5035 4
5036 5
5037 6
5038 2
5039 3
5040 2
5041 3
5042 4
5043 2
5044 0
5045 0
5046 0
5047 0
5048 0
5049 0
5050 0
5051 0
5052 0
5053 0
5054 1
5055 2
5056 3
5057 5
5058 5
5059 6
5060 11
5061 12
5062 11
5063 13
5064 11
5065 16
5066 12
5067 11
5068 8
5069 11
5070 9
5071 11
5072 10
5073 7
5074 7
5075 11
5076 9
5077 5
5078 7
5079 7
5080 3
5081 5
5082 4
5083 5
5084 6
5085 5
5086 5
5087 9
5088 8
5089 6
5090 5
5091 6
5092 10
5093 11
5094 18
5095 18
5096 26
5097 28
5098 21
5099 21
5100 15
5101 21
5102 25
5103 29
5104 29
5105 27
5106 30
5107 33
5108 30
5109 32
5110 24
5111 25
5112 20
5113 18
5114 23
5115 23
5116 24
5117 27
5118 20
5119 21
5120 16
5121 23
5122 36
5123 38
5124 42
5125 49
5126 37
5127 32
5128 38
5129 40
5130 40
5131 34
5132 35
5133 33
5134 29
5135 23
5136 28
5137 25
5138 19
5139 20
5140 19
5141 19
5142 18
5143 17
5144 18
5145 16
5146 17
5147 21
5148 15
5149 17
5150 23
5151 15
5152 19
5153 14
5154 11
5155 8
5156 9
5157 5
5158 4
5159 2
5160 0
5161 0
5162 0
5163 0
5164 0
5165 0
5166 0
5167 1
5168 0
5169 0
5170 0
5171 1
5172 1
5173 1
5174 1
5175 0
5176 0
5177 0
5178 0
5179 0
5180 1
5181 1
5182 1
5183 0
5184 0
5185 0
5186 0
5187 0
5188 0
5189 0
5190 1
5191 0
5192 0
5193 1
5194 0
5195 1
5196 1
5197 0
5198 0
5199 0
5200 0
5201 0
5202 0
5203 0
5204 0
5205 0
5206 0
5207 0
5208 0
5209 1
5210 0
5211 1
5212 2
5213 3
5214 7
5215 4
5216 1
5217 0
5218 0
5219 0
5220 1
5221 0
5222 2
5223 1
5224 0
5225 0
5226 0
5227 1
5228 0
5229 0
5230 0
5231 0
5232 0
5233 0
5234 1
5235 0
5236 0
5237 1
5238 3
5239 0
5240 0
5241 2
5242 1
5243 2
5244 2
5245 0
5246 0
5247 0
5248 0
5249 1
5250 0
5251 0
5252 0
5253 0
5254 0
5255 0
5256 1
5257 2
5258 3
5259 2
5260 2
5261 2
5262 3
5263 1
5264 0
5265 0
5266 1
5267 1
5268 2
5269 2
5270 2
5271 2
5272 0
5273 0
5274 0
5275 0
5276 0
5277 0
5278 1
5279 0
5280 0
5281 0
5282 0
5283 0
5284 0
5285 0
5286 0
5287 0
5288 0
5289 0
5290 0
5291 1
5292 1
5293 1
5294 1
5295 1
5296 0
5297 0
5298 0
5299 0
5300 0
5301 1
5302 1
5303 1
5304 3
5305 2
5306 2
5307 4
5308 3
5309 2
5310 1
5311 0
5312 0
5313 0
5314 0
5315 0
5316 1
5317 0
5318 1
5319 0
5320 0
5321 1
5322 3
5323 6
5324 10
5325 5
5326 10
5327 6
5328 11
5329 10
5330 12
5331 7
5332 8
5333 4
5334 4
5335 5
5336 1
5337 2
5338 4
5339 4
5340 1
5341 1
5342 2
5343 1
5344 1
5345 1
5346 2
5347 4
5348 2
5349 1
5350 2
5351 1
5352 3
5353 2
5354 2
5355 3
5356 1
5357 1
5358 1
5359 1
5360 2
5361 4
5362 6
5363 6
5364 5
5365 6
5366 4
5367 4
5368 1
5369 3
5370 1
5371 1
5372 0
5373 0
5374 0
5375 0
5376 0
5377 0
5378 0
5379 0
5380 0
5381 0
5382 0
5383 0
5384 0
5385 1
5386 2
5387 0
5388 0
5389 1
5390 0
5391 2
5392 1
5393 1
5394 1
5395 0
5396 0
5397 0
5398 0
5399 0
5400 0
5401 0
5402 0
5403 0
5404 0
5405 0
5406 0
5407 0
5408 1
5409 1
5410 0
5411 0
5412 1
5413 0
5414 1
5415 0
5416 0
5417 0
5418 1
5419 1
5420 2
5421 2
5422 2
5423 5
5424 3
5425 6
5426 7
5427 10
5428 9
5429 10
5430 10
5431 9
5432 7
5433 7
5434 5
5435 3
5436 4
5437 2
5438 3
5439 4
5440 2
5441 0
5442 0
5443 0
5444 1
5445 0
5446 0
5447 0
5448 0
5449 0
5450 0
5451 0
5452 1
5453 1
5454 2
5455 3
5456 2
5457 0
5458 0
5459 0
5460 0
5461 0
5462 0
5463 1
5464 0
5465 0
5466 0
5467 0
5468 0
5469 1
5470 2
5471 0
5472 0
5473 0
5474 0
5475 0
5476 0
5477 0
5478 0
5479 0
5480 0
5481 1
5482 0
5483 0
5484 0
5485 0
5486 0
5487 0
5488 0
5489 1
5490 0
5491 0
5492 0
5493 0
5494 0
5495 0
5496 0
5497 0
5498 1
5499 0
5500 0
5501 0
5502 0
5503 0
5504 0
5505 0
5506 1
5507 3
5508 4
5509 2
5510 2
5511 3
5512 3
5513 5
5514 10
5515 15
5516 14
5517 11
5518 13
5519 13
5520 14
5521 11
5522 10
5523 10
5524 12
5525 18
5526 17
5527 16
5528 15
5529 11
5530 8
5531 10
5532 12
5533 14
5534 8
5535 7
5536 8
5537 9
5538 12
5539 5
5540 8
5541 9
5542 15
5543 12
5544 21
5545 21
5546 23
5547 24
5548 23
5549 28
5550 30
5551 28
5552 29
5553 18
5554 22
5555 18
5556 13
5557 9
5558 6
5559 5
5560 5
5561 2
5562 1
5563 0
5564 0
5565 1
5566 1
5567 1
5568 4
5569 5
5570 6
5571 7
5572 2
5573 4
5574 2
5575 6
5576 5
5577 4
5578 4
5579 2
5580 4
5581 5
5582 2
5583 1
5584 1
5585 2
5586 3
5587 2
5588 5
5589 3
5590 1
5591 0
5592 0
5593 0
5594 0
5595 1
5596 1
5597 1
5598 0
5599 0
5600 0
5601 0
5602 0
5603 0
5604 0
5605 0
5606 0
5607 0
5608 0
5609 0
5610 2
5611 1
5612 3
5613 2
5614 1
5615 0
5616 1
5617 3
5618 7
5619 8
5620 9
5621 12
5622 20
5623 16
5624 14
5625 17
5626 33
5627 34
5628 35
5629 31
5630 37
5631 42
5632 44
5633 39
5634 27
5635 36
5636 31
5637 33
5638 35
5639 29
5640 37
5641 46
5642 47
5643 56
5644 53
5645 50
5646 59
5647 56
5648 58
5649 57
5650 62
5651 56
5652 54
5653 55
5654 76
5655 74
5656 85
5657 80
5658 68
5659 63
5660 77
5661 81
5662 78
5663 78
5664 69
5665 71
5666 68
5667 62
5668 70
5669 72
5670 81
5671 72
5672 77
5673 79
5674 77
5675 74
5676 58
5677 62
5678 66
5679 58
5680 52
5681 43
5682 43
5683 38
5684 41
5685 41
5686 45
5687 36
5688 43
5689 39
5690 40
5691 49
5692 49
5693 49
5694 50
5695 55
5696 67
5697 66
5698 64
5699 68
5700 82
5701 89
5702 83
5703 96
5704 102
5705 107
5706 100
5707 96
5708 89
5709 116
5710 111
5711 105
5712 109
5713 111
5714 137
5715 120
5716 139
5717 140
5718 157
5719 175
5720 174
5721 195
5722 210
5723 200
5724 191
5725 204
5726 219
5727 215
5728 216
5729 208
5730 211
5731 197
5732 191
5733 190
5734 178
5735 168
5736 169
5737 158
5738 166
5739 137
5740 132
5741 134
5742 126
5743 142
5744 147
5745 138
5746 131
5747 124
5748 127
5749 123
5750 129
5751 130
5752 151
5753 144
5754 154
5755 143
5756 137
5757 128
5758 129
5759 134
5760 139
5761 172
5762 176
5763 189
5764 211
5765 203
5766 212
5767 216
5768 247
5769 257
5770 253
5771 269
5772 269
5773 291
5774 254
5775 230
5776 238
5777 243
5778 227
5779 246
5780 253
5781 270
5782 281
5783 284
5784 247
5785 238
5786 226
5787 216
5788 235
5789 259
5790 279
5791 270
5792 275
5793 251
5794 250
5795 243
5796 230
5797 226
5798 228
5799 228
5800 237
5801 206
5802 227
5803 233
5804 230
5805 237
5806 235
5807 234
5808 239
5809 227
5810 195
5811 210
5812 228
5813 222
5814 186
5815 181
5816 165
5817 173
5818 196
5819 201
5820 196
5821 195
5822 187
5823 190
5824 199
5825 191
5826 193
5827 191
5828 187
5829 204
5830 189
5831 180
5832 172
5833 166
5834 148
5835 150
5836 140
5837 135
5838 139
5839 153
5840 162
5841 152
5842 143
5843 139
5844 146
5845 137
5846 155
5847 159
5848 163
5849 167
5850 169
5851 160
5852 141
5853 136
5854 135
5855 120
5856 104
5857 106
5858 96
5859 84
5860 58
5861 55
5862 57
5863 47
5864 38
5865 30
5866 33
5867 38
5868 38
5869 41
5870 36
5871 38
5872 47
5873 42
5874 45
5875 54
5876 53
5877 46
5878 45
5879 36
5880 38
5881 42
5882 36
5883 44
5884 45
5885 42
5886 44
5887 53
5888 53
5889 62
5890 51
5891 64
5892 70
5893 73
5894 74
5895 62
5896 60
5897 66
5898 64
5899 57
5900 60
5901 71
5902 76
5903 85
5904 96
5905 98
5906 93
5907 88
5908 71
5909 81
5910 88
5911 91
5912 84
5913 75
5914 77
5915 75
5916 83
5917 65
5918 69
5919 70
5920 83
5921 88
5922 87
5923 75
5924 78
5925 72
5926 62
5927 73
5928 61
5929 77
5930 72
5931 68
5932 56
5933 57
5934 54
5935 45
5936 46
5937 38
5938 38
5939 35
5940 39
5941 46
5942 48
5943 49
5944 49
5945 57
5946 66
5947 61
5948 55
5949 55
5950 63
5951 52
5952 55
5953 53
5954 51
5955 55
5956 54
5957 59
5958 56
5959 60
5960 58
5961 59
5962 45
5963 45
5964 40
5965 38
5966 43
5967 31
5968 31
5969 25
5970 30
5971 31
5972 37
5973 31
5974 40
5975 42
5976 50
5977 60
5978 59
5979 57
5980 54
5981 52
5982 59
5983 39
5984 40
5985 43
5986 29
5987 25
5988 31
5989 30
5990 20
5991 26
5992 30
5993 29
5994 26
5995 23
5996 19
5997 21
5998 20
5999 25
6000 17
6001 17
6002 17
6003 19
6004 18
6005 18
6006 22
6007 19
6008 26
6009 20
6010 15
6011 16
6012 15
6013 24
6014 29
6015 32
6016 37
6017 34
6018 40
6019 32
6020 26
6021 26
6022 26
6023 28
6024 28
6025 31
6026 29
6027 25
6028 20
6029 18
6030 25
6031 24
6032 24
6033 26
6034 22
6035 26
6036 26
6037 36
6038 25
6039 32
6040 28
6041 25
6042 32
6043 35
6044 41
6045 41
6046 38
6047 34
6048 34
6049 35
6050 40
6051 27
6052 24
6053 34
6054 36
6055 42
6056 36
6057 38
6058 30
6059 30
6060 34
6061 46
6062 49
6063 53
6064 49
6065 55
6066 62
6067 57
6068 62
6069 79
6070 84
6071 71
6072 69
6073 80
6074 90
6075 86
6076 91
6077 97
6078 87
6079 96
6080 109
6081 118
6082 111
6083 129
6084 131
6085 130
6086 133
6087 132
6088 109
6089 99
6090 106
6091 99
6092 91
6093 84
6094 101
6095 90
6096 96
6097 107
6098 100
6099 92
6100 88
6101 107
6102 111
6103 118
6104 115
6105 124
6106 124
6107 140
6108 136
6109 145
6110 148
6111 141
6112 129
6113 122
6114 114
6115 111
6116 105
6117 107
6118 92
6119 82
6120 68
6121 79
6122 79
6123 82
6124 90
6125 92
6126 92
6127 106
6128 99
6129 91
6130 64
6131 74
6132 62
6133 57
6134 46
6135 44
6136 46
6137 42
6138 45
6139 50
6140 50
6141 43
6142 46
6143 49
6144 48
6145 56
6146 64
6147 75
6148 84
6149 85
6150 86
6151 76
6152 67
6153 55
6154 56
6155 36
6156 46
6157 47
6158 40
6159 37
6160 35
6161 36
6162 37
6163 28
6164 28
6165 31
6166 28
6167 30
6168 22
6169 27
6170 27
6171 25
6172 27
6173 25
6174 27
6175 22
6176 32
6177 35
6178 38
6179 39
6180 34
6181 31
6182 25
6183 20
6184 29
6185 27
6186 22
6187 24
6188 16
6189 21
6190 22
6191 24
6192 28
6193 36
6194 40
6195 39
6196 32
6197 32
6198 36
6199 39
6200 49
6201 45
6202 51
6203 36
6204 26
6205 22
6206 22
6207 19
6208 17
6209 18
6210 19
6211 16
6212 15
6213 14
6214 19
6215 16
6216 19
6217 24
6218 25
6219 20
6220 23
6221 19
6222 20
6223 19
6224 27
6225 39
6226 31
6227 27
6228 32
6229 32
6230 32
6231 26
6232 23
6233 26
6234 27
6235 30
6236 30
6237 26
6238 28
6239 22
6240 13
6241 14
6242 18
6243 15
6244 18
6245 20
6246 26
6247 26
6248 31
6249 27
6250 22
6251 26
6252 27
6253 30
6254 39
6255 32
6256 26
6257 39
6258 40
6259 37
6260 36
6261 39
6262 47
6263 50
6264 49
6265 45
6266 54
6267 55
6268 61
6269 61
6270 65
6271 60
6272 62
6273 73
6274 78
6275 66
6276 52
6277 51
6278 58
6279 57
6280 57
6281 52
6282 54
6283 47
6284 32
6285 36
6286 38
6287 34
6288 25
6289 19
6290 21
6291 26
6292 24
6293 29
6294 34
6295 35
6296 37
6297 35
6298 35
6299 41
6300 55
6301 52
6302 71
6303 46
6304 56
6305 49
6306 57
6307 50
6308 52
6309 50
6310 53
6311 39
6312 39
6313 39
6314 52
6315 53
6316 56
6317 52
6318 56
6319 57
6320 47
6321 46
6322 52
6323 61
6324 47
6325 41
6326 36
6327 41
6328 51
6329 39
6330 31
6331 33
6332 24
6333 23
6334 18
6335 23
6336 20
6337 17
6338 19
6339 23
6340 19
6341 19
6342 17
6343 15
6344 16
6345 12
6346 7
6347 11
6348 17
6349 19
6350 21
6351 20
6352 28
6353 27
6354 34
6355 27
6356 29
6357 23
6358 32
6359 39
6360 44
6361 27
6362 25
6363 33
6364 38
6365 43
6366 41
6367 31
6368 35
6369 33
6370 38
6371 41
6372 47
6373 39
6374 30
6375 33
6376 28
6377 30
6378 33
6379 38
6380 44
6381 58
6382 60
6383 62
6384 68
6385 70
6386 72
6387 82
6388 77
6389 58
6390 61
6391 81
6392 91
6393 87
6394 93
6395 99
6396 93
6397 95
6398 88
6399 65
6400 67
6401 66
6402 52
6403 60
6404 65
6405 76
6406 79
6407 89
6408 73
6409 68
6410 70
6411 71
6412 82
6413 77
6414 98
6415 104
6416 93
6417 98
6418 90
6419 93
6420 94
6421 115
6422 114
6423 124
6424 113
6425 132
6426 158
6427 170
6428 173
6429 167
6430 159
6431 155
6432 153
6433 173
6434 163
6435 175
6436 182
6437 188
6438 187
6439 197
6440 179
6441 172
6442 166
6443 179
6444 195
6445 188
6446 190
6447 168
6448 181
6449 166
6450 169
6451 167
6452 172
6453 173
6454 169
6455 205
6456 209
6457 206
6458 198
6459 185
6460 160
6461 145
6462 116
6463 116
6464 144
6465 156
6466 160
6467 143
6468 146
6469 151
6470 137
6471 126
6472 138
6473 136
6474 132
6475 153
6476 147
6477 153
6478 181
6479 177
6480 213
6481 209
6482 208
6483 236
6484 248
6485 229
6486 239
6487 237
6488 201
6489 189
6490 205
6491 200
6492 200
6493 190
6494 192
6495 209
6496 226
6497 229
6498 231
6499 249
6500 233
6501 244
6502 260
6503 267
6504 263
6505 269
6506 286
6507 278
6508 267
6509 271
6510 267
6511 297
6512 313
6513 340
6514 313
6515 327
6516 318
6517 337
6518 355
6519 346
6520 326
6521 303
6522 297
6523 281
6524 282
6525 310
6526 320
6527 314
6528 290
6529 300
6530 307
6531 285
6532 297
6533 302
6534 279
6535 286
6536 291
6537 272
6538 274
6539 283
6540 300
6541 292
6542 299
6543 291
6544 278
6545 271
6546 291
6547 315
6548 314
6549 345
6550 369
6551 374
6552 367
6553 389
6554 403
6555 408
6556 428
6557 413
6558 449
6559 456
6560 454
6561 402
6562 416
6563 415
6564 429
6565 417
6566 420
6567 425
6568 436
6569 428
6570 458
6571 479
6572 458
6573 492
6574 431
6575 417
6576 422
6577 391
6578 374
6579 352
6580 349
6581 354
6582 340
6583 346
6584 339
6585 309
6586 315
6587 332
6588 389
6589 384
6590 367
6591 373
6592 394
6593 419
6594 416
6595 383
6596 366
6597 360
6598 361
6599 368
6600 369
6601 378
6602 342
6603 353
6604 317
6605 346
6606 324
6607 353
6608 349
6609 358
6610 370
6611 357
6612 381
6613 416
6614 403
6615 434
6616 447
6617 445
6618 417
6619 373
6620 359
6621 344
6622 354
6623 386
6624 400
6625 397
6626 399
6627 383
6628 357
6629 322
6630 352
6631 369
6632 352
6633 351
6634 369
6635 395
6636 397
6637 399
6638 405
6639 386
6640 398
6641 403
6642 443
6643 462
6644 473
6645 493
6646 469
6647 404
6648 407
6649 393
6650 432
6651 441
6652 408
6653 425
6654 426
6655 416
6656 390
6657 400
6658 393
6659 402
6660 361
6661 349
6662 356
6663 343
6664 344
6665 351
6666 357
6667 379
6668 360
6669 354
6670 350
6671 368
6672 405
6673 417
6674 431
6675 414
6676 434
6677 424
6678 389
6679 399
6680 412
6681 432
6682 432
6683 449
6684 458
6685 456
6686 446
6687 438
6688 446
6689 440
6690 393
6691 372
6692 391
6693 378
6694 369
6695 356
6696 372
6697 347
6698 325
6699 337
6700 326
6701 330
6702 319
6703 330
6704 323
6705 285
6706 278
6707 272
6708 276
6709 287
6710 297
6711 280
6712 282
6713 315
6714 292
6715 306
6716 318
6717 325
6718 308
6719 327
6720 316
6721 333
6722 358
6723 359
6724 386
6725 380
6726 366
6727 391
6728 385
6729 369
6730 332
6731 358
6732 351
6733 342
6734 316
6735 314
6736 300
6737 295
6738 297
6739 300
6740 310
6741 322
6742 296
6743 287
6744 294
6745 286
6746 299
6747 294
6748 296
6749 315
6750 309
6751 308
6752 301
6753 295
6754 290
6755 280
6756 287
6757 317
6758 336
6759 326
6760 323
6761 342
6762 338
6763 342
6764 342
6765 361
6766 353
6767 359
6768 347
6769 342
6770 321
6771 334
6772 345
6773 317
6774 343
6775 339
6776 339
6777 354
6778 308
6779 314
6780 306
6781 297
6782 273
6783 250
6784 235
6785 184
6786 171
6787 164
6788 188
6789 192
6790 178
6791 166
6792 171
6793 164
6794 164
6795 153
6796 145
6797 157
6798 182
6799 177
6800 179
6801 174
6802 176
6803 163
6804 166
6805 161
6806 178
6807 186
6808 200
6809 190
6810 202
6811 206
6812 208
6813 216
6814 214
6815 219
6816 225
6817 216
6818 220
6819 232
6820 215
6821 207
6822 201
6823 191
6824 199
6825 183
6826 204
6827 233
6828 218
6829 254
6830 269
6831 279
6832 278
6833 284
6834 271
6835 256
6836 247
6837 223
6838 210
6839 228
6840 207
6841 205
6842 201
6843 209
6844 213
6845 189
6846 201
6847 175
6848 179
6849 171
6850 152
6851 145
6852 144
6853 156
6854 156
6855 140
6856 137
6857 148
6858 172
6859 180
6860 200
6861 197
6862 188
6863 181
6864 174
6865 167
6866 174
6867 152
6868 157
6869 177
6870 208
6871 218
6872 229
6873 227
6874 228
6875 219
6876 197
6877 196
6878 189
6879 183
6880 184
6881 192
6882 187
6883 176
6884 212
6885 212
6886 199
6887 190
6888 190
6889 187
6890 162
6891 158
6892 185
6893 177
6894 182
6895 164
6896 168
6897 175
6898 186
6899 176
6900 181
6901 200
6902 209
6903 214
6904 190
6905 176
6906 163
6907 172
6908 178
6909 174
6910 175
6911 194
6912 186
6913 159
6914 152
6915 134
6916 120
6917 114
6918 116
6919 114
6920 119
6921 125
6922 124
6923 124
6924 135
6925 129
6926 141
6927 122
6928 121
6929 107
6930 93
6931 80
6932 85
6933 84
6934 101
6935 125
6936 125
6937 143
6938 155
6939 151
6940 164
6941 177
6942 179
6943 164
6944 146
6945 159
6946 167
6947 191
6948 182
6949 206
6950 192
6951 200
6952 204
6953 201
6954 207
6955 202
6956 193
6957 177
6958 155
6959 145
6960 149
6961 150
6962 125
6963 120
6964 131
6965 147
6966 162
6967 175
6968 165
6969 153
6970 166
6971 168
6972 157
6973 182
6974 194
6975 187
6976 183
6977 181
6978 170
6979 157
6980 154
6981 138
6982 137
6983 152
6984 164
6985 176
6986 183
6987 208
6988 202
6989 212
6990 231
6991 266
6992 280
6993 288
6994 228
6995 222
6996 231
6997 225
6998 247
6999 242
7000 260
7001 261
7002 231
7003 236
7004 233
7005 256
7006 245
7007 236
7008 235
7009 240
7010 244
7011 229
7012 233
7013 247
7014 287
7015 287
7016 267
7017 269
7018 280
7019 295
7020 325
7021 317
7022 306
7023 323
7024 320
7025 331
7026 318
7027 307
7028 317
7029 277
7030 235
7031 221
7032 219
7033 230
7034 244
7035 244
7036 271
7037 281
7038 271
7039 285
7040 267
7041 277
7042 274
7043 252
7044 268
7045 261
7046 255
7047 315
7048 340
7049 322
7050 321
7051 325
7052 332
7053 307
7054 312
7055 319
7056 317
7057 308
7058 317
7059 307
7060 313
7061 306
7062 309
7063 285
7064 266
7065 264
7066 271
7067 283
7068 300
7069 297
7070 279
7071 288
7072 265
7073 276
7074 269
7075 274
7076 274
7077 281
7078 306
7079 322
7080 306
7081 287
7082 303
7083 336
7084 330
7085 361
7086 349
7087 351
7088 378
7089 376
7090 387
7091 405
7092 406
7093 401
7094 415
7095 406
7096 416
7097 425
7098 413
7099 436
7100 466
7101 496
7102 481
7103 465
7104 470
7105 474
7106 478
7107 480
7108 467
7109 461
7110 445
7111 437
7112 455
7113 461
7114 455
7115 444
7116 427
7117 440
7118 446
7119 449
7120 441
7121 447
7122 430
7123 443
7124 491
7125 506
7126 507
7127 546
7128 590
7129 574
7130 554
7131 548
7132 539
7133 491
7134 509
7135 521
7136 551
7137 568
7138 596
7139 606
7140 574
7141 618
7142 594
7143 591
7144 631
7145 650
7146 620
7147 590
7148 582
7149 587
7150 573
7151 576
7152 566
7153 571
7154 556
7155 577
7156 580
7157 534
7158 522
7159 568
7160 539
7161 519
7162 533
7163 510
7164 531
7165 526
7166 536
7167 523
7168 523
7169 506
7170 492
7171 527
7172 529
7173 512
7174 505
7175 514
7176 558
7177 560
7178 586
7179 600
7180 588
7181 569
7182 585
7183 547
7184 533
7185 523
7186 507
7187 520
7188 535
7189 553
7190 569
7191 543
7192 575
7193 620
7194 616
7195 650
7196 593
7197 594
7198 565
7199 556
7200 578
7201 574
7202 534
7203 491
7204 517
7205 513
7206 556
7207 576
7208 556
7209 557
7210 525
7211 539
7212 536
7213 548
7214 503
7215 515
7216 482
7217 489
7218 453
7219 457
7220 450
7221 434
7222 387
7223 386
7224 411
7225 400
7226 408
7227 421
7228 422
7229 403
7230 366
7231 358
7232 385
7233 401
7234 425
7235 421
7236 427
7237 436
7238 418
7239 434
7240 465
7241 457
7242 440
7243 440
7244 440
7245 427
7246 392
7247 395
7248 416
7249 411
7250 398
7251 373
7252 359
7253 360
7254 363
7255 350
7256 377
7257 386
7258 416
7259 414
7260 405
7261 399
7262 416
7263 407
7264 418
7265 412
7266 401
7267 389
7268 401
7269 406
7270 409
7271 384
7272 422
7273 428
7274 465
7275 477
7276 459
7277 463
7278 462
7279 448
7280 426
7281 437
7282 443
7283 464
7284 447
7285 438
7286 414
7287 379
7288 383
7289 412
7290 411
7291 427
7292 414
7293 412
7294 427
7295 431
7296 437
7297 427
7298 440
7299 437
7300 433
7301 440
7302 439
7303 403
7304 396
7305 388
7306 416
7307 400
7308 433
7309 425
7310 431
7311 458
7312 490
7313 453
7314 452
7315 444
7316 441
7317 414
7318 429
7319 460
7320 467
7321 439
7322 454
7323 474
7324 418
7325 393
7326 413
7327 388
7328 391
7329 389
7330 392
7331 402
7332 440
7333 392
7334 442
7335 406
7336 385
7337 367
7338 360
7339 368
7340 372
7341 394
7342 345
7343 318
7344 297
7345 286
7346 270
7347 235
7348 259
7349 263
7350 254
7351 265
7352 236
7353 234
7354 224
7355 220
7356 209
7357 197
7358 183
7359 173
7360 160
7361 171
7362 161
7363 151
7364 169
7365 174
7366 187
7367 193
7368 203
7369 205
7370 184
7371 188
7372 177
7373 194
7374 183
7375 163
7376 178
7377 177
7378 185
7379 180
7380 193
7381 184
7382 200
7383 176
7384 189
7385 197
7386 224
7387 210
7388 209
7389 213
7390 211
7391 207
7392 193
7393 178
7394 154
7395 150
7396 143
7397 143
7398 152
7399 167
7400 163
7401 167
7402 173
7403 167
7404 190
7405 192
7406 185
7407 178
7408 163
7409 165
7410 152
7411 173
7412 187
7413 192
7414 189
7415 195
7416 208
7417 210
7418 187
7419 199
7420 184
7421 186
7422 197
7423 198
7424 210
7425 233
7426 240
7427 233
7428 220
7429 205
7430 220
7431 246
7432 225
7433 223
7434 231
7435 269
7436 244
7437 250
7438 237
7439 231
7440 212
7441 223
7442 222
7443 224
7444 228
7445 198
7446 192
7447 198
7448 205
7449 188
7450 176
7451 202
7452 200
7453 208
7454 216
7455 207
7456 186
7457 175
7458 176
7459 192
7460 186
7461 186
7462 178
7463 185
7464 208
7465 219
7466 221
7467 234
7468 204
7469 202
7470 205
7471 205
7472 175
7473 185
7474 181
7475 175
7476 178
7477 167
7478 195
7479 221
7480 231
7481 215
7482 239
7483 228
7484 247
7485 257
7486 263
7487 263
7488 242
7489 282
7490 275
7491 279
7492 257
7493 249
7494 254
7495 253
7496 233
7497 244
7498 232
7499 208
7500 190
7501 211
7502 231
7503 223
7504 207
7505 215
7506 214
7507 197
7508 202
7509 202
7510 227
7511 219
7512 215
7513 216
7514 253
7515 244
7516 231
7517 227
7518 228
7519 216
7520 224
7521 216
7522 238
7523 223
7524 221
7525 209
7526 213
7527 204
7528 198
7529 196
7530 190
7531 185
7532 195
7533 189
7534 200
7535 192
7536 196
7537 202
7538 218
7539 235
7540 221
7541 216
7542 201
7543 184
7544 187
7545 169
7546 183
7547 196
7548 215
7549 241
7550 233
7551 234
7552 244
7553 252
7554 268
7555 281
7556 273
7557 278
7558 314
7559 313
7560 325
7561 322
7562 325
7563 345
7564 340
7565 330
7566 323
7567 306
7568 280
7569 268
7570 264
7571 256
7572 260
7573 269
7574 282
7575 249
7576 276
7577 258
7578 279
7579 277
7580 272
7581 284
7582 291
7583 274
7584 242
7585 236
7586 249
7587 242
7588 214
7589 204
7590 221
7591 219
7592 202
7593 197
7594 169
7595 179
7596 166
7597 191
7598 196
7599 203
7600 210
7601 216
7602 214
7603 228
7604 264
7605 275
7606 271
7607 277
7608 281
7609 284
7610 273
7611 263
7612 240
7613 241
7614 221
7615 199
7616 182
7617 167
7618 156
7619 154
7620 170
7621 142
7622 153
7623 155
7624 149
7625 144
7626 151
7627 157
7628 137
7629 119
7630 135
7631 128
7632 131
7633 131
7634 143
7635 162
7636 166
7637 145
7638 133
7639 142
7640 149
7641 130
7642 146
7643 146
7644 129
7645 105
7646 92
7647 82
7648 90
7649 90
7650 83
7651 89
7652 101
7653 99
7654 95
7655 99
7656 101
7657 111
7658 105
7659 104
7660 112
7661 121
7662 108
7663 117
7664 124
7665 131
7666 130
7667 121
7668 98
7669 94
7670 97
7671 83
7672 91
7673 90
7674 94
7675 99
7676 99
7677 110
7678 112
7679 113
7680 94
7681 93
7682 106
7683 110
7684 106
7685 92
7686 86
7687 87
7688 85
7689 93
7690 101
7691 105
7692 96
7693 104
7694 119
7695 123
7696 127
7697 137
7698 139
7699 142
7700 165
7701 155
7702 161
7703 157
7704 155
7705 149
7706 146
7707 145
7708 158
7709 149
7710 148
7711 146
7712 141
7713 161
7714 160
7715 153
7716 166
7717 157
7718 156
7719 155
7720 150
7721 144
7722 162
7723 164
7724 157
7725 164
7726 159
7727 159
7728 144
7729 149
7730 167
7731 189
7732 185
7733 164
7734 152
7735 171
7736 159
7737 174
7738 197
7739 186
7740 174
7741 172
7742 152
7743 147
7744 131
7745 137
7746 145
7747 151
7748 161
7749 159
7750 179
7751 205
7752 189
7753 202
7754 203
7755 183
7756 206
7757 227
7758 219
7759 211
7760 191
7761 178
7762 185
7763 190
7764 219
7765 209
7766 206
7767 221
7768 219
7769 211
7770 212
7771 179
7772 182
7773 200
7774 212
7775 226
7776 232
7777 258
7778 278
7779 274
7780 246
7781 232
7782 218
7783 242
7784 232
7785 229
7786 231
7787 198
7788 204
7789 219
7790 205
7791 195
7792 225
7793 245
7794 256
7795 297
7796 277
7797 254
7798 235
7799 221
7800 228
7801 201
7802 214
7803 222
7804 223
7805 249
7806 239
7807 259
7808 248
7809 238
7810 237
7811 255
7812 248
7813 247
7814 216
7815 212
7816 204
7817 208
7818 218
7819 232
7820 235
7821 235
7822 246
7823 253
7824 276
7825 260
7826 276
7827 273
7828 284
7829 274
7830 259
7831 239
7832 238
7833 243
7834 258
7835 256
7836 244
7837 245
7838 242
7839 217
7840 203
7841 201
7842 203
7843 171
7844 172
7845 173
7846 150
7847 164
7848 147
7849 133
7850 127
7851 114
7852 109
7853 116
7854 100
7855 106
7856 109
7857 113
7858 104
7859 92
7860 87
7861 82
7862 91
7863 95
7864 103
7865 120
7866 111
7867 120
7868 113
7869 120
7870 130
7871 133
7872 126
7873 123
7874 126
7875 128
7876 101
7877 94
7878 95
7879 99
7880 99
7881 121
7882 114
7883 100
7884 99
7885 118
7886 135
7887 131
7888 118
7889 128
7890 119
7891 133
7892 120
7893 131
7894 141
7895 136
7896 135
7897 126
7898 103
7899 108
7900 115
7901 113
7902 123
7903 125
7904 110
7905 95
7906 97
7907 77
7908 77
7909 84
7910 72
7911 59
7912 51
7913 67
7914 68
7915 55
7916 58
7917 69
7918 70
7919 70
7920 83
7921 74
7922 79
7923 63
7924 68
7925 81
7926 95
7927 100
7928 104
7929 112
7930 102
7931 105
7932 114
7933 122
7934 140
7935 159
7936 165
7937 173
7938 176
7939 189
7940 184
7941 196
7942 186
7943 212
7944 223
7945 227
7946 228
7947 226
7948 196
7949 175
7950 153
7951 152
7952 153
7953 162
7954 186
7955 179
7956 163
7957 160
7958 152
7959 170
7960 174
7961 176
7962 150
7963 161
7964 171
7965 151
7966 131
7967 133
7968 131
7969 119
7970 139
7971 152
7972 154
7973 149
7974 163
7975 167
7976 170
7977 177
7978 183
7979 169
7980 154
7981 166
7982 180
7983 205
7984 209
7985 212
7986 205
7987 187
7988 174
7989 188
7990 176
7991 176
7992 151
7993 171
7994 174
7995 169
7996 164
7997 159
7998 159
7999 150
8000 145
8001 137
8002 126
8003 122
8004 144
8005 142
8006 138
8007 150
8008 149
8009 148
8010 145
8011 137
8012 140
8013 137
8014 135
8015 130
8016 125
8017 106
8018 120
8019 118
8020 114
8021 114
8022 125
8023 140
8024 142
8025 147
8026 162
8027 141
8028 127
8029 132
8030 121
8031 129
8032 147
8033 126
8034 154
8035 155
8036 169
8037 191
8038 177
8039 155
8040 154
8041 168
8042 160
8043 171
8044 190
8045 204
8046 221
8047 255
8048 279
8049 276
8050 282
8051 296
8052 287
8053 302
8054 323
8055 330
8056 320
8057 306
8058 296
8059 310
8060 287
8061 275
8062 283
8063 287
8064 251
8065 263
8066 280
8067 286
8068 305
8069 329
8070 318
8071 343
8072 332
8073 336
8074 324
8075 337
8076 327
8077 312
8078 323
8079 309
8080 300
8081 301
8082 270
8083 290
8084 301
8085 318
8086 319
8087 340
8088 331
8089 341
8090 316
8091 303
8092 296
8093 306
8094 317
8095 311
8096 301
8097 277
8098 269
8099 267
8100 248
8101 274
8102 276
8103 279
8104 272
8105 279
8106 260
8107 268
8108 282
8109 293
8110 336
8111 351
8112 353
8113 363
8114 392
8115 410
8116 407
8117 416
8118 414
8119 399
8120 404
8121 396
8122 411
8123 412
8124 438
8125 419
8126 459
8127 504
8128 504
8129 481
8130 441
8131 418
8132 409
8133 401
8134 406
8135 398
8136 392
8137 416
8138 428
8139 424
8140 429
8141 399
8142 428
8143 415
8144 419
8145 426
8146 443
8147 427
8148 446
8149 433
8150 411
8151 383
8152 408
8153 450
8154 497
8155 499
8156 527
8157 503
8158 471
8159 488
8160 524
8161 511
8162 483
8163 472
8164 488
8165 473
8166 447
8167 436
8168 455
8169 427
8170 424
8171 430
8172 424
8173 472
8174 495
8175 502
8176 515
8177 486
8178 471
8179 476
8180 514
8181 508
8182 506
8183 517
8184 508
8185 520
8186 533
8187 479
8188 457
8189 464
8190 462
8191 501
8192 489
8193 460
8194 425
8195 429
8196 376
8197 344
8198 308
8199 322
8200 348
8201 376
8202 413
8203 435
8204 426
8205 450
8206 467
8207 470
8208 472
8209 454
8210 426
8211 457
8212 414
8213 415
8214 397
8215 408
8216 399
8217 379
8218 374
8219 378
8220 384
8221 376
8222 378
8223 394
8224 426
8225 404
8226 381
8227 398
8228 374
8229 361
8230 316
8231 324
8232 300
8233 308
8234 306
8235 326
8236 325
8237 295
8238 258
8239 256
8240 275
8241 258
8242 266
8243 277
8244 262
8245 240
8246 246
8247 244
8248 250
8249 259
8250 250
8251 214
8252 202
8253 209
8254 209
8255 220
8256 219
8257 216
8258 212
8259 220
8260 195
8261 186
8262 181
8263 204
8264 219
8265 233
8266 240
8267 238
8268 233
8269 236
8270 232
8271 236
8272 237
8273 230
8274 217
8275 231
8276 238
8277 226
8278 209
8279 207
8280 212
8281 212
8282 207
8283 201
8284 184
8285 188
8286 201
8287 177
8288 179
8289 198
8290 208
8291 206
8292 193
8293 192
8294 200
8295 208
8296 191
8297 191
8298 229
8299 238
8300 263
8301 261
8302 302
8303 305
8304 278
8305 275
8306 272
8307 291
8308 314
8309 302
8310 274
8311 290
8312 293
8313 286
8314 307
8315 306
8316 316
8317 323
8318 329
8319 332
8320 297
8321 296
8322 291
8323 277
8324 274
8325 257
8326 274
8327 246
8328 266
8329 242
8330 224
8331 214
8332 203
8333 176
8334 176
8335 152
8336 159
8337 160
8338 151
8339 155
8340 142
8341 130
8342 135
8343 138
8344 158
8345 145
8346 158
8347 140
8348 156
8349 157
8350 148
8351 150
8352 145
8353 155
8354 127
8355 154
8356 160
8357 168
8358 167
8359 164
8360 165
8361 173
8362 190
8363 189
8364 206
8365 221
8366 215
8367 203
8368 212
8369 215
8370 189
8371 180
8372 177
8373 198
8374 179
8375 176
8376 157
8377 163
8378 156
8379 171
8380 167
8381 175
8382 171
8383 159
8384 167
8385 161
8386 169
8387 159
8388 140
8389 158
8390 158
8391 170
8392 176
8393 159
8394 152
8395 149
8396 159
8397 144
8398 148
8399 155
8400 140
8401 146
8402 146
8403 129
8404 159
8405 152
8406 164
8407 175
8408 171
8409 166
8410 164
8411 168
8412 179
8413 197
8414 191
8415 182
8416 199
8417 199
8418 213
8419 220
8420 179
8421 199
8422 204
8423 234
8424 239
8425 255
8426 266
8427 261
8428 252
8429 247
8430 216
8431 197
8432 199
8433 176
8434 158
8435 150
8436 143
8437 140
8438 153
8439 153
8440 148
8441 163
8442 158
8443 164
8444 190
8445 175
8446 167
8447 175
8448 179
8449 185
8450 188
8451 196
8452 194
8453 192
8454 175
8455 169
8456 164
8457 178
8458 184
8459 186
8460 189
8461 196
8462 185
8463 169
8464 185
8465 218
8466 202
8467 216
8468 213
8469 221
8470 226
8471 230
8472 245
8473 253
8474 251
8475 233
8476 231
8477 218
8478 227
8479 241
8480 244
8481 235
8482 222
8483 201
8484 192
8485 186
8486 172
8487 165
8488 157
8489 154
8490 150
8491 128
8492 133
8493 123
8494 109
8495 132
8496 119
8497 125
8498 139
8499 116
8500 102
8501 113
8502 95
8503 85
8504 91
8505 95
8506 79
8507 75
8508 63
8509 48
8510 42
8511 49
8512 46
8513 52
8514 50
8515 56
8516 50
8517 44
8518 40
8519 36
8520 45
8521 51
8522 44
8523 35
8524 32
8525 28
8526 28
8527 31
8528 26
8529 28
8530 20
8531 13
8532 9
8533 7
8534 2
8535 0
8536 0
8537 0
8538 0
8539 0
8540 0
8541 0
8542 0
8543 0
8544 1
8545 0
8546 0
8547 0
8548 0
8549 0
8550 0
8551 0
8552 0
8553 0
8554 0
8555 0
8556 0
8557 0
8558 0
8559 1
8560 1
8561 1
8562 1
8563 1
8564 0
8565 0
8566 0
8567 0
8568 0
8569 0
8570 0
8571 0
8572 0
8573 0
8574 0
8575 1
8576 0
8577 0
8578 0
8579 1
8580 0
8581 0
8582 0
8583 0
8584 0
8585 1
8586 1
8587 2
8588 2
8589 3
8590 5
8591 3
8592 1
8593 3
8594 5
8595 6
8596 4
8597 3
8598 4
8599 3
8600 0
8601 0
8602 0
8603 1
8604 0
8605 0
8606 0
8607 0
8608 0
8609 0
8610 0
8611 0
8612 1
8613 1
8614 0
8615 0
8616 0
8617 0
8618 0
8619 1
8620 1
8621 2
8622 4
8623 6
8624 2
8625 4
8626 1
8627 2
8628 2
8629 5
8630 5
8631 2
8632 3
8633 1
8634 1
8635 0
8636 0
8637 1
8638 2
8639 3
8640 3
8641 0
8642 0
8643 0
8644 0
8645 0
8646 0
8647 0
8648 1
8649 3
8650 3
8651 2
8652 4
8653 4
8654 4
8655 5
8656 2
8657 3
8658 2
8659 2
8660 2
8661 2
8662 0
8663 0
8664 0
8665 0
8666 0
8667 0
8668 0
8669 1
8670 0
8671 0
8672 1
8673 1
8674 0
8675 0
8676 0
8677 0
8678 0
8679 0
8680 0
8681 1
8682 4
8683 4
8684 11
8685 11
8686 12
8687 12
8688 20
8689 21
8690 22
8691 29
8692 26
8693 26
8694 21
8695 20
8696 16
8697 13
8698 14
8699 10
8700 8
8701 11
8702 12
8703 15
8704 8
8705 5
8706 3
8707 2
8708 0
8709 0
8710 0
8711 0
8712 0
8713 0
8714 1
8715 1
8716 2
8717 3
8718 3
8719 6
8720 6
8721 8
8722 3
8723 7
8724 8
8725 8
8726 6
8727 3
8728 4
8729 3
8730 6
8731 6
8732 7
8733 11
8734 11
8735 14
8736 20
8737 16
8738 17
8739 17
8740 17
8741 21
8742 24
8743 19
8744 17
8745 18
8746 16
8747 14
8748 20
8749 16
8750 18
8751 19
8752 20
8753 24
8754 27
8755 25
8756 22
8757 27
8758 28
8759 26
8760 22
8761 17
8762 12
8763 11
8764 9
8765 10
8766 13
8767 13
8768 17
8769 14
8770 14
8771 15
8772 10
8773 10
8774 11
8775 12
8776 6
8777 7
8778 6
8779 4
8780 6
8781 8
8782 7
8783 10
8784 15
8785 18
8786 18
8787 12
8788 13
8789 11
8790 13
8791 10
8792 12
8793 9
8794 12
8795 15
8796 11
8797 10
8798 12
8799 19
8800 19
8801 19
8802 13
8803 12
8804 5
8805 6
8806 7
8807 7
8808 5
8809 5
8810 6
8811 4
8812 2
8813 4
8814 3
8815 4
8816 3
8817 4
8818 5
8819 6
8820 7
8821 5
8822 10
8823 4
8824 3
8825 5
8826 3
8827 1
8828 3
8829 6
8830 5
8831 5
8832 4
8833 8
8834 9
8835 14
8836 10
8837 13
8838 14
8839 13
8840 15
8841 21
8842 21
8843 22
8844 34
8845 35
8846 38
8847 30
8848 27
8849 20
8850 17
8851 13
8852 15
8853 12
8854 11
8855 3
8856 2
8857 2
8858 0
8859 0
8860 1
8861 1
8862 1
8863 2
8864 0
8865 0
8866 0
8867 0
8868 0
8869 0
8870 1
8871 2
8872 2
8873 1
8874 1
8875 2
8876 1
8877 1
8878 0
8879 0
8880 0
8881 0
8882 0
8883 0
8884 0
8885 0
8886 0
8887 0
8888 0
8889 0
8890 0
8891 0
8892 0
8893 0
8894 0
8895 0
8896 0
8897 1
8898 3
8899 2
8900 3
8901 3
8902 6
8903 2
8904 3
8905 7
8906 4
8907 4
8908 6
8909 6
8910 2
8911 2
8912 4
8913 2
8914 2
8915 1
8916 1
8917 1
8918 2
8919 0
8920 0
8921 0
8922 0
8923 0
8924 1
8925 0
8926 0
8927 0
8928 0
8929 0
8930 1
8931 1
8932 1
8933 0
8934 0
8935 0
8936 0
8937 0
8938 0
8939 0
8940 0
8941 0
8942 0
8943 0
8944 0
8945 1
8946 1
8947 2
8948 2
8949 6
8950 6
8951 4
8952 1
8953 0
8954 0
8955 0
8956 0
8957 1
8958 0
8959 0
8960 0
8961 0
8962 0
8963 0
8964 1
8965 0
8966 0
8967 0
8968 0
8969 0
8970 0
8971 1
8972 1
8973 0
8974 0
8975 1
8976 1
8977 6
8978 4
8979 3
8980 4
8981 6
8982 9
8983 9
8984 6
8985 4
8986 5
8987 3
8988 3
8989 3
8990 3
8991 2
8992 0
8993 0
8994 0
8995 0
8996 0
8997 0
8998 0
8999 1
9000 2
9001 3
9002 4
9003 4
9004 3
9005 3
9006 2
9007 0
9008 0
9009 2
9010 0
9011 1
9012 0
9013 1
9014 0
9015 0
9016 0
9017 1
9018 1
9019 4
9020 3
9021 2
9022 0
9023 0
9024 2
9025 6
9026 9
9027 12
9028 12
9029 10
9030 3
9031 4
9032 3
9033 3
9034 5
9035 7
9036 8
9037 4
9038 3
9039 6
9040 4
9041 4
9042 4
9043 7
9044 5
9045 4
9046 5
9047 8
9048 7
9049 4
9050 1
9051 3
9052 5
9053 3
9054 1
9055 0
9056 1
9057 1
9058 0
9059 0
9060 0
9061 0
9062 0
9063 1
9064 1
9065 1
9066 1
9067 1
9068 3
9069 1
9070 0
9071 0
9072 0
9073 0
9074 0
9075 1
9076 2
9077 2
9078 1
9079 1
9080 1
9081 1
9082 2
9083 2
9084 2
9085 1
9086 4
9087 4
9088 4
9089 3
9090 5
9091 6
9092 12
9093 13
9094 13
9095 14
9096 23
9097 15
9098 15
9099 16
9100 16
9101 20
9102 21
9103 21
9104 17
9105 10
9106 8
9107 8
9108 10
9109 12
9110 14
9111 15
9112 13
9113 11
9114 16
9115 16
9116 18
9117 19
9118 19
9119 16
9120 21
9121 24
9122 20
9123 20
9124 20
9125 20
9126 16
9127 9
9128 12
9129 10
9130 18
9131 14
9132 15
9133 22
9134 19
9135 13
9136 10
9137 3
9138 3
9139 3
9140 3
9141 3
9142 0
9143 0
9144 0
9145 0
9146 0
9147 0
9148 0
9149 1
9150 2
9151 1
9152 2
9153 3
9154 6
9155 8
9156 11
9157 15
9158 11
9159 15
9160 14
9161 12
9162 14
9163 15
9164 11
9165 11
9166 9
9167 7
9168 5
9169 5
9170 6
9171 8
9172 9
9173 9
9174 8
9175 3
9176 6
9177 10
9178 8
9179 7
9180 8
9181 9
9182 8
9183 3
9184 1
9185 1
9186 1
9187 0
9188 0
9189 0
9190 0
9191 0
9192 0
9193 0
9194 0
9195 0
9196 1
9197 5
9198 6
9199 7
9200 7
9201 6
9202 5
9203 2
9204 3
9205 5
9206 6
9207 6
9208 7
9209 7
9210 9
9211 13
9212 16
9213 12
9214 10
9215 14
9216 11
9217 11
9218 14
9219 18
9220 16
9221 11
9222 18
9223 16
9224 18
9225 15
9226 15
9227 15
9228 16
9229 16
9230 13
9231 14
9232 21
9233 14
9234 12
9235 7
9236 6
9237 6
9238 6
9239 5
9240 4
9241 4
9242 3
9243 2
9244 2
9245 1
9246 1
9247 1
9248 1
9249 0
9250 0
9251 0
9252 1
9253 0
9254 0
9255 0
9256 0
9257 0
9258 2
9259 3
9260 2
9261 1
9262 6
9263 5
9264 7
9265 8
9266 9
9267 10
9268 7
9269 11
9270 12
9271 18
9272 20
9273 17
9274 21
9275 20
9276 17
9277 23
9278 21
9279 20
9280 16
9281 13
9282 12
9283 17
9284 13
9285 21
9286 23
9287 26
9288 25
9289 27
9290 29
9291 20
9292 26
9293 27
9294 26
9295 24
9296 16
9297 17
9298 16
9299 20
9300 13
9301 14
9302 22
9303 30
9304 22
9305 20
9306 15
9307 18
9308 25
9309 26
9310 25
9311 22
9312 30
9313 30
9314 45
9315 51
9316 49
9317 43
9318 46
9319 55
9320 54
9321 62
9322 61
9323 61
9324 56
9325 49
9326 50
9327 52
9328 50
9329 42
9330 43
9331 41
9332 46
9333 47
9334 45
9335 40
9336 51
9337 49
9338 59
9339 50
9340 47
9341 46
9342 45
9343 42
9344 35
9345 33
9346 41
9347 28
9348 30
9349 34
9350 28
9351 23
9352 22
9353 22
9354 19
9355 18
9356 11
9357 7
9358 6
9359 6
9360 9
9361 13
9362 20
9363 21
9364 18
9365 14
9366 10
9367 8
9368 9
9369 8
9370 11
9371 8
9372 6
9373 4
9374 7
9375 2
9376 2
9377 0
9378 0
9379 0
9380 0
9381 0
9382 0
9383 1
9384 0
9385 1
9386 1
9387 0
9388 0
9389 0
9390 0
9391 1
9392 1
9393 2
9394 2
9395 1
9396 1
9397 0
9398 0
9399 1
9400 1
9401 2
9402 1
9403 1
9404 0
9405 0
9406 1
9407 2
9408 4
9409 6
9410 4
9411 6
9412 6
9413 5
9414 5
9415 3
9416 5
9417 6
9418 4
9419 2
9420 3
9421 4
9422 2
9423 0
9424 0
9425 0
9426 0
9427 0
9428 0
9429 0
9430 0
9431 0
9432 0
9433 0
9434 0
9435 1
9436 1
9437 2
9438 2
9439 0
9440 1
9441 1
9442 0
9443 0
9444 0
9445 0
9446 1
9447 0
9448 2
9449 3
9450 2
9451 2
9452 3
9453 4
9454 8
9455 8
9456 6
9457 9
9458 5
9459 3
9460 3
9461 4
9462 2
9463 2
9464 3
9465 5
9466 4
9467 3
9468 4
9469 4
9470 5
9471 7
9472 9
9473 9
9474 8
9475 6
9476 9
9477 14
9478 15
9479 19
9480 26
9481 23
9482 25
9483 22
9484 17
9485 17
9486 16
9487 9
9488 11
9489 11
9490 13
9491 10
9492 8
9493 16
9494 7
9495 7
9496 7
9497 2
9498 1
9499 0
9500 0
9501 0
9502 0
9503 1
9504 1
9505 2
9506 2
9507 2
9508 6
9509 5
9510 7
9511 7
9512 4
9513 1
9514 0
9515 0
9516 0
9517 0
9518 0
9519 0
9520 0
9521 0
9522 0
9523 0
9524 0
9525 0
9526 1
9527 2
9528 1
9529 1
9530 2
9531 3
9532 4
9533 4
9534 2
9535 2
9536 5
9537 6
9538 9
9539 6
9540 5
9541 6
9542 5
9543 6
9544 2
9545 4
9546 3
9547 6
9548 1
9549 1
9550 1
9551 1
9552 1
9553 0
9554 0
9555 0
9556 0
9557 0
9558 1
9559 1
9560 0
9561 0
9562 0
9563 1
9564 1
9565 0
9566 0
9567 0
9568 0
9569 1
9570 2
9571 4
9572 5
9573 3
9574 2
9575 3
9576 5
9577 5
9578 5
9579 4
9580 3
9581 3
9582 3
9583 3
9584 1
9585 0
9586 0
9587 0
9588 0
9589 0
9590 0
9591 0
9592 0
9593 0
9594 0
9595 0
9596 0
9597 0
9598 1
9599 1
9600 0
9601 0
9602 2
9603 2
9604 2
9605 4
9606 9
9607 7
9608 11
9609 10
9610 12
9611 15
9612 13
9613 14
9614 12
9615 12
9616 6
9617 15
9618 15
9619 12
9620 9
9621 11
9622 11
9623 17
9624 10
9625 15
9626 12
9627 6
9628 10
9629 11
9630 11
9631 18
9632 23
9633 21
9634 17
9635 17
9636 14
9637 18
9638 17
9639 27
9640 31
9641 36
9642 32
9643 32
9644 35
9645 41
9646 33
9647 36
9648 30
9649 28
9650 29
9651 38
9652 39
9653 34
9654 26
9655 42
9656 42
9657 39
9658 38
9659 36
9660 42
9661 36
9662 41
9663 48
9664 43
9665 43
9666 47
9667 40
9668 37
9669 37
9670 32
9671 34
9672 32
9673 37
9674 33
9675 34
9676 34
9677 28
9678 26
9679 33
9680 36
9681 36
9682 39
9683 42
9684 40
9685 25
9686 17
9687 12
9688 15
9689 14
9690 11
9691 8
9692 8
9693 9
9694 7
9695 7
9696 8
9697 5
9698 2
9699 4
9700 5
9701 3
9702 3
9703 3
9704 3
9705 4
9706 4
9707 3
9708 4
9709 5
9710 4
9711 0
9712 0
9713 0
9714 2
9715 1
9716 0
9717 0
9718 0
9719 0
9720 0
9721 1
9722 0
9723 0
9724 0
9725 0
9726 0
9727 0
9728 0
9729 0
9730 1
9731 2
9732 1
9733 0
9734 0
9735 0
9736 0
9737 0
9738 0
9739 0
9740 0
9741 0
9742 0
9743 0
9744 0
9745 0
9746 0
9747 0
9748 0
9749 1
9750 0
9751 0
9752 0
9753 0
9754 0
9755 0
9756 0
9757 0
9758 0
9759 1
9760 0
9761 1
9762 1
9763 0
9764 1
9765 4
9766 3
9767 3
9768 3
9769 4
9770 7
9771 7
9772 6
9773 8
9774 19
9775 20
9776 14
9777 14
9778 20
9779 25
9780 19
9781 20
9782 32
9783 28
9784 21
9785 23
9786 17
9787 15
9788 16
9789 15
9790 16
9791 17
9792 15
9793 9
9794 6
9795 9
9796 10
9797 6
9798 8
9799 2
9800 3
9801 0
9802 0
9803 0
9804 2
9805 2
9806 0
9807 0
9808 0
9809 0
9810 0
9811 0
9812 0
9813 1
9814 1
9815 0
9816 0
9817 0
9818 0
9819 0
9820 0
9821 0
9822 0
9823 0
9824 0
9825 0
9826 0
9827 0
9828 0
9829 1
9830 1
9831 0
9832 0
9833 0
9834 0
9835 0
9836 0
9837 0
9838 0
9839 1
9840 2
9841 2
9842 3
9843 3
9844 1
9845 1
9846 1
9847 1
9848 3
9849 2
9850 1
9851 1
9852 1
9853 0
9854 0
9855 0
9856 0
9857 0
9858 0
9859 0
9860 0
9861 0
9862 0
9863 0
9864 0
9865 0
9866 0
9867 0
9868 0
9869 0
9870 0
9871 0
9872 0
9873 0
9874 1
9875 4
9876 4
9877 6
9878 3
9879 2
9880 4
9881 0
9882 0
9883 0
9884 0
9885 0
9886 2
9887 2
9888 3
9889 3
9890 2
9891 2
9892 1
9893 2
9894 1
9895 3
9896 5
9897 9
9898 9
9899 8
9900 9
9901 13
9902 15
9903 13
9904 11
9905 9
9906 6
9907 5
9908 3
9909 2
9910 2
9911 1
9912 5
9913 6
9914 8
9915 13
9916 13
9917 11
9918 10
9919 14
9920 19
9921 10
9922 14
9923 16
9924 17
9925 17
9926 24
9927 24
9928 32
9929 35
9930 22
9931 27
9932 31
9933 40
9934 43
9935 38
9936 34
9937 39
9938 39
9939 44
9940 49
9941 53
9942 49
9943 54
9944 50
9945 47
9946 36
9947 43
9948 29
9949 34
9950 25
9951 28
9952 23
9953 23
9954 32
9955 31
9956 22
9957 32
9958 25
9959 26
9960 14
9961 12
9962 14
9963 10
9964 12
9965 12
9966 12
9967 13
9968 6
9969 8
9970 7
9971 10
9972 8
9973 5
9974 7
9975 9
9976 13
9977 8
9978 8
9979 9
9980 9
9981 9
9982 8
9983 3
9984 2
9985 0
9986 0
9987 0
9988 0
9989 0
9990 2
9991 0
9992 0
9993 0
9994 0
9995 0
9996 1
9997 0
9998 0
9999 0
10000 0
