1 0
2 0
3 0
4 0
5 2
6 2
7 7
8 9
9 10
10 13
11 11
12 9
13 12
14 11
15 16
16 11
17 11
18 15
19 25
20 16
21 13
22 15
23 17
24 15
25 10
26 7
27 6
28 4
29 1
30 1
31 2
32 4
33 1
34 4
35 9
36 9
37 3
38 2
39 4
40 9
41 14
42 25
43 29
44 32
45 44
46 45
47 57
48 55
49 50
50 48
51 29
52 27
53 24
54 25
55 31
56 32
57 26
58 29
59 33
60 33
61 42
62 49
63 56
64 57
65 67
66 70
67 69
68 77
69 70
70 75
71 65
72 66
73 58
74 53
75 44
76 46
77 44
78 45
79 57
80 63
81 57
82 55
83 59
84 53
85 65
86 63
87 65
88 68
89 71
90 83
91 87
92 76
93 88
94 86
95 83
96 94
97 85
98 97
99 88
100 76
101 74
102 79
103 75
104 66
105 74
106 90
107 98
108 109
109 126
110 120
111 118
112 117
113 130
114 119
115 113
116 97
117 104
118 122
119 111
120 110
121 124
122 112
123 119
124 108
125 107
126 107
127 122
128 125
129 114
130 135
131 150
132 151
133 155
134 161
135 158
136 152
137 151
138 149
139 145
140 147
141 161
142 149
143 152
144 132
145 127
146 136
147 153
148 141
149 136
150 140
151 129
152 108
153 121
154 126
155 126
156 121
157 126
158 136
159 133
160 108
161 107
162 96
163 95
164 108
165 88
166 85
167 78
168 86
169 82
170 85
171 79
172 84
173 76
174 78
175 74
176 74
177 77
178 69
179 61
180 62
181 63
182 68
183 81
184 71
185 82
186 72
187 84
188 86
189 77
190 68
191 68
192 73
193 74
194 79
195 67
196 58
197 51
198 65
199 72
200 70
201 76
202 97
203 113
204 121
205 121
206 138
207 144
208 154
209 138
210 125
211 129
212 134
213 133
214 114
215 105
216 115
217 119
218 132
219 126
220 131
221 144
222 148
223 153
224 139
225 139
226 151
227 165
228 175
229 202
230 181
231 167
232 166
233 170
234 159
235 194
236 200
237 217
238 207
239 192
240 184
241 184
242 185
243 207
244 229
245 241
246 229
247 238
248 245
249 260
250 279
251 281
252 294
253 290
254 277
255 307
256 318
257 299
258 299
259 306
260 277
261 282
262 289
263 286
264 282
265 281
266 256
267 270
268 277
269 281
270 290
271 285
272 280
273 255
274 268
275 260
276 237
277 241
278 239
279 257
280 267
281 250
282 224
283 253
284 261
285 282
286 286
287 303
288 297
289 306
290 292
291 303
292 307
293 292
294 300
295 288
296 269
297 252
298 264
299 254
300 280
301 265
302 271
303 258
304 237
305 236
306 264
307 240
308 240
309 200
310 179
311 192
312 197
313 189
314 189
315 189
316 186
317 178
318 206
319 192
320 183
321 172
322 176
323 185
324 187
325 203
326 210
327 197
328 182
329 155
330 158
331 159
332 171
333 161
334 151
335 168
336 169
337 184
338 176
339 182
340 179
341 181
342 202
343 197
344 186
345 185
346 203
347 204
348 223
349 235
350 236
351 235
352 252
353 252
354 247
355 274
356 292
357 307
358 311
359 312
360 328
361 338
362 336
363 318
364 315
365 309
366 297
367 305
368 308
369 294
370 311
371 322
372 302
373 288
374 277
375 294
376 289
377 258
378 260
379 257
380 287
381 295
382 284
383 301
384 285
385 283
386 279
387 280
388 280
389 263
390 277
391 279
392 276
393 251
394 231
395 228
396 200
397 200
398 194
399 167
400 166
401 166
402 173
403 169
404 169
405 184
406 169
407 179
408 174
409 174
410 182
411 174
412 183
413 179
414 171
415 161
416 176
417 182
418 168
419 154
420 156
421 159
422 150
423 165
424 153
425 144
426 144
427 148
428 150
429 134
430 130
431 138
432 138
433 157
434 175
435 166
436 156
437 166
438 193
439 205
440 211
441 209
442 207
443 222
444 225
445 210
446 186
447 176
448 170
449 192
450 174
451 175
452 186
453 179
454 185
455 178
456 175
457 177
458 180
459 197
460 192
461 206
462 210
463 207
464 199
465 200
466 198
467 199
468 210
469 211
470 215
471 218
472 213
473 199
474 194
475 218
476 202
477 228
478 223
479 228
480 233
481 217
482 218
483 220
484 209
485 192
486 189
487 184
488 166
489 152
490 190
491 182
492 194
493 196
494 189
495 178
496 178
497 157
498 170
499 156
500 166
501 164
502 171
503 160
504 162
505 157
506 149
507 149
508 142
509 135
510 134
511 114
512 113
513 113
514 103
515 90
516 95
517 90
518 87
519 100
520 119
521 120
522 125
523 116
524 119
525 128
526 118
527 119
528 110
529 119
530 103
531 105
532 110
533 116
534 117
535 113
536 103
537 122
538 111
539 110
540 107
541 100
542 93
543 93
544 95
545 94
546 101
547 98
548 103
549 124
550 115
551 110
552 114
553 89
554 99
555 103
556 101
557 112
558 85
559 77
560 76
561 67
562 70
563 71
564 61
565 76
566 75
567 65
568 65
569 64
570 65
571 64
572 59
573 58
574 54
575 69
576 66
577 70
578 73
579 83
580 82
581 85
582 91
583 100
584 87
585 92
586 89
587 94
588 96
589 87
590 78
591 71
592 70
593 76
594 80
595 100
596 92
597 89
598 87
599 68
600 57
601 62
602 72
603 59
604 54
605 69
606 66
607 57
608 51
609 45
610 56
611 58
612 56
613 56
614 59
615 66
616 69
617 82
618 78
619 78
620 77
621 84
622 87
623 90
624 86
625 85
626 85
627 85
628 83
629 84
630 76
631 71
632 71
633 66
634 76
635 83
636 76
637 61
638 56
639 56
640 61
641 62
642 79
643 90
644 93
645 87
646 94
647 86
648 79
649 70
650 66
651 63
652 67
653 73
654 75
655 88
656 112
657 102
658 90
659 82
660 90
661 102
662 93
663 91
664 91
665 91
666 108
667 100
668 87
669 80
670 95
671 85
672 79
673 68
674 82
675 73
676 74
677 90
678 117
679 124
680 106
681 98
682 99
683 90
684 85
685 93
686 85
687 70
688 64
689 69
690 69
691 91
692 92
693 98
694 94
695 94
696 80
697 78
698 80
699 74
700 83
701 81
702 75
703 64
704 74
705 74
706 74
707 56
708 39
709 36
710 39
711 44
712 53
713 51
714 51
715 51
716 51
717 64
718 52
719 52
720 57
721 67
722 78
723 80
724 80
725 94
726 94
727 88
728 105
729 109
730 113
731 108
732 82
733 82
734 64
735 62
736 66
737 63
738 65
739 56
740 52
741 50
742 62
743 64
744 66
745 75
746 62
747 53
748 46
749 49
750 43
751 44
752 48
753 43
754 38
755 43
756 33
757 43
758 35
759 35
760 45
761 53
762 48
763 50
764 35
765 30
766 26
767 33
768 41
769 37
770 42
771 48
772 43
773 42
774 51
775 51
776 50
777 45
778 49
779 46
780 35
781 34
782 39
783 36
784 40
785 46
786 44
787 49
788 41
789 44
790 54
791 51
792 52
793 46
794 40
795 39
796 32
797 37
798 46
799 42
800 37
801 40
802 45
803 51
804 55
805 54
806 52
807 60
808 55
809 54
810 57
811 55
812 56
813 44
814 37
815 37
816 45
817 48
818 48
819 42
820 41
821 40
822 48
823 58
824 55
825 61
826 55
827 46
828 64
829 80
830 94
831 99
832 100
833 108
834 95
835 80
836 76
837 80
838 64
839 71
840 70
841 80
842 64
843 77
844 88
845 98
846 89
847 79
848 75
849 68
850 75
851 62
852 62
853 47
854 61
855 60
856 79
857 63
858 63
859 76
860 77
861 60
862 76
863 73
864 82
865 80
866 85
867 65
868 76
869 76
870 70
871 83
872 72
873 70
874 70
875 66
876 63
877 66
878 63
879 59
880 60
881 86
882 87
883 90
884 114
885 127
886 116
887 104
888 117
889 110
890 120
891 134
892 136
893 137
894 133
895 135
896 128
897 138
898 148
899 148
900 137
901 141
902 115
903 102
904 105
905 94
906 84
907 90
908 74
909 79
910 77
911 93
912 98
913 111
914 110
915 112
916 94
917 94
918 83
919 71
920 73
921 61
922 65
923 70
924 70
925 72
926 90
927 83
928 95
929 96
930 95
931 93
932 105
933 100
934 102
935 88
936 79
937 73
938 63
939 64
940 65
941 78
942 90
943 84
944 78
945 75
946 78
947 76
948 62
949 54
950 48
951 41
952 42
953 46
954 41
955 40
956 30
957 38
958 44
959 46
960 45
961 47
962 40
963 39
964 27
965 26
966 27
967 22
968 24
969 29
970 38
971 40
972 30
973 26
974 23
975 22
976 30
977 17
978 20
979 16
980 13
981 7
982 6
983 8
984 5
985 4
986 3
987 1
988 0
989 0
990 0
991 0
992 0
993 0
994 2
995 5
996 8
997 8
998 9
999 9
1000 5
1001 5
1002 8
1003 8
1004 12
1005 19
1006 19
1007 13
1008 15
1009 13
1010 11
1011 12
1012 14
1013 19
1014 18
1015 19
1016 11
1017 13
1018 21
1019 20
1020 10
1021 13
1022 10
1023 13
1024 17
1025 21
1026 15
1027 11
1028 11
1029 18
1030 11
1031 5
1032 4
1033 4
1034 4
1035 5
1036 6
1037 8
1038 7
1039 5
1040 8
1041 10
1042 15
1043 19
1044 18
1045 16
1046 16
1047 18
1048 18
1049 13
1050 10
1051 9
1052 9
1053 9
1054 16
1055 12
1056 10
1057 8
1058 7
1059 12
1060 14
1061 16
1062 16
1063 13
1064 19
1065 21
1066 17
1067 20
1068 18
1069 20
1070 18
1071 10
1072 11
1073 17
1074 20
1075 13
1076 15
1077 19
1078 16
1079 19
1080 22
1081 22
1082 20
1083 26
1084 30
1085 24
1086 24
1087 18
1088 17
1089 13
1090 17
1091 14
1092 14
1093 10
1094 14
1095 15
1096 25
1097 27
1098 21
1099 21
1100 20
1101 21
1102 23
1103 17
1104 14
1105 18
1106 13
1107 21
1108 16
1109 13
1110 17
1111 21
1112 22
1113 18
1114 18
1115 21
1116 17
1117 17
1118 16
1119 14
1120 17
1121 24
1122 32
1123 26
1124 36
1125 33
1126 38
1127 39
1128 37
1129 41
1130 34
1131 37
1132 31
1133 28
1134 22
1135 21
1136 27
1137 31
1138 32
1139 30
1140 30
1141 35
1142 41
1143 34
1144 30
1145 31
1146 30
1147 26
1148 21
1149 18
1150 15
1151 10
1152 9
1153 9
1154 4
1155 2
1156 2
1157 3
1158 4
1159 5
1160 5
1161 6
1162 4
1163 4
1164 3
1165 8
1166 3
1167 4
1168 6
1169 10
1170 11
1171 15
1172 12
1173 17
1174 24
1175 17
1176 17
1177 16
1178 17
1179 16
1180 10
1181 9
1182 4
1183 5
1184 8
1185 8
1186 15
1187 14
1188 16
1189 14
1190 22
1191 22
1192 18
1193 15
1194 18
1195 20
1196 10
1197 11
1198 11
1199 4
1200 7
1201 10
1202 10
1203 16
1204 19
1205 10
1206 9
1207 9
1208 3
1209 3
1210 3
1211 2
1212 2
1213 1
1214 0
1215 0
1216 0
1217 0
1218 0
1219 0
1220 0
1221 0
1222 1
1223 2
1224 6
1225 3
1226 6
1227 7
1228 6
1229 7
1230 8
1231 5
1232 5
1233 4
1234 1
1235 2
1236 2
1237 2
1238 1
1239 2
1240 1
1241 0
1242 0
1243 0
1244 0
1245 0
1246 0
1247 0
1248 1
1249 1
1250 0
1251 0
1252 0
1253 1
1254 1
1255 1
1256 1
1257 2
1258 2
1259 0
1260 0
1261 0
1262 0
1263 0
1264 0
1265 0
1266 1
1267 2
1268 2
1269 2
1270 2
1271 3
1272 2
1273 4
1274 2
1275 1
1276 1
1277 1
1278 3
1279 3
1280 2
1281 3
1282 2
1283 6
1284 9
1285 10
1286 9
1287 13
1288 10
1289 8
1290 8
1291 6
1292 4
1293 4
1294 4
1295 0
1296 0
1297 0
1298 0
1299 0
1300 1
1301 3
1302 4
1303 2
1304 2
1305 3
1306 1
1307 1
1308 2
1309 2
1310 2
1311 2
1312 3
1313 2
1314 1
1315 0
1316 0
1317 0
1318 0
1319 0
1320 0
1321 0
1322 0
1323 0
1324 0
1325 0
1326 0
1327 0
1328 0
1329 0
1330 1
1331 0
1332 1
1333 0
1334 1
1335 0
1336 2
1337 5
1338 2
1339 4
1340 5
1341 2
1342 5
1343 4
1344 6
1345 5
1346 3
1347 5
1348 7
1349 5
1350 4
1351 6
1352 6
1353 8
1354 6
1355 6
1356 3
1357 5
1358 2
1359 4
1360 4
1361 6
1362 7
1363 9
1364 13
1365 18
1366 22
1367 25
1368 22
1369 24
1370 32
1371 34
1372 35
1373 27
1374 31
1375 30
1376 31
1377 25
1378 23
1379 22
1380 20
1381 16
1382 13
1383 18
1384 23
1385 21
1386 24
1387 27
1388 26
1389 26
1390 26
1391 29
1392 20
1393 16
1394 14
1395 16
1396 15
1397 17
1398 18
1399 18
1400 16
1401 12
1402 13
1403 19
1404 23
1405 19
1406 15
1407 17
1408 16
1409 14
1410 13
1411 13
1412 10
1413 13
1414 11
1415 2
1416 2
1417 0
1418 0
1419 0
1420 1
1421 1
1422 0
1423 1
1424 3
1425 1
1426 1
1427 3
1428 3
1429 7
1430 5
1431 5
1432 7
1433 9
1434 13
1435 9
1436 12
1437 6
1438 12
1439 17
1440 8
1441 9
1442 4
1443 2
1444 1
1445 0
1446 0
1447 0
1448 0
1449 0
1450 0
1451 0
1452 0
1453 0
1454 0
1455 0
1456 0
1457 0
1458 0
1459 0
1460 0
1461 0
1462 0
1463 0
1464 0
1465 0
1466 0
1467 0
1468 0
1469 0
1470 0
1471 0
1472 0
1473 0
1474 0
1475 0
1476 0
1477 1
1478 1
1479 3
1480 2
1481 1
1482 4
1483 5
1484 2
1485 4
1486 4
1487 4
1488 1
1489 2
1490 3
1491 1
1492 2
1493 1
1494 0
1495 0
1496 0
1497 0
1498 0
1499 0
1500 0
1501 0
1502 0
1503 0
1504 0
1505 0
1506 0
1507 0
1508 0
1509 0
1510 0
1511 1
1512 4
1513 3
1514 6
1515 3
1516 6
1517 6
1518 5
1519 7
1520 7
1521 9
1522 8
1523 9
1524 9
1525 5
1526 7
1527 6
1528 6
1529 16
1530 20
1531 21
1532 30
1533 39
1534 39
1535 45
1536 48
1537 54
1538 56
1539 54
1540 41
1541 31
1542 31
1543 33
1544 32
1545 36
1546 26
1547 19
1548 12
1549 9
1550 11
1551 8
1552 10
1553 9
1554 6
1555 12
1556 20
1557 22
1558 18
1559 16
1560 17
1561 16
1562 18
1563 16
1564 16
1565 21
1566 19
1567 31
1568 29
1569 36
1570 43
1571 33
1572 31
1573 24
1574 15
1575 13
1576 8
1577 8
1578 9
1579 11
1580 13
1581 12
1582 21
1583 17
1584 19
1585 22
1586 21
1587 18
1588 21
1589 14
1590 15
1591 18
1592 16
1593 20
1594 14
1595 15
1596 7
1597 8
1598 6
1599 6
1600 4
1601 4
1602 4
1603 6
1604 7
1605 9
1606 8
1607 10
1608 6
1609 9
1610 5
1611 3
1612 2
1613 5
1614 4
1615 4
1616 1
1617 0
1618 1
1619 2
1620 2
1621 2
1622 3
1623 2
1624 2
1625 1
1626 1
1627 2
1628 0
1629 2
1630 0
1631 0
1632 0
1633 0
1634 1
1635 3
1636 1
1637 1
1638 2
1639 6
1640 6
1641 4
1642 6
1643 9
1644 12
1645 19
1646 21
1647 23
1648 22
1649 20
1650 19
1651 26
1652 27
1653 26
1654 19
1655 19
1656 15
1657 13
1658 11
1659 9
1660 15
1661 13
1662 10
1663 12
1664 17
1665 21
1666 24
1667 26
1668 20
1669 26
1670 13
1671 12
1672 12
1673 13
1674 11
1675 9
1676 7
1677 10
1678 8
1679 9
1680 13
1681 12
1682 10
1683 9
1684 7
1685 6
1686 5
1687 6
1688 6
1689 10
1690 5
1691 6
1692 8
1693 4
1694 6
1695 9
1696 7
1697 6
1698 11
1699 15
1700 10
1701 10
1702 17
1703 21
1704 18
1705 21
1706 30
1707 17
1708 13
1709 8
1710 12
1711 11
1712 7
1713 5
1714 6
1715 8
1716 9
1717 13
1718 11
1719 7
1720 6
1721 6
1722 7
1723 9
1724 12
1725 13
1726 12
1727 12
1728 11
1729 13
1730 16
1731 16
1732 18
1733 20
1734 15
1735 18
1736 15
1737 13
1738 10
1739 11
1740 11
1741 18
1742 18
1743 27
1744 36
1745 33
1746 28
1747 34
1748 37
1749 21
1750 13
1751 15
1752 17
1753 16
1754 12
1755 16
1756 13
1757 12
1758 9
1759 10
1760 7
1761 9
1762 8
1763 6
1764 6
1765 7
1766 9
1767 9
1768 6
1769 10
1770 10
1771 7
1772 6
1773 5
1774 3
1775 2
1776 3
1777 3
1778 2
1779 1
1780 0
1781 1
1782 0
1783 0
1784 0
1785 0
1786 0
1787 0
1788 0
1789 0
1790 0
1791 0
1792 0
1793 1
1794 2
1795 3
1796 3
1797 0
1798 1
1799 2
1800 2
1801 1
1802 1
1803 0
1804 0
1805 0
1806 1
1807 2
1808 4
1809 4
1810 7
1811 7
1812 9
1813 12
1814 10
1815 17
1816 26
1817 30
1818 26
1819 22
1820 20
1821 25
1822 22
1823 18
1824 13
1825 10
1826 9
1827 6
1828 6
1829 5
1830 4
1831 1
1832 0
1833 0
1834 0
1835 2
1836 1
1837 0
1838 0
1839 0
1840 0
1841 0
1842 1
1843 5
1844 5
1845 7
1846 7
1847 6
1848 5
1849 10
1850 10
1851 7
1852 8
1853 9
1854 12
1855 12
1856 13
1857 9
1858 7
1859 5
1860 7
1861 9
1862 13
1863 20
1864 22
1865 24
1866 22
1867 17
1868 14
1869 17
1870 18
1871 14
1872 14
1873 13
1874 16
1875 10
1876 12
1877 11
1878 8
1879 8
1880 8
1881 6
1882 5
1883 1
1884 3
1885 4
1886 4
1887 6
1888 4
1889 2
1890 1
1891 1
1892 2
1893 2
1894 1
1895 0
1896 0
1897 0
1898 2
1899 3
1900 2
1901 2
1902 3
1903 2
1904 5
1905 6
1906 5
1907 5
1908 7
1909 5
1910 7
1911 6
1912 7
1913 6
1914 1
1915 0
1916 0
1917 0
1918 0
1919 0
1920 0
1921 0
1922 0
1923 0
1924 0
1925 0
1926 1
1927 0
1928 0
1929 1
1930 0
1931 0
1932 0
1933 1
1934 2
1935 1
1936 3
1937 3
1938 3
1939 3
1940 6
1941 2
1942 2
1943 6
1944 5
1945 9
1946 16
1947 23
1948 28
1949 18
1950 14
1951 17
1952 16
1953 24
1954 24
1955 24
1956 32
1957 43
1958 54
1959 46
1960 44
1961 32
1962 37
1963 59
1964 68
1965 63
1966 72
1967 63
1968 54
1969 56
1970 54
1971 70
1972 60
1973 49
1974 51
1975 52
1976 52
1977 48
1978 44
1979 44
1980 36
1981 35
1982 37
1983 37
1984 46
1985 43
1986 49
1987 34
1988 39
1989 36
1990 31
1991 24
1992 25
1993 27
1994 25
1995 29
1996 34
1997 34
1998 27
1999 26
2000 23
2001 24
2002 27
2003 18
2004 13
2005 17
2006 18
2007 24
2008 31
2009 21
2010 25
2011 22
2012 18
2013 15
2014 19
2015 20
2016 20
2017 28
2018 37
2019 41
2020 43
2021 59
2022 63
2023 61
2024 64
2025 64
2026 51
2027 51
2028 55
2029 66
2030 63
2031 44
2032 48
2033 45
2034 45
2035 43
2036 42
2037 43
2038 31
2039 32
2040 27
2041 17
2042 17
2043 19
2044 25
2045 22
2046 28
2047 16
2048 17
2049 13
2050 11
2051 8
2052 3
2053 3
2054 3
2055 3
2056 7
2057 10
2058 8
2059 8
2060 6
2061 9
2062 11
2063 12
2064 14
2065 16
2066 20
2067 18
2068 22
2069 17
2070 14
2071 21
2072 17
2073 22
2074 24
2075 21
2076 18
2077 21
2078 25
2079 22
2080 27
2081 31
2082 29
2083 34
2084 33
2085 46
2086 47
2087 41
2088 47
2089 41
2090 31
2091 30
2092 31
2093 31
2094 37
2095 44
2096 33
2097 46
2098 40
2099 36
2100 34
2101 41
2102 40
2103 51
2104 44
2105 43
2106 39
2107 42
2108 50
2109 60
2110 72
2111 82
2112 79
2113 86
2114 86
2115 99
2116 98
2117 104
2118 107
2119 103
2120 101
2121 97
2122 104
2123 101
2124 102
2125 94
2126 96
2127 92
2128 92
2129 102
2130 106
2131 98
2132 94
2133 100
2134 120
2135 109
2136 97
2137 102
2138 109
2139 103
2140 87
2141 96
2142 89
2143 78
2144 74
2145 76
2146 78
2147 76
2148 66
2149 54
2150 59
2151 62
2152 48
2153 51
2154 57
2155 70
2156 58
2157 58
2158 53
2159 47
2160 44
2161 44
2162 41
2163 45
2164 44
2165 50
2166 48
2167 38
2168 31
2169 25
2170 21
2171 25
2172 29
2173 47
2174 62
2175 54
2176 53
2177 59
2178 47
2179 40
2180 42
2181 44
2182 50
2183 55
2184 53
2185 53
2186 61
2187 72
2188 59
2189 55
2190 65
2191 62
2192 76
2193 90
2194 81
2195 81
2196 75
2197 61
2198 66
2199 64
2200 54
2201 48
2202 45
2203 37
2204 39
2205 41
2206 43
2207 31
2208 27
2209 23
2210 15
2211 8
2212 8
2213 9
2214 13
2215 8
2216 13
2217 12
2218 16
2219 13
2220 10
2221 14
2222 16
2223 15
2224 12
2225 17
2226 17
2227 11
2228 7
2229 10
2230 6
2231 8
2232 2
2233 2
2234 1
2235 2
2236 0
2237 0
2238 0
2239 0
2240 0
2241 0
2242 0
2243 0
2244 0
2245 0
2246 0
2247 0
2248 1
2249 1
2250 1
2251 2
2252 3
2253 4
2254 6
2255 4
2256 8
2257 5
2258 4
2259 2
2260 1
2261 3
2262 1
2263 1
2264 3
2265 1
2266 2
2267 1
2268 1
2269 1
2270 1
2271 1
2272 2
2273 2
2274 1
2275 1
2276 2
2277 3
2278 2
2279 1
2280 2
2281 2
2282 4
2283 8
2284 8
2285 8
2286 13
2287 10
2288 13
2289 15
2290 19
2291 24
2292 23
2293 16
2294 14
2295 13
2296 11
2297 10
2298 8
2299 5
2300 5
2301 3
2302 5
2303 7
2304 9
2305 9
2306 13
2307 9
2308 9
2309 10
2310 10
2311 7
2312 5
2313 2
2314 2
2315 3
2316 3
2317 2
2318 4
2319 2
2320 1
2321 2
2322 0
2323 1
2324 0
2325 0
2326 0
2327 0
2328 0
2329 0
2330 0
2331 0
2332 0
2333 0
2334 0
2335 0
2336 0
2337 0
2338 0
2339 0
2340 0
2341 0
2342 1
2343 1
2344 2
2345 1
2346 2
2347 2
2348 1
2349 2
2350 4
2351 5
2352 7
2353 5
2354 7
2355 6
2356 5
2357 7
2358 7
2359 4
2360 2
2361 1
2362 0
2363 0
2364 0
2365 0
2366 0
2367 0
2368 0
2369 0
2370 1
2371 2
2372 0
2373 0
2374 0
2375 0
2376 0
2377 0
2378 1
2379 1
2380 3
2381 1
2382 3
2383 2
2384 2
2385 2
2386 0
2387 0
2388 0
2389 1
2390 0
2391 0
2392 0
2393 1
2394 1
2395 3
2396 8
2397 9
2398 10
2399 8
2400 4
2401 2
2402 2
2403 0
2404 0
2405 0
2406 0
2407 0
2408 0
2409 0
2410 0
2411 0
2412 0
2413 0
2414 0
2415 0
2416 0
2417 0
2418 0
2419 0
2420 0
2421 0
2422 0
2423 0
2424 0
2425 0
2426 0
2427 0
2428 0
2429 0
2430 0
2431 1
2432 1
2433 1
2434 2
2435 1
2436 0
2437 0
2438 0
2439 0
2440 0
2441 0
2442 0
2443 0
2444 1
2445 0
2446 0
2447 0
2448 0
2449 0
2450 0
2451 0
2452 0
2453 0
2454 0
2455 2
2456 3
2457 3
2458 4
2459 2
2460 2
2461 1
2462 0
2463 0
2464 0
2465 0
2466 2
2467 2
2468 3
2469 1
2470 0
2471 0
2472 0
2473 1
2474 1
2475 1
2476 2
2477 2
2478 1
2479 0
2480 1
2481 0
2482 2
2483 2
2484 1
2485 0
2486 0
2487 0
2488 0
2489 0
2490 1
2491 2
2492 2
2493 0
2494 0
2495 0
2496 2
2497 3
2498 1
2499 1
2500 2
2501 0
2502 0
2503 0
2504 0
2505 1
2506 0
2507 0
2508 0
2509 0
2510 0
2511 1
2512 0
2513 0
2514 0
2515 0
2516 0
2517 0
2518 0
2519 0
2520 0
2521 0
2522 1
2523 0
2524 0
2525 0
2526 0
2527 1
2528 1
2529 1
2530 2
2531 2
2532 5
2533 0
2534 0
2535 0
2536 0
2537 0
2538 0
2539 0
2540 2
2541 1
2542 3
2543 2
2544 3
2545 2
2546 2
2547 1
2548 1
2549 0
2550 0
2551 0
2552 0
2553 0
2554 0
2555 0
2556 0
2557 0
2558 1
2559 0
2560 0
2561 0
2562 0
2563 0
2564 0
2565 0
2566 0
2567 0
2568 0
2569 0
2570 0
2571 0
2572 0
2573 0
2574 0
2575 0
2576 0
2577 0
2578 0
2579 0
2580 0
2581 0
2582 0
2583 0
2584 0
2585 0
2586 0
2587 0
2588 0
2589 1
2590 1
2591 2
2592 2
2593 6
2594 3
2595 1
2596 2
2597 1
2598 1
2599 1
2600 1
2601 2
2602 2
2603 3
2604 2
2605 1
2606 0
2607 0
2608 0
2609 0
2610 0
2611 0
2612 0
2613 0
2614 0
2615 0
2616 0
2617 1
2618 2
2619 4
2620 2
2621 2
2622 1
2623 1
2624 0
2625 0
2626 0
2627 0
2628 0
2629 1
2630 0
2631 0
2632 0
2633 1
2634 1
2635 1
2636 0
2637 0
2638 0
2639 0
2640 0
2641 0
2642 0
2643 0
2644 0
2645 1
2646 0
2647 0
2648 0
2649 0
2650 0
2651 0
2652 0
2653 0
2654 0
2655 0
2656 0
2657 0
2658 0
2659 0
2660 0
2661 0
2662 0
2663 1
2664 2
2665 0
2666 0
2667 0
2668 0
2669 0
2670 0
2671 0
2672 0
2673 0
2674 0
2675 0
2676 0
2677 2
2678 5
2679 3
2680 2
2681 0
2682 0
2683 0
2684 0
2685 0
2686 0
2687 0
2688 0
2689 0
2690 0
2691 1
2692 0
2693 0
2694 0
2695 0
2696 0
2697 0
2698 0
2699 0
2700 1
2701 1
2702 0
2703 1
2704 0
2705 0
2706 0
2707 0
2708 0
2709 0
2710 1
2711 2
2712 2
2713 1
2714 1
2715 1
2716 1
2717 2
2718 3
2719 1
2720 3
2721 0
2722 0
2723 0
2724 1
2725 1
2726 0
2727 0
2728 1
2729 1
2730 1
2731 1
2732 1
2733 1
2734 2
2735 4
2736 4
2737 2
2738 1
2739 1
2740 2
2741 4
2742 7
2743 2
2744 4
2745 5
2746 7
2747 11
2748 13
2749 21
2750 12
2751 16
2752 8
2753 4
2754 6
2755 3
2756 3
2757 3
2758 5
2759 10
2760 10
2761 10
2762 5
2763 5
2764 6
2765 4
2766 2
2767 0
2768 1
2769 4
2770 2
2771 2
2772 5
2773 5
2774 5
2775 11
2776 10
2777 7
2778 6
2779 7
2780 3
2781 1
2782 2
2783 4
2784 4
2785 2
2786 1
2787 1
2788 1
2789 2
2790 1
2791 2
2792 2
2793 0
2794 1
2795 1
2796 0
2797 0
2798 1
2799 1
2800 1
2801 0
2802 0
2803 0
2804 0
2805 0
2806 0
2807 1
2808 1
2809 1
2810 1
2811 0
2812 1
2813 1
2814 1
2815 2
2816 4
2817 5
2818 7
2819 8
2820 4
2821 5
2822 3
2823 0
2824 0
2825 0
2826 0
2827 0
2828 2
2829 1
2830 1
2831 2
2832 3
2833 0
2834 0
2835 0
2836 0
2837 0
2838 1
2839 1
2840 0
2841 0
2842 0
2843 0
2844 0
2845 0
2846 0
2847 1
2848 2
2849 3
2850 2
2851 3
2852 1
2853 1
2854 0
2855 0
2856 0
2857 0
2858 1
2859 0
2860 0
2861 0
2862 0
2863 0
2864 0
2865 0
2866 1
2867 3
2868 4
2869 6
2870 8
2871 8
2872 10
2873 10
2874 10
2875 12
2876 11
2877 15
2878 12
2879 17
2880 9
2881 13
2882 15
2883 20
2884 24
2885 25
2886 24
2887 19
2888 10
2889 10
2890 11
2891 12
2892 14
2893 6
2894 4
2895 3
2896 3
2897 5
2898 7
2899 10
2900 8
2901 7
2902 9
2903 9
2904 7
2905 9
2906 8
2907 9
2908 13
2909 15
2910 14
2911 12
2912 20
2913 20
2914 18
2915 16
2916 16
2917 22
2918 17
2919 14
2920 11
2921 12
2922 9
2923 10
2924 12
2925 21
2926 25
2927 28
2928 27
2929 22
2930 23
2931 21
2932 23
2933 21
2934 16
2935 17
2936 16
2937 16
2938 14
2939 17
2940 18
2941 15
2942 19
2943 20
2944 17
2945 15
2946 21
2947 23
2948 21
2949 24
2950 17
2951 18
2952 17
2953 17
2954 18
2955 24
2956 22
2957 32
2958 42
2959 42
2960 33
2961 33
2962 38
2963 37
2964 44
2965 47
2966 41
2967 29
2968 33
2969 45
2970 41
2971 36
2972 42
2973 31
2974 33
2975 41
2976 40
2977 30
2978 32
2979 34
2980 26
2981 33
2982 28
2983 29
2984 29
2985 30
2986 30
2987 33
2988 40
2989 51
2990 47
2991 40
2992 42
2993 40
2994 35
2995 33
2996 31
2997 34
2998 46
2999 50
3000 44
3001 46
3002 47
3003 42
3004 49
3005 46
3006 33
3007 30
3008 27
3009 22
3010 23
3011 28
3012 30
3013 27
3014 26
3015 23
3016 29
3017 26
3018 30
3019 33
3020 24
3021 27
3022 30
3023 39
3024 27
3025 27
3026 26
3027 26
3028 37
3029 31
3030 21
3031 24
3032 21
3033 20
3034 23
3035 22
3036 19
3037 20
3038 12
3039 13
3040 13
3041 16
3042 16
3043 20
3044 20
3045 16
3046 24
3047 23
3048 22
3049 20
3050 14
3051 15
3052 16
3053 11
3054 6
3055 8
3056 17
3057 11
3058 11
3059 8
3060 8
3061 19
3062 13
3063 19
3064 20
3065 25
3066 23
3067 25
3068 26
3069 27
3070 14
3071 21
3072 20
3073 26
3074 28
3075 25
3076 27
3077 28
3078 23
3079 29
3080 38
3081 38
3082 40
3083 49
3084 46
3085 44
3086 56
3087 45
3088 46
3089 39
3090 22
3091 28
3092 37
3093 44
3094 45
3095 51
3096 40
3097 26
3098 31
3099 33
3100 30
3101 26
3102 33
3103 37
3104 41
3105 42
3106 34
3107 36
3108 32
3109 27
3110 26
3111 37
3112 38
3113 40
3114 43
3115 43
3116 41
3117 44
3118 48
3119 46
3120 51
3121 51
3122 40
3123 24
3124 22
3125 24
3126 25
3127 20
3128 18
3129 19
3130 13
3131 9
3132 5
3133 7
3134 4
3135 3
3136 4
3137 3
3138 4
3139 4
3140 3
3141 3
3142 7
3143 12
3144 9
3145 7
3146 4
3147 3
3148 5
3149 6
3150 7
3151 6
3152 10
3153 9
3154 15
3155 13
3156 8
3157 9
3158 5
3159 5
3160 6
3161 2
3162 5
3163 7
3164 5
3165 3
3166 3
3167 4
3168 5
3169 8
3170 9
3171 7
3172 3
3173 1
3174 1
3175 0
3176 0
3177 0
3178 0
3179 0
3180 0
3181 0
3182 0
3183 0
3184 0
3185 0
3186 0
3187 0
3188 0
3189 0
3190 0
3191 0
3192 0
3193 0
3194 0
3195 0
3196 0
3197 1
3198 5
3199 3
3200 3
3201 9
3202 14
3203 16
3204 13
3205 16
3206 15
3207 18
3208 13
3209 13
3210 16
3211 21
3212 23
3213 25
3214 28
3215 27
3216 23
3217 21
3218 21
3219 26
3220 22
3221 22
3222 27
3223 32
3224 35
3225 39
3226 38
3227 39
3228 32
3229 33
3230 33
3231 25
3232 27
3233 27
3234 23
3235 21
3236 15
3237 14
3238 11
3239 5
3240 4
3241 5
3242 2
3243 4
3244 4
3245 2
3246 1
3247 3
3248 2
3249 0
3250 1
3251 2
3252 1
3253 2
3254 4
3255 2
3256 2
3257 3
3258 3
3259 4
3260 2
3261 1
3262 1
3263 0
3264 0
3265 0
3266 0
3267 0
3268 1
3269 3
3270 2
3271 1
3272 1
3273 1
3274 1
3275 2
3276 1
3277 1
3278 0
3279 0
3280 1
3281 3
3282 2
3283 1
3284 3
3285 7
3286 11
3287 17
3288 12
3289 19
3290 29
3291 29
3292 32
3293 31
3294 26
3295 33
3296 41
3297 35
3298 26
3299 22
3300 26
3301 19
3302 27
3303 25
3304 28
3305 17
3306 15
3307 11
3308 10
3309 7
3310 11
3311 8
3312 7
3313 14
3314 9
3315 11
3316 17
3317 20
3318 18
3319 14
3320 18
3321 14
3322 15
3323 16
3324 16
3325 26
3326 27
3327 26
3328 32
3329 29
3330 24
3331 22
3332 28
3333 33
3334 36
3335 40
3336 44
3337 32
3338 36
3339 43
3340 42
3341 38
3342 38
3343 36
3344 38
3345 42
3346 37
3347 32
3348 31
3349 32
3350 37
3351 30
3352 31
3353 37
3354 41
3355 52
3356 51
3357 57
3358 60
3359 58
3360 50
3361 51
3362 58
3363 56
3364 55
3365 60
3366 68
3367 85
3368 80
3369 67
3370 59
3371 54
3372 55
3373 57
3374 52
3375 55
3376 47
3377 65
3378 72
3379 72
3380 62
3381 74
3382 64
3383 55
3384 54
3385 46
3386 48
3387 47
3388 46
3389 49
3390 47
3391 36
3392 36
3393 38
3394 37
3395 38
3396 33
3397 27
3398 20
3399 18
3400 17
3401 23
3402 22
3403 27
3404 27
3405 26
3406 27
3407 20
3408 18
3409 20
3410 19
3411 27
3412 24
3413 32
3414 29
3415 23
3416 26
3417 28
3418 25
3419 29
3420 25
3421 20
3422 16
3423 14
3424 17
3425 16
3426 18
3427 17
3428 17
3429 21
3430 20
3431 17
3432 18
3433 22
3434 24
3435 19
3436 15
3437 14
3438 15
3439 15
3440 12
3441 6
3442 9
3443 5
3444 7
3445 9
3446 11
3447 19
3448 14
3449 17
3450 13
3451 17
3452 13
3453 17
3454 17
3455 12
3456 12
3457 14
3458 17
3459 24
3460 21
3461 17
3462 14
3463 17
3464 19
3465 16
3466 20
3467 17
3468 17
3469 23
3470 22
3471 23
3472 28
3473 26
3474 38
3475 48
3476 46
3477 48
3478 45
3479 57
3480 56
3481 70
3482 82
3483 83
3484 85
3485 86
3486 63
3487 64
3488 57
3489 56
3490 67
3491 71
3492 70
3493 65
3494 64
3495 55
3496 49
3497 45
3498 58
3499 57
3500 59
3501 63
3502 75
3503 69
3504 73
3505 72
3506 67
3507 73
3508 65
3509 61
3510 55
3511 52
3512 51
3513 59
3514 71
3515 74
3516 73
3517 83
3518 74
3519 79
3520 97
3521 97
3522 88
3523 89
3524 89
3525 93
3526 95
3527 83
3528 83
3529 97
3530 106
3531 82
3532 91
3533 94
3534 91
3535 79
3536 82
3537 78
3538 82
3539 88
3540 78
3541 94
3542 86
3543 97
3544 90
3545 84
3546 100
3547 111
3548 130
3549 138
3550 140
3551 139
3552 157
3553 156
3554 152
3555 125
3556 115
3557 112
3558 127
3559 132
3560 138
3561 121
3562 103
3563 89
3564 73
3565 59
3566 64
3567 69
3568 70
3569 82
3570 82
3571 78
3572 62
3573 76
3574 65
3575 55
3576 60
3577 68
3578 59
3579 68
3580 54
3581 51
3582 42
3583 56
3584 47
3585 48
3586 52
3587 57
3588 73
3589 69
3590 63
3591 56
3592 52
3593 52
3594 54
3595 31
3596 41
3597 32
3598 33
3599 33
3600 33
3601 28
3602 30
3603 18
3604 20
3605 21
3606 23
3607 20
3608 18
3609 14
3610 16
3611 14
3612 18
3613 21
3614 21
3615 30
3616 30
3617 23
3618 25
3619 32
3620 35
3621 30
3622 21
3623 23
3624 34
3625 38
3626 41
3627 44
3628 38
3629 46
3630 43
3631 51
3632 56
3633 49
3634 49
3635 51
3636 49
3637 36
3638 38
3639 40
3640 39
3641 35
3642 49
3643 46
3644 47
3645 53
3646 57
3647 43
3648 51
3649 59
3650 69
3651 67
3652 84
3653 93
3654 87
3655 98
3656 109
3657 104
3658 101
3659 98
3660 109
3661 119
3662 103
3663 123
3664 121
3665 111
3666 102
3667 107
3668 112
3669 109
3670 115
3671 118
3672 129
3673 120
3674 131
3675 126
3676 117
3677 127
3678 129
3679 143
3680 144
3681 155
3682 146
3683 160
3684 145
3685 141
3686 154
3687 160
3688 172
3689 192
3690 216
3691 227
3692 226
3693 187
3694 191
3695 187
3696 185
3697 182
3698 172
3699 164
3700 130
3701 110
3702 114
3703 117
3704 129
3705 140
3706 124
3707 119
3708 113
3709 112
3710 105
3711 123
3712 126
3713 107
3714 105
3715 102
3716 111
3717 117
3718 143
3719 157
3720 139
3721 147
3722 139
3723 129
3724 124
3725 115
3726 113
3727 97
3728 89
3729 99
3730 100
3731 81
3732 78
3733 74
3734 65
3735 65
3736 54
3737 54
3738 58
3739 53
3740 60
3741 52
3742 51
3743 54
3744 52
3745 53
3746 56
3747 47
3748 55
3749 56
3750 51
3751 41
3752 32
3753 28
3754 26
3755 38
3756 41
3757 50
3758 52
3759 54
3760 50
3761 48
3762 56
3763 57
3764 62
3765 58
3766 55
3767 56
3768 59
3769 70
3770 76
3771 75
3772 62
3773 59
3774 48
3775 49
3776 45
3777 35
3778 33
3779 31
3780 32
3781 45
3782 43
3783 52
3784 53
3785 58
3786 64
3787 62
3788 65
3789 62
3790 60
3791 54
3792 42
3793 30
3794 40
3795 37
3796 41
3797 50
3798 44
3799 45
3800 47
3801 48
3802 48
3803 39
3804 40
3805 39
3806 45
3807 42
3808 39
3809 50
3810 61
3811 65
3812 67
3813 75
3814 59
3815 40
3816 44
3817 41
3818 48
3819 53
3820 45
3821 35
3822 34
3823 38
3824 40
3825 28
3826 30
3827 32
3828 32
3829 39
3830 31
3831 33
3832 32
3833 23
3834 21
3835 17
3836 20
3837 23
3838 23
3839 23
3840 22
3841 25
3842 19
3843 16
3844 17
3845 20
3846 17
3847 15
3848 15
3849 17
3850 15
3851 13
3852 14
3853 20
3854 18
3855 30
3856 25
3857 32
3858 31
3859 26
3860 21
3861 28
3862 26
3863 24
3864 19
3865 17
3866 13
3867 9
3868 7
3869 4
3870 4
3871 7
3872 7
3873 12
3874 11
3875 8
3876 7
3877 9
3878 13
3879 12
3880 21
3881 15
3882 12
3883 20
3884 22
3885 26
3886 24
3887 24
3888 28
3889 24
3890 23
3891 27
3892 22
3893 33
3894 25
3895 26
3896 26
3897 32
3898 32
3899 22
3900 17
3901 24
3902 22
3903 21
3904 22
3905 26
3906 28
3907 34
3908 37
3909 38
3910 31
3911 31
3912 28
3913 21
3914 16
3915 15
3916 14
3917 10
3918 13
3919 13
3920 7
3921 11
3922 12
3923 16
3924 15
3925 14
3926 9
3927 14
3928 9
3929 12
3930 5
3931 6
3932 8
3933 7
3934 12
3935 15
3936 16
3937 17
3938 18
3939 20
3940 27
3941 25
3942 27
3943 25
3944 33
3945 32
3946 25
3947 23
3948 35
3949 46
3950 50
3951 60
3952 59
3953 60
3954 62
3955 70
3956 61
3957 60
3958 54
3959 58
3960 55
3961 69
3962 76
3963 71
3964 64
3965 63
3966 61
3967 69
3968 63
3969 78
3970 75
3971 67
3972 59
3973 69
3974 81
3975 92
3976 83
3977 82
3978 94
3979 95
3980 90
3981 105
3982 103
3983 95
3984 94
3985 80
3986 74
3987 66
3988 64
3989 68
3990 62
3991 58
3992 52
3993 55
3994 61
3995 67
3996 74
3997 77
3998 83
3999 82
4000 88
4001 89
4002 102
4003 99
4004 96
4005 94
4006 89
4007 101
4008 132
4009 137
4010 139
4011 131
4012 122
4013 130
4014 139
4015 131
4016 118
4017 131
4018 133
4019 113
4020 121
4021 128
4022 119
4023 119
4024 125
4025 148
4026 156
4027 150
4028 157
4029 151
4030 158
4031 129
4032 130
4033 145
4034 162
4035 159
4036 165
4037 170
4038 152
4039 148
4040 136
4041 146
4042 148
4043 138
4044 122
4045 113
4046 132
4047 138
4048 117
4049 121
4050 133
4051 130
4052 144
4053 145
4054 135
4055 146
4056 164
4057 170
4058 161
4059 161
4060 167
4061 188
4062 184
4063 179
4064 206
4065 201
4066 197
4067 203
4068 217
4069 215
4070 211
4071 229
4072 253
4073 266
4074 261
4075 287
4076 304
4077 309
4078 313
4079 312
4080 299
4081 311
4082 335
4083 344
4084 312
4085 346
4086 340
4087 306
4088 298
4089 299
4090 297
4091 301
4092 305
4093 299
4094 306
4095 342
4096 325
4097 286
4098 265
4099 267
4100 261
4101 274
4102 270
4103 265
4104 287
4105 264
4106 258
4107 261
4108 272
4109 291
4110 278
4111 265
4112 278
4113 279
4114 269
4115 273
4116 289
4117 282
4118 277
4119 266
4120 265
4121 292
4122 294
4123 272
4124 265
4125 248
4126 229
4127 230
4128 234
4129 247
4130 251
4131 282
4132 281
4133 258
4134 240
4135 246
4136 230
4137 242
4138 232
4139 199
4140 194
4141 183
4142 186
4143 161
4144 150
4145 138
4146 138
4147 142
4148 142
4149 151
4150 164
4151 177
4152 197
4153 185
4154 175
4155 165
4156 177
4157 167
4158 170
4159 180
4160 164
4161 150
4162 128
4163 115
4164 124
4165 128
4166 133
4167 142
4168 140
4169 140
4170 139
4171 126
4172 125
4173 132
4174 136
4175 127
4176 102
4177 94
4178 104
4179 114
4180 125
4181 101
4182 107
4183 99
4184 99
4185 88
4186 87
4187 100
4188 103
4189 109
4190 101
4191 112
4192 100
4193 107
4194 105
4195 102
4196 84
4197 88
4198 92
4199 87
4200 84
4201 66
4202 54
4203 49
4204 49
4205 55
4206 47
4207 45
4208 52
4209 44
4210 38
4211 51
4212 52
4213 57
4214 58
4215 57
4216 61
4217 60
4218 64
4219 39
4220 37
4221 38
4222 34
4223 26
4224 27
4225 27
4226 20
4227 19
4228 18
4229 12
4230 13
4231 13
4232 9
4233 9
4234 4
4235 6
4236 6
4237 5
4238 5
4239 5
4240 8
4241 9
4242 14
4243 12
4244 8
4245 6
4246 7
4247 7
4248 6
4249 3
4250 4
4251 5
4252 1
4253 1
4254 2
4255 2
4256 1
4257 1
4258 2
4259 2
4260 1
4261 6
4262 8
4263 9
4264 9
4265 5
4266 2
4267 0
4268 0
4269 1
4270 1
4271 1
4272 0
4273 0
4274 0
4275 1
4276 0
4277 1
4278 0
4279 0
4280 0
4281 0
4282 0
4283 0
4284 1
4285 0
4286 0
4287 0
4288 0
4289 0
4290 1
4291 2
4292 4
4293 6
4294 6
4295 4
4296 6
4297 8
4298 8
4299 13
4300 13
4301 9
4302 7
4303 3
4304 2
4305 0
4306 0
4307 1
4308 2
4309 4
4310 6
4311 3
4312 4
4313 3
4314 5
4315 3
4316 2
4317 4
4318 7
4319 5
4320 3
4321 4
4322 5
4323 3
4324 0
4325 0
4326 0
4327 0
4328 0
4329 0
4330 0
4331 0
4332 0
4333 1
4334 0
4335 0
4336 0
4337 1
4338 0
4339 0
4340 0
4341 0
4342 0
4343 1
4344 0
4345 1
4346 2
4347 0
4348 0
4349 0
4350 2
4351 1
4352 1
4353 1
4354 3
4355 5
4356 7
4357 8
4358 9
4359 8
4360 4
4361 8
4362 6
4363 9
4364 6
4365 6
4366 9
4367 5
4368 6
4369 10
4370 10
4371 17
4372 15
4373 18
4374 18
4375 16
4376 11
4377 12
4378 8
4379 10
4380 9
4381 3
4382 1
4383 0
4384 1
4385 2
4386 2
4387 5
4388 8
4389 5
4390 9
4391 14
4392 15
4393 16
4394 15
4395 10
4396 7
4397 5
4398 5
4399 9
4400 6
4401 7
4402 6
4403 6
4404 7
4405 9
4406 13
4407 15
4408 11
4409 10
4410 13
4411 17
4412 18
4413 9
4414 11
4415 9
4416 10
4417 7
4418 8
4419 5
4420 4
4421 6
4422 7
4423 4
4424 3
4425 1
4426 2
4427 2
4428 1
4429 0
4430 0
4431 1
4432 0
4433 0
4434 0
4435 0
4436 2
4437 4
4438 3
4439 2
4440 4
4441 1
4442 1
4443 2
4444 3
4445 0
4446 0
4447 0
4448 0
4449 0
4450 0
4451 0
4452 0
4453 0
4454 0
4455 0
4456 1
4457 1
4458 0
4459 0
4460 0
4461 0
4462 0
4463 0
4464 0
4465 0
4466 0
4467 0
4468 1
4469 3
4470 2
4471 2
4472 2
4473 3
4474 1
4475 4
4476 5
4477 6
4478 9
4479 8
4480 4
4481 1
4482 1
4483 0
4484 0
4485 1
4486 1
4487 0
4488 1
4489 0
4490 0
4491 0
4492 0
4493 0
4494 0
4495 1
4496 2
4497 5
4498 4
4499 2
4500 2
4501 3
4502 2
4503 2
4504 3
4505 3
4506 1
4507 0
4508 0
4509 1
4510 1
4511 3
4512 4
4513 3
4514 4
4515 5
4516 5
4517 7
4518 9
4519 11
4520 16
4521 12
4522 8
4523 8
4524 13
4525 13
4526 11
4527 9
4528 13
4529 18
4530 14
4531 17
4532 16
4533 18
4534 13
4535 10
4536 8
4537 13
4538 14
4539 21
4540 21
4541 21
4542 19
4543 14
4544 14
4545 15
4546 17
4547 24
4548 19
4549 23
4550 27
4551 25
4552 31
4553 25
4554 32
4555 28
4556 33
4557 32
4558 25
4559 21
4560 22
4561 31
4562 28
4563 22
4564 14
4565 14
4566 10
4567 12
4568 11
4569 17
4570 22
4571 22
4572 18
4573 15
4574 18
4575 8
4576 14
4577 16
4578 25
4579 18
4580 14
4581 19
4582 27
4583 30
4584 30
4585 32
4586 33
4587 19
4588 15
4589 12
4590 18
4591 20
4592 22
4593 23
4594 25
4595 28
4596 32
4597 41
4598 37
4599 34
4600 28
4601 22
4602 20
4603 18
4604 24
4605 25
4606 19
4607 22
4608 21
4609 18
4610 17
4611 15
4612 21
4613 28
4614 25
4615 28
4616 32
4617 29
4618 22
4619 31
4620 29
4621 24
4622 17
4623 21
4624 23
4625 14
4626 11
4627 6
4628 6
4629 11
4630 15
4631 17
4632 13
4633 14
4634 7
4635 5
4636 4
4637 5
4638 4
4639 0
4640 0
4641 1
4642 1
4643 0
4644 1
4645 0
4646 0
4647 0
4648 0
4649 0
4650 0
4651 0
4652 0
4653 0
4654 1
4655 1
4656 0
4657 0
4658 1
4659 2
4660 5
4661 4
4662 4
4663 6
4664 11
4665 16
4666 10
4667 5
4668 8
4669 8
4670 6
4671 9
4672 9
4673 6
4674 8
4675 8
4676 9
4677 11
4678 6
4679 4
4680 6
4681 8
4682 4
4683 5
4684 3
4685 7
4686 3
4687 2
4688 2
4689 1
4690 2
4691 2
4692 4
4693 4
4694 1
4695 1
4696 4
4697 4
4698 10
4699 7
4700 12
4701 14
4702 18
4703 22
4704 21
4705 26
4706 24
4707 26
4708 24
4709 23
4710 21
4711 21
4712 22
4713 17
4714 15
4715 14
4716 16
4717 16
4718 19
4719 17
4720 15
4721 23
4722 28
4723 28
4724 23
4725 32
4726 27
4727 27
4728 19
4729 15
4730 22
4731 21
4732 24
4733 20
4734 13
4735 13
4736 14
4737 16
4738 12
4739 12
4740 16
4741 14
4742 13
4743 13
4744 12
4745 10
4746 6
4747 8
4748 9
4749 6
4750 11
4751 14
4752 17
4753 18
4754 15
4755 18
4756 22
4757 20
4758 20
4759 17
4760 20
4761 22
4762 23
4763 30
4764 29
4765 34
4766 48
4767 47
4768 59
4769 52
4770 42
4771 42
4772 38
4773 51
4774 63
4775 50
4776 44
4777 52
4778 53
4779 46
4780 70
4781 59
4782 54
4783 54
4784 43
4785 46
4786 51
4787 51
4788 37
4789 41
4790 41
4791 43
4792 28
4793 18
4794 11
4795 5
4796 4
4797 2
4798 0
4799 0
4800 0
4801 0
4802 0
4803 0
4804 0
4805 0
4806 0
4807 1
4808 0
4809 0
4810 0
4811 0
4812 1
4813 4
4814 4
4815 1
4816 1
4817 1
4818 3
4819 1
4820 2
4821 1
4822 1
4823 1
4824 3
4825 2
4826 4
4827 5
4828 8
4829 5
4830 6
4831 8
4832 3
4833 2
4834 4
4835 3
4836 1
4837 2
4838 1
4839 1
4840 3
4841 2
4842 5
4843 1
4844 0
4845 0
4846 0
4847 0
4848 0
4849 0
4850 0
4851 0
4852 1
4853 1
4854 3
4855 1
4856 1
4857 0
4858 0
4859 0
4860 0
4861 0
4862 1
4863 2
4864 0
4865 0
4866 0
4867 0
4868 0
4869 0
4870 0
4871 0
4872 1
4873 1
4874 0
4875 0
4876 1
4877 0
4878 0
4879 0
4880 0
4881 0
4882 0
4883 1
4884 0
4885 0
4886 0
4887 0
4888 1
4889 1
4890 0
4891 0
4892 0
4893 0
4894 0
4895 0
4896 0
4897 0
4898 1
4899 1
4900 0
4901 0
4902 0
4903 0
4904 2
4905 2
4906 0
4907 0
4908 0
4909 0
4910 0
4911 0
4912 0
4913 0
4914 0
4915 1
4916 2
4917 4
4918 5
4919 5
4920 4
4921 5
4922 2
4923 1
4924 0
4925 0
4926 0
4927 0
4928 0
4929 0
4930 0
4931 0
4932 0
4933 0
4934 0
4935 0
4936 0
4937 0
4938 0
4939 0
4940 0
4941 2
4942 2
4943 2
4944 2
4945 3
4946 1
4947 3
4948 3
4949 4
4950 5
4951 8
4952 9
4953 9
4954 16
4955 12
4956 13
4957 14
4958 12
4959 15
4960 19
4961 23
4962 23
4963 36
4964 33
4965 35
4966 34
4967 27
4968 34
4969 32
4970 39
4971 39
4972 34
4973 40
4974 38
4975 36
4976 41
4977 39
4978 39
4979 41
4980 36
4981 37
4982 38
4983 29
4984 33
4985 30
4986 31
4987 29
4988 26
4989 33
4990 25
4991 28
4992 30
4993 29
4994 33
4995 35
4996 35
4997 41
4998 34
4999 31
5000 33
5001 26
5002 32
5003 37
5004 36
5005 42
5006 44
5007 50
5008 43
5009 36
5010 31
5011 33
5012 37
5013 46
5014 45
5015 45
5016 51
5017 61
5018 58
5019 51
5020 50
5021 48
5022 40
5023 44
5024 38
5025 29
5026 27
5027 29
5028 25
5029 23
5030 31
5031 37
5032 42
5033 44
5034 48
5035 51
5036 52
5037 45
5038 47
5039 46
5040 31
5041 41
5042 35
5043 32
5044 39
5045 38
5046 36
5047 34
5048 36
5049 29
5050 34
5051 33
5052 37
5053 38
5054 42
5055 53
5056 50
5057 57
5058 50
5059 48
5060 56
5061 46
5062 47
5063 54
5064 58
5065 50
5066 52
5067 48
5068 44
5069 51
5070 59
5071 62
5072 61
5073 50
5074 44
5075 38
5076 31
5077 23
5078 24
5079 25
5080 21
5081 23
5082 24
5083 35
5084 32
5085 34
5086 36
5087 26
5088 30
5089 32
5090 33
5091 33
5092 21
5093 21
5094 14
5095 16
5096 19
5097 26
5098 26
5099 40
5100 45
5101 52
5102 58
5103 58
5104 43
5105 46
5106 46
5107 48
5108 48
5109 43
5110 51
5111 43
5112 40
5113 41
5114 35
5115 32
5116 28
5117 19
5118 23
5119 16
5120 21
5121 32
5122 39
5123 45
5124 45
5125 34
5126 30
5127 27
5128 29
5129 28
5130 22
5131 16
5132 7
5133 6
5134 3
5135 5
5136 8
5137 3
5138 1
5139 2
5140 4
5141 3
5142 4
5143 2
5144 3
5145 0
5146 1
5147 1
5148 3
5149 0
5150 0
5151 0
5152 0
5153 0
5154 1
5155 2
5156 0
5157 1
5158 1
5159 1
5160 1
5161 0
5162 0
5163 0
5164 0
5165 0
5166 0
5167 0
5168 0
5169 0
5170 1
5171 1
5172 1
5173 0
5174 0
5175 1
5176 1
5177 1
5178 0
5179 0
5180 0
5181 0
5182 1
5183 3
5184 3
5185 5
5186 6
5187 7
5188 4
5189 8
5190 8
5191 9
5192 12
5193 9
5194 10
5195 10
5196 9
5197 5
5198 11
5199 12
5200 12
5201 8
5202 8
5203 7
5204 8
5205 11
5206 11
5207 12
5208 10
5209 18
5210 17
5211 25
5212 21
5213 16
5214 20
5215 15
5216 13
5217 15
5218 19
5219 28
5220 25
5221 27
5222 22
5223 24
5224 23
5225 17
5226 15
5227 12
5228 16
5229 13
5230 8
5231 6
5232 9
5233 11
5234 15
5235 14
5236 15
5237 6
5238 11
5239 12
5240 16
5241 17
5242 17
5243 13
5244 16
5245 17
5246 18
5247 22
5248 17
5249 20
5250 21
5251 23
5252 25
5253 32
5254 36
5255 33
5256 35
5257 35
5258 45
5259 54
5260 53
5261 47
5262 39
5263 42
5264 43
5265 33
5266 39
5267 32
5268 25
5269 28
5270 30
5271 25
5272 35
5273 38
5274 33
5275 36
5276 22
5277 19
5278 23
5279 26
5280 21
5281 23
5282 17
5283 14
5284 12
5285 14
5286 15
5287 9
5288 11
5289 9
5290 10
5291 14
5292 20
5293 26
5294 27
5295 21
5296 20
5297 19
5298 29
5299 27
5300 30
5301 30
5302 29
5303 37
5304 41
5305 43
5306 46
5307 51
5308 67
5309 66
5310 70
5311 68
5312 73
5313 75
5314 68
5315 69
5316 70
5317 66
5318 75
5319 79
5320 83
5321 73
5322 72
5323 68
5324 57
5325 47
5326 48
5327 46
5328 55
5329 49
5330 58
5331 58
5332 58
5333 61
5334 55
5335 54
5336 46
5337 37
5338 33
5339 29
5340 27
5341 37
5342 29
5343 44
5344 47
5345 47
5346 51
5347 48
5348 46
5349 40
5350 50
5351 40
5352 48
5353 48
5354 56
5355 57
5356 46
5357 51
5358 44
5359 41
5360 42
5361 36
5362 35
5363 30
5364 37
5365 46
5366 47
5367 53
5368 56
5369 47
5370 44
5371 35
5372 32
5373 38
5374 27
5375 39
5376 38
5377 34
5378 36
5379 36
5380 43
5381 42
5382 43
5383 30
5384 27
5385 23
5386 21
5387 23
5388 29
5389 32
5390 37
5391 35
5392 39
5393 39
5394 33
5395 38
5396 33
5397 38
5398 25
5399 22
5400 21
5401 25
5402 23
5403 23
5404 21
5405 17
5406 16
5407 19
5408 26
5409 32
5410 28
5411 26
5412 22
5413 21
5414 28
5415 24
5416 20
5417 35
5418 46
5419 57
5420 63
5421 65
5422 66
5423 60
5424 50
5425 41
5426 39
5427 27
5428 31
5429 30
5430 26
5431 30
5432 30
5433 33
5434 29
5435 33
5436 34
5437 34
5438 32
5439 29
5440 28
5441 28
5442 31
5443 33
5444 34
5445 22
5446 28
5447 26
5448 29
5449 29
5450 28
5451 35
5452 23
5453 19
5454 21
5455 23
5456 25
5457 25
5458 28
5459 34
5460 34
5461 23
5462 21
5463 20
5464 18
5465 25
5466 23
5467 30
5468 38
5469 41
5470 36
5471 46
5472 45
5473 42
5474 41
5475 41
5476 31
5477 29
5478 23
5479 24
5480 29
5481 20
5482 15
5483 12
5484 8
5485 11
5486 9
5487 12
5488 11
5489 7
5490 8
5491 10
5492 8
5493 7
5494 8
5495 11
5496 12
5497 12
5498 9
5499 6
5500 3
5501 4
5502 6
5503 3
5504 5
5505 5
5506 6
5507 4
5508 1
5509 0
5510 0
5511 0
5512 0
5513 0
5514 0
5515 1
5516 1
5517 1
5518 0
5519 0
5520 0
5521 0
5522 0
5523 0
5524 0
5525 0
5526 1
5527 0
5528 0
5529 0
5530 0
5531 0
5532 0
5533 0
5534 0
5535 1
5536 1
5537 1
5538 1
5539 2
5540 5
5541 5
5542 8
5543 9
5544 6
5545 8
5546 7
5547 5
5548 3
5549 5
5550 3
5551 3
5552 2
5553 4
5554 6
5555 4
5556 3
5557 4
5558 6
5559 6
5560 6
5561 2
5562 2
5563 4
5564 6
5565 10
5566 17
5567 19
5568 17
5569 19
5570 18
5571 11
5572 9
5573 11
5574 11
5575 9
5576 12
5577 13
5578 11
5579 12
5580 16
5581 12
5582 13
5583 13
5584 9
5585 5
5586 12
5587 18
5588 20
5589 30
5590 20
5591 23
5592 32
5593 27
5594 27
5595 26
5596 27
5597 28
5598 18
5599 30
5600 21
5601 33
5602 33
5603 33
5604 38
5605 36
5606 33
5607 35
5608 32
5609 29
5610 34
5611 32
5612 36
5613 31
5614 32
5615 36
5616 33
5617 33
5618 26
5619 21
5620 24
5621 21
5622 19
5623 10
5624 8
5625 12
5626 13
5627 13
5628 9
5629 8
5630 5
5631 6
5632 7
5633 7
5634 10
5635 14
5636 13
5637 14
5638 13
5639 5
5640 9
5641 11
5642 15
5643 17
5644 12
5645 15
5646 14
5647 7
5648 7
5649 5
5650 4
5651 7
5652 7
5653 9
5654 7
5655 2
5656 2
5657 4
5658 2
5659 2
5660 1
5661 0
5662 0
5663 0
5664 0
5665 1
5666 0
5667 1
5668 3
5669 1
5670 0
5671 0
5672 0
5673 0
5674 0
5675 0
5676 0
5677 0
5678 0
5679 0
5680 0
5681 0
5682 0
5683 0
5684 0
5685 1
5686 0
5687 1
5688 0
5689 0
5690 0
5691 0
5692 0
5693 0
5694 0
5695 0
5696 0
5697 0
5698 0
5699 2
5700 4
5701 8
5702 9
5703 6
5704 5
5705 4
5706 1
5707 1
5708 3
5709 2
5710 3
5711 3
5712 3
5713 2
5714 4
5715 5
5716 11
5717 11
5718 7
5719 4
5720 4
5721 2
5722 3
5723 7
5724 7
5725 5
5726 5
5727 5
5728 3
5729 5
5730 5
5731 9
5732 9
5733 9
5734 8
5735 11
5736 10
5737 10
5738 14
5739 8
5740 13
5741 12
5742 17
5743 15
5744 14
5745 14
5746 20
5747 15
5748 25
5749 18
5750 20
5751 18
5752 19
5753 14
5754 12
5755 15
5756 14
5757 23
5758 23
5759 24
5760 27
5761 28
5762 23
5763 21
5764 12
5765 12
5766 8
5767 14
5768 16
5769 13
5770 14
5771 16
5772 13
5773 20
5774 22
5775 16
5776 18
5777 26
5778 22
5779 25
5780 34
5781 30
5782 28
5783 21
5784 20
5785 17
5786 18
5787 22
5788 20
5789 19
5790 22
5791 36
5792 37
5793 19
5794 10
5795 5
5796 7
5797 14
5798 18
5799 21
5800 18
5801 19
5802 19
5803 16
5804 17
5805 25
5806 20
5807 22
5808 22
5809 14
5810 9
5811 5
5812 4
5813 2
5814 1
5815 0
5816 0
5817 0
5818 0
5819 0
5820 0
5821 1
5822 2
5823 3
5824 3
5825 4
5826 5
5827 6
5828 11
5829 12
5830 14
5831 13
5832 9
5833 4
5834 5
5835 5
5836 1
5837 4
5838 6
5839 3
5840 2
5841 4
5842 6
5843 7
5844 8
5845 9
5846 3
5847 1
5848 0
5849 0
5850 0
5851 0
5852 0
5853 0
5854 0
5855 0
5856 0
5857 0
5858 0
5859 0
5860 1
5861 2
5862 0
5863 0
5864 1
5865 1
5866 1
5867 0
5868 0
5869 0
5870 0
5871 0
5872 0
5873 1
5874 3
5875 3
5876 4
5877 3
5878 3
5879 1
5880 1
5881 3
5882 3
5883 3
5884 0
5885 0
5886 0
5887 0
5888 0
5889 2
5890 2
5891 2
5892 3
5893 3
5894 4
5895 5
5896 10
5897 9
5898 7
5899 7
5900 12
5901 20
5902 19
5903 23
5904 32
5905 36
5906 37
5907 29
5908 32
5909 42
5910 37
5911 35
5912 40
5913 39
5914 36
5915 33
5916 43
5917 38
5918 34
5919 40
5920 41
5921 34
5922 29
5923 28
5924 17
5925 15
5926 17
5927 20
5928 17
5929 21
5930 17
5931 23
5932 23
5933 16
5934 21
5935 26
5936 26
5937 24
5938 31
5939 37
5940 29
5941 31
5942 30
5943 32
5944 31
5945 23
5946 31
5947 27
5948 33
5949 39
5950 41
5951 37
5952 40
5953 37
5954 34
5955 36
5956 27
5957 16
5958 20
5959 10
5960 12
5961 7
5962 7
5963 6
5964 6
5965 9
5966 7
5967 8
5968 11
5969 7
5970 7
5971 6
5972 12
5973 9
5974 9
5975 18
5976 18
5977 15
5978 17
5979 16
5980 18
5981 16
5982 20
5983 12
5984 13
5985 16
5986 20
5987 18
5988 29
5989 28
5990 45
5991 45
5992 48
5993 49
5994 46
5995 64
5996 59
5997 56
5998 59
5999 54
6000 43
6001 41
6002 34
6003 24
6004 29
6005 35
6006 32
6007 28
6008 29
6009 34
6010 30
6011 26
6012 21
6013 24
6014 28
6015 24
6016 23
6017 22
6018 18
6019 20
6020 10
6021 12
6022 10
6023 12
6024 17
6025 21
6026 21
6027 17
6028 21
6029 21
6030 16
6031 21
6032 28
6033 36
6034 40
6035 43
6036 45
6037 41
6038 43
6039 49
6040 45
6041 55
6042 59
6043 54
6044 58
6045 55
6046 68
6047 65
6048 69
6049 73
6050 75
6051 77
6052 65
6053 77
6054 86
6055 77
6056 78
6057 83
6058 85
6059 80
6060 52
6061 57
6062 58
6063 62
6064 65
6065 73
6066 76
6067 73
6068 77
6069 70
6070 65
6071 67
6072 66
6073 81
6074 101
6075 114
6076 102
6077 96
6078 77
6079 77
6080 74
6081 88
6082 85
6083 89
6084 79
6085 95
6086 93
6087 98
6088 107
6089 110
6090 109
6091 100
6092 101
6093 104
6094 85
6095 68
6096 59
6097 59
6098 52
6099 50
6100 51
6101 58
6102 59
6103 71
6104 93
6105 84
6106 68
6107 74
6108 66
6109 64
6110 59
6111 58
6112 54
6113 60
6114 56
6115 60
6116 58
6117 65
6118 64
6119 52
6120 67
6121 81
6122 69
6123 76
6124 73
6125 57
6126 51
6127 57
6128 52
6129 48
6130 53
6131 55
6132 64
6133 59
6134 44
6135 38
6136 43
6137 41
6138 40
6139 37
6140 30
6141 32
6142 34
6143 46
6144 60
6145 58
6146 55
6147 55
6148 61
6149 56
6150 51
6151 47
6152 38
6153 37
6154 32
6155 31
6156 29
6157 26
6158 25
6159 23
6160 31
6161 31
6162 36
6163 44
6164 40
6165 46
6166 47
6167 56
6168 57
6169 66
6170 65
6171 74
6172 78
6173 74
6174 63
6175 53
6176 56
6177 50
6178 38
6179 38
6180 35
6181 34
6182 44
6183 42
6184 48
6185 53
6186 54
6187 52
6188 63
6189 63
6190 48
6191 43
6192 48
6193 47
6194 43
6195 38
6196 38
6197 40
6198 45
6199 39
6200 27
6201 28
6202 30
6203 28
6204 38
6205 40
6206 36
6207 39
6208 29
6209 40
6210 36
6211 36
6212 42
6213 28
6214 27
6215 27
6216 24
6217 24
6218 24
6219 22
6220 29
6221 26
6222 44
6223 40
6224 39
6225 39
6226 48
6227 59
6228 47
6229 46
6230 42
6231 40
6232 32
6233 39
6234 29
6235 30
6236 34
6237 36
6238 22
6239 25
6240 15
6241 17
6242 13
6243 17
6244 18
6245 18
6246 15
6247 12
6248 7
6249 8
6250 11
6251 6
6252 5
6253 3
6254 1
6255 0
6256 0
6257 1
6258 1
6259 2
6260 4
6261 4
6262 8
6263 5
6264 5
6265 5
6266 13
6267 7
6268 5
6269 4
6270 3
6271 1
6272 1
6273 1
6274 2
6275 1
6276 0
6277 0
6278 0
6279 0
6280 0
6281 0
6282 1
6283 0
6284 0
6285 0
6286 0
6287 0
6288 0
6289 0
6290 0
6291 0
6292 0
6293 0
6294 1
6295 4
6296 8
6297 9
6298 5
6299 3
6300 3
6301 2
6302 3
6303 1
6304 0
6305 0
6306 0
6307 0
6308 0
6309 0
6310 1
6311 2
6312 2
6313 1
6314 1
6315 5
6316 5
6317 6
6318 8
6319 12
6320 13
6321 15
6322 17
6323 18
6324 26
6325 31
6326 30
6327 35
6328 32
6329 33
6330 33
6331 25
6332 21
6333 24
6334 22
6335 30
6336 25
6337 23
6338 12
6339 15
6340 16
6341 13
6342 11
6343 10
6344 11
6345 6
6346 1
6347 3
6348 3
6349 0
6350 0
6351 0
6352 0
6353 1
6354 1
6355 2
6356 2
6357 3
6358 0
6359 0
6360 0
6361 1
6362 0
6363 2
6364 3
6365 1
6366 0
6367 0
6368 0
6369 0
6370 0
6371 0
6372 0
6373 0
6374 0
6375 0
6376 0
6377 0
6378 0
6379 1
6380 0
6381 0
6382 1
6383 3
6384 4
6385 2
6386 4
6387 2
6388 2
6389 1
6390 1
6391 2
6392 1
6393 0
6394 0
6395 0
6396 0
6397 0
6398 0
6399 0
6400 0
6401 0
6402 0
6403 1
6404 2
6405 1
6406 1
6407 2
6408 4
6409 4
6410 4
6411 1
6412 0
6413 0
6414 0
6415 0
6416 0
6417 0
6418 0
6419 0
6420 1
6421 1
6422 1
6423 2
6424 3
6425 4
6426 6
6427 8
6428 9
6429 10
6430 13
6431 14
6432 18
6433 12
6434 17
6435 21
6436 22
6437 20
6438 24
6439 20
6440 16
6441 22
6442 20
6443 20
6444 23
6445 24
6446 23
6447 19
6448 19
6449 33
6450 41
6451 31
6452 29
6453 36
6454 39
6455 43
6456 61
6457 54
6458 53
6459 54
6460 69
6461 71
6462 63
6463 56
6464 46
6465 42
6466 47
6467 52
6468 54
6469 42
6470 41
6471 30
6472 19
6473 21
6474 13
6475 9
6476 13
6477 15
6478 16
6479 12
6480 10
6481 10
6482 13
6483 10
6484 12
6485 11
6486 11
6487 11
6488 16
6489 19
6490 22
6491 28
6492 41
6493 47
6494 36
6495 36
6496 30
6497 28
6498 26
6499 25
6500 36
6501 34
6502 30
6503 21
6504 25
6505 22
6506 26
6507 27
6508 27
6509 36
6510 28
6511 29
6512 42
6513 41
6514 40
6515 37
6516 38
6517 24
6518 31
6519 34
6520 29
6521 31
6522 39
6523 44
6524 49
6525 59
6526 66
6527 70
6528 61
6529 58
6530 54
6531 50
6532 53
6533 53
6534 57
6535 60
6536 59
6537 67
6538 61
6539 51
6540 49
6541 60
6542 71
6543 69
6544 53
6545 65
6546 71
6547 59
6548 51
6549 53
6550 55
6551 57
6552 73
6553 62
6554 57
6555 62
6556 75
6557 76
6558 59
6559 39
6560 36
6561 38
6562 36
6563 30
6564 39
6565 41
6566 45
6567 48
6568 42
6569 41
6570 43
6571 40
6572 43
6573 41
6574 34
6575 40
6576 46
6577 36
6578 30
6579 29
6580 31
6581 37
6582 28
6583 32
6584 35
6585 48
6586 48
6587 45
6588 49
6589 49
6590 58
6591 57
6592 57
6593 52
6594 40
6595 36
6596 26
6597 23
6598 24
6599 23
6600 22
6601 13
6602 13
6603 14
6604 8
6605 6
6606 4
6607 9
6608 7
6609 6
6610 6
6611 6
6612 8
6613 10
6614 8
6615 5
6616 5
6617 7
6618 6
6619 6
6620 3
6621 3
6622 0
6623 0
6624 0
6625 0
6626 0
6627 1
6628 0
6629 0
6630 0
6631 0
6632 0
6633 0
6634 0
6635 0
6636 0
6637 0
6638 1
6639 1
6640 2
6641 2
6642 1
6643 2
6644 1
6645 1
6646 0
6647 0
6648 0
6649 0
6650 0
6651 0
6652 0
6653 1
6654 0
6655 0
6656 1
6657 0
6658 0
6659 0
6660 0
6661 0
6662 0
6663 0
6664 0
6665 0
6666 0
6667 1
6668 1
6669 1
6670 1
6671 2
6672 2
6673 1
6674 3
6675 4
6676 4
6677 4
6678 2
6679 3
6680 3
6681 1
6682 3
6683 5
6684 6
6685 6
6686 6
6687 8
6688 8
6689 6
6690 2
6691 2
6692 2
6693 4
6694 0
6695 0
6696 0
6697 0
6698 0
6699 0
6700 0
6701 0
6702 0
6703 0
6704 2
6705 0
6706 0
6707 1
6708 1
6709 1
6710 0
6711 0
6712 0
6713 0
6714 0
6715 0
6716 0
6717 0
6718 0
6719 0
6720 1
6721 1
6722 1
6723 1
6724 2
6725 1
6726 0
6727 0
6728 0
6729 0
6730 1
6731 0
6732 1
6733 0
6734 0
6735 0
6736 0
6737 0
6738 0
6739 0
6740 0
6741 0
6742 0
6743 1
6744 1
6745 0
6746 0
6747 1
6748 1
6749 0
6750 0
6751 0
6752 1
6753 0
6754 0
6755 1
6756 1
6757 5
6758 6
6759 4
6760 2
6761 7
6762 8
6763 9
6764 8
6765 10
6766 10
6767 6
6768 6
6769 7
6770 2
6771 3
6772 1
6773 0
6774 0
6775 0
6776 0
6777 1
6778 0
6779 1
6780 1
6781 0
6782 0
6783 1
6784 2
6785 2
6786 2
6787 1
6788 1
6789 1
6790 0
6791 0
6792 0
6793 0
6794 1
6795 0
6796 1
6797 0
6798 0
6799 0
6800 1
6801 2
6802 4
6803 5
6804 5
6805 7
6806 9
6807 7
6808 8
6809 6
6810 2
6811 1
6812 0
6813 0
6814 1
6815 0
6816 0
6817 0
6818 0
6819 0
6820 1
6821 3
6822 2
6823 1
6824 4
6825 2
6826 1
6827 1
6828 1
6829 2
6830 1
6831 0
6832 0
6833 0
6834 0
6835 1
6836 1
6837 0
6838 0
6839 0
6840 0
6841 0
6842 0
6843 0
6844 0
6845 0
6846 0
6847 0
6848 0
6849 0
6850 0
6851 0
6852 2
6853 2
6854 2
6855 2
6856 3
6857 3
6858 6
6859 4
6860 2
6861 1
6862 2
6863 0
6864 0
6865 0
6866 0
6867 0
6868 0
6869 0
6870 0
6871 0
6872 0
6873 0
6874 0
6875 1
6876 0
6877 1
6878 1
6879 1
6880 0
6881 0
6882 0
6883 0
6884 0
6885 1
6886 0
6887 0
6888 0
6889 0
6890 0
6891 1
6892 1
6893 0
6894 0
6895 0
6896 0
6897 0
6898 0
6899 0
6900 1
6901 1
6902 1
6903 0
6904 0
6905 0
6906 1
6907 0
6908 0
6909 1
6910 1
6911 1
6912 1
6913 0
6914 0
6915 2
6916 2
6917 0
6918 0
6919 0
6920 0
6921 1
6922 1
6923 1
6924 1
6925 1
6926 1
6927 2
6928 6
6929 7
6930 5
6931 6
6932 4
6933 2
6934 2
6935 2
6936 6
6937 4
6938 3
6939 4
6940 5
6941 9
6942 7
6943 11
6944 5
6945 6
6946 7
6947 7
6948 10
6949 8
6950 6
6951 5
6952 7
6953 8
6954 5
6955 4
6956 0
6957 0
6958 0
6959 1
6960 1
6961 3
6962 8
6963 6
6964 5
6965 8
6966 7
6967 7
6968 2
6969 3
6970 3
6971 4
6972 3
6973 4
6974 11
6975 15
6976 17
6977 11
6978 15
6979 13
6980 7
6981 6
6982 5
6983 3
6984 1
6985 0
6986 0
6987 0
6988 0
6989 0
6990 0
6991 0
6992 1
6993 4
6994 4
6995 4
6996 5
6997 5
6998 4
6999 4
7000 8
7001 13
7002 15
7003 8
7004 6
7005 4
7006 9
7007 8
7008 3
7009 3
7010 1
7011 3
7012 1
7013 4
7014 3
7015 1
7016 4
7017 5
7018 4
7019 9
7020 11
7021 10
7022 8
7023 12
7024 13
7025 13
7026 12
7027 14
7028 15
7029 12
7030 12
7031 14
7032 13
7033 12
7034 14
7035 9
7036 5
7037 5
7038 2
7039 6
7040 3
7041 0
7042 0
7043 1
7044 1
7045 1
7046 2
7047 4
7048 5
7049 5
7050 7
7051 10
7052 9
7053 10
7054 11
7055 10
7056 9
7057 6
7058 9
7059 6
7060 6
7061 9
7062 9
7063 5
7064 7
7065 8
7066 6
7067 10
7068 10
7069 8
7070 6
7071 2
7072 3
7073 2
7074 1
7075 0
7076 0
7077 0
7078 0
7079 2
7080 4
7081 4
7082 4
7083 6
7084 5
7085 10
7086 11
7087 12
7088 13
7089 11
7090 12
7091 20
7092 22
7093 23
7094 20
7095 22
7096 26
7097 27
7098 37
7099 32
7100 22
7101 26
7102 27
7103 19
7104 20
7105 16
7106 18
7107 28
7108 24
7109 25
7110 28
7111 29
7112 30
7113 29
7114 25
7115 32
7116 30
7117 26
7118 24
7119 33
7120 53
7121 58
7122 54
7123 49
7124 57
7125 49
7126 41
7127 40
7128 27
7129 29
7130 28
7131 28
7132 29
7133 30
7134 25
7135 18
7136 10
7137 13
7138 18
7139 16
7140 19
7141 17
7142 16
7143 12
7144 13
7145 13
7146 10
7147 10
7148 16
7149 15
7150 19
7151 15
7152 14
7153 13
7154 10
7155 8
7156 8
7157 10
7158 14
7159 16
7160 22
7161 20
7162 16
7163 16
7164 14
7165 14
7166 13
7167 13
7168 21
7169 35
7170 37
7171 40
7172 40
7173 34
7174 34
7175 27
7176 23
7177 25
7178 27
7179 25
7180 19
7181 19
7182 13
7183 11
7184 9
7185 5
7186 7
7187 13
7188 21
7189 26
7190 22
7191 25
7192 29
7193 33
7194 32
7195 28
7196 29
7197 32
7198 34
7199 37
7200 44
7201 51
7202 49
7203 58
7204 53
7205 52
7206 47
7207 50
7208 59
7209 59
7210 46
7211 58
7212 68
7213 63
7214 70
7215 70
7216 78
7217 71
7218 63
7219 59
7220 65
7221 61
7222 62
7223 58
7224 63
7225 72
7226 70
7227 86
7228 112
7229 123
7230 133
7231 144
7232 141
7233 127
7234 134
7235 132
7236 136
7237 126
7238 114
7239 106
7240 104
7241 86
7242 97
7243 86
7244 81
7245 70
7246 86
7247 89
7248 103
7249 101
7250 118
7251 112
7252 122
7253 131
7254 120
7255 119
7256 120
7257 111
7258 107
7259 100
7260 87
7261 95
7262 111
7263 125
7264 118
7265 107
7266 89
7267 77
7268 70
7269 76
7270 86
7271 87
7272 81
7273 69
7274 62
7275 59
7276 55
7277 51
7278 54
7279 57
7280 67
7281 64
7282 65
7283 57
7284 62
7285 49
7286 45
7287 47
7288 42
7289 48
7290 64
7291 57
7292 55
7293 49
7294 58
7295 53
7296 47
7297 53
7298 55
7299 51
7300 54
7301 55
7302 48
7303 60
7304 76
7305 72
7306 74
7307 82
7308 85
7309 73
7310 74
7311 83
7312 75
7313 78
7314 72
7315 76
7316 66
7317 59
7318 60
7319 67
7320 66
7321 74
7322 72
7323 77
7324 77
7325 85
7326 78
7327 74
7328 58
7329 64
7330 53
7331 55
7332 60
7333 69
7334 77
7335 68
7336 70
7337 57
7338 39
7339 31
7340 20
7341 30
7342 18
7343 23
7344 18
7345 24
7346 19
7347 20
7348 20
7349 11
7350 11
7351 11
7352 13
7353 10
7354 6
7355 8
7356 5
7357 7
7358 10
7359 10
7360 6
7361 4
7362 4
7363 7
7364 6
7365 6
7366 11
7367 9
7368 11
7369 12
7370 8
7371 7
7372 6
7373 7
7374 7
7375 5
7376 3
7377 3
7378 3
7379 3
7380 4
7381 4
7382 1
7383 0
7384 0
7385 1
7386 1
7387 0
7388 0
7389 0
7390 0
7391 1
7392 0
7393 0
7394 0
7395 0
7396 0
7397 0
7398 0
7399 0
7400 0
7401 0
7402 0
7403 1
7404 1
7405 1
7406 1
7407 0
7408 0
7409 0
7410 0
7411 0
7412 0
7413 0
7414 0
7415 1
7416 1
7417 2
7418 1
7419 0
7420 0
7421 1
7422 0
7423 0
7424 0
7425 0
7426 0
7427 0
7428 0
7429 0
7430 0
7431 1
7432 2
7433 0
7434 0
7435 0
7436 1
7437 2
7438 3
7439 5
7440 4
7441 3
7442 2
7443 3
7444 3
7445 5
7446 5
7447 7
7448 6
7449 7
7450 7
7451 3
7452 7
7453 7
7454 8
7455 11
7456 13
7457 15
7458 14
7459 11
7460 4
7461 5
7462 7
7463 5
7464 7
7465 3
7466 3
7467 2
7468 4
7469 3
7470 3
7471 4
7472 1
7473 1
7474 2
7475 3
7476 1
7477 2
7478 3
7479 6
7480 4
7481 7
7482 7
7483 13
7484 12
7485 13
7486 13
7487 10
7488 10
7489 8
7490 6
7491 11
7492 16
7493 18
7494 20
7495 18
7496 17
7497 16
7498 21
7499 26
7500 21
7501 20
7502 13
7503 7
7504 9
7505 7
7506 10
7507 12
7508 12
7509 10
7510 14
7511 22
7512 18
7513 20
7514 20
7515 29
7516 34
7517 39
7518 41
7519 50
7520 56
7521 56
7522 57
7523 65
7524 54
7525 60
7526 55
7527 44
7528 34
7529 42
7530 36
7531 39
7532 46
7533 50
7534 37
7535 29
7536 23
7537 26
7538 24
7539 21
7540 18
7541 23
7542 28
7543 33
7544 39
7545 47
7546 39
7547 46
7548 42
7549 39
7550 35
7551 48
7552 52
7553 48
7554 53
7555 58
7556 61
7557 51
7558 42
7559 37
7560 36
7561 45
7562 43
7563 44
7564 40
7565 47
7566 41
7567 42
7568 42
7569 55
7570 57
7571 56
7572 53
7573 67
7574 66
7575 76
7576 75
7577 62
7578 60
7579 66
7580 66
7581 65
7582 64
7583 62
7584 54
7585 49
7586 49
7587 59
7588 55
7589 65
7590 61
7591 69
7592 61
7593 51
7594 58
7595 67
7596 54
7597 56
7598 49
7599 42
7600 47
7601 39
7602 39
7603 46
7604 41
7605 35
7606 27
7607 26
7608 28
7609 31
7610 35
7611 35
7612 39
7613 40
7614 37
7615 35
7616 35
7617 39
7618 42
7619 49
7620 43
7621 35
7622 27
7623 35
7624 36
7625 28
7626 23
7627 20
7628 22
7629 21
7630 25
7631 25
7632 34
7633 31
7634 25
7635 25
7636 21
7637 20
7638 23
7639 25
7640 40
7641 41
7642 44
7643 39
7644 28
7645 31
7646 35
7647 42
7648 46
7649 48
7650 51
7651 59
7652 63
7653 80
7654 88
7655 81
7656 89
7657 73
7658 69
7659 65
7660 62
7661 46
7662 45
7663 56
7664 52
7665 54
7666 58
7667 51
7668 43
7669 47
7670 46
7671 33
7672 38
7673 43
7674 38
7675 39
7676 46
7677 57
7678 51
7679 55
7680 61
7681 71
7682 73
7683 65
7684 74
7685 66
7686 62
7687 52
7688 49
7689 51
7690 56
7691 46
7692 48
7693 60
7694 57
7695 52
7696 52
7697 41
7698 42
7699 47
7700 45
7701 44
7702 40
7703 48
7704 55
7705 69
7706 78
7707 78
7708 79
7709 84
7710 80
7711 79
7712 79
7713 87
7714 78
7715 57
7716 66
7717 56
7718 54
7719 57
7720 48
7721 38
7722 49
7723 33
7724 32
7725 30
7726 33
7727 39
7728 39
7729 51
7730 59
7731 66
7732 67
7733 70
7734 67
7735 66
7736 66
7737 61
7738 64
7739 52
7740 54
7741 51
7742 47
7743 38
7744 43
7745 46
7746 55
7747 46
7748 54
7749 55
7750 50
7751 43
7752 45
7753 36
7754 30
7755 47
7756 48
7757 48
7758 45
7759 41
7760 36
7761 37
7762 39
7763 36
7764 27
7765 27
7766 25
7767 24
7768 25
7769 26
7770 29
7771 27
7772 23
7773 16
7774 21
7775 18
7776 12
7777 7
7778 5
7779 8
7780 9
7781 10
7782 18
7783 14
7784 11
7785 16
7786 17
7787 19
7788 23
7789 21
7790 21
7791 23
7792 27
7793 30
7794 34
7795 41
7796 44
7797 43
7798 38
7799 52
7800 64
7801 65
7802 66
7803 62
7804 66
7805 72
7806 71
7807 68
7808 73
7809 56
7810 54
7811 59
7812 69
7813 58
7814 60
7815 65
7816 56
7817 53
7818 49
7819 57
7820 54
7821 56
7822 52
7823 69
7824 76
7825 77
7826 69
7827 65
7828 64
7829 77
7830 84
7831 93
7832 86
7833 89
7834 85
7835 78
7836 68
7837 65
7838 51
7839 49
7840 47
7841 41
7842 46
7843 36
7844 37
7845 40
7846 40
7847 43
7848 46
7849 41
7850 51
7851 47
7852 45
7853 39
7854 30
7855 31
7856 27
7857 23
7858 16
7859 13
7860 18
7861 21
7862 8
7863 4
7864 2
7865 4
7866 2
7867 1
7868 0
7869 1
7870 2
7871 0
7872 0
7873 0
7874 1
7875 3
7876 3
7877 0
7878 0
7879 1
7880 2
7881 3
7882 2
7883 1
7884 0
7885 0
7886 1
7887 1
7888 2
7889 7
7890 9
7891 6
7892 6
7893 5
7894 6
7895 6
7896 8
7897 8
7898 8
7899 4
7900 3
7901 1
7902 1
7903 1
7904 0
7905 0
7906 0
7907 0
7908 0
7909 0
7910 0
7911 0
7912 1
7913 2
7914 5
7915 5
7916 5
7917 7
7918 11
7919 11
7920 14
7921 9
7922 10
7923 14
7924 12
7925 10
7926 13
7927 13
7928 6
7929 8
7930 7
7931 4
7932 5
7933 4
7934 6
7935 8
7936 7
7937 5
7938 4
7939 3
7940 4
7941 5
7942 10
7943 7
7944 10
7945 14
7946 9
7947 6
7948 12
7949 10
7950 11
7951 15
7952 17
7953 15
7954 16
7955 14
7956 14
7957 14
7958 10
7959 7
7960 13
7961 12
7962 14
7963 13
7964 17
7965 18
7966 12
7967 10
7968 10
7969 6
7970 5
7971 3
7972 2
7973 2
7974 3
7975 2
7976 3
7977 6
7978 3
7979 3
7980 6
7981 5
7982 5
7983 5
7984 10
7985 11
7986 14
7987 13
7988 10
7989 5
7990 4
7991 3
7992 4
7993 0
7994 0
7995 0
7996 0
7997 0
7998 0
7999 0
8000 0
8001 0
8002 0
8003 0
8004 0
8005 1
8006 2
8007 2
8008 2
8009 3
8010 4
8011 9
8012 6
8013 5
8014 2
8015 3
8016 3
8017 4
8018 2
8019 3
8020 5
8021 3
8022 2
8023 2
8024 1
8025 2
8026 4
8027 6
8028 7
8029 9
8030 9
8031 11
8032 6
8033 4
8034 5
8035 5
8036 3
8037 3
8038 4
8039 3
8040 3
8041 2
8042 3
8043 2
8044 4
8045 5
8046 5
8047 6
8048 5
8049 7
8050 4
8051 5
8052 4
8053 5
8054 8
8055 9
8056 6
8057 9
8058 9
8059 8
8060 8
8061 9
8062 7
8063 7
8064 6
8065 3
8066 5
8067 6
8068 5
8069 3
8070 2
8071 1
8072 4
8073 8
8074 7
8075 12
8076 10
8077 5
8078 5
8079 2
8080 2
8081 4
8082 3
8083 2
8084 2
8085 3
8086 1
8087 1
8088 1
8089 1
8090 1
8091 0
8092 0
8093 0
8094 0
8095 0
8096 0
8097 0
8098 0
8099 0
8100 0
8101 0
8102 0
8103 0
8104 0
8105 1
8106 0
8107 0
8108 0
8109 0
8110 0
8111 0
8112 0
8113 1
8114 2
8115 5
8116 7
8117 8
8118 7
8119 6
8120 8
8121 6
8122 4
8123 4
8124 5
8125 2
8126 3
8127 7
8128 6
8129 6
8130 3
8131 5
8132 5
8133 8
8134 4
8135 3
8136 2
8137 3
8138 2
8139 0
8140 0
8141 0
8142 0
8143 0
8144 0
8145 1
8146 3
8147 3
8148 6
8149 11
8150 10
8151 10
8152 13
8153 10
8154 15
8155 16
8156 21
8157 14
8158 15
8159 17
8160 23
8161 27
8162 32
8163 32
8164 21
8165 24
8166 17
8167 21
8168 22
8169 13
8170 18
8171 17
8172 25
8173 20
8174 23
8175 33
8176 37
8177 40
8178 33
8179 29
8180 28
8181 26
8182 28
8183 29
8184 24
8185 26
8186 24
8187 25
8188 21
8189 32
8190 33
8191 35
8192 25
8193 22
8194 16
8195 11
8196 17
8197 18
8198 21
8199 19
8200 20
8201 19
8202 15
8203 15
8204 13
8205 16
8206 13
8207 15
8208 15
8209 11
8210 11
8211 14
8212 17
8213 24
8214 24
8215 21
8216 20
8217 19
8218 22
8219 32
8220 36
8221 33
8222 36
8223 40
8224 48
8225 45
8226 47
8227 45
8228 53
8229 55
8230 57
8231 51
8232 48
8233 61
8234 59
8235 67
8236 65
8237 63
8238 53
8239 55
8240 44
8241 39
8242 32
8243 25
8244 31
8245 20
8246 18
8247 16
8248 15
8249 5
8250 4
8251 0
8252 0
8253 0
8254 0
8255 0
8256 2
8257 5
8258 5
8259 6
8260 9
8261 15
8262 13
8263 9
8264 7
8265 6
8266 5
8267 6
8268 5
8269 2
8270 2
8271 4
8272 3
8273 2
8274 3
8275 3
8276 2
8277 2
8278 0
8279 0
8280 0
8281 0
8282 0
8283 0
8284 1
8285 1
8286 2
8287 6
8288 6
8289 4
8290 6
8291 6
8292 10
8293 11
8294 12
8295 13
8296 10
8297 12
8298 9
8299 10
8300 10
8301 10
8302 12
8303 9
8304 4
8305 7
8306 5
8307 3
8308 4
8309 4
8310 3
8311 3
8312 1
8313 0
8314 0
8315 0
8316 0
8317 0
8318 0
8319 1
8320 1
8321 0
8322 0
8323 0
8324 0
8325 0
8326 0
8327 0
8328 0
8329 0
8330 0
8331 0
8332 0
8333 0
8334 0
8335 1
8336 3
8337 2
8338 3
8339 0
8340 0
8341 0
8342 0
8343 0
8344 0
8345 0
8346 0
8347 1
8348 1
8349 2
8350 1
8351 1
8352 3
8353 8
8354 6
8355 9
8356 11
8357 14
8358 17
8359 7
8360 9
8361 15
8362 22
8363 20
8364 16
8365 14
8366 13
8367 10
8368 11
8369 13
8370 9
8371 12
8372 7
8373 7
8374 4
8375 3
8376 4
8377 4
8378 4
8379 5
8380 3
8381 3
8382 6
8383 3
8384 4
8385 2
8386 1
8387 0
8388 0
8389 0
8390 0
8391 0
8392 1
8393 3
8394 1
8395 1
8396 2
8397 0
8398 0
8399 0
8400 0
8401 1
8402 3
8403 4
8404 5
8405 5
8406 3
8407 1
8408 0
8409 0
8410 0
8411 0
8412 0
8413 0
8414 0
8415 0
8416 0
8417 1
8418 2
8419 1
8420 2
8421 0
8422 0
8423 0
8424 1
8425 2
8426 5
8427 8
8428 16
8429 19
8430 27
8431 29
8432 31
8433 28
8434 31
8435 47
8436 45
8437 34
8438 27
8439 24
8440 16
8441 19
8442 17
8443 10
8444 8
8445 11
8446 17
8447 15
8448 10
8449 13
8450 22
8451 25
8452 25
8453 28
8454 31
8455 28
8456 33
8457 34
8458 49
8459 49
8460 50
8461 55
8462 53
8463 55
8464 63
8465 63
8466 65
8467 60
8468 60
8469 68
8470 70
8471 64
8472 71
8473 76
8474 80
8475 84
8476 68
8477 67
8478 76
8479 80
8480 83
8481 91
8482 106
8483 94
8484 87
8485 88
8486 77
8487 65
8488 62
8489 58
8490 47
8491 50
8492 54
8493 52
8494 38
8495 26
8496 33
8497 35
8498 28
8499 26
8500 33
8501 34
8502 37
8503 24
8504 24
8505 20
8506 16
8507 16
8508 16
8509 18
8510 17
8511 16
8512 15
8513 14
8514 12
8515 16
8516 12
8517 18
8518 23
8519 19
8520 25
8521 25
8522 27
8523 18
8524 11
8525 14
8526 17
8527 15
8528 20
8529 22
8530 27
8531 25
8532 24
8533 19
8534 17
8535 16
8536 20
8537 18
8538 18
8539 15
8540 12
8541 15
8542 16
8543 11
8544 14
8545 11
8546 13
8547 12
8548 22
8549 23
8550 29
8551 31
8552 34
8553 33
8554 42
8555 39
8556 38
8557 44
8558 41
8559 40
8560 35
8561 40
8562 41
8563 35
8564 43
8565 51
8566 47
8567 46
8568 41
8569 42
8570 38
8571 39
8572 41
8573 45
8574 57
8575 61
8576 71
8577 69
8578 68
8579 62
8580 58
8581 63
8582 64
8583 67
8584 77
8585 75
8586 65
8587 71
8588 57
8589 66
8590 55
8591 64
8592 82
8593 93
8594 104
8595 92
8596 103
8597 124
8598 127
8599 120
8600 125
8601 114
8602 112
8603 121
8604 119
8605 132
8606 127
8607 111
8608 104
8609 93
8610 96
8611 102
8612 100
8613 92
8614 94
8615 107
8616 96
8617 89
8618 99
8619 94
8620 92
8621 92
8622 93
8623 105
8624 98
8625 92
8626 90
8627 72
8628 74
8629 72
8630 76
8631 70
8632 62
8633 54
8634 53
8635 38
8636 33
8637 35
8638 37
8639 43
8640 45
8641 51
8642 47
8643 52
8644 59
8645 47
8646 56
8647 60
8648 59
8649 63
8650 61
8651 66
8652 62
8653 66
8654 73
8655 78
8656 79
8657 64
8658 67
8659 80
8660 75
8661 82
8662 77
8663 72
8664 55
8665 52
8666 66
8667 74
8668 74
8669 73
8670 83
8671 74
8672 75
8673 67
8674 66
8675 72
8676 59
8677 48
8678 59
8679 66
8680 65
8681 53
8682 49
8683 44
8684 32
8685 25
8686 17
8687 18
8688 19
8689 13
8690 12
8691 8
8692 10
8693 3
8694 7
8695 4
8696 8
8697 7
8698 6
8699 3
8700 2
8701 1
8702 2
8703 2
8704 1
8705 1
8706 1
8707 3
8708 2
8709 1
8710 1
8711 0
8712 0
8713 1
8714 0
8715 0
8716 0
8717 0
8718 0
8719 0
8720 0
8721 0
8722 0
8723 1
8724 0
8725 0
8726 0
8727 0
8728 0
8729 0
8730 0
8731 0
8732 1
8733 3
8734 0
8735 0
8736 0
8737 0
8738 0
8739 0
8740 0
8741 1
8742 1
8743 0
8744 0
8745 0
8746 0
8747 1
8748 1
8749 0
8750 0
8751 1
8752 1
8753 2
8754 1
8755 1
8756 2
8757 0
8758 1
8759 0
8760 1
8761 0
8762 0
8763 0
8764 0
8765 0
8766 0
8767 0
8768 0
8769 0
8770 0
8771 1
8772 0
8773 0
8774 0
8775 0
8776 1
8777 0
8778 1
8779 2
8780 3
8781 2
8782 3
8783 2
8784 2
8785 1
8786 2
8787 3
8788 2
8789 1
8790 1
8791 0
8792 0
8793 0
8794 0
8795 0
8796 0
8797 0
8798 0
8799 0
8800 1
8801 1
8802 1
8803 0
8804 1
8805 2
8806 2
8807 4
8808 5
8809 7
8810 9
8811 7
8812 9
8813 10
8814 8
8815 6
8816 6
8817 3
8818 3
8819 4
8820 1
8821 0
8822 0
8823 0
8824 0
8825 0
8826 2
8827 3
8828 3
8829 6
8830 5
8831 6
8832 1
8833 1
8834 3
8835 8
8836 7
8837 10
8838 12
8839 13
8840 11
8841 10
8842 9
8843 8
8844 12
8845 16
8846 16
8847 14
8848 10
8849 11
8850 13
8851 7
8852 7
8853 5
8854 5
8855 6
8856 4
8857 1
8858 2
8859 0
8860 1
8861 5
8862 6
8863 5
8864 6
8865 5
8866 12
8867 15
8868 13
8869 11
8870 8
8871 4
8872 2
8873 1
8874 2
8875 0
8876 0
8877 0
8878 0
8879 0
8880 0
8881 0
8882 0
8883 1
8884 3
8885 2
8886 5
8887 10
8888 13
8889 16
8890 15
8891 20
8892 12
8893 14
8894 17
8895 8
8896 9
8897 12
8898 15
8899 14
8900 13
8901 14
8902 13
8903 10
8904 13
8905 13
8906 9
8907 11
8908 9
8909 14
8910 15
8911 13
8912 13
8913 12
8914 12
8915 10
8916 7
8917 8
8918 7
8919 3
8920 3
8921 2
8922 2
8923 3
8924 3
8925 3
8926 3
8927 3
8928 6
8929 9
8930 11
8931 8
8932 6
8933 4
8934 2
8935 2
8936 3
8937 3
8938 4
8939 4
8940 3
8941 4
8942 3
8943 3
8944 6
8945 3
8946 5
8947 5
8948 11
8949 11
8950 10
8951 13
8952 16
8953 18
8954 10
8955 15
8956 11
8957 17
8958 19
8959 12
8960 8
8961 8
8962 9
8963 11
8964 9
8965 16
8966 12
8967 19
8968 17
8969 18
8970 13
8971 11
8972 12
8973 13
8974 11
8975 9
8976 9
8977 11
8978 16
8979 22
8980 25
8981 15
8982 21
8983 17
8984 20
8985 18
8986 22
8987 12
8988 15
8989 13
8990 10
8991 8
8992 6
8993 6
8994 12
8995 12
8996 10
8997 7
8998 7
8999 9
9000 7
9001 7
9002 3
9003 6
9004 10
9005 9
9006 4
9007 2
9008 1
9009 1
9010 1
9011 1
9012 1
9013 0
9014 0
9015 0
9016 0
9017 0
9018 1
9019 1
9020 2
9021 2
9022 4
9023 2
9024 1
9025 3
9026 6
9027 4
9028 4
9029 1
9030 0
9031 1
9032 0
9033 0
9034 1
9035 0
9036 1
9037 0
9038 0
9039 0
9040 0
9041 0
9042 0
9043 0
9044 1
9045 2
9046 2
9047 6
9048 3
9049 5
9050 7
9051 5
9052 9
9053 9
9054 15
9055 14
9056 14
9057 17
9058 20
9059 22
9060 20
9061 20
9062 26
9063 33
9064 35
9065 36
9066 32
9067 30
9068 32
9069 37
9070 31
9071 32
9072 33
9073 35
9074 34
9075 31
9076 28
9077 23
9078 22
9079 19
9080 14
9081 16
9082 19
9083 21
9084 30
9085 38
9086 42
9087 36
9088 43
9089 38
9090 36
9091 43
9092 47
9093 51
9094 38
9095 34
9096 27
9097 24
9098 29
9099 33
9100 39
9101 41
9102 35
9103 40
9104 49
9105 53
9106 61
9107 56
9108 56
9109 56
9110 50
9111 40
9112 35
9113 30
9114 26
9115 24
9116 28
9117 31
9118 33
9119 38
9120 34
9121 32
9122 38
9123 43
9124 46
9125 51
9126 51
9127 47
9128 48
9129 45
9130 47
9131 46
9132 46
9133 52
9134 43
9135 50
9136 64
9137 62
9138 50
9139 60
9140 70
9141 73
9142 70
9143 61
9144 45
9145 45
9146 54
9147 58
9148 67
9149 77
9150 72
9151 71
9152 72
9153 72
9154 84
9155 89
9156 96
9157 74
9158 83
9159 67
9160 60
9161 51
9162 67
9163 59
9164 54
9165 55
9166 68
9167 73
9168 88
9169 92
9170 101
9171 102
9172 93
9173 126
9174 137
9175 129
9176 118
9177 136
9178 144
9179 127
9180 142
9181 125
9182 144
9183 138
9184 134
9185 136
9186 131
9187 118
9188 91
9189 95
9190 92
9191 97
9192 84
9193 76
9194 73
9195 83
9196 99
9197 103
9198 83
9199 72
9200 61
9201 65
9202 62
9203 68
9204 59
9205 53
9206 56
9207 46
9208 46
9209 46
9210 48
9211 48
9212 48
9213 61
9214 61
9215 60
9216 43
9217 47
9218 46
9219 37
9220 27
9221 29
9222 32
9223 36
9224 38
9225 60
9226 60
9227 58
9228 50
9229 53
9230 53
9231 54
9232 64
9233 80
9234 82
9235 81
9236 73
9237 65
9238 61
9239 68
9240 76
9241 66
9242 56
9243 50
9244 38
9245 41
9246 39
9247 36
9248 41
9249 42
9250 37
9251 39
9252 30
9253 37
9254 35
9255 41
9256 39
9257 45
9258 54
9259 69
9260 74
9261 63
9262 72
9263 89
9264 86
9265 89
9266 89
9267 86
9268 84
9269 78
9270 71
9271 75
9272 80
9273 83
9274 89
9275 105
9276 94
9277 111
9278 106
9279 106
9280 115
9281 101
9282 114
9283 111
9284 103
9285 94
9286 100
9287 96
9288 104
9289 95
9290 95
9291 89
9292 76
9293 96
9294 89
9295 82
9296 84
9297 81
9298 81
9299 81
9300 74
9301 76
9302 84
9303 97
9304 79
9305 96
9306 95
9307 99
9308 99
9309 96
9310 102
9311 97
9312 96
9313 99
9314 96
9315 92
9316 103
9317 106
9318 124
9319 139
9320 150
9321 160
9322 163
9323 161
9324 150
9325 154
9326 156
9327 130
9328 124
9329 123
9330 120
9331 111
9332 103
9333 94
9334 98
9335 84
9336 82
9337 77
9338 71
9339 77
9340 82
9341 101
9342 109
9343 114
9344 113
9345 116
9346 124
9347 125
9348 153
9349 167
9350 170
9351 180
9352 174
9353 176
9354 175
9355 166
9356 134
9357 133
9358 129
9359 101
9360 106
9361 99
9362 103
9363 91
9364 86
9365 90
9366 94
9367 105
9368 95
9369 91
9370 97
9371 85
9372 89
9373 104
9374 99
9375 85
9376 76
9377 76
9378 67
9379 80
9380 92
9381 82
9382 80
9383 101
9384 110
9385 115
9386 103
9387 92
9388 86
9389 78
9390 81
9391 95
9392 87
9393 83
9394 69
9395 82
9396 68
9397 70
9398 69
9399 63
9400 71
9401 91
9402 77
9403 81
9404 72
9405 76
9406 82
9407 67
9408 52
9409 53
9410 52
9411 53
9412 55
9413 64
9414 69
9415 53
9416 41
9417 39
9418 47
9419 43
9420 36
9421 42
9422 44
9423 44
9424 56
9425 54
9426 47
9427 54
9428 61
9429 56
9430 70
9431 72
9432 69
9433 71
9434 68
9435 91
9436 110
9437 98
9438 124
9439 135
9440 118
9441 118
9442 120
9443 137
9444 130
9445 122
9446 120
9447 117
9448 112
9449 129
9450 120
9451 149
9452 144
9453 138
9454 144
9455 141
9456 118
9457 106
9458 94
9459 84
9460 78
9461 73
9462 72
9463 61
9464 68
9465 65
9466 57
9467 57
9468 49
9469 40
9470 43
9471 33
9472 26
9473 21
9474 26
9475 23
9476 18
9477 13
9478 16
9479 12
9480 12
9481 10
9482 11
9483 17
9484 18
9485 15
9486 18
9487 22
9488 25
9489 33
9490 39
9491 27
9492 26
9493 22
9494 29
9495 27
9496 18
9497 18
9498 9
9499 6
9500 6
9501 8
9502 14
9503 11
9504 14
9505 9
9506 6
9507 7
9508 9
9509 9
9510 5
9511 8
9512 12
9513 18
9514 24
9515 17
9516 18
9517 10
9518 14
9519 17
9520 23
9521 20
9522 20
9523 19
9524 19
9525 14
9526 11
9527 10
9528 16
9529 16
9530 12
9531 9
9532 8
9533 8
9534 6
9535 6
9536 5
9537 5
9538 4
9539 1
9540 1
9541 1
9542 0
9543 0
9544 0
9545 1
9546 2
9547 2
9548 0
9549 0
9550 0
9551 0
9552 0
9553 0
9554 0
9555 1
9556 2
9557 3
9558 1
9559 2
9560 1
9561 2
9562 7
9563 5
9564 5
9565 8
9566 8
9567 7
9568 5
9569 2
9570 2
9571 2
9572 4
9573 5
9574 4
9575 2
9576 4
9577 6
9578 4
9579 3
9580 5
9581 4
9582 5
9583 3
9584 3
9585 4
9586 6
9587 4
9588 5
9589 6
9590 4
9591 4
9592 1
9593 1
9594 3
9595 3
9596 2
9597 1
9598 1
9599 0
9600 1
9601 1
9602 3
9603 4
9604 4
9605 6
9606 9
9607 9
9608 2
9609 2
9610 2
9611 2
9612 1
9613 0
9614 0
9615 0
9616 0
9617 2
9618 1
9619 0
9620 1
9621 0
9622 0
9623 1
9624 0
9625 0
9626 1
9627 0
9628 1
9629 0
9630 1
9631 2
9632 2
9633 4
9634 8
9635 8
9636 8
9637 10
9638 7
9639 8
9640 13
9641 12
9642 12
9643 9
9644 12
9645 12
9646 11
9647 10
9648 7
9649 4
9650 4
9651 1
9652 0
9653 0
9654 1
9655 2
9656 3
9657 0
9658 2
9659 3
9660 4
9661 2
9662 1
9663 3
9664 6
9665 8
9666 12
9667 8
9668 9
9669 5
9670 12
9671 10
9672 13
9673 20
9674 19
9675 30
9676 22
9677 18
9678 16
9679 14
9680 22
9681 19
9682 21
9683 26
9684 16
9685 18
9686 16
9687 11
9688 12
9689 18
9690 19
9691 20
9692 18
9693 14
9694 21
9695 22
9696 24
9697 31
9698 34
9699 43
9700 47
9701 50
9702 56
9703 66
9704 50
9705 50
9706 63
9707 79
9708 89
9709 91
9710 93
9711 92
9712 74
9713 77
9714 75
9715 76
9716 71
9717 66
9718 58
9719 74
9720 78
9721 79
9722 68
9723 59
9724 63
9725 67
9726 69
9727 62
9728 61
9729 56
9730 51
9731 56
9732 52
9733 51
9734 45
9735 39
9736 39
9737 41
9738 48
9739 45
9740 47
9741 42
9742 53
9743 54
9744 71
9745 59
9746 55
9747 55
9748 62
9749 65
9750 58
9751 56
9752 63
9753 59
9754 62
9755 68
9756 73
9757 56
9758 63
9759 70
9760 71
9761 74
9762 66
9763 60
9764 53
9765 43
9766 48
9767 45
9768 51
9769 52
9770 46
9771 50
9772 56
9773 71
9774 77
9775 79
9776 87
9777 91
9778 85
9779 96
9780 111
9781 115
9782 112
9783 105
9784 77
9785 85
9786 78
9787 76
9788 74
9789 82
9790 92
9791 94
9792 102
9793 107
9794 115
9795 113
9796 112
9797 93
9798 109
9799 120
9800 123
9801 124
9802 124
9803 118
9804 123
9805 124
9806 142
9807 151
9808 129
9809 136
9810 112
9811 124
9812 127
9813 128
9814 129
9815 129
9816 142
9817 130
9818 116
9819 119
9820 126
9821 117
9822 112
9823 99
9824 106
9825 97
9826 101
9827 94
9828 102
9829 102
9830 128
9831 119
9832 119
9833 108
9834 116
9835 108
9836 106
9837 128
9838 130
9839 124
9840 134
9841 113
9842 121
9843 117
9844 115
9845 122
9846 122
9847 125
9848 128
9849 106
9850 105
9851 113
9852 120
9853 116
9854 119
9855 118
9856 119
9857 129
9858 131
9859 131
9860 120
9861 110
9862 107
9863 93
9864 91
9865 108
9866 116
9867 128
9868 125
9869 121
9870 121
9871 129
9872 112
9873 115
9874 112
9875 115
9876 115
9877 115
9878 115
9879 126
9880 116
9881 116
9882 112
9883 108
9884 114
9885 120
9886 129
9887 105
9888 115
9889 111
9890 96
9891 117
9892 103
9893 104
9894 112
9895 105
9896 86
9897 77
9898 70
9899 78
9900 86
9901 70
9902 56
9903 60
9904 65
9905 60
9906 61
9907 45
9908 39
9909 37
9910 43
9911 40
9912 37
9913 34
9914 33
9915 28
9916 21
9917 27
9918 19
9919 19
9920 15
9921 16
9922 14
9923 9
9924 10
9925 10
9926 11
9927 6
9928 8
9929 6
9930 5
9931 9
9932 6
9933 5
9934 6
9935 7
9936 10
9937 8
9938 3
9939 3
9940 1
9941 1
9942 0
9943 0
9944 0
9945 0
9946 0
9947 0
9948 0
9949 0
9950 0
9951 0
9952 0
9953 0
9954 0
9955 0
9956 0
9957 1
9958 0
9959 0
9960 0
9961 0
9962 0
9963 0
9964 1
9965 0
9966 0
9967 0
9968 0
9969 1
9970 0
9971 0
9972 1
9973 1
9974 0
9975 0
9976 0
9977 0
9978 0
9979 0
9980 0
9981 0
9982 1
9983 0
9984 0
9985 0
9986 0
9987 0
9988 0
9989 0
9990 0
9991 0
9992 0
9993 0
9994 0
9995 0
9996 0
9997 0
9998 0
9999 0
10000 1
