1 1
2 2
3 3
4 5
5 6
6 6
7 5
8 3
9 1
10 3
11 1
12 0
13 4
14 6
15 8
16 14
17 15
18 12
19 12
20 10
21 12
22 9
23 6
24 3
25 4
26 8
27 9
28 10
29 18
30 22
31 20
32 18
33 19
34 18
35 28
36 33
37 36
38 37
39 54
40 52
41 63
42 57
43 55
44 66
45 66
46 73
47 68
48 58
49 69
50 85
51 82
52 80
53 76
54 77
55 94
56 103
57 101
58 103
59 119
60 102
61 107
62 103
63 98
64 100
65 102
66 82
67 81
68 79
69 96
70 94
71 104
72 110
73 112
74 125
75 127
76 125
77 106
78 104
79 108
80 111
81 102
82 110
83 126
84 132
85 164
86 178
87 187
88 185
89 187
90 148
91 152
92 135
93 144
94 166
95 177
96 193
97 180
98 178
99 205
100 213
101 249
102 239
103 233
104 236
105 231
106 244
107 262
108 274
109 304
110 305
111 299
112 314
113 316
114 336
115 344
116 340
117 343
118 356
119 371
120 382
121 411
122 371
123 361
124 387
125 334
126 348
127 353
128 368
129 374
130 382
131 392
132 422
133 407
134 446
135 500
136 492
137 494
138 497
139 501
140 521
141 511
142 525
143 542
144 479
145 434
146 416
147 418
148 420
149 399
150 415
151 441
152 437
153 450
154 465
155 473
156 477
157 446
158 468
159 446
160 446
161 445
162 426
163 449
164 439
165 437
166 428
167 418
168 429
169 411
170 381
171 347
172 349
173 333
174 346
175 327
176 307
177 291
178 304
179 323
180 320
181 294
182 286
183 288
184 275
185 264
186 275
187 279
188 280
189 290
190 274
191 296
192 297
193 292
194 299
195 304
196 312
197 319
198 338
199 335
200 340
201 350
202 331
203 329
204 358
205 343
206 358
207 359
208 362
209 349
210 404
211 408
212 410
213 377
214 360
215 341
216 387
217 411
218 422
219 449
220 451
221 466
222 421
223 447
224 459
225 450
226 436
227 422
228 437
229 460
230 459
231 426
232 428
233 423
234 413
235 398
236 390
237 402
238 388
239 389
240 387
241 390
242 396
243 353
244 349
245 362
246 385
247 406
248 409
249 420
250 414
251 406
252 432
253 424
254 417
255 423
256 391
257 405
258 395
259 372
260 354
261 361
262 369
263 374
264 321
265 316
266 316
267 315
268 300
269 315
270 326
271 338
272 377
273 355
274 332
275 361
276 368
277 339
278 351
279 355
280 376
281 405
282 426
283 393
284 380
285 409
286 430
287 429
288 462
289 451
290 446
291 480
292 460
293 427
294 401
295 390
296 373
297 369
298 368
299 376
300 415
301 400
302 448
303 461
304 520
305 510
306 505
307 486
308 510
309 524
310 510
311 549
312 531
313 507
314 528
315 553
316 544
317 554
318 539
319 544
320 563
321 587
322 575
323 571
324 534
325 547
326 549
327 556
328 574
329 576
330 573
331 568
332 558
333 564
334 588
335 613
336 591
337 570
338 564
339 581
340 616
341 621
342 607
343 608
344 620
345 637
346 639
347 643
348 641
349 667
350 651
351 664
352 687
353 665
354 656
355 702
356 667
357 662
358 629
359 639
360 640
361 610
362 623
363 613
364 622
365 667
366 699
367 729
368 753
369 707
370 713
371 740
372 754
373 711
374 723
375 769
376 729
377 720
378 725
379 702
380 714
381 707
382 729
383 715
384 690
385 710
386 762
387 770
388 792
389 794
390 822
391 827
392 815
393 800
394 798
395 799
396 816
397 806
398 852
399 893
400 915
401 894
402 894
403 887
404 937
405 866
406 892
407 889
408 942
409 924
410 939
411 952
412 978
413 1016
414 983
415 1004
416 1023
417 1007
418 987
419 997
420 1015
421 995
422 946
423 907
424 901
425 938
426 925
427 959
428 989
429 960
430 967
431 941
432 923
433 890
434 879
435 895
436 898
437 848
438 860
439 885
440 894
441 897
442 938
443 907
444 959
445 968
446 921
447 923
448 887
449 919
450 949
451 936
452 929
453 923
454 931
455 978
456 1005
457 1031
458 1050
459 1061
460 1091
461 1060
462 1059
463 1049
464 1052
465 1061
466 1039
467 980
468 1048
469 1035
470 977
471 980
472 1017
473 1032
474 1034
475 1023
476 1007
477 1019
478 1035
479 966
480 938
481 934
482 932
483 921
484 951
485 957
486 989
487 979
488 981
489 1009
490 1034
491 968
492 947
493 922
494 930
495 923
496 936
497 892
498 842
499 846
500 841
501 807
502 815
503 874
504 896
505 903
506 916
507 948
508 935
509 930
510 975
511 984
512 1020
513 1037
514 1068
515 1101
516 1121
517 1202
518 1180
519 1201
520 1193
521 1210
522 1234
523 1207
524 1149
525 1180
526 1212
527 1183
528 1128
529 1121
530 1128
531 1177
532 1216
533 1209
534 1278
535 1301
536 1261
537 1258
538 1312
539 1307
540 1328
541 1311
542 1339
543 1315
544 1291
545 1248
546 1239
547 1235
548 1177
549 1222
550 1222
551 1268
552 1264
553 1264
554 1273
555 1267
556 1246
557 1267
558 1302
559 1307
560 1304
561 1303
562 1352
563 1344
564 1381
565 1362
566 1322
567 1324
568 1325
569 1334
570 1273
571 1300
572 1370
573 1348
574 1438
575 1461
576 1474
577 1506
578 1508
579 1501
580 1477
581 1566
582 1600
583 1642
584 1670
585 1625
586 1637
587 1682
588 1723
589 1773
590 1766
591 1787
592 1773
593 1778
594 1751
595 1725
596 1761
597 1780
598 1751
599 1705
600 1714
601 1766
602 1832
603 1876
604 1840
605 1880
606 1917
607 1841
608 1906
609 1913
610 1924
611 1861
612 1821
613 1932
614 1947
615 2015
616 2174
617 2143
618 2177
619 2192
620 2196
621 2249
622 2220
623 2304
624 2297
625 2287
626 2314
627 2309
628 2296
629 2321
630 2305
631 2310
632 2344
633 2260
634 2279
635 2221
636 2165
637 2182
638 2171
639 2166
640 2142
641 2119
642 2055
643 2119
644 2089
645 2054
646 2135
647 2103
648 2082
649 2082
650 2062
651 1989
652 1926
653 1871
654 1826
655 1805
656 1819
657 1914
658 1869
659 1881
660 1850
661 1896
662 1957
663 1954
664 1878
665 1899
666 1896
667 1949
668 1955
669 1999
670 1961
671 2016
672 2095
673 2093
674 2091
675 2158
676 2150
677 2097
678 2105
679 2078
680 2117
681 2034
682 1974
683 1999
684 1984
685 2048
686 2005
687 1980
688 2008
689 2014
690 2022
691 2088
692 2118
693 2186
694 2084
695 2043
696 2038
697 2083
698 2111
699 2115
700 2118
701 2225
702 2208
703 2126
704 2112
705 2079
706 2120
707 2136
708 2149
709 2206
710 2211
711 2157
712 2151
713 2095
714 2096
715 2082
716 2068
717 2075
718 2077
719 2114
720 2105
721 2055
722 2029
723 2026
724 2015
725 2039
726 1992
727 1974
728 1956
729 1935
730 1923
731 1859
732 1843
733 1902
734 1870
735 1796
736 1796
737 1747
738 1697
739 1770
740 1805
741 1798
742 1744
743 1729
744 1737
745 1702
746 1688
747 1640
748 1643
749 1622
750 1615
751 1591
752 1584
753 1609
754 1565
755 1556
756 1568
757 1550
758 1574
759 1575
760 1604
761 1574
762 1621
763 1668
764 1635
765 1631
766 1631
767 1599
768 1563
769 1577
770 1520
771 1468
772 1391
773 1389
774 1362
775 1363
776 1346
777 1362
778 1324
779 1329
780 1304
781 1301
782 1295
783 1242
784 1248
785 1285
786 1328
787 1352
788 1296
789 1342
790 1318
791 1303
792 1320
793 1346
794 1310
795 1366
796 1403
797 1365
798 1404
799 1348
800 1373
801 1357
802 1386
803 1405
804 1415
805 1417
806 1475
807 1473
808 1480
809 1561
810 1525
811 1481
812 1534
813 1552
814 1571
815 1557
816 1496
817 1450
818 1416
819 1398
820 1424
821 1418
822 1473
823 1447
824 1527
825 1480
826 1577
827 1605
828 1648
829 1598
830 1598
831 1694
832 1721
833 1655
834 1657
835 1592
836 1576
837 1536
838 1577
839 1604
840 1678
841 1651
842 1659
843 1613
844 1617
845 1534
846 1521
847 1536
848 1585
849 1550
850 1574
851 1648
852 1735
853 1694
854 1688
855 1616
856 1577
857 1595
858 1547
859 1514
860 1521
861 1466
862 1566
863 1541
864 1525
865 1547
866 1569
867 1559
868 1594
869 1603
870 1642
871 1704
872 1669
873 1707
874 1745
875 1709
876 1678
877 1647
878 1635
879 1574
880 1552
881 1508
882 1473
883 1526
884 1532
885 1551
886 1593
887 1619
888 1668
889 1654
890 1652
891 1633
892 1573
893 1596
894 1643
895 1561
896 1592
897 1648
898 1629
899 1618
900 1623
901 1597
902 1567
903 1600
904 1599
905 1621
906 1676
907 1666
908 1700
909 1729
910 1724
911 1703
912 1721
913 1719
914 1689
915 1648
916 1769
917 1806
918 1848
919 1863
920 1861
921 1819
922 1848
923 1826
924 1808
925 1853
926 1876
927 1846
928 1811
929 1864
930 1869
931 1933
932 1935
933 1960
934 1961
935 1844
936 1838
937 1783
938 1811
939 1754
940 1705
941 1693
942 1637
943 1638
944 1693
945 1619
946 1623
947 1626
948 1619
949 1606
950 1617
951 1599
952 1609
953 1515
954 1502
955 1592
956 1613
957 1635
958 1618
959 1569
960 1464
961 1415
962 1506
963 1464
964 1491
965 1385
966 1428
967 1425
968 1471
969 1550
970 1515
971 1570
972 1550
973 1519
974 1548
975 1562
976 1510
977 1582
978 1574
979 1568
980 1559
981 1530
982 1536
983 1575
984 1562
985 1564
986 1599
987 1694
988 1682
989 1714
990 1782
991 1821
992 1786
993 1826
994 1833
995 1835
996 1773
997 1776
998 1780
999 1737
1000 1800
1001 1737
1002 1753
1003 1696
1004 1688
1005 1703
1006 1745
1007 1715
1008 1691
1009 1749
1010 1670
1011 1577
1012 1591
1013 1578
1014 1616
1015 1630
1016 1600
1017 1660
1018 1639
1019 1690
1020 1733
1021 1689
1022 1733
1023 1726
1024 1676
1025 1667
1026 1598
1027 1600
1028 1629
1029 1613
1030 1584
1031 1551
1032 1587
1033 1574
1034 1558
1035 1492
1036 1497
1037 1478
1038 1467
1039 1473
1040 1479
1041 1472
1042 1492
1043 1548
1044 1563
1045 1518
1046 1526
1047 1473
1048 1377
1049 1357
1050 1356
1051 1372
1052 1395
1053 1398
1054 1339
1055 1358
1056 1430
1057 1454
1058 1508
1059 1564
1060 1542
1061 1589
1062 1584
1063 1613
1064 1530
1065 1550
1066 1522
1067 1513
1068 1488
1069 1501
1070 1408
1071 1368
1072 1366
1073 1381
1074 1372
1075 1370
1076 1395
1077 1391
1078 1475
1079 1453
1080 1425
1081 1463
1082 1420
1083 1480
1084 1480
1085 1472
1086 1481
1087 1550
1088 1506
1089 1473
1090 1568
1091 1601
1092 1600
1093 1644
1094 1656
1095 1627
1096 1679
1097 1718
1098 1720
1099 1718
1100 1703
1101 1648
1102 1619
1103 1714
1104 1670
1105 1714
1106 1705
1107 1688
1108 1697
1109 1745
1110 1707
1111 1678
1112 1663
1113 1630
1114 1636
1115 1654
1116 1672
1117 1687
1118 1622
1119 1596
1120 1670
1121 1624
1122 1581
1123 1538
1124 1556
1125 1567
1126 1584
1127 1541
1128 1554
1129 1496
1130 1510
1131 1518
1132 1495
1133 1489
1134 1502
1135 1474
1136 1458
1137 1471
1138 1425
1139 1472
1140 1530
1141 1526
1142 1478
1143 1562
1144 1521
1145 1532
1146 1470
1147 1478
1148 1531
1149 1542
1150 1543
1151 1514
1152 1479
1153 1450
1154 1517
1155 1506
1156 1572
1157 1630
1158 1561
1159 1569
1160 1588
1161 1576
1162 1606
1163 1678
1164 1696
1165 1690
1166 1682
1167 1743
1168 1706
1169 1639
1170 1638
1171 1632
1172 1627
1173 1595
1174 1638
1175 1693
1176 1697
1177 1727
1178 1699
1179 1637
1180 1578
1181 1605
1182 1656
1183 1719
1184 1674
1185 1627
1186 1622
1187 1544
1188 1619
1189 1661
1190 1710
1191 1735
1192 1807
1193 1735
1194 1773
1195 1728
1196 1765
1197 1767
1198 1801
1199 1793
1200 1775
1201 1832
1202 1899
1203 1962
1204 1988
1205 1980
1206 1970
1207 1932
1208 1968
1209 2068
1210 2119
1211 2080
1212 2109
1213 2206
1214 2241
1215 2222
1216 2128
1217 2135
1218 2098
1219 2071
1220 2117
1221 2148
1222 2107
1223 2088
1224 2102
1225 2097
1226 2115
1227 2113
1228 2156
1229 2161
1230 2145
1231 2128
1232 2146
1233 2113
1234 2194
1235 2174
1236 2229
1237 2216
1238 2248
1239 2195
1240 2199
1241 2190
1242 2223
1243 2186
1244 2202
1245 2210
1246 2211
1247 2275
1248 2217
1249 2172
1250 2161
1251 2081
1252 2125
1253 2117
1254 2123
1255 2074
1256 1998
1257 2033
1258 1970
1259 1906
1260 1907
1261 1972
1262 1988
1263 1973
1264 2001
1265 2001
1266 2034
1267 2038
1268 2016
1269 2024
1270 1995
1271 2007
1272 2016
1273 2056
1274 2017
1275 2010
1276 1963
1277 1960
1278 1981
1279 1965
1280 1989
1281 1993
1282 2008
1283 1966
1284 1857
1285 1833
1286 1888
1287 1962
1288 2015
1289 2094
1290 2115
1291 2051
1292 2131
1293 2147
1294 2105
1295 2088
1296 2057
1297 1996
1298 1982
1299 1971
1300 1923
1301 2004
1302 1992
1303 1961
1304 1987
1305 2000
1306 2031
1307 2011
1308 2046
1309 2037
1310 1957
1311 1925
1312 1879
1313 1918
1314 2000
1315 2053
1316 2065
1317 2047
1318 2046
1319 2011
1320 1937
1321 1894
1322 1821
1323 1830
1324 1818
1325 1864
1326 1896
1327 1874
1328 1915
1329 1956
1330 1920
1331 1906
1332 1944
1333 1926
1334 1869
1335 1881
1336 1795
1337 1814
1338 1796
1339 1834
1340 1827
1341 1921
1342 1981
1343 1961
1344 1984
1345 1889
1346 2001
1347 2033
1348 2119
1349 2164
1350 2087
1351 2070
1352 2089
1353 1980
1354 2003
1355 1999
1356 2043
1357 2010
1358 2008
1359 1951
1360 1913
1361 1937
1362 1933
1363 1939
1364 1972
1365 1949
1366 1865
1367 1861
1368 1878
1369 1816
1370 1820
1371 1742
1372 1738
1373 1791
1374 1817
1375 1851
1376 1904
1377 1923
1378 1889
1379 1953
1380 1968
1381 2005
1382 1964
1383 1938
1384 1946
1385 1958
1386 1944
1387 1925
1388 1863
1389 1834
1390 1782
1391 1810
1392 1830
1393 1846
1394 1789
1395 1770
1396 1757
1397 1818
1398 1872
1399 1879
1400 1839
1401 1906
1402 1941
1403 1958
1404 1934
1405 1929
1406 1934
1407 1945
1408 1932
1409 2011
1410 2032
1411 2104
1412 2153
1413 2101
1414 2041
1415 2032
1416 2051
1417 2004
1418 1958
1419 2005
1420 2033
1421 2028
1422 2033
1423 2121
1424 2169
1425 2163
1426 2214
1427 2228
1428 2284
1429 2308
1430 2294
1431 2272
1432 2279
1433 2252
1434 2215
1435 2268
1436 2248
1437 2295
1438 2314
1439 2289
1440 2260
1441 2258
1442 2293
1443 2284
1444 2247
1445 2222
1446 2315
1447 2252
1448 2183
1449 2155
1450 2182
1451 2192
1452 2210
1453 2158
1454 2169
1455 2146
1456 2102
1457 2066
1458 2098
1459 2127
1460 2170
1461 2211
1462 2230
1463 2336
1464 2280
1465 2300
1466 2191
1467 2147
1468 2130
1469 2180
1470 2168
1471 2183
1472 2223
1473 2264
1474 2282
1475 2297
1476 2277
1477 2337
1478 2340
1479 2278
1480 2251
1481 2209
1482 2244
1483 2254
1484 2302
1485 2374
1486 2294
1487 2291
1488 2288
1489 2284
1490 2282
1491 2186
1492 2265
1493 2280
1494 2205
1495 2145
1496 2099
1497 2075
1498 2077
1499 2053
1500 2053
1501 2081
1502 2075
1503 2113
1504 2132
1505 2094
1506 2102
1507 2109
1508 2157
1509 2214
1510 2176
1511 2194
1512 2156
1513 2179
1514 2201
1515 2177
1516 2152
1517 2207
1518 2109
1519 2075
1520 2099
1521 2066
1522 2073
1523 2069
1524 2030
1525 2036
1526 2116
1527 2114
1528 2020
1529 1987
1530 1982
1531 2038
1532 2089
1533 2066
1534 2129
1535 2178
1536 2224
1537 2225
1538 2284
1539 2207
1540 2142
1541 2098
1542 2086
1543 2155
1544 2113
1545 2156
1546 2145
1547 2166
1548 2190
1549 2223
1550 2289
1551 2304
1552 2341
1553 2240
1554 2296
1555 2265
1556 2277
1557 2367
1558 2383
1559 2410
1560 2432
1561 2463
1562 2463
1563 2472
1564 2491
1565 2527
1566 2571
1567 2584
1568 2586
1569 2655
1570 2648
1571 2719
1572 2714
1573 2777
1574 2820
1575 2869
1576 2869
1577 2797
1578 2828
1579 2862
1580 2838
1581 2865
1582 2907
1583 2975
1584 3051
1585 3073
1586 3070
1587 3099
1588 3093
1589 3103
1590 3132
1591 3153
1592 3155
1593 3094
1594 3189
1595 3145
1596 3119
1597 3183
1598 3229
1599 3256
1600 3322
1601 3359
1602 3412
1603 3417
1604 3425
1605 3393
1606 3376
1607 3421
1608 3405
1609 3326
1610 3396
1611 3439
1612 3442
1613 3591
1614 3580
1615 3612
1616 3543
1617 3581
1618 3618
1619 3580
1620 3479
1621 3526
1622 3495
1623 3487
1624 3490
1625 3525
1626 3504
1627 3492
1628 3473
1629 3492
1630 3471
1631 3408
1632 3485
1633 3416
1634 3342
1635 3343
1636 3395
1637 3422
1638 3329
1639 3284
1640 3279
1641 3385
1642 3332
1643 3332
1644 3418
1645 3445
1646 3417
1647 3388
1648 3423
1649 3332
1650 3310
1651 3289
1652 3346
1653 3412
1654 3404
1655 3460
1656 3409
1657 3408
1658 3458
1659 3365
1660 3443
1661 3489
1662 3522
1663 3430
1664 3367
1665 3230
1666 3205
1667 3207
1668 3217
1669 3284
1670 3223
1671 3198
1672 3232
1673 3227
1674 3311
1675 3265
1676 3239
1677 3287
1678 3258
1679 3307
1680 3319
1681 3352
1682 3359
1683 3295
1684 3290
1685 3268
1686 3226
1687 3285
1688 3277
1689 3321
1690 3208
1691 3242
1692 3243
1693 3267
1694 3241
1695 3304
1696 3209
1697 3160
1698 3097
1699 3034
1700 3060
1701 3110
1702 3140
1703 3091
1704 3088
1705 3126
1706 3014
1707 3020
1708 2986
1709 3009
1710 3002
1711 3016
1712 3077
1713 2991
1714 3034
1715 3068
1716 3036
1717 3010
1718 3045
1719 3032
1720 2996
1721 3012
1722 3006
1723 3037
1724 3031
1725 3030
1726 3022
1727 3018
1728 2993
1729 3056
1730 3041
1731 3050
1732 3058
1733 3025
1734 3006
1735 3029
1736 2962
1737 2949
1738 2964
1739 3025
1740 3102
1741 3052
1742 3053
1743 3035
1744 3060
1745 3064
1746 3091
1747 3080
1748 3032
1749 2953
1750 2923
1751 2862
1752 2865
1753 2910
1754 2943
1755 2876
1756 2859
1757 2849
1758 2852
1759 2838
1760 2856
1761 2893
1762 2843
1763 2781
1764 2698
1765 2769
1766 2834
1767 2812
1768 2753
1769 2710
1770 2751
1771 2721
1772 2689
1773 2668
1774 2693
1775 2723
1776 2684
1777 2698
1778 2763
1779 2808
1780 2730
1781 2726
1782 2813
1783 2810
1784 2791
1785 2751
1786 2732
1787 2742
1788 2822
1789 2846
1790 2838
1791 2845
1792 2822
1793 2835
1794 2815
1795 2853
1796 2942
1797 2874
1798 2764
1799 2756
1800 2718
1801 2696
1802 2662
1803 2756
1804 2804
1805 2831
1806 2816
1807 2831
1808 2759
1809 2738
1810 2723
1811 2692
1812 2587
1813 2555
1814 2588
1815 2570
1816 2529
1817 2512
1818 2477
1819 2466
1820 2485
1821 2501
1822 2555
1823 2569
1824 2561
1825 2546
1826 2543
1827 2542
1828 2569
1829 2598
1830 2599
1831 2536
1832 2570
1833 2519
1834 2559
1835 2565
1836 2506
1837 2493
1838 2482
1839 2449
1840 2521
1841 2482
1842 2459
1843 2526
1844 2614
1845 2610
1846 2693
1847 2677
1848 2748
1849 2737
1850 2729
1851 2695
1852 2727
1853 2720
1854 2682
1855 2637
1856 2617
1857 2651
1858 2740
1859 2816
1860 2814
1861 2768
1862 2746
1863 2737
1864 2802
1865 2789
1866 2791
1867 2780
1868 2743
1869 2779
1870 2780
1871 2747
1872 2857
1873 2898
1874 2862
1875 2905
1876 2926
1877 2830
1878 2936
1879 2976
1880 2993
1881 2924
1882 2942
1883 2945
1884 2931
1885 2967
1886 2974
1887 2982
1888 2955
1889 2986
1890 2941
1891 2925
1892 2949
1893 3061
1894 3118
1895 3040
1896 3018
1897 3127
1898 3178
1899 3161
1900 3232
1901 3134
1902 3225
1903 3329
1904 3344
1905 3292
1906 3287
1907 3277
1908 3305
1909 3359
1910 3369
1911 3472
1912 3497
1913 3551
1914 3657
1915 3659
1916 3725
1917 3708
1918 3721
1919 3678
1920 3794
1921 3812
1922 3848
1923 3886
1924 3894
1925 4045
1926 4034
1927 3951
1928 4008
1929 4106
1930 4151
1931 4121
1932 4101
1933 4053
1934 4051
1935 4061
1936 4066
1937 4047
1938 4039
1939 4179
1940 4147
1941 4180
1942 4195
1943 4272
1944 4196
1945 4225
1946 4207
1947 4249
1948 4442
1949 4515
1950 4537
1951 4565
1952 4560
1953 4656
1954 4739
1955 4805
1956 4835
1957 4851
1958 4799
1959 4807
1960 4933
1961 4923
1962 4833
1963 4839
1964 4868
1965 4936
1966 4914
1967 4808
1968 4742
1969 4789
1970 4875
1971 4984
1972 5035
1973 5154
1974 5138
1975 5228
1976 5121
1977 5070
1978 5018
1979 5125
1980 5140
1981 5138
1982 5005
1983 5021
1984 4980
1985 5000
1986 4970
1987 5032
1988 5077
1989 5135
1990 5268
1991 5240
1992 5154
1993 5162
1994 5159
1995 5101
1996 5109
1997 5049
1998 5021
1999 5045
2000 5019
2001 5030
2002 5036
2003 5020
2004 5087
2005 5126
2006 5099
2007 5185
2008 5266
2009 5260
2010 5244
2011 5290
2012 5311
2013 5310
2014 5269
2015 5276
2016 5248
2017 5230
2018 5263
2019 5235
2020 5181
2021 5276
2022 5190
2023 5271
2024 5282
2025 5395
2026 5385
2027 5377
2028 5214
2029 5209
2030 5217
2031 5241
2032 5209
2033 5242
2034 5139
2035 5140
2036 5196
2037 5217
2038 5178
2039 5157
2040 5305
2041 5373
2042 5212
2043 5182
2044 5234
2045 5209
2046 5306
2047 5294
2048 5228
2049 5130
2050 5172
2051 5167
2052 5076
2053 5113
2054 5213
2055 5331
2056 5284
2057 5293
2058 5400
2059 5374
2060 5411
2061 5451
2062 5503
2063 5443
2064 5388
2065 5329
2066 5428
2067 5421
2068 5362
2069 5392
2070 5344
2071 5339
2072 5382
2073 5423
2074 5477
2075 5640
2076 5629
2077 5669
2078 5661
2079 5705
2080 5764
2081 5752
2082 5724
2083 5667
2084 5744
2085 5749
2086 5777
2087 5831
2088 5771
2089 5771
2090 5851
2091 5995
2092 5918
2093 5932
2094 6012
2095 5993
2096 5918
2097 5880
2098 5766
2099 5750
2100 5748
2101 5841
2102 5787
2103 5814
2104 5885
2105 5927
2106 5975
2107 6009
2108 5956
2109 5952
2110 6013
2111 5916
2112 5846
2113 5893
2114 5804
2115 5758
2116 5773
2117 5861
2118 5834
2119 5973
2120 5931
2121 6051
2122 6098
2123 6008
2124 6038
2125 6077
2126 6127
2127 6072
2128 6104
2129 6081
2130 5987
2131 5885
2132 5916
2133 5900
2134 5862
2135 5911
2136 5850
2137 5847
2138 5907
2139 5860
2140 5897
2141 5893
2142 5942
2143 5899
2144 5916
2145 5834
2146 5762
2147 5740
2148 5764
2149 5675
2150 5645
2151 5644
2152 5672
2153 5732
2154 5687
2155 5752
2156 5738
2157 5819
2158 5779
2159 5832
2160 5837
2161 5746
2162 5771
2163 5792
2164 5642
2165 5627
2166 5723
2167 5712
2168 5897
2169 5972
2170 5840
2171 5968
2172 5914
2173 5946
2174 5829
2175 5837
2176 5941
2177 6006
2178 5948
2179 6025
2180 6140
2181 6174
2182 6138
2183 6058
2184 6062
2185 5993
2186 6037
2187 6114
2188 6151
2189 6053
2190 6006
2191 5996
2192 5999
2193 6040
2194 6017
2195 6000
2196 6045
2197 5997
2198 6020
2199 6033
2200 5978
2201 5945
2202 6023
2203 6043
2204 6182
2205 6386
2206 6431
2207 6448
2208 6382
2209 6372
2210 6275
2211 6309
2212 6355
2213 6442
2214 6538
2215 6563
2216 6551
2217 6504
2218 6463
2219 6508
2220 6610
2221 6525
2222 6430
2223 6364
2224 6400
2225 6425
2226 6450
2227 6496
2228 6500
2229 6615
2230 6526
2231 6605
2232 6572
2233 6504
2234 6465
2235 6340
2236 6300
2237 6455
2238 6365
2239 6385
2240 6346
2241 6405
2242 6369
2243 6526
2244 6483
2245 6506
2246 6506
2247 6566
2248 6568
2249 6516
2250 6503
2251 6464
2252 6530
2253 6565
2254 6615
2255 6640
2256 6604
2257 6702
2258 6690
2259 6655
2260 6581
2261 6619
2262 6654
2263 6827
2264 6925
2265 6916
2266 6893
2267 6892
2268 6843
2269 6916
2270 6852
2271 6811
2272 6765
2273 6775
2274 6767
2275 6900
2276 6829
2277 6778
2278 6722
2279 6750
2280 6854
2281 6794
2282 6845
2283 6757
2284 6773
2285 6755
2286 6835
2287 6684
2288 6581
2289 6547
2290 6454
2291 6262
2292 6114
2293 6051
2294 6125
2295 6271
2296 6198
2297 6152
2298 6113
2299 6262
2300 6302
2301 6279
2302 6332
2303 6376
2304 6387
2305 6373
2306 6347
2307 6394
2308 6372
2309 6373
2310 6427
2311 6397
2312 6194
2313 6179
2314 6138
2315 6120
2316 6032
2317 6057
2318 6130
2319 6215
2320 6182
2321 6080
2322 6187
2323 6202
2324 6135
2325 6107
2326 6148
2327 6245
2328 6215
2329 6111
2330 6189
2331 6296
2332 6354
2333 6260
2334 6270
2335 6333
2336 6389
2337 6465
2338 6524
2339 6582
2340 6604
2341 6546
2342 6610
2343 6472
2344 6420
2345 6440
2346 6442
2347 6440
2348 6481
2349 6488
2350 6589
2351 6403
2352 6343
2353 6342
2354 6422
2355 6350
2356 6441
2357 6496
2358 6424
2359 6416
2360 6381
2361 6573
2362 6596
2363 6726
2364 6786
2365 6828
2366 6884
2367 6746
2368 6784
2369 6713
2370 6673
2371 6636
2372 6690
2373 6740
2374 6771
2375 6650
2376 6677
2377 6553
2378 6585
2379 6593
2380 6550
2381 6482
2382 6701
2383 6790
2384 6737
2385 6721
2386 6686
2387 6694
2388 6811
2389 6841
2390 6766
2391 6828
2392 6951
2393 6996
2394 6971
2395 6905
2396 6900
2397 6891
2398 6960
2399 7000
2400 7068
2401 7041
2402 7116
2403 7114
2404 7163
2405 7213
2406 7083
2407 7102
2408 7066
2409 7032
2410 7078
2411 7066
2412 7118
2413 7178
2414 7142
2415 7006
2416 7144
2417 7061
2418 6985
2419 7025
2420 7023
2421 7051
2422 7030
2423 6920
2424 6930
2425 6920
2426 7085
2427 7134
2428 7174
2429 7130
2430 7167
2431 7236
2432 7226
2433 7192
2434 7234
2435 7238
2436 7130
2437 7163
2438 7343
2439 7293
2440 7225
2441 7292
2442 7312
2443 7290
2444 7025
2445 6987
2446 6946
2447 7034
2448 7132
2449 7102
2450 7139
2451 7129
2452 7149
2453 7166
2454 7167
2455 7209
2456 7225
2457 7174
2458 7168
2459 7157
2460 7203
2461 7277
2462 7295
2463 7278
2464 7378
2465 7249
2466 7236
2467 7228
2468 7164
2469 7146
2470 7235
2471 7118
2472 7115
2473 7009
2474 7134
2475 7110
2476 7202
2477 7235
2478 7326
2479 7336
2480 7343
2481 7333
2482 7262
2483 7296
2484 7412
2485 7308
2486 7210
2487 7139
2488 7317
2489 7328
2490 7297
2491 7275
2492 7411
2493 7429
2494 7563
2495 7490
2496 7517
2497 7560
2498 7694
2499 7570
2500 7477
2501 7490
2502 7494
2503 7524
2504 7606
2505 7653
2506 7723
2507 7709
2508 7792
2509 7766
2510 7847
2511 7841
2512 7831
2513 7904
2514 7937
2515 7970
2516 7997
2517 7994
2518 7959
2519 7976
2520 7927
2521 7855
2522 7992
2523 8020
2524 8046
2525 7975
2526 7910
2527 7925
2528 7936
2529 8017
2530 7970
2531 7840
2532 7812
2533 7842
2534 7812
2535 7758
2536 7842
2537 7876
2538 7825
2539 7731
2540 7654
2541 7714
2542 7710
2543 7755
2544 7733
2545 7782
2546 7717
2547 7658
2548 7716
2549 7627
2550 7593
2551 7546
2552 7655
2553 7709
2554 7850
2555 7807
2556 7815
2557 7947
2558 7958
2559 8026
2560 8022
2561 8002
2562 8080
2563 8230
2564 8129
2565 8187
2566 8064
2567 8011
2568 8009
2569 7819
2570 7779
2571 7700
2572 7619
2573 7645
2574 7693
2575 7610
2576 7576
2577 7549
2578 7613
2579 7589
2580 7751
2581 7803
2582 7733
2583 7761
2584 7765
2585 7582
2586 7575
2587 7563
2588 7433
2589 7354
2590 7421
2591 7411
2592 7381
2593 7272
2594 7295
2595 7323
2596 7313
2597 7295
2598 7310
2599 7221
2600 7163
2601 7192
2602 7302
2603 7244
2604 7309
2605 7192
2606 7167
2607 7122
2608 7158
2609 7077
2610 7087
2611 7049
2612 7070
2613 7104
2614 7074
2615 7047
2616 7132
2617 7085
2618 7158
2619 7255
2620 7152
2621 7104
2622 7147
2623 7102
2624 7088
2625 7117
2626 7215
2627 7164
2628 7090
2629 6941
2630 6803
2631 6889
2632 6820
2633 6878
2634 6693
2635 6862
2636 6799
2637 6656
2638 6656
2639 6623
2640 6632
2641 6598
2642 6658
2643 6719
2644 6678
2645 6689
2646 6603
2647 6578
2648 6609
2649 6514
2650 6474
2651 6487
2652 6459
2653 6479
2654 6398
2655 6330
2656 6335
2657 6260
2658 6229
2659 6301
2660 6193
2661 6139
2662 6197
2663 6197
2664 6238
2665 6225
2666 6269
2667 6119
2668 6079
2669 6101
2670 6326
2671 6450
2672 6526
2673 6324
2674 6265
2675 6251
2676 6191
2677 6364
2678 6407
2679 6346
2680 6406
2681 6401
2682 6413
2683 6373
2684 6458
2685 6470
2686 6349
2687 6407
2688 6421
2689 6344
2690 6314
2691 6361
2692 6521
2693 6626
2694 6707
2695 6615
2696 6596
2697 6670
2698 6687
2699 6570
2700 6558
2701 6554
2702 6538
2703 6533
2704 6467
2705 6561
2706 6688
2707 6651
2708 6727
2709 6686
2710 6652
2711 6677
2712 6586
2713 6658
2714 6535
2715 6481
2716 6451
2717 6317
2718 6406
2719 6314
2720 6267
2721 6169
2722 6110
2723 6119
2724 6029
2725 6003
2726 5924
2727 6042
2728 6051
2729 6208
2730 6090
2731 6237
2732 6204
2733 6188
2734 6206
2735 6196
2736 6155
2737 6161
2738 6085
2739 6138
2740 6124
2741 6148
2742 6155
2743 6140
2744 6193
2745 6188
2746 6320
2747 6141
2748 6155
2749 6086
2750 6069
2751 5978
2752 5982
2753 6214
2754 6222
2755 6325
2756 6319
2757 6384
2758 6462
2759 6426
2760 6361
2761 6362
2762 6406
2763 6459
2764 6477
2765 6518
2766 6514
2767 6478
2768 6415
2769 6475
2770 6436
2771 6390
2772 6416
2773 6370
2774 6477
2775 6457
2776 6439
2777 6392
2778 6330
2779 6315
2780 6311
2781 6339
2782 6357
2783 6198
2784 6158
2785 6140
2786 6178
2787 6085
2788 6102
2789 6099
2790 6063
2791 5812
2792 5766
2793 5860
2794 5867
2795 5914
2796 5988
2797 5987
2798 6110
2799 6057
2800 6080
2801 6129
2802 6054
2803 6187
2804 6154
2805 6213
2806 6126
2807 6171
2808 6187
2809 6224
2810 6166
2811 6130
2812 6152
2813 6137
2814 6123
2815 6179
2816 6244
2817 6177
2818 6179
2819 6139
2820 6073
2821 6102
2822 6122
2823 6073
2824 6039
2825 6041
2826 6029
2827 5945
2828 5925
2829 5978
2830 5957
2831 6070
2832 6156
2833 6153
2834 6176
2835 6154
2836 6077
2837 5973
2838 5931
2839 5934
2840 6078
2841 6012
2842 6092
2843 6145
2844 6153
2845 6084
2846 6001
2847 6036
2848 6179
2849 6148
2850 6063
2851 6071
2852 6006
2853 6069
2854 6053
2855 6173
2856 6189
2857 6282
2858 6443
2859 6311
2860 6282
2861 6165
2862 6236
2863 6205
2864 6309
2865 6172
2866 6215
2867 6146
2868 6159
2869 6192
2870 6087
2871 6050
2872 6172
2873 6231
2874 6201
2875 6226
2876 6402
2877 6312
2878 6328
2879 6282
2880 6381
2881 6355
2882 6259
2883 6287
2884 6403
2885 6414
2886 6521
2887 6510
2888 6499
2889 6534
2890 6359
2891 6324
2892 6387
2893 6407
2894 6319
2895 6357
2896 6337
2897 6293
2898 6296
2899 6272
2900 6185
2901 6112
2902 6053
2903 6015
2904 6069
2905 6095
2906 6079
2907 5968
2908 5818
2909 5772
2910 5838
2911 5881
2912 5902
2913 5942
2914 5956
2915 5939
2916 5807
2917 5832
2918 5862
2919 5902
2920 5965
2921 6031
2922 6097
2923 6246
2924 6352
2925 6383
2926 6395
2927 6470
2928 6389
2929 6261
2930 6255
2931 6301
2932 6297
2933 6324
2934 6307
2935 6263
2936 6278
2937 6321
2938 6301
2939 6232
2940 6287
2941 6379
2942 6377
2943 6443
2944 6401
2945 6341
2946 6372
2947 6357
2948 6390
2949 6403
2950 6464
2951 6392
2952 6238
2953 6140
2954 6178
2955 6053
2956 6121
2957 6133
2958 6126
2959 6082
2960 6057
2961 6061
2962 6046
2963 6186
2964 6175
2965 6310
2966 6389
2967 6369
2968 6373
2969 6430
2970 6411
2971 6373
2972 6408
2973 6394
2974 6207
2975 6200
2976 6111
2977 6214
2978 6176
2979 6136
2980 6195
2981 6112
2982 6079
2983 6064
2984 6186
2985 6141
2986 6029
2987 6004
2988 6100
2989 6151
2990 6163
2991 6127
2992 6039
2993 6013
2994 6100
2995 6091
2996 6186
2997 6188
2998 6147
2999 6087
3000 6122
3001 6067
3002 6115
3003 6176
3004 6338
3005 6503
3006 6512
3007 6595
3008 6527
3009 6535
3010 6613
3011 6724
3012 6780
3013 6811
3014 6903
3015 6801
3016 6853
3017 6853
3018 6881
3019 7032
3020 6850
3021 6882
3022 6862
3023 6823
3024 6713
3025 6652
3026 6575
3027 6507
3028 6617
3029 6492
3030 6621
3031 6673
3032 6712
3033 6715
3034 6732
3035 6861
3036 6773
3037 6711
3038 6737
3039 6809
3040 6796
3041 6753
3042 6775
3043 6853
3044 6999
3045 6911
3046 6872
3047 6934
3048 6913
3049 6840
3050 6716
3051 6797
3052 6814
3053 6824
3054 6802
3055 6733
3056 6832
3057 6760
3058 6727
3059 6616
3060 6637
3061 6605
3062 6488
3063 6478
3064 6497
3065 6464
3066 6438
3067 6311
3068 6122
3069 6007
3070 6062
3071 5964
3072 6077
3073 6104
3074 6066
3075 6012
3076 5993
3077 6014
3078 5920
3079 5959
3080 6069
3081 6041
3082 5996
3083 5943
3084 6116
3085 6156
3086 6126
3087 6160
3088 6108
3089 6147
3090 6113
3091 6042
3092 6026
3093 5996
3094 6107
3095 6032
3096 5986
3097 5934
3098 5948
3099 5967
3100 5905
3101 5873
3102 5873
3103 5679
3104 5637
3105 5761
3106 5794
3107 5687
3108 5762
3109 5828
3110 5844
3111 5986
3112 6109
3113 6167
3114 6241
3115 6331
3116 6270
3117 6214
3118 6279
3119 6303
3120 6281
3121 6340
3122 6349
3123 6455
3124 6548
3125 6486
3126 6408
3127 6443
3128 6505
3129 6559
3130 6565
3131 6576
3132 6603
3133 6641
3134 6580
3135 6511
3136 6467
3137 6553
3138 6545
3139 6650
3140 6639
3141 6568
3142 6516
3143 6603
3144 6531
3145 6654
3146 6490
3147 6409
3148 6272
3149 6294
3150 6311
3151 6207
3152 6248
3153 6094
3154 6154
3155 6251
3156 6250
3157 6242
3158 6298
3159 6287
3160 6317
3161 6307
3162 6380
3163 6278
3164 6338
3165 6429
3166 6374
3167 6323
3168 6456
3169 6488
3170 6381
3171 6500
3172 6586
3173 6504
3174 6386
3175 6470
3176 6419
3177 6418
3178 6447
3179 6466
3180 6485
3181 6406
3182 6555
3183 6599
3184 6653
3185 6628
3186 6589
3187 6713
3188 6673
3189 6729
3190 6605
3191 6618
3192 6603
3193 6816
3194 6892
3195 7022
3196 7019
3197 7000
3198 7063
3199 7090
3200 7165
3201 7304
3202 7406
3203 7410
3204 7327
3205 7290
3206 7176
3207 7085
3208 6902
3209 6941
3210 6974
3211 6912
3212 6974
3213 6868
3214 6842
3215 6756
3216 6865
3217 6818
3218 6962
3219 6924
3220 6948
3221 7048
3222 7135
3223 7098
3224 7134
3225 7142
3226 7147
3227 7164
3228 7208
3229 7123
3230 7065
3231 7182
3232 7238
3233 7331
3234 7443
3235 7385
3236 7350
3237 7412
3238 7370
3239 7295
3240 7238
3241 7339
3242 7175
3243 7236
3244 7312
3245 7348
3246 7394
3247 7448
3248 7446
3249 7258
3250 7394
3251 7440
3252 7376
3253 7330
3254 7246
3255 7114
3256 7038
3257 7071
3258 7170
3259 7150
3260 7051
3261 6956
3262 6831
3263 6789
3264 6849
3265 6917
3266 6826
3267 6648
3268 6675
3269 6758
3270 6769
3271 6751
3272 6806
3273 6754
3274 6601
3275 6708
3276 6818
3277 6882
3278 7031
3279 6949
3280 6890
3281 6929
3282 6887
3283 6856
3284 6896
3285 6939
3286 6970
3287 6916
3288 6825
3289 6946
3290 6975
3291 6995
3292 7087
3293 7034
3294 7065
3295 6982
3296 7099
3297 7011
3298 6960
3299 6864
3300 6814
3301 6949
3302 6897
3303 6886
3304 6778
3305 6851
3306 6843
3307 6744
3308 6732
3309 6733
3310 6760
3311 6695
3312 6599
3313 6604
3314 6612
3315 6616
3316 6475
3317 6360
3318 6186
3319 6293
3320 6280
3321 6187
3322 6240
3323 6287
3324 6394
3325 6422
3326 6448
3327 6358
3328 6434
3329 6369
3330 6313
3331 6167
3332 6307
3333 6335
3334 6400
3335 6374
3336 6268
3337 6147
3338 6121
3339 6044
3340 6162
3341 6334
3342 6269
3343 6269
3344 6169
3345 6199
3346 6184
3347 6207
3348 6305
3349 6337
3350 6201
3351 6121
3352 6232
3353 6274
3354 6273
3355 6387
3356 6428
3357 6408
3358 6471
3359 6352
3360 6425
3361 6368
3362 6354
3363 6397
3364 6538
3365 6476
3366 6560
3367 6727
3368 6751
3369 6818
3370 6696
3371 6668
3372 6657
3373 6653
3374 6728
3375 6763
3376 6728
3377 6789
3378 6704
3379 6677
3380 6681
3381 6618
3382 6509
3383 6488
3384 6499
3385 6499
3386 6430
3387 6324
3388 6414
3389 6416
3390 6434
3391 6361
3392 6289
3393 6377
3394 6410
3395 6364
3396 6353
3397 6392
3398 6376
3399 6470
3400 6478
3401 6569
3402 6446
3403 6493
3404 6360
3405 6360
3406 6525
3407 6520
3408 6467
3409 6519
3410 6456
3411 6492
3412 6444
3413 6692
3414 6583
3415 6621
3416 6650
3417 6618
3418 6593
3419 6594
3420 6418
3421 6442
3422 6381
3423 6339
3424 6414
3425 6382
3426 6323
3427 6384
3428 6437
3429 6359
3430 6351
3431 6309
3432 6456
3433 6540
3434 6599
3435 6546
3436 6522
3437 6548
3438 6473
3439 6569
3440 6572
3441 6472
3442 6433
3443 6405
3444 6380
3445 6429
3446 6418
3447 6579
3448 6642
3449 6703
3450 6597
3451 6528
3452 6448
3453 6615
3454 6500
3455 6451
3456 6272
3457 6261
3458 6297
3459 6323
3460 6431
3461 6611
3462 6677
3463 6845
3464 6806
3465 6826
3466 6876
3467 6861
3468 6941
3469 6871
3470 6857
3471 6874
3472 6735
3473 6819
3474 6925
3475 6968
3476 7125
3477 7228
3478 7139
3479 7226
3480 7192
3481 7179
3482 7221
3483 7242
3484 7212
3485 7190
3486 7141
3487 7175
3488 7129
3489 7133
3490 7127
3491 7159
3492 7048
3493 7040
3494 7045
3495 6976
3496 7059
3497 7067
3498 7132
3499 7170
3500 7130
3501 7144
3502 7062
3503 7186
3504 7191
3505 7147
3506 7146
3507 7196
3508 7225
3509 7272
3510 7219
3511 7142
3512 7120
3513 7101
3514 7020
3515 7003
3516 7039
3517 7125
3518 7238
3519 7176
3520 7137
3521 7139
3522 7170
3523 7193
3524 7230
3525 7190
3526 7178
3527 7217
3528 7142
3529 7133
3530 7119
3531 7016
3532 6980
3533 7011
3534 7066
3535 7124
3536 6992
3537 7065
3538 7168
3539 7198
3540 7298
3541 7332
3542 7193
3543 7329
3544 7306
3545 7228
3546 7277
3547 7327
3548 7463
3549 7352
3550 7302
3551 7296
3552 7295
3553 7178
3554 7227
3555 7313
3556 7286
3557 7183
3558 7170
3559 7228
3560 7161
3561 7061
3562 7110
3563 7149
3564 7062
3565 7005
3566 7010
3567 7132
3568 7102
3569 7255
3570 7381
3571 7407
3572 7409
3573 7462
3574 7618
3575 7636
3576 7743
3577 7615
3578 7667
3579 7652
3580 7753
3581 7836
3582 7588
3583 7564
3584 7596
3585 7706
3586 7690
3587 7623
3588 7544
3589 7563
3590 7575
3591 7483
3592 7457
3593 7515
3594 7491
3595 7513
3596 7413
3597 7399
3598 7508
3599 7578
3600 7558
3601 7543
3602 7556
3603 7480
3604 7457
3605 7476
3606 7562
3607 7391
3608 7447
3609 7617
3610 7692
3611 7676
3612 7761
3613 7712
3614 7817
3615 7849
3616 7749
3617 7736
3618 7726
3619 7662
3620 7557
3621 7536
3622 7557
3623 7682
3624 7784
3625 7869
3626 7832
3627 7781
3628 7775
3629 7769
3630 7769
3631 7736
3632 7825
3633 7895
3634 7815
3635 7935
3636 7892
3637 7843
3638 7816
3639 7872
3640 7763
3641 7697
3642 7684
3643 7801
3644 7951
3645 8004
3646 7914
3647 8011
3648 8108
3649 8156
3650 8175
3651 8167
3652 8265
3653 8231
3654 8303
3655 8231
3656 8325
3657 8278
3658 8220
3659 8197
3660 8259
3661 8204
3662 8224
3663 8272
3664 8334
3665 8456
3666 8538
3667 8586
3668 8730
3669 8629
3670 8585
3671 8521
3672 8357
3673 8448
3674 8344
3675 8242
3676 8294
3677 8175
3678 8124
3679 8007
3680 8166
3681 8195
3682 8193
3683 8185
3684 8232
3685 8211
3686 8275
3687 8329
3688 8399
3689 8524
3690 8561
3691 8497
3692 8619
3693 8576
3694 8356
3695 8272
3696 8285
3697 8265
3698 8329
3699 8294
3700 8196
3701 8204
3702 8124
3703 8162
3704 8076
3705 8073
3706 8082
3707 8135
3708 8067
3709 8027
3710 8211
3711 8429
3712 8469
3713 8431
3714 8435
3715 8508
3716 8527
3717 8457
3718 8488
3719 8448
3720 8496
3721 8428
3722 8598
3723 8476
3724 8634
3725 8631
3726 8800
3727 8770
3728 8820
3729 8759
3730 8768
3731 8692
3732 8681
3733 8659
3734 8831
3735 8796
3736 8788
3737 8863
3738 8840
3739 8816
3740 8874
3741 8774
3742 8735
3743 8682
3744 8664
3745 8724
3746 8802
3747 8863
3748 8877
3749 8941
3750 8923
3751 8715
3752 8664
3753 8520
3754 8563
3755 8501
3756 8532
3757 8567
3758 8373
3759 8373
3760 8405
3761 8263
3762 8260
3763 8237
3764 8126
3765 8059
3766 7948
3767 7960
3768 8043
3769 8086
3770 7997
3771 8021
3772 7952
3773 7926
3774 7852
3775 7878
3776 7899
3777 7960
3778 8096
3779 8123
3780 8224
3781 8275
3782 8261
3783 8131
3784 8079
3785 8148
3786 8003
3787 8070
3788 8172
3789 8165
3790 8264
3791 8178
3792 8282
3793 8305
3794 8391
3795 8371
3796 8551
3797 8654
3798 8666
3799 8723
3800 8799
3801 8783
3802 8860
3803 8760
3804 8855
3805 8943
3806 9020
3807 9009
3808 9004
3809 8956
3810 8955
3811 9020
3812 9064
3813 8988
3814 8930
3815 8932
3816 8914
3817 8863
3818 9017
3819 8866
3820 8784
3821 8912
3822 8740
3823 8716
3824 8630
3825 8687
3826 8688
3827 8543
3828 8713
3829 8663
3830 8584
3831 8432
3832 8284
3833 8283
3834 8304
3835 8353
3836 8426
3837 8554
3838 8641
3839 8540
3840 8378
3841 8466
3842 8399
3843 8354
3844 8207
3845 8203
3846 8185
3847 8142
3848 8009
3849 8201
3850 8191
3851 8238
3852 7984
3853 7865
3854 7725
3855 7615
3856 7596
3857 7613
3858 7596
3859 7562
3860 7598
3861 7617
3862 7493
3863 7399
3864 7324
3865 7463
3866 7411
3867 7431
3868 7474
3869 7567
3870 7632
3871 7631
3872 7611
3873 7626
3874 7698
3875 7828
3876 7970
3877 8042
3878 8031
3879 8009
3880 7955
3881 7982
3882 7773
3883 7723
3884 7658
3885 7611
3886 7680
3887 7666
3888 7756
3889 7870
3890 7827
3891 7646
3892 7595
3893 7578
3894 7623
3895 7758
3896 7772
3897 7772
3898 7954
3899 7972
3900 7912
3901 8016
3902 8031
3903 8010
3904 7909
3905 8000
3906 8042
3907 8161
3908 8066
3909 7955
3910 7843
3911 7829
3912 7712
3913 7701
3914 7667
3915 7674
3916 7832
3917 7951
3918 7859
3919 7920
3920 7715
3921 7786
3922 7661
3923 7623
3924 7750
3925 7721
3926 7623
3927 7652
3928 7645
3929 7665
3930 7704
3931 7831
3932 7862
3933 7848
3934 7854
3935 7873
3936 8032
3937 7988
3938 7924
3939 7893
3940 7898
3941 7946
3942 8036
3943 8028
3944 7997
3945 7988
3946 8047
3947 8135
3948 8101
3949 8196
3950 8174
3951 8120
3952 8094
3953 8108
3954 8219
3955 8233
3956 8126
3957 8215
3958 8244
3959 8273
3960 8350
3961 8307
3962 8327
3963 8355
3964 8365
3965 8234
3966 8362
3967 8485
3968 8449
3969 8463
3970 8474
3971 8393
3972 8289
3973 8403
3974 8383
3975 8363
3976 8387
3977 8497
3978 8425
3979 8452
3980 8310
3981 8333
3982 8259
3983 8249
3984 8122
3985 8060
3986 7881
3987 7955
3988 7918
3989 7820
3990 7900
3991 7829
3992 7672
3993 7657
3994 7617
3995 7592
3996 7681
3997 7668
3998 7762
3999 7626
4000 7712
4001 7655
4002 7676
4003 7664
4004 7628
4005 7739
4006 7787
4007 7832
4008 7845
4009 7748
4010 7744
4011 7785
4012 7749
4013 7862
4014 7892
4015 8043
4016 7934
4017 7908
4018 8037
4019 7925
4020 8009
4021 7877
4022 7740
4023 7689
4024 7543
4025 7510
4026 7464
4027 7468
4028 7506
4029 7569
4030 7635
4031 7644
4032 7694
4033 7718
4034 7881
4035 7833
4036 7937
4037 7913
4038 7989
4039 8052
4040 7969
4041 7915
4042 8133
4043 8086
4044 8107
4045 8159
4046 8129
4047 7989
4048 7980
4049 7913
4050 7971
4051 8025
4052 7960
4053 7992
4054 7938
4055 7870
4056 7878
4057 7826
4058 7815
4059 7960
4060 7914
4061 7896
4062 8116
4063 8032
4064 8051
4065 7806
4066 7947
4067 7763
4068 7845
4069 7629
4070 7612
4071 7531
4072 7598
4073 7479
4074 7498
4075 7642
4076 7738
4077 7827
4078 7817
4079 7736
4080 7662
4081 7706
4082 7649
4083 7780
4084 7731
4085 7532
4086 7598
4087 7551
4088 7641
4089 7728
4090 7648
4091 7564
4092 7568
4093 7616
4094 7747
4095 7789
4096 7717
4097 7696
4098 7575
4099 7558
4100 7555
4101 7478
4102 7411
4103 7321
4104 7380
4105 7476
4106 7318
4107 7299
4108 7381
4109 7471
4110 7475
4111 7412
4112 7451
4113 7442
4114 7511
4115 7473
4116 7546
4117 7390
4118 7528
4119 7579
4120 7504
4121 7463
4122 7506
4123 7348
4124 7467
4125 7662
4126 7864
4127 7684
4128 7596
4129 7606
4130 7678
4131 7717
4132 7671
4133 7609
4134 7575
4135 7639
4136 7849
4137 7961
4138 7940
4139 7982
4140 8039
4141 7877
4142 7751
4143 7822
4144 7649
4145 7677
4146 7573
4147 7537
4148 7866
4149 7809
4150 7876
4151 7863
4152 7856
4153 7824
4154 7795
4155 7798
4156 7856
4157 7847
4158 7905
4159 7831
4160 7916
4161 7943
4162 8041
4163 8042
4164 7986
4165 7993
4166 7981
4167 7889
4168 7858
4169 8022
4170 8005
4171 8007
4172 7985
4173 8094
4174 8140
4175 8039
4176 7974
4177 7984
4178 7901
4179 7945
4180 7875
4181 7759
4182 7823
4183 7897
4184 7762
4185 7742
4186 7647
4187 7741
4188 7717
4189 7697
4190 7774
4191 7706
4192 7794
4193 7823
4194 7770
4195 7879
4196 7761
4197 7836
4198 7738
4199 7753
4200 7815
4201 7564
4202 7534
4203 7519
4204 7393
4205 7392
4206 7434
4207 7609
4208 7491
4209 7470
4210 7393
4211 7516
4212 7438
4213 7486
4214 7643
4215 7694
4216 7700
4217 7596
4218 7469
4219 7421
4220 7380
4221 7347
4222 7449
4223 7285
4224 7177
4225 7202
4226 7117
4227 7076
4228 7186
4229 7226
4230 7155
4231 7170
4232 7210
4233 7112
4234 7043
4235 7127
4236 7208
4237 7259
4238 7328
4239 7221
4240 7151
4241 7137
4242 7064
4243 7126
4244 6981
4245 6991
4246 6898
4247 7037
4248 7070
4249 7219
4250 7124
4251 7127
4252 7248
4253 7248
4254 7241
4255 7158
4256 7102
4257 7176
4258 7042
4259 7067
4260 7068
4261 7113
4262 7063
4263 6987
4264 6784
4265 6694
4266 6691
4267 6751
4268 6757
4269 6712
4270 6769
4271 6695
4272 6735
4273 6772
4274 6617
4275 6490
4276 6378
4277 6453
4278 6579
4279 6498
4280 6472
4281 6591
4282 6559
4283 6624
4284 6491
4285 6361
4286 6486
4287 6498
4288 6413
4289 6393
4290 6337
4291 6421
4292 6372
4293 6301
4294 6380
4295 6285
4296 6275
4297 6296
4298 6240
4299 6369
4300 6356
4301 6294
4302 6298
4303 6282
4304 6273
4305 6372
4306 6340
4307 6377
4308 6275
4309 6298
4310 6327
4311 6279
4312 6324
4313 6337
4314 6247
4315 5965
4316 5828
4317 5798
4318 5813
4319 5942
4320 5861
4321 5865
4322 5899
4323 6026
4324 6123
4325 6014
4326 5978
4327 6023
4328 6014
4329 5983
4330 5896
4331 5893
4332 5952
4333 5965
4334 6017
4335 6037
4336 5828
4337 5827
4338 5802
4339 5767
4340 5670
4341 5627
4342 5607
4343 5557
4344 5531
4345 5519
4346 5580
4347 5512
4348 5546
4349 5704
4350 5644
4351 5501
4352 5589
4353 5481
4354 5557
4355 5563
4356 5660
4357 5731
4358 5791
4359 5657
4360 5639
4361 5591
4362 5564
4363 5573
4364 5492
4365 5426
4366 5368
4367 5118
4368 5111
4369 5192
4370 5258
4371 5317
4372 5236
4373 5247
4374 5170
4375 5159
4376 5160
4377 5147
4378 5133
4379 5220
4380 5214
4381 5349
4382 5316
4383 5375
4384 5436
4385 5490
4386 5464
4387 5478
4388 5375
4389 5382
4390 5271
4391 5236
4392 5234
4393 5229
4394 5279
4395 5288
4396 5278
4397 5240
4398 5115
4399 4943
4400 4844
4401 4898
4402 4914
4403 5000
4404 4962
4405 4966
4406 4833
4407 4845
4408 4784
4409 4851
4410 4833
4411 4882
4412 4913
4413 4896
4414 4972
4415 5019
4416 4957
4417 5025
4418 5105
4419 5195
4420 5055
4421 5032
4422 5012
4423 5035
4424 4884
4425 4794
4426 4863
4427 4940
4428 4980
4429 4847
4430 4988
4431 5118
4432 4980
4433 5061
4434 5145
4435 5074
4436 4927
4437 4818
4438 4773
4439 4854
4440 4908
4441 4975
4442 5036
4443 5088
4444 5092
4445 5185
4446 5219
4447 5195
4448 5170
4449 5350
4450 5491
4451 5475
4452 5455
4453 5537
4454 5498
4455 5494
4456 5509
4457 5700
4458 5695
4459 5607
4460 5629
4461 5618
4462 5727
4463 5680
4464 5822
4465 5839
4466 5906
4467 5944
4468 5732
4469 5664
4470 5784
4471 5753
4472 5840
4473 5716
4474 5704
4475 5731
4476 5747
4477 5806
4478 5739
4479 5598
4480 5529
4481 5398
4482 5393
4483 5402
4484 5433
4485 5644
4486 5586
4487 5576
4488 5706
4489 5648
4490 5611
4491 5527
4492 5553
4493 5615
4494 5571
4495 5580
4496 5572
4497 5547
4498 5441
4499 5233
4500 5117
4501 5158
4502 5177
4503 5177
4504 5236
4505 5286
4506 5317
4507 5212
4508 5278
4509 5515
4510 5545
4511 5526
4512 5584
4513 5495
4514 5487
4515 5441
4516 5482
4517 5472
4518 5535
4519 5485
4520 5581
4521 5521
4522 5598
4523 5542
4524 5604
4525 5527
4526 5514
4527 5550
4528 5561
4529 5513
4530 5410
4531 5407
4532 5369
4533 5298
4534 5284
4535 5324
4536 5251
4537 5286
4538 5251
4539 5281
4540 5207
4541 5164
4542 5213
4543 5257
4544 5281
4545 5249
4546 5377
4547 5331
4548 5403
4549 5274
4550 5343
4551 5329
4552 5337
4553 5379
4554 5406
4555 5397
4556 5325
4557 5346
4558 5451
4559 5338
4560 5443
4561 5438
4562 5394
4563 5318
4564 5299
4565 5322
4566 5296
4567 5305
4568 5353
4569 5244
4570 5313
4571 5206
4572 5296
4573 5330
4574 5119
4575 5259
4576 5167
4577 5196
4578 5125
4579 5128
4580 5169
4581 5213
4582 5204
4583 5121
4584 5023
4585 5007
4586 5019
4587 5017
4588 4978
4589 4853
4590 4921
4591 4960
4592 4986
4593 5012
4594 5060
4595 5044
4596 5031
4597 5146
4598 5102
4599 5043
4600 5036
4601 5052
4602 5106
4603 5102
4604 5115
4605 5127
4606 5073
4607 5113
4608 5139
4609 5055
4610 5118
4611 5221
4612 5123
4613 5207
4614 5251
4615 5239
4616 5281
4617 5356
4618 5408
4619 5360
4620 5358
4621 5363
4622 5325
4623 5318
4624 5315
4625 5272
4626 5232
4627 5332
4628 5204
4629 5072
4630 5159
4631 5118
4632 5139
4633 5154
4634 5145
4635 5159
4636 5231
4637 5099
4638 5089
4639 4990
4640 4976
4641 5018
4642 5056
4643 5054
4644 5094
4645 5038
4646 4951
4647 5081
4648 5165
4649 5143
4650 5046
4651 5024
4652 4895
4653 4905
4654 4986
4655 4940
4656 4987
4657 4984
4658 4968
4659 4851
4660 4883
4661 4998
4662 4920
4663 4911
4664 4866
4665 4905
4666 4921
4667 5039
4668 5082
4669 5127
4670 5033
4671 5078
4672 5034
4673 5076
4674 5130
4675 5211
4676 5172
4677 5147
4678 5189
4679 5243
4680 5397
4681 5310
4682 5306
4683 5186
4684 5178
4685 5185
4686 5224
4687 5244
4688 5229
4689 5435
4690 5445
4691 5530
4692 5547
4693 5502
4694 5574
4695 5685
4696 5599
4697 5535
4698 5480
4699 5495
4700 5453
4701 5407
4702 5315
4703 5188
4704 5220
4705 5231
4706 5291
4707 5241
4708 5021
4709 4895
4710 4906
4711 4899
4712 5017
4713 5170
4714 5186
4715 5206
4716 5213
4717 5209
4718 5046
4719 5105
4720 5235
4721 5259
4722 5214
4723 5295
4724 5176
4725 5135
4726 5282
4727 5239
4728 5205
4729 5169
4730 5144
4731 5129
4732 5249
4733 5293
4734 5358
4735 5358
4736 5421
4737 5409
4738 5312
4739 5342
4740 5314
4741 5324
4742 5302
4743 5206
4744 5144
4745 5020
4746 4939
4747 5051
4748 5099
4749 5186
4750 5113
4751 5052
4752 5108
4753 5100
4754 5147
4755 5108
4756 5181
4757 5126
4758 5121
4759 5042
4760 5019
4761 4961
4762 5061
4763 5187
4764 5300
4765 5408
4766 5384
4767 5313
4768 5192
4769 5247
4770 5275
4771 5180
4772 5047
4773 4974
4774 5053
4775 5038
4776 5055
4777 4925
4778 4805
4779 4802
4780 4803
4781 4904
4782 4898
4783 4902
4784 4884
4785 4903
4786 4941
4787 4862
4788 4706
4789 4693
4790 4693
4791 4766
4792 4825
4793 4867
4794 4981
4795 4974
4796 5063
4797 5079
4798 5258
4799 5206
4800 5260
4801 5308
4802 5284
4803 5327
4804 5337
4805 5497
4806 5434
4807 5439
4808 5543
4809 5474
4810 5459
4811 5318
4812 5350
4813 5263
4814 5338
4815 5239
4816 5231
4817 5248
4818 5208
4819 5282
4820 5090
4821 5100
4822 5061
4823 4957
4824 4930
4825 4972
4826 4979
4827 5031
4828 5054
4829 4933
4830 4997
4831 5031
4832 5098
4833 5076
4834 4963
4835 4946
4836 4995
4837 5033
4838 5025
4839 5075
4840 5082
4841 5053
4842 5116
4843 5103
4844 5123
4845 5168
4846 5023
4847 4948
4848 5114
4849 5251
4850 5138
4851 5065
4852 5122
4853 5167
4854 5156
4855 5111
4856 5182
4857 5237
4858 5308
4859 5255
4860 5276
4861 5254
4862 5381
4863 5380
4864 5403
4865 5439
4866 5484
4867 5476
4868 5480
4869 5345
4870 5466
4871 5533
4872 5495
4873 5397
4874 5458
4875 5519
4876 5633
4877 5539
4878 5607
4879 5389
4880 5580
4881 5559
4882 5528
4883 5632
4884 5665
4885 5617
4886 5636
4887 5614
4888 5578
4889 5600
4890 5659
4891 5663
4892 5723
4893 5748
4894 5718
4895 5722
4896 5741
4897 5660
4898 5588
4899 5620
4900 5555
4901 5518
4902 5626
4903 5553
4904 5506
4905 5504
4906 5422
4907 5329
4908 5352
4909 5338
4910 5379
4911 5388
4912 5448
4913 5528
4914 5503
4915 5395
4916 5575
4917 5540
4918 5462
4919 5427
4920 5467
4921 5488
4922 5628
4923 5668
4924 5553
4925 5487
4926 5545
4927 5496
4928 5323
4929 5261
4930 5280
4931 5172
4932 5255
4933 5301
4934 5268
4935 5266
4936 5414
4937 5524
4938 5668
4939 5644
4940 5672
4941 5639
4942 5638
4943 5823
4944 5964
4945 5907
4946 5859
4947 5882
4948 5914
4949 5949
4950 5945
4951 5892
4952 5936
4953 5856
4954 5934
4955 5913
4956 5929
4957 5815
4958 5832
4959 5860
4960 5800
4961 5832
4962 5943
4963 6084
4964 6076
4965 6118
4966 6165
4967 6193
4968 6133
4969 6128
4970 6233
4971 6192
4972 6337
4973 6503
4974 6644
4975 6513
4976 6513
4977 6588
4978 6586
4979 6602
4980 6512
4981 6426
4982 6430
4983 6336
4984 6331
4985 6389
4986 6337
4987 6340
4988 6283
4989 6336
4990 6314
4991 6372
4992 6527
4993 6570
4994 6473
4995 6462
4996 6559
4997 6444
4998 6467
4999 6421
5000 6396
5001 6404
5002 6400
5003 6298
5004 6404
5005 6463
5006 6598
5007 6613
5008 6504
5009 6547
5010 6638
5011 6719
5012 6757
5013 6655
5014 6562
5015 6540
5016 6480
5017 6561
5018 6520
5019 6519
5020 6542
5021 6519
5022 6771
5023 6763
5024 6799
5025 6841
5026 6838
5027 6762
5028 6868
5029 6658
5030 6630
5031 6471
5032 6352
5033 6469
5034 6342
5035 6178
5036 6168
5037 6111
5038 6246
5039 6119
5040 6215
5041 6201
5042 6191
5043 6203
5044 6186
5045 6178
5046 6000
5047 5954
5048 6011
5049 5998
5050 6112
5051 6141
5052 6093
5053 6162
5054 6193
5055 6103
5056 6167
5057 6057
5058 6095
5059 6048
5060 6180
5061 6040
5062 6153
5063 6221
5064 6118
5065 6055
5066 6145
5067 6122
5068 6201
5069 6378
5070 6222
5071 6274
5072 6261
5073 6279
5074 6248
5075 6223
5076 6352
5077 6333
5078 6355
5079 6301
5080 6209
5081 6116
5082 6131
5083 6137
5084 5975
5085 6052
5086 6190
5087 6125
5088 5995
5089 5894
5090 5907
5091 5914
5092 6089
5093 6170
5094 6252
5095 6160
5096 6213
5097 6294
5098 6327
5099 6321
5100 6293
5101 6276
5102 6235
5103 6203
5104 6110
5105 6175
5106 6242
5107 6164
5108 6282
5109 6221
5110 6176
5111 6102
5112 6210
5113 6092
5114 6068
5115 6109
5116 6213
5117 6176
5118 6092
5119 6049
5120 6071
5121 6091
5122 6111
5123 6112
5124 6032
5125 6151
5126 6095
5127 6210
5128 6096
5129 6067
5130 6071
5131 5935
5132 5926
5133 5968
5134 5954
5135 5850
5136 5837
5137 5898
5138 5739
5139 5729
5140 5899
5141 6082
5142 6171
5143 6096
5144 6191
5145 6237
5146 6296
5147 6387
5148 6400
5149 6359
5150 6382
5151 6409
5152 6406
5153 6359
5154 6364
5155 6415
5156 6355
5157 6344
5158 6284
5159 6252
5160 6303
5161 6251
5162 6233
5163 6233
5164 6313
5165 6228
5166 6242
5167 6196
5168 6471
5169 6422
5170 6489
5171 6466
5172 6448
5173 6411
5174 6502
5175 6435
5176 6440
5177 6479
5178 6424
5179 6330
5180 6493
5181 6458
5182 6501
5183 6607
5184 6691
5185 6647
5186 6618
5187 6725
5188 6516
5189 6461
5190 6407
5191 6310
5192 6187
5193 6147
5194 6149
5195 6203
5196 6348
5197 6390
5198 6334
5199 6343
5200 6267
5201 6419
5202 6429
5203 6365
5204 6588
5205 6560
5206 6583
5207 6572
5208 6564
5209 6558
5210 6585
5211 6583
5212 6629
5213 6739
5214 6752
5215 6800
5216 6815
5217 6792
5218 6831
5219 6823
5220 6886
5221 6986
5222 7082
5223 7070
5224 7017
5225 6947
5226 7056
5227 7054
5228 7137
5229 7187
5230 7255
5231 7232
5232 7322
5233 7379
5234 7296
5235 7196
5236 7087
5237 7077
5238 7071
5239 6901
5240 6939
5241 6938
5242 6951
5243 6759
5244 6718
5245 6644
5246 6708
5247 6629
5248 6584
5249 6377
5250 6451
5251 6394
5252 6367
5253 6288
5254 6467
5255 6471
5256 6553
5257 6668
5258 6519
5259 6484
5260 6581
5261 6456
5262 6485
5263 6543
5264 6656
5265 6786
5266 6722
5267 6641
5268 6597
5269 6645
5270 6686
5271 6801
5272 6775
5273 6800
5274 6816
5275 6809
5276 6863
5277 6834
5278 6812
5279 6843
5280 6825
5281 6943
5282 6825
5283 6767
5284 6731
5285 6727
5286 6546
5287 6504
5288 6494
5289 6484
5290 6445
5291 6575
5292 6574
5293 6389
5294 6429
5295 6476
5296 6434
5297 6471
5298 6464
5299 6313
5300 6370
5301 6368
5302 6195
5303 6223
5304 6185
5305 6064
5306 6081
5307 6195
5308 6143
5309 6221
5310 6175
5311 6127
5312 5919
5313 6033
5314 6150
5315 6173
5316 6210
5317 6283
5318 6452
5319 6421
5320 6564
5321 6644
5322 6625
5323 6703
5324 6669
5325 6757
5326 6727
5327 6775
5328 6847
5329 6879
5330 6901
5331 6913
5332 6958
5333 6919
5334 6994
5335 6999
5336 6922
5337 6975
5338 7098
5339 7075
5340 7124
5341 7316
5342 7358
5343 7346
5344 7438
5345 7544
5346 7511
5347 7596
5348 7529
5349 7366
5350 7385
5351 7355
5352 7161
5353 7187
5354 7285
5355 7196
5356 7094
5357 7075
5358 7206
5359 7242
5360 7197
5361 7038
5362 7034
5363 7162
5364 7116
5365 7165
5366 7163
5367 7194
5368 7068
5369 6964
5370 7029
5371 7067
5372 7194
5373 7069
5374 7107
5375 7108
5376 7159
5377 7168
5378 7221
5379 7250
5380 7243
5381 7142
5382 7163
5383 7193
5384 7289
5385 7275
5386 7237
5387 7149
5388 7151
5389 7173
5390 7177
5391 7282
5392 7356
5393 7317
5394 7279
5395 7259
5396 7193
5397 7076
5398 7072
5399 7021
5400 7009
5401 6999
5402 7010
5403 6970
5404 7039
5405 7125
5406 7161
5407 7023
5408 6962
5409 6994
5410 6963
5411 6806
5412 6887
5413 7029
5414 7075
5415 7128
5416 7144
5417 7219
5418 7169
5419 7095
5420 6986
5421 6898
5422 6830
5423 6901
5424 6962
5425 6953
5426 6923
5427 7060
5428 7196
5429 7208
5430 7195
5431 7289
5432 7288
5433 7366
5434 7413
5435 7320
5436 7400
5437 7361
5438 7395
5439 7309
5440 7245
5441 7359
5442 7296
5443 7383
5444 7436
5445 7399
5446 7398
5447 7470
5448 7456
5449 7472
5450 7517
5451 7563
5452 7566
5453 7443
5454 7446
5455 7373
5456 7431
5457 7455
5458 7365
5459 7427
5460 7425
5461 7414
5462 7407
5463 7483
5464 7503
5465 7472
5466 7404
5467 7491
5468 7412
5469 7464
5470 7420
5471 7567
5472 7561
5473 7547
5474 7448
5475 7410
5476 7347
5477 7324
5478 7377
5479 7404
5480 7338
5481 7420
5482 7498
5483 7616
5484 7641
5485 7616
5486 7694
5487 7698
5488 7726
5489 7551
5490 7432
5491 7389
5492 7568
5493 7555
5494 7525
5495 7586
5496 7601
5497 7611
5498 7576
5499 7665
5500 7717
5501 7682
5502 7651
5503 7773
5504 7743
5505 7698
5506 7694
5507 7652
5508 7597
5509 7599
5510 7572
5511 7633
5512 7679
5513 7590
5514 7596
5515 7583
5516 7583
5517 7631
5518 7653
5519 7565
5520 7558
5521 7514
5522 7382
5523 7423
5524 7396
5525 7441
5526 7391
5527 7295
5528 7292
5529 7331
5530 7265
5531 7433
5532 7299
5533 7318
5534 7252
5535 7285
5536 7307
5537 7512
5538 7528
5539 7613
5540 7641
5541 7683
5542 7753
5543 7726
5544 7742
5545 7726
5546 7848
5547 7933
5548 7884
5549 7972
5550 7948
5551 7883
5552 7654
5553 7565
5554 7540
5555 7543
5556 7538
5557 7694
5558 7817
5559 7737
5560 7649
5561 7604
5562 7608
5563 7466
5564 7456
5565 7509
5566 7630
5567 7671
5568 7791
5569 7756
5570 7690
5571 7487
5572 7443
5573 7487
5574 7495
5575 7538
5576 7492
5577 7546
5578 7526
5579 7565
5580 7683
5581 7819
5582 7910
5583 8030
5584 7980
5585 8082
5586 8116
5587 7910
5588 7979
5589 7885
5590 7922
5591 7923
5592 7962
5593 8055
5594 7946
5595 7978
5596 8003
5597 7988
5598 8029
5599 7979
5600 8095
5601 8252
5602 8264
5603 8240
5604 8129
5605 8097
5606 7951
5607 7884
5608 7790
5609 7811
5610 7669
5611 7716
5612 7766
5613 7859
5614 7864
5615 7893
5616 7866
5617 7813
5618 7763
5619 7901
5620 7782
5621 7752
5622 7860
5623 7871
5624 7988
5625 8006
5626 8057
5627 7984
5628 8029
5629 8019
5630 8112
5631 8036
5632 7886
5633 7810
5634 7897
5635 7908
5636 7808
5637 7998
5638 7952
5639 7899
5640 7913
5641 8030
5642 8123
5643 8063
5644 8015
5645 7922
5646 7814
5647 7823
5648 7859
5649 7851
5650 7902
5651 7900
5652 7917
5653 7877
5654 7823
5655 7893
5656 7972
5657 7937
5658 8013
5659 7956
5660 7972
5661 7934
5662 8052
5663 7979
5664 7820
5665 7881
5666 7964
5667 8029
5668 7928
5669 7981
5670 7863
5671 7906
5672 7819
5673 7848
5674 7946
5675 7927
5676 7948
5677 7936
5678 7894
5679 7829
5680 7744
5681 7869
5682 7943
5683 7876
5684 7961
5685 7867
5686 7996
5687 7805
5688 7854
5689 8061
5690 7816
5691 7798
5692 7788
5693 7701
5694 7646
5695 7525
5696 7684
5697 7722
5698 7780
5699 7831
5700 7715
5701 7518
5702 7577
5703 7624
5704 7590
5705 7617
5706 7485
5707 7487
5708 7545
5709 7556
5710 7521
5711 7542
5712 7336
5713 7397
5714 7492
5715 7629
5716 7667
5717 7518
5718 7389
5719 7387
5720 7387
5721 7468
5722 7410
5723 7479
5724 7505
5725 7493
5726 7484
5727 7569
5728 7542
5729 7489
5730 7292
5731 7283
5732 7421
5733 7550
5734 7433
5735 7517
5736 7493
5737 7591
5738 7525
5739 7556
5740 7423
5741 7313
5742 7325
5743 7302
5744 7253
5745 7357
5746 7476
5747 7424
5748 7461
5749 7420
5750 7321
5751 7218
5752 7178
5753 7163
5754 7183
5755 7309
5756 7295
5757 7408
5758 7519
5759 7418
5760 7339
5761 7375
5762 7403
5763 7437
5764 7409
5765 7424
5766 7435
5767 7370
5768 7384
5769 7450
5770 7367
5771 7238
5772 7128
5773 7171
5774 7291
5775 7226
5776 7202
5777 7225
5778 7105
5779 7196
5780 7257
5781 7234
5782 7214
5783 7317
5784 7284
5785 7192
5786 7239
5787 7347
5788 7250
5789 7255
5790 7109
5791 7059
5792 6989
5793 6947
5794 6981
5795 6965
5796 6928
5797 6806
5798 6752
5799 6614
5800 6657
5801 6792
5802 6785
5803 6933
5804 6919
5805 6950
5806 6897
5807 6926
5808 6987
5809 7015
5810 7101
5811 7107
5812 7110
5813 7094
5814 7142
5815 7242
5816 7216
5817 7231
5818 7151
5819 7103
5820 6998
5821 6910
5822 6830
5823 6809
5824 6850
5825 6880
5826 6810
5827 6898
5828 6947
5829 6941
5830 7003
5831 7174
5832 7183
5833 7099
5834 7028
5835 6970
5836 7083
5837 7009
5838 6942
5839 7036
5840 6992
5841 6982
5842 7009
5843 6987
5844 7153
5845 7273
5846 7308
5847 7296
5848 7378
5849 7326
5850 7301
5851 7278
5852 7276
5853 7267
5854 7298
5855 7319
5856 7309
5857 7410
5858 7563
5859 7628
5860 7547
5861 7531
5862 7337
5863 7347
5864 7298
5865 7303
5866 7277
5867 7357
5868 7373
5869 7458
5870 7425
5871 7382
5872 7349
5873 7392
5874 7423
5875 7482
5876 7494
5877 7410
5878 7452
5879 7522
5880 7493
5881 7533
5882 7460
5883 7473
5884 7307
5885 7258
5886 7261
5887 7325
5888 7252
5889 7342
5890 7400
5891 7425
5892 7383
5893 7299
5894 7186
5895 7184
5896 7177
5897 7128
5898 7205
5899 7120
5900 7168
5901 7212
5902 7242
5903 7214
5904 7311
5905 7214
5906 7260
5907 7158
5908 7213
5909 7199
5910 7191
5911 7021
5912 6983
5913 7003
5914 7091
5915 7061
5916 7098
5917 7259
5918 7186
5919 7207
5920 7169
5921 7148
5922 7147
5923 7121
5924 7078
5925 7228
5926 7201
5927 7214
5928 7144
5929 7250
5930 7288
5931 7314
5932 7339
5933 7390
5934 7320
5935 7444
5936 7478
5937 7438
5938 7534
5939 7562
5940 7571
5941 7624
5942 7531
5943 7415
5944 7529
5945 7477
5946 7475
5947 7415
5948 7309
5949 7450
5950 7475
5951 7517
5952 7292
5953 7417
5954 7482
5955 7448
5956 7519
5957 7589
5958 7381
5959 7305
5960 7272
5961 7278
5962 7345
5963 7474
5964 7518
5965 7496
5966 7499
5967 7487
5968 7575
5969 7629
5970 7615
5971 7528
5972 7576
5973 7515
5974 7593
5975 7478
5976 7484
5977 7427
5978 7521
5979 7603
5980 7525
5981 7487
5982 7603
5983 7557
5984 7593
5985 7574
5986 7532
5987 7418
5988 7304
5989 7211
5990 7240
5991 7286
5992 7235
5993 7255
5994 7161
5995 7231
5996 7293
5997 7206
5998 7041
5999 6994
6000 7070
6001 7284
6002 7575
6003 7706
6004 7715
6005 7784
6006 7810
6007 7708
6008 7751
6009 7781
6010 7974
6011 8062
6012 8105
6013 8137
6014 8015
6015 7946
6016 7884
6017 7936
6018 8045
6019 8013
6020 8015
6021 7944
6022 7894
6023 7821
6024 7747
6025 7843
6026 7918
6027 7978
6028 8006
6029 8045
6030 8009
6031 7879
6032 7739
6033 7822
6034 7695
6035 7636
6036 7737
6037 7829
6038 7741
6039 7665
6040 7628
6041 7490
6042 7501
6043 7506
6044 7423
6045 7384
6046 7450
6047 7393
6048 7355
6049 7347
6050 7373
6051 7447
6052 7569
6053 7592
6054 7626
6055 7495
6056 7512
6057 7500
6058 7453
6059 7482
6060 7492
6061 7624
6062 7602
6063 7672
6064 7781
6065 7757
6066 7564
6067 7628
6068 7696
6069 7634
6070 7587
6071 7721
6072 7716
6073 7753
6074 7728
6075 7694
6076 7670
6077 7672
6078 7777
6079 7907
6080 7802
6081 7723
6082 7723
6083 7884
6084 7888
6085 8032
6086 7920
6087 7914
6088 7980
6089 8081
6090 8245
6091 8398
6092 8424
6093 8264
6094 8319
6095 8239
6096 8216
6097 8161
6098 8164
6099 8172
6100 8036
6101 8003
6102 8124
6103 8081
6104 7935
6105 7961
6106 8002
6107 7988
6108 8001
6109 7978
6110 8061
6111 8034
6112 8104
6113 8156
6114 8150
6115 8396
6116 8325
6117 8186
6118 8010
6119 8136
6120 8164
6121 8171
6122 8297
6123 8270
6124 8115
6125 8288
6126 8328
6127 8383
6128 8396
6129 8342
6130 8372
6131 8150
6132 8102
6133 8033
6134 8033
6135 8152
6136 8253
6137 8290
6138 8259
6139 8172
6140 8218
6141 8190
6142 8188
6143 8215
6144 8247
6145 8242
6146 8315
6147 8181
6148 8171
6149 8221
6150 8135
6151 8169
6152 8248
6153 8355
6154 8283
6155 8367
6156 8423
6157 8476
6158 8604
6159 8602
6160 8530
6161 8399
6162 8384
6163 8453
6164 8507
6165 8512
6166 8488
6167 8620
6168 8586
6169 8787
6170 8730
6171 8699
6172 8744
6173 8784
6174 8662
6175 8569
6176 8420
6177 8345
6178 8321
6179 8318
6180 8440
6181 8612
6182 8503
6183 8531
6184 8581
6185 8744
6186 8764
6187 8778
6188 8694
6189 8640
6190 8691
6191 8718
6192 8731
6193 8567
6194 8535
6195 8626
6196 8578
6197 8574
6198 8560
6199 8513
6200 8680
6201 8767
6202 8885
6203 8872
6204 9017
6205 8911
6206 8887
6207 8939
6208 8994
6209 9003
6210 9071
6211 9254
6212 9313
6213 9305
6214 9367
6215 9221
6216 9276
6217 9316
6218 9308
6219 9502
6220 9485
6221 9521
6222 9406
6223 9420
6224 9347
6225 9374
6226 9412
6227 9390
6228 9375
6229 9369
6230 9429
6231 9416
6232 9472
6233 9529
6234 9488
6235 9519
6236 9384
6237 9289
6238 9324
6239 9409
6240 9507
6241 9608
6242 9658
6243 9817
6244 9920
6245 9671
6246 9660
6247 9682
6248 9654
6249 9756
6250 9790
6251 9925
6252 9863
6253 9787
6254 9677
6255 9659
6256 9573
6257 9497
6258 9535
6259 9392
6260 9479
6261 9440
6262 9461
6263 9333
6264 9153
6265 9183
6266 9246
6267 9326
6268 9281
6269 9315
6270 9228
6271 9023
6272 8981
6273 9013
6274 8950
6275 9052
6276 9086
6277 9194
6278 9189
6279 9256
6280 9194
6281 9055
6282 9074
6283 8968
6284 9024
6285 9020
6286 9075
6287 9047
6288 9101
6289 9162
6290 9051
6291 9056
6292 8788
6293 8719
6294 8616
6295 8487
6296 8529
6297 8604
6298 8636
6299 8619
6300 8717
6301 8767
6302 8753
6303 8652
6304 8647
6305 8651
6306 8756
6307 8778
6308 8875
6309 8922
6310 9028
6311 9186
6312 9051
6313 9205
6314 9242
6315 9332
6316 9146
6317 9169
6318 9045
6319 8988
6320 9112
6321 9087
6322 9018
6323 9040
6324 8955
6325 8817
6326 8957
6327 8927
6328 8904
6329 8800
6330 8681
6331 8795
6332 8778
6333 8838
6334 8638
6335 8795
6336 8926
6337 9055
6338 9112
6339 9157
6340 9122
6341 8961
6342 9001
6343 9047
6344 9274
6345 9265
6346 9251
6347 9308
6348 9453
6349 9486
6350 9758
6351 9561
6352 9649
6353 9515
6354 9382
6355 9445
6356 9335
6357 9378
6358 9450
6359 9433
6360 9475
6361 9351
6362 9258
6363 9242
6364 9164
6365 9222
6366 9417
6367 9314
6368 9539
6369 9628
6370 9683
6371 9635
6372 9811
6373 9695
6374 9839
6375 9713
6376 9685
6377 9705
6378 9756
6379 9747
6380 9859
6381 9891
6382 9833
6383 9687
6384 9679
6385 9630
6386 9575
6387 9635
6388 9631
6389 9736
6390 9701
6391 9790
6392 9785
6393 9812
6394 9930
6395 9946
6396 9979
6397 9947
6398 9973
6399 18
6400 14
6401 9993
6402 87
6403 9962
6404 9834
6405 9882
6406 9895
6407 9956
6408 36
6409 13
6410 9959
6411 9999
6412 6
6413 94
6414 42
6415 72
6416 86
6417 195
6418 171
6419 328
6420 373
6421 406
6422 418
6423 296
6424 307
6425 250
6426 335
6427 309
6428 330
6429 278
6430 157
6431 138
6432 30
6433 18
6434 34
6435 9990
6436 9939
6437 9944
6438 9999
6439 9921
6440 9853
6441 5
6442 9962
6443 9771
6444 9685
6445 9765
6446 9796
6447 9747
6448 9755
6449 9865
6450 9911
6451 9952
6452 9989
6453 83
6454 61
6455 94
6456 9910
6457 9991
6458 17
6459 41
6460 112
6461 49
6462 86
6463 9946
6464 9948
6465 75
6466 16
6467 152
6468 163
6469 9999
6470 9934
6471 9891
6472 9936
6473 9979
6474 9959
6475 9875
6476 9996
6477 6
6478 9909
6479 9863
6480 9791
6481 9681
6482 9830
6483 9890
6484 9944
6485 22
6486 126
6487 137
6488 177
6489 214
6490 216
6491 189
6492 123
6493 11
6494 9939
6495 9662
6496 9810
6497 9755
6498 9857
6499 9880
6500 9916
6501 19
6502 58
6503 9889
6504 9859
6505 9843
6506 9719
6507 9831
6508 9835
6509 9895
6510 9822
6511 9781
6512 9760
6513 9731
6514 9638
6515 9538
6516 9533
6517 9622
6518 9460
6519 9357
6520 9367
6521 9521
6522 9576
6523 9622
6524 9688
6525 9831
6526 9784
6527 9644
6528 9502
6529 9331
6530 9286
6531 9217
6532 9079
6533 8996
6534 8897
6535 8870
6536 8994
6537 8917
6538 8975
6539 8995
6540 8899
6541 8931
6542 9038
6543 9013
6544 9049
6545 9088
6546 9143
6547 9148
6548 9104
6549 8928
6550 8883
6551 8995
6552 9046
6553 9016
6554 8878
6555 8986
6556 8925
6557 9111
6558 9353
6559 9470
6560 9461
6561 9611
6562 9657
6563 9537
6564 9579
6565 9425
6566 9418
6567 9478
6568 9474
6569 9512
6570 9592
6571 9371
6572 9434
6573 9407
6574 9533
6575 9771
6576 9720
6577 9776
6578 9605
6579 9476
6580 9526
6581 9450
6582 9224
6583 9255
6584 9251
6585 9346
6586 9487
6587 9468
6588 9548
6589 9597
6590 9825
6591 9788
6592 9638
6593 9777
6594 9768
6595 9961
6596 9899
6597 9779
6598 9808
6599 9869
6600 9869
6601 9891
6602 9853
6603 9792
6604 9700
6605 9706
6606 9600
6607 9815
6608 9751
6609 9779
6610 9813
6611 9824
6612 9810
6613 9884
6614 9842
6615 9883
6616 9927
6617 9970
6618 9968
6619 147
6620 324
6621 259
6622 489
6623 429
6624 427
6625 433
6626 546
6627 646
6628 497
6629 333
6630 481
6631 268
6632 297
6633 313
6634 264
6635 242
6636 139
6637 291
6638 149
6639 163
6640 135
6641 231
6642 151
6643 227
6644 252
6645 133
6646 115
6647 9989
6648 8
6649 75
6650 9981
6651 62
6652 86
6653 2
6654 118
6655 122
6656 38
6657 24
6658 13
6659 165
6660 20
6661 9927
6662 9839
6663 7
6664 51
6665 15
6666 9972
6667 65
6668 195
6669 354
6670 236
6671 287
6672 316
6673 355
6674 346
6675 264
6676 358
6677 229
6678 118
6679 47
6680 9976
6681 9949
6682 9764
6683 9597
6684 9660
6685 9684
6686 9598
6687 9717
6688 9757
6689 9776
6690 9743
6691 9812
6692 9737
6693 9776
6694 9921
6695 9830
6696 9789
6697 9816
6698 9800
6699 9894
6700 9818
6701 9871
6702 9898
6703 18
6704 81
6705 48
6706 9875
6707 3
6708 11
6709 9
6710 3
6711 121
6712 88
6713 26
6714 9882
6715 9792
6716 9590
6717 9648
6718 9664
6719 9814
6720 9810
6721 9790
6722 9784
6723 9762
6724 9807
6725 9686
6726 9750
6727 9799
6728 9769
6729 9675
6730 9737
6731 9751
6732 9734
6733 9626
6734 9705
6735 9719
6736 9707
6737 9705
6738 9722
6739 9741
6740 9874
6741 9785
6742 9797
6743 9747
6744 9600
6745 9414
6746 9389
6747 9171
6748 9190
6749 9488
6750 9328
6751 9381
6752 9457
6753 9561
6754 9492
6755 9560
6756 9526
6757 9651
6758 9654
6759 9641
6760 9628
6761 9776
6762 9863
6763 9870
6764 9865
6765 9861
6766 9766
6767 9805
6768 9727
6769 9721
6770 9811
6771 9949
6772 9985
6773 9993
6774 9964
6775 179
6776 88
6777 97
6778 89
6779 9964
6780 9980
6781 80
6782 28
6783 9990
6784 165
6785 175
6786 203
6787 245
6788 258
6789 226
6790 237
6791 204
6792 225
6793 246
6794 165
6795 107
6796 33
6797 2
6798 25
6799 134
6800 271
6801 309
6802 443
6803 481
6804 473
6805 466
6806 585
6807 617
6808 586
6809 463
6810 585
6811 699
6812 589
6813 637
6814 665
6815 785
6816 821
6817 699
6818 659
6819 569
6820 611
6821 661
6822 630
6823 621
6824 640
6825 544
6826 433
6827 542
6828 692
6829 778
6830 761
6831 850
6832 935
6833 698
6834 699
6835 516
6836 512
6837 536
6838 457
6839 467
6840 422
6841 470
6842 351
6843 280
6844 310
6845 172
6846 125
6847 195
6848 247
6849 43
6850 102
6851 170
6852 11
6853 23
6854 39
6855 191
6856 241
6857 279
6858 400
6859 224
6860 304
6861 192
6862 152
6863 254
6864 268
6865 156
6866 123
6867 167
6868 9999
6869 123
6870 201
6871 73
6872 9940
6873 9913
6874 9944
6875 21
6876 9963
6877 9980
6878 9830
6879 9709
6880 9689
6881 9625
6882 9665
6883 9782
6884 9955
6885 9908
6886 9872
6887 75
6888 9895
6889 9716
6890 9834
6891 9780
6892 9633
6893 9670
6894 9796
6895 9663
6896 9555
6897 9710
6898 9714
6899 9760
6900 9686
6901 9724
6902 9732
6903 9777
6904 9915
6905 129
6906 9962
6907 108
6908 135
6909 9975
6910 108
6911 130
6912 74
6913 41
6914 125
6915 20
6916 9979
6917 9965
6918 6
6919 9855
6920 9769
6921 9840
6922 9963
6923 12
6924 44
6925 9880
6926 9910
6927 9875
6928 9675
6929 9719
6930 9825
6931 9858
6932 9841
6933 9804
6934 9626
6935 9585
6936 9498
6937 9551
6938 9604
6939 9529
6940 9582
6941 9543
6942 9632
6943 9652
6944 9774
6945 9764
6946 9902
6947 9956
6948 9943
6949 9910
6950 9713
6951 9649
6952 9833
6953 9826
6954 9902
6955 9825
6956 9845
6957 9971
6958 9907
6959 23
6960 9968
6961 37
6962 66
6963 44
6964 76
6965 94
6966 71
6967 110
6968 44
6969 175
6970 224
6971 220
6972 152
6973 52
6974 9834
6975 9809
6976 9894
6977 9907
6978 9936
6979 9879
6980 9878
6981 9714
6982 9812
6983 9858
6984 9810
6985 9870
6986 9800
6987 9852
6988 9755
6989 9708
6990 9619
6991 9687
6992 9706
6993 9799
6994 9869
6995 9862
6996 9798
6997 9785
6998 9857
6999 9800
7000 9766
7001 9843
7002 9848
7003 9799
7004 9839
7005 9783
7006 9795
7007 9531
7008 9495
7009 9428
7010 9268
7011 9231
7012 9179
7013 9059
7014 9054
7015 9065
7016 9091
7017 9265
7018 9226
7019 9109
7020 9081
7021 9086
7022 9149
7023 9085
7024 9160
7025 9038
7026 8937
7027 8948
7028 8867
7029 8731
7030 8738
7031 8736
7032 8850
7033 8857
7034 8883
7035 8988
7036 8985
7037 8953
7038 8971
7039 8988
7040 8984
7041 8988
7042 8763
7043 8805
7044 8793
7045 8729
7046 8726
7047 8702
7048 8629
7049 8877
7050 8959
7051 8984
7052 9013
7053 9012
7054 9050
7055 9202
7056 9343
7057 9434
7058 9327
7059 9407
7060 9519
7061 9531
7062 9506
7063 9518
7064 9634
7065 9846
7066 9884
7067 9910
7068 9836
7069 9956
7070 9962
7071 9931
7072 9871
7073 97
7074 158
7075 135
7076 71
7077 9974
7078 9872
7079 9726
7080 9697
7081 9441
7082 9420
7083 9498
7084 9536
7085 9628
7086 9679
7087 9823
7088 9915
7089 9915
7090 9850
7091 9903
7092 118
7093 327
7094 338
7095 324
7096 402
7097 484
7098 557
7099 537
7100 688
7101 698
7102 731
7103 663
7104 751
7105 659
7106 657
7107 596
7108 546
7109 584
7110 548
7111 626
7112 737
7113 760
7114 940
7115 916
7116 770
7117 833
7118 798
7119 671
7120 586
7121 556
7122 414
7123 485
7124 445
7125 700
7126 851
7127 883
7128 778
7129 663
7130 699
7131 587
7132 547
7133 601
7134 478
7135 286
7136 395
7137 405
7138 286
7139 241
7140 61
7141 16
7142 124
7143 167
7144 81
7145 54
7146 61
7147 78
7148 99
7149 118
7150 173
7151 61
7152 13
7153 4
7154 66
7155 9956
7156 9851
7157 9720
7158 9935
7159 9935
7160 9937
7161 9939
7162 9824
7163 9780
7164 9920
7165 9849
7166 2
7167 9815
7168 9708
7169 9633
7170 9610
7171 9580
7172 9490
7173 9587
7174 9418
7175 9454
7176 9651
7177 9422
7178 9534
7179 9360
7180 9553
7181 9709
7182 9709
7183 9568
7184 9498
7185 9513
7186 9641
7187 9756
7188 9761
7189 9854
7190 9780
7191 9844
7192 9979
7193 12
7194 9994
7195 9907
7196 9899
7197 9895
7198 9758
7199 9659
7200 9529
7201 9503
7202 9500
7203 9650
7204 9712
7205 9634
7206 9583
7207 9656
7208 9716
7209 9812
7210 9993
7211 9995
7212 95
7213 74
7214 30
7215 9955
7216 59
7217 9999
7218 37
7219 9977
7220 73
7221 188
7222 225
7223 239
7224 233
7225 387
7226 360
7227 480
7228 443
7229 549
7230 368
7231 377
7232 258
7233 175
7234 49
7235 19
7236 87
7237 9978
7238 9825
7239 9819
7240 9915
7241 9884
7242 9627
7243 9607
7244 9729
7245 9740
7246 9725
7247 9606
7248 9664
7249 9577
7250 9480
7251 9528
7252 9337
7253 9364
7254 9224
7255 9270
7256 9457
7257 9503
7258 9678
7259 9732
7260 9753
7261 9845
7262 9850
7263 9895
7264 9858
7265 9863
7266 9930
7267 9835
7268 9861
7269 9820
7270 9788
7271 9800
7272 9808
7273 9673
7274 9740
7275 9715
7276 9502
7277 9558
7278 9427
7279 9262
7280 9306
7281 9303
7282 9285
7283 9329
7284 9303
7285 9387
7286 9312
7287 9375
7288 9412
7289 9269
7290 9588
7291 9703
7292 9588
7293 9638
7294 9647
7295 9659
7296 9525
7297 9532
7298 9580
7299 9727
7300 9717
7301 9624
7302 9706
7303 9738
7304 9678
7305 9691
7306 9859
7307 9846
7308 9852
7309 9875
7310 9893
7311 9
7312 9949
7313 9920
7314 9804
7315 9842
7316 9954
7317 58
7318 38
7319 131
7320 187
7321 227
7322 277
7323 203
7324 261
7325 113
7326 170
7327 225
7328 293
7329 248
7330 190
7331 296
7332 332
7333 287
7334 238
7335 266
7336 120
7337 124
7338 133
7339 141
7340 49
7341 9945
7342 9914
7343 31
7344 8
7345 9940
7346 84
7347 134
7348 9909
7349 9923
7350 9918
7351 8
7352 40
7353 118
7354 98
7355 13
7356 74
7357 180
7358 203
7359 255
7360 110
7361 156
7362 251
7363 314
7364 401
7365 373
7366 432
7367 440
7368 373
7369 337
7370 296
7371 263
7372 362
7373 415
7374 472
7375 520
7376 599
7377 618
7378 564
7379 440
7380 540
7381 731
7382 696
7383 739
7384 629
7385 520
7386 534
7387 465
7388 589
7389 887
7390 687
7391 742
7392 753
7393 774
7394 740
7395 587
7396 622
7397 594
7398 553
7399 615
7400 721
7401 608
7402 823
7403 852
7404 891
7405 782
7406 787
7407 779
7408 834
7409 711
7410 533
7411 476
7412 587
7413 698
7414 678
7415 721
7416 654
7417 647
7418 478
7419 502
7420 519
7421 431
7422 403
7423 444
7424 395
7425 343
7426 371
7427 346
7428 501
7429 589
7430 750
7431 896
7432 797
7433 850
7434 837
7435 745
7436 733
7437 734
7438 717
7439 750
7440 594
7441 598
7442 613
7443 678
7444 606
7445 535
7446 525
7447 569
7448 717
7449 937
7450 904
7451 927
7452 832
7453 826
7454 715
7455 696
7456 747
7457 829
7458 917
7459 821
7460 883
7461 839
7462 802
7463 867
7464 746
7465 754
7466 573
7467 577
7468 571
7469 651
7470 679
7471 793
7472 802
7473 639
7474 483
7475 428
7476 417
7477 459
7478 523
7479 531
7480 630
7481 624
7482 652
7483 663
7484 620
7485 592
7486 463
7487 523
7488 374
7489 536
7490 461
7491 451
7492 326
7493 363
7494 374
7495 256
7496 180
7497 358
7498 354
7499 275
7500 238
7501 128
7502 86
7503 7
7504 148
7505 163
7506 239
7507 125
7508 9992
7509 9917
7510 9908
7511 32
7512 53
7513 264
7514 361
7515 127
7516 232
7517 265
7518 176
7519 19
7520 17
7521 9972
7522 9851
7523 9840
7524 9777
7525 9679
7526 9719
7527 9617
7528 9565
7529 9606
7530 9573
7531 9545
7532 9453
7533 9509
7534 9271
7535 9373
7536 9294
7537 9149
7538 9232
7539 9330
7540 9410
7541 9604
7542 9684
7543 9841
7544 9978
7545 68
7546 9927
7547 9746
7548 9832
7549 9908
7550 9895
7551 9914
7552 9829
7553 9911
7554 84
7555 130
7556 45
7557 18
7558 92
7559 22
7560 125
7561 40
7562 9951
7563 9848
7564 9910
7565 9980
7566 9878
7567 9798
7568 9697
7569 9741
7570 9749
7571 9778
7572 9591
7573 9534
7574 9443
7575 9444
7576 9261
7577 9431
7578 9325
7579 9064
7580 9116
7581 9238
7582 9306
7583 9463
7584 9455
7585 9440
7586 9615
7587 9792
7588 9797
7589 9616
7590 9503
7591 9530
7592 9373
7593 9216
7594 9210
7595 9226
7596 9234
7597 9137
7598 9255
7599 9332
7600 9531
7601 9539
7602 9522
7603 9613
7604 9698
7605 9682
7606 9597
7607 9568
7608 9638
7609 9688
7610 9639
7611 9606
7612 9604
7613 9477
7614 9464
7615 9267
7616 9324
7617 9283
7618 9225
7619 9138
7620 9411
7621 9457
7622 9421
7623 9425
7624 9432
7625 9565
7626 9635
7627 9609
7628 9562
7629 9662
7630 9745
7631 9671
7632 9594
7633 9634
7634 9500
7635 9572
7636 9515
7637 9570
7638 9529
7639 9598
7640 9781
7641 9866
7642 9801
7643 9798
7644 9870
7645 9843
7646 9827
7647 9873
7648 9838
7649 9809
7650 9809
7651 9869
7652 9836
7653 9648
7654 9816
7655 9797
7656 9595
7657 9539
7658 9495
7659 9498
7660 9467
7661 9408
7662 9408
7663 9155
7664 9264
7665 9161
7666 9305
7667 9402
7668 9424
7669 9447
7670 9455
7671 9489
7672 9573
7673 9630
7674 9757
7675 9867
7676 9788
7677 9760
7678 9935
7679 9850
7680 9710
7681 9636
7682 9468
7683 9567
7684 9714
7685 9693
7686 9847
7687 9939
7688 9993
7689 22
7690 9958
7691 45
7692 9972
7693 81
7694 176
7695 290
7696 246
7697 286
7698 308
7699 277
7700 138
7701 9941
7702 9996
7703 55
7704 39
7705 103
7706 9976
7707 43
7708 32
7709 109
7710 161
7711 111
7712 128
7713 31
7714 30
7715 9860
7716 9989
7717 96
7718 42
7719 89
7720 203
7721 77
7722 8
7723 13
7724 9882
7725 9804
7726 9822
7727 9865
7728 9944
7729 9889
7730 9828
7731 9815
7732 9912
7733 9943
7734 9914
7735 9798
7736 9992
7737 112
7738 9926
7739 9876
7740 31
7741 84
7742 148
7743 222
7744 42
7745 50
7746 13
7747 9960
7748 9977
7749 9945
7750 9860
7751 9731
7752 9886
7753 9864
7754 9901
7755 9798
7756 9759
7757 9723
7758 9659
7759 9813
7760 9882
7761 9927
7762 9986
7763 9923
7764 24
7765 9999
7766 117
7767 148
7768 231
7769 37
7770 219
7771 230
7772 294
7773 429
7774 423
7775 292
7776 203
7777 222
7778 166
7779 149
7780 105
7781 234
7782 87
7783 182
7784 33
7785 38
7786 42
7787 9971
7788 9997
7789 48
7790 99
7791 125
7792 222
7793 194
7794 77
7795 128
7796 111
7797 228
7798 87
7799 115
7800 69
7801 9946
7802 9974
7803 9960
7804 18
7805 65
7806 79
7807 198
7808 180
7809 129
7810 172
7811 147
7812 248
7813 167
7814 18
7815 9999
7816 157
7817 96
7818 66
7819 9959
7820 9981
7821 9881
7822 9982
7823 9960
7824 134
7825 29
7826 9871
7827 53
7828 56
7829 9965
7830 9846
7831 9784
7832 9942
7833 9837
7834 9914
7835 9852
7836 9813
7837 9794
7838 9744
7839 9757
7840 9928
7841 9845
7842 9864
7843 9906
7844 9993
7845 9923
7846 63
7847 40
7848 107
7849 135
7850 97
7851 329
7852 259
7853 157
7854 284
7855 240
7856 287
7857 140
7858 120
7859 203
7860 353
7861 223
7862 307
7863 327
7864 220
7865 229
7866 29
7867 9936
7868 9908
7869 9879
7870 9954
7871 9942
7872 9847
7873 9883
7874 9788
7875 9763
7876 9753
7877 9662
7878 9808
7879 9946
7880 9933
7881 9970
7882 91
7883 174
7884 283
7885 260
7886 263
7887 305
7888 246
7889 336
7890 293
7891 437
7892 473
7893 373
7894 346
7895 198
7896 119
7897 9916
7898 9908
7899 9766
7900 9747
7901 9720
7902 9800
7903 9743
7904 9651
7905 9646
7906 9604
7907 9525
7908 9444
7909 9344
7910 9341
7911 9318
7912 9203
7913 9191
7914 9039
7915 9049
7916 9009
7917 9042
7918 9013
7919 9043
7920 9270
7921 9381
7922 9297
7923 9490
7924 9531
7925 9600
7926 9561
7927 9443
7928 9513
7929 9586
7930 9448
7931 9531
7932 9580
7933 9652
7934 9618
7935 9607
7936 9637
7937 9645
7938 9633
7939 9561
7940 9553
7941 9625
7942 9506
7943 9483
7944 9447
7945 9447
7946 9311
7947 9459
7948 9526
7949 9493
7950 9384
7951 9358
7952 9526
7953 9642
7954 9672
7955 9547
7956 9499
7957 9448
7958 9398
7959 9377
7960 9357
7961 9505
7962 9524
7963 9394
7964 9429
7965 9500
7966 9603
7967 9779
7968 9890
7969 9801
7970 9814
7971 9798
7972 9768
7973 9774
7974 9811
7975 9836
7976 9769
7977 9908
7978 9851
7979 9856
7980 9884
7981 9895
7982 9796
7983 9824
7984 9806
7985 9831
7986 9872
7987 9707
7988 9728
7989 9645
7990 9624
7991 9627
7992 9732
7993 9923
7994 9984
7995 9934
7996 9984
7997 98
7998 119
7999 147
8000 163
8001 41
8002 4
8003 9967
8004 106
8005 88
8006 230
8007 274
8008 286
8009 242
8010 392
8011 371
8012 554
8013 625
8014 727
8015 684
8016 675
8017 764
8018 683
8019 660
8020 831
8021 875
8022 1067
8023 952
8024 1059
8025 1019
8026 1006
8027 1012
8028 1150
8029 1350
8030 1334
8031 1171
8032 1271
8033 1385
8034 1501
8035 1582
8036 1684
8037 1744
8038 1706
8039 1656
8040 1507
8041 1607
8042 1492
8043 1549
8044 1575
8045 1698
8046 1667
8047 1574
8048 1853
8049 1790
8050 1643
8051 1681
8052 1668
8053 1693
8054 1749
8055 1853
8056 1943
8057 1897
8058 1853
8059 1951
8060 1938
8061 2052
8062 2114
8063 2134
8064 2496
8065 2580
8066 2758
8067 2725
8068 2811
8069 2894
8070 2968
8071 3137
8072 3268
8073 3104
8074 3156
8075 3166
8076 3168
8077 3186
8078 3213
8079 3316
8080 3359
8081 3152
8082 3250
8083 3239
8084 3274
8085 3182
8086 3231
8087 3162
8088 3161
8089 3012
8090 2997
8091 3145
8092 3152
8093 3228
8094 3254
8095 3467
8096 3372
8097 3290
8098 3348
8099 3347
8100 3297
8101 3379
8102 3405
8103 3311
8104 3180
8105 3292
8106 3261
8107 3290
8108 3220
8109 3279
8110 3195
8111 3003
8112 2972
8113 3025
8114 3074
8115 3017
8116 3156
8117 3184
8118 3245
8119 3210
8120 3376
8121 3360
8122 3314
8123 3259
8124 3185
8125 3239
8126 3335
8127 3349
8128 3252
8129 3127
8130 3136
8131 3265
8132 3277
8133 3270
8134 3277
8135 3177
8136 3200
8137 3275
8138 3083
8139 3126
8140 3327
8141 3463
8142 3392
8143 3351
8144 3326
8145 3335
8146 3289
8147 3250
8148 3301
8149 3373
8150 3376
8151 3387
8152 3447
8153 3304
8154 3390
8155 3487
8156 3472
8157 3568
8158 3593
8159 3577
8160 3589
8161 3570
8162 3473
8163 3375
8164 3390
8165 3428
8166 3386
8167 3353
8168 3278
8169 3257
8170 3399
8171 3522
8172 3574
8173 3605
8174 3386
8175 3379
8176 3400
8177 3470
8178 3526
8179 3528
8180 3510
8181 3528
8182 3478
8183 3504
8184 3386
8185 3503
8186 3346
8187 3398
8188 3579
8189 3499
8190 3472
8191 3451
8192 3526
8193 3584
8194 3595
8195 3543
8196 3689
8197 3758
8198 3851
8199 3866
8200 3830
8201 4003
8202 3925
8203 3868
8204 3758
8205 3680
8206 3643
8207 3452
8208 3296
8209 3243
8210 3354
8211 3258
8212 3306
8213 3332
8214 3226
8215 3372
8216 3413
8217 3319
8218 3132
8219 3192
8220 2984
8221 2820
8222 2716
8223 2636
8224 2592
8225 2546
8226 2572
8227 2459
8228 2700
8229 2532
8230 2622
8231 2624
8232 2690
8233 2650
8234 2512
8235 2576
8236 2453
8237 2561
8238 2557
8239 2714
8240 2619
8241 2608
8242 2610
8243 2709
8244 2924
8245 2818
8246 2865
8247 2781
8248 2788
8249 2870
8250 2790
8251 2765
8252 2714
8253 2716
8254 2651
8255 2825
8256 2897
8257 2945
8258 2891
8259 2935
8260 2874
8261 2771
8262 2803
8263 2857
8264 2830
8265 2918
8266 2714
8267 2782
8268 2741
8269 2707
8270 2719
8271 2748
8272 2772
8273 2885
8274 3026
8275 3064
8276 3082
8277 3213
8278 3327
8279 3318
8280 3329
8281 3322
8282 3375
8283 3430
8284 3474
8285 3540
8286 3595
8287 3560
8288 3558
8289 3763
8290 3742
8291 3675
8292 3653
8293 3644
8294 3890
8295 3975
8296 3809
8297 3874
8298 3995
8299 3949
8300 3934
8301 3836
8302 3985
8303 3745
8304 3836
8305 3837
8306 3833
8307 3677
8308 3874
8309 3873
8310 3957
8311 3925
8312 3939
8313 3922
8314 3951
8315 3957
8316 4010
8317 3853
8318 3997
8319 4029
8320 4087
8321 4179
8322 4283
8323 4271
8324 4261
8325 4274
8326 4413
8327 4310
8328 4335
8329 4438
8330 4415
8331 4526
8332 4617
8333 4618
8334 4545
8335 4378
8336 4405
8337 4542
8338 4517
8339 4544
8340 4677
8341 4478
8342 4296
8343 4286
8344 4214
8345 4283
8346 4195
8347 4240
8348 4305
8349 4196
8350 4199
8351 4317
8352 4307
8353 4433
8354 4508
8355 4553
8356 4565
8357 4581
8358 4643
8359 4708
8360 4756
8361 4785
8362 4879
8363 4837
8364 4696
8365 4943
8366 4831
8367 5012
8368 5180
8369 5112
8370 5064
8371 5076
8372 4863
8373 4818
8374 4884
8375 4929
8376 4929
8377 4879
8378 4859
8379 4900
8380 4884
8381 4856
8382 4890
8383 4976
8384 4970
8385 4994
8386 4955
8387 5109
8388 4973
8389 5124
8390 5049
8391 5086
8392 5003
8393 5029
8394 5132
8395 5151
8396 5135
8397 5268
8398 5177
8399 5109
8400 5151
8401 5176
8402 5119
8403 5195
8404 5278
8405 5315
8406 5171
8407 5176
8408 5178
8409 5412
8410 5410
8411 5582
8412 5471
8413 5439
8414 5362
8415 5528
8416 5491
8417 5647
8418 5656
8419 5671
8420 5896
8421 6053
8422 5954
8423 5890
8424 5827
8425 5931
8426 5933
8427 6149
8428 6268
8429 6311
8430 6262
8431 6508
8432 6332
8433 6406
8434 6469
8435 6502
8436 6523
8437 6603
8438 6662
8439 6585
8440 6626
8441 6534
8442 6714
8443 6755
8444 6693
8445 6805
8446 6827
8447 6844
8448 6970
8449 6993
8450 7065
8451 6997
8452 7160
8453 7177
8454 7345
8455 7331
8456 7433
8457 7182
8458 7293
8459 7186
8460 7204
8461 7228
8462 7368
8463 7388
8464 7313
8465 7374
8466 7556
8467 7649
8468 7584
8469 7714
8470 7811
8471 7918
8472 7718
8473 7729
8474 7900
8475 7901
8476 7972
8477 8034
8478 8084
8479 8223
8480 8200
8481 8159
8482 8093
8483 8239
8484 8225
8485 8350
8486 8236
8487 8417
8488 8467
8489 8417
8490 8373
8491 8272
8492 8185
8493 8226
8494 8405
8495 8560
8496 8496
8497 8563
8498 8532
8499 8405
8500 8491
8501 8718
8502 8732
8503 8784
8504 8654
8505 8521
8506 8487
8507 8375
8508 8409
8509 8456
8510 8493
8511 8527
8512 8610
8513 8566
8514 8610
8515 8652
8516 8611
8517 8861
8518 8816
8519 8818
8520 8696
8521 8696
8522 8561
8523 8609
8524 8440
8525 8408
8526 8445
8527 8532
8528 8501
8529 8520
8530 8545
8531 8763
8532 8964
8533 8932
8534 8734
8535 8576
8536 8700
8537 8772
8538 8853
8539 9020
8540 8997
8541 9041
8542 8902
8543 8980
8544 9005
8545 9005
8546 8823
8547 8628
8548 8765
8549 8955
8550 8980
8551 8970
8552 8758
8553 8517
8554 8520
8555 8538
8556 8588
8557 8491
8558 8430
8559 8503
8560 8481
8561 8695
8562 8584
8563 8568
8564 8331
8565 8371
8566 8378
8567 8376
8568 8446
8569 8270
8570 8330
8571 8425
8572 8419
8573 8402
8574 8432
8575 8596
8576 8689
8577 8795
8578 8914
8579 8694
8580 8753
8581 8578
8582 8643
8583 8680
8584 8769
8585 8713
8586 8829
8587 8856
8588 8580
8589 8638
8590 8677
8591 8504
8592 8618
8593 8768
8594 8747
8595 8586
8596 8485
8597 8559
8598 8499
8599 8552
8600 8501
8601 8557
8602 8590
8603 8431
8604 8465
8605 8190
8606 8198
8607 8232
8608 8158
8609 8153
8610 8107
8611 8119
8612 7834
8613 7787
8614 7714
8615 7664
8616 7647
8617 7806
8618 7955
8619 8266
8620 8169
8621 8106
8622 7993
8623 7741
8624 7871
8625 7780
8626 7636
8627 7661
8628 7564
8629 7602
8630 7460
8631 7519
8632 7546
8633 7411
8634 7343
8635 7460
8636 7418
8637 7362
8638 7256
8639 7124
8640 7016
8641 6800
8642 6723
8643 6882
8644 6776
8645 6808
8646 6957
8647 6816
8648 6870
8649 7057
8650 7164
8651 7151
8652 7283
8653 7295
8654 7333
8655 7305
8656 7289
8657 7327
8658 7442
8659 7166
8660 7245
8661 7054
8662 7006
8663 7121
8664 7183
8665 7116
8666 7220
8667 7189
8668 7320
8669 7271
8670 7093
8671 7148
8672 7231
8673 7219
8674 7125
8675 7146
8676 6933
8677 6984
8678 7133
8679 7052
8680 6978
8681 6919
8682 7127
8683 7167
8684 7242
8685 7374
8686 7622
8687 7524
8688 7361
8689 7413
8690 7409
8691 7637
8692 7768
8693 7875
8694 7892
8695 8013
8696 7907
8697 7853
8698 7907
8699 8081
8700 7981
8701 8029
8702 8023
8703 7976
8704 8029
8705 8022
8706 8173
8707 8099
8708 8249
8709 8232
8710 8352
8711 8492
8712 8362
8713 8367
8714 8446
8715 8694
8716 8734
8717 8742
8718 8567
8719 8747
8720 8599
8721 8680
8722 8753
8723 8832
8724 8849
8725 8942
8726 8783
8727 8541
8728 8483
8729 8283
8730 8356
8731 8423
8732 8521
8733 8326
8734 8201
8735 8256
8736 8172
8737 8123
8738 8177
8739 8246
8740 8389
8741 8396
8742 8255
8743 8330
8744 8272
8745 8137
8746 8049
8747 8231
8748 8058
8749 8051
8750 7988
8751 8157
8752 8146
8753 8164
8754 8243
8755 8330
8756 8253
8757 8419
8758 8629
8759 8602
8760 8617
8761 8540
8762 8578
8763 8473
8764 8611
8765 8751
8766 8867
8767 8856
8768 8889
8769 8804
8770 8619
8771 8651
8772 8628
8773 8525
8774 8459
8775 8504
8776 8474
8777 8281
8778 8333
8779 8413
8780 8346
8781 8244
8782 8202
8783 8236
8784 8277
8785 8182
8786 8067
8787 7984
8788 8055
8789 8045
8790 7955
8791 7933
8792 8004
8793 8085
8794 7906
8795 8050
8796 8166
8797 8116
8798 7856
8799 7659
8800 7560
8801 7472
8802 7364
8803 7321
8804 7324
8805 7434
8806 7542
8807 7484
8808 7236
8809 7234
8810 7217
8811 7207
8812 7223
8813 7356
8814 7214
8815 7276
8816 7311
8817 7200
8818 7134
8819 7337
8820 7601
8821 7770
8822 7696
8823 7721
8824 7687
8825 7487
8826 7301
8827 7162
8828 7169
8829 7250
8830 6989
8831 6975
8832 6888
8833 6963
8834 7062
8835 7006
8836 7027
8837 7007
8838 7039
8839 6951
8840 6715
8841 6775
8842 6768
8843 6828
8844 6786
8845 6867
8846 6747
8847 6735
8848 6830
8849 6868
8850 6759
8851 6678
8852 6630
8853 6826
8854 6768
8855 6918
8856 6968
8857 7137
8858 7149
8859 7022
8860 7140
8861 7090
8862 7097
8863 7075
8864 7318
8865 7266
8866 7281
8867 7271
8868 7015
8869 7117
8870 7034
8871 6992
8872 6929
8873 6881
8874 6927
8875 7153
8876 7135
8877 7166
8878 7001
8879 7097
8880 7135
8881 7038
8882 6956
8883 6893
8884 7104
8885 7091
8886 7093
8887 7096
8888 7017
8889 7138
8890 7092
8891 6942
8892 6922
8893 6913
8894 7026
8895 6940
8896 6814
8897 6936
8898 6816
8899 6743
8900 6694
8901 6541
8902 6462
8903 6457
8904 6616
8905 6721
8906 6588
8907 6506
8908 6480
8909 6624
8910 6709
8911 6791
8912 6582
8913 6608
8914 6738
8915 6839
8916 6974
8917 7062
8918 7098
8919 7138
8920 6988
8921 6998
8922 6978
8923 6833
8924 6816
8925 6804
8926 6931
8927 7062
8928 6985
8929 7040
8930 7128
8931 7165
8932 7273
8933 7199
8934 7182
8935 7051
8936 7004
8937 7084
8938 6908
8939 6966
8940 7033
8941 6965
8942 6830
8943 6710
8944 6781
8945 6682
8946 6735
8947 6871
8948 6967
8949 6922
8950 6846
8951 6894
8952 6871
8953 6861
8954 6976
8955 6869
8956 6953
8957 6926
8958 6954
8959 6873
8960 7025
8961 6983
8962 6942
8963 6833
8964 6872
8965 6835
8966 6898
8967 6892
8968 6900
8969 6784
8970 6831
8971 7032
8972 7061
8973 6886
8974 6848
8975 6904
8976 6974
8977 7041
8978 7268
8979 7335
8980 7185
8981 7168
8982 7432
8983 7580
8984 7352
8985 7280
8986 7128
8987 7161
8988 7196
8989 7255
8990 7230
8991 7389
8992 7300
8993 7462
8994 7281
8995 7335
8996 7221
8997 7053
8998 6962
8999 6910
9000 7014
9001 7058
9002 6930
9003 6822
9004 6714
9005 6795
9006 6790
9007 6648
9008 6457
9009 6337
9010 6256
9011 6165
9012 6318
9013 6435
9014 6461
9015 6400
9016 6296
9017 6314
9018 6284
9019 6241
9020 6193
9021 6230
9022 6417
9023 6458
9024 6575
9025 6601
9026 6461
9027 6556
9028 6514
9029 6665
9030 6482
9031 6418
9032 6522
9033 6719
9034 6813
9035 6943
9036 6755
9037 6578
9038 6598
9039 6524
9040 6490
9041 6364
9042 6415
9043 6248
9044 6373
9045 6447
9046 6262
9047 6421
9048 6204
9049 6167
9050 6175
9051 6146
9052 6115
9053 6062
9054 6055
9055 5889
9056 5840
9057 5988
9058 5772
9059 5524
9060 5586
9061 5535
9062 5528
9063 5500
9064 5383
9065 5390
9066 5297
9067 5228
9068 5171
9069 5135
9070 5082
9071 4925
9072 4958
9073 5048
9074 5020
9075 5119
9076 5084
9077 5031
9078 5183
9079 5017
9080 4981
9081 5140
9082 5106
9083 5238
9084 5226
9085 5174
9086 5169
9087 5093
9088 5215
9089 5537
9090 5410
9091 5502
9092 5453
9093 5478
9094 5517
9095 5828
9096 5732
9097 5746
9098 5779
9099 5941
9100 5828
9101 5886
9102 5847
9103 5802
9104 5693
9105 5905
9106 5975
9107 6108
9108 6154
9109 5966
9110 6217
9111 6185
9112 6155
9113 6060
9114 6149
9115 6223
9116 6216
9117 6351
9118 6415
9119 6532
9120 6663
9121 6638
9122 6641
9123 6713
9124 6552
9125 6429
9126 6272
9127 6270
9128 6153
9129 6287
9130 6156
9131 6178
9132 6016
9133 5973
9134 5939
9135 5971
9136 6136
9137 6046
9138 6143
9139 6187
9140 6276
9141 6360
9142 6460
9143 6534
9144 6711
9145 6845
9146 6861
9147 7046
9148 7200
9149 7152
9150 7492
9151 7557
9152 7481
9153 7604
9154 7731
9155 7807
9156 7900
9157 8100
9158 8252
9159 8371
9160 8522
9161 8439
9162 8248
9163 8001
9164 7931
9165 7849
9166 7803
9167 7818
9168 7759
9169 8112
9170 8415
9171 8420
9172 8387
9173 8465
9174 8200
9175 7853
9176 7845
9177 7808
9178 7740
9179 7727
9180 7951
9181 7861
9182 7745
9183 7855
9184 7783
9185 7801
9186 7724
9187 7811
9188 7658
9189 7629
9190 7807
9191 7787
9192 7867
9193 7787
9194 7884
9195 7725
9196 7606
9197 7572
9198 7440
9199 7529
9200 7589
9201 7536
9202 7649
9203 7727
9204 7888
9205 7911
9206 7946
9207 7945
9208 7966
9209 7964
9210 7814
9211 8069
9212 8070
9213 8184
9214 8225
9215 8057
9216 7873
9217 7628
9218 7615
9219 7636
9220 7626
9221 7520
9222 7618
9223 7713
9224 7961
9225 7962
9226 7898
9227 7783
9228 7722
9229 7759
9230 7787
9231 7708
9232 7934
9233 8013
9234 7813
9235 7841
9236 7710
9237 7852
9238 7995
9239 7831
9240 7951
9241 8062
9242 8194
9243 8131
9244 8134
9245 8104
9246 8129
9247 8059
9248 7799
9249 7860
9250 7801
9251 7806
9252 7751
9253 7670
9254 7703
9255 7461
9256 7363
9257 7529
9258 7633
9259 7454
9260 7447
9261 7528
9262 7633
9263 7642
9264 7754
9265 7794
9266 7633
9267 7475
9268 7617
9269 7655
9270 7701
9271 7722
9272 7650
9273 7542
9274 7496
9275 7662
9276 7633
9277 7732
9278 7872
9279 7873
9280 7785
9281 7691
9282 7641
9283 7740
9284 7608
9285 7567
9286 7472
9287 7321
9288 7330
9289 7421
9290 7671
9291 7658
9292 7799
9293 7857
9294 7933
9295 8143
9296 8211
9297 8052
9298 8117
9299 8051
9300 8022
9301 8128
9302 8339
9303 8300
9304 8096
9305 7808
9306 7729
9307 7795
9308 7754
9309 7485
9310 7714
9311 7750
9312 7911
9313 7861
9314 7819
9315 7630
9316 7700
9317 7803
9318 7483
9319 7489
9320 7446
9321 7414
9322 7293
9323 7344
9324 7171
9325 7204
9326 7240
9327 7187
9328 7187
9329 7086
9330 7098
9331 6941
9332 6918
9333 7219
9334 7157
9335 7071
9336 7168
9337 6982
9338 6940
9339 6920
9340 6881
9341 6907
9342 6916
9343 6849
9344 6832
9345 6829
9346 6699
9347 6792
9348 6938
9349 6939
9350 7187
9351 7161
9352 7255
9353 7192
9354 7265
9355 7278
9356 7214
9357 7077
9358 6998
9359 7087
9360 7016
9361 6956
9362 7041
9363 7112
9364 7316
9365 7171
9366 7199
9367 7239
9368 7349
9369 7223
9370 7269
9371 7209
9372 7339
9373 7218
9374 7153
9375 7070
9376 6919
9377 7064
9378 6782
9379 6755
9380 6858
9381 6688
9382 6654
9383 6743
9384 6723
9385 6853
9386 6733
9387 6705
9388 6714
9389 6601
9390 6539
9391 6449
9392 6455
9393 6503
9394 6601
9395 6598
9396 6758
9397 6783
9398 6771
9399 6842
9400 6811
9401 6818
9402 6813
9403 6761
9404 6850
9405 6808
9406 6745
9407 6768
9408 6738
9409 6720
9410 6584
9411 6552
9412 6502
9413 6204
9414 6099
9415 5948
9416 5775
9417 5950
9418 6067
9419 5976
9420 6070
9421 6104
9422 6045
9423 6065
9424 6047
9425 6176
9426 6248
9427 6205
9428 6285
9429 6423
9430 6566
9431 6478
9432 6539
9433 6519
9434 6381
9435 6447
9436 6311
9437 6242
9438 6303
9439 6406
9440 6256
9441 6511
9442 6473
9443 6394
9444 6388
9445 6361
9446 6138
9447 6102
9448 6002
9449 6033
9450 6101
9451 6146
9452 6029
9453 5926
9454 5994
9455 5941
9456 5975
9457 5929
9458 5959
9459 5712
9460 5502
9461 5600
9462 5708
9463 5820
9464 5840
9465 5821
9466 5748
9467 5708
9468 5765
9469 5744
9470 5638
9471 5559
9472 5596
9473 5514
9474 5607
9475 5676
9476 5706
9477 5652
9478 5775
9479 5935
9480 5974
9481 5864
9482 5963
9483 5819
9484 6013
9485 5935
9486 5830
9487 5962
9488 6025
9489 6008
9490 6050
9491 5861
9492 5948
9493 5871
9494 5933
9495 6160
9496 6129
9497 6076
9498 6064
9499 5939
9500 6079
9501 6208
9502 6201
9503 6161
9504 5910
9505 5911
9506 5891
9507 5843
9508 5876
9509 5914
9510 5852
9511 5825
9512 5686
9513 5704
9514 5693
9515 5732
9516 5820
9517 5897
9518 5917
9519 5760
9520 5794
9521 5741
9522 5699
9523 5809
9524 5892
9525 5869
9526 5952
9527 5922
9528 5813
9529 5884
9530 5959
9531 5956
9532 6151
9533 6404
9534 6291
9535 6352
9536 6517
9537 6515
9538 6450
9539 6533
9540 6548
9541 6515
9542 6535
9543 6447
9544 6314
9545 6337
9546 6519
9547 6394
9548 6484
9549 6453
9550 6362
9551 6458
9552 6525
9553 6311
9554 6333
9555 6264
9556 6243
9557 6146
9558 5936
9559 5895
9560 5921
9561 5838
9562 5831
9563 5983
9564 5967
9565 6010
9566 6041
9567 5857
9568 5791
9569 5788
9570 5956
9571 5913
9572 5761
9573 5992
9574 6046
9575 6026
9576 6105
9577 6197
9578 6292
9579 6220
9580 6154
9581 6102
9582 6179
9583 6014
9584 6062
9585 6145
9586 6255
9587 6220
9588 6177
9589 6233
9590 6285
9591 6259
9592 6090
9593 6282
9594 6129
9595 6139
9596 6085
9597 6055
9598 6119
9599 6024
9600 6002
9601 5958
9602 5949
9603 5976
9604 5932
9605 5964
9606 5962
9607 5996
9608 6012
9609 5866
9610 5995
9611 6104
9612 6159
9613 6167
9614 6308
9615 6466
9616 6526
9617 6488
9618 6576
9619 6499
9620 6533
9621 6513
9622 6324
9623 6273
9624 6207
9625 6213
9626 6174
9627 6213
9628 6296
9629 6266
9630 6091
9631 6121
9632 6114
9633 6142
9634 6161
9635 6181
9636 6243
9637 6244
9638 6373
9639 6343
9640 6280
9641 6211
9642 6273
9643 6337
9644 6276
9645 6314
9646 6511
9647 6460
9648 6561
9649 6647
9650 6534
9651 6351
9652 6297
9653 6283
9654 6238
9655 6300
9656 6294
9657 6458
9658 6502
9659 6384
9660 6537
9661 6726
9662 6789
9663 6868
9664 7086
9665 7166
9666 6827
9667 6782
9668 6811
9669 6771
9670 6723
9671 6724
9672 6642
9673 6509
9674 6479
9675 6532
9676 6437
9677 6308
9678 6375
9679 6258
9680 6236
9681 6182
9682 5988
9683 5951
9684 6042
9685 5966
9686 5955
9687 5823
9688 5829
9689 6007
9690 5906
9691 5889
9692 5940
9693 5872
9694 5785
9695 5659
9696 5685
9697 5841
9698 5802
9699 5738
9700 5753
9701 5683
9702 5712
9703 5696
9704 5787
9705 5896
9706 6070
9707 6194
9708 5950
9709 6095
9710 6035
9711 6077
9712 5861
9713 5931
9714 5929
9715 5971
9716 6050
9717 5979
9718 5844
9719 5969
9720 5866
9721 5936
9722 5831
9723 5694
9724 5784
9725 5959
9726 5932
9727 5978
9728 5918
9729 5847
9730 5678
9731 5814
9732 5918
9733 5774
9734 5760
9735 5705
9736 5591
9737 5689
9738 5456
9739 5369
9740 5316
9741 5085
9742 5163
9743 5319
9744 5567
9745 5620
9746 5706
9747 5786
9748 5990
9749 5940
9750 5982
9751 5971
9752 6201
9753 6300
9754 6254
9755 6207
9756 6250
9757 6383
9758 6632
9759 6736
9760 6699
9761 6657
9762 6710
9763 6580
9764 6535
9765 6545
9766 6628
9767 6692
9768 6623
9769 6524
9770 6464
9771 6423
9772 6610
9773 6719
9774 6727
9775 6669
9776 6683
9777 6713
9778 6859
9779 6841
9780 7042
9781 6945
9782 6865
9783 6811
9784 6734
9785 6686
9786 6664
9787 6937
9788 6801
9789 6808
9790 6776
9791 6842
9792 6994
9793 7049
9794 6910
9795 7027
9796 6865
9797 6734
9798 6767
9799 6738
9800 6927
9801 6857
9802 7001
9803 7013
9804 6961
9805 6956
9806 7011
9807 6865
9808 6749
9809 6986
9810 6795
9811 6715
9812 6613
9813 6779
9814 6649
9815 6649
9816 6834
9817 6838
9818 7146
9819 7073
9820 7011
9821 6986
9822 6968
9823 7023
9824 7090
9825 7156
9826 7292
9827 7295
9828 7173
9829 7200
9830 7075
9831 7185
9832 7247
9833 7215
9834 7227
9835 7282
9836 7204
9837 7338
9838 7335
9839 7345
9840 7467
9841 7431
9842 7403
9843 7410
9844 7520
9845 7456
9846 7405
9847 7170
9848 7160
9849 7227
9850 7295
9851 7014
9852 7105
9853 7304
9854 7287
9855 7010
9856 6914
9857 7141
9858 7118
9859 7175
9860 7144
9861 7123
9862 7056
9863 7015
9864 6862
9865 6988
9866 7070
9867 7216
9868 7387
9869 7428
9870 7451
9871 7600
9872 7705
9873 7793
9874 7650
9875 7569
9876 7589
9877 7579
9878 7696
9879 7578
9880 7725
9881 7845
9882 8078
9883 8271
9884 8581
9885 8442
9886 8513
9887 8544
9888 8768
9889 8666
9890 8614
9891 8357
9892 8125
9893 8020
9894 8057
9895 7919
9896 7937
9897 7751
9898 7708
9899 7658
9900 7478
9901 7495
9902 7385
9903 7387
9904 7402
9905 7376
9906 7157
9907 7157
9908 7221
9909 7247
9910 7385
9911 7488
9912 7548
9913 7531
9914 7497
9915 7575
9916 7680
9917 7684
9918 7539
9919 7567
9920 7496
9921 7681
9922 7590
9923 7556
9924 7459
9925 7488
9926 7520
9927 7534
9928 7478
9929 7611
9930 7670
9931 7724
9932 7769
9933 7987
9934 8018
9935 7796
9936 7543
9937 7621
9938 7766
9939 7844
9940 7874
9941 7883
9942 7780
9943 7942
9944 7957
9945 8033
9946 7925
9947 7711
9948 7642
9949 7677
9950 7733
9951 7852
9952 7854
9953 7941
9954 7913
9955 7865
9956 7962
9957 8015
9958 7861
9959 7959
9960 7825
9961 7686
9962 7706
9963 7472
9964 7429
9965 7438
9966 7386
9967 7328
9968 7317
9969 7421
9970 7510
9971 7255
9972 7231
9973 7291
9974 7214
9975 7170
9976 7085
9977 6900
9978 6974
9979 6942
9980 6821
9981 6647
9982 6586
9983 6513
9984 6598
9985 6669
9986 6821
9987 6871
9988 6872
9989 6923
9990 6909
9991 6922
9992 6848
9993 6922
9994 6982
9995 7085
9996 7235
9997 7135
9998 7185
9999 7048
10000 6925
