1 0
2 0
3 0
4 1
5 3
6 3
7 5
8 4
9 5
10 4
11 6
12 10
13 3
14 2
15 6
16 3
17 5
18 5
19 3
20 6
21 8
22 11
23 13
24 11
25 14
26 11
27 4
28 8
29 6
30 8
31 6
32 6
33 8
34 8
35 8
36 10
37 11
38 18
39 13
40 13
41 18
42 19
43 15
44 15
45 15
46 15
47 26
48 19
49 21
50 20
51 15
52 15
53 11
54 11
55 10
56 12
57 8
58 10
59 10
60 12
61 9
62 9
63 14
64 13
65 12
66 4
67 5
68 1
69 3
70 5
71 6
72 6
73 5
74 6
75 3
76 1
77 4
78 2
79 5
80 6
81 4
82 2
83 1
84 1
85 1
86 1
87 3
88 2
89 2
90 0
91 0
92 0
93 2
94 3
95 5
96 8
97 7
98 6
99 7
100 9
101 9
102 7
103 8
104 8
105 8
106 8
107 9
108 6
109 7
110 6
111 7
112 8
113 6
114 5
115 5
116 5
117 3
118 3
119 2
120 3
121 3
122 1
123 4
124 3
125 4
126 4
127 6
128 10
129 9
130 7
131 11
132 11
133 20
134 14
135 17
136 19
137 16
138 16
139 17
140 12
141 11
142 9
143 11
144 5
145 4
146 7
147 13
148 14
149 12
150 15
151 16
152 13
153 19
154 20
155 15
156 14
157 17
158 21
159 26
160 35
161 36
162 38
163 38
164 41
165 33
166 34
167 35
168 35
169 31
170 38
171 27
172 23
173 23
174 26
175 23
176 23
177 25
178 33
179 32
180 33
181 38
182 43
183 43
184 31
185 33
186 27
187 27
188 25
189 23
190 23
191 25
192 24
193 33
194 39
195 45
196 52
197 46
198 46
199 35
200 50
201 66
202 63
203 52
204 49
205 50
206 54
207 59
208 63
209 58
210 58
211 52
212 49
213 51
214 46
215 52
216 31
217 39
218 40
219 45
220 39
221 49
222 47
223 40
224 49
225 49
226 51
227 47
228 39
229 40
230 52
231 49
232 43
233 32
234 36
235 34
236 36
237 27
238 25
239 26
240 19
241 21
242 28
243 22
244 25
245 23
246 17
247 17
248 19
249 15
250 12
251 14
252 16
253 16
254 17
255 19
256 11
257 13
258 9
259 10
260 12
261 9
262 8
263 8
264 12
265 22
266 21
267 24
268 14
269 11
270 14
271 15
272 11
273 5
274 4
275 4
276 3
277 3
278 2
279 4
280 5
281 4
282 2
283 0
284 0
285 0
286 0
287 0
288 1
289 0
290 0
291 0
292 0
293 0
294 0
295 0
296 0
297 0
298 0
299 0
300 0
301 1
302 3
303 2
304 3
305 1
306 4
307 7
308 4
309 3
310 2
311 0
312 0
313 0
314 0
315 0
316 0
317 0
318 1
319 0
320 0
321 0
322 1
323 2
324 2
325 2
326 3
327 1
328 1
329 3
330 4
331 6
332 2
333 2
334 1
335 2
336 1
337 3
338 5
339 6
340 2
341 2
342 2
343 0
344 0
345 0
346 0
347 0
348 0
349 0
350 0
351 0
352 0
353 0
354 0
355 1
356 1
357 0
358 1
359 0
360 0
361 0
362 0
363 0
364 0
365 0
366 1
367 1
368 1
369 0
370 0
371 0
372 0
373 0
374 0
375 0
376 0
377 0
378 1
379 0
380 2
381 1
382 1
383 1
384 1
385 2
386 2
387 1
388 2
389 2
390 1
391 2
392 2
393 2
394 1
395 1
396 0
397 1
398 3
399 2
400 1
401 3
402 5
403 6
404 7
405 8
406 5
407 10
408 10
409 11
410 9
411 18
412 18
413 17
414 15
415 14
416 21
417 24
418 23
419 22
420 26
421 29
422 23
423 23
424 23
425 24
426 25
427 27
428 34
429 32
430 29
431 26
432 26
433 28
434 23
435 28
436 25
437 30
438 30
439 36
440 39
441 41
442 39
443 36
444 41
445 36
446 24
447 33
448 28
449 32
450 27
451 32
452 34
453 34
454 28
455 29
456 27
457 27
458 28
459 25
460 28
461 25
462 29
463 34
464 33
465 39
466 45
467 48
468 44
469 45
470 47
471 43
472 39
473 35
474 42
475 36
476 29
477 30
478 27
479 32
480 41
481 41
482 41
483 39
484 51
485 50
486 47
487 42
488 37
489 37
490 34
491 29
492 39
493 43
494 44
495 52
496 48
497 42
498 47
499 50
500 55
501 59
502 64
503 65
504 59
505 69
506 61
507 63
508 68
509 71
510 74
511 76
512 64
513 45
514 43
515 51
516 47
517 40
518 43
519 41
520 49
521 56
522 51
523 50
524 42
525 40
526 35
527 27
528 24
529 27
530 27
531 25
532 19
533 19
534 20
535 20
536 12
537 11
538 15
539 18
540 21
541 16
542 13
543 10
544 7
545 15
546 17
547 11
548 11
549 17
550 16
551 18
552 18
553 20
554 20
555 15
556 16
557 16
558 16
559 20
560 14
561 13
562 11
563 10
564 14
565 13
566 16
567 18
568 16
569 16
570 18
571 13
572 12
573 10
574 9
575 10
576 6
577 7
578 7
579 7
580 12
581 10
582 13
583 9
584 15
585 18
586 22
587 14
588 15
589 11
590 9
591 9
592 5
593 7
594 6
595 9
596 6
597 8
598 6
599 9
600 10
601 5
602 4
603 3
604 3
605 3
606 1
607 1
608 3
609 8
610 7
611 10
612 13
613 11
614 18
615 17
616 13
617 9
618 7
619 9
620 8
621 5
622 2
623 2
624 0
625 1
626 4
627 3
628 4
629 7
630 11
631 16
632 16
633 26
634 23
635 21
636 22
637 15
638 15
639 21
640 22
641 27
642 20
643 23
644 20
645 17
646 9
647 11
648 10
649 4
650 4
651 4
652 6
653 5
654 4
655 7
656 8
657 8
658 6
659 4
660 7
661 7
662 8
663 5
664 10
665 16
666 18
667 19
668 19
669 16
670 14
671 16
672 17
673 17
674 16
675 21
676 21
677 20
678 26
679 23
680 14
681 14
682 12
683 17
684 23
685 24
686 22
687 32
688 35
689 18
690 16
691 11
692 16
693 17
694 20
695 17
696 30
697 37
698 30
699 29
700 42
701 41
702 35
703 37
704 45
705 53
706 57
707 67
708 66
709 67
710 69
711 70
712 66
713 71
714 84
715 95
716 82
717 74
718 73
719 56
720 58
721 57
722 54
723 57
724 48
725 51
726 40
727 43
728 39
729 39
730 38
731 47
732 39
733 40
734 38
735 41
736 39
737 36
738 38
739 41
740 34
741 32
742 33
743 23
744 27
745 34
746 44
747 35
748 34
749 26
750 22
751 17
752 18
753 21
754 23
755 25
756 27
757 31
758 29
759 30
760 25
761 23
762 20
763 18
764 15
765 16
766 19
767 20
768 24
769 25
770 27
771 23
772 25
773 28
774 29
775 27
776 30
777 30
778 28
779 33
780 31
781 26
782 22
783 24
784 28
785 24
786 18
787 19
788 14
789 7
790 7
791 8
792 10
793 10
794 6
795 6
796 2
797 3
798 5
799 6
800 6
801 2
802 4
803 7
804 6
805 3
806 5
807 2
808 0
809 2
810 4
811 5
812 1
813 3
814 4
815 6
816 7
817 4
818 3
819 5
820 4
821 1
822 1
823 1
824 0
825 0
826 0
827 0
828 1
829 0
830 0
831 0
832 0
833 2
834 4
835 4
836 4
837 4
838 3
839 1
840 0
841 0
842 0
843 0
844 0
845 0
846 0
847 0
848 0
849 0
850 0
851 0
852 0
853 0
854 0
855 0
856 0
857 0
858 0
859 0
860 0
861 0
862 1
863 1
864 1
865 1
866 3
867 6
868 5
869 1
870 0
871 0
872 0
873 0
874 1
875 0
876 1
877 1
878 1
879 1
880 1
881 7
882 12
883 13
884 15
885 11
886 14
887 16
888 12
889 9
890 8
891 4
892 5
893 4
894 4
895 12
896 8
897 8
898 9
899 6
900 8
901 9
902 7
903 9
904 4
905 4
906 1
907 2
908 3
909 2
910 2
911 1
912 3
913 1
914 0
915 0
916 0
917 0
918 0
919 0
920 0
921 0
922 1
923 3
924 4
925 2
926 1
927 1
928 0
929 0
930 0
931 0
932 0
933 0
934 0
935 1
936 1
937 3
938 2
939 1
940 0
941 1
942 1
943 0
944 0
945 0
946 0
947 0
948 0
949 0
950 0
951 0
952 0
953 0
954 0
955 0
956 0
957 0
958 0
959 0
960 0
961 0
962 0
963 1
964 2
965 1
966 0
967 0
968 0
969 0
970 0
971 0
972 1
973 1
974 0
975 0
976 0
977 0
978 1
979 0
980 0
981 0
982 1
983 0
984 1
985 1
986 4
987 4
988 7
989 8
990 6
991 9
992 4
993 2
994 2
995 1
996 1
997 2
998 2
999 2
1000 0
1001 0
1002 0
1003 0
1004 1
1005 2
1006 3
1007 4
1008 4
1009 5
1010 3
1011 4
1012 5
1013 5
1014 5
1015 7
1016 12
1017 13
1018 13
1019 13
1020 9
1021 10
1022 18
1023 17
1024 22
1025 20
1026 23
1027 23
1028 31
1029 34
1030 39
1031 29
1032 32
1033 34
1034 33
1035 41
1036 43
1037 40
1038 30
1039 30
1040 34
1041 31
1042 28
1043 23
1044 19
1045 20
1046 18
1047 20
1048 20
1049 14
1050 14
1051 18
1052 21
1053 22
1054 24
1055 22
1056 21
1057 21
1058 19
1059 19
1060 16
1061 22
1062 21
1063 24
1064 24
1065 27
1066 25
1067 26
1068 25
1069 22
1070 22
1071 27
1072 26
1073 20
1074 27
1075 23
1076 22
1077 23
1078 15
1079 23
1080 29
1081 34
1082 30
1083 40
1084 39
1085 37
1086 48
1087 39
1088 41
1089 42
1090 52
1091 60
1092 61
1093 54
1094 46
1095 37
1096 36
1097 38
1098 36
1099 30
1100 29
1101 26
1102 33
1103 40
1104 29
1105 28
1106 23
1107 16
1108 15
1109 12
1110 7
1111 7
1112 1
1113 4
1114 8
1115 8
1116 11
1117 7
1118 3
1119 3
1120 3
1121 2
1122 4
1123 1
1124 4
1125 8
1126 11
1127 10
1128 9
1129 8
1130 6
1131 3
1132 7
1133 7
1134 8
1135 5
1136 4
1137 6
1138 4
1139 8
1140 8
1141 9
1142 9
1143 8
1144 9
1145 13
1146 12
1147 18
1148 17
1149 16
1150 9
1151 9
1152 7
1153 5
1154 6
1155 5
1156 8
1157 6
1158 8
1159 6
1160 4
1161 4
1162 5
1163 7
1164 6
1165 6
1166 7
1167 8
1168 12
1169 20
1170 25
1171 28
1172 25
1173 27
1174 35
1175 37
1176 47
1177 52
1178 37
1179 29
1180 34
1181 34
1182 28
1183 29
1184 23
1185 27
1186 16
1187 19
1188 14
1189 13
1190 14
1191 10
1192 12
1193 17
1194 12
1195 18
1196 20
1197 22
1198 24
1199 19
1200 23
1201 28
1202 29
1203 27
1204 23
1205 25
1206 19
1207 18
1208 12
1209 11
1210 16
1211 13
1212 11
1213 14
1214 11
1215 10
1216 9
1217 15
1218 15
1219 16
1220 12
1221 13
1222 17
1223 19
1224 18
1225 15
1226 16
1227 19
1228 16
1229 10
1230 13
1231 13
1232 13
1233 13
1234 18
1235 17
1236 10
1237 7
1238 9
1239 10
1240 7
1241 9
1242 16
1243 14
1244 21
1245 22
1246 18
1247 25
1248 36
1249 40
1250 41
1251 51
1252 56
1253 44
1254 55
1255 61
1256 65
1257 72
1258 83
1259 90
1260 97
1261 86
1262 74
1263 91
1264 91
1265 87
1266 73
1267 74
1268 78
1269 80
1270 86
1271 93
1272 92
1273 87
1274 71
1275 86
1276 86
1277 81
1278 83
1279 81
1280 79
1281 75
1282 76
1283 84
1284 77
1285 96
1286 87
1287 92
1288 93
1289 88
1290 79
1291 78
1292 80
1293 76
1294 83
1295 81
1296 98
1297 99
1298 103
1299 109
1300 111
1301 108
1302 127
1303 115
1304 111
1305 112
1306 94
1307 92
1308 94
1309 91
1310 92
1311 83
1312 71
1313 69
1314 78
1315 92
1316 98
1317 99
1318 93
1319 86
1320 96
1321 111
1322 119
1323 115
1324 113
1325 125
1326 137
1327 126
1328 113
1329 114
1330 109
1331 101
1332 101
1333 98
1334 100
1335 109
1336 124
1337 123
1338 128
1339 144
1340 155
1341 136
1342 136
1343 145
1344 120
1345 119
1346 96
1347 95
1348 96
1349 100
1350 104
1351 119
1352 111
1353 107
1354 94
1355 89
1356 100
1357 109
1358 108
1359 111
1360 104
1361 92
1362 103
1363 113
1364 99
1365 94
1366 104
1367 99
1368 104
1369 114
1370 114
1371 132
1372 141
1373 126
1374 121
1375 112
1376 122
1377 104
1378 93
1379 85
1380 78
1381 84
1382 82
1383 88
1384 86
1385 85
1386 90
1387 91
1388 91
1389 82
1390 69
1391 78
1392 77
1393 84
1394 78
1395 81
1396 82
1397 96
1398 90
1399 89
1400 85
1401 88
1402 92
1403 99
1404 96
1405 94
1406 96
1407 100
1408 105
1409 100
1410 105
1411 105
1412 102
1413 93
1414 101
1415 106
1416 110
1417 115
1418 105
1419 108
1420 89
1421 108
1422 113
1423 96
1424 91
1425 95
1426 91
1427 89
1428 102
1429 104
1430 124
1431 137
1432 144
1433 141
1434 151
1435 130
1436 151
1437 149
1438 172
1439 145
1440 156
1441 183
1442 179
1443 167
1444 187
1445 216
1446 208
1447 221
1448 216
1449 219
1450 236
1451 248
1452 240
1453 235
1454 238
1455 256
1456 246
1457 223
1458 219
1459 209
1460 206
1461 187
1462 197
1463 215
1464 199
1465 193
1466 212
1467 208
1468 219
1469 228
1470 227
1471 227
1472 243
1473 264
1474 271
1475 269
1476 264
1477 264
1478 280
1479 260
1480 251
1481 264
1482 256
1483 250
1484 241
1485 242
1486 212
1487 209
1488 219
1489 210
1490 192
1491 179
1492 169
1493 175
1494 193
1495 187
1496 166
1497 160
1498 148
1499 146
1500 137
1501 144
1502 151
1503 169
1504 190
1505 197
1506 202
1507 209
1508 209
1509 202
1510 190
1511 197
1512 211
1513 215
1514 243
1515 258
1516 272
1517 244
1518 241
1519 256
1520 234
1521 236
1522 247
1523 261
1524 255
1525 221
1526 192
1527 204
1528 222
1529 199
1530 211
1531 216
1532 212
1533 217
1534 206
1535 206
1536 211
1537 216
1538 237
1539 265
1540 262
1541 259
1542 244
1543 256
1544 230
1545 233
1546 238
1547 219
1548 221
1549 225
1550 242
1551 238
1552 251
1553 249
1554 224
1555 240
1556 247
1557 239
1558 208
1559 210
1560 235
1561 228
1562 224
1563 224
1564 243
1565 229
1566 231
1567 223
1568 238
1569 282
1570 285
1571 293
1572 323
1573 299
1574 305
1575 306
1576 283
1577 295
1578 281
1579 307
1580 299
1581 317
1582 355
1583 385
1584 405
1585 397
1586 411
1587 412
1588 383
1589 363
1590 394
1591 399
1592 408
1593 390
1594 371
1595 400
1596 389
1597 396
1598 362
1599 357
1600 380
1601 374
1602 392
1603 390
1604 361
1605 362
1606 359
1607 331
1608 320
1609 349
1610 303
1611 300
1612 285
1613 300
1614 266
1615 230
1616 228
1617 229
1618 251
1619 255
1620 266
1621 276
1622 281
1623 267
1624 259
1625 293
1626 265
1627 278
1628 265
1629 250
1630 227
1631 261
1632 261
1633 253
1634 259
1635 284
1636 271
1637 265
1638 270
1639 323
1640 305
1641 322
1642 315
1643 324
1644 306
1645 325
1646 344
1647 361
1648 363
1649 350
1650 349
1651 364
1652 385
1653 393
1654 404
1655 420
1656 412
1657 419
1658 409
1659 414
1660 385
1661 349
1662 349
1663 350
1664 344
1665 365
1666 361
1667 376
1668 368
1669 320
1670 336
1671 335
1672 301
1673 301
1674 293
1675 270
1676 275
1677 268
1678 269
1679 237
1680 255
1681 280
1682 288
1683 272
1684 281
1685 295
1686 311
1687 329
1688 368
1689 367
1690 376
1691 372
1692 361
1693 340
1694 359
1695 341
1696 334
1697 341
1698 381
1699 425
1700 444
1701 403
1702 394
1703 415
1704 427
1705 459
1706 450
1707 445
1708 452
1709 462
1710 473
1711 451
1712 467
1713 470
1714 450
1715 493
1716 479
1717 458
1718 477
1719 478
1720 496
1721 507
1722 519
1723 499
1724 474
1725 446
1726 449
1727 456
1728 486
1729 488
1730 470
1731 480
1732 481
1733 463
1734 415
1735 436
1736 400
1737 415
1738 464
1739 451
1740 444
1741 465
1742 475
1743 517
1744 504
1745 516
1746 506
1747 541
1748 502
1749 483
1750 508
1751 495
1752 502
1753 510
1754 518
1755 519
1756 560
1757 616
1758 626
1759 596
1760 586
1761 610
1762 645
1763 663
1764 677
1765 649
1766 680
1767 697
1768 675
1769 652
1770 667
1771 674
1772 697
1773 714
1774 733
1775 783
1776 770
1777 757
1778 771
1779 796
1780 814
1781 826
1782 849
1783 816
1784 818
1785 837
1786 847
1787 813
1788 802
1789 828
1790 809
1791 789
1792 708
1793 713
1794 676
1795 664
1796 716
1797 726
1798 738
1799 742
1800 790
1801 763
1802 794
1803 754
1804 731
1805 752
1806 746
1807 745
1808 771
1809 786
1810 828
1811 854
1812 882
1813 859
1814 853
1815 896
1816 910
1817 938
1818 914
1819 950
1820 955
1821 997
1822 977
1823 1028
1824 1061
1825 995
1826 1002
1827 1005
1828 972
1829 943
1830 986
1831 999
1832 952
1833 946
1834 920
1835 948
1836 910
1837 889
1838 902
1839 905
1840 893
1841 863
1842 875
1843 847
1844 784
1845 763
1846 781
1847 780
1848 780
1849 770
1850 738
1851 745
1852 767
1853 765
1854 732
1855 774
1856 776
1857 745
1858 746
1859 755
1860 771
1861 773
1862 764
1863 749
1864 742
1865 760
1866 763
1867 786
1868 794
1869 827
1870 812
1871 809
1872 810
1873 796
1874 803
1875 769
1876 733
1877 714
1878 714
1879 698
1880 722
1881 755
1882 783
1883 813
1884 842
1885 837
1886 822
1887 812
1888 821
1889 829
1890 816
1891 818
1892 833
1893 818
1894 820
1895 803
1896 820
1897 806
1898 769
1899 770
1900 778
1901 776
1902 792
1903 783
1904 731
1905 712
1906 705
1907 658
1908 671
1909 684
1910 677
1911 713
1912 720
1913 738
1914 685
1915 673
1916 642
1917 653
1918 665
1919 642
1920 642
1921 577
1922 609
1923 589
1924 584
1925 578
1926 584
1927 567
1928 577
1929 553
1930 535
1931 543
1932 549
1933 542
1934 570
1935 547
1936 605
1937 605
1938 574
1939 544
1940 511
1941 502
1942 482
1943 513
1944 546
1945 596
1946 626
1947 637
1948 650
1949 657
1950 625
1951 597
1952 580
1953 556
1954 571
1955 568
1956 520
1957 487
1958 507
1959 498
1960 478
1961 470
1962 504
1963 518
1964 539
1965 564
1966 572
1967 601
1968 598
1969 615
1970 650
1971 665
1972 636
1973 664
1974 658
1975 656
1976 669
1977 706
1978 698
1979 686
1980 731
1981 733
1982 714
1983 739
1984 745
1985 757
1986 730
1987 702
1988 735
1989 737
1990 725
1991 736
1992 751
1993 763
1994 756
1995 775
1996 765
1997 767
1998 754
1999 751
2000 724
2001 712
2002 698
2003 707
2004 713
2005 737
2006 725
2007 757
2008 745
2009 793
2010 847
2011 847
2012 845
2013 816
2014 879
2015 922
2016 946
2017 924
2018 934
2019 924
2020 947
2021 970
2022 932
2023 938
2024 949
2025 978
2026 1019
2027 984
2028 1035
2029 1049
2030 1064
2031 1072
2032 1120
2033 1158
2034 1164
2035 1178
2036 1179
2037 1165
2038 1152
2039 1145
2040 1159
2041 1181
2042 1146
2043 1175
2044 1156
2045 1183
2046 1160
2047 1223
2048 1255
2049 1284
2050 1344
2051 1333
2052 1321
2053 1348
2054 1347
2055 1407
2056 1341
2057 1302
2058 1313
2059 1311
2060 1331
2061 1363
2062 1348
2063 1323
2064 1303
2065 1277
2066 1254
2067 1202
2068 1203
2069 1218
2070 1205
2071 1192
2072 1216
2073 1235
2074 1250
2075 1231
2076 1284
2077 1350
2078 1355
2079 1338
2080 1338
2081 1368
2082 1322
2083 1323
2084 1361
2085 1479
2086 1511
2087 1487
2088 1474
2089 1508
2090 1528
2091 1565
2092 1590
2093 1635
2094 1616
2095 1584
2096 1558
2097 1533
2098 1551
2099 1542
2100 1505
2101 1540
2102 1502
2103 1577
2104 1591
2105 1538
2106 1494
2107 1452
2108 1411
2109 1437
2110 1420
2111 1366
2112 1364
2113 1351
2114 1355
2115 1342
2116 1377
2117 1365
2118 1341
2119 1306
2120 1298
2121 1292
2122 1286
2123 1249
2124 1298
2125 1279
2126 1316
2127 1291
2128 1291
2129 1321
2130 1318
2131 1307
2132 1327
2133 1298
2134 1181
2135 1154
2136 1150
2137 1160
2138 1125
2139 1167
2140 1185
2141 1191
2142 1165
2143 1203
2144 1172
2145 1212
2146 1243
2147 1260
2148 1220
2149 1182
2150 1218
2151 1188
2152 1263
2153 1246
2154 1243
2155 1244
2156 1217
2157 1201
2158 1230
2159 1249
2160 1260
2161 1264
2162 1287
2163 1336
2164 1447
2165 1426
2166 1435
2167 1437
2168 1463
2169 1429
2170 1410
2171 1361
2172 1367
2173 1394
2174 1356
2175 1389
2176 1421
2177 1452
2178 1443
2179 1432
2180 1366
2181 1373
2182 1471
2183 1513
2184 1539
2185 1626
2186 1652
2187 1694
2188 1741
2189 1820
2190 1868
2191 1846
2192 1905
2193 1902
2194 1846
2195 1847
2196 1851
2197 1902
2198 1914
2199 1952
2200 2009
2201 1982
2202 1988
2203 1975
2204 2000
2205 2038
2206 2046
2207 2080
2208 2113
2209 2094
2210 2075
2211 2070
2212 2035
2213 2023
2214 2108
2215 2121
2216 2095
2217 2105
2218 2084
2219 2101
2220 2138
2221 2196
2222 2166
2223 2212
2224 2215
2225 2261
2226 2314
2227 2248
2228 2201
2229 2103
2230 2094
2231 2144
2232 2114
2233 2142
2234 2084
2235 2009
2236 1947
2237 1912
2238 1927
2239 1939
2240 1944
2241 1910
2242 1963
2243 1984
2244 1960
2245 1957
2246 1955
2247 1949
2248 1878
2249 1806
2250 1838
2251 1825
2252 1904
2253 1976
2254 2046
2255 2049
2256 2056
2257 2064
2258 2074
2259 2165
2260 2124
2261 2110
2262 2132
2263 2188
2264 2212
2265 2121
2266 2115
2267 2163
2268 2133
2269 2101
2270 2129
2271 2120
2272 2132
2273 2107
2274 2115
2275 2203
2276 2252
2277 2208
2278 2321
2279 2345
2280 2343
2281 2382
2282 2408
2283 2472
2284 2433
2285 2340
2286 2353
2287 2405
2288 2382
2289 2442
2290 2476
2291 2540
2292 2525
2293 2535
2294 2605
2295 2619
2296 2605
2297 2610
2298 2603
2299 2554
2300 2485
2301 2531
2302 2490
2303 2428
2304 2429
2305 2489
2306 2487
2307 2413
2308 2439
2309 2473
2310 2441
2311 2391
2312 2353
2313 2293
2314 2296
2315 2336
2316 2353
2317 2316
2318 2246
2319 2308
2320 2281
2321 2319
2322 2334
2323 2337
2324 2244
2325 2282
2326 2312
2327 2314
2328 2253
2329 2249
2330 2261
2331 2283
2332 2310
2333 2264
2334 2317
2335 2324
2336 2366
2337 2357
2338 2305
2339 2356
2340 2356
2341 2344
2342 2365
2343 2466
2344 2436
2345 2331
2346 2299
2347 2306
2348 2321
2349 2372
2350 2449
2351 2414
2352 2389
2353 2392
2354 2445
2355 2465
2356 2445
2357 2426
2358 2465
2359 2380
2360 2404
2361 2447
2362 2496
2363 2505
2364 2578
2365 2611
2366 2632
2367 2641
2368 2620
2369 2621
2370 2609
2371 2642
2372 2723
2373 2655
2374 2728
2375 2783
2376 2749
2377 2766
2378 2730
2379 2771
2380 2657
2381 2633
2382 2653
2383 2603
2384 2665
2385 2707
2386 2750
2387 2823
2388 2859
2389 2872
2390 2897
2391 2943
2392 2905
2393 2980
2394 3059
2395 3055
2396 3017
2397 2973
2398 2986
2399 2959
2400 2955
2401 2944
2402 2918
2403 2983
2404 2992
2405 3013
2406 3020
2407 3114
2408 3278
2409 3324
2410 3242
2411 3297
2412 3293
2413 3285
2414 3323
2415 3251
2416 3215
2417 3168
2418 3178
2419 3181
2420 3161
2421 3200
2422 3155
2423 3183
2424 3157
2425 3179
2426 3247
2427 3215
2428 3271
2429 3266
2430 3281
2431 3331
2432 3300
2433 3313
2434 3325
2435 3338
2436 3285
2437 3367
2438 3334
2439 3272
2440 3326
2441 3362
2442 3386
2443 3418
2444 3470
2445 3492
2446 3437
2447 3466
2448 3415
2449 3373
2450 3358
2451 3287
2452 3217
2453 3179
2454 3162
2455 3196
2456 3199
2457 3183
2458 3204
2459 3129
2460 3096
2461 3116
2462 3107
2463 3124
2464 3169
2465 3188
2466 3236
2467 3211
2468 3179
2469 3183
2470 3207
2471 3304
2472 3311
2473 3297
2474 3316
2475 3276
2476 3285
2477 3247
2478 3323
2479 3314
2480 3388
2481 3375
2482 3429
2483 3382
2484 3390
2485 3434
2486 3453
2487 3492
2488 3546
2489 3553
2490 3474
2491 3458
2492 3447
2493 3493
2494 3501
2495 3504
2496 3483
2497 3470
2498 3518
2499 3585
2500 3573
2501 3567
2502 3513
2503 3447
2504 3361
2505 3367
2506 3407
2507 3342
2508 3348
2509 3331
2510 3418
2511 3411
2512 3392
2513 3524
2514 3544
2515 3676
2516 3729
2517 3798
2518 3706
2519 3695
2520 3703
2521 3702
2522 3626
2523 3650
2524 3678
2525 3719
2526 3656
2527 3679
2528 3792
2529 3870
2530 3887
2531 3971
2532 3892
2533 3906
2534 3902
2535 3964
2536 4020
2537 4043
2538 4093
2539 4116
2540 4192
2541 4145
2542 4132
2543 4093
2544 4093
2545 4124
2546 4150
2547 4125
2548 4051
2549 4235
2550 4252
2551 4204
2552 4268
2553 4254
2554 4246
2555 4164
2556 4203
2557 4149
2558 4154
2559 4129
2560 4172
2561 4198
2562 4178
2563 4099
2564 4115
2565 4159
2566 4230
2567 4212
2568 4304
2569 4391
2570 4358
2571 4331
2572 4416
2573 4503
2574 4490
2575 4587
2576 4590
2577 4519
2578 4436
2579 4633
2580 4614
2581 4567
2582 4487
2583 4404
2584 4362
2585 4322
2586 4274
2587 4302
2588 4331
2589 4270
2590 4337
2591 4439
2592 4395
2593 4391
2594 4432
2595 4454
2596 4520
2597 4513
2598 4469
2599 4413
2600 4427
2601 4443
2602 4465
2603 4400
2604 4461
2605 4432
2606 4401
2607 4341
2608 4364
2609 4310
2610 4221
2611 4244
2612 4291
2613 4216
2614 4279
2615 4273
2616 4299
2617 4178
2618 4145
2619 4139
2620 4067
2621 4038
2622 4078
2623 4033
2624 4040
2625 3985
2626 3893
2627 3927
2628 3884
2629 3914
2630 3891
2631 3924
2632 3831
2633 3791
2634 3787
2635 3799
2636 3721
2637 3733
2638 3718
2639 3784
2640 3717
2641 3826
2642 3877
2643 3852
2644 3830
2645 3791
2646 3841
2647 3902
2648 3875
2649 3776
2650 3769
2651 3863
2652 3828
2653 3835
2654 3798
2655 3689
2656 3718
2657 3794
2658 3817
2659 3890
2660 3872
2661 3808
2662 3764
2663 3792
2664 3757
2665 3849
2666 3841
2667 3785
2668 3782
2669 3906
2670 3876
2671 3852
2672 3909
2673 4062
2674 4058
2675 4018
2676 4040
2677 3901
2678 3854
2679 3916
2680 4016
2681 4021
2682 4097
2683 4079
2684 4015
2685 3914
2686 3871
2687 3888
2688 3917
2689 4091
2690 4106
2691 4030
2692 4044
2693 4117
2694 4035
2695 4143
2696 4160
2697 4286
2698 4301
2699 4367
2700 4283
2701 4281
2702 4184
2703 4177
2704 4286
2705 4400
2706 4295
2707 4469
2708 4556
2709 4588
2710 4641
2711 4578
2712 4753
2713 4816
2714 4757
2715 4853
2716 4828
2717 4809
2718 4873
2719 4818
2720 4868
2721 4855
2722 4904
2723 4813
2724 4793
2725 4830
2726 4857
2727 4911
2728 4967
2729 5087
2730 5076
2731 5139
2732 5173
2733 5198
2734 5210
2735 5221
2736 5252
2737 5205
2738 5154
2739 5111
2740 5017
2741 5067
2742 4926
2743 4968
2744 5097
2745 5161
2746 5215
2747 5311
2748 5347
2749 5331
2750 5304
2751 5258
2752 5177
2753 5195
2754 5297
2755 5372
2756 5373
2757 5445
2758 5501
2759 5555
2760 5425
2761 5453
2762 5408
2763 5316
2764 5284
2765 5253
2766 5283
2767 5276
2768 5280
2769 5326
2770 5264
2771 5308
2772 5248
2773 5279
2774 5361
2775 5350
2776 5274
2777 5387
2778 5334
2779 5269
2780 5381
2781 5391
2782 5380
2783 5354
2784 5373
2785 5329
2786 5300
2787 5286
2788 5346
2789 5326
2790 5329
2791 5301
2792 5277
2793 5307
2794 5384
2795 5297
2796 5295
2797 5288
2798 5226
2799 5275
2800 5185
2801 5243
2802 5300
2803 5386
2804 5441
2805 5519
2806 5540
2807 5601
2808 5561
2809 5564
2810 5468
2811 5468
2812 5439
2813 5425
2814 5488
2815 5516
2816 5577
2817 5607
2818 5624
2819 5683
2820 5638
2821 5616
2822 5518
2823 5509
2824 5546
2825 5432
2826 5404
2827 5463
2828 5457
2829 5414
2830 5370
2831 5323
2832 5250
2833 5231
2834 5254
2835 5257
2836 5233
2837 5326
2838 5253
2839 5310
2840 5405
2841 5457
2842 5380
2843 5346
2844 5223
2845 5284
2846 5280
2847 5409
2848 5467
2849 5491
2850 5535
2851 5479
2852 5494
2853 5517
2854 5540
2855 5697
2856 5734
2857 5674
2858 5557
2859 5542
2860 5604
2861 5553
2862 5546
2863 5514
2864 5373
2865 5325
2866 5446
2867 5470
2868 5423
2869 5446
2870 5545
2871 5557
2872 5546
2873 5435
2874 5375
2875 5419
2876 5404
2877 5407
2878 5371
2879 5347
2880 5264
2881 5247
2882 5248
2883 5247
2884 5274
2885 5386
2886 5280
2887 5301
2888 5286
2889 5268
2890 5272
2891 5323
2892 5314
2893 5374
2894 5370
2895 5389
2896 5387
2897 5365
2898 5342
2899 5252
2900 5263
2901 5360
2902 5360
2903 5528
2904 5682
2905 5665
2906 5601
2907 5661
2908 5688
2909 5761
2910 5783
2911 5870
2912 5836
2913 5992
2914 5977
2915 6197
2916 6244
2917 6209
2918 6272
2919 6242
2920 6277
2921 6191
2922 6160
2923 6173
2924 6127
2925 6126
2926 6051
2927 6009
2928 6116
2929 6123
2930 6073
2931 6044
2932 5974
2933 5951
2934 6002
2935 6045
2936 6042
2937 6078
2938 6011
2939 6023
2940 6021
2941 6027
2942 5976
2943 6063
2944 6002
2945 5972
2946 5907
2947 5921
2948 5847
2949 5834
2950 5927
2951 5781
2952 5812
2953 5739
2954 5905
2955 5968
2956 6044
2957 6081
2958 6027
2959 5990
2960 6013
2961 5979
2962 6086
2963 6017
2964 5972
2965 6002
2966 6029
2967 6059
2968 6032
2969 6043
2970 5949
2971 5895
2972 5920
2973 5890
2974 5804
2975 5728
2976 5768
2977 5834
2978 5882
2979 5875
2980 5820
2981 5767
2982 5835
2983 5768
2984 5752
2985 5655
2986 5621
2987 5661
2988 5677
2989 5679
2990 5596
2991 5519
2992 5506
2993 5544
2994 5539
2995 5545
2996 5476
2997 5513
2998 5652
2999 5761
3000 5771
3001 5653
3002 5611
3003 5557
3004 5477
3005 5522
3006 5467
3007 5474
3008 5537
3009 5581
3010 5628
3011 5676
3012 5532
3013 5523
3014 5446
3015 5387
3016 5395
3017 5403
3018 5533
3019 5551
3020 5512
3021 5434
3022 5369
3023 5484
3024 5462
3025 5481
3026 5487
3027 5487
3028 5388
3029 5367
3030 5466
3031 5286
3032 5348
3033 5429
3034 5442
3035 5591
3036 5547
3037 5562
3038 5570
3039 5510
3040 5639
3041 5665
3042 5689
3043 5580
3044 5482
3045 5567
3046 5609
3047 5656
3048 5751
3049 5591
3050 5590
3051 5638
3052 5705
3053 5712
3054 5684
3055 5744
3056 5683
3057 5717
3058 5703
3059 5703
3060 5701
3061 5762
3062 5809
3063 5756
3064 5786
3065 5787
3066 5801
3067 5798
3068 5894
3069 5829
3070 5835
3071 5773
3072 5878
3073 5893
3074 5862
3075 5888
3076 5866
3077 5815
3078 5818
3079 5754
3080 5764
3081 5651
3082 5609
3083 5614
3084 5557
3085 5594
3086 5404
3087 5443
3088 5399
3089 5371
3090 5516
3091 5528
3092 5497
3093 5494
3094 5634
3095 5687
3096 5636
3097 5656
3098 5753
3099 5826
3100 5861
3101 5869
3102 5823
3103 5781
3104 5823
3105 5906
3106 5906
3107 5985
3108 5893
3109 5867
3110 5894
3111 5981
3112 5929
3113 5820
3114 5866
3115 5916
3116 6012
3117 5930
3118 6032
3119 6045
3120 6101
3121 6140
3122 6188
3123 6207
3124 6181
3125 6184
3126 6168
3127 6117
3128 6007
3129 5944
3130 5937
3131 5929
3132 5907
3133 5884
3134 5842
3135 5827
3136 5814
3137 5819
3138 5740
3139 5796
3140 5905
3141 5899
3142 5893
3143 5940
3144 5968
3145 6052
3146 6069
3147 6058
3148 6019
3149 6048
3150 6007
3151 6053
3152 5989
3153 5979
3154 6040
3155 6055
3156 6054
3157 5977
3158 6064
3159 5959
3160 5901
3161 5877
3162 5874
3163 5941
3164 5961
3165 6028
3166 6037
3167 6050
3168 5963
3169 5996
3170 6018
3171 6095
3172 6138
3173 6156
3174 6249
3175 6329
3176 6263
3177 6180
3178 6195
3179 6181
3180 6244
3181 6261
3182 6274
3183 6255
3184 6349
3185 6287
3186 6215
3187 6173
3188 6289
3189 6283
3190 6262
3191 6189
3192 6121
3193 6142
3194 6139
3195 6086
3196 6112
3197 6041
3198 6018
3199 6024
3200 6139
3201 6242
3202 6231
3203 6302
3204 6308
3205 6158
3206 6187
3207 6250
3208 6357
3209 6245
3210 6313
3211 6220
3212 6294
3213 6350
3214 6344
3215 6442
3216 6400
3217 6376
3218 6366
3219 6357
3220 6315
3221 6324
3222 6282
3223 6304
3224 6344
3225 6297
3226 6371
3227 6442
3228 6396
3229 6322
3230 6434
3231 6418
3232 6383
3233 6391
3234 6386
3235 6452
3236 6519
3237 6617
3238 6681
3239 6693
3240 6759
3241 6776
3242 6765
3243 6763
3244 6804
3245 6872
3246 6809
3247 6855
3248 6852
3249 6922
3250 6988
3251 6927
3252 6942
3253 6964
3254 6966
3255 6863
3256 6787
3257 6814
3258 6894
3259 6936
3260 6955
3261 6854
3262 6858
3263 6867
3264 6777
3265 6858
3266 6829
3267 6837
3268 6859
3269 6822
3270 6767
3271 6893
3272 6898
3273 6976
3274 6941
3275 6971
3276 6996
3277 7015
3278 7066
3279 7153
3280 7137
3281 7033
3282 7126
3283 7172
3284 7176
3285 7315
3286 7177
3287 7246
3288 7211
3289 7268
3290 7105
3291 7078
3292 7083
3293 7130
3294 7084
3295 7073
3296 7109
3297 7089
3298 7101
3299 7179
3300 7130
3301 7186
3302 7131
3303 7106
3304 7131
3305 7064
3306 7094
3307 7194
3308 7107
3309 7140
3310 7131
3311 7154
3312 7145
3313 7110
3314 7060
3315 7131
3316 7023
3317 7017
3318 7080
3319 7116
3320 7191
3321 7181
3322 7283
3323 7177
3324 7257
3325 7217
3326 7327
3327 7315
3328 7218
3329 7190
3330 7234
3331 7215
3332 7227
3333 7240
3334 7272
3335 7365
3336 7297
3337 7484
3338 7479
3339 7459
3340 7407
3341 7479
3342 7474
3343 7469
3344 7459
3345 7543
3346 7486
3347 7575
3348 7588
3349 7644
3350 7554
3351 7552
3352 7530
3353 7505
3354 7437
3355 7444
3356 7398
3357 7422
3358 7539
3359 7402
3360 7467
3361 7368
3362 7327
3363 7352
3364 7435
3365 7587
3366 7522
3367 7714
3368 7664
3369 7612
3370 7674
3371 7723
3372 7688
3373 7873
3374 7822
3375 7909
3376 7954
3377 7979
3378 7936
3379 8020
3380 7879
3381 7923
3382 8007
3383 8098
3384 7932
3385 7910
3386 7904
3387 7669
3388 7666
3389 7646
3390 7723
3391 7735
3392 7745
3393 7841
3394 7809
3395 7875
3396 8014
3397 7900
3398 7982
3399 8000
3400 7959
3401 7927
3402 7919
3403 7951
3404 7993
3405 8075
3406 8138
3407 8170
3408 8088
3409 8080
3410 8061
3411 8002
3412 7939
3413 7842
3414 7937
3415 7940
3416 7885
3417 7859
3418 7845
3419 7907
3420 7926
3421 7970
3422 8015
3423 7942
3424 7827
3425 7852
3426 7979
3427 7983
3428 7992
3429 7964
3430 7908
3431 7828
3432 7886
3433 7853
3434 7929
3435 8058
3436 8016
3437 8024
3438 8010
3439 7979
3440 7945
3441 8007
3442 8102
3443 8160
3444 8267
3445 8097
3446 8147
3447 8181
3448 8264
3449 8293
3450 8236
3451 8191
3452 8029
3453 7946
3454 7926
3455 7962
3456 7972
3457 7837
3458 7784
3459 7867
3460 7785
3461 7682
3462 7795
3463 7755
3464 7937
3465 7844
3466 7919
3467 7960
3468 7891
3469 7818
3470 7851
3471 7833
3472 7910
3473 7961
3474 7837
3475 7857
3476 7975
3477 8047
3478 8127
3479 7995
3480 7955
3481 7962
3482 8016
3483 7956
3484 7950
3485 8001
3486 7913
3487 8063
3488 8019
3489 7990
3490 8089
3491 8114
3492 8173
3493 8335
3494 8308
3495 8503
3496 8516
3497 8583
3498 8608
3499 8611
3500 8573
3501 8437
3502 8492
3503 8475
3504 8525
3505 8442
3506 8370
3507 8390
3508 8403
3509 8424
3510 8420
3511 8473
3512 8414
3513 8304
3514 8107
3515 8083
3516 8045
3517 7954
3518 7906
3519 7893
3520 7827
3521 7806
3522 7774
3523 7696
3524 7664
3525 7639
3526 7698
3527 7676
3528 7706
3529 7690
3530 7704
3531 7686
3532 7669
3533 7469
3534 7431
3535 7329
3536 7274
3537 7237
3538 7217
3539 7071
3540 7019
3541 7019
3542 6979
3543 7033
3544 6997
3545 6877
3546 6898
3547 6793
3548 6750
3549 6745
3550 6707
3551 6753
3552 6810
3553 6761
3554 6899
3555 6947
3556 6970
3557 7002
3558 6972
3559 6989
3560 6907
3561 6827
3562 6894
3563 6873
3564 6911
3565 6748
3566 6773
3567 6711
3568 6621
3569 6653
3570 6620
3571 6650
3572 6606
3573 6615
3574 6652
3575 6605
3576 6513
3577 6552
3578 6530
3579 6482
3580 6505
3581 6594
3582 6610
3583 6685
3584 6620
3585 6635
3586 6482
3587 6652
3588 6695
3589 6867
3590 6893
3591 6827
3592 6922
3593 6951
3594 6987
3595 7051
3596 7079
3597 7130
3598 7081
3599 7192
3600 7204
3601 7206
3602 7264
3603 7286
3604 7253
3605 7313
3606 7371
3607 7390
3608 7336
3609 7324
3610 7378
3611 7440
3612 7381
3613 7468
3614 7450
3615 7533
3616 7599
3617 7520
3618 7504
3619 7537
3620 7535
3621 7636
3622 7707
3623 7706
3624 7654
3625 7698
3626 7672
3627 7681
3628 7763
3629 7792
3630 7924
3631 7893
3632 7933
3633 7779
3634 7825
3635 7764
3636 7676
3637 7665
3638 7679
3639 7663
3640 7530
3641 7610
3642 7526
3643 7515
3644 7620
3645 7546
3646 7557
3647 7533
3648 7612
3649 7582
3650 7552
3651 7559
3652 7618
3653 7641
3654 7682
3655 7618
3656 7629
3657 7726
3658 7746
3659 7848
3660 7837
3661 7801
3662 7911
3663 7880
3664 7886
3665 7992
3666 7839
3667 7773
3668 7786
3669 7812
3670 7729
3671 7667
3672 7599
3673 7704
3674 7722
3675 7813
3676 7793
3677 7745
3678 7580
3679 7564
3680 7531
3681 7496
3682 7461
3683 7466
3684 7479
3685 7558
3686 7508
3687 7467
3688 7394
3689 7281
3690 7237
3691 7349
3692 7482
3693 7417
3694 7575
3695 7637
3696 7599
3697 7578
3698 7576
3699 7559
3700 7595
3701 7637
3702 7806
3703 7753
3704 7809
3705 7805
3706 7698
3707 7695
3708 7705
3709 7763
3710 7929
3711 7872
3712 7924
3713 7968
3714 7843
3715 7765
3716 7831
3717 7927
3718 8020
3719 7931
3720 7949
3721 8184
3722 8135
3723 8076
3724 7873
3725 7796
3726 7787
3727 7826
3728 7796
3729 7838
3730 7914
3731 7859
3732 7914
3733 7819
3734 7855
3735 7785
3736 7779
3737 7713
3738 7666
3739 7493
3740 7488
3741 7532
3742 7600
3743 7693
3744 7664
3745 7748
3746 7627
3747 7578
3748 7589
3749 7579
3750 7575
3751 7550
3752 7433
3753 7436
3754 7520
3755 7564
3756 7615
3757 7626
3758 7600
3759 7588
3760 7565
3761 7627
3762 7661
3763 7642
3764 7713
3765 7622
3766 7600
3767 7654
3768 7605
3769 7682
3770 7666
3771 7716
3772 7683
3773 7732
3774 7858
3775 7879
3776 7920
3777 7905
3778 7888
3779 7917
3780 8020
3781 8051
3782 8123
3783 8072
3784 8199
3785 8230
3786 8238
3787 8201
3788 8187
3789 8242
3790 8171
3791 8105
3792 8141
3793 8048
3794 8114
3795 8118
3796 8123
3797 8160
3798 8260
3799 8266
3800 8251
3801 8261
3802 8197
3803 8213
3804 8114
3805 8245
3806 8251
3807 8251
3808 8224
3809 8241
3810 8226
3811 8154
3812 8117
3813 8024
3814 7951
3815 7957
3816 7962
3817 7924
3818 7944
3819 7887
3820 7783
3821 7673
3822 7729
3823 7756
3824 7822
3825 7876
3826 7805
3827 7865
3828 7763
3829 7907
3830 7915
3831 7804
3832 7688
3833 7721
3834 7711
3835 7730
3836 7633
3837 7610
3838 7536
3839 7513
3840 7448
3841 7555
3842 7536
3843 7579
3844 7506
3845 7504
3846 7352
3847 7471
3848 7617
3849 7617
3850 7629
3851 7669
3852 7598
3853 7408
3854 7367
3855 7461
3856 7410
3857 7227
3858 7090
3859 7100
3860 7084
3861 6887
3862 6912
3863 6983
3864 6866
3865 6855
3866 6945
3867 6927
3868 6847
3869 6760
3870 6769
3871 6898
3872 6913
3873 6937
3874 6861
3875 6891
3876 6875
3877 6916
3878 6946
3879 7081
3880 7160
3881 7097
3882 7156
3883 7191
3884 7226
3885 7261
3886 7311
3887 7226
3888 7256
3889 7179
3890 7142
3891 7061
3892 7116
3893 7181
3894 7066
3895 7033
3896 6989
3897 6934
3898 6925
3899 6926
3900 6921
3901 6940
3902 6906
3903 6976
3904 6930
3905 6993
3906 7074
3907 7021
3908 7094
3909 7164
3910 7380
3911 7391
3912 7331
3913 7286
3914 7329
3915 7397
3916 7299
3917 7242
3918 7319
3919 7373
3920 7325
3921 7202
3922 7230
3923 7271
3924 7247
3925 7279
3926 7272
3927 7194
3928 7186
3929 7073
3930 7147
3931 7118
3932 7096
3933 7166
3934 7141
3935 7097
3936 7139
3937 7124
3938 7111
3939 7091
3940 7124
3941 7103
3942 7133
3943 7230
3944 7277
3945 7286
3946 7224
3947 7138
3948 7098
3949 6971
3950 7056
3951 7029
3952 7125
3953 7082
3954 7151
3955 7107
3956 7014
3957 6953
3958 7029
3959 6942
3960 6952
3961 6910
3962 6823
3963 6841
3964 6830
3965 6898
3966 7009
3967 7106
3968 7096
3969 7038
3970 6927
3971 6857
3972 6952
3973 7036
3974 7057
3975 7019
3976 6919
3977 7064
3978 6960
3979 6864
3980 6770
3981 6751
3982 6564
3983 6524
3984 6562
3985 6577
3986 6566
3987 6595
3988 6569
3989 6678
3990 6714
3991 6623
3992 6651
3993 6689
3994 6568
3995 6470
3996 6609
3997 6648
3998 6598
3999 6655
4000 6618
4001 6548
4002 6548
4003 6431
4004 6437
4005 6429
4006 6445
4007 6467
4008 6595
4009 6655
4010 6681
4011 6656
4012 6643
4013 6689
4014 6613
4015 6524
4016 6526
4017 6380
4018 6232
4019 6273
4020 6229
4021 6282
4022 6226
4023 6305
4024 6219
4025 6339
4026 6457
4027 6462
4028 6543
4029 6539
4030 6567
4031 6473
4032 6513
4033 6571
4034 6651
4035 6710
4036 6766
4037 6706
4038 6701
4039 6672
4040 6688
4041 6663
4042 6771
4043 6687
4044 6658
4045 6685
4046 6741
4047 6837
4048 6840
4049 6915
4050 6941
4051 6916
4052 6812
4053 6824
4054 6796
4055 6681
4056 6687
4057 6637
4058 6681
4059 6742
4060 6654
4061 6770
4062 6769
4063 6789
4064 6828
4065 6855
4066 6928
4067 6959
4068 6971
4069 7099
4070 7148
4071 7161
4072 7225
4073 7245
4074 7285
4075 7256
4076 7227
4077 7289
4078 7351
4079 7253
4080 7289
4081 7262
4082 7269
4083 7298
4084 7175
4085 7105
4086 7174
4087 7049
4088 6924
4089 6948
4090 6863
4091 7020
4092 7064
4093 7067
4094 7071
4095 7106
4096 7200
4097 7104
4098 7028
4099 7066
4100 7087
4101 7008
4102 6971
4103 6957
4104 6889
4105 6812
4106 6804
4107 6928
4108 6854
4109 6891
4110 6853
4111 6875
4112 6950
4113 6905
4114 6807
4115 6802
4116 6946
4117 6941
4118 6817
4119 6848
4120 6918
4121 6847
4122 6852
4123 6806
4124 6672
4125 6708
4126 6753
4127 6804
4128 6833
4129 6856
4130 6838
4131 6676
4132 6706
4133 6648
4134 6650
4135 6673
4136 6619
4137 6605
4138 6582
4139 6532
4140 6481
4141 6586
4142 6529
4143 6384
4144 6437
4145 6427
4146 6428
4147 6367
4148 6308
4149 6202
4150 6202
4151 6183
4152 6047
4153 6026
4154 6098
4155 6094
4156 6136
4157 6105
4158 6162
4159 6251
4160 6255
4161 6173
4162 6115
4163 6102
4164 6001
4165 5979
4166 6036
4167 6181
4168 6218
4169 6194
4170 6126
4171 6090
4172 6280
4173 6326
4174 6375
4175 6361
4176 6437
4177 6323
4178 6359
4179 6378
4180 6328
4181 6281
4182 6208
4183 6026
4184 6066
4185 6070
4186 6038
4187 6015
4188 5944
4189 5920
4190 5882
4191 5893
4192 5912
4193 5861
4194 5912
4195 5876
4196 5978
4197 5952
4198 5990
4199 5932
4200 5910
4201 5858
4202 6018
4203 6110
4204 6182
4205 6158
4206 6082
4207 6232
4208 6253
4209 6264
4210 6251
4211 6267
4212 6226
4213 6183
4214 6237
4215 6167
4216 6075
4217 6245
4218 6283
4219 6285
4220 6338
4221 6240
4222 6187
4223 6120
4224 6070
4225 6022
4226 6013
4227 5993
4228 5989
4229 5959
4230 5939
4231 5887
4232 5832
4233 5807
4234 5709
4235 5764
4236 5820
4237 5920
4238 5824
4239 5746
4240 5799
4241 5739
4242 5679
4243 5617
4244 5644
4245 5608
4246 5502
4247 5557
4248 5554
4249 5543
4250 5567
4251 5495
4252 5467
4253 5586
4254 5484
4255 5417
4256 5489
4257 5494
4258 5620
4259 5636
4260 5633
4261 5712
4262 5823
4263 5801
4264 5813
4265 5808
4266 5824
4267 5777
4268 5725
4269 5639
4270 5504
4271 5507
4272 5457
4273 5473
4274 5521
4275 5583
4276 5530
4277 5496
4278 5422
4279 5474
4280 5600
4281 5551
4282 5455
4283 5466
4284 5478
4285 5461
4286 5481
4287 5442
4288 5581
4289 5621
4290 5542
4291 5564
4292 5529
4293 5532
4294 5597
4295 5608
4296 5483
4297 5417
4298 5420
4299 5354
4300 5398
4301 5369
4302 5354
4303 5394
4304 5464
4305 5416
4306 5421
4307 5330
4308 5350
4309 5368
4310 5344
4311 5370
4312 5426
4313 5574
4314 5434
4315 5405
4316 5436
4317 5434
4318 5392
4319 5397
4320 5414
4321 5364
4322 5313
4323 5337
4324 5302
4325 5248
4326 5195
4327 5140
4328 5138
4329 5231
4330 5199
4331 5182
4332 5269
4333 5255
4334 5271
4335 5289
4336 5320
4337 5226
4338 5175
4339 5265
4340 5248
4341 5178
4342 5113
4343 4995
4344 5050
4345 5066
4346 5020
4347 5141
4348 5212
4349 5273
4350 5277
4351 5393
4352 5526
4353 5468
4354 5442
4355 5325
4356 5293
4357 5264
4358 5310
4359 5316
4360 5348
4361 5308
4362 5174
4363 5175
4364 5265
4365 5247
4366 5363
4367 5387
4368 5393
4369 5441
4370 5461
4371 5504
4372 5505
4373 5560
4374 5539
4375 5532
4376 5439
4377 5557
4378 5617
4379 5623
4380 5732
4381 5766
4382 5825
4383 5814
4384 5802
4385 5908
4386 5831
4387 5757
4388 5768
4389 5883
4390 5833
4391 5775
4392 5711
4393 5688
4394 5698
4395 5755
4396 5742
4397 5725
4398 5678
4399 5806
4400 5790
4401 5752
4402 5744
4403 5841
4404 5834
4405 5852
4406 5922
4407 5946
4408 5911
4409 5868
4410 5885
4411 5934
4412 5924
4413 6006
4414 6077
4415 6076
4416 6146
4417 6179
4418 6150
4419 6247
4420 6312
4421 6470
4422 6494
4423 6455
4424 6446
4425 6395
4426 6364
4427 6342
4428 6237
4429 6229
4430 6122
4431 6136
4432 6213
4433 6171
4434 6206
4435 6219
4436 6110
4437 6052
4438 6058
4439 5973
4440 5957
4441 6015
4442 5980
4443 5946
4444 5851
4445 5727
4446 5639
4447 5542
4448 5502
4449 5520
4450 5553
4451 5697
4452 5599
4453 5710
4454 5671
4455 5745
4456 5765
4457 5854
4458 5828
4459 5894
4460 5770
4461 5728
4462 5715
4463 5796
4464 5786
4465 5866
4466 5936
4467 5926
4468 5822
4469 5922
4470 5932
4471 5831
4472 5869
4473 5811
4474 5884
4475 5846
4476 5769
4477 5738
4478 5722
4479 5664
4480 5688
4481 5627
4482 5619
4483 5566
4484 5439
4485 5483
4486 5449
4487 5441
4488 5465
4489 5438
4490 5449
4491 5406
4492 5416
4493 5461
4494 5396
4495 5393
4496 5364
4497 5326
4498 5301
4499 5302
4500 5254
4501 5171
4502 5167
4503 5154
4504 5160
4505 5080
4506 5042
4507 5042
4508 5032
4509 5144
4510 5265
4511 5373
4512 5331
4513 5298
4514 5329
4515 5326
4516 5366
4517 5369
4518 5397
4519 5390
4520 5406
4521 5319
4522 5296
4523 5259
4524 5249
4525 5251
4526 5206
4527 5190
4528 5274
4529 5332
4530 5333
4531 5350
4532 5369
4533 5296
4534 5321
4535 5367
4536 5318
4537 5416
4538 5386
4539 5386
4540 5375
4541 5339
4542 5341
4543 5472
4544 5496
4545 5488
4546 5486
4547 5489
4548 5456
4549 5514
4550 5486
4551 5346
4552 5188
4553 5089
4554 5175
4555 5136
4556 5177
4557 5194
4558 5145
4559 5038
4560 5013
4561 5112
4562 5135
4563 5128
4564 5062
4565 5136
4566 5121
4567 5134
4568 5218
4569 5180
4570 5111
4571 5026
4572 4978
4573 5072
4574 5088
4575 5055
4576 5051
4577 4977
4578 4939
4579 5012
4580 4943
4581 5099
4582 5166
4583 5185
4584 5182
4585 5145
4586 5116
4587 5182
4588 5135
4589 5162
4590 5161
4591 5130
4592 5213
4593 5207
4594 5133
4595 5049
4596 5003
4597 5021
4598 5013
4599 4908
4600 4867
4601 4848
4602 4884
4603 4885
4604 4844
4605 4782
4606 4759
4607 4716
4608 4720
4609 4748
4610 4750
4611 4665
4612 4688
4613 4733
4614 4695
4615 4672
4616 4765
4617 4744
4618 4731
4619 4766
4620 4812
4621 4817
4622 4729
4623 4724
4624 4719
4625 4690
4626 4735
4627 4676
4628 4610
4629 4621
4630 4651
4631 4722
4632 4778
4633 4709
4634 4731
4635 4740
4636 4815
4637 4795
4638 4819
4639 4740
4640 4807
4641 4873
4642 4911
4643 4966
4644 4932
4645 5015
4646 5034
4647 5050
4648 5107
4649 5127
4650 5126
4651 5067
4652 5091
4653 5053
4654 5128
4655 5183
4656 5188
4657 5212
4658 5309
4659 5469
4660 5500
4661 5508
4662 5482
4663 5504
4664 5473
4665 5473
4666 5393
4667 5326
4668 5319
4669 5411
4670 5413
4671 5499
4672 5589
4673 5641
4674 5546
4675 5528
4676 5604
4677 5682
4678 5672
4679 5719
4680 5632
4681 5561
4682 5428
4683 5476
4684 5459
4685 5462
4686 5423
4687 5588
4688 5450
4689 5362
4690 5389
4691 5305
4692 5277
4693 5215
4694 5199
4695 5241
4696 5173
4697 5226
4698 5179
4699 5160
4700 5147
4701 5086
4702 5170
4703 5052
4704 5134
4705 5148
4706 5194
4707 5176
4708 5146
4709 5268
4710 5365
4711 5339
4712 5238
4713 5291
4714 5304
4715 5259
4716 5288
4717 5226
4718 5240
4719 5289
4720 5273
4721 5312
4722 5390
4723 5447
4724 5425
4725 5358
4726 5348
4727 5254
4728 5236
4729 5245
4730 5364
4731 5257
4732 5242
4733 5389
4734 5409
4735 5393
4736 5388
4737 5430
4738 5478
4739 5583
4740 5589
4741 5680
4742 5672
4743 5633
4744 5658
4745 5632
4746 5754
4747 5706
4748 5648
4749 5643
4750 5667
4751 5647
4752 5748
4753 5715
4754 5663
4755 5699
4756 5645
4757 5657
4758 5690
4759 5745
4760 5667
4761 5677
4762 5693
4763 5657
4764 5827
4765 5858
4766 5906
4767 6063
4768 6057
4769 6061
4770 6077
4771 6032
4772 5973
4773 5985
4774 5906
4775 5854
4776 5809
4777 5676
4778 5660
4779 5691
4780 5620
4781 5591
4782 5538
4783 5661
4784 5621
4785 5515
4786 5417
4787 5463
4788 5465
4789 5353
4790 5370
4791 5493
4792 5347
4793 5259
4794 5144
4795 5099
4796 5145
4797 5104
4798 5126
4799 5192
4800 5086
4801 5139
4802 5145
4803 5148
4804 5095
4805 5073
4806 5153
4807 5162
4808 5185
4809 5177
4810 5239
4811 5230
4812 5247
4813 5222
4814 5279
4815 5224
4816 5249
4817 5199
4818 5180
4819 5101
4820 5120
4821 5039
4822 5056
4823 5092
4824 5197
4825 5218
4826 5318
4827 5229
4828 5251
4829 5296
4830 5280
4831 5244
4832 5325
4833 5362
4834 5336
4835 5321
4836 5233
4837 5204
4838 5227
4839 5206
4840 5264
4841 5256
4842 5203
4843 5170
4844 5150
4845 5116
4846 5131
4847 5162
4848 5320
4849 5412
4850 5450
4851 5485
4852 5530
4853 5569
4854 5552
4855 5528
4856 5449
4857 5423
4858 5363
4859 5221
4860 5202
4861 5220
4862 5202
4863 5244
4864 5270
4865 5241
4866 5304
4867 5343
4868 5358
4869 5401
4870 5494
4871 5463
4872 5562
4873 5514
4874 5625
4875 5666
4876 5616
4877 5635
4878 5623
4879 5615
4880 5657
4881 5669
4882 5675
4883 5655
4884 5576
4885 5568
4886 5514
4887 5533
4888 5456
4889 5374
4890 5496
4891 5559
4892 5552
4893 5620
4894 5578
4895 5457
4896 5477
4897 5448
4898 5473
4899 5492
4900 5485
4901 5377
4902 5363
4903 5370
4904 5377
4905 5399
4906 5375
4907 5417
4908 5450
4909 5383
4910 5316
4911 5181
4912 5012
4913 5016
4914 4925
4915 4877
4916 4830
4917 4864
4918 4768
4919 4759
4920 4791
4921 4849
4922 4954
4923 4892
4924 4873
4925 4880
4926 5013
4927 5073
4928 5084
4929 4979
4930 4966
4931 4839
4932 4818
4933 4808
4934 4852
4935 4812
4936 4834
4937 4929
4938 4880
4939 4867
4940 4852
4941 4820
4942 4765
4943 4783
4944 4795
4945 4897
4946 4882
4947 4869
4948 4854
4949 4776
4950 4859
4951 4868
4952 4827
4953 4781
4954 4786
4955 4838
4956 4798
4957 4838
4958 4677
4959 4638
4960 4681
4961 4816
4962 4812
4963 4722
4964 4660
4965 4617
4966 4647
4967 4563
4968 4648
4969 4578
4970 4535
4971 4591
4972 4609
4973 4593
4974 4591
4975 4626
4976 4647
4977 4697
4978 4695
4979 4689
4980 4722
4981 4671
4982 4626
4983 4646
4984 4615
4985 4654
4986 4701
4987 4681
4988 4637
4989 4689
4990 4737
4991 4752
4992 4707
4993 4716
4994 4655
4995 4574
4996 4662
4997 4611
4998 4570
4999 4608
5000 4602
5001 4624
5002 4725
5003 4725
5004 4723
5005 4750
5006 4711
5007 4682
5008 4719
5009 4658
5010 4648
5011 4758
5012 4734
5013 4680
5014 4685
5015 4627
5016 4702
5017 4772
5018 4746
5019 4776
5020 4853
5021 4805
5022 4796
5023 4657
5024 4715
5025 4745
5026 4714
5027 4760
5028 4765
5029 4727
5030 4688
5031 4677
5032 4682
5033 4668
5034 4795
5035 4752
5036 4673
5037 4613
5038 4646
5039 4579
5040 4427
5041 4486
5042 4668
5043 4610
5044 4570
5045 4587
5046 4591
5047 4579
5048 4614
5049 4670
5050 4675
5051 4635
5052 4704
5053 4706
5054 4668
5055 4660
5056 4585
5057 4583
5058 4569
5059 4556
5060 4602
5061 4596
5062 4570
5063 4697
5064 4586
5065 4474
5066 4420
5067 4398
5068 4361
5069 4450
5070 4454
5071 4489
5072 4541
5073 4474
5074 4543
5075 4472
5076 4482
5077 4469
5078 4569
5079 4594
5080 4574
5081 4561
5082 4480
5083 4452
5084 4539
5085 4586
5086 4687
5087 4623
5088 4583
5089 4665
5090 4672
5091 4733
5092 4817
5093 4766
5094 4775
5095 4828
5096 4767
5097 4774
5098 4822
5099 4789
5100 4773
5101 4867
5102 4921
5103 4831
5104 4830
5105 4853
5106 4902
5107 4857
5108 4797
5109 4761
5110 4784
5111 4702
5112 4705
5113 4671
5114 4589
5115 4587
5116 4701
5117 4662
5118 4573
5119 4705
5120 4752
5121 4684
5122 4735
5123 4736
5124 4654
5125 4753
5126 4703
5127 4702
5128 4672
5129 4716
5130 4804
5131 4756
5132 4698
5133 4668
5134 4681
5135 4769
5136 4814
5137 4904
5138 4876
5139 4908
5140 4922
5141 4883
5142 4985
5143 4991
5144 5044
5145 5036
5146 5065
5147 5141
5148 5177
5149 5226
5150 5197
5151 5260
5152 5279
5153 5225
5154 5155
5155 5270
5156 5286
5157 5384
5158 5427
5159 5302
5160 5304
5161 5238
5162 5172
5163 5248
5164 5307
5165 5240
5166 5218
5167 5248
5168 5293
5169 5188
5170 5179
5171 5225
5172 5230
5173 5200
5174 5071
5175 5157
5176 5072
5177 5054
5178 5099
5179 5012
5180 4997
5181 4965
5182 4896
5183 4894
5184 4817
5185 4941
5186 4986
5187 5052
5188 4943
5189 4968
5190 4914
5191 4952
5192 4964
5193 4970
5194 4889
5195 4915
5196 4928
5197 4996
5198 4913
5199 4929
5200 4967
5201 5145
5202 5110
5203 5106
5204 5131
5205 5101
5206 5121
5207 5163
5208 5151
5209 5123
5210 5138
5211 5137
5212 5191
5213 5178
5214 5153
5215 5149
5216 5202
5217 5197
5218 5166
5219 5117
5220 5182
5221 5227
5222 5229
5223 5221
5224 5399
5225 5371
5226 5418
5227 5491
5228 5498
5229 5566
5230 5557
5231 5488
5232 5469
5233 5390
5234 5400
5235 5299
5236 5325
5237 5339
5238 5303
5239 5250
5240 5185
5241 5211
5242 5239
5243 5234
5244 5226
5245 5239
5246 5269
5247 5230
5248 5228
5249 5233
5250 5137
5251 5025
5252 5034
5253 5061
5254 5131
5255 5178
5256 5172
5257 5208
5258 5141
5259 5172
5260 5139
5261 5158
5262 5148
5263 5157
5264 5014
5265 5080
5266 5019
5267 4965
5268 4964
5269 5029
5270 5082
5271 5014
5272 4921
5273 4894
5274 4915
5275 4902
5276 4879
5277 4854
5278 4896
5279 4935
5280 4916
5281 5027
5282 4861
5283 4788
5284 4791
5285 4816
5286 4822
5287 4688
5288 4727
5289 4778
5290 4818
5291 4799
5292 4888
5293 4805
5294 4786
5295 4776
5296 4778
5297 4763
5298 4763
5299 4796
5300 4742
5301 4771
5302 4729
5303 4736
5304 4798
5305 4930
5306 4865
5307 4834
5308 4739
5309 4701
5310 4625
5311 4616
5312 4712
5313 4764
5314 4671
5315 4594
5316 4631
5317 4641
5318 4664
5319 4621
5320 4618
5321 4617
5322 4617
5323 4542
5324 4499
5325 4437
5326 4396
5327 4442
5328 4447
5329 4400
5330 4373
5331 4486
5332 4425
5333 4374
5334 4274
5335 4262
5336 4237
5337 4336
5338 4379
5339 4320
5340 4274
5341 4265
5342 4111
5343 4113
5344 4064
5345 3991
5346 3988
5347 4010
5348 4055
5349 4034
5350 3944
5351 3960
5352 3867
5353 3822
5354 3870
5355 3796
5356 3821
5357 3799
5358 3852
5359 3884
5360 3962
5361 3981
5362 3865
5363 3882
5364 3875
5365 3889
5366 3914
5367 3944
5368 3960
5369 3943
5370 3916
5371 3961
5372 4006
5373 4007
5374 3990
5375 3986
5376 3992
5377 3970
5378 4007
5379 4012
5380 3977
5381 3967
5382 3963
5383 4068
5384 4153
5385 4170
5386 4140
5387 4193
5388 4217
5389 4267
5390 4228
5391 4267
5392 4339
5393 4358
5394 4402
5395 4330
5396 4234
5397 4205
5398 4175
5399 4156
5400 4117
5401 4171
5402 4124
5403 4001
5404 4122
5405 4244
5406 4179
5407 4139
5408 4202
5409 4149
5410 4151
5411 4074
5412 4024
5413 4059
5414 4058
5415 4066
5416 4090
5417 4067
5418 4073
5419 4053
5420 4029
5421 4007
5422 3982
5423 4078
5424 4075
5425 4119
5426 4157
5427 4145
5428 4077
5429 4017
5430 3999
5431 4054
5432 4068
5433 4084
5434 4030
5435 4033
5436 4116
5437 4067
5438 4075
5439 3991
5440 4041
5441 3997
5442 4045
5443 4071
5444 4009
5445 4036
5446 4043
5447 3994
5448 3988
5449 3946
5450 4006
5451 4027
5452 4064
5453 4119
5454 4069
5455 4036
5456 4119
5457 4127
5458 4122
5459 4148
5460 4169
5461 4201
5462 4260
5463 4377
5464 4336
5465 4408
5466 4375
5467 4339
5468 4259
5469 4314
5470 4208
5471 4183
5472 4173
5473 4223
5474 4131
5475 4125
5476 4066
5477 4087
5478 4079
5479 4061
5480 4060
5481 4017
5482 3993
5483 3902
5484 3782
5485 3811
5486 3764
5487 3802
5488 3797
5489 3725
5490 3769
5491 3701
5492 3691
5493 3725
5494 3774
5495 3824
5496 3737
5497 3700
5498 3664
5499 3631
5500 3630
5501 3682
5502 3695
5503 3682
5504 3646
5505 3669
5506 3662
5507 3671
5508 3669
5509 3647
5510 3658
5511 3788
5512 3826
5513 3766
5514 3836
5515 3853
5516 3838
5517 3818
5518 3816
5519 3904
5520 3948
5521 4006
5522 3957
5523 3906
5524 3909
5525 3809
5526 3721
5527 3686
5528 3728
5529 3665
5530 3656
5531 3685
5532 3668
5533 3667
5534 3632
5535 3583
5536 3507
5537 3506
5538 3495
5539 3482
5540 3470
5541 3379
5542 3319
5543 3309
5544 3264
5545 3257
5546 3292
5547 3315
5548 3331
5549 3258
5550 3174
5551 3220
5552 3091
5553 3130
5554 3058
5555 3068
5556 3059
5557 3071
5558 3116
5559 3189
5560 3111
5561 3084
5562 3099
5563 3092
5564 3146
5565 3181
5566 3218
5567 3171
5568 3229
5569 3286
5570 3223
5571 3139
5572 3083
5573 3071
5574 3060
5575 3010
5576 2990
5577 2934
5578 2866
5579 2813
5580 2865
5581 2838
5582 2879
5583 2969
5584 2912
5585 2841
5586 2858
5587 2950
5588 2936
5589 2951
5590 2932
5591 2870
5592 2880
5593 2853
5594 2840
5595 2895
5596 2903
5597 2935
5598 3001
5599 3092
5600 3194
5601 3146
5602 3039
5603 3039
5604 3090
5605 3123
5606 3099
5607 3061
5608 3080
5609 3123
5610 3129
5611 3119
5612 3131
5613 3132
5614 3113
5615 3211
5616 3109
5617 3135
5618 3181
5619 3177
5620 3215
5621 3247
5622 3254
5623 3315
5624 3285
5625 3227
5626 3282
5627 3323
5628 3361
5629 3342
5630 3427
5631 3512
5632 3489
5633 3456
5634 3404
5635 3380
5636 3405
5637 3492
5638 3524
5639 3492
5640 3498
5641 3577
5642 3526
5643 3457
5644 3474
5645 3477
5646 3442
5647 3429
5648 3412
5649 3346
5650 3306
5651 3216
5652 3317
5653 3329
5654 3369
5655 3388
5656 3315
5657 3241
5658 3313
5659 3181
5660 3120
5661 3131
5662 3124
5663 3100
5664 3011
5665 2975
5666 2983
5667 3123
5668 3104
5669 3115
5670 3145
5671 3162
5672 3214
5673 3219
5674 3227
5675 3155
5676 3215
5677 3286
5678 3163
5679 3098
5680 3155
5681 3187
5682 3170
5683 3264
5684 3271
5685 3224
5686 3195
5687 3215
5688 3303
5689 3369
5690 3397
5691 3365
5692 3405
5693 3376
5694 3450
5695 3535
5696 3482
5697 3558
5698 3546
5699 3465
5700 3526
5701 3440
5702 3440
5703 3474
5704 3411
5705 3432
5706 3429
5707 3442
5708 3434
5709 3577
5710 3641
5711 3727
5712 3786
5713 3719
5714 3694
5715 3674
5716 3727
5717 3767
5718 3734
5719 3658
5720 3661
5721 3689
5722 3702
5723 3744
5724 3774
5725 3794
5726 3746
5727 3733
5728 3724
5729 3677
5730 3722
5731 3737
5732 3750
5733 3801
5734 3820
5735 3797
5736 3845
5737 3893
5738 4036
5739 4061
5740 4064
5741 4067
5742 4009
5743 3955
5744 3916
5745 3881
5746 3867
5747 3855
5748 3808
5749 3739
5750 3742
5751 3807
5752 3846
5753 3879
5754 3945
5755 3905
5756 3959
5757 3942
5758 3986
5759 4056
5760 4017
5761 4008
5762 4041
5763 4125
5764 4152
5765 4080
5766 4122
5767 4067
5768 4170
5769 4101
5770 4038
5771 3978
5772 3990
5773 3939
5774 3852
5775 3817
5776 3809
5777 3812
5778 3904
5779 3890
5780 3939
5781 3966
5782 3949
5783 3954
5784 3898
5785 3866
5786 3838
5787 3989
5788 3923
5789 3924
5790 3934
5791 3996
5792 4020
5793 4069
5794 4134
5795 4173
5796 4173
5797 4162
5798 4091
5799 4175
5800 4158
5801 4090
5802 4086
5803 4139
5804 4207
5805 4187
5806 4157
5807 4167
5808 4124
5809 4097
5810 3945
5811 3869
5812 3905
5813 3817
5814 3841
5815 3867
5816 3873
5817 3872
5818 3876
5819 3875
5820 3852
5821 3757
5822 3738
5823 3757
5824 3749
5825 3772
5826 3699
5827 3822
5828 3705
5829 3726
5830 3740
5831 3810
5832 3741
5833 3804
5834 3804
5835 3877
5836 3955
5837 3838
5838 3885
5839 3912
5840 3949
5841 3933
5842 3898
5843 3872
5844 3806
5845 3877
5846 3884
5847 3905
5848 3749
5849 3724
5850 3737
5851 3823
5852 3793
5853 3793
5854 3766
5855 3722
5856 3714
5857 3729
5858 3818
5859 3875
5860 3952
5861 3883
5862 3875
5863 3866
5864 3850
5865 3947
5866 3874
5867 3938
5868 3827
5869 3816
5870 3825
5871 3792
5872 3734
5873 3708
5874 3704
5875 3717
5876 3672
5877 3590
5878 3634
5879 3656
5880 3564
5881 3530
5882 3563
5883 3510
5884 3528
5885 3596
5886 3608
5887 3627
5888 3597
5889 3584
5890 3695
5891 3743
5892 3739
5893 3644
5894 3691
5895 3658
5896 3641
5897 3696
5898 3744
5899 3740
5900 3549
5901 3528
5902 3490
5903 3508
5904 3451
5905 3409
5906 3475
5907 3455
5908 3464
5909 3452
5910 3444
5911 3424
5912 3420
5913 3479
5914 3446
5915 3484
5916 3504
5917 3451
5918 3376
5919 3482
5920 3520
5921 3479
5922 3432
5923 3454
5924 3490
5925 3415
5926 3397
5927 3383
5928 3314
5929 3341
5930 3277
5931 3256
5932 3236
5933 3249
5934 3189
5935 3183
5936 3250
5937 3284
5938 3319
5939 3296
5940 3209
5941 3148
5942 3093
5943 3155
5944 3083
5945 3002
5946 3028
5947 2994
5948 2933
5949 2865
5950 2798
5951 2714
5952 2695
5953 2685
5954 2673
5955 2672
5956 2626
5957 2660
5958 2675
5959 2639
5960 2670
5961 2678
5962 2687
5963 2695
5964 2736
5965 2722
5966 2718
5967 2660
5968 2591
5969 2612
5970 2660
5971 2755
5972 2698
5973 2715
5974 2655
5975 2683
5976 2638
5977 2685
5978 2694
5979 2717
5980 2760
5981 2821
5982 2738
5983 2829
5984 2860
5985 2786
5986 2812
5987 2789
5988 2782
5989 2839
5990 2826
5991 2894
5992 2953
5993 3032
5994 3045
5995 2948
5996 2911
5997 2882
5998 2863
5999 2893
6000 2890
6001 2848
6002 2812
6003 2792
6004 2899
6005 2890
6006 2985
6007 2903
6008 2913
6009 2931
6010 2956
6011 2948
6012 2884
6013 2896
6014 2840
6015 2900
6016 2910
6017 2940
6018 2928
6019 2915
6020 2844
6021 2897
6022 2839
6023 2770
6024 2718
6025 2775
6026 2735
6027 2746
6028 2770
6029 2794
6030 2805
6031 2804
6032 2840
6033 2821
6034 2800
6035 2792
6036 2846
6037 2881
6038 2960
6039 2931
6040 2899
6041 2846
6042 2822
6043 2815
6044 2778
6045 2826
6046 2806
6047 2820
6048 2742
6049 2784
6050 2668
6051 2654
6052 2625
6053 2622
6054 2626
6055 2616
6056 2619
6057 2612
6058 2646
6059 2647
6060 2605
6061 2637
6062 2675
6063 2740
6064 2709
6065 2676
6066 2690
6067 2641
6068 2552
6069 2452
6070 2476
6071 2367
6072 2361
6073 2332
6074 2384
6075 2352
6076 2355
6077 2316
6078 2327
6079 2340
6080 2380
6081 2375
6082 2397
6083 2318
6084 2306
6085 2314
6086 2344
6087 2313
6088 2271
6089 2223
6090 2196
6091 2201
6092 2169
6093 2175
6094 2127
6095 2177
6096 2142
6097 2156
6098 2146
6099 2180
6100 2176
6101 2084
6102 2000
6103 1950
6104 1947
6105 1914
6106 1824
6107 1798
6108 1809
6109 1840
6110 1835
6111 1823
6112 1922
6113 1894
6114 1889
6115 1897
6116 1912
6117 1918
6118 1917
6119 1859
6120 1911
6121 1868
6122 1864
6123 1899
6124 1829
6125 1882
6126 1873
6127 1803
6128 1765
6129 1715
6130 1646
6131 1592
6132 1622
6133 1686
6134 1736
6135 1758
6136 1782
6137 1846
6138 1817
6139 1764
6140 1761
6141 1739
6142 1734
6143 1751
6144 1792
6145 1765
6146 1693
6147 1731
6148 1713
6149 1707
6150 1758
6151 1738
6152 1752
6153 1806
6154 1790
6155 1794
6156 1800
6157 1823
6158 1841
6159 1906
6160 1935
6161 1948
6162 1970
6163 1960
6164 1913
6165 1937
6166 1901
6167 1880
6168 1954
6169 1920
6170 1913
6171 1894
6172 1921
6173 1941
6174 1895
6175 1908
6176 1857
6177 1863
6178 1921
6179 1948
6180 1919
6181 1818
6182 1787
6183 1822
6184 1881
6185 1882
6186 1910
6187 1964
6188 1969
6189 1970
6190 1847
6191 1859
6192 1838
6193 1881
6194 1829
6195 1875
6196 1898
6197 1856
6198 1761
6199 1740
6200 1720
6201 1746
6202 1782
6203 1788
6204 1779
6205 1784
6206 1862
6207 1884
6208 1920
6209 1883
6210 1887
6211 1868
6212 1885
6213 1960
6214 1965
6215 1894
6216 1894
6217 1903
6218 1890
6219 1875
6220 1898
6221 1909
6222 1929
6223 1896
6224 1895
6225 1963
6226 2012
6227 2008
6228 2025
6229 2023
6230 2075
6231 2091
6232 2117
6233 2013
6234 2002
6235 1948
6236 1997
6237 1942
6238 1981
6239 1984
6240 1986
6241 2010
6242 1968
6243 1899
6244 1861
6245 1880
6246 1891
6247 1924
6248 1943
6249 2010
6250 2037
6251 2060
6252 2109
6253 2088
6254 2136
6255 2083
6256 2082
6257 2146
6258 2174
6259 2111
6260 2082
6261 2100
6262 2062
6263 2110
6264 2111
6265 2051
6266 2070
6267 2109
6268 2108
6269 2163
6270 2210
6271 2289
6272 2323
6273 2341
6274 2402
6275 2413
6276 2485
6277 2627
6278 2642
6279 2640
6280 2599
6281 2713
6282 2740
6283 2787
6284 2801
6285 2875
6286 2871
6287 2917
6288 2883
6289 2854
6290 2872
6291 2884
6292 2979
6293 2925
6294 3006
6295 2957
6296 2944
6297 2980
6298 2990
6299 3002
6300 2930
6301 2995
6302 2916
6303 2945
6304 3000
6305 3077
6306 3088
6307 3068
6308 3051
6309 3066
6310 3060
6311 3023
6312 3072
6313 3071
6314 3054
6315 3007
6316 2985
6317 3005
6318 2898
6319 2831
6320 2841
6321 2749
6322 2747
6323 2825
6324 2771
6325 2898
6326 2904
6327 2937
6328 2920
6329 2934
6330 2908
6331 2822
6332 2862
6333 2878
6334 2822
6335 2778
6336 2645
6337 2734
6338 2667
6339 2643
6340 2621
6341 2514
6342 2510
6343 2444
6344 2450
6345 2399
6346 2435
6347 2458
6348 2361
6349 2308
6350 2263
6351 2193
6352 2160
6353 2125
6354 2134
6355 2106
6356 2099
6357 2108
6358 2113
6359 2114
6360 2084
6361 2082
6362 2102
6363 2053
6364 2068
6365 2073
6366 2035
6367 2078
6368 2126
6369 2067
6370 2012
6371 1985
6372 1982
6373 1930
6374 1926
6375 1951
6376 1916
6377 1887
6378 1980
6379 2000
6380 2079
6381 2062
6382 2077
6383 2006
6384 1982
6385 1916
6386 2048
6387 2048
6388 2056
6389 2036
6390 1994
6391 1968
6392 2045
6393 1991
6394 1997
6395 2022
6396 2033
6397 2033
6398 1975
6399 2001
6400 1968
6401 1947
6402 1948
6403 1915
6404 1897
6405 1869
6406 1948
6407 1955
6408 1901
6409 1908
6410 1885
6411 1934
6412 2033
6413 2063
6414 2097
6415 2052
6416 1981
6417 1894
6418 1875
6419 1907
6420 1883
6421 1904
6422 1895
6423 1941
6424 1898
6425 1892
6426 1854
6427 1809
6428 1852
6429 1873
6430 1859
6431 1930
6432 1917
6433 1959
6434 1925
6435 1931
6436 1895
6437 1827
6438 1824
6439 1863
6440 1852
6441 1889
6442 1857
6443 1866
6444 1925
6445 2000
6446 1977
6447 1991
6448 1999
6449 1959
6450 1939
6451 1976
6452 1962
6453 2058
6454 1989
6455 1967
6456 1971
6457 1980
6458 1957
6459 1955
6460 1958
6461 1975
6462 2018
6463 2003
6464 1991
6465 1949
6466 1945
6467 1867
6468 1897
6469 1925
6470 1944
6471 1919
6472 1926
6473 1931
6474 1917
6475 1881
6476 1942
6477 1879
6478 1862
6479 1824
6480 1891
6481 1864
6482 1836
6483 1798
6484 1817
6485 1766
6486 1706
6487 1742
6488 1730
6489 1800
6490 1828
6491 1845
6492 1877
6493 1896
6494 1891
6495 1916
6496 1975
6497 2076
6498 2077
6499 2062
6500 2049
6501 1997
6502 1995
6503 1991
6504 1984
6505 1973
6506 2036
6507 2118
6508 2180
6509 2123
6510 2083
6511 2079
6512 2088
6513 2089
6514 2080
6515 2074
6516 2050
6517 2011
6518 1971
6519 1912
6520 1900
6521 1891
6522 1887
6523 1867
6524 1849
6525 1840
6526 1774
6527 1791
6528 1823
6529 1847
6530 1919
6531 1837
6532 1850
6533 1876
6534 1843
6535 1824
6536 1905
6537 1856
6538 1747
6539 1723
6540 1771
6541 1769
6542 1731
6543 1758
6544 1778
6545 1800
6546 1837
6547 1793
6548 1822
6549 1789
6550 1773
6551 1795
6552 1823
6553 1793
6554 1829
6555 1793
6556 1756
6557 1696
6558 1696
6559 1697
6560 1674
6561 1719
6562 1787
6563 1818
6564 1787
6565 1913
6566 1945
6567 1913
6568 1941
6569 1866
6570 1892
6571 1952
6572 1900
6573 1883
6574 1850
6575 1893
6576 1952
6577 1923
6578 1932
6579 1928
6580 1939
6581 1967
6582 1967
6583 2022
6584 1942
6585 1922
6586 1864
6587 1933
6588 1957
6589 1951
6590 1882
6591 1880
6592 1919
6593 1946
6594 1878
6595 1895
6596 1830
6597 1743
6598 1677
6599 1605
6600 1559
6601 1517
6602 1502
6603 1503
6604 1529
6605 1606
6606 1570
6607 1581
6608 1604
6609 1587
6610 1620
6611 1618
6612 1598
6613 1671
6614 1685
6615 1668
6616 1706
6617 1740
6618 1724
6619 1723
6620 1746
6621 1779
6622 1783
6623 1746
6624 1723
6625 1734
6626 1748
6627 1713
6628 1616
6629 1616
6630 1674
6631 1685
6632 1585
6633 1655
6634 1668
6635 1702
6636 1743
6637 1742
6638 1745
6639 1714
6640 1745
6641 1736
6642 1706
6643 1678
6644 1679
6645 1637
6646 1631
6647 1573
6648 1544
6649 1479
6650 1441
6651 1471
6652 1522
6653 1482
6654 1477
6655 1477
6656 1496
6657 1538
6658 1574
6659 1597
6660 1568
6661 1525
6662 1556
6663 1622
6664 1632
6665 1664
6666 1609
6667 1624
6668 1648
6669 1689
6670 1714
6671 1801
6672 1766
6673 1757
6674 1734
6675 1681
6676 1738
6677 1802
6678 1860
6679 1896
6680 1900
6681 1860
6682 1880
6683 1877
6684 1875
6685 1851
6686 1833
6687 1906
6688 1918
6689 1928
6690 1955
6691 1976
6692 2027
6693 2002
6694 2035
6695 2074
6696 2021
6697 1996
6698 1988
6699 1959
6700 1902
6701 1906
6702 1905
6703 1865
6704 1952
6705 2007
6706 1951
6707 1995
6708 1998
6709 2091
6710 2049
6711 2092
6712 2064
6713 2068
6714 2041
6715 2010
6716 2000
6717 2000
6718 1999
6719 1953
6720 1960
6721 1955
6722 1967
6723 1953
6724 1894
6725 1873
6726 1908
6727 1907
6728 1979
6729 2018
6730 2019
6731 2024
6732 1958
6733 1921
6734 1906
6735 1869
6736 1828
6737 1817
6738 1865
6739 1875
6740 1829
6741 1826
6742 1845
6743 1920
6744 1868
6745 1889
6746 1960
6747 2018
6748 2021
6749 1979
6750 1961
6751 1938
6752 1887
6753 1966
6754 1959
6755 2029
6756 2006
6757 2001
6758 1968
6759 2002
6760 1968
6761 2005
6762 2050
6763 2083
6764 2083
6765 2092
6766 2093
6767 2052
6768 2118
6769 2132
6770 2114
6771 2171
6772 2131
6773 2147
6774 2138
6775 2173
6776 2186
6777 2190
6778 2102
6779 2148
6780 2099
6781 2098
6782 2152
6783 2155
6784 2153
6785 2115
6786 2113
6787 2077
6788 2145
6789 2108
6790 2093
6791 2092
6792 2100
6793 2102
6794 2091
6795 2067
6796 2088
6797 2112
6798 2166
6799 2228
6800 2264
6801 2314
6802 2330
6803 2308
6804 2260
6805 2215
6806 2231
6807 2228
6808 2176
6809 2216
6810 2232
6811 2227
6812 2230
6813 2218
6814 2284
6815 2268
6816 2305
6817 2296
6818 2346
6819 2309
6820 2257
6821 2216
6822 2224
6823 2231
6824 2169
6825 2170
6826 2172
6827 2229
6828 2241
6829 2231
6830 2235
6831 2195
6832 2202
6833 2215
6834 2151
6835 2152
6836 2134
6837 2156
6838 2205
6839 2215
6840 2181
6841 2101
6842 2154
6843 2160
6844 2170
6845 2112
6846 2089
6847 2155
6848 2092
6849 2102
6850 2039
6851 2086
6852 2087
6853 2060
6854 2118
6855 2107
6856 2085
6857 2099
6858 2146
6859 2071
6860 2052
6861 2015
6862 2004
6863 2038
6864 2052
6865 2053
6866 2144
6867 2082
6868 2094
6869 2103
6870 2096
6871 2134
6872 2086
6873 2102
6874 2140
6875 2116
6876 2143
6877 2161
6878 2086
6879 2124
6880 2089
6881 2075
6882 2004
6883 1981
6884 2002
6885 1985
6886 1981
6887 1933
6888 1896
6889 1924
6890 1942
6891 1985
6892 2011
6893 2006
6894 2001
6895 2002
6896 1980
6897 1947
6898 1948
6899 1948
6900 1941
6901 1851
6902 1788
6903 1808
6904 1759
6905 1780
6906 1773
6907 1768
6908 1783
6909 1787
6910 1727
6911 1700
6912 1755
6913 1791
6914 1680
6915 1695
6916 1601
6917 1577
6918 1570
6919 1586
6920 1574
6921 1572
6922 1527
6923 1556
6924 1596
6925 1637
6926 1622
6927 1628
6928 1664
6929 1655
6930 1677
6931 1663
6932 1686
6933 1678
6934 1739
6935 1733
6936 1760
6937 1770
6938 1842
6939 1964
6940 1960
6941 1912
6942 1922
6943 1930
6944 1964
6945 1932
6946 1885
6947 1945
6948 1979
6949 1981
6950 2039
6951 2026
6952 2001
6953 2040
6954 2048
6955 2098
6956 2050
6957 2065
6958 2133
6959 2092
6960 2094
6961 2098
6962 2091
6963 2089
6964 2081
6965 2107
6966 2143
6967 2178
6968 2242
6969 2229
6970 2267
6971 2209
6972 2276
6973 2195
6974 2219
6975 2227
6976 2319
6977 2262
6978 2317
6979 2394
6980 2365
6981 2312
6982 2260
6983 2311
6984 2267
6985 2262
6986 2287
6987 2288
6988 2215
6989 2150
6990 2111
6991 2053
6992 2044
6993 2041
6994 2010
6995 1984
6996 2001
6997 2058
6998 2048
6999 2096
7000 2100
7001 2087
7002 2016
7003 2051
7004 2090
7005 2079
7006 2051
7007 2083
7008 2143
7009 2156
7010 2209
7011 2210
7012 2316
7013 2375
7014 2365
7015 2345
7016 2370
7017 2374
7018 2362
7019 2257
7020 2273
7021 2258
7022 2305
7023 2255
7024 2278
7025 2306
7026 2297
7027 2260
7028 2231
7029 2265
7030 2241
7031 2302
7032 2327
7033 2372
7034 2331
7035 2353
7036 2409
7037 2395
7038 2352
7039 2380
7040 2347
7041 2376
7042 2356
7043 2367
7044 2349
7045 2435
7046 2336
7047 2320
7048 2243
7049 2199
7050 2198
7051 2187
7052 2145
7053 2205
7054 2191
7055 2259
7056 2250
7057 2340
7058 2374
7059 2377
7060 2376
7061 2386
7062 2423
7063 2394
7064 2380
7065 2351
7066 2282
7067 2278
7068 2153
7069 2122
7070 2114
7071 2123
7072 2136
7073 2082
7074 2063
7075 2047
7076 2030
7077 2117
7078 2039
7079 2029
7080 1956
7081 1995
7082 2044
7083 2051
7084 2028
7085 1966
7086 1931
7087 1872
7088 1859
7089 1845
7090 1857
7091 1933
7092 1928
7093 2059
7094 2071
7095 2062
7096 2108
7097 2121
7098 2173
7099 2173
7100 2211
7101 2224
7102 2194
7103 2198
7104 2167
7105 2203
7106 2237
7107 2273
7108 2249
7109 2271
7110 2299
7111 2317
7112 2322
7113 2250
7114 2179
7115 2142
7116 2125
7117 2182
7118 2177
7119 2175
7120 2192
7121 2229
7122 2220
7123 2196
7124 2238
7125 2261
7126 2226
7127 2241
7128 2237
7129 2175
7130 2219
7131 2259
7132 2254
7133 2314
7134 2273
7135 2326
7136 2272
7137 2246
7138 2304
7139 2274
7140 2241
7141 2247
7142 2221
7143 2243
7144 2210
7145 2203
7146 2192
7147 2242
7148 2228
7149 2267
7150 2245
7151 2257
7152 2204
7153 2227
7154 2183
7155 2275
7156 2190
7157 2204
7158 2192
7159 2241
7160 2204
7161 2202
7162 2233
7163 2231
7164 2268
7165 2282
7166 2313
7167 2308
7168 2352
7169 2325
7170 2353
7171 2396
7172 2454
7173 2442
7174 2400
7175 2348
7176 2372
7177 2350
7178 2325
7179 2282
7180 2346
7181 2301
7182 2246
7183 2202
7184 2236
7185 2267
7186 2271
7187 2289
7188 2321
7189 2288
7190 2271
7191 2235
7192 2336
7193 2330
7194 2372
7195 2361
7196 2342
7197 2306
7198 2355
7199 2370
7200 2421
7201 2433
7202 2410
7203 2565
7204 2553
7205 2552
7206 2556
7207 2513
7208 2467
7209 2545
7210 2539
7211 2581
7212 2604
7213 2556
7214 2599
7215 2571
7216 2653
7217 2671
7218 2679
7219 2642
7220 2743
7221 2677
7222 2704
7223 2600
7224 2718
7225 2785
7226 2911
7227 2913
7228 2996
7229 2976
7230 3008
7231 3021
7232 3078
7233 3046
7234 3123
7235 3196
7236 3175
7237 3241
7238 3260
7239 3315
7240 3269
7241 3332
7242 3324
7243 3292
7244 3188
7245 3196
7246 3212
7247 3247
7248 3310
7249 3193
7250 3280
7251 3181
7252 3105
7253 3041
7254 3076
7255 3057
7256 3034
7257 2990
7258 2989
7259 3018
7260 3030
7261 3046
7262 3035
7263 2995
7264 2930
7265 2848
7266 2885
7267 2925
7268 2934
7269 2905
7270 2817
7271 2801
7272 2785
7273 2793
7274 2724
7275 2710
7276 2686
7277 2723
7278 2673
7279 2662
7280 2664
7281 2602
7282 2591
7283 2524
7284 2466
7285 2443
7286 2410
7287 2354
7288 2419
7289 2419
7290 2414
7291 2356
7292 2316
7293 2266
7294 2215
7295 2217
7296 2243
7297 2291
7298 2254
7299 2265
7300 2189
7301 2196
7302 2207
7303 2181
7304 2223
7305 2184
7306 2174
7307 2175
7308 2117
7309 2171
7310 2083
7311 2122
7312 2068
7313 2148
7314 2195
7315 2175
7316 2220
7317 2205
7318 2121
7319 2121
7320 2074
7321 2049
7322 2022
7323 2062
7324 2139
7325 2164
7326 2080
7327 2134
7328 2097
7329 2090
7330 2060
7331 2055
7332 2119
7333 2154
7334 2157
7335 2163
7336 2162
7337 2132
7338 2150
7339 2137
7340 2122
7341 2138
7342 2133
7343 2091
7344 2109
7345 2033
7346 2032
7347 2087
7348 2106
7349 2038
7350 2012
7351 2035
7352 1996
7353 1935
7354 1846
7355 1829
7356 1838
7357 1858
7358 1902
7359 1928
7360 1973
7361 1897
7362 1914
7363 1938
7364 1938
7365 1882
7366 1865
7367 1783
7368 1777
7369 1694
7370 1756
7371 1826
7372 1807
7373 1898
7374 1819
7375 1874
7376 1839
7377 1859
7378 1888
7379 1836
7380 1852
7381 1839
7382 1858
7383 1838
7384 1816
7385 1764
7386 1741
7387 1735
7388 1729
7389 1681
7390 1721
7391 1709
7392 1702
7393 1734
7394 1712
7395 1738
7396 1720
7397 1754
7398 1722
7399 1690
7400 1690
7401 1670
7402 1638
7403 1607
7404 1688
7405 1641
7406 1619
7407 1598
7408 1568
7409 1601
7410 1558
7411 1639
7412 1624
7413 1631
7414 1615
7415 1645
7416 1600
7417 1616
7418 1546
7419 1458
7420 1451
7421 1403
7422 1361
7423 1421
7424 1459
7425 1440
7426 1431
7427 1513
7428 1505
7429 1482
7430 1461
7431 1524
7432 1457
7433 1428
7434 1453
7435 1461
7436 1442
7437 1460
7438 1512
7439 1545
7440 1510
7441 1464
7442 1454
7443 1512
7444 1582
7445 1518
7446 1523
7447 1507
7448 1488
7449 1549
7450 1591
7451 1554
7452 1537
7453 1578
7454 1610
7455 1590
7456 1551
7457 1617
7458 1564
7459 1553
7460 1576
7461 1547
7462 1568
7463 1630
7464 1607
7465 1591
7466 1566
7467 1497
7468 1487
7469 1518
7470 1481
7471 1497
7472 1541
7473 1523
7474 1491
7475 1495
7476 1436
7477 1449
7478 1411
7479 1409
7480 1455
7481 1428
7482 1410
7483 1455
7484 1434
7485 1443
7486 1471
7487 1444
7488 1485
7489 1579
7490 1548
7491 1532
7492 1528
7493 1539
7494 1530
7495 1515
7496 1497
7497 1531
7498 1535
7499 1591
7500 1588
7501 1586
7502 1545
7503 1656
7504 1651
7505 1650
7506 1611
7507 1582
7508 1675
7509 1731
7510 1743
7511 1720
7512 1737
7513 1770
7514 1791
7515 1736
7516 1694
7517 1709
7518 1698
7519 1681
7520 1766
7521 1818
7522 1769
7523 1771
7524 1735
7525 1689
7526 1645
7527 1592
7528 1596
7529 1614
7530 1605
7531 1645
7532 1599
7533 1618
7534 1594
7535 1582
7536 1592
7537 1556
7538 1488
7539 1519
7540 1592
7541 1683
7542 1654
7543 1675
7544 1655
7545 1690
7546 1625
7547 1665
7548 1615
7549 1646
7550 1647
7551 1599
7552 1603
7553 1512
7554 1496
7555 1494
7556 1493
7557 1542
7558 1568
7559 1540
7560 1536
7561 1504
7562 1496
7563 1497
7564 1520
7565 1538
7566 1529
7567 1559
7568 1620
7569 1654
7570 1646
7571 1645
7572 1592
7573 1555
7574 1583
7575 1629
7576 1626
7577 1641
7578 1631
7579 1701
7580 1700
7581 1709
7582 1682
7583 1700
7584 1687
7585 1636
7586 1685
7587 1804
7588 1801
7589 1843
7590 1832
7591 1820
7592 1778
7593 1696
7594 1700
7595 1729
7596 1753
7597 1774
7598 1818
7599 1914
7600 1952
7601 1851
7602 1927
7603 1899
7604 1951
7605 1829
7606 1809
7607 1741
7608 1734
7609 1752
7610 1769
7611 1813
7612 1875
7613 1911
7614 1892
7615 1973
7616 1993
7617 1977
7618 1947
7619 1914
7620 1862
7621 1839
7622 1755
7623 1688
7624 1674
7625 1716
7626 1724
7627 1735
7628 1775
7629 1797
7630 1773
7631 1841
7632 1825
7633 1867
7634 1885
7635 1882
7636 1899
7637 1902
7638 1943
7639 1963
7640 1959
7641 1961
7642 1956
7643 2012
7644 2058
7645 2063
7646 2036
7647 2169
7648 2126
7649 2186
7650 2178
7651 2164
7652 2144
7653 2133
7654 2106
7655 2094
7656 2129
7657 2142
7658 2138
7659 2112
7660 2067
7661 2115
7662 2123
7663 2089
7664 2113
7665 2045
7666 2051
7667 2074
7668 2047
7669 2014
7670 1981
7671 1924
7672 1911
7673 1871
7674 1867
7675 1876
7676 1839
7677 1802
7678 1753
7679 1717
7680 1725
7681 1720
7682 1636
7683 1650
7684 1626
7685 1625
7686 1625
7687 1672
7688 1683
7689 1716
7690 1740
7691 1725
7692 1718
7693 1700
7694 1753
7695 1771
7696 1750
7697 1771
7698 1852
7699 1810
7700 1879
7701 1848
7702 1844
7703 1818
7704 1765
7705 1725
7706 1746
7707 1738
7708 1810
7709 1807
7710 1821
7711 1786
7712 1767
7713 1783
7714 1855
7715 1860
7716 1947
7717 1935
7718 1893
7719 1916
7720 1904
7721 1834
7722 1821
7723 1846
7724 1862
7725 1895
7726 1889
7727 1908
7728 1907
7729 1916
7730 1971
7731 2012
7732 2015
7733 2005
7734 2068
7735 2075
7736 2078
7737 2105
7738 2155
7739 2271
7740 2293
7741 2346
7742 2348
7743 2367
7744 2271
7745 2259
7746 2283
7747 2347
7748 2407
7749 2364
7750 2391
7751 2391
7752 2412
7753 2449
7754 2467
7755 2377
7756 2378
7757 2430
7758 2435
7759 2333
7760 2394
7761 2410
7762 2475
7763 2450
7764 2430
7765 2459
7766 2528
7767 2459
7768 2437
7769 2420
7770 2401
7771 2396
7772 2477
7773 2448
7774 2516
7775 2520
7776 2419
7777 2432
7778 2412
7779 2376
7780 2496
7781 2514
7782 2468
7783 2427
7784 2422
7785 2422
7786 2439
7787 2433
7788 2437
7789 2510
7790 2466
7791 2367
7792 2352
7793 2282
7794 2257
7795 2262
7796 2232
7797 2214
7798 2202
7799 2192
7800 2185
7801 2191
7802 2231
7803 2244
7804 2216
7805 2226
7806 2257
7807 2152
7808 2079
7809 2040
7810 2110
7811 2116
7812 2076
7813 2051
7814 2101
7815 2075
7816 2110
7817 2134
7818 2181
7819 2108
7820 2141
7821 2194
7822 2155
7823 2181
7824 2236
7825 2270
7826 2206
7827 2194
7828 2249
7829 2262
7830 2233
7831 2287
7832 2373
7833 2412
7834 2356
7835 2241
7836 2286
7837 2290
7838 2336
7839 2328
7840 2288
7841 2299
7842 2328
7843 2405
7844 2543
7845 2587
7846 2559
7847 2615
7848 2603
7849 2524
7850 2592
7851 2603
7852 2688
7853 2695
7854 2712
7855 2679
7856 2667
7857 2715
7858 2686
7859 2652
7860 2705
7861 2712
7862 2771
7863 2763
7864 2763
7865 2852
7866 2839
7867 2840
7868 2824
7869 2707
7870 2756
7871 2809
7872 2795
7873 2717
7874 2645
7875 2657
7876 2656
7877 2654
7878 2612
7879 2599
7880 2576
7881 2513
7882 2446
7883 2396
7884 2431
7885 2471
7886 2466
7887 2489
7888 2469
7889 2421
7890 2419
7891 2306
7892 2221
7893 2207
7894 2317
7895 2266
7896 2299
7897 2334
7898 2300
7899 2302
7900 2198
7901 2124
7902 2152
7903 2127
7904 2075
7905 2079
7906 2000
7907 2007
7908 2042
7909 1995
7910 1976
7911 1904
7912 1912
7913 1977
7914 1920
7915 1947
7916 1887
7917 1934
7918 1891
7919 1823
7920 1833
7921 1760
7922 1680
7923 1651
7924 1614
7925 1663
7926 1668
7927 1627
7928 1692
7929 1725
7930 1679
7931 1671
7932 1605
7933 1605
7934 1584
7935 1629
7936 1646
7937 1663
7938 1674
7939 1632
7940 1612
7941 1552
7942 1560
7943 1556
7944 1568
7945 1653
7946 1672
7947 1667
7948 1642
7949 1714
7950 1704
7951 1687
7952 1674
7953 1682
7954 1692
7955 1684
7956 1639
7957 1678
7958 1717
7959 1738
7960 1717
7961 1693
7962 1610
7963 1563
7964 1571
7965 1547
7966 1553
7967 1552
7968 1574
7969 1566
7970 1567
7971 1644
7972 1663
7973 1692
7974 1658
7975 1601
7976 1567
7977 1575
7978 1616
7979 1593
7980 1624
7981 1629
7982 1601
7983 1616
7984 1599
7985 1582
7986 1538
7987 1453
7988 1483
7989 1521
7990 1575
7991 1567
7992 1511
7993 1517
7994 1523
7995 1515
7996 1515
7997 1472
7998 1426
7999 1421
8000 1429
8001 1497
8002 1453
8003 1512
8004 1492
8005 1479
8006 1447
8007 1443
8008 1421
8009 1511
8010 1561
8011 1604
8012 1652
8013 1667
8014 1601
8015 1641
8016 1553
8017 1487
8018 1479
8019 1530
8020 1470
8021 1517
8022 1523
8023 1569
8024 1596
8025 1519
8026 1543
8027 1545
8028 1521
8029 1490
8030 1535
8031 1464
8032 1507
8033 1532
8034 1455
8035 1436
8036 1465
8037 1495
8038 1522
8039 1427
8040 1472
8041 1435
8042 1392
8043 1415
8044 1404
8045 1386
8046 1356
8047 1374
8048 1336
8049 1321
8050 1290
8051 1299
8052 1291
8053 1307
8054 1294
8055 1197
8056 1151
8057 1123
8058 1088
8059 1040
8060 1037
8061 990
8062 982
8063 955
8064 933
8065 947
8066 972
8067 921
8068 952
8069 913
8070 941
8071 919
8072 916
8073 950
8074 977
8075 950
8076 966
8077 982
8078 981
8079 989
8080 994
8081 993
8082 1029
8083 1045
8084 1041
8085 1030
8086 1019
8087 977
8088 977
8089 996
8090 1043
8091 1026
8092 990
8093 1001
8094 971
8095 910
8096 929
8097 993
8098 979
8099 912
8100 972
8101 972
8102 973
8103 969
8104 966
8105 985
8106 973
8107 998
8108 1015
8109 1017
8110 1009
8111 1048
8112 1037
8113 1058
8114 1011
8115 1012
8116 1002
8117 1015
8118 1076
8119 1008
8120 1036
8121 1044
8122 1036
8123 1052
8124 1057
8125 1077
8126 1108
8127 1098
8128 1077
8129 1092
8130 1022
8131 1051
8132 1126
8133 1123
8134 1144
8135 1152
8136 1169
8137 1144
8138 1210
8139 1200
8140 1168
8141 1226
8142 1210
8143 1210
8144 1203
8145 1233
8146 1235
8147 1205
8148 1251
8149 1270
8150 1206
8151 1209
8152 1191
8153 1188
8154 1178
8155 1213
8156 1180
8157 1155
8158 1184
8159 1214
8160 1186
8161 1157
8162 1165
8163 1181
8164 1162
8165 1218
8166 1267
8167 1277
8168 1262
8169 1251
8170 1232
8171 1257
8172 1253
8173 1279
8174 1281
8175 1271
8176 1287
8177 1302
8178 1310
8179 1370
8180 1319
8181 1314
8182 1280
8183 1265
8184 1290
8185 1285
8186 1355
8187 1407
8188 1437
8189 1547
8190 1563
8191 1611
8192 1560
8193 1547
8194 1502
8195 1506
8196 1480
8197 1564
8198 1568
8199 1529
8200 1562
8201 1528
8202 1533
8203 1557
8204 1555
8205 1519
8206 1513
8207 1533
8208 1552
8209 1555
8210 1540
8211 1534
8212 1567
8213 1612
8214 1591
8215 1675
8216 1687
8217 1697
8218 1668
8219 1734
8220 1699
8221 1678
8222 1744
8223 1840
8224 1827
8225 1843
8226 1885
8227 1916
8228 1906
8229 1906
8230 1892
8231 1808
8232 1852
8233 1828
8234 1804
8235 1828
8236 1825
8237 1773
8238 1828
8239 1883
8240 1868
8241 1873
8242 1838
8243 1847
8244 1886
8245 1874
8246 1920
8247 1949
8248 1933
8249 1906
8250 1938
8251 2009
8252 2062
8253 2075
8254 2034
8255 2073
8256 2042
8257 2068
8258 2075
8259 2131
8260 2098
8261 2083
8262 2133
8263 2184
8264 2156
8265 2189
8266 2143
8267 2155
8268 2163
8269 2182
8270 2152
8271 2189
8272 2149
8273 2166
8274 2194
8275 2167
8276 2236
8277 2292
8278 2287
8279 2267
8280 2181
8281 2189
8282 2194
8283 2220
8284 2201
8285 2254
8286 2222
8287 2193
8288 2181
8289 2130
8290 2138
8291 2150
8292 2121
8293 2133
8294 2050
8295 2053
8296 2104
8297 2132
8298 2129
8299 2156
8300 2091
8301 2084
8302 2061
8303 2091
8304 2113
8305 2061
8306 2020
8307 1948
8308 1967
8309 1967
8310 2027
8311 1993
8312 2025
8313 2006
8314 1998
8315 1993
8316 1996
8317 2033
8318 2072
8319 2016
8320 1967
8321 1995
8322 1981
8323 2011
8324 1917
8325 1970
8326 1896
8327 1907
8328 1896
8329 1785
8330 1806
8331 1721
8332 1664
8333 1707
8334 1693
8335 1651
8336 1664
8337 1677
8338 1698
8339 1747
8340 1712
8341 1686
8342 1657
8343 1624
8344 1655
8345 1672
8346 1656
8347 1635
8348 1705
8349 1682
8350 1695
8351 1732
8352 1720
8353 1710
8354 1697
8355 1723
8356 1689
8357 1684
8358 1733
8359 1737
8360 1717
8361 1690
8362 1706
8363 1761
8364 1775
8365 1780
8366 1793
8367 1872
8368 1839
8369 1870
8370 1852
8371 1815
8372 1747
8373 1736
8374 1750
8375 1737
8376 1720
8377 1685
8378 1676
8379 1705
8380 1710
8381 1719
8382 1745
8383 1766
8384 1756
8385 1822
8386 1820
8387 1887
8388 1917
8389 1996
8390 2031
8391 1941
8392 1916
8393 1884
8394 1943
8395 1892
8396 1884
8397 1908
8398 1991
8399 2090
8400 2033
8401 2095
8402 2199
8403 2189
8404 2111
8405 2132
8406 2164
8407 2171
8408 2227
8409 2241
8410 2334
8411 2317
8412 2298
8413 2251
8414 2340
8415 2299
8416 2320
8417 2257
8418 2176
8419 2198
8420 2150
8421 2185
8422 2207
8423 2156
8424 2106
8425 2012
8426 2036
8427 2063
8428 2066
8429 2025
8430 2040
8431 2092
8432 2119
8433 2051
8434 2053
8435 2046
8436 2009
8437 1987
8438 1959
8439 1911
8440 1933
8441 1947
8442 1932
8443 1892
8444 1916
8445 1909
8446 1909
8447 1915
8448 1875
8449 1780
8450 1700
8451 1726
8452 1699
8453 1730
8454 1786
8455 1754
8456 1648
8457 1705
8458 1752
8459 1759
8460 1753
8461 1735
8462 1676
8463 1729
8464 1696
8465 1711
8466 1740
8467 1773
8468 1790
8469 1778
8470 1752
8471 1721
8472 1628
8473 1619
8474 1569
8475 1605
8476 1656
8477 1661
8478 1732
8479 1756
8480 1790
8481 1770
8482 1738
8483 1753
8484 1732
8485 1709
8486 1801
8487 1822
8488 1834
8489 1810
8490 1752
8491 1793
8492 1804
8493 1791
8494 1841
8495 1876
8496 1843
8497 1857
8498 1826
8499 1868
8500 1897
8501 1937
8502 1892
8503 1846
8504 1825
8505 1870
8506 1900
8507 1884
8508 1903
8509 1893
8510 1934
8511 1934
8512 1916
8513 1887
8514 1836
8515 1861
8516 1850
8517 1866
8518 1874
8519 1848
8520 1823
8521 1826
8522 1856
8523 1833
8524 1811
8525 1817
8526 1818
8527 1833
8528 1809
8529 1744
8530 1766
8531 1773
8532 1748
8533 1693
8534 1689
8535 1686
8536 1592
8537 1590
8538 1602
8539 1590
8540 1613
8541 1555
8542 1542
8543 1589
8544 1641
8545 1682
8546 1691
8547 1656
8548 1725
8549 1753
8550 1760
8551 1766
8552 1800
8553 1806
8554 1746
8555 1804
8556 1772
8557 1778
8558 1806
8559 1842
8560 1819
8561 1818
8562 1837
8563 1832
8564 1842
8565 1825
8566 1883
8567 1933
8568 1904
8569 1888
8570 1894
8571 1838
8572 1806
8573 1834
8574 1861
8575 1851
8576 1876
8577 1856
8578 1843
8579 1822
8580 1813
8581 1832
8582 1843
8583 1831
8584 1810
8585 1812
8586 1810
8587 1827
8588 1817
8589 1894
8590 1887
8591 1924
8592 1913
8593 2020
8594 2023
8595 2001
8596 2018
8597 1990
8598 1945
8599 1915
8600 1920
8601 1969
8602 1951
8603 1953
8604 2060
8605 2056
8606 2099
8607 2085
8608 2039
8609 2115
8610 2071
8611 2015
8612 2061
8613 2010
8614 1987
8615 2005
8616 2030
8617 2089
8618 2101
8619 2095
8620 2053
8621 2052
8622 2093
8623 2179
8624 2191
8625 2170
8626 2142
8627 2101
8628 2148
8629 2133
8630 2139
8631 2120
8632 2129
8633 2157
8634 2120
8635 2110
8636 2099
8637 2124
8638 2047
8639 1925
8640 1910
8641 1926
8642 1924
8643 1987
8644 2007
8645 1960
8646 2048
8647 2019
8648 1979
8649 1946
8650 2037
8651 1986
8652 1934
8653 2001
8654 2045
8655 2022
8656 2117
8657 2168
8658 2088
8659 2064
8660 2023
8661 2014
8662 2036
8663 2136
8664 2171
8665 2135
8666 2228
8667 2252
8668 2277
8669 2273
8670 2282
8671 2254
8672 2264
8673 2238
8674 2321
8675 2320
8676 2305
8677 2337
8678 2328
8679 2291
8680 2321
8681 2393
8682 2387
8683 2307
8684 2363
8685 2438
8686 2383
8687 2383
8688 2345
8689 2315
8690 2306
8691 2325
8692 2291
8693 2332
8694 2249
8695 2192
8696 2132
8697 2118
8698 2124
8699 2177
8700 2134
8701 2123
8702 2176
8703 2250
8704 2288
8705 2325
8706 2258
8707 2223
8708 2205
8709 2154
8710 2055
8711 2102
8712 2190
8713 2234
8714 2216
8715 2174
8716 2261
8717 2278
8718 2326
8719 2316
8720 2324
8721 2287
8722 2331
8723 2341
8724 2362
8725 2350
8726 2329
8727 2278
8728 2248
8729 2311
8730 2252
8731 2238
8732 2215
8733 2223
8734 2226
8735 2183
8736 2133
8737 2095
8738 2071
8739 2075
8740 2092
8741 2200
8742 2155
8743 2120
8744 2101
8745 2040
8746 2034
8747 2050
8748 2017
8749 2000
8750 1994
8751 1979
8752 2009
8753 1994
8754 2004
8755 2003
8756 1960
8757 2004
8758 1995
8759 1967
8760 1990
8761 1979
8762 2071
8763 2008
8764 1905
8765 1845
8766 1940
8767 1954
8768 1901
8769 1953
8770 1979
8771 2027
8772 2068
8773 2123
8774 2089
8775 2084
8776 2113
8777 2102
8778 2073
8779 2143
8780 2099
8781 2166
8782 2195
8783 2221
8784 2161
8785 2158
8786 2136
8787 2168
8788 2256
8789 2306
8790 2331
8791 2420
8792 2450
8793 2403
8794 2382
8795 2409
8796 2306
8797 2312
8798 2305
8799 2338
8800 2347
8801 2338
8802 2466
8803 2446
8804 2428
8805 2410
8806 2427
8807 2421
8808 2443
8809 2455
8810 2423
8811 2394
8812 2401
8813 2430
8814 2535
8815 2575
8816 2549
8817 2511
8818 2550
8819 2534
8820 2568
8821 2586
8822 2523
8823 2540
8824 2471
8825 2424
8826 2410
8827 2322
8828 2342
8829 2364
8830 2412
8831 2353
8832 2301
8833 2376
8834 2374
8835 2434
8836 2504
8837 2504
8838 2460
8839 2407
8840 2445
8841 2499
8842 2536
8843 2479
8844 2501
8845 2479
8846 2555
8847 2558
8848 2537
8849 2490
8850 2448
8851 2439
8852 2491
8853 2480
8854 2500
8855 2526
8856 2533
8857 2535
8858 2496
8859 2492
8860 2498
8861 2496
8862 2479
8863 2436
8864 2465
8865 2424
8866 2440
8867 2461
8868 2403
8869 2348
8870 2318
8871 2375
8872 2440
8873 2488
8874 2565
8875 2609
8876 2556
8877 2498
8878 2383
8879 2358
8880 2392
8881 2378
8882 2414
8883 2354
8884 2448
8885 2410
8886 2464
8887 2403
8888 2347
8889 2375
8890 2345
8891 2320
8892 2316
8893 2407
8894 2397
8895 2467
8896 2486
8897 2521
8898 2545
8899 2528
8900 2479
8901 2416
8902 2504
8903 2537
8904 2476
8905 2479
8906 2538
8907 2544
8908 2483
8909 2421
8910 2460
8911 2492
8912 2466
8913 2488
8914 2535
8915 2463
8916 2434
8917 2469
8918 2416
8919 2424
8920 2409
8921 2398
8922 2385
8923 2417
8924 2427
8925 2548
8926 2516
8927 2517
8928 2534
8929 2543
8930 2597
8931 2579
8932 2550
8933 2559
8934 2591
8935 2543
8936 2547
8937 2507
8938 2478
8939 2575
8940 2588
8941 2647
8942 2637
8943 2596
8944 2584
8945 2606
8946 2593
8947 2493
8948 2433
8949 2527
8950 2501
8951 2528
8952 2520
8953 2465
8954 2499
8955 2486
8956 2522
8957 2473
8958 2562
8959 2603
8960 2536
8961 2472
8962 2442
8963 2480
8964 2449
8965 2363
8966 2286
8967 2224
8968 2166
8969 2176
8970 2219
8971 2151
8972 2156
8973 2145
8974 2210
8975 2178
8976 2212
8977 2256
8978 2249
8979 2194
8980 2181
8981 2163
8982 2112
8983 2142
8984 2070
8985 2076
8986 2069
8987 2044
8988 2053
8989 1995
8990 2009
8991 2014
8992 1967
8993 2000
8994 1973
8995 1996
8996 1990
8997 2047
8998 2014
8999 2055
9000 2054
9001 2067
9002 2043
9003 2036
9004 2129
9005 2052
9006 2043
9007 2044
9008 2016
9009 1979
9010 1915
9011 1981
9012 2077
9013 2117
9014 2092
9015 2087
9016 2101
9017 2098
9018 2069
9019 2124
9020 2128
9021 2155
9022 2148
9023 2142
9024 2109
9025 2047
9026 1987
9027 2027
9028 1968
9029 1993
9030 1982
9031 1935
9032 1956
9033 1919
9034 1886
9035 1910
9036 1880
9037 1892
9038 1829
9039 1820
9040 1735
9041 1659
9042 1626
9043 1627
9044 1629
9045 1679
9046 1701
9047 1692
9048 1746
9049 1683
9050 1745
9051 1744
9052 1685
9053 1639
9054 1640
9055 1653
9056 1552
9057 1566
9058 1589
9059 1609
9060 1601
9061 1701
9062 1665
9063 1721
9064 1692
9065 1602
9066 1600
9067 1573
9068 1536
9069 1595
9070 1607
9071 1633
9072 1654
9073 1613
9074 1626
9075 1608
9076 1554
9077 1577
9078 1563
9079 1574
9080 1574
9081 1635
9082 1647
9083 1705
9084 1621
9085 1672
9086 1608
9087 1589
9088 1633
9089 1618
9090 1641
9091 1666
9092 1670
9093 1593
9094 1598
9095 1591
9096 1594
9097 1581
9098 1606
9099 1617
9100 1628
9101 1685
9102 1699
9103 1681
9104 1704
9105 1717
9106 1697
9107 1720
9108 1720
9109 1736
9110 1701
9111 1723
9112 1769
9113 1727
9114 1709
9115 1755
9116 1787
9117 1833
9118 1868
9119 1882
9120 1884
9121 1911
9122 1924
9123 1981
9124 1960
9125 1963
9126 1989
9127 2009
9128 1975
9129 2009
9130 2003
9131 2015
9132 2023
9133 2018
9134 2007
9135 1989
9136 1986
9137 1917
9138 1986
9139 1948
9140 1979
9141 2002
9142 1955
9143 1958
9144 1956
9145 1968
9146 1919
9147 1958
9148 1916
9149 1896
9150 1983
9151 1932
9152 1967
9153 1957
9154 1937
9155 1926
9156 1964
9157 1947
9158 1917
9159 1918
9160 1902
9161 1927
9162 1903
9163 1868
9164 1945
9165 2047
9166 2017
9167 2008
9168 2046
9169 2001
9170 1998
9171 1964
9172 1962
9173 1962
9174 1995
9175 2046
9176 2099
9177 2046
9178 2033
9179 1999
9180 2028
9181 2046
9182 2010
9183 1983
9184 1937
9185 1960
9186 1902
9187 1894
9188 1828
9189 1825
9190 1788
9191 1818
9192 1754
9193 1805
9194 1735
9195 1766
9196 1711
9197 1761
9198 1747
9199 1822
9200 1950
9201 2030
9202 2075
9203 2080
9204 2103
9205 2200
9206 2223
9207 2144
9208 2077
9209 2106
9210 2136
9211 2024
9212 2013
9213 1971
9214 2050
9215 2121
9216 2150
9217 2140
9218 2131
9219 2150
9220 2122
9221 2121
9222 2128
9223 1983
9224 1954
9225 1932
9226 1935
9227 1899
9228 1894
9229 1850
9230 1841
9231 1799
9232 1813
9233 1785
9234 1745
9235 1697
9236 1658
9237 1686
9238 1785
9239 1687
9240 1637
9241 1636
9242 1588
9243 1585
9244 1638
9245 1681
9246 1728
9247 1693
9248 1715
9249 1687
9250 1732
9251 1758
9252 1705
9253 1696
9254 1706
9255 1715
9256 1698
9257 1651
9258 1591
9259 1608
9260 1599
9261 1582
9262 1627
9263 1616
9264 1622
9265 1644
9266 1625
9267 1570
9268 1628
9269 1630
9270 1624
9271 1671
9272 1659
9273 1675
9274 1710
9275 1746
9276 1742
9277 1807
9278 1788
9279 1862
9280 1904
9281 1927
9282 1947
9283 1943
9284 1899
9285 1876
9286 1895
9287 1845
9288 1922
9289 1926
9290 1986
9291 2043
9292 2054
9293 2046
9294 2031
9295 2006
9296 2016
9297 2067
9298 2107
9299 2044
9300 2003
9301 1983
9302 1947
9303 1954
9304 1967
9305 1970
9306 2021
9307 2019
9308 2012
9309 1998
9310 1999
9311 2005
9312 1950
9313 1995
9314 1911
9315 1934
9316 1975
9317 1932
9318 1892
9319 1901
9320 1934
9321 1908
9322 1856
9323 1824
9324 1837
9325 1862
9326 1829
9327 1809
9328 1833
9329 1805
9330 1776
9331 1794
9332 1817
9333 1788
9334 1804
9335 1810
9336 1774
9337 1831
9338 1853
9339 1761
9340 1740
9341 1648
9342 1733
9343 1701
9344 1719
9345 1774
9346 1801
9347 1809
9348 1777
9349 1839
9350 1865
9351 1886
9352 1904
9353 1907
9354 1921
9355 1919
9356 1906
9357 1880
9358 1905
9359 1917
9360 1920
9361 1926
9362 1934
9363 1871
9364 1816
9365 1811
9366 1810
9367 1792
9368 1748
9369 1744
9370 1812
9371 1809
9372 1821
9373 1736
9374 1715
9375 1688
9376 1698
9377 1638
9378 1625
9379 1580
9380 1575
9381 1629
9382 1655
9383 1670
9384 1663
9385 1654
9386 1637
9387 1559
9388 1543
9389 1537
9390 1511
9391 1524
9392 1520
9393 1559
9394 1537
9395 1490
9396 1474
9397 1525
9398 1486
9399 1450
9400 1483
9401 1537
9402 1597
9403 1545
9404 1545
9405 1500
9406 1452
9407 1400
9408 1419
9409 1436
9410 1357
9411 1407
9412 1423
9413 1408
9414 1372
9415 1377
9416 1412
9417 1468
9418 1522
9419 1507
9420 1490
9421 1415
9422 1398
9423 1383
9424 1382
9425 1395
9426 1346
9427 1331
9428 1386
9429 1401
9430 1332
9431 1298
9432 1262
9433 1255
9434 1255
9435 1225
9436 1262
9437 1275
9438 1287
9439 1276
9440 1297
9441 1317
9442 1246
9443 1255
9444 1230
9445 1181
9446 1211
9447 1204
9448 1190
9449 1155
9450 1182
9451 1150
9452 1151
9453 1153
9454 1180
9455 1211
9456 1202
9457 1187
9458 1241
9459 1258
9460 1296
9461 1276
9462 1223
9463 1260
9464 1339
9465 1349
9466 1317
9467 1252
9468 1249
9469 1236
9470 1204
9471 1232
9472 1196
9473 1243
9474 1157
9475 1120
9476 1170
9477 1119
9478 1127
9479 1094
9480 1105
9481 1083
9482 1171
9483 1144
9484 1114
9485 1144
9486 1145
9487 1205
9488 1194
9489 1161
9490 1131
9491 1107
9492 1122
9493 1072
9494 1102
9495 1083
9496 1097
9497 1093
9498 1125
9499 1155
9500 1155
9501 1113
9502 1109
9503 1064
9504 1122
9505 1120
9506 1149
9507 1114
9508 1113
9509 1132
9510 1135
9511 1126
9512 1155
9513 1147
9514 1104
9515 1063
9516 1061
9517 1076
9518 1090
9519 1082
9520 1133
9521 1130
9522 1127
9523 1153
9524 1177
9525 1162
9526 1180
9527 1152
9528 1185
9529 1135
9530 1088
9531 1073
9532 1074
9533 1092
9534 1129
9535 1134
9536 1062
9537 1047
9538 1023
9539 1050
9540 1085
9541 1047
9542 1089
9543 1048
9544 1036
9545 1048
9546 1064
9547 1074
9548 1060
9549 994
9550 995
9551 937
9552 959
9553 944
9554 1001
9555 981
9556 1006
9557 1021
9558 997
9559 990
9560 966
9561 983
9562 958
9563 942
9564 894
9565 921
9566 902
9567 922
9568 941
9569 912
9570 875
9571 873
9572 887
9573 889
9574 903
9575 921
9576 916
9577 926
9578 973
9579 938
9580 945
9581 908
9582 917
9583 896
9584 922
9585 908
9586 924
9587 939
9588 965
9589 978
9590 906
9591 854
9592 867
9593 929
9594 950
9595 874
9596 871
9597 864
9598 857
9599 835
9600 825
9601 845
9602 856
9603 853
9604 847
9605 836
9606 815
9607 898
9608 902
9609 904
9610 900
9611 887
9612 864
9613 830
9614 852
9615 840
9616 836
9617 820
9618 801
9619 813
9620 811
9621 819
9622 870
9623 863
9624 808
9625 748
9626 765
9627 796
9628 810
9629 798
9630 757
9631 752
9632 743
9633 729
9634 727
9635 767
9636 784
9637 818
9638 766
9639 782
9640 748
9641 760
9642 826
9643 872
9644 853
9645 925
9646 908
9647 906
9648 860
9649 830
9650 886
9651 879
9652 874
9653 877
9654 873
9655 855
9656 876
9657 874
9658 836
9659 829
9660 851
9661 893
9662 923
9663 944
9664 967
9665 991
9666 1010
9667 985
9668 970
9669 1030
9670 1035
9671 1082
9672 1076
9673 1116
9674 1127
9675 1092
9676 1115
9677 1112
9678 1131
9679 1071
9680 1091
9681 1082
9682 1095
9683 1081
9684 1118
9685 1105
9686 1136
9687 1105
9688 1086
9689 1074
9690 1086
9691 1073
9692 1052
9693 1089
9694 1037
9695 1073
9696 1090
9697 1096
9698 1083
9699 1058
9700 1028
9701 1035
9702 1020
9703 1012
9704 989
9705 1000
9706 1010
9707 1053
9708 1086
9709 1110
9710 1115
9711 1092
9712 1110
9713 1126
9714 1096
9715 1023
9716 994
9717 983
9718 909
9719 941
9720 943
9721 866
9722 835
9723 829
9724 793
9725 807
9726 807
9727 792
9728 813
9729 886
9730 883
9731 877
9732 858
9733 867
9734 844
9735 841
9736 859
9737 840
9738 846
9739 860
9740 919
9741 996
9742 1006
9743 1047
9744 1038
9745 1029
9746 1054
9747 1008
9748 1016
9749 1026
9750 983
9751 1014
9752 1013
9753 989
9754 986
9755 956
9756 943
9757 932
9758 913
9759 902
9760 897
9761 870
9762 875
9763 856
9764 869
9765 876
9766 862
9767 876
9768 886
9769 842
9770 899
9771 908
9772 902
9773 879
9774 908
9775 922
9776 896
9777 890
9778 890
9779 911
9780 917
9781 899
9782 859
9783 846
9784 822
9785 796
9786 801
9787 838
9788 850
9789 825
9790 855
9791 797
9792 750
9793 800
9794 802
9795 832
9796 828
9797 836
9798 858
9799 885
9800 874
9801 878
9802 925
9803 927
9804 895
9805 851
9806 834
9807 814
9808 813
9809 804
9810 748
9811 719
9812 727
9813 774
9814 740
9815 751
9816 739
9817 691
9818 699
9819 687
9820 750
9821 766
9822 807
9823 784
9824 788
9825 764
9826 767
9827 727
9828 691
9829 688
9830 689
9831 745
9832 728
9833 714
9834 704
9835 707
9836 678
9837 659
9838 631
9839 652
9840 653
9841 671
9842 681
9843 690
9844 688
9845 688
9846 664
9847 727
9848 743
9849 696
9850 701
9851 702
9852 660
9853 635
9854 643
9855 652
9856 622
9857 654
9858 655
9859 615
9860 590
9861 577
9862 619
9863 603
9864 619
9865 660
9866 659
9867 663
9868 650
9869 636
9870 644
9871 632
9872 654
9873 642
9874 595
9875 565
9876 545
9877 565
9878 554
9879 550
9880 522
9881 533
9882 551
9883 589
9884 596
9885 593
9886 553
9887 541
9888 565
9889 575
9890 549
9891 539
9892 504
9893 506
9894 446
9895 460
9896 483
9897 462
9898 491
9899 509
9900 508
9901 531
9902 517
9903 541
9904 574
9905 572
9906 596
9907 557
9908 534
9909 533
9910 485
9911 484
9912 517
9913 485
9914 475
9915 473
9916 449
9917 435
9918 421
9919 422
9920 430
9921 496
9922 485
9923 494
9924 484
9925 479
9926 474
9927 460
9928 479
9929 472
9930 441
9931 438
9932 470
9933 458
9934 474
9935 513
9936 509
9937 532
9938 518
9939 529
9940 507
9941 515
9942 528
9943 513
9944 505
9945 506
9946 514
9947 540
9948 531
9949 516
9950 512
9951 544
9952 536
9953 550
9954 508
9955 547
9956 574
9957 584
9958 584
9959 553
9960 569
9961 591
9962 611
9963 600
9964 587
9965 601
9966 618
9967 627
9968 652
9969 664
9970 714
9971 784
9972 833
9973 869
9974 914
9975 889
9976 882
9977 888
9978 909
9979 905
9980 908
9981 904
9982 868
9983 857
9984 883
9985 884
9986 880
9987 906
9988 910
9989 866
9990 872
9991 860
9992 847
9993 802
9994 839
9995 857
9996 814
9997 821
9998 806
9999 769
10000 786
