1 0
2 1
3 3
4 4
5 6
6 5
7 9
8 11
9 11
10 9
11 7
12 4
13 1
14 1
15 3
16 4
17 6
18 6
19 5
20 6
21 1
22 1
23 1
24 1
25 1
26 0
27 0
28 0
29 0
30 0
31 0
32 0
33 1
34 0
35 0
36 0
37 0
38 0
39 1
40 2
41 3
42 3
43 2
44 2
45 3
46 2
47 2
48 2
49 4
50 7
51 5
52 9
53 9
54 9
55 11
56 7
57 12
58 13
59 13
60 16
61 16
62 8
63 8
64 11
65 6
66 6
67 4
68 7
69 11
70 9
71 7
72 12
73 13
74 14
75 21
76 24
77 23
78 27
79 25
80 23
81 26
82 28
83 27
84 22
85 18
86 18
87 17
88 15
89 19
90 27
91 21
92 24
93 16
94 11
95 6
96 6
97 10
98 9
99 11
100 10
101 13
102 16
103 14
104 25
105 31
106 31
107 26
108 28
109 32
110 35
111 41
112 45
113 35
114 41
115 46
116 35
117 39
118 36
119 31
120 39
121 48
122 57
123 63
124 64
125 55
126 61
127 70
128 66
129 77
130 91
131 95
132 96
133 97
134 89
135 80
136 84
137 88
138 80
139 67
140 65
141 51
142 46
143 55
144 49
145 59
146 60
147 50
148 50
149 53
150 42
151 46
152 57
153 53
154 52
155 60
156 66
157 64
158 64
159 78
160 71
161 72
162 63
163 69
164 73
165 70
166 62
167 59
168 55
169 57
170 55
171 67
172 81
173 95
174 96
175 118
176 122
177 126
178 112
179 92
180 85
181 70
182 61
183 59
184 47
185 42
186 37
187 35
188 34
189 33
190 33
191 35
192 37
193 38
194 36
195 47
196 45
197 38
198 30
199 29
200 29
201 38
202 37
203 43
204 44
205 29
206 38
207 48
208 45
209 47
210 49
211 50
212 41
213 53
214 39
215 31
216 31
217 26
218 30
219 33
220 32
221 22
222 29
223 30
224 35
225 33
226 35
227 37
228 46
229 53
230 46
231 47
232 52
233 45
234 42
235 40
236 43
237 56
238 62
239 66
240 72
241 73
242 79
243 82
244 86
245 97
246 94
247 105
248 101
249 98
250 117
251 117
252 110
253 95
254 111
255 130
256 133
257 140
258 136
259 139
260 145
261 151
262 137
263 131
264 134
265 128
266 136
267 146
268 125
269 140
270 138
271 116
272 116
273 107
274 106
275 94
276 92
277 84
278 83
279 67
280 72
281 76
282 86
283 76
284 63
285 54
286 57
287 42
288 39
289 38
290 33
291 31
292 33
293 34
294 41
295 48
296 48
297 52
298 57
299 36
300 31
301 36
302 30
303 42
304 39
305 38
306 35
307 37
308 29
309 27
310 22
311 20
312 17
313 10
314 8
315 8
316 5
317 5
318 4
319 2
320 1
321 2
322 4
323 6
324 8
325 7
326 6
327 9
328 6
329 7
330 6
331 7
332 8
333 4
334 1
335 4
336 4
337 5
338 3
339 5
340 2
341 3
342 1
343 1
344 1
345 0
346 0
347 1
348 0
349 0
350 0
351 0
352 0
353 0
354 0
355 0
356 0
357 0
358 0
359 0
360 0
361 0
362 0
363 0
364 0
365 0
366 1
367 3
368 5
369 3
370 8
371 5
372 9
373 8
374 4
375 7
376 7
377 9
378 8
379 9
380 14
381 15
382 17
383 16
384 22
385 22
386 31
387 38
388 35
389 44
390 45
391 34
392 34
393 33
394 37
395 46
396 41
397 41
398 51
399 64
400 49
401 48
402 53
403 60
404 61
405 61
406 58
407 60
408 61
409 68
410 73
411 73
412 57
413 63
414 56
415 63
416 65
417 82
418 90
419 97
420 113
421 101
422 97
423 99
424 98
425 105
426 104
427 111
428 100
429 89
430 69
431 78
432 77
433 66
434 47
435 51
436 37
437 34
438 34
439 31
440 21
441 13
442 15
443 26
444 38
445 43
446 47
447 46
448 52
449 69
450 65
451 62
452 61
453 63
454 61
455 70
456 70
457 81
458 76
459 95
460 91
461 97
462 92
463 82
464 81
465 87
466 72
467 59
468 50
469 37
470 36
471 41
472 40
473 47
474 35
475 31
476 34
477 27
478 31
479 49
480 47
481 44
482 33
483 32
484 39
485 31
486 34
487 42
488 47
489 55
490 64
491 73
492 53
493 60
494 48
495 45
496 36
497 41
498 34
499 40
500 53
501 38
502 39
503 26
504 21
505 13
506 18
507 19
508 26
509 28
510 39
511 25
512 23
513 29
514 22
515 20
516 24
517 19
518 15
519 22
520 29
521 25
522 39
523 44
524 42
525 48
526 39
527 36
528 47
529 49
530 40
531 36
532 41
533 30
534 34
535 47
536 37
537 48
538 58
539 66
540 61
541 60
542 55
543 58
544 47
545 47
546 56
547 53
548 51
549 43
550 39
551 50
552 43
553 59
554 63
555 76
556 80
557 66
558 62
559 53
560 46
561 53
562 57
563 62
564 77
565 72
566 55
567 64
568 60
569 43
570 41
571 52
572 52
573 38
574 56
575 59
576 57
577 63
578 73
579 75
580 79
581 78
582 96
583 104
584 104
585 108
586 102
587 103
588 119
589 116
590 106
591 105
592 108
593 93
594 102
595 107
596 122
597 109
598 124
599 140
600 137
601 152
602 173
603 172
604 169
605 169
606 178
607 188
608 179
609 191
610 179
611 181
612 179
613 198
614 198
615 209
616 192
617 190
618 209
619 211
620 189
621 176
622 166
623 168
624 178
625 163
626 159
627 161
628 150
629 167
630 176
631 170
632 142
633 151
634 160
635 156
636 177
637 184
638 172
639 188
640 210
641 185
642 183
643 182
644 190
645 187
646 228
647 238
648 237
649 230
650 244
651 229
652 227
653 206
654 209
655 230
656 216
657 218
658 207
659 194
660 181
661 188
662 202
663 225
664 220
665 233
666 212
667 205
668 194
669 182
670 178
671 158
672 176
673 168
674 154
675 144
676 132
677 135
678 125
679 138
680 124
681 139
682 137
683 137
684 130
685 124
686 107
687 111
688 115
689 109
690 124
691 114
692 106
693 89
694 90
695 95
696 80
697 79
698 63
699 72
700 80
701 81
702 97
703 92
704 115
705 98
706 81
707 93
708 95
709 88
710 104
711 102
712 102
713 83
714 76
715 68
716 66
717 76
718 75
719 76
720 84
721 73
722 77
723 85
724 93
725 94
726 98
727 121
728 114
729 110
730 93
731 74
732 72
733 75
734 75
735 71
736 65
737 70
738 66
739 58
740 55
741 65
742 65
743 63
744 64
745 61
746 67
747 69
748 82
749 90
750 89
751 82
752 75
753 84
754 77
755 85
756 80
757 82
758 82
759 90
760 88
761 87
762 81
763 79
764 98
765 96
766 93
767 90
768 90
769 84
770 89
771 102
772 94
773 107
774 102
775 111
776 125
777 142
778 139
779 136
780 145
781 152
782 149
783 186
784 195
785 198
786 211
787 192
788 204
789 191
790 173
791 185
792 167
793 163
794 175
795 182
796 175
797 166
798 175
799 176
800 181
801 174
802 169
803 169
804 175
805 167
806 179
807 180
808 167
809 170
810 172
811 180
812 186
813 195
814 200
815 201
816 199
817 207
818 195
819 180
820 197
821 178
822 175
823 183
824 195
825 213
826 200
827 224
828 241
829 266
830 251
831 236
832 259
833 251
834 247
835 233
836 248
837 270
838 289
839 314
840 348
841 365
842 357
843 357
844 369
845 349
846 333
847 338
848 342
849 345
850 372
851 373
852 370
853 370
854 327
855 314
856 302
857 295
858 293
859 307
860 308
861 285
862 290
863 281
864 283
865 316
866 314
867 351
868 357
869 360
870 363
871 349
872 336
873 326
874 311
875 343
876 336
877 389
878 379
879 384
880 391
881 341
882 345
883 372
884 355
885 380
886 369
887 363
888 343
889 359
890 366
891 365
892 379
893 375
894 371
895 377
896 419
897 413
898 387
899 379
900 391
901 424
902 463
903 494
904 495
905 476
906 477
907 455
908 452
909 448
910 454
911 397
912 409
913 392
914 439
915 432
916 429
917 429
918 416
919 429
920 391
921 391
922 375
923 348
924 350
925 357
926 326
927 331
928 313
929 293
930 294
931 289
932 294
933 294
934 286
935 296
936 284
937 276
938 280
939 296
940 288
941 295
942 282
943 277
944 289
945 300
946 311
947 318
948 341
949 353
950 351
951 336
952 331
953 339
954 327
955 337
956 331
957 319
958 327
959 336
960 382
961 368
962 372
963 380
964 390
965 398
966 379
967 388
968 408
969 434
970 433
971 418
972 402
973 401
974 412
975 383
976 402
977 408
978 434
979 439
980 416
981 404
982 401
983 409
984 395
985 423
986 420
987 444
988 463
989 446
990 421
991 446
992 429
993 387
994 410
995 378
996 368
997 357
998 343
999 338
1000 327
1001 331
1002 306
1003 310
1004 310
1005 335
1006 297
1007 311
1008 300
1009 291
1010 280
1011 271
1012 262
1013 298
1014 336
1015 321
1016 301
1017 280
1018 273
1019 266
1020 298
1021 308
1022 329
1023 312
1024 316
1025 337
1026 297
1027 323
1028 312
1029 346
1030 349
1031 345
1032 336
1033 318
1034 319
1035 305
1036 317
1037 341
1038 312
1039 313
1040 300
1041 331
1042 329
1043 309
1044 321
1045 337
1046 362
1047 354
1048 349
1049 355
1050 347
1051 338
1052 312
1053 324
1054 326
1055 342
1056 337
1057 305
1058 312
1059 302
1060 298
1061 305
1062 252
1063 243
1064 258
1065 240
1066 255
1067 244
1068 229
1069 221
1070 215
1071 196
1072 215
1073 187
1074 199
1075 205
1076 198
1077 190
1078 190
1079 171
1080 170
1081 173
1082 176
1083 199
1084 200
1085 200
1086 215
1087 189
1088 177
1089 166
1090 153
1091 153
1092 162
1093 161
1094 162
1095 138
1096 131
1097 132
1098 125
1099 119
1100 121
1101 117
1102 112
1103 106
1104 86
1105 75
1106 73
1107 67
1108 72
1109 70
1110 58
1111 55
1112 50
1113 50
1114 46
1115 48
1116 48
1117 54
1118 42
1119 32
1120 25
1121 32
1122 33
1123 46
1124 48
1125 62
1126 69
1127 70
1128 60
1129 57
1130 48
1131 56
1132 57
1133 45
1134 51
1135 39
1136 47
1137 48
1138 48
1139 50
1140 44
1141 38
1142 36
1143 39
1144 41
1145 54
1146 64
1147 57
1148 69
1149 72
1150 62
1151 60
1152 69
1153 70
1154 57
1155 57
1156 61
1157 71
1158 70
1159 68
1160 57
1161 52
1162 73
1163 83
1164 78
1165 76
1166 77
1167 81
1168 85
1169 87
1170 83
1171 72
1172 68
1173 68
1174 60
1175 65
1176 62
1177 61
1178 57
1179 45
1180 42
1181 38
1182 39
1183 27
1184 16
1185 20
1186 21
1187 27
1188 33
1189 43
1190 45
1191 39
1192 32
1193 27
1194 25
1195 25
1196 21
1197 19
1198 20
1199 19
1200 18
1201 20
1202 19
1203 18
1204 18
1205 12
1206 20
1207 14
1208 15
1209 13
1210 11
1211 10
1212 8
1213 9
1214 8
1215 7
1216 12
1217 7
1218 6
1219 11
1220 10
1221 9
1222 6
1223 4
1224 4
1225 7
1226 11
1227 9
1228 9
1229 6
1230 8
1231 11
1232 8
1233 12
1234 9
1235 6
1236 5
1237 1
1238 0
1239 0
1240 0
1241 1
1242 1
1243 3
1244 3
1245 1
1246 1
1247 0
1248 0
1249 0
1250 0
1251 0
1252 0
1253 1
1254 1
1255 1
1256 2
1257 2
1258 1
1259 0
1260 0
1261 0
1262 0
1263 0
1264 0
1265 0
1266 0
1267 1
1268 1
1269 2
1270 1
1271 1
1272 1
1273 2
1274 2
1275 3
1276 4
1277 2
1278 0
1279 0
1280 1
1281 1
1282 1
1283 1
1284 0
1285 0
1286 0
1287 0
1288 0
1289 0
1290 0
1291 0
1292 2
1293 2
1294 3
1295 5
1296 6
1297 7
1298 6
1299 6
1300 12
1301 16
1302 19
1303 16
1304 16
1305 17
1306 19
1307 23
1308 22
1309 19
1310 22
1311 24
1312 28
1313 27
1314 18
1315 12
1316 12
1317 19
1318 23
1319 36
1320 32
1321 27
1322 29
1323 38
1324 45
1325 41
1326 33
1327 32
1328 35
1329 35
1330 41
1331 32
1332 28
1333 19
1334 25
1335 18
1336 22
1337 19
1338 16
1339 21
1340 16
1341 14
1342 11
1343 8
1344 8
1345 6
1346 5
1347 11
1348 11
1349 17
1350 8
1351 6
1352 6
1353 6
1354 7
1355 5
1356 3
1357 7
1358 4
1359 1
1360 1
1361 1
1362 1
1363 4
1364 3
1365 3
1366 4
1367 4
1368 2
1369 0
1370 0
1371 0
1372 0
1373 0
1374 0
1375 0
1376 0
1377 0
1378 0
1379 0
1380 0
1381 1
1382 0
1383 0
1384 0
1385 0
1386 1
1387 1
1388 2
1389 2
1390 3
1391 3
1392 4
1393 4
1394 5
1395 5
1396 7
1397 7
1398 8
1399 16
1400 10
1401 9
1402 10
1403 13
1404 12
1405 10
1406 10
1407 12
1408 11
1409 6
1410 5
1411 5
1412 5
1413 5
1414 6
1415 7
1416 8
1417 11
1418 11
1419 9
1420 14
1421 14
1422 14
1423 9
1424 14
1425 13
1426 12
1427 6
1428 5
1429 1
1430 0
1431 0
1432 0
1433 0
1434 0
1435 0
1436 0
1437 0
1438 0
1439 0
1440 0
1441 0
1442 1
1443 0
1444 0
1445 0
1446 0
1447 0
1448 0
1449 0
1450 0
1451 0
1452 0
1453 1
1454 0
1455 0
1456 0
1457 0
1458 0
1459 0
1460 0
1461 0
1462 0
1463 0
1464 0
1465 0
1466 1
1467 4
1468 2
1469 1
1470 2
1471 0
1472 0
1473 0
1474 1
1475 0
1476 0
1477 0
1478 0
1479 0
1480 1
1481 2
1482 3
1483 4
1484 6
1485 5
1486 7
1487 6
1488 6
1489 4
1490 2
1491 0
1492 0
1493 0
1494 0
1495 0
1496 0
1497 0
1498 2
1499 1
1500 0
1501 2
1502 4
1503 7
1504 8
1505 4
1506 8
1507 13
1508 8
1509 15
1510 24
1511 25
1512 32
1513 32
1514 42
1515 34
1516 28
1517 26
1518 25
1519 31
1520 24
1521 26
1522 31
1523 20
1524 25
1525 24
1526 24
1527 21
1528 24
1529 21
1530 20
1531 19
1532 28
1533 41
1534 41
1535 32
1536 21
1537 23
1538 21
1539 25
1540 24
1541 20
1542 19
1543 24
1544 28
1545 30
1546 32
1547 31
1548 36
1549 26
1550 29
1551 39
1552 38
1553 38
1554 34
1555 38
1556 53
1557 62
1558 57
1559 70
1560 69
1561 60
1562 57
1563 69
1564 65
1565 64
1566 71
1567 59
1568 64
1569 57
1570 50
1571 46
1572 34
1573 31
1574 35
1575 37
1576 27
1577 31
1578 27
1579 22
1580 13
1581 16
1582 18
1583 22
1584 26
1585 25
1586 17
1587 18
1588 22
1589 32
1590 26
1591 29
1592 24
1593 30
1594 29
1595 30
1596 29
1597 29
1598 25
1599 29
1600 19
1601 22
1602 19
1603 21
1604 18
1605 17
1606 17
1607 14
1608 18
1609 34
1610 31
1611 36
1612 25
1613 20
1614 23
1615 20
1616 24
1617 23
1618 19
1619 14
1620 14
1621 13
1622 10
1623 10
1624 9
1625 18
1626 23
1627 18
1628 18
1629 20
1630 25
1631 25
1632 23
1633 24
1634 24
1635 23
1636 24
1637 17
1638 18
1639 22
1640 26
1641 23
1642 27
1643 23
1644 24
1645 22
1646 23
1647 21
1648 22
1649 22
1650 15
1651 22
1652 21
1653 25
1654 22
1655 27
1656 31
1657 25
1658 23
1659 26
1660 32
1661 27
1662 20
1663 14
1664 17
1665 27
1666 30
1667 29
1668 30
1669 30
1670 17
1671 19
1672 23
1673 16
1674 19
1675 16
1676 9
1677 11
1678 12
1679 17
1680 10
1681 7
1682 10
1683 13
1684 13
1685 14
1686 23
1687 26
1688 31
1689 36
1690 35
1691 39
1692 30
1693 30
1694 28
1695 22
1696 34
1697 41
1698 36
1699 28
1700 25
1701 17
1702 15
1703 17
1704 14
1705 11
1706 14
1707 22
1708 17
1709 17
1710 21
1711 24
1712 24
1713 28
1714 19
1715 19
1716 14
1717 11
1718 13
1719 8
1720 11
1721 12
1722 12
1723 11
1724 7
1725 10
1726 12
1727 15
1728 12
1729 20
1730 18
1731 14
1732 15
1733 13
1734 18
1735 23
1736 25
1737 27
1738 32
1739 32
1740 35
1741 40
1742 36
1743 45
1744 57
1745 55
1746 47
1747 40
1748 41
1749 44
1750 39
1751 37
1752 40
1753 43
1754 44
1755 51
1756 53
1757 53
1758 45
1759 47
1760 38
1761 51
1762 44
1763 42
1764 46
1765 39
1766 38
1767 41
1768 42
1769 48
1770 50
1771 50
1772 61
1773 61
1774 71
1775 59
1776 59
1777 55
1778 53
1779 45
1780 48
1781 52
1782 60
1783 39
1784 36
1785 39
1786 36
1787 36
1788 44
1789 48
1790 46
1791 43
1792 42
1793 41
1794 44
1795 49
1796 46
1797 46
1798 46
1799 29
1800 28
1801 25
1802 25
1803 30
1804 33
1805 34
1806 32
1807 42
1808 40
1809 49
1810 53
1811 61
1812 70
1813 70
1814 80
1815 78
1816 61
1817 73
1818 67
1819 60
1820 62
1821 53
1822 54
1823 45
1824 46
1825 46
1826 38
1827 38
1828 25
1829 24
1830 22
1831 24
1832 22
1833 19
1834 15
1835 24
1836 24
1837 22
1838 23
1839 23
1840 19
1841 16
1842 20
1843 31
1844 22
1845 26
1846 23
1847 23
1848 27
1849 16
1850 10
1851 16
1852 19
1853 23
1854 18
1855 16
1856 19
1857 24
1858 27
1859 39
1860 33
1861 49
1862 39
1863 31
1864 30
1865 34
1866 35
1867 35
1868 29
1869 22
1870 12
1871 19
1872 18
1873 19
1874 14
1875 8
1876 8
1877 7
1878 8
1879 6
1880 6
1881 5
1882 3
1883 5
1884 0
1885 0
1886 1
1887 1
1888 2
1889 2
1890 0
1891 1
1892 2
1893 0
1894 0
1895 0
1896 0
1897 0
1898 0
1899 0
1900 1
1901 2
1902 1
1903 2
1904 1
1905 3
1906 2
1907 2
1908 1
1909 1
1910 1
1911 2
1912 2
1913 2
1914 3
1915 5
1916 4
1917 2
1918 0
1919 1
1920 1
1921 1
1922 1
1923 1
1924 1
1925 1
1926 3
1927 2
1928 2
1929 0
1930 0
1931 1
1932 2
1933 2
1934 5
1935 3
1936 6
1937 7
1938 8
1939 5
1940 5
1941 6
1942 7
1943 6
1944 10
1945 9
1946 12
1947 15
1948 19
1949 26
1950 29
1951 27
1952 25
1953 24
1954 25
1955 25
1956 33
1957 26
1958 37
1959 46
1960 48
1961 39
1962 37
1963 40
1964 49
1965 61
1966 61
1967 66
1968 51
1969 44
1970 51
1971 49
1972 70
1973 72
1974 85
1975 82
1976 82
1977 77
1978 87
1979 76
1980 83
1981 78
1982 70
1983 82
1984 86
1985 78
1986 85
1987 90
1988 107
1989 98
1990 99
1991 80
1992 83
1993 68
1994 76
1995 83
1996 79
1997 83
1998 93
1999 100
2000 96
2001 81
2002 90
2003 97
2004 89
2005 81
2006 89
2007 99
2008 86
2009 92
2010 105
2011 110
2012 128
2013 140
2014 137
2015 140
2016 141
2017 174
2018 191
2019 186
2020 186
2021 154
2022 163
2023 171
2024 180
2025 183
2026 164
2027 179
2028 165
2029 170
2030 167
2031 161
2032 159
2033 147
2034 144
2035 152
2036 150
2037 137
2038 127
2039 140
2040 155
2041 168
2042 160
2043 144
2044 145
2045 138
2046 130
2047 125
2048 129
2049 125
2050 128
2051 116
2052 114
2053 100
2054 114
2055 104
2056 110
2057 106
2058 108
2059 111
2060 118
2061 114
2062 112
2063 95
2064 113
2065 116
2066 114
2067 114
2068 107
2069 121
2070 119
2071 121
2072 122
2073 111
2074 100
2075 111
2076 101
2077 116
2078 107
2079 111
2080 105
2081 112
2082 131
2083 120
2084 122
2085 116
2086 127
2087 126
2088 125
2089 133
2090 144
2091 134
2092 141
2093 150
2094 151
2095 171
2096 169
2097 173
2098 173
2099 205
2100 207
2101 221
2102 229
2103 240
2104 266
2105 267
2106 261
2107 264
2108 240
2109 249
2110 228
2111 243
2112 258
2113 253
2114 279
2115 269
2116 254
2117 255
2118 252
2119 270
2120 249
2121 263
2122 264
2123 267
2124 258
2125 277
2126 287
2127 250
2128 234
2129 232
2130 233
2131 236
2132 229
2133 224
2134 235
2135 261
2136 267
2137 242
2138 198
2139 203
2140 183
2141 213
2142 224
2143 213
2144 230
2145 240
2146 265
2147 269
2148 288
2149 298
2150 299
2151 302
2152 310
2153 287
2154 326
2155 321
2156 309
2157 342
2158 330
2159 353
2160 366
2161 365
2162 362
2163 366
2164 367
2165 358
2166 360
2167 349
2168 324
2169 332
2170 348
2171 371
2172 375
2173 344
2174 334
2175 337
2176 352
2177 336
2178 330
2179 355
2180 328
2181 349
2182 343
2183 384
2184 395
2185 407
2186 398
2187 407
2188 421
2189 416
2190 417
2191 395
2192 369
2193 398
2194 445
2195 455
2196 464
2197 510
2198 528
2199 525
2200 533
2201 538
2202 541
2203 535
2204 528
2205 512
2206 491
2207 511
2208 539
2209 546
2210 526
2211 568
2212 583
2213 570
2214 588
2215 540
2216 528
2217 551
2218 531
2219 519
2220 521
2221 552
2222 546
2223 582
2224 584
2225 583
2226 604
2227 599
2228 578
2229 538
2230 549
2231 547
2232 554
2233 567
2234 529
2235 539
2236 558
2237 556
2238 522
2239 512
2240 546
2241 555
2242 503
2243 515
2244 505
2245 493
2246 451
2247 427
2248 414
2249 436
2250 433
2251 428
2252 422
2253 400
2254 422
2255 399
2256 398
2257 405
2258 392
2259 402
2260 367
2261 361
2262 354
2263 385
2264 403
2265 385
2266 361
2267 381
2268 392
2269 417
2270 402
2271 393
2272 409
2273 421
2274 378
2275 409
2276 405
2277 399
2278 395
2279 411
2280 406
2281 429
2282 437
2283 443
2284 447
2285 424
2286 438
2287 476
2288 455
2289 457
2290 435
2291 434
2292 406
2293 393
2294 395
2295 352
2296 363
2297 360
2298 327
2299 323
2300 314
2301 285
2302 265
2303 269
2304 275
2305 292
2306 295
2307 287
2308 305
2309 295
2310 282
2311 308
2312 309
2313 355
2314 349
2315 334
2316 340
2317 342
2318 389
2319 387
2320 379
2321 368
2322 402
2323 376
2324 349
2325 361
2326 361
2327 373
2328 346
2329 354
2330 355
2331 348
2332 358
2333 348
2334 341
2335 341
2336 364
2337 359
2338 398
2339 432
2340 416
2341 439
2342 428
2343 459
2344 472
2345 505
2346 527
2347 544
2348 552
2349 521
2350 541
2351 542
2352 531
2353 530
2354 519
2355 496
2356 485
2357 470
2358 479
2359 474
2360 509
2361 515
2362 505
2363 553
2364 555
2365 550
2366 556
2367 590
2368 580
2369 552
2370 561
2371 583
2372 578
2373 566
2374 568
2375 476
2376 452
2377 446
2378 450
2379 463
2380 476
2381 464
2382 451
2383 465
2384 482
2385 500
2386 507
2387 500
2388 518
2389 545
2390 552
2391 560
2392 548
2393 521
2394 532
2395 573
2396 575
2397 585
2398 600
2399 587
2400 611
2401 615
2402 600
2403 602
2404 613
2405 605
2406 625
2407 605
2408 589
2409 603
2410 624
2411 635
2412 612
2413 617
2414 631
2415 637
2416 637
2417 660
2418 665
2419 687
2420 683
2421 670
2422 633
2423 678
2424 685
2425 670
2426 678
2427 713
2428 734
2429 733
2430 764
2431 741
2432 761
2433 729
2434 679
2435 672
2436 644
2437 596
2438 616
2439 609
2440 626
2441 630
2442 651
2443 625
2444 638
2445 620
2446 662
2447 641
2448 654
2449 631
2450 634
2451 619
2452 606
2453 609
2454 624
2455 681
2456 664
2457 699
2458 697
2459 685
2460 696
2461 681
2462 678
2463 676
2464 688
2465 711
2466 720
2467 765
2468 759
2469 789
2470 850
2471 881
2472 836
2473 838
2474 872
2475 889
2476 919
2477 929
2478 941
2479 941
2480 938
2481 941
2482 931
2483 936
2484 919
2485 944
2486 979
2487 930
2488 941
2489 968
2490 948
2491 888
2492 875
2493 858
2494 829
2495 824
2496 816
2497 768
2498 816
2499 801
2500 800
2501 794
2502 763
2503 753
2504 738
2505 727
2506 667
2507 673
2508 666
2509 701
2510 716
2511 740
2512 758
2513 724
2514 747
2515 763
2516 765
2517 793
2518 747
2519 750
2520 708
2521 703
2522 685
2523 684
2524 667
2525 649
2526 655
2527 713
2528 682
2529 604
2530 623
2531 618
2532 628
2533 612
2534 634
2535 631
2536 633
2537 596
2538 625
2539 607
2540 587
2541 593
2542 611
2543 589
2544 579
2545 608
2546 574
2547 561
2548 531
2549 573
2550 589
2551 548
2552 599
2553 608
2554 602
2555 592
2556 606
2557 641
2558 681
2559 686
2560 711
2561 659
2562 666
2563 628
2564 627
2565 621
2566 650
2567 645
2568 598
2569 597
2570 594
2571 598
2572 573
2573 612
2574 633
2575 669
2576 693
2577 658
2578 661
2579 685
2580 656
2581 731
2582 689
2583 658
2584 668
2585 666
2586 684
2587 705
2588 705
2589 694
2590 701
2591 676
2592 695
2593 653
2594 666
2595 628
2596 570
2597 546
2598 519
2599 551
2600 559
2601 553
2602 587
2603 599
2604 594
2605 597
2606 604
2607 596
2608 616
2609 558
2610 536
2611 552
2612 544
2613 501
2614 477
2615 486
2616 465
2617 439
2618 438
2619 414
2620 437
2621 451
2622 417
2623 411
2624 434
2625 427
2626 408
2627 403
2628 403
2629 384
2630 374
2631 413
2632 414
2633 412
2634 390
2635 375
2636 369
2637 360
2638 368
2639 373
2640 410
2641 424
2642 433
2643 428
2644 443
2645 482
2646 485
2647 485
2648 471
2649 473
2650 486
2651 470
2652 455
2653 432
2654 459
2655 454
2656 457
2657 466
2658 430
2659 408
2660 373
2661 354
2662 361
2663 375
2664 361
2665 362
2666 356
2667 372
2668 384
2669 392
2670 393
2671 392
2672 366
2673 356
2674 335
2675 338
2676 356
2677 367
2678 380
2679 373
2680 416
2681 421
2682 388
2683 406
2684 418
2685 424
2686 404
2687 411
2688 423
2689 428
2690 455
2691 446
2692 444
2693 413
2694 386
2695 380
2696 414
2697 421
2698 435
2699 433
2700 422
2701 448
2702 424
2703 409
2704 416
2705 429
2706 437
2707 416
2708 438
2709 430
2710 441
2711 430
2712 398
2713 400
2714 403
2715 384
2716 392
2717 345
2718 338
2719 334
2720 321
2721 285
2722 313
2723 309
2724 323
2725 303
2726 310
2727 297
2728 287
2729 287
2730 282
2731 285
2732 276
2733 277
2734 271
2735 281
2736 298
2737 319
2738 312
2739 310
2740 286
2741 273
2742 289
2743 271
2744 290
2745 274
2746 272
2747 279
2748 259
2749 268
2750 276
2751 293
2752 299
2753 280
2754 284
2755 280
2756 269
2757 240
2758 252
2759 238
2760 240
2761 245
2762 231
2763 222
2764 205
2765 189
2766 195
2767 190
2768 197
2769 171
2770 171
2771 176
2772 191
2773 184
2774 171
2775 157
2776 178
2777 172
2778 163
2779 161
2780 147
2781 146
2782 155
2783 162
2784 165
2785 174
2786 176
2787 174
2788 180
2789 193
2790 209
2791 198
2792 187
2793 198
2794 215
2795 192
2796 205
2797 217
2798 225
2799 230
2800 208
2801 212
2802 205
2803 217
2804 250
2805 248
2806 241
2807 241
2808 240
2809 217
2810 227
2811 226
2812 220
2813 259
2814 266
2815 274
2816 306
2817 286
2818 280
2819 296
2820 290
2821 289
2822 301
2823 318
2824 335
2825 321
2826 287
2827 296
2828 317
2829 304
2830 308
2831 323
2832 347
2833 314
2834 325
2835 316
2836 286
2837 270
2838 253
2839 291
2840 281
2841 282
2842 275
2843 293
2844 309
2845 311
2846 310
2847 315
2848 321
2849 313
2850 315
2851 307
2852 286
2853 270
2854 295
2855 278
2856 251
2857 244
2858 257
2859 266
2860 257
2861 251
2862 278
2863 261
2864 272
2865 265
2866 248
2867 246
2868 260
2869 261
2870 237
2871 248
2872 272
2873 269
2874 275
2875 272
2876 260
2877 276
2878 271
2879 272
2880 252
2881 284
2882 282
2883 328
2884 299
2885 280
2886 273
2887 302
2888 280
2889 311
2890 305
2891 341
2892 314
2893 297
2894 301
2895 310
2896 310
2897 294
2898 293
2899 272
2900 281
2901 267
2902 262
2903 240
2904 243
2905 249
2906 259
2907 248
2908 255
2909 262
2910 243
2911 221
2912 203
2913 210
2914 193
2915 203
2916 220
2917 211
2918 218
2919 231
2920 198
2921 196
2922 181
2923 192
2924 175
2925 159
2926 164
2927 170
2928 174
2929 158
2930 138
2931 133
2932 129
2933 138
2934 153
2935 165
2936 154
2937 155
2938 170
2939 168
2940 166
2941 153
2942 133
2943 126
2944 133
2945 130
2946 119
2947 124
2948 119
2949 125
2950 125
2951 136
2952 144
2953 153
2954 145
2955 128
2956 128
2957 118
2958 130
2959 117
2960 110
2961 104
2962 96
2963 95
2964 108
2965 107
2966 106
2967 97
2968 113
2969 108
2970 95
2971 98
2972 84
2973 79
2974 75
2975 75
2976 79
2977 78
2978 76
2979 70
2980 80
2981 78
2982 76
2983 70
2984 88
2985 86
2986 81
2987 84
2988 83
2989 92
2990 81
2991 95
2992 102
2993 112
2994 127
2995 137
2996 149
2997 138
2998 130
2999 114
3000 97
3001 109
3002 101
3003 90
3004 99
3005 97
3006 90
3007 94
3008 91
3009 84
3010 81
3011 84
3012 93
3013 91
3014 90
3015 85
3016 105
3017 115
3018 123
3019 131
3020 115
3021 104
3022 95
3023 84
3024 79
3025 68
3026 59
3027 78
3028 91
3029 107
3030 99
3031 81
3032 102
3033 106
3034 97
3035 115
3036 115
3037 90
3038 92
3039 102
3040 112
3041 112
3042 103
3043 94
3044 94
3045 84
3046 80
3047 84
3048 71
3049 74
3050 82
3051 87
3052 97
3053 92
3054 96
3055 100
3056 97
3057 105
3058 119
3059 118
3060 128
3061 116
3062 141
3063 138
3064 135
3065 130
3066 138
3067 132
3068 124
3069 119
3070 105
3071 123
3072 137
3073 147
3074 154
3075 170
3076 159
3077 152
3078 148
3079 128
3080 139
3081 155
3082 180
3083 182
3084 172
3085 167
3086 174
3087 188
3088 184
3089 188
3090 178
3091 198
3092 199
3093 167
3094 169
3095 179
3096 209
3097 199
3098 197
3099 198
3100 192
3101 191
3102 178
3103 190
3104 193
3105 209
3106 218
3107 206
3108 192
3109 215
3110 216
3111 221
3112 205
3113 233
3114 253
3115 234
3116 241
3117 246
3118 238
3119 240
3120 224
3121 224
3122 221
3123 219
3124 231
3125 214
3126 241
3127 240
3128 220
3129 216
3130 251
3131 238
3132 230
3133 234
3134 252
3135 252
3136 280
3137 268
3138 240
3139 238
3140 243
3141 244
3142 256
3143 288
3144 295
3145 292
3146 313
3147 309
3148 312
3149 333
3150 338
3151 325
3152 351
3153 326
3154 309
3155 311
3156 291
3157 275
3158 315
3159 338
3160 348
3161 348
3162 359
3163 368
3164 354
3165 350
3166 379
3167 396
3168 380
3169 416
3170 413
3171 413
3172 405
3173 382
3174 395
3175 389
3176 391
3177 407
3178 442
3179 458
3180 434
3181 430
3182 422
3183 409
3184 397
3185 373
3186 379
3187 386
3188 364
3189 381
3190 368
3191 390
3192 378
3193 365
3194 386
3195 354
3196 338
3197 347
3198 317
3199 326
3200 298
3201 295
3202 294
3203 298
3204 275
3205 264
3206 255
3207 266
3208 254
3209 248
3210 247
3211 240
3212 255
3213 233
3214 245
3215 256
3216 247
3217 248
3218 232
3219 218
3220 214
3221 233
3222 237
3223 245
3224 238
3225 222
3226 210
3227 197
3228 194
3229 203
3230 226
3231 222
3232 259
3233 240
3234 243
3235 243
3236 249
3237 232
3238 238
3239 246
3240 249
3241 248
3242 228
3243 226
3244 231
3245 205
3246 211
3247 195
3248 183
3249 176
3250 172
3251 179
3252 170
3253 170
3254 167
3255 154
3256 167
3257 173
3258 176
3259 165
3260 170
3261 161
3262 166
3263 158
3264 150
3265 126
3266 128
3267 142
3268 130
3269 126
3270 155
3271 143
3272 158
3273 149
3274 144
3275 143
3276 141
3277 140
3278 155
3279 170
3280 173
3281 184
3282 160
3283 151
3284 145
3285 146
3286 157
3287 174
3288 189
3289 196
3290 204
3291 204
3292 207
3293 200
3294 224
3295 247
3296 258
3297 247
3298 264
3299 216
3300 189
3301 195
3302 208
3303 210
3304 209
3305 202
3306 178
3307 160
3308 173
3309 167
3310 152
3311 147
3312 149
3313 151
3314 148
3315 184
3316 187
3317 173
3318 170
3319 159
3320 176
3321 168
3322 150
3323 158
3324 161
3325 136
3326 132
3327 144
3328 133
3329 138
3330 167
3331 166
3332 158
3333 145
3334 132
3335 145
3336 156
3337 163
3338 163
3339 157
3340 156
3341 152
3342 143
3343 137
3344 161
3345 153
3346 155
3347 149
3348 156
3349 157
3350 150
3351 140
3352 127
3353 128
3354 101
3355 97
3356 86
3357 83
3358 84
3359 91
3360 94
3361 87
3362 89
3363 91
3364 71
3365 64
3366 58
3367 62
3368 53
3369 48
3370 49
3371 61
3372 55
3373 55
3374 50
3375 43
3376 49
3377 57
3378 60
3379 59
3380 61
3381 55
3382 53
3383 54
3384 43
3385 37
3386 35
3387 34
3388 36
3389 40
3390 44
3391 33
3392 30
3393 26
3394 34
3395 46
3396 55
3397 62
3398 65
3399 60
3400 64
3401 60
3402 59
3403 59
3404 65
3405 51
3406 64
3407 66
3408 73
3409 60
3410 50
3411 65
3412 62
3413 69
3414 68
3415 63
3416 45
3417 55
3418 41
3419 57
3420 61
3421 53
3422 55
3423 58
3424 65
3425 64
3426 58
3427 47
3428 52
3429 50
3430 64
3431 71
3432 65
3433 73
3434 82
3435 82
3436 88
3437 79
3438 81
3439 85
3440 87
3441 98
3442 99
3443 105
3444 131
3445 129
3446 115
3447 129
3448 127
3449 120
3450 120
3451 130
3452 140
3453 140
3454 154
3455 160
3456 163
3457 152
3458 159
3459 139
3460 134
3461 131
3462 126
3463 133
3464 134
3465 120
3466 115
3467 131
3468 152
3469 162
3470 166
3471 149
3472 150
3473 172
3474 181
3475 176
3476 184
3477 188
3478 172
3479 163
3480 181
3481 156
3482 143
3483 145
3484 159
3485 163
3486 169
3487 165
3488 178
3489 175
3490 162
3491 154
3492 200
3493 219
3494 241
3495 236
3496 246
3497 242
3498 247
3499 263
3500 291
3501 271
3502 249
3503 257
3504 250
3505 272
3506 276
3507 284
3508 294
3509 290
3510 281
3511 279
3512 285
3513 305
3514 305
3515 303
3516 291
3517 276
3518 264
3519 270
3520 278
3521 261
3522 251
3523 220
3524 232
3525 226
3526 199
3527 184
3528 194
3529 201
3530 182
3531 174
3532 153
3533 136
3534 138
3535 136
3536 146
3537 143
3538 143
3539 128
3540 129
3541 118
3542 125
3543 115
3544 103
3545 88
3546 85
3547 85
3548 75
3549 87
3550 81
3551 83
3552 66
3553 68
3554 71
3555 81
3556 79
3557 84
3558 89
3559 77
3560 80
3561 70
3562 72
3563 75
3564 77
3565 74
3566 85
3567 86
3568 92
3569 82
3570 86
3571 102
3572 80
3573 69
3574 65
3575 68
3576 63
3577 80
3578 87
3579 99
3580 106
3581 100
3582 97
3583 104
3584 111
3585 112
3586 101
3587 94
3588 91
3589 90
3590 75
3591 72
3592 78
3593 73
3594 80
3595 67
3596 71
3597 66
3598 70
3599 75
3600 75
3601 76
3602 84
3603 79
3604 83
3605 81
3606 93
3607 92
3608 120
3609 125
3610 142
3611 146
3612 137
3613 141
3614 132
3615 137
3616 131
3617 150
3618 137
3619 135
3620 155
3621 130
3622 133
3623 149
3624 176
3625 178
3626 151
3627 145
3628 148
3629 162
3630 161
3631 173
3632 169
3633 164
3634 168
3635 194
3636 203
3637 215
3638 219
3639 206
3640 182
3641 196
3642 202
3643 200
3644 189
3645 168
3646 180
3647 187
3648 183
3649 178
3650 181
3651 178
3652 178
3653 193
3654 153
3655 149
3656 158
3657 147
3658 149
3659 140
3660 131
3661 148
3662 168
3663 163
3664 162
3665 160
3666 158
3667 163
3668 169
3669 164
3670 145
3671 143
3672 124
3673 140
3674 147
3675 125
3676 133
3677 132
3678 136
3679 125
3680 129
3681 135
3682 144
3683 141
3684 121
3685 113
3686 109
3687 106
3688 99
3689 108
3690 111
3691 115
3692 120
3693 114
3694 122
3695 138
3696 136
3697 138
3698 124
3699 128
3700 107
3701 118
3702 123
3703 123
3704 131
3705 122
3706 136
3707 120
3708 120
3709 115
3710 105
3711 120
3712 123
3713 121
3714 115
3715 102
3716 130
3717 150
3718 156
3719 156
3720 156
3721 172
3722 155
3723 165
3724 166
3725 163
3726 171
3727 173
3728 183
3729 159
3730 167
3731 147
3732 149
3733 149
3734 157
3735 165
3736 174
3737 168
3738 173
3739 158
3740 163
3741 134
3742 142
3743 153
3744 170
3745 180
3746 174
3747 164
3748 178
3749 174
3750 165
3751 161
3752 142
3753 148
3754 146
3755 156
3756 168
3757 162
3758 157
3759 149
3760 153
3761 151
3762 131
3763 128
3764 116
3765 123
3766 120
3767 118
3768 98
3769 97
3770 119
3771 121
3772 128
3773 120
3774 129
3775 137
3776 141
3777 144
3778 148
3779 150
3780 131
3781 138
3782 120
3783 118
3784 125
3785 136
3786 121
3787 130
3788 126
3789 141
3790 151
3791 131
3792 106
3793 109
3794 118
3795 100
3796 99
3797 108
3798 106
3799 107
3800 94
3801 91
3802 92
3803 110
3804 111
3805 105
3806 108
3807 115
3808 107
3809 125
3810 144
3811 161
3812 166
3813 171
3814 176
3815 179
3816 198
3817 176
3818 165
3819 189
3820 206
3821 211
3822 214
3823 200
3824 183
3825 188
3826 164
3827 180
3828 174
3829 172
3830 185
3831 219
3832 223
3833 242
3834 237
3835 262
3836 246
3837 258
3838 263
3839 242
3840 220
3841 207
3842 204
3843 184
3844 167
3845 172
3846 190
3847 191
3848 200
3849 201
3850 206
3851 189
3852 193
3853 204
3854 218
3855 215
3856 217
3857 230
3858 237
3859 229
3860 224
3861 226
3862 213
3863 222
3864 254
3865 247
3866 240
3867 238
3868 246
3869 229
3870 216
3871 244
3872 228
3873 229
3874 242
3875 230
3876 241
3877 238
3878 240
3879 268
3880 279
3881 286
3882 286
3883 264
3884 253
3885 268
3886 245
3887 251
3888 251
3889 237
3890 244
3891 243
3892 263
3893 270
3894 274
3895 271
3896 290
3897 268
3898 273
3899 292
3900 272
3901 273
3902 286
3903 289
3904 291
3905 250
3906 270
3907 294
3908 327
3909 309
3910 318
3911 279
3912 293
3913 296
3914 275
3915 250
3916 284
3917 289
3918 265
3919 256
3920 254
3921 246
3922 216
3923 199
3924 206
3925 195
3926 179
3927 198
3928 193
3929 199
3930 194
3931 181
3932 187
3933 190
3934 202
3935 197
3936 199
3937 216
3938 223
3939 211
3940 215
3941 241
3942 231
3943 248
3944 258
3945 267
3946 257
3947 258
3948 260
3949 273
3950 280
3951 275
3952 262
3953 247
3954 224
3955 222
3956 207
3957 196
3958 199
3959 171
3960 174
3961 162
3962 193
3963 181
3964 182
3965 177
3966 162
3967 139
3968 129
3969 145
3970 147
3971 145
3972 154
3973 159
3974 137
3975 161
3976 158
3977 155
3978 133
3979 130
3980 121
3981 117
3982 120
3983 138
3984 142
3985 137
3986 135
3987 144
3988 118
3989 128
3990 134
3991 131
3992 127
3993 129
3994 131
3995 124
3996 139
3997 156
3998 154
3999 151
4000 129
4001 125
4002 124
4003 145
4004 160
4005 151
4006 155
4007 135
4008 135
4009 132
4010 119
4011 142
4012 154
4013 152
4014 143
4015 147
4016 148
4017 151
4018 140
4019 146
4020 143
4021 132
4022 145
4023 153
4024 191
4025 201
4026 187
4027 170
4028 165
4029 159
4030 149
4031 149
4032 150
4033 153
4034 148
4035 134
4036 135
4037 152
4038 153
4039 153
4040 135
4041 127
4042 133
4043 119
4044 103
4045 111
4046 110
4047 90
4048 102
4049 105
4050 109
4051 106
4052 106
4053 98
4054 127
4055 126
4056 153
4057 143
4058 138
4059 125
4060 143
4061 148
4062 140
4063 133
4064 136
4065 144
4066 150
4067 151
4068 165
4069 185
4070 194
4071 174
4072 162
4073 166
4074 167
4075 169
4076 175
4077 183
4078 194
4079 164
4080 174
4081 166
4082 145
4083 137
4084 125
4085 115
4086 137
4087 127
4088 127
4089 122
4090 125
4091 130
4092 153
4093 156
4094 170
4095 177
4096 176
4097 213
4098 213
4099 201
4100 203
4101 194
4102 199
4103 191
4104 176
4105 189
4106 179
4107 190
4108 177
4109 187
4110 162
4111 168
4112 171
4113 167
4114 165
4115 144
4116 138
4117 143
4118 145
4119 142
4120 154
4121 149
4122 131
4123 138
4124 150
4125 139
4126 150
4127 158
4128 148
4129 147
4130 169
4131 173
4132 184
4133 179
4134 189
4135 192
4136 197
4137 216
4138 226
4139 235
4140 261
4141 245
4142 234
4143 226
4144 214
4145 214
4146 209
4147 215
4148 206
4149 209
4150 193
4151 181
4152 192
4153 182
4154 171
4155 186
4156 181
4157 169
4158 172
4159 164
4160 168
4161 188
4162 191
4163 195
4164 183
4165 201
4166 208
4167 200
4168 193
4169 173
4170 168
4171 189
4172 197
4173 208
4174 202
4175 190
4176 171
4177 180
4178 198
4179 206
4180 199
4181 240
4182 243
4183 246
4184 268
4185 256
4186 264
4187 260
4188 252
4189 252
4190 250
4191 243
4192 237
4193 249
4194 243
4195 218
4196 198
4197 216
4198 216
4199 231
4200 229
4201 244
4202 234
4203 237
4204 234
4205 221
4206 224
4207 221
4208 210
4209 201
4210 193
4211 184
4212 174
4213 150
4214 149
4215 159
4216 168
4217 163
4218 160
4219 165
4220 158
4221 148
4222 155
4223 153
4224 145
4225 125
4226 104
4227 116
4228 121
4229 108
4230 94
4231 96
4232 108
4233 106
4234 97
4235 93
4236 101
4237 100
4238 93
4239 92
4240 96
4241 74
4242 73
4243 75
4244 62
4245 77
4246 69
4247 74
4248 74
4249 70
4250 66
4251 53
4252 48
4253 41
4254 39
4255 34
4256 38
4257 36
4258 38
4259 50
4260 56
4261 63
4262 53
4263 59
4264 59
4265 75
4266 93
4267 90
4268 80
4269 84
4270 87
4271 88
4272 69
4273 72
4274 70
4275 66
4276 75
4277 85
4278 85
4279 95
4280 85
4281 97
4282 104
4283 107
4284 101
4285 110
4286 122
4287 98
4288 92
4289 102
4290 104
4291 101
4292 86
4293 97
4294 102
4295 106
4296 98
4297 89
4298 84
4299 73
4300 68
4301 72
4302 83
4303 101
4304 108
4305 119
4306 121
4307 132
4308 124
4309 109
4310 132
4311 151
4312 159
4313 161
4314 155
4315 151
4316 141
4317 151
4318 157
4319 158
4320 167
4321 156
4322 161
4323 170
4324 166
4325 173
4326 148
4327 149
4328 163
4329 166
4330 158
4331 165
4332 181
4333 162
4334 155
4335 169
4336 153
4337 160
4338 143
4339 136
4340 117
4341 107
4342 110
4343 97
4344 106
4345 104
4346 94
4347 121
4348 110
4349 135
4350 113
4351 107
4352 124
4353 125
4354 113
4355 120
4356 125
4357 119
4358 100
4359 88
4360 72
4361 67
4362 59
4363 64
4364 84
4365 78
4366 87
4367 70
4368 67
4369 65
4370 66
4371 74
4372 68
4373 82
4374 83
4375 87
4376 96
4377 90
4378 101
4379 102
4380 93
4381 87
4382 90
4383 70
4384 67
4385 71
4386 79
4387 70
4388 71
4389 63
4390 63
4391 59
4392 65
4393 72
4394 62
4395 70
4396 57
4397 56
4398 53
4399 49
4400 46
4401 44
4402 37
4403 41
4404 32
4405 37
4406 31
4407 28
4408 28
4409 21
4410 18
4411 14
4412 27
4413 22
4414 22
4415 27
4416 20
4417 12
4418 7
4419 8
4420 5
4421 11
4422 11
4423 10
4424 8
4425 9
4426 9
4427 17
4428 23
4429 23
4430 28
4431 28
4432 28
4433 17
4434 14
4435 13
4436 15
4437 15
4438 18
4439 18
4440 17
4441 13
4442 14
4443 10
4444 3
4445 2
4446 1
4447 1
4448 0
4449 0
4450 0
4451 0
4452 0
4453 0
4454 0
4455 1
4456 1
4457 0
4458 0
4459 0
4460 1
4461 1
4462 0
4463 0
4464 2
4465 5
4466 8
4467 13
4468 9
4469 7
4470 7
4471 10
4472 13
4473 16
4474 26
4475 33
4476 36
4477 43
4478 41
4479 45
4480 50
4481 64
4482 56
4483 54
4484 58
4485 67
4486 63
4487 70
4488 70
4489 65
4490 66
4491 69
4492 79
4493 79
4494 81
4495 89
4496 93
4497 88
4498 94
4499 97
4500 111
4501 98
4502 103
4503 97
4504 101
4505 92
4506 111
4507 114
4508 131
4509 135
4510 142
4511 134
4512 136
4513 141
4514 142
4515 152
4516 165
4517 161
4518 158
4519 170
4520 163
4521 188
4522 182
4523 185
4524 177
4525 191
4526 195
4527 192
4528 189
4529 202
4530 171
4531 165
4532 160
4533 153
4534 164
4535 125
4536 124
4537 120
4538 118
4539 133
4540 153
4541 153
4542 142
4543 134
4544 110
4545 106
4546 96
4547 70
4548 66
4549 78
4550 72
4551 71
4552 67
4553 67
4554 81
4555 86
4556 75
4557 60
4558 71
4559 67
4560 53
4561 48
4562 52
4563 58
4564 67
4565 55
4566 48
4567 55
4568 54
4569 48
4570 43
4571 37
4572 30
4573 40
4574 43
4575 46
4576 56
4577 52
4578 55
4579 51
4580 55
4581 60
4582 56
4583 53
4584 51
4585 52
4586 57
4587 57
4588 50
4589 59
4590 64
4591 82
4592 86
4593 100
4594 105
4595 100
4596 95
4597 82
4598 82
4599 102
4600 109
4601 102
4602 105
4603 114
4604 109
4605 91
4606 80
4607 90
4608 101
4609 120
4610 110
4611 96
4612 84
4613 68
4614 63
4615 73
4616 74
4617 84
4618 83
4619 94
4620 89
4621 93
4622 68
4623 63
4624 75
4625 69
4626 65
4627 58
4628 68
4629 58
4630 56
4631 48
4632 48
4633 51
4634 51
4635 53
4636 55
4637 63
4638 62
4639 69
4640 70
4641 78
4642 65
4643 65
4644 56
4645 56
4646 55
4647 57
4648 46
4649 47
4650 46
4651 43
4652 36
4653 53
4654 62
4655 67
4656 65
4657 61
4658 63
4659 70
4660 63
4661 67
4662 57
4663 59
4664 64
4665 68
4666 80
4667 73
4668 73
4669 74
4670 77
4671 56
4672 73
4673 79
4674 69
4675 60
4676 64
4677 70
4678 78
4679 70
4680 70
4681 67
4682 68
4683 66
4684 62
4685 53
4686 48
4687 57
4688 77
4689 67
4690 70
4691 82
4692 72
4693 54
4694 67
4695 71
4696 79
4697 84
4698 90
4699 87
4700 97
4701 106
4702 119
4703 115
4704 97
4705 112
4706 102
4707 116
4708 105
4709 98
4710 100
4711 94
4712 95
4713 89
4714 94
4715 72
4716 66
4717 53
4718 59
4719 55
4720 60
4721 58
4722 54
4723 46
4724 47
4725 44
4726 36
4727 39
4728 50
4729 38
4730 39
4731 52
4732 61
4733 51
4734 52
4735 41
4736 42
4737 39
4738 42
4739 35
4740 37
4741 40
4742 43
4743 47
4744 50
4745 46
4746 59
4747 61
4748 70
4749 74
4750 62
4751 50
4752 45
4753 49
4754 55
4755 63
4756 66
4757 85
4758 86
4759 67
4760 63
4761 68
4762 76
4763 87
4764 85
4765 101
4766 111
4767 127
4768 119
4769 118
4770 118
4771 107
4772 108
4773 94
4774 97
4775 91
4776 94
4777 83
4778 90
4779 75
4780 72
4781 73
4782 68
4783 63
4784 58
4785 70
4786 83
4787 88
4788 104
4789 99
4790 105
4791 106
4792 115
4793 95
4794 96
4795 101
4796 103
4797 109
4798 125
4799 125
4800 140
4801 134
4802 144
4803 124
4804 108
4805 115
4806 119
4807 112
4808 112
4809 112
4810 116
4811 119
4812 105
4813 106
4814 89
4815 87
4816 79
4817 62
4818 72
4819 64
4820 68
4821 74
4822 82
4823 65
4824 66
4825 59
4826 61
4827 66
4828 65
4829 59
4830 65
4831 60
4832 70
4833 78
4834 81
4835 92
4836 78
4837 76
4838 77
4839 65
4840 48
4841 43
4842 48
4843 40
4844 43
4845 44
4846 46
4847 46
4848 52
4849 55
4850 69
4851 74
4852 71
4853 74
4854 62
4855 57
4856 55
4857 55
4858 70
4859 81
4860 84
4861 96
4862 90
4863 79
4864 72
4865 71
4866 65
4867 62
4868 55
4869 54
4870 77
4871 73
4872 75
4873 59
4874 75
4875 95
4876 114
4877 111
4878 125
4879 108
4880 100
4881 104
4882 113
4883 125
4884 117
4885 116
4886 124
4887 115
4888 110
4889 129
4890 125
4891 124
4892 118
4893 105
4894 108
4895 91
4896 85
4897 82
4898 86
4899 83
4900 87
4901 79
4902 90
4903 90
4904 96
4905 102
4906 115
4907 122
4908 114
4909 132
4910 137
4911 148
4912 155
4913 141
4914 133
4915 128
4916 142
4917 132
4918 139
4919 155
4920 146
4921 151
4922 151
4923 156
4924 149
4925 157
4926 146
4927 131
4928 134
4929 135
4930 140
4931 150
4932 167
4933 162
4934 172
4935 186
4936 174
4937 170
4938 139
4939 132
4940 125
4941 128
4942 115
4943 109
4944 94
4945 95
4946 102
4947 108
4948 89
4949 101
4950 105
4951 105
4952 98
4953 105
4954 98
4955 118
4956 106
4957 99
4958 114
4959 106
4960 111
4961 118
4962 110
4963 102
4964 94
4965 96
4966 103
4967 95
4968 94
4969 106
4970 116
4971 122
4972 126
4973 115
4974 123
4975 126
4976 128
4977 125
4978 131
4979 123
4980 129
4981 133
4982 112
4983 104
4984 111
4985 127
4986 114
4987 108
4988 111
4989 104
4990 112
4991 108
4992 111
4993 116
4994 135
4995 146
4996 136
4997 150
4998 153
4999 145
5000 134
5001 133
5002 142
5003 129
5004 143
5005 145
5006 171
5007 165
5008 157
5009 160
5010 144
5011 146
5012 153
5013 134
5014 141
5015 136
5016 157
5017 154
5018 162
5019 146
5020 129
5021 135
5022 140
5023 144
5024 137
5025 176
5026 173
5027 186
5028 176
5029 170
5030 151
5031 128
5032 131
5033 123
5034 128
5035 123
5036 104
5037 113
5038 120
5039 118
5040 124
5041 140
5042 157
5043 171
5044 190
5045 206
5046 212
5047 204
5048 221
5049 231
5050 242
5051 253
5052 268
5053 272
5054 292
5055 293
5056 297
5057 329
5058 334
5059 348
5060 324
5061 327
5062 355
5063 362
5064 335
5065 312
5066 309
5067 295
5068 282
5069 274
5070 250
5071 252
5072 244
5073 234
5074 250
5075 266
5076 268
5077 271
5078 252
5079 243
5080 253
5081 284
5082 286
5083 271
5084 282
5085 276
5086 238
5087 240
5088 272
5089 261
5090 261
5091 259
5092 266
5093 280
5094 284
5095 299
5096 299
5097 293
5098 282
5099 274
5100 284
5101 297
5102 299
5103 307
5104 296
5105 275
5106 274
5107 311
5108 319
5109 340
5110 369
5111 362
5112 362
5113 364
5114 358
5115 330
5116 333
5117 315
5118 319
5119 314
5120 310
5121 316
5122 331
5123 377
5124 341
5125 366
5126 403
5127 375
5128 385
5129 370
5130 366
5131 380
5132 413
5133 400
5134 372
5135 389
5136 387
5137 355
5138 310
5139 320
5140 345
5141 342
5142 359
5143 372
5144 373
5145 370
5146 359
5147 381
5148 414
5149 427
5150 432
5151 428
5152 437
5153 433
5154 456
5155 465
5156 456
5157 454
5158 439
5159 453
5160 481
5161 453
5162 440
5163 453
5164 471
5165 507
5166 502
5167 526
5168 541
5169 567
5170 578
5171 565
5172 535
5173 525
5174 538
5175 539
5176 534
5177 513
5178 493
5179 535
5180 506
5181 474
5182 493
5183 491
5184 488
5185 455
5186 465
5187 485
5188 489
5189 513
5190 543
5191 554
5192 578
5193 564
5194 555
5195 584
5196 613
5197 595
5198 590
5199 574
5200 574
5201 584
5202 591
5203 584
5204 579
5205 611
5206 639
5207 618
5208 632
5209 666
5210 652
5211 647
5212 693
5213 702
5214 667
5215 660
5216 639
5217 639
5218 611
5219 576
5220 565
5221 518
5222 521
5223 521
5224 461
5225 446
5226 436
5227 429
5228 460
5229 432
5230 418
5231 380
5232 407
5233 375
5234 372
5235 367
5236 382
5237 399
5238 407
5239 443
5240 458
5241 487
5242 465
5243 501
5244 514
5245 516
5246 525
5247 561
5248 552
5249 590
5250 603
5251 569
5252 571
5253 606
5254 606
5255 587
5256 590
5257 597
5258 607
5259 618
5260 629
5261 653
5262 637
5263 645
5264 618
5265 579
5266 587
5267 578
5268 559
5269 563
5270 600
5271 592
5272 576
5273 581
5274 572
5275 547
5276 560
5277 596
5278 614
5279 630
5280 681
5281 715
5282 718
5283 751
5284 706
5285 685
5286 715
5287 754
5288 754
5289 786
5290 782
5291 808
5292 722
5293 742
5294 700
5295 719
5296 700
5297 697
5298 661
5299 672
5300 653
5301 627
5302 677
5303 655
5304 659
5305 668
5306 719
5307 733
5308 717
5309 726
5310 720
5311 742
5312 703
5313 704
5314 711
5315 719
5316 712
5317 729
5318 752
5319 766
5320 769
5321 807
5322 818
5323 849
5324 873
5325 834
5326 858
5327 839
5328 848
5329 848
5330 816
5331 802
5332 747
5333 786
5334 748
5335 699
5336 683
5337 705
5338 723
5339 740
5340 734
5341 742
5342 743
5343 742
5344 749
5345 749
5346 733
5347 735
5348 713
5349 741
5350 759
5351 736
5352 698
5353 770
5354 750
5355 737
5356 751
5357 744
5358 730
5359 721
5360 715
5361 719
5362 719
5363 724
5364 798
5365 812
5366 794
5367 782
5368 783
5369 832
5370 819
5371 804
5372 842
5373 831
5374 859
5375 876
5376 938
5377 963
5378 989
5379 974
5380 906
5381 920
5382 949
5383 983
5384 1000
5385 1038
5386 1002
5387 984
5388 995
5389 992
5390 1044
5391 1065
5392 1022
5393 1035
5394 1029
5395 1054
5396 1030
5397 1062
5398 1114
5399 1149
5400 1194
5401 1206
5402 1234
5403 1229
5404 1171
5405 1119
5406 1146
5407 1155
5408 1187
5409 1154
5410 1119
5411 1121
5412 1104
5413 1061
5414 1036
5415 967
5416 926
5417 939
5418 999
5419 1008
5420 1026
5421 1034
5422 1013
5423 1028
5424 970
5425 980
5426 961
5427 954
5428 957
5429 909
5430 895
5431 887
5432 834
5433 869
5434 883
5435 914
5436 917
5437 980
5438 950
5439 908
5440 910
5441 936
5442 946
5443 965
5444 964
5445 979
5446 975
5447 934
5448 1008
5449 984
5450 988
5451 977
5452 987
5453 988
5454 1035
5455 1028
5456 1035
5457 1063
5458 1094
5459 1104
5460 1147
5461 1139
5462 1141
5463 1149
5464 1142
5465 1170
5466 1219
5467 1181
5468 1154
5469 1180
5470 1197
5471 1178
5472 1081
5473 1126
5474 1131
5475 1135
5476 1079
5477 1030
5478 1009
5479 1008
5480 1011
5481 980
5482 988
5483 994
5484 991
5485 1062
5486 1071
5487 1160
5488 1202
5489 1170
5490 1164
5491 1166
5492 1161
5493 1207
5494 1236
5495 1259
5496 1275
5497 1233
5498 1223
5499 1254
5500 1268
5501 1241
5502 1244
5503 1265
5504 1250
5505 1273
5506 1302
5507 1335
5508 1270
5509 1320
5510 1288
5511 1332
5512 1341
5513 1296
5514 1281
5515 1275
5516 1289
5517 1311
5518 1269
5519 1330
5520 1333
5521 1320
5522 1287
5523 1252
5524 1285
5525 1252
5526 1308
5527 1312
5528 1329
5529 1345
5530 1251
5531 1214
5532 1239
5533 1289
5534 1308
5535 1333
5536 1338
5537 1407
5538 1437
5539 1480
5540 1469
5541 1427
5542 1389
5543 1372
5544 1386
5545 1472
5546 1532
5547 1558
5548 1601
5549 1585
5550 1618
5551 1621
5552 1605
5553 1617
5554 1628
5555 1631
5556 1628
5557 1574
5558 1597
5559 1637
5560 1676
5561 1637
5562 1631
5563 1642
5564 1641
5565 1669
5566 1661
5567 1674
5568 1664
5569 1614
5570 1558
5571 1599
5572 1570
5573 1594
5574 1560
5575 1543
5576 1574
5577 1604
5578 1583
5579 1635
5580 1607
5581 1641
5582 1630
5583 1658
5584 1662
5585 1736
5586 1762
5587 1755
5588 1751
5589 1739
5590 1734
5591 1729
5592 1673
5593 1591
5594 1590
5595 1495
5596 1478
5597 1500
5598 1457
5599 1470
5600 1381
5601 1372
5602 1311
5603 1297
5604 1269
5605 1278
5606 1288
5607 1348
5608 1372
5609 1390
5610 1403
5611 1405
5612 1420
5613 1519
5614 1526
5615 1553
5616 1661
5617 1632
5618 1632
5619 1613
5620 1708
5621 1664
5622 1591
5623 1616
5624 1597
5625 1660
5626 1678
5627 1664
5628 1679
5629 1584
5630 1557
5631 1576
5632 1525
5633 1516
5634 1498
5635 1541
5636 1560
5637 1556
5638 1554
5639 1561
5640 1556
5641 1596
5642 1570
5643 1623
5644 1671
5645 1673
5646 1709
5647 1684
5648 1683
5649 1680
5650 1666
5651 1594
5652 1486
5653 1439
5654 1406
5655 1433
5656 1446
5657 1387
5658 1388
5659 1440
5660 1438
5661 1440
5662 1420
5663 1448
5664 1497
5665 1473
5666 1403
5667 1337
5668 1411
5669 1437
5670 1401
5671 1357
5672 1298
5673 1295
5674 1306
5675 1334
5676 1306
5677 1276
5678 1243
5679 1265
5680 1298
5681 1257
5682 1177
5683 1138
5684 1119
5685 1087
5686 1099
5687 1046
5688 1048
5689 998
5690 982
5691 976
5692 899
5693 864
5694 866
5695 850
5696 829
5697 813
5698 775
5699 789
5700 795
5701 806
5702 822
5703 845
5704 857
5705 859
5706 882
5707 880
5708 910
5709 906
5710 868
5711 892
5712 908
5713 923
5714 870
5715 838
5716 818
5717 776
5718 780
5719 815
5720 791
5721 810
5722 787
5723 813
5724 795
5725 766
5726 759
5727 769
5728 766
5729 747
5730 733
5731 751
5732 808
5733 789
5734 782
5735 785
5736 743
5737 751
5738 782
5739 865
5740 844
5741 830
5742 806
5743 845
5744 836
5745 852
5746 832
5747 807
5748 791
5749 769
5750 785
5751 782
5752 737
5753 781
5754 809
5755 819
5756 824
5757 769
5758 762
5759 784
5760 804
5761 780
5762 805
5763 878
5764 860
5765 843
5766 855
5767 860
5768 845
5769 836
5770 828
5771 826
5772 795
5773 752
5774 808
5775 784
5776 783
5777 792
5778 793
5779 772
5780 809
5781 815
5782 823
5783 838
5784 804
5785 808
5786 836
5787 835
5788 861
5789 889
5790 871
5791 836
5792 846
5793 871
5794 909
5795 942
5796 946
5797 905
5798 893
5799 903
5800 892
5801 922
5802 907
5803 940
5804 887
5805 883
5806 897
5807 924
5808 933
5809 884
5810 842
5811 866
5812 835
5813 877
5814 905
5815 920
5816 910
5817 909
5818 919
5819 899
5820 910
5821 933
5822 963
5823 913
5824 910
5825 898
5826 894
5827 934
5828 965
5829 960
5830 908
5831 960
5832 935
5833 951
5834 938
5835 931
5836 904
5837 946
5838 913
5839 930
5840 868
5841 922
5842 912
5843 866
5844 882
5845 904
5846 896
5847 848
5848 876
5849 885
5850 958
5851 955
5852 965
5853 963
5854 945
5855 943
5856 924
5857 882
5858 853
5859 911
5860 941
5861 949
5862 987
5863 964
5864 964
5865 982
5866 990
5867 971
5868 919
5869 958
5870 950
5871 931
5872 1019
5873 1087
5874 1118
5875 1124
5876 1185
5877 1218
5878 1269
5879 1276
5880 1270
5881 1277
5882 1266
5883 1294
5884 1264
5885 1345
5886 1357
5887 1388
5888 1431
5889 1426
5890 1460
5891 1506
5892 1475
5893 1492
5894 1489
5895 1447
5896 1469
5897 1408
5898 1427
5899 1414
5900 1437
5901 1453
5902 1452
5903 1451
5904 1455
5905 1471
5906 1389
5907 1338
5908 1322
5909 1311
5910 1250
5911 1280
5912 1285
5913 1303
5914 1344
5915 1385
5916 1368
5917 1377
5918 1362
5919 1396
5920 1389
5921 1418
5922 1493
5923 1458
5924 1494
5925 1527
5926 1574
5927 1574
5928 1631
5929 1688
5930 1656
5931 1675
5932 1645
5933 1576
5934 1503
5935 1466
5936 1378
5937 1444
5938 1490
5939 1501
5940 1524
5941 1598
5942 1629
5943 1655
5944 1701
5945 1699
5946 1713
5947 1794
5948 1717
5949 1729
5950 1722
5951 1724
5952 1733
5953 1751
5954 1726
5955 1753
5956 1790
5957 1799
5958 1764
5959 1744
5960 1771
5961 1793
5962 1777
5963 1770
5964 1746
5965 1697
5966 1728
5967 1787
5968 1819
5969 1857
5970 1795
5971 1729
5972 1769
5973 1791
5974 1892
5975 1853
5976 1882
5977 1931
5978 1943
5979 1963
5980 1960
5981 1943
5982 2023
5983 2083
5984 2129
5985 2147
5986 2161
5987 2177
5988 2144
5989 2142
5990 2102
5991 2111
5992 2100
5993 2132
5994 2141
5995 2158
5996 2212
5997 2189
5998 2330
5999 2265
6000 2311
6001 2276
6002 2266
6003 2235
6004 2149
6005 2210
6006 2260
6007 2172
6008 2203
6009 2174
6010 2138
6011 2216
6012 2210
6013 2180
6014 2190
6015 2178
6016 2165
6017 2173
6018 2176
6019 2220
6020 2255
6021 2247
6022 2259
6023 2317
6024 2284
6025 2233
6026 2276
6027 2324
6028 2246
6029 2263
6030 2322
6031 2325
6032 2265
6033 2216
6034 2217
6035 2243
6036 2210
6037 2090
6038 2098
6039 2082
6040 2078
6041 2064
6042 2011
6043 1944
6044 1928
6045 1944
6046 1961
6047 1950
6048 1959
6049 1933
6050 1903
6051 1878
6052 1945
6053 2006
6054 2069
6055 2102
6056 2099
6057 2188
6058 2169
6059 2150
6060 2065
6061 1952
6062 1935
6063 1979
6064 2028
6065 2055
6066 2102
6067 2066
6068 2078
6069 2087
6070 2059
6071 2116
6072 2122
6073 2103
6074 2110
6075 2133
6076 2090
6077 2092
6078 2173
6079 2114
6080 2045
6081 2005
6082 1942
6083 1919
6084 1898
6085 1988
6086 2018
6087 1975
6088 1970
6089 1967
6090 1957
6091 1912
6092 1942
6093 2023
6094 2024
6095 2047
6096 2077
6097 2131
6098 2200
6099 2142
6100 2157
6101 2117
6102 2197
6103 2248
6104 2340
6105 2358
6106 2353
6107 2351
6108 2381
6109 2350
6110 2321
6111 2328
6112 2425
6113 2413
6114 2425
6115 2393
6116 2447
6117 2522
6118 2534
6119 2579
6120 2553
6121 2523
6122 2626
6123 2607
6124 2606
6125 2574
6126 2628
6127 2660
6128 2687
6129 2754
6130 2828
6131 2882
6132 2823
6133 2789
6134 2744
6135 2764
6136 2734
6137 2708
6138 2714
6139 2749
6140 2659
6141 2614
6142 2510
6143 2519
6144 2436
6145 2412
6146 2479
6147 2468
6148 2469
6149 2496
6150 2411
6151 2489
6152 2586
6153 2543
6154 2561
6155 2567
6156 2558
6157 2551
6158 2620
6159 2615
6160 2569
6161 2562
6162 2576
6163 2534
6164 2575
6165 2557
6166 2651
6167 2626
6168 2589
6169 2651
6170 2691
6171 2689
6172 2686
6173 2609
6174 2587
6175 2600
6176 2603
6177 2483
6178 2402
6179 2453
6180 2475
6181 2490
6182 2562
6183 2588
6184 2619
6185 2600
6186 2591
6187 2640
6188 2658
6189 2596
6190 2554
6191 2561
6192 2568
6193 2527
6194 2487
6195 2471
6196 2499
6197 2489
6198 2565
6199 2597
6200 2528
6201 2465
6202 2437
6203 2397
6204 2437
6205 2350
6206 2389
6207 2442
6208 2442
6209 2362
6210 2328
6211 2302
6212 2271
6213 2311
6214 2325
6215 2253
6216 2194
6217 2139
6218 2175
6219 2153
6220 2189
6221 2080
6222 2134
6223 2076
6224 2038
6225 2088
6226 2188
6227 2103
6228 2145
6229 2090
6230 2016
6231 1990
6232 1999
6233 1951
6234 1939
6235 1961
6236 1963
6237 1973
6238 1962
6239 1901
6240 1909
6241 1896
6242 1837
6243 1899
6244 1927
6245 1971
6246 1950
6247 1941
6248 1909
6249 1944
6250 1962
6251 1902
6252 1886
6253 1873
6254 1893
6255 1908
6256 1871
6257 1905
6258 1889
6259 1903
6260 1906
6261 1926
6262 1838
6263 1850
6264 1800
6265 1813
6266 1807
6267 1770
6268 1745
6269 1787
6270 1677
6271 1624
6272 1585
6273 1573
6274 1636
6275 1658
6276 1655
6277 1681
6278 1615
6279 1582
6280 1568
6281 1691
6282 1686
6283 1621
6284 1649
6285 1638
6286 1677
6287 1702
6288 1714
6289 1698
6290 1729
6291 1708
6292 1786
6293 1767
6294 1776
6295 1769
6296 1717
6297 1735
6298 1780
6299 1790
6300 1762
6301 1794
6302 1746
6303 1743
6304 1688
6305 1663
6306 1622
6307 1550
6308 1503
6309 1533
6310 1564
6311 1592
6312 1565
6313 1595
6314 1610
6315 1618
6316 1699
6317 1739
6318 1755
6319 1771
6320 1734
6321 1724
6322 1741
6323 1797
6324 1833
6325 1826
6326 1807
6327 1854
6328 1872
6329 1847
6330 1857
6331 1835
6332 1797
6333 1833
6334 1869
6335 1797
6336 1709
6337 1684
6338 1690
6339 1678
6340 1660
6341 1704
6342 1718
6343 1680
6344 1664
6345 1717
6346 1686
6347 1652
6348 1611
6349 1592
6350 1640
6351 1616
6352 1547
6353 1573
6354 1647
6355 1627
6356 1598
6357 1628
6358 1596
6359 1644
6360 1652
6361 1636
6362 1627
6363 1599
6364 1630
6365 1606
6366 1631
6367 1613
6368 1624
6369 1585
6370 1621
6371 1699
6372 1714
6373 1727
6374 1688
6375 1710
6376 1680
6377 1670
6378 1674
6379 1648
6380 1692
6381 1649
6382 1653
6383 1656
6384 1687
6385 1718
6386 1756
6387 1756
6388 1715
6389 1710
6390 1706
6391 1675
6392 1710
6393 1706
6394 1736
6395 1718
6396 1692
6397 1687
6398 1688
6399 1691
6400 1678
6401 1637
6402 1718
6403 1735
6404 1785
6405 1803
6406 1815
6407 1840
6408 1811
6409 1837
6410 1858
6411 1844
6412 1829
6413 1829
6414 1832
6415 1747
6416 1746
6417 1800
6418 1715
6419 1759
6420 1747
6421 1757
6422 1781
6423 1836
6424 1946
6425 1906
6426 1924
6427 1867
6428 1868
6429 1909
6430 1889
6431 1988
6432 2003
6433 1953
6434 1901
6435 1858
6436 1914
6437 1866
6438 1853
6439 1825
6440 1773
6441 1851
6442 1852
6443 1870
6444 1846
6445 1881
6446 1933
6447 1886
6448 1907
6449 1925
6450 1841
6451 1811
6452 1759
6453 1703
6454 1741
6455 1731
6456 1686
6457 1724
6458 1749
6459 1733
6460 1757
6461 1809
6462 1819
6463 1858
6464 1862
6465 1895
6466 1848
6467 1805
6468 1824
6469 1814
6470 1813
6471 1828
6472 1926
6473 1962
6474 1935
6475 1946
6476 1944
6477 1984
6478 2032
6479 2054
6480 2069
6481 2065
6482 2070
6483 2105
6484 2095
6485 2156
6486 2207
6487 2134
6488 2141
6489 2234
6490 2185
6491 2218
6492 2238
6493 2328
6494 2355
6495 2369
6496 2313
6497 2297
6498 2325
6499 2271
6500 2243
6501 2091
6502 2008
6503 1957
6504 1998
6505 1996
6506 1966
6507 1943
6508 1886
6509 1843
6510 1837
6511 1838
6512 1820
6513 1762
6514 1781
6515 1769
6516 1745
6517 1770
6518 1669
6519 1648
6520 1661
6521 1715
6522 1752
6523 1729
6524 1664
6525 1680
6526 1675
6527 1676
6528 1763
6529 1755
6530 1725
6531 1723
6532 1756
6533 1783
6534 1795
6535 1769
6536 1737
6537 1746
6538 1758
6539 1749
6540 1780
6541 1834
6542 1802
6543 1854
6544 1850
6545 1820
6546 1823
6547 1695
6548 1720
6549 1678
6550 1709
6551 1705
6552 1682
6553 1643
6554 1719
6555 1762
6556 1719
6557 1778
6558 1770
6559 1793
6560 1736
6561 1656
6562 1615
6563 1546
6564 1478
6565 1450
6566 1354
6567 1319
6568 1315
6569 1357
6570 1380
6571 1377
6572 1454
6573 1524
6574 1535
6575 1560
6576 1599
6577 1597
6578 1580
6579 1534
6580 1550
6581 1526
6582 1510
6583 1468
6584 1521
6585 1591
6586 1634
6587 1621
6588 1567
6589 1572
6590 1558
6591 1543
6592 1534
6593 1556
6594 1570
6595 1595
6596 1550
6597 1567
6598 1553
6599 1524
6600 1540
6601 1569
6602 1553
6603 1481
6604 1529
6605 1485
6606 1521
6607 1545
6608 1502
6609 1507
6610 1567
6611 1630
6612 1633
6613 1623
6614 1675
6615 1728
6616 1677
6617 1661
6618 1673
6619 1646
6620 1677
6621 1688
6622 1690
6623 1679
6624 1690
6625 1739
6626 1786
6627 1787
6628 1813
6629 1815
6630 1824
6631 1849
6632 1940
6633 2010
6634 2011
6635 1989
6636 2002
6637 1927
6638 2003
6639 2016
6640 2056
6641 2013
6642 2036
6643 2036
6644 2081
6645 2018
6646 2093
6647 2037
6648 2049
6649 2024
6650 2001
6651 1967
6652 1986
6653 1921
6654 1970
6655 1961
6656 1985
6657 1945
6658 1977
6659 1982
6660 2022
6661 2057
6662 2057
6663 1985
6664 2006
6665 1954
6666 1923
6667 1938
6668 1929
6669 1919
6670 1980
6671 1970
6672 2004
6673 2050
6674 2038
6675 1981
6676 1919
6677 1878
6678 1854
6679 1816
6680 1854
6681 1819
6682 1861
6683 1901
6684 1916
6685 1923
6686 1900
6687 1867
6688 1911
6689 1877
6690 1883
6691 1907
6692 1882
6693 1911
6694 1908
6695 1970
6696 1977
6697 2017
6698 2008
6699 1968
6700 1938
6701 1924
6702 1917
6703 1890
6704 1825
6705 1833
6706 1850
6707 1810
6708 1745
6709 1717
6710 1730
6711 1752
6712 1800
6713 1845
6714 1806
6715 1729
6716 1755
6717 1805
6718 1807
6719 1843
6720 1872
6721 1836
6722 1878
6723 1864
6724 1864
6725 1882
6726 1897
6727 1867
6728 1852
6729 1906
6730 1854
6731 1816
6732 1804
6733 1850
6734 1822
6735 1778
6736 1744
6737 1738
6738 1738
6739 1757
6740 1734
6741 1781
6742 1849
6743 1845
6744 1828
6745 1882
6746 1897
6747 1922
6748 1911
6749 1959
6750 1948
6751 1989
6752 2005
6753 2054
6754 2052
6755 2011
6756 1890
6757 1923
6758 2024
6759 2000
6760 1957
6761 1889
6762 1852
6763 1883
6764 1861
6765 1846
6766 1861
6767 1882
6768 1924
6769 1966
6770 1971
6771 2002
6772 2028
6773 2010
6774 1991
6775 1951
6776 2036
6777 2077
6778 2079
6779 2068
6780 2006
6781 1916
6782 1961
6783 1952
6784 1974
6785 2005
6786 1926
6787 1917
6788 1934
6789 1876
6790 1862
6791 1903
6792 1924
6793 1914
6794 1867
6795 1845
6796 1797
6797 1788
6798 1781
6799 1791
6800 1697
6801 1708
6802 1735
6803 1755
6804 1802
6805 1760
6806 1717
6807 1683
6808 1604
6809 1569
6810 1527
6811 1538
6812 1600
6813 1593
6814 1586
6815 1681
6816 1652
6817 1764
6818 1769
6819 1796
6820 1774
6821 1765
6822 1743
6823 1693
6824 1782
6825 1697
6826 1680
6827 1671
6828 1647
6829 1670
6830 1661
6831 1592
6832 1611
6833 1584
6834 1641
6835 1618
6836 1683
6837 1652
6838 1650
6839 1683
6840 1736
6841 1785
6842 1801
6843 1833
6844 1822
6845 1844
6846 1839
6847 1813
6848 1926
6849 1950
6850 1942
6851 1934
6852 1992
6853 2016
6854 2020
6855 2038
6856 2008
6857 2031
6858 2027
6859 1991
6860 2004
6861 2082
6862 2017
6863 2005
6864 2016
6865 1966
6866 2006
6867 1943
6868 1988
6869 1975
6870 2073
6871 2029
6872 2044
6873 2059
6874 2101
6875 2031
6876 2013
6877 2135
6878 2193
6879 2239
6880 2209
6881 2196
6882 2219
6883 2251
6884 2159
6885 2190
6886 2181
6887 2149
6888 2151
6889 2222
6890 2225
6891 2220
6892 2199
6893 2220
6894 2223
6895 2265
6896 2333
6897 2435
6898 2503
6899 2489
6900 2479
6901 2494
6902 2438
6903 2421
6904 2426
6905 2466
6906 2465
6907 2424
6908 2468
6909 2530
6910 2515
6911 2544
6912 2576
6913 2595
6914 2584
6915 2638
6916 2616
6917 2627
6918 2623
6919 2640
6920 2709
6921 2766
6922 2818
6923 2800
6924 2766
6925 2821
6926 2767
6927 2764
6928 2788
6929 2796
6930 2807
6931 2791
6932 2738
6933 2749
6934 2701
6935 2687
6936 2653
6937 2693
6938 2729
6939 2676
6940 2692
6941 2683
6942 2733
6943 2747
6944 2715
6945 2704
6946 2776
6947 2744
6948 2784
6949 2835
6950 2813
6951 2791
6952 2757
6953 2834
6954 2885
6955 2784
6956 2796
6957 2847
6958 2851
6959 2909
6960 2889
6961 2958
6962 2955
6963 2927
6964 2867
6965 2914
6966 2932
6967 2972
6968 3011
6969 3016
6970 3030
6971 3114
6972 3258
6973 3329
6974 3379
6975 3475
6976 3412
6977 3443
6978 3480
6979 3448
6980 3410
6981 3344
6982 3398
6983 3471
6984 3419
6985 3413
6986 3453
6987 3365
6988 3365
6989 3364
6990 3316
6991 3331
6992 3361
6993 3399
6994 3393
6995 3509
6996 3504
6997 3581
6998 3518
6999 3459
7000 3417
7001 3376
7002 3378
7003 3434
7004 3387
7005 3476
7006 3441
7007 3364
7008 3380
7009 3321
7010 3328
7011 3287
7012 3335
7013 3249
7014 3329
7015 3346
7016 3247
7017 3316
7018 3186
7019 3161
7020 3230
7021 3252
7022 3230
7023 3277
7024 3348
7025 3322
7026 3297
7027 3370
7028 3443
7029 3438
7030 3452
7031 3454
7032 3477
7033 3572
7034 3661
7035 3629
7036 3624
7037 3631
7038 3631
7039 3637
7040 3705
7041 3685
7042 3679
7043 3663
7044 3702
7045 3637
7046 3626
7047 3619
7048 3575
7049 3544
7050 3441
7051 3476
7052 3445
7053 3422
7054 3507
7055 3559
7056 3594
7057 3562
7058 3501
7059 3579
7060 3536
7061 3503
7062 3545
7063 3558
7064 3560
7065 3509
7066 3520
7067 3619
7068 3674
7069 3695
7070 3731
7071 3749
7072 3729
7073 3732
7074 3736
7075 3642
7076 3709
7077 3707
7078 3637
7079 3570
7080 3553
7081 3519
7082 3481
7083 3518
7084 3496
7085 3457
7086 3480
7087 3456
7088 3520
7089 3548
7090 3622
7091 3613
7092 3510
7093 3570
7094 3558
7095 3555
7096 3522
7097 3518
7098 3502
7099 3465
7100 3471
7101 3507
7102 3444
7103 3474
7104 3495
7105 3498
7106 3520
7107 3450
7108 3526
7109 3465
7110 3513
7111 3472
7112 3396
7113 3371
7114 3292
7115 3375
7116 3314
7117 3281
7118 3248
7119 3260
7120 3214
7121 3243
7122 3193
7123 3205
7124 3177
7125 3264
7126 3376
7127 3399
7128 3407
7129 3441
7130 3466
7131 3377
7132 3410
7133 3374
7134 3375
7135 3334
7136 3433
7137 3403
7138 3377
7139 3333
7140 3361
7141 3311
7142 3301
7143 3268
7144 3191
7145 3046
7146 3020
7147 3165
7148 3173
7149 3152
7150 3128
7151 3152
7152 3150
7153 3212
7154 3200
7155 3176
7156 3247
7157 3210
7158 3132
7159 3122
7160 3182
7161 3201
7162 3179
7163 3179
7164 3194
7165 3191
7166 3201
7167 3222
7168 3208
7169 3261
7170 3284
7171 3235
7172 3140
7173 3129
7174 3066
7175 3044
7176 3132
7177 3023
7178 3003
7179 2907
7180 2894
7181 2945
7182 2959
7183 3004
7184 2988
7185 3012
7186 3032
7187 3055
7188 2967
7189 2930
7190 2861
7191 2858
7192 2836
7193 2726
7194 2807
7195 2842
7196 2815
7197 2825
7198 2838
7199 2877
7200 2853
7201 2827
7202 2854
7203 2956
7204 2962
7205 3074
7206 3001
7207 3032
7208 3015
7209 2921
7210 2973
7211 2911
7212 2894
7213 2924
7214 2871
7215 2868
7216 2915
7217 2846
7218 2884
7219 2932
7220 2953
7221 2924
7222 2965
7223 2966
7224 2894
7225 2849
7226 2744
7227 2685
7228 2649
7229 2678
7230 2665
7231 2685
7232 2776
7233 2846
7234 2797
7235 2811
7236 2837
7237 2716
7238 2744
7239 2677
7240 2757
7241 2768
7242 2780
7243 2790
7244 2759
7245 2769
7246 2798
7247 2770
7248 2789
7249 2724
7250 2722
7251 2745
7252 2776
7253 2825
7254 2827
7255 2872
7256 2939
7257 2884
7258 2919
7259 2942
7260 2966
7261 2876
7262 2830
7263 2893
7264 2847
7265 2923
7266 2921
7267 2910
7268 2926
7269 2885
7270 2899
7271 2908
7272 2899
7273 2833
7274 2766
7275 2734
7276 2739
7277 2800
7278 2881
7279 2806
7280 2770
7281 2792
7282 2799
7283 2776
7284 2661
7285 2623
7286 2612
7287 2586
7288 2531
7289 2450
7290 2532
7291 2608
7292 2533
7293 2574
7294 2638
7295 2568
7296 2567
7297 2583
7298 2552
7299 2573
7300 2574
7301 2595
7302 2618
7303 2608
7304 2670
7305 2693
7306 2672
7307 2627
7308 2648
7309 2656
7310 2674
7311 2748
7312 2815
7313 2727
7314 2721
7315 2710
7316 2736
7317 2771
7318 2715
7319 2632
7320 2699
7321 2750
7322 2757
7323 2762
7324 2757
7325 2777
7326 2696
7327 2653
7328 2654
7329 2710
7330 2674
7331 2713
7332 2752
7333 2866
7334 2861
7335 2829
7336 2847
7337 2866
7338 2748
7339 2747
7340 2746
7341 2780
7342 2748
7343 2807
7344 2879
7345 2895
7346 2839
7347 2808
7348 2842
7349 2777
7350 2716
7351 2789
7352 2845
7353 2799
7354 2806
7355 2781
7356 2763
7357 2772
7358 2772
7359 2774
7360 2825
7361 2904
7362 2851
7363 2840
7364 2813
7365 2772
7366 2825
7367 2864
7368 2856
7369 2882
7370 2871
7371 2951
7372 3010
7373 3001
7374 3036
7375 3006
7376 3002
7377 3037
7378 3050
7379 3060
7380 3148
7381 3180
7382 3168
7383 3164
7384 3083
7385 3139
7386 3132
7387 3129
7388 3197
7389 3220
7390 3331
7391 3320
7392 3220
7393 3248
7394 3274
7395 3252
7396 3259
7397 3211
7398 3217
7399 3276
7400 3212
7401 3155
7402 3222
7403 3187
7404 3159
7405 3214
7406 3240
7407 3227
7408 3237
7409 3241
7410 3260
7411 3332
7412 3416
7413 3383
7414 3417
7415 3345
7416 3347
7417 3304
7418 3275
7419 3176
7420 3074
7421 3063
7422 3089
7423 3087
7424 3023
7425 3016
7426 2965
7427 2919
7428 2932
7429 2839
7430 2856
7431 2822
7432 2872
7433 2798
7434 2799
7435 2834
7436 2810
7437 2753
7438 2745
7439 2716
7440 2715
7441 2768
7442 2746
7443 2768
7444 2711
7445 2755
7446 2710
7447 2746
7448 2808
7449 2826
7450 2827
7451 2830
7452 2863
7453 2834
7454 2745
7455 2741
7456 2712
7457 2711
7458 2638
7459 2572
7460 2579
7461 2560
7462 2466
7463 2374
7464 2310
7465 2258
7466 2216
7467 2270
7468 2312
7469 2321
7470 2263
7471 2183
7472 2268
7473 2284
7474 2332
7475 2334
7476 2317
7477 2296
7478 2296
7479 2277
7480 2302
7481 2261
7482 2305
7483 2352
7484 2341
7485 2313
7486 2396
7487 2429
7488 2368
7489 2333
7490 2281
7491 2283
7492 2274
7493 2336
7494 2371
7495 2380
7496 2361
7497 2330
7498 2332
7499 2359
7500 2364
7501 2321
7502 2308
7503 2319
7504 2349
7505 2390
7506 2355
7507 2321
7508 2359
7509 2362
7510 2369
7511 2392
7512 2360
7513 2375
7514 2453
7515 2425
7516 2385
7517 2296
7518 2231
7519 2190
7520 2204
7521 2118
7522 2100
7523 2072
7524 2096
7525 2059
7526 1984
7527 2013
7528 1999
7529 1923
7530 1942
7531 1934
7532 1972
7533 1970
7534 1947
7535 2059
7536 2099
7537 2135
7538 2091
7539 2010
7540 2043
7541 2093
7542 2120
7543 2133
7544 2084
7545 1988
7546 2053
7547 2010
7548 1999
7549 2002
7550 2063
7551 2085
7552 2060
7553 2073
7554 2106
7555 2059
7556 2053
7557 2032
7558 2093
7559 2113
7560 2161
7561 2187
7562 2223
7563 2202
7564 2169
7565 2129
7566 2191
7567 2213
7568 2258
7569 2252
7570 2325
7571 2345
7572 2365
7573 2358
7574 2376
7575 2480
7576 2452
7577 2447
7578 2404
7579 2355
7580 2351
7581 2247
7582 2266
7583 2203
7584 2232
7585 2248
7586 2334
7587 2238
7588 2297
7589 2265
7590 2282
7591 2328
7592 2333
7593 2312
7594 2303
7595 2332
7596 2328
7597 2338
7598 2280
7599 2280
7600 2291
7601 2210
7602 2165
7603 2159
7604 2173
7605 2199
7606 2224
7607 2196
7608 2224
7609 2198
7610 2149
7611 2150
7612 2093
7613 2056
7614 2125
7615 2152
7616 2126
7617 2095
7618 2108
7619 2143
7620 2122
7621 2108
7622 2078
7623 2096
7624 2101
7625 2104
7626 2159
7627 2113
7628 2148
7629 2198
7630 2276
7631 2186
7632 2166
7633 2217
7634 2210
7635 2176
7636 2125
7637 2162
7638 2175
7639 2207
7640 2223
7641 2230
7642 2240
7643 2226
7644 2220
7645 2209
7646 2241
7647 2215
7648 2182
7649 2140
7650 2201
7651 2260
7652 2261
7653 2294
7654 2387
7655 2448
7656 2427
7657 2479
7658 2544
7659 2475
7660 2439
7661 2445
7662 2535
7663 2579
7664 2594
7665 2574
7666 2634
7667 2715
7668 2707
7669 2767
7670 2753
7671 2692
7672 2658
7673 2608
7674 2593
7675 2523
7676 2490
7677 2515
7678 2559
7679 2470
7680 2416
7681 2388
7682 2411
7683 2449
7684 2440
7685 2485
7686 2482
7687 2485
7688 2492
7689 2509
7690 2462
7691 2455
7692 2504
7693 2498
7694 2520
7695 2573
7696 2576
7697 2605
7698 2606
7699 2624
7700 2622
7701 2578
7702 2481
7703 2426
7704 2467
7705 2480
7706 2528
7707 2534
7708 2536
7709 2591
7710 2597
7711 2604
7712 2624
7713 2624
7714 2580
7715 2567
7716 2541
7717 2576
7718 2619
7719 2621
7720 2555
7721 2535
7722 2453
7723 2471
7724 2428
7725 2502
7726 2443
7727 2402
7728 2463
7729 2454
7730 2389
7731 2340
7732 2343
7733 2382
7734 2470
7735 2368
7736 2394
7737 2387
7738 2358
7739 2331
7740 2313
7741 2197
7742 2110
7743 2101
7744 2098
7745 2131
7746 2174
7747 2295
7748 2345
7749 2369
7750 2382
7751 2465
7752 2498
7753 2491
7754 2546
7755 2631
7756 2620
7757 2606
7758 2518
7759 2486
7760 2424
7761 2381
7762 2340
7763 2320
7764 2343
7765 2428
7766 2430
7767 2363
7768 2457
7769 2524
7770 2555
7771 2625
7772 2730
7773 2737
7774 2709
7775 2834
7776 2859
7777 2901
7778 2817
7779 2777
7780 2774
7781 2702
7782 2684
7783 2600
7784 2674
7785 2641
7786 2696
7787 2660
7788 2668
7789 2688
7790 2659
7791 2575
7792 2617
7793 2546
7794 2562
7795 2634
7796 2785
7797 2841
7798 2861
7799 2812
7800 2851
7801 2910
7802 3010
7803 2993
7804 2904
7805 2793
7806 2745
7807 2696
7808 2727
7809 2698
7810 2717
7811 2850
7812 2873
7813 2935
7814 2934
7815 2861
7816 2837
7817 2898
7818 2820
7819 2799
7820 2738
7821 2600
7822 2513
7823 2498
7824 2519
7825 2539
7826 2406
7827 2473
7828 2485
7829 2425
7830 2456
7831 2466
7832 2588
7833 2569
7834 2599
7835 2520
7836 2439
7837 2401
7838 2441
7839 2448
7840 2554
7841 2608
7842 2526
7843 2485
7844 2469
7845 2459
7846 2395
7847 2332
7848 2367
7849 2429
7850 2370
7851 2260
7852 2229
7853 2208
7854 2157
7855 2196
7856 2172
7857 2168
7858 2156
7859 2179
7860 2196
7861 2195
7862 2277
7863 2192
7864 2216
7865 2217
7866 2327
7867 2413
7868 2442
7869 2388
7870 2365
7871 2286
7872 2252
7873 2258
7874 2286
7875 2261
7876 2329
7877 2346
7878 2320
7879 2434
7880 2548
7881 2441
7882 2396
7883 2397
7884 2414
7885 2449
7886 2603
7887 2679
7888 2717
7889 2763
7890 2709
7891 2679
7892 2647
7893 2683
7894 2646
7895 2601
7896 2690
7897 2614
7898 2657
7899 2599
7900 2554
7901 2547
7902 2565
7903 2588
7904 2533
7905 2463
7906 2485
7907 2504
7908 2543
7909 2601
7910 2556
7911 2484
7912 2393
7913 2434
7914 2439
7915 2579
7916 2466
7917 2470
7918 2577
7919 2645
7920 2629
7921 2613
7922 2672
7923 2686
7924 2619
7925 2623
7926 2643
7927 2643
7928 2648
7929 2751
7930 2782
7931 2888
7932 2834
7933 2827
7934 2950
7935 2907
7936 2988
7937 2931
7938 2874
7939 2831
7940 2832
7941 2876
7942 2812
7943 2927
7944 2767
7945 2799
7946 2754
7947 2742
7948 2778
7949 2858
7950 2973
7951 3024
7952 3077
7953 3052
7954 2949
7955 2948
7956 2952
7957 2930
7958 2909
7959 2871
7960 2930
7961 3035
7962 2964
7963 3049
7964 3096
7965 3099
7966 3039
7967 3001
7968 2950
7969 2995
7970 3025
7971 3029
7972 3139
7973 3159
7974 3091
7975 3076
7976 2999
7977 3037
7978 2994
7979 3081
7980 3008
7981 2911
7982 2908
7983 2917
7984 3000
7985 2957
7986 2953
7987 3041
7988 3082
7989 2988
7990 2920
7991 2961
7992 2943
7993 2908
7994 2963
7995 2982
7996 3043
7997 2961
7998 2895
7999 2976
8000 2928
8001 2969
8002 2993
8003 3011
8004 2928
8005 2876
8006 2862
8007 2842
8008 2960
8009 2963
8010 3001
8011 3081
8012 3115
8013 2970
8014 3002
8015 3039
8016 3053
8017 3082
8018 3140
8019 3121
8020 3059
8021 3049
8022 3018
8023 2952
8024 2855
8025 2763
8026 2623
8027 2734
8028 2736
8029 2805
8030 2870
8031 2808
8032 2775
8033 2744
8034 2760
8035 2759
8036 2764
8037 2786
8038 2794
8039 2836
8040 2835
8041 2816
8042 2812
8043 2815
8044 2793
8045 2783
8046 2802
8047 2702
8048 2762
8049 2775
8050 2772
8051 2669
8052 2594
8053 2521
8054 2530
8055 2579
8056 2505
8057 2490
8058 2442
8059 2471
8060 2517
8061 2535
8062 2559
8063 2469
8064 2519
8065 2472
8066 2489
8067 2486
8068 2473
8069 2430
8070 2404
8071 2382
8072 2371
8073 2350
8074 2406
8075 2485
8076 2515
8077 2535
8078 2577
8079 2487
8080 2417
8081 2371
8082 2358
8083 2340
8084 2238
8085 2197
8086 2141
8087 2163
8088 2166
8089 2215
8090 2247
8091 2194
8092 2246
8093 2276
8094 2235
8095 2137
8096 2136
8097 2167
8098 2220
8099 2187
8100 2137
8101 2124
8102 2148
8103 2174
8104 2111
8105 2136
8106 2176
8107 2111
8108 2067
8109 2057
8110 2022
8111 1973
8112 1971
8113 1943
8114 1998
8115 1991
8116 2004
8117 1971
8118 1982
8119 1953
8120 1996
8121 2061
8122 2030
8123 2086
8124 2102
8125 2174
8126 2239
8127 2236
8128 2295
8129 2279
8130 2324
8131 2347
8132 2333
8133 2387
8134 2361
8135 2302
8136 2305
8137 2241
8138 2190
8139 2277
8140 2223
8141 2128
8142 2142
8143 2133
8144 2171
8145 2097
8146 2065
8147 2045
8148 2033
8149 2093
8150 2124
8151 2079
8152 2066
8153 1995
8154 1930
8155 1926
8156 1955
8157 1941
8158 1885
8159 1935
8160 1937
8161 1936
8162 2025
8163 1967
8164 1938
8165 1896
8166 1868
8167 1859
8168 1840
8169 1891
8170 1854
8171 1830
8172 1768
8173 1829
8174 1856
8175 1823
8176 1916
8177 1912
8178 1923
8179 1936
8180 2017
8181 2040
8182 2042
8183 2023
8184 2005
8185 1936
8186 1941
8187 1899
8188 1870
8189 1861
8190 1782
8191 1808
8192 1843
8193 1888
8194 1883
8195 1837
8196 1825
8197 1885
8198 1866
8199 1899
8200 1950
8201 1928
8202 1958
8203 1978
8204 1910
8205 1913
8206 1987
8207 2047
8208 2040
8209 1949
8210 1934
8211 1899
8212 1908
8213 1853
8214 1909
8215 1807
8216 1827
8217 1809
8218 1866
8219 1832
8220 1802
8221 1805
8222 1901
8223 1945
8224 1949
8225 1874
8226 1825
8227 1822
8228 1752
8229 1767
8230 1753
8231 1779
8232 1835
8233 1786
8234 1703
8235 1789
8236 1756
8237 1840
8238 1894
8239 1953
8240 1937
8241 1933
8242 1935
8243 1892
8244 1937
8245 1906
8246 1955
8247 1969
8248 1973
8249 2013
8250 2029
8251 2101
8252 2105
8253 2104
8254 2110
8255 2138
8256 2124
8257 2112
8258 2097
8259 2027
8260 1986
8261 1946
8262 1962
8263 2053
8264 1978
8265 2014
8266 2049
8267 2040
8268 2115
8269 2126
8270 2121
8271 2151
8272 2246
8273 2217
8274 2231
8275 2285
8276 2302
8277 2323
8278 2272
8279 2280
8280 2271
8281 2206
8282 2170
8283 2144
8284 2049
8285 2057
8286 2089
8287 2192
8288 2263
8289 2207
8290 2289
8291 2355
8292 2361
8293 2332
8294 2314
8295 2244
8296 2185
8297 2202
8298 2300
8299 2333
8300 2342
8301 2319
8302 2258
8303 2339
8304 2260
8305 2309
8306 2283
8307 2274
8308 2234
8309 2261
8310 2236
8311 2303
8312 2254
8313 2164
8314 2215
8315 2192
8316 2181
8317 2188
8318 2230
8319 2185
8320 2149
8321 2190
8322 2109
8323 2116
8324 2144
8325 2069
8326 2078
8327 2116
8328 2082
8329 2112
8330 2100
8331 2096
8332 2179
8333 2164
8334 2132
8335 2122
8336 2187
8337 2139
8338 2063
8339 2078
8340 2124
8341 2019
8342 2000
8343 2013
8344 2020
8345 2028
8346 1897
8347 2035
8348 2034
8349 2015
8350 2062
8351 2080
8352 2193
8353 2224
8354 2281
8355 2220
8356 2162
8357 2170
8358 2215
8359 2278
8360 2351
8361 2329
8362 2320
8363 2225
8364 2238
8365 2254
8366 2243
8367 2192
8368 2211
8369 2155
8370 2123
8371 2223
8372 2222
8373 2193
8374 2195
8375 2306
8376 2303
8377 2302
8378 2338
8379 2311
8380 2397
8381 2330
8382 2312
8383 2361
8384 2364
8385 2379
8386 2328
8387 2319
8388 2258
8389 2318
8390 2278
8391 2231
8392 2140
8393 2155
8394 2159
8395 2109
8396 2182
8397 2088
8398 2108
8399 2085
8400 2052
8401 2040
8402 1998
8403 1962
8404 1947
8405 1970
8406 1930
8407 1954
8408 1975
8409 1950
8410 1947
8411 1953
8412 1968
8413 1961
8414 2017
8415 1995
8416 1926
8417 1915
8418 1971
8419 2013
8420 2025
8421 1889
8422 1855
8423 1879
8424 1938
8425 1925
8426 1893
8427 1810
8428 1778
8429 1848
8430 1899
8431 1846
8432 1851
8433 1843
8434 1913
8435 1937
8436 1938
8437 1952
8438 1961
8439 2016
8440 1967
8441 1852
8442 1812
8443 1780
8444 1829
8445 1831
8446 1783
8447 1809
8448 1776
8449 1811
8450 1808
8451 1887
8452 1901
8453 1920
8454 1946
8455 1914
8456 1929
8457 1936
8458 1923
8459 1946
8460 1959
8461 1975
8462 2013
8463 2041
8464 2027
8465 2050
8466 2090
8467 2024
8468 1968
8469 1954
8470 1933
8471 1935
8472 1849
8473 1844
8474 1823
8475 1789
8476 1826
8477 1910
8478 1925
8479 1905
8480 1893
8481 1863
8482 1806
8483 1779
8484 1748
8485 1693
8486 1717
8487 1657
8488 1709
8489 1703
8490 1765
8491 1761
8492 1794
8493 1837
8494 1795
8495 1810
8496 1842
8497 1834
8498 1783
8499 1778
8500 1796
8501 1835
8502 1818
8503 1785
8504 1779
8505 1847
8506 1817
8507 1843
8508 1882
8509 1872
8510 1904
8511 1914
8512 1975
8513 1909
8514 1915
8515 1918
8516 1918
8517 1927
8518 1968
8519 1994
8520 2064
8521 2127
8522 2096
8523 2174
8524 2114
8525 2074
8526 2041
8527 2056
8528 2079
8529 2078
8530 2089
8531 2080
8532 2031
8533 2017
8534 2042
8535 2022
8536 2022
8537 2031
8538 2066
8539 2123
8540 2106
8541 2146
8542 2162
8543 2150
8544 2105
8545 2038
8546 2061
8547 2111
8548 2074
8549 2064
8550 2104
8551 2124
8552 2034
8553 1989
8554 2054
8555 2023
8556 2080
8557 2164
8558 2189
8559 2179
8560 2162
8561 2135
8562 2162
8563 2177
8564 2114
8565 2143
8566 2181
8567 2235
8568 2235
8569 2272
8570 2233
8571 2289
8572 2295
8573 2259
8574 2230
8575 2215
8576 2233
8577 2264
8578 2283
8579 2261
8580 2276
8581 2334
8582 2360
8583 2317
8584 2344
8585 2358
8586 2359
8587 2354
8588 2357
8589 2292
8590 2163
8591 2185
8592 2145
8593 2128
8594 2096
8595 2063
8596 2072
8597 2123
8598 2103
8599 2162
8600 2158
8601 2137
8602 2023
8603 2084
8604 2089
8605 2080
8606 2082
8607 2083
8608 2024
8609 1970
8610 1955
8611 1979
8612 1981
8613 1845
8614 1837
8615 1894
8616 1970
8617 1940
8618 1960
8619 1949
8620 2030
8621 2085
8622 2087
8623 2129
8624 2105
8625 2178
8626 2096
8627 2221
8628 2214
8629 2247
8630 2329
8631 2333
8632 2216
8633 2270
8634 2287
8635 2267
8636 2303
8637 2272
8638 2240
8639 2271
8640 2300
8641 2388
8642 2477
8643 2493
8644 2578
8645 2540
8646 2699
8647 2690
8648 2673
8649 2682
8650 2764
8651 2723
8652 2712
8653 2747
8654 2765
8655 2698
8656 2642
8657 2602
8658 2530
8659 2585
8660 2625
8661 2539
8662 2500
8663 2580
8664 2579
8665 2613
8666 2544
8667 2654
8668 2707
8669 2771
8670 2851
8671 2848
8672 2876
8673 2801
8674 2783
8675 2839
8676 2879
8677 2805
8678 2826
8679 2843
8680 2856
8681 2880
8682 2893
8683 2761
8684 2879
8685 2871
8686 2932
8687 2950
8688 2994
8689 2953
8690 2874
8691 2843
8692 2827
8693 2872
8694 2833
8695 2817
8696 2726
8697 2759
8698 2721
8699 2652
8700 2657
8701 2673
8702 2731
8703 2715
8704 2716
8705 2638
8706 2659
8707 2570
8708 2609
8709 2649
8710 2643
8711 2717
8712 2684
8713 2588
8714 2674
8715 2694
8716 2690
8717 2726
8718 2722
8719 2705
8720 2801
8721 2759
8722 2691
8723 2704
8724 2743
8725 2783
8726 2811
8727 2798
8728 2860
8729 3075
8730 3074
8731 3169
8732 3165
8733 3196
8734 3116
8735 3156
8736 3135
8737 3264
8738 3315
8739 3362
8740 3276
8741 3322
8742 3270
8743 3277
8744 3169
8745 3148
8746 3182
8747 3125
8748 3109
8749 3151
8750 3136
8751 3215
8752 3248
8753 3225
8754 3199
8755 3220
8756 3198
8757 3151
8758 3103
8759 3031
8760 3115
8761 3252
8762 3246
8763 3233
8764 3336
8765 3344
8766 3273
8767 3300
8768 3391
8769 3283
8770 3281
8771 3245
8772 3212
8773 3059
8774 3062
8775 2994
8776 2955
8777 2973
8778 2923
8779 2917
8780 2946
8781 2905
8782 2979
8783 2973
8784 3042
8785 3065
8786 3026
8787 3005
8788 2962
8789 2975
8790 3041
8791 3062
8792 3091
8793 3111
8794 3028
8795 3039
8796 3031
8797 2937
8798 2971
8799 2923
8800 2881
8801 2888
8802 2892
8803 2835
8804 2718
8805 2643
8806 2584
8807 2591
8808 2592
8809 2534
8810 2472
8811 2426
8812 2420
8813 2431
8814 2415
8815 2441
8816 2565
8817 2630
8818 2646
8819 2586
8820 2601
8821 2561
8822 2616
8823 2590
8824 2608
8825 2631
8826 2608
8827 2673
8828 2579
8829 2615
8830 2677
8831 2665
8832 2655
8833 2674
8834 2697
8835 2755
8836 2722
8837 2710
8838 2846
8839 2852
8840 2805
8841 2747
8842 2763
8843 2751
8844 2724
8845 2682
8846 2680
8847 2624
8848 2571
8849 2569
8850 2694
8851 2699
8852 2664
8853 2702
8854 2739
8855 2738
8856 2721
8857 2635
8858 2701
8859 2641
8860 2653
8861 2682
8862 2732
8863 2791
8864 2728
8865 2676
8866 2653
8867 2604
8868 2638
8869 2601
8870 2644
8871 2691
8872 2618
8873 2505
8874 2634
8875 2641
8876 2534
8877 2501
8878 2428
8879 2368
8880 2362
8881 2336
8882 2396
8883 2392
8884 2389
8885 2377
8886 2479
8887 2463
8888 2439
8889 2393
8890 2477
8891 2435
8892 2463
8893 2493
8894 2407
8895 2535
8896 2574
8897 2664
8898 2576
8899 2657
8900 2701
8901 2683
8902 2571
8903 2593
8904 2506
8905 2534
8906 2550
8907 2599
8908 2645
8909 2608
8910 2655
8911 2622
8912 2630
8913 2680
8914 2571
8915 2617
8916 2606
8917 2607
8918 2567
8919 2529
8920 2512
8921 2515
8922 2576
8923 2570
8924 2600
8925 2605
8926 2638
8927 2550
8928 2525
8929 2503
8930 2416
8931 2501
8932 2498
8933 2489
8934 2419
8935 2428
8936 2457
8937 2445
8938 2438
8939 2445
8940 2454
8941 2423
8942 2433
8943 2407
8944 2319
8945 2364
8946 2340
8947 2364
8948 2335
8949 2371
8950 2471
8951 2454
8952 2484
8953 2512
8954 2469
8955 2524
8956 2567
8957 2521
8958 2516
8959 2342
8960 2379
8961 2396
8962 2407
8963 2456
8964 2516
8965 2514
8966 2583
8967 2576
8968 2535
8969 2602
8970 2750
8971 2774
8972 2721
8973 2699
8974 2638
8975 2802
8976 2755
8977 2760
8978 2839
8979 2884
8980 2848
8981 2935
8982 2971
8983 3006
8984 3053
8985 3138
8986 3035
8987 3143
8988 3041
8989 2971
8990 3020
8991 2875
8992 2918
8993 2929
8994 2936
8995 2917
8996 3001
8997 2983
8998 2974
8999 2932
9000 2883
9001 2896
9002 2787
9003 2847
9004 2782
9005 2819
9006 2877
9007 2875
9008 2950
9009 2911
9010 2933
9011 2847
9012 2919
9013 2925
9014 2922
9015 2845
9016 2858
9017 2983
9018 3001
9019 2930
9020 2914
9021 2922
9022 2992
9023 3083
9024 3016
9025 3026
9026 3000
9027 2977
9028 2972
9029 2983
9030 3042
9031 3123
9032 3091
9033 3171
9034 3147
9035 3059
9036 3081
9037 3039
9038 3042
9039 3084
9040 2994
9041 2977
9042 2971
9043 2933
9044 2857
9045 2853
9046 2904
9047 2845
9048 2826
9049 2794
9050 2835
9051 2877
9052 2872
9053 2831
9054 2813
9055 2807
9056 2759
9057 2689
9058 2684
9059 2673
9060 2606
9061 2609
9062 2616
9063 2592
9064 2573
9065 2596
9066 2658
9067 2650
9068 2558
9069 2624
9070 2622
9071 2642
9072 2592
9073 2673
9074 2665
9075 2662
9076 2631
9077 2605
9078 2661
9079 2661
9080 2697
9081 2701
9082 2629
9083 2575
9084 2620
9085 2571
9086 2594
9087 2568
9088 2557
9089 2541
9090 2506
9091 2479
9092 2460
9093 2536
9094 2424
9095 2452
9096 2480
9097 2546
9098 2517
9099 2526
9100 2551
9101 2567
9102 2571
9103 2591
9104 2547
9105 2571
9106 2548
9107 2499
9108 2483
9109 2423
9110 2456
9111 2489
9112 2563
9113 2529
9114 2397
9115 2463
9116 2432
9117 2315
9118 2303
9119 2254
9120 2309
9121 2400
9122 2403
9123 2420
9124 2436
9125 2567
9126 2521
9127 2443
9128 2465
9129 2437
9130 2533
9131 2434
9132 2438
9133 2542
9134 2525
9135 2510
9136 2530
9137 2597
9138 2562
9139 2582
9140 2609
9141 2595
9142 2598
9143 2624
9144 2561
9145 2633
9146 2676
9147 2612
9148 2702
9149 2738
9150 2758
9151 2783
9152 2752
9153 2751
9154 2662
9155 2696
9156 2660
9157 2610
9158 2668
9159 2647
9160 2749
9161 2679
9162 2773
9163 2739
9164 2759
9165 2790
9166 2801
9167 2840
9168 2724
9169 2784
9170 2740
9171 2742
9172 2780
9173 2819
9174 2808
9175 2755
9176 2701
9177 2783
9178 2885
9179 2810
9180 2751
9181 2838
9182 2690
9183 2644
9184 2546
9185 2468
9186 2392
9187 2451
9188 2374
9189 2412
9190 2487
9191 2442
9192 2458
9193 2344
9194 2308
9195 2331
9196 2346
9197 2307
9198 2304
9199 2265
9200 2335
9201 2403
9202 2276
9203 2253
9204 2277
9205 2336
9206 2320
9207 2354
9208 2487
9209 2452
9210 2408
9211 2415
9212 2342
9213 2377
9214 2394
9215 2375
9216 2308
9217 2328
9218 2298
9219 2317
9220 2311
9221 2270
9222 2309
9223 2230
9224 2209
9225 2168
9226 2141
9227 2157
9228 2072
9229 2167
9230 2119
9231 2129
9232 2135
9233 2110
9234 2057
9235 2022
9236 2066
9237 2073
9238 2082
9239 2099
9240 2109
9241 2122
9242 2155
9243 2204
9244 2256
9245 2206
9246 2194
9247 2102
9248 2192
9249 2146
9250 2129
9251 2103
9252 2220
9253 2270
9254 2180
9255 2183
9256 2246
9257 2222
9258 2228
9259 2211
9260 2159
9261 2237
9262 2254
9263 2290
9264 2218
9265 2305
9266 2097
9267 2201
9268 2198
9269 2212
9270 2194
9271 2253
9272 2247
9273 2190
9274 2247
9275 2240
9276 2126
9277 2065
9278 1993
9279 2058
9280 2170
9281 2222
9282 2216
9283 2175
9284 2228
9285 2196
9286 2184
9287 2211
9288 2178
9289 2169
9290 2245
9291 2268
9292 2269
9293 2285
9294 2381
9295 2452
9296 2557
9297 2609
9298 2560
9299 2597
9300 2710
9301 2723
9302 2783
9303 2771
9304 2794
9305 2784
9306 2866
9307 2936
9308 2814
9309 2842
9310 2787
9311 2789
9312 2796
9313 2663
9314 2611
9315 2522
9316 2510
9317 2493
9318 2516
9319 2525
9320 2419
9321 2372
9322 2405
9323 2449
9324 2392
9325 2432
9326 2394
9327 2392
9328 2372
9329 2340
9330 2334
9331 2339
9332 2361
9333 2414
9334 2341
9335 2350
9336 2337
9337 2402
9338 2436
9339 2363
9340 2366
9341 2337
9342 2351
9343 2337
9344 2248
9345 2245
9346 2261
9347 2317
9348 2313
9349 2424
9350 2426
9351 2424
9352 2399
9353 2458
9354 2395
9355 2401
9356 2420
9357 2401
9358 2330
9359 2303
9360 2311
9361 2275
9362 2272
9363 2250
9364 2338
9365 2361
9366 2333
9367 2289
9368 2258
9369 2237
9370 2235
9371 2202
9372 2135
9373 2157
9374 2302
9375 2244
9376 2191
9377 2169
9378 2184
9379 2200
9380 2243
9381 2181
9382 2172
9383 2234
9384 2184
9385 2312
9386 2378
9387 2382
9388 2477
9389 2488
9390 2506
9391 2379
9392 2326
9393 2327
9394 2277
9395 2268
9396 2214
9397 2129
9398 2167
9399 2116
9400 2068
9401 2045
9402 2018
9403 2059
9404 2060
9405 2105
9406 2067
9407 2086
9408 2125
9409 2187
9410 2164
9411 2236
9412 2189
9413 2285
9414 2249
9415 2306
9416 2329
9417 2414
9418 2540
9419 2543
9420 2560
9421 2599
9422 2484
9423 2558
9424 2505
9425 2397
9426 2359
9427 2386
9428 2342
9429 2317
9430 2377
9431 2263
9432 2295
9433 2270
9434 2226
9435 2329
9436 2307
9437 2351
9438 2218
9439 2070
9440 2040
9441 2037
9442 1925
9443 1900
9444 1921
9445 1992
9446 2052
9447 1984
9448 1999
9449 1999
9450 2058
9451 2105
9452 2125
9453 2072
9454 2031
9455 2025
9456 2064
9457 2174
9458 2089
9459 2124
9460 2140
9461 2139
9462 2305
9463 2323
9464 2280
9465 2262
9466 2132
9467 2191
9468 2161
9469 2134
9470 2157
9471 2183
9472 2127
9473 2149
9474 2169
9475 2143
9476 2220
9477 2262
9478 2098
9479 1978
9480 1989
9481 1923
9482 1912
9483 1968
9484 1936
9485 2008
9486 2001
9487 1954
9488 1984
9489 2008
9490 1956
9491 1950
9492 2001
9493 2095
9494 2122
9495 2079
9496 2060
9497 1998
9498 2080
9499 2109
9500 2062
9501 2078
9502 2109
9503 2088
9504 2158
9505 2133
9506 2117
9507 2092
9508 2054
9509 2105
9510 2187
9511 2153
9512 2112
9513 2049
9514 1958
9515 1853
9516 1855
9517 1784
9518 1741
9519 1722
9520 1703
9521 1649
9522 1665
9523 1609
9524 1563
9525 1601
9526 1671
9527 1673
9528 1744
9529 1793
9530 1899
9531 1915
9532 1870
9533 1850
9534 1791
9535 1688
9536 1707
9537 1725
9538 1803
9539 1855
9540 1720
9541 1704
9542 1702
9543 1664
9544 1691
9545 1678
9546 1553
9547 1548
9548 1563
9549 1526
9550 1458
9551 1443
9552 1476
9553 1452
9554 1390
9555 1431
9556 1425
9557 1469
9558 1445
9559 1453
9560 1439
9561 1390
9562 1212
9563 1217
9564 1232
9565 1225
9566 1201
9567 1221
9568 1238
9569 1208
9570 1234
9571 1334
9572 1277
9573 1319
9574 1291
9575 1276
9576 1281
9577 1310
9578 1332
9579 1398
9580 1378
9581 1378
9582 1404
9583 1386
9584 1399
9585 1404
9586 1358
9587 1350
9588 1309
9589 1208
9590 1311
9591 1244
9592 1308
9593 1231
9594 1239
9595 1225
9596 1253
9597 1240
9598 1176
9599 1149
9600 1244
9601 1246
9602 1243
9603 1208
9604 1250
9605 1279
9606 1389
9607 1354
9608 1419
9609 1467
9610 1431
9611 1463
9612 1518
9613 1545
9614 1504
9615 1500
9616 1512
9617 1484
9618 1509
9619 1582
9620 1587
9621 1599
9622 1637
9623 1618
9624 1610
9625 1641
9626 1570
9627 1605
9628 1640
9629 1676
9630 1722
9631 1718
9632 1654
9633 1779
9634 1789
9635 1843
9636 1831
9637 1740
9638 1734
9639 1735
9640 1667
9641 1591
9642 1682
9643 1724
9644 1764
9645 1840
9646 1856
9647 1928
9648 1904
9649 1932
9650 1908
9651 1856
9652 1822
9653 1908
9654 1924
9655 1884
9656 1912
9657 1852
9658 1770
9659 1774
9660 1804
9661 1811
9662 1647
9663 1728
9664 1709
9665 1648
9666 1666
9667 1620
9668 1610
9669 1622
9670 1620
9671 1666
9672 1739
9673 1742
9674 1752
9675 1776
9676 1732
9677 1753
9678 1666
9679 1623
9680 1665
9681 1619
9682 1723
9683 1728
9684 1723
9685 1747
9686 1785
9687 1795
9688 1824
9689 1824
9690 1806
9691 1843
9692 1886
9693 1835
9694 1866
9695 1861
9696 1859
9697 1843
9698 1702
9699 1697
9700 1656
9701 1671
9702 1608
9703 1583
9704 1594
9705 1606
9706 1598
9707 1546
9708 1584
9709 1533
9710 1570
9711 1597
9712 1558
9713 1606
9714 1621
9715 1613
9716 1577
9717 1575
9718 1570
9719 1601
9720 1543
9721 1527
9722 1503
9723 1472
9724 1377
9725 1413
9726 1427
9727 1397
9728 1361
9729 1391
9730 1353
9731 1352
9732 1337
9733 1334
9734 1286
9735 1418
9736 1449
9737 1377
9738 1386
9739 1405
9740 1369
9741 1339
9742 1383
9743 1447
9744 1382
9745 1317
9746 1309
9747 1377
9748 1461
9749 1521
9750 1462
9751 1415
9752 1476
9753 1489
9754 1475
9755 1492
9756 1490
9757 1576
9758 1552
9759 1644
9760 1702
9761 1575
9762 1528
9763 1468
9764 1427
9765 1377
9766 1339
9767 1358
9768 1331
9769 1310
9770 1345
9771 1264
9772 1210
9773 1192
9774 1236
9775 1211
9776 1233
9777 1299
9778 1269
9779 1237
9780 1304
9781 1287
9782 1321
9783 1268
9784 1249
9785 1211
9786 1232
9787 1285
9788 1271
9789 1301
9790 1363
9791 1405
9792 1383
9793 1401
9794 1405
9795 1519
9796 1523
9797 1515
9798 1603
9799 1671
9800 1683
9801 1688
9802 1662
9803 1735
9804 1698
9805 1696
9806 1786
9807 1752
9808 1759
9809 1778
9810 1855
9811 1913
9812 1932
9813 1912
9814 1907
9815 1806
9816 1766
9817 1752
9818 1736
9819 1723
9820 1793
9821 1810
9822 1743
9823 1806
9824 1752
9825 1758
9826 1742
9827 1686
9828 1793
9829 1745
9830 1775
9831 1870
9832 1904
9833 1951
9834 1835
9835 1917
9836 1893
9837 1795
9838 1775
9839 1791
9840 1857
9841 1885
9842 1794
9843 1892
9844 1885
9845 1853
9846 1768
9847 1763
9848 1880
9849 1826
9850 1802
9851 1808
9852 1760
9853 1828
9854 1877
9855 1879
9856 1768
9857 1844
9858 1809
9859 1775
9860 1819
9861 1771
9862 1819
9863 1782
9864 1872
9865 1916
9866 1951
9867 2008
9868 2036
9869 1956
9870 2014
9871 2086
9872 2036
9873 2048
9874 2043
9875 2085
9876 2162
9877 2171
9878 2110
9879 2080
9880 1982
9881 1986
9882 1936
9883 1969
9884 2058
9885 1953
9886 1990
9887 1993
9888 1929
9889 2004
9890 2030
9891 1905
9892 1995
9893 1916
9894 2006
9895 2020
9896 1997
9897 1990
9898 1911
9899 1911
9900 1874
9901 1878
9902 1878
9903 1736
9904 1785
9905 1794
9906 1817
9907 1784
9908 1709
9909 1707
9910 1715
9911 1689
9912 1608
9913 1659
9914 1734
9915 1870
9916 1834
9917 1821
9918 1863
9919 1866
9920 1892
9921 1865
9922 1832
9923 1744
9924 1745
9925 1750
9926 1690
9927 1751
9928 1810
9929 1771
9930 1809
9931 1765
9932 1738
9933 1735
9934 1775
9935 1805
9936 1633
9937 1580
9938 1507
9939 1357
9940 1377
9941 1379
9942 1405
9943 1470
9944 1506
9945 1477
9946 1489
9947 1499
9948 1558
9949 1494
9950 1477
9951 1525
9952 1570
9953 1488
9954 1543
9955 1472
9956 1524
9957 1535
9958 1540
9959 1507
9960 1355
9961 1251
9962 1299
9963 1339
9964 1343
9965 1362
9966 1385
9967 1388
9968 1325
9969 1282
9970 1173
9971 1164
9972 1178
9973 1256
9974 1325
9975 1364
9976 1299
9977 1207
9978 1117
9979 1205
9980 1237
9981 1215
9982 1119
9983 1105
9984 1085
9985 1089
9986 1136
9987 1162
9988 1174
9989 1143
9990 1093
9991 1105
9992 1238
9993 1224
9994 1333
9995 1393
9996 1434
9997 1400
9998 1327
9999 1319
10000 1327
