1 0
2 0
3 0
4 0
5 0
6 0
7 0
8 1
9 2
10 2
11 2
12 3
13 3
14 0
15 0
16 0
17 0
18 0
19 0
20 0
21 0
22 0
23 0
24 0
25 0
26 0
27 0
28 0
29 0
30 0
31 1
32 1
33 1
34 0
35 0
36 0
37 0
38 0
39 0
40 0
41 0
42 0
43 0
44 0
45 0
46 0
47 0
48 0
49 0
50 0
51 0
52 0
53 0
54 0
55 0
56 0
57 0
58 0
59 0
60 0
61 0
62 0
63 0
64 0
65 0
66 0
67 0
68 0
69 0
70 0
71 0
72 0
73 0
74 0
75 0
76 0
77 0
78 0
79 0
80 1
81 0
82 0
83 0
84 0
85 0
86 0
87 0
88 0
89 0
90 0
91 0
92 0
93 0
94 0
95 0
96 0
97 0
98 0
99 0
100 0
101 0
102 0
103 0
104 0
105 0
106 0
107 0
108 0
109 0
110 0
111 0
112 0
113 0
114 0
115 0
116 0
117 0
118 0
119 0
120 0
121 0
122 0
123 0
124 0
125 0
126 0
127 0
128 0
129 0
130 0
131 0
132 0
133 0
134 1
135 1
136 1
137 0
138 0
139 0
140 0
141 0
142 0
143 0
144 0
145 0
146 0
147 0
148 0
149 0
150 0
151 0
152 0
153 0
154 0
155 0
156 0
157 0
158 0
159 0
160 0
161 0
162 0
163 0
164 0
165 0
166 0
167 0
168 0
169 0
170 0
171 0
172 0
173 0
174 0
175 0
176 0
177 0
178 0
179 0
180 0
181 0
182 0
183 0
184 0
185 0
186 0
187 0
188 0
189 0
190 0
191 0
192 0
193 0
194 0
195 0
196 0
197 0
198 0
199 0
200 0
201 0
202 0
203 0
204 0
205 0
206 0
207 0
208 0
209 0
210 0
211 0
212 0
213 0
214 0
215 0
216 0
217 0
218 0
219 0
220 0
221 0
222 0
223 0
224 0
225 0
226 0
227 0
228 0
229 0
230 0
231 0
232 0
233 0
234 0
235 0
236 0
237 0
238 0
239 0
240 0
241 0
242 0
243 0
244 0
245 0
246 0
247 0
248 0
249 0
250 0
251 0
252 0
253 0
254 0
255 0
256 0
257 0
258 0
259 0
260 0
261 0
262 0
263 0
264 0
265 0
266 0
267 0
268 0
269 0
270 0
271 0
272 0
273 0
274 0
275 0
276 0
277 0
278 0
279 0
280 0
281 0
282 0
283 0
284 0
285 0
286 0
287 1
288 1
289 1
290 0
291 0
292 0
293 0
294 0
295 0
296 0
297 0
298 1
299 2
300 3
301 4
302 0
303 0
304 0
305 0
306 0
307 0
308 0
309 0
310 0
311 0
312 0
313 0
314 0
315 0
316 0
317 0
318 0
319 0
320 0
321 0
322 0
323 0
324 0
325 0
326 0
327 0
328 0
329 0
330 0
331 0
332 0
333 0
334 0
335 0
336 0
337 0
338 0
339 0
340 0
341 0
342 0
343 0
344 0
345 0
346 0
347 0
348 0
349 0
350 0
351 0
352 0
353 0
354 0
355 0
356 0
357 0
358 0
359 0
360 0
361 0
362 0
363 0
364 0
365 0
366 0
367 0
368 0
369 0
370 0
371 0
372 0
373 0
374 0
375 0
376 0
377 0
378 0
379 0
380 0
381 0
382 1
383 1
384 2
385 4
386 3
387 2
388 3
389 3
390 4
391 2
392 3
393 3
394 3
395 2
396 1
397 1
398 2
399 1
400 0
401 0
402 0
403 0
404 0
405 0
406 0
407 0
408 0
409 0
410 0
411 0
412 0
413 0
414 0
415 0
416 0
417 0
418 0
419 0
420 0
421 0
422 0
423 0
424 0
425 0
426 0
427 0
428 0
429 0
430 0
431 0
432 0
433 0
434 0
435 0
436 0
437 0
438 0
439 0
440 0
441 0
442 0
443 0
444 0
445 0
446 0
447 0
448 0
449 0
450 0
451 0
452 0
453 0
454 0
455 0
456 0
457 0
458 0
459 0
460 0
461 0
462 0
463 0
464 0
465 0
466 0
467 0
468 0
469 0
470 0
471 0
472 0
473 0
474 0
475 0
476 0
477 0
478 0
479 0
480 0
481 0
482 0
483 0
484 0
485 0
486 0
487 0
488 0
489 0
490 0
491 0
492 0
493 0
494 0
495 0
496 0
497 0
498 0
499 0
500 0
501 0
502 0
503 0
504 0
505 0
506 0
507 0
508 0
509 0
510 0
511 0
512 0
513 0
514 0
515 0
516 0
517 0
518 0
519 0
520 0
521 0
522 0
523 0
524 0
525 0
526 0
527 0
528 0
529 0
530 0
531 0
532 0
533 0
534 0
535 0
536 0
537 1
538 3
539 3
540 1
541 0
542 0
543 0
544 0
545 0
546 0
547 0
548 0
549 0
550 0
551 0
552 0
553 0
554 0
555 0
556 0
557 0
558 0
559 0
560 0
561 0
562 0
563 0
564 0
565 0
566 0
567 0
568 0
569 0
570 0
571 0
572 0
573 0
574 0
575 0
576 0
577 0
578 0
579 0
580 0
581 0
582 0
583 0
584 0
585 0
586 0
587 0
588 0
589 0
590 0
591 0
592 0
593 0
594 0
595 0
596 0
597 0
598 0
599 0
600 0
601 0
602 0
603 0
604 0
605 0
606 0
607 0
608 0
609 0
610 0
611 0
612 0
613 0
614 0
615 0
616 0
617 0
618 0
619 0
620 0
621 1
622 1
623 0
624 0
625 0
626 0
627 0
628 0
629 0
630 0
631 0
632 0
633 0
634 0
635 0
636 0
637 0
638 0
639 0
640 0
641 0
642 0
643 0
644 0
645 0
646 0
647 0
648 0
649 0
650 0
651 0
652 0
653 0
654 0
655 0
656 0
657 0
658 0
659 0
660 0
661 0
662 0
663 0
664 0
665 0
666 0
667 0
668 0
669 0
670 0
671 0
672 0
673 0
674 0
675 0
676 0
677 0
678 0
679 0
680 0
681 0
682 0
683 0
684 0
685 0
686 0
687 0
688 0
689 0
690 0
691 0
692 0
693 0
694 0
695 0
696 0
697 0
698 0
699 0
700 0
701 0
702 0
703 0
704 0
705 0
706 0
707 0
708 0
709 0
710 0
711 0
712 0
713 0
714 0
715 0
716 0
717 0
718 0
719 0
720 0
721 0
722 0
723 0
724 0
725 0
726 0
727 0
728 0
729 0
730 0
731 0
732 0
733 0
734 0
735 0
736 0
737 0
738 0
739 0
740 0
741 0
742 0
743 0
744 0
745 0
746 0
747 0
748 0
749 0
750 0
751 0
752 1
753 1
754 2
755 2
756 1
757 0
758 0
759 0
760 0
761 0
762 1
763 0
764 0
765 0
766 0
767 0
768 0
769 1
770 1
771 2
772 2
773 1
774 2
775 2
776 5
777 5
778 4
779 4
780 4
781 6
782 4
783 5
784 7
785 6
786 6
787 7
788 9
789 13
790 8
791 12
792 9
793 14
794 16
795 21
796 24
797 28
798 27
799 34
800 34
801 32
802 49
803 49
804 49
805 38
806 32
807 40
808 48
809 53
810 45
811 43
812 46
813 45
814 37
815 30
816 23
817 21
818 27
819 30
820 28
821 31
822 27
823 25
824 26
825 27
826 21
827 21
828 20
829 19
830 18
831 21
832 19
833 22
834 22
835 27
836 17
837 22
838 20
839 26
840 24
841 19
842 19
843 15
844 20
845 21
846 26
847 27
848 27
849 29
850 31
851 36
852 41
853 43
854 51
855 40
856 37
857 32
858 46
859 47
860 49
861 42
862 42
863 36
864 37
865 37
866 36
867 39
868 44
869 43
870 35
871 26
872 33
873 38
874 39
875 38
876 46
877 39
878 41
879 42
880 48
881 44
882 58
883 48
884 44
885 51
886 40
887 42
888 53
889 50
890 55
891 46
892 52
893 57
894 63
895 75
896 77
897 81
898 78
899 66
900 77
901 77
902 73
903 64
904 67
905 61
906 61
907 54
908 46
909 55
910 49
911 50
912 54
913 48
914 36
915 35
916 33
917 42
918 38
919 36
920 35
921 35
922 33
923 33
924 37
925 35
926 30
927 32
928 32
929 31
930 30
931 20
932 17
933 18
934 11
935 9
936 9
937 12
938 11
939 15
940 15
941 15
942 10
943 7
944 12
945 12
946 14
947 14
948 14
949 15
950 16
951 16
952 8
953 10
954 7
955 4
956 6
957 8
958 4
959 7
960 4
961 4
962 5
963 8
964 7
965 5
966 3
967 4
968 3
969 7
970 7
971 2
972 3
973 3
974 4
975 6
976 4
977 2
978 1
979 2
980 3
981 3
982 3
983 0
984 0
985 0
986 0
987 0
988 0
989 0
990 0
991 0
992 0
993 0
994 0
995 0
996 0
997 0
998 0
999 0
1000 0
1001 0
1002 0
1003 0
1004 0
1005 0
1006 0
1007 0
1008 0
1009 0
1010 0
1011 0
1012 0
1013 0
1014 0
1015 0
1016 0
1017 0
1018 0
1019 0
1020 0
1021 0
1022 0
1023 0
1024 0
1025 0
1026 0
1027 0
1028 0
1029 0
1030 0
1031 0
1032 0
1033 0
1034 0
1035 1
1036 3
1037 1
1038 2
1039 3
1040 4
1041 4
1042 9
1043 16
1044 22
1045 20
1046 17
1047 18
1048 22
1049 20
1050 25
1051 25
1052 20
1053 26
1054 36
1055 37
1056 49
1057 54
1058 45
1059 43
1060 44
1061 46
1062 48
1063 50
1064 34
1065 33
1066 38
1067 39
1068 33
1069 36
1070 26
1071 40
1072 40
1073 37
1074 39
1075 48
1076 40
1077 38
1078 36
1079 38
1080 32
1081 34
1082 33
1083 35
1084 35
1085 32
1086 34
1087 29
1088 16
1089 23
1090 24
1091 28
1092 39
1093 35
1094 32
1095 30
1096 40
1097 34
1098 39
1099 41
1100 49
1101 59
1102 64
1103 63
1104 63
1105 54
1106 50
1107 52
1108 50
1109 55
1110 50
1111 42
1112 37
1113 36
1114 35
1115 35
1116 33
1117 29
1118 29
1119 24
1120 20
1121 20
1122 10
1123 6
1124 10
1125 11
1126 9
1127 7
1128 8
1129 6
1130 6
1131 4
1132 7
1133 6
1134 6
1135 5
1136 9
1137 12
1138 8
1139 4
1140 6
1141 4
1142 4
1143 4
1144 7
1145 7
1146 11
1147 10
1148 7
1149 7
1150 9
1151 10
1152 6
1153 8
1154 8
1155 7
1156 9
1157 7
1158 8
1159 11
1160 19
1161 19
1162 22
1163 24
1164 32
1165 36
1166 35
1167 31
1168 29
1169 27
1170 22
1171 29
1172 26
1173 28
1174 41
1175 46
1176 54
1177 39
1178 35
1179 35
1180 28
1181 39
1182 53
1183 65
1184 71
1185 78
1186 85
1187 90
1188 83
1189 89
1190 103
1191 109
1192 101
1193 112
1194 105
1195 102
1196 110
1197 130
1198 132
1199 119
1200 104
1201 120
1202 133
1203 120
1204 92
1205 99
1206 102
1207 97
1208 77
1209 77
1210 71
1211 70
1212 72
1213 72
1214 72
1215 76
1216 78
1217 67
1218 61
1219 63
1220 66
1221 62
1222 60
1223 58
1224 60
1225 71
1226 72
1227 75
1228 71
1229 77
1230 83
1231 76
1232 79
1233 61
1234 68
1235 69
1236 57
1237 66
1238 66
1239 61
1240 67
1241 75
1242 85
1243 105
1244 95
1245 105
1246 108
1247 125
1248 127
1249 133
1250 145
1251 157
1252 152
1253 134
1254 124
1255 137
1256 139
1257 173
1258 158
1259 163
1260 179
1261 188
1262 213
1263 221
1264 210
1265 197
1266 216
1267 222
1268 226
1269 225
1270 231
1271 228
1272 227
1273 221
1274 208
1275 180
1276 185
1277 180
1278 164
1279 172
1280 166
1281 152
1282 184
1283 207
1284 223
1285 244
1286 242
1287 245
1288 269
1289 265
1290 250
1291 238
1292 232
1293 221
1294 194
1295 192
1296 208
1297 214
1298 205
1299 197
1300 194
1301 193
1302 175
1303 194
1304 176
1305 161
1306 166
1307 152
1308 139
1309 128
1310 148
1311 128
1312 114
1313 113
1314 116
1315 126
1316 131
1317 135
1318 133
1319 143
1320 152
1321 138
1322 145
1323 139
1324 134
1325 136
1326 133
1327 140
1328 142
1329 137
1330 151
1331 140
1332 132
1333 135
1334 157
1335 140
1336 127
1337 122
1338 125
1339 152
1340 142
1341 122
1342 114
1343 128
1344 119
1345 116
1346 127
1347 118
1348 113
1349 104
1350 96
1351 97
1352 92
1353 102
1354 99
1355 94
1356 117
1357 122
1358 115
1359 113
1360 110
1361 128
1362 122
1363 136
1364 155
1365 149
1366 143
1367 138
1368 144
1369 147
1370 143
1371 145
1372 145
1373 143
1374 153
1375 142
1376 155
1377 142
1378 147
1379 126
1380 118
1381 118
1382 105
1383 100
1384 89
1385 111
1386 138
1387 129
1388 150
1389 163
1390 148
1391 143
1392 154
1393 154
1394 147
1395 149
1396 155
1397 128
1398 135
1399 121
1400 134
1401 126
1402 113
1403 101
1404 96
1405 100
1406 94
1407 101
1408 92
1409 97
1410 76
1411 56
1412 55
1413 52
1414 37
1415 34
1416 42
1417 46
1418 40
1419 46
1420 44
1421 55
1422 61
1423 70
1424 71
1425 62
1426 71
1427 73
1428 65
1429 53
1430 39
1431 45
1432 62
1433 70
1434 56
1435 45
1436 33
1437 37
1438 33
1439 36
1440 36
1441 33
1442 33
1443 34
1444 36
1445 45
1446 50
1447 48
1448 36
1449 41
1450 40
1451 40
1452 42
1453 47
1454 37
1455 38
1456 28
1457 30
1458 26
1459 25
1460 19
1461 19
1462 19
1463 27
1464 29
1465 29
1466 27
1467 32
1468 29
1469 28
1470 23
1471 25
1472 19
1473 23
1474 21
1475 19
1476 15
1477 19
1478 16
1479 15
1480 17
1481 15
1482 9
1483 13
1484 12
1485 11
1486 8
1487 6
1488 5
1489 1
1490 2
1491 1
1492 1
1493 2
1494 3
1495 1
1496 0
1497 0
1498 0
1499 0
1500 0
1501 0
1502 0
1503 0
1504 0
1505 1
1506 2
1507 0
1508 0
1509 0
1510 0
1511 0
1512 1
1513 1
1514 3
1515 5
1516 2
1517 5
1518 9
1519 15
1520 17
1521 9
1522 12
1523 11
1524 12
1525 12
1526 12
1527 18
1528 14
1529 16
1530 18
1531 22
1532 22
1533 16
1534 25
1535 28
1536 19
1537 19
1538 23
1539 23
1540 23
1541 20
1542 24
1543 24
1544 14
1545 14
1546 14
1547 15
1548 19
1549 22
1550 24
1551 25
1552 25
1553 26
1554 15
1555 14
1556 7
1557 6
1558 7
1559 6
1560 4
1561 3
1562 6
1563 5
1564 8
1565 15
1566 17
1567 17
1568 18
1569 17
1570 26
1571 21
1572 21
1573 21
1574 20
1575 10
1576 9
1577 10
1578 14
1579 19
1580 23
1581 25
1582 19
1583 15
1584 16
1585 27
1586 28
1587 37
1588 32
1589 42
1590 46
1591 63
1592 80
1593 82
1594 88
1595 89
1596 101
1597 109
1598 104
1599 105
1600 90
1601 90
1602 97
1603 96
1604 85
1605 89
1606 95
1607 104
1608 89
1609 90
1610 85
1611 90
1612 94
1613 93
1614 105
1615 95
1616 83
1617 74
1618 71
1619 76
1620 64
1621 57
1622 66
1623 70
1624 61
1625 49
1626 63
1627 63
1628 67
1629 70
1630 59
1631 64
1632 58
1633 59
1634 54
1635 35
1636 34
1637 25
1638 15
1639 19
1640 20
1641 16
1642 20
1643 18
1644 18
1645 20
1646 18
1647 12
1648 5
1649 7
1650 5
1651 11
1652 11
1653 15
1654 22
1655 18
1656 20
1657 17
1658 19
1659 20
1660 19
1661 14
1662 13
1663 11
1664 7
1665 4
1666 5
1667 2
1668 2
1669 3
1670 3
1671 5
1672 8
1673 12
1674 12
1675 15
1676 12
1677 16
1678 18
1679 11
1680 16
1681 17
1682 17
1683 19
1684 30
1685 26
1686 25
1687 26
1688 30
1689 43
1690 30
1691 27
1692 36
1693 30
1694 35
1695 26
1696 24
1697 29
1698 25
1699 28
1700 26
1701 25
1702 23
1703 25
1704 29
1705 30
1706 29
1707 28
1708 36
1709 37
1710 31
1711 33
1712 33
1713 34
1714 37
1715 33
1716 34
1717 33
1718 34
1719 34
1720 28
1721 24
1722 32
1723 37
1724 38
1725 44
1726 43
1727 43
1728 46
1729 42
1730 39
1731 39
1732 29
1733 29
1734 37
1735 32
1736 35
1737 36
1738 46
1739 54
1740 56
1741 59
1742 61
1743 64
1744 61
1745 65
1746 75
1747 75
1748 69
1749 65
1750 59
1751 57
1752 65
1753 66
1754 74
1755 77
1756 55
1757 56
1758 58
1759 57
1760 63
1761 50
1762 61
1763 54
1764 50
1765 55
1766 57
1767 58
1768 42
1769 29
1770 36
1771 35
1772 38
1773 45
1774 45
1775 40
1776 46
1777 45
1778 45
1779 42
1780 39
1781 38
1782 40
1783 32
1784 32
1785 39
1786 44
1787 41
1788 39
1789 34
1790 29
1791 23
1792 25
1793 22
1794 31
1795 33
1796 32
1797 28
1798 34
1799 37
1800 46
1801 39
1802 41
1803 28
1804 32
1805 27
1806 30
1807 35
1808 37
1809 43
1810 53
1811 49
1812 47
1813 46
1814 52
1815 53
1816 59
1817 64
1818 61
1819 55
1820 45
1821 52
1822 46
1823 61
1824 46
1825 34
1826 41
1827 47
1828 55
1829 44
1830 37
1831 34
1832 37
1833 37
1834 38
1835 41
1836 47
1837 45
1838 40
1839 38
1840 36
1841 24
1842 19
1843 25
1844 28
1845 31
1846 32
1847 31
1848 48
1849 37
1850 28
1851 29
1852 25
1853 27
1854 28
1855 24
1856 24
1857 20
1858 19
1859 13
1860 11
1861 4
1862 1
1863 0
1864 0
1865 0
1866 0
1867 0
1868 0
1869 0
1870 0
1871 0
1872 0
1873 0
1874 1
1875 1
1876 3
1877 3
1878 2
1879 0
1880 0
1881 0
1882 0
1883 0
1884 0
1885 0
1886 0
1887 0
1888 0
1889 0
1890 0
1891 0
1892 0
1893 0
1894 0
1895 0
1896 0
1897 0
1898 0
1899 0
1900 0
1901 0
1902 0
1903 0
1904 0
1905 0
1906 0
1907 0
1908 0
1909 0
1910 0
1911 0
1912 0
1913 0
1914 0
1915 0
1916 0
1917 0
1918 0
1919 0
1920 0
1921 0
1922 0
1923 0
1924 0
1925 0
1926 0
1927 0
1928 0
1929 0
1930 0
1931 0
1932 0
1933 0
1934 0
1935 0
1936 0
1937 0
1938 0
1939 0
1940 0
1941 0
1942 0
1943 0
1944 0
1945 0
1946 0
1947 0
1948 0
1949 1
1950 1
1951 1
1952 1
1953 1
1954 0
1955 0
1956 0
1957 1
1958 2
1959 1
1960 1
1961 0
1962 0
1963 0
1964 0
1965 0
1966 0
1967 0
1968 0
1969 0
1970 0
1971 0
1972 0
1973 0
1974 0
1975 0
1976 0
1977 0
1978 0
1979 0
1980 0
1981 0
1982 0
1983 0
1984 0
1985 0
1986 0
1987 0
1988 0
1989 0
1990 0
1991 0
1992 0
1993 0
1994 0
1995 0
1996 0
1997 0
1998 0
1999 0
2000 0
2001 0
2002 0
2003 0
2004 0
2005 0
2006 0
2007 0
2008 0
2009 0
2010 0
2011 0
2012 0
2013 0
2014 0
2015 0
2016 0
2017 0
2018 0
2019 0
2020 0
2021 0
2022 0
2023 0
2024 0
2025 0
2026 0
2027 0
2028 0
2029 0
2030 0
2031 0
2032 0
2033 0
2034 0
2035 0
2036 0
2037 0
2038 0
2039 0
2040 0
2041 0
2042 0
2043 0
2044 0
2045 0
2046 0
2047 0
2048 0
2049 1
2050 1
2051 0
2052 0
2053 0
2054 0
2055 0
2056 0
2057 0
2058 0
2059 0
2060 0
2061 0
2062 1
2063 2
2064 1
2065 0
2066 0
2067 0
2068 0
2069 0
2070 0
2071 0
2072 0
2073 0
2074 0
2075 0
2076 0
2077 0
2078 0
2079 0
2080 0
2081 0
2082 0
2083 1
2084 2
2085 0
2086 0
2087 0
2088 0
2089 0
2090 0
2091 0
2092 0
2093 0
2094 0
2095 0
2096 0
2097 0
2098 0
2099 0
2100 0
2101 0
2102 0
2103 1
2104 1
2105 0
2106 0
2107 0
2108 0
2109 0
2110 0
2111 0
2112 0
2113 0
2114 0
2115 0
2116 0
2117 0
2118 1
2119 2
2120 4
2121 10
2122 4
2123 3
2124 0
2125 0
2126 0
2127 0
2128 0
2129 0
2130 0
2131 0
2132 0
2133 0
2134 0
2135 0
2136 0
2137 0
2138 0
2139 0
2140 0
2141 0
2142 0
2143 0
2144 0
2145 0
2146 0
2147 0
2148 0
2149 0
2150 0
2151 0
2152 0
2153 0
2154 0
2155 0
2156 0
2157 0
2158 0
2159 0
2160 0
2161 0
2162 0
2163 0
2164 0
2165 0
2166 0
2167 0
2168 0
2169 1
2170 1
2171 1
2172 1
2173 1
2174 0
2175 1
2176 3
2177 0
2178 0
2179 0
2180 0
2181 0
2182 0
2183 0
2184 0
2185 0
2186 0
2187 0
2188 0
2189 0
2190 0
2191 0
2192 0
2193 0
2194 0
2195 0
2196 0
2197 0
2198 0
2199 0
2200 0
2201 0
2202 0
2203 0
2204 0
2205 0
2206 0
2207 0
2208 0
2209 0
2210 0
2211 0
2212 0
2213 0
2214 0
2215 0
2216 0
2217 0
2218 0
2219 0
2220 0
2221 0
2222 0
2223 0
2224 0
2225 0
2226 0
2227 0
2228 0
2229 0
2230 0
2231 0
2232 0
2233 0
2234 0
2235 0
2236 0
2237 0
2238 0
2239 0
2240 0
2241 0
2242 0
2243 0
2244 0
2245 0
2246 0
2247 0
2248 0
2249 0
2250 0
2251 0
2252 0
2253 0
2254 0
2255 0
2256 0
2257 0
2258 0
2259 0
2260 0
2261 0
2262 0
2263 0
2264 0
2265 0
2266 0
2267 0
2268 0
2269 0
2270 0
2271 0
2272 0
2273 0
2274 0
2275 0
2276 0
2277 0
2278 0
2279 1
2280 1
2281 0
2282 0
2283 0
2284 0
2285 0
2286 0
2287 0
2288 0
2289 0
2290 0
2291 0
2292 0
2293 0
2294 0
2295 0
2296 0
2297 0
2298 0
2299 0
2300 0
2301 0
2302 0
2303 0
2304 0
2305 0
2306 0
2307 0
2308 0
2309 0
2310 0
2311 0
2312 0
2313 0
2314 0
2315 0
2316 0
2317 0
2318 0
2319 0
2320 0
2321 0
2322 0
2323 0
2324 0
2325 0
2326 0
2327 0
2328 0
2329 0
2330 0
2331 0
2332 0
2333 0
2334 0
2335 0
2336 0
2337 0
2338 0
2339 0
2340 0
2341 0
2342 0
2343 0
2344 0
2345 0
2346 0
2347 0
2348 0
2349 0
2350 0
2351 0
2352 0
2353 0
2354 0
2355 0
2356 0
2357 0
2358 0
2359 0
2360 0
2361 0
2362 0
2363 0
2364 0
2365 0
2366 0
2367 0
2368 0
2369 0
2370 0
2371 0
2372 0
2373 0
2374 0
2375 0
2376 0
2377 0
2378 0
2379 0
2380 0
2381 0
2382 0
2383 0
2384 0
2385 0
2386 1
2387 2
2388 5
2389 8
2390 12
2391 8
2392 5
2393 8
2394 2
2395 4
2396 8
2397 9
2398 6
2399 10
2400 11
2401 13
2402 17
2403 15
2404 20
2405 22
2406 19
2407 20
2408 22
2409 21
2410 21
2411 23
2412 19
2413 18
2414 20
2415 27
2416 32
2417 29
2418 32
2419 37
2420 35
2421 41
2422 52
2423 65
2424 61
2425 64
2426 75
2427 63
2428 71
2429 69
2430 57
2431 60
2432 65
2433 61
2434 69
2435 51
2436 56
2437 63
2438 65
2439 64
2440 62
2441 60
2442 62
2443 57
2444 63
2445 54
2446 63
2447 58
2448 56
2449 53
2450 60
2451 65
2452 68
2453 83
2454 65
2455 66
2456 74
2457 71
2458 73
2459 76
2460 70
2461 66
2462 71
2463 66
2464 81
2465 81
2466 81
2467 71
2468 65
2469 57
2470 54
2471 48
2472 51
2473 46
2474 43
2475 53
2476 46
2477 65
2478 61
2479 69
2480 74
2481 71
2482 68
2483 75
2484 70
2485 68
2486 70
2487 70
2488 70
2489 74
2490 72
2491 75
2492 80
2493 91
2494 94
2495 103
2496 108
2497 125
2498 130
2499 143
2500 154
2501 162
2502 144
2503 154
2504 179
2505 173
2506 181
2507 167
2508 177
2509 187
2510 210
2511 196
2512 196
2513 214
2514 245
2515 254
2516 265
2517 272
2518 257
2519 254
2520 252
2521 279
2522 290
2523 286
2524 284
2525 287
2526 282
2527 286
2528 295
2529 347
2530 361
2531 358
2532 417
2533 404
2534 423
2535 395
2536 384
2537 369
2538 365
2539 349
2540 372
2541 355
2542 367
2543 343
2544 310
2545 313
2546 309
2547 332
2548 309
2549 298
2550 293
2551 258
2552 246
2553 266
2554 261
2555 250
2556 258
2557 281
2558 283
2559 295
2560 285
2561 286
2562 271
2563 278
2564 299
2565 306
2566 303
2567 327
2568 312
2569 318
2570 322
2571 312
2572 307
2573 301
2574 286
2575 291
2576 271
2577 263
2578 246
2579 241
2580 254
2581 260
2582 264
2583 250
2584 227
2585 242
2586 228
2587 216
2588 222
2589 221
2590 209
2591 231
2592 259
2593 251
2594 254
2595 269
2596 277
2597 258
2598 288
2599 300
2600 246
2601 228
2602 232
2603 232
2604 257
2605 224
2606 234
2607 236
2608 245
2609 253
2610 226
2611 208
2612 190
2613 187
2614 188
2615 175
2616 167
2617 174
2618 187
2619 185
2620 190
2621 217
2622 213
2623 197
2624 180
2625 187
2626 191
2627 215
2628 202
2629 201
2630 195
2631 189
2632 181
2633 178
2634 179
2635 169
2636 167
2637 173
2638 183
2639 206
2640 208
2641 220
2642 232
2643 234
2644 223
2645 204
2646 208
2647 229
2648 222
2649 241
2650 228
2651 217
2652 229
2653 240
2654 251
2655 235
2656 255
2657 241
2658 264
2659 286
2660 293
2661 327
2662 334
2663 345
2664 352
2665 357
2666 350
2667 352
2668 347
2669 338
2670 347
2671 364
2672 364
2673 350
2674 378
2675 381
2676 366
2677 368
2678 393
2679 409
2680 430
2681 452
2682 453
2683 459
2684 503
2685 464
2686 451
2687 461
2688 461
2689 481
2690 493
2691 447
2692 470
2693 454
2694 449
2695 450
2696 422
2697 419
2698 393
2699 395
2700 392
2701 381
2702 358
2703 355
2704 333
2705 316
2706 293
2707 306
2708 275
2709 270
2710 268
2711 274
2712 289
2713 299
2714 320
2715 344
2716 331
2717 326
2718 333
2719 349
2720 360
2721 371
2722 390
2723 391
2724 362
2725 377
2726 391
2727 375
2728 377
2729 399
2730 423
2731 435
2732 427
2733 430
2734 426
2735 450
2736 414
2737 403
2738 404
2739 401
2740 419
2741 421
2742 420
2743 399
2744 398
2745 399
2746 397
2747 405
2748 387
2749 396
2750 392
2751 379
2752 356
2753 351
2754 338
2755 356
2756 362
2757 348
2758 339
2759 334
2760 369
2761 331
2762 351
2763 325
2764 347
2765 372
2766 351
2767 355
2768 348
2769 368
2770 353
2771 366
2772 359
2773 339
2774 318
2775 338
2776 319
2777 319
2778 312
2779 300
2780 317
2781 305
2782 337
2783 357
2784 353
2785 346
2786 362
2787 378
2788 360
2789 369
2790 363
2791 355
2792 309
2793 283
2794 245
2795 245
2796 266
2797 277
2798 258
2799 265
2800 309
2801 318
2802 323
2803 333
2804 343
2805 332
2806 316
2807 364
2808 368
2809 339
2810 365
2811 349
2812 349
2813 366
2814 386
2815 373
2816 374
2817 384
2818 407
2819 420
2820 398
2821 363
2822 366
2823 385
2824 328
2825 371
2826 386
2827 396
2828 394
2829 363
2830 379
2831 367
2832 382
2833 395
2834 421
2835 426
2836 412
2837 396
2838 360
2839 370
2840 378
2841 371
2842 357
2843 380
2844 381
2845 367
2846 398
2847 412
2848 423
2849 390
2850 415
2851 461
2852 481
2853 479
2854 485
2855 457
2856 458
2857 454
2858 426
2859 455
2860 413
2861 413
2862 391
2863 379
2864 393
2865 398
2866 409
2867 432
2868 416
2869 431
2870 433
2871 451
2872 492
2873 447
2874 425
2875 433
2876 468
2877 470
2878 441
2879 437
2880 426
2881 408
2882 422
2883 411
2884 388
2885 392
2886 370
2887 365
2888 390
2889 375
2890 374
2891 389
2892 353
2893 397
2894 390
2895 401
2896 369
2897 357
2898 361
2899 388
2900 391
2901 396
2902 392
2903 390
2904 399
2905 397
2906 398
2907 395
2908 390
2909 401
2910 380
2911 346
2912 339
2913 348
2914 387
2915 354
2916 411
2917 433
2918 434
2919 409
2920 414
2921 375
2922 400
2923 389
2924 345
2925 332
2926 336
2927 329
2928 339
2929 319
2930 313
2931 304
2932 314
2933 349
2934 336
2935 326
2936 323
2937 327
2938 345
2939 335
2940 357
2941 369
2942 399
2943 346
2944 333
2945 330
2946 305
2947 301
2948 287
2949 282
2950 283
2951 276
2952 252
2953 245
2954 261
2955 263
2956 292
2957 285
2958 312
2959 302
2960 291
2961 293
2962 303
2963 275
2964 261
2965 257
2966 266
2967 281
2968 275
2969 297
2970 296
2971 288
2972 267
2973 264
2974 275
2975 270
2976 267
2977 307
2978 315
2979 313
2980 319
2981 351
2982 367
2983 364
2984 373
2985 382
2986 368
2987 357
2988 367
2989 359
2990 368
2991 347
2992 378
2993 407
2994 430
2995 450
2996 465
2997 463
2998 469
2999 480
3000 479
3001 495
3002 496
3003 499
3004 476
3005 493
3006 460
3007 455
3008 403
3009 422
3010 419
3011 414
3012 407
3013 432
3014 420
3015 425
3016 429
3017 417
3018 417
3019 392
3020 398
3021 424
3022 422
3023 416
3024 426
3025 411
3026 419
3027 396
3028 391
3029 380
3030 400
3031 383
3032 375
3033 375
3034 368
3035 370
3036 350
3037 339
3038 349
3039 363
3040 334
3041 343
3042 335
3043 328
3044 332
3045 322
3046 321
3047 341
3048 358
3049 369
3050 387
3051 359
3052 356
3053 331
3054 363
3055 347
3056 366
3057 346
3058 350
3059 315
3060 324
3061 331
3062 334
3063 298
3064 326
3065 315
3066 339
3067 328
3068 330
3069 358
3070 360
3071 355
3072 368
3073 357
3074 349
3075 361
3076 345
3077 332
3078 331
3079 335
3080 319
3081 313
3082 316
3083 333
3084 324
3085 313
3086 315
3087 294
3088 271
3089 301
3090 316
3091 327
3092 308
3093 321
3094 308
3095 326
3096 310
3097 286
3098 292
3099 315
3100 317
3101 318
3102 313
3103 293
3104 310
3105 310
3106 316
3107 316
3108 311
3109 291
3110 289
3111 290
3112 273
3113 279
3114 285
3115 270
3116 262
3117 268
3118 264
3119 241
3120 274
3121 255
3122 276
3123 296
3124 296
3125 325
3126 350
3127 353
3128 356
3129 359
3130 353
3131 326
3132 334
3133 331
3134 320
3135 302
3136 319
3137 293
3138 277
3139 268
3140 253
3141 243
3142 272
3143 253
3144 254
3145 267
3146 229
3147 237
3148 232
3149 231
3150 210
3151 199
3152 190
3153 217
3154 209
3155 217
3156 212
3157 200
3158 207
3159 213
3160 197
3161 207
3162 204
3163 225
3164 232
3165 242
3166 231
3167 245
3168 236
3169 238
3170 239
3171 245
3172 244
3173 246
3174 229
3175 230
3176 191
3177 200
3178 223
3179 193
3180 187
3181 203
3182 195
3183 199
3184 188
3185 185
3186 182
3187 170
3188 173
3189 182
3190 193
3191 196
3192 189
3193 189
3194 177
3195 165
3196 171
3197 157
3198 168
3199 166
3200 166
3201 156
3202 167
3203 145
3204 165
3205 182
3206 189
3207 171
3208 169
3209 191
3210 201
3211 183
3212 165
3213 166
3214 180
3215 203
3216 220
3217 229
3218 210
3219 234
3220 231
3221 202
3222 195
3223 192
3224 186
3225 183
3226 175
3227 176
3228 191
3229 201
3230 191
3231 188
3232 200
3233 189
3234 189
3235 186
3236 213
3237 239
3238 242
3239 239
3240 238
3241 228
3242 251
3243 248
3244 240
3245 255
3246 262
3247 263
3248 282
3249 292
3250 253
3251 253
3252 274
3253 273
3254 271
3255 275
3256 288
3257 279
3258 254
3259 250
3260 242
3261 226
3262 213
3263 214
3264 196
3265 180
3266 200
3267 196
3268 196
3269 206
3270 195
3271 196
3272 200
3273 207
3274 218
3275 231
3276 205
3277 212
3278 230
3279 237
3280 219
3281 229
3282 248
3283 248
3284 264
3285 261
3286 248
3287 263
3288 245
3289 255
3290 279
3291 291
3292 289
3293 303
3294 327
3295 331
3296 307
3297 303
3298 290
3299 241
3300 223
3301 208
3302 204
3303 203
3304 215
3305 194
3306 189
3307 189
3308 172
3309 170
3310 185
3311 188
3312 182
3313 149
3314 136
3315 134
3316 118
3317 110
3318 98
3319 78
3320 74
3321 80
3322 96
3323 102
3324 104
3325 94
3326 105
3327 99
3328 101
3329 113
3330 100
3331 108
3332 106
3333 115
3334 116
3335 112
3336 132
3337 115
3338 116
3339 105
3340 98
3341 101
3342 113
3343 94
3344 99
3345 96
3346 90
3347 108
3348 116
3349 110
3350 113
3351 110
3352 120
3353 124
3354 125
3355 147
3356 137
3357 161
3358 190
3359 185
3360 194
3361 189
3362 187
3363 173
3364 180
3365 195
3366 226
3367 242
3368 244
3369 257
3370 278
3371 268
3372 259
3373 256
3374 256
3375 231
3376 263
3377 241
3378 248
3379 240
3380 200
3381 217
3382 212
3383 195
3384 189
3385 200
3386 219
3387 216
3388 202
3389 196
3390 206
3391 205
3392 213
3393 230
3394 264
3395 263
3396 238
3397 229
3398 228
3399 217
3400 194
3401 189
3402 192
3403 198
3404 209
3405 203
3406 209
3407 225
3408 201
3409 199
3410 185
3411 163
3412 185
3413 189
3414 185
3415 166
3416 163
3417 185
3418 184
3419 186
3420 193
3421 169
3422 174
3423 196
3424 200
3425 196
3426 190
3427 196
3428 212
3429 206
3430 197
3431 208
3432 211
3433 196
3434 180
3435 178
3436 158
3437 137
3438 145
3439 155
3440 169
3441 169
3442 170
3443 190
3444 201
3445 224
3446 247
3447 252
3448 233
3449 241
3450 247
3451 237
3452 237
3453 222
3454 220
3455 229
3456 214
3457 230
3458 234
3459 223
3460 225
3461 219
3462 232
3463 233
3464 211
3465 210
3466 194
3467 205
3468 215
3469 235
3470 231
3471 224
3472 218
3473 235
3474 196
3475 199
3476 223
3477 224
3478 225
3479 220
3480 210
3481 200
3482 218
3483 207
3484 222
3485 197
3486 202
3487 195
3488 204
3489 197
3490 197
3491 185
3492 194
3493 188
3494 179
3495 183
3496 182
3497 195
3498 191
3499 189
3500 179
3501 172
3502 156
3503 172
3504 161
3505 156
3506 165
3507 147
3508 145
3509 142
3510 152
3511 139
3512 150
3513 173
3514 154
3515 153
3516 167
3517 180
3518 171
3519 155
3520 179
3521 187
3522 175
3523 165
3524 160
3525 142
3526 158
3527 150
3528 133
3529 138
3530 139
3531 125
3532 121
3533 105
3534 103
3535 108
3536 105
3537 109
3538 128
3539 141
3540 150
3541 132
3542 129
3543 128
3544 134
3545 125
3546 125
3547 118
3548 99
3549 88
3550 81
3551 82
3552 75
3553 69
3554 68
3555 79
3556 90
3557 97
3558 92
3559 91
3560 101
3561 77
3562 95
3563 86
3564 89
3565 99
3566 104
3567 91
3568 97
3569 91
3570 93
3571 81
3572 80
3573 77
3574 81
3575 76
3576 81
3577 81
3578 61
3579 53
3580 59
3581 61
3582 61
3583 64
3584 50
3585 48
3586 47
3587 37
3588 33
3589 43
3590 35
3591 33
3592 26
3593 27
3594 22
3595 29
3596 25
3597 28
3598 34
3599 34
3600 29
3601 41
3602 47
3603 42
3604 36
3605 33
3606 36
3607 28
3608 30
3609 31
3610 42
3611 36
3612 49
3613 35
3614 35
3615 27
3616 31
3617 41
3618 37
3619 44
3620 43
3621 47
3622 45
3623 54
3624 62
3625 83
3626 81
3627 77
3628 85
3629 87
3630 103
3631 95
3632 93
3633 98
3634 89
3635 91
3636 95
3637 89
3638 88
3639 79
3640 87
3641 86
3642 91
3643 79
3644 73
3645 80
3646 68
3647 60
3648 61
3649 46
3650 46
3651 34
3652 39
3653 37
3654 30
3655 22
3656 20
3657 26
3658 27
3659 33
3660 39
3661 31
3662 32
3663 40
3664 43
3665 43
3666 39
3667 55
3668 65
3669 69
3670 65
3671 59
3672 47
3673 51
3674 50
3675 48
3676 37
3677 30
3678 32
3679 29
3680 34
3681 37
3682 34
3683 37
3684 33
3685 31
3686 26
3687 35
3688 40
3689 39
3690 40
3691 47
3692 53
3693 57
3694 49
3695 52
3696 51
3697 46
3698 49
3699 37
3700 35
3701 32
3702 29
3703 23
3704 24
3705 25
3706 24
3707 24
3708 33
3709 25
3710 20
3711 26
3712 24
3713 33
3714 36
3715 29
3716 36
3717 28
3718 31
3719 27
3720 29
3721 24
3722 20
3723 22
3724 23
3725 24
3726 23
3727 21
3728 21
3729 26
3730 24
3731 24
3732 22
3733 20
3734 25
3735 25
3736 18
3737 19
3738 18
3739 16
3740 9
3741 11
3742 2
3743 3
3744 4
3745 5
3746 11
3747 8
3748 8
3749 8
3750 10
3751 12
3752 13
3753 10
3754 7
3755 7
3756 8
3757 7
3758 9
3759 7
3760 5
3761 7
3762 4
3763 3
3764 1
3765 2
3766 1
3767 0
3768 0
3769 0
3770 0
3771 0
3772 0
3773 0
3774 0
3775 0
3776 0
3777 0
3778 0
3779 0
3780 0
3781 0
3782 0
3783 0
3784 0
3785 0
3786 1
3787 1
3788 2
3789 1
3790 0
3791 0
3792 0
3793 0
3794 0
3795 0
3796 0
3797 0
3798 0
3799 0
3800 0
3801 0
3802 0
3803 0
3804 0
3805 0
3806 0
3807 0
3808 0
3809 0
3810 0
3811 0
3812 0
3813 0
3814 0
3815 0
3816 0
3817 0
3818 0
3819 0
3820 0
3821 0
3822 0
3823 0
3824 0
3825 0
3826 0
3827 0
3828 0
3829 0
3830 0
3831 0
3832 0
3833 0
3834 0
3835 0
3836 0
3837 0
3838 0
3839 0
3840 0
3841 0
3842 0
3843 0
3844 0
3845 0
3846 0
3847 0
3848 0
3849 0
3850 0
3851 0
3852 0
3853 0
3854 0
3855 0
3856 0
3857 0
3858 0
3859 0
3860 0
3861 0
3862 0
3863 0
3864 0
3865 0
3866 0
3867 0
3868 0
3869 0
3870 0
3871 0
3872 0
3873 0
3874 0
3875 0
3876 0
3877 0
3878 0
3879 0
3880 0
3881 0
3882 0
3883 0
3884 0
3885 0
3886 0
3887 0
3888 0
3889 0
3890 0
3891 1
3892 0
3893 0
3894 0
3895 0
3896 0
3897 0
3898 0
3899 0
3900 0
3901 0
3902 0
3903 0
3904 0
3905 0
3906 0
3907 0
3908 0
3909 0
3910 0
3911 0
3912 0
3913 0
3914 0
3915 0
3916 0
3917 0
3918 0
3919 0
3920 0
3921 0
3922 0
3923 0
3924 0
3925 0
3926 0
3927 0
3928 0
3929 0
3930 0
3931 0
3932 0
3933 0
3934 0
3935 0
3936 0
3937 0
3938 0
3939 0
3940 0
3941 0
3942 0
3943 0
3944 0
3945 0
3946 0
3947 0
3948 0
3949 0
3950 0
3951 0
3952 0
3953 0
3954 0
3955 0
3956 0
3957 0
3958 0
3959 0
3960 0
3961 0
3962 0
3963 0
3964 0
3965 0
3966 0
3967 0
3968 0
3969 0
3970 0
3971 0
3972 0
3973 0
3974 0
3975 0
3976 0
3977 0
3978 0
3979 0
3980 0
3981 0
3982 0
3983 0
3984 0
3985 0
3986 0
3987 0
3988 0
3989 0
3990 0
3991 0
3992 0
3993 0
3994 0
3995 0
3996 0
3997 0
3998 0
3999 0
4000 0
4001 0
4002 0
4003 0
4004 0
4005 0
4006 0
4007 0
4008 0
4009 0
4010 0
4011 0
4012 0
4013 0
4014 0
4015 0
4016 0
4017 0
4018 0
4019 0
4020 0
4021 0
4022 0
4023 0
4024 0
4025 0
4026 0
4027 0
4028 0
4029 0
4030 0
4031 0
4032 0
4033 0
4034 0
4035 0
4036 0
4037 0
4038 0
4039 0
4040 0
4041 0
4042 0
4043 0
4044 0
4045 0
4046 0
4047 0
4048 0
4049 0
4050 0
4051 0
4052 0
4053 0
4054 0
4055 0
4056 0
4057 0
4058 0
4059 0
4060 0
4061 0
4062 0
4063 0
4064 0
4065 0
4066 0
4067 0
4068 0
4069 0
4070 0
4071 0
4072 0
4073 0
4074 0
4075 0
4076 0
4077 0
4078 0
4079 0
4080 0
4081 0
4082 0
4083 0
4084 0
4085 0
4086 0
4087 0
4088 0
4089 0
4090 0
4091 0
4092 0
4093 0
4094 0
4095 0
4096 0
4097 0
4098 0
4099 0
4100 0
4101 0
4102 0
4103 0
4104 0
4105 0
4106 0
4107 0
4108 0
4109 0
4110 0
4111 0
4112 0
4113 0
4114 0
4115 0
4116 0
4117 0
4118 0
4119 0
4120 0
4121 0
4122 0
4123 0
4124 0
4125 0
4126 0
4127 0
4128 0
4129 0
4130 0
4131 0
4132 0
4133 0
4134 0
4135 0
4136 0
4137 0
4138 0
4139 0
4140 0
4141 0
4142 0
4143 0
4144 0
4145 0
4146 0
4147 0
4148 0
4149 0
4150 0
4151 0
4152 0
4153 0
4154 0
4155 0
4156 0
4157 0
4158 0
4159 0
4160 0
4161 0
4162 0
4163 0
4164 0
4165 0
4166 0
4167 0
4168 0
4169 0
4170 0
4171 0
4172 0
4173 0
4174 0
4175 0
4176 0
4177 0
4178 0
4179 0
4180 1
4181 0
4182 0
4183 0
4184 0
4185 0
4186 0
4187 0
4188 0
4189 0
4190 0
4191 0
4192 0
4193 0
4194 0
4195 0
4196 0
4197 0
4198 0
4199 0
4200 0
4201 0
4202 0
4203 0
4204 0
4205 0
4206 0
4207 0
4208 0
4209 0
4210 0
4211 0
4212 0
4213 0
4214 0
4215 0
4216 0
4217 0
4218 0
4219 0
4220 0
4221 0
4222 1
4223 0
4224 0
4225 0
4226 0
4227 0
4228 0
4229 0
4230 0
4231 0
4232 0
4233 0
4234 0
4235 0
4236 0
4237 0
4238 0
4239 0
4240 0
4241 0
4242 0
4243 0
4244 0
4245 0
4246 0
4247 0
4248 0
4249 0
4250 0
4251 0
4252 0
4253 0
4254 0
4255 0
4256 0
4257 0
4258 0
4259 0
4260 0
4261 0
4262 0
4263 0
4264 0
4265 1
4266 1
4267 1
4268 2
4269 3
4270 4
4271 6
4272 6
4273 8
4274 10
4275 12
4276 10
4277 11
4278 6
4279 5
4280 5
4281 3
4282 1
4283 1
4284 0
4285 0
4286 0
4287 0
4288 0
4289 0
4290 0
4291 0
4292 0
4293 0
4294 0
4295 0
4296 0
4297 0
4298 0
4299 0
4300 0
4301 0
4302 0
4303 0
4304 0
4305 0
4306 0
4307 0
4308 0
4309 0
4310 0
4311 0
4312 0
4313 0
4314 0
4315 0
4316 0
4317 0
4318 0
4319 0
4320 0
4321 0
4322 0
4323 0
4324 0
4325 0
4326 0
4327 0
4328 0
4329 0
4330 0
4331 0
4332 0
4333 0
4334 0
4335 0
4336 0
4337 0
4338 0
4339 0
4340 0
4341 0
4342 0
4343 0
4344 0
4345 0
4346 0
4347 0
4348 0
4349 0
4350 0
4351 0
4352 0
4353 0
4354 0
4355 0
4356 0
4357 0
4358 0
4359 0
4360 0
4361 1
4362 3
4363 2
4364 0
4365 0
4366 0
4367 0
4368 0
4369 0
4370 0
4371 0
4372 0
4373 0
4374 0
4375 0
4376 0
4377 0
4378 0
4379 0
4380 0
4381 0
4382 0
4383 0
4384 0
4385 0
4386 0
4387 0
4388 0
4389 0
4390 0
4391 0
4392 0
4393 0
4394 0
4395 0
4396 0
4397 0
4398 0
4399 0
4400 0
4401 0
4402 0
4403 0
4404 0
4405 0
4406 0
4407 0
4408 0
4409 0
4410 0
4411 0
4412 0
4413 0
4414 0
4415 0
4416 0
4417 0
4418 0
4419 0
4420 0
4421 0
4422 0
4423 0
4424 0
4425 0
4426 0
4427 0
4428 0
4429 0
4430 0
4431 0
4432 0
4433 0
4434 0
4435 0
4436 0
4437 0
4438 0
4439 0
4440 0
4441 0
4442 0
4443 0
4444 0
4445 0
4446 0
4447 0
4448 0
4449 1
4450 2
4451 0
4452 0
4453 0
4454 0
4455 0
4456 0
4457 0
4458 0
4459 0
4460 0
4461 0
4462 0
4463 0
4464 0
4465 0
4466 0
4467 0
4468 0
4469 0
4470 0
4471 0
4472 0
4473 0
4474 0
4475 0
4476 0
4477 0
4478 0
4479 0
4480 0
4481 0
4482 0
4483 0
4484 0
4485 1
4486 1
4487 1
4488 0
4489 0
4490 0
4491 0
4492 0
4493 0
4494 0
4495 0
4496 0
4497 0
4498 0
4499 0
4500 0
4501 0
4502 0
4503 0
4504 0
4505 0
4506 0
4507 0
4508 0
4509 0
4510 0
4511 0
4512 0
4513 0
4514 0
4515 0
4516 0
4517 0
4518 0
4519 0
4520 0
4521 0
4522 0
4523 0
4524 0
4525 0
4526 0
4527 0
4528 0
4529 0
4530 0
4531 0
4532 0
4533 0
4534 0
4535 0
4536 0
4537 0
4538 0
4539 0
4540 0
4541 0
4542 0
4543 0
4544 0
4545 0
4546 0
4547 0
4548 0
4549 0
4550 0
4551 0
4552 0
4553 0
4554 0
4555 0
4556 0
4557 0
4558 0
4559 0
4560 0
4561 0
4562 0
4563 0
4564 0
4565 0
4566 0
4567 0
4568 0
4569 0
4570 0
4571 0
4572 0
4573 0
4574 0
4575 0
4576 0
4577 0
4578 0
4579 0
4580 0
4581 0
4582 0
4583 0
4584 0
4585 0
4586 0
4587 0
4588 0
4589 0
4590 0
4591 0
4592 0
4593 0
4594 0
4595 0
4596 0
4597 0
4598 0
4599 0
4600 0
4601 0
4602 0
4603 0
4604 0
4605 0
4606 0
4607 0
4608 0
4609 2
4610 1
4611 0
4612 0
4613 0
4614 0
4615 0
4616 0
4617 0
4618 0
4619 0
4620 0
4621 0
4622 0
4623 0
4624 0
4625 0
4626 1
4627 0
4628 0
4629 0
4630 0
4631 0
4632 0
4633 0
4634 0
4635 0
4636 0
4637 0
4638 0
4639 0
4640 0
4641 0
4642 0
4643 0
4644 0
4645 0
4646 0
4647 1
4648 0
4649 0
4650 0
4651 0
4652 0
4653 0
4654 0
4655 0
4656 0
4657 0
4658 0
4659 0
4660 0
4661 0
4662 0
4663 0
4664 0
4665 0
4666 0
4667 0
4668 0
4669 0
4670 0
4671 0
4672 0
4673 0
4674 0
4675 0
4676 0
4677 0
4678 0
4679 0
4680 0
4681 0
4682 0
4683 0
4684 0
4685 0
4686 0
4687 0
4688 1
4689 2
4690 2
4691 3
4692 2
4693 1
4694 1
4695 2
4696 0
4697 0
4698 0
4699 0
4700 0
4701 0
4702 0
4703 0
4704 0
4705 0
4706 0
4707 0
4708 0
4709 0
4710 0
4711 0
4712 0
4713 0
4714 0
4715 0
4716 0
4717 0
4718 0
4719 0
4720 0
4721 0
4722 0
4723 0
4724 0
4725 0
4726 0
4727 0
4728 0
4729 0
4730 0
4731 0
4732 0
4733 0
4734 0
4735 0
4736 0
4737 0
4738 0
4739 0
4740 0
4741 0
4742 0
4743 0
4744 0
4745 0
4746 0
4747 0
4748 0
4749 0
4750 0
4751 0
4752 0
4753 0
4754 0
4755 0
4756 0
4757 0
4758 0
4759 0
4760 0
4761 0
4762 0
4763 0
4764 0
4765 0
4766 0
4767 0
4768 0
4769 0
4770 0
4771 0
4772 0
4773 0
4774 0
4775 0
4776 0
4777 0
4778 0
4779 0
4780 0
4781 0
4782 0
4783 0
4784 0
4785 0
4786 0
4787 0
4788 0
4789 0
4790 0
4791 0
4792 0
4793 0
4794 0
4795 0
4796 0
4797 0
4798 0
4799 0
4800 0
4801 0
4802 0
4803 0
4804 0
4805 0
4806 0
4807 0
4808 0
4809 1
4810 0
4811 0
4812 0
4813 0
4814 0
4815 0
4816 0
4817 0
4818 0
4819 0
4820 0
4821 0
4822 0
4823 0
4824 0
4825 0
4826 0
4827 0
4828 0
4829 0
4830 0
4831 0
4832 0
4833 0
4834 0
4835 0
4836 0
4837 0
4838 0
4839 0
4840 0
4841 0
4842 0
4843 0
4844 0
4845 0
4846 0
4847 0
4848 0
4849 0
4850 0
4851 0
4852 0
4853 0
4854 0
4855 0
4856 0
4857 0
4858 0
4859 0
4860 0
4861 0
4862 1
4863 0
4864 0
4865 0
4866 0
4867 1
4868 1
4869 0
4870 0
4871 0
4872 0
4873 0
4874 0
4875 0
4876 0
4877 0
4878 0
4879 0
4880 0
4881 0
4882 0
4883 0
4884 0
4885 0
4886 0
4887 0
4888 0
4889 0
4890 0
4891 0
4892 0
4893 0
4894 0
4895 0
4896 0
4897 0
4898 0
4899 0
4900 0
4901 0
4902 0
4903 0
4904 0
4905 0
4906 0
4907 0
4908 0
4909 0
4910 0
4911 0
4912 0
4913 0
4914 0
4915 0
4916 0
4917 0
4918 0
4919 0
4920 0
4921 0
4922 0
4923 0
4924 1
4925 2
4926 2
4927 1
4928 3
4929 1
4930 1
4931 2
4932 5
4933 1
4934 2
4935 1
4936 2
4937 0
4938 0
4939 0
4940 0
4941 0
4942 0
4943 0
4944 0
4945 0
4946 0
4947 0
4948 0
4949 0
4950 0
4951 0
4952 0
4953 0
4954 1
4955 2
4956 3
4957 2
4958 1
4959 0
4960 0
4961 0
4962 0
4963 0
4964 0
4965 0
4966 0
4967 0
4968 0
4969 0
4970 0
4971 0
4972 0
4973 0
4974 0
4975 0
4976 0
4977 0
4978 0
4979 0
4980 0
4981 0
4982 0
4983 0
4984 0
4985 0
4986 0
4987 0
4988 0
4989 0
4990 0
4991 0
4992 0
4993 0
4994 0
4995 0
4996 0
4997 0
4998 0
4999 0
5000 0
5001 0
5002 0
5003 0
5004 0
5005 0
5006 0
5007 0
5008 0
5009 0
5010 0
5011 0
5012 0
5013 1
5014 0
5015 0
5016 0
5017 0
5018 0
5019 0
5020 0
5021 2
5022 2
5023 2
5024 3
5025 6
5026 2
5027 0
5028 0
5029 0
5030 0
5031 0
5032 0
5033 0
5034 0
5035 0
5036 0
5037 0
5038 0
5039 0
5040 0
5041 0
5042 0
5043 0
5044 0
5045 0
5046 0
5047 0
5048 0
5049 0
5050 0
5051 0
5052 0
5053 0
5054 0
5055 0
5056 0
5057 0
5058 0
5059 0
5060 0
5061 0
5062 0
5063 0
5064 1
5065 2
5066 1
5067 0
5068 0
5069 0
5070 0
5071 0
5072 0
5073 0
5074 0
5075 0
5076 0
5077 0
5078 0
5079 0
5080 0
5081 0
5082 0
5083 0
5084 0
5085 0
5086 0
5087 0
5088 0
5089 0
5090 0
5091 0
5092 0
5093 0
5094 0
5095 0
5096 0
5097 0
5098 0
5099 0
5100 0
5101 0
5102 0
5103 0
5104 0
5105 0
5106 0
5107 0
5108 0
5109 0
5110 0
5111 0
5112 0
5113 0
5114 0
5115 0
5116 0
5117 0
5118 0
5119 0
5120 0
5121 0
5122 0
5123 0
5124 0
5125 0
5126 0
5127 0
5128 0
5129 0
5130 0
5131 0
5132 0
5133 0
5134 0
5135 0
5136 0
5137 0
5138 0
5139 0
5140 0
5141 0
5142 0
5143 0
5144 0
5145 0
5146 0
5147 0
5148 0
5149 0
5150 0
5151 0
5152 0
5153 0
5154 0
5155 0
5156 0
5157 0
5158 0
5159 0
5160 0
5161 0
5162 0
5163 0
5164 0
5165 0
5166 0
5167 0
5168 0
5169 0
5170 0
5171 0
5172 0
5173 0
5174 0
5175 0
5176 0
5177 0
5178 0
5179 0
5180 0
5181 0
5182 0
5183 0
5184 0
5185 0
5186 0
5187 0
5188 0
5189 0
5190 0
5191 0
5192 0
5193 0
5194 0
5195 0
5196 0
5197 0
5198 0
5199 0
5200 0
5201 0
5202 0
5203 0
5204 0
5205 0
5206 0
5207 0
5208 0
5209 0
5210 0
5211 0
5212 0
5213 0
5214 0
5215 0
5216 0
5217 0
5218 0
5219 0
5220 0
5221 0
5222 0
5223 0
5224 0
5225 0
5226 0
5227 0
5228 0
5229 0
5230 0
5231 0
5232 0
5233 0
5234 0
5235 0
5236 0
5237 0
5238 0
5239 0
5240 0
5241 0
5242 1
5243 2
5244 1
5245 1
5246 1
5247 0
5248 0
5249 0
5250 0
5251 0
5252 0
5253 0
5254 0
5255 0
5256 0
5257 0
5258 0
5259 0
5260 0
5261 0
5262 0
5263 0
5264 0
5265 0
5266 0
5267 0
5268 1
5269 0
5270 1
5271 1
5272 1
5273 1
5274 2
5275 3
5276 3
5277 2
5278 0
5279 0
5280 0
5281 0
5282 0
5283 0
5284 0
5285 0
5286 0
5287 0
5288 0
5289 0
5290 0
5291 0
5292 0
5293 0
5294 0
5295 0
5296 0
5297 0
5298 0
5299 0
5300 0
5301 0
5302 0
5303 0
5304 0
5305 0
5306 0
5307 0
5308 0
5309 0
5310 0
5311 0
5312 0
5313 0
5314 0
5315 0
5316 0
5317 0
5318 0
5319 0
5320 0
5321 2
5322 2
5323 0
5324 0
5325 0
5326 0
5327 0
5328 0
5329 0
5330 0
5331 0
5332 0
5333 0
5334 0
5335 0
5336 0
5337 0
5338 0
5339 0
5340 0
5341 0
5342 0
5343 0
5344 0
5345 0
5346 0
5347 0
5348 0
5349 0
5350 0
5351 0
5352 0
5353 0
5354 1
5355 1
5356 0
5357 1
5358 1
5359 0
5360 0
5361 0
5362 0
5363 0
5364 0
5365 0
5366 0
5367 0
5368 0
5369 0
5370 0
5371 0
5372 0
5373 0
5374 0
5375 0
5376 0
5377 0
5378 0
5379 0
5380 0
5381 0
5382 0
5383 0
5384 0
5385 0
5386 0
5387 0
5388 0
5389 0
5390 0
5391 0
5392 0
5393 0
5394 0
5395 0
5396 0
5397 0
5398 0
5399 0
5400 0
5401 0
5402 0
5403 0
5404 0
5405 0
5406 0
5407 0
5408 0
5409 0
5410 0
5411 0
5412 0
5413 0
5414 0
5415 0
5416 0
5417 0
5418 0
5419 0
5420 0
5421 0
5422 0
5423 0
5424 0
5425 0
5426 0
5427 0
5428 0
5429 0
5430 0
5431 0
5432 0
5433 0
5434 0
5435 0
5436 0
5437 0
5438 0
5439 0
5440 0
5441 0
5442 0
5443 0
5444 0
5445 0
5446 0
5447 0
5448 0
5449 0
5450 0
5451 0
5452 0
5453 0
5454 0
5455 0
5456 0
5457 0
5458 0
5459 0
5460 0
5461 1
5462 0
5463 0
5464 0
5465 0
5466 0
5467 0
5468 0
5469 0
5470 0
5471 0
5472 0
5473 0
5474 0
5475 0
5476 1
5477 0
5478 0
5479 0
5480 1
5481 1
5482 2
5483 2
5484 5
5485 6
5486 11
5487 12
5488 16
5489 14
5490 12
5491 9
5492 6
5493 3
5494 3
5495 3
5496 5
5497 5
5498 3
5499 4
5500 5
5501 5
5502 7
5503 3
5504 3
5505 4
5506 4
5507 7
5508 9
5509 8
5510 6
5511 8
5512 8
5513 2
5514 2
5515 1
5516 3
5517 5
5518 3
5519 3
5520 4
5521 5
5522 1
5523 0
5524 0
5525 0
5526 0
5527 0
5528 0
5529 0
5530 0
5531 0
5532 0
5533 0
5534 1
5535 0
5536 0
5537 0
5538 0
5539 0
5540 0
5541 0
5542 0
5543 1
5544 4
5545 5
5546 4
5547 3
5548 2
5549 2
5550 1
5551 0
5552 0
5553 0
5554 0
5555 0
5556 0
5557 0
5558 0
5559 0
5560 0
5561 0
5562 0
5563 0
5564 0
5565 1
5566 1
5567 1
5568 0
5569 0
5570 0
5571 0
5572 0
5573 0
5574 0
5575 0
5576 0
5577 0
5578 0
5579 0
5580 0
5581 0
5582 0
5583 0
5584 0
5585 0
5586 0
5587 0
5588 0
5589 0
5590 0
5591 0
5592 0
5593 0
5594 0
5595 0
5596 0
5597 0
5598 0
5599 0
5600 0
5601 0
5602 0
5603 0
5604 0
5605 0
5606 0
5607 0
5608 0
5609 0
5610 0
5611 0
5612 0
5613 0
5614 0
5615 0
5616 0
5617 0
5618 0
5619 0
5620 0
5621 0
5622 0
5623 0
5624 0
5625 0
5626 0
5627 0
5628 0
5629 0
5630 0
5631 0
5632 0
5633 0
5634 0
5635 0
5636 0
5637 0
5638 0
5639 0
5640 0
5641 0
5642 0
5643 0
5644 0
5645 0
5646 0
5647 0
5648 0
5649 0
5650 0
5651 0
5652 0
5653 0
5654 0
5655 0
5656 1
5657 0
5658 0
5659 0
5660 0
5661 0
5662 0
5663 0
5664 0
5665 0
5666 0
5667 0
5668 0
5669 0
5670 0
5671 0
5672 0
5673 0
5674 0
5675 0
5676 0
5677 0
5678 0
5679 0
5680 0
5681 0
5682 0
5683 0
5684 0
5685 0
5686 0
5687 0
5688 0
5689 0
5690 0
5691 0
5692 0
5693 0
5694 0
5695 0
5696 0
5697 0
5698 0
5699 0
5700 0
5701 0
5702 0
5703 0
5704 0
5705 0
5706 0
5707 0
5708 0
5709 0
5710 0
5711 0
5712 0
5713 0
5714 0
5715 0
5716 0
5717 0
5718 0
5719 0
5720 0
5721 0
5722 0
5723 0
5724 0
5725 0
5726 0
5727 0
5728 0
5729 0
5730 0
5731 0
5732 0
5733 0
5734 0
5735 0
5736 0
5737 0
5738 0
5739 0
5740 0
5741 0
5742 0
5743 0
5744 0
5745 0
5746 0
5747 0
5748 0
5749 0
5750 0
5751 0
5752 0
5753 0
5754 0
5755 0
5756 0
5757 0
5758 0
5759 0
5760 0
5761 0
5762 0
5763 0
5764 0
5765 0
5766 0
5767 0
5768 0
5769 0
5770 0
5771 0
5772 0
5773 0
5774 0
5775 0
5776 0
5777 0
5778 0
5779 0
5780 0
5781 0
5782 0
5783 0
5784 0
5785 0
5786 0
5787 0
5788 0
5789 0
5790 0
5791 0
5792 0
5793 0
5794 0
5795 0
5796 0
5797 0
5798 0
5799 0
5800 0
5801 0
5802 0
5803 0
5804 0
5805 0
5806 0
5807 0
5808 0
5809 0
5810 0
5811 0
5812 0
5813 0
5814 0
5815 0
5816 0
5817 0
5818 0
5819 0
5820 0
5821 0
5822 0
5823 0
5824 0
5825 0
5826 0
5827 0
5828 0
5829 0
5830 0
5831 0
5832 0
5833 0
5834 0
5835 0
5836 0
5837 0
5838 0
5839 0
5840 0
5841 0
5842 0
5843 0
5844 0
5845 0
5846 0
5847 0
5848 0
5849 0
5850 0
5851 1
5852 0
5853 0
5854 0
5855 0
5856 0
5857 0
5858 0
5859 0
5860 0
5861 0
5862 0
5863 0
5864 0
5865 0
5866 0
5867 0
5868 0
5869 0
5870 0
5871 0
5872 0
5873 0
5874 0
5875 0
5876 0
5877 0
5878 0
5879 0
5880 0
5881 0
5882 0
5883 0
5884 0
5885 0
5886 0
5887 0
5888 0
5889 0
5890 0
5891 0
5892 0
5893 0
5894 0
5895 0
5896 0
5897 0
5898 0
5899 0
5900 0
5901 0
5902 0
5903 0
5904 0
5905 0
5906 0
5907 0
5908 0
5909 0
5910 0
5911 0
5912 0
5913 0
5914 0
5915 0
5916 0
5917 0
5918 0
5919 0
5920 0
5921 0
5922 0
5923 1
5924 2
5925 1
5926 0
5927 0
5928 0
5929 0
5930 0
5931 0
5932 0
5933 0
5934 0
5935 0
5936 0
5937 0
5938 0
5939 0
5940 0
5941 0
5942 0
5943 0
5944 0
5945 0
5946 0
5947 0
5948 0
5949 0
5950 0
5951 0
5952 0
5953 0
5954 0
5955 0
5956 0
5957 0
5958 0
5959 0
5960 0
5961 0
5962 0
5963 0
5964 0
5965 0
5966 0
5967 0
5968 0
5969 0
5970 0
5971 0
5972 0
5973 0
5974 0
5975 0
5976 0
5977 0
5978 0
5979 0
5980 0
5981 0
5982 0
5983 0
5984 0
5985 0
5986 0
5987 0
5988 0
5989 0
5990 0
5991 0
5992 0
5993 0
5994 0
5995 0
5996 0
5997 0
5998 0
5999 0
6000 0
6001 0
6002 0
6003 0
6004 0
6005 0
6006 0
6007 0
6008 0
6009 0
6010 0
6011 0
6012 0
6013 0
6014 0
6015 0
6016 0
6017 0
6018 0
6019 0
6020 0
6021 0
6022 0
6023 0
6024 0
6025 0
6026 0
6027 0
6028 0
6029 0
6030 0
6031 0
6032 0
6033 0
6034 0
6035 0
6036 0
6037 0
6038 0
6039 0
6040 0
6041 0
6042 0
6043 0
6044 0
6045 0
6046 0
6047 0
6048 0
6049 0
6050 0
6051 0
6052 0
6053 0
6054 0
6055 0
6056 0
6057 0
6058 0
6059 0
6060 0
6061 0
6062 0
6063 0
6064 0
6065 0
6066 0
6067 0
6068 0
6069 0
6070 0
6071 0
6072 0
6073 0
6074 0
6075 0
6076 0
6077 0
6078 0
6079 0
6080 0
6081 0
6082 0
6083 0
6084 0
6085 0
6086 0
6087 0
6088 0
6089 0
6090 0
6091 0
6092 0
6093 0
6094 0
6095 0
6096 0
6097 0
6098 0
6099 0
6100 0
6101 0
6102 1
6103 0
6104 0
6105 0
6106 1
6107 0
6108 0
6109 0
6110 0
6111 0
6112 0
6113 0
6114 0
6115 0
6116 0
6117 1
6118 1
6119 4
6120 4
6121 3
6122 4
6123 6
6124 7
6125 8
6126 10
6127 8
6128 11
6129 8
6130 7
6131 11
6132 9
6133 9
6134 10
6135 17
6136 17
6137 17
6138 15
6139 21
6140 21
6141 27
6142 27
6143 31
6144 34
6145 35
6146 35
6147 34
6148 44
6149 45
6150 43
6151 54
6152 54
6153 50
6154 64
6155 59
6156 58
6157 52
6158 64
6159 55
6160 55
6161 51
6162 48
6163 36
6164 40
6165 43
6166 46
6167 42
6168 52
6169 52
6170 55
6171 60
6172 60
6173 59
6174 60
6175 50
6176 38
6177 43
6178 50
6179 45
6180 42
6181 44
6182 35
6183 29
6184 28
6185 27
6186 26
6187 31
6188 36
6189 26
6190 19
6191 31
6192 33
6193 31
6194 26
6195 28
6196 26
6197 22
6198 20
6199 20
6200 21
6201 20
6202 28
6203 32
6204 36
6205 27
6206 32
6207 34
6208 31
6209 34
6210 29
6211 38
6212 43
6213 35
6214 37
6215 42
6216 37
6217 48
6218 52
6219 43
6220 32
6221 32
6222 34
6223 43
6224 39
6225 30
6226 37
6227 42
6228 38
6229 39
6230 43
6231 45
6232 41
6233 41
6234 47
6235 46
6236 43
6237 48
6238 48
6239 47
6240 45
6241 43
6242 43
6243 45
6244 41
6245 43
6246 33
6247 29
6248 32
6249 26
6250 24
6251 19
6252 16
6253 18
6254 17
6255 18
6256 16
6257 16
6258 15
6259 16
6260 14
6261 16
6262 10
6263 4
6264 4
6265 2
6266 2
6267 2
6268 0
6269 0
6270 0
6271 0
6272 0
6273 0
6274 0
6275 0
6276 0
6277 0
6278 0
6279 0
6280 0
6281 0
6282 0
6283 0
6284 0
6285 0
6286 0
6287 0
6288 0
6289 0
6290 0
6291 0
6292 0
6293 0
6294 0
6295 0
6296 0
6297 0
6298 0
6299 0
6300 0
6301 0
6302 0
6303 0
6304 0
6305 0
6306 0
6307 0
6308 0
6309 0
6310 0
6311 0
6312 0
6313 0
6314 0
6315 0
6316 0
6317 0
6318 0
6319 0
6320 0
6321 0
6322 0
6323 0
6324 0
6325 0
6326 0
6327 0
6328 0
6329 0
6330 0
6331 0
6332 0
6333 0
6334 0
6335 0
6336 0
6337 0
6338 0
6339 0
6340 0
6341 1
6342 0
6343 0
6344 0
6345 0
6346 0
6347 0
6348 1
6349 2
6350 0
6351 0
6352 0
6353 0
6354 0
6355 0
6356 0
6357 0
6358 0
6359 0
6360 0
6361 0
6362 0
6363 0
6364 0
6365 0
6366 0
6367 0
6368 0
6369 0
6370 0
6371 0
6372 0
6373 0
6374 0
6375 0
6376 0
6377 0
6378 0
6379 0
6380 0
6381 0
6382 0
6383 0
6384 0
6385 0
6386 0
6387 0
6388 0
6389 0
6390 0
6391 0
6392 0
6393 0
6394 0
6395 0
6396 0
6397 0
6398 0
6399 0
6400 0
6401 0
6402 0
6403 0
6404 0
6405 0
6406 0
6407 0
6408 0
6409 0
6410 0
6411 0
6412 0
6413 0
6414 0
6415 0
6416 0
6417 0
6418 0
6419 0
6420 0
6421 0
6422 0
6423 0
6424 0
6425 0
6426 0
6427 0
6428 0
6429 0
6430 0
6431 0
6432 0
6433 0
6434 0
6435 0
6436 0
6437 0
6438 0
6439 0
6440 0
6441 0
6442 0
6443 0
6444 0
6445 0
6446 0
6447 0
6448 0
6449 0
6450 0
6451 0
6452 0
6453 0
6454 0
6455 0
6456 0
6457 1
6458 1
6459 1
6460 0
6461 0
6462 0
6463 0
6464 0
6465 0
6466 0
6467 0
6468 0
6469 0
6470 0
6471 0
6472 1
6473 1
6474 0
6475 0
6476 0
6477 0
6478 0
6479 0
6480 0
6481 0
6482 0
6483 0
6484 0
6485 0
6486 0
6487 0
6488 0
6489 0
6490 0
6491 0
6492 1
6493 0
6494 0
6495 0
6496 0
6497 0
6498 0
6499 0
6500 0
6501 0
6502 0
6503 0
6504 0
6505 0
6506 0
6507 0
6508 0
6509 0
6510 0
6511 0
6512 0
6513 0
6514 0
6515 0
6516 0
6517 0
6518 0
6519 0
6520 0
6521 0
6522 0
6523 0
6524 0
6525 0
6526 0
6527 0
6528 0
6529 0
6530 0
6531 0
6532 0
6533 0
6534 0
6535 0
6536 0
6537 0
6538 0
6539 0
6540 0
6541 0
6542 0
6543 0
6544 0
6545 0
6546 0
6547 0
6548 0
6549 0
6550 0
6551 0
6552 0
6553 0
6554 0
6555 0
6556 0
6557 0
6558 0
6559 0
6560 0
6561 0
6562 0
6563 0
6564 0
6565 0
6566 0
6567 0
6568 1
6569 0
6570 0
6571 0
6572 0
6573 0
6574 0
6575 0
6576 0
6577 0
6578 0
6579 0
6580 0
6581 0
6582 0
6583 0
6584 0
6585 0
6586 0
6587 0
6588 0
6589 0
6590 0
6591 0
6592 0
6593 0
6594 0
6595 0
6596 0
6597 0
6598 0
6599 0
6600 0
6601 0
6602 0
6603 0
6604 0
6605 0
6606 0
6607 0
6608 0
6609 0
6610 0
6611 0
6612 0
6613 0
6614 0
6615 0
6616 0
6617 0
6618 0
6619 0
6620 0
6621 0
6622 0
6623 0
6624 0
6625 0
6626 0
6627 0
6628 0
6629 0
6630 0
6631 0
6632 0
6633 0
6634 0
6635 0
6636 0
6637 0
6638 0
6639 0
6640 0
6641 0
6642 0
6643 0
6644 0
6645 0
6646 0
6647 0
6648 0
6649 0
6650 0
6651 0
6652 0
6653 0
6654 0
6655 0
6656 0
6657 0
6658 0
6659 0
6660 0
6661 0
6662 0
6663 0
6664 0
6665 0
6666 0
6667 0
6668 0
6669 0
6670 0
6671 0
6672 0
6673 0
6674 0
6675 0
6676 0
6677 0
6678 0
6679 0
6680 0
6681 0
6682 0
6683 0
6684 0
6685 0
6686 0
6687 0
6688 0
6689 0
6690 0
6691 0
6692 0
6693 0
6694 0
6695 0
6696 0
6697 0
6698 0
6699 0
6700 0
6701 0
6702 0
6703 0
6704 0
6705 0
6706 0
6707 0
6708 0
6709 0
6710 0
6711 0
6712 0
6713 0
6714 0
6715 0
6716 0
6717 0
6718 0
6719 0
6720 0
6721 0
6722 0
6723 0
6724 1
6725 1
6726 3
6727 6
6728 11
6729 14
6730 11
6731 10
6732 10
6733 7
6734 3
6735 3
6736 4
6737 1
6738 2
6739 1
6740 0
6741 0
6742 0
6743 0
6744 0
6745 0
6746 0
6747 0
6748 1
6749 2
6750 3
6751 0
6752 0
6753 0
6754 0
6755 0
6756 0
6757 0
6758 0
6759 0
6760 0
6761 0
6762 0
6763 0
6764 0
6765 0
6766 0
6767 0
6768 0
6769 0
6770 0
6771 0
6772 0
6773 0
6774 0
6775 0
6776 0
6777 0
6778 0
6779 0
6780 0
6781 1
6782 0
6783 0
6784 0
6785 0
6786 0
6787 0
6788 0
6789 0
6790 0
6791 0
6792 0
6793 0
6794 0
6795 0
6796 0
6797 0
6798 0
6799 0
6800 0
6801 0
6802 0
6803 0
6804 0
6805 0
6806 0
6807 0
6808 0
6809 0
6810 0
6811 0
6812 0
6813 0
6814 0
6815 0
6816 0
6817 0
6818 0
6819 0
6820 0
6821 0
6822 0
6823 0
6824 0
6825 0
6826 0
6827 0
6828 0
6829 0
6830 0
6831 0
6832 0
6833 0
6834 0
6835 0
6836 0
6837 0
6838 0
6839 0
6840 0
6841 0
6842 0
6843 0
6844 0
6845 0
6846 0
6847 0
6848 0
6849 0
6850 0
6851 0
6852 0
6853 0
6854 0
6855 0
6856 0
6857 0
6858 0
6859 0
6860 0
6861 0
6862 0
6863 0
6864 0
6865 0
6866 0
6867 0
6868 0
6869 0
6870 0
6871 0
6872 0
6873 0
6874 0
6875 0
6876 0
6877 0
6878 0
6879 0
6880 0
6881 0
6882 0
6883 0
6884 0
6885 0
6886 0
6887 0
6888 0
6889 0
6890 0
6891 0
6892 0
6893 0
6894 0
6895 0
6896 0
6897 0
6898 0
6899 0
6900 1
6901 1
6902 1
6903 0
6904 0
6905 0
6906 1
6907 1
6908 1
6909 1
6910 4
6911 4
6912 2
6913 1
6914 1
6915 0
6916 0
6917 0
6918 0
6919 0
6920 0
6921 0
6922 0
6923 0
6924 0
6925 0
6926 0
6927 0
6928 0
6929 0
6930 0
6931 0
6932 0
6933 0
6934 0
6935 0
6936 0
6937 0
6938 0
6939 0
6940 0
6941 0
6942 0
6943 0
6944 0
6945 0
6946 0
6947 0
6948 1
6949 2
6950 1
6951 2
6952 3
6953 1
6954 3
6955 1
6956 2
6957 1
6958 0
6959 0
6960 0
6961 0
6962 0
6963 0
6964 0
6965 0
6966 0
6967 0
6968 0
6969 0
6970 0
6971 0
6972 0
6973 0
6974 0
6975 0
6976 0
6977 0
6978 0
6979 0
6980 0
6981 0
6982 0
6983 0
6984 0
6985 0
6986 0
6987 0
6988 0
6989 0
6990 0
6991 0
6992 0
6993 0
6994 0
6995 0
6996 0
6997 0
6998 0
6999 0
7000 0
7001 0
7002 0
7003 0
7004 0
7005 0
7006 0
7007 0
7008 0
7009 0
7010 0
7011 0
7012 0
7013 0
7014 1
7015 0
7016 0
7017 0
7018 0
7019 1
7020 1
7021 0
7022 0
7023 0
7024 0
7025 0
7026 0
7027 0
7028 0
7029 0
7030 0
7031 0
7032 0
7033 0
7034 0
7035 0
7036 0
7037 0
7038 0
7039 0
7040 0
7041 0
7042 0
7043 0
7044 0
7045 0
7046 0
7047 0
7048 0
7049 0
7050 0
7051 0
7052 0
7053 0
7054 0
7055 0
7056 0
7057 0
7058 0
7059 0
7060 0
7061 0
7062 0
7063 0
7064 0
7065 0
7066 0
7067 0
7068 0
7069 0
7070 0
7071 0
7072 0
7073 0
7074 0
7075 0
7076 0
7077 0
7078 0
7079 0
7080 0
7081 0
7082 0
7083 0
7084 0
7085 1
7086 2
7087 2
7088 1
7089 1
7090 0
7091 0
7092 0
7093 0
7094 0
7095 0
7096 0
7097 1
7098 0
7099 0
7100 0
7101 0
7102 0
7103 0
7104 0
7105 0
7106 0
7107 0
7108 0
7109 0
7110 0
7111 0
7112 0
7113 0
7114 0
7115 0
7116 1
7117 3
7118 3
7119 2
7120 3
7121 4
7122 7
7123 11
7124 8
7125 9
7126 9
7127 7
7128 8
7129 12
7130 14
7131 8
7132 4
7133 3
7134 4
7135 7
7136 8
7137 12
7138 6
7139 5
7140 7
7141 6
7142 1
7143 0
7144 0
7145 0
7146 0
7147 0
7148 0
7149 0
7150 0
7151 0
7152 0
7153 0
7154 0
7155 0
7156 0
7157 0
7158 0
7159 0
7160 0
7161 0
7162 0
7163 0
7164 0
7165 0
7166 0
7167 0
7168 0
7169 0
7170 0
7171 1
7172 1
7173 0
7174 0
7175 0
7176 0
7177 0
7178 0
7179 0
7180 0
7181 0
7182 1
7183 1
7184 3
7185 2
7186 1
7187 2
7188 2
7189 1
7190 1
7191 0
7192 0
7193 0
7194 0
7195 0
7196 0
7197 0
7198 0
7199 0
7200 0
7201 0
7202 0
7203 0
7204 0
7205 0
7206 0
7207 0
7208 0
7209 0
7210 0
7211 0
7212 0
7213 0
7214 0
7215 0
7216 0
7217 0
7218 0
7219 0
7220 0
7221 0
7222 0
7223 0
7224 0
7225 0
7226 0
7227 0
7228 0
7229 0
7230 0
7231 0
7232 0
7233 0
7234 0
7235 0
7236 0
7237 0
7238 0
7239 0
7240 0
7241 0
7242 0
7243 0
7244 0
7245 0
7246 0
7247 0
7248 0
7249 0
7250 0
7251 0
7252 0
7253 0
7254 0
7255 0
7256 0
7257 0
7258 0
7259 0
7260 0
7261 0
7262 0
7263 0
7264 0
7265 0
7266 0
7267 0
7268 0
7269 0
7270 0
7271 0
7272 0
7273 0
7274 0
7275 0
7276 1
7277 2
7278 1
7279 2
7280 0
7281 0
7282 0
7283 0
7284 1
7285 0
7286 0
7287 0
7288 0
7289 0
7290 0
7291 0
7292 0
7293 0
7294 0
7295 0
7296 0
7297 0
7298 0
7299 0
7300 0
7301 0
7302 0
7303 0
7304 1
7305 3
7306 4
7307 4
7308 12
7309 11
7310 15
7311 13
7312 10
7313 11
7314 6
7315 8
7316 4
7317 4
7318 4
7319 3
7320 4
7321 7
7322 7
7323 8
7324 5
7325 2
7326 1
7327 0
7328 0
7329 0
7330 0
7331 0
7332 0
7333 0
7334 0
7335 0
7336 0
7337 0
7338 0
7339 0
7340 0
7341 0
7342 0
7343 0
7344 0
7345 0
7346 0
7347 0
7348 0
7349 0
7350 0
7351 0
7352 0
7353 0
7354 0
7355 0
7356 0
7357 0
7358 0
7359 0
7360 0
7361 0
7362 0
7363 0
7364 0
7365 0
7366 0
7367 0
7368 0
7369 0
7370 0
7371 0
7372 0
7373 0
7374 0
7375 0
7376 0
7377 1
7378 0
7379 0
7380 0
7381 0
7382 0
7383 0
7384 0
7385 0
7386 0
7387 0
7388 0
7389 0
7390 0
7391 0
7392 0
7393 0
7394 0
7395 0
7396 0
7397 0
7398 0
7399 0
7400 0
7401 0
7402 0
7403 0
7404 0
7405 0
7406 0
7407 0
7408 0
7409 0
7410 0
7411 0
7412 0
7413 0
7414 0
7415 0
7416 0
7417 0
7418 0
7419 0
7420 0
7421 0
7422 0
7423 0
7424 0
7425 0
7426 0
7427 0
7428 0
7429 0
7430 0
7431 0
7432 0
7433 0
7434 0
7435 0
7436 1
7437 0
7438 0
7439 0
7440 0
7441 0
7442 0
7443 0
7444 0
7445 0
7446 0
7447 0
7448 0
7449 0
7450 0
7451 0
7452 0
7453 0
7454 0
7455 0
7456 0
7457 0
7458 0
7459 0
7460 0
7461 0
7462 0
7463 0
7464 0
7465 0
7466 0
7467 1
7468 1
7469 1
7470 0
7471 0
7472 0
7473 0
7474 0
7475 0
7476 0
7477 0
7478 0
7479 0
7480 0
7481 0
7482 0
7483 0
7484 0
7485 0
7486 0
7487 0
7488 0
7489 0
7490 0
7491 0
7492 0
7493 0
7494 0
7495 0
7496 0
7497 0
7498 0
7499 0
7500 0
7501 0
7502 0
7503 0
7504 0
7505 0
7506 0
7507 0
7508 0
7509 0
7510 0
7511 0
7512 0
7513 0
7514 0
7515 0
7516 0
7517 0
7518 0
7519 0
7520 0
7521 0
7522 0
7523 0
7524 0
7525 0
7526 0
7527 0
7528 0
7529 0
7530 0
7531 0
7532 0
7533 0
7534 0
7535 1
7536 4
7537 5
7538 3
7539 6
7540 3
7541 3
7542 3
7543 0
7544 0
7545 0
7546 0
7547 0
7548 0
7549 0
7550 0
7551 0
7552 0
7553 0
7554 0
7555 0
7556 0
7557 0
7558 0
7559 0
7560 0
7561 0
7562 0
7563 0
7564 0
7565 0
7566 0
7567 0
7568 0
7569 0
7570 0
7571 0
7572 0
7573 0
7574 0
7575 0
7576 0
7577 0
7578 0
7579 0
7580 0
7581 0
7582 0
7583 0
7584 0
7585 0
7586 0
7587 0
7588 0
7589 0
7590 0
7591 0
7592 0
7593 0
7594 0
7595 0
7596 0
7597 0
7598 0
7599 0
7600 0
7601 0
7602 0
7603 0
7604 0
7605 0
7606 0
7607 0
7608 0
7609 0
7610 0
7611 0
7612 0
7613 0
7614 0
7615 0
7616 0
7617 0
7618 0
7619 0
7620 0
7621 0
7622 0
7623 0
7624 0
7625 0
7626 0
7627 0
7628 0
7629 0
7630 0
7631 0
7632 0
7633 0
7634 0
7635 0
7636 0
7637 0
7638 0
7639 0
7640 0
7641 0
7642 0
7643 0
7644 1
7645 0
7646 0
7647 0
7648 0
7649 0
7650 0
7651 0
7652 0
7653 0
7654 0
7655 0
7656 0
7657 0
7658 0
7659 0
7660 0
7661 0
7662 0
7663 0
7664 0
7665 0
7666 0
7667 0
7668 0
7669 0
7670 0
7671 0
7672 0
7673 0
7674 0
7675 0
7676 0
7677 0
7678 0
7679 0
7680 0
7681 0
7682 0
7683 0
7684 0
7685 0
7686 0
7687 0
7688 0
7689 0
7690 0
7691 0
7692 0
7693 0
7694 0
7695 0
7696 0
7697 0
7698 0
7699 0
7700 0
7701 0
7702 0
7703 0
7704 0
7705 0
7706 0
7707 0
7708 0
7709 0
7710 0
7711 0
7712 0
7713 0
7714 0
7715 0
7716 0
7717 0
7718 0
7719 0
7720 0
7721 0
7722 0
7723 0
7724 0
7725 0
7726 0
7727 0
7728 0
7729 0
7730 0
7731 0
7732 0
7733 0
7734 0
7735 0
7736 0
7737 0
7738 0
7739 0
7740 0
7741 0
7742 0
7743 0
7744 0
7745 0
7746 0
7747 0
7748 0
7749 0
7750 0
7751 0
7752 0
7753 0
7754 0
7755 0
7756 0
7757 0
7758 0
7759 0
7760 0
7761 0
7762 0
7763 0
7764 0
7765 0
7766 0
7767 0
7768 0
7769 0
7770 0
7771 0
7772 0
7773 0
7774 0
7775 0
7776 0
7777 0
7778 0
7779 0
7780 0
7781 0
7782 0
7783 0
7784 0
7785 0
7786 0
7787 0
7788 0
7789 0
7790 0
7791 0
7792 0
7793 0
7794 0
7795 0
7796 0
7797 0
7798 0
7799 0
7800 1
7801 0
7802 0
7803 0
7804 0
7805 0
7806 0
7807 0
7808 0
7809 0
7810 0
7811 0
7812 0
7813 0
7814 0
7815 0
7816 0
7817 0
7818 0
7819 0
7820 0
7821 0
7822 0
7823 0
7824 0
7825 1
7826 1
7827 5
7828 7
7829 8
7830 3
7831 4
7832 3
7833 5
7834 9
7835 6
7836 8
7837 5
7838 3
7839 1
7840 1
7841 1
7842 2
7843 2
7844 0
7845 0
7846 0
7847 0
7848 0
7849 0
7850 0
7851 0
7852 0
7853 0
7854 0
7855 0
7856 0
7857 0
7858 0
7859 0
7860 0
7861 0
7862 0
7863 0
7864 0
7865 0
7866 0
7867 0
7868 0
7869 0
7870 0
7871 0
7872 0
7873 0
7874 0
7875 1
7876 0
7877 0
7878 0
7879 0
7880 0
7881 0
7882 0
7883 0
7884 0
7885 0
7886 0
7887 0
7888 0
7889 0
7890 0
7891 0
7892 0
7893 0
7894 0
7895 0
7896 0
7897 0
7898 0
7899 0
7900 0
7901 0
7902 0
7903 0
7904 0
7905 0
7906 0
7907 0
7908 0
7909 0
7910 0
7911 0
7912 0
7913 0
7914 0
7915 0
7916 0
7917 0
7918 0
7919 0
7920 0
7921 0
7922 0
7923 0
7924 0
7925 0
7926 0
7927 0
7928 0
7929 0
7930 0
7931 0
7932 0
7933 0
7934 0
7935 0
7936 1
7937 0
7938 0
7939 0
7940 0
7941 0
7942 0
7943 0
7944 0
7945 0
7946 0
7947 0
7948 0
7949 0
7950 0
7951 0
7952 0
7953 0
7954 0
7955 0
7956 0
7957 0
7958 0
7959 0
7960 0
7961 0
7962 0
7963 0
7964 0
7965 0
7966 0
7967 0
7968 0
7969 0
7970 0
7971 0
7972 0
7973 0
7974 0
7975 0
7976 0
7977 0
7978 0
7979 0
7980 0
7981 0
7982 0
7983 0
7984 0
7985 0
7986 0
7987 0
7988 0
7989 0
7990 0
7991 0
7992 0
7993 0
7994 0
7995 0
7996 0
7997 0
7998 0
7999 0
8000 0
8001 0
8002 0
8003 0
8004 0
8005 0
8006 0
8007 0
8008 0
8009 0
8010 0
8011 0
8012 0
8013 0
8014 0
8015 0
8016 0
8017 0
8018 0
8019 0
8020 0
8021 0
8022 0
8023 0
8024 0
8025 0
8026 0
8027 0
8028 0
8029 0
8030 0
8031 0
8032 0
8033 0
8034 0
8035 0
8036 0
8037 0
8038 0
8039 0
8040 0
8041 0
8042 0
8043 0
8044 0
8045 0
8046 0
8047 0
8048 0
8049 0
8050 0
8051 0
8052 0
8053 0
8054 0
8055 0
8056 0
8057 0
8058 0
8059 0
8060 0
8061 0
8062 0
8063 0
8064 0
8065 0
8066 0
8067 0
8068 0
8069 0
8070 0
8071 0
8072 0
8073 0
8074 0
8075 0
8076 0
8077 0
8078 0
8079 0
8080 0
8081 0
8082 0
8083 0
8084 0
8085 0
8086 0
8087 0
8088 0
8089 0
8090 0
8091 0
8092 0
8093 0
8094 0
8095 0
8096 0
8097 0
8098 0
8099 0
8100 0
8101 0
8102 0
8103 0
8104 0
8105 0
8106 0
8107 0
8108 0
8109 0
8110 0
8111 0
8112 0
8113 0
8114 0
8115 0
8116 0
8117 0
8118 0
8119 0
8120 0
8121 0
8122 0
8123 0
8124 0
8125 0
8126 0
8127 0
8128 0
8129 0
8130 0
8131 0
8132 0
8133 0
8134 0
8135 0
8136 0
8137 0
8138 0
8139 0
8140 0
8141 0
8142 0
8143 0
8144 0
8145 0
8146 0
8147 0
8148 0
8149 0
8150 0
8151 0
8152 0
8153 0
8154 0
8155 0
8156 0
8157 0
8158 0
8159 0
8160 0
8161 0
8162 0
8163 0
8164 0
8165 0
8166 0
8167 0
8168 0
8169 0
8170 0
8171 0
8172 0
8173 0
8174 0
8175 0
8176 0
8177 0
8178 0
8179 0
8180 0
8181 0
8182 0
8183 0
8184 0
8185 0
8186 0
8187 0
8188 0
8189 0
8190 0
8191 0
8192 0
8193 0
8194 0
8195 0
8196 0
8197 0
8198 0
8199 0
8200 0
8201 0
8202 0
8203 0
8204 0
8205 0
8206 0
8207 0
8208 0
8209 0
8210 0
8211 0
8212 0
8213 0
8214 0
8215 0
8216 0
8217 0
8218 0
8219 0
8220 0
8221 0
8222 0
8223 0
8224 0
8225 0
8226 0
8227 0
8228 0
8229 0
8230 0
8231 0
8232 0
8233 0
8234 0
8235 0
8236 0
8237 0
8238 0
8239 0
8240 0
8241 0
8242 0
8243 0
8244 0
8245 0
8246 0
8247 0
8248 0
8249 0
8250 0
8251 0
8252 0
8253 0
8254 0
8255 0
8256 0
8257 0
8258 0
8259 0
8260 0
8261 0
8262 0
8263 0
8264 0
8265 0
8266 0
8267 0
8268 0
8269 0
8270 0
8271 0
8272 0
8273 0
8274 0
8275 0
8276 0
8277 0
8278 0
8279 0
8280 0
8281 0
8282 0
8283 0
8284 0
8285 0
8286 0
8287 0
8288 0
8289 0
8290 0
8291 0
8292 0
8293 0
8294 0
8295 0
8296 0
8297 0
8298 0
8299 0
8300 0
8301 0
8302 0
8303 0
8304 0
8305 0
8306 0
8307 0
8308 0
8309 0
8310 0
8311 0
8312 0
8313 0
8314 0
8315 0
8316 0
8317 0
8318 0
8319 1
8320 1
8321 1
8322 1
8323 4
8324 5
8325 5
8326 5
8327 4
8328 3
8329 1
8330 1
8331 2
8332 2
8333 1
8334 3
8335 3
8336 3
8337 4
8338 1
8339 3
8340 2
8341 1
8342 1
8343 0
8344 0
8345 0
8346 0
8347 0
8348 0
8349 0
8350 0
8351 0
8352 0
8353 0
8354 0
8355 0
8356 1
8357 0
8358 0
8359 0
8360 0
8361 0
8362 0
8363 0
8364 0
8365 0
8366 0
8367 0
8368 0
8369 0
8370 0
8371 0
8372 0
8373 0
8374 0
8375 0
8376 0
8377 0
8378 0
8379 0
8380 0
8381 0
8382 0
8383 0
8384 0
8385 0
8386 0
8387 0
8388 0
8389 0
8390 0
8391 0
8392 0
8393 0
8394 0
8395 0
8396 0
8397 0
8398 0
8399 0
8400 0
8401 0
8402 0
8403 0
8404 0
8405 0
8406 0
8407 0
8408 0
8409 0
8410 0
8411 0
8412 0
8413 0
8414 1
8415 1
8416 1
8417 0
8418 0
8419 0
8420 0
8421 0
8422 0
8423 0
8424 0
8425 0
8426 0
8427 0
8428 0
8429 0
8430 0
8431 0
8432 0
8433 0
8434 0
8435 0
8436 0
8437 0
8438 0
8439 0
8440 0
8441 0
8442 0
8443 0
8444 0
8445 0
8446 0
8447 0
8448 0
8449 0
8450 0
8451 0
8452 0
8453 0
8454 0
8455 0
8456 0
8457 0
8458 0
8459 0
8460 0
8461 0
8462 0
8463 0
8464 0
8465 0
8466 0
8467 0
8468 0
8469 0
8470 0
8471 0
8472 0
8473 0
8474 0
8475 0
8476 0
8477 0
8478 0
8479 0
8480 0
8481 0
8482 0
8483 0
8484 0
8485 0
8486 0
8487 0
8488 1
8489 0
8490 0
8491 0
8492 0
8493 0
8494 0
8495 0
8496 0
8497 0
8498 0
8499 0
8500 0
8501 0
8502 0
8503 0
8504 0
8505 0
8506 1
8507 0
8508 0
8509 0
8510 0
8511 0
8512 0
8513 0
8514 0
8515 0
8516 0
8517 0
8518 0
8519 0
8520 0
8521 0
8522 0
8523 0
8524 0
8525 0
8526 0
8527 0
8528 0
8529 0
8530 0
8531 0
8532 0
8533 0
8534 0
8535 1
8536 0
8537 0
8538 0
8539 0
8540 0
8541 0
8542 0
8543 0
8544 0
8545 0
8546 0
8547 0
8548 0
8549 0
8550 1
8551 1
8552 2
8553 3
8554 2
8555 2
8556 2
8557 0
8558 0
8559 0
8560 0
8561 0
8562 1
8563 0
8564 1
8565 2
8566 2
8567 3
8568 5
8569 3
8570 2
8571 2
8572 1
8573 2
8574 1
8575 0
8576 0
8577 0
8578 0
8579 0
8580 0
8581 0
8582 0
8583 0
8584 0
8585 0
8586 0
8587 0
8588 0
8589 0
8590 0
8591 1
8592 0
8593 0
8594 0
8595 0
8596 0
8597 0
8598 0
8599 0
8600 0
8601 0
8602 0
8603 0
8604 0
8605 0
8606 0
8607 0
8608 0
8609 0
8610 0
8611 0
8612 0
8613 0
8614 0
8615 0
8616 0
8617 0
8618 0
8619 0
8620 0
8621 0
8622 0
8623 0
8624 0
8625 0
8626 0
8627 0
8628 0
8629 0
8630 0
8631 0
8632 0
8633 0
8634 0
8635 0
8636 0
8637 0
8638 0
8639 0
8640 0
8641 0
8642 0
8643 0
8644 0
8645 0
8646 0
8647 0
8648 0
8649 0
8650 0
8651 0
8652 0
8653 0
8654 1
8655 1
8656 0
8657 0
8658 0
8659 0
8660 0
8661 0
8662 0
8663 0
8664 0
8665 0
8666 0
8667 0
8668 0
8669 0
8670 0
8671 0
8672 0
8673 0
8674 0
8675 0
8676 0
8677 0
8678 0
8679 0
8680 0
8681 0
8682 0
8683 0
8684 0
8685 0
8686 0
8687 0
8688 0
8689 0
8690 0
8691 0
8692 0
8693 0
8694 0
8695 0
8696 0
8697 0
8698 0
8699 0
8700 0
8701 0
8702 0
8703 0
8704 0
8705 0
8706 0
8707 0
8708 0
8709 0
8710 0
8711 0
8712 0
8713 0
8714 0
8715 0
8716 0
8717 0
8718 0
8719 0
8720 0
8721 0
8722 0
8723 0
8724 0
8725 0
8726 0
8727 0
8728 0
8729 0
8730 0
8731 0
8732 0
8733 0
8734 0
8735 0
8736 0
8737 0
8738 1
8739 1
8740 1
8741 0
8742 0
8743 0
8744 0
8745 0
8746 0
8747 0
8748 0
8749 0
8750 0
8751 0
8752 0
8753 0
8754 0
8755 0
8756 0
8757 0
8758 0
8759 0
8760 0
8761 1
8762 2
8763 1
8764 0
8765 0
8766 0
8767 0
8768 0
8769 0
8770 0
8771 0
8772 0
8773 0
8774 0
8775 0
8776 0
8777 0
8778 0
8779 0
8780 0
8781 0
8782 0
8783 0
8784 0
8785 0
8786 0
8787 0
8788 0
8789 0
8790 0
8791 0
8792 0
8793 1
8794 0
8795 0
8796 0
8797 0
8798 0
8799 0
8800 0
8801 0
8802 0
8803 0
8804 0
8805 0
8806 0
8807 1
8808 0
8809 0
8810 0
8811 0
8812 0
8813 0
8814 0
8815 0
8816 0
8817 0
8818 0
8819 0
8820 0
8821 0
8822 0
8823 0
8824 0
8825 0
8826 0
8827 0
8828 0
8829 0
8830 0
8831 0
8832 0
8833 0
8834 0
8835 0
8836 0
8837 0
8838 0
8839 0
8840 0
8841 0
8842 0
8843 0
8844 0
8845 0
8846 0
8847 0
8848 0
8849 0
8850 0
8851 0
8852 0
8853 0
8854 0
8855 0
8856 0
8857 0
8858 0
8859 0
8860 0
8861 1
8862 4
8863 2
8864 2
8865 2
8866 3
8867 3
8868 1
8869 1
8870 0
8871 0
8872 0
8873 0
8874 1
8875 0
8876 0
8877 0
8878 0
8879 0
8880 0
8881 0
8882 0
8883 0
8884 0
8885 0
8886 0
8887 0
8888 0
8889 0
8890 0
8891 0
8892 0
8893 0
8894 0
8895 0
8896 0
8897 0
8898 0
8899 0
8900 0
8901 0
8902 0
8903 0
8904 0
8905 0
8906 0
8907 0
8908 0
8909 0
8910 0
8911 0
8912 0
8913 0
8914 0
8915 0
8916 0
8917 0
8918 0
8919 0
8920 0
8921 0
8922 0
8923 0
8924 0
8925 0
8926 0
8927 0
8928 0
8929 0
8930 0
8931 0
8932 0
8933 0
8934 0
8935 0
8936 0
8937 0
8938 0
8939 0
8940 0
8941 0
8942 0
8943 0
8944 0
8945 0
8946 0
8947 0
8948 0
8949 0
8950 0
8951 0
8952 0
8953 0
8954 0
8955 0
8956 0
8957 0
8958 0
8959 0
8960 0
8961 0
8962 0
8963 0
8964 0
8965 0
8966 0
8967 0
8968 0
8969 0
8970 0
8971 0
8972 0
8973 0
8974 0
8975 0
8976 0
8977 0
8978 0
8979 0
8980 0
8981 0
8982 0
8983 0
8984 0
8985 0
8986 0
8987 0
8988 0
8989 0
8990 0
8991 0
8992 0
8993 0
8994 0
8995 0
8996 0
8997 0
8998 1
8999 0
9000 0
9001 0
9002 0
9003 0
9004 0
9005 0
9006 0
9007 0
9008 0
9009 0
9010 1
9011 0
9012 0
9013 0
9014 0
9015 0
9016 0
9017 0
9018 0
9019 0
9020 0
9021 0
9022 0
9023 0
9024 0
9025 0
9026 0
9027 0
9028 0
9029 0
9030 0
9031 0
9032 0
9033 0
9034 0
9035 0
9036 0
9037 0
9038 0
9039 0
9040 0
9041 0
9042 0
9043 0
9044 0
9045 0
9046 0
9047 0
9048 0
9049 0
9050 0
9051 0
9052 0
9053 0
9054 0
9055 0
9056 0
9057 0
9058 0
9059 0
9060 0
9061 0
9062 0
9063 0
9064 0
9065 0
9066 0
9067 0
9068 0
9069 0
9070 0
9071 0
9072 0
9073 0
9074 0
9075 0
9076 0
9077 0
9078 0
9079 0
9080 0
9081 0
9082 0
9083 0
9084 0
9085 0
9086 0
9087 0
9088 0
9089 0
9090 0
9091 0
9092 0
9093 0
9094 0
9095 0
9096 0
9097 0
9098 0
9099 0
9100 1
9101 1
9102 1
9103 1
9104 0
9105 0
9106 0
9107 0
9108 0
9109 0
9110 0
9111 0
9112 0
9113 0
9114 0
9115 0
9116 0
9117 0
9118 0
9119 0
9120 0
9121 0
9122 0
9123 0
9124 0
9125 0
9126 0
9127 0
9128 0
9129 0
9130 0
9131 0
9132 0
9133 0
9134 0
9135 0
9136 0
9137 0
9138 0
9139 0
9140 0
9141 0
9142 0
9143 1
9144 0
9145 0
9146 0
9147 0
9148 0
9149 0
9150 0
9151 0
9152 0
9153 0
9154 1
9155 0
9156 0
9157 0
9158 0
9159 0
9160 0
9161 0
9162 0
9163 0
9164 0
9165 0
9166 0
9167 0
9168 0
9169 0
9170 0
9171 0
9172 0
9173 0
9174 0
9175 0
9176 0
9177 0
9178 0
9179 0
9180 0
9181 0
9182 0
9183 0
9184 0
9185 0
9186 0
9187 1
9188 2
9189 1
9190 1
9191 0
9192 0
9193 0
9194 0
9195 0
9196 0
9197 0
9198 0
9199 0
9200 0
9201 0
9202 0
9203 0
9204 0
9205 0
9206 0
9207 0
9208 0
9209 0
9210 0
9211 0
9212 0
9213 0
9214 0
9215 0
9216 0
9217 0
9218 0
9219 0
9220 0
9221 0
9222 0
9223 0
9224 0
9225 0
9226 0
9227 0
9228 0
9229 0
9230 0
9231 0
9232 0
9233 0
9234 0
9235 1
9236 1
9237 0
9238 0
9239 0
9240 0
9241 0
9242 0
9243 0
9244 0
9245 0
9246 0
9247 0
9248 0
9249 0
9250 0
9251 0
9252 0
9253 0
9254 0
9255 0
9256 0
9257 0
9258 0
9259 0
9260 0
9261 0
9262 0
9263 0
9264 0
9265 0
9266 0
9267 0
9268 0
9269 0
9270 1
9271 0
9272 0
9273 0
9274 0
9275 0
9276 0
9277 0
9278 0
9279 0
9280 0
9281 0
9282 0
9283 0
9284 0
9285 0
9286 0
9287 0
9288 0
9289 0
9290 0
9291 0
9292 0
9293 0
9294 0
9295 0
9296 0
9297 0
9298 0
9299 0
9300 0
9301 0
9302 0
9303 0
9304 1
9305 2
9306 3
9307 2
9308 2
9309 1
9310 1
9311 2
9312 3
9313 4
9314 3
9315 2
9316 1
9317 2
9318 0
9319 0
9320 0
9321 0
9322 0
9323 0
9324 0
9325 0
9326 0
9327 0
9328 0
9329 0
9330 0
9331 0
9332 0
9333 0
9334 0
9335 0
9336 0
9337 0
9338 0
9339 0
9340 0
9341 0
9342 0
9343 0
9344 0
9345 0
9346 0
9347 0
9348 0
9349 0
9350 0
9351 0
9352 0
9353 0
9354 0
9355 0
9356 0
9357 0
9358 0
9359 0
9360 0
9361 0
9362 0
9363 0
9364 0
9365 0
9366 0
9367 0
9368 0
9369 0
9370 0
9371 0
9372 0
9373 0
9374 0
9375 0
9376 0
9377 0
9378 0
9379 0
9380 0
9381 0
9382 0
9383 0
9384 0
9385 0
9386 0
9387 0
9388 0
9389 0
9390 0
9391 0
9392 0
9393 0
9394 0
9395 0
9396 0
9397 0
9398 0
9399 0
9400 0
9401 0
9402 0
9403 0
9404 0
9405 0
9406 0
9407 0
9408 0
9409 0
9410 0
9411 0
9412 0
9413 0
9414 0
9415 0
9416 0
9417 0
9418 0
9419 0
9420 0
9421 0
9422 0
9423 0
9424 0
9425 0
9426 0
9427 0
9428 0
9429 0
9430 0
9431 0
9432 0
9433 0
9434 0
9435 0
9436 0
9437 0
9438 0
9439 0
9440 0
9441 0
9442 0
9443 0
9444 0
9445 0
9446 0
9447 0
9448 0
9449 0
9450 0
9451 1
9452 2
9453 2
9454 2
9455 3
9456 4
9457 3
9458 3
9459 1
9460 1
9461 1
9462 2
9463 2
9464 3
9465 7
9466 6
9467 6
9468 6
9469 3
9470 1
9471 1
9472 0
9473 0
9474 0
9475 0
9476 0
9477 0
9478 0
9479 0
9480 0
9481 0
9482 0
9483 0
9484 0
9485 0
9486 0
9487 0
9488 0
9489 0
9490 0
9491 0
9492 0
9493 0
9494 0
9495 0
9496 0
9497 0
9498 0
9499 0
9500 0
9501 0
9502 0
9503 0
9504 0
9505 0
9506 1
9507 0
9508 0
9509 0
9510 0
9511 0
9512 0
9513 0
9514 0
9515 0
9516 0
9517 0
9518 0
9519 0
9520 0
9521 0
9522 0
9523 0
9524 0
9525 0
9526 0
9527 0
9528 0
9529 0
9530 0
9531 0
9532 0
9533 0
9534 0
9535 0
9536 0
9537 0
9538 0
9539 0
9540 0
9541 0
9542 1
9543 1
9544 2
9545 1
9546 2
9547 5
9548 4
9549 4
9550 2
9551 2
9552 5
9553 2
9554 4
9555 8
9556 10
9557 8
9558 9
9559 11
9560 15
9561 15
9562 12
9563 16
9564 20
9565 28
9566 24
9567 23
9568 17
9569 26
9570 23
9571 25
9572 28
9573 30
9574 32
9575 35
9576 36
9577 35
9578 35
9579 48
9580 37
9581 37
9582 32
9583 29
9584 22
9585 26
9586 20
9587 10
9588 17
9589 18
9590 26
9591 26
9592 26
9593 22
9594 23
9595 21
9596 23
9597 26
9598 22
9599 30
9600 35
9601 41
9602 44
9603 39
9604 45
9605 58
9606 48
9607 54
9608 57
9609 57
9610 54
9611 68
9612 75
9613 96
9614 84
9615 79
9616 70
9617 84
9618 70
9619 76
9620 74
9621 74
9622 66
9623 64
9624 71
9625 70
9626 69
9627 75
9628 75
9629 83
9630 78
9631 80
9632 97
9633 103
9634 102
9635 97
9636 95
9637 90
9638 85
9639 85
9640 80
9641 98
9642 93
9643 105
9644 93
9645 91
9646 74
9647 77
9648 75
9649 60
9650 45
9651 36
9652 35
9653 33
9654 26
9655 31
9656 38
9657 27
9658 32
9659 29
9660 19
9661 19
9662 18
9663 21
9664 28
9665 29
9666 38
9667 34
9668 33
9669 33
9670 35
9671 40
9672 46
9673 45
9674 48
9675 51
9676 49
9677 50
9678 40
9679 35
9680 41
9681 43
9682 49
9683 56
9684 65
9685 70
9686 70
9687 71
9688 87
9689 82
9690 97
9691 75
9692 71
9693 71
9694 82
9695 92
9696 105
9697 107
9698 97
9699 108
9700 120
9701 108
9702 102
9703 107
9704 95
9705 94
9706 87
9707 105
9708 103
9709 108
9710 113
9711 119
9712 124
9713 132
9714 129
9715 118
9716 122
9717 124
9718 109
9719 123
9720 117
9721 107
9722 120
9723 112
9724 119
9725 124
9726 127
9727 125
9728 117
9729 110
9730 110
9731 128
9732 114
9733 113
9734 125
9735 136
9736 136
9737 138
9738 131
9739 116
9740 124
9741 115
9742 120
9743 120
9744 113
9745 110
9746 109
9747 108
9748 97
9749 100
9750 117
9751 117
9752 111
9753 101
9754 105
9755 90
9756 100
9757 112
9758 112
9759 124
9760 124
9761 130
9762 131
9763 134
9764 139
9765 111
9766 97
9767 99
9768 100
9769 96
9770 76
9771 74
9772 68
9773 68
9774 70
9775 64
9776 71
9777 64
9778 63
9779 63
9780 61
9781 57
9782 47
9783 49
9784 61
9785 54
9786 65
9787 63
9788 69
9789 69
9790 77
9791 78
9792 84
9793 87
9794 87
9795 71
9796 89
9797 99
9798 109
9799 109
9800 106
9801 119
9802 128
9803 113
9804 101
9805 81
9806 85
9807 86
9808 90
9809 91
9810 102
9811 87
9812 91
9813 92
9814 87
9815 71
9816 74
9817 56
9818 54
9819 49
9820 54
9821 64
9822 69
9823 77
9824 73
9825 64
9826 61
9827 66
9828 79
9829 82
9830 85
9831 100
9832 95
9833 110
9834 111
9835 112
9836 114
9837 124
9838 149
9839 162
9840 158
9841 142
9842 149
9843 167
9844 187
9845 187
9846 202
9847 171
9848 170
9849 179
9850 207
9851 200
9852 200
9853 200
9854 231
9855 205
9856 198
9857 180
9858 204
9859 180
9860 179
9861 170
9862 156
9863 149
9864 159
9865 172
9866 156
9867 165
9868 153
9869 143
9870 164
9871 157
9872 145
9873 138
9874 133
9875 113
9876 115
9877 114
9878 104
9879 106
9880 118
9881 115
9882 131
9883 114
9884 113
9885 118
9886 121
9887 123
9888 113
9889 133
9890 148
9891 143
9892 152
9893 136
9894 120
9895 122
9896 136
9897 134
9898 147
9899 148
9900 163
9901 170
9902 177
9903 186
9904 211
9905 222
9906 229
9907 228
9908 237
9909 228
9910 231
9911 220
9912 218
9913 218
9914 241
9915 242
9916 280
9917 300
9918 305
9919 295
9920 298
9921 313
9922 323
9923 308
9924 296
9925 285
9926 282
9927 273
9928 280
9929 303
9930 283
9931 307
9932 300
9933 299
9934 276
9935 275
9936 304
9937 292
9938 272
9939 272
9940 299
9941 311
9942 342
9943 330
9944 304
9945 299
9946 273
9947 249
9948 261
9949 278
9950 280
9951 291
9952 290
9953 299
9954 326
9955 332
9956 336
9957 369
9958 393
9959 382
9960 376
9961 355
9962 342
9963 337
9964 320
9965 312
9966 309
9967 354
9968 363
9969 348
9970 372
9971 403
9972 410
9973 373
9974 367
9975 393
9976 393
9977 401
9978 421
9979 420
9980 428
9981 464
9982 468
9983 475
9984 507
9985 521
9986 507
9987 520
9988 512
9989 518
9990 477
9991 480
9992 503
9993 495
9994 536
9995 540
9996 539
9997 586
9998 617
9999 603
10000 609
