1 0
2 0
3 0
4 0
5 1
6 0
7 1
8 0
9 0
10 0
11 0
12 0
13 0
14 0
15 0
16 1
17 0
18 0
19 1
20 2
21 4
22 2
23 2
24 2
25 2
26 2
27 2
28 3
29 4
30 2
31 1
32 1
33 4
34 4
35 3
36 1
37 1
38 0
39 0
40 0
41 0
42 0
43 0
44 0
45 0
46 1
47 2
48 1
49 0
50 0
51 0
52 0
53 0
54 0
55 0
56 0
57 0
58 0
59 0
60 0
61 1
62 0
63 0
64 0
65 0
66 0
67 0
68 0
69 0
70 0
71 0
72 1
73 3
74 1
75 1
76 2
77 2
78 2
79 1
80 0
81 1
82 3
83 1
84 2
85 0
86 0
87 0
88 0
89 0
90 0
91 0
92 0
93 0
94 0
95 0
96 0
97 2
98 1
99 3
100 4
101 2
102 0
103 1
104 2
105 0
106 0
107 0
108 0
109 1
110 0
111 0
112 0
113 0
114 0
115 0
116 0
117 1
118 1
119 3
120 5
121 11
122 11
123 14
124 7
125 4
126 3
127 2
128 2
129 1
130 0
131 1
132 1
133 1
134 3
135 4
136 2
137 5
138 10
139 7
140 10
141 6
142 6
143 4
144 1
145 3
146 5
147 5
148 2
149 3
150 7
151 6
152 8
153 9
154 10
155 10
156 13
157 12
158 15
159 18
160 17
161 16
162 21
163 19
164 22
165 15
166 20
167 21
168 23
169 24
170 26
171 18
172 26
173 29
174 31
175 25
176 25
177 26
178 19
179 12
180 7
181 5
182 4
183 5
184 4
185 4
186 10
187 10
188 12
189 12
190 15
191 15
192 9
193 13
194 13
195 9
196 9
197 7
198 4
199 6
200 9
201 18
202 17
203 18
204 16
205 14
206 15
207 14
208 14
209 13
210 18
211 15
212 18
213 18
214 16
215 14
216 7
217 6
218 5
219 10
220 12
221 9
222 4
223 1
224 3
225 1
226 2
227 1
228 1
229 0
230 0
231 0
232 0
233 0
234 0
235 0
236 0
237 0
238 0
239 0
240 0
241 0
242 0
243 0
244 0
245 0
246 0
247 1
248 2
249 2
250 0
251 0
252 0
253 0
254 0
255 0
256 0
257 0
258 0
259 0
260 0
261 0
262 0
263 0
264 0
265 0
266 0
267 0
268 0
269 0
270 1
271 0
272 0
273 0
274 1
275 1
276 1
277 1
278 3
279 4
280 5
281 3
282 2
283 1
284 3
285 3
286 1
287 1
288 2
289 0
290 0
291 1
292 0
293 0
294 0
295 0
296 0
297 0
298 0
299 0
300 0
301 0
302 0
303 0
304 0
305 0
306 0
307 0
308 0
309 1
310 0
311 1
312 0
313 0
314 0
315 0
316 0
317 0
318 0
319 1
320 0
321 0
322 0
323 0
324 0
325 0
326 0
327 0
328 0
329 0
330 1
331 2
332 2
333 0
334 1
335 1
336 2
337 2
338 2
339 2
340 1
341 2
342 4
343 8
344 13
345 13
346 19
347 19
348 27
349 22
350 20
351 17
352 19
353 16
354 17
355 15
356 14
357 12
358 10
359 7
360 11
361 13
362 8
363 10
364 9
365 8
366 7
367 11
368 10
369 12
370 16
371 20
372 17
373 18
374 30
375 25
376 32
377 31
378 38
379 43
380 44
381 44
382 46
383 60
384 62
385 82
386 91
387 92
388 66
389 61
390 61
391 57
392 51
393 58
394 50
395 51
396 65
397 53
398 51
399 55
400 65
401 59
402 57
403 58
404 55
405 58
406 55
407 60
408 66
409 66
410 77
411 69
412 57
413 65
414 73
415 74
416 80
417 68
418 71
419 73
420 65
421 62
422 61
423 64
424 77
425 68
426 80
427 69
428 72
429 73
430 89
431 96
432 88
433 98
434 99
435 97
436 106
437 107
438 108
439 124
440 135
441 135
442 141
443 151
444 146
445 154
446 155
447 152
448 137
449 127
450 124
451 128
452 128
453 125
454 125
455 133
456 120
457 119
458 138
459 138
460 136
461 166
462 151
463 147
464 157
465 157
466 166
467 163
468 150
469 152
470 129
471 139
472 141
473 135
474 142
475 151
476 144
477 164
478 188
479 181
480 173
481 186
482 176
483 174
484 144
485 140
486 165
487 177
488 173
489 175
490 182
491 186
492 207
493 218
494 227
495 222
496 237
497 235
498 238
499 212
500 198
501 192
502 175
503 168
504 174
505 176
506 165
507 142
508 126
509 125
510 118
511 110
512 107
513 100
514 106
515 110
516 102
517 102
518 112
519 108
520 114
521 112
522 117
523 97
524 114
525 114
526 108
527 112
528 112
529 103
530 109
531 114
532 114
533 123
534 125
535 127
536 113
537 117
538 113
539 107
540 110
541 119
542 113
543 120
544 137
545 140
546 145
547 135
548 158
549 159
550 160
551 168
552 173
553 176
554 172
555 153
556 141
557 127
558 157
559 175
560 171
561 165
562 164
563 173
564 192
565 169
566 164
567 160
568 142
569 143
570 144
571 151
572 145
573 148
574 154
575 134
576 133
577 151
578 142
579 160
580 160
581 161
582 173
583 193
584 186
585 172
586 177
587 171
588 159
589 176
590 185
591 174
592 185
593 202
594 191
595 192
596 194
597 183
598 176
599 158
600 164
601 177
602 194
603 177
604 179
605 205
606 188
607 186
608 208
609 203
610 203
611 203
612 239
613 230
614 249
615 249
616 260
617 256
618 223
619 215
620 216
621 207
622 195
623 203
624 205
625 194
626 187
627 209
628 212
629 231
630 235
631 262
632 260
633 273
634 278
635 296
636 274
637 248
638 252
639 209
640 193
641 199
642 198
643 200
644 202
645 203
646 196
647 195
648 170
649 153
650 154
651 163
652 158
653 163
654 166
655 170
656 168
657 198
658 189
659 183
660 194
661 191
662 191
663 205
664 220
665 214
666 208
667 199
668 218
669 205
670 218
671 231
672 224
673 207
674 197
675 187
676 188
677 194
678 207
679 218
680 199
681 224
682 221
683 217
684 217
685 233
686 242
687 235
688 243
689 230
690 233
691 227
692 244
693 229
694 236
695 220
696 213
697 217
698 204
699 193
700 168
701 170
702 154
703 150
704 155
705 154
706 152
707 137
708 155
709 159
710 153
711 157
712 168
713 166
714 168
715 168
716 150
717 158
718 159
719 166
720 183
721 185
722 182
723 165
724 167
725 184
726 183
727 194
728 176
729 169
730 171
731 188
732 193
733 199
734 213
735 230
736 189
737 179
738 158
739 176
740 179
741 178
742 168
743 157
744 153
745 159
746 127
747 138
748 143
749 143
750 145
751 169
752 161
753 161
754 168
755 164
756 166
757 190
758 216
759 210
760 210
761 186
762 192
763 205
764 189
765 195
766 179
767 165
768 174
769 160
770 136
771 130
772 143
773 138
774 143
775 164
776 168
777 157
778 180
779 171
780 153
781 163
782 162
783 154
784 160
785 157
786 176
787 192
788 195
789 201
790 194
791 197
792 205
793 211
794 216
795 203
796 200
797 195
798 203
799 204
800 181
801 172
802 179
803 186
804 194
805 192
806 208
807 225
808 196
809 210
810 217
811 231
812 219
813 209
814 225
815 267
816 274
817 244
818 218
819 225
820 228
821 230
822 218
823 233
824 263
825 244
826 276
827 282
828 279
829 282
830 259
831 252
832 248
833 241
834 219
835 207
836 214
837 182
838 178
839 179
840 181
841 169
842 161
843 164
844 157
845 160
846 175
847 188
848 189
849 188
850 179
851 182
852 180
853 182
854 179
855 198
856 196
857 187
858 171
859 184
860 201
861 230
862 222
863 207
864 212
865 210
866 198
867 181
868 188
869 202
870 206
871 224
872 202
873 210
874 219
875 201
876 199
877 196
878 198
879 208
880 218
881 227
882 248
883 223
884 244
885 206
886 202
887 180
888 191
889 173
890 181
891 179
892 178
893 200
894 181
895 175
896 195
897 183
898 199
899 183
900 189
901 163
902 155
903 147
904 142
905 161
906 156
907 156
908 145
909 152
910 127
911 136
912 127
913 119
914 136
915 145
916 152
917 150
918 135
919 137
920 145
921 156
922 156
923 170
924 169
925 187
926 202
927 205
928 209
929 201
930 218
931 243
932 249
933 247
934 246
935 232
936 248
937 209
938 194
939 201
940 229
941 254
942 273
943 293
944 300
945 300
946 302
947 280
948 305
949 292
950 269
951 248
952 232
953 236
954 218
955 200
956 214
957 191
958 195
959 185
960 182
961 171
962 168
963 142
964 171
965 193
966 210
967 221
968 218
969 196
970 189
971 194
972 196
973 190
974 197
975 211
976 222
977 212
978 206
979 233
980 208
981 197
982 194
983 215
984 238
985 222
986 207
987 210
988 219
989 246
990 238
991 236
992 226
993 224
994 203
995 205
996 208
997 228
998 230
999 234
1000 232
1001 252
1002 269
1003 254
1004 256
1005 258
1006 267
1007 266
1008 265
1009 263
1010 275
1011 268
1012 263
1013 262
1014 296
1015 317
1016 328
1017 317
1018 304
1019 304
1020 318
1021 319
1022 363
1023 406
1024 420
1025 457
1026 473
1027 486
1028 429
1029 444
1030 424
1031 457
1032 462
1033 417
1034 389
1035 375
1036 355
1037 365
1038 363
1039 338
1040 333
1041 323
1042 334
1043 325
1044 331
1045 328
1046 326
1047 340
1048 337
1049 336
1050 323
1051 352
1052 324
1053 294
1054 299
1055 319
1056 305
1057 295
1058 276
1059 269
1060 272
1061 291
1062 279
1063 298
1064 303
1065 278
1066 248
1067 250
1068 234
1069 215
1070 225
1071 217
1072 240
1073 251
1074 259
1075 249
1076 233
1077 220
1078 215
1079 223
1080 250
1081 252
1082 254
1083 255
1084 249
1085 259
1086 269
1087 276
1088 274
1089 278
1090 285
1091 288
1092 268
1093 285
1094 293
1095 275
1096 256
1097 254
1098 234
1099 244
1100 241
1101 257
1102 245
1103 237
1104 238
1105 244
1106 250
1107 275
1108 260
1109 264
1110 289
1111 286
1112 291
1113 302
1114 287
1115 295
1116 315
1117 317
1118 319
1119 345
1120 371
1121 367
1122 339
1123 340
1124 342
1125 323
1126 356
1127 330
1128 327
1129 325
1130 330
1131 317
1132 306
1133 309
1134 327
1135 315
1136 307
1137 315
1138 325
1139 303
1140 310
1141 301
1142 285
1143 292
1144 281
1145 269
1146 268
1147 271
1148 248
1149 249
1150 239
1151 205
1152 209
1153 186
1154 163
1155 161
1156 185
1157 177
1158 186
1159 204
1160 198
1161 212
1162 180
1163 187
1164 209
1165 209
1166 224
1167 215
1168 207
1169 174
1170 168
1171 152
1172 145
1173 148
1174 167
1175 165
1176 155
1177 135
1178 131
1179 118
1180 130
1181 134
1182 127
1183 104
1184 105
1185 96
1186 85
1187 103
1188 108
1189 106
1190 108
1191 109
1192 127
1193 108
1194 108
1195 90
1196 87
1197 96
1198 102
1199 103
1200 89
1201 84
1202 87
1203 87
1204 78
1205 72
1206 79
1207 74
1208 87
1209 82
1210 80
1211 83
1212 85
1213 83
1214 65
1215 61
1216 65
1217 62
1218 74
1219 78
1220 68
1221 56
1222 53
1223 53
1224 55
1225 60
1226 78
1227 62
1228 56
1229 55
1230 56
1231 53
1232 54
1233 73
1234 82
1235 97
1236 101
1237 93
1238 75
1239 67
1240 58
1241 64
1242 70
1243 75
1244 63
1245 62
1246 54
1247 57
1248 42
1249 35
1250 35
1251 36
1252 35
1253 42
1254 43
1255 38
1256 40
1257 30
1258 20
1259 26
1260 21
1261 29
1262 26
1263 19
1264 26
1265 18
1266 22
1267 20
1268 26
1269 25
1270 20
1271 10
1272 15
1273 9
1274 8
1275 7
1276 8
1277 9
1278 10
1279 13
1280 13
1281 11
1282 8
1283 7
1284 3
1285 3
1286 1
1287 3
1288 4
1289 4
1290 3
1291 0
1292 0
1293 1
1294 0
1295 0
1296 0
1297 0
1298 0
1299 2
1300 2
1301 2
1302 1
1303 2
1304 4
1305 6
1306 3
1307 3
1308 1
1309 1
1310 2
1311 2
1312 1
1313 1
1314 0
1315 0
1316 0
1317 1
1318 0
1319 0
1320 0
1321 0
1322 0
1323 0
1324 0
1325 0
1326 0
1327 1
1328 1
1329 1
1330 1
1331 1
1332 0
1333 0
1334 0
1335 0
1336 0
1337 0
1338 1
1339 1
1340 1
1341 3
1342 2
1343 2
1344 2
1345 1
1346 4
1347 4
1348 0
1349 1
1350 1
1351 2
1352 5
1353 5
1354 4
1355 5
1356 5
1357 5
1358 5
1359 3
1360 5
1361 8
1362 5
1363 7
1364 8
1365 13
1366 11
1367 14
1368 8
1369 9
1370 10
1371 5
1372 6
1373 9
1374 14
1375 13
1376 14
1377 9
1378 5
1379 6
1380 7
1381 9
1382 13
1383 14
1384 20
1385 18
1386 17
1387 24
1388 15
1389 16
1390 12
1391 8
1392 12
1393 19
1394 29
1395 40
1396 39
1397 33
1398 31
1399 29
1400 25
1401 28
1402 31
1403 40
1404 43
1405 41
1406 40
1407 37
1408 37
1409 31
1410 28
1411 33
1412 32
1413 30
1414 33
1415 41
1416 46
1417 41
1418 35
1419 29
1420 25
1421 28
1422 34
1423 27
1424 23
1425 22
1426 15
1427 10
1428 13
1429 15
1430 17
1431 12
1432 9
1433 9
1434 11
1435 6
1436 4
1437 3
1438 8
1439 7
1440 6
1441 7
1442 5
1443 4
1444 4
1445 3
1446 4
1447 5
1448 4
1449 1
1450 1
1451 2
1452 3
1453 3
1454 4
1455 4
1456 4
1457 5
1458 5
1459 8
1460 12
1461 8
1462 9
1463 11
1464 11
1465 6
1466 6
1467 5
1468 2
1469 3
1470 5
1471 2
1472 3
1473 2
1474 1
1475 0
1476 0
1477 0
1478 0
1479 0
1480 0
1481 0
1482 0
1483 0
1484 0
1485 0
1486 0
1487 0
1488 0
1489 0
1490 2
1491 1
1492 2
1493 0
1494 0
1495 0
1496 0
1497 1
1498 3
1499 1
1500 5
1501 6
1502 4
1503 4
1504 2
1505 1
1506 0
1507 0
1508 0
1509 0
1510 0
1511 0
1512 0
1513 0
1514 0
1515 0
1516 0
1517 0
1518 0
1519 0
1520 0
1521 0
1522 0
1523 0
1524 0
1525 0
1526 0
1527 0
1528 0
1529 0
1530 1
1531 0
1532 0
1533 0
1534 0
1535 0
1536 1
1537 2
1538 3
1539 2
1540 1
1541 1
1542 0
1543 0
1544 0
1545 0
1546 0
1547 0
1548 0
1549 1
1550 2
1551 1
1552 1
1553 1
1554 3
1555 3
1556 0
1557 1
1558 2
1559 2
1560 2
1561 0
1562 1
1563 2
1564 5
1565 6
1566 10
1567 7
1568 15
1569 13
1570 8
1571 6
1572 3
1573 2
1574 1
1575 2
1576 3
1577 4
1578 3
1579 1
1580 1
1581 0
1582 0
1583 0
1584 0
1585 1
1586 0
1587 1
1588 1
1589 1
1590 0
1591 0
1592 0
1593 1
1594 1
1595 2
1596 3
1597 1
1598 2
1599 0
1600 1
1601 3
1602 4
1603 3
1604 3
1605 3
1606 3
1607 3
1608 2
1609 2
1610 5
1611 4
1612 5
1613 5
1614 2
1615 2
1616 0
1617 1
1618 0
1619 1
1620 0
1621 1
1622 1
1623 2
1624 2
1625 1
1626 2
1627 2
1628 2
1629 1
1630 2
1631 3
1632 3
1633 4
1634 7
1635 5
1636 7
1637 5
1638 4
1639 3
1640 6
1641 8
1642 3
1643 2
1644 2
1645 2
1646 2
1647 3
1648 1
1649 0
1650 0
1651 0
1652 0
1653 1
1654 1
1655 1
1656 0
1657 0
1658 1
1659 0
1660 0
1661 0
1662 0
1663 0
1664 0
1665 0
1666 0
1667 0
1668 0
1669 0
1670 0
1671 1
1672 0
1673 1
1674 0
1675 0
1676 0
1677 2
1678 4
1679 3
1680 0
1681 1
1682 2
1683 2
1684 4
1685 2
1686 1
1687 0
1688 0
1689 0
1690 0
1691 0
1692 0
1693 0
1694 0
1695 0
1696 1
1697 0
1698 1
1699 2
1700 1
1701 1
1702 3
1703 2
1704 3
1705 4
1706 2
1707 2
1708 3
1709 5
1710 5
1711 11
1712 11
1713 15
1714 17
1715 17
1716 15
1717 14
1718 13
1719 10
1720 7
1721 5
1722 4
1723 8
1724 6
1725 2
1726 1
1727 0
1728 0
1729 0
1730 0
1731 0
1732 0
1733 0
1734 0
1735 0
1736 0
1737 0
1738 0
1739 0
1740 1
1741 1
1742 2
1743 2
1744 0
1745 1
1746 0
1747 0
1748 0
1749 0
1750 1
1751 1
1752 0
1753 0
1754 1
1755 2
1756 1
1757 2
1758 3
1759 4
1760 5
1761 5
1762 3
1763 5
1764 5
1765 4
1766 9
1767 10
1768 14
1769 17
1770 14
1771 10
1772 14
1773 16
1774 21
1775 21
1776 31
1777 27
1778 29
1779 26
1780 27
1781 33
1782 35
1783 36
1784 36
1785 42
1786 38
1787 41
1788 37
1789 38
1790 27
1791 30
1792 37
1793 48
1794 48
1795 64
1796 75
1797 82
1798 83
1799 82
1800 69
1801 67
1802 77
1803 72
1804 74
1805 83
1806 93
1807 105
1808 95
1809 82
1810 81
1811 93
1812 96
1813 95
1814 97
1815 93
1816 106
1817 107
1818 96
1819 104
1820 125
1821 109
1822 106
1823 115
1824 102
1825 105
1826 102
1827 114
1828 110
1829 130
1830 145
1831 131
1832 125
1833 146
1834 162
1835 155
1836 179
1837 202
1838 184
1839 172
1840 165
1841 164
1842 166
1843 149
1844 148
1845 141
1846 150
1847 150
1848 145
1849 154
1850 180
1851 180
1852 191
1853 215
1854 206
1855 205
1856 201
1857 196
1858 210
1859 217
1860 204
1861 212
1862 205
1863 210
1864 191
1865 203
1866 189
1867 182
1868 192
1869 201
1870 195
1871 173
1872 167
1873 189
1874 204
1875 230
1876 258
1877 290
1878 289
1879 282
1880 253
1881 251
1882 292
1883 293
1884 306
1885 279
1886 282
1887 278
1888 283
1889 325
1890 331
1891 318
1892 341
1893 328
1894 320
1895 321
1896 347
1897 377
1898 414
1899 449
1900 420
1901 409
1902 421
1903 435
1904 430
1905 369
1906 358
1907 365
1908 371
1909 352
1910 335
1911 339
1912 354
1913 362
1914 404
1915 408
1916 412
1917 438
1918 426
1919 428
1920 435
1921 411
1922 437
1923 423
1924 429
1925 410
1926 403
1927 417
1928 427
1929 434
1930 412
1931 430
1932 398
1933 424
1934 423
1935 455
1936 463
1937 476
1938 464
1939 463
1940 468
1941 471
1942 496
1943 501
1944 479
1945 495
1946 517
1947 524
1948 513
1949 528
1950 566
1951 596
1952 678
1953 689
1954 691
1955 722
1956 711
1957 704
1958 740
1959 714
1960 728
1961 755
1962 800
1963 814
1964 857
1965 757
1966 796
1967 843
1968 802
1969 795
1970 809
1971 785
1972 780
1973 738
1974 732
1975 763
1976 784
1977 775
1978 784
1979 748
1980 799
1981 853
1982 876
1983 880
1984 895
1985 943
1986 938
1987 962
1988 952
1989 953
1990 929
1991 950
1992 918
1993 977
1994 1008
1995 970
1996 995
1997 965
1998 982
1999 968
2000 959
2001 1025
2002 978
2003 950
2004 924
2005 909
2006 919
2007 903
2008 858
2009 797
2010 817
2011 793
2012 792
2013 790
2014 835
2015 843
2016 835
2017 852
2018 873
2019 853
2020 836
2021 832
2022 784
2023 789
2024 803
2025 871
2026 876
2027 822
2028 805
2029 817
2030 852
2031 823
2032 801
2033 811
2034 830
2035 858
2036 845
2037 817
2038 814
2039 729
2040 754
2041 755
2042 740
2043 717
2044 725
2045 748
2046 765
2047 773
2048 800
2049 821
2050 816
2051 786
2052 809
2053 844
2054 849
2055 867
2056 869
2057 923
2058 977
2059 1031
2060 978
2061 947
2062 960
2063 973
2064 990
2065 986
2066 972
2067 922
2068 914
2069 914
2070 886
2071 907
2072 902
2073 822
2074 819
2075 780
2076 785
2077 792
2078 772
2079 760
2080 786
2081 800
2082 817
2083 824
2084 860
2085 853
2086 854
2087 871
2088 874
2089 890
2090 902
2091 928
2092 961
2093 948
2094 958
2095 990
2096 972
2097 924
2098 919
2099 936
2100 938
2101 906
2102 855
2103 819
2104 827
2105 811
2106 836
2107 833
2108 874
2109 912
2110 880
2111 788
2112 760
2113 799
2114 799
2115 806
2116 795
2117 759
2118 786
2119 772
2120 850
2121 859
2122 808
2123 819
2124 815
2125 786
2126 801
2127 809
2128 772
2129 798
2130 788
2131 756
2132 773
2133 774
2134 769
2135 754
2136 738
2137 701
2138 682
2139 670
2140 659
2141 663
2142 613
2143 600
2144 565
2145 526
2146 511
2147 546
2148 556
2149 534
2150 489
2151 493
2152 503
2153 489
2154 527
2155 520
2156 500
2157 480
2158 458
2159 469
2160 430
2161 421
2162 437
2163 455
2164 476
2165 492
2166 504
2167 500
2168 490
2169 456
2170 493
2171 473
2172 459
2173 449
2174 415
2175 432
2176 440
2177 425
2178 454
2179 449
2180 432
2181 474
2182 448
2183 438
2184 413
2185 423
2186 414
2187 415
2188 409
2189 417
2190 385
2191 355
2192 349
2193 338
2194 311
2195 330
2196 313
2197 309
2198 336
2199 312
2200 307
2201 320
2202 310
2203 300
2204 304
2205 289
2206 281
2207 283
2208 274
2209 275
2210 275
2211 265
2212 281
2213 299
2214 296
2215 291
2216 275
2217 280
2218 320
2219 317
2220 315
2221 315
2222 341
2223 352
2224 377
2225 339
2226 344
2227 330
2228 324
2229 309
2230 310
2231 322
2232 321
2233 336
2234 325
2235 324
2236 330
2237 329
2238 325
2239 307
2240 302
2241 275
2242 282
2243 272
2244 257
2245 267
2246 268
2247 324
2248 275
2249 267
2250 264
2251 260
2252 251
2253 253
2254 266
2255 305
2256 307
2257 332
2258 303
2259 302
2260 310
2261 330
2262 370
2263 301
2264 270
2265 264
2266 286
2267 280
2268 297
2269 298
2270 313
2271 304
2272 275
2273 290
2274 270
2275 245
2276 242
2277 258
2278 250
2279 245
2280 223
2281 229
2282 212
2283 215
2284 201
2285 181
2286 201
2287 221
2288 219
2289 210
2290 202
2291 211
2292 210
2293 178
2294 175
2295 170
2296 187
2297 197
2298 178
2299 183
2300 196
2301 214
2302 229
2303 242
2304 243
2305 251
2306 266
2307 273
2308 293
2309 301
2310 284
2311 280
2312 265
2313 247
2314 249
2315 219
2316 207
2317 202
2318 190
2319 174
2320 194
2321 208
2322 199
2323 218
2324 213
2325 215
2326 218
2327 202
2328 202
2329 216
2330 216
2331 242
2332 234
2333 217
2334 217
2335 249
2336 257
2337 253
2338 288
2339 274
2340 285
2341 295
2342 302
2343 298
2344 274
2345 280
2346 269
2347 263
2348 254
2349 221
2350 216
2351 212
2352 202
2353 204
2354 209
2355 231
2356 254
2357 255
2358 256
2359 249
2360 244
2361 214
2362 236
2363 251
2364 252
2365 259
2366 256
2367 273
2368 233
2369 226
2370 229
2371 227
2372 250
2373 228
2374 218
2375 223
2376 226
2377 234
2378 250
2379 218
2380 219
2381 222
2382 223
2383 215
2384 216
2385 207
2386 210
2387 200
2388 191
2389 192
2390 167
2391 156
2392 161
2393 164
2394 175
2395 168
2396 185
2397 190
2398 216
2399 214
2400 201
2401 201
2402 204
2403 191
2404 190
2405 181
2406 172
2407 197
2408 205
2409 222
2410 223
2411 224
2412 245
2413 233
2414 213
2415 219
2416 211
2417 227
2418 218
2419 210
2420 229
2421 227
2422 207
2423 227
2424 213
2425 214
2426 205
2427 185
2428 182
2429 201
2430 222
2431 209
2432 198
2433 174
2434 183
2435 180
2436 192
2437 193
2438 184
2439 178
2440 153
2441 152
2442 173
2443 172
2444 181
2445 203
2446 213
2447 234
2448 235
2449 239
2450 253
2451 274
2452 266
2453 261
2454 252
2455 282
2456 298
2457 295
2458 312
2459 308
2460 324
2461 353
2462 336
2463 328
2464 352
2465 346
2466 344
2467 329
2468 354
2469 328
2470 333
2471 344
2472 341
2473 336
2474 353
2475 329
2476 320
2477 318
2478 308
2479 286
2480 290
2481 289
2482 271
2483 278
2484 288
2485 273
2486 272
2487 241
2488 253
2489 272
2490 230
2491 249
2492 255
2493 238
2494 250
2495 264
2496 283
2497 288
2498 320
2499 304
2500 326
2501 331
2502 366
2503 354
2504 341
2505 314
2506 316
2507 317
2508 320
2509 332
2510 334
2511 315
2512 298
2513 284
2514 274
2515 279
2516 251
2517 255
2518 280
2519 287
2520 274
2521 303
2522 278
2523 297
2524 281
2525 301
2526 303
2527 294
2528 299
2529 330
2530 330
2531 338
2532 347
2533 347
2534 356
2535 365
2536 370
2537 376
2538 392
2539 387
2540 380
2541 388
2542 370
2543 371
2544 397
2545 444
2546 454
2547 446
2548 464
2549 489
2550 490
2551 463
2552 474
2553 481
2554 486
2555 490
2556 511
2557 491
2558 494
2559 514
2560 544
2561 573
2562 617
2563 638
2564 620
2565 631
2566 644
2567 656
2568 635
2569 648
2570 686
2571 644
2572 626
2573 599
2574 580
2575 590
2576 565
2577 571
2578 605
2579 600
2580 607
2581 570
2582 557
2583 573
2584 560
2585 583
2586 606
2587 615
2588 627
2589 607
2590 622
2591 634
2592 688
2593 666
2594 683
2595 684
2596 707
2597 732
2598 700
2599 686
2600 692
2601 643
2602 669
2603 698
2604 694
2605 665
2606 745
2607 769
2608 776
2609 776
2610 773
2611 746
2612 730
2613 721
2614 683
2615 692
2616 730
2617 719
2618 734
2619 708
2620 696
2621 743
2622 729
2623 747
2624 717
2625 705
2626 716
2627 693
2628 696
2629 664
2630 691
2631 692
2632 650
2633 630
2634 669
2635 683
2636 671
2637 630
2638 597
2639 629
2640 608
2641 620
2642 607
2643 596
2644 592
2645 614
2646 596
2647 632
2648 653
2649 644
2650 674
2651 658
2652 652
2653 640
2654 644
2655 601
2656 620
2657 623
2658 645
2659 640
2660 611
2661 628
2662 624
2663 618
2664 604
2665 597
2666 566
2667 526
2668 548
2669 547
2670 557
2671 595
2672 597
2673 584
2674 560
2675 565
2676 548
2677 507
2678 492
2679 472
2680 443
2681 455
2682 481
2683 473
2684 472
2685 480
2686 466
2687 492
2688 482
2689 518
2690 537
2691 577
2692 622
2693 609
2694 599
2695 612
2696 602
2697 591
2698 595
2699 575
2700 604
2701 617
2702 624
2703 692
2704 709
2705 720
2706 724
2707 704
2708 706
2709 708
2710 699
2711 706
2712 684
2713 724
2714 715
2715 704
2716 708
2717 719
2718 718
2719 723
2720 714
2721 769
2722 768
2723 693
2724 697
2725 725
2726 686
2727 647
2728 687
2729 669
2730 699
2731 710
2732 678
2733 729
2734 736
2735 738
2736 696
2737 682
2738 693
2739 669
2740 701
2741 718
2742 765
2743 795
2744 819
2745 811
2746 786
2747 738
2748 744
2749 742
2750 796
2751 798
2752 829
2753 836
2754 824
2755 813
2756 843
2757 844
2758 795
2759 833
2760 837
2761 861
2762 901
2763 888
2764 857
2765 872
2766 899
2767 911
2768 902
2769 911
2770 924
2771 937
2772 951
2773 986
2774 993
2775 973
2776 998
2777 958
2778 977
2779 959
2780 933
2781 870
2782 833
2783 804
2784 779
2785 805
2786 851
2787 933
2788 950
2789 930
2790 923
2791 924
2792 891
2793 842
2794 896
2795 907
2796 949
2797 929
2798 869
2799 886
2800 882
2801 857
2802 893
2803 855
2804 820
2805 803
2806 777
2807 743
2808 705
2809 702
2810 701
2811 687
2812 704
2813 737
2814 728
2815 795
2816 818
2817 795
2818 753
2819 781
2820 804
2821 853
2822 851
2823 851
2824 846
2825 832
2826 830
2827 843
2828 823
2829 856
2830 826
2831 849
2832 877
2833 902
2834 849
2835 810
2836 800
2837 849
2838 834
2839 823
2840 863
2841 892
2842 853
2843 818
2844 807
2845 842
2846 828
2847 786
2848 791
2849 841
2850 822
2851 787
2852 810
2853 789
2854 789
2855 783
2856 730
2857 690
2858 717
2859 699
2860 690
2861 709
2862 681
2863 670
2864 700
2865 675
2866 633
2867 593
2868 568
2869 602
2870 593
2871 584
2872 571
2873 577
2874 552
2875 504
2876 483
2877 442
2878 458
2879 504
2880 492
2881 465
2882 506
2883 543
2884 528
2885 537
2886 546
2887 497
2888 522
2889 510
2890 489
2891 524
2892 529
2893 522
2894 475
2895 527
2896 547
2897 578
2898 582
2899 586
2900 595
2901 589
2902 601
2903 610
2904 609
2905 572
2906 592
2907 615
2908 598
2909 654
2910 627
2911 595
2912 608
2913 617
2914 656
2915 684
2916 686
2917 674
2918 654
2919 649
2920 677
2921 637
2922 631
2923 591
2924 575
2925 556
2926 580
2927 542
2928 567
2929 557
2930 583
2931 534
2932 534
2933 558
2934 552
2935 563
2936 591
2937 541
2938 508
2939 493
2940 503
2941 525
2942 520
2943 515
2944 503
2945 514
2946 485
2947 484
2948 466
2949 483
2950 490
2951 490
2952 499
2953 533
2954 533
2955 536
2956 529
2957 490
2958 474
2959 447
2960 456
2961 476
2962 506
2963 517
2964 487
2965 463
2966 455
2967 422
2968 424
2969 409
2970 399
2971 397
2972 406
2973 398
2974 410
2975 385
2976 401
2977 440
2978 436
2979 452
2980 455
2981 490
2982 490
2983 472
2984 500
2985 506
2986 500
2987 483
2988 477
2989 457
2990 419
2991 391
2992 386
2993 385
2994 363
2995 373
2996 389
2997 429
2998 447
2999 422
3000 464
3001 468
3002 477
3003 452
3004 464
3005 451
3006 458
3007 482
3008 484
3009 517
3010 448
3011 475
3012 484
3013 464
3014 462
3015 497
3016 494
3017 517
3018 505
3019 513
3020 571
3021 606
3022 594
3023 585
3024 587
3025 564
3026 537
3027 559
3028 598
3029 571
3030 550
3031 589
3032 589
3033 631
3034 604
3035 553
3036 563
3037 544
3038 533
3039 545
3040 532
3041 532
3042 556
3043 553
3044 539
3045 519
3046 535
3047 559
3048 566
3049 616
3050 602
3051 568
3052 551
3053 539
3054 511
3055 486
3056 499
3057 521
3058 562
3059 569
3060 541
3061 520
3062 511
3063 528
3064 502
3065 513
3066 507
3067 518
3068 530
3069 536
3070 548
3071 564
3072 543
3073 522
3074 508
3075 509
3076 498
3077 472
3078 449
3079 468
3080 460
3081 449
3082 443
3083 424
3084 412
3085 451
3086 477
3087 476
3088 465
3089 437
3090 392
3091 402
3092 388
3093 394
3094 402
3095 389
3096 370
3097 385
3098 377
3099 358
3100 370
3101 357
3102 344
3103 315
3104 332
3105 329
3106 342
3107 345
3108 374
3109 400
3110 411
3111 436
3112 434
3113 422
3114 406
3115 422
3116 439
3117 456
3118 464
3119 483
3120 446
3121 445
3122 397
3123 418
3124 364
3125 391
3126 411
3127 428
3128 406
3129 415
3130 415
3131 405
3132 440
3133 425
3134 420
3135 410
3136 389
3137 383
3138 386
3139 358
3140 320
3141 341
3142 338
3143 320
3144 315
3145 349
3146 348
3147 353
3148 332
3149 317
3150 348
3151 354
3152 364
3153 363
3154 359
3155 362
3156 333
3157 326
3158 303
3159 308
3160 284
3161 251
3162 251
3163 238
3164 258
3165 257
3166 233
3167 213
3168 204
3169 211
3170 219
3171 234
3172 245
3173 245
3174 225
3175 209
3176 196
3177 207
3178 196
3179 209
3180 207
3181 210
3182 213
3183 242
3184 238
3185 231
3186 204
3187 199
3188 204
3189 171
3190 184
3191 154
3192 124
3193 121
3194 117
3195 142
3196 150
3197 145
3198 130
3199 123
3200 107
3201 101
3202 107
3203 105
3204 83
3205 84
3206 85
3207 90
3208 96
3209 92
3210 76
3211 70
3212 73
3213 75
3214 73
3215 72
3216 66
3217 60
3218 64
3219 68
3220 69
3221 67
3222 70
3223 63
3224 57
3225 58
3226 57
3227 51
3228 35
3229 30
3230 24
3231 29
3232 26
3233 26
3234 30
3235 23
3236 21
3237 18
3238 16
3239 10
3240 7
3241 10
3242 9
3243 12
3244 10
3245 9
3246 14
3247 11
3248 9
3249 11
3250 10
3251 9
3252 5
3253 2
3254 2
3255 4
3256 6
3257 12
3258 12
3259 16
3260 22
3261 33
3262 35
3263 37
3264 36
3265 49
3266 53
3267 41
3268 44
3269 49
3270 51
3271 50
3272 48
3273 53
3274 54
3275 51
3276 55
3277 55
3278 62
3279 59
3280 46
3281 56
3282 51
3283 45
3284 43
3285 41
3286 34
3287 27
3288 31
3289 36
3290 42
3291 55
3292 45
3293 57
3294 61
3295 71
3296 82
3297 86
3298 93
3299 89
3300 97
3301 97
3302 89
3303 93
3304 92
3305 97
3306 123
3307 127
3308 124
3309 134
3310 139
3311 130
3312 136
3313 143
3314 144
3315 142
3316 124
3317 123
3318 132
3319 130
3320 125
3321 144
3322 144
3323 133
3324 131
3325 137
3326 143
3327 126
3328 123
3329 110
3330 112
3331 102
3332 110
3333 108
3334 107
3335 108
3336 110
3337 135
3338 134
3339 141
3340 143
3341 150
3342 148
3343 151
3344 145
3345 162
3346 155
3347 145
3348 130
3349 138
3350 125
3351 89
3352 88
3353 88
3354 68
3355 72
3356 75
3357 74
3358 77
3359 85
3360 96
3361 87
3362 82
3363 74
3364 80
3365 88
3366 93
3367 105
3368 94
3369 93
3370 109
3371 103
3372 104
3373 114
3374 92
3375 97
3376 90
3377 73
3378 91
3379 95
3380 105
3381 102
3382 94
3383 80
3384 69
3385 78
3386 74
3387 96
3388 96
3389 91
3390 83
3391 71
3392 80
3393 78
3394 75
3395 86
3396 86
3397 89
3398 75
3399 74
3400 85
3401 89
3402 69
3403 76
3404 80
3405 84
3406 66
3407 72
3408 61
3409 52
3410 49
3411 45
3412 34
3413 22
3414 18
3415 16
3416 23
3417 21
3418 23
3419 22
3420 26
3421 21
3422 25
3423 19
3424 13
3425 15
3426 12
3427 13
3428 16
3429 15
3430 18
3431 16
3432 20
3433 18
3434 15
3435 16
3436 18
3437 12
3438 9
3439 7
3440 6
3441 8
3442 10
3443 4
3444 2
3445 3
3446 6
3447 6
3448 4
3449 6
3450 7
3451 8
3452 8
3453 8
3454 8
3455 12
3456 11
3457 13
3458 13
3459 16
3460 19
3461 21
3462 24
3463 33
3464 33
3465 32
3466 22
3467 23
3468 21
3469 31
3470 30
3471 34
3472 27
3473 21
3474 27
3475 35
3476 39
3477 43
3478 52
3479 66
3480 68
3481 77
3482 71
3483 64
3484 63
3485 66
3486 49
3487 54
3488 60
3489 61
3490 56
3491 51
3492 41
3493 45
3494 43
3495 44
3496 52
3497 54
3498 44
3499 51
3500 52
3501 48
3502 50
3503 51
3504 44
3505 41
3506 39
3507 51
3508 59
3509 70
3510 59
3511 62
3512 63
3513 52
3514 49
3515 52
3516 46
3517 51
3518 52
3519 73
3520 81
3521 84
3522 74
3523 79
3524 71
3525 57
3526 51
3527 43
3528 43
3529 56
3530 59
3531 68
3532 67
3533 75
3534 72
3535 75
3536 58
3537 62
3538 65
3539 60
3540 55
3541 72
3542 76
3543 60
3544 52
3545 50
3546 50
3547 48
3548 50
3549 57
3550 58
3551 47
3552 54
3553 54
3554 50
3555 55
3556 50
3557 66
3558 69
3559 71
3560 69
3561 59
3562 47
3563 50
3564 40
3565 46
3566 46
3567 39
3568 47
3569 42
3570 37
3571 30
3572 32
3573 42
3574 40
3575 40
3576 38
3577 37
3578 35
3579 28
3580 37
3581 37
3582 29
3583 29
3584 27
3585 28
3586 24
3587 23
3588 15
3589 12
3590 12
3591 17
3592 14
3593 14
3594 9
3595 11
3596 14
3597 6
3598 3
3599 4
3600 8
3601 11
3602 12
3603 13
3604 16
3605 15
3606 17
3607 11
3608 14
3609 17
3610 14
3611 23
3612 20
3613 22
3614 25
3615 27
3616 29
3617 24
3618 24
3619 31
3620 32
3621 31
3622 35
3623 32
3624 25
3625 17
3626 23
3627 20
3628 21
3629 16
3630 15
3631 20
3632 18
3633 21
3634 13
3635 13
3636 14
3637 16
3638 20
3639 20
3640 21
3641 19
3642 18
3643 15
3644 22
3645 17
3646 25
3647 24
3648 19
3649 29
3650 28
3651 21
3652 17
3653 25
3654 19
3655 16
3656 13
3657 13
3658 11
3659 13
3660 14
3661 21
3662 22
3663 19
3664 32
3665 23
3666 25
3667 24
3668 20
3669 14
3670 15
3671 21
3672 25
3673 32
3674 29
3675 35
3676 41
3677 42
3678 41
3679 45
3680 48
3681 48
3682 38
3683 46
3684 51
3685 49
3686 56
3687 56
3688 52
3689 50
3690 54
3691 52
3692 58
3693 54
3694 46
3695 48
3696 50
3697 63
3698 67
3699 77
3700 79
3701 85
3702 94
3703 87
3704 85
3705 93
3706 106
3707 107
3708 116
3709 124
3710 101
3711 106
3712 101
3713 89
3714 90
3715 92
3716 76
3717 75
3718 84
3719 81
3720 81
3721 75
3722 87
3723 91
3724 84
3725 81
3726 78
3727 81
3728 81
3729 85
3730 82
3731 77
3732 70
3733 68
3734 75
3735 82
3736 96
3737 91
3738 86
3739 102
3740 97
3741 94
3742 82
3743 82
3744 90
3745 105
3746 100
3747 84
3748 61
3749 62
3750 57
3751 57
3752 52
3753 65
3754 69
3755 64
3756 75
3757 90
3758 97
3759 95
3760 80
3761 67
3762 60
3763 59
3764 45
3765 42
3766 33
3767 28
3768 25
3769 28
3770 24
3771 26
3772 29
3773 25
3774 26
3775 26
3776 30
3777 29
3778 25
3779 29
3780 25
3781 17
3782 18
3783 15
3784 14
3785 5
3786 3
3787 4
3788 1
3789 2
3790 2
3791 3
3792 2
3793 5
3794 3
3795 5
3796 4
3797 3
3798 2
3799 1
3800 1
3801 1
3802 0
3803 0
3804 0
3805 1
3806 3
3807 7
3808 12
3809 14
3810 9
3811 8
3812 8
3813 1
3814 2
3815 1
3816 3
3817 4
3818 3
3819 3
3820 4
3821 8
3822 7
3823 5
3824 4
3825 4
3826 4
3827 5
3828 9
3829 12
3830 13
3831 16
3832 16
3833 18
3834 26
3835 36
3836 37
3837 36
3838 37
3839 32
3840 32
3841 32
3842 32
3843 39
3844 37
3845 34
3846 34
3847 39
3848 49
3849 62
3850 58
3851 72
3852 67
3853 63
3854 62
3855 70
3856 46
3857 37
3858 51
3859 61
3860 56
3861 46
3862 49
3863 59
3864 58
3865 59
3866 63
3867 76
3868 71
3869 68
3870 68
3871 70
3872 72
3873 55
3874 50
3875 43
3876 34
3877 29
3878 26
3879 33
3880 36
3881 40
3882 40
3883 47
3884 42
3885 42
3886 53
3887 47
3888 28
3889 31
3890 37
3891 35
3892 31
3893 36
3894 43
3895 39
3896 45
3897 45
3898 47
3899 49
3900 46
3901 45
3902 57
3903 63
3904 61
3905 68
3906 70
3907 64
3908 65
3909 73
3910 69
3911 82
3912 88
3913 95
3914 103
3915 102
3916 110
3917 104
3918 114
3919 107
3920 96
3921 98
3922 91
3923 80
3924 83
3925 93
3926 93
3927 87
3928 83
3929 91
3930 103
3931 93
3932 97
3933 98
3934 96
3935 90
3936 86
3937 106
3938 90
3939 95
3940 96
3941 88
3942 99
3943 93
3944 77
3945 63
3946 54
3947 54
3948 48
3949 57
3950 54
3951 51
3952 51
3953 46
3954 46
3955 42
3956 30
3957 29
3958 26
3959 30
3960 32
3961 33
3962 28
3963 22
3964 22
3965 19
3966 23
3967 19
3968 24
3969 25
3970 33
3971 39
3972 32
3973 41
3974 48
3975 42
3976 37
3977 29
3978 26
3979 23
3980 23
3981 33
3982 26
3983 18
3984 24
3985 19
3986 11
3987 8
3988 3
3989 3
3990 6
3991 11
3992 13
3993 14
3994 18
3995 24
3996 15
3997 14
3998 16
3999 6
4000 9
4001 10
4002 17
4003 14
4004 16
4005 16
4006 11
4007 11
4008 8
4009 12
4010 5
4011 3
4012 2
4013 4
4014 5
4015 6
4016 6
4017 6
4018 5
4019 7
4020 6
4021 5
4022 4
4023 3
4024 1
4025 0
4026 1
4027 2
4028 0
4029 1
4030 0
4031 0
4032 0
4033 0
4034 1
4035 2
4036 0
4037 0
4038 0
4039 0
4040 0
4041 0
4042 0
4043 0
4044 0
4045 0
4046 0
4047 0
4048 0
4049 0
4050 1
4051 3
4052 1
4053 2
4054 3
4055 2
4056 4
4057 4
4058 4
4059 4
4060 5
4061 8
4062 6
4063 5
4064 4
4065 8
4066 8
4067 7
4068 8
4069 6
4070 5
4071 4
4072 3
4073 3
4074 6
4075 4
4076 1
4077 3
4078 5
4079 2
4080 4
4081 4
4082 4
4083 3
4084 2
4085 4
4086 3
4087 2
4088 0
4089 0
4090 0
4091 0
4092 0
4093 0
4094 1
4095 1
4096 0
4097 1
4098 0
4099 0
4100 0
4101 0
4102 0
4103 0
4104 0
4105 0
4106 1
4107 1
4108 1
4109 2
4110 2
4111 5
4112 4
4113 4
4114 2
4115 2
4116 1
4117 1
4118 0
4119 0
4120 0
4121 0
4122 0
4123 0
4124 0
4125 0
4126 0
4127 0
4128 0
4129 1
4130 1
4131 3
4132 2
4133 1
4134 1
4135 0
4136 1
4137 1
4138 2
4139 4
4140 7
4141 10
4142 10
4143 15
4144 12
4145 16
4146 21
4147 30
4148 34
4149 29
4150 33
4151 37
4152 37
4153 29
4154 25
4155 23
4156 20
4157 16
4158 18
4159 24
4160 23
4161 22
4162 21
4163 19
4164 28
4165 33
4166 29
4167 23
4168 23
4169 24
4170 28
4171 26
4172 26
4173 25
4174 32
4175 27
4176 28
4177 23
4178 26
4179 34
4180 35
4181 38
4182 38
4183 33
4184 44
4185 49
4186 48
4187 43
4188 46
4189 39
4190 33
4191 40
4192 37
4193 34
4194 28
4195 29
4196 22
4197 23
4198 22
4199 17
4200 9
4201 9
4202 12
4203 11
4204 8
4205 6
4206 9
4207 8
4208 6
4209 7
4210 11
4211 11
4212 14
4213 17
4214 14
4215 17
4216 16
4217 17
4218 26
4219 23
4220 21
4221 21
4222 19
4223 19
4224 25
4225 25
4226 29
4227 17
4228 21
4229 30
4230 35
4231 40
4232 35
4233 34
4234 32
4235 32
4236 27
4237 26
4238 29
4239 27
4240 29
4241 23
4242 34
4243 34
4244 42
4245 37
4246 37
4247 40
4248 39
4249 34
4250 40
4251 46
4252 47
4253 43
4254 47
4255 52
4256 52
4257 51
4258 37
4259 43
4260 45
4261 42
4262 51
4263 52
4264 52
4265 45
4266 65
4267 74
4268 73
4269 79
4270 80
4271 86
4272 100
4273 104
4274 106
4275 109
4276 117
4277 111
4278 106
4279 120
4280 116
4281 113
4282 105
4283 128
4284 114
4285 112
4286 106
4287 100
4288 111
4289 125
4290 143
4291 129
4292 133
4293 125
4294 149
4295 150
4296 153
4297 160
4298 163
4299 161
4300 160
4301 141
4302 118
4303 114
4304 109
4305 101
4306 88
4307 86
4308 74
4309 68
4310 81
4311 80
4312 73
4313 63
4314 60
4315 50
4316 54
4317 47
4318 39
4319 45
4320 49
4321 50
4322 50
4323 57
4324 37
4325 39
4326 36
4327 31
4328 32
4329 25
4330 34
4331 25
4332 20
4333 20
4334 18
4335 21
4336 22
4337 20
4338 26
4339 18
4340 12
4341 13
4342 14
4343 12
4344 21
4345 27
4346 33
4347 38
4348 37
4349 35
4350 46
4351 51
4352 57
4353 62
4354 56
4355 56
4356 52
4357 52
4358 42
4359 45
4360 47
4361 43
4362 37
4363 35
4364 45
4365 52
4366 46
4367 50
4368 40
4369 48
4370 63
4371 53
4372 53
4373 40
4374 42
4375 42
4376 47
4377 47
4378 46
4379 53
4380 58
4381 72
4382 76
4383 83
4384 82
4385 89
4386 84
4387 94
4388 94
4389 92
4390 103
4391 116
4392 133
4393 151
4394 145
4395 133
4396 142
4397 131
4398 126
4399 124
4400 122
4401 104
4402 104
4403 90
4404 78
4405 65
4406 57
4407 43
4408 40
4409 36
4410 32
4411 26
4412 36
4413 33
4414 40
4415 27
4416 27
4417 26
4418 21
4419 26
4420 26
4421 31
4422 36
4423 41
4424 49
4425 41
4426 44
4427 39
4428 35
4429 26
4430 30
4431 24
4432 28
4433 25
4434 19
4435 23
4436 23
4437 16
4438 22
4439 23
4440 20
4441 20
4442 15
4443 19
4444 23
4445 30
4446 35
4447 37
4448 31
4449 34
4450 40
4451 40
4452 35
4453 30
4454 41
4455 39
4456 31
4457 33
4458 37
4459 43
4460 43
4461 40
4462 41
4463 33
4464 27
4465 28
4466 26
4467 43
4468 46
4469 48
4470 53
4471 42
4472 43
4473 53
4474 50
4475 46
4476 56
4477 47
4478 44
4479 43
4480 53
4481 44
4482 53
4483 54
4484 59
4485 56
4486 57
4487 56
4488 54
4489 45
4490 58
4491 69
4492 75
4493 76
4494 78
4495 76
4496 79
4497 84
4498 88
4499 89
4500 89
4501 96
4502 85
4503 99
4504 91
4505 91
4506 90
4507 98
4508 103
4509 94
4510 92
4511 70
4512 63
4513 71
4514 69
4515 63
4516 62
4517 51
4518 45
4519 33
4520 45
4521 51
4522 39
4523 38
4524 32
4525 30
4526 20
4527 21
4528 22
4529 19
4530 8
4531 10
4532 7
4533 10
4534 12
4535 18
4536 19
4537 11
4538 15
4539 9
4540 13
4541 14
4542 11
4543 13
4544 17
4545 13
4546 18
4547 19
4548 22
4549 20
4550 16
4551 15
4552 12
4553 6
4554 7
4555 7
4556 10
4557 6
4558 3
4559 2
4560 3
4561 1
4562 1
4563 0
4564 0
4565 0
4566 0
4567 0
4568 1
4569 0
4570 0
4571 0
4572 0
4573 0
4574 0
4575 0
4576 0
4577 0
4578 0
4579 0
4580 0
4581 0
4582 0
4583 0
4584 0
4585 0
4586 0
4587 0
4588 0
4589 0
4590 0
4591 0
4592 0
4593 0
4594 0
4595 0
4596 0
4597 0
4598 0
4599 0
4600 0
4601 0
4602 0
4603 0
4604 0
4605 1
4606 2
4607 2
4608 4
4609 9
4610 9
4611 17
4612 15
4613 18
4614 19
4615 17
4616 16
4617 10
4618 19
4619 23
4620 27
4621 23
4622 15
4623 11
4624 8
4625 9
4626 7
4627 5
4628 7
4629 4
4630 8
4631 8
4632 10
4633 9
4634 8
4635 8
4636 6
4637 6
4638 6
4639 7
4640 12
4641 13
4642 15
4643 18
4644 18
4645 17
4646 15
4647 13
4648 17
4649 17
4650 10
4651 12
4652 13
4653 11
4654 12
4655 19
4656 17
4657 18
4658 19
4659 19
4660 14
4661 12
4662 10
4663 9
4664 12
4665 8
4666 4
4667 1
4668 1
4669 0
4670 0
4671 0
4672 0
4673 1
4674 2
4675 5
4676 6
4677 8
4678 8
4679 10
4680 9
4681 10
4682 14
4683 20
4684 18
4685 14
4686 8
4687 7
4688 8
4689 8
4690 10
4691 11
4692 12
4693 18
4694 29
4695 28
4696 33
4697 26
4698 29
4699 25
4700 33
4701 39
4702 47
4703 47
4704 35
4705 46
4706 41
4707 36
4708 30
4709 20
4710 24
4711 21
4712 23
4713 29
4714 35
4715 25
4716 29
4717 21
4718 13
4719 16
4720 15
4721 19
4722 17
4723 19
4724 24
4725 16
4726 18
4727 12
4728 12
4729 13
4730 15
4731 14
4732 15
4733 18
4734 18
4735 8
4736 10
4737 11
4738 9
4739 9
4740 13
4741 10
4742 9
4743 4
4744 3
4745 5
4746 9
4747 11
4748 16
4749 11
4750 11
4751 8
4752 9
4753 7
4754 7
4755 9
4756 8
4757 7
4758 4
4759 2
4760 2
4761 2
4762 1
4763 1
4764 1
4765 2
4766 2
4767 4
4768 5
4769 6
4770 4
4771 2
4772 2
4773 0
4774 0
4775 0
4776 0
4777 0
4778 1
4779 0
4780 0
4781 2
4782 1
4783 1
4784 1
4785 1
4786 3
4787 1
4788 2
4789 4
4790 7
4791 5
4792 6
4793 4
4794 7
4795 9
4796 14
4797 9
4798 6
4799 8
4800 11
4801 11
4802 13
4803 16
4804 15
4805 9
4806 15
4807 16
4808 21
4809 22
4810 15
4811 18
4812 26
4813 24
4814 19
4815 22
4816 22
4817 22
4818 20
4819 28
4820 33
4821 36
4822 36
4823 35
4824 27
4825 34
4826 34
4827 35
4828 26
4829 24
4830 26
4831 22
4832 21
4833 22
4834 17
4835 11
4836 15
4837 8
4838 11
4839 14
4840 13
4841 12
4842 6
4843 3
4844 2
4845 4
4846 1
4847 1
4848 0
4849 0
4850 0
4851 0
4852 0
4853 1
4854 2
4855 3
4856 7
4857 3
4858 5
4859 2
4860 0
4861 1
4862 2
4863 1
4864 2
4865 2
4866 2
4867 2
4868 1
4869 1
4870 1
4871 1
4872 0
4873 0
4874 0
4875 0
4876 0
4877 0
4878 0
4879 0
4880 0
4881 1
4882 2
4883 2
4884 1
4885 1
4886 0
4887 1
4888 0
4889 1
4890 2
4891 1
4892 1
4893 1
4894 3
4895 1
4896 1
4897 0
4898 1
4899 2
4900 2
4901 1
4902 2
4903 1
4904 0
4905 0
4906 0
4907 0
4908 0
4909 0
4910 0
4911 1
4912 3
4913 2
4914 4
4915 3
4916 4
4917 2
4918 3
4919 3
4920 3
4921 3
4922 4
4923 5
4924 5
4925 6
4926 10
4927 12
4928 15
4929 15
4930 14
4931 17
4932 22
4933 24
4934 22
4935 23
4936 20
4937 28
4938 26
4939 22
4940 19
4941 25
4942 22
4943 23
4944 13
4945 10
4946 11
4947 11
4948 13
4949 8
4950 8
4951 7
4952 3
4953 4
4954 2
4955 1
4956 0
4957 0
4958 1
4959 3
4960 4
4961 3
4962 5
4963 5
4964 1
4965 4
4966 7
4967 3
4968 5
4969 6
4970 5
4971 5
4972 1
4973 1
4974 0
4975 0
4976 1
4977 1
4978 2
4979 2
4980 3
4981 6
4982 6
4983 5
4984 4
4985 0
4986 0
4987 1
4988 0
4989 0
4990 0
4991 0
4992 0
4993 0
4994 0
4995 0
4996 0
4997 0
4998 0
4999 0
5000 0
5001 0
5002 0
5003 1
5004 0
5005 0
5006 0
5007 0
5008 1
5009 2
5010 3
5011 6
5012 5
5013 2
5014 2
5015 2
5016 2
5017 2
5018 1
5019 1
5020 3
5021 3
5022 3
5023 1
5024 0
5025 0
5026 0
5027 1
5028 1
5029 2
5030 2
5031 4
5032 3
5033 0
5034 0
5035 0
5036 0
5037 0
5038 0
5039 0
5040 0
5041 0
5042 1
5043 2
5044 1
5045 1
5046 0
5047 0
5048 1
5049 2
5050 2
5051 1
5052 1
5053 0
5054 0
5055 0
5056 0
5057 0
5058 0
5059 0
5060 0
5061 1
5062 2
5063 1
5064 1
5065 2
5066 1
5067 3
5068 1
5069 0
5070 0
5071 0
5072 0
5073 0
5074 0
5075 0
5076 0
5077 0
5078 0
5079 1
5080 1
5081 3
5082 2
5083 2
5084 3
5085 1
5086 2
5087 3
5088 5
5089 10
5090 8
5091 11
5092 7
5093 5
5094 5
5095 1
5096 1
5097 0
5098 0
5099 0
5100 0
5101 0
5102 0
5103 0
5104 0
5105 0
5106 0
5107 0
5108 0
5109 0
5110 1
5111 1
5112 1
5113 2
5114 1
5115 0
5116 0
5117 0
5118 0
5119 0
5120 0
5121 0
5122 0
5123 0
5124 0
5125 1
5126 0
5127 0
5128 0
5129 0
5130 1
5131 2
5132 0
5133 0
5134 1
5135 0
5136 0
5137 0
5138 0
5139 0
5140 0
5141 0
5142 0
5143 0
5144 0
5145 0
5146 0
5147 1
5148 1
5149 1
5150 0
5151 0
5152 1
5153 0
5154 0
5155 0
5156 0
5157 0
5158 1
5159 0
5160 1
5161 1
5162 1
5163 1
5164 3
5165 8
5166 10
5167 10
5168 14
5169 9
5170 8
5171 9
5172 11
5173 17
5174 15
5175 17
5176 15
5177 12
5178 11
5179 9
5180 11
5181 15
5182 16
5183 22
5184 29
5185 21
5186 24
5187 25
5188 16
5189 11
5190 4
5191 1
5192 3
5193 0
5194 0
5195 0
5196 0
5197 0
5198 0
5199 0
5200 1
5201 1
5202 4
5203 2
5204 3
5205 9
5206 9
5207 13
5208 18
5209 19
5210 20
5211 20
5212 21
5213 20
5214 18
5215 15
5216 19
5217 17
5218 15
5219 11
5220 12
5221 13
5222 13
5223 9
5224 11
5225 12
5226 6
5227 4
5228 4
5229 3
5230 1
5231 0
5232 0
5233 0
5234 0
5235 0
5236 1
5237 0
5238 0
5239 0
5240 0
5241 0
5242 0
5243 0
5244 1
5245 2
5246 1
5247 1
5248 2
5249 3
5250 2
5251 2
5252 0
5253 0
5254 0
5255 0
5256 0
5257 0
5258 0
5259 0
5260 0
5261 0
5262 1
5263 1
5264 0
5265 1
5266 1
5267 3
5268 3
5269 2
5270 2
5271 2
5272 3
5273 2
5274 2
5275 3
5276 4
5277 7
5278 3
5279 3
5280 4
5281 3
5282 5
5283 4
5284 4
5285 5
5286 6
5287 6
5288 1
5289 1
5290 2
5291 2
5292 1
5293 3
5294 2
5295 2
5296 5
5297 3
5298 1
5299 0
5300 1
5301 1
5302 1
5303 0
5304 0
5305 0
5306 0
5307 0
5308 0
5309 0
5310 0
5311 0
5312 0
5313 0
5314 1
5315 2
5316 1
5317 0
5318 0
5319 1
5320 1
5321 0
5322 0
5323 0
5324 0
5325 0
5326 0
5327 0
5328 0
5329 1
5330 2
5331 4
5332 1
5333 2
5334 2
5335 0
5336 1
5337 2
5338 2
5339 2
5340 1
5341 6
5342 4
5343 3
5344 3
5345 4
5346 4
5347 4
5348 2
5349 3
5350 5
5351 4
5352 4
5353 1
5354 0
5355 0
5356 1
5357 1
5358 2
5359 1
5360 0
5361 0
5362 0
5363 0
5364 0
5365 0
5366 1
5367 1
5368 1
5369 0
5370 0
5371 0
5372 0
5373 1
5374 2
5375 1
5376 3
5377 2
5378 0
5379 0
5380 0
5381 0
5382 0
5383 0
5384 0
5385 0
5386 0
5387 0
5388 0
5389 0
5390 1
5391 0
5392 0
5393 0
5394 1
5395 2
5396 2
5397 3
5398 7
5399 7
5400 10
5401 13
5402 14
5403 15
5404 14
5405 21
5406 21
5407 31
5408 32
5409 29
5410 26
5411 30
5412 28
5413 23
5414 26
5415 21
5416 20
5417 26
5418 25
5419 29
5420 28
5421 27
5422 31
5423 28
5424 31
5425 32
5426 32
5427 36
5428 28
5429 25
5430 31
5431 34
5432 35
5433 47
5434 38
5435 29
5436 22
5437 22
5438 24
5439 21
5440 23
5441 29
5442 30
5443 38
5444 44
5445 38
5446 33
5447 33
5448 26
5449 25
5450 23
5451 25
5452 26
5453 22
5454 23
5455 33
5456 36
5457 39
5458 36
5459 38
5460 32
5461 31
5462 39
5463 29
5464 33
5465 25
5466 26
5467 36
5468 38
5469 59
5470 60
5471 56
5472 63
5473 76
5474 76
5475 91
5476 79
5477 85
5478 99
5479 91
5480 90
5481 95
5482 91
5483 90
5484 80
5485 71
5486 69
5487 69
5488 65
5489 70
5490 80
5491 78
5492 81
5493 71
5494 60
5495 58
5496 55
5497 54
5498 60
5499 59
5500 56
5501 47
5502 57
5503 60
5504 67
5505 76
5506 77
5507 84
5508 85
5509 101
5510 112
5511 117
5512 123
5513 130
5514 144
5515 150
5516 148
5517 150
5518 132
5519 138
5520 148
5521 152
5522 161
5523 152
5524 154
5525 163
5526 184
5527 173
5528 171
5529 198
5530 196
5531 177
5532 182
5533 184
5534 182
5535 221
5536 229
5537 200
5538 208
5539 217
5540 217
5541 199
5542 219
5543 241
5544 263
5545 238
5546 217
5547 226
5548 233
5549 237
5550 253
5551 258
5552 276
5553 291
5554 281
5555 286
5556 268
5557 275
5558 245
5559 239
5560 239
5561 255
5562 221
5563 216
5564 212
5565 199
5566 199
5567 190
5568 177
5569 200
5570 196
5571 193
5572 210
5573 206
5574 216
5575 215
5576 206
5577 216
5578 214
5579 226
5580 264
5581 270
5582 261
5583 263
5584 244
5585 252
5586 234
5587 210
5588 208
5589 218
5590 210
5591 211
5592 232
5593 251
5594 250
5595 274
5596 273
5597 293
5598 290
5599 258
5600 293
5601 314
5602 340
5603 374
5604 363
5605 349
5606 367
5607 360
5608 379
5609 381
5610 391
5611 354
5612 365
5613 379
5614 399
5615 384
5616 412
5617 413
5618 421
5619 385
5620 403
5621 397
5622 408
5623 406
5624 407
5625 396
5626 358
5627 373
5628 396
5629 396
5630 440
5631 421
5632 410
5633 382
5634 360
5635 344
5636 360
5637 342
5638 332
5639 336
5640 324
5641 296
5642 293
5643 290
5644 271
5645 281
5646 262
5647 269
5648 285
5649 263
5650 278
5651 314
5652 261
5653 274
5654 228
5655 251
5656 265
5657 287
5658 314
5659 281
5660 286
5661 300
5662 328
5663 333
5664 322
5665 319
5666 294
5667 327
5668 322
5669 317
5670 328
5671 338
5672 374
5673 340
5674 339
5675 342
5676 379
5677 416
5678 416
5679 416
5680 428
5681 434
5682 461
5683 435
5684 425
5685 453
5686 454
5687 464
5688 422
5689 441
5690 462
5691 448
5692 472
5693 491
5694 528
5695 526
5696 518
5697 494
5698 452
5699 466
5700 466
5701 461
5702 484
5703 448
5704 466
5705 467
5706 443
5707 445
5708 441
5709 410
5710 405
5711 454
5712 448
5713 432
5714 423
5715 427
5716 410
5717 386
5718 391
5719 369
5720 325
5721 320
5722 342
5723 331
5724 327
5725 326
5726 328
5727 348
5728 388
5729 373
5730 386
5731 408
5732 398
5733 422
5734 454
5735 448
5736 442
5737 445
5738 425
5739 433
5740 404
5741 424
5742 435
5743 433
5744 431
5745 412
5746 424
5747 418
5748 379
5749 353
5750 360
5751 354
5752 346
5753 332
5754 325
5755 332
5756 328
5757 324
5758 354
5759 385
5760 364
5761 371
5762 365
5763 396
5764 401
5765 412
5766 399
5767 399
5768 396
5769 374
5770 369
5771 347
5772 320
5773 309
5774 318
5775 347
5776 355
5777 321
5778 352
5779 370
5780 357
5781 343
5782 344
5783 348
5784 378
5785 402
5786 399
5787 371
5788 381
5789 371
5790 384
5791 387
5792 369
5793 395
5794 388
5795 380
5796 419
5797 436
5798 418
5799 445
5800 475
5801 476
5802 474
5803 442
5804 424
5805 438
5806 437
5807 455
5808 440
5809 412
5810 404
5811 392
5812 370
5813 379
5814 329
5815 311
5816 294
5817 277
5818 295
5819 308
5820 287
5821 303
5822 346
5823 367
5824 374
5825 365
5826 377
5827 373
5828 376
5829 414
5830 421
5831 411
5832 402
5833 368
5834 401
5835 399
5836 422
5837 431
5838 419
5839 411
5840 390
5841 373
5842 355
5843 345
5844 375
5845 337
5846 344
5847 367
5848 346
5849 319
5850 346
5851 382
5852 379
5853 374
5854 340
5855 334
5856 316
5857 290
5858 321
5859 295
5860 295
5861 296
5862 292
5863 297
5864 275
5865 256
5866 264
5867 269
5868 277
5869 278
5870 257
5871 276
5872 260
5873 263
5874 257
5875 245
5876 239
5877 233
5878 233
5879 234
5880 196
5881 188
5882 175
5883 194
5884 196
5885 210
5886 202
5887 215
5888 241
5889 251
5890 216
5891 226
5892 238
5893 243
5894 246
5895 244
5896 237
5897 253
5898 269
5899 247
5900 244
5901 251
5902 247
5903 236
5904 255
5905 233
5906 218
5907 225
5908 251
5909 243
5910 259
5911 246
5912 260
5913 295
5914 301
5915 316
5916 334
5917 346
5918 343
5919 361
5920 371
5921 350
5922 352
5923 318
5924 316
5925 319
5926 294
5927 274
5928 260
5929 263
5930 244
5931 261
5932 251
5933 277
5934 259
5935 268
5936 313
5937 341
5938 347
5939 367
5940 376
5941 392
5942 373
5943 375
5944 324
5945 331
5946 354
5947 345
5948 367
5949 359
5950 357
5951 380
5952 379
5953 388
5954 357
5955 350
5956 355
5957 328
5958 321
5959 355
5960 371
5961 400
5962 395
5963 412
5964 416
5965 416
5966 428
5967 452
5968 457
5969 440
5970 448
5971 499
5972 476
5973 490
5974 454
5975 454
5976 453
5977 470
5978 440
5979 427
5980 417
5981 434
5982 428
5983 436
5984 434
5985 413
5986 416
5987 390
5988 402
5989 415
5990 396
5991 422
5992 405
5993 379
5994 390
5995 365
5996 412
5997 435
5998 442
5999 436
6000 411
6001 404
6002 403
6003 392
6004 357
6005 349
6006 366
6007 364
6008 340
6009 350
6010 353
6011 390
6012 376
6013 345
6014 347
6015 323
6016 313
6017 340
6018 322
6019 307
6020 285
6021 310
6022 282
6023 263
6024 261
6025 289
6026 299
6027 323
6028 361
6029 367
6030 366
6031 314
6032 292
6033 279
6034 283
6035 282
6036 290
6037 310
6038 313
6039 333
6040 349
6041 357
6042 363
6043 360
6044 383
6045 361
6046 360
6047 355
6048 358
6049 390
6050 378
6051 399
6052 428
6053 412
6054 419
6055 410
6056 450
6057 469
6058 463
6059 432
6060 437
6061 468
6062 443
6063 449
6064 468
6065 486
6066 484
6067 470
6068 485
6069 480
6070 456
6071 466
6072 481
6073 453
6074 464
6075 458
6076 457
6077 410
6078 397
6079 395
6080 361
6081 361
6082 351
6083 368
6084 374
6085 357
6086 343
6087 338
6088 338
6089 341
6090 362
6091 355
6092 375
6093 386
6094 415
6095 412
6096 384
6097 382
6098 415
6099 447
6100 462
6101 450
6102 446
6103 443
6104 456
6105 441
6106 465
6107 436
6108 433
6109 424
6110 392
6111 415
6112 425
6113 387
6114 393
6115 397
6116 421
6117 405
6118 430
6119 474
6120 497
6121 456
6122 452
6123 446
6124 435
6125 460
6126 476
6127 484
6128 477
6129 483
6130 467
6131 451
6132 439
6133 427
6134 438
6135 440
6136 454
6137 462
6138 470
6139 485
6140 467
6141 469
6142 471
6143 457
6144 479
6145 468
6146 476
6147 489
6148 469
6149 460
6150 439
6151 445
6152 423
6153 442
6154 416
6155 404
6156 394
6157 401
6158 402
6159 434
6160 437
6161 455
6162 461
6163 467
6164 476
6165 489
6166 461
6167 480
6168 500
6169 498
6170 489
6171 501
6172 483
6173 446
6174 469
6175 477
6176 442
6177 434
6178 425
6179 427
6180 444
6181 425
6182 415
6183 416
6184 392
6185 406
6186 395
6187 389
6188 363
6189 336
6190 343
6191 369
6192 340
6193 352
6194 354
6195 373
6196 397
6197 406
6198 382
6199 346
6200 337
6201 336
6202 370
6203 361
6204 365
6205 378
6206 364
6207 358
6208 356
6209 365
6210 347
6211 352
6212 367
6213 326
6214 311
6215 285
6216 270
6217 263
6218 263
6219 267
6220 292
6221 294
6222 337
6223 330
6224 302
6225 292
6226 270
6227 267
6228 253
6229 244
6230 257
6231 275
6232 278
6233 269
6234 273
6235 273
6236 289
6237 275
6238 263
6239 263
6240 248
6241 268
6242 255
6243 277
6244 297
6245 310
6246 332
6247 332
6248 344
6249 324
6250 368
6251 376
6252 373
6253 397
6254 411
6255 394
6256 419
6257 435
6258 443
6259 432
6260 434
6261 458
6262 471
6263 452
6264 431
6265 406
6266 390
6267 391
6268 384
6269 391
6270 379
6271 408
6272 398
6273 380
6274 383
6275 376
6276 385
6277 371
6278 400
6279 395
6280 414
6281 372
6282 367
6283 392
6284 344
6285 377
6286 392
6287 412
6288 428
6289 457
6290 444
6291 441
6292 447
6293 462
6294 440
6295 454
6296 446
6297 428
6298 470
6299 457
6300 476
6301 465
6302 443
6303 404
6304 418
6305 431
6306 432
6307 420
6308 440
6309 435
6310 443
6311 428
6312 415
6313 404
6314 405
6315 423
6316 391
6317 378
6318 374
6319 324
6320 330
6321 317
6322 334
6323 326
6324 307
6325 306
6326 278
6327 270
6328 253
6329 267
6330 290
6331 296
6332 275
6333 282
6334 270
6335 285
6336 280
6337 309
6338 311
6339 327
6340 328
6341 337
6342 344
6343 361
6344 379
6345 372
6346 388
6347 414
6348 408
6349 416
6350 400
6351 400
6352 363
6353 333
6354 338
6355 340
6356 344
6357 331
6358 364
6359 354
6360 330
6361 328
6362 319
6363 321
6364 302
6365 295
6366 306
6367 301
6368 307
6369 339
6370 349
6371 363
6372 354
6373 380
6374 385
6375 356
6376 351
6377 371
6378 404
6379 398
6380 397
6381 433
6382 426
6383 411
6384 408
6385 403
6386 434
6387 410
6388 387
6389 412
6390 406
6391 439
6392 444
6393 441
6394 452
6395 449
6396 481
6397 493
6398 447
6399 450
6400 424
6401 404
6402 406
6403 389
6404 391
6405 401
6406 390
6407 402
6408 440
6409 436
6410 430
6411 415
6412 399
6413 398
6414 360
6415 342
6416 328
6417 348
6418 344
6419 354
6420 362
6421 380
6422 381
6423 389
6424 376
6425 385
6426 364
6427 313
6428 311
6429 297
6430 307
6431 319
6432 351
6433 356
6434 360
6435 365
6436 346
6437 357
6438 378
6439 346
6440 329
6441 371
6442 349
6443 358
6444 366
6445 357
6446 357
6447 379
6448 365
6449 370
6450 389
6451 391
6452 396
6453 372
6454 357
6455 353
6456 362
6457 379
6458 391
6459 401
6460 406
6461 385
6462 372
6463 395
6464 392
6465 374
6466 377
6467 352
6468 320
6469 309
6470 302
6471 328
6472 347
6473 358
6474 385
6475 370
6476 393
6477 383
6478 382
6479 382
6480 389
6481 380
6482 357
6483 351
6484 345
6485 348
6486 342
6487 314
6488 310
6489 330
6490 315
6491 305
6492 330
6493 295
6494 286
6495 342
6496 364
6497 394
6498 372
6499 348
6500 336
6501 297
6502 299
6503 266
6504 255
6505 238
6506 246
6507 245
6508 260
6509 276
6510 258
6511 246
6512 256
6513 253
6514 244
6515 247
6516 252
6517 267
6518 266
6519 264
6520 262
6521 247
6522 229
6523 208
6524 220
6525 230
6526 244
6527 269
6528 248
6529 254
6530 217
6531 232
6532 239
6533 237
6534 213
6535 215
6536 204
6537 206
6538 181
6539 176
6540 180
6541 176
6542 192
6543 193
6544 189
6545 209
6546 215
6547 215
6548 189
6549 207
6550 217
6551 204
6552 227
6553 212
6554 213
6555 213
6556 217
6557 216
6558 236
6559 273
6560 302
6561 304
6562 292
6563 296
6564 322
6565 319
6566 354
6567 366
6568 345
6569 305
6570 317
6571 344
6572 327
6573 317
6574 295
6575 317
6576 299
6577 328
6578 340
6579 359
6580 373
6581 391
6582 368
6583 349
6584 324
6585 323
6586 284
6587 281
6588 308
6589 310
6590 306
6591 299
6592 292
6593 299
6594 272
6595 289
6596 290
6597 265
6598 253
6599 241
6600 247
6601 279
6602 298
6603 300
6604 301
6605 324
6606 319
6607 365
6608 407
6609 381
6610 383
6611 396
6612 446
6613 451
6614 436
6615 457
6616 464
6617 480
6618 464
6619 457
6620 481
6621 498
6622 500
6623 496
6624 487
6625 487
6626 430
6627 432
6628 472
6629 519
6630 560
6631 583
6632 577
6633 551
6634 526
6635 514
6636 480
6637 488
6638 539
6639 546
6640 522
6641 478
6642 493
6643 459
6644 412
6645 443
6646 445
6647 434
6648 437
6649 426
6650 447
6651 480
6652 474
6653 504
6654 481
6655 470
6656 448
6657 444
6658 438
6659 442
6660 463
6661 467
6662 454
6663 463
6664 442
6665 463
6666 489
6667 504
6668 475
6669 480
6670 468
6671 432
6672 462
6673 471
6674 495
6675 497
6676 477
6677 475
6678 471
6679 463
6680 480
6681 464
6682 471
6683 468
6684 439
6685 406
6686 374
6687 371
6688 353
6689 369
6690 382
6691 386
6692 358
6693 355
6694 362
6695 355
6696 342
6697 339
6698 354
6699 371
6700 359
6701 367
6702 326
6703 302
6704 314
6705 316
6706 311
6707 313
6708 312
6709 315
6710 304
6711 301
6712 329
6713 297
6714 289
6715 274
6716 279
6717 285
6718 310
6719 273
6720 296
6721 293
6722 285
6723 278
6724 284
6725 283
6726 292
6727 291
6728 312
6729 294
6730 306
6731 278
6732 294
6733 284
6734 283
6735 297
6736 297
6737 299
6738 315
6739 332
6740 323
6741 289
6742 295
6743 293
6744 308
6745 301
6746 302
6747 278
6748 286
6749 294
6750 306
6751 308
6752 301
6753 304
6754 315
6755 339
6756 342
6757 333
6758 315
6759 309
6760 304
6761 305
6762 325
6763 329
6764 287
6765 284
6766 301
6767 286
6768 282
6769 282
6770 258
6771 235
6772 212
6773 188
6774 222
6775 204
6776 174
6777 193
6778 194
6779 180
6780 192
6781 190
6782 192
6783 187
6784 217
6785 236
6786 248
6787 238
6788 244
6789 246
6790 271
6791 243
6792 259
6793 266
6794 271
6795 262
6796 273
6797 254
6798 267
6799 292
6800 264
6801 272
6802 274
6803 292
6804 279
6805 250
6806 260
6807 270
6808 243
6809 251
6810 258
6811 247
6812 238
6813 238
6814 250
6815 250
6816 247
6817 247
6818 253
6819 252
6820 288
6821 280
6822 294
6823 316
6824 353
6825 327
6826 322
6827 299
6828 279
6829 269
6830 273
6831 274
6832 257
6833 256
6834 246
6835 220
6836 216
6837 229
6838 217
6839 192
6840 179
6841 179
6842 171
6843 157
6844 148
6845 154
6846 146
6847 157
6848 147
6849 133
6850 119
6851 124
6852 130
6853 132
6854 120
6855 134
6856 145
6857 167
6858 171
6859 191
6860 191
6861 198
6862 214
6863 184
6864 201
6865 190
6866 194
6867 172
6868 154
6869 159
6870 156
6871 136
6872 133
6873 140
6874 136
6875 147
6876 158
6877 159
6878 154
6879 149
6880 125
6881 157
6882 173
6883 182
6884 198
6885 206
6886 234
6887 244
6888 274
6889 300
6890 299
6891 277
6892 242
6893 242
6894 254
6895 247
6896 259
6897 245
6898 245
6899 275
6900 239
6901 250
6902 265
6903 249
6904 219
6905 235
6906 222
6907 231
6908 207
6909 211
6910 217
6911 215
6912 215
6913 202
6914 232
6915 231
6916 232
6917 221
6918 227
6919 230
6920 212
6921 209
6922 191
6923 212
6924 214
6925 214
6926 196
6927 187
6928 173
6929 157
6930 167
6931 160
6932 142
6933 151
6934 159
6935 147
6936 176
6937 182
6938 200
6939 193
6940 179
6941 163
6942 164
6943 166
6944 181
6945 177
6946 187
6947 194
6948 200
6949 195
6950 205
6951 205
6952 192
6953 174
6954 163
6955 168
6956 183
6957 162
6958 160
6959 166
6960 171
6961 134
6962 104
6963 99
6964 112
6965 103
6966 89
6967 75
6968 78
6969 78
6970 73
6971 82
6972 98
6973 117
6974 116
6975 96
6976 93
6977 90
6978 78
6979 79
6980 72
6981 83
6982 93
6983 88
6984 81
6985 90
6986 86
6987 102
6988 71
6989 89
6990 86
6991 109
6992 113
6993 127
6994 119
6995 112
6996 104
6997 103
6998 125
6999 142
7000 157
7001 171
7002 196
7003 188
7004 196
7005 193
7006 198
7007 206
7008 203
7009 207
7010 201
7011 206
7012 202
7013 202
7014 205
7015 191
7016 206
7017 217
7018 222
7019 227
7020 192
7021 174
7022 181
7023 187
7024 174
7025 161
7026 172
7027 151
7028 151
7029 143
7030 133
7031 131
7032 122
7033 122
7034 114
7035 125
7036 119
7037 114
7038 105
7039 106
7040 105
7041 105
7042 114
7043 124
7044 130
7045 119
7046 132
7047 135
7048 116
7049 101
7050 109
7051 127
7052 133
7053 121
7054 128
7055 136
7056 132
7057 130
7058 151
7059 146
7060 138
7061 145
7062 142
7063 145
7064 138
7065 154
7066 174
7067 205
7068 199
7069 187
7070 200
7071 179
7072 192
7073 233
7074 255
7075 252
7076 256
7077 261
7078 251
7079 283
7080 272
7081 287
7082 280
7083 296
7084 305
7085 311
7086 319
7087 316
7088 313
7089 309
7090 326
7091 318
7092 324
7093 316
7094 341
7095 330
7096 322
7097 328
7098 303
7099 263
7100 254
7101 259
7102 227
7103 226
7104 247
7105 239
7106 228
7107 232
7108 203
7109 207
7110 186
7111 195
7112 192
7113 188
7114 185
7115 179
7116 166
7117 157
7118 145
7119 135
7120 132
7121 126
7122 131
7123 137
7124 132
7125 132
7126 146
7127 158
7128 158
7129 168
7130 143
7131 148
7132 151
7133 151
7134 142
7135 153
7136 141
7137 141
7138 121
7139 128
7140 134
7141 143
7142 144
7143 141
7144 127
7145 155
7146 179
7147 184
7148 175
7149 187
7150 195
7151 205
7152 205
7153 214
7154 181
7155 179
7156 170
7157 181
7158 182
7159 176
7160 159
7161 145
7162 137
7163 138
7164 114
7165 94
7166 105
7167 85
7168 83
7169 74
7170 79
7171 73
7172 61
7173 57
7174 62
7175 68
7176 61
7177 49
7178 53
7179 45
7180 46
7181 39
7182 44
7183 43
7184 48
7185 56
7186 53
7187 47
7188 47
7189 50
7190 47
7191 42
7192 40
7193 36
7194 35
7195 26
7196 21
7197 23
7198 26
7199 23
7200 24
7201 27
7202 23
7203 28
7204 33
7205 34
7206 36
7207 38
7208 33
7209 32
7210 36
7211 39
7212 47
7213 50
7214 54
7215 59
7216 51
7217 53
7218 47
7219 43
7220 48
7221 48
7222 43
7223 46
7224 39
7225 31
7226 31
7227 29
7228 28
7229 28
7230 38
7231 37
7232 35
7233 35
7234 47
7235 35
7236 36
7237 25
7238 19
7239 20
7240 20
7241 20
7242 16
7243 14
7244 17
7245 11
7246 13
7247 11
7248 5
7249 4
7250 4
7251 3
7252 2
7253 1
7254 0
7255 1
7256 0
7257 0
7258 0
7259 0
7260 0
7261 0
7262 0
7263 0
7264 2
7265 1
7266 1
7267 0
7268 1
7269 1
7270 2
7271 3
7272 3
7273 3
7274 6
7275 5
7276 8
7277 8
7278 11
7279 11
7280 17
7281 23
7282 24
7283 25
7284 16
7285 16
7286 16
7287 15
7288 15
7289 13
7290 22
7291 19
7292 22
7293 30
7294 31
7295 41
7296 44
7297 38
7298 42
7299 41
7300 40
7301 39
7302 36
7303 33
7304 27
7305 24
7306 20
7307 18
7308 26
7309 25
7310 28
7311 23
7312 25
7313 34
7314 37
7315 29
7316 28
7317 30
7318 32
7319 30
7320 34
7321 42
7322 34
7323 33
7324 41
7325 38
7326 48
7327 46
7328 43
7329 48
7330 55
7331 65
7332 62
7333 67
7334 72
7335 89
7336 83
7337 66
7338 64
7339 68
7340 69
7341 65
7342 66
7343 69
7344 61
7345 58
7346 60
7347 69
7348 68
7349 59
7350 55
7351 53
7352 52
7353 70
7354 78
7355 71
7356 70
7357 57
7358 55
7359 61
7360 62
7361 54
7362 48
7363 53
7364 46
7365 40
7366 45
7367 49
7368 46
7369 46
7370 44
7371 40
7372 47
7373 51
7374 56
7375 56
7376 43
7377 33
7378 50
7379 42
7380 38
7381 43
7382 45
7383 47
7384 49
7385 58
7386 67
7387 73
7388 74
7389 86
7390 95
7391 89
7392 107
7393 98
7394 132
7395 164
7396 163
7397 153
7398 150
7399 153
7400 148
7401 148
7402 138
7403 144
7404 141
7405 125
7406 131
7407 157
7408 153
7409 150
7410 147
7411 165
7412 168
7413 163
7414 157
7415 134
7416 145
7417 147
7418 140
7419 119
7420 126
7421 134
7422 140
7423 127
7424 123
7425 108
7426 116
7427 126
7428 137
7429 148
7430 156
7431 148
7432 175
7433 207
7434 192
7435 205
7436 209
7437 205
7438 200
7439 204
7440 211
7441 212
7442 210
7443 232
7444 246
7445 257
7446 268
7447 268
7448 316
7449 319
7450 319
7451 315
7452 325
7453 324
7454 303
7455 272
7456 291
7457 281
7458 294
7459 309
7460 315
7461 319
7462 316
7463 335
7464 331
7465 339
7466 324
7467 296
7468 333
7469 355
7470 369
7471 350
7472 363
7473 374
7474 365
7475 411
7476 424
7477 440
7478 493
7479 485
7480 439
7481 406
7482 433
7483 422
7484 438
7485 436
7486 470
7487 468
7488 498
7489 503
7490 494
7491 504
7492 517
7493 504
7494 518
7495 526
7496 570
7497 617
7498 605
7499 618
7500 610
7501 656
7502 612
7503 621
7504 630
7505 667
7506 676
7507 651
7508 662
7509 689
7510 735
7511 685
7512 673
7513 725
7514 701
7515 670
7516 652
7517 635
7518 621
7519 595
7520 621
7521 624
7522 640
7523 686
7524 686
7525 651
7526 673
7527 697
7528 724
7529 721
7530 728
7531 730
7532 753
7533 742
7534 735
7535 733
7536 739
7537 741
7538 721
7539 719
7540 720
7541 732
7542 736
7543 724
7544 728
7545 710
7546 669
7547 643
7548 660
7549 611
7550 605
7551 585
7552 552
7553 540
7554 547
7555 508
7556 520
7557 506
7558 497
7559 536
7560 503
7561 498
7562 521
7563 509
7564 527
7565 525
7566 503
7567 497
7568 494
7569 492
7570 497
7571 478
7572 479
7573 453
7574 453
7575 423
7576 419
7577 418
7578 403
7579 405
7580 405
7581 400
7582 400
7583 392
7584 377
7585 399
7586 402
7587 425
7588 440
7589 423
7590 443
7591 409
7592 435
7593 425
7594 410
7595 432
7596 416
7597 398
7598 420
7599 446
7600 449
7601 440
7602 435
7603 421
7604 378
7605 386
7606 400
7607 406
7608 406
7609 386
7610 391
7611 396
7612 402
7613 343
7614 333
7615 295
7616 286
7617 282
7618 258
7619 265
7620 251
7621 268
7622 273
7623 277
7624 290
7625 279
7626 290
7627 294
7628 289
7629 295
7630 312
7631 309
7632 290
7633 278
7634 276
7635 279
7636 291
7637 290
7638 302
7639 291
7640 302
7641 331
7642 343
7643 358
7644 376
7645 364
7646 350
7647 347
7648 354
7649 342
7650 330
7651 320
7652 327
7653 313
7654 278
7655 290
7656 292
7657 310
7658 342
7659 335
7660 320
7661 340
7662 345
7663 325
7664 346
7665 338
7666 368
7667 356
7668 363
7669 321
7670 322
7671 322
7672 303
7673 270
7674 261
7675 274
7676 302
7677 286
7678 282
7679 266
7680 261
7681 276
7682 252
7683 248
7684 273
7685 266
7686 268
7687 252
7688 259
7689 205
7690 187
7691 189
7692 178
7693 183
7694 207
7695 198
7696 191
7697 178
7698 190
7699 186
7700 186
7701 192
7702 182
7703 169
7704 185
7705 178
7706 164
7707 181
7708 175
7709 175
7710 151
7711 142
7712 153
7713 149
7714 150
7715 150
7716 134
7717 118
7718 117
7719 132
7720 128
7721 128
7722 140
7723 147
7724 147
7725 144
7726 146
7727 168
7728 169
7729 160
7730 143
7731 153
7732 133
7733 128
7734 152
7735 154
7736 159
7737 158
7738 164
7739 186
7740 194
7741 183
7742 161
7743 155
7744 179
7745 166
7746 147
7747 147
7748 132
7749 126
7750 130
7751 122
7752 110
7753 119
7754 125
7755 127
7756 120
7757 120
7758 116
7759 105
7760 103
7761 114
7762 127
7763 128
7764 170
7765 185
7766 167
7767 145
7768 164
7769 182
7770 166
7771 210
7772 209
7773 228
7774 239
7775 256
7776 255
7777 217
7778 203
7779 238
7780 259
7781 274
7782 284
7783 278
7784 277
7785 260
7786 256
7787 252
7788 266
7789 278
7790 280
7791 279
7792 303
7793 287
7794 302
7795 300
7796 285
7797 300
7798 306
7799 307
7800 295
7801 302
7802 312
7803 305
7804 307
7805 278
7806 266
7807 265
7808 282
7809 297
7810 293
7811 281
7812 282
7813 270
7814 273
7815 288
7816 282
7817 253
7818 256
7819 268
7820 281
7821 298
7822 297
7823 273
7824 245
7825 238
7826 267
7827 259
7828 267
7829 266
7830 266
7831 254
7832 272
7833 255
7834 256
7835 292
7836 323
7837 321
7838 333
7839 327
7840 314
7841 302
7842 288
7843 302
7844 313
7845 309
7846 314
7847 333
7848 308
7849 266
7850 261
7851 253
7852 245
7853 262
7854 274
7855 288
7856 286
7857 287
7858 261
7859 278
7860 238
7861 256
7862 299
7863 287
7864 276
7865 259
7866 256
7867 261
7868 267
7869 253
7870 277
7871 301
7872 325
7873 317
7874 312
7875 300
7876 312
7877 311
7878 299
7879 293
7880 285
7881 281
7882 298
7883 313
7884 325
7885 380
7886 398
7887 430
7888 417
7889 401
7890 400
7891 380
7892 360
7893 386
7894 390
7895 391
7896 375
7897 403
7898 375
7899 339
7900 373
7901 372
7902 389
7903 361
7904 366
7905 361
7906 360
7907 378
7908 395
7909 409
7910 408
7911 396
7912 388
7913 370
7914 328
7915 334
7916 334
7917 362
7918 360
7919 374
7920 364
7921 375
7922 364
7923 377
7924 406
7925 399
7926 403
7927 404
7928 413
7929 416
7930 402
7931 390
7932 390
7933 369
7934 395
7935 395
7936 392
7937 391
7938 411
7939 401
7940 396
7941 422
7942 413
7943 409
7944 401
7945 380
7946 365
7947 347
7948 335
7949 364
7950 376
7951 380
7952 361
7953 365
7954 358
7955 364
7956 364
7957 403
7958 419
7959 417
7960 432
7961 404
7962 432
7963 435
7964 421
7965 391
7966 384
7967 375
7968 351
7969 333
7970 369
7971 382
7972 370
7973 338
7974 388
7975 430
7976 440
7977 437
7978 471
7979 471
7980 508
7981 525
7982 523
7983 528
7984 578
7985 539
7986 531
7987 515
7988 519
7989 544
7990 588
7991 591
7992 602
7993 603
7994 592
7995 573
7996 569
7997 537
7998 552
7999 569
8000 521
8001 562
8002 552
8003 574
8004 560
8005 568
8006 528
8007 521
8008 547
8009 553
8010 595
8011 615
8012 618
8013 634
8014 654
8015 659
8016 663
8017 698
8018 672
8019 662
8020 638
8021 627
8022 581
8023 543
8024 520
8025 477
8026 450
8027 437
8028 461
8029 457
8030 421
8031 419
8032 420
8033 416
8034 427
8035 443
8036 431
8037 443
8038 450
8039 435
8040 437
8041 395
8042 387
8043 369
8044 372
8045 379
8046 398
8047 401
8048 385
8049 380
8050 389
8051 429
8052 430
8053 444
8054 437
8055 413
8056 399
8057 396
8058 384
8059 371
8060 376
8061 400
8062 407
8063 399
8064 382
8065 372
8066 394
8067 389
8068 374
8069 377
8070 376
8071 343
8072 365
8073 386
8074 371
8075 344
8076 360
8077 366
8078 375
8079 402
8080 384
8081 370
8082 406
8083 415
8084 400
8085 351
8086 329
8087 317
8088 333
8089 342
8090 328
8091 314
8092 309
8093 320
8094 304
8095 300
8096 307
8097 313
8098 302
8099 293
8100 291
8101 290
8102 277
8103 318
8104 308
8105 291
8106 298
8107 316
8108 280
8109 288
8110 300
8111 303
8112 332
8113 322
8114 342
8115 361
8116 386
8117 395
8118 380
8119 369
8120 346
8121 353
8122 372
8123 383
8124 379
8125 395
8126 438
8127 466
8128 478
8129 516
8130 507
8131 504
8132 454
8133 426
8134 405
8135 396
8136 390
8137 357
8138 353
8139 341
8140 353
8141 327
8142 345
8143 338
8144 339
8145 333
8146 328
8147 311
8148 288
8149 319
8150 328
8151 349
8152 327
8153 339
8154 323
8155 283
8156 263
8157 250
8158 262
8159 263
8160 254
8161 257
8162 245
8163 245
8164 258
8165 256
8166 258
8167 259
8168 263
8169 269
8170 229
8171 288
8172 312
8173 310
8174 326
8175 332
8176 316
8177 325
8178 346
8179 366
8180 345
8181 328
8182 338
8183 313
8184 302
8185 318
8186 315
8187 309
8188 280
8189 275
8190 285
8191 286
8192 299
8193 283
8194 280
8195 296
8196 298
8197 281
8198 285
8199 306
8200 302
8201 293
8202 288
8203 288
8204 315
8205 341
8206 343
8207 364
8208 353
8209 360
8210 369
8211 358
8212 365
8213 404
8214 400
8215 390
8216 410
8217 452
8218 480
8219 525
8220 543
8221 529
8222 529
8223 573
8224 575
8225 579
8226 567
8227 634
8228 650
8229 629
8230 654
8231 668
8232 638
8233 614
8234 625
8235 652
8236 666
8237 654
8238 617
8239 627
8240 646
8241 653
8242 624
8243 650
8244 624
8245 628
8246 595
8247 622
8248 621
8249 616
8250 585
8251 602
8252 614
8253 607
8254 604
8255 623
8256 626
8257 606
8258 585
8259 558
8260 559
8261 581
8262 567
8263 548
8264 570
8265 596
8266 628
8267 645
8268 635
8269 604
8270 594
8271 619
8272 617
8273 619
8274 644
8275 627
8276 633
8277 620
8278 627
8279 632
8280 627
8281 645
8282 651
8283 667
8284 633
8285 680
8286 688
8287 749
8288 739
8289 717
8290 709
8291 735
8292 733
8293 702
8294 692
8295 714
8296 704
8297 684
8298 687
8299 681
8300 718
8301 746
8302 752
8303 749
8304 791
8305 816
8306 818
8307 829
8308 860
8309 813
8310 841
8311 839
8312 864
8313 903
8314 950
8315 915
8316 890
8317 891
8318 880
8319 839
8320 856
8321 851
8322 826
8323 886
8324 895
8325 837
8326 840
8327 864
8328 879
8329 907
8330 883
8331 896
8332 872
8333 878
8334 877
8335 905
8336 914
8337 888
8338 848
8339 845
8340 896
8341 953
8342 1017
8343 1057
8344 1085
8345 1057
8346 1111
8347 1130
8348 1155
8349 1177
8350 1199
8351 1180
8352 1163
8353 1223
8354 1246
8355 1255
8356 1237
8357 1327
8358 1369
8359 1360
8360 1404
8361 1381
8362 1357
8363 1301
8364 1301
8365 1258
8366 1180
8367 1183
8368 1172
8369 1131
8370 1200
8371 1200
8372 1188
8373 1197
8374 1244
8375 1284
8376 1274
8377 1299
8378 1282
8379 1281
8380 1283
8381 1270
8382 1280
8383 1345
8384 1352
8385 1319
8386 1317
8387 1297
8388 1328
8389 1363
8390 1317
8391 1275
8392 1251
8393 1296
8394 1298
8395 1353
8396 1381
8397 1351
8398 1365
8399 1363
8400 1373
8401 1381
8402 1473
8403 1511
8404 1536
8405 1501
8406 1493
8407 1490
8408 1487
8409 1503
8410 1425
8411 1408
8412 1436
8413 1421
8414 1369
8415 1406
8416 1424
8417 1434
8418 1396
8419 1418
8420 1467
8421 1492
8422 1426
8423 1466
8424 1416
8425 1419
8426 1399
8427 1393
8428 1329
8429 1335
8430 1346
8431 1328
8432 1387
8433 1342
8434 1343
8435 1371
8436 1427
8437 1479
8438 1472
8439 1438
8440 1472
8441 1516
8442 1533
8443 1567
8444 1529
8445 1540
8446 1536
8447 1518
8448 1548
8449 1516
8450 1516
8451 1477
8452 1509
8453 1529
8454 1526
8455 1453
8456 1459
8457 1448
8458 1481
8459 1501
8460 1485
8461 1433
8462 1440
8463 1400
8464 1410
8465 1357
8466 1357
8467 1369
8468 1393
8469 1316
8470 1318
8471 1331
8472 1333
8473 1329
8474 1324
8475 1376
8476 1367
8477 1354
8478 1396
8479 1444
8480 1457
8481 1531
8482 1630
8483 1661
8484 1655
8485 1681
8486 1783
8487 1733
8488 1701
8489 1644
8490 1629
8491 1679
8492 1716
8493 1641
8494 1621
8495 1609
8496 1644
8497 1637
8498 1683
8499 1684
8500 1658
8501 1630
8502 1579
8503 1571
8504 1535
8505 1562
8506 1518
8507 1472
8508 1500
8509 1494
8510 1484
8511 1443
8512 1416
8513 1415
8514 1387
8515 1414
8516 1365
8517 1381
8518 1390
8519 1396
8520 1383
8521 1390
8522 1393
8523 1466
8524 1452
8525 1447
8526 1491
8527 1550
8528 1477
8529 1487
8530 1432
8531 1495
8532 1551
8533 1522
8534 1517
8535 1564
8536 1563
8537 1564
8538 1626
8539 1663
8540 1609
8541 1668
8542 1653
8543 1600
8544 1600
8545 1614
8546 1658
8547 1684
8548 1719
8549 1715
8550 1725
8551 1743
8552 1784
8553 1790
8554 1776
8555 1799
8556 1711
8557 1727
8558 1679
8559 1642
8560 1650
8561 1665
8562 1669
8563 1657
8564 1669
8565 1694
8566 1739
8567 1769
8568 1790
8569 1798
8570 1801
8571 1713
8572 1769
8573 1814
8574 1868
8575 1882
8576 1913
8577 1911
8578 1877
8579 1910
8580 1934
8581 1878
8582 1875
8583 1905
8584 1836
8585 1774
8586 1728
8587 1787
8588 1802
8589 1803
8590 1820
8591 1784
8592 1685
8593 1679
8594 1662
8595 1620
8596 1604
8597 1649
8598 1713
8599 1833
8600 1824
8601 1871
8602 1810
8603 1815
8604 1779
8605 1815
8606 1787
8607 1785
8608 1748
8609 1676
8610 1665
8611 1685
8612 1656
8613 1656
8614 1636
8615 1592
8616 1554
8617 1541
8618 1474
8619 1474
8620 1511
8621 1471
8622 1474
8623 1439
8624 1381
8625 1391
8626 1380
8627 1346
8628 1321
8629 1321
8630 1356
8631 1337
8632 1332
8633 1264
8634 1281
8635 1268
8636 1256
8637 1262
8638 1300
8639 1296
8640 1281
8641 1278
8642 1273
8643 1315
8644 1299
8645 1306
8646 1291
8647 1289
8648 1295
8649 1294
8650 1259
8651 1284
8652 1272
8653 1285
8654 1282
8655 1228
8656 1271
8657 1307
8658 1330
8659 1324
8660 1309
8661 1312
8662 1291
8663 1378
8664 1391
8665 1384
8666 1362
8667 1356
8668 1275
8669 1280
8670 1238
8671 1212
8672 1254
8673 1256
8674 1289
8675 1302
8676 1310
8677 1350
8678 1312
8679 1284
8680 1243
8681 1209
8682 1236
8683 1173
8684 1163
8685 1152
8686 1086
8687 1064
8688 1073
8689 1089
8690 1141
8691 1176
8692 1150
8693 1170
8694 1186
8695 1141
8696 1112
8697 1171
8698 1130
8699 1138
8700 1102
8701 1081
8702 1085
8703 1142
8704 1150
8705 1169
8706 1168
8707 1149
8708 1205
8709 1232
8710 1240
8711 1170
8712 1231
8713 1192
8714 1181
8715 1200
8716 1164
8717 1249
8718 1254
8719 1234
8720 1252
8721 1267
8722 1272
8723 1236
8724 1250
8725 1227
8726 1292
8727 1263
8728 1276
8729 1295
8730 1260
8731 1279
8732 1259
8733 1261
8734 1256
8735 1285
8736 1278
8737 1291
8738 1267
8739 1209
8740 1211
8741 1147
8742 1150
8743 1125
8744 1088
8745 1090
8746 1106
8747 1112
8748 1132
8749 1102
8750 1074
8751 1148
8752 1182
8753 1195
8754 1166
8755 1178
8756 1236
8757 1194
8758 1238
8759 1254
8760 1219
8761 1232
8762 1193
8763 1200
8764 1199
8765 1185
8766 1136
8767 1149
8768 1235
8769 1231
8770 1191
8771 1156
8772 1211
8773 1142
8774 1134
8775 1157
8776 1132
8777 1145
8778 1193
8779 1267
8780 1278
8781 1311
8782 1326
8783 1358
8784 1382
8785 1412
8786 1419
8787 1401
8788 1394
8789 1378
8790 1411
8791 1409
8792 1476
8793 1440
8794 1420
8795 1425
8796 1490
8797 1438
8798 1362
8799 1304
8800 1306
8801 1227
8802 1248
8803 1236
8804 1274
8805 1330
8806 1368
8807 1323
8808 1296
8809 1292
8810 1250
8811 1267
8812 1277
8813 1300
8814 1219
8815 1208
8816 1233
8817 1209
8818 1165
8819 1151
8820 1179
8821 1182
8822 1164
8823 1173
8824 1173
8825 1241
8826 1252
8827 1246
8828 1230
8829 1219
8830 1183
8831 1163
8832 1103
8833 1105
8834 1159
8835 1112
8836 1137
8837 1130
8838 1108
8839 1144
8840 1079
8841 1090
8842 1078
8843 1048
8844 1004
8845 1027
8846 1010
8847 1009
8848 1016
8849 1065
8850 1058
8851 1049
8852 1114
8853 1162
8854 1210
8855 1213
8856 1203
8857 1215
8858 1215
8859 1172
8860 1172
8861 1203
8862 1304
8863 1333
8864 1308
8865 1313
8866 1416
8867 1436
8868 1441
8869 1453
8870 1438
8871 1498
8872 1498
8873 1573
8874 1594
8875 1614
8876 1685
8877 1683
8878 1679
8879 1681
8880 1592
8881 1570
8882 1594
8883 1632
8884 1600
8885 1589
8886 1583
8887 1635
8888 1619
8889 1674
8890 1671
8891 1627
8892 1665
8893 1689
8894 1764
8895 1751
8896 1723
8897 1702
8898 1768
8899 1717
8900 1695
8901 1713
8902 1681
8903 1682
8904 1738
8905 1719
8906 1725
8907 1754
8908 1862
8909 1825
8910 1815
8911 1819
8912 1836
8913 1881
8914 1890
8915 1968
8916 1878
8917 1906
8918 1880
8919 1821
8920 1839
8921 1831
8922 1885
8923 1816
8924 1846
8925 1837
8926 1776
8927 1866
8928 1838
8929 1785
8930 1822
8931 1818
8932 1825
8933 1849
8934 1820
8935 1857
8936 1857
8937 1866
8938 1786
8939 1808
8940 1700
8941 1685
8942 1737
8943 1712
8944 1699
8945 1648
8946 1684
8947 1697
8948 1647
8949 1627
8950 1623
8951 1633
8952 1631
8953 1597
8954 1549
8955 1586
8956 1603
8957 1542
8958 1541
8959 1594
8960 1579
8961 1602
8962 1549
8963 1609
8964 1588
8965 1598
8966 1683
8967 1748
8968 1775
8969 1703
8970 1742
8971 1722
8972 1708
8973 1702
8974 1667
8975 1591
8976 1549
8977 1532
8978 1517
8979 1576
8980 1541
8981 1490
8982 1502
8983 1480
8984 1544
8985 1547
8986 1610
8987 1578
8988 1561
8989 1566
8990 1602
8991 1638
8992 1649
8993 1675
8994 1672
8995 1666
8996 1669
8997 1648
8998 1684
8999 1700
9000 1786
9001 1772
9002 1826
9003 1812
9004 1769
9005 1795
9006 1891
9007 1826
9008 1739
9009 1749
9010 1777
9011 1804
9012 1806
9013 1863
9014 1820
9015 1752
9016 1779
9017 1754
9018 1718
9019 1724
9020 1717
9021 1722
9022 1720
9023 1754
9024 1776
9025 1811
9026 1798
9027 1803
9028 1811
9029 1835
9030 1790
9031 1785
9032 1824
9033 1798
9034 1849
9035 1850
9036 1768
9037 1776
9038 1741
9039 1709
9040 1726
9041 1749
9042 1822
9043 1858
9044 1850
9045 1872
9046 1913
9047 1871
9048 1855
9049 1849
9050 1844
9051 1922
9052 1908
9053 1945
9054 1937
9055 1927
9056 1916
9057 1948
9058 1942
9059 1980
9060 1933
9061 1947
9062 1978
9063 1917
9064 1919
9065 1918
9066 1866
9067 1913
9068 1877
9069 1851
9070 1839
9071 1867
9072 1903
9073 1872
9074 1902
9075 1947
9076 1922
9077 1892
9078 1866
9079 1810
9080 1828
9081 1880
9082 1898
9083 1902
9084 1891
9085 1854
9086 1837
9087 1803
9088 1814
9089 1794
9090 1721
9091 1692
9092 1775
9093 1776
9094 1697
9095 1648
9096 1593
9097 1579
9098 1537
9099 1560
9100 1561
9101 1567
9102 1649
9103 1661
9104 1648
9105 1688
9106 1649
9107 1631
9108 1591
9109 1624
9110 1630
9111 1605
9112 1655
9113 1672
9114 1690
9115 1710
9116 1727
9117 1725
9118 1747
9119 1762
9120 1726
9121 1744
9122 1829
9123 1825
9124 1803
9125 1815
9126 1869
9127 1856
9128 1890
9129 1898
9130 1900
9131 1928
9132 1868
9133 1859
9134 1911
9135 1865
9136 1799
9137 1834
9138 1770
9139 1815
9140 1805
9141 1773
9142 1744
9143 1731
9144 1825
9145 1872
9146 1868
9147 1854
9148 1813
9149 1868
9150 1863
9151 1862
9152 1864
9153 1840
9154 1832
9155 1801
9156 1713
9157 1765
9158 1833
9159 1807
9160 1762
9161 1709
9162 1753
9163 1684
9164 1672
9165 1668
9166 1641
9167 1741
9168 1755
9169 1698
9170 1729
9171 1716
9172 1745
9173 1711
9174 1679
9175 1702
9176 1776
9177 1774
9178 1751
9179 1783
9180 1813
9181 1763
9182 1826
9183 1763
9184 1701
9185 1675
9186 1705
9187 1729
9188 1653
9189 1672
9190 1687
9191 1708
9192 1733
9193 1716
9194 1691
9195 1726
9196 1793
9197 1772
9198 1758
9199 1802
9200 1822
9201 1801
9202 1819
9203 1785
9204 1847
9205 1901
9206 1921
9207 1848
9208 1930
9209 1941
9210 1884
9211 1888
9212 1822
9213 1869
9214 1851
9215 1855
9216 1852
9217 1849
9218 1851
9219 1861
9220 1910
9221 1950
9222 1890
9223 1889
9224 1875
9225 1845
9226 1829
9227 1838
9228 1790
9229 1764
9230 1780
9231 1803
9232 1834
9233 1845
9234 1789
9235 1802
9236 1797
9237 1857
9238 1814
9239 1795
9240 1798
9241 1821
9242 1763
9243 1718
9244 1772
9245 1772
9246 1776
9247 1713
9248 1690
9249 1732
9250 1661
9251 1610
9252 1568
9253 1609
9254 1614
9255 1573
9256 1514
9257 1487
9258 1474
9259 1466
9260 1477
9261 1513
9262 1497
9263 1477
9264 1460
9265 1500
9266 1558
9267 1591
9268 1603
9269 1630
9270 1569
9271 1602
9272 1566
9273 1523
9274 1500
9275 1483
9276 1454
9277 1504
9278 1528
9279 1539
9280 1539
9281 1498
9282 1576
9283 1516
9284 1560
9285 1534
9286 1498
9287 1525
9288 1549
9289 1578
9290 1567
9291 1585
9292 1591
9293 1543
9294 1509
9295 1530
9296 1573
9297 1557
9298 1545
9299 1459
9300 1414
9301 1390
9302 1412
9303 1387
9304 1457
9305 1512
9306 1535
9307 1513
9308 1506
9309 1519
9310 1550
9311 1565
9312 1563
9313 1592
9314 1576
9315 1610
9316 1611
9317 1595
9318 1612
9319 1643
9320 1700
9321 1771
9322 1762
9323 1721
9324 1708
9325 1750
9326 1745
9327 1743
9328 1761
9329 1779
9330 1779
9331 1737
9332 1736
9333 1763
9334 1810
9335 1801
9336 1850
9337 1879
9338 1871
9339 1811
9340 1859
9341 1860
9342 1923
9343 1984
9344 2030
9345 2075
9346 2008
9347 1990
9348 2056
9349 2080
9350 2142
9351 2099
9352 2065
9353 2030
9354 2040
9355 2034
9356 2080
9357 2025
9358 1991
9359 1992
9360 1990
9361 1967
9362 1985
9363 1937
9364 1898
9365 1895
9366 1836
9367 1864
9368 1817
9369 1881
9370 1942
9371 1880
9372 1889
9373 1818
9374 1774
9375 1791
9376 1754
9377 1733
9378 1679
9379 1685
9380 1687
9381 1709
9382 1741
9383 1709
9384 1729
9385 1721
9386 1732
9387 1737
9388 1732
9389 1681
9390 1672
9391 1692
9392 1712
9393 1625
9394 1591
9395 1629
9396 1558
9397 1577
9398 1622
9399 1663
9400 1666
9401 1695
9402 1741
9403 1721
9404 1698
9405 1779
9406 1726
9407 1739
9408 1735
9409 1737
9410 1704
9411 1634
9412 1629
9413 1680
9414 1667
9415 1682
9416 1702
9417 1719
9418 1717
9419 1646
9420 1701
9421 1634
9422 1701
9423 1694
9424 1711
9425 1743
9426 1709
9427 1737
9428 1792
9429 1835
9430 1899
9431 1964
9432 1979
9433 2050
9434 2018
9435 2088
9436 2072
9437 2073
9438 2093
9439 2074
9440 2072
9441 2086
9442 2118
9443 2122
9444 2101
9445 2105
9446 2129
9447 2155
9448 2149
9449 2190
9450 2208
9451 2236
9452 2196
9453 2262
9454 2258
9455 2243
9456 2197
9457 2192
9458 2165
9459 2095
9460 2071
9461 2040
9462 2086
9463 2084
9464 2103
9465 2094
9466 2148
9467 2115
9468 2162
9469 2166
9470 2152
9471 2069
9472 2045
9473 2063
9474 2063
9475 2017
9476 1983
9477 1972
9478 1962
9479 1930
9480 1858
9481 1835
9482 1816
9483 1819
9484 1835
9485 1777
9486 1789
9487 1802
9488 1828
9489 1824
9490 1852
9491 1919
9492 1922
9493 1911
9494 1993
9495 1996
9496 2036
9497 2096
9498 2075
9499 2020
9500 1911
9501 1910
9502 1919
9503 1831
9504 1856
9505 1830
9506 1821
9507 1856
9508 1852
9509 1858
9510 1869
9511 1864
9512 1903
9513 1977
9514 1997
9515 2085
9516 2069
9517 2084
9518 2093
9519 2118
9520 2115
9521 2115
9522 2150
9523 2148
9524 2118
9525 2079
9526 2044
9527 2016
9528 2076
9529 2039
9530 1996
9531 1981
9532 2048
9533 2062
9534 2072
9535 2043
9536 2093
9537 2107
9538 2114
9539 2117
9540 2213
9541 2179
9542 2154
9543 2071
9544 1990
9545 2021
9546 2063
9547 2099
9548 2194
9549 2204
9550 2265
9551 2249
9552 2260
9553 2230
9554 2240
9555 2248
9556 2208
9557 2235
9558 2202
9559 2164
9560 2214
9561 2250
9562 2180
9563 2137
9564 2159
9565 2104
9566 2098
9567 2150
9568 2129
9569 2116
9570 2146
9571 2083
9572 2039
9573 2086
9574 2091
9575 2106
9576 2086
9577 2048
9578 2120
9579 2128
9580 2135
9581 2095
9582 2078
9583 2114
9584 2089
9585 2065
9586 2036
9587 2106
9588 2158
9589 2162
9590 2227
9591 2217
9592 2187
9593 2119
9594 2183
9595 2210
9596 2200
9597 2236
9598 2268
9599 2291
9600 2311
9601 2301
9602 2343
9603 2321
9604 2290
9605 2214
9606 2209
9607 2213
9608 2205
9609 2141
9610 2125
9611 2159
9612 2128
9613 2141
9614 2201
9615 2232
9616 2194
9617 2205
9618 2193
9619 2267
9620 2314
9621 2292
9622 2327
9623 2396
9624 2362
9625 2460
9626 2460
9627 2414
9628 2378
9629 2386
9630 2428
9631 2402
9632 2474
9633 2412
9634 2410
9635 2389
9636 2407
9637 2415
9638 2476
9639 2480
9640 2463
9641 2422
9642 2446
9643 2390
9644 2347
9645 2371
9646 2341
9647 2359
9648 2409
9649 2399
9650 2547
9651 2534
9652 2588
9653 2584
9654 2606
9655 2605
9656 2594
9657 2567
9658 2620
9659 2630
9660 2644
9661 2796
9662 2829
9663 2817
9664 2775
9665 2755
9666 2728
9667 2802
9668 2767
9669 2717
9670 2800
9671 2813
9672 2836
9673 2802
9674 2878
9675 2950
9676 3013
9677 2973
9678 2970
9679 2969
9680 2963
9681 3018
9682 3005
9683 3031
9684 3008
9685 3086
9686 3066
9687 3057
9688 3046
9689 3040
9690 3141
9691 3025
9692 2937
9693 2911
9694 2890
9695 2957
9696 2881
9697 2838
9698 2796
9699 2756
9700 2765
9701 2804
9702 2709
9703 2720
9704 2675
9705 2619
9706 2616
9707 2644
9708 2657
9709 2614
9710 2613
9711 2577
9712 2686
9713 2647
9714 2753
9715 2810
9716 2737
9717 2728
9718 2709
9719 2800
9720 2813
9721 2833
9722 2804
9723 2833
9724 2835
9725 2859
9726 2833
9727 2781
9728 2745
9729 2674
9730 2675
9731 2753
9732 2805
9733 2814
9734 2726
9735 2723
9736 2646
9737 2634
9738 2590
9739 2513
9740 2394
9741 2461
9742 2472
9743 2591
9744 2501
9745 2423
9746 2440
9747 2415
9748 2396
9749 2438
9750 2462
9751 2563
9752 2526
9753 2494
9754 2502
9755 2501
9756 2545
9757 2555
9758 2555
9759 2634
9760 2669
9761 2599
9762 2583
9763 2590
9764 2620
9765 2623
9766 2630
9767 2616
9768 2604
9769 2618
9770 2512
9771 2545
9772 2514
9773 2446
9774 2347
9775 2343
9776 2353
9777 2359
9778 2363
9779 2410
9780 2385
9781 2468
9782 2492
9783 2467
9784 2445
9785 2435
9786 2493
9787 2413
9788 2376
9789 2307
9790 2308
9791 2326
9792 2373
9793 2381
9794 2374
9795 2419
9796 2325
9797 2336
9798 2293
9799 2370
9800 2366
9801 2374
9802 2399
9803 2418
9804 2416
9805 2462
9806 2464
9807 2445
9808 2450
9809 2483
9810 2498
9811 2436
9812 2456
9813 2445
9814 2386
9815 2392
9816 2468
9817 2504
9818 2451
9819 2467
9820 2489
9821 2455
9822 2459
9823 2462
9824 2488
9825 2489
9826 2419
9827 2406
9828 2467
9829 2503
9830 2508
9831 2566
9832 2486
9833 2463
9834 2426
9835 2413
9836 2352
9837 2348
9838 2376
9839 2253
9840 2221
9841 2216
9842 2306
9843 2272
9844 2314
9845 2328
9846 2168
9847 2203
9848 2195
9849 2280
9850 2265
9851 2191
9852 2185
9853 2228
9854 2139
9855 2194
9856 2159
9857 2227
9858 2202
9859 2177
9860 2205
9861 2140
9862 2080
9863 2085
9864 2133
9865 2056
9866 2039
9867 2098
9868 2079
9869 2111
9870 2190
9871 2264
9872 2171
9873 2139
9874 2101
9875 2079
9876 2161
9877 2200
9878 2220
9879 2242
9880 2303
9881 2299
9882 2305
9883 2360
9884 2441
9885 2460
9886 2500
9887 2491
9888 2438
9889 2418
9890 2435
9891 2405
9892 2421
9893 2376
9894 2319
9895 2288
9896 2319
9897 2249
9898 2216
9899 2252
9900 2317
9901 2276
9902 2323
9903 2376
9904 2370
9905 2357
9906 2385
9907 2400
9908 2480
9909 2425
9910 2457
9911 2499
9912 2532
9913 2528
9914 2535
9915 2475
9916 2503
9917 2506
9918 2526
9919 2563
9920 2582
9921 2521
9922 2491
9923 2567
9924 2566
9925 2568
9926 2553
9927 2551
9928 2553
9929 2480
9930 2441
9931 2432
9932 2534
9933 2512
9934 2565
9935 2574
9936 2539
9937 2539
9938 2525
9939 2565
9940 2534
9941 2629
9942 2653
9943 2695
9944 2631
9945 2651
9946 2599
9947 2553
9948 2524
9949 2588
9950 2581
9951 2559
9952 2543
9953 2650
9954 2643
9955 2747
9956 2714
9957 2724
9958 2699
9959 2746
9960 2786
9961 2812
9962 2792
9963 2775
9964 2712
9965 2705
9966 2653
9967 2695
9968 2743
9969 2781
9970 2821
9971 2879
9972 2951
9973 2888
9974 2901
9975 2887
9976 2961
9977 2914
9978 2863
9979 2910
9980 2876
9981 2852
9982 2793
9983 2774
9984 2719
9985 2683
9986 2627
9987 2651
9988 2659
9989 2666
9990 2609
9991 2577
9992 2599
9993 2585
9994 2522
9995 2614
9996 2577
9997 2583
9998 2563
9999 2588
10000 2524
