1 2
2 7
3 7
4 9
5 6
6 7
7 7
8 10
9 14
10 16
11 22
12 23
13 18
14 25
15 32
16 36
17 40
18 43
19 51
20 37
21 37
22 35
23 39
24 55
25 50
26 48
27 47
28 52
29 55
30 52
31 57
32 89
33 94
34 91
35 81
36 90
37 92
38 84
39 86
40 83
41 92
42 103
43 106
44 99
45 100
46 99
47 95
48 92
49 90
50 92
51 97
52 123
53 126
54 126
55 134
56 142
57 135
58 126
59 138
60 118
61 122
62 135
63 111
64 107
65 116
66 131
67 147
68 141
69 136
70 140
71 136
72 111
73 96
74 107
75 89
76 96
77 88
78 93
79 99
80 91
81 99
82 102
83 92
84 111
85 114
86 106
87 96
88 100
89 95
90 88
91 89
92 89
93 86
94 79
95 73
96 80
97 103
98 102
99 74
100 74
101 86
102 80
103 87
104 88
105 78
106 65
107 76
108 70
109 78
110 83
111 100
112 102
113 87
114 105
115 93
116 83
117 96
118 104
119 97
120 85
121 98
122 98
123 109
124 99
125 107
126 98
127 85
128 81
129 97
130 112
131 94
132 93
133 81
134 84
135 83
136 69
137 65
138 83
139 84
140 85
141 97
142 104
143 114
144 117
145 92
146 96
147 95
148 109
149 118
150 117
151 128
152 105
153 96
154 88
155 76
156 88
157 84
158 93
159 86
160 76
161 88
162 96
163 82
164 88
165 93
166 115
167 115
168 116
169 127
170 131
171 139
172 151
173 140
174 143
175 159
176 153
177 160
178 183
179 190
180 180
181 194
182 196
183 205
184 214
185 225
186 240
187 237
188 254
189 242
190 216
191 207
192 226
193 224
194 238
195 263
196 275
197 283
198 274
199 267
200 266
201 277
202 323
203 311
204 331
205 367
206 384
207 387
208 393
209 388
210 382
211 373
212 406
213 430
214 438
215 428
216 437
217 398
218 422
219 430
220 433
221 403
222 407
223 412
224 392
225 399
226 449
227 467
228 438
229 433
230 411
231 400
232 368
233 378
234 359
235 356
236 385
237 390
238 382
239 352
240 347
241 355
242 344
243 378
244 370
245 337
246 327
247 380
248 383
249 374
250 384
251 381
252 410
253 432
254 449
255 447
256 438
257 410
258 413
259 386
260 416
261 424
262 408
263 401
264 419
265 411
266 384
267 386
268 367
269 356
270 367
271 371
272 375
273 354
274 421
275 396
276 388
277 371
278 379
279 368
280 396
281 438
282 415
283 382
284 378
285 373
286 380
287 413
288 389
289 367
290 360
291 370
292 371
293 363
294 371
295 405
296 396
297 433
298 439
299 461
300 495
301 488
302 494
303 492
304 510
305 476
306 472
307 466
308 468
309 496
310 514
311 518
312 519
313 501
314 511
315 535
316 538
317 549
318 529
319 535
320 550
321 558
322 547
323 550
324 571
325 559
326 548
327 605
328 555
329 573
330 572
331 612
332 592
333 614
334 606
335 603
336 588
337 577
338 590
339 622
340 643
341 600
342 592
343 547
344 547
345 527
346 535
347 531
348 517
349 560
350 556
351 523
352 544
353 572
354 562
355 580
356 601
357 595
358 628
359 653
360 591
361 578
362 566
363 527
364 533
365 517
366 529
367 519
368 536
369 558
370 546
371 547
372 529
373 540
374 508
375 507
376 485
377 466
378 460
379 454
380 450
381 458
382 463
383 471
384 490
385 533
386 565
387 556
388 582
389 567
390 569
391 527
392 473
393 493
394 537
395 504
396 513
397 528
398 538
399 556
400 550
401 556
402 559
403 561
404 580
405 595
406 625
407 619
408 587
409 586
410 531
411 575
412 582
413 563
414 540
415 588
416 597
417 612
418 588
419 606
420 608
421 586
422 571
423 564
424 585
425 554
426 577
427 592
428 618
429 641
430 603
431 625
432 641
433 639
434 661
435 674
436 716
437 744
438 759
439 721
440 684
441 696
442 690
443 711
444 717
445 720
446 740
447 726
448 702
449 729
450 754
451 780
452 764
453 810
454 801
455 777
456 811
457 808
458 820
459 808
460 829
461 833
462 815
463 818
464 822
465 832
466 803
467 809
468 767
469 797
470 822
471 832
472 858
473 862
474 863
475 885
476 870
477 842
478 860
479 879
480 901
481 915
482 922
483 907
484 889
485 932
486 948
487 972
488 954
489 1032
490 1060
491 1075
492 1037
493 995
494 973
495 989
496 954
497 946
498 985
499 988
500 1014
501 995
502 984
503 1030
504 1027
505 996
506 994
507 992
508 973
509 998
510 1006
511 971
512 936
513 926
514 910
515 937
516 897
517 949
518 965
519 949
520 931
521 976
522 1005
523 1050
524 1060
525 1106
526 1101
527 1109
528 1073
529 1016
530 998
531 1023
532 993
533 1010
534 1035
535 1058
536 1088
537 1117
538 1069
539 1043
540 1034
541 1045
542 1036
543 1037
544 1100
545 1077
546 1090
547 1119
548 1149
549 1205
550 1224
551 1221
552 1203
553 1196
554 1163
555 1137
556 1111
557 1101
558 1104
559 1147
560 1145
561 1135
562 1162
563 1163
564 1152
565 1098
566 1119
567 1153
568 1134
569 1143
570 1093
571 1092
572 1046
573 1079
574 1079
575 1085
576 1119
577 1119
578 1094
579 1136
580 1144
581 1106
582 1126
583 1072
584 1126
585 1046
586 1004
587 1014
588 996
589 1015
590 1027
591 1008
592 987
593 955
594 945
595 926
596 949
597 904
598 911
599 942
600 958
601 967
602 957
603 1001
604 934
605 971
606 937
607 981
608 969
609 918
610 966
611 952
612 941
613 939
614 888
615 919
616 889
617 907
618 959
619 954
620 946
621 933
622 925
623 942
624 930
625 956
626 960
627 1048
628 1046
629 1043
630 1039
631 1015
632 999
633 993
634 955
635 966
636 1006
637 999
638 1047
639 1026
640 1041
641 1037
642 1074
643 1055
644 1092
645 1133
646 1154
647 1167
648 1191
649 1206
650 1212
651 1262
652 1264
653 1300
654 1265
655 1232
656 1175
657 1146
658 1178
659 1221
660 1172
661 1159
662 1209
663 1239
664 1274
665 1345
666 1357
667 1323
668 1322
669 1360
670 1397
671 1383
672 1468
673 1467
674 1430
675 1359
676 1285
677 1243
678 1300
679 1308
680 1268
681 1255
682 1242
683 1292
684 1277
685 1240
686 1259
687 1248
688 1220
689 1220
690 1224
691 1171
692 1136
693 1121
694 1081
695 1108
696 1109
697 1117
698 1149
699 1177
700 1131
701 1156
702 1129
703 1103
704 1059
705 1078
706 1069
707 1077
708 1104
709 1114
710 1116
711 1126
712 1112
713 1122
714 1096
715 1084
716 1155
717 1133
718 1127
719 1139
720 1158
721 1129
722 1137
723 1172
724 1118
725 1173
726 1201
727 1220
728 1156
729 1176
730 1168
731 1166
732 1242
733 1277
734 1210
735 1191
736 1142
737 1163
738 1178
739 1140
740 1172
741 1220
742 1218
743 1203
744 1229
745 1226
746 1226
747 1123
748 1231
749 1272
750 1295
751 1214
752 1256
753 1227
754 1239
755 1269
756 1266
757 1268
758 1291
759 1314
760 1382
761 1402
762 1447
763 1453
764 1506
765 1543
766 1484
767 1522
768 1530
769 1510
770 1433
771 1428
772 1397
773 1397
774 1357
775 1383
776 1373
777 1368
778 1418
779 1435
780 1399
781 1431
782 1405
783 1390
784 1437
785 1461
786 1528
787 1577
788 1644
789 1663
790 1676
791 1697
792 1693
793 1593
794 1624
795 1655
796 1656
797 1693
798 1671
799 1698
800 1700
801 1716
802 1678
803 1764
804 1777
805 1812
806 1840
807 1817
808 1811
809 1792
810 1765
811 1697
812 1708
813 1696
814 1662
815 1673
816 1645
817 1633
818 1657
819 1747
820 1684
821 1796
822 1833
823 1800
824 1890
825 1932
826 1885
827 1877
828 1914
829 1985
830 1976
831 2022
832 2019
833 1931
834 1917
835 1956
836 1947
837 2007
838 1992
839 2019
840 2020
841 2032
842 2000
843 2038
844 2029
845 1969
846 1988
847 2022
848 1998
849 2029
850 2159
851 2188
852 2245
853 2220
854 2210
855 2231
856 2201
857 2231
858 2214
859 2214
860 2230
861 2161
862 2197
863 2211
864 2156
865 2048
866 2037
867 2077
868 2094
869 2110
870 2159
871 2159
872 2155
873 2143
874 2114
875 2137
876 2117
877 2079
878 2112
879 2112
880 2111
881 2083
882 2037
883 2050
884 2072
885 2043
886 2004
887 2028
888 1951
889 1904
890 1911
891 1810
892 1779
893 1764
894 1737
895 1727
896 1742
897 1713
898 1698
899 1658
900 1566
901 1619
902 1646
903 1687
904 1678
905 1709
906 1789
907 1791
908 1762
909 1743
910 1764
911 1794
912 1773
913 1768
914 1750
915 1779
916 1772
917 1779
918 1775
919 1768
920 1810
921 1786
922 1787
923 1761
924 1684
925 1689
926 1704
927 1698
928 1632
929 1667
930 1674
931 1698
932 1692
933 1692
934 1703
935 1678
936 1727
937 1644
938 1681
939 1694
940 1678
941 1689
942 1710
943 1737
944 1801
945 1787
946 1760
947 1774
948 1757
949 1809
950 1833
951 1870
952 1902
953 1962
954 1873
955 1854
956 1834
957 1855
958 1770
959 1811
960 1847
961 1844
962 1775
963 1775
964 1833
965 1885
966 1880
967 1882
968 1851
969 1869
970 1903
971 1865
972 1757
973 1703
974 1702
975 1663
976 1655
977 1647
978 1676
979 1690
980 1650
981 1620
982 1640
983 1546
984 1538
985 1574
986 1482
987 1411
988 1382
989 1405
990 1365
991 1381
992 1433
993 1473
994 1432
995 1425
996 1385
997 1346
998 1360
999 1321
1000 1268
1001 1237
1002 1249
1003 1233
1004 1176
1005 1136
1006 1113
1007 1124
1008 1115
1009 1114
1010 1138
1011 1121
1012 1128
1013 1100
1014 1055
1015 1031
1016 1019
1017 1008
1018 996
1019 981
1020 978
1021 1014
1022 1021
1023 1027
1024 977
1025 1025
1026 1042
1027 1089
1028 1076
1029 1116
1030 1174
1031 1186
1032 1217
1033 1209
1034 1211
1035 1210
1036 1161
1037 1124
1038 1164
1039 1210
1040 1178
1041 1201
1042 1177
1043 1218
1044 1210
1045 1243
1046 1235
1047 1186
1048 1207
1049 1193
1050 1154
1051 1188
1052 1173
1053 1158
1054 1159
1055 1081
1056 1083
1057 1096
1058 1093
1059 1119
1060 1092
1061 1028
1062 1068
1063 1075
1064 1076
1065 1111
1066 1151
1067 1180
1068 1113
1069 1142
1070 1105
1071 1086
1072 1063
1073 1040
1074 1009
1075 1070
1076 1097
1077 1113
1078 1099
1079 1139
1080 1121
1081 1109
1082 1078
1083 1086
1084 1088
1085 1059
1086 1060
1087 1107
1088 1125
1089 1134
1090 1114
1091 1142
1092 1164
1093 1143
1094 1117
1095 1100
1096 1057
1097 1020
1098 1053
1099 1037
1100 1091
1101 1136
1102 1083
1103 1112
1104 1080
1105 1073
1106 1072
1107 1118
1108 1084
1109 1131
1110 1218
1111 1239
1112 1248
1113 1255
1114 1252
1115 1267
1116 1313
1117 1336
1118 1309
1119 1282
1120 1299
1121 1293
1122 1284
1123 1300
1124 1362
1125 1355
1126 1406
1127 1460
1128 1358
1129 1356
1130 1349
1131 1402
1132 1360
1133 1313
1134 1312
1135 1282
1136 1248
1137 1256
1138 1246
1139 1239
1140 1230
1141 1172
1142 1189
1143 1194
1144 1208
1145 1273
1146 1240
1147 1209
1148 1169
1149 1180
1150 1234
1151 1270
1152 1280
1153 1275
1154 1315
1155 1341
1156 1328
1157 1361
1158 1316
1159 1321
1160 1315
1161 1311
1162 1287
1163 1350
1164 1331
1165 1304
1166 1303
1167 1282
1168 1280
1169 1251
1170 1285
1171 1276
1172 1285
1173 1225
1174 1251
1175 1248
1176 1237
1177 1263
1178 1271
1179 1284
1180 1293
1181 1300
1182 1364
1183 1397
1184 1409
1185 1438
1186 1385
1187 1356
1188 1434
1189 1467
1190 1433
1191 1482
1192 1390
1193 1384
1194 1400
1195 1312
1196 1227
1197 1223
1198 1234
1199 1219
1200 1189
1201 1202
1202 1253
1203 1255
1204 1233
1205 1283
1206 1271
1207 1252
1208 1265
1209 1210
1210 1155
1211 1216
1212 1284
1213 1333
1214 1345
1215 1367
1216 1420
1217 1498
1218 1478
1219 1489
1220 1470
1221 1484
1222 1468
1223 1420
1224 1450
1225 1419
1226 1434
1227 1425
1228 1451
1229 1406
1230 1403
1231 1440
1232 1420
1233 1367
1234 1285
1235 1312
1236 1325
1237 1276
1238 1323
1239 1392
1240 1458
1241 1541
1242 1547
1243 1513
1244 1466
1245 1434
1246 1420
1247 1428
1248 1397
1249 1361
1250 1401
1251 1407
1252 1468
1253 1486
1254 1540
1255 1575
1256 1639
1257 1669
1258 1662
1259 1666
1260 1756
1261 1726
1262 1708
1263 1678
1264 1642
1265 1627
1266 1676
1267 1657
1268 1595
1269 1618
1270 1613
1271 1607
1272 1631
1273 1614
1274 1607
1275 1532
1276 1542
1277 1575
1278 1631
1279 1592
1280 1628
1281 1579
1282 1595
1283 1579
1284 1567
1285 1582
1286 1514
1287 1546
1288 1523
1289 1550
1290 1474
1291 1438
1292 1418
1293 1403
1294 1421
1295 1435
1296 1456
1297 1416
1298 1367
1299 1455
1300 1467
1301 1450
1302 1411
1303 1432
1304 1422
1305 1466
1306 1516
1307 1535
1308 1526
1309 1513
1310 1506
1311 1547
1312 1538
1313 1478
1314 1474
1315 1457
1316 1480
1317 1485
1318 1494
1319 1549
1320 1573
1321 1571
1322 1521
1323 1578
1324 1535
1325 1528
1326 1532
1327 1530
1328 1528
1329 1546
1330 1602
1331 1619
1332 1631
1333 1689
1334 1710
1335 1750
1336 1810
1337 1816
1338 1802
1339 1755
1340 1793
1341 1793
1342 1789
1343 1799
1344 1842
1345 1772
1346 1736
1347 1848
1348 1819
1349 1815
1350 1894
1351 1952
1352 2040
1353 2097
1354 2109
1355 2067
1356 2089
1357 2086
1358 2167
1359 2137
1360 2132
1361 2116
1362 2115
1363 2056
1364 2087
1365 2142
1366 2124
1367 2089
1368 2192
1369 2145
1370 2086
1371 2168
1372 2165
1373 2254
1374 2236
1375 2205
1376 2142
1377 2137
1378 2078
1379 2131
1380 2201
1381 2233
1382 2185
1383 2153
1384 2053
1385 2051
1386 2004
1387 2016
1388 1955
1389 1964
1390 1964
1391 1945
1392 1867
1393 1878
1394 1865
1395 1909
1396 1900
1397 1893
1398 1852
1399 1884
1400 1881
1401 1867
1402 1882
1403 1889
1404 1864
1405 1853
1406 1803
1407 1852
1408 1861
1409 1869
1410 1869
1411 1849
1412 1792
1413 1810
1414 1843
1415 1800
1416 1791
1417 1786
1418 1694
1419 1748
1420 1750
1421 1765
1422 1764
1423 1698
1424 1730
1425 1726
1426 1731
1427 1693
1428 1684
1429 1687
1430 1718
1431 1753
1432 1776
1433 1780
1434 1842
1435 1886
1436 1882
1437 1826
1438 1828
1439 1842
1440 1917
1441 1909
1442 1918
1443 1906
1444 1889
1445 1891
1446 1911
1447 1952
1448 1969
1449 1992
1450 1964
1451 1954
1452 1988
1453 1997
1454 2053
1455 2054
1456 2146
1457 2175
1458 2162
1459 2171
1460 2119
1461 2097
1462 2117
1463 2110
1464 2114
1465 2183
1466 2156
1467 2254
1468 2329
1469 2341
1470 2299
1471 2309
1472 2410
1473 2358
1474 2344
1475 2412
1476 2367
1477 2365
1478 2414
1479 2391
1480 2412
1481 2451
1482 2448
1483 2429
1484 2422
1485 2447
1486 2396
1487 2427
1488 2474
1489 2449
1490 2544
1491 2465
1492 2460
1493 2417
1494 2517
1495 2461
1496 2443
1497 2493
1498 2557
1499 2565
1500 2512
1501 2559
1502 2625
1503 2644
1504 2659
1505 2673
1506 2674
1507 2743
1508 2752
1509 2716
1510 2716
1511 2686
1512 2677
1513 2652
1514 2630
1515 2650
1516 2591
1517 2534
1518 2557
1519 2564
1520 2566
1521 2563
1522 2549
1523 2577
1524 2586
1525 2587
1526 2598
1527 2629
1528 2633
1529 2720
1530 2688
1531 2663
1532 2733
1533 2767
1534 2774
1535 2736
1536 2683
1537 2648
1538 2646
1539 2716
1540 2724
1541 2727
1542 2722
1543 2765
1544 2815
1545 2810
1546 2837
1547 2953
1548 2906
1549 2921
1550 2947
1551 2894
1552 2960
1553 2941
1554 2943
1555 2944
1556 2969
1557 2916
1558 2901
1559 2975
1560 2990
1561 2960
1562 3068
1563 3079
1564 3065
1565 3053
1566 3073
1567 3055
1568 2979
1569 2968
1570 3024
1571 3048
1572 3017
1573 2952
1574 2941
1575 3001
1576 2953
1577 2872
1578 2926
1579 2924
1580 3003
1581 3071
1582 3114
1583 3167
1584 3172
1585 3181
1586 3269
1587 3295
1588 3325
1589 3382
1590 3315
1591 3327
1592 3375
1593 3289
1594 3336
1595 3348
1596 3294
1597 3268
1598 3223
1599 3230
1600 3259
1601 3254
1602 3247
1603 3276
1604 3248
1605 3265
1606 3304
1607 3366
1608 3419
1609 3435
1610 3472
1611 3418
1612 3402
1613 3327
1614 3359
1615 3342
1616 3320
1617 3364
1618 3258
1619 3320
1620 3340
1621 3465
1622 3509
1623 3509
1624 3490
1625 3516
1626 3493
1627 3616
1628 3684
1629 3623
1630 3660
1631 3643
1632 3635
1633 3735
1634 3693
1635 3615
1636 3629
1637 3674
1638 3630
1639 3636
1640 3722
1641 3671
1642 3573
1643 3506
1644 3538
1645 3544
1646 3579
1647 3602
1648 3714
1649 3735
1650 3786
1651 3875
1652 3916
1653 3934
1654 3919
1655 3921
1656 3912
1657 3887
1658 3927
1659 3866
1660 3771
1661 3727
1662 3736
1663 3840
1664 3915
1665 3881
1666 3896
1667 3887
1668 3859
1669 3868
1670 3819
1671 3823
1672 3753
1673 3711
1674 3810
1675 3792
1676 3766
1677 3807
1678 3726
1679 3721
1680 3660
1681 3635
1682 3644
1683 3741
1684 3795
1685 3868
1686 3836
1687 3830
1688 3792
1689 3910
1690 3762
1691 3822
1692 3829
1693 3868
1694 3839
1695 3729
1696 3819
1697 3818
1698 3747
1699 3647
1700 3629
1701 3631
1702 3545
1703 3460
1704 3460
1705 3400
1706 3428
1707 3494
1708 3453
1709 3525
1710 3588
1711 3562
1712 3535
1713 3594
1714 3552
1715 3707
1716 3590
1717 3485
1718 3481
1719 3449
1720 3444
1721 3313
1722 3264
1723 3354
1724 3399
1725 3397
1726 3406
1727 3395
1728 3437
1729 3458
1730 3414
1731 3393
1732 3467
1733 3449
1734 3478
1735 3394
1736 3344
1737 3364
1738 3429
1739 3404
1740 3512
1741 3525
1742 3533
1743 3493
1744 3483
1745 3369
1746 3306
1747 3318
1748 3343
1749 3332
1750 3378
1751 3401
1752 3459
1753 3419
1754 3429
1755 3348
1756 3374
1757 3388
1758 3429
1759 3435
1760 3450
1761 3463
1762 3474
1763 3361
1764 3428
1765 3445
1766 3438
1767 3476
1768 3505
1769 3502
1770 3437
1771 3406
1772 3312
1773 3397
1774 3317
1775 3424
1776 3493
1777 3538
1778 3534
1779 3519
1780 3564
1781 3580
1782 3620
1783 3681
1784 3687
1785 3821
1786 3833
1787 3884
1788 4013
1789 4032
1790 4053
1791 4068
1792 4093
1793 4097
1794 4141
1795 4259
1796 4284
1797 4279
1798 4326
1799 4378
1800 4499
1801 4465
1802 4464
1803 4468
1804 4497
1805 4480
1806 4395
1807 4428
1808 4455
1809 4432
1810 4388
1811 4386
1812 4493
1813 4556
1814 4534
1815 4615
1816 4587
1817 4534
1818 4452
1819 4406
1820 4365
1821 4356
1822 4348
1823 4250
1824 4263
1825 4235
1826 4181
1827 4076
1828 4114
1829 4099
1830 4152
1831 4060
1832 4138
1833 4197
1834 4279
1835 4286
1836 4235
1837 4274
1838 4279
1839 4315
1840 4265
1841 4245
1842 4161
1843 4087
1844 3998
1845 3947
1846 3865
1847 3800
1848 3733
1849 3752
1850 3719
1851 3681
1852 3706
1853 3689
1854 3622
1855 3609
1856 3645
1857 3637
1858 3669
1859 3651
1860 3645
1861 3665
1862 3578
1863 3569
1864 3531
1865 3608
1866 3514
1867 3465
1868 3527
1869 3542
1870 3567
1871 3548
1872 3594
1873 3587
1874 3598
1875 3646
1876 3662
1877 3611
1878 3672
1879 3650
1880 3694
1881 3659
1882 3582
1883 3633
1884 3688
1885 3740
1886 3769
1887 3741
1888 3742
1889 3691
1890 3653
1891 3585
1892 3587
1893 3520
1894 3509
1895 3482
1896 3432
1897 3441
1898 3447
1899 3476
1900 3445
1901 3489
1902 3496
1903 3425
1904 3492
1905 3481
1906 3474
1907 3505
1908 3487
1909 3453
1910 3519
1911 3479
1912 3375
1913 3379
1914 3371
1915 3362
1916 3420
1917 3455
1918 3416
1919 3498
1920 3486
1921 3493
1922 3615
1923 3574
1924 3559
1925 3621
1926 3523
1927 3489
1928 3425
1929 3385
1930 3352
1931 3364
1932 3335
1933 3391
1934 3431
1935 3379
1936 3520
1937 3375
1938 3314
1939 3236
1940 3274
1941 3286
1942 3261
1943 3301
1944 3189
1945 3155
1946 3035
1947 3041
1948 3107
1949 3019
1950 2997
1951 2940
1952 3010
1953 3004
1954 2965
1955 2942
1956 3018
1957 3070
1958 2998
1959 3011
1960 3006
1961 2972
1962 3046
1963 3025
1964 3057
1965 3146
1966 3110
1967 3187
1968 3117
1969 3069
1970 3098
1971 3023
1972 2997
1973 3006
1974 3008
1975 3025
1976 3064
1977 3069
1978 3045
1979 3116
1980 3071
1981 2982
1982 2967
1983 2900
1984 2904
1985 2990
1986 2986
1987 3049
1988 3028
1989 3126
1990 3216
1991 3175
1992 3247
1993 3137
1994 3163
1995 3179
1996 3149
1997 3168
1998 3190
1999 3272
2000 3281
2001 3282
2002 3317
2003 3300
2004 3361
2005 3297
2006 3258
2007 3279
2008 3305
2009 3204
2010 3233
2011 3124
2012 3011
2013 3062
2014 2956
2015 2996
2016 2948
2017 2945
2018 2990
2019 2934
2020 2953
2021 2963
2022 2981
2023 2987
2024 2998
2025 2932
2026 2913
2027 2795
2028 2793
2029 2801
2030 2846
2031 2958
2032 2937
2033 2987
2034 3076
2035 3042
2036 2993
2037 3075
2038 3058
2039 3010
2040 2967
2041 2971
2042 2902
2043 2818
2044 2760
2045 2712
2046 2639
2047 2613
2048 2648
2049 2676
2050 2681
2051 2722
2052 2783
2053 2803
2054 2733
2055 2747
2056 2796
2057 2763
2058 2707
2059 2667
2060 2673
2061 2615
2062 2655
2063 2623
2064 2646
2065 2652
2066 2670
2067 2605
2068 2676
2069 2665
2070 2801
2071 2854
2072 2867
2073 2901
2074 2848
2075 2913
2076 2963
2077 2951
2078 2871
2079 2789
2080 2739
2081 2772
2082 2780
2083 2835
2084 2833
2085 2855
2086 2759
2087 2755
2088 2717
2089 2706
2090 2740
2091 2797
2092 2893
2093 2854
2094 2835
2095 2884
2096 2884
2097 2974
2098 2996
2099 3069
2100 3092
2101 3030
2102 3069
2103 3081
2104 3080
2105 3095
2106 3075
2107 3075
2108 3013
2109 2955
2110 2950
2111 3016
2112 2942
2113 2972
2114 3042
2115 3097
2116 2993
2117 2998
2118 3041
2119 3083
2120 3069
2121 3029
2122 2974
2123 2858
2124 2782
2125 2966
2126 2925
2127 2866
2128 2822
2129 2828
2130 2846
2131 2812
2132 2802
2133 2787
2134 2781
2135 2819
2136 2712
2137 2725
2138 2771
2139 2840
2140 2786
2141 2762
2142 2781
2143 2776
2144 2808
2145 2895
2146 2869
2147 2942
2148 2956
2149 2902
2150 2926
2151 2888
2152 2990
2153 2976
2154 2937
2155 2972
2156 2962
2157 2959
2158 2917
2159 2917
2160 2907
2161 2938
2162 2988
2163 3030
2164 3002
2165 2954
2166 2874
2167 2859
2168 2797
2169 2759
2170 2773
2171 2774
2172 2909
2173 2870
2174 3035
2175 2987
2176 2961
2177 2993
2178 3015
2179 2982
2180 3004
2181 3034
2182 3102
2183 3185
2184 3160
2185 3168
2186 3183
2187 3161
2188 3114
2189 3171
2190 3174
2191 3125
2192 3155
2193 3085
2194 2994
2195 3069
2196 3077
2197 3042
2198 3115
2199 2956
2200 2941
2201 3016
2202 3019
2203 3033
2204 2977
2205 2902
2206 2937
2207 2956
2208 2914
2209 2861
2210 2854
2211 2783
2212 2753
2213 2741
2214 2754
2215 2729
2216 2704
2217 2688
2218 2730
2219 2747
2220 2705
2221 2623
2222 2644
2223 2711
2224 2684
2225 2633
2226 2757
2227 2672
2228 2691
2229 2695
2230 2650
2231 2684
2232 2702
2233 2681
2234 2785
2235 2794
2236 2839
2237 2961
2238 2895
2239 2841
2240 2848
2241 2958
2242 2917
2243 2859
2244 2812
2245 2819
2246 2846
2247 2827
2248 2894
2249 2928
2250 2955
2251 2875
2252 2937
2253 2925
2254 2894
2255 2892
2256 2891
2257 2849
2258 2843
2259 2762
2260 2745
2261 2773
2262 2726
2263 2744
2264 2744
2265 2789
2266 2764
2267 2740
2268 2770
2269 2699
2270 2796
2271 2704
2272 2777
2273 2829
2274 2888
2275 2862
2276 2792
2277 2825
2278 2905
2279 2903
2280 2916
2281 2872
2282 2957
2283 2968
2284 2982
2285 2908
2286 2936
2287 2893
2288 2849
2289 2798
2290 2866
2291 2872
2292 2783
2293 2750
2294 2733
2295 2705
2296 2709
2297 2712
2298 2640
2299 2681
2300 2729
2301 2759
2302 2727
2303 2694
2304 2658
2305 2650
2306 2584
2307 2561
2308 2572
2309 2549
2310 2540
2311 2525
2312 2583
2313 2621
2314 2599
2315 2546
2316 2689
2317 2675
2318 2677
2319 2669
2320 2735
2321 2782
2322 2698
2323 2591
2324 2553
2325 2579
2326 2538
2327 2512
2328 2512
2329 2494
2330 2506
2331 2471
2332 2457
2333 2504
2334 2429
2335 2413
2336 2437
2337 2407
2338 2364
2339 2272
2340 2292
2341 2350
2342 2295
2343 2293
2344 2318
2345 2235
2346 2230
2347 2307
2348 2396
2349 2441
2350 2489
2351 2481
2352 2430
2353 2371
2354 2303
2355 2360
2356 2358
2357 2370
2358 2444
2359 2469
2360 2471
2361 2464
2362 2428
2363 2366
2364 2428
2365 2356
2366 2331
2367 2377
2368 2358
2369 2235
2370 2254
2371 2301
2372 2278
2373 2300
2374 2312
2375 2343
2376 2304
2377 2387
2378 2326
2379 2393
2380 2335
2381 2383
2382 2354
2383 2349
2384 2405
2385 2425
2386 2417
2387 2432
2388 2471
2389 2438
2390 2470
2391 2472
2392 2498
2393 2604
2394 2593
2395 2548
2396 2578
2397 2435
2398 2271
2399 2188
2400 2209
2401 2191
2402 2215
2403 2284
2404 2291
2405 2348
2406 2413
2407 2507
2408 2591
2409 2548
2410 2595
2411 2676
2412 2676
2413 2583
2414 2579
2415 2523
2416 2488
2417 2475
2418 2504
2419 2532
2420 2511
2421 2568
2422 2541
2423 2465
2424 2453
2425 2478
2426 2522
2427 2483
2428 2473
2429 2528
2430 2508
2431 2552
2432 2532
2433 2527
2434 2518
2435 2617
2436 2560
2437 2594
2438 2571
2439 2565
2440 2656
2441 2669
2442 2596
2443 2582
2444 2715
2445 2700
2446 2690
2447 2590
2448 2531
2449 2413
2450 2394
2451 2475
2452 2523
2453 2519
2454 2493
2455 2550
2456 2602
2457 2616
2458 2692
2459 2659
2460 2725
2461 2745
2462 2665
2463 2706
2464 2638
2465 2650
2466 2623
2467 2572
2468 2530
2469 2531
2470 2511
2471 2621
2472 2632
2473 2607
2474 2613
2475 2542
2476 2427
2477 2329
2478 2399
2479 2381
2480 2347
2481 2334
2482 2299
2483 2250
2484 2262
2485 2297
2486 2297
2487 2296
2488 2218
2489 2282
2490 2269
2491 2352
2492 2371
2493 2336
2494 2389
2495 2420
2496 2393
2497 2342
2498 2324
2499 2325
2500 2306
2501 2316
2502 2291
2503 2288
2504 2263
2505 2226
2506 2364
2507 2301
2508 2221
2509 2252
2510 2312
2511 2344
2512 2353
2513 2457
2514 2496
2515 2489
2516 2524
2517 2562
2518 2539
2519 2523
2520 2456
2521 2389
2522 2439
2523 2543
2524 2537
2525 2538
2526 2487
2527 2527
2528 2496
2529 2557
2530 2673
2531 2660
2532 2568
2533 2573
2534 2534
2535 2505
2536 2496
2537 2498
2538 2525
2539 2446
2540 2426
2541 2482
2542 2506
2543 2483
2544 2460
2545 2489
2546 2470
2547 2441
2548 2525
2549 2505
2550 2464
2551 2516
2552 2489
2553 2540
2554 2484
2555 2366
2556 2386
2557 2473
2558 2503
2559 2432
2560 2385
2561 2515
2562 2495
2563 2505
2564 2475
2565 2425
2566 2388
2567 2365
2568 2282
2569 2286
2570 2224
2571 2198
2572 2175
2573 2272
2574 2266
2575 2214
2576 2229
2577 2202
2578 2202
2579 2234
2580 2202
2581 2260
2582 2351
2583 2349
2584 2346
2585 2338
2586 2274
2587 2304
2588 2365
2589 2413
2590 2510
2591 2573
2592 2706
2593 2673
2594 2690
2595 2743
2596 2765
2597 2658
2598 2653
2599 2699
2600 2823
2601 2713
2602 2799
2603 2805
2604 2872
2605 2913
2606 2833
2607 2871
2608 2873
2609 2944
2610 2944
2611 2855
2612 2873
2613 2885
2614 2887
2615 2825
2616 2828
2617 2694
2618 2702
2619 2644
2620 2640
2621 2646
2622 2766
2623 2727
2624 2862
2625 2797
2626 2853
2627 2877
2628 2937
2629 2932
2630 2896
2631 2979
2632 2941
2633 2965
2634 2892
2635 2809
2636 2860
2637 2976
2638 2975
2639 2977
2640 2876
2641 2892
2642 2882
2643 2752
2644 2788
2645 2738
2646 2766
2647 2706
2648 2649
2649 2696
2650 2779
2651 2793
2652 2879
2653 2898
2654 2946
2655 2945
2656 3051
2657 2919
2658 2979
2659 3033
2660 3007
2661 3028
2662 2995
2663 2955
2664 2972
2665 3092
2666 3203
2667 3304
2668 3368
2669 3284
2670 3351
2671 3359
2672 3430
2673 3326
2674 3387
2675 3355
2676 3315
2677 3282
2678 3346
2679 3506
2680 3504
2681 3447
2682 3489
2683 3475
2684 3512
2685 3616
2686 3522
2687 3566
2688 3707
2689 3767
2690 3748
2691 3715
2692 3687
2693 3863
2694 3924
2695 3967
2696 3989
2697 4034
2698 4073
2699 4112
2700 4101
2701 4139
2702 4197
2703 4218
2704 4131
2705 4038
2706 4063
2707 4014
2708 3970
2709 3855
2710 3887
2711 3876
2712 3927
2713 3901
2714 3890
2715 3918
2716 3894
2717 3939
2718 3961
2719 3959
2720 3988
2721 4065
2722 4107
2723 4113
2724 4145
2725 4143
2726 4114
2727 4164
2728 4213
2729 4301
2730 4201
2731 4240
2732 4250
2733 4269
2734 4163
2735 4092
2736 3990
2737 3956
2738 3878
2739 3875
2740 3818
2741 3774
2742 3809
2743 3737
2744 3785
2745 3712
2746 3657
2747 3607
2748 3696
2749 3751
2750 3775
2751 3793
2752 3730
2753 3805
2754 3833
2755 3759
2756 3757
2757 3803
2758 3765
2759 3755
2760 3767
2761 3734
2762 3865
2763 4045
2764 4096
2765 4036
2766 4091
2767 4154
2768 4176
2769 4137
2770 4158
2771 4134
2772 4104
2773 4053
2774 4099
2775 4081
2776 4077
2777 4025
2778 4080
2779 4134
2780 4267
2781 4371
2782 4447
2783 4447
2784 4379
2785 4425
2786 4474
2787 4391
2788 4364
2789 4383
2790 4357
2791 4447
2792 4596
2793 4626
2794 4767
2795 4757
2796 4787
2797 4730
2798 4768
2799 4831
2800 4825
2801 4750
2802 4716
2803 4824
2804 4945
2805 4899
2806 4884
2807 4742
2808 4638
2809 4756
2810 4742
2811 4757
2812 4766
2813 4811
2814 4677
2815 4705
2816 4668
2817 4625
2818 4630
2819 4541
2820 4646
2821 4592
2822 4667
2823 4602
2824 4630
2825 4638
2826 4606
2827 4577
2828 4576
2829 4525
2830 4561
2831 4555
2832 4558
2833 4579
2834 4612
2835 4584
2836 4552
2837 4697
2838 4679
2839 4794
2840 4759
2841 4635
2842 4620
2843 4719
2844 4689
2845 4704
2846 4664
2847 4664
2848 4727
2849 4747
2850 4617
2851 4601
2852 4541
2853 4557
2854 4551
2855 4531
2856 4560
2857 4471
2858 4347
2859 4244
2860 4267
2861 4361
2862 4334
2863 4319
2864 4296
2865 4242
2866 4319
2867 4236
2868 4303
2869 4322
2870 4266
2871 4210
2872 4202
2873 4105
2874 4162
2875 4147
2876 4275
2877 4282
2878 4316
2879 4301
2880 4399
2881 4360
2882 4380
2883 4310
2884 4239
2885 4342
2886 4291
2887 4280
2888 4309
2889 4360
2890 4335
2891 4262
2892 4256
2893 4241
2894 4264
2895 4268
2896 4190
2897 4212
2898 4205
2899 4277
2900 4199
2901 4113
2902 4033
2903 3987
2904 4027
2905 3950
2906 4012
2907 4077
2908 4101
2909 4001
2910 4052
2911 3939
2912 3904
2913 3926
2914 4045
2915 3985
2916 3881
2917 3780
2918 3827
2919 3746
2920 3814
2921 3796
2922 3788
2923 3892
2924 3977
2925 3953
2926 3793
2927 3679
2928 3662
2929 3552
2930 3446
2931 3593
2932 3691
2933 3699
2934 3749
2935 3872
2936 3820
2937 3815
2938 3755
2939 3715
2940 3816
2941 3716
2942 3769
2943 3776
2944 3701
2945 3725
2946 3754
2947 3746
2948 3663
2949 3660
2950 3538
2951 3515
2952 3464
2953 3443
2954 3470
2955 3477
2956 3431
2957 3440
2958 3416
2959 3296
2960 3239
2961 3188
2962 3101
2963 3106
2964 3061
2965 3064
2966 3028
2967 2959
2968 2977
2969 2978
2970 2957
2971 2926
2972 3077
2973 3130
2974 3144
2975 3143
2976 3123
2977 3102
2978 3040
2979 3031
2980 3033
2981 2940
2982 3016
2983 2986
2984 3003
2985 3051
2986 3084
2987 3103
2988 3290
2989 3303
2990 3217
2991 3173
2992 3196
2993 3256
2994 3223
2995 3237
2996 3289
2997 3340
2998 3374
2999 3327
3000 3315
3001 3437
3002 3489
3003 3482
3004 3488
3005 3503
3006 3398
3007 3388
3008 3445
3009 3464
3010 3390
3011 3305
3012 3309
3013 3260
3014 3233
3015 3289
3016 3271
3017 3255
3018 3337
3019 3393
3020 3435
3021 3467
3022 3325
3023 3339
3024 3213
3025 3269
3026 3336
3027 3376
3028 3293
3029 3285
3030 3198
3031 3217
3032 3223
3033 3276
3034 3281
3035 3276
3036 3236
3037 3318
3038 3360
3039 3315
3040 3278
3041 3249
3042 3225
3043 3175
3044 3143
3045 3137
3046 3190
3047 3279
3048 3251
3049 3259
3050 3280
3051 3219
3052 3228
3053 3218
3054 3275
3055 3293
3056 3305
3057 3274
3058 3327
3059 3429
3060 3477
3061 3451
3062 3437
3063 3374
3064 3352
3065 3369
3066 3427
3067 3450
3068 3453
3069 3533
3070 3447
3071 3479
3072 3552
3073 3478
3074 3422
3075 3368
3076 3340
3077 3314
3078 3286
3079 3376
3080 3400
3081 3287
3082 3295
3083 3251
3084 3235
3085 3331
3086 3357
3087 3334
3088 3245
3089 3238
3090 3156
3091 3198
3092 3209
3093 3164
3094 3185
3095 3141
3096 3169
3097 3198
3098 3281
3099 3240
3100 3243
3101 3329
3102 3348
3103 3387
3104 3392
3105 3380
3106 3353
3107 3298
3108 3271
3109 3306
3110 3309
3111 3180
3112 3141
3113 3157
3114 3100
3115 3101
3116 3114
3117 3125
3118 3078
3119 3085
3120 3153
3121 3108
3122 3235
3123 3221
3124 3252
3125 3289
3126 3294
3127 3268
3128 3298
3129 3204
3130 3159
3131 3259
3132 3185
3133 3194
3134 3225
3135 3304
3136 3309
3137 3184
3138 3083
3139 3010
3140 2990
3141 2865
3142 2897
3143 2815
3144 2821
3145 2934
3146 2993
3147 3133
3148 3259
3149 3330
3150 3233
3151 3240
3152 3240
3153 3290
3154 3311
3155 3189
3156 3143
3157 3169
3158 3144
3159 3133
3160 3213
3161 3247
3162 3199
3163 3274
3164 3293
3165 3371
3166 3361
3167 3265
3168 3305
3169 3228
3170 3204
3171 3286
3172 3414
3173 3292
3174 3182
3175 3221
3176 3116
3177 3124
3178 3126
3179 3087
3180 3054
3181 3141
3182 3123
3183 3151
3184 3144
3185 3230
3186 3235
3187 3194
3188 3227
3189 3224
3190 3224
3191 3136
3192 3206
3193 3264
3194 3158
3195 3108
3196 3071
3197 3063
3198 3149
3199 3072
3200 3070
3201 3014
3202 3009
3203 3020
3204 2962
3205 2934
3206 3015
3207 2980
3208 3136
3209 3016
3210 3015
3211 3016
3212 3064
3213 3028
3214 2916
3215 2906
3216 3006
3217 2973
3218 3042
3219 3112
3220 3157
3221 3206
3222 3240
3223 3236
3224 3249
3225 3286
3226 3275
3227 3238
3228 3171
3229 3121
3230 3015
3231 3036
3232 3098
3233 3101
3234 3183
3235 3263
3236 3337
3237 3352
3238 3326
3239 3349
3240 3322
3241 3387
3242 3422
3243 3320
3244 3269
3245 3192
3246 3345
3247 3304
3248 3297
3249 3365
3250 3490
3251 3409
3252 3401
3253 3405
3254 3400
3255 3536
3256 3550
3257 3543
3258 3594
3259 3534
3260 3448
3261 3474
3262 3554
3263 3619
3264 3599
3265 3577
3266 3670
3267 3718
3268 3708
3269 3651
3270 3742
3271 3743
3272 3697
3273 3691
3274 3544
3275 3669
3276 3662
3277 3640
3278 3566
3279 3515
3280 3582
3281 3584
3282 3552
3283 3534
3284 3475
3285 3542
3286 3532
3287 3540
3288 3594
3289 3600
3290 3672
3291 3676
3292 3743
3293 3713
3294 3696
3295 3752
3296 3801
3297 3817
3298 3872
3299 3810
3300 3800
3301 3913
3302 3816
3303 3815
3304 3749
3305 3815
3306 3870
3307 3912
3308 4000
3309 4102
3310 4205
3311 4170
3312 4181
3313 4207
3314 4268
3315 4323
3316 4400
3317 4500
3318 4519
3319 4529
3320 4498
3321 4438
3322 4475
3323 4419
3324 4463
3325 4502
3326 4437
3327 4365
3328 4376
3329 4374
3330 4265
3331 4318
3332 4344
3333 4478
3334 4444
3335 4480
3336 4554
3337 4478
3338 4323
3339 4397
3340 4408
3341 4398
3342 4300
3343 4263
3344 4245
3345 4215
3346 4169
3347 4227
3348 4330
3349 4255
3350 4117
3351 4149
3352 4318
3353 4363
3354 4281
3355 4176
3356 4206
3357 4231
3358 4227
3359 4291
3360 4226
3361 4159
3362 4134
3363 4219
3364 4194
3365 4187
3366 4240
3367 4184
3368 4198
3369 4150
3370 4093
3371 4120
3372 4201
3373 4245
3374 4272
3375 4207
3376 4119
3377 4048
3378 4036
3379 4030
3380 3961
3381 4020
3382 3956
3383 3942
3384 3924
3385 3915
3386 3857
3387 3859
3388 3767
3389 3794
3390 3712
3391 3771
3392 3806
3393 3865
3394 3845
3395 3875
3396 3863
3397 3846
3398 3906
3399 3963
3400 3914
3401 3980
3402 3916
3403 3966
3404 4043
3405 4103
3406 4032
3407 4096
3408 4051
3409 4084
3410 4146
3411 4205
3412 4169
3413 4168
3414 4152
3415 4287
3416 4436
3417 4484
3418 4534
3419 4610
3420 4663
3421 4635
3422 4656
3423 4544
3424 4446
3425 4404
3426 4371
3427 4379
3428 4281
3429 4290
3430 4304
3431 4216
3432 4158
3433 4062
3434 4013
3435 3982
3436 4078
3437 4076
3438 4076
3439 4026
3440 4055
3441 4069
3442 4159
3443 4149
3444 4187
3445 4281
3446 4348
3447 4276
3448 4204
3449 4234
3450 4299
3451 4314
3452 4386
3453 4418
3454 4448
3455 4417
3456 4298
3457 4328
3458 4307
3459 4336
3460 4451
3461 4399
3462 4421
3463 4321
3464 4336
3465 4309
3466 4282
3467 4263
3468 4396
3469 4392
3470 4385
3471 4423
3472 4380
3473 4428
3474 4350
3475 4441
3476 4644
3477 4704
3478 4743
3479 4683
3480 4657
3481 4611
3482 4578
3483 4684
3484 4638
3485 4638
3486 4711
3487 4776
3488 4822
3489 4834
3490 4813
3491 4880
3492 4899
3493 4828
3494 4823
3495 4759
3496 4727
3497 4715
3498 4667
3499 4759
3500 4807
3501 4775
3502 4735
3503 4740
3504 4755
3505 4850
3506 4870
3507 4924
3508 4964
3509 4970
3510 4892
3511 4884
3512 4860
3513 4800
3514 4861
3515 4875
3516 4868
3517 5018
3518 5088
3519 5073
3520 5074
3521 5053
3522 5096
3523 5153
3524 5234
3525 5227
3526 5167
3527 5127
3528 5027
3529 5093
3530 5201
3531 5231
3532 5294
3533 5239
3534 5288
3535 5290
3536 5325
3537 5299
3538 5207
3539 5162
3540 5055
3541 4976
3542 4959
3543 4927
3544 4938
3545 4955
3546 4821
3547 4975
3548 5099
3549 5128
3550 5188
3551 5126
3552 5030
3553 4963
3554 4955
3555 4911
3556 4986
3557 5082
3558 5232
3559 5211
3560 5176
3561 5119
3562 5212
3563 5158
3564 5148
3565 5058
3566 5105
3567 5094
3568 5194
3569 5208
3570 5111
3571 5025
3572 5060
3573 4992
3574 4855
3575 4777
3576 4839
3577 4669
3578 4736
3579 4750
3580 4796
3581 4735
3582 4811
3583 4787
3584 4743
3585 4819
3586 4774
3587 4776
3588 4882
3589 4866
3590 4975
3591 5039
3592 5094
3593 5119
3594 5134
3595 5109
3596 5088
3597 5090
3598 5088
3599 5176
3600 5129
3601 5147
3602 5200
3603 5201
3604 5245
3605 5261
3606 5312
3607 5113
3608 5111
3609 5065
3610 5022
3611 5112
3612 5205
3613 5171
3614 5101
3615 5165
3616 5154
3617 5314
3618 5305
3619 5289
3620 5337
3621 5216
3622 5346
3623 5349
3624 5382
3625 5350
3626 5301
3627 5309
3628 5356
3629 5388
3630 5375
3631 5394
3632 5425
3633 5596
3634 5593
3635 5526
3636 5409
3637 5378
3638 5331
3639 5381
3640 5412
3641 5445
3642 5519
3643 5498
3644 5525
3645 5557
3646 5526
3647 5555
3648 5537
3649 5624
3650 5607
3651 5589
3652 5652
3653 5502
3654 5545
3655 5442
3656 5461
3657 5504
3658 5501
3659 5490
3660 5416
3661 5390
3662 5473
3663 5408
3664 5529
3665 5514
3666 5662
3667 5682
3668 5632
3669 5656
3670 5605
3671 5704
3672 5689
3673 5666
3674 5584
3675 5522
3676 5658
3677 5586
3678 5499
3679 5466
3680 5502
3681 5538
3682 5551
3683 5608
3684 5586
3685 5665
3686 5782
3687 5848
3688 5929
3689 5921
3690 5877
3691 5892
3692 5907
3693 5890
3694 5897
3695 5926
3696 5922
3697 5791
3698 5830
3699 5796
3700 5746
3701 5652
3702 5638
3703 5535
3704 5467
3705 5434
3706 5468
3707 5453
3708 5438
3709 5456
3710 5628
3711 5784
3712 5999
3713 5998
3714 6011
3715 5891
3716 5864
3717 5902
3718 5919
3719 5898
3720 5848
3721 5888
3722 5958
3723 6044
3724 5927
3725 5918
3726 5930
3727 6002
3728 6059
3729 6125
3730 6260
3731 6355
3732 6437
3733 6412
3734 6511
3735 6473
3736 6365
3737 6426
3738 6443
3739 6394
3740 6465
3741 6406
3742 6329
3743 6177
3744 6200
3745 6381
3746 6334
3747 6397
3748 6509
3749 6509
3750 6532
3751 6555
3752 6594
3753 6593
3754 6555
3755 6389
3756 6389
3757 6332
3758 6313
3759 6312
3760 6273
3761 6287
3762 6338
3763 6384
3764 6268
3765 6268
3766 6314
3767 6307
3768 6321
3769 6447
3770 6388
3771 6354
3772 6413
3773 6465
3774 6355
3775 6445
3776 6394
3777 6443
3778 6574
3779 6688
3780 6720
3781 6714
3782 6741
3783 6720
3784 6770
3785 6798
3786 6759
3787 6729
3788 6761
3789 6718
3790 6765
3791 6725
3792 6824
3793 6758
3794 6696
3795 6488
3796 6469
3797 6476
3798 6472
3799 6513
3800 6642
3801 6601
3802 6611
3803 6631
3804 6613
3805 6595
3806 6524
3807 6558
3808 6514
3809 6509
3810 6473
3811 6467
3812 6633
3813 6623
3814 6771
3815 6707
3816 6594
3817 6575
3818 6577
3819 6577
3820 6516
3821 6444
3822 6459
3823 6417
3824 6452
3825 6459
3826 6494
3827 6519
3828 6519
3829 6276
3830 6223
3831 6150
3832 6134
3833 6161
3834 6067
3835 6007
3836 6102
3837 6068
3838 6108
3839 6061
3840 6148
3841 6145
3842 6040
3843 6099
3844 6001
3845 6062
3846 6019
3847 6084
3848 6106
3849 6075
3850 6140
3851 6058
3852 5920
3853 6030
3854 6024
3855 5958
3856 6058
3857 5939
3858 5969
3859 5924
3860 5789
3861 5838
3862 5802
3863 5754
3864 5860
3865 5807
3866 5688
3867 5688
3868 5667
3869 5677
3870 5648
3871 5548
3872 5565
3873 5647
3874 5541
3875 5629
3876 5731
3877 5746
3878 5770
3879 5838
3880 5849
3881 5925
3882 5907
3883 5883
3884 5928
3885 5922
3886 5870
3887 5779
3888 5640
3889 5543
3890 5548
3891 5617
3892 5528
3893 5451
3894 5440
3895 5413
3896 5418
3897 5257
3898 5242
3899 5279
3900 5347
3901 5342
3902 5240
3903 5087
3904 5191
3905 5198
3906 5263
3907 5196
3908 5122
3909 5090
3910 5196
3911 5289
3912 5320
3913 5254
3914 5284
3915 5310
3916 5380
3917 5401
3918 5313
3919 5205
3920 5178
3921 5116
3922 5047
3923 5028
3924 4982
3925 5025
3926 5039
3927 4892
3928 4830
3929 4906
3930 4980
3931 5063
3932 5124
3933 5154
3934 5151
3935 5075
3936 5003
3937 5001
3938 4991
3939 5008
3940 4898
3941 4899
3942 4914
3943 4964
3944 4957
3945 4926
3946 4888
3947 4865
3948 5047
3949 5048
3950 4994
3951 4978
3952 4896
3953 4965
3954 4972
3955 4952
3956 5031
3957 4914
3958 5005
3959 4972
3960 4945
3961 5066
3962 4979
3963 5055
3964 5155
3965 5079
3966 5073
3967 5132
3968 5037
3969 4975
3970 4891
3971 5088
3972 5098
3973 5097
3974 5032
3975 4996
3976 4984
3977 4966
3978 4893
3979 4980
3980 5098
3981 5130
3982 5154
3983 5125
3984 5103
3985 5076
3986 4959
3987 4863
3988 4834
3989 4829
3990 4861
3991 4815
3992 4842
3993 4716
3994 4713
3995 4706
3996 4721
3997 4746
3998 4715
3999 4812
4000 4840
4001 4738
4002 4762
4003 4845
4004 4884
4005 4819
4006 4805
4007 4860
4008 4939
4009 4993
4010 4857
4011 4859
4012 4909
4013 4975
4014 4922
4015 4889
4016 4837
4017 4770
4018 4777
4019 4743
4020 4743
4021 4723
4022 4771
4023 4746
4024 4716
4025 4843
4026 4746
4027 4621
4028 4637
4029 4671
4030 4668
4031 4778
4032 4753
4033 4683
4034 4495
4035 4716
4036 4736
4037 4739
4038 4731
4039 4807
4040 4809
4041 4726
4042 4866
4043 4730
4044 4793
4045 4771
4046 4728
4047 4608
4048 4627
4049 4602
4050 4725
4051 4724
4052 4833
4053 4758
4054 4843
4055 4780
4056 4748
4057 4748
4058 4926
4059 4937
4060 4928
4061 4923
4062 4881
4063 4848
4064 4917
4065 4977
4066 4984
4067 4955
4068 5004
4069 4979
4070 5069
4071 5059
4072 5100
4073 5065
4074 4986
4075 5033
4076 4915
4077 4781
4078 4720
4079 4667
4080 4661
4081 4615
4082 4678
4083 4646
4084 4722
4085 4727
4086 4703
4087 4763
4088 4722
4089 4708
4090 4757
4091 4720
4092 4773
4093 4625
4094 4663
4095 4603
4096 4667
4097 4669
4098 4656
4099 4599
4100 4735
4101 4764
4102 4809
4103 4770
4104 4813
4105 4814
4106 4825
4107 4809
4108 4842
4109 4870
4110 4898
4111 4861
4112 4891
4113 4954
4114 4829
4115 4816
4116 4748
4117 4902
4118 4908
4119 4925
4120 5050
4121 5089
4122 4958
4123 4984
4124 4995
4125 5094
4126 5049
4127 5016
4128 5170
4129 5164
4130 5221
4131 5272
4132 5276
4133 5459
4134 5477
4135 5492
4136 5463
4137 5455
4138 5602
4139 5673
4140 5710
4141 5657
4142 5695
4143 5548
4144 5598
4145 5652
4146 5738
4147 5742
4148 5751
4149 5691
4150 5601
4151 5516
4152 5399
4153 5391
4154 5286
4155 5356
4156 5328
4157 5305
4158 5356
4159 5503
4160 5508
4161 5591
4162 5666
4163 5715
4164 5621
4165 5644
4166 5709
4167 5716
4168 5753
4169 5758
4170 5803
4171 5697
4172 5638
4173 5756
4174 5781
4175 5719
4176 5835
4177 5807
4178 5930
4179 5940
4180 5904
4181 5934
4182 5992
4183 6014
4184 5986
4185 5871
4186 5892
4187 5861
4188 5842
4189 5775
4190 5677
4191 5580
4192 5519
4193 5634
4194 5516
4195 5537
4196 5569
4197 5551
4198 5714
4199 5895
4200 5876
4201 5853
4202 5899
4203 5780
4204 5862
4205 5832
4206 5838
4207 5918
4208 5874
4209 5831
4210 5705
4211 5695
4212 5687
4213 5787
4214 5737
4215 5701
4216 5697
4217 5767
4218 5830
4219 5797
4220 5831
4221 5738
4222 5740
4223 5783
4224 5629
4225 5694
4226 5780
4227 5648
4228 5659
4229 5788
4230 5746
4231 5746
4232 5820
4233 5822
4234 5758
4235 5815
4236 5800
4237 5834
4238 5834
4239 5835
4240 5870
4241 5948
4242 5864
4243 5954
4244 5858
4245 5963
4246 5849
4247 5809
4248 5741
4249 5775
4250 5716
4251 5684
4252 5711
4253 5653
4254 5601
4255 5655
4256 5667
4257 5716
4258 5754
4259 5817
4260 5799
4261 5859
4262 5857
4263 5856
4264 5839
4265 5877
4266 5720
4267 5633
4268 5596
4269 5492
4270 5512
4271 5499
4272 5481
4273 5529
4274 5494
4275 5473
4276 5384
4277 5330
4278 5190
4279 5158
4280 5217
4281 5250
4282 5278
4283 5247
4284 5142
4285 5149
4286 5190
4287 5239
4288 5149
4289 5137
4290 4968
4291 4966
4292 5030
4293 5184
4294 5227
4295 5332
4296 5408
4297 5464
4298 5326
4299 5427
4300 5503
4301 5431
4302 5383
4303 5389
4304 5383
4305 5388
4306 5407
4307 5402
4308 5470
4309 5542
4310 5556
4311 5550
4312 5690
4313 5698
4314 5784
4315 5843
4316 5876
4317 5796
4318 5851
4319 5721
4320 5692
4321 5583
4322 5659
4323 5586
4324 5586
4325 5652
4326 5531
4327 5511
4328 5488
4329 5436
4330 5568
4331 5577
4332 5591
4333 5607
4334 5656
4335 5420
4336 5576
4337 5486
4338 5496
4339 5458
4340 5525
4341 5515
4342 5500
4343 5520
4344 5427
4345 5330
4346 5289
4347 5228
4348 5238
4349 5083
4350 5091
4351 5102
4352 5048
4353 5056
4354 5196
4355 5272
4356 5250
4357 5223
4358 5251
4359 5250
4360 5330
4361 5226
4362 5117
4363 5162
4364 5206
4365 5307
4366 5278
4367 5286
4368 5225
4369 5324
4370 5378
4371 5374
4372 5350
4373 5321
4374 5412
4375 5536
4376 5525
4377 5504
4378 5576
4379 5614
4380 5685
4381 5564
4382 5627
4383 5668
4384 5525
4385 5516
4386 5499
4387 5424
4388 5375
4389 5313
4390 5170
4391 5153
4392 5182
4393 5102
4394 4999
4395 5032
4396 5088
4397 5071
4398 5066
4399 4952
4400 4999
4401 5001
4402 4907
4403 4885
4404 4732
4405 4701
4406 4651
4407 4675
4408 4644
4409 4621
4410 4689
4411 4692
4412 4684
4413 4645
4414 4662
4415 4732
4416 4759
4417 4755
4418 4640
4419 4652
4420 4697
4421 4635
4422 4700
4423 4762
4424 4708
4425 4901
4426 4961
4427 4928
4428 4905
4429 4820
4430 4851
4431 4863
4432 4920
4433 4908
4434 4938
4435 5004
4436 4949
4437 5008
4438 5046
4439 4983
4440 4972
4441 5041
4442 5219
4443 5135
4444 5202
4445 5051
4446 5178
4447 5076
4448 5100
4449 5153
4450 5223
4451 5242
4452 5248
4453 5289
4454 5308
4455 5310
4456 5276
4457 5202
4458 5112
4459 5109
4460 4859
4461 4967
4462 4933
4463 4915
4464 4937
4465 4982
4466 5065
4467 5078
4468 4977
4469 4982
4470 5059
4471 4970
4472 4852
4473 4941
4474 5001
4475 5011
4476 5033
4477 5090
4478 4932
4479 4850
4480 4865
4481 4785
4482 4780
4483 4893
4484 4813
4485 4885
4486 4975
4487 4776
4488 4746
4489 4820
4490 4786
4491 4818
4492 5021
4493 4872
4494 4859
4495 4870
4496 4916
4497 4933
4498 4910
4499 4938
4500 4938
4501 4817
4502 4795
4503 4825
4504 4850
4505 4850
4506 4833
4507 4891
4508 4900
4509 4902
4510 4981
4511 5038
4512 5143
4513 5213
4514 5180
4515 5117
4516 5038
4517 5005
4518 4986
4519 5101
4520 5119
4521 5161
4522 5213
4523 5195
4524 5150
4525 5142
4526 5106
4527 5050
4528 5008
4529 4966
4530 4824
4531 4787
4532 4843
4533 4882
4534 4830
4535 4798
4536 4873
4537 4897
4538 4874
4539 4961
4540 5028
4541 5076
4542 5106
4543 5087
4544 5221
4545 5147
4546 5052
4547 5107
4548 5040
4549 5027
4550 5098
4551 5150
4552 5182
4553 5359
4554 5265
4555 5247
4556 5296
4557 5349
4558 5319
4559 5325
4560 5302
4561 5396
4562 5373
4563 5353
4564 5419
4565 5459
4566 5362
4567 5296
4568 5283
4569 5232
4570 5098
4571 5097
4572 4981
4573 5022
4574 5155
4575 5273
4576 5404
4577 5440
4578 5528
4579 5439
4580 5512
4581 5440
4582 5472
4583 5335
4584 5240
4585 5150
4586 5300
4587 5433
4588 5373
4589 5428
4590 5460
4591 5457
4592 5424
4593 5345
4594 5243
4595 5255
4596 5216
4597 5179
4598 5229
4599 5269
4600 5261
4601 5263
4602 5320
4603 5292
4604 5244
4605 5269
4606 5225
4607 5067
4608 5096
4609 5052
4610 5114
4611 5211
4612 5213
4613 5262
4614 5170
4615 5114
4616 5344
4617 5257
4618 5348
4619 5380
4620 5430
4621 5266
4622 5336
4623 5335
4624 5380
4625 5488
4626 5590
4627 5654
4628 5582
4629 5523
4630 5390
4631 5443
4632 5525
4633 5566
4634 5515
4635 5702
4636 5756
4637 5674
4638 5544
4639 5555
4640 5679
4641 5801
4642 5930
4643 5764
4644 5820
4645 5718
4646 5724
4647 5647
4648 5825
4649 5752
4650 5835
4651 5792
4652 5539
4653 5614
4654 5619
4655 5646
4656 5652
4657 5573
4658 5585
4659 5466
4660 5534
4661 5515
4662 5642
4663 5644
4664 5783
4665 5782
4666 5775
4667 5667
4668 5638
4669 5510
4670 5670
4671 5544
4672 5553
4673 5551
4674 5464
4675 5412
4676 5400
4677 5452
4678 5441
4679 5408
4680 5449
4681 5475
4682 5367
4683 5360
4684 5447
4685 5441
4686 5392
4687 5312
4688 5456
4689 5483
4690 5613
4691 5464
4692 5559
4693 5592
4694 5670
4695 5774
4696 5822
4697 5999
4698 5933
4699 5919
4700 5979
4701 5982
4702 5886
4703 5793
4704 5833
4705 5681
4706 5639
4707 5682
4708 5535
4709 5463
4710 5545
4711 5543
4712 5489
4713 5463
4714 5438
4715 5401
4716 5433
4717 5395
4718 5588
4719 5742
4720 5720
4721 5649
4722 5719
4723 5715
4724 5680
4725 5553
4726 5607
4727 5471
4728 5490
4729 5386
4730 5234
4731 5292
4732 5275
4733 5179
4734 5239
4735 5324
4736 5308
4737 5213
4738 5115
4739 5023
4740 5007
4741 4992
4742 4905
4743 4967
4744 4759
4745 4864
4746 4925
4747 4953
4748 4945
4749 4784
4750 4960
4751 5042
4752 5012
4753 4984
4754 4996
4755 4891
4756 4996
4757 5124
4758 5262
4759 5233
4760 5260
4761 5307
4762 5321
4763 5253
4764 5126
4765 5247
4766 5254
4767 5088
4768 5022
4769 4845
4770 4883
4771 4967
4772 4956
4773 4989
4774 5086
4775 5099
4776 5108
4777 5120
4778 5194
4779 5192
4780 5224
4781 5096
4782 5057
4783 4960
4784 5061
4785 5185
4786 5213
4787 5212
4788 5236
4789 5117
4790 5075
4791 5090
4792 5067
4793 5090
4794 5008
4795 4940
4796 4889
4797 4945
4798 4854
4799 4927
4800 4837
4801 4908
4802 4920
4803 5002
4804 5027
4805 5067
4806 5114
4807 5337
4808 5343
4809 5165
4810 5250
4811 5269
4812 5401
4813 5461
4814 5533
4815 5527
4816 5583
4817 5507
4818 5463
4819 5539
4820 5466
4821 5606
4822 5587
4823 5651
4824 5683
4825 5655
4826 5672
4827 5830
4828 5830
4829 5828
4830 5806
4831 5963
4832 6164
4833 6110
4834 6008
4835 5988
4836 5894
4837 5863
4838 5806
4839 5827
4840 5787
4841 5726
4842 5665
4843 5711
4844 5703
4845 5692
4846 5766
4847 5842
4848 5667
4849 5575
4850 5556
4851 5472
4852 5466
4853 5299
4854 5265
4855 5333
4856 5334
4857 5357
4858 5193
4859 5181
4860 5107
4861 5142
4862 5208
4863 5259
4864 5144
4865 5183
4866 5099
4867 5074
4868 5055
4869 5005
4870 4944
4871 4772
4872 4881
4873 4803
4874 4756
4875 4762
4876 4698
4877 4680
4878 4645
4879 4575
4880 4606
4881 4704
4882 4743
4883 4727
4884 4714
4885 4775
4886 4761
4887 4816
4888 4728
4889 4604
4890 4665
4891 4580
4892 4630
4893 4618
4894 4559
4895 4482
4896 4510
4897 4427
4898 4495
4899 4583
4900 4587
4901 4618
4902 4531
4903 4620
4904 4704
4905 4521
4906 4550
4907 4618
4908 4663
4909 4672
4910 4658
4911 4704
4912 4644
4913 4566
4914 4553
4915 4540
4916 4467
4917 4500
4918 4440
4919 4364
4920 4368
4921 4387
4922 4477
4923 4544
4924 4452
4925 4438
4926 4543
4927 4523
4928 4400
4929 4598
4930 4640
4931 4586
4932 4681
4933 4656
4934 4775
4935 4748
4936 4782
4937 4621
4938 4761
4939 4800
4940 4855
4941 4935
4942 4928
4943 4929
4944 5112
4945 5070
4946 5192
4947 5232
4948 5297
4949 5271
4950 5321
4951 5359
4952 5336
4953 5404
4954 5372
4955 5337
4956 5263
4957 5356
4958 5281
4959 5382
4960 5377
4961 5275
4962 5183
4963 5160
4964 5012
4965 5036
4966 4988
4967 5049
4968 5032
4969 4995
4970 4906
4971 4832
4972 4801
4973 4783
4974 4772
4975 4805
4976 4863
4977 4850
4978 4870
4979 4757
4980 4876
4981 5038
4982 4992
4983 4966
4984 4984
4985 5010
4986 5073
4987 5183
4988 5225
4989 5156
4990 5132
4991 5214
4992 5149
4993 5143
4994 5438
4995 5349
4996 5351
4997 5482
4998 5556
4999 5518
5000 5596
5001 5764
5002 5578
5003 5571
5004 5483
5005 5392
5006 5281
5007 5319
5008 5209
5009 5233
5010 5200
5011 5232
5012 5420
5013 5400
5014 5412
5015 5390
5016 5438
5017 5538
5018 5571
5019 5691
5020 5553
5021 5503
5022 5523
5023 5461
5024 5513
5025 5599
5026 5716
5027 5700
5028 5643
5029 5696
5030 5522
5031 5585
5032 5437
5033 5534
5034 5594
5035 5646
5036 5709
5037 5682
5038 5617
5039 5535
5040 5487
5041 5468
5042 5536
5043 5574
5044 5665
5045 5664
5046 5848
5047 5905
5048 5812
5049 5803
5050 5710
5051 5703
5052 5763
5053 5796
5054 5724
5055 5854
5056 5898
5057 5865
5058 5809
5059 5736
5060 5695
5061 5695
5062 5764
5063 5665
5064 5602
5065 5446
5066 5421
5067 5401
5068 5338
5069 5222
5070 5191
5071 5167
5072 5198
5073 5155
5074 5059
5075 5009
5076 4966
5077 5087
5078 5023
5079 5064
5080 5215
5081 5479
5082 5438
5083 5441
5084 5405
5085 5461
5086 5596
5087 5529
5088 5554
5089 5560
5090 5634
5091 5555
5092 5537
5093 5468
5094 5690
5095 5742
5096 5753
5097 5701
5098 5649
5099 5568
5100 5646
5101 5667
5102 5739
5103 5755
5104 5875
5105 5842
5106 5782
5107 5748
5108 5687
5109 5803
5110 5924
5111 5857
5112 5919
5113 6030
5114 5977
5115 5974
5116 5977
5117 5944
5118 6001
5119 6057
5120 6085
5121 6143
5122 6270
5123 6174
5124 6211
5125 6258
5126 6291
5127 6248
5128 6250
5129 6248
5130 6247
5131 6217
5132 6170
5133 6161
5134 6148
5135 6200
5136 6160
5137 6271
5138 6232
5139 6249
5140 6177
5141 6184
5142 6267
5143 6242
5144 6279
5145 6087
5146 6032
5147 6052
5148 6068
5149 5957
5150 5930
5151 5829
5152 5909
5153 5954
5154 5925
5155 6007
5156 5955
5157 6086
5158 6078
5159 6034
5160 6047
5161 6085
5162 6094
5163 5957
5164 5974
5165 5863
5166 5987
5167 5819
5168 5763
5169 5793
5170 5859
5171 5680
5172 5632
5173 5585
5174 5549
5175 5566
5176 5426
5177 5447
5178 5321
5179 5269
5180 5272
5181 5262
5182 5245
5183 5418
5184 5375
5185 5236
5186 5130
5187 5134
5188 5041
5189 5027
5190 4935
5191 5001
5192 4989
5193 4999
5194 5035
5195 5025
5196 5100
5197 5135
5198 5108
5199 5141
5200 5248
5201 5378
5202 5403
5203 5535
5204 5605
5205 5561
5206 5543
5207 5473
5208 5374
5209 5375
5210 5333
5211 5337
5212 5255
5213 5269
5214 5145
5215 5199
5216 5151
5217 5074
5218 4969
5219 5164
5220 5232
5221 5253
5222 5270
5223 5164
5224 5215
5225 5248
5226 5258
5227 5168
5228 5079
5229 5015
5230 5074
5231 5011
5232 4973
5233 5048
5234 5066
5235 5034
5236 5001
5237 4982
5238 5185
5239 5374
5240 5204
5241 5241
5242 5142
5243 5138
5244 5091
5245 5126
5246 5104
5247 5221
5248 5226
5249 5171
5250 5193
5251 5287
5252 5390
5253 5436
5254 5474
5255 5345
5256 5211
5257 5234
5258 5248
5259 5341
5260 5427
5261 5396
5262 5346
5263 5558
5264 5587
5265 5522
5266 5503
5267 5395
5268 5477
5269 5608
5270 5653
5271 5688
5272 5681
5273 5523
5274 5446
5275 5532
5276 5480
5277 5584
5278 5565
5279 5578
5280 5659
5281 5638
5282 5706
5283 5661
5284 5593
5285 5560
5286 5368
5287 5443
5288 5526
5289 5418
5290 5344
5291 5454
5292 5530
5293 5601
5294 5574
5295 5488
5296 5393
5297 5487
5298 5487
5299 5597
5300 5550
5301 5626
5302 5690
5303 5616
5304 5802
5305 5794
5306 5812
5307 6122
5308 6194
5309 6247
5310 6249
5311 6340
5312 6335
5313 6530
5314 6620
5315 6546
5316 6518
5317 6498
5318 6441
5319 6455
5320 6319
5321 6314
5322 6284
5323 6450
5324 6613
5325 6502
5326 6497
5327 6377
5328 6261
5329 6327
5330 6311
5331 6339
5332 6348
5333 6418
5334 6309
5335 6483
5336 6403
5337 6380
5338 6386
5339 6218
5340 6063
5341 6124
5342 6101
5343 6113
5344 6105
5345 6101
5346 6034
5347 6031
5348 5993
5349 5997
5350 5818
5351 5792
5352 5727
5353 5683
5354 5549
5355 5527
5356 5577
5357 5639
5358 5516
5359 5607
5360 5599
5361 5587
5362 5703
5363 5741
5364 5704
5365 5741
5366 5835
5367 5863
5368 5764
5369 5808
5370 5695
5371 5520
5372 5559
5373 5601
5374 5660
5375 5597
5376 5487
5377 5493
5378 5536
5379 5473
5380 5419
5381 5242
5382 5195
5383 5335
5384 5205
5385 5342
5386 5355
5387 5329
5388 5495
5389 5420
5390 5357
5391 5382
5392 5293
5393 5187
5394 5173
5395 5088
5396 5036
5397 5244
5398 5254
5399 5235
5400 5181
5401 5166
5402 5262
5403 5240
5404 5190
5405 5135
5406 5051
5407 5010
5408 4969
5409 5010
5410 5096
5411 5036
5412 5106
5413 5267
5414 5295
5415 5286
5416 5400
5417 5287
5418 5355
5419 5330
5420 5246
5421 5169
5422 5177
5423 5015
5424 4939
5425 5122
5426 5122
5427 5137
5428 5252
5429 5155
5430 5152
5431 5244
5432 5331
5433 5183
5434 5070
5435 5060
5436 4887
5437 4889
5438 4822
5439 4747
5440 4761
5441 4622
5442 4594
5443 4437
5444 4423
5445 4491
5446 4503
5447 4440
5448 4335
5449 4332
5450 4398
5451 4308
5452 4167
5453 4137
5454 4193
5455 4067
5456 4163
5457 4112
5458 3936
5459 3880
5460 3988
5461 3942
5462 4005
5463 4085
5464 4069
5465 4055
5466 4061
5467 4127
5468 4121
5469 4055
5470 3910
5471 3870
5472 3901
5473 4028
5474 3880
5475 3956
5476 3940
5477 4079
5478 4076
5479 4161
5480 4094
5481 4087
5482 4112
5483 4292
5484 4132
5485 4004
5486 3975
5487 3885
5488 3696
5489 3732
5490 3726
5491 3796
5492 3945
5493 4022
5494 4031
5495 4066
5496 4027
5497 4115
5498 4186
5499 4180
5500 4058
5501 4033
5502 4163
5503 4186
5504 4256
5505 4324
5506 4332
5507 4486
5508 4359
5509 4292
5510 4262
5511 4313
5512 4281
5513 4273
5514 4220
5515 4268
5516 4282
5517 4304
5518 4278
5519 4320
5520 4292
5521 4361
5522 4301
5523 4190
5524 4214
5525 4243
5526 4074
5527 4186
5528 4220
5529 4272
5530 4202
5531 4300
5532 4252
5533 4211
5534 4318
5535 4306
5536 4265
5537 4227
5538 4159
5539 4166
5540 4276
5541 4235
5542 4246
5543 4257
5544 4311
5545 4297
5546 4261
5547 4354
5548 4280
5549 4228
5550 4245
5551 4318
5552 4480
5553 4558
5554 4633
5555 4624
5556 4607
5557 4518
5558 4659
5559 4702
5560 4660
5561 4746
5562 4613
5563 4618
5564 4583
5565 4700
5566 4590
5567 4581
5568 4636
5569 4599
5570 4519
5571 4414
5572 4371
5573 4387
5574 4567
5575 4488
5576 4460
5577 4505
5578 4524
5579 4464
5580 4475
5581 4344
5582 4251
5583 4353
5584 4365
5585 4461
5586 4564
5587 4483
5588 4701
5589 4676
5590 4840
5591 4971
5592 4966
5593 4997
5594 5076
5595 5244
5596 5231
5597 5142
5598 5148
5599 5130
5600 5196
5601 5125
5602 5118
5603 5156
5604 5274
5605 5439
5606 5554
5607 5626
5608 5640
5609 5609
5610 5590
5611 5600
5612 5574
5613 5534
5614 5501
5615 5623
5616 5720
5617 5858
5618 5881
5619 5808
5620 5697
5621 5846
5622 5788
5623 5700
5624 5694
5625 5732
5626 5731
5627 5861
5628 5955
5629 6053
5630 6027
5631 6078
5632 6075
5633 6066
5634 6088
5635 6051
5636 6034
5637 6237
5638 6182
5639 6272
5640 6453
5641 6385
5642 6352
5643 6273
5644 6193
5645 6355
5646 6323
5647 6257
5648 6075
5649 6054
5650 6033
5651 5806
5652 5977
5653 5895
5654 5904
5655 5981
5656 5953
5657 6062
5658 6097
5659 6227
5660 6120
5661 6100
5662 6171
5663 6351
5664 6324
5665 6515
5666 6335
5667 6518
5668 6529
5669 6511
5670 6277
5671 6276
5672 6219
5673 6042
5674 6028
5675 6209
5676 6056
5677 5844
5678 5694
5679 5645
5680 5732
5681 5612
5682 5598
5683 5387
5684 5529
5685 5520
5686 5444
5687 5392
5688 5471
5689 5430
5690 5456
5691 5464
5692 5523
5693 5588
5694 5586
5695 5632
5696 5574
5697 5503
5698 5603
5699 5403
5700 5433
5701 5534
5702 5505
5703 5539
5704 5603
5705 5663
5706 5753
5707 5698
5708 5603
5709 5805
5710 5978
5711 6091
5712 6146
5713 5876
5714 6030
5715 5966
5716 5984
5717 5964
5718 6037
5719 6144
5720 6165
5721 6116
5722 6106
5723 6077
5724 6202
5725 6347
5726 6394
5727 6316
5728 6614
5729 6666
5730 6817
5731 6921
5732 6820
5733 6938
5734 6896
5735 6746
5736 6747
5737 6733
5738 6950
5739 6965
5740 6980
5741 6841
5742 6810
5743 6854
5744 6918
5745 6958
5746 6949
5747 7067
5748 7080
5749 7142
5750 7280
5751 7231
5752 7317
5753 7376
5754 7460
5755 7646
5756 7706
5757 7736
5758 7680
5759 7531
5760 7495
5761 7690
5762 7650
5763 7661
5764 7884
5765 7920
5766 7936
5767 7916
5768 7757
5769 7629
5770 7467
5771 7352
5772 7356
5773 7301
5774 7345
5775 7591
5776 7513
5777 7608
5778 7514
5779 7471
5780 7533
5781 7518
5782 7747
5783 7832
5784 7877
5785 7907
5786 7635
5787 7632
5788 7728
5789 7693
5790 7687
5791 7616
5792 7655
5793 7674
5794 7655
5795 7684
5796 7598
5797 7549
5798 7700
5799 7807
5800 7840
5801 8036
5802 8194
5803 8096
5804 7979
5805 8157
5806 8136
5807 8321
5808 8374
5809 8363
5810 8390
5811 8245
5812 8332
5813 8506
5814 8641
5815 8621
5816 8549
5817 8532
5818 8617
5819 8491
5820 8685
5821 8604
5822 8633
5823 8609
5824 8592
5825 8503
5826 8448
5827 8517
5828 8597
5829 8657
5830 8707
5831 8619
5832 8495
5833 8543
5834 8445
5835 8557
5836 8485
5837 8441
5838 8488
5839 8518
5840 8552
5841 8443
5842 8365
5843 8282
5844 8201
5845 8081
5846 8023
5847 7993
5848 7964
5849 7842
5850 8097
5851 8176
5852 8307
5853 8264
5854 8274
5855 8279
5856 8296
5857 8410
5858 8293
5859 8155
5860 8227
5861 8217
5862 8254
5863 8403
5864 8558
5865 8642
5866 8553
5867 8652
5868 8647
5869 8540
5870 8645
5871 8875
5872 8797
5873 8899
5874 8902
5875 8955
5876 9012
5877 9092
5878 9011
5879 9030
5880 9050
5881 8978
5882 9017
5883 9035
5884 8953
5885 8894
5886 8998
5887 8946
5888 9002
5889 9131
5890 9103
5891 9308
5892 9376
5893 9342
5894 9654
5895 9615
5896 9551
5897 9788
5898 9876
5899 9686
5900 9658
5901 9722
5902 9511
5903 9444
5904 9426
5905 9446
5906 9453
5907 9391
5908 9308
5909 9421
5910 9418
5911 9240
5912 9211
5913 8953
5914 9058
5915 9058
5916 8896
5917 8606
5918 8637
5919 8579
5920 8410
5921 8403
5922 8502
5923 8474
5924 8589
5925 8574
5926 8549
5927 8764
5928 8784
5929 8631
5930 8699
5931 8611
5932 8580
5933 8481
5934 8469
5935 8609
5936 8541
5937 8580
5938 8537
5939 8498
5940 8433
5941 8418
5942 8283
5943 8141
5944 8122
5945 8145
5946 8169
5947 8206
5948 8191
5949 8322
5950 8328
5951 8327
5952 8265
5953 8495
5954 8497
5955 8525
5956 8494
5957 8416
5958 8388
5959 8565
5960 8471
5961 8530
5962 8587
5963 8658
5964 9017
5965 9218
5966 9246
5967 9223
5968 9185
5969 9127
5970 9185
5971 9091
5972 9385
5973 9385
5974 9170
5975 9258
5976 9291
5977 9353
5978 9309
5979 9177
5980 9308
5981 9129
5982 9060
5983 8967
5984 8863
5985 8759
5986 8851
5987 8691
5988 8726
5989 8823
5990 8996
5991 8937
5992 9023
5993 8973
5994 8827
5995 8863
5996 8878
5997 8932
5998 8783
5999 8921
6000 8918
6001 8997
6002 8986
6003 8909
6004 8900
6005 8774
6006 8960
6007 8923
6008 8948
6009 9110
6010 9177
6011 9126
6012 9250
6013 9038
6014 9073
6015 9216
6016 9320
6017 9332
6018 9350
6019 9372
6020 9202
6021 9068
6022 9094
6023 9167
6024 8956
6025 9090
6026 9179
6027 8960
6028 8828
6029 8776
6030 8723
6031 8638
6032 8597
6033 8586
6034 8699
6035 8740
6036 8625
6037 8533
6038 8344
6039 8313
6040 8369
6041 8276
6042 8259
6043 8244
6044 8317
6045 8164
6046 8379
6047 8449
6048 8405
6049 8514
6050 8696
6051 8622
6052 8592
6053 8673
6054 8646
6055 8702
6056 8563
6057 8607
6058 8630
6059 8552
6060 8625
6061 8664
6062 8751
6063 8611
6064 8631
6065 8545
6066 8708
6067 8547
6068 8487
6069 8372
6070 8284
6071 8232
6072 8268
6073 8362
6074 8360
6075 8463
6076 8478
6077 8480
6078 8516
6079 8660
6080 8553
6081 8621
6082 8462
6083 8522
6084 8369
6085 8406
6086 8460
6087 8465
6088 8423
6089 8471
6090 8461
6091 8389
6092 8523
6093 8462
6094 8375
6095 8301
6096 8292
6097 8226
6098 8367
6099 8278
6100 8249
6101 8339
6102 8392
6103 8560
6104 8604
6105 8716
6106 8687
6107 8481
6108 8501
6109 8455
6110 8476
6111 8544
6112 8484
6113 8389
6114 8329
6115 8230
6116 8172
6117 8316
6118 8207
6119 8196
6120 8123
6121 8094
6122 8071
6123 7805
6124 7863
6125 7854
6126 7835
6127 7937
6128 7926
6129 7907
6130 7874
6131 7830
6132 7916
6133 7899
6134 7954
6135 8093
6136 8127
6137 8069
6138 8058
6139 8186
6140 8108
6141 8132
6142 8268
6143 8291
6144 8219
6145 8128
6146 8402
6147 8468
6148 8445
6149 8559
6150 8676
6151 8877
6152 8891
6153 9008
6154 8978
6155 9148
6156 9085
6157 9103
6158 9116
6159 9182
6160 9158
6161 9181
6162 9101
6163 9057
6164 8887
6165 9007
6166 9158
6167 9234
6168 9330
6169 9134
6170 9052
6171 8843
6172 8732
6173 8578
6174 8591
6175 8636
6176 8703
6177 8688
6178 8578
6179 8579
6180 8707
6181 8706
6182 8809
6183 8987
6184 9138
6185 9082
6186 9068
6187 9093
6188 9223
6189 9300
6190 9160
6191 9267
6192 9139
6193 9004
6194 8986
6195 9064
6196 8876
6197 8955
6198 8904
6199 9108
6200 9181
6201 9243
6202 9175
6203 9071
6204 8969
6205 8916
6206 9038
6207 9214
6208 9145
6209 9205
6210 9324
6211 9360
6212 9261
6213 9475
6214 9438
6215 9511
6216 9526
6217 9542
6218 9571
6219 9766
6220 9876
6221 1
6222 77
6223 10
6224 59
6225 9946
6226 9808
6227 112
6228 296
6229 284
6230 232
6231 535
6232 400
6233 367
6234 344
6235 340
6236 331
6237 319
6238 392
6239 630
6240 837
6241 807
6242 768
6243 909
6244 770
6245 1046
6246 1119
6247 1063
6248 1248
6249 1229
6250 1173
6251 1123
6252 1131
6253 1052
6254 906
6255 835
6256 720
6257 622
6258 787
6259 686
6260 633
6261 733
6262 826
6263 527
6264 569
6265 482
6266 413
6267 495
6268 640
6269 758
6270 637
6271 739
6272 816
6273 943
6274 778
6275 856
6276 826
6277 965
6278 870
6279 839
6280 678
6281 1003
6282 1006
6283 940
6284 793
6285 849
6286 899
6287 956
6288 778
6289 585
6290 583
6291 582
6292 691
6293 594
6294 672
6295 591
6296 543
6297 577
6298 651
6299 536
6300 518
6301 459
6302 497
6303 347
6304 508
6305 358
6306 328
6307 408
6308 588
6309 434
6310 349
6311 233
6312 254
6313 343
6314 469
6315 326
6316 297
6317 185
6318 9999
6319 9772
6320 9736
6321 9816
6322 76
6323 74
6324 119
6325 259
6326 235
6327 173
6328 330
6329 306
6330 368
6331 402
6332 209
6333 174
6334 156
6335 385
6336 260
6337 288
6338 213
6339 404
6340 431
6341 276
6342 275
6343 236
6344 191
6345 60
6346 135
6347 366
6348 243
6349 318
6350 321
6351 303
6352 446
6353 486
6354 512
6355 536
6356 521
6357 553
6358 503
6359 387
6360 288
6361 279
6362 211
6363 289
6364 457
6365 499
6366 425
6367 443
6368 486
6369 346
6370 409
6371 632
6372 664
6373 549
6374 485
6375 546
6376 563
6377 497
6378 585
6379 516
6380 344
6381 280
6382 258
6383 240
6384 245
6385 254
6386 108
6387 9948
6388 77
6389 10
6390 115
6391 120
6392 9947
6393 138
6394 188
6395 205
6396 77
6397 359
6398 297
6399 531
6400 463
6401 296
6402 100
6403 281
6404 128
6405 139
6406 100
6407 215
6408 108
6409 145
6410 9918
6411 9659
6412 9584
6413 9578
6414 9612
6415 9526
6416 9636
6417 9642
6418 9582
6419 9807
6420 9686
6421 9610
6422 9762
6423 9798
6424 9899
6425 9948
6426 9868
6427 53
6428 96
6429 9992
6430 36
6431 45
6432 12
6433 46
6434 276
6435 403
6436 469
6437 572
6438 511
6439 537
6440 741
6441 973
6442 1050
6443 1211
6444 1329
6445 1468
6446 1429
6447 1498
6448 1495
6449 1369
6450 1298
6451 1256
6452 1164
6453 1221
6454 1078
6455 1160
6456 1316
6457 1343
6458 1215
6459 1041
6460 929
6461 1061
6462 1071
6463 996
6464 939
6465 1144
6466 1072
6467 1157
6468 1046
6469 1122
6470 1012
6471 1060
6472 1002
6473 1148
6474 1064
6475 1067
6476 988
6477 962
6478 1107
6479 1112
6480 964
6481 1126
6482 1063
6483 939
6484 1042
6485 1094
6486 923
6487 1083
6488 1144
6489 1072
6490 998
6491 1017
6492 1199
6493 1141
6494 1237
6495 1341
6496 1192
6497 1433
6498 1232
6499 1061
6500 1022
6501 1130
6502 1139
6503 1269
6504 1335
6505 1454
6506 1300
6507 1146
6508 1209
6509 1143
6510 1263
6511 1210
6512 1361
6513 1520
6514 1610
6515 1760
6516 1637
6517 1666
6518 1672
6519 1677
6520 1667
6521 1656
6522 1621
6523 1783
6524 1992
6525 2197
6526 2167
6527 2208
6528 2014
6529 2012
6530 2077
6531 2024
6532 2013
6533 1893
6534 1932
6535 2076
6536 2000
6537 1805
6538 1551
6539 1497
6540 1427
6541 1382
6542 1163
6543 1057
6544 1096
6545 1015
6546 1072
6547 1166
6548 1142
6549 1134
6550 1123
6551 1092
6552 1287
6553 1272
6554 1240
6555 1312
6556 1502
6557 1330
6558 1213
6559 1176
6560 1136
6561 1166
6562 1242
6563 1391
6564 1513
6565 1681
6566 1299
6567 1384
6568 1415
6569 1390
6570 1379
6571 1433
6572 1434
6573 1459
6574 1562
6575 1426
6576 1407
6577 1505
6578 1495
6579 1438
6580 1547
6581 1556
6582 1715
6583 1773
6584 1798
6585 1935
6586 1687
6587 1756
6588 1328
6589 1388
6590 1453
6591 1393
6592 1179
6593 1279
6594 1252
6595 1270
6596 1447
6597 1462
6598 1558
6599 1475
6600 1457
6601 1514
6602 1504
6603 1612
6604 1795
6605 1916
6606 1929
6607 1891
6608 2054
6609 2200
6610 2263
6611 2332
6612 2341
6613 2347
6614 2338
6615 2284
6616 2242
6617 2374
6618 2527
6619 2567
6620 2552
6621 2474
6622 2454
6623 2421
6624 2386
6625 2473
6626 2597
6627 2465
6628 2577
6629 2535
6630 2708
6631 2807
6632 2924
6633 2884
6634 2937
6635 3064
6636 3080
6637 2962
6638 2989
6639 2834
6640 2740
6641 2650
6642 2620
6643 2735
6644 2603
6645 2717
6646 2667
6647 2639
6648 2693
6649 2799
6650 2422
6651 2330
6652 2377
6653 2424
6654 2116
6655 2207
6656 1995
6657 2011
6658 1907
6659 1886
6660 1900
6661 2005
6662 2208
6663 2191
6664 2028
6665 1865
6666 1810
6667 1828
6668 1821
6669 1878
6670 1902
6671 1887
6672 1884
6673 1853
6674 1842
6675 1888
6676 1902
6677 1835
6678 1904
6679 1717
6680 1762
6681 1838
6682 1954
6683 1989
6684 1912
6685 1681
6686 1665
6687 1643
6688 1760
6689 1669
6690 1633
6691 1489
6692 1540
6693 1614
6694 1648
6695 1615
6696 1644
6697 1771
6698 1803
6699 1720
6700 1667
6701 1684
6702 1697
6703 1549
6704 1478
6705 1322
6706 1448
6707 1456
6708 1250
6709 1315
6710 1260
6711 1380
6712 1529
6713 1530
6714 1403
6715 1379
6716 1507
6717 1536
6718 1668
6719 1532
6720 1716
6721 1869
6722 1882
6723 2034
6724 1957
6725 2129
6726 2007
6727 2030
6728 2152
6729 1926
6730 1884
6731 1839
6732 2029
6733 2125
6734 2175
6735 2429
6736 2495
6737 2549
6738 2536
6739 2527
6740 2411
6741 2272
6742 2229
6743 2238
6744 2076
6745 2004
6746 2098
6747 2077
6748 2014
6749 2046
6750 1940
6751 1869
6752 1856
6753 1911
6754 1815
6755 1763
6756 1756
6757 1657
6758 1676
6759 1700
6760 1721
6761 1887
6762 1843
6763 1737
6764 1725
6765 1632
6766 1747
6767 1752
6768 1624
6769 1579
6770 1692
6771 1633
6772 1451
6773 1546
6774 1563
6775 1582
6776 1547
6777 1619
6778 1609
6779 1617
6780 1581
6781 1742
6782 1787
6783 1816
6784 1796
6785 1747
6786 1900
6787 1707
6788 1813
6789 1940
6790 1853
6791 1796
6792 1895
6793 1881
6794 1944
6795 1943
6796 2015
6797 2109
6798 2179
6799 2187
6800 2011
6801 2038
6802 1898
6803 1847
6804 1725
6805 1605
6806 1614
6807 1733
6808 1647
6809 1573
6810 1452
6811 1670
6812 1792
6813 1676
6814 1708
6815 1746
6816 1673
6817 1540
6818 1590
6819 1680
6820 1629
6821 1539
6822 1744
6823 1723
6824 1644
6825 1763
6826 1803
6827 1729
6828 1709
6829 1942
6830 1926
6831 1821
6832 1957
6833 2029
6834 1907
6835 1881
6836 1909
6837 2162
6838 2407
6839 2469
6840 2531
6841 2508
6842 2577
6843 2474
6844 2730
6845 2652
6846 2716
6847 2516
6848 2563
6849 2525
6850 2583
6851 2664
6852 2722
6853 2694
6854 2484
6855 2248
6856 2322
6857 2395
6858 2543
6859 2642
6860 2403
6861 2505
6862 2608
6863 2620
6864 2615
6865 2534
6866 2421
6867 2491
6868 2596
6869 2717
6870 2561
6871 2631
6872 2581
6873 2623
6874 2755
6875 2746
6876 2695
6877 2721
6878 2546
6879 2582
6880 2746
6881 2670
6882 2792
6883 2831
6884 2766
6885 2833
6886 2978
6887 2869
6888 2842
6889 2593
6890 2678
6891 2672
6892 2526
6893 2683
6894 2666
6895 2905
6896 2772
6897 2814
6898 2881
6899 2860
6900 2856
6901 2891
6902 2994
6903 2954
6904 2873
6905 2926
6906 3067
6907 3199
6908 3365
6909 3345
6910 3312
6911 3339
6912 3370
6913 3324
6914 3205
6915 3380
6916 3468
6917 3528
6918 3508
6919 3375
6920 3383
6921 3340
6922 3369
6923 3364
6924 3239
6925 3196
6926 3182
6927 3271
6928 3425
6929 3362
6930 3501
6931 3432
6932 3571
6933 3529
6934 3366
6935 3381
6936 3341
6937 3142
6938 3093
6939 3206
6940 3066
6941 3100
6942 3128
6943 3123
6944 3305
6945 3222
6946 3156
6947 3114
6948 2923
6949 2852
6950 2970
6951 3183
6952 2949
6953 3068
6954 3093
6955 3061
6956 2925
6957 2817
6958 3090
6959 3146
6960 3486
6961 3498
6962 3451
6963 3644
6964 3846
6965 3997
6966 4042
6967 3923
6968 3919
6969 3994
6970 3807
6971 3954
6972 3931
6973 4038
6974 4236
6975 4085
6976 4137
6977 4080
6978 4350
6979 4318
6980 4483
6981 4628
6982 4675
6983 4637
6984 4733
6985 4721
6986 4638
6987 4606
6988 4371
6989 4306
6990 4465
6991 4506
6992 4327
6993 4415
6994 4282
6995 4198
6996 4187
6997 4311
6998 4503
6999 4429
7000 4416
7001 4355
7002 4334
7003 4371
7004 4411
7005 4557
7006 4662
7007 4802
7008 4939
7009 4858
7010 4894
7011 4989
7012 4703
7013 4882
7014 4895
7015 4927
7016 5007
7017 4763
7018 4782
7019 4917
7020 5098
7021 4998
7022 4919
7023 4843
7024 4713
7025 4702
7026 4588
7027 4702
7028 4706
7029 4717
7030 4707
7031 4892
7032 5012
7033 4869
7034 4835
7035 4768
7036 4867
7037 4904
7038 4894
7039 4923
7040 4979
7041 4908
7042 5034
7043 5065
7044 5040
7045 5208
7046 5303
7047 5387
7048 5247
7049 5334
7050 5441
7051 5614
7052 5482
7053 5581
7054 5511
7055 5500
7056 5608
7057 5711
7058 5602
7059 5879
7060 5666
7061 5817
7062 5771
7063 5792
7064 5740
7065 5532
7066 5736
7067 5795
7068 5594
7069 5735
7070 5939
7071 6076
7072 6169
7073 6130
7074 5977
7075 5928
7076 5921
7077 5898
7078 5815
7079 5734
7080 5654
7081 5632
7082 5621
7083 5483
7084 5522
7085 5683
7086 5813
7087 6007
7088 6080
7089 6030
7090 6249
7091 6000
7092 5997
7093 5873
7094 5964
7095 5853
7096 5851
7097 5875
7098 6131
7099 6151
7100 6211
7101 6292
7102 6299
7103 6409
7104 6545
7105 6510
7106 6411
7107 6487
7108 6658
7109 6530
7110 6485
7111 6393
7112 6317
7113 6335
7114 6195
7115 6227
7116 6141
7117 6012
7118 5961
7119 5828
7120 5925
7121 5940
7122 5980
7123 5992
7124 5870
7125 5951
7126 5949
7127 5885
7128 5895
7129 5985
7130 6037
7131 6071
7132 6210
7133 6429
7134 6250
7135 6367
7136 6365
7137 6400
7138 6589
7139 6497
7140 6690
7141 6710
7142 6788
7143 6647
7144 6622
7145 6376
7146 6308
7147 6247
7148 6208
7149 6302
7150 6140
7151 6162
7152 5975
7153 5960
7154 5833
7155 6075
7156 6354
7157 6286
7158 6329
7159 6325
7160 6355
7161 6209
7162 6298
7163 6512
7164 6496
7165 6382
7166 6345
7167 6201
7168 6244
7169 6123
7170 6224
7171 6150
7172 6263
7173 6508
7174 6638
7175 6590
7176 6421
7177 6551
7178 6616
7179 6886
7180 6959
7181 7132
7182 6982
7183 6924
7184 6894
7185 6939
7186 7040
7187 6932
7188 7216
7189 7171
7190 7290
7191 7562
7192 7589
7193 7500
7194 7502
7195 7471
7196 7558
7197 7525
7198 7755
7199 7738
7200 7423
7201 7658
7202 7869
7203 8016
7204 7854
7205 7833
7206 7920
7207 7916
7208 7996
7209 7922
7210 8118
7211 7993
7212 8002
7213 8102
7214 8048
7215 8223
7216 8194
7217 8308
7218 8122
7219 8208
7220 8049
7221 8135
7222 8110
7223 8000
7224 7871
7225 8113
7226 8157
7227 7918
7228 7875
7229 8011
7230 8044
7231 7970
7232 7996
7233 8047
7234 8133
7235 8005
7236 8004
7237 7865
7238 7965
7239 7937
7240 7746
7241 7740
7242 7561
7243 7518
7244 7472
7245 7662
7246 7761
7247 7915
7248 8043
7249 8016
7250 8083
7251 7997
7252 7892
7253 7900
7254 7939
7255 7849
7256 8184
7257 8071
7258 8016
7259 8057
7260 8228
7261 8169
7262 8140
7263 8138
7264 7913
7265 8030
7266 7977
7267 8074
7268 8190
7269 8138
7270 8093
7271 8164
7272 8241
7273 8288
7274 8210
7275 8365
7276 8494
7277 8503
7278 8468
7279 8525
7280 8640
7281 8683
7282 8937
7283 8922
7284 8874
7285 8928
7286 8739
7287 8572
7288 8759
7289 8562
7290 8441
7291 8285
7292 8328
7293 8095
7294 8056
7295 8098
7296 8092
7297 7874
7298 8168
7299 8075
7300 8247
7301 8055
7302 8207
7303 8195
7304 8353
7305 8310
7306 8251
7307 8345
7308 7960
7309 8035
7310 8288
7311 8072
7312 7958
7313 8006
7314 7954
7315 7939
7316 7749
7317 7733
7318 7645
7319 7537
7320 7686
7321 7565
7322 7542
7323 7332
7324 7413
7325 7277
7326 7297
7327 7281
7328 7383
7329 7533
7330 7419
7331 7218
7332 7136
7333 6983
7334 6902
7335 6950
7336 6857
7337 6705
7338 6401
7339 6330
7340 6122
7341 5919
7342 5791
7343 5742
7344 6130
7345 6026
7346 6100
7347 6174
7348 6163
7349 6085
7350 6120
7351 6009
7352 6251
7353 6129
7354 6176
7355 6276
7356 6265
7357 6181
7358 6096
7359 6153
7360 6180
7361 6423
7362 6511
7363 6435
7364 6565
7365 6429
7366 6239
7367 6489
7368 6463
7369 6419
7370 6209
7371 6486
7372 6600
7373 6783
7374 6530
7375 6477
7376 6416
7377 6460
7378 6712
7379 6771
7380 6817
7381 6783
7382 6884
7383 6802
7384 6719
7385 6813
7386 6813
7387 6919
7388 6968
7389 6880
7390 6983
7391 6946
7392 6791
7393 6742
7394 6718
7395 6689
7396 6590
7397 6473
7398 6304
7399 6142
7400 6285
7401 6314
7402 6289
7403 6347
7404 6218
7405 6185
7406 6175
7407 6172
7408 6010
7409 5972
7410 5833
7411 6068
7412 5973
7413 6012
7414 6160
7415 6095
7416 6258
7417 6188
7418 6222
7419 6284
7420 6464
7421 6480
7422 6348
7423 6013
7424 6053
7425 6024
7426 5891
7427 5859
7428 5956
7429 6086
7430 6163
7431 6048
7432 6038
7433 6059
7434 5977
7435 6077
7436 6103
7437 5925
7438 5863
7439 5901
7440 5796
7441 5726
7442 5770
7443 5470
7444 5492
7445 5464
7446 5529
7447 5386
7448 5481
7449 5505
7450 5420
7451 5727
7452 5833
7453 6036
7454 5881
7455 5717
7456 5718
7457 5638
7458 5768
7459 5774
7460 5758
7461 5853
7462 5753
7463 5714
7464 5646
7465 5616
7466 5619
7467 5751
7468 5665
7469 5683
7470 5662
7471 5820
7472 5640
7473 5554
7474 5412
7475 5314
7476 5234
7477 5354
7478 5323
7479 5091
7480 5121
7481 5148
7482 5087
7483 4958
7484 5015
7485 5117
7486 5326
7487 5335
7488 5562
7489 5523
7490 5434
7491 5430
7492 5429
7493 5354
7494 5434
7495 5547
7496 5275
7497 5214
7498 5275
7499 5258
7500 5344
7501 5273
7502 5298
7503 5532
7504 5590
7505 5811
7506 5739
7507 5593
7508 5657
7509 5717
7510 5720
7511 5679
7512 5760
7513 5782
7514 5745
7515 5771
7516 5936
7517 6037
7518 6016
7519 6126
7520 5963
7521 5755
7522 5581
7523 5632
7524 5709
7525 5542
7526 5470
7527 5557
7528 5604
7529 5564
7530 5798
7531 6038
7532 5969
7533 5909
7534 6151
7535 6091
7536 6175
7537 6082
7538 5979
7539 6116
7540 6111
7541 6177
7542 6094
7543 6314
7544 6091
7545 6130
7546 6211
7547 6267
7548 6226
7549 6433
7550 6204
7551 6351
7552 6420
7553 6243
7554 6389
7555 6383
7556 6242
7557 6217
7558 6248
7559 6286
7560 6481
7561 6539
7562 6459
7563 6557
7564 6488
7565 6560
7566 6420
7567 6450
7568 6441
7569 6339
7570 6387
7571 6362
7572 6321
7573 6617
7574 6430
7575 6330
7576 6425
7577 6365
7578 6413
7579 6632
7580 6575
7581 6617
7582 6312
7583 6482
7584 6404
7585 6332
7586 6395
7587 6234
7588 6174
7589 6106
7590 6084
7591 5973
7592 6022
7593 6211
7594 6335
7595 6410
7596 6515
7597 6414
7598 6303
7599 6163
7600 6334
7601 6418
7602 6259
7603 6103
7604 6151
7605 6180
7606 6186
7607 6108
7608 6032
7609 5872
7610 5753
7611 5825
7612 5991
7613 5871
7614 6009
7615 6196
7616 6146
7617 6189
7618 5947
7619 6093
7620 5849
7621 5738
7622 5716
7623 5628
7624 5658
7625 5678
7626 5737
7627 5596
7628 5746
7629 5948
7630 5963
7631 6056
7632 5906
7633 5981
7634 5982
7635 5902
7636 5677
7637 5988
7638 6382
7639 6403
7640 6189
7641 6445
7642 6143
7643 6339
7644 6277
7645 6107
7646 6082
7647 6234
7648 6216
7649 6304
7650 6258
7651 5912
7652 5975
7653 5933
7654 6097
7655 6020
7656 6141
7657 6242
7658 5997
7659 6245
7660 6374
7661 6375
7662 6550
7663 6466
7664 6444
7665 6381
7666 6415
7667 6441
7668 6499
7669 6604
7670 6750
7671 6752
7672 6574
7673 6555
7674 6715
7675 6800
7676 6966
7677 6991
7678 6887
7679 6990
7680 7033
7681 7073
7682 6976
7683 7056
7684 6863
7685 6925
7686 6716
7687 6807
7688 6788
7689 6784
7690 6929
7691 6932
7692 6844
7693 6848
7694 6585
7695 6847
7696 6807
7697 6840
7698 6823
7699 6852
7700 6751
7701 7081
7702 7214
7703 7245
7704 7143
7705 7065
7706 6698
7707 6516
7708 6317
7709 6288
7710 6303
7711 6332
7712 6396
7713 6562
7714 6411
7715 6429
7716 6367
7717 6160
7718 6411
7719 6363
7720 6577
7721 6815
7722 6743
7723 6868
7724 6692
7725 6660
7726 6933
7727 6903
7728 6765
7729 6826
7730 6758
7731 6713
7732 6535
7733 6551
7734 6672
7735 6721
7736 6820
7737 6636
7738 6745
7739 6770
7740 6536
7741 6611
7742 6720
7743 6897
7744 6875
7745 6996
7746 6871
7747 6692
7748 7071
7749 7119
7750 7017
7751 7067
7752 7403
7753 7277
7754 7261
7755 7074
7756 7013
7757 7200
7758 7584
7759 7671
7760 7747
7761 7688
7762 7562
7763 7569
7764 7428
7765 7468
7766 7377
7767 6962
7768 7113
7769 7205
7770 7066
7771 7168
7772 7365
7773 7377
7774 7540
7775 7243
7776 7147
7777 7235
7778 7295
7779 7375
7780 7353
7781 7389
7782 7167
7783 7186
7784 7234
7785 7362
7786 7549
7787 7681
7788 7847
7789 7850
7790 8021
7791 8116
7792 8148
7793 8299
7794 8328
7795 8326
7796 8609
7797 8779
7798 8567
7799 8408
7800 8474
7801 8281
7802 8398
7803 8501
7804 8477
7805 8584
7806 8364
7807 8265
7808 8169
7809 8182
7810 8307
7811 8411
7812 8386
7813 8492
7814 8520
7815 8724
7816 8884
7817 8972
7818 9046
7819 9123
7820 8930
7821 8890
7822 9054
7823 8893
7824 8871
7825 8787
7826 8927
7827 9014
7828 8661
7829 8236
7830 8082
7831 7976
7832 8065
7833 7831
7834 7849
7835 7847
7836 7960
7837 7854
7838 7883
7839 7862
7840 7757
7841 7800
7842 7839
7843 8105
7844 8083
7845 7880
7846 8010
7847 8265
7848 8184
7849 7920
7850 7959
7851 8049
7852 8117
7853 8059
7854 7997
7855 8144
7856 8050
7857 8376
7858 8469
7859 8434
7860 8281
7861 8431
7862 8442
7863 8465
7864 8607
7865 8345
7866 8433
7867 8512
7868 8413
7869 8341
7870 8678
7871 8830
7872 9066
7873 8933
7874 9185
7875 9571
7876 9505
7877 9440
7878 9727
7879 9537
7880 9731
7881 9672
7882 9525
7883 9718
7884 9786
7885 9788
7886 9794
7887 9794
7888 9697
7889 9516
7890 9610
7891 9393
7892 9504
7893 9435
7894 9580
7895 9668
7896 9761
7897 9897
7898 187
7899 250
7900 122
7901 200
7902 346
7903 512
7904 535
7905 437
7906 377
7907 500
7908 411
7909 733
7910 680
7911 830
7912 737
7913 815
7914 969
7915 1267
7916 1540
7917 1661
7918 1921
7919 1901
7920 1977
7921 1919
7922 1739
7923 1746
7924 1846
7925 1589
7926 1359
7927 1576
7928 1508
7929 1696
7930 1834
7931 1958
7932 2224
7933 2231
7934 2298
7935 2418
7936 2231
7937 2131
7938 1986
7939 1999
7940 1756
7941 1990
7942 1685
7943 1683
7944 1784
7945 1586
7946 1654
7947 1499
7948 1695
7949 1472
7950 1521
7951 1428
7952 1675
7953 1783
7954 1782
7955 1990
7956 2033
7957 1974
7958 1738
7959 1898
7960 2014
7961 1943
7962 2290
7963 2471
7964 2405
7965 2573
7966 2574
7967 2765
7968 2789
7969 2680
7970 2707
7971 2754
7972 2848
7973 2520
7974 2369
7975 2432
7976 2655
7977 2869
7978 2685
7979 2705
7980 2787
7981 2907
7982 3108
7983 3074
7984 3226
7985 3250
7986 3208
7987 3452
7988 3455
7989 3410
7990 3330
7991 3490
7992 3230
7993 3203
7994 3121
7995 3064
7996 2993
7997 2791
7998 2833
7999 2651
8000 2788
8001 2767
8002 2796
8003 2772
8004 2825
8005 2818
8006 2914
8007 2748
8008 2752
8009 2431
8010 2422
8011 2425
8012 2406
8013 2464
8014 2274
8015 2211
8016 2075
8017 1896
8018 1625
8019 1828
8020 1906
8021 1914
8022 1742
8023 1855
8024 1788
8025 1708
8026 1479
8027 1560
8028 1544
8029 1541
8030 1764
8031 1742
8032 2052
8033 2021
8034 1872
8035 2140
8036 2010
8037 1839
8038 1808
8039 1877
8040 1888
8041 1963
8042 1946
8043 1970
8044 1945
8045 1713
8046 1839
8047 1751
8048 1742
8049 1704
8050 1720
8051 1732
8052 1806
8053 1937
8054 2298
8055 2345
8056 2442
8057 2060
8058 1851
8059 1734
8060 1715
8061 1561
8062 1464
8063 1315
8064 1260
8065 1045
8066 1247
8067 1408
8068 1322
8069 1282
8070 1358
8071 1278
8072 1177
8073 1379
8074 1208
8075 1179
8076 1084
8077 1043
8078 1055
8079 1030
8080 813
8081 672
8082 639
8083 402
8084 643
8085 812
8086 781
8087 623
8088 585
8089 635
8090 753
8091 616
8092 559
8093 753
8094 503
8095 680
8096 359
8097 411
8098 360
8099 368
8100 304
8101 96
8102 229
8103 135
8104 102
8105 115
8106 221
8107 9921
8108 9946
8109 9758
8110 9903
8111 48
8112 9997
8113 338
8114 398
8115 329
8116 438
8117 256
8118 214
8119 245
8120 176
8121 133
8122 93
8123 26
8124 129
8125 148
8126 403
8127 209
8128 9853
8129 7
8130 9992
8131 9850
8132 126
8133 9723
8134 9580
8135 9853
8136 9538
8137 9460
8138 9536
8139 9440
8140 9251
8141 9391
8142 9366
8143 9383
8144 9429
8145 9397
8146 9450
8147 9509
8148 9545
8149 9477
8150 9210
8151 9286
8152 9405
8153 9511
8154 9688
8155 9568
8156 9655
8157 9599
8158 9540
8159 9696
8160 9870
8161 9820
8162 9777
8163 9987
8164 241
8165 65
8166 9946
8167 9819
8168 9895
8169 9979
8170 148
8171 253
8172 284
8173 326
8174 433
8175 556
8176 448
8177 267
8178 254
8179 502
8180 321
8181 328
8182 444
8183 385
8184 368
8185 398
8186 546
8187 553
8188 605
8189 807
8190 972
8191 1040
8192 1324
8193 1164
8194 1190
8195 1460
8196 1517
8197 1384
8198 1419
8199 1702
8200 1791
8201 1472
8202 1501
8203 1637
8204 1445
8205 1466
8206 1362
8207 1625
8208 1379
8209 1215
8210 1217
8211 1102
8212 1133
8213 1038
8214 826
8215 687
8216 652
8217 721
8218 529
8219 490
8220 683
8221 753
8222 710
8223 725
8224 817
8225 862
8226 807
8227 590
8228 774
8229 462
8230 287
8231 330
8232 315
8233 293
8234 231
8235 177
8236 9992
8237 100
8238 92
8239 82
8240 53
8241 42
8242 9675
8243 9873
8244 9911
8245 9861
8246 9706
8247 9593
8248 9599
8249 9843
8250 9674
8251 9709
8252 0
8253 9961
8254 170
8255 26
8256 9872
8257 9684
8258 9727
8259 9742
8260 9922
8261 9874
8262 69
8263 9964
8264 163
8265 255
8266 132
8267 270
8268 56
8269 243
8270 218
8271 118
8272 7
8273 9951
8274 9764
8275 9851
8276 9782
8277 9890
8278 9957
8279 14
8280 217
8281 483
8282 382
8283 507
8284 699
8285 849
8286 517
8287 193
8288 65
8289 230
8290 159
8291 212
8292 197
8293 9983
8294 9983
8295 9874
8296 11
8297 291
8298 372
8299 453
8300 196
8301 366
8302 398
8303 442
8304 316
8305 210
8306 408
8307 315
8308 152
8309 264
8310 139
8311 341
8312 469
8313 409
8314 387
8315 453
8316 724
8317 709
8318 566
8319 725
8320 778
8321 874
8322 847
8323 933
8324 936
8325 1204
8326 1137
8327 1316
8328 1441
8329 1247
8330 1399
8331 1470
8332 1466
8333 1452
8334 1439
8335 1719
8336 1846
8337 1758
8338 1577
8339 1878
8340 2046
8341 2004
8342 2015
8343 1831
8344 1963
8345 2344
8346 2444
8347 2383
8348 2515
8349 2652
8350 2551
8351 2603
8352 2786
8353 2993
8354 2797
8355 2862
8356 2943
8357 3126
8358 3166
8359 2963
8360 3152
8361 3117
8362 3357
8363 3371
8364 3235
8365 3336
8366 3468
8367 3481
8368 3504
8369 3693
8370 3608
8371 3604
8372 3618
8373 3587
8374 3535
8375 3547
8376 3601
8377 3562
8378 3656
8379 3695
8380 3816
8381 4078
8382 4277
8383 4398
8384 4478
8385 4158
8386 4141
8387 3901
8388 3859
8389 4146
8390 4263
8391 4147
8392 4167
8393 4302
8394 4209
8395 4267
8396 4163
8397 4303
8398 4104
8399 4462
8400 4476
8401 4706
8402 4713
8403 4567
8404 4286
8405 4550
8406 4429
8407 4363
8408 4499
8409 4360
8410 4342
8411 4442
8412 4357
8413 4221
8414 4213
8415 4443
8416 4571
8417 4566
8418 4576
8419 4548
8420 4473
8421 4258
8422 4274
8423 4120
8424 4047
8425 4073
8426 4311
8427 4573
8428 4693
8429 4681
8430 4577
8431 4695
8432 4799
8433 4640
8434 4600
8435 4342
8436 4225
8437 4315
8438 4394
8439 4269
8440 4319
8441 4356
8442 4575
8443 4408
8444 4300
8445 4703
8446 4721
8447 4907
8448 4968
8449 5171
8450 5147
8451 5343
8452 5132
8453 5020
8454 4878
8455 4968
8456 5118
8457 4874
8458 4785
8459 4911
8460 4829
8461 4696
8462 4411
8463 4611
8464 4918
8465 4917
8466 4856
8467 4871
8468 4896
8469 4685
8470 4756
8471 4568
8472 4489
8473 4328
8474 4053
8475 3886
8476 3826
8477 3732
8478 3482
8479 3498
8480 3454
8481 3786
8482 3613
8483 3365
8484 3398
8485 3349
8486 3139
8487 3261
8488 2972
8489 2896
8490 2801
8491 2893
8492 2950
8493 2997
8494 3006
8495 3433
8496 3042
8497 2843
8498 2945
8499 3088
8500 3021
8501 3080
8502 3127
8503 3110
8504 3286
8505 3248
8506 3298
8507 3181
8508 3135
8509 2889
8510 2719
8511 2774
8512 2506
8513 2664
8514 2732
8515 2826
8516 2643
8517 2597
8518 2806
8519 3065
8520 2938
8521 2785
8522 3113
8523 3138
8524 2996
8525 3032
8526 2781
8527 2562
8528 2733
8529 2708
8530 2911
8531 3036
8532 3120
8533 3250
8534 3293
8535 3413
8536 3263
8537 3090
8538 3319
8539 3050
8540 3240
8541 3101
8542 3267
8543 3122
8544 3001
8545 3154
8546 3195
8547 3131
8548 3031
8549 2962
8550 2713
8551 2585
8552 2652
8553 2679
8554 2630
8555 2560
8556 2332
8557 2486
8558 2593
8559 2818
8560 2974
8561 3119
8562 2876
8563 3037
8564 3289
8565 3454
8566 3105
8567 3126
8568 3180
8569 3040
8570 3049
8571 3381
8572 3480
8573 3696
8574 3818
8575 3797
8576 3775
8577 4003
8578 3692
8579 3704
8580 3481
8581 3692
8582 3614
8583 3612
8584 3627
8585 3674
8586 3478
8587 3220
8588 3300
8589 3413
8590 3287
8591 3309
8592 3570
8593 3606
8594 3677
8595 3645
8596 3660
8597 3675
8598 3722
8599 3786
8600 4133
8601 3957
8602 3993
8603 4147
8604 4176
8605 4248
8606 4440
8607 4457
8608 4470
8609 4392
8610 4488
8611 4672
8612 4742
8613 4792
8614 4835
8615 4555
8616 4637
8617 4640
8618 4626
8619 4676
8620 4501
8621 4301
8622 4481
8623 4664
8624 4649
8625 4814
8626 4652
8627 4442
8628 4303
8629 4115
8630 4192
8631 4371
8632 4477
8633 4175
8634 4335
8635 4079
8636 3781
8637 3566
8638 3420
8639 3490
8640 3398
8641 3258
8642 3404
8643 3498
8644 3741
8645 3553
8646 3359
8647 3487
8648 3601
8649 3411
8650 3733
8651 3757
8652 3950
8653 3694
8654 3432
8655 3414
8656 3166
8657 3014
8658 2996
8659 2836
8660 2937
8661 2715
8662 2558
8663 2602
8664 2619
8665 2780
8666 3086
8667 2905
8668 2959
8669 2837
8670 2964
8671 2874
8672 2887
8673 2806
8674 2663
8675 2535
8676 2524
8677 2439
8678 2389
8679 2183
8680 2451
8681 2498
8682 2473
8683 2356
8684 2387
8685 2568
8686 2484
8687 2486
8688 2719
8689 2632
8690 2732
8691 2589
8692 2568
8693 2668
8694 2548
8695 2325
8696 1980
8697 1905
8698 2007
8699 2252
8700 2425
8701 2401
8702 2746
8703 2929
8704 2836
8705 2807
8706 2693
8707 2737
8708 2789
8709 2788
8710 2756
8711 2892
8712 2722
8713 2695
8714 2853
8715 2862
8716 2963
8717 2904
8718 3042
8719 3143
8720 3248
8721 3292
8722 3337
8723 3182
8724 3122
8725 3165
8726 3086
8727 3203
8728 3054
8729 3357
8730 3370
8731 3532
8732 3822
8733 3884
8734 3743
8735 3830
8736 3664
8737 3581
8738 3330
8739 3463
8740 3339
8741 3313
8742 3275
8743 3363
8744 3233
8745 3002
8746 3106
8747 3071
8748 2959
8749 3056
8750 3208
8751 3017
8752 3156
8753 3161
8754 3047
8755 3118
8756 3256
8757 2908
8758 3043
8759 3229
8760 3172
8761 3280
8762 3495
8763 3668
8764 3581
8765 3333
8766 3273
8767 3232
8768 2936
8769 2918
8770 2742
8771 2723
8772 2784
8773 2746
8774 2562
8775 2442
8776 2518
8777 2422
8778 2413
8779 2430
8780 2621
8781 2583
8782 2746
8783 2888
8784 2778
8785 2745
8786 2830
8787 2692
8788 2746
8789 2850
8790 2563
8791 2460
8792 2677
8793 2492
8794 2540
8795 2419
8796 2377
8797 2569
8798 2315
8799 2450
8800 2322
8801 2293
8802 2378
8803 2360
8804 2152
8805 2265
8806 2273
8807 2346
8808 2436
8809 2393
8810 2535
8811 2228
8812 2142
8813 2282
8814 2232
8815 2360
8816 1973
8817 2075
8818 1950
8819 1892
8820 1701
8821 1890
8822 1977
8823 2094
8824 2225
8825 1938
8826 2144
8827 2188
8828 2087
8829 2067
8830 2128
8831 1881
8832 2005
8833 1947
8834 2027
8835 1911
8836 2139
8837 2021
8838 2268
8839 2109
8840 2137
8841 2303
8842 2008
8843 2117
8844 2063
8845 2221
8846 2343
8847 2171
8848 2046
8849 2041
8850 2040
8851 2115
8852 2070
8853 2125
8854 2003
8855 1881
8856 1888
8857 2093
8858 2280
8859 2145
8860 2180
8861 2183
8862 2184
8863 1942
8864 1884
8865 1844
8866 2043
8867 2263
8868 2378
8869 2262
8870 2435
8871 2437
8872 2468
8873 2343
8874 2221
8875 2338
8876 2231
8877 2044
8878 1972
8879 1994
8880 2153
8881 2297
8882 2340
8883 2550
8884 2465
8885 2491
8886 2369
8887 2051
8888 2050
8889 1982
8890 2133
8891 2061
8892 2013
8893 1915
8894 1746
8895 1731
8896 1714
8897 1900
8898 1896
8899 1912
8900 2165
8901 2183
8902 2034
8903 1981
8904 1908
8905 1754
8906 1862
8907 2064
8908 2160
8909 2330
8910 2236
8911 2106
8912 2204
8913 2262
8914 2418
8915 2102
8916 2104
8917 1988
8918 1913
8919 2069
8920 2210
8921 2141
8922 1902
8923 1875
8924 1797
8925 1680
8926 1782
8927 1625
8928 1525
8929 1395
8930 1331
8931 1315
8932 1241
8933 1135
8934 1333
8935 1259
8936 1244
8937 1113
8938 907
8939 884
8940 773
8941 638
8942 659
8943 429
8944 386
8945 452
8946 387
8947 262
8948 200
8949 145
8950 197
8951 9954
8952 9787
8953 9738
8954 9567
8955 9749
8956 86
8957 205
8958 319
8959 269
8960 9996
8961 9980
8962 33
8963 38
8964 86
8965 9973
8966 9787
8967 9978
8968 9756
8969 9740
8970 9929
8971 19
8972 9979
8973 159
8974 200
8975 119
8976 32
8977 59
8978 224
8979 9841
8980 9679
8981 9834
8982 9762
8983 9806
8984 9698
8985 9517
8986 9631
8987 9531
8988 9688
8989 9559
8990 9520
8991 9450
8992 9185
8993 9137
8994 9277
8995 9164
8996 9159
8997 9189
8998 9028
8999 8851
9000 8898
9001 9130
9002 9195
9003 9161
9004 9320
9005 9367
9006 9616
9007 9691
9008 9994
9009 108
9010 9908
9011 9730
9012 9954
9013 9875
9014 84
9015 284
9016 527
9017 389
9018 655
9019 577
9020 657
9021 627
9022 278
9023 9917
9024 9821
9025 9709
9026 9935
9027 9945
9028 9892
9029 9788
9030 9756
9031 9866
9032 9709
9033 9832
9034 9842
9035 9977
9036 9975
9037 9998
9038 9980
9039 9910
9040 9999
9041 9953
9042 9994
9043 159
9044 67
9045 63
9046 9945
9047 15
9048 9759
9049 9851
9050 9880
9051 9962
9052 20
9053 29
9054 175
9055 316
9056 255
9057 284
9058 222
9059 127
9060 184
9061 22
9062 27
9063 30
9064 281
9065 550
9066 552
9067 547
9068 582
9069 711
9070 610
9071 602
9072 676
9073 304
9074 346
9075 400
9076 564
9077 531
9078 408
9079 573
9080 446
9081 275
9082 78
9083 48
9084 217
9085 232
9086 235
9087 232
9088 282
9089 379
9090 355
9091 201
9092 110
9093 48
9094 0
9095 9813
9096 9848
9097 9793
9098 9645
9099 9701
9100 9735
9101 9948
9102 9682
9103 9703
9104 9676
9105 9648
9106 9782
9107 9856
9108 9731
9109 9753
9110 9758
9111 9811
9112 9909
9113 9747
9114 9593
9115 9617
9116 9345
9117 9296
9118 9363
9119 9256
9120 9156
9121 9383
9122 9298
9123 9172
9124 8894
9125 8858
9126 8726
9127 8764
9128 8665
9129 8481
9130 8354
9131 8474
9132 8532
9133 8452
9134 8268
9135 8428
9136 8422
9137 8387
9138 8290
9139 8143
9140 8138
9141 8029
9142 7958
9143 7802
9144 7733
9145 7716
9146 7566
9147 7478
9148 7449
9149 7464
9150 7678
9151 7622
9152 7535
9153 7618
9154 7708
9155 7747
9156 7736
9157 7875
9158 7890
9159 7902
9160 7721
9161 8021
9162 8260
9163 8177
9164 8098
9165 8088
9166 7869
9167 7813
9168 7778
9169 7552
9170 7639
9171 7610
9172 7646
9173 7833
9174 8040
9175 8055
9176 7948
9177 7881
9178 7832
9179 8020
9180 8177
9181 8070
9182 7914
9183 8018
9184 7921
9185 7853
9186 7739
9187 7747
9188 7762
9189 7553
9190 7408
9191 7474
9192 7675
9193 7603
9194 7794
9195 7805
9196 7638
9197 7610
9198 7733
9199 7833
9200 7890
9201 8151
9202 8164
9203 8057
9204 8070
9205 8451
9206 8514
9207 8587
9208 8546
9209 8462
9210 8303
9211 8005
9212 8015
9213 7962
9214 7960
9215 7886
9216 7822
9217 7900
9218 7740
9219 7693
9220 7728
9221 7780
9222 8091
9223 8058
9224 8163
9225 8186
9226 8255
9227 8219
9228 8315
9229 8276
9230 8157
9231 8386
9232 8420
9233 8581
9234 8574
9235 8487
9236 8528
9237 8568
9238 8800
9239 8822
9240 8844
9241 8843
9242 8797
9243 8992
9244 8738
9245 8824
9246 8932
9247 9133
9248 9244
9249 9398
9250 9382
9251 9345
9252 9113
9253 9090
9254 9078
9255 8991
9256 9205
9257 9192
9258 9174
9259 9205
9260 9165
9261 9282
9262 9331
9263 9168
9264 9189
9265 9094
9266 8996
9267 9001
9268 9047
9269 8989
9270 8995
9271 9055
9272 9200
9273 9026
9274 8985
9275 9017
9276 9029
9277 8919
9278 9018
9279 8887
9280 8791
9281 8567
9282 8383
9283 8305
9284 8199
9285 8252
9286 8205
9287 8310
9288 8501
9289 8385
9290 8423
9291 8386
9292 8294
9293 8318
9294 8393
9295 8549
9296 8590
9297 8725
9298 8432
9299 8633
9300 8629
9301 8569
9302 8460
9303 8523
9304 8537
9305 8620
9306 8702
9307 8695
9308 8923
9309 8953
9310 8869
9311 8747
9312 8774
9313 8959
9314 9087
9315 9033
9316 9000
9317 8994
9318 8820
9319 8776
9320 8630
9321 8787
9322 8999
9323 8958
9324 8906
9325 9162
9326 9161
9327 9105
9328 9068
9329 9049
9330 9074
9331 9179
9332 9177
9333 9195
9334 9158
9335 9232
9336 9278
9337 9047
9338 9162
9339 9196
9340 9179
9341 9012
9342 8854
9343 8788
9344 8737
9345 8568
9346 8568
9347 8357
9348 8469
9349 8399
9350 8531
9351 8490
9352 8477
9353 8444
9354 8398
9355 8535
9356 8583
9357 8756
9358 8894
9359 8843
9360 8932
9361 8862
9362 8958
9363 8832
9364 8747
9365 8918
9366 8723
9367 8825
9368 8766
9369 8848
9370 8831
9371 8833
9372 9039
9373 9191
9374 9295
9375 9244
9376 9384
9377 9404
9378 9428
9379 9355
9380 9561
9381 9357
9382 9293
9383 9135
9384 9118
9385 8907
9386 8764
9387 8667
9388 8660
9389 8615
9390 8489
9391 8492
9392 8488
9393 8525
9394 8567
9395 8358
9396 8207
9397 8207
9398 8225
9399 8201
9400 8311
9401 8457
9402 8316
9403 8104
9404 8061
9405 7840
9406 8065
9407 8147
9408 8029
9409 7963
9410 8090
9411 8241
9412 8288
9413 8440
9414 8358
9415 8423
9416 8517
9417 8620
9418 8633
9419 8875
9420 8955
9421 9116
9422 8867
9423 8723
9424 8667
9425 8742
9426 8591
9427 8664
9428 8699
9429 8840
9430 8946
9431 8986
9432 8898
9433 8971
9434 9018
9435 9029
9436 9136
9437 8990
9438 9029
9439 9071
9440 9012
9441 9201
9442 9034
9443 9198
9444 9037
9445 9077
9446 9048
9447 9023
9448 9039
9449 9018
9450 9124
9451 9089
9452 9090
9453 9159
9454 9176
9455 9216
9456 9393
9457 9257
9458 9150
9459 8953
9460 8885
9461 8791
9462 8553
9463 8477
9464 8389
9465 8336
9466 8364
9467 8208
9468 8267
9469 8256
9470 8144
9471 8161
9472 8197
9473 8333
9474 8245
9475 8261
9476 8384
9477 8240
9478 8440
9479 8393
9480 8355
9481 8370
9482 8417
9483 8585
9484 8277
9485 8394
9486 8451
9487 8392
9488 8424
9489 8681
9490 8797
9491 8925
9492 8908
9493 8849
9494 8810
9495 9053
9496 9238
9497 9243
9498 9215
9499 9252
9500 9125
9501 9055
9502 8979
9503 8953
9504 9231
9505 9151
9506 9167
9507 9167
9508 9241
9509 9357
9510 9289
9511 9429
9512 9406
9513 9275
9514 9294
9515 9383
9516 9301
9517 9147
9518 9182
9519 9105
9520 9026
9521 8939
9522 8818
9523 8885
9524 8903
9525 8947
9526 8798
9527 8683
9528 8858
9529 8974
9530 8911
9531 9019
9532 9018
9533 9184
9534 9061
9535 9132
9536 9200
9537 9208
9538 9369
9539 9149
9540 9174
9541 9166
9542 9261
9543 9113
9544 9072
9545 9076
9546 9195
9547 9212
9548 9190
9549 9383
9550 9445
9551 9421
9552 9433
9553 9247
9554 9278
9555 9198
9556 9292
9557 9318
9558 9373
9559 9468
9560 9475
9561 9525
9562 9478
9563 9358
9564 9416
9565 9295
9566 9414
9567 9359
9568 9301
9569 9208
9570 9212
9571 9126
9572 9011
9573 9139
9574 9144
9575 9275
9576 9169
9577 9156
9578 9171
9579 9136
9580 9205
9581 9190
9582 9258
9583 9505
9584 9739
9585 9787
9586 9803
9587 9772
9588 9654
9589 9712
9590 9885
9591 9840
9592 9827
9593 9875
9594 53
9595 23
9596 180
9597 237
9598 178
9599 356
9600 292
9601 357
9602 364
9603 405
9604 421
9605 312
9606 287
9607 201
9608 343
9609 270
9610 155
9611 235
9612 206
9613 326
9614 571
9615 711
9616 625
9617 465
9618 643
9619 649
9620 625
9621 513
9622 414
9623 287
9624 183
9625 181
9626 126
9627 175
9628 276
9629 208
9630 433
9631 490
9632 407
9633 212
9634 229
9635 221
9636 380
9637 487
9638 465
9639 293
9640 400
9641 545
9642 463
9643 253
9644 37
9645 9987
9646 27
9647 119
9648 9985
9649 9816
9650 9843
9651 9979
9652 9911
9653 9934
9654 9869
9655 9914
9656 142
9657 237
9658 200
9659 335
9660 409
9661 502
9662 390
9663 520
9664 775
9665 1118
9666 1009
9667 1284
9668 1346
9669 1256
9670 1432
9671 1436
9672 1523
9673 1646
9674 1765
9675 1663
9676 1677
9677 1669
9678 1738
9679 2166
9680 2097
9681 1817
9682 1720
9683 1720
9684 1647
9685 1598
9686 1523
9687 1528
9688 1539
9689 1792
9690 1737
9691 1854
9692 1797
9693 1779
9694 2001
9695 2135
9696 2158
9697 2150
9698 2111
9699 2173
9700 2345
9701 2412
9702 2319
9703 2243
9704 2131
9705 2134
9706 2122
9707 2062
9708 2075
9709 2194
9710 2366
9711 2262
9712 2300
9713 2199
9714 2133
9715 2052
9716 2159
9717 2129
9718 2313
9719 2436
9720 2394
9721 2164
9722 1949
9723 1825
9724 1882
9725 1840
9726 1826
9727 1899
9728 2075
9729 1990
9730 1963
9731 1909
9732 1954
9733 1997
9734 1919
9735 1833
9736 1733
9737 1908
9738 1790
9739 1730
9740 1621
9741 1738
9742 1640
9743 1581
9744 1796
9745 1795
9746 1941
9747 2058
9748 2178
9749 2182
9750 2244
9751 2082
9752 2159
9753 2114
9754 2057
9755 1850
9756 1816
9757 1873
9758 1925
9759 2044
9760 2167
9761 2155
9762 2073
9763 2081
9764 1981
9765 2368
9766 2375
9767 2338
9768 2302
9769 2346
9770 2433
9771 2701
9772 2536
9773 2506
9774 2411
9775 2727
9776 2736
9777 2728
9778 2815
9779 2739
9780 2623
9781 2488
9782 2402
9783 2267
9784 2238
9785 1991
9786 2039
9787 2054
9788 2042
9789 1827
9790 1918
9791 1955
9792 1961
9793 1996
9794 2016
9795 2018
9796 2129
9797 2193
9798 2015
9799 2240
9800 2137
9801 2211
9802 2164
9803 2222
9804 2145
9805 2175
9806 2441
9807 2493
9808 2563
9809 2354
9810 2277
9811 2189
9812 2349
9813 2319
9814 2501
9815 2380
9816 2306
9817 2340
9818 2409
9819 2350
9820 2453
9821 2296
9822 2124
9823 2162
9824 2292
9825 2406
9826 2131
9827 2224
9828 2076
9829 2192
9830 2083
9831 2010
9832 1978
9833 2320
9834 2483
9835 2633
9836 2750
9837 3042
9838 3055
9839 3033
9840 3165
9841 3218
9842 3109
9843 3099
9844 3074
9845 3292
9846 3043
9847 3333
9848 3368
9849 3104
9850 3263
9851 3282
9852 3105
9853 2915
9854 2855
9855 2915
9856 2665
9857 2809
9858 2670
9859 2750
9860 2569
9861 2508
9862 2372
9863 2344
9864 2106
9865 2101
9866 2008
9867 2379
9868 2367
9869 2353
9870 2303
9871 2303
9872 2427
9873 2458
9874 2504
9875 2605
9876 2558
9877 2729
9878 2774
9879 2900
9880 2928
9881 3032
9882 3128
9883 3095
9884 3163
9885 3162
9886 3063
9887 2909
9888 3070
9889 3046
9890 3107
9891 3289
9892 3253
9893 3298
9894 3439
9895 3222
9896 3171
9897 3391
9898 3422
9899 3521
9900 3486
9901 3414
9902 3715
9903 3732
9904 3739
9905 3823
9906 3868
9907 3929
9908 4076
9909 4277
9910 4243
9911 4175
9912 4133
9913 4262
9914 4053
9915 3993
9916 3923
9917 4007
9918 4086
9919 3916
9920 4205
9921 4162
9922 4058
9923 4095
9924 4013
9925 3939
9926 4228
9927 4209
9928 4293
9929 4276
9930 4409
9931 4566
9932 4616
9933 4587
9934 4342
9935 4430
9936 4336
9937 4339
9938 4410
9939 4569
9940 4525
9941 4173
9942 3986
9943 4107
9944 4131
9945 4170
9946 3953
9947 3946
9948 3838
9949 3911
9950 3719
9951 3632
9952 3534
9953 3481
9954 3745
9955 3855
9956 3757
9957 3856
9958 3742
9959 3833
9960 3738
9961 3686
9962 3521
9963 3688
9964 3953
9965 3988
9966 4003
9967 4140
9968 4248
9969 4163
9970 4103
9971 4072
9972 4163
9973 4198
9974 4096
9975 4166
9976 4247
9977 4209
9978 4310
9979 4201
9980 4268
9981 4470
9982 4474
9983 4477
9984 4678
9985 4654
9986 4662
9987 4614
9988 4475
9989 4537
9990 4424
9991 4691
9992 4604
9993 4516
9994 4584
9995 4459
9996 4593
9997 4567
9998 4701
9999 4835
10000 4950
