1 21
2 44
3 87
4 119
5 145
6 175
7 198
8 226
9 235
10 255
11 260
12 312
13 325
14 351
15 358
16 404
17 412
18 437
19 454
20 476
21 477
22 450
23 449
24 445
25 447
26 462
27 475
28 539
29 566
30 584
31 547
32 573
33 604
34 610
35 584
36 602
37 583
38 626
39 644
40 635
41 663
42 632
43 693
44 704
45 774
46 752
47 787
48 761
49 833
50 879
51 848
52 850
53 816
54 839
55 906
56 970
57 1042
58 1018
59 1024
60 1049
61 1041
62 1030
63 1071
64 1044
65 1050
66 1074
67 1124
68 1170
69 1191
70 1252
71 1335
72 1313
73 1232
74 1228
75 1217
76 1164
77 1173
78 1139
79 1185
80 1190
81 1249
82 1346
83 1411
84 1412
85 1430
86 1465
87 1567
88 1626
89 1754
90 1760
91 1783
92 1766
93 1791
94 1772
95 1774
96 1782
97 1792
98 1776
99 1825
100 1876
101 1954
102 1948
103 2048
104 1981
105 1998
106 2026
107 2019
108 2025
109 2047
110 2119
111 2179
112 2169
113 2157
114 2173
115 2178
116 2191
117 2185
118 2168
119 2199
120 2214
121 2290
122 2368
123 2381
124 2449
125 2497
126 2498
127 2467
128 2467
129 2520
130 2507
131 2676
132 2662
133 2627
134 2647
135 2646
136 2658
137 2711
138 2758
139 2755
140 2730
141 2812
142 2839
143 2844
144 2821
145 2904
146 2953
147 3016
148 3081
149 3052
150 3037
151 3002
152 3054
153 3118
154 3188
155 3247
156 3352
157 3383
158 3353
159 3314
160 3373
161 3402
162 3355
163 3353
164 3507
165 3591
166 3711
167 3860
168 3872
169 3892
170 3812
171 3845
172 3750
173 3725
174 3659
175 3711
176 3796
177 3814
178 3830
179 3801
180 3885
181 3888
182 3944
183 3971
184 4083
185 4065
186 4144
187 4156
188 4182
189 4263
190 4281
191 4251
192 4444
193 4471
194 4438
195 4434
196 4376
197 4414
198 4462
199 4392
200 4432
201 4406
202 4318
203 4428
204 4545
205 4771
206 4861
207 4796
208 4686
209 4840
210 4942
211 4964
212 4948
213 5055
214 5015
215 4959
216 4880
217 4813
218 4731
219 4859
220 4934
221 4967
222 5009
223 4958
224 4976
225 4981
226 5133
227 5266
228 5410
229 5442
230 5356
231 5348
232 5407
233 5389
234 5401
235 5387
236 5365
237 5407
238 5396
239 5454
240 5425
241 5518
242 5527
243 5675
244 5705
245 5704
246 5605
247 5644
248 5690
249 5646
250 5647
251 5668
252 5711
253 5740
254 5822
255 5820
256 5840
257 5888
258 5940
259 5974
260 6031
261 6016
262 6209
263 6252
264 6204
265 6154
266 6079
267 6108
268 6115
269 6193
270 6345
271 6334
272 6174
273 6132
274 6202
275 6218
276 6404
277 6433
278 6521
279 6496
280 6568
281 6610
282 6578
283 6610
284 6511
285 6671
286 6822
287 6743
288 6913
289 6800
290 6701
291 6771
292 6733
293 6596
294 6597
295 6660
296 6669
297 6743
298 6931
299 6992
300 6933
301 7047
302 7122
303 7109
304 7231
305 7289
306 7282
307 7398
308 7270
309 7314
310 7403
311 7477
312 7377
313 7475
314 7504
315 7669
316 7823
317 7755
318 7843
319 7970
320 8024
321 8052
322 7918
323 8001
324 8020
325 8052
326 7813
327 7910
328 7802
329 7902
330 8023
331 8059
332 8105
333 8091
334 8116
335 8054
336 8292
337 8373
338 8499
339 8542
340 8667
341 8427
342 8485
343 8616
344 8759
345 8772
346 8905
347 9043
348 9201
349 9426
350 9505
351 9651
352 9823
353 9867
354 9743
355 9827
356 9950
357 60
358 42
359 9996
360 0
361 9911
362 9976
363 164
364 349
365 653
366 698
367 753
368 886
369 971
370 978
371 851
372 969
373 1060
374 1055
375 943
376 905
377 998
378 978
379 1208
380 1119
381 1282
382 1248
383 1428
384 1420
385 1487
386 1498
387 1398
388 1523
389 1498
390 1382
391 1276
392 1278
393 1336
394 1203
395 1088
396 964
397 1060
398 938
399 1038
400 994
401 1083
402 1106
403 1106
404 1198
405 1314
406 1299
407 1448
408 1533
409 1425
410 1331
411 1220
412 1291
413 1423
414 1374
415 1327
416 1528
417 1512
418 1487
419 1624
420 1425
421 1280
422 1484
423 1538
424 1704
425 1744
426 1818
427 1996
428 2021
429 2129
430 2102
431 2085
432 2219
433 2300
434 2339
435 2272
436 2404
437 2449
438 2374
439 2318
440 2185
441 2128
442 2059
443 2078
444 2362
445 2353
446 2316
447 2395
448 2272
449 2087
450 2153
451 2190
452 2187
453 2200
454 2355
455 2305
456 2435
457 2442
458 2500
459 2497
460 2559
461 2728
462 2919
463 3103
464 3192
465 3305
466 3143
467 3191
468 3240
469 3215
470 3361
471 3360
472 3333
473 3445
474 3397
475 3433
476 3596
477 3586
478 3571
479 3466
480 3343
481 3353
482 3282
483 3183
484 3233
485 3243
486 3344
487 3311
488 3529
489 3485
490 3349
491 3335
492 3253
493 3204
494 3117
495 3120
496 3282
497 3225
498 3297
499 3015
500 3036
501 3101
502 2995
503 2834
504 2721
505 2889
506 2979
507 3089
508 3229
509 3346
510 3359
511 3595
512 3720
513 3659
514 3575
515 3635
516 3648
517 3606
518 3652
519 3587
520 3516
521 3457
522 3478
523 3568
524 3484
525 3788
526 3723
527 3946
528 3934
529 3805
530 3542
531 3313
532 3320
533 3326
534 3329
535 3257
536 3329
537 3648
538 3650
539 3781
540 3688
541 3728
542 3695
543 3811
544 3845
545 3893
546 4160
547 4327
548 4379
549 4247
550 4371
551 4289
552 4398
553 4103
554 4096
555 4194
556 4079
557 3978
558 3947
559 4024
560 4063
561 4047
562 3963
563 4032
564 4200
565 4280
566 3996
567 4271
568 4061
569 4000
570 3945
571 3912
572 3951
573 3870
574 3779
575 3745
576 3676
577 3578
578 3427
579 3609
580 3604
581 3602
582 3757
583 3969
584 3734
585 3879
586 3920
587 4191
588 4296
589 4222
590 4231
591 4465
592 4341
593 4409
594 4711
595 4621
596 4639
597 4757
598 4672
599 4700
600 4866
601 4973
602 5274
603 5246
604 5006
605 5041
606 4995
607 5147
608 5314
609 5486
610 5477
611 5660
612 5797
613 5663
614 5475
615 5791
616 5782
617 5770
618 5662
619 5889
620 5590
621 5642
622 5809
623 5688
624 5754
625 5898
626 5857
627 5838
628 5804
629 5742
630 5807
631 5887
632 5776
633 5940
634 6102
635 6251
636 6317
637 6475
638 6443
639 6667
640 6724
641 6750
642 6758
643 6869
644 6830
645 6920
646 7033
647 7162
648 7030
649 7240
650 7448
651 7599
652 7833
653 7904
654 7875
655 8017
656 8035
657 7834
658 7747
659 7815
660 8121
661 8325
662 8327
663 8319
664 8358
665 8511
666 8517
667 8298
668 8551
669 8626
670 8454
671 8260
672 8133
673 8062
674 7928
675 8053
676 7957
677 7787
678 7821
679 8037
680 7741
681 7718
682 7836
683 7987
684 8232
685 8062
686 7967
687 8142
688 8394
689 8348
690 8111
691 8283
692 8311
693 8564
694 8515
695 8590
696 8928
697 9026
698 8573
699 8577
700 8279
701 8313
702 8322
703 8217
704 8276
705 8309
706 8531
707 8741
708 8808
709 8590
710 8587
711 8360
712 8238
713 8184
714 8085
715 8159
716 8275
717 8192
718 8267
719 8222
720 7898
721 7837
722 7737
723 7689
724 7639
725 7588
726 7355
727 7589
728 7589
729 7439
730 7503
731 7427
732 7637
733 7701
734 7679
735 7603
736 7518
737 7622
738 7713
739 7667
740 7561
741 7461
742 7797
743 7602
744 7851
745 7785
746 7716
747 7490
748 7709
749 8092
750 8211
751 8158
752 8396
753 8017
754 7987
755 7995
756 7927
757 7736
758 7815
759 7891
760 8188
761 8290
762 8275
763 8209
764 8195
765 8198
766 7984
767 8089
768 8145
769 8190
770 8212
771 7909
772 7951
773 8112
774 7871
775 7959
776 8052
777 8227
778 8429
779 8372
780 8358
781 8340
782 8430
783 8465
784 8309
785 8404
786 8285
787 8310
788 8305
789 8364
790 8300
791 8135
792 8147
793 7977
794 8252
795 8195
796 8259
797 8323
798 8441
799 8707
800 8563
801 8747
802 8785
803 8766
804 9036
805 9281
806 9190
807 9327
808 9304
809 9458
810 9586
811 9527
812 9530
813 9508
814 9445
815 9310
816 9297
817 9230
818 9648
819 9389
820 9398
821 9448
822 9595
823 9491
824 9727
825 27
826 9913
827 47
828 172
829 9850
830 9680
831 9574
832 9424
833 9570
834 9590
835 9678
836 9752
837 9737
838 62
839 6
840 39
841 240
842 297
843 564
844 571
845 561
846 566
847 572
848 703
849 826
850 646
851 707
852 790
853 828
854 1104
855 1317
856 1374
857 1584
858 1602
859 1462
860 1600
861 1643
862 1793
863 1689
864 1562
865 1673
866 1707
867 1755
868 1582
869 1603
870 1393
871 1385
872 1599
873 1806
874 1825
875 1932
876 1701
877 1853
878 1814
879 1974
880 2129
881 2197
882 2312
883 2210
884 2153
885 2031
886 1956
887 2028
888 1978
889 1746
890 1698
891 1710
892 1940
893 1799
894 1574
895 1363
896 1395
897 1516
898 1467
899 1389
900 1535
901 1407
902 1274
903 1323
904 1189
905 1456
906 1280
907 1163
908 1026
909 1243
910 915
911 956
912 1034
913 1229
914 1486
915 1088
916 995
917 648
918 619
919 755
920 775
921 1053
922 1256
923 1271
924 1209
925 1401
926 1146
927 1181
928 1039
929 927
930 916
931 806
932 749
933 450
934 853
935 803
936 646
937 871
938 846
939 777
940 878
941 818
942 844
943 916
944 1070
945 805
946 1133
947 1187
948 1318
949 1324
950 1417
951 1490
952 1658
953 1643
954 1564
955 1685
956 2149
957 2320
958 2140
959 1913
960 1855
961 1738
962 1698
963 2015
964 1999
965 1918
966 1506
967 1671
968 1486
969 1623
970 1499
971 1398
972 1544
973 1419
974 1273
975 1311
976 1424
977 1255
978 1287
979 1237
980 1299
981 1170
982 948
983 855
984 832
985 895
986 806
987 529
988 612
989 544
990 629
991 638
992 339
993 320
994 293
995 189
996 95
997 9982
998 9892
999 9960
1000 68
1001 208
1002 69
1003 76
1004 54
1005 9846
1006 9781
1007 4
1008 10
1009 9929
1010 9636
1011 9625
1012 9372
1013 9357
1014 9417
1015 9463
1016 9506
1017 9738
1018 9503
1019 9758
1020 9681
1021 9646
1022 9616
1023 9487
1024 9586
1025 9491
1026 9624
1027 9572
1028 9657
1029 9618
1030 9725
1031 9481
1032 9520
1033 9611
1034 9628
1035 9834
1036 9777
1037 9841
1038 50
1039 11
1040 48
1041 9955
1042 104
1043 222
1044 252
1045 221
1046 169
1047 155
1048 228
1049 155
1050 149
1051 29
1052 9979
1053 9887
1054 9762
1055 9769
1056 9955
1057 182
1058 430
1059 593
1060 947
1061 998
1062 1002
1063 982
1064 852
1065 720
1066 834
1067 912
1068 982
1069 963
1070 995
1071 1019
1072 884
1073 925
1074 926
1075 1054
1076 943
1077 1020
1078 1002
1079 1040
1080 1161
1081 1279
1082 1258
1083 1249
1084 1261
1085 1369
1086 1328
1087 1349
1088 1186
1089 1385
1090 1547
1091 1519
1092 1597
1093 1716
1094 1609
1095 1696
1096 1937
1097 1895
1098 2059
1099 1906
1100 1635
1101 1586
1102 1485
1103 1367
1104 1212
1105 1327
1106 1140
1107 1338
1108 1549
1109 1530
1110 1288
1111 1335
1112 1467
1113 1562
1114 1710
1115 1562
1116 1676
1117 1738
1118 1762
1119 1629
1120 1620
1121 1786
1122 1810
1123 1872
1124 2055
1125 2025
1126 2083
1127 2098
1128 2200
1129 2060
1130 2204
1131 2185
1132 2059
1133 2126
1134 2138
1135 2064
1136 2280
1137 2161
1138 2191
1139 2080
1140 2100
1141 2031
1142 1957
1143 1685
1144 1839
1145 1949
1146 2082
1147 2016
1148 2074
1149 2337
1150 2169
1151 2172
1152 2212
1153 2152
1154 2368
1155 2352
1156 2319
1157 2288
1158 2226
1159 2399
1160 2380
1161 2199
1162 2279
1163 2309
1164 2387
1165 2529
1166 2649
1167 2854
1168 2831
1169 2777
1170 2803
1171 2512
1172 2608
1173 2494
1174 2808
1175 2484
1176 2645
1177 2564
1178 2709
1179 2674
1180 2734
1181 2543
1182 2473
1183 2487
1184 2495
1185 2509
1186 2329
1187 2298
1188 2132
1189 2233
1190 2339
1191 2399
1192 2602
1193 2654
1194 2788
1195 2641
1196 2446
1197 2261
1198 2279
1199 2146
1200 2266
1201 2516
1202 2799
1203 2869
1204 3163
1205 3037
1206 2834
1207 2826
1208 2860
1209 2764
1210 3043
1211 3114
1212 2894
1213 2792
1214 2651
1215 2635
1216 2563
1217 2766
1218 2795
1219 2837
1220 2854
1221 2828
1222 2958
1223 3151
1224 2987
1225 3045
1226 3258
1227 3121
1228 3271
1229 3248
1230 3219
1231 3428
1232 3615
1233 3885
1234 4063
1235 4227
1236 4252
1237 4381
1238 4333
1239 4313
1240 4481
1241 4387
1242 4442
1243 4536
1244 4705
1245 4671
1246 4298
1247 4137
1248 4156
1249 4419
1250 4363
1251 4300
1252 4451
1253 4462
1254 4561
1255 4526
1256 4519
1257 4490
1258 4589
1259 4784
1260 4815
1261 4836
1262 4754
1263 4766
1264 4714
1265 4665
1266 4733
1267 4618
1268 4720
1269 4686
1270 4683
1271 4597
1272 4717
1273 4982
1274 4973
1275 4964
1276 5193
1277 5354
1278 5568
1279 5643
1280 5773
1281 5791
1282 5912
1283 5803
1284 5841
1285 5853
1286 5803
1287 5870
1288 5898
1289 5955
1290 5904
1291 5920
1292 5871
1293 5872
1294 5888
1295 5845
1296 5878
1297 5922
1298 5948
1299 6207
1300 6036
1301 5761
1302 6147
1303 6313
1304 6369
1305 6121
1306 6009
1307 5614
1308 5643
1309 5508
1310 5448
1311 5557
1312 5466
1313 5395
1314 5268
1315 5231
1316 5279
1317 5167
1318 5079
1319 4946
1320 4898
1321 5054
1322 5062
1323 5034
1324 5111
1325 5187
1326 5201
1327 5294
1328 5378
1329 5507
1330 5482
1331 5536
1332 5483
1333 5427
1334 5430
1335 5486
1336 5454
1337 5614
1338 5486
1339 5552
1340 5321
1341 5437
1342 5420
1343 5340
1344 5150
1345 5297
1346 5426
1347 5318
1348 5362
1349 5361
1350 5189
1351 5317
1352 5218
1353 5148
1354 5204
1355 5288
1356 5252
1357 5325
1358 5213
1359 5121
1360 5042
1361 5146
1362 5103
1363 5130
1364 5088
1365 5266
1366 5197
1367 5138
1368 5236
1369 5197
1370 5174
1371 5045
1372 5076
1373 4974
1374 5018
1375 5064
1376 5396
1377 5347
1378 5162
1379 5314
1380 5378
1381 5556
1382 5470
1383 5534
1384 5533
1385 5638
1386 5718
1387 5598
1388 5688
1389 5740
1390 5832
1391 5795
1392 5651
1393 5925
1394 6159
1395 6156
1396 5810
1397 5760
1398 5725
1399 5512
1400 5386
1401 5357
1402 5108
1403 5060
1404 5284
1405 5095
1406 5098
1407 5038
1408 4952
1409 4972
1410 5080
1411 5108
1412 5089
1413 5117
1414 5085
1415 5157
1416 5384
1417 5375
1418 5237
1419 5122
1420 5191
1421 5290
1422 5403
1423 5257
1424 5328
1425 5455
1426 5492
1427 5579
1428 5361
1429 5351
1430 5473
1431 5581
1432 5443
1433 5240
1434 5394
1435 5319
1436 5450
1437 5474
1438 5445
1439 5385
1440 5570
1441 5811
1442 5709
1443 5821
1444 6017
1445 5901
1446 5987
1447 5939
1448 6206
1449 6244
1450 6086
1451 6026
1452 6012
1453 6084
1454 6331
1455 6265
1456 6352
1457 6521
1458 6817
1459 6786
1460 6975
1461 7072
1462 7023
1463 7116
1464 7322
1465 7272
1466 7566
1467 7603
1468 7458
1469 7336
1470 7623
1471 7691
1472 7791
1473 7953
1474 7852
1475 8020
1476 8044
1477 7852
1478 7965
1479 8044
1480 8039
1481 8247
1482 8123
1483 8302
1484 8327
1485 8210
1486 8256
1487 8421
1488 8212
1489 8328
1490 8459
1491 8467
1492 8476
1493 8358
1494 8442
1495 8445
1496 8755
1497 8665
1498 8964
1499 8939
1500 9099
1501 9006
1502 8981
1503 8945
1504 9259
1505 9204
1506 9260
1507 9351
1508 9518
1509 9511
1510 9686
1511 9826
1512 9679
1513 9663
1514 9734
1515 9624
1516 9777
1517 9808
1518 9653
1519 9718
1520 9478
1521 9343
1522 9525
1523 9313
1524 9014
1525 9070
1526 9125
1527 9111
1528 9211
1529 9419
1530 9550
1531 9568
1532 9639
1533 9534
1534 9394
1535 9446
1536 9651
1537 9838
1538 9808
1539 9505
1540 9597
1541 9720
1542 9855
1543 9845
1544 9896
1545 9773
1546 9843
1547 9715
1548 9801
1549 164
1550 9946
1551 190
1552 244
1553 416
1554 509
1555 617
1556 640
1557 477
1558 211
1559 80
1560 58
1561 94
1562 331
1563 81
1564 9945
1565 20
1566 9829
1567 9924
1568 65
1569 466
1570 499
1571 484
1572 252
1573 442
1574 221
1575 237
1576 47
1577 129
1578 179
1579 143
1580 92
1581 356
1582 304
1583 556
1584 255
1585 101
1586 69
1587 385
1588 369
1589 787
1590 974
1591 1056
1592 1229
1593 1228
1594 1120
1595 1217
1596 1201
1597 1075
1598 914
1599 617
1600 702
1601 791
1602 733
1603 626
1604 977
1605 1251
1606 1253
1607 1127
1608 1386
1609 1436
1610 1617
1611 1823
1612 2264
1613 1939
1614 1916
1615 1773
1616 1821
1617 1779
1618 1972
1619 1836
1620 1655
1621 1653
1622 1785
1623 1719
1624 1836
1625 1698
1626 1447
1627 1568
1628 1710
1629 2022
1630 1826
1631 1918
1632 1894
1633 1800
1634 1809
1635 2066
1636 2198
1637 2263
1638 2217
1639 2147
1640 2039
1641 1998
1642 1878
1643 1694
1644 1751
1645 1701
1646 1832
1647 2111
1648 2213
1649 2223
1650 1939
1651 1892
1652 2001
1653 2294
1654 2394
1655 2681
1656 2616
1657 2606
1658 2725
1659 2652
1660 2770
1661 2631
1662 2400
1663 2416
1664 2460
1665 2594
1666 2747
1667 2651
1668 2989
1669 3084
1670 2948
1671 3042
1672 2981
1673 3219
1674 3165
1675 3201
1676 3624
1677 3473
1678 2875
1679 2798
1680 2883
1681 2722
1682 2915
1683 2671
1684 2595
1685 2528
1686 2508
1687 2906
1688 2822
1689 2559
1690 2809
1691 2561
1692 2461
1693 2448
1694 2316
1695 2561
1696 2361
1697 2306
1698 2400
1699 2304
1700 2111
1701 2317
1702 2533
1703 2620
1704 2746
1705 2768
1706 3025
1707 3120
1708 2920
1709 3093
1710 2842
1711 2720
1712 2940
1713 2899
1714 3168
1715 3388
1716 3180
1717 3422
1718 3499
1719 3544
1720 3623
1721 4003
1722 3893
1723 3908
1724 3752
1725 4040
1726 3891
1727 4016
1728 4118
1729 4249
1730 4320
1731 4424
1732 4802
1733 4777
1734 4550
1735 4271
1736 4228
1737 4497
1738 4565
1739 4679
1740 4549
1741 4547
1742 4564
1743 4528
1744 4530
1745 4776
1746 4909
1747 4929
1748 5204
1749 5292
1750 5427
1751 5443
1752 5460
1753 5486
1754 5683
1755 5820
1756 5653
1757 5631
1758 5734
1759 5739
1760 5818
1761 5806
1762 5822
1763 5609
1764 5703
1765 5678
1766 5584
1767 5368
1768 5226
1769 5146
1770 4967
1771 4850
1772 4854
1773 4673
1774 4402
1775 4616
1776 4132
1777 4415
1778 4444
1779 4370
1780 4161
1781 4262
1782 4485
1783 4513
1784 4406
1785 4418
1786 4504
1787 4409
1788 4608
1789 4596
1790 4857
1791 5120
1792 5295
1793 5258
1794 5034
1795 4992
1796 4886
1797 5123
1798 5159
1799 5051
1800 5069
1801 5188
1802 5316
1803 5390
1804 5275
1805 5272
1806 5250
1807 5109
1808 4887
1809 5086
1810 5279
1811 5166
1812 5035
1813 5193
1814 5268
1815 5223
1816 5425
1817 5092
1818 5369
1819 5155
1820 4999
1821 5198
1822 5217
1823 5183
1824 5104
1825 5173
1826 5399
1827 5628
1828 5768
1829 5724
1830 5668
1831 5604
1832 5707
1833 5970
1834 6036
1835 6278
1836 6350
1837 6422
1838 6383
1839 6452
1840 6182
1841 6205
1842 6373
1843 6466
1844 6711
1845 6687
1846 6419
1847 6471
1848 6391
1849 6443
1850 6415
1851 6197
1852 6070
1853 6340
1854 6240
1855 6264
1856 6635
1857 6662
1858 6408
1859 6624
1860 6415
1861 6337
1862 6239
1863 6394
1864 6424
1865 6654
1866 6765
1867 6853
1868 6820
1869 7013
1870 6761
1871 6865
1872 7073
1873 7027
1874 7048
1875 7124
1876 7145
1877 7270
1878 7243
1879 7187
1880 7016
1881 7212
1882 7173
1883 6966
1884 7110
1885 7329
1886 7435
1887 7485
1888 7733
1889 7845
1890 8050
1891 8331
1892 8035
1893 8012
1894 7811
1895 7759
1896 7789
1897 7669
1898 7935
1899 7735
1900 7972
1901 8217
1902 8179
1903 8202
1904 8341
1905 8294
1906 8591
1907 8362
1908 8124
1909 8491
1910 8424
1911 8445
1912 8642
1913 8753
1914 8274
1915 8200
1916 8406
1917 8741
1918 8527
1919 8444
1920 8648
1921 8460
1922 8538
1923 8478
1924 8476
1925 8538
1926 8415
1927 8429
1928 8466
1929 8711
1930 8589
1931 8805
1932 8565
1933 8527
1934 8956
1935 8831
1936 8720
1937 8935
1938 8964
1939 8954
1940 8729
1941 8777
1942 8741
1943 8888
1944 8793
1945 8860
1946 9263
1947 9251
1948 9354
1949 9259
1950 9409
1951 9284
1952 9123
1953 9151
1954 9165
1955 8861
1956 9016
1957 9264
1958 9224
1959 9240
1960 9270
1961 9363
1962 9494
1963 9220
1964 9136
1965 9358
1966 9145
1967 9427
1968 9457
1969 9148
1970 9140
1971 9084
1972 8821
1973 9048
1974 8883
1975 8950
1976 8954
1977 9155
1978 9430
1979 9566
1980 9548
1981 9788
1982 9942
1983 9748
1984 9818
1985 54
1986 68
1987 349
1988 408
1989 980
1990 917
1991 1187
1992 1512
1993 1455
1994 1459
1995 1523
1996 1597
1997 1721
1998 1733
1999 1589
2000 1656
2001 1772
2002 1707
2003 1829
2004 2003
2005 2175
2006 2290
2007 2452
2008 2427
2009 2581
2010 2593
2011 2859
2012 2726
2013 2656
2014 2828
2015 2849
2016 3019
2017 2950
2018 2801
2019 3281
2020 3177
2021 3363
2022 3484
2023 3256
2024 3093
2025 3093
2026 2972
2027 2824
2028 2944
2029 3069
2030 3857
2031 3742
2032 3743
2033 3421
2034 3582
2035 3482
2036 3706
2037 3787
2038 3725
2039 3880
2040 3790
2041 3744
2042 3943
2043 3789
2044 3530
2045 3378
2046 3222
2047 3442
2048 3573
2049 3480
2050 3500
2051 3197
2052 2960
2053 3129
2054 3390
2055 3223
2056 3617
2057 3667
2058 3500
2059 4005
2060 4086
2061 4334
2062 4487
2063 4525
2064 4559
2065 4800
2066 4874
2067 4298
2068 4121
2069 4305
2070 4583
2071 4408
2072 4687
2073 4621
2074 4582
2075 4533
2076 4316
2077 4621
2078 4753
2079 4707
2080 4580
2081 4460
2082 4987
2083 4812
2084 5061
2085 5000
2086 4947
2087 4832
2088 4933
2089 5163
2090 5032
2091 4618
2092 4687
2093 4776
2094 4268
2095 4810
2096 4826
2097 4764
2098 4584
2099 4600
2100 4680
2101 5115
2102 5208
2103 5421
2104 5416
2105 5568
2106 5656
2107 5632
2108 5768
2109 5469
2110 5222
2111 4877
2112 5338
2113 5613
2114 5290
2115 5686
2116 5952
2117 5707
2118 6368
2119 6389
2120 6620
2121 7099
2122 6951
2123 6999
2124 6957
2125 6904
2126 6826
2127 6274
2128 6389
2129 6450
2130 6369
2131 6164
2132 6234
2133 6372
2134 6500
2135 6639
2136 6704
2137 6382
2138 6361
2139 6292
2140 6364
2141 6328
2142 6696
2143 6717
2144 6853
2145 6900
2146 7063
2147 6861
2148 6523
2149 6522
2150 6707
2151 6608
2152 6608
2153 6890
2154 6832
2155 6505
2156 6289
2157 6386
2158 6330
2159 6461
2160 6265
2161 6269
2162 6350
2163 6818
2164 6750
2165 6718
2166 6824
2167 6810
2168 6497
2169 6584
2170 6729
2171 6619
2172 6366
2173 6434
2174 6330
2175 6206
2176 5981
2177 5817
2178 5817
2179 5575
2180 5665
2181 5548
2182 5645
2183 5351
2184 5285
2185 5388
2186 5478
2187 5456
2188 5217
2189 5249
2190 5336
2191 5467
2192 5554
2193 5581
2194 5656
2195 6044
2196 6214
2197 6663
2198 6804
2199 6747
2200 6682
2201 6901
2202 6890
2203 6613
2204 6822
2205 7003
2206 6951
2207 6715
2208 6204
2209 6289
2210 6120
2211 5996
2212 5642
2213 5753
2214 5540
2215 5174
2216 4976
2217 4784
2218 4891
2219 5042
2220 5130
2221 5599
2222 5589
2223 5544
2224 6028
2225 6003
2226 5850
2227 5868
2228 5862
2229 5978
2230 6362
2231 6306
2232 6517
2233 6387
2234 6110
2235 6398
2236 6150
2237 6355
2238 6406
2239 6558
2240 6601
2241 6553
2242 6750
2243 6945
2244 7008
2245 7170
2246 6725
2247 7005
2248 6839
2249 6668
2250 6214
2251 6419
2252 6447
2253 6570
2254 6642
2255 6759
2256 6725
2257 6726
2258 6772
2259 6904
2260 7077
2261 7154
2262 7459
2263 7009
2264 7202
2265 7551
2266 7535
2267 7856
2268 7862
2269 7990
2270 7940
2271 7880
2272 8056
2273 8059
2274 8135
2275 8062
2276 8234
2277 8027
2278 7896
2279 7930
2280 8076
2281 7938
2282 7726
2283 7644
2284 7559
2285 7527
2286 7759
2287 7770
2288 7516
2289 7808
2290 7585
2291 7803
2292 7883
2293 7600
2294 7960
2295 7956
2296 7848
2297 7872
2298 7747
2299 7531
2300 7789
2301 7887
2302 7822
2303 7519
2304 7325
2305 7829
2306 7656
2307 7822
2308 7459
2309 7450
2310 7548
2311 7699
2312 7884
2313 8043
2314 7965
2315 7843
2316 7797
2317 7542
2318 7462
2319 7864
2320 7786
2321 7781
2322 7937
2323 7653
2324 7842
2325 8144
2326 8412
2327 8235
2328 8014
2329 7746
2330 7997
2331 8630
2332 8406
2333 8506
2334 8742
2335 8397
2336 8511
2337 8684
2338 8703
2339 8448
2340 8524
2341 8505
2342 8265
2343 7875
2344 7908
2345 7671
2346 7635
2347 7782
2348 7668
2349 7435
2350 7337
2351 7398
2352 7596
2353 7491
2354 7527
2355 7504
2356 7691
2357 7472
2358 7546
2359 7637
2360 7696
2361 7335
2362 7505
2363 7615
2364 7605
2365 7442
2366 7447
2367 7063
2368 7089
2369 7316
2370 7234
2371 7320
2372 7265
2373 7024
2374 7074
2375 6907
2376 7006
2377 6951
2378 7057
2379 6698
2380 6800
2381 6704
2382 6685
2383 6360
2384 6385
2385 6634
2386 6470
2387 6321
2388 6078
2389 6304
2390 6785
2391 6835
2392 6755
2393 7191
2394 7265
2395 7346
2396 7457
2397 7599
2398 7464
2399 7715
2400 7653
2401 7945
2402 7867
2403 8113
2404 8172
2405 7723
2406 7914
2407 7827
2408 7812
2409 7594
2410 7743
2411 8178
2412 8355
2413 8595
2414 8901
2415 8799
2416 8591
2417 8802
2418 9082
2419 9098
2420 9405
2421 9613
2422 9648
2423 9649
2424 9637
2425 14
2426 9715
2427 9766
2428 9474
2429 9734
2430 9671
2431 9864
2432 9793
2433 9789
2434 9679
2435 0
2436 254
2437 46
2438 228
2439 10
2440 9967
2441 9248
2442 9421
2443 9486
2444 9641
2445 285
2446 0
2447 7
2448 9662
2449 9575
2450 9588
2451 9268
2452 9268
2453 9234
2454 9196
2455 9445
2456 9533
2457 3
2458 9867
2459 9830
2460 9936
2461 9827
2462 9751
2463 9537
2464 9165
2465 9114
2466 8702
2467 8694
2468 9161
2469 9458
2470 9467
2471 9131
2472 9076
2473 9159
2474 9261
2475 9342
2476 9275
2477 9119
2478 9218
2479 9208
2480 9299
2481 9169
2482 9086
2483 8772
2484 8571
2485 8251
2486 8314
2487 8465
2488 8555
2489 8932
2490 9104
2491 9388
2492 9488
2493 9745
2494 70
2495 9931
2496 9940
2497 9817
2498 9971
2499 9997
2500 436
2501 322
2502 60
2503 9977
2504 9918
2505 9811
2506 26
2507 9929
2508 57
2509 352
2510 609
2511 611
2512 471
2513 423
2514 421
2515 475
2516 594
2517 792
2518 1088
2519 1148
2520 763
2521 541
2522 416
2523 406
2524 246
2525 477
2526 1082
2527 913
2528 1193
2529 954
2530 972
2531 1765
2532 2274
2533 2179
2534 2042
2535 1663
2536 1271
2537 1244
2538 953
2539 1059
2540 1110
2541 777
2542 1484
2543 1567
2544 1410
2545 1752
2546 1760
2547 1996
2548 2002
2549 2708
2550 2759
2551 2654
2552 2579
2553 2518
2554 2523
2555 2556
2556 2302
2557 2006
2558 1940
2559 1968
2560 2300
2561 2398
2562 2476
2563 2168
2564 2339
2565 2253
2566 2207
2567 2195
2568 2271
2569 2254
2570 2376
2571 2323
2572 2329
2573 2272
2574 2146
2575 2347
2576 2243
2577 2507
2578 2580
2579 2985
2580 3080
2581 3173
2582 3495
2583 3800
2584 4102
2585 3865
2586 3687
2587 3459
2588 3604
2589 3280
2590 3413
2591 3365
2592 3559
2593 3053
2594 2803
2595 2727
2596 2853
2597 2645
2598 2650
2599 3125
2600 3318
2601 2959
2602 3046
2603 2788
2604 3023
2605 3033
2606 2978
2607 2959
2608 3017
2609 2884
2610 2699
2611 2380
2612 2339
2613 2301
2614 2582
2615 2431
2616 2518
2617 2612
2618 2397
2619 2537
2620 2639
2621 2573
2622 2478
2623 2214
2624 2273
2625 2044
2626 2060
2627 2385
2628 2465
2629 2425
2630 2137
2631 1971
2632 1921
2633 1946
2634 2108
2635 2332
2636 2408
2637 2458
2638 2536
2639 2317
2640 2328
2641 2285
2642 2201
2643 2232
2644 2450
2645 2818
2646 3433
2647 3573
2648 3493
2649 3579
2650 3948
2651 3894
2652 4007
2653 4235
2654 3848
2655 3791
2656 3714
2657 3910
2658 3617
2659 3431
2660 3860
2661 4122
2662 4103
2663 4357
2664 4439
2665 4445
2666 4066
2667 4279
2668 4210
2669 4455
2670 4189
2671 4233
2672 4248
2673 4191
2674 3991
2675 3652
2676 3456
2677 3695
2678 3522
2679 3590
2680 3286
2681 3443
2682 3415
2683 3179
2684 3441
2685 3489
2686 3393
2687 3277
2688 3977
2689 4043
2690 3776
2691 4160
2692 4540
2693 4562
2694 4528
2695 4623
2696 4304
2697 4380
2698 4777
2699 4560
2700 4620
2701 4490
2702 4889
2703 4536
2704 4568
2705 4741
2706 4978
2707 5414
2708 4959
2709 5260
2710 5532
2711 5527
2712 5752
2713 5878
2714 5807
2715 5708
2716 5637
2717 5662
2718 6004
2719 6079
2720 5858
2721 5739
2722 5732
2723 5511
2724 5756
2725 5539
2726 5391
2727 5539
2728 5449
2729 5289
2730 5057
2731 5249
2732 5043
2733 5334
2734 5338
2735 5310
2736 5384
2737 4983
2738 4996
2739 5178
2740 5469
2741 5410
2742 5633
2743 5828
2744 5946
2745 6075
2746 5931
2747 5950
2748 5912
2749 6469
2750 6615
2751 6772
2752 6856
2753 6547
2754 6442
2755 6327
2756 6181
2757 5866
2758 5720
2759 5543
2760 5971
2761 5585
2762 5683
2763 5761
2764 5772
2765 5760
2766 5731
2767 5884
2768 6234
2769 6440
2770 6574
2771 7106
2772 7070
2773 6931
2774 6897
2775 6470
2776 6302
2777 6155
2778 5847
2779 6048
2780 5721
2781 5872
2782 6028
2783 6177
2784 6118
2785 6306
2786 6547
2787 6808
2788 6972
2789 7411
2790 7970
2791 7783
2792 8280
2793 7759
2794 7279
2795 7373
2796 7302
2797 7164
2798 7546
2799 7623
2800 7686
2801 7682
2802 7296
2803 7335
2804 7366
2805 7501
2806 7619
2807 7422
2808 7601
2809 7999
2810 8095
2811 8582
2812 8477
2813 8570
2814 8503
2815 8280
2816 8307
2817 8241
2818 7938
2819 7872
2820 8316
2821 8454
2822 8223
2823 7856
2824 7625
2825 7816
2826 7932
2827 8144
2828 8249
2829 8173
2830 7894
2831 8045
2832 7959
2833 7805
2834 8022
2835 8225
2836 8270
2837 8667
2838 8838
2839 8593
2840 8365
2841 8293
2842 8421
2843 8651
2844 8603
2845 8720
2846 8990
2847 8892
2848 9057
2849 8704
2850 8408
2851 8257
2852 8278
2853 8229
2854 8657
2855 8775
2856 8804
2857 9161
2858 9225
2859 8866
2860 8773
2861 8549
2862 9051
2863 9225
2864 9119
2865 9734
2866 9884
2867 92
2868 325
2869 158
2870 261
2871 241
2872 9936
2873 276
2874 32
2875 9507
2876 9221
2877 9105
2878 8686
2879 8962
2880 9035
2881 8931
2882 8871
2883 8969
2884 8572
2885 8573
2886 8616
2887 8666
2888 8781
2889 9072
2890 9112
2891 9030
2892 9460
2893 9483
2894 9683
2895 9522
2896 9712
2897 9563
2898 9663
2899 9850
2900 9479
2901 9157
2902 9136
2903 9564
2904 9661
2905 9613
2906 9930
2907 9634
2908 9466
2909 9674
2910 9797
2911 449
2912 707
2913 946
2914 822
2915 674
2916 1011
2917 917
2918 1154
2919 1045
2920 1051
2921 1142
2922 1111
2923 816
2924 922
2925 1008
2926 1057
2927 1144
2928 1244
2929 915
2930 1267
2931 1523
2932 1464
2933 1740
2934 1811
2935 1872
2936 2241
2937 2562
2938 2299
2939 2275
2940 2503
2941 2864
2942 2833
2943 3002
2944 3175
2945 3114
2946 3502
2947 3580
2948 3826
2949 3501
2950 3358
2951 3422
2952 3570
2953 3931
2954 3944
2955 3666
2956 3613
2957 3423
2958 3212
2959 3108
2960 3077
2961 3124
2962 3063
2963 3083
2964 3017
2965 3070
2966 3123
2967 3134
2968 3364
2969 3570
2970 4036
2971 4076
2972 4432
2973 4645
2974 4729
2975 4466
2976 4249
2977 4115
2978 3925
2979 4153
2980 4084
2981 4198
2982 4293
2983 3916
2984 3796
2985 3771
2986 3503
2987 3444
2988 3815
2989 3720
2990 3570
2991 3639
2992 3588
2993 3381
2994 3370
2995 3507
2996 3785
2997 3820
2998 3823
2999 3560
3000 3737
3001 3597
3002 3245
3003 3014
3004 3013
3005 3015
3006 2767
3007 2979
3008 2866
3009 2666
3010 3086
3011 3588
3012 3399
3013 3623
3014 3566
3015 3125
3016 3519
3017 3370
3018 3324
3019 3069
3020 3165
3021 2952
3022 2942
3023 3376
3024 3583
3025 3671
3026 3857
3027 3380
3028 3533
3029 3292
3030 3170
3031 3537
3032 3018
3033 2957
3034 2658
3035 2525
3036 2396
3037 2202
3038 2146
3039 1866
3040 2081
3041 2151
3042 2557
3043 2393
3044 2426
3045 2769
3046 2847
3047 2856
3048 3014
3049 2945
3050 2966
3051 3089
3052 2677
3053 2857
3054 2860
3055 2730
3056 3206
3057 2984
3058 3354
3059 3232
3060 3483
3061 3841
3062 3479
3063 3565
3064 3389
3065 3525
3066 3662
3067 3686
3068 3996
3069 3981
3070 3819
3071 3711
3072 3479
3073 3611
3074 3431
3075 3579
3076 3248
3077 3500
3078 2993
3079 2715
3080 2776
3081 2609
3082 2684
3083 3158
3084 2921
3085 2918
3086 2973
3087 3100
3088 2971
3089 3039
3090 3061
3091 3308
3092 3502
3093 3449
3094 3356
3095 2791
3096 2351
3097 2571
3098 2385
3099 2559
3100 2263
3101 1784
3102 1758
3103 1963
3104 2246
3105 2375
3106 1814
3107 1604
3108 1793
3109 1700
3110 1469
3111 1841
3112 1834
3113 1786
3114 1642
3115 1719
3116 1998
3117 2209
3118 2125
3119 1700
3120 1461
3121 1495
3122 1681
3123 1649
3124 1402
3125 1568
3126 1625
3127 1514
3128 1460
3129 1512
3130 1496
3131 1426
3132 1561
3133 976
3134 604
3135 265
3136 294
3137 139
3138 79
3139 161
3140 23
3141 109
3142 9789
3143 9876
3144 9724
3145 9765
3146 9570
3147 9357
3148 9204
3149 9314
3150 9317
3151 9346
3152 59
3153 587
3154 381
3155 317
3156 267
3157 341
3158 9892
3159 9923
3160 43
3161 201
3162 367
3163 243
3164 217
3165 201
3166 518
3167 635
3168 824
3169 891
3170 1281
3171 1161
3172 1487
3173 2098
3174 1924
3175 2317
3176 2421
3177 2442
3178 2864
3179 3013
3180 2809
3181 2657
3182 2947
3183 3215
3184 3095
3185 2985
3186 3105
3187 3105
3188 3108
3189 3186
3190 3104
3191 3041
3192 2902
3193 2594
3194 2379
3195 2072
3196 1984
3197 1836
3198 1820
3199 1891
3200 2012
3201 1902
3202 2130
3203 2114
3204 2200
3205 2002
3206 1961
3207 1977
3208 2088
3209 1685
3210 1740
3211 1652
3212 1550
3213 1561
3214 1506
3215 1725
3216 1797
3217 1601
3218 1675
3219 1533
3220 1589
3221 1651
3222 1547
3223 1407
3224 1414
3225 1421
3226 1854
3227 1404
3228 1433
3229 1616
3230 1757
3231 1394
3232 1318
3233 1899
3234 1747
3235 1985
3236 2212
3237 2249
3238 2362
3239 2793
3240 2779
3241 2734
3242 2638
3243 2547
3244 2534
3245 2297
3246 2327
3247 2438
3248 2447
3249 2084
3250 2014
3251 1743
3252 1557
3253 1237
3254 999
3255 897
3256 687
3257 1066
3258 873
3259 549
3260 267
3261 431
3262 221
3263 216
3264 73
3265 191
3266 9976
3267 234
3268 384
3269 537
3270 261
3271 9783
3272 9602
3273 9665
3274 9498
3275 9569
3276 9418
3277 9226
3278 9653
3279 9708
3280 9619
3281 9823
3282 184
3283 254
3284 270
3285 183
3286 25
3287 9640
3288 9948
3289 9946
3290 9659
3291 9394
3292 9590
3293 9641
3294 9745
3295 9633
3296 9674
3297 9953
3298 2
3299 74
3300 219
3301 315
3302 288
3303 176
3304 150
3305 9861
3306 9660
3307 9781
3308 9824
3309 9768
3310 9881
3311 140
3312 173
3313 437
3314 435
3315 317
3316 367
3317 213
3318 178
3319 349
3320 399
3321 722
3322 791
3323 661
3324 286
3325 209
3326 34
3327 113
3328 121
3329 162
3330 354
3331 577
3332 886
3333 901
3334 1148
3335 1525
3336 2133
3337 1666
3338 1559
3339 1676
3340 1531
3341 1545
3342 1529
3343 1547
3344 1341
3345 1142
3346 1303
3347 1101
3348 1260
3349 1302
3350 1426
3351 1020
3352 901
3353 779
3354 447
3355 417
3356 227
3357 633
3358 850
3359 905
3360 893
3361 1176
3362 740
3363 1264
3364 1412
3365 1386
3366 1192
3367 1134
3368 1244
3369 1273
3370 1120
3371 1309
3372 1060
3373 1127
3374 1431
3375 1903
3376 1822
3377 1834
3378 1999
3379 2376
3380 2335
3381 2367
3382 2569
3383 2768
3384 2781
3385 2559
3386 2497
3387 2559
3388 2440
3389 2844
3390 2631
3391 2544
3392 2409
3393 2903
3394 3189
3395 3435
3396 3620
3397 3237
3398 3368
3399 3367
3400 3456
3401 3771
3402 4094
3403 4150
3404 4660
3405 5061
3406 5283
3407 5351
3408 5235
3409 5189
3410 5171
3411 5310
3412 5254
3413 5539
3414 5493
3415 5714
3416 5347
3417 5395
3418 5276
3419 5392
3420 5289
3421 5148
3422 5119
3423 4979
3424 5007
3425 5176
3426 4872
3427 5434
3428 5611
3429 5971
3430 6023
3431 6223
3432 6727
3433 6244
3434 6444
3435 6607
3436 6459
3437 6497
3438 6546
3439 6625
3440 6620
3441 6603
3442 6070
3443 6279
3444 6237
3445 6281
3446 6342
3447 6439
3448 6505
3449 6174
3450 6189
3451 6708
3452 6699
3453 6808
3454 6648
3455 6391
3456 6385
3457 6579
3458 6798
3459 6672
3460 6479
3461 6240
3462 6029
3463 5866
3464 5738
3465 5612
3466 5792
3467 5545
3468 5494
3469 5630
3470 5832
3471 6081
3472 5996
3473 6112
3474 5773
3475 6031
3476 5868
3477 6088
3478 6104
3479 5939
3480 5943
3481 6214
3482 6790
3483 6789
3484 6865
3485 6407
3486 6396
3487 6487
3488 6391
3489 6443
3490 6133
3491 5979
3492 6040
3493 5731
3494 5468
3495 5591
3496 5562
3497 5250
3498 5441
3499 5419
3500 5446
3501 4986
3502 5116
3503 4572
3504 4622
3505 4672
3506 4826
3507 4750
3508 4916
3509 4803
3510 5199
3511 5318
3512 5428
3513 5469
3514 5721
3515 5833
3516 5656
3517 6081
3518 5852
3519 5558
3520 5675
3521 4842
3522 4770
3523 5009
3524 4685
3525 4558
3526 4624
3527 4385
3528 4572
3529 4654
3530 5047
3531 4973
3532 5226
3533 5084
3534 5281
3535 4987
3536 5207
3537 5195
3538 5172
3539 5273
3540 4871
3541 5551
3542 5580
3543 5783
3544 6027
3545 5928
3546 6597
3547 6515
3548 6591
3549 6260
3550 6288
3551 6395
3552 6760
3553 6671
3554 6660
3555 6462
3556 6243
3557 5862
3558 5894
3559 5952
3560 5821
3561 5580
3562 5724
3563 5889
3564 5804
3565 5819
3566 5808
3567 5415
3568 5085
3569 5091
3570 5035
3571 5398
3572 5353
3573 5267
3574 4649
3575 4321
3576 4393
3577 4859
3578 4606
3579 5026
3580 4975
3581 4856
3582 4685
3583 4586
3584 4653
3585 5406
3586 5449
3587 5489
3588 5471
3589 5018
3590 4692
3591 4819
3592 4843
3593 5129
3594 5201
3595 4740
3596 4676
3597 4241
3598 4219
3599 4004
3600 3916
3601 3385
3602 3188
3603 3199
3604 3504
3605 3511
3606 4023
3607 4107
3608 3946
3609 3949
3610 3906
3611 3855
3612 4052
3613 3560
3614 3293
3615 3448
3616 3675
3617 3998
3618 3790
3619 3560
3620 2971
3621 3625
3622 3421
3623 2998
3624 2492
3625 2210
3626 2233
3627 2452
3628 2159
3629 1896
3630 2078
3631 1830
3632 1707
3633 1635
3634 1870
3635 1680
3636 1305
3637 1287
3638 1482
3639 1825
3640 1983
3641 1881
3642 2061
3643 2305
3644 2305
3645 2898
3646 2665
3647 2234
3648 2425
3649 2632
3650 2810
3651 2515
3652 2240
3653 2190
3654 2552
3655 2763
3656 2586
3657 2738
3658 2953
3659 3368
3660 3663
3661 3391
3662 3985
3663 4341
3664 4622
3665 4472
3666 4604
3667 4964
3668 4898
3669 5143
3670 4874
3671 4774
3672 4904
3673 4878
3674 4842
3675 4981
3676 4524
3677 5305
3678 4809
3679 4912
3680 4804
3681 4833
3682 4668
3683 5137
3684 5674
3685 4962
3686 4849
3687 4981
3688 4900
3689 5099
3690 4876
3691 4482
3692 4232
3693 4169
3694 3801
3695 3836
3696 4132
3697 3864
3698 3676
3699 4207
3700 4754
3701 4421
3702 4585
3703 4147
3704 4375
3705 4522
3706 4357
3707 4771
3708 4743
3709 4712
3710 5063
3711 5012
3712 5256
3713 5420
3714 5121
3715 5057
3716 5096
3717 4804
3718 4867
3719 4793
3720 5021
3721 5005
3722 5347
3723 5221
3724 4723
3725 4616
3726 4264
3727 4353
3728 4177
3729 4441
3730 4213
3731 4029
3732 4030
3733 4426
3734 4011
3735 3944
3736 4138
3737 4071
3738 4233
3739 4356
3740 5064
3741 5128
3742 4720
3743 4903
3744 4544
3745 4381
3746 4748
3747 4778
3748 4978
3749 4898
3750 4718
3751 4809
3752 4725
3753 4974
3754 5362
3755 5510
3756 5771
3757 5756
3758 5666
3759 5371
3760 5357
3761 5608
3762 5650
3763 5951
3764 6281
3765 6088
3766 5745
3767 5855
3768 5300
3769 5151
3770 5315
3771 5483
3772 5364
3773 5166
3774 5183
3775 5111
3776 4981
3777 5062
3778 5309
3779 5420
3780 5333
3781 5232
3782 5338
3783 5578
3784 5537
3785 5432
3786 6031
3787 5909
3788 5652
3789 5906
3790 6544
3791 6819
3792 6325
3793 6457
3794 6212
3795 6029
3796 6105
3797 6200
3798 6253
3799 6123
3800 6071
3801 6396
3802 6441
3803 6691
3804 6789
3805 6955
3806 7123
3807 7299
3808 7382
3809 7490
3810 7521
3811 7097
3812 6897
3813 7649
3814 7228
3815 7304
3816 7686
3817 7605
3818 7292
3819 7355
3820 7453
3821 7715
3822 7816
3823 7829
3824 7733
3825 7838
3826 7727
3827 7695
3828 8012
3829 7539
3830 7610
3831 7560
3832 7272
3833 6646
3834 6217
3835 6148
3836 6194
3837 6236
3838 5996
3839 6376
3840 6040
3841 6320
3842 6181
3843 5863
3844 5757
3845 6447
3846 7037
3847 7123
3848 7338
3849 7797
3850 7768
3851 7701
3852 8101
3853 8134
3854 8903
3855 9497
3856 9542
3857 9790
3858 108
3859 245
3860 839
3861 1428
3862 1542
3863 1466
3864 961
3865 1113
3866 1386
3867 1179
3868 1223
3869 1619
3870 1702
3871 1417
3872 1364
3873 1154
3874 1292
3875 1791
3876 2222
3877 2290
3878 2411
3879 2340
3880 1966
3881 1837
3882 1813
3883 2017
3884 2245
3885 2483
3886 2548
3887 2459
3888 2443
3889 2328
3890 2198
3891 1821
3892 1502
3893 956
3894 856
3895 1322
3896 1011
3897 1134
3898 1445
3899 786
3900 757
3901 399
3902 414
3903 336
3904 743
3905 699
3906 742
3907 1000
3908 1450
3909 1317
3910 1362
3911 1604
3912 2060
3913 2586
3914 2531
3915 2575
3916 2536
3917 2654
3918 2093
3919 1993
3920 1908
3921 1733
3922 1556
3923 1449
3924 1543
3925 1134
3926 1476
3927 1856
3928 1744
3929 1367
3930 1196
3931 1103
3932 738
3933 917
3934 1306
3935 1658
3936 1447
3937 1763
3938 1803
3939 2142
3940 2701
3941 2976
3942 3350
3943 3645
3944 2991
3945 3549
3946 3657
3947 3516
3948 3271
3949 3728
3950 3373
3951 3641
3952 3908
3953 4223
3954 4498
3955 4655
3956 5074
3957 5289
3958 5494
3959 6153
3960 6439
3961 6666
3962 6683
3963 6521
3964 6369
3965 6395
3966 6870
3967 6492
3968 6222
3969 6173
3970 6571
3971 6500
3972 6992
3973 7371
3974 7205
3975 6965
3976 6553
3977 7046
3978 7012
3979 6555
3980 6780
3981 7156
3982 7405
3983 6957
3984 7308
3985 7099
3986 7507
3987 7463
3988 7208
3989 7663
3990 7883
3991 7813
3992 7590
3993 7554
3994 7533
3995 7697
3996 8180
3997 8289
3998 8666
3999 8687
4000 8707
4001 8496
4002 8256
4003 7806
4004 8051
4005 8296
4006 8402
4007 8282
4008 8120
4009 7706
4010 7684
4011 7623
4012 7458
4013 7355
4014 7400
4015 7641
4016 7600
4017 7713
4018 7441
4019 7127
4020 6596
4021 6736
4022 6707
4023 6405
4024 6834
4025 7202
4026 7138
4027 6956
4028 6762
4029 6401
4030 6531
4031 6518
4032 5867
4033 5983
4034 6617
4035 6757
4036 6958
4037 7307
4038 7459
4039 7279
4040 7373
4041 7504
4042 7622
4043 7672
4044 7058
4045 7737
4046 7773
4047 7810
4048 8095
4049 8029
4050 8386
4051 7867
4052 8177
4053 8448
4054 8540
4055 8080
4056 7792
4057 7524
4058 7331
4059 7422
4060 7533
4061 7709
4062 7472
4063 7530
4064 8168
4065 8270
4066 8342
4067 8242
4068 8550
4069 8203
4070 8328
4071 8047
4072 7984
4073 8367
4074 7980
4075 7948
4076 7809
4077 8032
4078 8029
4079 8336
4080 8327
4081 8477
4082 8428
4083 8575
4084 8261
4085 8077
4086 8100
4087 8351
4088 8342
4089 8298
4090 8223
4091 8377
4092 8103
4093 7955
4094 8265
4095 7687
4096 7503
4097 7090
4098 7253
4099 7728
4100 7626
4101 7634
4102 7749
4103 7353
4104 7577
4105 7345
4106 7494
4107 7434
4108 8108
4109 8086
4110 8590
4111 8457
4112 8384
4113 8384
4114 8571
4115 8055
4116 8522
4117 8304
4118 8686
4119 8585
4120 8569
4121 8334
4122 8409
4123 8378
4124 8188
4125 8116
4126 8564
4127 8524
4128 8716
4129 8702
4130 8626
4131 8676
4132 8638
4133 8393
4134 8314
4135 8082
4136 8258
4137 8640
4138 8224
4139 7572
4140 7427
4141 7127
4142 7171
4143 7880
4144 8100
4145 8245
4146 8839
4147 9444
4148 9570
4149 9482
4150 9032
4151 9364
4152 9483
4153 9327
4154 9391
4155 9556
4156 9756
4157 9793
4158 9824
4159 483
4160 24
4161 340
4162 751
4163 1277
4164 1325
4165 1243
4166 1573
4167 1037
4168 789
4169 663
4170 864
4171 1266
4172 1516
4173 1540
4174 1166
4175 698
4176 1215
4177 1399
4178 994
4179 699
4180 739
4181 312
4182 101
4183 580
4184 80
4185 393
4186 403
4187 743
4188 540
4189 127
4190 9784
4191 9682
4192 9758
4193 246
4194 622
4195 692
4196 926
4197 1008
4198 1376
4199 1185
4200 1143
4201 1041
4202 875
4203 694
4204 404
4205 322
4206 572
4207 458
4208 469
4209 9707
4210 9883
4211 9839
4212 392
4213 805
4214 1127
4215 1712
4216 1791
4217 1485
4218 1498
4219 1857
4220 1542
4221 2004
4222 2357
4223 1823
4224 1737
4225 2054
4226 2409
4227 2477
4228 2925
4229 3072
4230 3074
4231 3604
4232 3724
4233 3364
4234 3173
4235 3189
4236 3102
4237 3454
4238 3250
4239 3735
4240 3631
4241 3613
4242 3460
4243 3322
4244 3029
4245 3434
4246 3547
4247 3912
4248 3736
4249 3173
4250 3231
4251 3601
4252 3136
4253 3000
4254 3012
4255 2938
4256 2438
4257 2751
4258 2323
4259 2139
4260 2223
4261 2012
4262 1607
4263 1583
4264 1009
4265 1142
4266 1049
4267 1137
4268 1534
4269 1319
4270 1791
4271 1229
4272 1676
4273 1517
4274 1862
4275 1819
4276 1647
4277 1665
4278 1632
4279 1708
4280 1423
4281 1658
4282 1648
4283 1911
4284 1613
4285 1318
4286 1749
4287 2359
4288 2979
4289 2782
4290 2687
4291 2476
4292 2601
4293 2687
4294 2734
4295 2725
4296 3045
4297 3187
4298 3455
4299 3579
4300 3384
4301 3573
4302 3665
4303 3305
4304 3099
4305 3030
4306 2854
4307 3158
4308 2952
4309 2922
4310 2642
4311 2714
4312 2727
4313 2800
4314 2315
4315 1992
4316 2045
4317 1736
4318 1726
4319 1897
4320 2407
4321 2772
4322 2617
4323 2273
4324 2931
4325 3183
4326 3668
4327 3327
4328 3026
4329 3094
4330 3407
4331 3615
4332 3949
4333 3951
4334 3859
4335 3501
4336 3460
4337 3197
4338 3471
4339 3615
4340 3457
4341 3888
4342 4369
4343 4421
4344 4634
4345 4619
4346 4537
4347 4415
4348 4187
4349 3773
4350 3561
4351 3550
4352 3078
4353 3158
4354 2679
4355 2393
4356 2076
4357 1860
4358 1449
4359 1862
4360 1638
4361 1566
4362 1758
4363 1802
4364 1399
4365 1400
4366 1272
4367 1362
4368 1457
4369 1581
4370 1309
4371 1177
4372 993
4373 747
4374 348
4375 863
4376 518
4377 867
4378 418
4379 934
4380 1066
4381 978
4382 1290
4383 1480
4384 1140
4385 1336
4386 1499
4387 1852
4388 1702
4389 1854
4390 2092
4391 2432
4392 2347
4393 2798
4394 2863
4395 2600
4396 2802
4397 2627
4398 2592
4399 2325
4400 2750
4401 2497
4402 2278
4403 2294
4404 2387
4405 2703
4406 2905
4407 3153
4408 3330
4409 2637
4410 2923
4411 3174
4412 3102
4413 3115
4414 2419
4415 2334
4416 3130
4417 2552
4418 2685
4419 2701
4420 2783
4421 2518
4422 2248
4423 2629
4424 2593
4425 2995
4426 2986
4427 3384
4428 3616
4429 3687
4430 4113
4431 4260
4432 3764
4433 3623
4434 3682
4435 4372
4436 4341
4437 3637
4438 3363
4439 3053
4440 3115
4441 3651
4442 2926
4443 3322
4444 3256
4445 3329
4446 3601
4447 3095
4448 2911
4449 2942
4450 3015
4451 2465
4452 2104
4453 2128
4454 2340
4455 2684
4456 2355
4457 2493
4458 2590
4459 2731
4460 2439
4461 2915
4462 3209
4463 2622
4464 2385
4465 2672
4466 2724
4467 2317
4468 2101
4469 2343
4470 2221
4471 2362
4472 2079
4473 1916
4474 2255
4475 2604
4476 3149
4477 3393
4478 2815
4479 2788
4480 2321
4481 2163
4482 1869
4483 2224
4484 2573
4485 2745
4486 2874
4487 3030
4488 3125
4489 3353
4490 3269
4491 3125
4492 2959
4493 2659
4494 2552
4495 2493
4496 2573
4497 2427
4498 2473
4499 2532
4500 2835
4501 2698
4502 2777
4503 2642
4504 2226
4505 2421
4506 2055
4507 1777
4508 1115
4509 1689
4510 1962
4511 2272
4512 1817
4513 1795
4514 2059
4515 1622
4516 1496
4517 1621
4518 1735
4519 1762
4520 2042
4521 1975
4522 2216
4523 2377
4524 2818
4525 3013
4526 3065
4527 3540
4528 3333
4529 3520
4530 3412
4531 3351
4532 3631
4533 3615
4534 3815
4535 4140
4536 4320
4537 4441
4538 5141
4539 4870
4540 5344
4541 5085
4542 5263
4543 5160
4544 5114
4545 4515
4546 4630
4547 4439
4548 4322
4549 4388
4550 4790
4551 5229
4552 5583
4553 5534
4554 5781
4555 6315
4556 6329
4557 6771
4558 6683
4559 7319
4560 7872
4561 7557
4562 7661
4563 7650
4564 7361
4565 7687
4566 7378
4567 7486
4568 6850
4569 6846
4570 7476
4571 7371
4572 7234
4573 7234
4574 6978
4575 7279
4576 7435
4577 7933
4578 8045
4579 7858
4580 7723
4581 7654
4582 7488
4583 7720
4584 7743
4585 8539
4586 8985
4587 9171
4588 9294
4589 9179
4590 8601
4591 9018
4592 9103
4593 9131
4594 9068
4595 9344
4596 9262
4597 9921
4598 29
4599 38
4600 439
4601 527
4602 497
4603 483
4604 649
4605 240
4606 679
4607 374
4608 149
4609 476
4610 477
4611 724
4612 865
4613 1016
4614 920
4615 978
4616 854
4617 779
4618 349
4619 945
4620 552
4621 537
4622 412
4623 667
4624 578
4625 425
4626 161
4627 572
4628 662
4629 176
4630 84
4631 131
4632 626
4633 1225
4634 1235
4635 1277
4636 1623
4637 1491
4638 1538
4639 1521
4640 1081
4641 1113
4642 1136
4643 1810
4644 2091
4645 2185
4646 2412
4647 2805
4648 2584
4649 1977
4650 2298
4651 2702
4652 3332
4653 3285
4654 2944
4655 2604
4656 3015
4657 3013
4658 3288
4659 2962
4660 3313
4661 3397
4662 3957
4663 3838
4664 4166
4665 3892
4666 3856
4667 3903
4668 4231
4669 4301
4670 3938
4671 4226
4672 4762
4673 4972
4674 4881
4675 5226
4676 4908
4677 4822
4678 4741
4679 4989
4680 5033
4681 5026
4682 4420
4683 4607
4684 4536
4685 4695
4686 4571
4687 4789
4688 4839
4689 5240
4690 4835
4691 4436
4692 4431
4693 4403
4694 4189
4695 4281
4696 3834
4697 3805
4698 3802
4699 4399
4700 4735
4701 5117
4702 4958
4703 4236
4704 4208
4705 4140
4706 3792
4707 3631
4708 3720
4709 4128
4710 4088
4711 3669
4712 3481
4713 3868
4714 3801
4715 3949
4716 3636
4717 4012
4718 3665
4719 3704
4720 4025
4721 4066
4722 3755
4723 3821
4724 3533
4725 3510
4726 3160
4727 3274
4728 3252
4729 3447
4730 3312
4731 3503
4732 3348
4733 3187
4734 3150
4735 3348
4736 3408
4737 3267
4738 3290
4739 2794
4740 2860
4741 2773
4742 3298
4743 3623
4744 3649
4745 3213
4746 2320
4747 2087
4748 2396
4749 2444
4750 2494
4751 2875
4752 3313
4753 3048
4754 2890
4755 2752
4756 2721
4757 3075
4758 2586
4759 2652
4760 2559
4761 2408
4762 1597
4763 1602
4764 2290
4765 2582
4766 2288
4767 2634
4768 2152
4769 2170
4770 2108
4771 1929
4772 2080
4773 2161
4774 1869
4775 1847
4776 2004
4777 1707
4778 2119
4779 2592
4780 2529
4781 2651
4782 3021
4783 2565
4784 2833
4785 2493
4786 2835
4787 3264
4788 3270
4789 3116
4790 3508
4791 3084
4792 3286
4793 3489
4794 3482
4795 4176
4796 3720
4797 4117
4798 3979
4799 4016
4800 3968
4801 3756
4802 3463
4803 3606
4804 3507
4805 3088
4806 3130
4807 2892
4808 2748
4809 2733
4810 2844
4811 2645
4812 2444
4813 2923
4814 2905
4815 2857
4816 2771
4817 2618
4818 2393
4819 2497
4820 2432
4821 2342
4822 2521
4823 2399
4824 2355
4825 2482
4826 2670
4827 2822
4828 2764
4829 2810
4830 2910
4831 2790
4832 2731
4833 2584
4834 2153
4835 2343
4836 1953
4837 2283
4838 1883
4839 2103
4840 2019
4841 2097
4842 2029
4843 2004
4844 2035
4845 1632
4846 1531
4847 1900
4848 1877
4849 1421
4850 1469
4851 1525
4852 2000
4853 1749
4854 1560
4855 1657
4856 2049
4857 2533
4858 2249
4859 1951
4860 1989
4861 1607
4862 1578
4863 1916
4864 1966
4865 2124
4866 2379
4867 2863
4868 3281
4869 3266
4870 3416
4871 3384
4872 3301
4873 3079
4874 3460
4875 3768
4876 3748
4877 3831
4878 3877
4879 4454
4880 4958
4881 4981
4882 5367
4883 5018
4884 5435
4885 5254
4886 5247
4887 4862
4888 5185
4889 4660
4890 4913
4891 4916
4892 5068
4893 4722
4894 4838
4895 4659
4896 4736
4897 4922
4898 5239
4899 5306
4900 5199
4901 4989
4902 4990
4903 5296
4904 5409
4905 5793
4906 5964
4907 5929
4908 6023
4909 5952
4910 5726
4911 5797
4912 6036
4913 5807
4914 5260
4915 4664
4916 5065
4917 5205
4918 5096
4919 5357
4920 5018
4921 5523
4922 5611
4923 6227
4924 6724
4925 6938
4926 6582
4927 6861
4928 7104
4929 7409
4930 7505
4931 7939
4932 7261
4933 7793
4934 7596
4935 7614
4936 8107
4937 7993
4938 7796
4939 7685
4940 7701
4941 7886
4942 7982
4943 7723
4944 7727
4945 7953
4946 8417
4947 8541
4948 8927
4949 8815
4950 8701
4951 8750
4952 9051
4953 9111
4954 9434
4955 9116
4956 9366
4957 8894
4958 8793
4959 8817
4960 8908
4961 8600
4962 8721
4963 9383
4964 9378
4965 9483
4966 9299
4967 9821
4968 9783
4969 9835
4970 9658
4971 9599
4972 27
4973 610
4974 354
4975 9864
4976 9631
4977 9599
4978 9284
4979 8700
4980 8265
4981 8410
4982 8856
4983 8432
4984 8510
4985 8379
4986 8818
4987 8970
4988 9564
4989 9143
4990 9327
4991 9442
4992 9466
4993 9715
4994 248
4995 197
4996 254
4997 208
4998 344
4999 782
5000 875
5001 1481
5002 1164
5003 1294
5004 1007
5005 1046
5006 967
5007 717
5008 731
5009 9999
5010 9142
5011 9206
5012 8651
5013 9072
5014 8801
5015 8574
5016 8970
5017 8886
5018 8972
5019 8447
5020 8119
5021 7784
5022 7474
5023 7389
5024 7877
5025 7960
5026 8207
5027 8268
5028 8727
5029 8630
5030 8593
5031 8923
5032 8872
5033 9459
5034 9201
5035 9697
5036 9192
5037 9004
5038 9234
5039 9195
5040 8743
5041 8708
5042 8398
5043 8302
5044 8766
5045 8368
5046 7904
5047 7846
5048 7656
5049 8124
5050 7811
5051 7870
5052 8278
5053 8156
5054 8257
5055 8161
5056 8479
5057 8435
5058 8692
5059 9047
5060 9093
5061 8629
5062 8353
5063 8150
5064 8132
5065 8481
5066 8729
5067 8386
5068 8369
5069 8157
5070 8777
5071 8578
5072 8781
5073 9045
5074 8393
5075 8540
5076 8529
5077 8603
5078 8564
5079 9065
5080 9306
5081 9050
5082 8968
5083 9208
5084 8828
5085 8747
5086 8497
5087 8225
5088 8595
5089 8837
5090 8820
5091 9875
5092 227
5093 364
5094 9965
5095 358
5096 107
5097 96
5098 9816
5099 9143
5100 9743
5101 5
5102 108
5103 67
5104 617
5105 953
5106 1270
5107 1309
5108 1320
5109 1595
5110 1687
5111 1659
5112 1533
5113 1011
5114 1166
5115 652
5116 542
5117 458
5118 274
5119 9982
5120 9944
5121 9775
5122 9574
5123 9689
5124 9549
5125 9157
5126 9270
5127 9378
5128 9232
5129 9136
5130 8765
5131 8973
5132 9287
5133 9068
5134 9111
5135 9864
5136 9571
5137 9495
5138 9394
5139 9311
5140 9648
5141 9713
5142 9232
5143 8914
5144 8792
5145 9223
5146 9439
5147 8989
5148 8308
5149 8684
5150 8495
5151 8465
5152 8480
5153 8180
5154 8434
5155 8749
5156 8771
5157 8737
5158 8992
5159 9615
5160 9838
5161 9279
5162 9538
5163 9861
5164 306
5165 72
5166 321
5167 834
5168 422
5169 456
5170 462
5171 796
5172 1136
5173 952
5174 1344
5175 1319
5176 1170
5177 1156
5178 1249
5179 1381
5180 1076
5181 1554
5182 1471
5183 1407
5184 1149
5185 965
5186 1147
5187 1190
5188 1271
5189 1313
5190 1152
5191 1583
5192 1355
5193 1653
5194 1512
5195 1615
5196 1438
5197 1243
5198 881
5199 651
5200 961
5201 680
5202 643
5203 324
5204 279
5205 556
5206 19
5207 526
5208 557
5209 498
5210 594
5211 436
5212 887
5213 1240
5214 1287
5215 1410
5216 1666
5217 1390
5218 1757
5219 1195
5220 1263
5221 1163
5222 791
5223 765
5224 590
5225 346
5226 161
5227 9775
5228 9704
5229 9363
5230 9862
5231 9850
5232 205
5233 9977
5234 9973
5235 9679
5236 9917
5237 23
5238 42
5239 266
5240 335
5241 198
5242 426
5243 9974
5244 9759
5245 159
5246 396
5247 395
5248 754
5249 945
5250 1468
5251 1882
5252 1566
5253 1147
5254 449
5255 379
5256 188
5257 281
5258 397
5259 405
5260 615
5261 275
5262 94
5263 9778
5264 9689
5265 9661
5266 51
5267 205
5268 258
5269 9919
5270 9507
5271 9327
5272 8875
5273 8332
5274 8158
5275 8272
5276 7873
5277 7959
5278 7792
5279 7713
5280 8115
5281 7896
5282 7718
5283 7170
5284 6527
5285 6299
5286 6393
5287 6548
5288 6973
5289 7406
5290 7641
5291 8094
5292 8660
5293 9072
5294 9162
5295 8957
5296 9396
5297 9480
5298 9093
5299 9315
5300 9165
5301 9648
5302 9672
5303 9430
5304 9268
5305 9333
5306 9523
5307 9717
5308 9645
5309 9716
5310 564
5311 1074
5312 1149
5313 1269
5314 997
5315 712
5316 1042
5317 1708
5318 1496
5319 1744
5320 1478
5321 1450
5322 1027
5323 1138
5324 1319
5325 1864
5326 2395
5327 2347
5328 2591
5329 2062
5330 2491
5331 2312
5332 1967
5333 2000
5334 2253
5335 2192
5336 2169
5337 2073
5338 2536
5339 3131
5340 3093
5341 3236
5342 3736
5343 3878
5344 3665
5345 3493
5346 3296
5347 3615
5348 3452
5349 3001
5350 3332
5351 3677
5352 3254
5353 3194
5354 2770
5355 2846
5356 2817
5357 3157
5358 3178
5359 2836
5360 2853
5361 2962
5362 3105
5363 2344
5364 1919
5365 2536
5366 2935
5367 2882
5368 2536
5369 1982
5370 1590
5371 1456
5372 1502
5373 1441
5374 1307
5375 1280
5376 1349
5377 1466
5378 1316
5379 1484
5380 1180
5381 453
5382 576
5383 896
5384 627
5385 175
5386 901
5387 930
5388 679
5389 420
5390 466
5391 161
5392 289
5393 336
5394 604
5395 9984
5396 9751
5397 9583
5398 161
5399 314
5400 414
5401 229
5402 100
5403 86
5404 89
5405 9409
5406 9767
5407 9430
5408 352
5409 949
5410 758
5411 1000
5412 438
5413 275
5414 625
5415 1138
5416 1336
5417 1422
5418 1135
5419 1195
5420 1134
5421 1341
5422 1411
5423 1510
5424 1672
5425 1994
5426 1982
5427 1961
5428 1228
5429 1328
5430 1229
5431 1352
5432 1507
5433 1131
5434 1673
5435 2211
5436 2912
5437 2502
5438 2405
5439 2436
5440 2687
5441 2770
5442 3017
5443 4019
5444 4333
5445 3367
5446 2920
5447 3421
5448 3680
5449 3097
5450 2566
5451 2338
5452 3006
5453 3211
5454 3018
5455 3263
5456 3495
5457 4057
5458 4288
5459 4431
5460 4804
5461 4721
5462 4855
5463 4678
5464 4782
5465 4841
5466 4559
5467 4608
5468 4852
5469 5141
5470 5478
5471 5163
5472 5142
5473 5279
5474 5406
5475 4660
5476 4224
5477 4104
5478 4618
5479 4303
5480 4826
5481 4810
5482 5269
5483 5460
5484 5365
5485 5952
5486 5313
5487 5400
5488 5373
5489 5160
5490 5112
5491 4918
5492 5094
5493 4989
5494 5259
5495 5569
5496 6171
5497 5954
5498 6108
5499 6150
5500 5884
5501 5884
5502 5986
5503 5936
5504 6108
5505 6467
5506 6729
5507 6692
5508 6516
5509 6904
5510 7500
5511 6747
5512 6453
5513 6495
5514 5834
5515 6018
5516 5571
5517 5380
5518 5714
5519 5235
5520 4960
5521 4231
5522 4485
5523 4207
5524 3797
5525 3803
5526 3929
5527 4484
5528 4171
5529 4289
5530 4199
5531 4136
5532 3818
5533 3323
5534 3522
5535 3606
5536 4242
5537 5017
5538 5292
5539 4872
5540 4918
5541 5155
5542 5065
5543 5488
5544 4582
5545 5055
5546 4423
5547 4344
5548 4262
5549 3771
5550 3675
5551 3350
5552 3607
5553 3436
5554 3157
5555 3398
5556 3500
5557 3935
5558 3683
5559 3784
5560 3707
5561 3339
5562 3757
5563 3966
5564 3808
5565 3620
5566 3131
5567 2826
5568 2595
5569 2311
5570 1936
5571 1689
5572 1323
5573 648
5574 623
5575 1175
5576 583
5577 817
5578 1113
5579 1639
5580 2112
5581 2186
5582 1262
5583 1119
5584 1064
5585 775
5586 1045
5587 1267
5588 1266
5589 1882
5590 1785
5591 2055
5592 2506
5593 2314
5594 2138
5595 2729
5596 3269
5597 3604
5598 3449
5599 3166
5600 3933
5601 4008
5602 3702
5603 3375
5604 4711
5605 4833
5606 4656
5607 4260
5608 4757
5609 4295
5610 3950
5611 3747
5612 4071
5613 3396
5614 3454
5615 2563
5616 2358
5617 1619
5618 1936
5619 2058
5620 2068
5621 3112
5622 3649
5623 4179
5624 3933
5625 3634
5626 3781
5627 3644
5628 3661
5629 3468
5630 3512
5631 3153
5632 3459
5633 3529
5634 3755
5635 4308
5636 4671
5637 4949
5638 4583
5639 4230
5640 4635
5641 4908
5642 4850
5643 5085
5644 5244
5645 5563
5646 5869
5647 6059
5648 6460
5649 7180
5650 6841
5651 6461
5652 7035
5653 6685
5654 7283
5655 6714
5656 6110
5657 6075
5658 5782
5659 6252
5660 6465
5661 6333
5662 6571
5663 6469
5664 6877
5665 6860
5666 6835
5667 6760
5668 6339
5669 6389
5670 6665
5671 7058
5672 7409
5673 7543
5674 7592
5675 8228
5676 8186
5677 8163
5678 8688
5679 9010
5680 9122
5681 9376
5682 9506
5683 9658
5684 9945
5685 9759
5686 76
5687 185
5688 203
5689 545
5690 641
5691 571
5692 721
5693 1014
5694 1152
5695 1167
5696 628
5697 376
5698 1239
5699 398
5700 14
5701 41
5702 35
5703 9494
5704 9764
5705 9432
5706 9373
5707 8831
5708 9334
5709 9912
5710 9942
5711 9809
5712 9453
5713 9607
5714 9250
5715 9188
5716 9189
5717 8882
5718 9303
5719 9121
5720 8774
5721 8841
5722 8731
5723 8549
5724 8783
5725 8725
5726 8868
5727 8952
5728 8219
5729 8956
5730 9504
5731 9939
5732 87
5733 9851
5734 9870
5735 248
5736 265
5737 9631
5738 9802
5739 9281
5740 8817
5741 9259
5742 9725
5743 202
5744 327
5745 9916
5746 9876
5747 6
5748 9551
5749 9658
5750 9310
5751 9454
5752 9368
5753 9594
5754 9783
5755 9192
5756 9298
5757 9823
5758 37
5759 125
5760 9961
5761 414
5762 800
5763 880
5764 9719
5765 9679
5766 9766
5767 9886
5768 9485
5769 9731
5770 9737
5771 76
5772 273
5773 325
5774 9787
5775 333
5776 246
5777 344
5778 9971
5779 580
5780 822
5781 1226
5782 691
5783 1647
5784 1486
5785 2352
5786 1858
5787 2033
5788 1757
5789 1930
5790 1765
5791 1816
5792 1940
5793 2532
5794 2367
5795 2269
5796 1652
5797 2092
5798 2565
5799 1749
5800 1599
5801 1486
5802 1619
5803 1121
5804 1144
5805 1191
5806 1034
5807 1243
5808 1305
5809 1495
5810 1717
5811 1323
5812 761
5813 810
5814 879
5815 1521
5816 2026
5817 2210
5818 2197
5819 1879
5820 2248
5821 2761
5822 3016
5823 3055
5824 3531
5825 3299
5826 3403
5827 2886
5828 2830
5829 2919
5830 3218
5831 3746
5832 4024
5833 4046
5834 4136
5835 4359
5836 4420
5837 3957
5838 3940
5839 4206
5840 4187
5841 4363
5842 4432
5843 4225
5844 4430
5845 4953
5846 4564
5847 4624
5848 4287
5849 3900
5850 4201
5851 3887
5852 3675
5853 4028
5854 3945
5855 3505
5856 2964
5857 3482
5858 3593
5859 3821
5860 4413
5861 3332
5862 2870
5863 2967
5864 2915
5865 2590
5866 2962
5867 3106
5868 3138
5869 2321
5870 2198
5871 2276
5872 1936
5873 1900
5874 1501
5875 1677
5876 1408
5877 1711
5878 1542
5879 1685
5880 1506
5881 1102
5882 1417
5883 1379
5884 1387
5885 1506
5886 1215
5887 1568
5888 1828
5889 1344
5890 1640
5891 1864
5892 1948
5893 2061
5894 2066
5895 1869
5896 1101
5897 1220
5898 1166
5899 753
5900 250
5901 65
5902 9787
5903 9500
5904 9296
5905 9425
5906 9450
5907 9421
5908 9462
5909 9704
5910 9548
5911 9593
5912 9784
5913 9930
5914 33
5915 397
5916 800
5917 958
5918 500
5919 480
5920 439
5921 552
5922 442
5923 158
5924 9920
5925 242
5926 9751
5927 9436
5928 9241
5929 9121
5930 9383
5931 9260
5932 8573
5933 8251
5934 8259
5935 8525
5936 8709
5937 8689
5938 9016
5939 9068
5940 9228
5941 9194
5942 9501
5943 9665
5944 9842
5945 9795
5946 9591
5947 9804
5948 233
5949 490
5950 748
5951 978
5952 918
5953 590
5954 584
5955 750
5956 423
5957 687
5958 417
5959 1030
5960 1270
5961 825
5962 1275
5963 1463
5964 1776
5965 1523
5966 1343
5967 1241
5968 1635
5969 1969
5970 1794
5971 1677
5972 1321
5973 1395
5974 1215
5975 1061
5976 359
5977 9746
5978 9730
5979 9436
5980 9796
5981 9827
5982 9942
5983 360
5984 414
5985 763
5986 894
5987 728
5988 449
5989 29
5990 611
5991 510
5992 1017
5993 1103
5994 1470
5995 1634
5996 1857
5997 1792
5998 2057
5999 2240
6000 2277
6001 2334
6002 2292
6003 2478
6004 2412
6005 1776
6006 1610
6007 1239
6008 605
6009 526
6010 668
6011 601
6012 618
6013 313
6014 314
6015 248
6016 185
6017 127
6018 448
6019 557
6020 1226
6021 1440
6022 1355
6023 1545
6024 2015
6025 2116
6026 2283
6027 2698
6028 2400
6029 3097
6030 2920
6031 3228
6032 3406
6033 3472
6034 3713
6035 3724
6036 3240
6037 3034
6038 3142
6039 3613
6040 3203
6041 2930
6042 3378
6043 3338
6044 3184
6045 3065
6046 2636
6047 2364
6048 2658
6049 2543
6050 3142
6051 3077
6052 3123
6053 3780
6054 3467
6055 3301
6056 2911
6057 2694
6058 2710
6059 3110
6060 3138
6061 3278
6062 4118
6063 4222
6064 4637
6065 4582
6066 4531
6067 5240
6068 5320
6069 5701
6070 5504
6071 5929
6072 5888
6073 6017
6074 5817
6075 5416
6076 5635
6077 5461
6078 4515
6079 4157
6080 4015
6081 3693
6082 3817
6083 4320
6084 4143
6085 4625
6086 4363
6087 4262
6088 4154
6089 3874
6090 3946
6091 4264
6092 3917
6093 4582
6094 4372
6095 4398
6096 4429
6097 4704
6098 4707
6099 4686
6100 5313
6101 4752
6102 5235
6103 4827
6104 5199
6105 5053
6106 4721
6107 4894
6108 4665
6109 5242
6110 5245
6111 5328
6112 5111
6113 4742
6114 4516
6115 4457
6116 4587
6117 4877
6118 5207
6119 5265
6120 5612
6121 5378
6122 5614
6123 5694
6124 6061
6125 5688
6126 6213
6127 5882
6128 6087
6129 6876
6130 7323
6131 7225
6132 6925
6133 6560
6134 6407
6135 5908
6136 5861
6137 5920
6138 5776
6139 5867
6140 5594
6141 5305
6142 4928
6143 4715
6144 5249
6145 4712
6146 4500
6147 4664
6148 4193
6149 4058
6150 4573
6151 4560
6152 4593
6153 4825
6154 4555
6155 4376
6156 4563
6157 4577
6158 4990
6159 5138
6160 5348
6161 5843
6162 5496
6163 5340
6164 5099
6165 5132
6166 4982
6167 5148
6168 5508
6169 5495
6170 6179
6171 6059
6172 6273
6173 6373
6174 6657
6175 6586
6176 6726
6177 6959
6178 6429
6179 6508
6180 6591
6181 6336
6182 6197
6183 5727
6184 5645
6185 5879
6186 6401
6187 6815
6188 7189
6189 7373
6190 7058
6191 7225
6192 7468
6193 7321
6194 7583
6195 7993
6196 7661
6197 7824
6198 8342
6199 7733
6200 7997
6201 7948
6202 7937
6203 7762
6204 7705
6205 7584
6206 7509
6207 7610
6208 7792
6209 7776
6210 7995
6211 7719
6212 7515
6213 7109
6214 7174
6215 7380
6216 7977
6217 8115
6218 8343
6219 7966
6220 7806
6221 8147
6222 8488
6223 8094
6224 8099
6225 8020
6226 8122
6227 8407
6228 8546
6229 8515
6230 8413
6231 8384
6232 8862
6233 8935
6234 8834
6235 9288
6236 9486
6237 8950
6238 9053
6239 8810
6240 8850
6241 9072
6242 9859
6243 9639
6244 9837
6245 9961
6246 9994
6247 9678
6248 181
6249 483
6250 934
6251 1040
6252 569
6253 897
6254 680
6255 857
6256 763
6257 827
6258 420
6259 486
6260 230
6261 133
6262 129
6263 152
6264 225
6265 292
6266 510
6267 60
6268 336
6269 951
6270 781
6271 1040
6272 1934
6273 1929
6274 1914
6275 1981
6276 2364
6277 2324
6278 2606
6279 2619
6280 2645
6281 2302
6282 2163
6283 2286
6284 2212
6285 1517
6286 1906
6287 1525
6288 1476
6289 1407
6290 705
6291 914
6292 1190
6293 1503
6294 1247
6295 978
6296 1037
6297 1340
6298 1138
6299 1121
6300 1407
6301 1814
6302 1365
6303 1220
6304 1268
6305 973
6306 994
6307 740
6308 609
6309 146
6310 76
6311 201
6312 165
6313 9786
6314 117
6315 613
6316 847
6317 419
6318 1109
6319 802
6320 705
6321 1142
6322 1076
6323 1353
6324 1103
6325 1031
6326 1619
6327 1483
6328 1452
6329 925
6330 813
6331 44
6332 434
6333 610
6334 356
6335 886
6336 878
6337 465
6338 601
6339 350
6340 427
6341 469
6342 47
6343 9898
6344 1
6345 9935
6346 434
6347 461
6348 909
6349 871
6350 1173
6351 1437
6352 1468
6353 1335
6354 1455
6355 1568
6356 1954
6357 1838
6358 1507
6359 1717
6360 1787
6361 1208
6362 1066
6363 593
6364 694
6365 756
6366 480
6367 598
6368 144
6369 9981
6370 9824
6371 9599
6372 9824
6373 60
6374 9985
6375 39
6376 147
6377 620
6378 256
6379 475
6380 432
6381 957
6382 427
6383 208
6384 150
6385 251
6386 278
6387 219
6388 1
6389 9777
6390 9780
6391 32
6392 9787
6393 9624
6394 9381
6395 9283
6396 9245
6397 9648
6398 9565
6399 9851
6400 9811
6401 9455
6402 9418
6403 9236
6404 9350
6405 9222
6406 9401
6407 9540
6408 9824
6409 9705
6410 9805
6411 9519
6412 9844
6413 457
6414 1049
6415 986
6416 1289
6417 1496
6418 1306
6419 1451
6420 1364
6421 1345
6422 1766
6423 1501
6424 1591
6425 1762
6426 1842
6427 1834
6428 1910
6429 2427
6430 2264
6431 2311
6432 2869
6433 2959
6434 2427
6435 2198
6436 2347
6437 2300
6438 2188
6439 2337
6440 2081
6441 1993
6442 1947
6443 1892
6444 2080
6445 2416
6446 2196
6447 2222
6448 1807
6449 2203
6450 2399
6451 2174
6452 2656
6453 3121
6454 3084
6455 3052
6456 3278
6457 3275
6458 3500
6459 3299
6460 3036
6461 3120
6462 3345
6463 3476
6464 3967
6465 3925
6466 4088
6467 3875
6468 3495
6469 4020
6470 3840
6471 3632
6472 3742
6473 4043
6474 4208
6475 4416
6476 4189
6477 3790
6478 3884
6479 3795
6480 3734
6481 3271
6482 3331
6483 4061
6484 4654
6485 5011
6486 5629
6487 5327
6488 5623
6489 6220
6490 6298
6491 6403
6492 7040
6493 7071
6494 6683
6495 6802
6496 7197
6497 7111
6498 6877
6499 6552
6500 7377
6501 6610
6502 6559
6503 6326
6504 6238
6505 6771
6506 7176
6507 7175
6508 7398
6509 7542
6510 7246
6511 7240
6512 6853
6513 6868
6514 7312
6515 7614
6516 7417
6517 7802
6518 7959
6519 7876
6520 7850
6521 7382
6522 7922
6523 8163
6524 7432
6525 7535
6526 7536
6527 7526
6528 7389
6529 7429
6530 7123
6531 7254
6532 6504
6533 7187
6534 7491
6535 6777
6536 6681
6537 6998
6538 6523
6539 6856
6540 6765
6541 6270
6542 6085
6543 6833
6544 6517
6545 6769
6546 6938
6547 7801
6548 7892
6549 8634
6550 8937
6551 8946
6552 8605
6553 8383
6554 8552
6555 8678
6556 9093
6557 8914
6558 9384
6559 9783
6560 9663
6561 9226
6562 9589
6563 8968
6564 8585
6565 8898
6566 7
6567 541
6568 58
6569 298
6570 9980
6571 292
6572 325
6573 50
6574 122
6575 41
6576 9740
6577 9628
6578 9623
6579 6
6580 204
6581 681
6582 1160
6583 856
6584 1592
6585 1671
6586 1823
6587 1365
6588 1802
6589 1515
6590 1396
6591 1460
6592 1246
6593 1544
6594 1256
6595 1233
6596 1284
6597 1152
6598 1096
6599 958
6600 892
6601 522
6602 368
6603 390
6604 702
6605 860
6606 657
6607 481
6608 828
6609 1456
6610 2156
6611 1906
6612 1904
6613 2319
6614 2128
6615 2120
6616 1556
6617 2007
6618 2278
6619 1670
6620 1893
6621 2654
6622 2964
6623 3586
6624 3213
6625 3302
6626 3721
6627 3905
6628 3916
6629 4012
6630 4095
6631 4660
6632 4251
6633 4039
6634 4036
6635 3201
6636 3457
6637 3144
6638 2756
6639 3095
6640 3115
6641 3054
6642 3484
6643 3602
6644 3457
6645 3206
6646 3338
6647 3468
6648 3305
6649 3491
6650 3984
6651 4457
6652 4821
6653 4548
6654 4622
6655 5358
6656 5048
6657 5015
6658 5005
6659 4785
6660 5052
6661 5586
6662 5761
6663 5642
6664 5549
6665 5663
6666 5537
6667 6131
6668 5825
6669 6751
6670 6764
6671 6033
6672 6312
6673 6709
6674 6983
6675 6858
6676 6596
6677 6804
6678 6582
6679 7205
6680 6868
6681 7377
6682 8368
6683 8247
6684 8286
6685 8726
6686 8674
6687 8438
6688 8044
6689 7697
6690 7347
6691 6755
6692 6222
6693 6238
6694 6066
6695 6187
6696 5917
6697 5853
6698 6006
6699 5906
6700 6138
6701 6703
6702 6765
6703 6803
6704 6758
6705 7212
6706 6658
6707 6762
6708 6831
6709 6785
6710 6282
6711 6630
6712 6650
6713 6658
6714 7287
6715 7174
6716 6832
6717 6474
6718 6285
6719 6027
6720 6199
6721 6577
6722 6515
6723 6034
6724 6231
6725 6276
6726 6020
6727 6398
6728 6564
6729 6534
6730 6187
6731 5755
6732 6380
6733 6606
6734 6304
6735 6821
6736 6777
6737 6993
6738 8028
6739 8048
6740 8265
6741 8454
6742 8803
6743 9033
6744 9220
6745 8757
6746 7918
6747 8065
6748 7892
6749 8053
6750 7897
6751 7627
6752 7697
6753 7814
6754 7914
6755 8084
6756 8399
6757 8284
6758 7923
6759 8221
6760 8381
6761 8374
6762 7910
6763 7831
6764 7579
6765 7732
6766 7623
6767 7514
6768 7549
6769 7376
6770 7995
6771 7926
6772 8489
6773 8940
6774 8839
6775 8638
6776 9223
6777 8637
6778 8512
6779 9147
6780 8972
6781 8699
6782 8490
6783 7926
6784 8108
6785 8351
6786 8406
6787 8538
6788 8453
6789 8497
6790 8287
6791 8435
6792 8446
6793 8546
6794 8697
6795 8264
6796 8685
6797 8535
6798 8441
6799 8783
6800 8469
6801 8037
6802 8329
6803 8472
6804 8484
6805 8148
6806 8601
6807 8400
6808 8434
6809 8654
6810 8703
6811 8524
6812 8146
6813 7794
6814 7469
6815 7404
6816 7385
6817 7117
6818 7077
6819 7512
6820 7294
6821 7046
6822 7291
6823 7203
6824 7556
6825 7945
6826 8083
6827 8228
6828 8783
6829 8560
6830 8895
6831 8342
6832 8465
6833 8379
6834 7999
6835 7653
6836 7474
6837 7958
6838 8261
6839 8200
6840 8688
6841 8916
6842 8970
6843 9655
6844 15
6845 1040
6846 985
6847 735
6848 556
6849 620
6850 814
6851 997
6852 1260
6853 1485
6854 1467
6855 1011
6856 1419
6857 1570
6858 1911
6859 1700
6860 1683
6861 2278
6862 2321
6863 2468
6864 2817
6865 2935
6866 2638
6867 2612
6868 2472
6869 3074
6870 3397
6871 3188
6872 3030
6873 2639
6874 2644
6875 2521
6876 2857
6877 3091
6878 3250
6879 3234
6880 3031
6881 2290
6882 2046
6883 2110
6884 1577
6885 1809
6886 1749
6887 1028
6888 949
6889 432
6890 907
6891 1002
6892 1047
6893 783
6894 910
6895 277
6896 9757
6897 9801
6898 9735
6899 35
6900 297
6901 9988
6902 163
6903 9850
6904 70
6905 9162
6906 270
6907 9981
6908 95
6909 401
6910 1260
6911 1639
6912 2402
6913 2698
6914 3080
6915 2581
6916 2689
6917 3176
6918 2918
6919 3158
6920 3578
6921 4037
6922 4148
6923 4592
6924 4852
6925 4302
6926 4162
6927 4311
6928 4199
6929 4063
6930 3977
6931 3828
6932 3885
6933 5049
6934 5627
6935 4966
6936 5440
6937 6015
6938 6004
6939 6170
6940 6436
6941 6539
6942 6062
6943 6211
6944 6313
6945 6393
6946 5960
6947 5657
6948 5907
6949 5814
6950 5722
6951 5027
6952 4350
6953 3813
6954 3427
6955 3905
6956 3779
6957 4365
6958 4738
6959 5360
6960 4838
6961 5069
6962 5452
6963 5427
6964 5311
6965 3988
6966 3551
6967 3458
6968 3145
6969 3313
6970 3364
6971 3475
6972 3802
6973 3440
6974 3591
6975 2774
6976 3273
6977 3259
6978 3161
6979 3832
6980 4070
6981 4258
6982 4177
6983 4220
6984 4537
6985 4188
6986 4358
6987 3932
6988 4250
6989 4044
6990 4626
6991 3893
6992 3384
6993 3597
6994 3441
6995 3550
6996 3391
6997 3081
6998 3171
6999 2706
7000 3215
7001 3366
7002 3244
7003 3483
7004 3721
7005 3673
7006 4722
7007 4261
7008 3840
7009 4489
7010 4871
7011 4843
7012 5403
7013 5662
7014 6185
7015 6228
7016 5972
7017 6396
7018 6639
7019 6464
7020 6783
7021 6646
7022 6777
7023 7085
7024 7409
7025 7237
7026 7354
7027 7872
7028 8267
7029 8317
7030 8527
7031 8104
7032 7980
7033 8240
7034 8344
7035 8273
7036 8165
7037 7772
7038 8058
7039 7808
7040 7815
7041 7974
7042 7720
7043 7232
7044 7272
7045 8200
7046 7297
7047 7574
7048 7657
7049 8348
7050 8128
7051 7468
7052 7567
7053 7675
7054 7706
7055 7603
7056 7124
7057 7194
7058 7741
7059 8005
7060 8200
7061 8556
7062 8384
7063 8349
7064 8352
7065 8050
7066 7849
7067 8068
7068 7868
7069 7981
7070 8290
7071 7693
7072 6976
7073 6085
7074 6196
7075 6030
7076 6696
7077 6777
7078 6961
7079 6739
7080 6616
7081 5976
7082 6105
7083 5897
7084 5829
7085 6047
7086 5843
7087 5708
7088 5255
7089 4540
7090 4476
7091 4395
7092 4068
7093 4327
7094 4734
7095 4668
7096 4541
7097 5075
7098 4190
7099 3952
7100 4224
7101 5113
7102 5176
7103 5080
7104 5494
7105 6436
7106 5949
7107 5980
7108 6371
7109 6360
7110 6503
7111 6484
7112 6660
7113 6166
7114 6288
7115 5883
7116 6136
7117 6130
7118 6067
7119 5797
7120 5956
7121 5566
7122 5305
7123 5378
7124 6300
7125 6190
7126 6107
7127 6022
7128 6179
7129 5682
7130 6035
7131 5984
7132 5988
7133 5975
7134 6343
7135 6125
7136 6174
7137 6483
7138 6973
7139 7075
7140 6849
7141 6849
7142 6378
7143 6921
7144 6655
7145 7531
7146 7333
7147 7794
7148 7491
7149 7613
7150 7717
7151 7849
7152 7675
7153 7750
7154 7509
7155 7294
7156 7340
7157 7527
7158 7442
7159 6836
7160 6926
7161 6403
7162 6946
7163 7314
7164 7752
7165 7638
7166 7077
7167 6722
7168 6779
7169 6659
7170 6513
7171 6508
7172 6362
7173 6318
7174 6332
7175 6192
7176 6370
7177 6849
7178 7116
7179 6183
7180 6347
7181 6832
7182 7131
7183 7306
7184 6705
7185 6983
7186 6754
7187 6702
7188 6930
7189 6675
7190 6447
7191 6742
7192 6260
7193 5481
7194 6491
7195 6776
7196 7241
7197 7146
7198 6970
7199 6856
7200 7685
7201 8112
7202 8139
7203 8386
7204 7713
7205 8142
7206 7947
7207 7721
7208 8026
7209 7893
7210 7766
7211 7036
7212 7470
7213 8094
7214 7859
7215 7564
7216 7420
7217 7341
7218 7446
7219 7174
7220 6690
7221 6558
7222 6495
7223 7035
7224 7414
7225 7552
7226 7598
7227 7144
7228 7633
7229 7927
7230 7458
7231 7466
7232 7435
7233 7506
7234 7547
7235 7713
7236 7978
7237 7981
7238 8135
7239 8880
7240 9271
7241 9976
7242 9624
7243 9755
7244 409
7245 227
7246 540
7247 817
7248 1030
7249 1286
7250 1538
7251 1576
7252 1507
7253 634
7254 756
7255 409
7256 311
7257 119
7258 806
7259 1357
7260 1344
7261 1119
7262 1541
7263 2390
7264 3250
7265 2853
7266 2637
7267 2605
7268 2537
7269 3302
7270 3363
7271 3018
7272 2076
7273 2139
7274 2361
7275 2833
7276 3247
7277 3152
7278 3452
7279 3817
7280 2831
7281 2706
7282 2300
7283 2469
7284 2732
7285 2987
7286 3274
7287 3294
7288 3285
7289 3360
7290 3358
7291 2615
7292 3207
7293 4068
7294 4109
7295 3437
7296 3952
7297 3990
7298 4027
7299 3505
7300 3610
7301 3606
7302 3845
7303 3724
7304 3460
7305 3582
7306 3723
7307 4051
7308 3661
7309 3674
7310 3968
7311 3627
7312 3234
7313 3337
7314 3321
7315 3597
7316 3117
7317 2732
7318 2299
7319 1844
7320 1700
7321 1226
7322 1545
7323 2019
7324 2366
7325 2556
7326 2429
7327 2337
7328 2050
7329 1789
7330 911
7331 1456
7332 2007
7333 1690
7334 1368
7335 2443
7336 2269
7337 2132
7338 2055
7339 2157
7340 1655
7341 2189
7342 1895
7343 2332
7344 2120
7345 2187
7346 2462
7347 2539
7348 2584
7349 3286
7350 3162
7351 3209
7352 3627
7353 3346
7354 3457
7355 3428
7356 3806
7357 3662
7358 3794
7359 3210
7360 3438
7361 3611
7362 3954
7363 4294
7364 4450
7365 4415
7366 4357
7367 4193
7368 3882
7369 3889
7370 3480
7371 4434
7372 4399
7373 3859
7374 3683
7375 3924
7376 3291
7377 3803
7378 3485
7379 3698
7380 4406
7381 4703
7382 5281
7383 5053
7384 4795
7385 4394
7386 4498
7387 4077
7388 4192
7389 4038
7390 3968
7391 3676
7392 3527
7393 3691
7394 3165
7395 2967
7396 3397
7397 4147
7398 4506
7399 4190
7400 4442
7401 4844
7402 4836
7403 5133
7404 5563
7405 5346
7406 6002
7407 5497
7408 5634
7409 5835
7410 5860
7411 6139
7412 6325
7413 5947
7414 5483
7415 5710
7416 5417
7417 4528
7418 4941
7419 5029
7420 4716
7421 5018
7422 4663
7423 4616
7424 4746
7425 4846
7426 5167
7427 5236
7428 5723
7429 5833
7430 5340
7431 4932
7432 5382
7433 5531
7434 5439
7435 4984
7436 4849
7437 5541
7438 6045
7439 6094
7440 6389
7441 6129
7442 6056
7443 5828
7444 6012
7445 5523
7446 5587
7447 5529
7448 5554
7449 5566
7450 6327
7451 6439
7452 6892
7453 7001
7454 7160
7455 7284
7456 7581
7457 8032
7458 7963
7459 8326
7460 7903
7461 7951
7462 8193
7463 8306
7464 8743
7465 8740
7466 8466
7467 8713
7468 9245
7469 9169
7470 8661
7471 8701
7472 8785
7473 8171
7474 7843
7475 8035
7476 7670
7477 7515
7478 8072
7479 7962
7480 7717
7481 7899
7482 8074
7483 8066
7484 8722
7485 8523
7486 8324
7487 8132
7488 8607
7489 8336
7490 8647
7491 8975
7492 8557
7493 8178
7494 7915
7495 7708
7496 8027
7497 8324
7498 8886
7499 8757
7500 8311
7501 7872
7502 7987
7503 7817
7504 7352
7505 7187
7506 7412
7507 7692
7508 7469
7509 7312
7510 7745
7511 8106
7512 8131
7513 8447
7514 8615
7515 9640
7516 9762
7517 9789
7518 9463
7519 9348
7520 9049
7521 9261
7522 9468
7523 9106
7524 9447
7525 9307
7526 8287
7527 7776
7528 7639
7529 7530
7530 7616
7531 7569
7532 7652
7533 8137
7534 8257
7535 8214
7536 8496
7537 8110
7538 8323
7539 9062
7540 9265
7541 8891
7542 8578
7543 8285
7544 7434
7545 7956
7546 7610
7547 8516
7548 9072
7549 8954
7550 8930
7551 9498
7552 9526
7553 9917
7554 9440
7555 9363
7556 9769
7557 9743
7558 9663
7559 75
7560 552
7561 408
7562 116
7563 9780
7564 251
7565 584
7566 970
7567 1177
7568 1060
7569 842
7570 778
7571 1119
7572 1266
7573 961
7574 493
7575 841
7576 1158
7577 1354
7578 1183
7579 1244
7580 1541
7581 2142
7582 1697
7583 1340
7584 1295
7585 1083
7586 760
7587 507
7588 9979
7589 9883
7590 9821
7591 207
7592 9930
7593 795
7594 509
7595 162
7596 9639
7597 9248
7598 9341
7599 9068
7600 9156
7601 9268
7602 9456
7603 9254
7604 9181
7605 9770
7606 8885
7607 8009
7608 8090
7609 8219
7610 8267
7611 9516
7612 9090
7613 8944
7614 9438
7615 9881
7616 9912
7617 9915
7618 272
7619 270
7620 440
7621 218
7622 9970
7623 291
7624 180
7625 9922
7626 378
7627 903
7628 1222
7629 1081
7630 745
7631 831
7632 649
7633 546
7634 1063
7635 1143
7636 1567
7637 1892
7638 1724
7639 1092
7640 2547
7641 1969
7642 1791
7643 1967
7644 1435
7645 1759
7646 2206
7647 2194
7648 2236
7649 2330
7650 2325
7651 2508
7652 2751
7653 2641
7654 2496
7655 2174
7656 2953
7657 3482
7658 3655
7659 3271
7660 2425
7661 2270
7662 2129
7663 1235
7664 1064
7665 947
7666 1142
7667 1481
7668 1888
7669 1804
7670 2092
7671 2130
7672 2351
7673 3663
7674 3751
7675 4201
7676 4672
7677 4722
7678 5072
7679 5715
7680 6485
7681 6239
7682 6773
7683 6621
7684 6134
7685 6061
7686 6442
7687 6795
7688 6624
7689 7726
7690 7393
7691 6577
7692 6166
7693 6340
7694 7353
7695 6969
7696 7202
7697 6660
7698 6602
7699 6552
7700 6913
7701 6707
7702 6354
7703 5776
7704 4876
7705 5057
7706 5289
7707 5220
7708 4805
7709 5142
7710 5649
7711 6539
7712 6618
7713 6740
7714 6861
7715 6361
7716 6755
7717 7032
7718 7509
7719 6854
7720 6804
7721 7020
7722 7494
7723 6727
7724 6500
7725 6345
7726 6489
7727 5994
7728 5901
7729 6190
7730 6407
7731 6452
7732 6579
7733 6693
7734 6400
7735 6550
7736 6087
7737 6182
7738 6282
7739 6304
7740 5987
7741 6232
7742 6161
7743 5917
7744 5904
7745 6408
7746 6830
7747 6202
7748 6117
7749 5844
7750 6551
7751 6703
7752 6157
7753 5835
7754 5868
7755 5851
7756 5733
7757 5792
7758 5197
7759 5666
7760 5696
7761 4958
7762 5158
7763 5073
7764 5353
7765 4869
7766 5489
7767 5847
7768 5809
7769 6126
7770 6345
7771 6756
7772 6853
7773 6997
7774 7334
7775 7731
7776 7711
7777 7725
7778 7444
7779 8216
7780 8027
7781 8610
7782 8655
7783 8624
7784 9035
7785 9191
7786 9340
7787 8556
7788 8917
7789 8753
7790 9075
7791 8620
7792 8835
7793 9344
7794 8988
7795 8921
7796 9061
7797 8952
7798 9357
7799 9681
7800 9628
7801 9656
7802 9895
7803 9669
7804 9965
7805 91
7806 398
7807 858
7808 363
7809 1212
7810 1263
7811 1629
7812 1799
7813 1573
7814 1459
7815 2016
7816 1293
7817 1063
7818 1515
7819 2180
7820 2019
7821 2666
7822 2811
7823 2763
7824 2850
7825 3452
7826 3481
7827 3007
7828 3320
7829 2514
7830 3435
7831 2904
7832 2961
7833 2898
7834 2900
7835 2886
7836 2637
7837 2267
7838 1921
7839 2130
7840 2164
7841 2560
7842 2448
7843 2379
7844 2223
7845 1917
7846 1634
7847 1345
7848 601
7849 1003
7850 178
7851 478
7852 272
7853 963
7854 346
7855 622
7856 914
7857 690
7858 441
7859 651
7860 761
7861 976
7862 1163
7863 1914
7864 1171
7865 1333
7866 1140
7867 1387
7868 1681
7869 1875
7870 1701
7871 2165
7872 2552
7873 2621
7874 2615
7875 2623
7876 2595
7877 2301
7878 1801
7879 1263
7880 1323
7881 1372
7882 1870
7883 2153
7884 2145
7885 2181
7886 2045
7887 2056
7888 2445
7889 2361
7890 1863
7891 2235
7892 2060
7893 2118
7894 2400
7895 2685
7896 2685
7897 2867
7898 2977
7899 3591
7900 3456
7901 3384
7902 3908
7903 4347
7904 4569
7905 5217
7906 5240
7907 5142
7908 5125
7909 4868
7910 4907
7911 4700
7912 4350
7913 4330
7914 4454
7915 3943
7916 4052
7917 4274
7918 4005
7919 4150
7920 4081
7921 3710
7922 4032
7923 3666
7924 3238
7925 2324
7926 3090
7927 3384
7928 3235
7929 3498
7930 3682
7931 4383
7932 4097
7933 4089
7934 4221
7935 4329
7936 4692
7937 4653
7938 4364
7939 4347
7940 4937
7941 4935
7942 5180
7943 5270
7944 5577
7945 5335
7946 5371
7947 6014
7948 6646
7949 5910
7950 5807
7951 6105
7952 6116
7953 6457
7954 6496
7955 6908
7956 6992
7957 7422
7958 7984
7959 8533
7960 9474
7961 9375
7962 9382
7963 9696
7964 57
7965 132
7966 420
7967 97
7968 9748
7969 262
7970 506
7971 107
7972 9835
7973 9677
7974 9246
7975 9425
7976 20
7977 9664
7978 9994
7979 8971
7980 9444
7981 9486
7982 8927
7983 9268
7984 9990
7985 41
7986 217
7987 479
7988 264
7989 625
7990 285
7991 9896
7992 302
7993 162
7994 471
7995 9581
7996 9461
7997 9094
7998 8859
7999 9049
8000 9353
8001 8645
8002 9220
8003 8805
8004 8919
8005 8803
8006 8247
8007 8370
8008 8204
8009 8362
8010 8387
8011 7543
8012 7582
8013 7970
8014 7762
8015 8159
8016 7953
8017 7835
8018 7836
8019 8278
8020 7682
8021 8060
8022 8170
8023 8782
8024 9572
8025 9430
8026 9320
8027 9847
8028 9818
8029 9607
8030 9692
8031 9512
8032 9185
8033 9015
8034 9027
8035 8971
8036 9256
8037 9073
8038 8469
8039 8315
8040 9146
8041 9205
8042 9255
8043 9022
8044 8527
8045 8795
8046 8601
8047 8564
8048 8476
8049 8077
8050 8236
8051 8466
8052 8077
8053 8230
8054 8269
8055 8217
8056 8002
8057 8198
8058 7762
8059 7489
8060 7761
8061 7882
8062 7574
8063 7585
8064 8414
8065 8501
8066 8256
8067 8158
8068 8615
8069 8919
8070 9148
8071 9501
8072 9375
8073 9183
8074 8460
8075 8128
8076 7922
8077 8192
8078 8385
8079 9179
8080 9714
8081 9810
8082 249
8083 964
8084 693
8085 468
8086 359
8087 493
8088 909
8089 1272
8090 1571
8091 1574
8092 2508
8093 2776
8094 2613
8095 2424
8096 2206
8097 2214
8098 2140
8099 2029
8100 2788
8101 2818
8102 2594
8103 3067
8104 2407
8105 2128
8106 1892
8107 2085
8108 1758
8109 2358
8110 2741
8111 2441
8112 3041
8113 3327
8114 3402
8115 3407
8116 3508
8117 3755
8118 3888
8119 4669
8120 3848
8121 3424
8122 3704
8123 3787
8124 3660
8125 3600
8126 3772
8127 3423
8128 2924
8129 2734
8130 2870
8131 3310
8132 3592
8133 4397
8134 4608
8135 4421
8136 4371
8137 4038
8138 4598
8139 4499
8140 3863
8141 4503
8142 4241
8143 4476
8144 4637
8145 4458
8146 4748
8147 4789
8148 4683
8149 4744
8150 4707
8151 4542
8152 4692
8153 4317
8154 4003
8155 4430
8156 4455
8157 4931
8158 5053
8159 5004
8160 5977
8161 6559
8162 6084
8163 6257
8164 5521
8165 5270
8166 5238
8167 5484
8168 5559
8169 5524
8170 5932
8171 5655
8172 5180
8173 4984
8174 4645
8175 4612
8176 5124
8177 4844
8178 4286
8179 4446
8180 3701
8181 4074
8182 4821
8183 3992
8184 4402
8185 4009
8186 3666
8187 3653
8188 3837
8189 4011
8190 3579
8191 3061
8192 2188
8193 2134
8194 2651
8195 2354
8196 2169
8197 2388
8198 2956
8199 2908
8200 3314
8201 3762
8202 4743
8203 4371
8204 4935
8205 4942
8206 5149
8207 4962
8208 5871
8209 6263
8210 6298
8211 5589
8212 5358
8213 5475
8214 5347
8215 5349
8216 5019
8217 4745
8218 4810
8219 4105
8220 4984
8221 5720
8222 6118
8223 6318
8224 6299
8225 6284
8226 6374
8227 6178
8228 6103
8229 6315
8230 6123
8231 5670
8232 6055
8233 6144
8234 6209
8235 6256
8236 6008
8237 5320
8238 6386
8239 6392
8240 6218
8241 6186
8242 6025
8243 5922
8244 5645
8245 5851
8246 6509
8247 6820
8248 7029
8249 7027
8250 7208
8251 6783
8252 6528
8253 6219
8254 6651
8255 6725
8256 7074
8257 6826
8258 6861
8259 7017
8260 6987
8261 6634
8262 6496
8263 6365
8264 6177
8265 6361
8266 5709
8267 5963
8268 6556
8269 5658
8270 5543
8271 6166
8272 6792
8273 6492
8274 6146
8275 6950
8276 7213
8277 6927
8278 7574
8279 7494
8280 7382
8281 7679
8282 7765
8283 8006
8284 7857
8285 7975
8286 7672
8287 7408
8288 6649
8289 7034
8290 6984
8291 6834
8292 7261
8293 6538
8294 7283
8295 7321
8296 7550
8297 7663
8298 7495
8299 6720
8300 6212
8301 5974
8302 5562
8303 5815
8304 5981
8305 5376
8306 5216
8307 5580
8308 5528
8309 5552
8310 5297
8311 5519
8312 5765
8313 5555
8314 5424
8315 5639
8316 5507
8317 5236
8318 5290
8319 4933
8320 4733
8321 4113
8322 4594
8323 4514
8324 4345
8325 4134
8326 4707
8327 4274
8328 4525
8329 4775
8330 4716
8331 5231
8332 5303
8333 5622
8334 5260
8335 5597
8336 5384
8337 5384
8338 5819
8339 5905
8340 5198
8341 5429
8342 5404
8343 4600
8344 4995
8345 4966
8346 4537
8347 4706
8348 4587
8349 4799
8350 4965
8351 5153
8352 5380
8353 5619
8354 5759
8355 5647
8356 5752
8357 5686
8358 5780
8359 5787
8360 5880
8361 5871
8362 6350
8363 6498
8364 5826
8365 6230
8366 6769
8367 7031
8368 7051
8369 8041
8370 8532
8371 8736
8372 8658
8373 8682
8374 8575
8375 9019
8376 9510
8377 9667
8378 9335
8379 9118
8380 9367
8381 8937
8382 8872
8383 9324
8384 8571
8385 8199
8386 8256
8387 7232
8388 6992
8389 6809
8390 6856
8391 7252
8392 7143
8393 7340
8394 7044
8395 7038
8396 7367
8397 7845
8398 8515
8399 7859
8400 8112
8401 7868
8402 7998
8403 7663
8404 7757
8405 8147
8406 8770
8407 8650
8408 8925
8409 8247
8410 8567
8411 8464
8412 8792
8413 8659
8414 9365
8415 8867
8416 8516
8417 7775
8418 7824
8419 8030
8420 7580
8421 7595
8422 7172
8423 7348
8424 7835
8425 7741
8426 7659
8427 8023
8428 7970
8429 8172
8430 8221
8431 8278
8432 7602
8433 7504
8434 8001
8435 8134
8436 7921
8437 7810
8438 7700
8439 7852
8440 8328
8441 8444
8442 8578
8443 8529
8444 8787
8445 9356
8446 9303
8447 9173
8448 9272
8449 9629
8450 9344
8451 8952
8452 8624
8453 8794
8454 8869
8455 8055
8456 8060
8457 7744
8458 7271
8459 7368
8460 7650
8461 8288
8462 8146
8463 8118
8464 7695
8465 7627
8466 7636
8467 7928
8468 8152
8469 7568
8470 7706
8471 7814
8472 7768
8473 7983
8474 8601
8475 8116
8476 7959
8477 8602
8478 8468
8479 9140
8480 9333
8481 9782
8482 152
8483 432
8484 363
8485 928
8486 1333
8487 754
8488 778
8489 64
8490 312
8491 255
8492 9933
8493 9862
8494 81
8495 710
8496 504
8497 216
8498 472
8499 673
8500 101
8501 161
8502 90
8503 90
8504 9933
8505 9430
8506 9520
8507 9975
8508 91
8509 269
8510 177
8511 314
8512 203
8513 9801
8514 9399
8515 9318
8516 9327
8517 9368
8518 9101
8519 8765
8520 9602
8521 9798
8522 9825
8523 9444
8524 9715
8525 285
8526 561
8527 934
8528 912
8529 1353
8530 1368
8531 973
8532 741
8533 947
8534 735
8535 888
8536 996
8537 859
8538 1374
8539 907
8540 1313
8541 875
8542 666
8543 669
8544 883
8545 476
8546 170
8547 422
8548 203
8549 948
8550 869
8551 1074
8552 1016
8553 1149
8554 715
8555 1663
8556 1455
8557 835
8558 536
8559 364
8560 619
8561 813
8562 1024
8563 1444
8564 1443
8565 1159
8566 1264
8567 1143
8568 1097
8569 864
8570 1109
8571 897
8572 1021
8573 895
8574 1101
8575 1524
8576 1978
8577 1125
8578 703
8579 1365
8580 2021
8581 2312
8582 1692
8583 2079
8584 1989
8585 1975
8586 2130
8587 2416
8588 3078
8589 3173
8590 3043
8591 3176
8592 2725
8593 2520
8594 2241
8595 1859
8596 1369
8597 1364
8598 943
8599 1488
8600 1521
8601 1348
8602 1990
8603 1710
8604 1541
8605 1586
8606 1353
8607 797
8608 923
8609 749
8610 573
8611 1167
8612 1253
8613 1402
8614 1772
8615 1162
8616 1339
8617 1167
8618 961
8619 1357
8620 1467
8621 1424
8622 1269
8623 1569
8624 2203
8625 2092
8626 1945
8627 2183
8628 2751
8629 2779
8630 3403
8631 3932
8632 4520
8633 5311
8634 6215
8635 5960
8636 5969
8637 5908
8638 5664
8639 6000
8640 5901
8641 5954
8642 6283
8643 6126
8644 5799
8645 5908
8646 5584
8647 5933
8648 6076
8649 6264
8650 6455
8651 7250
8652 7441
8653 7584
8654 7358
8655 6977
8656 7115
8657 6628
8658 6391
8659 7335
8660 7351
8661 7376
8662 7571
8663 7298
8664 7112
8665 6958
8666 6905
8667 6884
8668 6945
8669 6630
8670 5726
8671 5742
8672 6157
8673 6379
8674 6998
8675 7182
8676 6471
8677 6715
8678 7059
8679 7136
8680 7960
8681 8366
8682 8607
8683 8059
8684 8097
8685 8117
8686 8226
8687 9074
8688 8859
8689 7917
8690 8223
8691 7966
8692 8330
8693 8174
8694 7640
8695 7756
8696 8400
8697 8193
8698 8210
8699 7859
8700 7780
8701 8116
8702 7750
8703 8035
8704 7530
8705 7762
8706 7580
8707 6861
8708 6695
8709 6451
8710 7232
8711 6649
8712 6713
8713 6404
8714 6544
8715 6868
8716 6859
8717 7266
8718 7278
8719 7288
8720 7435
8721 7657
8722 8069
8723 7505
8724 8012
8725 7978
8726 7363
8727 7231
8728 6896
8729 7030
8730 7052
8731 7432
8732 7573
8733 6672
8734 6697
8735 6905
8736 7291
8737 7498
8738 7749
8739 7636
8740 7871
8741 7685
8742 7739
8743 7930
8744 8226
8745 7983
8746 8251
8747 8289
8748 7774
8749 8107
8750 8239
8751 7929
8752 7498
8753 7281
8754 7698
8755 8087
8756 8483
8757 8562
8758 8304
8759 8170
8760 8812
8761 8807
8762 9224
8763 9654
8764 9383
8765 9541
8766 9199
8767 9612
8768 9470
8769 9226
8770 8938
8771 8534
8772 8455
8773 8268
8774 7812
8775 8336
8776 8007
8777 7797
8778 8048
8779 7553
8780 7543
8781 7340
8782 7327
8783 7339
8784 7479
8785 7755
8786 7188
8787 7668
8788 7667
8789 7100
8790 7196
8791 7598
8792 7728
8793 7621
8794 7989
8795 7886
8796 7697
8797 7821
8798 8336
8799 8250
8800 7940
8801 8196
8802 8610
8803 8435
8804 8046
8805 8527
8806 8224
8807 8162
8808 8453
8809 8102
8810 8374
8811 8044
8812 8816
8813 8225
8814 8876
8815 8642
8816 9026
8817 8464
8818 8529
8819 8898
8820 8449
8821 8201
8822 8069
8823 7629
8824 7510
8825 7871
8826 7018
8827 7007
8828 6959
8829 7387
8830 6987
8831 6959
8832 7511
8833 7426
8834 7821
8835 8156
8836 8605
8837 8617
8838 8957
8839 9206
8840 9594
8841 9733
8842 9307
8843 8787
8844 8907
8845 8838
8846 8766
8847 8493
8848 8216
8849 8352
8850 7764
8851 7584
8852 7109
8853 6770
8854 6715
8855 6899
8856 7144
8857 6886
8858 6114
8859 6124
8860 5994
8861 6226
8862 6235
8863 6427
8864 7313
8865 6934
8866 6578
8867 5701
8868 5531
8869 6150
8870 6151
8871 6038
8872 6320
8873 6078
8874 6639
8875 6737
8876 6209
8877 6621
8878 6168
8879 6007
8880 6277
8881 6839
8882 7275
8883 7281
8884 6618
8885 7096
8886 7549
8887 7475
8888 7433
8889 6966
8890 6572
8891 6888
8892 6492
8893 6854
8894 6741
8895 6676
8896 5949
8897 5879
8898 6248
8899 6184
8900 6464
8901 6465
8902 6048
8903 6297
8904 6347
8905 6051
8906 5881
8907 6043
8908 6559
8909 6347
8910 6117
8911 6328
8912 6402
8913 6467
8914 6224
8915 6115
8916 6342
8917 6374
8918 6358
8919 6371
8920 6648
8921 6275
8922 6244
8923 6218
8924 6110
8925 6523
8926 5845
8927 5623
8928 6027
8929 6448
8930 6665
8931 6504
8932 6609
8933 7071
8934 7122
8935 6826
8936 6583
8937 6266
8938 6216
8939 5671
8940 5323
8941 5239
8942 5129
8943 5158
8944 5747
8945 6200
8946 5766
8947 5743
8948 5514
8949 5193
8950 5240
8951 5547
8952 5171
8953 5417
8954 5686
8955 6052
8956 5700
8957 5878
8958 5371
8959 5445
8960 5625
8961 6167
8962 5927
8963 6441
8964 5618
8965 5047
8966 5296
8967 5045
8968 4812
8969 5233
8970 4852
8971 5340
8972 5314
8973 5432
8974 5308
8975 5552
8976 5672
8977 5428
8978 5757
8979 5846
8980 6283
8981 6928
8982 6861
8983 7086
8984 7114
8985 6933
8986 7193
8987 7416
8988 7393
8989 7742
8990 8749
8991 9298
8992 9179
8993 9038
8994 8661
8995 8477
8996 7908
8997 8167
8998 8443
8999 8508
9000 8194
9001 8161
9002 8143
9003 8329
9004 8871
9005 9674
9006 9735
9007 9639
9008 9916
9009 8
9010 434
9011 9955
9012 9783
9013 9742
9014 9863
9015 9752
9016 9896
9017 9990
9018 362
9019 613
9020 791
9021 1429
9022 1381
9023 1720
9024 1236
9025 737
9026 1175
9027 1043
9028 1014
9029 856
9030 577
9031 791
9032 295
9033 663
9034 866
9035 772
9036 1164
9037 1053
9038 1857
9039 2299
9040 2827
9041 3386
9042 3629
9043 3046
9044 3399
9045 3420
9046 3566
9047 3347
9048 2924
9049 3362
9050 3444
9051 3246
9052 3144
9053 3306
9054 2898
9055 2995
9056 3194
9057 3166
9058 3890
9059 3003
9060 2898
9061 2449
9062 2458
9063 2591
9064 3155
9065 2956
9066 3032
9067 3004
9068 3314
9069 3091
9070 3594
9071 3364
9072 3568
9073 3954
9074 3894
9075 3984
9076 3987
9077 4087
9078 4338
9079 3720
9080 3670
9081 3784
9082 3928
9083 4014
9084 3934
9085 3847
9086 2892
9087 2996
9088 3085
9089 3668
9090 2939
9091 3436
9092 3261
9093 2708
9094 3283
9095 3772
9096 3676
9097 3879
9098 3152
9099 2682
9100 2725
9101 2837
9102 3133
9103 3289
9104 3855
9105 3306
9106 3277
9107 3406
9108 3473
9109 2969
9110 3433
9111 3512
9112 3437
9113 3681
9114 4076
9115 3964
9116 3653
9117 4044
9118 4686
9119 3081
9120 3911
9121 3017
9122 3793
9123 3926
9124 4155
9125 4322
9126 5244
9127 5801
9128 5755
9129 5288
9130 4739
9131 4555
9132 4293
9133 4456
9134 5338
9135 5632
9136 5594
9137 6061
9138 6618
9139 5882
9140 6608
9141 6594
9142 6563
9143 7021
9144 6770
9145 7003
9146 6894
9147 7039
9148 7446
9149 7010
9150 6285
9151 5844
9152 5503
9153 6149
9154 6454
9155 6473
9156 5810
9157 5665
9158 6233
9159 6122
9160 5668
9161 5586
9162 6509
9163 7464
9164 7794
9165 7450
9166 7768
9167 8124
9168 8275
9169 7452
9170 7062
9171 7477
9172 7354
9173 8046
9174 7824
9175 7417
9176 6982
9177 6258
9178 6880
9179 6803
9180 7390
9181 6867
9182 6842
9183 6640
9184 7079
9185 7197
9186 6560
9187 6935
9188 6944
9189 7126
9190 6566
9191 6711
9192 6448
9193 6896
9194 7772
9195 7110
9196 7472
9197 7670
9198 8263
9199 8138
9200 8774
9201 8299
9202 8445
9203 8496
9204 8131
9205 7648
9206 7878
9207 8145
9208 8290
9209 8675
9210 8477
9211 8403
9212 8192
9213 8167
9214 8164
9215 7875
9216 7881
9217 8208
9218 7643
9219 7997
9220 7494
9221 6729
9222 6615
9223 6584
9224 7209
9225 6368
9226 6827
9227 7222
9228 7801
9229 8086
9230 8438
9231 8110
9232 7861
9233 8413
9234 7907
9235 7909
9236 8307
9237 8537
9238 8061
9239 8338
9240 8156
9241 8425
9242 9000
9243 9350
9244 9637
9245 8974
9246 9130
9247 9380
9248 9336
9249 9599
9250 9408
9251 9291
9252 9226
9253 9728
9254 9268
9255 9290
9256 9423
9257 9017
9258 8973
9259 8709
9260 8650
9261 8380
9262 8304
9263 7211
9264 7758
9265 7223
9266 7634
9267 7375
9268 7203
9269 7360
9270 7655
9271 7691
9272 8012
9273 7972
9274 8416
9275 8511
9276 9260
9277 8901
9278 9829
9279 743
9280 890
9281 1189
9282 1450
9283 1263
9284 889
9285 1330
9286 2124
9287 2322
9288 2173
9289 2217
9290 2656
9291 3112
9292 2963
9293 3659
9294 3931
9295 4234
9296 4152
9297 3992
9298 4462
9299 4429
9300 4207
9301 3888
9302 3742
9303 3673
9304 3701
9305 4317
9306 5334
9307 5537
9308 5996
9309 6197
9310 6173
9311 6129
9312 5884
9313 5191
9314 6319
9315 5608
9316 5692
9317 5642
9318 6270
9319 6534
9320 5696
9321 5408
9322 5778
9323 5147
9324 4682
9325 4750
9326 3348
9327 3459
9328 2577
9329 2151
9330 2414
9331 2872
9332 2872
9333 3462
9334 3737
9335 3857
9336 3526
9337 3121
9338 2698
9339 3431
9340 3848
9341 3521
9342 3141
9343 3606
9344 3865
9345 3889
9346 3618
9347 4401
9348 3763
9349 3489
9350 3599
9351 3416
9352 3380
9353 3898
9354 4328
9355 4243
9356 4068
9357 4377
9358 4361
9359 5140
9360 5442
9361 4947
9362 5296
9363 6005
9364 6020
9365 5702
9366 5770
9367 5577
9368 5098
9369 4628
9370 3948
9371 3922
9372 3054
9373 2899
9374 3460
9375 3179
9376 3458
9377 3977
9378 3930
9379 4533
9380 4359
9381 4292
9382 5564
9383 6063
9384 6536
9385 6347
9386 6542
9387 7002
9388 7298
9389 8084
9390 7882
9391 7325
9392 6678
9393 6276
9394 7003
9395 7281
9396 6775
9397 6181
9398 7144
9399 6921
9400 7816
9401 8196
9402 7714
9403 7982
9404 7754
9405 7374
9406 7336
9407 7245
9408 7247
9409 6913
9410 6513
9411 6359
9412 6751
9413 6612
9414 6631
9415 6491
9416 6150
9417 5782
9418 5180
9419 4471
9420 3829
9421 4164
9422 3835
9423 2915
9424 2540
9425 3197
9426 2446
9427 2226
9428 2285
9429 1934
9430 2678
9431 3104
9432 2765
9433 2897
9434 2809
9435 3467
9436 3963
9437 4059
9438 4356
9439 4948
9440 4608
9441 4339
9442 4019
9443 3482
9444 3372
9445 3658
9446 3593
9447 4087
9448 5160
9449 5877
9450 5856
9451 6060
9452 7003
9453 7999
9454 7512
9455 6915
9456 6554
9457 6235
9458 6010
9459 6726
9460 7463
9461 7571
9462 6846
9463 8895
9464 9911
9465 9955
9466 9519
9467 9779
9468 27
9469 9921
9470 154
9471 308
9472 370
9473 9921
9474 9010
9475 413
9476 408
9477 739
9478 604
9479 9721
9480 9939
9481 9186
9482 9950
9483 67
9484 270
9485 1036
9486 1531
9487 1865
9488 1934
9489 782
9490 1241
9491 826
9492 1068
9493 531
9494 178
9495 9425
9496 9040
9497 8448
9498 8869
9499 8232
9500 8630
9501 8693
9502 8592
9503 8204
9504 8707
9505 8180
9506 7984
9507 7417
9508 8344
9509 8031
9510 8360
9511 7938
9512 7588
9513 6941
9514 6677
9515 6683
9516 6994
9517 6387
9518 6190
9519 6551
9520 6444
9521 7653
9522 8387
9523 8057
9524 8727
9525 9030
9526 9165
9527 7976
9528 8386
9529 8717
9530 9025
9531 9225
9532 8857
9533 8988
9534 8766
9535 8662
9536 9377
9537 9610
9538 8757
9539 8910
9540 8810
9541 8761
9542 9132
9543 8357
9544 8358
9545 8328
9546 8284
9547 8757
9548 8509
9549 8531
9550 8619
9551 8665
9552 8631
9553 8013
9554 8511
9555 8607
9556 7885
9557 7246
9558 8404
9559 8669
9560 8172
9561 8657
9562 9153
9563 9063
9564 9117
9565 9581
9566 9465
9567 9106
9568 8906
9569 8456
9570 8065
9571 8688
9572 9363
9573 137
9574 9694
9575 9562
9576 9291
9577 9339
9578 9837
9579 9653
9580 9091
9581 8489
9582 8039
9583 8052
9584 8254
9585 8977
9586 8512
9587 8240
9588 8381
9589 8747
9590 8871
9591 9436
9592 8919
9593 8684
9594 121
9595 189
9596 91
9597 101
9598 226
9599 247
9600 37
9601 616
9602 1538
9603 1530
9604 1960
9605 2182
9606 2345
9607 2966
9608 3372
9609 3034
9610 3206
9611 3129
9612 3326
9613 3607
9614 4521
9615 4528
9616 3933
9617 3700
9618 3906
9619 3844
9620 4576
9621 5449
9622 4986
9623 4667
9624 4160
9625 3347
9626 3166
9627 3608
9628 2575
9629 2726
9630 2335
9631 2088
9632 2048
9633 2495
9634 1796
9635 1639
9636 802
9637 1085
9638 752
9639 1016
9640 1379
9641 1372
9642 1197
9643 760
9644 670
9645 9663
9646 330
9647 42
9648 9171
9649 8846
9650 8980
9651 9201
9652 9344
9653 9365
9654 9428
9655 9651
9656 378
9657 9755
9658 604
9659 1136
9660 1706
9661 1492
9662 1435
9663 896
9664 1171
9665 1656
9666 2424
9667 2739
9668 2269
9669 1985
9670 2286
9671 1772
9672 832
9673 1477
9674 1635
9675 1751
9676 3141
9677 3642
9678 3776
9679 3466
9680 3503
9681 3025
9682 2842
9683 2888
9684 2864
9685 2255
9686 3252
9687 2811
9688 2798
9689 2510
9690 1551
9691 1836
9692 1498
9693 1242
9694 1271
9695 1986
9696 2356
9697 1795
9698 1430
9699 1283
9700 1555
9701 1456
9702 1625
9703 1110
9704 1494
9705 2388
9706 2709
9707 2770
9708 2519
9709 2705
9710 2391
9711 2852
9712 3325
9713 3525
9714 3745
9715 4178
9716 4205
9717 3606
9718 3096
9719 2945
9720 2152
9721 2379
9722 1403
9723 2159
9724 2024
9725 2120
9726 2260
9727 2243
9728 2277
9729 2407
9730 2638
9731 2727
9732 2542
9733 2643
9734 3558
9735 3189
9736 2426
9737 2666
9738 2821
9739 2912
9740 2126
9741 2874
9742 3429
9743 3235
9744 3351
9745 2810
9746 2731
9747 2945
9748 2683
9749 2276
9750 2214
9751 2372
9752 1735
9753 2034
9754 2225
9755 2719
9756 1871
9757 1555
9758 1982
9759 1874
9760 972
9761 1807
9762 1496
9763 1158
9764 260
9765 360
9766 304
9767 9640
9768 9845
9769 9397
9770 274
9771 8637
9772 8764
9773 9356
9774 9777
9775 337
9776 1063
9777 591
9778 9312
9779 8733
9780 9164
9781 9951
9782 9749
9783 8918
9784 8834
9785 9459
9786 9695
9787 82
9788 979
9789 143
9790 293
9791 9632
9792 329
9793 869
9794 855
9795 1527
9796 1050
9797 550
9798 9878
9799 9879
9800 9676
9801 9885
9802 283
9803 462
9804 767
9805 1341
9806 1711
9807 1740
9808 1254
9809 956
9810 1252
9811 2051
9812 1897
9813 1772
9814 2763
9815 2874
9816 3496
9817 3309
9818 3067
9819 2328
9820 2195
9821 2772
9822 3265
9823 2635
9824 2323
9825 2708
9826 2520
9827 949
9828 698
9829 2193
9830 2074
9831 2115
9832 2453
9833 2012
9834 1615
9835 1743
9836 545
9837 1575
9838 1699
9839 1535
9840 1359
9841 1157
9842 1874
9843 1917
9844 2428
9845 2244
9846 1462
9847 1950
9848 1148
9849 262
9850 9740
9851 242
9852 9808
9853 8767
9854 8865
9855 8643
9856 8583
9857 7580
9858 7391
9859 8675
9860 8620
9861 8579
9862 9089
9863 9996
9864 9938
9865 9818
9866 9301
9867 9865
9868 9868
9869 61
9870 272
9871 1410
9872 1711
9873 1029
9874 1309
9875 1696
9876 1872
9877 1779
9878 1595
9879 2452
9880 1954
9881 2404
9882 4162
9883 3120
9884 2940
9885 2849
9886 2160
9887 1974
9888 2504
9889 1862
9890 1805
9891 2031
9892 2417
9893 2157
9894 2227
9895 2629
9896 2217
9897 2940
9898 3320
9899 2526
9900 2335
9901 2834
9902 1635
9903 652
9904 445
9905 386
9906 9923
9907 1032
9908 1590
9909 2465
9910 2059
9911 2845
9912 3612
9913 3997
9914 4172
9915 3607
9916 3129
9917 3130
9918 3360
9919 3299
9920 3782
9921 2568
9922 3358
9923 2934
9924 3795
9925 3333
9926 3704
9927 3590
9928 4007
9929 3799
9930 3501
9931 2665
9932 2867
9933 3553
9934 4186
9935 3878
9936 3183
9937 4543
9938 4654
9939 5786
9940 5956
9941 6385
9942 6894
9943 7346
9944 7893
9945 8169
9946 7656
9947 8423
9948 9357
9949 103
9950 1583
9951 1937
9952 1576
9953 905
9954 54
9955 144
9956 222
9957 73
9958 9832
9959 569
9960 1022
9961 1087
9962 1074
9963 1624
9964 1700
9965 2763
9966 3146
9967 4532
9968 4054
9969 3597
9970 2652
9971 3675
9972 2689
9973 3461
9974 4267
9975 5907
9976 6352
9977 6825
9978 6291
9979 6607
9980 6518
9981 5219
9982 4566
9983 5051
9984 5266
9985 5646
9986 6915
9987 6894
9988 6271
9989 6344
9990 7735
9991 7927
9992 7583
9993 7605
9994 7923
9995 7710
9996 7735
9997 6809
9998 6255
9999 6183
10000 6496
