1 0
2 0
3 1
4 0
5 0
6 1
7 3
8 2
9 2
10 4
11 3
12 2
13 5
14 12
15 15
16 13
17 16
18 15
19 16
20 16
21 14
22 13
23 8
24 4
25 3
26 0
27 1
28 2
29 3
30 8
31 9
32 12
33 13
34 15
35 12
36 15
37 13
38 19
39 31
40 35
41 37
42 34
43 45
44 51
45 53
46 51
47 51
48 57
49 49
50 51
51 45
52 49
53 48
54 45
55 57
56 47
57 50
58 33
59 33
60 29
61 39
62 43
63 49
64 49
65 48
66 37
67 37
68 29
69 29
70 28
71 31
72 30
73 26
74 25
75 29
76 24
77 23
78 26
79 20
80 23
81 20
82 21
83 16
84 16
85 19
86 13
87 12
88 10
89 6
90 8
91 12
92 11
93 13
94 18
95 11
96 12
97 15
98 13
99 14
100 13
101 11
102 13
103 15
104 14
105 22
106 22
107 21
108 16
109 19
110 28
111 20
112 21
113 18
114 15
115 23
116 18
117 24
118 30
119 31
120 37
121 41
122 37
123 29
124 26
125 24
126 19
127 30
128 34
129 33
130 26
131 24
132 26
133 34
134 35
135 30
136 38
137 37
138 28
139 28
140 29
141 38
142 31
143 20
144 21
145 15
146 14
147 17
148 18
149 15
150 15
151 11
152 11
153 14
154 23
155 27
156 29
157 25
158 21
159 22
160 30
161 31
162 40
163 45
164 38
165 30
166 30
167 21
168 14
169 16
170 14
171 16
172 11
173 10
174 10
175 10
176 7
177 6
178 5
179 4
180 6
181 7
182 6
183 5
184 3
185 2
186 1
187 0
188 0
189 0
190 0
191 0
192 0
193 0
194 0
195 0
196 0
197 0
198 0
199 0
200 0
201 0
202 1
203 2
204 1
205 0
206 1
207 1
208 0
209 1
210 3
211 3
212 3
213 5
214 11
215 15
216 17
217 14
218 15
219 12
220 22
221 24
222 19
223 21
224 12
225 12
226 18
227 23
228 26
229 17
230 24
231 23
232 21
233 15
234 13
235 15
236 18
237 20
238 27
239 24
240 18
241 17
242 15
243 13
244 20
245 16
246 14
247 15
248 11
249 18
250 21
251 27
252 37
253 44
254 42
255 34
256 37
257 44
258 50
259 50
260 50
261 52
262 48
263 49
264 41
265 36
266 20
267 28
268 29
269 30
270 30
271 19
272 13
273 16
274 11
275 11
276 13
277 7
278 4
279 6
280 6
281 7
282 5
283 5
284 3
285 7
286 5
287 7
288 6
289 6
290 9
291 8
292 10
293 10
294 13
295 20
296 17
297 18
298 23
299 31
300 28
301 24
302 25
303 25
304 26
305 31
306 34
307 36
308 36
309 39
310 50
311 46
312 58
313 51
314 55
315 66
316 51
317 45
318 44
319 41
320 41
321 43
322 48
323 39
324 39
325 32
326 21
327 21
328 18
329 19
330 19
331 18
332 19
333 17
334 14
335 14
336 13
337 13
338 12
339 16
340 16
341 19
342 18
343 17
344 13
345 14
346 18
347 16
348 23
349 25
350 24
351 22
352 17
353 15
354 12
355 12
356 9
357 16
358 14
359 11
360 10
361 11
362 9
363 15
364 16
365 15
366 13
367 11
368 6
369 8
370 7
371 7
372 5
373 6
374 7
375 5
376 4
377 6
378 3
379 4
380 8
381 8
382 6
383 6
384 4
385 6
386 8
387 4
388 5
389 9
390 9
391 9
392 14
393 13
394 19
395 23
396 23
397 16
398 17
399 17
400 12
401 11
402 13
403 13
404 15
405 12
406 13
407 18
408 17
409 24
410 17
411 13
412 12
413 10
414 10
415 10
416 8
417 15
418 13
419 11
420 8
421 10
422 15
423 12
424 13
425 14
426 13
427 18
428 19
429 21
430 23
431 21
432 22
433 21
434 18
435 23
436 25
437 12
438 13
439 18
440 26
441 30
442 45
443 50
444 44
445 31
446 39
447 41
448 54
449 62
450 67
451 76
452 83
453 91
454 86
455 86
456 90
457 101
458 81
459 82
460 88
461 91
462 91
463 84
464 80
465 70
466 78
467 80
468 77
469 68
470 46
471 44
472 43
473 48
474 46
475 40
476 44
477 46
478 51
479 43
480 40
481 37
482 33
483 34
484 42
485 47
486 55
487 58
488 56
489 66
490 68
491 70
492 62
493 70
494 64
495 56
496 53
497 64
498 67
499 80
500 64
501 70
502 74
503 78
504 81
505 76
506 74
507 80
508 94
509 83
510 80
511 80
512 75
513 78
514 75
515 83
516 86
517 80
518 77
519 66
520 61
521 62
522 63
523 60
524 72
525 54
526 58
527 69
528 61
529 79
530 97
531 97
532 79
533 93
534 108
535 107
536 102
537 89
538 94
539 99
540 113
541 116
542 96
543 100
544 92
545 79
546 79
547 78
548 70
549 73
550 85
551 78
552 81
553 72
554 71
555 77
556 81
557 72
558 63
559 70
560 84
561 87
562 97
563 110
564 119
565 121
566 114
567 122
568 119
569 122
570 118
571 112
572 126
573 122
574 120
575 133
576 129
577 155
578 127
579 133
580 142
581 158
582 172
583 171
584 168
585 176
586 179
587 180
588 192
589 193
590 167
591 150
592 144
593 140
594 124
595 119
596 131
597 125
598 131
599 124
600 113
601 123
602 122
603 125
604 142
605 129
606 88
607 88
608 100
609 98
610 87
611 81
612 98
613 104
614 109
615 107
616 108
617 97
618 106
619 106
620 86
621 98
622 103
623 121
624 139
625 126
626 140
627 146
628 164
629 180
630 167
631 175
632 191
633 192
634 187
635 180
636 186
637 206
638 197
639 185
640 195
641 187
642 190
643 162
644 148
645 132
646 135
647 138
648 141
649 144
650 142
651 144
652 152
653 171
654 165
655 171
656 195
657 193
658 167
659 162
660 175
661 177
662 188
663 200
664 208
665 190
666 224
667 228
668 237
669 223
670 242
671 248
672 228
673 248
674 251
675 233
676 240
677 245
678 249
679 241
680 245
681 242
682 249
683 250
684 252
685 235
686 254
687 261
688 270
689 255
690 250
691 273
692 256
693 263
694 263
695 222
696 246
697 255
698 277
699 274
700 264
701 281
702 251
703 250
704 266
705 263
706 266
707 281
708 286
709 285
710 250
711 251
712 253
713 260
714 254
715 254
716 260
717 295
718 314
719 319
720 312
721 295
722 264
723 264
724 287
725 286
726 317
727 299
728 317
729 299
730 302
731 290
732 316
733 320
734 300
735 294
736 299
737 318
738 320
739 312
740 308
741 301
742 293
743 292
744 276
745 231
746 224
747 225
748 203
749 184
750 209
751 207
752 201
753 220
754 200
755 192
756 202
757 194
758 208
759 194
760 191
761 214
762 195
763 206
764 233
765 253
766 246
767 237
768 251
769 241
770 247
771 212
772 212
773 212
774 205
775 207
776 204
777 210
778 199
779 210
780 215
781 210
782 208
783 209
784 205
785 217
786 210
787 210
788 221
789 229
790 255
791 261
792 252
793 271
794 285
795 303
796 296
797 296
798 273
799 263
800 239
801 244
802 258
803 275
804 247
805 229
806 233
807 240
808 252
809 255
810 249
811 238
812 225
813 228
814 217
815 245
816 232
817 229
818 207
819 204
820 212
821 206
822 202
823 236
824 240
825 221
826 220
827 226
828 220
829 208
830 232
831 225
832 215
833 208
834 209
835 216
836 186
837 190
838 183
839 187
840 193
841 179
842 173
843 171
844 189
845 173
846 169
847 188
848 187
849 210
850 224
851 237
852 249
853 241
854 284
855 267
856 281
857 286
858 313
859 335
860 327
861 336
862 324
863 313
864 298
865 302
866 282
867 274
868 294
869 275
870 257
871 230
872 219
873 203
874 222
875 239
876 213
877 201
878 206
879 190
880 175
881 182
882 191
883 190
884 188
885 177
886 164
887 173
888 153
889 153
890 164
891 188
892 180
893 184
894 193
895 183
896 170
897 185
898 181
899 184
900 187
901 184
902 192
903 195
904 192
905 196
906 194
907 212
908 205
909 180
910 165
911 173
912 173
913 179
914 162
915 173
916 173
917 181
918 174
919 180
920 175
921 179
922 178
923 158
924 160
925 145
926 144
927 138
928 137
929 116
930 132
931 120
932 97
933 99
934 107
935 138
936 145
937 151
938 138
939 137
940 142
941 148
942 157
943 156
944 148
945 136
946 136
947 137
948 144
949 130
950 130
951 114
952 104
953 96
954 91
955 89
956 102
957 118
958 113
959 129
960 107
961 121
962 124
963 130
964 123
965 119
966 123
967 115
968 120
969 134
970 121
971 129
972 132
973 128
974 128
975 126
976 124
977 135
978 155
979 162
980 158
981 175
982 149
983 156
984 157
985 148
986 165
987 139
988 134
989 138
990 128
991 131
992 134
993 130
994 121
995 107
996 108
997 104
998 97
999 104
1000 103
1001 93
1002 119
1003 101
1004 86
1005 81
1006 69
1007 81
1008 74
1009 81
1010 85
1011 84
1012 73
1013 61
1014 55
1015 52
1016 55
1017 51
1018 62
1019 70
1020 73
1021 80
1022 89
1023 94
1024 98
1025 95
1026 100
1027 103
1028 110
1029 122
1030 111
1031 109
1032 100
1033 100
1034 104
1035 116
1036 132
1037 129
1038 140
1039 139
1040 142
1041 156
1042 159
1043 140
1044 144
1045 153
1046 167
1047 154
1048 142
1049 132
1050 135
1051 125
1052 122
1053 116
1054 121
1055 117
1056 97
1057 99
1058 99
1059 115
1060 104
1061 109
1062 115
1063 120
1064 114
1065 125
1066 130
1067 127
1068 128
1069 141
1070 142
1071 155
1072 161
1073 136
1074 135
1075 142
1076 147
1077 135
1078 136
1079 138
1080 129
1081 132
1082 118
1083 140
1084 155
1085 167
1086 149
1087 149
1088 162
1089 144
1090 140
1091 142
1092 127
1093 127
1094 146
1095 157
1096 159
1097 186
1098 182
1099 174
1100 188
1101 187
1102 194
1103 201
1104 187
1105 210
1106 228
1107 208
1108 187
1109 184
1110 165
1111 149
1112 165
1113 153
1114 142
1115 148
1116 157
1117 156
1118 165
1119 178
1120 186
1121 177
1122 153
1123 148
1124 153
1125 145
1126 145
1127 135
1128 147
1129 153
1130 146
1131 151
1132 148
1133 159
1134 184
1135 206
1136 194
1137 179
1138 173
1139 188
1140 190
1141 199
1142 222
1143 208
1144 219
1145 186
1146 210
1147 230
1148 227
1149 225
1150 230
1151 231
1152 249
1153 256
1154 268
1155 258
1156 258
1157 256
1158 233
1159 247
1160 285
1161 284
1162 269
1163 262
1164 259
1165 243
1166 237
1167 223
1168 250
1169 233
1170 247
1171 255
1172 261
1173 248
1174 247
1175 262
1176 246
1177 222
1178 219
1179 233
1180 212
1181 199
1182 220
1183 244
1184 229
1185 212
1186 211
1187 224
1188 222
1189 253
1190 238
1191 258
1192 248
1193 263
1194 279
1195 271
1196 272
1197 316
1198 291
1199 286
1200 326
1201 335
1202 337
1203 336
1204 326
1205 335
1206 370
1207 380
1208 428
1209 437
1210 480
1211 479
1212 472
1213 477
1214 469
1215 511
1216 521
1217 525
1218 495
1219 494
1220 477
1221 440
1222 430
1223 405
1224 420
1225 413
1226 374
1227 390
1228 369
1229 372
1230 384
1231 382
1232 395
1233 390
1234 402
1235 374
1236 396
1237 391
1238 368
1239 371
1240 389
1241 384
1242 361
1243 384
1244 383
1245 409
1246 362
1247 354
1248 348
1249 366
1250 349
1251 358
1252 375
1253 373
1254 401
1255 402
1256 386
1257 384
1258 355
1259 330
1260 345
1261 363
1262 337
1263 350
1264 371
1265 362
1266 329
1267 311
1268 308
1269 303
1270 277
1271 289
1272 282
1273 295
1274 297
1275 312
1276 321
1277 333
1278 342
1279 351
1280 329
1281 367
1282 398
1283 412
1284 419
1285 421
1286 424
1287 449
1288 452
1289 454
1290 446
1291 452
1292 453
1293 477
1294 505
1295 558
1296 601
1297 600
1298 596
1299 664
1300 670
1301 697
1302 699
1303 703
1304 715
1305 688
1306 709
1307 656
1308 711
1309 692
1310 673
1311 637
1312 637
1313 648
1314 652
1315 646
1316 645
1317 615
1318 627
1319 627
1320 665
1321 689
1322 664
1323 721
1324 716
1325 751
1326 780
1327 764
1328 741
1329 690
1330 694
1331 610
1332 638
1333 642
1334 632
1335 619
1336 605
1337 570
1338 553
1339 534
1340 531
1341 535
1342 564
1343 545
1344 592
1345 561
1346 536
1347 517
1348 523
1349 529
1350 542
1351 585
1352 605
1353 596
1354 587
1355 614
1356 590
1357 575
1358 561
1359 586
1360 562
1361 595
1362 570
1363 531
1364 553
1365 555
1366 541
1367 516
1368 540
1369 529
1370 590
1371 617
1372 618
1373 590
1374 592
1375 605
1376 630
1377 663
1378 631
1379 627
1380 636
1381 630
1382 585
1383 577
1384 620
1385 570
1386 538
1387 553
1388 572
1389 552
1390 545
1391 534
1392 573
1393 558
1394 545
1395 497
1396 498
1397 468
1398 489
1399 512
1400 521
1401 565
1402 575
1403 586
1404 605
1405 628
1406 628
1407 630
1408 634
1409 639
1410 622
1411 612
1412 597
1413 597
1414 583
1415 579
1416 576
1417 577
1418 597
1419 591
1420 576
1421 528
1422 520
1423 532
1424 548
1425 564
1426 602
1427 601
1428 612
1429 631
1430 644
1431 636
1432 665
1433 667
1434 651
1435 658
1436 661
1437 677
1438 669
1439 661
1440 639
1441 631
1442 602
1443 570
1444 572
1445 595
1446 618
1447 640
1448 660
1449 653
1450 626
1451 658
1452 611
1453 646
1454 636
1455 668
1456 660
1457 654
1458 664
1459 651
1460 629
1461 590
1462 578
1463 614
1464 643
1465 592
1466 593
1467 605
1468 600
1469 582
1470 602
1471 605
1472 631
1473 617
1474 602
1475 606
1476 615
1477 588
1478 633
1479 612
1480 598
1481 642
1482 619
1483 591
1484 613
1485 618
1486 596
1487 618
1488 637
1489 625
1490 615
1491 576
1492 508
1493 532
1494 557
1495 529
1496 525
1497 521
1498 556
1499 577
1500 580
1501 584
1502 578
1503 588
1504 572
1505 588
1506 544
1507 561
1508 529
1509 532
1510 513
1511 502
1512 514
1513 480
1514 468
1515 448
1516 464
1517 440
1518 453
1519 480
1520 500
1521 527
1522 514
1523 506
1524 489
1525 470
1526 482
1527 444
1528 441
1529 444
1530 432
1531 443
1532 425
1533 434
1534 440
1535 455
1536 469
1537 456
1538 446
1539 444
1540 467
1541 490
1542 487
1543 506
1544 498
1545 549
1546 542
1547 552
1548 546
1549 535
1550 581
1551 549
1552 583
1553 574
1554 585
1555 597
1556 601
1557 620
1558 612
1559 624
1560 614
1561 618
1562 603
1563 596
1564 611
1565 605
1566 589
1567 626
1568 622
1569 635
1570 595
1571 617
1572 647
1573 645
1574 688
1575 653
1576 693
1577 642
1578 657
1579 659
1580 684
1581 657
1582 640
1583 631
1584 621
1585 624
1586 640
1587 610
1588 602
1589 582
1590 607
1591 617
1592 657
1593 631
1594 579
1595 621
1596 613
1597 602
1598 572
1599 570
1600 562
1601 558
1602 577
1603 581
1604 569
1605 614
1606 601
1607 604
1608 583
1609 535
1610 528
1611 532
1612 532
1613 497
1614 512
1615 527
1616 547
1617 561
1618 594
1619 592
1620 576
1621 594
1622 590
1623 593
1624 618
1625 689
1626 687
1627 704
1628 717
1629 724
1630 750
1631 727
1632 714
1633 664
1634 636
1635 619
1636 614
1637 608
1638 583
1639 571
1640 588
1641 573
1642 550
1643 534
1644 576
1645 528
1646 528
1647 542
1648 564
1649 582
1650 603
1651 562
1652 580
1653 582
1654 575
1655 618
1656 659
1657 697
1658 738
1659 687
1660 684
1661 655
1662 634
1663 599
1664 615
1665 602
1666 544
1667 527
1668 495
1669 494
1670 450
1671 435
1672 429
1673 462
1674 488
1675 500
1676 539
1677 514
1678 540
1679 543
1680 519
1681 532
1682 525
1683 522
1684 518
1685 514
1686 520
1687 515
1688 509
1689 504
1690 479
1691 471
1692 461
1693 440
1694 428
1695 406
1696 425
1697 424
1698 434
1699 423
1700 399
1701 397
1702 390
1703 372
1704 382
1705 380
1706 363
1707 342
1708 328
1709 327
1710 329
1711 327
1712 291
1713 307
1714 314
1715 301
1716 308
1717 345
1718 335
1719 359
1720 360
1721 375
1722 379
1723 391
1724 401
1725 385
1726 416
1727 408
1728 427
1729 403
1730 413
1731 413
1732 395
1733 392
1734 416
1735 398
1736 413
1737 372
1738 419
1739 417
1740 388
1741 393
1742 388
1743 376
1744 361
1745 339
1746 329
1747 303
1748 315
1749 324
1750 326
1751 330
1752 326
1753 321
1754 321
1755 308
1756 294
1757 301
1758 302
1759 325
1760 330
1761 313
1762 352
1763 344
1764 308
1765 300
1766 288
1767 286
1768 265
1769 247
1770 267
1771 252
1772 271
1773 266
1774 301
1775 288
1776 303
1777 283
1778 264
1779 260
1780 275
1781 251
1782 247
1783 261
1784 281
1785 302
1786 308
1787 288
1788 274
1789 291
1790 249
1791 232
1792 236
1793 241
1794 240
1795 244
1796 238
1797 235
1798 229
1799 201
1800 202
1801 206
1802 206
1803 198
1804 205
1805 189
1806 179
1807 169
1808 147
1809 142
1810 154
1811 167
1812 167
1813 175
1814 179
1815 172
1816 169
1817 157
1818 156
1819 168
1820 154
1821 152
1822 156
1823 155
1824 152
1825 166
1826 167
1827 163
1828 151
1829 143
1830 142
1831 140
1832 126
1833 136
1834 130
1835 125
1836 116
1837 107
1838 103
1839 115
1840 106
1841 114
1842 99
1843 94
1844 79
1845 76
1846 81
1847 83
1848 78
1849 67
1850 59
1851 63
1852 67
1853 80
1854 85
1855 81
1856 75
1857 79
1858 69
1859 68
1860 62
1861 70
1862 59
1863 46
1864 46
1865 57
1866 41
1867 26
1868 23
1869 25
1870 23
1871 22
1872 26
1873 29
1874 20
1875 12
1876 15
1877 15
1878 11
1879 9
1880 9
1881 9
1882 4
1883 3
1884 1
1885 1
1886 0
1887 0
1888 0
1889 0
1890 0
1891 0
1892 2
1893 3
1894 0
1895 0
1896 0
1897 0
1898 0
1899 1
1900 2
1901 3
1902 5
1903 10
1904 12
1905 10
1906 17
1907 25
1908 30
1909 28
1910 23
1911 17
1912 17
1913 16
1914 13
1915 17
1916 16
1917 14
1918 10
1919 10
1920 4
1921 6
1922 5
1923 6
1924 8
1925 8
1926 14
1927 19
1928 15
1929 23
1930 26
1931 23
1932 18
1933 22
1934 28
1935 27
1936 16
1937 11
1938 11
1939 9
1940 8
1941 9
1942 6
1943 7
1944 8
1945 3
1946 5
1947 6
1948 5
1949 2
1950 0
1951 1
1952 0
1953 0
1954 0
1955 0
1956 1
1957 1
1958 2
1959 1
1960 1
1961 1
1962 0
1963 0
1964 0
1965 0
1966 0
1967 0
1968 1
1969 0
1970 0
1971 0
1972 0
1973 0
1974 0
1975 0
1976 0
1977 0
1978 0
1979 0
1980 0
1981 0
1982 0
1983 1
1984 1
1985 0
1986 0
1987 0
1988 0
1989 0
1990 0
1991 0
1992 0
1993 1
1994 2
1995 3
1996 4
1997 2
1998 2
1999 3
2000 5
2001 5
2002 4
2003 8
2004 9
2005 7
2006 10
2007 8
2008 14
2009 13
2010 9
2011 13
2012 18
2013 17
2014 25
2015 38
2016 31
2017 34
2018 29
2019 38
2020 35
2021 36
2022 31
2023 34
2024 35
2025 35
2026 27
2027 31
2028 31
2029 30
2030 35
2031 33
2032 27
2033 22
2034 21
2035 11
2036 9
2037 7
2038 6
2039 3
2040 4
2041 8
2042 12
2043 17
2044 17
2045 17
2046 14
2047 14
2048 14
2049 14
2050 15
2051 13
2052 14
2053 12
2054 15
2055 14
2056 8
2057 9
2058 9
2059 11
2060 11
2061 12
2062 14
2063 6
2064 5
2065 4
2066 4
2067 4
2068 3
2069 2
2070 0
2071 0
2072 0
2073 0
2074 1
2075 2
2076 4
2077 6
2078 9
2079 8
2080 11
2081 14
2082 16
2083 19
2084 28
2085 28
2086 25
2087 27
2088 33
2089 42
2090 48
2091 52
2092 65
2093 75
2094 72
2095 68
2096 57
2097 60
2098 64
2099 69
2100 74
2101 76
2102 72
2103 70
2104 71
2105 82
2106 83
2107 73
2108 73
2109 68
2110 79
2111 71
2112 57
2113 51
2114 49
2115 43
2116 50
2117 47
2118 49
2119 53
2120 64
2121 76
2122 83
2123 78
2124 82
2125 78
2126 71
2127 65
2128 51
2129 51
2130 54
2131 75
2132 73
2133 60
2134 57
2135 54
2136 51
2137 55
2138 37
2139 33
2140 27
2141 26
2142 24
2143 25
2144 29
2145 32
2146 30
2147 22
2148 14
2149 20
2150 20
2151 23
2152 31
2153 28
2154 22
2155 18
2156 19
2157 21
2158 19
2159 14
2160 14
2161 13
2162 15
2163 16
2164 16
2165 18
2166 15
2167 24
2168 28
2169 35
2170 26
2171 27
2172 22
2173 13
2174 14
2175 18
2176 21
2177 25
2178 25
2179 26
2180 24
2181 24
2182 24
2183 16
2184 14
2185 14
2186 18
2187 23
2188 23
2189 27
2190 25
2191 31
2192 38
2193 53
2194 56
2195 55
2196 59
2197 55
2198 56
2199 65
2200 62
2201 77
2202 91
2203 108
2204 128
2205 127
2206 118
2207 119
2208 119
2209 132
2210 135
2211 144
2212 137
2213 122
2214 111
2215 102
2216 109
2217 117
2218 118
2219 125
2220 124
2221 125
2222 106
2223 94
2224 85
2225 89
2226 100
2227 111
2228 124
2229 130
2230 118
2231 115
2232 116
2233 121
2234 118
2235 114
2236 120
2237 114
2238 109
2239 120
2240 117
2241 130
2242 127
2243 133
2244 125
2245 129
2246 128
2247 133
2248 151
2249 158
2250 151
2251 141
2252 169
2253 149
2254 165
2255 164
2256 175
2257 179
2258 173
2259 157
2260 150
2261 146
2262 141
2263 140
2264 147
2265 150
2266 149
2267 157
2268 162
2269 170
2270 157
2271 161
2272 140
2273 159
2274 147
2275 144
2276 145
2277 156
2278 167
2279 169
2280 173
2281 180
2282 186
2283 189
2284 182
2285 186
2286 208
2287 199
2288 181
2289 175
2290 179
2291 191
2292 211
2293 222
2294 234
2295 253
2296 235
2297 225
2298 214
2299 223
2300 232
2301 260
2302 272
2303 279
2304 269
2305 286
2306 262
2307 262
2308 260
2309 255
2310 270
2311 284
2312 302
2313 295
2314 308
2315 306
2316 312
2317 282
2318 290
2319 278
2320 290
2321 283
2322 285
2323 299
2324 268
2325 284
2326 289
2327 284
2328 283
2329 280
2330 270
2331 277
2332 303
2333 302
2334 304
2335 295
2336 295
2337 278
2338 273
2339 272
2340 314
2341 329
2342 320
2343 335
2344 341
2345 342
2346 363
2347 396
2348 376
2349 389
2350 410
2351 404
2352 438
2353 450
2354 477
2355 483
2356 494
2357 482
2358 482
2359 468
2360 518
2361 507
2362 550
2363 563
2364 570
2365 576
2366 550
2367 601
2368 596
2369 591
2370 583
2371 633
2372 600
2373 601
2374 596
2375 646
2376 618
2377 637
2378 653
2379 665
2380 678
2381 604
2382 628
2383 607
2384 610
2385 600
2386 622
2387 617
2388 624
2389 651
2390 623
2391 619
2392 625
2393 615
2394 613
2395 640
2396 634
2397 657
2398 633
2399 585
2400 580
2401 631
2402 647
2403 661
2404 613
2405 610
2406 646
2407 649
2408 620
2409 623
2410 660
2411 674
2412 651
2413 635
2414 623
2415 634
2416 644
2417 607
2418 592
2419 563
2420 607
2421 640
2422 644
2423 630
2424 666
2425 620
2426 604
2427 683
2428 683
2429 674
2430 681
2431 665
2432 677
2433 656
2434 682
2435 665
2436 641
2437 625
2438 617
2439 646
2440 655
2441 686
2442 707
2443 717
2444 699
2445 666
2446 691
2447 729
2448 739
2449 726
2450 681
2451 725
2452 699
2453 723
2454 737
2455 732
2456 744
2457 731
2458 765
2459 795
2460 795
2461 762
2462 770
2463 762
2464 767
2465 782
2466 818
2467 812
2468 784
2469 799
2470 804
2471 806
2472 777
2473 771
2474 789
2475 803
2476 793
2477 783
2478 764
2479 749
2480 784
2481 817
2482 814
2483 814
2484 801
2485 840
2486 838
2487 833
2488 858
2489 926
2490 959
2491 994
2492 971
2493 964
2494 925
2495 917
2496 885
2497 913
2498 956
2499 995
2500 1002
2501 973
2502 975
2503 918
2504 929
2505 921
2506 934
2507 958
2508 936
2509 925
2510 910
2511 896
2512 904
2513 848
2514 854
2515 844
2516 872
2517 829
2518 857
2519 823
2520 859
2521 878
2522 886
2523 925
2524 965
2525 970
2526 932
2527 936
2528 965
2529 975
2530 938
2531 967
2532 951
2533 981
2534 981
2535 989
2536 996
2537 988
2538 988
2539 986
2540 983
2541 968
2542 956
2543 957
2544 950
2545 979
2546 991
2547 977
2548 976
2549 1000
2550 1000
2551 1040
2552 1057
2553 1048
2554 1000
2555 1036
2556 977
2557 958
2558 974
2559 969
2560 960
2561 1029
2562 1007
2563 1000
2564 1001
2565 1010
2566 995
2567 1013
2568 1036
2569 1080
2570 1090
2571 1116
2572 1138
2573 1160
2574 1142
2575 1176
2576 1215
2577 1192
2578 1167
2579 1160
2580 1163
2581 1119
2582 1170
2583 1133
2584 1161
2585 1100
2586 1157
2587 1163
2588 1169
2589 1113
2590 1097
2591 1113
2592 1116
2593 1102
2594 1069
2595 1088
2596 1043
2597 1030
2598 1009
2599 993
2600 949
2601 971
2602 932
2603 918
2604 946
2605 1007
2606 981
2607 1029
2608 1068
2609 1058
2610 1009
2611 1035
2612 1025
2613 1022
2614 995
2615 986
2616 999
2617 1029
2618 1051
2619 1048
2620 1056
2621 1077
2622 1133
2623 1105
2624 1131
2625 1167
2626 1148
2627 1161
2628 1192
2629 1166
2630 1144
2631 1160
2632 1172
2633 1138
2634 1169
2635 1193
2636 1207
2637 1201
2638 1222
2639 1231
2640 1262
2641 1295
2642 1270
2643 1232
2644 1280
2645 1228
2646 1206
2647 1127
2648 1144
2649 1125
2650 1174
2651 1167
2652 1201
2653 1222
2654 1190
2655 1133
2656 1117
2657 1097
2658 1053
2659 1003
2660 995
2661 1018
2662 1007
2663 990
2664 961
2665 980
2666 951
2667 975
2668 990
2669 926
2670 907
2671 912
2672 896
2673 839
2674 825
2675 847
2676 832
2677 815
2678 815
2679 803
2680 797
2681 776
2682 731
2683 774
2684 773
2685 783
2686 780
2687 738
2688 749
2689 735
2690 711
2691 706
2692 739
2693 686
2694 672
2695 706
2696 686
2697 709
2698 703
2699 719
2700 669
2701 660
2702 615
2703 588
2704 584
2705 590
2706 563
2707 574
2708 582
2709 592
2710 571
2711 565
2712 528
2713 515
2714 513
2715 514
2716 486
2717 487
2718 484
2719 479
2720 535
2721 545
2722 533
2723 550
2724 549
2725 547
2726 541
2727 550
2728 526
2729 519
2730 526
2731 529
2732 496
2733 502
2734 538
2735 532
2736 526
2737 543
2738 536
2739 562
2740 524
2741 544
2742 577
2743 575
2744 559
2745 563
2746 524
2747 506
2748 532
2749 529
2750 517
2751 545
2752 531
2753 526
2754 502
2755 496
2756 523
2757 530
2758 498
2759 507
2760 519
2761 544
2762 582
2763 608
2764 660
2765 649
2766 673
2767 636
2768 664
2769 631
2770 642
2771 684
2772 704
2773 723
2774 725
2775 792
2776 828
2777 872
2778 869
2779 867
2780 930
2781 903
2782 869
2783 863
2784 947
2785 956
2786 985
2787 967
2788 995
2789 970
2790 1000
2791 1022
2792 983
2793 941
2794 955
2795 950
2796 967
2797 1008
2798 992
2799 984
2800 979
2801 1015
2802 1022
2803 1055
2804 1048
2805 1080
2806 1102
2807 1083
2808 1050
2809 1019
2810 949
2811 932
2812 948
2813 964
2814 981
2815 937
2816 926
2817 941
2818 966
2819 909
2820 898
2821 920
2822 913
2823 968
2824 1023
2825 1005
2826 978
2827 969
2828 949
2829 936
2830 918
2831 929
2832 957
2833 948
2834 1020
2835 1027
2836 1016
2837 960
2838 1025
2839 999
2840 958
2841 972
2842 909
2843 912
2844 893
2845 904
2846 881
2847 831
2848 851
2849 871
2850 849
2851 827
2852 831
2853 814
2854 810
2855 821
2856 809
2857 783
2858 790
2859 760
2860 789
2861 803
2862 837
2863 860
2864 842
2865 841
2866 818
2867 850
2868 812
2869 786
2870 819
2871 806
2872 757
2873 735
2874 757
2875 779
2876 757
2877 762
2878 722
2879 712
2880 747
2881 770
2882 799
2883 813
2884 840
2885 849
2886 815
2887 768
2888 767
2889 796
2890 819
2891 824
2892 785
2893 802
2894 814
2895 794
2896 792
2897 750
2898 753
2899 735
2900 770
2901 759
2902 714
2903 736
2904 760
2905 764
2906 807
2907 767
2908 774
2909 786
2910 801
2911 821
2912 796
2913 829
2914 811
2915 809
2916 795
2917 810
2918 795
2919 783
2920 807
2921 813
2922 825
2923 815
2924 855
2925 841
2926 837
2927 796
2928 799
2929 874
2930 869
2931 877
2932 903
2933 806
2934 802
2935 784
2936 782
2937 814
2938 827
2939 815
2940 854
2941 852
2942 910
2943 915
2944 949
2945 946
2946 963
2947 975
2948 1036
2949 1089
2950 1128
2951 1053
2952 1063
2953 1134
2954 1166
2955 1156
2956 1156
2957 1173
2958 1170
2959 1159
2960 1201
2961 1237
2962 1249
2963 1269
2964 1271
2965 1321
2966 1363
2967 1334
2968 1309
2969 1348
2970 1326
2971 1359
2972 1404
2973 1425
2974 1431
2975 1382
2976 1352
2977 1351
2978 1363
2979 1367
2980 1325
2981 1383
2982 1404
2983 1378
2984 1361
2985 1397
2986 1393
2987 1426
2988 1441
2989 1417
2990 1430
2991 1399
2992 1397
2993 1410
2994 1406
2995 1371
2996 1375
2997 1381
2998 1382
2999 1399
3000 1469
3001 1390
3002 1433
3003 1362
3004 1423
3005 1458
3006 1451
3007 1447
3008 1449
3009 1475
3010 1464
3011 1465
3012 1470
3013 1372
3014 1334
3015 1281
3016 1272
3017 1260
3018 1314
3019 1257
3020 1244
3021 1263
3022 1332
3023 1302
3024 1342
3025 1330
3026 1350
3027 1313
3028 1321
3029 1350
3030 1311
3031 1301
3032 1305
3033 1302
3034 1289
3035 1272
3036 1315
3037 1299
3038 1333
3039 1323
3040 1293
3041 1197
3042 1145
3043 1155
3044 1152
3045 1176
3046 1210
3047 1216
3048 1265
3049 1291
3050 1288
3051 1297
3052 1320
3053 1379
3054 1390
3055 1425
3056 1507
3057 1431
3058 1435
3059 1382
3060 1364
3061 1416
3062 1464
3063 1453
3064 1436
3065 1430
3066 1350
3067 1308
3068 1307
3069 1327
3070 1300
3071 1307
3072 1289
3073 1340
3074 1272
3075 1235
3076 1234
3077 1289
3078 1288
3079 1252
3080 1229
3081 1237
3082 1248
3083 1258
3084 1265
3085 1285
3086 1300
3087 1327
3088 1311
3089 1316
3090 1319
3091 1356
3092 1377
3093 1391
3094 1364
3095 1359
3096 1284
3097 1327
3098 1386
3099 1418
3100 1484
3101 1451
3102 1446
3103 1417
3104 1439
3105 1459
3106 1470
3107 1483
3108 1546
3109 1602
3110 1561
3111 1580
3112 1543
3113 1536
3114 1528
3115 1572
3116 1623
3117 1613
3118 1636
3119 1687
3120 1745
3121 1822
3122 1830
3123 1771
3124 1733
3125 1767
3126 1834
3127 1810
3128 1745
3129 1737
3130 1716
3131 1731
3132 1695
3133 1697
3134 1737
3135 1762
3136 1715
3137 1678
3138 1719
3139 1773
3140 1767
3141 1774
3142 1778
3143 1817
3144 1825
3145 1771
3146 1787
3147 1798
3148 1788
3149 1797
3150 1829
3151 1857
3152 1819
3153 1799
3154 1784
3155 1805
3156 1852
3157 1774
3158 1744
3159 1841
3160 1812
3161 1832
3162 1896
3163 1855
3164 1896
3165 1797
3166 1841
3167 1878
3168 1977
3169 1945
3170 1961
3171 1939
3172 1960
3173 1886
3174 1791
3175 1847
3176 1902
3177 1924
3178 1885
3179 1840
3180 1816
3181 1813
3182 1764
3183 1749
3184 1707
3185 1691
3186 1655
3187 1616
3188 1577
3189 1634
3190 1671
3191 1696
3192 1712
3193 1728
3194 1784
3195 1734
3196 1747
3197 1652
3198 1627
3199 1644
3200 1682
3201 1679
3202 1704
3203 1724
3204 1803
3205 1785
3206 1785
3207 1750
3208 1691
3209 1663
3210 1707
3211 1673
3212 1600
3213 1623
3214 1625
3215 1631
3216 1668
3217 1654
3218 1602
3219 1610
3220 1637
3221 1630
3222 1583
3223 1554
3224 1610
3225 1601
3226 1567
3227 1589
3228 1580
3229 1508
3230 1478
3231 1449
3232 1432
3233 1455
3234 1439
3235 1406
3236 1377
3237 1420
3238 1386
3239 1385
3240 1365
3241 1387
3242 1407
3243 1381
3244 1398
3245 1487
3246 1495
3247 1479
3248 1474
3249 1456
3250 1405
3251 1436
3252 1406
3253 1427
3254 1384
3255 1397
3256 1366
3257 1298
3258 1311
3259 1290
3260 1261
3261 1194
3262 1179
3263 1193
3264 1217
3265 1199
3266 1164
3267 1150
3268 1099
3269 1134
3270 1123
3271 1102
3272 1106
3273 1074
3274 1009
3275 1038
3276 1082
3277 1092
3278 1137
3279 1146
3280 1124
3281 1080
3282 1080
3283 1075
3284 1094
3285 1101
3286 1065
3287 1072
3288 1079
3289 1074
3290 1084
3291 1131
3292 1140
3293 1184
3294 1167
3295 1208
3296 1199
3297 1195
3298 1206
3299 1146
3300 1093
3301 1117
3302 1085
3303 1126
3304 1088
3305 1103
3306 1137
3307 1169
3308 1151
3309 1145
3310 1166
3311 1156
3312 1162
3313 1202
3314 1208
3315 1199
3316 1185
3317 1169
3318 1199
3319 1217
3320 1225
3321 1225
3322 1269
3323 1280
3324 1281
3325 1272
3326 1292
3327 1315
3328 1361
3329 1289
3330 1316
3331 1294
3332 1322
3333 1339
3334 1312
3335 1283
3336 1302
3337 1345
3338 1365
3339 1405
3340 1353
3341 1382
3342 1340
3343 1377
3344 1392
3345 1340
3346 1343
3347 1336
3348 1339
3349 1286
3350 1317
3351 1272
3352 1298
3353 1251
3354 1232
3355 1254
3356 1226
3357 1215
3358 1237
3359 1196
3360 1253
3361 1234
3362 1264
3363 1265
3364 1330
3365 1373
3366 1403
3367 1360
3368 1387
3369 1429
3370 1422
3371 1448
3372 1448
3373 1529
3374 1518
3375 1554
3376 1524
3377 1586
3378 1589
3379 1593
3380 1498
3381 1528
3382 1575
3383 1575
3384 1595
3385 1638
3386 1642
3387 1678
3388 1689
3389 1703
3390 1750
3391 1715
3392 1759
3393 1706
3394 1677
3395 1619
3396 1617
3397 1598
3398 1506
3399 1579
3400 1576
3401 1528
3402 1501
3403 1485
3404 1523
3405 1514
3406 1508
3407 1520
3408 1469
3409 1476
3410 1493
3411 1440
3412 1482
3413 1507
3414 1495
3415 1425
3416 1514
3417 1544
3418 1491
3419 1520
3420 1524
3421 1581
3422 1641
3423 1590
3424 1629
3425 1618
3426 1569
3427 1595
3428 1539
3429 1546
3430 1500
3431 1541
3432 1543
3433 1559
3434 1614
3435 1609
3436 1618
3437 1664
3438 1677
3439 1641
3440 1719
3441 1754
3442 1753
3443 1728
3444 1782
3445 1781
3446 1793
3447 1857
3448 1876
3449 1863
3450 1917
3451 1988
3452 2081
3453 2139
3454 2138
3455 2089
3456 2061
3457 1990
3458 1946
3459 2022
3460 2064
3461 2049
3462 2051
3463 2152
3464 2144
3465 2145
3466 2197
3467 2174
3468 2196
3469 2185
3470 2165
3471 2133
3472 2154
3473 2191
3474 2147
3475 2095
3476 2118
3477 2117
3478 2113
3479 2153
3480 2110
3481 2157
3482 2208
3483 2191
3484 2241
3485 2221
3486 2217
3487 2151
3488 2105
3489 2105
3490 2166
3491 2204
3492 2193
3493 2233
3494 2204
3495 2156
3496 2155
3497 2172
3498 2226
3499 2219
3500 2221
3501 2140
3502 2158
3503 2075
3504 2114
3505 2097
3506 2097
3507 2104
3508 2132
3509 2074
3510 2033
3511 2068
3512 2118
3513 2058
3514 2000
3515 2068
3516 2067
3517 2066
3518 2045
3519 2091
3520 2123
3521 2117
3522 2107
3523 2182
3524 2181
3525 2184
3526 2188
3527 2174
3528 2117
3529 2093
3530 2135
3531 2171
3532 2265
3533 2260
3534 2265
3535 2349
3536 2385
3537 2295
3538 2309
3539 2234
3540 2265
3541 2304
3542 2253
3543 2274
3544 2295
3545 2267
3546 2234
3547 2272
3548 2271
3549 2257
3550 2260
3551 2273
3552 2251
3553 2290
3554 2264
3555 2268
3556 2283
3557 2218
3558 2171
3559 2116
3560 2142
3561 2128
3562 2131
3563 2108
3564 2054
3565 2064
3566 2045
3567 1992
3568 1989
3569 1879
3570 1848
3571 1896
3572 1857
3573 1845
3574 1898
3575 1910
3576 1966
3577 1925
3578 1925
3579 1872
3580 1871
3581 1947
3582 1914
3583 1918
3584 1951
3585 2012
3586 1934
3587 1904
3588 1937
3589 1963
3590 1940
3591 1934
3592 2014
3593 2051
3594 2042
3595 2092
3596 2155
3597 2120
3598 2094
3599 2203
3600 2139
3601 2166
3602 2194
3603 2199
3604 2160
3605 2114
3606 2076
3607 2081
3608 1997
3609 1973
3610 1920
3611 2014
3612 1983
3613 1975
3614 1946
3615 1916
3616 1881
3617 1786
3618 1774
3619 1778
3620 1782
3621 1815
3622 1832
3623 1826
3624 1793
3625 1769
3626 1762
3627 1771
3628 1823
3629 1806
3630 1818
3631 1768
3632 1755
3633 1723
3634 1743
3635 1823
3636 1786
3637 1762
3638 1805
3639 1841
3640 1803
3641 1756
3642 1678
3643 1686
3644 1660
3645 1736
3646 1730
3647 1705
3648 1730
3649 1736
3650 1663
3651 1748
3652 1851
3653 1837
3654 1823
3655 1809
3656 1874
3657 1926
3658 1983
3659 1961
3660 2032
3661 2003
3662 1982
3663 1958
3664 1932
3665 1956
3666 1939
3667 1974
3668 1938
3669 1945
3670 1905
3671 1843
3672 1771
3673 1792
3674 1851
3675 1857
3676 1904
3677 1908
3678 1904
3679 1868
3680 1844
3681 1793
3682 1761
3683 1738
3684 1672
3685 1653
3686 1687
3687 1687
3688 1681
3689 1715
3690 1681
3691 1613
3692 1656
3693 1634
3694 1695
3695 1708
3696 1683
3697 1632
3698 1635
3699 1661
3700 1674
3701 1664
3702 1719
3703 1659
3704 1636
3705 1660
3706 1685
3707 1738
3708 1755
3709 1727
3710 1702
3711 1675
3712 1670
3713 1645
3714 1639
3715 1629
3716 1641
3717 1653
3718 1659
3719 1644
3720 1669
3721 1693
3722 1664
3723 1727
3724 1760
3725 1675
3726 1631
3727 1605
3728 1609
3729 1617
3730 1618
3731 1626
3732 1577
3733 1488
3734 1552
3735 1540
3736 1504
3737 1495
3738 1531
3739 1601
3740 1592
3741 1593
3742 1542
3743 1559
3744 1465
3745 1403
3746 1400
3747 1337
3748 1392
3749 1391
3750 1358
3751 1331
3752 1286
3753 1325
3754 1344
3755 1337
3756 1386
3757 1350
3758 1292
3759 1327
3760 1281
3761 1274
3762 1249
3763 1272
3764 1339
3765 1360
3766 1355
3767 1314
3768 1247
3769 1183
3770 1254
3771 1235
3772 1236
3773 1268
3774 1191
3775 1177
3776 1127
3777 1182
3778 1182
3779 1141
3780 1126
3781 1092
3782 1122
3783 1121
3784 1152
3785 1136
3786 1112
3787 1141
3788 1159
3789 1131
3790 1125
3791 1131
3792 1188
3793 1124
3794 1171
3795 1162
3796 1216
3797 1218
3798 1251
3799 1250
3800 1180
3801 1159
3802 1180
3803 1156
3804 1169
3805 1145
3806 1211
3807 1288
3808 1360
3809 1398
3810 1344
3811 1344
3812 1379
3813 1367
3814 1375
3815 1313
3816 1320
3817 1336
3818 1342
3819 1351
3820 1288
3821 1254
3822 1260
3823 1281
3824 1341
3825 1342
3826 1289
3827 1302
3828 1308
3829 1326
3830 1364
3831 1381
3832 1373
3833 1326
3834 1328
3835 1350
3836 1352
3837 1374
3838 1367
3839 1392
3840 1405
3841 1361
3842 1358
3843 1361
3844 1404
3845 1384
3846 1321
3847 1324
3848 1341
3849 1371
3850 1446
3851 1440
3852 1439
3853 1413
3854 1451
3855 1513
3856 1496
3857 1433
3858 1477
3859 1458
3860 1496
3861 1486
3862 1456
3863 1406
3864 1400
3865 1362
3866 1419
3867 1439
3868 1405
3869 1414
3870 1370
3871 1433
3872 1472
3873 1493
3874 1454
3875 1468
3876 1496
3877 1572
3878 1564
3879 1553
3880 1524
3881 1509
3882 1515
3883 1433
3884 1417
3885 1465
3886 1415
3887 1435
3888 1448
3889 1465
3890 1496
3891 1512
3892 1474
3893 1441
3894 1475
3895 1421
3896 1502
3897 1468
3898 1490
3899 1473
3900 1454
3901 1454
3902 1532
3903 1504
3904 1509
3905 1495
3906 1414
3907 1411
3908 1423
3909 1404
3910 1375
3911 1374
3912 1373
3913 1417
3914 1399
3915 1366
3916 1425
3917 1395
3918 1359
3919 1462
3920 1447
3921 1450
3922 1446
3923 1524
3924 1505
3925 1514
3926 1532
3927 1493
3928 1490
3929 1505
3930 1520
3931 1526
3932 1448
3933 1447
3934 1441
3935 1423
3936 1371
3937 1275
3938 1282
3939 1207
3940 1198
3941 1173
3942 1168
3943 1159
3944 1138
3945 1148
3946 1158
3947 1145
3948 1169
3949 1225
3950 1207
3951 1181
3952 1176
3953 1228
3954 1274
3955 1273
3956 1244
3957 1177
3958 1149
3959 1129
3960 1099
3961 1108
3962 1075
3963 1105
3964 1118
3965 1139
3966 1160
3967 1169
3968 1142
3969 1098
3970 1096
3971 1053
3972 1017
3973 1049
3974 1029
3975 1013
3976 988
3977 1007
3978 1012
3979 950
3980 947
3981 948
3982 955
3983 998
3984 986
3985 991
3986 983
3987 967
3988 968
3989 935
3990 913
3991 953
3992 888
3993 905
3994 851
3995 848
3996 854
3997 861
3998 866
3999 826
4000 821
4001 891
4002 871
4003 887
4004 880
4005 906
4006 894
4007 935
4008 919
4009 902
4010 868
4011 850
4012 828
4013 840
4014 840
4015 849
4016 834
4017 891
4018 862
4019 838
4020 866
4021 875
4022 897
4023 903
4024 881
4025 822
4026 817
4027 840
4028 810
4029 807
4030 814
4031 842
4032 810
4033 815
4034 843
4035 792
4036 825
4037 846
4038 914
4039 930
4040 910
4041 910
4042 925
4043 910
4044 911
4045 906
4046 937
4047 947
4048 967
4049 978
4050 1031
4051 1042
4052 1034
4053 1073
4054 1056
4055 1045
4056 1083
4057 1071
4058 1079
4059 1071
4060 1100
4061 1113
4062 1076
4063 1130
4064 1192
4065 1188
4066 1158
4067 1142
4068 1098
4069 1071
4070 1055
4071 1057
4072 1036
4073 1081
4074 1107
4075 1104
4076 1125
4077 1090
4078 1042
4079 1026
4080 1037
4081 1007
4082 994
4083 975
4084 944
4085 914
4086 948
4087 907
4088 925
4089 865
4090 926
4091 929
4092 853
4093 887
4094 923
4095 932
4096 904
4097 883
4098 850
4099 835
4100 882
4101 884
4102 911
4103 906
4104 870
4105 839
4106 885
4107 912
4108 927
4109 882
4110 869
4111 882
4112 866
4113 811
4114 800
4115 812
4116 830
4117 798
4118 811
4119 844
4120 839
4121 811
4122 777
4123 802
4124 774
4125 771
4126 771
4127 769
4128 784
4129 766
4130 732
4131 757
4132 746
4133 712
4134 698
4135 690
4136 670
4137 742
4138 744
4139 776
4140 740
4141 760
4142 776
4143 750
4144 761
4145 708
4146 674
4147 673
4148 702
4149 718
4150 731
4151 756
4152 824
4153 832
4154 870
4155 845
4156 841
4157 838
4158 818
4159 815
4160 844
4161 808
4162 839
4163 858
4164 881
4165 862
4166 883
4167 951
4168 875
4169 864
4170 853
4171 820
4172 797
4173 785
4174 829
4175 842
4176 820
4177 839
4178 816
4179 790
4180 758
4181 754
4182 726
4183 740
4184 769
4185 748
4186 766
4187 753
4188 758
4189 768
4190 767
4191 753
4192 760
4193 766
4194 796
4195 831
4196 805
4197 790
4198 768
4199 745
4200 741
4201 710
4202 694
4203 692
4204 729
4205 749
4206 745
4207 732
4208 742
4209 783
4210 828
4211 828
4212 846
4213 832
4214 837
4215 816
4216 761
4217 734
4218 702
4219 722
4220 742
4221 693
4222 694
4223 685
4224 672
4225 664
4226 674
4227 659
4228 658
4229 629
4230 666
4231 638
4232 653
4233 719
4234 730
4235 729
4236 742
4237 726
4238 715
4239 744
4240 774
4241 791
4242 793
4243 834
4244 813
4245 767
4246 752
4247 730
4248 714
4249 676
4250 691
4251 700
4252 668
4253 627
4254 650
4255 678
4256 667
4257 681
4258 682
4259 674
4260 719
4261 762
4262 739
4263 703
4264 718
4265 731
4266 724
4267 681
4268 669
4269 640
4270 653
4271 629
4272 638
4273 624
4274 596
4275 629
4276 627
4277 615
4278 581
4279 592
4280 609
4281 546
4282 523
4283 514
4284 536
4285 516
4286 530
4287 518
4288 544
4289 528
4290 545
4291 521
4292 521
4293 522
4294 510
4295 532
4296 519
4297 508
4298 495
4299 498
4300 520
4301 498
4302 498
4303 483
4304 470
4305 479
4306 450
4307 485
4308 463
4309 461
4310 462
4311 470
4312 457
4313 481
4314 490
4315 455
4316 464
4317 471
4318 482
4319 467
4320 464
4321 437
4322 464
4323 461
4324 423
4325 422
4326 405
4327 409
4328 388
4329 381
4330 350
4331 360
4332 340
4333 326
4334 338
4335 337
4336 321
4337 316
4338 311
4339 267
4340 283
4341 293
4342 298
4343 289
4344 280
4345 285
4346 314
4347 309
4348 315
4349 335
4350 329
4351 322
4352 336
4353 299
4354 300
4355 308
4356 283
4357 273
4358 299
4359 305
4360 305
4361 300
4362 289
4363 238
4364 229
4365 199
4366 203
4367 230
4368 251
4369 230
4370 257
4371 253
4372 268
4373 252
4374 254
4375 256
4376 259
4377 265
4378 260
4379 270
4380 278
4381 268
4382 281
4383 275
4384 278
4385 250
4386 208
4387 197
4388 197
4389 194
4390 214
4391 200
4392 195
4393 173
4394 178
4395 184
4396 190
4397 198
4398 209
4399 222
4400 211
4401 220
4402 234
4403 233
4404 236
4405 228
4406 237
4407 263
4408 261
4409 286
4410 280
4411 250
4412 255
4413 262
4414 272
4415 263
4416 269
4417 253
4418 254
4419 267
4420 249
4421 244
4422 233
4423 223
4424 209
4425 209
4426 190
4427 188
4428 186
4429 174
4430 196
4431 235
4432 249
4433 252
4434 256
4435 236
4436 266
4437 257
4438 234
4439 272
4440 277
4441 279
4442 282
4443 295
4444 266
4445 265
4446 280
4447 279
4448 279
4449 264
4450 278
4451 269
4452 272
4453 278
4454 271
4455 274
4456 294
4457 300
4458 305
4459 303
4460 315
4461 286
4462 268
4463 261
4464 277
4465 290
4466 285
4467 291
4468 292
4469 318
4470 319
4471 321
4472 314
4473 326
4474 319
4475 338
4476 348
4477 363
4478 379
4479 349
4480 369
4481 343
4482 350
4483 354
4484 341
4485 353
4486 337
4487 336
4488 354
4489 340
4490 336
4491 359
4492 344
4493 349
4494 338
4495 342
4496 318
4497 328
4498 312
4499 295
4500 292
4501 291
4502 337
4503 333
4504 315
4505 326
4506 316
4507 324
4508 304
4509 304
4510 322
4511 304
4512 311
4513 314
4514 343
4515 394
4516 353
4517 365
4518 378
4519 389
4520 398
4521 396
4522 368
4523 351
4524 332
4525 343
4526 311
4527 308
4528 306
4529 290
4530 305
4531 327
4532 332
4533 336
4534 341
4535 345
4536 356
4537 370
4538 351
4539 336
4540 353
4541 375
4542 383
4543 375
4544 406
4545 410
4546 405
4547 378
4548 378
4549 363
4550 347
4551 363
4552 374
4553 348
4554 328
4555 325
4556 320
4557 321
4558 340
4559 324
4560 352
4561 348
4562 319
4563 304
4564 304
4565 360
4566 355
4567 346
4568 319
4569 315
4570 293
4571 345
4572 338
4573 342
4574 311
4575 310
4576 322
4577 334
4578 311
4579 320
4580 326
4581 336
4582 339
4583 336
4584 333
4585 365
4586 414
4587 395
4588 369
4589 364
4590 375
4591 360
4592 347
4593 314
4594 286
4595 286
4596 311
4597 307
4598 333
4599 335
4600 315
4601 338
4602 333
4603 315
4604 311
4605 314
4606 318
4607 300
4608 299
4609 327
4610 326
4611 309
4612 336
4613 320
4614 289
4615 292
4616 281
4617 285
4618 279
4619 283
4620 280
4621 247
4622 261
4623 220
4624 221
4625 204
4626 198
4627 195
4628 193
4629 194
4630 185
4631 171
4632 169
4633 175
4634 200
4635 224
4636 206
4637 194
4638 173
4639 193
4640 173
4641 185
4642 187
4643 195
4644 194
4645 203
4646 217
4647 204
4648 194
4649 202
4650 195
4651 192
4652 191
4653 192
4654 180
4655 148
4656 154
4657 137
4658 144
4659 136
4660 133
4661 127
4662 109
4663 97
4664 98
4665 102
4666 110
4667 113
4668 96
4669 111
4670 101
4671 113
4672 102
4673 84
4674 97
4675 81
4676 72
4677 81
4678 75
4679 88
4680 104
4681 105
4682 100
4683 103
4684 116
4685 130
4686 155
4687 196
4688 205
4689 194
4690 210
4691 225
4692 235
4693 237
4694 225
4695 230
4696 212
4697 197
4698 196
4699 198
4700 223
4701 206
4702 191
4703 184
4704 185
4705 204
4706 199
4707 223
4708 220
4709 241
4710 229
4711 229
4712 231
4713 217
4714 226
4715 205
4716 177
4717 172
4718 172
4719 167
4720 142
4721 139
4722 162
4723 167
4724 164
4725 138
4726 148
4727 144
4728 133
4729 128
4730 129
4731 116
4732 115
4733 118
4734 123
4735 91
4736 89
4737 92
4738 63
4739 68
4740 61
4741 63
4742 55
4743 45
4744 40
4745 42
4746 36
4747 29
4748 28
4749 22
4750 22
4751 14
4752 10
4753 10
4754 13
4755 9
4756 6
4757 6
4758 6
4759 7
4760 14
4761 10
4762 10
4763 12
4764 11
4765 8
4766 9
4767 5
4768 3
4769 2
4770 2
4771 5
4772 3
4773 2
4774 2
4775 1
4776 0
4777 0
4778 0
4779 0
4780 0
4781 0
4782 0
4783 1
4784 1
4785 2
4786 0
4787 0
4788 0
4789 0
4790 0
4791 1
4792 0
4793 0
4794 0
4795 0
4796 0
4797 0
4798 0
4799 0
4800 0
4801 0
4802 0
4803 0
4804 0
4805 0
4806 0
4807 1
4808 2
4809 4
4810 4
4811 3
4812 2
4813 3
4814 2
4815 4
4816 4
4817 1
4818 2
4819 1
4820 1
4821 1
4822 4
4823 3
4824 3
4825 5
4826 2
4827 3
4828 2
4829 4
4830 4
4831 8
4832 8
4833 12
4834 16
4835 17
4836 27
4837 26
4838 21
4839 21
4840 20
4841 11
4842 11
4843 16
4844 15
4845 11
4846 5
4847 0
4848 0
4849 0
4850 0
4851 0
4852 0
4853 0
4854 0
4855 0
4856 0
4857 0
4858 1
4859 3
4860 4
4861 1
4862 2
4863 3
4864 4
4865 4
4866 2
4867 0
4868 1
4869 1
4870 3
4871 3
4872 4
4873 3
4874 4
4875 4
4876 3
4877 3
4878 4
4879 5
4880 9
4881 11
4882 12
4883 9
4884 14
4885 11
4886 7
4887 6
4888 7
4889 7
4890 7
4891 4
4892 4
4893 1
4894 1
4895 1
4896 2
4897 1
4898 1
4899 2
4900 0
4901 0
4902 0
4903 0
4904 0
4905 1
4906 2
4907 1
4908 2
4909 2
4910 1
4911 1
4912 1
4913 1
4914 1
4915 3
4916 3
4917 5
4918 3
4919 3
4920 3
4921 2
4922 1
4923 3
4924 3
4925 4
4926 5
4927 6
4928 4
4929 5
4930 7
4931 8
4932 11
4933 8
4934 7
4935 2
4936 2
4937 4
4938 4
4939 3
4940 6
4941 8
4942 12
4943 11
4944 16
4945 17
4946 20
4947 18
4948 23
4949 19
4950 21
4951 30
4952 36
4953 28
4954 23
4955 23
4956 16
4957 22
4958 31
4959 32
4960 34
4961 28
4962 22
4963 28
4964 28
4965 27
4966 33
4967 32
4968 25
4969 20
4970 15
4971 17
4972 27
4973 23
4974 34
4975 31
4976 39
4977 40
4978 36
4979 52
4980 49
4981 44
4982 35
4983 39
4984 43
4985 39
4986 42
4987 38
4988 39
4989 29
4990 28
4991 28
4992 28
4993 24
4994 31
4995 41
4996 44
4997 37
4998 41
4999 44
5000 42
5001 40
5002 44
5003 42
5004 47
5005 40
5006 41
5007 48
5008 49
5009 39
5010 57
5011 57
5012 66
5013 66
5014 63
5015 83
5016 76
5017 69
5018 67
5019 70
5020 62
5021 77
5022 71
5023 72
5024 74
5025 88
5026 103
5027 89
5028 100
5029 106
5030 99
5031 94
5032 87
5033 87
5034 98
5035 102
5036 104
5037 94
5038 99
5039 106
5040 99
5041 90
5042 94
5043 102
5044 93
5045 92
5046 85
5047 100
5048 100
5049 95
5050 71
5051 78
5052 74
5053 62
5054 50
5055 52
5056 56
5057 59
5058 63
5059 68
5060 58
5061 46
5062 46
5063 38
5064 44
5065 42
5066 44
5067 39
5068 39
5069 40
5070 38
5071 32
5072 26
5073 24
5074 26
5075 28
5076 23
5077 23
5078 15
5079 16
5080 20
5081 16
5082 17
5083 23
5084 18
5085 23
5086 21
5087 19
5088 21
5089 28
5090 30
5091 32
5092 29
5093 29
5094 34
5095 37
5096 42
5097 48
5098 42
5099 44
5100 48
5101 50
5102 45
5103 44
5104 51
5105 37
5106 35
5107 35
5108 36
5109 30
5110 29
5111 23
5112 20
5113 20
5114 15
5115 8
5116 7
5117 11
5118 6
5119 7
5120 6
5121 7
5122 5
5123 2
5124 2
5125 4
5126 2
5127 2
5128 3
5129 2
5130 3
5131 1
5132 1
5133 1
5134 0
5135 1
5136 1
5137 1
5138 2
5139 3
5140 2
5141 6
5142 3
5143 3
5144 2
5145 4
5146 6
5147 6
5148 7
5149 4
5150 0
5151 0
5152 0
5153 0
5154 1
5155 0
5156 1
5157 0
5158 0
5159 0
5160 0
5161 0
5162 0
5163 0
5164 1
5165 2
5166 3
5167 2
5168 1
5169 1
5170 2
5171 3
5172 3
5173 9
5174 14
5175 16
5176 12
5177 8
5178 11
5179 15
5180 15
5181 21
5182 23
5183 35
5184 43
5185 51
5186 50
5187 43
5188 53
5189 51
5190 50
5191 50
5192 53
5193 38
5194 34
5195 26
5196 28
5197 24
5198 29
5199 27
5200 21
5201 20
5202 22
5203 29
5204 28
5205 31
5206 29
5207 24
5208 21
5209 20
5210 28
5211 29
5212 33
5213 37
5214 35
5215 30
5216 28
5217 26
5218 36
5219 34
5220 26
5221 23
5222 23
5223 27
5224 17
5225 16
5226 21
5227 15
5228 18
5229 19
5230 16
5231 21
5232 18
5233 23
5234 19
5235 18
5236 28
5237 32
5238 20
5239 27
5240 22
5241 32
5242 31
5243 26
5244 24
5245 25
5246 28
5247 32
5248 36
5249 32
5250 44
5251 39
5252 41
5253 46
5254 41
5255 32
5256 29
5257 32
5258 33
5259 36
5260 44
5261 38
5262 47
5263 47
5264 48
5265 46
5266 39
5267 38
5268 47
5269 46
5270 43
5271 37
5272 35
5273 32
5274 23
5275 23
5276 14
5277 13
5278 13
5279 9
5280 10
5281 12
5282 14
5283 13
5284 12
5285 17
5286 11
5287 11
5288 10
5289 11
5290 11
5291 8
5292 3
5293 1
5294 2
5295 0
5296 1
5297 2
5298 4
5299 4
5300 3
5301 4
5302 5
5303 5
5304 4
5305 10
5306 6
5307 9
5308 13
5309 13
5310 13
5311 15
5312 14
5313 16
5314 17
5315 17
5316 21
5317 26
5318 28
5319 32
5320 34
5321 19
5322 20
5323 18
5324 18
5325 22
5326 24
5327 35
5328 31
5329 31
5330 30
5331 28
5332 31
5333 29
5334 32
5335 35
5336 41
5337 43
5338 44
5339 49
5340 44
5341 41
5342 39
5343 45
5344 53
5345 53
5346 57
5347 45
5348 43
5349 47
5350 41
5351 39
5352 44
5353 45
5354 47
5355 61
5356 64
5357 65
5358 60
5359 74
5360 79
5361 81
5362 73
5363 72
5364 80
5365 94
5366 94
5367 114
5368 138
5369 134
5370 124
5371 125
5372 116
5373 126
5374 111
5375 93
5376 98
5377 88
5378 101
5379 102
5380 98
5381 93
5382 113
5383 111
5384 95
5385 95
5386 78
5387 74
5388 62
5389 73
5390 80
5391 82
5392 90
5393 83
5394 95
5395 92
5396 89
5397 123
5398 121
5399 126
5400 138
5401 126
5402 132
5403 109
5404 107
5405 109
5406 107
5407 93
5408 94
5409 94
5410 96
5411 89
5412 89
5413 100
5414 82
5415 83
5416 81
5417 96
5418 96
5419 118
5420 108
5421 99
5422 98
5423 96
5424 90
5425 100
5426 93
5427 105
5428 105
5429 109
5430 121
5431 120
5432 116
5433 104
5434 109
5435 108
5436 105
5437 120
5438 139
5439 141
5440 152
5441 156
5442 155
5443 163
5444 167
5445 166
5446 184
5447 187
5448 166
5449 159
5450 168
5451 184
5452 226
5453 219
5454 227
5455 255
5456 228
5457 225
5458 251
5459 251
5460 245
5461 265
5462 276
5463 275
5464 303
5465 347
5466 387
5467 423
5468 397
5469 381
5470 378
5471 402
5472 382
5473 382
5474 381
5475 380
5476 412
5477 383
5478 409
5479 398
5480 417
5481 383
5482 375
5483 383
5484 404
5485 398
5486 393
5487 389
5488 410
5489 412
5490 405
5491 409
5492 414
5493 410
5494 424
5495 396
5496 386
5497 403
5498 428
5499 447
5500 416
5501 436
5502 426
5503 432
5504 417
5505 446
5506 422
5507 413
5508 433
5509 415
5510 388
5511 387
5512 380
5513 363
5514 357
5515 361
5516 355
5517 354
5518 344
5519 326
5520 322
5521 335
5522 326
5523 342
5524 319
5525 351
5526 376
5527 346
5528 365
5529 389
5530 396
5531 401
5532 412
5533 425
5534 371
5535 364
5536 377
5537 361
5538 353
5539 324
5540 334
5541 323
5542 332
5543 350
5544 361
5545 348
5546 329
5547 323
5548 318
5549 317
5550 333
5551 312
5552 322
5553 337
5554 336
5555 359
5556 357
5557 333
5558 344
5559 351
5560 349
5561 369
5562 361
5563 362
5564 372
5565 360
5566 360
5567 342
5568 368
5569 354
5570 342
5571 344
5572 306
5573 280
5574 267
5575 276
5576 275
5577 263
5578 246
5579 270
5580 314
5581 297
5582 303
5583 317
5584 342
5585 335
5586 336
5587 305
5588 323
5589 313
5590 293
5591 293
5592 281
5593 305
5594 298
5595 300
5596 295
5597 328
5598 311
5599 289
5600 302
5601 306
5602 322
5603 296
5604 294
5605 296
5606 314
5607 326
5608 347
5609 336
5610 350
5611 332
5612 343
5613 329
5614 308
5615 307
5616 280
5617 256
5618 250
5619 264
5620 246
5621 261
5622 223
5623 234
5624 247
5625 283
5626 271
5627 261
5628 252
5629 274
5630 287
5631 305
5632 285
5633 285
5634 277
5635 272
5636 243
5637 233
5638 272
5639 255
5640 276
5641 274
5642 274
5643 282
5644 284
5645 292
5646 309
5647 339
5648 327
5649 331
5650 339
5651 317
5652 325
5653 326
5654 337
5655 323
5656 303
5657 294
5658 296
5659 276
5660 274
5661 258
5662 247
5663 228
5664 251
5665 268
5666 295
5667 273
5668 235
5669 233
5670 210
5671 234
5672 225
5673 226
5674 221
5675 191
5676 183
5677 184
5678 185
5679 199
5680 199
5681 186
5682 178
5683 193
5684 177
5685 165
5686 172
5687 180
5688 188
5689 191
5690 203
5691 203
5692 203
5693 210
5694 199
5695 211
5696 218
5697 223
5698 216
5699 210
5700 205
5701 202
5702 206
5703 205
5704 211
5705 204
5706 200
5707 194
5708 190
5709 216
5710 212
5711 222
5712 246
5713 257
5714 254
5715 249
5716 238
5717 243
5718 223
5719 226
5720 236
5721 229
5722 259
5723 256
5724 252
5725 242
5726 235
5727 265
5728 287
5729 312
5730 293
5731 287
5732 288
5733 291
5734 321
5735 304
5736 322
5737 329
5738 363
5739 361
5740 382
5741 384
5742 350
5743 370
5744 352
5745 334
5746 339
5747 315
5748 314
5749 304
5750 337
5751 326
5752 321
5753 326
5754 285
5755 278
5756 308
5757 324
5758 318
5759 341
5760 338
5761 325
5762 339
5763 362
5764 319
5765 292
5766 332
5767 343
5768 372
5769 357
5770 352
5771 341
5772 382
5773 382
5774 408
5775 418
5776 429
5777 441
5778 463
5779 473
5780 500
5781 537
5782 498
5783 521
5784 512
5785 525
5786 527
5787 511
5788 553
5789 519
5790 518
5791 492
5792 466
5793 427
5794 375
5795 369
5796 349
5797 359
5798 355
5799 318
5800 313
5801 298
5802 291
5803 278
5804 277
5805 298
5806 330
5807 311
5808 274
5809 291
5810 303
5811 327
5812 300
5813 319
5814 305
5815 321
5816 347
5817 338
5818 343
5819 356
5820 360
5821 354
5822 341
5823 358
5824 362
5825 349
5826 361
5827 369
5828 407
5829 397
5830 405
5831 374
5832 372
5833 364
5834 349
5835 360
5836 332
5837 356
5838 334
5839 314
5840 283
5841 302
5842 309
5843 319
5844 326
5845 317
5846 315
5847 316
5848 309
5849 326
5850 331
5851 314
5852 318
5853 294
5854 284
5855 305
5856 309
5857 300
5858 295
5859 301
5860 276
5861 266
5862 270
5863 280
5864 249
5865 257
5866 262
5867 274
5868 264
5869 305
5870 306
5871 357
5872 387
5873 383
5874 387
5875 423
5876 431
5877 421
5878 443
5879 460
5880 447
5881 414
5882 403
5883 394
5884 366
5885 339
5886 328
5887 319
5888 334
5889 364
5890 350
5891 335
5892 361
5893 371
5894 372
5895 350
5896 333
5897 343
5898 370
5899 376
5900 397
5901 427
5902 435
5903 415
5904 401
5905 403
5906 394
5907 416
5908 413
5909 377
5910 386
5911 348
5912 358
5913 384
5914 409
5915 396
5916 408
5917 416
5918 418
5919 397
5920 445
5921 434
5922 411
5923 440
5924 446
5925 410
5926 423
5927 417
5928 451
5929 430
5930 422
5931 391
5932 411
5933 366
5934 355
5935 353
5936 336
5937 337
5938 314
5939 325
5940 316
5941 308
5942 291
5943 293
5944 330
5945 313
5946 315
5947 317
5948 311
5949 318
5950 326
5951 328
5952 343
5953 353
5954 351
5955 368
5956 367
5957 400
5958 383
5959 415
5960 401
5961 421
5962 408
5963 393
5964 405
5965 386
5966 404
5967 415
5968 406
5969 392
5970 364
5971 344
5972 357
5973 347
5974 341
5975 323
5976 317
5977 299
5978 284
5979 289
5980 247
5981 236
5982 212
5983 196
5984 181
5985 181
5986 194
5987 202
5988 210
5989 193
5990 200
5991 193
5992 185
5993 196
5994 222
5995 204
5996 208
5997 199
5998 190
5999 198
6000 198
6001 182
6002 160
6003 146
6004 120
6005 112
6006 112
6007 112
6008 122
6009 129
6010 120
6011 104
6012 99
6013 107
6014 97
6015 95
6016 96
6017 105
6018 92
6019 103
6020 101
6021 105
6022 122
6023 129
6024 113
6025 102
6026 113
6027 118
6028 109
6029 102
6030 100
6031 99
6032 100
6033 92
6034 88
6035 102
6036 108
6037 110
6038 107
6039 127
6040 132
6041 132
6042 148
6043 153
6044 176
6045 185
6046 176
6047 193
6048 213
6049 186
6050 183
6051 182
6052 204
6053 226
6054 238
6055 251
6056 251
6057 265
6058 277
6059 297
6060 296
6061 281
6062 315
6063 331
6064 345
6065 365
6066 359
6067 325
6068 334
6069 341
6070 351
6071 367
6072 384
6073 425
6074 480
6075 486
6076 453
6077 436
6078 424
6079 448
6080 447
6081 419
6082 431
6083 428
6084 459
6085 464
6086 451
6087 426
6088 469
6089 498
6090 495
6091 504
6092 496
6093 485
6094 484
6095 448
6096 459
6097 432
6098 401
6099 431
6100 439
6101 438
6102 440
6103 461
6104 432
6105 420
6106 452
6107 459
6108 429
6109 434
6110 431
6111 456
6112 428
6113 414
6114 415
6115 397
6116 412
6117 411
6118 405
6119 409
6120 402
6121 422
6122 405
6123 436
6124 386
6125 410
6126 414
6127 377
6128 364
6129 374
6130 370
6131 378
6132 383
6133 401
6134 437
6135 416
6136 448
6137 454
6138 466
6139 481
6140 463
6141 461
6142 488
6143 457
6144 437
6145 414
6146 424
6147 461
6148 423
6149 411
6150 391
6151 365
6152 384
6153 366
6154 378
6155 398
6156 409
6157 421
6158 429
6159 409
6160 461
6161 415
6162 397
6163 371
6164 371
6165 333
6166 363
6167 372
6168 379
6169 390
6170 394
6171 425
6172 396
6173 404
6174 408
6175 377
6176 388
6177 361
6178 347
6179 357
6180 330
6181 344
6182 346
6183 334
6184 342
6185 347
6186 358
6187 340
6188 321
6189 291
6190 272
6191 248
6192 251
6193 276
6194 268
6195 268
6196 237
6197 242
6198 247
6199 263
6200 290
6201 276
6202 286
6203 292
6204 269
6205 234
6206 233
6207 239
6208 234
6209 229
6210 210
6211 222
6212 260
6213 284
6214 282
6215 289
6216 292
6217 307
6218 294
6219 283
6220 267
6221 278
6222 261
6223 264
6224 270
6225 265
6226 288
6227 285
6228 271
6229 282
6230 256
6231 233
6232 224
6233 229
6234 234
6235 234
6236 231
6237 231
6238 223
6239 246
6240 236
6241 222
6242 233
6243 225
6244 220
6245 228
6246 218
6247 247
6248 251
6249 288
6250 285
6251 297
6252 296
6253 299
6254 320
6255 301
6256 273
6257 291
6258 291
6259 279
6260 297
6261 301
6262 298
6263 302
6264 278
6265 301
6266 305
6267 303
6268 293
6269 302
6270 282
6271 263
6272 244
6273 256
6274 258
6275 259
6276 280
6277 287
6278 272
6279 269
6280 263
6281 232
6282 247
6283 234
6284 247
6285 242
6286 240
6287 245
6288 259
6289 262
6290 275
6291 285
6292 287
6293 295
6294 294
6295 315
6296 316
6297 285
6298 323
6299 334
6300 336
6301 313
6302 307
6303 311
6304 318
6305 324
6306 311
6307 310
6308 311
6309 310
6310 314
6311 312
6312 289
6313 307
6314 309
6315 305
6316 313
6317 357
6318 370
6319 344
6320 345
6321 351
6322 333
6323 336
6324 335
6325 357
6326 389
6327 388
6328 363
6329 346
6330 347
6331 338
6332 345
6333 341
6334 358
6335 375
6336 351
6337 334
6338 332
6339 321
6340 311
6341 309
6342 321
6343 299
6344 309
6345 328
6346 319
6347 326
6348 316
6349 323
6350 335
6351 352
6352 345
6353 355
6354 382
6355 385
6356 354
6357 381
6358 383
6359 397
6360 369
6361 399
6362 406
6363 429
6364 403
6365 388
6366 389
6367 432
6368 417
6369 435
6370 406
6371 393
6372 401
6373 417
6374 409
6375 422
6376 417
6377 415
6378 380
6379 384
6380 381
6381 357
6382 371
6383 321
6384 358
6385 347
6386 356
6387 352
6388 376
6389 334
6390 309
6391 265
6392 255
6393 248
6394 239
6395 252
6396 253
6397 220
6398 223
6399 202
6400 220
6401 226
6402 209
6403 216
6404 209
6405 238
6406 253
6407 259
6408 259
6409 265
6410 313
6411 314
6412 334
6413 351
6414 375
6415 382
6416 386
6417 380
6418 384
6419 360
6420 327
6421 360
6422 352
6423 340
6424 344
6425 333
6426 343
6427 331
6428 309
6429 309
6430 304
6431 288
6432 296
6433 294
6434 325
6435 354
6436 386
6437 382
6438 417
6439 459
6440 481
6441 540
6442 543
6443 527
6444 560
6445 529
6446 544
6447 521
6448 563
6449 508
6450 505
6451 499
6452 500
6453 474
6454 480
6455 478
6456 478
6457 501
6458 445
6459 445
6460 498
6461 494
6462 490
6463 487
6464 470
6465 451
6466 439
6467 416
6468 429
6469 415
6470 428
6471 428
6472 419
6473 469
6474 460
6475 475
6476 502
6477 509
6478 501
6479 512
6480 507
6481 516
6482 496
6483 466
6484 441
6485 401
6486 399
6487 424
6488 435
6489 448
6490 437
6491 414
6492 406
6493 422
6494 445
6495 432
6496 427
6497 389
6498 393
6499 405
6500 416
6501 423
6502 414
6503 429
6504 430
6505 430
6506 422
6507 369
6508 389
6509 408
6510 427
6511 416
6512 415
6513 403
6514 388
6515 372
6516 384
6517 360
6518 368
6519 374
6520 354
6521 396
6522 404
6523 388
6524 378
6525 370
6526 366
6527 376
6528 374
6529 358
6530 368
6531 369
6532 360
6533 354
6534 329
6535 352
6536 373
6537 374
6538 372
6539 362
6540 360
6541 373
6542 385
6543 395
6544 405
6545 392
6546 403
6547 396
6548 424
6549 413
6550 431
6551 491
6552 483
6553 431
6554 419
6555 435
6556 454
6557 483
6558 525
6559 500
6560 506
6561 532
6562 536
6563 535
6564 535
6565 529
6566 549
6567 539
6568 542
6569 564
6570 570
6571 560
6572 583
6573 564
6574 553
6575 527
6576 540
6577 558
6578 577
6579 505
6580 479
6581 454
6582 434
6583 394
6584 391
6585 420
6586 436
6587 454
6588 451
6589 420
6590 452
6591 409
6592 404
6593 416
6594 432
6595 387
6596 365
6597 349
6598 380
6599 384
6600 360
6601 367
6602 360
6603 379
6604 356
6605 318
6606 319
6607 291
6608 309
6609 288
6610 264
6611 259
6612 260
6613 248
6614 244
6615 271
6616 268
6617 290
6618 313
6619 339
6620 355
6621 344
6622 341
6623 318
6624 344
6625 354
6626 365
6627 399
6628 379
6629 368
6630 391
6631 432
6632 433
6633 460
6634 439
6635 425
6636 433
6637 418
6638 487
6639 494
6640 535
6641 548
6642 572
6643 528
6644 548
6645 562
6646 535
6647 538
6648 508
6649 520
6650 548
6651 561
6652 558
6653 594
6654 565
6655 550
6656 596
6657 618
6658 598
6659 596
6660 557
6661 530
6662 509
6663 478
6664 483
6665 478
6666 445
6667 433
6668 454
6669 446
6670 432
6671 446
6672 446
6673 457
6674 475
6675 462
6676 427
6677 411
6678 438
6679 457
6680 459
6681 421
6682 439
6683 451
6684 449
6685 447
6686 485
6687 487
6688 473
6689 484
6690 473
6691 473
6692 478
6693 495
6694 485
6695 493
6696 481
6697 495
6698 520
6699 542
6700 548
6701 489
6702 485
6703 480
6704 472
6705 476
6706 477
6707 500
6708 460
6709 479
6710 458
6711 443
6712 430
6713 420
6714 406
6715 413
6716 417
6717 430
6718 423
6719 425
6720 474
6721 496
6722 520
6723 542
6724 547
6725 527
6726 513
6727 535
6728 498
6729 485
6730 485
6731 484
6732 455
6733 445
6734 445
6735 446
6736 408
6737 388
6738 360
6739 380
6740 376
6741 324
6742 336
6743 300
6744 312
6745 277
6746 253
6747 222
6748 228
6749 198
6750 186
6751 161
6752 160
6753 167
6754 167
6755 170
6756 173
6757 142
6758 133
6759 129
6760 141
6761 115
6762 126
6763 140
6764 126
6765 126
6766 123
6767 123
6768 149
6769 147
6770 138
6771 174
6772 163
6773 172
6774 185
6775 197
6776 187
6777 196
6778 211
6779 226
6780 212
6781 197
6782 187
6783 181
6784 186
6785 183
6786 199
6787 201
6788 214
6789 229
6790 210
6791 191
6792 196
6793 217
6794 228
6795 261
6796 239
6797 239
6798 244
6799 255
6800 246
6801 260
6802 236
6803 224
6804 210
6805 206
6806 207
6807 190
6808 176
6809 183
6810 177
6811 188
6812 190
6813 173
6814 186
6815 184
6816 189
6817 183
6818 175
6819 190
6820 162
6821 177
6822 176
6823 186
6824 189
6825 205
6826 193
6827 191
6828 191
6829 197
6830 208
6831 192
6832 184
6833 196
6834 178
6835 158
6836 170
6837 176
6838 159
6839 167
6840 188
6841 180
6842 179
6843 186
6844 180
6845 149
6846 162
6847 163
6848 182
6849 180
6850 173
6851 184
6852 179
6853 169
6854 170
6855 167
6856 176
6857 180
6858 158
6859 161
6860 152
6861 156
6862 134
6863 122
6864 122
6865 111
6866 108
6867 110
6868 108
6869 116
6870 99
6871 104
6872 96
6873 103
6874 91
6875 79
6876 84
6877 79
6878 81
6879 78
6880 76
6881 101
6882 118
6883 95
6884 107
6885 120
6886 123
6887 129
6888 95
6889 84
6890 90
6891 89
6892 111
6893 104
6894 108
6895 108
6896 119
6897 103
6898 109
6899 98
6900 112
6901 116
6902 130
6903 145
6904 146
6905 131
6906 152
6907 157
6908 153
6909 146
6910 144
6911 133
6912 144
6913 150
6914 144
6915 133
6916 131
6917 134
6918 136
6919 139
6920 133
6921 138
6922 133
6923 146
6924 139
6925 151
6926 152
6927 156
6928 156
6929 176
6930 162
6931 187
6932 196
6933 184
6934 200
6935 188
6936 193
6937 182
6938 173
6939 179
6940 174
6941 162
6942 161
6943 159
6944 175
6945 197
6946 205
6947 203
6948 235
6949 208
6950 247
6951 228
6952 213
6953 240
6954 259
6955 293
6956 301
6957 312
6958 311
6959 298
6960 301
6961 310
6962 340
6963 326
6964 321
6965 348
6966 370
6967 367
6968 371
6969 380
6970 341
6971 335
6972 342
6973 346
6974 300
6975 306
6976 283
6977 294
6978 297
6979 278
6980 286
6981 266
6982 254
6983 260
6984 261
6985 235
6986 227
6987 225
6988 221
6989 207
6990 213
6991 203
6992 195
6993 197
6994 211
6995 210
6996 216
6997 208
6998 213
6999 210
7000 199
7001 200
7002 200
7003 197
7004 189
7005 190
7006 189
7007 202
7008 178
7009 191
7010 204
7011 182
7012 173
7013 194
7014 194
7015 189
7016 201
7017 191
7018 199
7019 198
7020 201
7021 210
7022 225
7023 242
7024 235
7025 228
7026 242
7027 231
7028 226
7029 229
7030 242
7031 227
7032 218
7033 218
7034 192
7035 189
7036 197
7037 193
7038 186
7039 185
7040 185
7041 211
7042 241
7043 233
7044 219
7045 219
7046 227
7047 239
7048 242
7049 256
7050 253
7051 243
7052 261
7053 254
7054 231
7055 228
7056 220
7057 227
7058 249
7059 215
7060 229
7061 225
7062 242
7063 242
7064 238
7065 249
7066 249
7067 242
7068 253
7069 279
7070 304
7071 290
7072 271
7073 255
7074 249
7075 271
7076 273
7077 271
7078 282
7079 259
7080 245
7081 250
7082 254
7083 271
7084 271
7085 265
7086 245
7087 248
7088 246
7089 255
7090 281
7091 284
7092 287
7093 280
7094 307
7095 348
7096 336
7097 332
7098 323
7099 339
7100 342
7101 343
7102 348
7103 318
7104 321
7105 312
7106 307
7107 333
7108 344
7109 343
7110 349
7111 345
7112 370
7113 370
7114 375
7115 341
7116 336
7117 351
7118 344
7119 354
7120 330
7121 313
7122 300
7123 282
7124 261
7125 273
7126 293
7127 299
7128 323
7129 288
7130 307
7131 282
7132 288
7133 288
7134 257
7135 257
7136 262
7137 280
7138 280
7139 283
7140 297
7141 311
7142 323
7143 305
7144 311
7145 317
7146 315
7147 324
7148 354
7149 355
7150 367
7151 351
7152 367
7153 376
7154 414
7155 440
7156 443
7157 439
7158 443
7159 434
7160 419
7161 424
7162 416
7163 411
7164 438
7165 433
7166 422
7167 417
7168 414
7169 415
7170 434
7171 420
7172 432
7173 408
7174 417
7175 397
7176 415
7177 408
7178 402
7179 391
7180 398
7181 395
7182 403
7183 415
7184 420
7185 419
7186 436
7187 460
7188 471
7189 460
7190 448
7191 438
7192 421
7193 448
7194 461
7195 430
7196 375
7197 365
7198 350
7199 371
7200 361
7201 365
7202 361
7203 361
7204 366
7205 352
7206 348
7207 332
7208 319
7209 318
7210 328
7211 346
7212 344
7213 372
7214 332
7215 351
7216 372
7217 388
7218 418
7219 415
7220 420
7221 382
7222 391
7223 410
7224 418
7225 410
7226 382
7227 367
7228 363
7229 395
7230 391
7231 397
7232 371
7233 366
7234 387
7235 375
7236 393
7237 388
7238 396
7239 400
7240 405
7241 411
7242 419
7243 401
7244 413
7245 421
7246 432
7247 457
7248 449
7249 458
7250 435
7251 458
7252 480
7253 475
7254 460
7255 445
7256 448
7257 424
7258 443
7259 452
7260 451
7261 416
7262 431
7263 418
7264 447
7265 457
7266 423
7267 421
7268 419
7269 366
7270 350
7271 324
7272 305
7273 312
7274 357
7275 354
7276 345
7277 339
7278 325
7279 335
7280 334
7281 335
7282 309
7283 292
7284 305
7285 282
7286 271
7287 303
7288 293
7289 325
7290 315
7291 345
7292 337
7293 315
7294 320
7295 319
7296 325
7297 341
7298 351
7299 310
7300 331
7301 321
7302 335
7303 354
7304 346
7305 366
7306 361
7307 404
7308 449
7309 482
7310 487
7311 494
7312 474
7313 464
7314 439
7315 467
7316 474
7317 457
7318 439
7319 442
7320 454
7321 466
7322 501
7323 536
7324 576
7325 601
7326 587
7327 617
7328 620
7329 649
7330 661
7331 653
7332 669
7333 664
7334 648
7335 692
7336 693
7337 726
7338 684
7339 687
7340 638
7341 604
7342 636
7343 661
7344 696
7345 699
7346 691
7347 680
7348 735
7349 732
7350 751
7351 709
7352 710
7353 724
7354 705
7355 719
7356 730
7357 749
7358 767
7359 798
7360 855
7361 904
7362 870
7363 892
7364 923
7365 876
7366 828
7367 824
7368 829
7369 846
7370 855
7371 863
7372 840
7373 823
7374 780
7375 775
7376 769
7377 803
7378 820
7379 800
7380 789
7381 789
7382 789
7383 792
7384 748
7385 752
7386 786
7387 793
7388 821
7389 815
7390 800
7391 762
7392 759
7393 771
7394 736
7395 688
7396 722
7397 688
7398 691
7399 665
7400 685
7401 705
7402 670
7403 698
7404 671
7405 659
7406 648
7407 649
7408 705
7409 708
7410 727
7411 712
7412 700
7413 728
7414 730
7415 725
7416 723
7417 690
7418 710
7419 734
7420 719
7421 689
7422 698
7423 750
7424 726
7425 738
7426 734
7427 743
7428 728
7429 728
7430 713
7431 701
7432 746
7433 724
7434 704
7435 708
7436 734
7437 743
7438 756
7439 735
7440 799
7441 822
7442 813
7443 829
7444 816
7445 812
7446 817
7447 785
7448 745
7449 720
7450 722
7451 690
7452 662
7453 698
7454 677
7455 671
7456 629
7457 592
7458 589
7459 628
7460 628
7461 586
7462 613
7463 666
7464 687
7465 696
7466 737
7467 725
7468 736
7469 717
7470 736
7471 718
7472 709
7473 714
7474 737
7475 722
7476 736
7477 745
7478 766
7479 767
7480 810
7481 799
7482 819
7483 785
7484 811
7485 821
7486 883
7487 911
7488 918
7489 970
7490 952
7491 947
7492 971
7493 960
7494 958
7495 904
7496 906
7497 885
7498 885
7499 834
7500 815
7501 803
7502 784
7503 761
7504 731
7505 717
7506 730
7507 720
7508 695
7509 670
7510 662
7511 616
7512 655
7513 605
7514 587
7515 607
7516 599
7517 574
7518 611
7519 607
7520 598
7521 644
7522 656
7523 581
7524 553
7525 542
7526 550
7527 543
7528 489
7529 473
7530 468
7531 472
7532 464
7533 471
7534 499
7535 510
7536 467
7537 442
7538 491
7539 503
7540 504
7541 471
7542 471
7543 456
7544 440
7545 437
7546 435
7547 441
7548 465
7549 476
7550 494
7551 492
7552 498
7553 498
7554 514
7555 547
7556 564
7557 542
7558 519
7559 529
7560 560
7561 543
7562 529
7563 544
7564 541
7565 577
7566 582
7567 622
7568 636
7569 660
7570 676
7571 715
7572 767
7573 826
7574 808
7575 874
7576 863
7577 834
7578 772
7579 784
7580 758
7581 794
7582 872
7583 908
7584 919
7585 924
7586 934
7587 910
7588 914
7589 933
7590 919
7591 929
7592 892
7593 918
7594 864
7595 897
7596 899
7597 947
7598 965
7599 920
7600 971
7601 985
7602 1041
7603 1006
7604 991
7605 1051
7606 1066
7607 1111
7608 1152
7609 1137
7610 1140
7611 1143
7612 1151
7613 1179
7614 1179
7615 1169
7616 1104
7617 1046
7618 991
7619 901
7620 913
7621 911
7622 924
7623 919
7624 880
7625 869
7626 887
7627 876
7628 899
7629 879
7630 898
7631 961
7632 956
7633 922
7634 894
7635 912
7636 913
7637 882
7638 894
7639 892
7640 894
7641 889
7642 891
7643 832
7644 826
7645 815
7646 823
7647 772
7648 792
7649 763
7650 763
7651 751
7652 758
7653 749
7654 748
7655 728
7656 747
7657 783
7658 782
7659 816
7660 845
7661 849
7662 850
7663 821
7664 819
7665 878
7666 939
7667 946
7668 944
7669 902
7670 850
7671 852
7672 835
7673 866
7674 890
7675 858
7676 836
7677 828
7678 807
7679 747
7680 775
7681 771
7682 761
7683 790
7684 792
7685 764
7686 748
7687 727
7688 762
7689 830
7690 844
7691 854
7692 854
7693 839
7694 828
7695 813
7696 825
7697 801
7698 837
7699 799
7700 783
7701 754
7702 727
7703 736
7704 719
7705 699
7706 715
7707 764
7708 778
7709 772
7710 776
7711 757
7712 785
7713 809
7714 809
7715 784
7716 795
7717 796
7718 784
7719 811
7720 753
7721 735
7722 751
7723 748
7724 778
7725 762
7726 754
7727 753
7728 749
7729 731
7730 756
7731 745
7732 751
7733 719
7734 703
7735 685
7736 694
7737 661
7738 645
7739 640
7740 627
7741 599
7742 611
7743 599
7744 590
7745 605
7746 603
7747 634
7748 639
7749 615
7750 648
7751 633
7752 634
7753 632
7754 627
7755 689
7756 752
7757 770
7758 734
7759 732
7760 689
7761 676
7762 654
7763 671
7764 661
7765 679
7766 726
7767 714
7768 678
7769 675
7770 658
7771 660
7772 671
7773 639
7774 632
7775 618
7776 572
7777 613
7778 613
7779 612
7780 638
7781 619
7782 620
7783 621
7784 591
7785 596
7786 632
7787 626
7788 608
7789 610
7790 595
7791 608
7792 595
7793 562
7794 567
7795 551
7796 570
7797 552
7798 567
7799 545
7800 552
7801 520
7802 513
7803 535
7804 542
7805 536
7806 549
7807 559
7808 524
7809 489
7810 490
7811 516
7812 511
7813 539
7814 560
7815 597
7816 583
7817 592
7818 557
7819 494
7820 502
7821 504
7822 494
7823 509
7824 517
7825 504
7826 486
7827 478
7828 480
7829 467
7830 453
7831 448
7832 458
7833 473
7834 443
7835 431
7836 445
7837 432
7838 444
7839 441
7840 449
7841 481
7842 508
7843 486
7844 489
7845 462
7846 475
7847 464
7848 504
7849 495
7850 528
7851 525
7852 505
7853 513
7854 480
7855 473
7856 505
7857 486
7858 499
7859 495
7860 498
7861 471
7862 497
7863 486
7864 480
7865 475
7866 468
7867 510
7868 471
7869 503
7870 513
7871 502
7872 500
7873 486
7874 498
7875 490
7876 465
7877 444
7878 443
7879 428
7880 405
7881 402
7882 415
7883 422
7884 420
7885 423
7886 428
7887 403
7888 415
7889 438
7890 475
7891 489
7892 495
7893 470
7894 494
7895 482
7896 498
7897 499
7898 498
7899 502
7900 502
7901 546
7902 543
7903 576
7904 586
7905 593
7906 595
7907 525
7908 524
7909 525
7910 550
7911 557
7912 587
7913 566
7914 596
7915 589
7916 648
7917 624
7918 666
7919 646
7920 639
7921 599
7922 616
7923 580
7924 599
7925 612
7926 617
7927 601
7928 651
7929 654
7930 645
7931 627
7932 564
7933 555
7934 545
7935 563
7936 567
7937 586
7938 602
7939 572
7940 520
7941 494
7942 515
7943 505
7944 490
7945 456
7946 451
7947 438
7948 423
7949 438
7950 439
7951 489
7952 469
7953 480
7954 446
7955 450
7956 419
7957 423
7958 384
7959 407
7960 387
7961 365
7962 376
7963 363
7964 369
7965 359
7966 321
7967 314
7968 305
7969 313
7970 293
7971 303
7972 308
7973 300
7974 319
7975 325
7976 310
7977 318
7978 321
7979 317
7980 309
7981 311
7982 310
7983 300
7984 287
7985 319
7986 331
7987 321
7988 334
7989 375
7990 374
7991 359
7992 351
7993 373
7994 374
7995 371
7996 366
7997 397
7998 376
7999 384
8000 397
8001 406
8002 392
8003 387
8004 393
8005 361
8006 373
8007 389
8008 351
8009 354
8010 381
8011 370
8012 333
8013 331
8014 338
8015 356
8016 321
8017 336
8018 308
8019 288
8020 301
8021 310
8022 330
8023 342
8024 359
8025 372
8026 365
8027 351
8028 353
8029 368
8030 345
8031 346
8032 362
8033 352
8034 366
8035 383
8036 380
8037 367
8038 391
8039 407
8040 420
8041 398
8042 365
8043 402
8044 421
8045 447
8046 470
8047 483
8048 483
8049 468
8050 460
8051 411
8052 445
8053 452
8054 442
8055 452
8056 451
8057 471
8058 459
8059 480
8060 478
8061 479
8062 451
8063 440
8064 458
8065 454
8066 465
8067 461
8068 445
8069 450
8070 483
8071 478
8072 493
8073 474
8074 475
8075 478
8076 459
8077 451
8078 442
8079 434
8080 443
8081 459
8082 455
8083 432
8084 416
8085 385
8086 365
8087 377
8088 372
8089 377
8090 362
8091 402
8092 456
8093 445
8094 443
8095 471
8096 471
8097 444
8098 449
8099 430
8100 418
8101 431
8102 423
8103 433
8104 448
8105 448
8106 460
8107 468
8108 449
8109 454
8110 451
8111 458
8112 473
8113 479
8114 508
8115 501
8116 501
8117 497
8118 456
8119 465
8120 485
8121 464
8122 482
8123 487
8124 484
8125 473
8126 494
8127 535
8128 541
8129 529
8130 527
8131 509
8132 514
8133 526
8134 555
8135 536
8136 536
8137 537
8138 564
8139 589
8140 611
8141 610
8142 610
8143 635
8144 656
8145 625
8146 641
8147 649
8148 595
8149 600
8150 657
8151 665
8152 637
8153 655
8154 621
8155 617
8156 626
8157 633
8158 629
8159 623
8160 646
8161 650
8162 681
8163 727
8164 695
8165 657
8166 616
8167 637
8168 672
8169 637
8170 628
8171 647
8172 646
8173 631
8174 654
8175 639
8176 676
8177 676
8178 697
8179 673
8180 672
8181 699
8182 748
8183 785
8184 762
8185 776
8186 747
8187 743
8188 752
8189 719
8190 711
8191 750
8192 736
8193 746
8194 769
8195 756
8196 773
8197 756
8198 796
8199 822
8200 846
8201 846
8202 859
8203 860
8204 837
8205 856
8206 880
8207 923
8208 981
8209 954
8210 963
8211 1002
8212 1011
8213 1053
8214 1037
8215 1034
8216 1011
8217 1047
8218 993
8219 1008
8220 1026
8221 1013
8222 1014
8223 960
8224 937
8225 901
8226 911
8227 897
8228 899
8229 894
8230 873
8231 828
8232 876
8233 851
8234 879
8235 876
8236 876
8237 928
8238 925
8239 996
8240 972
8241 964
8242 945
8243 934
8244 954
8245 937
8246 953
8247 948
8248 963
8249 940
8250 976
8251 1001
8252 997
8253 917
8254 905
8255 910
8256 917
8257 930
8258 949
8259 993
8260 987
8261 981
8262 942
8263 960
8264 1022
8265 994
8266 959
8267 933
8268 917
8269 945
8270 1009
8271 988
8272 995
8273 993
8274 965
8275 957
8276 936
8277 919
8278 928
8279 902
8280 870
8281 894
8282 847
8283 881
8284 888
8285 895
8286 857
8287 843
8288 881
8289 943
8290 901
8291 872
8292 893
8293 910
8294 921
8295 895
8296 858
8297 887
8298 872
8299 885
8300 929
8301 958
8302 941
8303 933
8304 924
8305 904
8306 908
8307 905
8308 899
8309 958
8310 989
8311 992
8312 986
8313 1007
8314 955
8315 932
8316 990
8317 1028
8318 1058
8319 1051
8320 1037
8321 1040
8322 971
8323 918
8324 886
8325 880
8326 894
8327 902
8328 910
8329 915
8330 902
8331 890
8332 913
8333 989
8334 1023
8335 999
8336 989
8337 986
8338 941
8339 964
8340 980
8341 969
8342 1010
8343 1037
8344 999
8345 1028
8346 1013
8347 1042
8348 1029
8349 1007
8350 1010
8351 941
8352 912
8353 901
8354 854
8355 803
8356 778
8357 751
8358 710
8359 762
8360 792
8361 816
8362 844
8363 796
8364 785
8365 791
8366 778
8367 741
8368 759
8369 794
8370 772
8371 772
8372 766
8373 764
8374 797
8375 776
8376 734
8377 682
8378 684
8379 693
8380 687
8381 671
8382 639
8383 613
8384 591
8385 587
8386 601
8387 619
8388 604
8389 569
8390 575
8391 549
8392 530
8393 537
8394 545
8395 532
8396 504
8397 524
8398 565
8399 573
8400 573
8401 572
8402 574
8403 573
8404 553
8405 484
8406 476
8407 465
8408 461
8409 447
8410 452
8411 467
8412 512
8413 477
8414 503
8415 496
8416 527
8417 515
8418 488
8419 453
8420 446
8421 429
8422 403
8423 353
8424 370
8425 364
8426 344
8427 333
8428 307
8429 287
8430 302
8431 294
8432 283
8433 339
8434 346
8435 352
8436 381
8437 374
8438 363
8439 354
8440 386
8441 366
8442 353
8443 372
8444 419
8445 442
8446 457
8447 450
8448 462
8449 454
8450 469
8451 492
8452 536
8453 510
8454 489
8455 521
8456 478
8457 440
8458 436
8459 461
8460 494
8461 491
8462 491
8463 488
8464 501
8465 496
8466 506
8467 509
8468 522
8469 542
8470 519
8471 493
8472 483
8473 467
8474 469
8475 490
8476 477
8477 470
8478 463
8479 482
8480 479
8481 452
8482 485
8483 462
8484 476
8485 475
8486 457
8487 452
8488 455
8489 479
8490 496
8491 455
8492 453
8493 453
8494 454
8495 472
8496 464
8497 434
8498 438
8499 437
8500 459
8501 452
8502 491
8503 489
8504 501
8505 497
8506 502
8507 484
8508 443
8509 440
8510 443
8511 422
8512 444
8513 440
8514 454
8515 458
8516 478
8517 478
8518 466
8519 466
8520 457
8521 440
8522 465
8523 479
8524 514
8525 528
8526 528
8527 557
8528 513
8529 510
8530 516
8531 529
8532 522
8533 520
8534 513
8535 498
8536 458
8537 427
8538 436
8539 432
8540 413
8541 426
8542 439
8543 422
8544 477
8545 470
8546 503
8547 514
8548 516
8549 500
8550 517
8551 519
8552 526
8553 527
8554 555
8555 527
8556 494
8557 500
8558 488
8559 479
8560 491
8561 497
8562 460
8563 476
8564 497
8565 482
8566 451
8567 443
8568 467
8569 463
8570 457
8571 446
8572 429
8573 427
8574 461
8575 475
8576 487
8577 494
8578 458
8579 467
8580 426
8581 438
8582 442
8583 429
8584 410
8585 386
8586 350
8587 392
8588 393
8589 383
8590 389
8591 401
8592 381
8593 372
8594 370
8595 363
8596 332
8597 323
8598 303
8599 301
8600 266
8601 259
8602 254
8603 254
8604 243
8605 243
8606 258
8607 275
8608 246
8609 270
8610 245
8611 255
8612 259
8613 266
8614 290
8615 271
8616 298
8617 320
8618 320
8619 310
8620 286
8621 283
8622 308
8623 304
8624 288
8625 281
8626 294
8627 314
8628 294
8629 313
8630 265
8631 250
8632 248
8633 241
8634 241
8635 216
8636 210
8637 198
8638 198
8639 175
8640 170
8641 184
8642 174
8643 169
8644 140
8645 153
8646 159
8647 169
8648 158
8649 166
8650 144
8651 140
8652 138
8653 130
8654 106
8655 122
8656 133
8657 132
8658 138
8659 133
8660 139
8661 130
8662 145
8663 147
8664 145
8665 137
8666 120
8667 133
8668 126
8669 100
8670 109
8671 119
8672 110
8673 106
8674 109
8675 115
8676 108
8677 100
8678 91
8679 89
8680 95
8681 100
8682 95
8683 90
8684 100
8685 99
8686 96
8687 102
8688 92
8689 100
8690 103
8691 103
8692 114
8693 128
8694 117
8695 112
8696 120
8697 114
8698 109
8699 117
8700 124
8701 137
8702 147
8703 134
8704 135
8705 139
8706 141
8707 138
8708 133
8709 136
8710 153
8711 129
8712 107
8713 115
8714 131
8715 141
8716 148
8717 162
8718 178
8719 159
8720 166
8721 168
8722 149
8723 143
8724 154
8725 142
8726 158
8727 188
8728 180
8729 170
8730 143
8731 130
8732 137
8733 134
8734 124
8735 136
8736 147
8737 133
8738 129
8739 136
8740 133
8741 138
8742 132
8743 124
8744 103
8745 107
8746 130
8747 126
8748 129
8749 140
8750 134
8751 133
8752 131
8753 132
8754 140
8755 140
8756 149
8757 131
8758 132
8759 151
8760 153
8761 158
8762 170
8763 151
8764 176
8765 191
8766 200
8767 193
8768 202
8769 190
8770 200
8771 201
8772 200
8773 190
8774 162
8775 168
8776 155
8777 169
8778 171
8779 182
8780 182
8781 189
8782 173
8783 172
8784 186
8785 208
8786 222
8787 203
8788 191
8789 194
8790 199
8791 206
8792 210
8793 189
8794 163
8795 154
8796 166
8797 178
8798 153
8799 163
8800 164
8801 162
8802 166
8803 184
8804 179
8805 156
8806 151
8807 138
8808 133
8809 141
8810 160
8811 153
8812 153
8813 141
8814 131
8815 120
8816 105
8817 98
8818 87
8819 86
8820 93
8821 91
8822 105
8823 110
8824 100
8825 121
8826 126
8827 144
8828 141
8829 118
8830 107
8831 100
8832 87
8833 83
8834 88
8835 92
8836 90
8837 83
8838 75
8839 78
8840 84
8841 76
8842 77
8843 80
8844 89
8845 91
8846 88
8847 84
8848 79
8849 93
8850 96
8851 115
8852 114
8853 129
8854 126
8855 137
8856 125
8857 125
8858 104
8859 101
8860 107
8861 115
8862 158
8863 172
8864 167
8865 158
8866 149
8867 144
8868 143
8869 161
8870 164
8871 149
8872 151
8873 175
8874 172
8875 160
8876 179
8877 201
8878 190
8879 199
8880 202
8881 198
8882 199
8883 204
8884 187
8885 162
8886 158
8887 168
8888 165
8889 158
8890 153
8891 164
8892 153
8893 163
8894 167
8895 177
8896 159
8897 161
8898 163
8899 172
8900 169
8901 176
8902 186
8903 218
8904 207
8905 202
8906 176
8907 178
8908 184
8909 183
8910 183
8911 180
8912 193
8913 198
8914 160
8915 150
8916 151
8917 153
8918 120
8919 108
8920 106
8921 121
8922 116
8923 123
8924 130
8925 97
8926 90
8927 72
8928 78
8929 90
8930 104
8931 106
8932 100
8933 90
8934 83
8935 97
8936 108
8937 102
8938 96
8939 98
8940 90
8941 88
8942 83
8943 91
8944 97
8945 97
8946 93
8947 98
8948 96
8949 80
8950 76
8951 86
8952 93
8953 91
8954 90
8955 88
8956 87
8957 82
8958 95
8959 95
8960 93
8961 93
8962 105
8963 100
8964 97
8965 97
8966 95
8967 109
8968 132
8969 114
8970 98
8971 86
8972 82
8973 75
8974 90
8975 76
8976 77
8977 70
8978 65
8979 74
8980 67
8981 61
8982 54
8983 54
8984 65
8985 62
8986 66
8987 65
8988 69
8989 62
8990 71
8991 63
8992 71
8993 69
8994 69
8995 70
8996 65
8997 54
8998 58
8999 48
9000 53
9001 40
9002 37
9003 34
9004 39
9005 39
9006 35
9007 33
9008 31
9009 36
9010 34
9011 37
9012 40
9013 37
9014 50
9015 53
9016 56
9017 49
9018 45
9019 45
9020 48
9021 40
9022 39
9023 38
9024 38
9025 30
9026 20
9027 26
9028 34
9029 25
9030 21
9031 28
9032 33
9033 31
9034 28
9035 37
9036 37
9037 41
9038 31
9039 29
9040 29
9041 26
9042 23
9043 16
9044 24
9045 28
9046 34
9047 33
9048 34
9049 29
9050 24
9051 36
9052 26
9053 21
9054 24
9055 22
9056 18
9057 20
9058 24
9059 30
9060 18
9061 26
9062 26
9063 16
9064 22
9065 28
9066 33
9067 25
9068 27
9069 26
9070 36
9071 30
9072 25
9073 33
9074 27
9075 31
9076 34
9077 29
9078 35
9079 34
9080 33
9081 34
9082 34
9083 36
9084 30
9085 32
9086 31
9087 31
9088 39
9089 44
9090 55
9091 57
9092 60
9093 59
9094 52
9095 57
9096 58
9097 65
9098 64
9099 59
9100 68
9101 67
9102 84
9103 100
9104 94
9105 104
9106 107
9107 121
9108 115
9109 127
9110 118
9111 125
9112 116
9113 120
9114 137
9115 110
9116 103
9117 91
9118 84
9119 75
9120 77
9121 80
9122 87
9123 103
9124 102
9125 87
9126 71
9127 68
9128 63
9129 61
9130 62
9131 53
9132 52
9133 52
9134 70
9135 68
9136 63
9137 56
9138 54
9139 38
9140 35
9141 35
9142 34
9143 33
9144 39
9145 50
9146 70
9147 76
9148 91
9149 93
9150 72
9151 75
9152 80
9153 75
9154 59
9155 51
9156 60
9157 55
9158 55
9159 61
9160 48
9161 54
9162 57
9163 48
9164 50
9165 56
9166 63
9167 62
9168 72
9169 71
9170 86
9171 85
9172 93
9173 99
9174 110
9175 111
9176 124
9177 128
9178 106
9179 86
9180 75
9181 86
9182 95
9183 95
9184 115
9185 123
9186 123
9187 111
9188 111
9189 119
9190 109
9191 93
9192 83
9193 111
9194 116
9195 104
9196 110
9197 124
9198 122
9199 118
9200 123
9201 143
9202 151
9203 126
9204 118
9205 122
9206 97
9207 101
9208 118
9209 117
9210 106
9211 87
9212 90
9213 111
9214 127
9215 136
9216 139
9217 146
9218 141
9219 141
9220 159
9221 173
9222 187
9223 174
9224 181
9225 212
9226 222
9227 232
9228 220
9229 231
9230 216
9231 201
9232 241
9233 247
9234 233
9235 266
9236 276
9237 282
9238 290
9239 287
9240 303
9241 314
9242 321
9243 327
9244 314
9245 333
9246 319
9247 318
9248 298
9249 272
9250 279
9251 276
9252 272
9253 255
9254 273
9255 278
9256 263
9257 278
9258 276
9259 256
9260 252
9261 262
9262 266
9263 269
9264 292
9265 307
9266 314
9267 325
9268 331
9269 329
9270 313
9271 328
9272 317
9273 317
9274 303
9275 288
9276 292
9277 286
9278 284
9279 294
9280 289
9281 326
9282 336
9283 351
9284 339
9285 327
9286 339
9287 362
9288 323
9289 301
9290 272
9291 257
9292 241
9293 250
9294 252
9295 246
9296 244
9297 232
9298 228
9299 220
9300 215
9301 226
9302 239
9303 269
9304 286
9305 252
9306 238
9307 222
9308 231
9309 205
9310 185
9311 179
9312 197
9313 152
9314 153
9315 151
9316 143
9317 137
9318 148
9319 148
9320 171
9321 159
9322 146
9323 157
9324 168
9325 183
9326 167
9327 177
9328 175
9329 180
9330 182
9331 168
9332 177
9333 176
9334 170
9335 159
9336 140
9337 149
9338 163
9339 178
9340 185
9341 164
9342 167
9343 176
9344 177
9345 160
9346 155
9347 143
9348 130
9349 129
9350 124
9351 114
9352 105
9353 98
9354 100
9355 99
9356 87
9357 85
9358 85
9359 84
9360 67
9361 71
9362 76
9363 86
9364 89
9365 78
9366 78
9367 92
9368 79
9369 71
9370 82
9371 89
9372 103
9373 99
9374 81
9375 74
9376 61
9377 57
9378 55
9379 69
9380 70
9381 76
9382 58
9383 48
9384 57
9385 67
9386 63
9387 69
9388 72
9389 76
9390 82
9391 85
9392 80
9393 83
9394 85
9395 78
9396 68
9397 66
9398 61
9399 79
9400 81
9401 91
9402 109
9403 98
9404 97
9405 101
9406 99
9407 95
9408 80
9409 84
9410 77
9411 81
9412 69
9413 60
9414 70
9415 68
9416 62
9417 52
9418 56
9419 59
9420 59
9421 65
9422 50
9423 52
9424 49
9425 61
9426 59
9427 60
9428 49
9429 40
9430 36
9431 35
9432 35
9433 41
9434 41
9435 36
9436 36
9437 39
9438 51
9439 47
9440 38
9441 45
9442 52
9443 49
9444 39
9445 39
9446 53
9447 50
9448 63
9449 66
9450 82
9451 86
9452 86
9453 82
9454 73
9455 67
9456 55
9457 64
9458 69
9459 62
9460 57
9461 45
9462 39
9463 35
9464 31
9465 33
9466 26
9467 35
9468 28
9469 24
9470 33
9471 32
9472 39
9473 44
9474 45
9475 39
9476 38
9477 44
9478 48
9479 48
9480 42
9481 47
9482 50
9483 56
9484 65
9485 69
9486 74
9487 54
9488 43
9489 42
9490 39
9491 27
9492 30
9493 32
9494 28
9495 28
9496 26
9497 32
9498 33
9499 25
9500 37
9501 38
9502 33
9503 33
9504 35
9505 45
9506 55
9507 55
9508 59
9509 56
9510 52
9511 53
9512 64
9513 71
9514 78
9515 65
9516 60
9517 84
9518 69
9519 63
9520 80
9521 81
9522 74
9523 73
9524 63
9525 62
9526 63
9527 54
9528 48
9529 35
9530 47
9531 53
9532 71
9533 68
9534 58
9535 73
9536 78
9537 75
9538 60
9539 44
9540 53
9541 56
9542 58
9543 59
9544 59
9545 55
9546 46
9547 57
9548 61
9549 68
9550 58
9551 56
9552 56
9553 51
9554 44
9555 45
9556 47
9557 45
9558 52
9559 57
9560 50
9561 35
9562 36
9563 25
9564 25
9565 16
9566 9
9567 12
9568 6
9569 10
9570 16
9571 15
9572 16
9573 13
9574 12
9575 11
9576 13
9577 14
9578 13
9579 19
9580 29
9581 33
9582 36
9583 32
9584 40
9585 32
9586 38
9587 43
9588 52
9589 45
9590 60
9591 56
9592 49
9593 40
9594 37
9595 39
9596 36
9597 23
9598 24
9599 21
9600 26
9601 34
9602 29
9603 32
9604 35
9605 32
9606 29
9607 27
9608 28
9609 34
9610 40
9611 40
9612 49
9613 47
9614 48
9615 55
9616 52
9617 45
9618 60
9619 56
9620 50
9621 47
9622 42
9623 38
9624 44
9625 39
9626 33
9627 27
9628 38
9629 45
9630 42
9631 35
9632 28
9633 32
9634 44
9635 43
9636 46
9637 42
9638 40
9639 42
9640 41
9641 40
9642 50
9643 66
9644 73
9645 69
9646 79
9647 78
9648 78
9649 74
9650 86
9651 80
9652 87
9653 85
9654 79
9655 67
9656 69
9657 70
9658 73
9659 85
9660 84
9661 85
9662 98
9663 88
9664 84
9665 94
9666 82
9667 100
9668 80
9669 81
9670 86
9671 84
9672 66
9673 56
9674 73
9675 64
9676 55
9677 68
9678 66
9679 67
9680 70
9681 69
9682 71
9683 79
9684 81
9685 87
9686 85
9687 79
9688 88
9689 87
9690 92
9691 81
9692 55
9693 49
9694 31
9695 29
9696 20
9697 23
9698 20
9699 23
9700 21
9701 25
9702 34
9703 28
9704 34
9705 36
9706 30
9707 23
9708 25
9709 29
9710 34
9711 32
9712 33
9713 34
9714 37
9715 28
9716 31
9717 35
9718 36
9719 37
9720 31
9721 25
9722 27
9723 26
9724 34
9725 41
9726 34
9727 39
9728 43
9729 41
9730 48
9731 42
9732 43
9733 41
9734 40
9735 39
9736 33
9737 41
9738 37
9739 45
9740 59
9741 57
9742 59
9743 61
9744 76
9745 77
9746 67
9747 83
9748 92
9749 90
9750 96
9751 91
9752 79
9753 100
9754 91
9755 102
9756 115
9757 118
9758 102
9759 114
9760 129
9761 118
9762 103
9763 111
9764 107
9765 110
9766 121
9767 113
9768 119
9769 103
9770 94
9771 97
9772 86
9773 82
9774 94
9775 99
9776 93
9777 103
9778 96
9779 100
9780 99
9781 103
9782 94
9783 90
9784 80
9785 83
9786 88
9787 99
9788 105
9789 109
9790 134
9791 134
9792 135
9793 133
9794 124
9795 146
9796 156
9797 140
9798 134
9799 125
9800 122
9801 132
9802 120
9803 132
9804 133
9805 127
9806 132
9807 124
9808 138
9809 114
9810 110
9811 109
9812 122
9813 127
9814 119
9815 116
9816 118
9817 108
9818 107
9819 105
9820 128
9821 127
9822 125
9823 125
9824 131
9825 141
9826 139
9827 135
9828 151
9829 133
9830 140
9831 133
9832 115
9833 132
9834 119
9835 104
9836 107
9837 117
9838 123
9839 120
9840 114
9841 126
9842 126
9843 123
9844 129
9845 133
9846 123
9847 122
9848 98
9849 86
9850 91
9851 80
9852 91
9853 89
9854 97
9855 97
9856 105
9857 91
9858 83
9859 84
9860 83
9861 75
9862 73
9863 89
9864 105
9865 102
9866 94
9867 76
9868 68
9869 63
9870 55
9871 52
9872 49
9873 40
9874 38
9875 28
9876 33
9877 39
9878 44
9879 57
9880 58
9881 56
9882 51
9883 45
9884 32
9885 28
9886 20
9887 20
9888 17
9889 17
9890 18
9891 22
9892 23
9893 17
9894 12
9895 13
9896 11
9897 8
9898 11
9899 16
9900 14
9901 18
9902 18
9903 19
9904 21
9905 18
9906 15
9907 21
9908 24
9909 22
9910 12
9911 11
9912 17
9913 18
9914 21
9915 28
9916 26
9917 20
9918 19
9919 26
9920 25
9921 25
9922 24
9923 23
9924 17
9925 19
9926 23
9927 23
9928 20
9929 30
9930 34
9931 23
9932 20
9933 17
9934 16
9935 16
9936 14
9937 18
9938 24
9939 36
9940 27
9941 31
9942 33
9943 35
9944 36
9945 23
9946 24
9947 26
9948 23
9949 20
9950 33
9951 46
9952 42
9953 39
9954 26
9955 33
9956 33
9957 37
9958 37
9959 47
9960 58
9961 62
9962 64
9963 69
9964 60
9965 54
9966 53
9967 55
9968 56
9969 61
9970 58
9971 53
9972 55
9973 51
9974 61
9975 66
9976 67
9977 67
9978 66
9979 62
9980 72
9981 85
9982 91
9983 81
9984 78
9985 97
9986 99
9987 116
9988 107
9989 128
9990 125
9991 126
9992 129
9993 121
9994 120
9995 127
9996 132
9997 132
9998 139
9999 160
10000 137
