1 0
2 0
3 0
4 1
5 0
6 0
7 0
8 0
9 0
10 1
11 0
12 0
13 0
14 0
15 0
16 1
17 2
18 1
19 1
20 1
21 0
22 0
23 0
24 0
25 0
26 1
27 0
28 0
29 0
30 0
31 0
32 0
33 0
34 0
35 0
36 0
37 0
38 0
39 0
40 0
41 0
42 0
43 1
44 1
45 1
46 0
47 0
48 1
49 0
50 0
51 0
52 1
53 1
54 1
55 0
56 0
57 0
58 1
59 2
60 4
61 6
62 1
63 1
64 0
65 2
66 0
67 0
68 0
69 0
70 0
71 0
72 0
73 1
74 2
75 2
76 1
77 2
78 4
79 5
80 7
81 11
82 10
83 9
84 14
85 15
86 16
87 19
88 16
89 12
90 13
91 17
92 23
93 21
94 30
95 32
96 32
97 36
98 45
99 46
100 57
101 50
102 48
103 48
104 36
105 29
106 29
107 35
108 39
109 34
110 26
111 25
112 27
113 29
114 30
115 35
116 35
117 35
118 32
119 37
120 31
121 33
122 32
123 25
124 28
125 30
126 22
127 23
128 21
129 23
130 25
131 32
132 32
133 32
134 27
135 30
136 29
137 30
138 30
139 40
140 37
141 36
142 44
143 45
144 44
145 45
146 50
147 63
148 53
149 53
150 59
151 69
152 60
153 63
154 68
155 60
156 50
157 62
158 58
159 62
160 61
161 56
162 59
163 61
164 57
165 58
166 53
167 39
168 45
169 46
170 51
171 46
172 49
173 46
174 23
175 30
176 21
177 17
178 24
179 29
180 31
181 31
182 32
183 35
184 34
185 36
186 41
187 44
188 48
189 48
190 36
191 27
192 21
193 24
194 28
195 28
196 24
197 33
198 26
199 28
200 37
201 47
202 60
203 59
204 56
205 57
206 53
207 42
208 42
209 37
210 43
211 50
212 49
213 61
214 56
215 48
216 40
217 39
218 27
219 38
220 36
221 28
222 29
223 27
224 29
225 21
226 29
227 37
228 46
229 52
230 47
231 64
232 57
233 61
234 44
235 38
236 42
237 36
238 44
239 46
240 48
241 42
242 47
243 53
244 52
245 55
246 75
247 96
248 111
249 120
250 133
251 140
252 154
253 161
254 156
255 159
256 181
257 185
258 204
259 193
260 183
261 170
262 167
263 168
264 161
265 167
266 168
267 172
268 161
269 164
270 151
271 139
272 124
273 126
274 119
275 119
276 78
277 87
278 87
279 82
280 61
281 66
282 51
283 43
284 41
285 45
286 39
287 29
288 23
289 19
290 14
291 24
292 26
293 29
294 28
295 27
296 25
297 32
298 32
299 21
300 17
301 15
302 13
303 14
304 11
305 15
306 20
307 22
308 19
309 21
310 12
311 15
312 15
313 19
314 29
315 30
316 31
317 25
318 28
319 24
320 27
321 21
322 22
323 24
324 22
325 23
326 16
327 16
328 13
329 11
330 11
331 14
332 17
333 21
334 18
335 24
336 18
337 19
338 18
339 19
340 15
341 17
342 22
343 22
344 23
345 22
346 23
347 18
348 11
349 9
350 10
351 6
352 6
353 2
354 2
355 6
356 1
357 1
358 0
359 0
360 0
361 0
362 0
363 0
364 0
365 0
366 0
367 0
368 1
369 2
370 2
371 3
372 3
373 1
374 0
375 0
376 0
377 0
378 1
379 1
380 4
381 4
382 4
383 10
384 10
385 5
386 4
387 7
388 4
389 1
390 0
391 0
392 0
393 1
394 1
395 3
396 7
397 2
398 3
399 6
400 9
401 10
402 7
403 6
404 5
405 6
406 4
407 8
408 16
409 14
410 18
411 7
412 13
413 14
414 15
415 17
416 19
417 14
418 9
419 15
420 12
421 16
422 20
423 17
424 14
425 11
426 10
427 5
428 2
429 0
430 0
431 0
432 1
433 0
434 0
435 0
436 1
437 0
438 1
439 0
440 0
441 0
442 0
443 0
444 0
445 0
446 0
447 0
448 0
449 0
450 0
451 0
452 0
453 1
454 1
455 3
456 1
457 1
458 2
459 2
460 2
461 1
462 0
463 0
464 0
465 1
466 2
467 1
468 1
469 4
470 4
471 3
472 3
473 4
474 5
475 2
476 2
477 1
478 0
479 1
480 0
481 0
482 0
483 0
484 0
485 0
486 0
487 1
488 0
489 0
490 0
491 0
492 0
493 0
494 0
495 0
496 0
497 0
498 0
499 0
500 0
501 2
502 4
503 5
504 8
505 8
506 6
507 7
508 10
509 7
510 4
511 2
512 1
513 1
514 0
515 1
516 1
517 1
518 4
519 10
520 20
521 15
522 18
523 23
524 25
525 22
526 16
527 20
528 21
529 19
530 17
531 15
532 9
533 10
534 18
535 15
536 15
537 14
538 17
539 9
540 9
541 3
542 4
543 8
544 11
545 8
546 4
547 4
548 6
549 5
550 3
551 4
552 5
553 1
554 1
555 2
556 3
557 7
558 4
559 1
560 0
561 0
562 0
563 0
564 1
565 2
566 2
567 3
568 3
569 3
570 5
571 2
572 2
573 0
574 0
575 0
576 1
577 2
578 0
579 1
580 2
581 4
582 2
583 2
584 5
585 9
586 5
587 7
588 12
589 11
590 14
591 14
592 16
593 20
594 19
595 21
596 14
597 12
598 13
599 12
600 14
601 13
602 12
603 15
604 12
605 11
606 14
607 11
608 14
609 14
610 17
611 19
612 21
613 20
614 15
615 14
616 11
617 8
618 7
619 6
620 6
621 8
622 11
623 14
624 16
625 16
626 13
627 17
628 15
629 15
630 14
631 13
632 15
633 13
634 15
635 14
636 9
637 17
638 11
639 10
640 11
641 20
642 19
643 19
644 28
645 21
646 22
647 21
648 23
649 23
650 28
651 33
652 33
653 34
654 31
655 34
656 23
657 14
658 15
659 22
660 22
661 21
662 26
663 24
664 19
665 11
666 8
667 6
668 5
669 5
670 9
671 9
672 10
673 15
674 10
675 4
676 8
677 10
678 6
679 5
680 3
681 2
682 3
683 4
684 1
685 1
686 2
687 1
688 1
689 2
690 2
691 3
692 5
693 6
694 5
695 6
696 11
697 16
698 17
699 22
700 26
701 23
702 22
703 17
704 20
705 28
706 25
707 19
708 25
709 22
710 19
711 17
712 22
713 17
714 24
715 20
716 18
717 22
718 23
719 17
720 15
721 11
722 12
723 11
724 14
725 16
726 9
727 5
728 6
729 8
730 10
731 11
732 12
733 14
734 16
735 14
736 20
737 20
738 24
739 30
740 29
741 31
742 40
743 37
744 50
745 63
746 63
747 63
748 49
749 55
750 56
751 59
752 81
753 75
754 80
755 87
756 73
757 77
758 82
759 85
760 107
761 107
762 104
763 104
764 113
765 115
766 105
767 109
768 103
769 107
770 120
771 119
772 118
773 134
774 142
775 159
776 158
777 150
778 169
779 176
780 174
781 168
782 206
783 216
784 226
785 234
786 221
787 225
788 225
789 251
790 252
791 286
792 273
793 292
794 292
795 311
796 324
797 338
798 338
799 337
800 367
801 368
802 383
803 399
804 422
805 406
806 409
807 428
808 384
809 364
810 348
811 337
812 339
813 331
814 302
815 294
816 285
817 298
818 275
819 261
820 244
821 226
822 259
823 221
824 206
825 234
826 223
827 217
828 236
829 239
830 243
831 231
832 257
833 277
834 271
835 275
836 274
837 273
838 214
839 215
840 235
841 247
842 230
843 236
844 269
845 261
846 241
847 230
848 217
849 188
850 211
851 223
852 212
853 216
854 209
855 228
856 214
857 188
858 175
859 177
860 181
861 200
862 200
863 194
864 190
865 190
866 185
867 182
868 184
869 180
870 211
871 211
872 241
873 265
874 234
875 244
876 228
877 205
878 193
879 182
880 195
881 166
882 174
883 203
884 195
885 192
886 183
887 169
888 171
889 176
890 173
891 191
892 209
893 205
894 211
895 219
896 234
897 217
898 209
899 209
900 193
901 190
902 202
903 214
904 198
905 205
906 196
907 196
908 209
909 205
910 185
911 176
912 167
913 188
914 185
915 177
916 150
917 149
918 142
919 145
920 137
921 138
922 157
923 156
924 144
925 153
926 129
927 128
928 121
929 139
930 134
931 135
932 142
933 140
934 148
935 156
936 160
937 165
938 174
939 156
940 159
941 155
942 140
943 166
944 160
945 153
946 130
947 132
948 152
949 164
950 189
951 181
952 174
953 164
954 157
955 164
956 183
957 173
958 159
959 165
960 177
961 172
962 166
963 170
964 147
965 147
966 159
967 138
968 140
969 104
970 113
971 115
972 100
973 115
974 137
975 151
976 152
977 138
978 144
979 140
980 143
981 139
982 128
983 115
984 123
985 148
986 151
987 150
988 156
989 149
990 144
991 143
992 136
993 142
994 157
995 168
996 149
997 138
998 148
999 156
1000 146
1001 144
1002 141
1003 140
1004 149
1005 170
1006 168
1007 148
1008 145
1009 144
1010 154
1011 158
1012 146
1013 122
1014 103
1015 92
1016 94
1017 81
1018 79
1019 77
1020 73
1021 95
1022 111
1023 102
1024 98
1025 84
1026 63
1027 64
1028 52
1029 42
1030 50
1031 43
1032 38
1033 40
1034 38
1035 39
1036 41
1037 30
1038 34
1039 43
1040 46
1041 53
1042 52
1043 65
1044 58
1045 56
1046 58
1047 54
1048 36
1049 44
1050 35
1051 36
1052 26
1053 21
1054 14
1055 10
1056 13
1057 12
1058 7
1059 5
1060 8
1061 2
1062 3
1063 2
1064 2
1065 2
1066 2
1067 0
1068 0
1069 0
1070 0
1071 1
1072 1
1073 0
1074 0
1075 1
1076 0
1077 0
1078 0
1079 0
1080 0
1081 0
1082 0
1083 0
1084 0
1085 0
1086 0
1087 2
1088 0
1089 1
1090 1
1091 0
1092 0
1093 0
1094 0
1095 0
1096 1
1097 0
1098 0
1099 0
1100 1
1101 1
1102 0
1103 0
1104 0
1105 0
1106 1
1107 2
1108 1
1109 0
1110 0
1111 0
1112 1
1113 0
1114 0
1115 0
1116 0
1117 0
1118 0
1119 1
1120 4
1121 3
1122 4
1123 9
1124 10
1125 11
1126 20
1127 16
1128 19
1129 19
1130 16
1131 17
1132 16
1133 19
1134 30
1135 19
1136 30
1137 30
1138 28
1139 34
1140 39
1141 37
1142 34
1143 33
1144 29
1145 30
1146 30
1147 24
1148 28
1149 32
1150 34
1151 41
1152 37
1153 36
1154 28
1155 21
1156 20
1157 23
1158 12
1159 10
1160 10
1161 10
1162 11
1163 14
1164 17
1165 16
1166 19
1167 26
1168 33
1169 31
1170 28
1171 24
1172 30
1173 25
1174 24
1175 27
1176 19
1177 20
1178 18
1179 11
1180 17
1181 18
1182 14
1183 16
1184 18
1185 20
1186 23
1187 28
1188 35
1189 33
1190 33
1191 32
1192 35
1193 29
1194 31
1195 21
1196 27
1197 21
1198 27
1199 38
1200 45
1201 52
1202 60
1203 55
1204 61
1205 65
1206 73
1207 79
1208 72
1209 83
1210 72
1211 66
1212 65
1213 69
1214 74
1215 79
1216 69
1217 61
1218 63
1219 86
1220 86
1221 102
1222 99
1223 97
1224 96
1225 108
1226 114
1227 105
1228 100
1229 103
1230 87
1231 103
1232 105
1233 97
1234 112
1235 117
1236 125
1237 118
1238 120
1239 122
1240 125
1241 131
1242 149
1243 138
1244 123
1245 122
1246 130
1247 148
1248 141
1249 160
1250 140
1251 133
1252 122
1253 134
1254 125
1255 112
1256 101
1257 98
1258 102
1259 93
1260 96
1261 91
1262 90
1263 92
1264 91
1265 86
1266 80
1267 83
1268 83
1269 89
1270 102
1271 122
1272 121
1273 126
1274 141
1275 148
1276 133
1277 126
1278 151
1279 135
1280 120
1281 113
1282 96
1283 88
1284 92
1285 72
1286 72
1287 83
1288 80
1289 79
1290 75
1291 83
1292 85
1293 93
1294 82
1295 83
1296 80
1297 71
1298 66
1299 72
1300 75
1301 83
1302 82
1303 71
1304 71
1305 87
1306 62
1307 55
1308 60
1309 70
1310 68
1311 65
1312 62
1313 57
1314 49
1315 57
1316 47
1317 40
1318 31
1319 32
1320 29
1321 34
1322 26
1323 31
1324 34
1325 38
1326 50
1327 58
1328 80
1329 72
1330 72
1331 73
1332 71
1333 60
1334 67
1335 70
1336 65
1337 65
1338 66
1339 71
1340 60
1341 53
1342 51
1343 47
1344 36
1345 34
1346 39
1347 42
1348 32
1349 30
1350 27
1351 33
1352 26
1353 31
1354 39
1355 28
1356 19
1357 26
1358 23
1359 14
1360 16
1361 11
1362 10
1363 10
1364 10
1365 14
1366 12
1367 15
1368 14
1369 18
1370 11
1371 15
1372 24
1373 37
1374 40
1375 33
1376 26
1377 24
1378 31
1379 33
1380 59
1381 58
1382 58
1383 55
1384 64
1385 64
1386 63
1387 64
1388 74
1389 76
1390 86
1391 79
1392 75
1393 81
1394 70
1395 70
1396 76
1397 91
1398 85
1399 80
1400 64
1401 58
1402 50
1403 45
1404 44
1405 45
1406 53
1407 57
1408 41
1409 36
1410 32
1411 31
1412 31
1413 28
1414 24
1415 30
1416 25
1417 30
1418 28
1419 22
1420 21
1421 13
1422 20
1423 21
1424 19
1425 18
1426 14
1427 10
1428 10
1429 13
1430 13
1431 15
1432 15
1433 14
1434 15
1435 16
1436 10
1437 14
1438 23
1439 22
1440 18
1441 20
1442 18
1443 11
1444 16
1445 10
1446 7
1447 7
1448 3
1449 7
1450 12
1451 10
1452 11
1453 9
1454 11
1455 11
1456 21
1457 26
1458 30
1459 30
1460 26
1461 33
1462 39
1463 55
1464 53
1465 46
1466 43
1467 39
1468 46
1469 49
1470 63
1471 70
1472 78
1473 73
1474 70
1475 68
1476 68
1477 52
1478 47
1479 35
1480 36
1481 26
1482 32
1483 26
1484 24
1485 15
1486 19
1487 12
1488 8
1489 6
1490 4
1491 6
1492 2
1493 3
1494 2
1495 1
1496 1
1497 0
1498 0
1499 0
1500 0
1501 1
1502 0
1503 0
1504 0
1505 0
1506 0
1507 1
1508 1
1509 2
1510 1
1511 1
1512 1
1513 1
1514 1
1515 1
1516 0
1517 0
1518 0
1519 1
1520 0
1521 1
1522 0
1523 0
1524 0
1525 0
1526 0
1527 2
1528 2
1529 0
1530 0
1531 0
1532 0
1533 0
1534 0
1535 0
1536 0
1537 0
1538 0
1539 0
1540 0
1541 0
1542 0
1543 0
1544 0
1545 0
1546 1
1547 1
1548 0
1549 0
1550 0
1551 0
1552 0
1553 0
1554 0
1555 0
1556 0
1557 0
1558 0
1559 0
1560 2
1561 1
1562 0
1563 0
1564 0
1565 1
1566 1
1567 1
1568 1
1569 1
1570 5
1571 10
1572 12
1573 14
1574 12
1575 9
1576 10
1577 12
1578 9
1579 7
1580 9
1581 9
1582 11
1583 14
1584 16
1585 20
1586 20
1587 16
1588 16
1589 13
1590 18
1591 25
1592 15
1593 13
1594 18
1595 11
1596 12
1597 12
1598 11
1599 19
1600 16
1601 21
1602 15
1603 18
1604 21
1605 21
1606 28
1607 18
1608 16
1609 11
1610 11
1611 15
1612 16
1613 15
1614 18
1615 12
1616 13
1617 12
1618 13
1619 7
1620 10
1621 12
1622 9
1623 10
1624 11
1625 16
1626 9
1627 7
1628 5
1629 8
1630 6
1631 8
1632 9
1633 9
1634 6
1635 8
1636 1
1637 0
1638 0
1639 1
1640 1
1641 0
1642 0
1643 0
1644 0
1645 0
1646 1
1647 0
1648 0
1649 0
1650 1
1651 1
1652 0
1653 1
1654 1
1655 1
1656 0
1657 0
1658 0
1659 0
1660 0
1661 0
1662 0
1663 1
1664 3
1665 2
1666 4
1667 6
1668 6
1669 4
1670 4
1671 2
1672 3
1673 1
1674 0
1675 0
1676 0
1677 0
1678 0
1679 0
1680 0
1681 0
1682 0
1683 1
1684 1
1685 2
1686 1
1687 0
1688 2
1689 1
1690 1
1691 0
1692 0
1693 0
1694 0
1695 0
1696 0
1697 0
1698 1
1699 1
1700 2
1701 0
1702 0
1703 0
1704 0
1705 0
1706 1
1707 2
1708 2
1709 2
1710 1
1711 0
1712 0
1713 0
1714 0
1715 1
1716 0
1717 0
1718 0
1719 0
1720 1
1721 2
1722 1
1723 1
1724 2
1725 2
1726 0
1727 1
1728 1
1729 0
1730 0
1731 0
1732 0
1733 1
1734 1
1735 1
1736 2
1737 4
1738 7
1739 7
1740 7
1741 12
1742 10
1743 7
1744 8
1745 10
1746 8
1747 9
1748 6
1749 4
1750 5
1751 4
1752 4
1753 1
1754 2
1755 3
1756 4
1757 5
1758 1
1759 2
1760 2
1761 2
1762 3
1763 6
1764 4
1765 4
1766 2
1767 5
1768 5
1769 6
1770 9
1771 7
1772 8
1773 11
1774 10
1775 10
1776 5
1777 6
1778 8
1779 7
1780 3
1781 2
1782 1
1783 0
1784 0
1785 0
1786 1
1787 1
1788 3
1789 7
1790 7
1791 11
1792 11
1793 10
1794 4
1795 3
1796 1
1797 2
1798 1
1799 0
1800 0
1801 0
1802 0
1803 0
1804 0
1805 0
1806 0
1807 0
1808 0
1809 1
1810 2
1811 3
1812 5
1813 7
1814 10
1815 8
1816 7
1817 8
1818 13
1819 16
1820 11
1821 10
1822 10
1823 8
1824 5
1825 4
1826 1
1827 1
1828 2
1829 2
1830 1
1831 2
1832 1
1833 0
1834 0
1835 0
1836 0
1837 0
1838 0
1839 0
1840 0
1841 0
1842 1
1843 3
1844 4
1845 8
1846 5
1847 3
1848 4
1849 3
1850 2
1851 4
1852 3
1853 3
1854 3
1855 2
1856 2
1857 2
1858 5
1859 4
1860 3
1861 2
1862 5
1863 4
1864 7
1865 8
1866 7
1867 4
1868 4
1869 3
1870 5
1871 6
1872 13
1873 11
1874 9
1875 9
1876 13
1877 15
1878 10
1879 11
1880 8
1881 9
1882 9
1883 12
1884 11
1885 11
1886 10
1887 12
1888 21
1889 25
1890 30
1891 24
1892 30
1893 29
1894 20
1895 19
1896 12
1897 12
1898 11
1899 7
1900 7
1901 6
1902 10
1903 12
1904 14
1905 14
1906 8
1907 9
1908 12
1909 17
1910 11
1911 11
1912 15
1913 20
1914 17
1915 23
1916 26
1917 34
1918 38
1919 32
1920 34
1921 30
1922 31
1923 29
1924 20
1925 14
1926 13
1927 19
1928 16
1929 20
1930 23
1931 29
1932 35
1933 41
1934 56
1935 60
1936 47
1937 49
1938 53
1939 35
1940 30
1941 20
1942 19
1943 18
1944 14
1945 12
1946 18
1947 19
1948 13
1949 10
1950 7
1951 3
1952 5
1953 8
1954 12
1955 15
1956 18
1957 23
1958 23
1959 18
1960 32
1961 37
1962 30
1963 27
1964 27
1965 30
1966 31
1967 33
1968 31
1969 23
1970 18
1971 15
1972 17
1973 15
1974 11
1975 3
1976 4
1977 4
1978 3
1979 7
1980 8
1981 12
1982 15
1983 14
1984 11
1985 14
1986 11
1987 11
1988 12
1989 9
1990 15
1991 18
1992 16
1993 10
1994 10
1995 11
1996 11
1997 22
1998 22
1999 14
2000 20
2001 27
2002 27
2003 26
2004 26
2005 30
2006 29
2007 30
2008 29
2009 39
2010 44
2011 57
2012 62
2013 69
2014 72
2015 68
2016 60
2017 69
2018 89
2019 107
2020 109
2021 110
2022 108
2023 109
2024 109
2025 106
2026 103
2027 86
2028 81
2029 80
2030 76
2031 68
2032 68
2033 65
2034 55
2035 55
2036 58
2037 55
2038 59
2039 58
2040 57
2041 66
2042 55
2043 66
2044 64
2045 73
2046 86
2047 93
2048 98
2049 102
2050 97
2051 113
2052 104
2053 91
2054 89
2055 75
2056 90
2057 91
2058 86
2059 81
2060 75
2061 72
2062 76
2063 78
2064 96
2065 88
2066 94
2067 89
2068 107
2069 107
2070 97
2071 94
2072 94
2073 91
2074 85
2075 93
2076 99
2077 111
2078 94
2079 104
2080 103
2081 123
2082 118
2083 118
2084 129
2085 136
2086 138
2087 159
2088 143
2089 140
2090 138
2091 137
2092 139
2093 124
2094 127
2095 157
2096 141
2097 154
2098 163
2099 163
2100 139
2101 127
2102 125
2103 139
2104 139
2105 145
2106 172
2107 168
2108 169
2109 170
2110 175
2111 180
2112 161
2113 156
2114 173
2115 174
2116 190
2117 191
2118 201
2119 197
2120 197
2121 236
2122 245
2123 230
2124 225
2125 249
2126 214
2127 249
2128 266
2129 251
2130 231
2131 218
2132 232
2133 259
2134 273
2135 265
2136 258
2137 236
2138 215
2139 202
2140 229
2141 242
2142 235
2143 247
2144 251
2145 249
2146 232
2147 228
2148 220
2149 218
2150 197
2151 182
2152 179
2153 172
2154 164
2155 178
2156 191
2157 198
2158 231
2159 229
2160 219
2161 224
2162 218
2163 245
2164 261
2165 250
2166 252
2167 261
2168 241
2169 254
2170 235
2171 237
2172 217
2173 239
2174 224
2175 220
2176 209
2177 222
2178 207
2179 199
2180 196
2181 180
2182 224
2183 236
2184 232
2185 214
2186 216
2187 222
2188 213
2189 202
2190 194
2191 202
2192 201
2193 188
2194 206
2195 193
2196 179
2197 177
2198 175
2199 187
2200 181
2201 183
2202 182
2203 186
2204 196
2205 182
2206 141
2207 124
2208 125
2209 113
2210 131
2211 117
2212 126
2213 135
2214 140
2215 127
2216 140
2217 133
2218 145
2219 146
2220 152
2221 174
2222 184
2223 184
2224 207
2225 194
2226 184
2227 173
2228 162
2229 143
2230 129
2231 147
2232 140
2233 134
2234 151
2235 154
2236 142
2237 139
2238 127
2239 131
2240 126
2241 127
2242 119
2243 130
2244 129
2245 134
2246 132
2247 125
2248 125
2249 133
2250 134
2251 121
2252 124
2253 123
2254 104
2255 85
2256 75
2257 75
2258 73
2259 70
2260 73
2261 58
2262 45
2263 52
2264 55
2265 61
2266 63
2267 70
2268 68
2269 57
2270 71
2271 69
2272 78
2273 75
2274 68
2275 68
2276 73
2277 80
2278 87
2279 104
2280 107
2281 115
2282 106
2283 115
2284 123
2285 130
2286 137
2287 134
2288 100
2289 112
2290 118
2291 113
2292 113
2293 121
2294 118
2295 118
2296 120
2297 134
2298 129
2299 130
2300 163
2301 161
2302 146
2303 136
2304 144
2305 135
2306 120
2307 138
2308 165
2309 153
2310 146
2311 119
2312 128
2313 138
2314 123
2315 121
2316 127
2317 131
2318 123
2319 131
2320 115
2321 102
2322 109
2323 125
2324 130
2325 129
2326 113
2327 116
2328 130
2329 144
2330 155
2331 145
2332 137
2333 135
2334 135
2335 156
2336 156
2337 163
2338 146
2339 134
2340 133
2341 137
2342 144
2343 155
2344 135
2345 138
2346 153
2347 137
2348 123
2349 140
2350 162
2351 162
2352 158
2353 178
2354 199
2355 197
2356 210
2357 230
2358 231
2359 218
2360 201
2361 215
2362 244
2363 217
2364 242
2365 242
2366 243
2367 226
2368 233
2369 234
2370 235
2371 214
2372 204
2373 203
2374 217
2375 218
2376 235
2377 230
2378 258
2379 207
2380 191
2381 191
2382 190
2383 198
2384 198
2385 200
2386 218
2387 222
2388 213
2389 191
2390 169
2391 148
2392 149
2393 143
2394 153
2395 151
2396 160
2397 170
2398 162
2399 170
2400 178
2401 166
2402 165
2403 169
2404 179
2405 174
2406 162
2407 164
2408 150
2409 163
2410 171
2411 187
2412 176
2413 185
2414 185
2415 186
2416 175
2417 179
2418 184
2419 170
2420 157
2421 170
2422 168
2423 188
2424 200
2425 197
2426 193
2427 192
2428 167
2429 171
2430 185
2431 193
2432 198
2433 185
2434 157
2435 176
2436 183
2437 161
2438 173
2439 162
2440 168
2441 171
2442 179
2443 161
2444 145
2445 141
2446 129
2447 138
2448 129
2449 126
2450 118
2451 98
2452 92
2453 94
2454 98
2455 105
2456 101
2457 101
2458 109
2459 99
2460 122
2461 132
2462 142
2463 141
2464 162
2465 197
2466 193
2467 179
2468 196
2469 199
2470 185
2471 196
2472 185
2473 194
2474 173
2475 164
2476 169
2477 166
2478 162
2479 160
2480 145
2481 142
2482 149
2483 130
2484 129
2485 135
2486 153
2487 165
2488 159
2489 145
2490 140
2491 135
2492 159
2493 157
2494 164
2495 155
2496 168
2497 172
2498 175
2499 173
2500 182
2501 181
2502 182
2503 172
2504 171
2505 186
2506 192
2507 210
2508 208
2509 199
2510 217
2511 214
2512 208
2513 237
2514 226
2515 231
2516 243
2517 229
2518 217
2519 229
2520 227
2521 223
2522 232
2523 233
2524 212
2525 216
2526 245
2527 233
2528 262
2529 244
2530 236
2531 241
2532 233
2533 228
2534 225
2535 209
2536 208
2537 219
2538 214
2539 203
2540 181
2541 188
2542 174
2543 170
2544 158
2545 174
2546 199
2547 201
2548 194
2549 214
2550 224
2551 220
2552 226
2553 237
2554 235
2555 237
2556 242
2557 239
2558 226
2559 213
2560 210
2561 207
2562 202
2563 219
2564 237
2565 238
2566 235
2567 250
2568 216
2569 216
2570 205
2571 211
2572 229
2573 220
2574 226
2575 213
2576 194
2577 193
2578 187
2579 167
2580 196
2581 208
2582 203
2583 213
2584 213
2585 213
2586 186
2587 203
2588 193
2589 236
2590 255
2591 269
2592 262
2593 274
2594 293
2595 299
2596 273
2597 283
2598 266
2599 258
2600 253
2601 285
2602 295
2603 280
2604 289
2605 268
2606 260
2607 261
2608 287
2609 279
2610 277
2611 245
2612 227
2613 206
2614 215
2615 221
2616 214
2617 189
2618 200
2619 180
2620 168
2621 160
2622 169
2623 164
2624 163
2625 170
2626 173
2627 178
2628 156
2629 180
2630 164
2631 142
2632 135
2633 135
2634 144
2635 144
2636 158
2637 153
2638 148
2639 154
2640 144
2641 139
2642 131
2643 130
2644 110
2645 91
2646 109
2647 105
2648 96
2649 87
2650 100
2651 114
2652 131
2653 143
2654 126
2655 135
2656 142
2657 138
2658 145
2659 143
2660 144
2661 129
2662 128
2663 123
2664 112
2665 118
2666 116
2667 130
2668 129
2669 126
2670 140
2671 164
2672 170
2673 179
2674 192
2675 192
2676 170
2677 173
2678 175
2679 190
2680 175
2681 171
2682 192
2683 202
2684 205
2685 184
2686 158
2687 157
2688 149
2689 138
2690 157
2691 162
2692 167
2693 151
2694 155
2695 139
2696 127
2697 141
2698 146
2699 141
2700 140
2701 140
2702 137
2703 143
2704 125
2705 137
2706 139
2707 148
2708 165
2709 175
2710 164
2711 152
2712 143
2713 175
2714 177
2715 198
2716 192
2717 222
2718 199
2719 220
2720 221
2721 222
2722 220
2723 232
2724 234
2725 239
2726 203
2727 210
2728 209
2729 214
2730 221
2731 217
2732 225
2733 215
2734 208
2735 198
2736 198
2737 203
2738 211
2739 206
2740 216
2741 203
2742 202
2743 185
2744 159
2745 166
2746 178
2747 174
2748 184
2749 225
2750 245
2751 238
2752 220
2753 215
2754 183
2755 188
2756 193
2757 189
2758 182
2759 190
2760 212
2761 206
2762 204
2763 190
2764 198
2765 176
2766 166
2767 179
2768 190
2769 179
2770 173
2771 167
2772 173
2773 178
2774 149
2775 167
2776 188
2777 150
2778 159
2779 150
2780 131
2781 135
2782 148
2783 126
2784 115
2785 96
2786 90
2787 85
2788 77
2789 98
2790 103
2791 98
2792 100
2793 101
2794 99
2795 94
2796 103
2797 91
2798 90
2799 103
2800 125
2801 119
2802 117
2803 126
2804 130
2805 110
2806 100
2807 104
2808 90
2809 90
2810 97
2811 88
2812 84
2813 97
2814 94
2815 95
2816 95
2817 96
2818 84
2819 100
2820 105
2821 109
2822 131
2823 136
2824 114
2825 125
2826 108
2827 119
2828 115
2829 107
2830 124
2831 139
2832 121
2833 124
2834 141
2835 146
2836 169
2837 153
2838 147
2839 146
2840 149
2841 161
2842 164
2843 147
2844 153
2845 157
2846 145
2847 138
2848 141
2849 157
2850 163
2851 159
2852 151
2853 154
2854 132
2855 121
2856 105
2857 109
2858 122
2859 121
2860 109
2861 107
2862 104
2863 97
2864 110
2865 101
2866 112
2867 102
2868 97
2869 109
2870 106
2871 111
2872 131
2873 117
2874 131
2875 152
2876 176
2877 160
2878 161
2879 172
2880 172
2881 182
2882 192
2883 223
2884 238
2885 253
2886 223
2887 180
2888 198
2889 206
2890 180
2891 172
2892 201
2893 210
2894 212
2895 218
2896 214
2897 230
2898 232
2899 223
2900 239
2901 201
2902 193
2903 204
2904 221
2905 200
2906 211
2907 199
2908 177
2909 181
2910 170
2911 162
2912 164
2913 166
2914 147
2915 156
2916 157
2917 160
2918 152
2919 136
2920 151
2921 162
2922 145
2923 161
2924 168
2925 175
2926 195
2927 207
2928 204
2929 217
2930 223
2931 219
2932 221
2933 205
2934 227
2935 221
2936 214
2937 227
2938 249
2939 267
2940 281
2941 283
2942 284
2943 285
2944 276
2945 292
2946 301
2947 280
2948 302
2949 279
2950 278
2951 296
2952 325
2953 313
2954 314
2955 321
2956 332
2957 352
2958 354
2959 345
2960 347
2961 354
2962 300
2963 299
2964 309
2965 332
2966 345
2967 318
2968 317
2969 327
2970 367
2971 408
2972 390
2973 382
2974 369
2975 430
2976 431
2977 429
2978 455
2979 444
2980 431
2981 389
2982 377
2983 390
2984 391
2985 410
2986 409
2987 426
2988 416
2989 403
2990 399
2991 381
2992 390
2993 409
2994 416
2995 429
2996 444
2997 456
2998 462
2999 433
3000 395
3001 392
3002 404
3003 437
3004 460
3005 477
3006 461
3007 484
3008 456
3009 464
3010 477
3011 467
3012 459
3013 448
3014 451
3015 446
3016 417
3017 426
3018 401
3019 392
3020 379
3021 423
3022 435
3023 448
3024 450
3025 485
3026 466
3027 452
3028 407
3029 373
3030 335
3031 344
3032 340
3033 365
3034 378
3035 391
3036 344
3037 327
3038 308
3039 323
3040 323
3041 350
3042 358
3043 361
3044 364
3045 359
3046 356
3047 364
3048 396
3049 419
3050 386
3051 365
3052 335
3053 335
3054 332
3055 316
3056 315
3057 320
3058 324
3059 303
3060 341
3061 370
3062 382
3063 361
3064 358
3065 371
3066 369
3067 378
3068 365
3069 321
3070 294
3071 301
3072 260
3073 255
3074 249
3075 257
3076 264
3077 262
3078 250
3079 257
3080 244
3081 244
3082 218
3083 202
3084 170
3085 176
3086 171
3087 161
3088 154
3089 160
3090 147
3091 132
3092 114
3093 121
3094 111
3095 119
3096 114
3097 118
3098 119
3099 108
3100 101
3101 105
3102 124
3103 125
3104 125
3105 126
3106 143
3107 155
3108 164
3109 170
3110 163
3111 159
3112 155
3113 158
3114 155
3115 163
3116 173
3117 145
3118 148
3119 137
3120 152
3121 149
3122 144
3123 146
3124 157
3125 151
3126 139
3127 132
3128 119
3129 138
3130 133
3131 136
3132 130
3133 118
3134 127
3135 133
3136 136
3137 139
3138 136
3139 151
3140 148
3141 168
3142 169
3143 181
3144 194
3145 180
3146 169
3147 157
3148 153
3149 162
3150 154
3151 136
3152 120
3153 117
3154 107
3155 130
3156 113
3157 99
3158 88
3159 79
3160 77
3161 83
3162 97
3163 96
3164 96
3165 92
3166 95
3167 86
3168 81
3169 78
3170 71
3171 78
3172 89
3173 90
3174 84
3175 89
3176 70
3177 52
3178 49
3179 49
3180 45
3181 54
3182 58
3183 69
3184 71
3185 100
3186 92
3187 91
3188 90
3189 96
3190 80
3191 72
3192 59
3193 68
3194 54
3195 51
3196 58
3197 49
3198 46
3199 44
3200 42
3201 52
3202 54
3203 46
3204 45
3205 57
3206 50
3207 64
3208 67
3209 61
3210 55
3211 36
3212 39
3213 36
3214 26
3215 28
3216 25
3217 32
3218 37
3219 29
3220 32
3221 29
3222 32
3223 29
3224 22
3225 23
3226 23
3227 19
3228 18
3229 23
3230 21
3231 20
3232 21
3233 17
3234 20
3235 14
3236 10
3237 10
3238 17
3239 21
3240 24
3241 21
3242 22
3243 20
3244 25
3245 20
3246 14
3247 18
3248 16
3249 13
3250 10
3251 9
3252 10
3253 7
3254 8
3255 6
3256 9
3257 3
3258 1
3259 3
3260 3
3261 0
3262 0
3263 0
3264 0
3265 1
3266 0
3267 0
3268 0
3269 0
3270 0
3271 0
3272 1
3273 1
3274 1
3275 2
3276 2
3277 1
3278 1
3279 0
3280 0
3281 0
3282 0
3283 2
3284 3
3285 0
3286 0
3287 0
3288 0
3289 1
3290 1
3291 1
3292 2
3293 3
3294 4
3295 1
3296 1
3297 1
3298 1
3299 0
3300 0
3301 0
3302 0
3303 0
3304 1
3305 2
3306 1
3307 1
3308 2
3309 2
3310 3
3311 0
3312 0
3313 0
3314 0
3315 1
3316 3
3317 6
3318 5
3319 5
3320 4
3321 4
3322 4
3323 4
3324 3
3325 4
3326 0
3327 0
3328 0
3329 0
3330 1
3331 2
3332 5
3333 5
3334 2
3335 2
3336 3
3337 4
3338 3
3339 6
3340 7
3341 14
3342 9
3343 12
3344 20
3345 15
3346 13
3347 21
3348 22
3349 26
3350 28
3351 26
3352 22
3353 20
3354 15
3355 12
3356 14
3357 15
3358 17
3359 15
3360 13
3361 12
3362 8
3363 3
3364 2
3365 0
3366 0
3367 0
3368 1
3369 1
3370 0
3371 0
3372 0
3373 0
3374 0
3375 0
3376 0
3377 0
3378 0
3379 1
3380 1
3381 1
3382 1
3383 1
3384 0
3385 0
3386 1
3387 1
3388 0
3389 0
3390 0
3391 0
3392 1
3393 2
3394 1
3395 1
3396 0
3397 0
3398 0
3399 0
3400 0
3401 0
3402 0
3403 0
3404 0
3405 0
3406 0
3407 0
3408 0
3409 1
3410 0
3411 0
3412 0
3413 0
3414 0
3415 0
3416 0
3417 0
3418 1
3419 0
3420 1
3421 2
3422 4
3423 3
3424 2
3425 0
3426 0
3427 0
3428 0
3429 0
3430 1
3431 0
3432 0
3433 0
3434 0
3435 0
3436 0
3437 0
3438 1
3439 2
3440 4
3441 9
3442 9
3443 6
3444 5
3445 8
3446 12
3447 11
3448 13
3449 12
3450 13
3451 11
3452 14
3453 18
3454 21
3455 21
3456 26
3457 31
3458 27
3459 23
3460 11
3461 11
3462 9
3463 16
3464 8
3465 6
3466 5
3467 4
3468 2
3469 3
3470 2
3471 5
3472 5
3473 4
3474 2
3475 2
3476 5
3477 9
3478 11
3479 18
3480 22
3481 20
3482 21
3483 16
3484 15
3485 13
3486 10
3487 6
3488 5
3489 3
3490 3
3491 6
3492 5
3493 3
3494 2
3495 2
3496 1
3497 1
3498 1
3499 1
3500 0
3501 0
3502 1
3503 2
3504 2
3505 2
3506 2
3507 2
3508 2
3509 2
3510 1
3511 2
3512 5
3513 7
3514 10
3515 10
3516 10
3517 12
3518 14
3519 15
3520 13
3521 5
3522 9
3523 15
3524 25
3525 24
3526 28
3527 40
3528 55
3529 56
3530 60
3531 55
3532 59
3533 63
3534 78
3535 93
3536 92
3537 98
3538 108
3539 130
3540 125
3541 126
3542 120
3543 116
3544 115
3545 111
3546 106
3547 95
3548 94
3549 90
3550 83
3551 76
3552 81
3553 69
3554 69
3555 63
3556 60
3557 52
3558 62
3559 66
3560 63
3561 55
3562 44
3563 43
3564 33
3565 38
3566 39
3567 40
3568 33
3569 34
3570 33
3571 30
3572 23
3573 20
3574 24
3575 20
3576 19
3577 25
3578 33
3579 27
3580 15
3581 17
3582 13
3583 16
3584 19
3585 24
3586 26
3587 21
3588 31
3589 31
3590 32
3591 41
3592 46
3593 48
3594 52
3595 44
3596 37
3597 39
3598 30
3599 33
3600 30
3601 32
3602 33
3603 37
3604 32
3605 36
3606 44
3607 42
3608 40
3609 32
3610 33
3611 28
3612 23
3613 23
3614 15
3615 20
3616 19
3617 21
3618 25
3619 30
3620 34
3621 36
3622 40
3623 37
3624 46
3625 37
3626 33
3627 22
3628 22
3629 21
3630 22
3631 27
3632 22
3633 20
3634 18
3635 15
3636 20
3637 21
3638 19
3639 24
3640 24
3641 27
3642 23
3643 17
3644 12
3645 10
3646 9
3647 13
3648 13
3649 10
3650 12
3651 9
3652 13
3653 9
3654 6
3655 11
3656 13
3657 11
3658 14
3659 11
3660 15
3661 14
3662 18
3663 18
3664 18
3665 16
3666 17
3667 14
3668 12
3669 15
3670 8
3671 7
3672 6
3673 5
3674 4
3675 6
3676 12
3677 17
3678 21
3679 20
3680 18
3681 7
3682 5
3683 7
3684 9
3685 9
3686 9
3687 7
3688 7
3689 11
3690 12
3691 13
3692 13
3693 11
3694 13
3695 11
3696 10
3697 14
3698 12
3699 17
3700 19
3701 17
3702 16
3703 17
3704 17
3705 10
3706 10
3707 7
3708 7
3709 9
3710 6
3711 9
3712 5
3713 7
3714 7
3715 3
3716 4
3717 5
3718 3
3719 2
3720 4
3721 5
3722 5
3723 8
3724 11
3725 10
3726 14
3727 12
3728 10
3729 7
3730 11
3731 16
3732 17
3733 18
3734 13
3735 9
3736 11
3737 14
3738 15
3739 14
3740 18
3741 27
3742 25
3743 26
3744 29
3745 31
3746 41
3747 35
3748 49
3749 47
3750 44
3751 61
3752 60
3753 63
3754 64
3755 64
3756 55
3757 59
3758 60
3759 58
3760 46
3761 47
3762 38
3763 40
3764 41
3765 40
3766 41
3767 38
3768 36
3769 35
3770 35
3771 39
3772 33
3773 38
3774 46
3775 59
3776 59
3777 56
3778 68
3779 61
3780 63
3781 66
3782 46
3783 51
3784 43
3785 43
3786 42
3787 41
3788 39
3789 44
3790 41
3791 44
3792 39
3793 25
3794 18
3795 18
3796 16
3797 12
3798 20
3799 17
3800 12
3801 15
3802 19
3803 26
3804 29
3805 25
3806 22
3807 26
3808 19
3809 16
3810 18
3811 26
3812 25
3813 24
3814 33
3815 21
3816 22
3817 13
3818 10
3819 15
3820 13
3821 12
3822 9
3823 8
3824 3
3825 5
3826 4
3827 3
3828 4
3829 4
3830 6
3831 8
3832 6
3833 3
3834 5
3835 4
3836 1
3837 0
3838 0
3839 0
3840 0
3841 0
3842 0
3843 0
3844 1
3845 0
3846 0
3847 2
3848 1
3849 1
3850 1
3851 0
3852 0
3853 0
3854 0
3855 0
3856 0
3857 1
3858 0
3859 0
3860 0
3861 0
3862 0
3863 0
3864 0
3865 0
3866 0
3867 0
3868 0
3869 0
3870 1
3871 1
3872 1
3873 3
3874 3
3875 6
3876 5
3877 6
3878 7
3879 4
3880 3
3881 3
3882 5
3883 3
3884 5
3885 5
3886 2
3887 1
3888 2
3889 1
3890 2
3891 3
3892 2
3893 3
3894 3
3895 5
3896 5
3897 4
3898 5
3899 5
3900 5
3901 5
3902 5
3903 8
3904 14
3905 16
3906 21
3907 18
3908 19
3909 14
3910 21
3911 22
3912 21
3913 23
3914 13
3915 18
3916 25
3917 26
3918 17
3919 23
3920 20
3921 26
3922 36
3923 28
3924 35
3925 28
3926 26
3927 22
3928 23
3929 21
3930 20
3931 17
3932 15
3933 12
3934 9
3935 11
3936 21
3937 13
3938 11
3939 7
3940 4
3941 4
3942 5
3943 4
3944 1
3945 1
3946 1
3947 1
3948 2
3949 1
3950 0
3951 0
3952 0
3953 0
3954 0
3955 0
3956 0
3957 0
3958 0
3959 0
3960 0
3961 0
3962 0
3963 1
3964 1
3965 0
3966 0
3967 0
3968 0
3969 0
3970 1
3971 0
3972 0
3973 0
3974 0
3975 0
3976 0
3977 0
3978 0
3979 1
3980 1
3981 2
3982 1
3983 1
3984 2
3985 2
3986 3
3987 2
3988 3
3989 1
3990 1
3991 1
3992 3
3993 2
3994 1
3995 1
3996 2
3997 1
3998 2
3999 6
4000 5
4001 4
4002 6
4003 4
4004 6
4005 9
4006 6
4007 6
4008 11
4009 9
4010 10
4011 14
4012 10
4013 14
4014 11
4015 16
4016 18
4017 16
4018 22
4019 27
4020 35
4021 40
4022 41
4023 48
4024 50
4025 49
4026 57
4027 55
4028 50
4029 50
4030 42
4031 42
4032 44
4033 48
4034 42
4035 37
4036 36
4037 55
4038 44
4039 42
4040 37
4041 41
4042 28
4043 29
4044 29
4045 20
4046 19
4047 24
4048 26
4049 26
4050 33
4051 24
4052 22
4053 25
4054 25
4055 31
4056 38
4057 35
4058 42
4059 40
4060 43
4061 49
4062 47
4063 43
4064 37
4065 47
4066 50
4067 51
4068 57
4069 61
4070 62
4071 55
4072 55
4073 52
4074 49
4075 52
4076 60
4077 66
4078 62
4079 70
4080 60
4081 52
4082 48
4083 42
4084 52
4085 50
4086 42
4087 28
4088 20
4089 18
4090 18
4091 14
4092 13
4093 12
4094 12
4095 11
4096 14
4097 14
4098 13
4099 14
4100 17
4101 10
4102 8
4103 13
4104 16
4105 18
4106 17
4107 13
4108 7
4109 7
4110 5
4111 5
4112 5
4113 2
4114 1
4115 1
4116 3
4117 1
4118 1
4119 0
4120 0
4121 0
4122 0
4123 1
4124 1
4125 0
4126 0
4127 0
4128 1
4129 2
4130 2
4131 0
4132 0
4133 0
4134 1
4135 3
4136 1
4137 2
4138 0
4139 0
4140 0
4141 0
4142 0
4143 0
4144 0
4145 0
4146 1
4147 1
4148 2
4149 1
4150 1
4151 0
4152 0
4153 1
4154 1
4155 1
4156 4
4157 4
4158 3
4159 4
4160 4
4161 3
4162 3
4163 2
4164 1
4165 2
4166 2
4167 2
4168 1
4169 2
4170 2
4171 2
4172 3
4173 1
4174 0
4175 1
4176 0
4177 0
4178 0
4179 0
4180 0
4181 0
4182 0
4183 0
4184 0
4185 0
4186 0
4187 0
4188 1
4189 2
4190 7
4191 12
4192 10
4193 8
4194 5
4195 1
4196 0
4197 0
4198 0
4199 1
4200 1
4201 4
4202 3
4203 2
4204 2
4205 3
4206 3
4207 5
4208 4
4209 2
4210 3
4211 3
4212 2
4213 2
4214 4
4215 7
4216 9
4217 9
4218 12
4219 11
4220 10
4221 11
4222 8
4223 12
4224 12
4225 18
4226 18
4227 15
4228 11
4229 11
4230 10
4231 13
4232 16
4233 15
4234 20
4235 22
4236 20
4237 21
4238 22
4239 17
4240 20
4241 16
4242 13
4243 19
4244 21
4245 20
4246 16
4247 21
4248 15
4249 17
4250 18
4251 23
4252 23
4253 22
4254 32
4255 35
4256 33
4257 31
4258 30
4259 26
4260 24
4261 25
4262 17
4263 15
4264 17
4265 21
4266 29
4267 35
4268 29
4269 31
4270 27
4271 35
4272 38
4273 52
4274 49
4275 43
4276 36
4277 30
4278 35
4279 34
4280 26
4281 26
4282 35
4283 47
4284 52
4285 54
4286 47
4287 40
4288 31
4289 23
4290 21
4291 15
4292 27
4293 25
4294 26
4295 36
4296 23
4297 22
4298 22
4299 24
4300 20
4301 19
4302 18
4303 12
4304 13
4305 9
4306 6
4307 3
4308 5
4309 3
4310 3
4311 4
4312 3
4313 3
4314 1
4315 1
4316 2
4317 2
4318 1
4319 1
4320 2
4321 1
4322 1
4323 1
4324 0
4325 0
4326 0
4327 0
4328 0
4329 0
4330 1
4331 2
4332 1
4333 1
4334 3
4335 5
4336 5
4337 4
4338 2
4339 2
4340 2
4341 3
4342 3
4343 4
4344 5
4345 3
4346 3
4347 5
4348 3
4349 5
4350 4
4351 3
4352 5
4353 4
4354 5
4355 9
4356 7
4357 8
4358 4
4359 7
4360 6
4361 6
4362 10
4363 11
4364 14
4365 10
4366 9
4367 10
4368 9
4369 10
4370 6
4371 5
4372 3
4373 4
4374 3
4375 2
4376 4
4377 4
4378 3
4379 3
4380 1
4381 0
4382 0
4383 1
4384 2
4385 2
4386 1
4387 0
4388 0
4389 0
4390 0
4391 0
4392 0
4393 0
4394 0
4395 1
4396 0
4397 0
4398 2
4399 4
4400 6
4401 4
4402 2
4403 1
4404 1
4405 2
4406 3
4407 3
4408 5
4409 10
4410 6
4411 7
4412 9
4413 11
4414 11
4415 12
4416 11
4417 8
4418 11
4419 9
4420 7
4421 4
4422 2
4423 0
4424 0
4425 0
4426 0
4427 2
4428 0
4429 0
4430 1
4431 4
4432 3
4433 5
4434 9
4435 10
4436 19
4437 20
4438 17
4439 20
4440 22
4441 28
4442 30
4443 36
4444 36
4445 33
4446 31
4447 35
4448 24
4449 20
4450 21
4451 15
4452 13
4453 10
4454 17
4455 20
4456 22
4457 23
4458 27
4459 21
4460 17
4461 18
4462 24
4463 30
4464 23
4465 20
4466 15
4467 14
4468 15
4469 16
4470 15
4471 20
4472 24
4473 17
4474 14
4475 13
4476 14
4477 12
4478 11
4479 10
4480 10
4481 11
4482 12
4483 14
4484 12
4485 9
4486 6
4487 10
4488 6
4489 11
4490 12
4491 18
4492 22
4493 16
4494 20
4495 21
4496 19
4497 25
4498 31
4499 31
4500 31
4501 16
4502 21
4503 16
4504 18
4505 15
4506 8
4507 11
4508 9
4509 7
4510 5
4511 8
4512 11
4513 5
4514 3
4515 3
4516 2
4517 3
4518 1
4519 1
4520 1
4521 2
4522 3
4523 2
4524 1
4525 0
4526 0
4527 0
4528 0
4529 0
4530 0
4531 0
4532 0
4533 0
4534 0
4535 0
4536 1
4537 0
4538 0
4539 0
4540 0
4541 0
4542 0
4543 0
4544 0
4545 1
4546 1
4547 1
4548 0
4549 0
4550 0
4551 0
4552 0
4553 0
4554 0
4555 1
4556 1
4557 2
4558 1
4559 2
4560 3
4561 4
4562 4
4563 4
4564 2
4565 3
4566 6
4567 7
4568 3
4569 5
4570 9
4571 12
4572 7
4573 6
4574 8
4575 9
4576 13
4577 18
4578 21
4579 20
4580 22
4581 28
4582 29
4583 30
4584 37
4585 38
4586 35
4587 38
4588 48
4589 51
4590 55
4591 52
4592 50
4593 41
4594 34
4595 43
4596 47
4597 48
4598 49
4599 41
4600 49
4601 40
4602 41
4603 34
4604 34
4605 29
4606 22
4607 22
4608 19
4609 13
4610 11
4611 9
4612 4
4613 6
4614 8
4615 14
4616 9
4617 10
4618 6
4619 7
4620 5
4621 4
4622 5
4623 6
4624 4
4625 1
4626 1
4627 1
4628 1
4629 1
4630 1
4631 1
4632 1
4633 1
4634 1
4635 0
4636 2
4637 2
4638 2
4639 1
4640 1
4641 0
4642 0
4643 0
4644 0
4645 1
4646 0
4647 0
4648 1
4649 0
4650 0
4651 0
4652 1
4653 2
4654 3
4655 2
4656 3
4657 2
4658 2
4659 0
4660 1
4661 0
4662 0
4663 0
4664 0
4665 1
4666 2
4667 4
4668 4
4669 1
4670 1
4671 0
4672 1
4673 2
4674 1
4675 0
4676 0
4677 0
4678 0
4679 0
4680 0
4681 0
4682 0
4683 0
4684 0
4685 0
4686 0
4687 0
4688 0
4689 0
4690 1
4691 0
4692 0
4693 0
4694 0
4695 0
4696 0
4697 0
4698 0
4699 0
4700 0
4701 0
4702 0
4703 0
4704 0
4705 0
4706 0
4707 0
4708 0
4709 0
4710 0
4711 0
4712 0
4713 0
4714 0
4715 0
4716 0
4717 0
4718 0
4719 0
4720 0
4721 0
4722 0
4723 1
4724 2
4725 3
4726 3
4727 2
4728 2
4729 0
4730 0
4731 0
4732 0
4733 0
4734 0
4735 0
4736 0
4737 0
4738 0
4739 1
4740 0
4741 1
4742 2
4743 4
4744 2
4745 2
4746 1
4747 0
4748 0
4749 0
4750 0
4751 0
4752 1
4753 2
4754 1
4755 1
4756 2
4757 4
4758 2
4759 1
4760 2
4761 3
4762 2
4763 1
4764 0
4765 0
4766 0
4767 0
4768 1
4769 2
4770 5
4771 5
4772 5
4773 7
4774 10
4775 9
4776 11
4777 10
4778 10
4779 2
4780 6
4781 6
4782 9
4783 8
4784 10
4785 12
4786 14
4787 21
4788 24
4789 29
4790 20
4791 22
4792 20
4793 18
4794 19
4795 21
4796 33
4797 30
4798 36
4799 34
4800 39
4801 42
4802 39
4803 36
4804 45
4805 40
4806 47
4807 33
4808 39
4809 32
4810 39
4811 36
4812 46
4813 35
4814 45
4815 42
4816 46
4817 34
4818 27
4819 27
4820 27
4821 32
4822 32
4823 30
4824 32
4825 32
4826 34
4827 17
4828 15
4829 12
4830 14
4831 15
4832 17
4833 21
4834 23
4835 23
4836 33
4837 41
4838 52
4839 51
4840 50
4841 52
4842 51
4843 43
4844 30
4845 34
4846 40
4847 55
4848 61
4849 70
4850 52
4851 44
4852 45
4853 48
4854 52
4855 41
4856 31
4857 30
4858 24
4859 17
4860 16
4861 17
4862 16
4863 20
4864 18
4865 21
4866 15
4867 11
4868 10
4869 14
4870 16
4871 17
4872 19
4873 17
4874 20
4875 22
4876 26
4877 33
4878 22
4879 30
4880 25
4881 19
4882 15
4883 18
4884 26
4885 24
4886 25
4887 22
4888 34
4889 24
4890 18
4891 20
4892 29
4893 32
4894 33
4895 30
4896 27
4897 24
4898 25
4899 23
4900 30
4901 28
4902 27
4903 29
4904 27
4905 29
4906 25
4907 27
4908 31
4909 32
4910 29
4911 23
4912 26
4913 30
4914 22
4915 29
4916 31
4917 34
4918 34
4919 49
4920 49
4921 54
4922 65
4923 72
4924 75
4925 73
4926 60
4927 71
4928 62
4929 65
4930 71
4931 80
4932 76
4933 70
4934 68
4935 67
4936 81
4937 68
4938 54
4939 58
4940 71
4941 67
4942 59
4943 52
4944 39
4945 41
4946 38
4947 39
4948 37
4949 31
4950 18
4951 20
4952 25
4953 24
4954 16
4955 20
4956 20
4957 16
4958 20
4959 22
4960 26
4961 37
4962 27
4963 32
4964 38
4965 42
4966 40
4967 42
4968 51
4969 46
4970 39
4971 40
4972 40
4973 48
4974 48
4975 31
4976 42
4977 45
4978 57
4979 62
4980 57
4981 41
4982 26
4983 21
4984 19
4985 25
4986 20
4987 18
4988 16
4989 12
4990 16
4991 11
4992 8
4993 5
4994 8
4995 6
4996 10
4997 14
4998 12
4999 12
5000 10
5001 11
5002 12
5003 14
5004 11
5005 10
5006 5
5007 9
5008 8
5009 7
5010 1
5011 2
5012 2
5013 4
5014 3
5015 3
5016 3
5017 5
5018 7
5019 9
5020 10
5021 10
5022 8
5023 3
5024 2
5025 0
5026 1
5027 1
5028 1
5029 0
5030 0
5031 1
5032 4
5033 7
5034 5
5035 7
5036 8
5037 6
5038 6
5039 5
5040 8
5041 16
5042 17
5043 24
5044 29
5045 29
5046 31
5047 32
5048 33
5049 30
5050 26
5051 23
5052 19
5053 17
5054 17
5055 16
5056 15
5057 18
5058 14
5059 19
5060 24
5061 34
5062 37
5063 29
5064 27
5065 25
5066 23
5067 20
5068 24
5069 26
5070 25
5071 26
5072 22
5073 16
5074 16
5075 12
5076 10
5077 13
5078 14
5079 11
5080 16
5081 18
5082 22
5083 26
5084 31
5085 33
5086 29
5087 30
5088 31
5089 25
5090 31
5091 26
5092 19
5093 13
5094 20
5095 31
5096 32
5097 38
5098 44
5099 44
5100 44
5101 45
5102 41
5103 45
5104 56
5105 60
5106 62
5107 59
5108 70
5109 62
5110 73
5111 79
5112 70
5113 68
5114 76
5115 71
5116 76
5117 69
5118 70
5119 66
5120 64
5121 63
5122 55
5123 52
5124 43
5125 42
5126 41
5127 40
5128 47
5129 41
5130 43
5131 38
5132 42
5133 34
5134 44
5135 59
5136 61
5137 65
5138 60
5139 48
5140 61
5141 59
5142 67
5143 57
5144 58
5145 65
5146 77
5147 84
5148 85
5149 80
5150 81
5151 91
5152 88
5153 72
5154 73
5155 69
5156 78
5157 69
5158 66
5159 65
5160 66
5161 55
5162 60
5163 68
5164 68
5165 63
5166 74
5167 64
5168 66
5169 60
5170 60
5171 61
5172 69
5173 54
5174 58
5175 67
5176 70
5177 71
5178 64
5179 70
5180 81
5181 74
5182 72
5183 74
5184 68
5185 63
5186 64
5187 69
5188 55
5189 43
5190 51
5191 37
5192 41
5193 35
5194 35
5195 34
5196 45
5197 50
5198 71
5199 78
5200 94
5201 93
5202 102
5203 119
5204 119
5205 117
5206 125
5207 126
5208 128
5209 129
5210 124
5211 128
5212 123
5213 88
5214 98
5215 99
5216 114
5217 105
5218 91
5219 103
5220 92
5221 95
5222 83
5223 87
5224 109
5225 113
5226 92
5227 83
5228 86
5229 92
5230 97
5231 114
5232 114
5233 108
5234 100
5235 106
5236 110
5237 113
5238 97
5239 96
5240 97
5241 94
5242 94
5243 111
5244 118
5245 107
5246 114
5247 118
5248 106
5249 102
5250 106
5251 106
5252 102
5253 96
5254 106
5255 120
5256 114
5257 130
5258 121
5259 108
5260 114
5261 104
5262 109
5263 121
5264 125
5265 123
5266 121
5267 125
5268 124
5269 135
5270 157
5271 175
5272 174
5273 222
5274 247
5275 264
5276 266
5277 252
5278 253
5279 274
5280 246
5281 251
5282 241
5283 238
5284 261
5285 248
5286 285
5287 274
5288 267
5289 251
5290 270
5291 245
5292 234
5293 192
5294 191
5295 199
5296 190
5297 196
5298 202
5299 212
5300 203
5301 225
5302 213
5303 209
5304 209
5305 195
5306 215
5307 217
5308 217
5309 194
5310 203
5311 214
5312 219
5313 212
5314 208
5315 212
5316 215
5317 226
5318 221
5319 218
5320 208
5321 211
5322 220
5323 217
5324 220
5325 251
5326 221
5327 216
5328 232
5329 223
5330 196
5331 179
5332 180
5333 181
5334 191
5335 217
5336 241
5337 238
5338 245
5339 247
5340 279
5341 265
5342 249
5343 251
5344 273
5345 240
5346 226
5347 222
5348 240
5349 225
5350 225
5351 218
5352 230
5353 241
5354 244
5355 235
5356 236
5357 234
5358 220
5359 226
5360 244
5361 249
5362 248
5363 243
5364 218
5365 224
5366 224
5367 220
5368 224
5369 226
5370 210
5371 242
5372 223
5373 226
5374 219
5375 201
5376 205
5377 185
5378 172
5379 164
5380 159
5381 145
5382 128
5383 134
5384 122
5385 114
5386 107
5387 122
5388 126
5389 135
5390 139
5391 145
5392 143
5393 145
5394 157
5395 155
5396 172
5397 190
5398 176
5399 180
5400 187
5401 194
5402 168
5403 148
5404 148
5405 154
5406 153
5407 171
5408 177
5409 182
5410 192
5411 167
5412 156
5413 163
5414 167
5415 162
5416 155
5417 141
5418 142
5419 142
5420 140
5421 136
5422 154
5423 145
5424 145
5425 136
5426 123
5427 134
5428 141
5429 123
5430 122
5431 124
5432 123
5433 120
5434 139
5435 149
5436 162
5437 151
5438 169
5439 161
5440 170
5441 198
5442 185
5443 204
5444 192
5445 209
5446 220
5447 198
5448 201
5449 219
5450 233
5451 206
5452 170
5453 184
5454 180
5455 186
5456 182
5457 181
5458 202
5459 196
5460 205
5461 193
5462 213
5463 230
5464 239
5465 236
5466 242
5467 250
5468 282
5469 308
5470 333
5471 310
5472 302
5473 311
5474 326
5475 323
5476 336
5477 338
5478 328
5479 337
5480 323
5481 319
5482 323
5483 331
5484 320
5485 317
5486 326
5487 334
5488 338
5489 340
5490 325
5491 318
5492 304
5493 293
5494 278
5495 268
5496 240
5497 254
5498 293
5499 287
5500 301
5501 296
5502 315
5503 321
5504 325
5505 321
5506 353
5507 342
5508 322
5509 343
5510 362
5511 368
5512 402
5513 383
5514 359
5515 362
5516 328
5517 331
5518 304
5519 297
5520 279
5521 308
5522 281
5523 301
5524 306
5525 318
5526 283
5527 315
5528 322
5529 320
5530 321
5531 338
5532 338
5533 333
5534 331
5535 299
5536 279
5537 284
5538 289
5539 278
5540 284
5541 298
5542 297
5543 290
5544 299
5545 307
5546 322
5547 305
5548 319
5549 319
5550 280
5551 290
5552 295
5553 305
5554 295
5555 294
5556 269
5557 279
5558 287
5559 279
5560 294
5561 289
5562 292
5563 309
5564 325
5565 342
5566 325
5567 330
5568 330
5569 305
5570 291
5571 284
5572 264
5573 238
5574 232
5575 255
5576 266
5577 261
5578 256
5579 267
5580 254
5581 248
5582 248
5583 245
5584 239
5585 268
5586 282
5587 283
5588 274
5589 257
5590 263
5591 250
5592 248
5593 242
5594 233
5595 239
5596 238
5597 244
5598 247
5599 214
5600 224
5601 213
5602 203
5603 207
5604 188
5605 191
5606 187
5607 168
5608 159
5609 151
5610 166
5611 171
5612 162
5613 188
5614 202
5615 190
5616 188
5617 195
5618 196
5619 203
5620 202
5621 202
5622 199
5623 184
5624 172
5625 158
5626 167
5627 163
5628 158
5629 163
5630 179
5631 192
5632 205
5633 193
5634 184
5635 185
5636 190
5637 199
5638 205
5639 182
5640 224
5641 239
5642 250
5643 230
5644 217
5645 233
5646 208
5647 221
5648 215
5649 236
5650 231
5651 235
5652 224
5653 239
5654 228
5655 230
5656 216
5657 222
5658 244
5659 251
5660 270
5661 252
5662 259
5663 255
5664 246
5665 277
5666 250
5667 236
5668 224
5669 227
5670 217
5671 235
5672 228
5673 249
5674 258
5675 255
5676 256
5677 247
5678 245
5679 243
5680 291
5681 278
5682 269
5683 285
5684 284
5685 274
5686 267
5687 251
5688 265
5689 234
5690 259
5691 245
5692 242
5693 246
5694 261
5695 256
5696 244
5697 232
5698 242
5699 249
5700 233
5701 217
5702 218
5703 210
5704 209
5705 204
5706 199
5707 211
5708 218
5709 220
5710 218
5711 187
5712 204
5713 201
5714 192
5715 201
5716 208
5717 200
5718 204
5719 199
5720 208
5721 211
5722 218
5723 227
5724 227
5725 238
5726 210
5727 194
5728 198
5729 214
5730 201
5731 185
5732 168
5733 176
5734 181
5735 176
5736 170
5737 178
5738 154
5739 140
5740 152
5741 140
5742 140
5743 147
5744 146
5745 153
5746 157
5747 149
5748 142
5749 132
5750 143
5751 145
5752 147
5753 121
5754 115
5755 120
5756 123
5757 116
5758 117
5759 123
5760 126
5761 123
5762 118
5763 102
5764 88
5765 94
5766 84
5767 73
5768 79
5769 75
5770 76
5771 71
5772 65
5773 77
5774 92
5775 100
5776 99
5777 103
5778 90
5779 69
5780 77
5781 91
5782 98
5783 94
5784 114
5785 98
5786 110
5787 93
5788 88
5789 87
5790 70
5791 64
5792 80
5793 80
5794 60
5795 62
5796 56
5797 77
5798 87
5799 82
5800 96
5801 88
5802 92
5803 93
5804 104
5805 121
5806 128
5807 128
5808 157
5809 149
5810 138
5811 154
5812 168
5813 176
5814 180
5815 167
5816 178
5817 187
5818 177
5819 152
5820 137
5821 134
5822 132
5823 127
5824 139
5825 178
5826 171
5827 165
5828 180
5829 180
5830 194
5831 257
5832 285
5833 316
5834 315
5835 307
5836 311
5837 324
5838 314
5839 313
5840 328
5841 338
5842 329
5843 306
5844 312
5845 309
5846 301
5847 329
5848 316
5849 314
5850 298
5851 278
5852 285
5853 298
5854 297
5855 306
5856 315
5857 307
5858 318
5859 334
5860 327
5861 317
5862 298
5863 292
5864 288
5865 254
5866 240
5867 226
5868 234
5869 228
5870 219
5871 188
5872 178
5873 181
5874 177
5875 158
5876 185
5877 198
5878 181
5879 167
5880 155
5881 151
5882 140
5883 125
5884 116
5885 108
5886 110
5887 94
5888 100
5889 114
5890 114
5891 114
5892 115
5893 129
5894 119
5895 117
5896 128
5897 133
5898 132
5899 131
5900 136
5901 141
5902 145
5903 158
5904 157
5905 166
5906 144
5907 127
5908 127
5909 117
5910 115
5911 124
5912 109
5913 110
5914 110
5915 108
5916 105
5917 99
5918 93
5919 96
5920 85
5921 77
5922 71
5923 75
5924 64
5925 53
5926 50
5927 55
5928 57
5929 56
5930 62
5931 54
5932 53
5933 53
5934 49
5935 43
5936 38
5937 32
5938 37
5939 34
5940 44
5941 37
5942 24
5943 27
5944 23
5945 24
5946 14
5947 14
5948 14
5949 10
5950 8
5951 12
5952 10
5953 10
5954 10
5955 4
5956 5
5957 3
5958 2
5959 2
5960 3
5961 3
5962 2
5963 2
5964 0
5965 0
5966 0
5967 0
5968 0
5969 0
5970 0
5971 1
5972 1
5973 2
5974 1
5975 0
5976 1
5977 3
5978 2
5979 3
5980 6
5981 9
5982 13
5983 8
5984 13
5985 13
5986 13
5987 17
5988 18
5989 16
5990 16
5991 24
5992 23
5993 19
5994 12
5995 16
5996 18
5997 15
5998 9
5999 9
6000 8
6001 8
6002 7
6003 3
6004 2
6005 0
6006 0
6007 0
6008 0
6009 0
6010 0
6011 0
6012 0
6013 0
6014 1
6015 0
6016 1
6017 1
6018 1
6019 1
6020 3
6021 3
6022 7
6023 7
6024 3
6025 2
6026 6
6027 4
6028 2
6029 1
6030 0
6031 0
6032 0
6033 0
6034 1
6035 2
6036 2
6037 4
6038 3
6039 4
6040 4
6041 2
6042 0
6043 0
6044 0
6045 0
6046 0
6047 0
6048 1
6049 1
6050 0
6051 0
6052 1
6053 1
6054 2
6055 3
6056 4
6057 3
6058 2
6059 3
6060 5
6061 4
6062 8
6063 8
6064 10
6065 6
6066 11
6067 11
6068 12
6069 14
6070 22
6071 26
6072 30
6073 31
6074 27
6075 38
6076 31
6077 33
6078 28
6079 24
6080 20
6081 22
6082 24
6083 19
6084 25
6085 26
6086 28
6087 21
6088 17
6089 12
6090 10
6091 15
6092 19
6093 27
6094 24
6095 28
6096 30
6097 23
6098 27
6099 19
6100 19
6101 31
6102 35
6103 37
6104 39
6105 43
6106 47
6107 46
6108 35
6109 34
6110 35
6111 32
6112 32
6113 28
6114 40
6115 48
6116 46
6117 43
6118 39
6119 34
6120 30
6121 32
6122 35
6123 40
6124 39
6125 38
6126 30
6127 28
6128 30
6129 24
6130 31
6131 16
6132 23
6133 27
6134 32
6135 36
6136 39
6137 42
6138 37
6139 36
6140 33
6141 29
6142 39
6143 34
6144 36
6145 33
6146 43
6147 39
6148 41
6149 45
6150 40
6151 35
6152 41
6153 39
6154 40
6155 40
6156 30
6157 30
6158 29
6159 32
6160 39
6161 40
6162 47
6163 53
6164 63
6165 57
6166 59
6167 54
6168 52
6169 58
6170 47
6171 47
6172 53
6173 58
6174 61
6175 66
6176 67
6177 62
6178 55
6179 61
6180 51
6181 49
6182 55
6183 48
6184 42
6185 55
6186 51
6187 36
6188 42
6189 39
6190 40
6191 46
6192 44
6193 51
6194 43
6195 42
6196 48
6197 45
6198 33
6199 33
6200 38
6201 38
6202 39
6203 41
6204 37
6205 29
6206 37
6207 33
6208 35
6209 33
6210 28
6211 20
6212 17
6213 11
6214 8
6215 8
6216 5
6217 3
6218 1
6219 1
6220 0
6221 0
6222 0
6223 1
6224 1
6225 0
6226 0
6227 0
6228 0
6229 0
6230 0
6231 1
6232 2
6233 0
6234 0
6235 0
6236 0
6237 1
6238 1
6239 3
6240 3
6241 2
6242 2
6243 3
6244 8
6245 12
6246 14
6247 21
6248 22
6249 33
6250 40
6251 34
6252 29
6253 33
6254 50
6255 58
6256 61
6257 72
6258 78
6259 82
6260 70
6261 67
6262 66
6263 74
6264 72
6265 55
6266 70
6267 65
6268 61
6269 52
6270 58
6271 49
6272 59
6273 65
6274 76
6275 85
6276 92
6277 84
6278 78
6279 81
6280 78
6281 75
6282 86
6283 84
6284 81
6285 91
6286 104
6287 84
6288 94
6289 98
6290 90
6291 93
6292 101
6293 95
6294 102
6295 86
6296 103
6297 110
6298 112
6299 104
6300 100
6301 94
6302 101
6303 102
6304 112
6305 115
6306 138
6307 135
6308 140
6309 120
6310 131
6311 116
6312 120
6313 110
6314 106
6315 98
6316 104
6317 112
6318 107
6319 113
6320 113
6321 104
6322 106
6323 116
6324 101
6325 87
6326 100
6327 107
6328 120
6329 120
6330 106
6331 115
6332 112
6333 97
6334 90
6335 97
6336 88
6337 104
6338 90
6339 77
6340 87
6341 88
6342 100
6343 107
6344 111
6345 91
6346 83
6347 77
6348 61
6349 72
6350 84
6351 91
6352 85
6353 83
6354 88
6355 101
6356 87
6357 81
6358 78
6359 87
6360 90
6361 90
6362 81
6363 90
6364 89
6365 84
6366 81
6367 74
6368 68
6369 58
6370 53
6371 49
6372 46
6373 51
6374 43
6375 42
6376 36
6377 40
6378 42
6379 46
6380 43
6381 49
6382 41
6383 40
6384 34
6385 35
6386 34
6387 38
6388 38
6389 41
6390 43
6391 44
6392 37
6393 35
6394 40
6395 38
6396 34
6397 37
6398 41
6399 45
6400 37
6401 40
6402 39
6403 39
6404 42
6405 63
6406 64
6407 63
6408 46
6409 44
6410 52
6411 47
6412 44
6413 48
6414 37
6415 31
6416 31
6417 35
6418 32
6419 36
6420 39
6421 34
6422 27
6423 29
6424 34
6425 44
6426 40
6427 40
6428 46
6429 52
6430 57
6431 60
6432 72
6433 77
6434 92
6435 104
6436 104
6437 110
6438 104
6439 114
6440 113
6441 118
6442 125
6443 145
6444 152
6445 157
6446 177
6447 167
6448 185
6449 168
6450 176
6451 185
6452 172
6453 163
6454 184
6455 182
6456 179
6457 183
6458 168
6459 161
6460 161
6461 167
6462 176
6463 154
6464 146
6465 143
6466 139
6467 128
6468 117
6469 108
6470 102
6471 101
6472 116
6473 127
6474 133
6475 124
6476 124
6477 123
6478 114
6479 102
6480 102
6481 114
6482 129
6483 140
6484 134
6485 153
6486 150
6487 147
6488 125
6489 110
6490 94
6491 96
6492 71
6493 63
6494 36
6495 44
6496 42
6497 44
6498 59
6499 69
6500 63
6501 58
6502 61
6503 61
6504 72
6505 72
6506 72
6507 91
6508 84
6509 93
6510 100
6511 96
6512 95
6513 92
6514 108
6515 114
6516 106
6517 99
6518 90
6519 94
6520 92
6521 98
6522 108
6523 94
6524 92
6525 79
6526 63
6527 66
6528 76
6529 66
6530 62
6531 43
6532 41
6533 42
6534 41
6535 44
6536 46
6537 55
6538 57
6539 62
6540 61
6541 61
6542 45
6543 52
6544 43
6545 40
6546 56
6547 54
6548 51
6549 53
6550 44
6551 55
6552 48
6553 53
6554 60
6555 63
6556 70
6557 59
6558 53
6559 37
6560 40
6561 40
6562 44
6563 50
6564 53
6565 63
6566 53
6567 57
6568 57
6569 49
6570 47
6571 44
6572 51
6573 65
6574 62
6575 50
6576 48
6577 40
6578 44
6579 51
6580 56
6581 55
6582 55
6583 45
6584 48
6585 45
6586 51
6587 49
6588 43
6589 28
6590 26
6591 24
6592 35
6593 41
6594 54
6595 51
6596 50
6597 59
6598 57
6599 62
6600 69
6601 89
6602 102
6603 104
6604 107
6605 104
6606 119
6607 125
6608 125
6609 126
6610 113
6611 104
6612 97
6613 89
6614 92
6615 84
6616 101
6617 92
6618 86
6619 87
6620 89
6621 84
6622 81
6623 87
6624 80
6625 85
6626 93
6627 99
6628 103
6629 113
6630 107
6631 93
6632 101
6633 95
6634 86
6635 95
6636 110
6637 99
6638 93
6639 78
6640 83
6641 88
6642 91
6643 83
6644 90
6645 89
6646 86
6647 86
6648 93
6649 97
6650 103
6651 117
6652 105
6653 112
6654 125
6655 115
6656 124
6657 119
6658 112
6659 101
6660 113
6661 101
6662 103
6663 108
6664 90
6665 82
6666 83
6667 83
6668 87
6669 91
6670 96
6671 92
6672 110
6673 108
6674 105
6675 101
6676 91
6677 87
6678 89
6679 97
6680 102
6681 108
6682 131
6683 128
6684 140
6685 117
6686 121
6687 106
6688 120
6689 99
6690 112
6691 100
6692 94
6693 82
6694 96
6695 106
6696 129
6697 122
6698 118
6699 119
6700 127
6701 115
6702 112
6703 127
6704 113
6705 100
6706 104
6707 114
6708 111
6709 109
6710 124
6711 133
6712 130
6713 128
6714 114
6715 107
6716 98
6717 103
6718 97
6719 80
6720 79
6721 79
6722 79
6723 85
6724 95
6725 100
6726 89
6727 95
6728 87
6729 105
6730 106
6731 88
6732 110
6733 103
6734 111
6735 113
6736 120
6737 114
6738 110
6739 98
6740 93
6741 88
6742 89
6743 88
6744 97
6745 118
6746 119
6747 121
6748 101
6749 94
6750 100
6751 129
6752 134
6753 138
6754 150
6755 157
6756 156
6757 157
6758 156
6759 155
6760 155
6761 171
6762 154
6763 167
6764 172
6765 152
6766 142
6767 133
6768 127
6769 122
6770 137
6771 151
6772 143
6773 141
6774 157
6775 170
6776 153
6777 149
6778 152
6779 144
6780 141
6781 139
6782 158
6783 153
6784 174
6785 175
6786 169
6787 172
6788 165
6789 168
6790 177
6791 160
6792 167
6793 159
6794 165
6795 153
6796 156
6797 166
6798 153
6799 159
6800 144
6801 145
6802 138
6803 153
6804 171
6805 174
6806 171
6807 200
6808 232
6809 241
6810 247
6811 243
6812 242
6813 224
6814 230
6815 250
6816 232
6817 245
6818 271
6819 265
6820 288
6821 287
6822 296
6823 283
6824 254
6825 236
6826 242
6827 232
6828 247
6829 228
6830 207
6831 233
6832 216
6833 211
6834 223
6835 221
6836 212
6837 243
6838 230
6839 262
6840 283
6841 272
6842 302
6843 318
6844 321
6845 323
6846 345
6847 375
6848 378
6849 363
6850 356
6851 360
6852 396
6853 395
6854 407
6855 428
6856 432
6857 399
6858 382
6859 359
6860 350
6861 356
6862 345
6863 337
6864 353
6865 388
6866 388
6867 374
6868 367
6869 333
6870 345
6871 369
6872 355
6873 361
6874 323
6875 340
6876 313
6877 329
6878 316
6879 300
6880 330
6881 315
6882 330
6883 354
6884 329
6885 326
6886 313
6887 304
6888 334
6889 348
6890 333
6891 351
6892 356
6893 363
6894 350
6895 374
6896 356
6897 364
6898 376
6899 404
6900 428
6901 452
6902 462
6903 447
6904 389
6905 371
6906 375
6907 350
6908 359
6909 341
6910 344
6911 377
6912 379
6913 395
6914 422
6915 439
6916 468
6917 458
6918 449
6919 461
6920 464
6921 484
6922 499
6923 500
6924 499
6925 492
6926 512
6927 560
6928 581
6929 569
6930 573
6931 571
6932 544
6933 542
6934 600
6935 617
6936 647
6937 633
6938 645
6939 681
6940 702
6941 733
6942 721
6943 732
6944 632
6945 648
6946 625
6947 600
6948 593
6949 560
6950 582
6951 587
6952 582
6953 574
6954 570
6955 566
6956 526
6957 541
6958 568
6959 544
6960 573
6961 559
6962 557
6963 538
6964 518
6965 496
6966 466
6967 443
6968 440
6969 423
6970 416
6971 444
6972 467
6973 503
6974 508
6975 515
6976 495
6977 531
6978 500
6979 471
6980 454
6981 472
6982 466
6983 482
6984 500
6985 492
6986 526
6987 568
6988 600
6989 596
6990 590
6991 566
6992 579
6993 585
6994 607
6995 602
6996 651
6997 639
6998 627
6999 618
7000 608
7001 655
7002 670
7003 732
7004 696
7005 703
7006 715
7007 703
7008 703
7009 732
7010 728
7011 738
7012 668
7013 694
7014 669
7015 700
7016 726
7017 749
7018 748
7019 725
7020 723
7021 699
7022 710
7023 727
7024 706
7025 738
7026 747
7027 730
7028 714
7029 698
7030 701
7031 716
7032 694
7033 727
7034 726
7035 760
7036 741
7037 678
7038 695
7039 692
7040 712
7041 715
7042 730
7043 729
7044 703
7045 675
7046 658
7047 656
7048 638
7049 640
7050 638
7051 649
7052 665
7053 647
7054 621
7055 581
7056 590
7057 619
7058 608
7059 624
7060 651
7061 646
7062 614
7063 651
7064 673
7065 643
7066 642
7067 669
7068 658
7069 644
7070 634
7071 614
7072 613
7073 572
7074 601
7075 587
7076 583
7077 551
7078 561
7079 517
7080 499
7081 499
7082 486
7083 487
7084 475
7085 484
7086 477
7087 504
7088 473
7089 516
7090 502
7091 521
7092 507
7093 477
7094 481
7095 478
7096 477
7097 443
7098 436
7099 471
7100 508
7101 512
7102 534
7103 515
7104 495
7105 530
7106 559
7107 547
7108 540
7109 529
7110 566
7111 577
7112 605
7113 612
7114 635
7115 697
7116 730
7117 762
7118 768
7119 783
7120 826
7121 802
7122 765
7123 768
7124 770
7125 722
7126 721
7127 687
7128 702
7129 703
7130 685
7131 620
7132 569
7133 560
7134 549
7135 546
7136 535
7137 569
7138 575
7139 596
7140 595
7141 590
7142 591
7143 620
7144 621
7145 612
7146 615
7147 590
7148 593
7149 592
7150 589
7151 633
7152 674
7153 638
7154 664
7155 670
7156 683
7157 693
7158 734
7159 753
7160 734
7161 719
7162 699
7163 710
7164 683
7165 709
7166 722
7167 736
7168 743
7169 725
7170 764
7171 822
7172 810
7173 734
7174 738
7175 759
7176 761
7177 797
7178 773
7179 791
7180 825
7181 789
7182 826
7183 853
7184 820
7185 803
7186 753
7187 799
7188 802
7189 829
7190 775
7191 769
7192 776
7193 803
7194 791
7195 772
7196 693
7197 697
7198 691
7199 685
7200 699
7201 712
7202 763
7203 756
7204 792
7205 787
7206 809
7207 800
7208 745
7209 752
7210 750
7211 794
7212 831
7213 847
7214 831
7215 808
7216 802
7217 851
7218 873
7219 895
7220 906
7221 912
7222 867
7223 845
7224 836
7225 875
7226 842
7227 832
7228 817
7229 779
7230 794
7231 787
7232 827
7233 805
7234 793
7235 790
7236 797
7237 771
7238 724
7239 718
7240 752
7241 755
7242 727
7243 745
7244 730
7245 677
7246 637
7247 613
7248 617
7249 565
7250 600
7251 640
7252 671
7253 653
7254 634
7255 650
7256 632
7257 614
7258 590
7259 607
7260 544
7261 547
7262 530
7263 525
7264 567
7265 552
7266 562
7267 564
7268 542
7269 506
7270 519
7271 495
7272 508
7273 497
7274 511
7275 511
7276 502
7277 475
7278 466
7279 461
7280 472
7281 455
7282 450
7283 420
7284 437
7285 451
7286 448
7287 474
7288 494
7289 465
7290 509
7291 530
7292 512
7293 526
7294 551
7295 581
7296 614
7297 631
7298 628
7299 608
7300 639
7301 614
7302 632
7303 596
7304 616
7305 615
7306 629
7307 689
7308 683
7309 660
7310 682
7311 654
7312 654
7313 642
7314 671
7315 678
7316 672
7317 648
7318 626
7319 612
7320 631
7321 626
7322 650
7323 660
7324 642
7325 643
7326 652
7327 609
7328 577
7329 558
7330 542
7331 526
7332 526
7333 539
7334 580
7335 559
7336 556
7337 563
7338 558
7339 540
7340 550
7341 498
7342 492
7343 535
7344 559
7345 536
7346 564
7347 547
7348 497
7349 474
7350 442
7351 443
7352 422
7353 449
7354 449
7355 437
7356 435
7357 449
7358 436
7359 435
7360 436
7361 414
7362 411
7363 392
7364 403
7365 422
7366 436
7367 444
7368 427
7369 414
7370 413
7371 395
7372 394
7373 377
7374 387
7375 385
7376 398
7377 394
7378 417
7379 412
7380 447
7381 473
7382 497
7383 486
7384 468
7385 441
7386 425
7387 408
7388 419
7389 427
7390 412
7391 401
7392 386
7393 409
7394 406
7395 420
7396 441
7397 433
7398 425
7399 405
7400 418
7401 409
7402 417
7403 420
7404 432
7405 453
7406 404
7407 387
7408 405
7409 395
7410 395
7411 415
7412 423
7413 399
7414 449
7415 451
7416 428
7417 433
7418 485
7419 506
7420 503
7421 506
7422 518
7423 508
7424 506
7425 517
7426 528
7427 504
7428 490
7429 507
7430 535
7431 537
7432 536
7433 550
7434 581
7435 554
7436 586
7437 606
7438 623
7439 618
7440 637
7441 663
7442 625
7443 640
7444 632
7445 628
7446 603
7447 643
7448 654
7449 662
7450 699
7451 693
7452 686
7453 704
7454 754
7455 782
7456 800
7457 737
7458 753
7459 719
7460 698
7461 727
7462 735
7463 729
7464 720
7465 746
7466 744
7467 746
7468 739
7469 749
7470 777
7471 804
7472 772
7473 778
7474 781
7475 781
7476 812
7477 811
7478 797
7479 789
7480 837
7481 833
7482 859
7483 866
7484 837
7485 851
7486 761
7487 720
7488 733
7489 744
7490 726
7491 684
7492 676
7493 680
7494 709
7495 708
7496 723
7497 769
7498 783
7499 712
7500 686
7501 679
7502 675
7503 656
7504 635
7505 648
7506 670
7507 676
7508 649
7509 654
7510 669
7511 664
7512 675
7513 711
7514 729
7515 710
7516 721
7517 751
7518 771
7519 746
7520 734
7521 716
7522 666
7523 699
7524 717
7525 729
7526 773
7527 788
7528 786
7529 763
7530 751
7531 753
7532 781
7533 805
7534 777
7535 772
7536 754
7537 738
7538 690
7539 649
7540 621
7541 685
7542 696
7543 716
7544 718
7545 741
7546 751
7547 731
7548 742
7549 719
7550 727
7551 724
7552 731
7553 737
7554 681
7555 718
7556 706
7557 663
7558 686
7559 677
7560 710
7561 719
7562 758
7563 756
7564 811
7565 785
7566 789
7567 716
7568 707
7569 692
7570 744
7571 718
7572 720
7573 708
7574 717
7575 680
7576 646
7577 670
7578 679
7579 691
7580 660
7581 622
7582 618
7583 637
7584 652
7585 676
7586 677
7587 656
7588 666
7589 622
7590 570
7591 567
7592 559
7593 579
7594 569
7595 565
7596 550
7597 589
7598 595
7599 588
7600 583
7601 602
7602 601
7603 609
7604 578
7605 551
7606 561
7607 539
7608 578
7609 561
7610 591
7611 575
7612 576
7613 576
7614 570
7615 552
7616 591
7617 540
7618 512
7619 513
7620 497
7621 510
7622 469
7623 443
7624 423
7625 394
7626 381
7627 390
7628 384
7629 421
7630 437
7631 457
7632 426
7633 398
7634 404
7635 383
7636 378
7637 346
7638 373
7639 391
7640 414
7641 429
7642 467
7643 469
7644 464
7645 496
7646 487
7647 497
7648 542
7649 528
7650 543
7651 540
7652 519
7653 537
7654 531
7655 561
7656 588
7657 552
7658 510
7659 495
7660 520
7661 509
7662 549
7663 536
7664 507
7665 523
7666 511
7667 482
7668 468
7669 469
7670 508
7671 486
7672 497
7673 465
7674 428
7675 422
7676 414
7677 386
7678 385
7679 403
7680 406
7681 396
7682 390
7683 362
7684 354
7685 336
7686 339
7687 351
7688 322
7689 327
7690 352
7691 342
7692 341
7693 350
7694 374
7695 362
7696 350
7697 354
7698 370
7699 354
7700 380
7701 379
7702 382
7703 401
7704 400
7705 426
7706 439
7707 448
7708 450
7709 457
7710 472
7711 521
7712 488
7713 493
7714 463
7715 460
7716 472
7717 493
7718 477
7719 470
7720 471
7721 454
7722 458
7723 444
7724 461
7725 418
7726 423
7727 422
7728 402
7729 414
7730 407
7731 398
7732 385
7733 401
7734 409
7735 419
7736 454
7737 455
7738 465
7739 481
7740 482
7741 452
7742 519
7743 544
7744 552
7745 565
7746 556
7747 587
7748 554
7749 566
7750 565
7751 557
7752 568
7753 530
7754 511
7755 507
7756 520
7757 515
7758 482
7759 469
7760 483
7761 498
7762 457
7763 469
7764 464
7765 494
7766 488
7767 463
7768 415
7769 393
7770 402
7771 406
7772 405
7773 381
7774 380
7775 351
7776 327
7777 354
7778 357
7779 348
7780 329
7781 314
7782 303
7783 297
7784 315
7785 315
7786 327
7787 347
7788 334
7789 314
7790 305
7791 270
7792 288
7793 328
7794 309
7795 358
7796 307
7797 291
7798 318
7799 319
7800 318
7801 326
7802 295
7803 275
7804 282
7805 290
7806 264
7807 261
7808 279
7809 302
7810 309
7811 286
7812 317
7813 320
7814 353
7815 360
7816 357
7817 366
7818 355
7819 364
7820 356
7821 299
7822 312
7823 311
7824 352
7825 344
7826 317
7827 322
7828 322
7829 319
7830 324
7831 312
7832 316
7833 324
7834 326
7835 343
7836 358
7837 356
7838 386
7839 381
7840 358
7841 356
7842 362
7843 361
7844 356
7845 333
7846 317
7847 318
7848 310
7849 297
7850 286
7851 273
7852 270
7853 272
7854 262
7855 228
7856 248
7857 248
7858 241
7859 210
7860 234
7861 234
7862 233
7863 230
7864 248
7865 273
7866 273
7867 261
7868 279
7869 256
7870 267
7871 276
7872 276
7873 284
7874 286
7875 280
7876 269
7877 257
7878 307
7879 322
7880 356
7881 377
7882 394
7883 384
7884 402
7885 404
7886 368
7887 372
7888 371
7889 372
7890 377
7891 377
7892 395
7893 405
7894 378
7895 435
7896 477
7897 447
7898 459
7899 437
7900 450
7901 421
7902 425
7903 438
7904 418
7905 411
7906 423
7907 418
7908 394
7909 385
7910 399
7911 412
7912 401
7913 370
7914 416
7915 412
7916 405
7917 409
7918 416
7919 434
7920 430
7921 495
7922 521
7923 505
7924 524
7925 493
7926 465
7927 469
7928 484
7929 472
7930 488
7931 505
7932 489
7933 478
7934 474
7935 505
7936 492
7937 483
7938 445
7939 443
7940 471
7941 473
7942 450
7943 413
7944 418
7945 399
7946 384
7947 355
7948 357
7949 346
7950 347
7951 340
7952 331
7953 289
7954 262
7955 297
7956 281
7957 286
7958 257
7959 224
7960 227
7961 231
7962 239
7963 230
7964 224
7965 221
7966 244
7967 255
7968 262
7969 240
7970 267
7971 273
7972 252
7973 273
7974 254
7975 249
7976 273
7977 271
7978 291
7979 307
7980 315
7981 300
7982 303
7983 315
7984 333
7985 329
7986 341
7987 364
7988 363
7989 357
7990 371
7991 366
7992 381
7993 399
7994 392
7995 384
7996 368
7997 348
7998 331
7999 318
8000 338
8001 349
8002 316
8003 326
8004 323
8005 308
8006 325
8007 338
8008 346
8009 337
8010 311
8011 322
8012 342
8013 326
8014 330
8015 328
8016 330
8017 300
8018 311
8019 305
8020 304
8021 296
8022 291
8023 270
8024 285
8025 310
8026 327
8027 286
8028 242
8029 233
8030 216
8031 212
8032 189
8033 182
8034 177
8035 186
8036 168
8037 174
8038 156
8039 154
8040 159
8041 154
8042 166
8043 172
8044 188
8045 200
8046 199
8047 207
8048 191
8049 189
8050 214
8051 207
8052 192
8053 203
8054 213
8055 223
8056 255
8057 261
8058 265
8059 253
8060 262
8061 266
8062 253
8063 236
8064 219
8065 245
8066 247
8067 253
8068 256
8069 251
8070 277
8071 295
8072 268
8073 256
8074 253
8075 260
8076 275
8077 266
8078 256
8079 265
8080 269
8081 242
8082 242
8083 240
8084 257
8085 269
8086 258
8087 236
8088 253
8089 252
8090 265
8091 259
8092 260
8093 264
8094 301
8095 290
8096 311
8097 305
8098 298
8099 294
8100 284
8101 271
8102 279
8103 265
8104 282
8105 277
8106 292
8107 287
8108 297
8109 311
8110 316
8111 335
8112 341
8113 334
8114 339
8115 309
8116 281
8117 282
8118 279
8119 311
8120 339
8121 348
8122 351
8123 338
8124 351
8125 301
8126 302
8127 310
8128 300
8129 333
8130 326
8131 313
8132 312
8133 303
8134 263
8135 276
8136 292
8137 289
8138 283
8139 299
8140 279
8141 297
8142 319
8143 337
8144 368
8145 373
8146 408
8147 425
8148 399
8149 367
8150 368
8151 369
8152 382
8153 378
8154 393
8155 420
8156 424
8157 448
8158 437
8159 421
8160 431
8161 416
8162 392
8163 415
8164 429
8165 417
8166 410
8167 418
8168 414
8169 435
8170 440
8171 438
8172 463
8173 465
8174 472
8175 449
8176 477
8177 495
8178 506
8179 486
8180 464
8181 475
8182 462
8183 461
8184 452
8185 464
8186 498
8187 456
8188 455
8189 438
8190 405
8191 401
8192 394
8193 373
8194 340
8195 332
8196 349
8197 346
8198 339
8199 339
8200 302
8201 315
8202 316
8203 277
8204 261
8205 275
8206 271
8207 269
8208 257
8209 262
8210 271
8211 276
8212 288
8213 304
8214 289
8215 275
8216 278
8217 262
8218 257
8219 248
8220 243
8221 236
8222 254
8223 264
8224 266
8225 263
8226 283
8227 298
8228 284
8229 299
8230 292
8231 272
8232 287
8233 269
8234 306
8235 328
8236 306
8237 302
8238 310
8239 304
8240 290
8241 280
8242 299
8243 327
8244 332
8245 368
8246 368
8247 383
8248 356
8249 368
8250 376
8251 390
8252 400
8253 431
8254 455
8255 481
8256 505
8257 475
8258 461
8259 475
8260 478
8261 503
8262 486
8263 451
8264 463
8265 465
8266 448
8267 483
8268 461
8269 457
8270 427
8271 448
8272 426
8273 416
8274 412
8275 443
8276 413
8277 411
8278 363
8279 329
8280 334
8281 321
8282 326
8283 331
8284 330
8285 324
8286 360
8287 357
8288 354
8289 350
8290 350
8291 353
8292 352
8293 316
8294 303
8295 278
8296 331
8297 298
8298 296
8299 297
8300 317
8301 298
8302 325
8303 277
8304 257
8305 260
8306 254
8307 292
8308 267
8309 255
8310 243
8311 249
8312 245
8313 244
8314 254
8315 247
8316 246
8317 241
8318 258
8319 255
8320 230
8321 236
8322 232
8323 250
8324 257
8325 255
8326 258
8327 257
8328 253
8329 262
8330 259
8331 264
8332 267
8333 261
8334 257
8335 262
8336 262
8337 227
8338 210
8339 235
8340 241
8341 241
8342 251
8343 253
8344 259
8345 227
8346 202
8347 204
8348 222
8349 219
8350 205
8351 187
8352 196
8353 169
8354 164
8355 166
8356 169
8357 180
8358 196
8359 181
8360 206
8361 209
8362 234
8363 241
8364 230
8365 224
8366 245
8367 250
8368 265
8369 275
8370 265
8371 226
8372 217
8373 219
8374 220
8375 221
8376 219
8377 196
8378 204
8379 209
8380 177
8381 173
8382 154
8383 145
8384 127
8385 126
8386 132
8387 128
8388 129
8389 136
8390 153
8391 159
8392 171
8393 178
8394 188
8395 152
8396 143
8397 123
8398 116
8399 103
8400 85
8401 77
8402 78
8403 84
8404 71
8405 64
8406 55
8407 64
8408 67
8409 63
8410 59
8411 70
8412 58
8413 83
8414 84
8415 86
8416 70
8417 71
8418 59
8419 60
8420 61
8421 56
8422 49
8423 52
8424 47
8425 50
8426 47
8427 48
8428 48
8429 52
8430 55
8431 62
8432 50
8433 58
8434 63
8435 68
8436 87
8437 82
8438 67
8439 54
8440 46
8441 45
8442 52
8443 55
8444 70
8445 67
8446 55
8447 53
8448 55
8449 51
8450 54
8451 46
8452 52
8453 48
8454 41
8455 42
8456 45
8457 51
8458 50
8459 38
8460 45
8461 54
8462 44
8463 45
8464 43
8465 46
8466 61
8467 54
8468 56
8469 59
8470 60
8471 42
8472 39
8473 35
8474 25
8475 28
8476 26
8477 28
8478 36
8479 36
8480 31
8481 22
8482 21
8483 23
8484 28
8485 24
8486 22
8487 27
8488 22
8489 18
8490 12
8491 16
8492 17
8493 24
8494 18
8495 17
8496 12
8497 7
8498 12
8499 7
8500 5
8501 6
8502 2
8503 0
8504 0
8505 0
8506 0
8507 0
8508 0
8509 0
8510 0
8511 0
8512 0
8513 1
8514 1
8515 2
8516 2
8517 0
8518 0
8519 0
8520 0
8521 0
8522 0
8523 0
8524 0
8525 1
8526 3
8527 6
8528 7
8529 10
8530 5
8531 6
8532 6
8533 13
8534 9
8535 10
8536 10
8537 6
8538 8
8539 4
8540 10
8541 14
8542 15
8543 16
8544 23
8545 34
8546 43
8547 45
8548 46
8549 48
8550 67
8551 68
8552 79
8553 64
8554 64
8555 62
8556 60
8557 65
8558 72
8559 66
8560 75
8561 54
8562 57
8563 31
8564 32
8565 38
8566 36
8567 41
8568 39
8569 41
8570 49
8571 44
8572 40
8573 33
8574 32
8575 36
8576 42
8577 42
8578 48
8579 51
8580 45
8581 47
8582 41
8583 45
8584 43
8585 50
8586 55
8587 56
8588 55
8589 62
8590 63
8591 60
8592 51
8593 45
8594 39
8595 43
8596 46
8597 50
8598 67
8599 61
8600 66
8601 68
8602 54
8603 45
8604 44
8605 32
8606 34
8607 34
8608 32
8609 30
8610 30
8611 31
8612 33
8613 23
8614 31
8615 32
8616 30
8617 29
8618 34
8619 28
8620 28
8621 30
8622 31
8623 30
8624 34
8625 30
8626 25
8627 29
8628 31
8629 38
8630 43
8631 46
8632 56
8633 59
8634 61
8635 59
8636 61
8637 57
8638 55
8639 60
8640 64
8641 64
8642 60
8643 71
8644 66
8645 60
8646 59
8647 55
8648 49
8649 60
8650 58
8651 58
8652 64
8653 73
8654 81
8655 72
8656 76
8657 73
8658 59
8659 57
8660 53
8661 43
8662 37
8663 34
8664 42
8665 39
8666 43
8667 53
8668 46
8669 37
8670 37
8671 32
8672 39
8673 38
8674 24
8675 27
8676 28
8677 19
8678 13
8679 11
8680 12
8681 5
8682 11
8683 9
8684 8
8685 9
8686 6
8687 4
8688 5
8689 6
8690 2
8691 2
8692 1
8693 0
8694 0
8695 0
8696 0
8697 1
8698 2
8699 2
8700 1
8701 1
8702 1
8703 0
8704 0
8705 0
8706 0
8707 1
8708 1
8709 0
8710 0
8711 0
8712 0
8713 0
8714 0
8715 0
8716 0
8717 1
8718 0
8719 0
8720 0
8721 0
8722 0
8723 0
8724 0
8725 0
8726 0
8727 0
8728 0
8729 0
8730 0
8731 0
8732 0
8733 0
8734 0
8735 0
8736 0
8737 0
8738 0
8739 1
8740 1
8741 0
8742 0
8743 0
8744 0
8745 0
8746 1
8747 1
8748 1
8749 0
8750 0
8751 0
8752 1
8753 1
8754 2
8755 1
8756 2
8757 2
8758 2
8759 2
8760 1
8761 1
8762 1
8763 1
8764 0
8765 0
8766 0
8767 0
8768 1
8769 1
8770 2
8771 2
8772 2
8773 3
8774 2
8775 1
8776 3
8777 2
8778 1
8779 0
8780 0
8781 0
8782 1
8783 1
8784 2
8785 3
8786 4
8787 7
8788 8
8789 8
8790 5
8791 13
8792 10
8793 8
8794 9
8795 11
8796 12
8797 6
8798 8
8799 10
8800 8
8801 3
8802 3
8803 1
8804 2
8805 5
8806 5
8807 10
8808 14
8809 9
8810 10
8811 9
8812 9
8813 12
8814 9
8815 10
8816 9
8817 16
8818 9
8819 8
8820 14
8821 22
8822 18
8823 14
8824 12
8825 16
8826 18
8827 20
8828 18
8829 25
8830 33
8831 35
8832 34
8833 34
8834 44
8835 51
8836 47
8837 43
8838 57
8839 59
8840 56
8841 58
8842 53
8843 49
8844 65
8845 74
8846 81
8847 87
8848 78
8849 76
8850 52
8851 54
8852 52
8853 48
8854 65
8855 70
8856 59
8857 70
8858 67
8859 69
8860 68
8861 68
8862 59
8863 64
8864 58
8865 50
8866 57
8867 48
8868 48
8869 51
8870 53
8871 55
8872 50
8873 51
8874 68
8875 66
8876 66
8877 59
8878 72
8879 82
8880 74
8881 65
8882 72
8883 75
8884 74
8885 74
8886 64
8887 61
8888 64
8889 57
8890 53
8891 45
8892 50
8893 44
8894 46
8895 41
8896 43
8897 40
8898 32
8899 22
8900 23
8901 28
8902 24
8903 32
8904 35
8905 34
8906 46
8907 39
8908 44
8909 39
8910 48
8911 43
8912 32
8913 29
8914 28
8915 35
8916 36
8917 22
8918 24
8919 31
8920 29
8921 33
8922 24
8923 27
8924 28
8925 23
8926 21
8927 19
8928 12
8929 15
8930 11
8931 9
8932 13
8933 8
8934 8
8935 11
8936 6
8937 5
8938 6
8939 3
8940 2
8941 1
8942 0
8943 0
8944 0
8945 0
8946 0
8947 1
8948 1
8949 1
8950 3
8951 3
8952 0
8953 0
8954 0
8955 0
8956 2
8957 2
8958 4
8959 5
8960 7
8961 11
8962 7
8963 7
8964 7
8965 4
8966 3
8967 4
8968 7
8969 8
8970 7
8971 14
8972 17
8973 12
8974 12
8975 9
8976 9
8977 15
8978 10
8979 7
8980 9
8981 9
8982 11
8983 12
8984 17
8985 20
8986 22
8987 18
8988 17
8989 19
8990 14
8991 10
8992 8
8993 10
8994 9
8995 8
8996 9
8997 7
8998 8
8999 5
9000 3
9001 2
9002 2
9003 3
9004 2
9005 1
9006 1
9007 2
9008 1
9009 0
9010 0
9011 0
9012 0
9013 0
9014 1
9015 0
9016 1
9017 1
9018 6
9019 2
9020 1
9021 4
9022 2
9023 2
9024 0
9025 0
9026 0
9027 0
9028 0
9029 0
9030 0
9031 1
9032 2
9033 3
9034 4
9035 3
9036 3
9037 1
9038 2
9039 2
9040 2
9041 2
9042 1
9043 3
9044 7
9045 8
9046 7
9047 8
9048 8
9049 8
9050 8
9051 7
9052 6
9053 4
9054 10
9055 12
9056 8
9057 7
9058 6
9059 12
9060 8
9061 9
9062 4
9063 6
9064 9
9065 13
9066 15
9067 14
9068 16
9069 16
9070 15
9071 15
9072 21
9073 22
9074 28
9075 20
9076 13
9077 15
9078 12
9079 13
9080 17
9081 14
9082 14
9083 5
9084 7
9085 7
9086 8
9087 7
9088 12
9089 10
9090 8
9091 9
9092 10
9093 7
9094 2
9095 4
9096 3
9097 3
9098 3
9099 7
9100 7
9101 6
9102 6
9103 5
9104 2
9105 1
9106 2
9107 0
9108 0
9109 0
9110 0
9111 2
9112 2
9113 2
9114 3
9115 2
9116 3
9117 5
9118 4
9119 1
9120 1
9121 3
9122 4
9123 2
9124 1
9125 1
9126 0
9127 2
9128 1
9129 4
9130 2
9131 2
9132 3
9133 2
9134 0
9135 1
9136 0
9137 0
9138 0
9139 0
9140 0
9141 0
9142 0
9143 1
9144 0
9145 1
9146 2
9147 5
9148 7
9149 12
9150 6
9151 8
9152 6
9153 6
9154 5
9155 8
9156 8
9157 11
9158 10
9159 11
9160 12
9161 10
9162 7
9163 4
9164 6
9165 5
9166 7
9167 4
9168 6
9169 7
9170 10
9171 11
9172 13
9173 8
9174 5
9175 2
9176 2
9177 0
9178 0
9179 0
9180 2
9181 1
9182 2
9183 3
9184 1
9185 1
9186 1
9187 3
9188 2
9189 2
9190 3
9191 5
9192 6
9193 4
9194 2
9195 2
9196 4
9197 5
9198 3
9199 3
9200 2
9201 1
9202 0
9203 0
9204 0
9205 0
9206 0
9207 0
9208 0
9209 1
9210 0
9211 0
9212 1
9213 2
9214 2
9215 0
9216 0
9217 0
9218 1
9219 0
9220 0
9221 1
9222 1
9223 1
9224 1
9225 1
9226 2
9227 1
9228 1
9229 0
9230 0
9231 0
9232 0
9233 0
9234 0
9235 1
9236 4
9237 2
9238 1
9239 4
9240 7
9241 10
9242 9
9243 15
9244 14
9245 12
9246 10
9247 8
9248 10
9249 10
9250 12
9251 16
9252 12
9253 12
9254 8
9255 10
9256 16
9257 14
9258 10
9259 8
9260 8
9261 6
9262 3
9263 5
9264 3
9265 6
9266 6
9267 5
9268 6
9269 10
9270 11
9271 12
9272 8
9273 11
9274 15
9275 16
9276 16
9277 15
9278 12
9279 6
9280 6
9281 6
9282 8
9283 3
9284 4
9285 1
9286 2
9287 2
9288 0
9289 1
9290 0
9291 0
9292 0
9293 0
9294 0
9295 0
9296 0
9297 0
9298 0
9299 0
9300 1
9301 0
9302 0
9303 1
9304 1
9305 0
9306 0
9307 0
9308 0
9309 0
9310 0
9311 0
9312 0
9313 0
9314 1
9315 1
9316 0
9317 0
9318 1
9319 1
9320 4
9321 4
9322 7
9323 7
9324 13
9325 8
9326 9
9327 16
9328 15
9329 16
9330 17
9331 25
9332 21
9333 23
9334 24
9335 18
9336 15
9337 16
9338 16
9339 29
9340 35
9341 28
9342 24
9343 24
9344 22
9345 14
9346 15
9347 12
9348 10
9349 17
9350 16
9351 16
9352 16
9353 31
9354 30
9355 33
9356 36
9357 33
9358 39
9359 32
9360 30
9361 33
9362 42
9363 34
9364 33
9365 26
9366 24
9367 16
9368 18
9369 15
9370 16
9371 10
9372 12
9373 10
9374 7
9375 8
9376 8
9377 13
9378 16
9379 19
9380 16
9381 18
9382 14
9383 8
9384 6
9385 6
9386 6
9387 4
9388 3
9389 4
9390 2
9391 4
9392 4
9393 3
9394 6
9395 5
9396 5
9397 5
9398 4
9399 4
9400 6
9401 6
9402 7
9403 3
9404 2
9405 5
9406 5
9407 3
9408 4
9409 4
9410 4
9411 6
9412 4
9413 2
9414 2
9415 3
9416 2
9417 3
9418 3
9419 5
9420 4
9421 1
9422 0
9423 1
9424 2
9425 2
9426 4
9427 3
9428 5
9429 4
9430 3
9431 1
9432 1
9433 0
9434 1
9435 1
9436 1
9437 2
9438 3
9439 2
9440 0
9441 0
9442 0
9443 0
9444 0
9445 0
9446 0
9447 0
9448 0
9449 0
9450 0
9451 0
9452 0
9453 0
9454 0
9455 2
9456 2
9457 2
9458 1
9459 2
9460 2
9461 2
9462 1
9463 2
9464 3
9465 2
9466 4
9467 7
9468 10
9469 8
9470 12
9471 18
9472 21
9473 26
9474 25
9475 18
9476 20
9477 13
9478 11
9479 11
9480 13
9481 13
9482 17
9483 15
9484 18
9485 20
9486 15
9487 16
9488 16
9489 13
9490 20
9491 18
9492 17
9493 17
9494 17
9495 26
9496 25
9497 34
9498 29
9499 24
9500 23
9501 30
9502 46
9503 31
9504 34
9505 33
9506 38
9507 34
9508 45
9509 49
9510 49
9511 47
9512 50
9513 47
9514 45
9515 50
9516 49
9517 40
9518 44
9519 48
9520 36
9521 39
9522 27
9523 27
9524 20
9525 14
9526 7
9527 10
9528 11
9529 14
9530 15
9531 17
9532 10
9533 12
9534 13
9535 10
9536 7
9537 11
9538 9
9539 6
9540 8
9541 14
9542 11
9543 11
9544 15
9545 12
9546 12
9547 13
9548 15
9549 15
9550 16
9551 20
9552 21
9553 13
9554 19
9555 16
9556 12
9557 21
9558 17
9559 18
9560 20
9561 21
9562 17
9563 14
9564 19
9565 27
9566 32
9567 23
9568 27
9569 31
9570 34
9571 32
9572 41
9573 38
9574 36
9575 23
9576 22
9577 18
9578 21
9579 25
9580 26
9581 26
9582 23
9583 24
9584 28
9585 29
9586 25
9587 21
9588 17
9589 19
9590 22
9591 14
9592 19
9593 13
9594 22
9595 22
9596 20
9597 20
9598 22
9599 20
9600 24
9601 22
9602 21
9603 14
9604 16
9605 10
9606 11
9607 14
9608 14
9609 15
9610 13
9611 9
9612 7
9613 11
9614 13
9615 8
9616 9
9617 9
9618 11
9619 6
9620 3
9621 3
9622 2
9623 4
9624 6
9625 5
9626 5
9627 5
9628 4
9629 9
9630 12
9631 9
9632 8
9633 6
9634 5
9635 10
9636 6
9637 3
9638 1
9639 3
9640 0
9641 0
9642 0
9643 0
9644 0
9645 1
9646 1
9647 2
9648 2
9649 2
9650 2
9651 3
9652 5
9653 4
9654 5
9655 3
9656 1
9657 0
9658 0
9659 0
9660 0
9661 0
9662 1
9663 0
9664 0
9665 0
9666 0
9667 0
9668 0
9669 0
9670 0
9671 1
9672 0
9673 0
9674 0
9675 0
9676 0
9677 0
9678 0
9679 0
9680 0
9681 0
9682 1
9683 3
9684 3
9685 3
9686 2
9687 2
9688 1
9689 0
9690 0
9691 0
9692 0
9693 0
9694 0
9695 0
9696 0
9697 0
9698 0
9699 0
9700 0
9701 0
9702 0
9703 0
9704 0
9705 0
9706 0
9707 0
9708 0
9709 0
9710 0
9711 0
9712 0
9713 1
9714 1
9715 3
9716 6
9717 11
9718 6
9719 9
9720 9
9721 6
9722 3
9723 3
9724 4
9725 2
9726 1
9727 0
9728 0
9729 0
9730 1
9731 2
9732 1
9733 1
9734 2
9735 3
9736 2
9737 4
9738 4
9739 8
9740 10
9741 11
9742 13
9743 16
9744 11
9745 11
9746 9
9747 5
9748 4
9749 5
9750 1
9751 2
9752 2
9753 1
9754 0
9755 1
9756 2
9757 3
9758 6
9759 10
9760 12
9761 11
9762 10
9763 9
9764 4
9765 8
9766 12
9767 9
9768 13
9769 17
9770 18
9771 22
9772 16
9773 14
9774 18
9775 13
9776 9
9777 10
9778 11
9779 13
9780 19
9781 15
9782 10
9783 10
9784 9
9785 9
9786 9
9787 11
9788 12
9789 10
9790 13
9791 17
9792 18
9793 24
9794 27
9795 36
9796 45
9797 43
9798 47
9799 41
9800 41
9801 45
9802 53
9803 52
9804 56
9805 57
9806 56
9807 54
9808 65
9809 65
9810 75
9811 89
9812 85
9813 69
9814 65
9815 61
9816 56
9817 51
9818 57
9819 62
9820 68
9821 71
9822 69
9823 71
9824 68
9825 72
9826 69
9827 81
9828 85
9829 86
9830 93
9831 81
9832 92
9833 106
9834 111
9835 115
9836 104
9837 99
9838 96
9839 117
9840 122
9841 113
9842 119
9843 115
9844 120
9845 124
9846 127
9847 102
9848 129
9849 105
9850 98
9851 99
9852 115
9853 119
9854 135
9855 133
9856 103
9857 90
9858 85
9859 101
9860 96
9861 79
9862 87
9863 86
9864 94
9865 82
9866 85
9867 89
9868 80
9869 80
9870 78
9871 104
9872 111
9873 123
9874 123
9875 125
9876 136
9877 154
9878 162
9879 159
9880 166
9881 177
9882 173
9883 139
9884 144
9885 147
9886 127
9887 135
9888 139
9889 162
9890 170
9891 148
9892 148
9893 160
9894 178
9895 174
9896 192
9897 203
9898 197
9899 204
9900 198
9901 182
9902 182
9903 202
9904 223
9905 220
9906 190
9907 167
9908 161
9909 152
9910 147
9911 144
9912 147
9913 151
9914 161
9915 167
9916 159
9917 167
9918 179
9919 198
9920 206
9921 181
9922 195
9923 212
9924 228
9925 236
9926 228
9927 243
9928 243
9929 249
9930 259
9931 259
9932 252
9933 253
9934 266
9935 249
9936 288
9937 296
9938 344
9939 360
9940 343
9941 363
9942 359
9943 349
9944 331
9945 332
9946 322
9947 335
9948 348
9949 364
9950 358
9951 352
9952 356
9953 365
9954 354
9955 350
9956 342
9957 349
9958 350
9959 322
9960 296
9961 312
9962 329
9963 325
9964 316
9965 328
9966 329
9967 313
9968 300
9969 292
9970 289
9971 286
9972 273
9973 302
9974 288
9975 316
9976 323
9977 340
9978 352
9979 374
9980 340
9981 333
9982 315
9983 318
9984 310
9985 331
9986 367
9987 363
9988 340
9989 371
9990 374
9991 384
9992 408
9993 418
9994 432
9995 436
9996 440
9997 425
9998 453
9999 466
10000 448
