1 0
2 0
3 0
4 0
5 0
6 0
7 0
8 0
9 0
10 0
11 0
12 0
13 0
14 0
15 0
16 0
17 0
18 0
19 0
20 1
21 0
22 0
23 0
24 0
25 0
26 0
27 0
28 0
29 0
30 0
31 0
32 0
33 0
34 0
35 0
36 0
37 0
38 0
39 0
40 0
41 0
42 0
43 0
44 0
45 0
46 0
47 0
48 0
49 0
50 0
51 0
52 0
53 0
54 0
55 0
56 0
57 0
58 0
59 0
60 0
61 0
62 0
63 0
64 0
65 0
66 0
67 0
68 0
69 0
70 0
71 0
72 0
73 0
74 0
75 0
76 0
77 0
78 0
79 0
80 0
81 0
82 0
83 0
84 0
85 0
86 0
87 0
88 0
89 0
90 0
91 0
92 0
93 0
94 0
95 0
96 0
97 0
98 0
99 0
100 0
101 0
102 0
103 0
104 0
105 0
106 0
107 0
108 0
109 0
110 0
111 0
112 1
113 0
114 1
115 0
116 0
117 0
118 0
119 0
120 0
121 0
122 0
123 0
124 0
125 0
126 0
127 0
128 0
129 1
130 1
131 2
132 2
133 0
134 0
135 0
136 0
137 0
138 0
139 0
140 0
141 0
142 0
143 0
144 0
145 0
146 0
147 0
148 0
149 0
150 0
151 0
152 0
153 0
154 0
155 0
156 1
157 2
158 3
159 4
160 5
161 3
162 5
163 3
164 4
165 3
166 5
167 8
168 12
169 8
170 11
171 13
172 12
173 11
174 18
175 20
176 16
177 18
178 22
179 22
180 18
181 20
182 16
183 14
184 16
185 18
186 18
187 25
188 22
189 24
190 20
191 21
192 33
193 43
194 41
195 40
196 42
197 56
198 49
199 55
200 63
201 62
202 54
203 57
204 61
205 53
206 64
207 53
208 59
209 55
210 49
211 43
212 43
213 50
214 47
215 63
216 60
217 61
218 68
219 55
220 60
221 60
222 65
223 70
224 78
225 90
226 94
227 102
228 95
229 91
230 108
231 101
232 92
233 91
234 90
235 107
236 115
237 124
238 113
239 113
240 119
241 116
242 108
243 105
244 121
245 111
246 126
247 141
248 142
249 130
250 127
251 112
252 110
253 119
254 117
255 111
256 122
257 130
258 144
259 134
260 128
261 122
262 126
263 132
264 130
265 131
266 126
267 120
268 118
269 101
270 111
271 102
272 100
273 90
274 113
275 128
276 128
277 134
278 132
279 130
280 138
281 117
282 108
283 101
284 104
285 117
286 121
287 109
288 121
289 122
290 118
291 142
292 147
293 165
294 176
295 163
296 152
297 132
298 138
299 142
300 147
301 149
302 144
303 139
304 146
305 141
306 158
307 157
308 150
309 172
310 169
311 182
312 165
313 171
314 140
315 146
316 145
317 131
318 111
319 106
320 98
321 98
322 95
323 96
324 97
325 96
326 97
327 96
328 99
329 77
330 72
331 66
332 70
333 65
334 65
335 69
336 81
337 79
338 75
339 64
340 70
341 76
342 70
343 71
344 87
345 84
346 74
347 62
348 66
349 49
350 54
351 54
352 38
353 33
354 39
355 35
356 33
357 31
358 31
359 35
360 45
361 38
362 43
363 38
364 45
365 49
366 46
367 50
368 61
369 45
370 50
371 45
372 46
373 36
374 35
375 40
376 40
377 47
378 58
379 72
380 70
381 75
382 60
383 53
384 52
385 49
386 53
387 55
388 53
389 39
390 35
391 40
392 39
393 39
394 44
395 49
396 58
397 53
398 42
399 51
400 37
401 42
402 34
403 43
404 52
405 59
406 51
407 55
408 60
409 62
410 49
411 44
412 51
413 54
414 50
415 54
416 58
417 53
418 52
419 54
420 53
421 55
422 47
423 51
424 50
425 37
426 45
427 47
428 40
429 32
430 22
431 28
432 25
433 29
434 17
435 19
436 24
437 24
438 22
439 20
440 17
441 13
442 9
443 10
444 6
445 10
446 4
447 3
448 1
449 1
450 3
451 5
452 3
453 4
454 5
455 2
456 3
457 5
458 5
459 10
460 14
461 12
462 16
463 17
464 18
465 13
466 16
467 12
468 15
469 14
470 12
471 12
472 11
473 14
474 18
475 11
476 10
477 11
478 17
479 14
480 13
481 11
482 6
483 10
484 8
485 7
486 12
487 14
488 15
489 18
490 17
491 18
492 14
493 10
494 12
495 19
496 21
497 26
498 31
499 32
500 27
501 23
502 15
503 16
504 13
505 12
506 4
507 2
508 2
509 7
510 7
511 3
512 1
513 2
514 1
515 0
516 0
517 0
518 0
519 0
520 0
521 0
522 0
523 0
524 1
525 0
526 0
527 0
528 0
529 0
530 0
531 0
532 0
533 0
534 0
535 0
536 0
537 0
538 0
539 0
540 0
541 0
542 0
543 0
544 0
545 0
546 0
547 0
548 0
549 0
550 0
551 0
552 0
553 0
554 0
555 0
556 0
557 0
558 0
559 0
560 0
561 0
562 0
563 0
564 0
565 1
566 0
567 0
568 0
569 0
570 0
571 0
572 0
573 0
574 0
575 0
576 0
577 0
578 0
579 0
580 0
581 0
582 0
583 0
584 0
585 0
586 0
587 0
588 0
589 0
590 0
591 0
592 0
593 0
594 0
595 0
596 0
597 0
598 0
599 0
600 0
601 0
602 0
603 0
604 0
605 0
606 0
607 0
608 0
609 0
610 0
611 0
612 0
613 0
614 0
615 0
616 0
617 0
618 0
619 0
620 0
621 0
622 0
623 0
624 0
625 0
626 0
627 0
628 0
629 0
630 0
631 0
632 0
633 0
634 0
635 0
636 0
637 0
638 0
639 0
640 0
641 0
642 0
643 0
644 0
645 0
646 0
647 0
648 0
649 0
650 0
651 0
652 0
653 0
654 0
655 0
656 0
657 0
658 0
659 0
660 0
661 0
662 0
663 0
664 0
665 0
666 0
667 0
668 0
669 0
670 0
671 0
672 0
673 0
674 0
675 0
676 0
677 0
678 0
679 0
680 0
681 0
682 0
683 0
684 0
685 0
686 1
687 3
688 2
689 0
690 0
691 0
692 0
693 0
694 0
695 0
696 0
697 0
698 0
699 0
700 0
701 0
702 0
703 0
704 0
705 0
706 0
707 0
708 0
709 0
710 0
711 0
712 0
713 0
714 0
715 0
716 0
717 0
718 0
719 0
720 0
721 0
722 0
723 0
724 0
725 0
726 0
727 0
728 0
729 0
730 0
731 0
732 0
733 0
734 0
735 0
736 0
737 0
738 0
739 0
740 0
741 0
742 0
743 0
744 0
745 1
746 1
747 1
748 2
749 2
750 1
751 0
752 1
753 2
754 1
755 0
756 0
757 0
758 0
759 0
760 0
761 0
762 0
763 0
764 0
765 0
766 0
767 0
768 0
769 0
770 0
771 0
772 0
773 0
774 0
775 0
776 0
777 0
778 0
779 1
780 1
781 1
782 1
783 0
784 0
785 0
786 0
787 0
788 0
789 0
790 0
791 0
792 0
793 0
794 0
795 0
796 0
797 0
798 0
799 0
800 0
801 0
802 0
803 0
804 0
805 0
806 0
807 0
808 0
809 0
810 1
811 3
812 3
813 4
814 3
815 5
816 2
817 3
818 2
819 4
820 4
821 1
822 1
823 0
824 0
825 0
826 0
827 0
828 0
829 0
830 0
831 0
832 0
833 0
834 0
835 0
836 0
837 0
838 0
839 0
840 0
841 0
842 0
843 0
844 0
845 0
846 0
847 0
848 0
849 0
850 0
851 0
852 0
853 0
854 0
855 0
856 0
857 0
858 0
859 0
860 0
861 0
862 0
863 0
864 0
865 0
866 0
867 0
868 0
869 0
870 0
871 0
872 0
873 0
874 0
875 0
876 0
877 0
878 0
879 0
880 0
881 0
882 0
883 0
884 0
885 0
886 0
887 0
888 0
889 0
890 0
891 0
892 0
893 0
894 0
895 0
896 0
897 0
898 0
899 0
900 0
901 0
902 0
903 0
904 0
905 0
906 0
907 0
908 0
909 0
910 0
911 0
912 0
913 0
914 0
915 0
916 0
917 0
918 0
919 0
920 0
921 0
922 0
923 0
924 0
925 0
926 0
927 0
928 0
929 0
930 0
931 0
932 0
933 0
934 0
935 0
936 0
937 0
938 0
939 0
940 0
941 0
942 0
943 0
944 0
945 0
946 0
947 0
948 0
949 0
950 0
951 0
952 0
953 0
954 0
955 0
956 0
957 0
958 0
959 0
960 0
961 0
962 0
963 0
964 0
965 0
966 0
967 0
968 0
969 0
970 0
971 0
972 0
973 0
974 0
975 0
976 0
977 0
978 0
979 0
980 0
981 0
982 0
983 0
984 0
985 0
986 0
987 0
988 0
989 0
990 0
991 0
992 0
993 0
994 0
995 0
996 0
997 0
998 0
999 0
1000 0
1001 0
1002 0
1003 0
1004 0
1005 0
1006 0
1007 0
1008 0
1009 0
1010 1
1011 2
1012 1
1013 0
1014 0
1015 0
1016 0
1017 0
1018 0
1019 0
1020 0
1021 0
1022 0
1023 0
1024 0
1025 0
1026 0
1027 0
1028 0
1029 0
1030 0
1031 0
1032 0
1033 0
1034 0
1035 0
1036 0
1037 0
1038 0
1039 0
1040 0
1041 0
1042 0
1043 0
1044 0
1045 0
1046 0
1047 0
1048 0
1049 0
1050 0
1051 0
1052 0
1053 0
1054 0
1055 0
1056 0
1057 0
1058 0
1059 0
1060 0
1061 0
1062 0
1063 0
1064 0
1065 0
1066 0
1067 0
1068 0
1069 0
1070 1
1071 0
1072 0
1073 0
1074 0
1075 0
1076 0
1077 0
1078 0
1079 0
1080 0
1081 0
1082 0
1083 0
1084 0
1085 0
1086 0
1087 1
1088 0
1089 0
1090 0
1091 0
1092 0
1093 0
1094 0
1095 0
1096 0
1097 0
1098 0
1099 0
1100 0
1101 0
1102 0
1103 0
1104 0
1105 0
1106 0
1107 0
1108 0
1109 0
1110 0
1111 0
1112 0
1113 0
1114 0
1115 0
1116 0
1117 0
1118 0
1119 0
1120 0
1121 0
1122 0
1123 0
1124 0
1125 0
1126 0
1127 0
1128 0
1129 0
1130 0
1131 0
1132 0
1133 0
1134 0
1135 0
1136 0
1137 0
1138 0
1139 0
1140 0
1141 0
1142 0
1143 0
1144 0
1145 0
1146 0
1147 0
1148 0
1149 0
1150 0
1151 0
1152 0
1153 0
1154 0
1155 0
1156 0
1157 0
1158 0
1159 0
1160 0
1161 0
1162 0
1163 0
1164 0
1165 0
1166 0
1167 0
1168 0
1169 0
1170 0
1171 0
1172 0
1173 0
1174 0
1175 0
1176 0
1177 0
1178 0
1179 0
1180 0
1181 0
1182 0
1183 0
1184 0
1185 0
1186 0
1187 0
1188 0
1189 0
1190 0
1191 0
1192 0
1193 0
1194 0
1195 0
1196 0
1197 0
1198 0
1199 0
1200 0
1201 0
1202 0
1203 0
1204 0
1205 0
1206 0
1207 0
1208 0
1209 0
1210 0
1211 0
1212 0
1213 0
1214 0
1215 0
1216 0
1217 0
1218 0
1219 0
1220 0
1221 0
1222 0
1223 0
1224 0
1225 0
1226 0
1227 0
1228 0
1229 0
1230 0
1231 0
1232 0
1233 0
1234 0
1235 0
1236 1
1237 0
1238 0
1239 0
1240 0
1241 0
1242 0
1243 0
1244 0
1245 0
1246 0
1247 1
1248 0
1249 0
1250 0
1251 0
1252 0
1253 0
1254 0
1255 1
1256 0
1257 0
1258 0
1259 0
1260 0
1261 1
1262 2
1263 0
1264 0
1265 0
1266 0
1267 0
1268 0
1269 0
1270 0
1271 0
1272 0
1273 0
1274 0
1275 0
1276 0
1277 0
1278 0
1279 0
1280 0
1281 0
1282 0
1283 0
1284 0
1285 0
1286 0
1287 0
1288 0
1289 0
1290 0
1291 0
1292 0
1293 0
1294 0
1295 0
1296 0
1297 0
1298 0
1299 0
1300 0
1301 0
1302 0
1303 0
1304 0
1305 0
1306 0
1307 0
1308 0
1309 0
1310 0
1311 0
1312 0
1313 0
1314 0
1315 0
1316 0
1317 0
1318 0
1319 0
1320 0
1321 0
1322 0
1323 0
1324 0
1325 0
1326 0
1327 0
1328 0
1329 0
1330 0
1331 0
1332 0
1333 0
1334 0
1335 0
1336 0
1337 0
1338 0
1339 0
1340 0
1341 0
1342 0
1343 0
1344 0
1345 0
1346 0
1347 0
1348 0
1349 0
1350 0
1351 0
1352 0
1353 0
1354 0
1355 0
1356 0
1357 0
1358 0
1359 0
1360 0
1361 0
1362 0
1363 1
1364 1
1365 4
1366 6
1367 5
1368 7
1369 11
1370 14
1371 15
1372 9
1373 4
1374 4
1375 2
1376 2
1377 0
1378 0
1379 0
1380 0
1381 0
1382 0
1383 0
1384 0
1385 0
1386 0
1387 0
1388 0
1389 0
1390 0
1391 0
1392 0
1393 0
1394 0
1395 0
1396 0
1397 0
1398 0
1399 0
1400 0
1401 0
1402 0
1403 0
1404 0
1405 0
1406 0
1407 0
1408 0
1409 0
1410 0
1411 0
1412 0
1413 0
1414 0
1415 0
1416 0
1417 0
1418 0
1419 0
1420 0
1421 0
1422 0
1423 0
1424 0
1425 0
1426 0
1427 0
1428 0
1429 0
1430 0
1431 0
1432 0
1433 0
1434 0
1435 0
1436 0
1437 0
1438 0
1439 0
1440 0
1441 0
1442 0
1443 0
1444 0
1445 0
1446 0
1447 0
1448 0
1449 0
1450 0
1451 0
1452 0
1453 0
1454 0
1455 0
1456 0
1457 0
1458 0
1459 0
1460 0
1461 0
1462 0
1463 0
1464 0
1465 0
1466 0
1467 1
1468 2
1469 1
1470 0
1471 1
1472 0
1473 0
1474 0
1475 0
1476 0
1477 0
1478 0
1479 0
1480 0
1481 0
1482 0
1483 0
1484 0
1485 0
1486 0
1487 0
1488 0
1489 0
1490 0
1491 0
1492 0
1493 0
1494 0
1495 0
1496 0
1497 0
1498 0
1499 0
1500 0
1501 0
1502 0
1503 0
1504 0
1505 0
1506 0
1507 0
1508 0
1509 0
1510 0
1511 0
1512 0
1513 0
1514 0
1515 0
1516 0
1517 0
1518 0
1519 0
1520 0
1521 0
1522 0
1523 0
1524 0
1525 0
1526 0
1527 0
1528 0
1529 0
1530 0
1531 0
1532 0
1533 0
1534 0
1535 0
1536 0
1537 0
1538 0
1539 0
1540 0
1541 0
1542 0
1543 0
1544 0
1545 0
1546 0
1547 0
1548 0
1549 0
1550 0
1551 0
1552 0
1553 0
1554 0
1555 0
1556 0
1557 0
1558 0
1559 0
1560 0
1561 0
1562 0
1563 0
1564 0
1565 0
1566 0
1567 0
1568 0
1569 0
1570 0
1571 0
1572 0
1573 0
1574 0
1575 0
1576 0
1577 0
1578 0
1579 0
1580 0
1581 0
1582 0
1583 0
1584 0
1585 0
1586 0
1587 0
1588 0
1589 0
1590 0
1591 0
1592 0
1593 0
1594 0
1595 0
1596 0
1597 0
1598 0
1599 0
1600 0
1601 0
1602 0
1603 0
1604 0
1605 0
1606 0
1607 0
1608 0
1609 0
1610 0
1611 0
1612 0
1613 0
1614 0
1615 0
1616 0
1617 0
1618 0
1619 1
1620 1
1621 1
1622 2
1623 2
1624 2
1625 2
1626 4
1627 2
1628 1
1629 1
1630 0
1631 0
1632 0
1633 0
1634 0
1635 0
1636 0
1637 0
1638 0
1639 0
1640 0
1641 0
1642 0
1643 0
1644 0
1645 0
1646 0
1647 0
1648 0
1649 1
1650 0
1651 0
1652 0
1653 0
1654 0
1655 0
1656 0
1657 0
1658 0
1659 0
1660 0
1661 0
1662 0
1663 0
1664 0
1665 0
1666 0
1667 0
1668 0
1669 0
1670 0
1671 0
1672 0
1673 0
1674 0
1675 0
1676 0
1677 0
1678 0
1679 0
1680 0
1681 0
1682 0
1683 0
1684 0
1685 0
1686 0
1687 0
1688 0
1689 0
1690 0
1691 0
1692 0
1693 0
1694 0
1695 0
1696 0
1697 0
1698 0
1699 0
1700 0
1701 0
1702 0
1703 0
1704 0
1705 0
1706 0
1707 0
1708 0
1709 0
1710 0
1711 0
1712 1
1713 0
1714 0
1715 0
1716 0
1717 0
1718 0
1719 0
1720 0
1721 0
1722 0
1723 0
1724 0
1725 0
1726 0
1727 0
1728 0
1729 0
1730 0
1731 0
1732 0
1733 0
1734 0
1735 0
1736 0
1737 0
1738 0
1739 0
1740 0
1741 0
1742 0
1743 0
1744 0
1745 0
1746 0
1747 0
1748 0
1749 0
1750 0
1751 0
1752 0
1753 0
1754 0
1755 0
1756 0
1757 0
1758 0
1759 0
1760 0
1761 0
1762 0
1763 0
1764 0
1765 0
1766 0
1767 0
1768 0
1769 0
1770 0
1771 0
1772 0
1773 1
1774 0
1775 0
1776 0
1777 0
1778 0
1779 0
1780 0
1781 0
1782 0
1783 0
1784 0
1785 0
1786 0
1787 0
1788 0
1789 0
1790 0
1791 0
1792 0
1793 0
1794 0
1795 0
1796 0
1797 0
1798 0
1799 0
1800 0
1801 0
1802 0
1803 0
1804 0
1805 0
1806 0
1807 0
1808 0
1809 0
1810 0
1811 0
1812 0
1813 0
1814 0
1815 0
1816 0
1817 0
1818 0
1819 0
1820 0
1821 0
1822 0
1823 0
1824 0
1825 0
1826 0
1827 0
1828 0
1829 0
1830 0
1831 0
1832 1
1833 1
1834 2
1835 3
1836 2
1837 3
1838 2
1839 1
1840 0
1841 0
1842 0
1843 0
1844 0
1845 0
1846 0
1847 0
1848 0
1849 0
1850 0
1851 0
1852 0
1853 0
1854 0
1855 0
1856 0
1857 0
1858 0
1859 1
1860 2
1861 2
1862 0
1863 0
1864 0
1865 0
1866 0
1867 0
1868 0
1869 0
1870 0
1871 0
1872 0
1873 0
1874 0
1875 0
1876 0
1877 0
1878 0
1879 0
1880 0
1881 0
1882 0
1883 0
1884 0
1885 0
1886 0
1887 0
1888 0
1889 0
1890 0
1891 0
1892 0
1893 0
1894 0
1895 0
1896 0
1897 0
1898 0
1899 0
1900 0
1901 0
1902 0
1903 0
1904 0
1905 0
1906 0
1907 0
1908 0
1909 0
1910 0
1911 0
1912 0
1913 0
1914 0
1915 0
1916 0
1917 0
1918 0
1919 0
1920 0
1921 0
1922 0
1923 0
1924 0
1925 0
1926 0
1927 0
1928 0
1929 0
1930 0
1931 0
1932 0
1933 0
1934 0
1935 0
1936 0
1937 0
1938 0
1939 0
1940 0
1941 0
1942 0
1943 0
1944 1
1945 0
1946 0
1947 0
1948 0
1949 0
1950 0
1951 0
1952 0
1953 0
1954 0
1955 0
1956 0
1957 0
1958 0
1959 0
1960 0
1961 0
1962 0
1963 0
1964 0
1965 0
1966 0
1967 1
1968 3
1969 3
1970 7
1971 10
1972 9
1973 5
1974 7
1975 3
1976 3
1977 4
1978 4
1979 8
1980 6
1981 5
1982 9
1983 12
1984 15
1985 10
1986 4
1987 6
1988 7
1989 8
1990 9
1991 8
1992 11
1993 10
1994 9
1995 10
1996 18
1997 21
1998 26
1999 33
2000 33
2001 27
2002 29
2003 24
2004 28
2005 29
2006 30
2007 31
2008 32
2009 30
2010 31
2011 33
2012 23
2013 23
2014 23
2015 19
2016 19
2017 19
2018 16
2019 13
2020 12
2021 11
2022 10
2023 12
2024 9
2025 9
2026 6
2027 9
2028 12
2029 14
2030 15
2031 16
2032 16
2033 21
2034 22
2035 15
2036 22
2037 27
2038 24
2039 19
2040 13
2041 16
2042 21
2043 20
2044 15
2045 12
2046 12
2047 14
2048 10
2049 6
2050 6
2051 7
2052 9
2053 8
2054 9
2055 9
2056 13
2057 9
2058 8
2059 11
2060 11
2061 4
2062 1
2063 0
2064 0
2065 0
2066 0
2067 0
2068 0
2069 0
2070 0
2071 0
2072 0
2073 0
2074 0
2075 0
2076 0
2077 0
2078 0
2079 0
2080 0
2081 0
2082 0
2083 0
2084 0
2085 0
2086 0
2087 0
2088 0
2089 0
2090 0
2091 0
2092 0
2093 0
2094 0
2095 0
2096 0
2097 0
2098 0
2099 0
2100 0
2101 0
2102 0
2103 0
2104 0
2105 0
2106 0
2107 0
2108 0
2109 0
2110 0
2111 0
2112 0
2113 0
2114 0
2115 0
2116 0
2117 0
2118 0
2119 0
2120 0
2121 0
2122 0
2123 0
2124 0
2125 0
2126 0
2127 0
2128 0
2129 0
2130 0
2131 0
2132 1
2133 2
2134 2
2135 1
2136 1
2137 1
2138 0
2139 0
2140 0
2141 0
2142 0
2143 0
2144 0
2145 0
2146 0
2147 0
2148 0
2149 0
2150 0
2151 0
2152 0
2153 0
2154 0
2155 0
2156 0
2157 0
2158 0
2159 0
2160 0
2161 0
2162 0
2163 0
2164 0
2165 0
2166 0
2167 0
2168 0
2169 0
2170 0
2171 0
2172 0
2173 0
2174 0
2175 0
2176 0
2177 0
2178 0
2179 0
2180 1
2181 1
2182 0
2183 0
2184 0
2185 0
2186 0
2187 0
2188 0
2189 0
2190 0
2191 0
2192 0
2193 0
2194 0
2195 0
2196 0
2197 0
2198 0
2199 0
2200 0
2201 0
2202 0
2203 0
2204 0
2205 0
2206 0
2207 0
2208 0
2209 0
2210 0
2211 0
2212 0
2213 0
2214 0
2215 0
2216 0
2217 0
2218 0
2219 0
2220 0
2221 0
2222 0
2223 0
2224 0
2225 0
2226 0
2227 0
2228 0
2229 0
2230 0
2231 0
2232 0
2233 0
2234 0
2235 0
2236 0
2237 0
2238 0
2239 0
2240 0
2241 0
2242 0
2243 0
2244 0
2245 0
2246 0
2247 0
2248 0
2249 0
2250 0
2251 0
2252 0
2253 0
2254 0
2255 0
2256 0
2257 0
2258 0
2259 0
2260 0
2261 0
2262 0
2263 0
2264 0
2265 0
2266 0
2267 0
2268 0
2269 0
2270 0
2271 0
2272 0
2273 0
2274 0
2275 0
2276 0
2277 0
2278 0
2279 0
2280 0
2281 0
2282 0
2283 0
2284 0
2285 0
2286 0
2287 0
2288 0
2289 0
2290 0
2291 0
2292 0
2293 1
2294 1
2295 2
2296 0
2297 0
2298 0
2299 0
2300 0
2301 0
2302 0
2303 0
2304 0
2305 0
2306 0
2307 0
2308 0
2309 0
2310 0
2311 0
2312 1
2313 2
2314 0
2315 0
2316 0
2317 0
2318 0
2319 0
2320 0
2321 0
2322 0
2323 0
2324 0
2325 0
2326 0
2327 0
2328 0
2329 0
2330 0
2331 0
2332 0
2333 0
2334 0
2335 0
2336 0
2337 0
2338 0
2339 0
2340 0
2341 0
2342 0
2343 0
2344 0
2345 0
2346 0
2347 0
2348 0
2349 0
2350 0
2351 0
2352 0
2353 0
2354 0
2355 0
2356 0
2357 0
2358 0
2359 0
2360 0
2361 0
2362 0
2363 0
2364 0
2365 0
2366 0
2367 0
2368 0
2369 0
2370 0
2371 1
2372 0
2373 0
2374 0
2375 0
2376 1
2377 0
2378 0
2379 0
2380 0
2381 0
2382 0
2383 0
2384 0
2385 0
2386 0
2387 0
2388 0
2389 0
2390 0
2391 0
2392 0
2393 0
2394 0
2395 0
2396 0
2397 0
2398 0
2399 0
2400 0
2401 0
2402 0
2403 0
2404 0
2405 0
2406 0
2407 0
2408 0
2409 0
2410 0
2411 0
2412 0
2413 0
2414 0
2415 0
2416 0
2417 0
2418 0
2419 0
2420 0
2421 0
2422 0
2423 0
2424 0
2425 0
2426 0
2427 0
2428 0
2429 0
2430 0
2431 1
2432 2
2433 3
2434 1
2435 1
2436 0
2437 0
2438 0
2439 0
2440 0
2441 0
2442 0
2443 0
2444 0
2445 0
2446 0
2447 0
2448 0
2449 0
2450 0
2451 0
2452 0
2453 0
2454 0
2455 0
2456 0
2457 0
2458 0
2459 0
2460 0
2461 0
2462 0
2463 0
2464 0
2465 0
2466 0
2467 0
2468 0
2469 0
2470 0
2471 0
2472 0
2473 0
2474 0
2475 0
2476 0
2477 0
2478 0
2479 0
2480 0
2481 0
2482 0
2483 0
2484 0
2485 0
2486 0
2487 0
2488 1
2489 2
2490 1
2491 1
2492 3
2493 5
2494 5
2495 6
2496 5
2497 6
2498 3
2499 1
2500 1
2501 1
2502 1
2503 0
2504 0
2505 0
2506 0
2507 0
2508 0
2509 0
2510 0
2511 0
2512 0
2513 0
2514 0
2515 0
2516 0
2517 0
2518 0
2519 0
2520 0
2521 0
2522 0
2523 0
2524 0
2525 0
2526 0
2527 0
2528 0
2529 0
2530 0
2531 0
2532 0
2533 0
2534 0
2535 0
2536 0
2537 0
2538 0
2539 0
2540 0
2541 0
2542 0
2543 0
2544 0
2545 1
2546 1
2547 0
2548 0
2549 0
2550 0
2551 0
2552 0
2553 0
2554 0
2555 0
2556 0
2557 0
2558 0
2559 0
2560 0
2561 0
2562 0
2563 0
2564 0
2565 0
2566 0
2567 0
2568 0
2569 0
2570 0
2571 0
2572 0
2573 0
2574 0
2575 0
2576 0
2577 0
2578 0
2579 0
2580 0
2581 0
2582 0
2583 0
2584 0
2585 0
2586 0
2587 0
2588 0
2589 0
2590 0
2591 0
2592 0
2593 0
2594 0
2595 0
2596 0
2597 0
2598 0
2599 0
2600 0
2601 0
2602 0
2603 0
2604 0
2605 0
2606 0
2607 0
2608 0
2609 0
2610 0
2611 0
2612 0
2613 0
2614 0
2615 0
2616 0
2617 0
2618 0
2619 0
2620 0
2621 0
2622 0
2623 0
2624 0
2625 0
2626 0
2627 0
2628 0
2629 0
2630 0
2631 0
2632 0
2633 0
2634 0
2635 0
2636 0
2637 0
2638 0
2639 0
2640 0
2641 0
2642 0
2643 0
2644 0
2645 0
2646 0
2647 0
2648 0
2649 0
2650 0
2651 0
2652 0
2653 0
2654 0
2655 0
2656 0
2657 0
2658 0
2659 0
2660 0
2661 0
2662 0
2663 0
2664 0
2665 0
2666 0
2667 0
2668 0
2669 0
2670 0
2671 2
2672 2
2673 3
2674 3
2675 5
2676 5
2677 6
2678 7
2679 7
2680 8
2681 10
2682 7
2683 6
2684 7
2685 5
2686 10
2687 7
2688 7
2689 1
2690 1
2691 3
2692 3
2693 3
2694 2
2695 0
2696 0
2697 0
2698 0
2699 0
2700 0
2701 0
2702 0
2703 0
2704 0
2705 0
2706 0
2707 0
2708 0
2709 0
2710 0
2711 0
2712 0
2713 0
2714 0
2715 0
2716 0
2717 0
2718 0
2719 0
2720 0
2721 1
2722 0
2723 0
2724 0
2725 0
2726 0
2727 0
2728 0
2729 0
2730 0
2731 0
2732 0
2733 0
2734 0
2735 0
2736 0
2737 0
2738 0
2739 0
2740 0
2741 0
2742 0
2743 0
2744 0
2745 0
2746 0
2747 0
2748 0
2749 0
2750 0
2751 0
2752 0
2753 0
2754 0
2755 0
2756 0
2757 0
2758 0
2759 0
2760 0
2761 0
2762 0
2763 0
2764 0
2765 0
2766 0
2767 0
2768 0
2769 0
2770 0
2771 1
2772 1
2773 1
2774 2
2775 2
2776 0
2777 0
2778 0
2779 0
2780 0
2781 0
2782 0
2783 0
2784 0
2785 0
2786 0
2787 0
2788 0
2789 0
2790 0
2791 0
2792 0
2793 0
2794 0
2795 0
2796 0
2797 0
2798 0
2799 0
2800 0
2801 0
2802 1
2803 3
2804 4
2805 1
2806 0
2807 0
2808 0
2809 0
2810 0
2811 0
2812 0
2813 0
2814 0
2815 0
2816 0
2817 0
2818 0
2819 0
2820 0
2821 0
2822 0
2823 0
2824 0
2825 0
2826 0
2827 0
2828 0
2829 0
2830 0
2831 0
2832 0
2833 0
2834 0
2835 0
2836 0
2837 0
2838 0
2839 0
2840 0
2841 0
2842 0
2843 1
2844 0
2845 0
2846 0
2847 0
2848 0
2849 0
2850 0
2851 0
2852 0
2853 0
2854 0
2855 0
2856 0
2857 0
2858 0
2859 0
2860 0
2861 0
2862 0
2863 0
2864 0
2865 0
2866 0
2867 0
2868 0
2869 0
2870 0
2871 0
2872 0
2873 0
2874 0
2875 0
2876 0
2877 0
2878 0
2879 0
2880 0
2881 0
2882 0
2883 0
2884 0
2885 1
2886 0
2887 0
2888 0
2889 0
2890 0
2891 0
2892 0
2893 0
2894 0
2895 0
2896 0
2897 0
2898 0
2899 0
2900 0
2901 0
2902 0
2903 0
2904 0
2905 0
2906 0
2907 0
2908 0
2909 0
2910 0
2911 1
2912 1
2913 2
2914 2
2915 5
2916 3
2917 3
2918 2
2919 4
2920 3
2921 3
2922 2
2923 5
2924 5
2925 5
2926 3
2927 3
2928 0
2929 0
2930 0
2931 0
2932 0
2933 0
2934 0
2935 0
2936 1
2937 1
2938 0
2939 0
2940 0
2941 0
2942 0
2943 0
2944 0
2945 0
2946 0
2947 0
2948 0
2949 0
2950 0
2951 0
2952 0
2953 0
2954 0
2955 0
2956 0
2957 0
2958 0
2959 0
2960 0
2961 0
2962 0
2963 0
2964 0
2965 0
2966 0
2967 0
2968 0
2969 0
2970 0
2971 0
2972 0
2973 0
2974 0
2975 0
2976 0
2977 0
2978 0
2979 0
2980 0
2981 0
2982 0
2983 0
2984 0
2985 0
2986 0
2987 0
2988 0
2989 0
2990 0
2991 0
2992 0
2993 0
2994 0
2995 0
2996 0
2997 0
2998 0
2999 0
3000 0
3001 0
3002 0
3003 1
3004 0
3005 0
3006 0
3007 0
3008 0
3009 0
3010 0
3011 0
3012 0
3013 0
3014 0
3015 0
3016 0
3017 0
3018 0
3019 1
3020 0
3021 0
3022 0
3023 0
3024 0
3025 0
3026 0
3027 0
3028 0
3029 0
3030 0
3031 0
3032 0
3033 0
3034 0
3035 0
3036 0
3037 0
3038 0
3039 0
3040 0
3041 0
3042 0
3043 0
3044 0
3045 0
3046 0
3047 0
3048 0
3049 0
3050 0
3051 0
3052 0
3053 0
3054 0
3055 0
3056 0
3057 0
3058 0
3059 0
3060 0
3061 0
3062 0
3063 0
3064 0
3065 0
3066 0
3067 0
3068 0
3069 0
3070 0
3071 1
3072 0
3073 0
3074 0
3075 0
3076 0
3077 0
3078 0
3079 0
3080 0
3081 0
3082 0
3083 0
3084 0
3085 0
3086 0
3087 0
3088 0
3089 0
3090 0
3091 0
3092 0
3093 0
3094 0
3095 0
3096 0
3097 0
3098 0
3099 0
3100 0
3101 0
3102 0
3103 0
3104 0
3105 0
3106 0
3107 0
3108 0
3109 0
3110 0
3111 0
3112 0
3113 0
3114 0
3115 0
3116 0
3117 0
3118 0
3119 0
3120 0
3121 0
3122 0
3123 0
3124 0
3125 0
3126 0
3127 0
3128 0
3129 0
3130 0
3131 0
3132 0
3133 0
3134 0
3135 0
3136 0
3137 0
3138 0
3139 0
3140 0
3141 0
3142 0
3143 0
3144 0
3145 0
3146 0
3147 0
3148 0
3149 0
3150 0
3151 0
3152 0
3153 0
3154 0
3155 0
3156 0
3157 0
3158 0
3159 0
3160 0
3161 0
3162 0
3163 0
3164 0
3165 0
3166 0
3167 0
3168 0
3169 0
3170 0
3171 0
3172 0
3173 0
3174 0
3175 0
3176 0
3177 0
3178 0
3179 0
3180 0
3181 0
3182 0
3183 0
3184 0
3185 0
3186 0
3187 0
3188 0
3189 0
3190 0
3191 0
3192 0
3193 0
3194 0
3195 0
3196 0
3197 0
3198 0
3199 0
3200 0
3201 0
3202 0
3203 0
3204 0
3205 0
3206 0
3207 0
3208 0
3209 0
3210 0
3211 0
3212 0
3213 0
3214 0
3215 0
3216 0
3217 0
3218 0
3219 0
3220 0
3221 0
3222 0
3223 0
3224 0
3225 0
3226 0
3227 0
3228 0
3229 0
3230 0
3231 0
3232 0
3233 0
3234 0
3235 0
3236 0
3237 0
3238 0
3239 0
3240 0
3241 0
3242 0
3243 0
3244 0
3245 0
3246 0
3247 0
3248 0
3249 0
3250 0
3251 0
3252 0
3253 1
3254 0
3255 0
3256 0
3257 1
3258 0
3259 0
3260 0
3261 0
3262 0
3263 0
3264 0
3265 0
3266 0
3267 0
3268 0
3269 0
3270 0
3271 0
3272 0
3273 0
3274 0
3275 0
3276 0
3277 0
3278 0
3279 1
3280 2
3281 2
3282 0
3283 0
3284 0
3285 0
3286 0
3287 0
3288 0
3289 0
3290 0
3291 0
3292 0
3293 0
3294 0
3295 0
3296 0
3297 0
3298 0
3299 0
3300 0
3301 0
3302 0
3303 0
3304 0
3305 0
3306 0
3307 0
3308 0
3309 0
3310 0
3311 0
3312 0
3313 0
3314 0
3315 0
3316 0
3317 0
3318 0
3319 0
3320 0
3321 0
3322 0
3323 0
3324 0
3325 0
3326 0
3327 0
3328 0
3329 0
3330 0
3331 0
3332 0
3333 0
3334 0
3335 0
3336 0
3337 0
3338 0
3339 0
3340 0
3341 1
3342 1
3343 1
3344 0
3345 1
3346 0
3347 0
3348 0
3349 0
3350 0
3351 0
3352 0
3353 0
3354 0
3355 0
3356 0
3357 0
3358 0
3359 0
3360 0
3361 0
3362 0
3363 0
3364 0
3365 0
3366 0
3367 0
3368 0
3369 0
3370 0
3371 0
3372 0
3373 0
3374 0
3375 0
3376 0
3377 0
3378 0
3379 0
3380 0
3381 0
3382 0
3383 0
3384 0
3385 0
3386 0
3387 0
3388 0
3389 0
3390 0
3391 0
3392 0
3393 0
3394 0
3395 0
3396 0
3397 0
3398 0
3399 0
3400 0
3401 0
3402 0
3403 0
3404 0
3405 0
3406 0
3407 0
3408 0
3409 0
3410 0
3411 1
3412 2
3413 2
3414 1
3415 1
3416 0
3417 0
3418 0
3419 0
3420 0
3421 0
3422 0
3423 0
3424 0
3425 0
3426 0
3427 0
3428 0
3429 0
3430 0
3431 0
3432 0
3433 0
3434 0
3435 0
3436 0
3437 0
3438 0
3439 0
3440 0
3441 0
3442 0
3443 0
3444 0
3445 0
3446 0
3447 0
3448 0
3449 0
3450 0
3451 0
3452 0
3453 0
3454 0
3455 0
3456 0
3457 0
3458 0
3459 0
3460 0
3461 0
3462 0
3463 0
3464 0
3465 0
3466 0
3467 0
3468 0
3469 0
3470 0
3471 0
3472 0
3473 0
3474 0
3475 0
3476 0
3477 0
3478 0
3479 0
3480 0
3481 0
3482 0
3483 0
3484 0
3485 0
3486 0
3487 0
3488 0
3489 0
3490 0
3491 0
3492 0
3493 0
3494 0
3495 0
3496 0
3497 0
3498 0
3499 0
3500 0
3501 0
3502 0
3503 0
3504 0
3505 0
3506 0
3507 0
3508 0
3509 0
3510 0
3511 0
3512 0
3513 0
3514 0
3515 0
3516 0
3517 0
3518 0
3519 0
3520 0
3521 0
3522 0
3523 0
3524 0
3525 0
3526 0
3527 0
3528 0
3529 0
3530 0
3531 0
3532 0
3533 0
3534 0
3535 0
3536 0
3537 0
3538 0
3539 0
3540 0
3541 0
3542 0
3543 0
3544 0
3545 0
3546 0
3547 0
3548 0
3549 0
3550 0
3551 0
3552 0
3553 0
3554 0
3555 0
3556 0
3557 0
3558 0
3559 0
3560 0
3561 0
3562 0
3563 0
3564 0
3565 0
3566 0
3567 0
3568 0
3569 0
3570 0
3571 0
3572 0
3573 0
3574 0
3575 0
3576 0
3577 0
3578 0
3579 0
3580 0
3581 0
3582 0
3583 0
3584 0
3585 0
3586 0
3587 0
3588 0
3589 0
3590 0
3591 0
3592 0
3593 0
3594 0
3595 0
3596 0
3597 0
3598 0
3599 0
3600 0
3601 0
3602 0
3603 0
3604 0
3605 0
3606 0
3607 0
3608 0
3609 0
3610 0
3611 0
3612 0
3613 0
3614 0
3615 0
3616 0
3617 0
3618 0
3619 0
3620 0
3621 0
3622 0
3623 0
3624 0
3625 0
3626 0
3627 0
3628 0
3629 0
3630 0
3631 0
3632 0
3633 0
3634 0
3635 0
3636 0
3637 0
3638 0
3639 0
3640 0
3641 0
3642 0
3643 0
3644 0
3645 0
3646 0
3647 0
3648 0
3649 0
3650 0
3651 0
3652 0
3653 0
3654 0
3655 0
3656 0
3657 0
3658 0
3659 1
3660 0
3661 0
3662 0
3663 0
3664 0
3665 0
3666 0
3667 0
3668 0
3669 0
3670 0
3671 0
3672 0
3673 0
3674 0
3675 0
3676 0
3677 0
3678 0
3679 0
3680 0
3681 0
3682 0
3683 0
3684 0
3685 0
3686 1
3687 2
3688 2
3689 2
3690 0
3691 0
3692 0
3693 0
3694 0
3695 0
3696 0
3697 0
3698 0
3699 0
3700 0
3701 0
3702 0
3703 0
3704 0
3705 0
3706 1
3707 1
3708 1
3709 3
3710 1
3711 1
3712 1
3713 1
3714 1
3715 1
3716 2
3717 3
3718 4
3719 2
3720 3
3721 5
3722 5
3723 5
3724 10
3725 5
3726 9
3727 8
3728 4
3729 2
3730 4
3731 5
3732 7
3733 9
3734 13
3735 9
3736 6
3737 5
3738 8
3739 19
3740 30
3741 30
3742 30
3743 35
3744 42
3745 41
3746 50
3747 38
3748 32
3749 36
3750 33
3751 30
3752 36
3753 38
3754 35
3755 30
3756 37
3757 35
3758 36
3759 38
3760 36
3761 34
3762 42
3763 47
3764 47
3765 46
3766 51
3767 58
3768 70
3769 67
3770 60
3771 70
3772 78
3773 78
3774 88
3775 93
3776 90
3777 109
3778 97
3779 106
3780 120
3781 123
3782 125
3783 132
3784 132
3785 134
3786 132
3787 114
3788 105
3789 99
3790 94
3791 90
3792 104
3793 102
3794 82
3795 83
3796 83
3797 76
3798 77
3799 69
3800 57
3801 62
3802 50
3803 55
3804 76
3805 97
3806 87
3807 94
3808 99
3809 101
3810 106
3811 100
3812 117
3813 93
3814 91
3815 93
3816 95
3817 96
3818 81
3819 76
3820 89
3821 92
3822 94
3823 91
3824 98
3825 105
3826 100
3827 110
3828 107
3829 106
3830 107
3831 107
3832 117
3833 116
3834 83
3835 82
3836 93
3837 94
3838 92
3839 107
3840 102
3841 117
3842 109
3843 120
3844 125
3845 139
3846 160
3847 147
3848 166
3849 187
3850 180
3851 185
3852 177
3853 179
3854 176
3855 193
3856 180
3857 168
3858 169
3859 179
3860 178
3861 179
3862 198
3863 215
3864 235
3865 226
3866 204
3867 198
3868 198
3869 159
3870 160
3871 172
3872 159
3873 159
3874 140
3875 146
3876 153
3877 142
3878 141
3879 131
3880 112
3881 108
3882 111
3883 117
3884 112
3885 123
3886 119
3887 126
3888 134
3889 126
3890 131
3891 126
3892 129
3893 120
3894 106
3895 106
3896 102
3897 107
3898 109
3899 96
3900 93
3901 108
3902 103
3903 95
3904 98
3905 102
3906 102
3907 101
3908 112
3909 126
3910 119
3911 115
3912 130
3913 117
3914 96
3915 97
3916 94
3917 110
3918 122
3919 97
3920 102
3921 98
3922 74
3923 89
3924 97
3925 108
3926 121
3927 124
3928 132
3929 169
3930 177
3931 181
3932 190
3933 168
3934 150
3935 165
3936 160
3937 148
3938 128
3939 145
3940 133
3941 145
3942 139
3943 141
3944 137
3945 136
3946 147
3947 148
3948 168
3949 152
3950 136
3951 132
3952 129
3953 115
3954 126
3955 117
3956 120
3957 111
3958 102
3959 93
3960 107
3961 111
3962 102
3963 100
3964 105
3965 108
3966 109
3967 109
3968 101
3969 107
3970 110
3971 103
3972 102
3973 97
3974 95
3975 103
3976 110
3977 112
3978 102
3979 89
3980 87
3981 102
3982 92
3983 94
3984 99
3985 86
3986 82
3987 93
3988 94
3989 96
3990 95
3991 101
3992 93
3993 74
3994 59
3995 70
3996 75
3997 70
3998 87
3999 91
4000 92
4001 88
4002 109
4003 112
4004 112
4005 105
4006 126
4007 116
4008 111
4009 109
4010 120
4011 118
4012 98
4013 115
4014 107
4015 122
4016 131
4017 119
4018 110
4019 109
4020 112
4021 99
4022 86
4023 90
4024 94
4025 98
4026 84
4027 89
4028 89
4029 83
4030 91
4031 84
4032 74
4033 87
4034 90
4035 97
4036 97
4037 88
4038 87
4039 99
4040 105
4041 108
4042 120
4043 115
4044 124
4045 136
4046 144
4047 137
4048 119
4049 122
4050 123
4051 124
4052 117
4053 128
4054 132
4055 146
4056 153
4057 152
4058 162
4059 156
4060 151
4061 167
4062 157
4063 162
4064 184
4065 184
4066 193
4067 178
4068 189
4069 180
4070 156
4071 146
4072 153
4073 142
4074 144
4075 147
4076 166
4077 158
4078 155
4079 155
4080 147
4081 150
4082 155
4083 147
4084 173
4085 186
4086 201
4087 188
4088 185
4089 178
4090 175
4091 167
4092 179
4093 198
4094 191
4095 170
4096 173
4097 182
4098 177
4099 175
4100 201
4101 220
4102 224
4103 209
4104 204
4105 200
4106 204
4107 236
4108 233
4109 254
4110 276
4111 298
4112 329
4113 315
4114 316
4115 319
4116 326
4117 343
4118 308
4119 304
4120 308
4121 316
4122 309
4123 288
4124 279
4125 264
4126 260
4127 265
4128 262
4129 249
4130 256
4131 232
4132 242
4133 278
4134 295
4135 304
4136 312
4137 331
4138 311
4139 308
4140 290
4141 273
4142 290
4143 302
4144 308
4145 310
4146 289
4147 297
4148 339
4149 329
4150 320
4151 360
4152 381
4153 391
4154 402
4155 381
4156 388
4157 370
4158 372
4159 374
4160 397
4161 431
4162 448
4163 428
4164 427
4165 447
4166 441
4167 445
4168 442
4169 449
4170 430
4171 465
4172 460
4173 422
4174 453
4175 445
4176 463
4177 478
4178 494
4179 493
4180 480
4181 475
4182 469
4183 486
4184 480
4185 487
4186 516
4187 497
4188 484
4189 485
4190 484
4191 481
4192 507
4193 492
4194 483
4195 479
4196 470
4197 457
4198 462
4199 441
4200 438
4201 462
4202 470
4203 455
4204 478
4205 471
4206 472
4207 447
4208 412
4209 446
4210 455
4211 467
4212 481
4213 489
4214 481
4215 476
4216 448
4217 484
4218 543
4219 543
4220 543
4221 540
4222 537
4223 565
4224 559
4225 530
4226 539
4227 549
4228 537
4229 544
4230 532
4231 528
4232 539
4233 540
4234 554
4235 537
4236 541
4237 540
4238 563
4239 544
4240 517
4241 491
4242 522
4243 539
4244 532
4245 522
4246 553
4247 551
4248 572
4249 585
4250 574
4251 614
4252 654
4253 653
4254 684
4255 670
4256 692
4257 687
4258 684
4259 722
4260 733
4261 730
4262 736
4263 694
4264 680
4265 673
4266 657
4267 657
4268 633
4269 635
4270 636
4271 638
4272 647
4273 638
4274 646
4275 620
4276 606
4277 613
4278 594
4279 571
4280 581
4281 594
4282 585
4283 568
4284 552
4285 579
4286 554
4287 563
4288 551
4289 577
4290 556
4291 587
4292 564
4293 565
4294 559
4295 528
4296 528
4297 525
4298 540
4299 538
4300 507
4301 536
4302 539
4303 562
4304 557
4305 571
4306 604
4307 592
4308 579
4309 595
4310 636
4311 665
4312 638
4313 643
4314 627
4315 648
4316 655
4317 643
4318 674
4319 689
4320 665
4321 677
4322 677
4323 701
4324 687
4325 697
4326 688
4327 725
4328 745
4329 760
4330 757
4331 775
4332 801
4333 817
4334 805
4335 815
4336 826
4337 806
4338 793
4339 790
4340 828
4341 838
4342 834
4343 840
4344 821
4345 781
4346 797
4347 783
4348 773
4349 764
4350 710
4351 690
4352 691
4353 670
4354 675
4355 697
4356 671
4357 661
4358 672
4359 681
4360 701
4361 702
4362 720
4363 693
4364 677
4365 676
4366 685
4367 671
4368 666
4369 661
4370 683
4371 702
4372 707
4373 717
4374 741
4375 743
4376 747
4377 754
4378 721
4379 736
4380 722
4381 707
4382 663
4383 631
4384 646
4385 686
4386 672
4387 674
4388 701
4389 713
4390 685
4391 684
4392 679
4393 677
4394 689
4395 727
4396 745
4397 758
4398 774
4399 753
4400 694
4401 687
4402 669
4403 641
4404 681
4405 674
4406 704
4407 682
4408 667
4409 653
4410 682
4411 681
4412 692
4413 703
4414 682
4415 686
4416 671
4417 678
4418 686
4419 724
4420 725
4421 704
4422 676
4423 664
4424 649
4425 655
4426 633
4427 609
4428 590
4429 573
4430 531
4431 537
4432 556
4433 541
4434 548
4435 551
4436 574
4437 592
4438 600
4439 598
4440 586
4441 579
4442 584
4443 585
4444 578
4445 599
4446 608
4447 604
4448 610
4449 591
4450 582
4451 610
4452 618
4453 628
4454 616
4455 637
4456 663
4457 675
4458 674
4459 675
4460 643
4461 620
4462 601
4463 580
4464 550
4465 589
4466 617
4467 598
4468 615
4469 593
4470 583
4471 601
4472 626
4473 594
4474 620
4475 636
4476 644
4477 655
4478 670
4479 669
4480 655
4481 648
4482 637
4483 661
4484 641
4485 661
4486 664
4487 675
4488 684
4489 673
4490 653
4491 654
4492 644
4493 653
4494 670
4495 673
4496 683
4497 651
4498 693
4499 672
4500 627
4501 617
4502 604
4503 578
4504 579
4505 572
4506 577
4507 562
4508 578
4509 552
4510 551
4511 547
4512 546
4513 559
4514 572
4515 599
4516 609
4517 634
4518 639
4519 650
4520 651
4521 667
4522 672
4523 693
4524 673
4525 686
4526 680
4527 693
4528 672
4529 666
4530 676
4531 685
4532 717
4533 727
4534 741
4535 745
4536 711
4537 719
4538 703
4539 696
4540 668
4541 690
4542 675
4543 699
4544 700
4545 673
4546 711
4547 732
4548 730
4549 729
4550 708
4551 740
4552 718
4553 715
4554 713
4555 688
4556 690
4557 666
4558 679
4559 694
4560 683
4561 665
4562 692
4563 723
4564 741
4565 741
4566 716
4567 700
4568 666
4569 697
4570 683
4571 666
4572 653
4573 649
4574 649
4575 667
4576 681
4577 703
4578 694
4579 682
4580 691
4581 694
4582 698
4583 668
4584 668
4585 685
4586 693
4587 686
4588 704
4589 686
4590 658
4591 625
4592 609
4593 653
4594 644
4595 663
4596 651
4597 629
4598 639
4599 653
4600 670
4601 663
4602 687
4603 691
4604 720
4605 699
4606 692
4607 711
4608 721
4609 703
4610 698
4611 714
4612 721
4613 755
4614 714
4615 693
4616 678
4617 646
4618 659
4619 682
4620 656
4621 657
4622 659
4623 657
4624 665
4625 670
4626 684
4627 699
4628 700
4629 675
4630 679
4631 664
4632 630
4633 618
4634 595
4635 624
4636 640
4637 602
4638 564
4639 561
4640 560
4641 558
4642 527
4643 503
4644 507
4645 559
4646 558
4647 583
4648 597
4649 585
4650 577
4651 610
4652 624
4653 653
4654 658
4655 657
4656 659
4657 660
4658 665
4659 661
4660 648
4661 636
4662 663
4663 626
4664 641
4665 640
4666 654
4667 663
4668 627
4669 597
4670 611
4671 616
4672 646
4673 665
4674 660
4675 665
4676 640
4677 652
4678 639
4679 630
4680 639
4681 646
4682 643
4683 647
4684 627
4685 619
4686 639
4687 646
4688 662
4689 660
4690 631
4691 635
4692 688
4693 735
4694 717
4695 684
4696 724
4697 746
4698 770
4699 796
4700 796
4701 797
4702 795
4703 806
4704 818
4705 803
4706 812
4707 809
4708 817
4709 791
4710 819
4711 826
4712 829
4713 826
4714 816
4715 819
4716 806
4717 791
4718 804
4719 784
4720 790
4721 816
4722 828
4723 844
4724 845
4725 845
4726 820
4727 817
4728 818
4729 813
4730 774
4731 791
4732 797
4733 805
4734 789
4735 817
4736 820
4737 836
4738 830
4739 851
4740 832
4741 824
4742 803
4743 818
4744 791
4745 800
4746 794
4747 809
4748 817
4749 841
4750 844
4751 817
4752 822
4753 803
4754 829
4755 833
4756 827
4757 879
4758 934
4759 950
4760 969
4761 1
4762 972
4763 948
4764 985
4765 989
4766 964
4767 972
4768 973
4769 983
4770 991
4771 959
4772 962
4773 964
4774 931
4775 904
4776 882
4777 901
4778 897
4779 881
4780 838
4781 841
4782 837
4783 863
4784 856
4785 847
4786 885
4787 896
4788 898
4789 880
4790 891
4791 921
4792 915
4793 894
4794 875
4795 914
4796 903
4797 923
4798 874
4799 874
4800 869
4801 850
4802 845
4803 848
4804 802
4805 855
4806 867
4807 833
4808 824
4809 800
4810 839
4811 841
4812 863
4813 871
4814 867
4815 880
4816 898
4817 935
4818 919
4819 919
4820 916
4821 948
4822 974
4823 997
4824 989
4825 947
4826 932
4827 949
4828 934
4829 964
4830 930
4831 947
4832 930
4833 913
4834 928
4835 960
4836 3
4837 9
4838 15
4839 17
4840 19
4841 21
4842 43
4843 991
4844 957
4845 938
4846 931
4847 934
4848 898
4849 876
4850 871
4851 882
4852 850
4853 829
4854 858
4855 864
4856 840
4857 820
4858 819
4859 789
4860 768
4861 782
4862 797
4863 819
4864 821
4865 833
4866 853
4867 849
4868 846
4869 823
4870 797
4871 833
4872 820
4873 825
4874 801
4875 766
4876 759
4877 770
4878 789
4879 780
4880 794
4881 776
4882 783
4883 754
4884 750
4885 750
4886 725
4887 738
4888 763
4889 721
4890 745
4891 766
4892 777
4893 791
4894 813
4895 802
4896 786
4897 761
4898 788
4899 779
4900 757
4901 691
4902 699
4903 693
4904 684
4905 684
4906 658
4907 687
4908 694
4909 722
4910 712
4911 711
4912 706
4913 743
4914 754
4915 756
4916 775
4917 785
4918 760
4919 774
4920 787
4921 763
4922 721
4923 711
4924 675
4925 687
4926 715
4927 725
4928 687
4929 699
4930 681
4931 688
4932 648
4933 662
4934 644
4935 631
4936 600
4937 575
4938 578
4939 606
4940 598
4941 599
4942 569
4943 552
4944 546
4945 505
4946 484
4947 454
4948 481
4949 481
4950 441
4951 428
4952 442
4953 433
4954 425
4955 452
4956 489
4957 475
4958 478
4959 508
4960 518
4961 512
4962 495
4963 463
4964 480
4965 468
4966 477
4967 464
4968 454
4969 470
4970 467
4971 497
4972 492
4973 495
4974 517
4975 513
4976 507
4977 491
4978 486
4979 493
4980 520
4981 508
4982 476
4983 501
4984 496
4985 510
4986 558
4987 535
4988 525
4989 514
4990 513
4991 520
4992 532
4993 521
4994 555
4995 579
4996 563
4997 568
4998 598
4999 594
5000 590
5001 535
5002 511
5003 501
5004 490
5005 453
5006 490
5007 455
5008 462
5009 423
5010 376
5011 360
5012 355
5013 361
5014 403
5015 394
5016 398
5017 406
5018 431
5019 434
5020 431
5021 439
5022 415
5023 427
5024 432
5025 408
5026 421
5027 441
5028 421
5029 429
5030 415
5031 405
5032 425
5033 413
5034 399
5035 403
5036 381
5037 366
5038 326
5039 312
5040 329
5041 324
5042 335
5043 349
5044 326
5045 308
5046 268
5047 270
5048 288
5049 287
5050 300
5051 319
5052 320
5053 310
5054 307
5055 304
5056 302
5057 303
5058 331
5059 328
5060 347
5061 383
5062 429
5063 424
5064 433
5065 407
5066 414
5067 390
5068 374
5069 376
5070 368
5071 377
5072 374
5073 364
5074 360
5075 351
5076 321
5077 331
5078 341
5079 327
5080 288
5081 273
5082 295
5083 293
5084 271
5085 288
5086 299
5087 273
5088 275
5089 282
5090 306
5091 305
5092 292
5093 298
5094 280
5095 310
5096 273
5097 266
5098 286
5099 289
5100 298
5101 293
5102 267
5103 260
5104 237
5105 215
5106 206
5107 210
5108 214
5109 192
5110 167
5111 172
5112 170
5113 168
5114 158
5115 160
5116 162
5117 185
5118 202
5119 204
5120 169
5121 149
5122 146
5123 133
5124 127
5125 122
5126 127
5127 151
5128 136
5129 129
5130 113
5131 95
5132 80
5133 71
5134 72
5135 66
5136 67
5137 71
5138 71
5139 60
5140 58
5141 62
5142 65
5143 62
5144 70
5145 63
5146 55
5147 53
5148 52
5149 49
5150 53
5151 53
5152 56
5153 46
5154 45
5155 44
5156 40
5157 34
5158 30
5159 20
5160 23
5161 23
5162 25
5163 25
5164 29
5165 32
5166 33
5167 33
5168 34
5169 42
5170 54
5171 51
5172 61
5173 74
5174 78
5175 99
5176 87
5177 91
5178 77
5179 70
5180 68
5181 64
5182 69
5183 60
5184 53
5185 40
5186 33
5187 30
5188 22
5189 29
5190 28
5191 30
5192 24
5193 20
5194 21
5195 15
5196 10
5197 9
5198 13
5199 18
5200 19
5201 26
5202 30
5203 33
5204 40
5205 40
5206 40
5207 46
5208 50
5209 57
5210 74
5211 77
5212 85
5213 99
5214 85
5215 92
5216 97
5217 90
5218 97
5219 102
5220 100
5221 101
5222 105
5223 110
5224 110
5225 128
5226 113
5227 129
5228 154
5229 161
5230 149
5231 160
5232 154
5233 164
5234 152
5235 170
5236 182
5237 176
5238 165
5239 173
5240 172
5241 178
5242 175
5243 179
5244 194
5245 159
5246 170
5247 164
5248 150
5249 149
5250 144
5251 129
5252 111
5253 96
5254 93
5255 98
5256 100
5257 126
5258 114
5259 121
5260 119
5261 126
5262 119
5263 109
5264 121
5265 142
5266 154
5267 132
5268 126
5269 141
5270 146
5271 157
5272 145
5273 145
5274 151
5275 144
5276 160
5277 149
5278 149
5279 145
5280 147
5281 149
5282 149
5283 133
5284 156
5285 163
5286 170
5287 156
5288 149
5289 143
5290 176
5291 175
5292 197
5293 208
5294 207
5295 172
5296 160
5297 164
5298 157
5299 170
5300 177
5301 168
5302 152
5303 140
5304 159
5305 159
5306 147
5307 137
5308 147
5309 143
5310 162
5311 169
5312 165
5313 180
5314 194
5315 190
5316 185
5317 168
5318 154
5319 133
5320 155
5321 145
5322 157
5323 177
5324 195
5325 184
5326 174
5327 194
5328 186
5329 184
5330 210
5331 210
5332 182
5333 191
5334 204
5335 171
5336 188
5337 182
5338 185
5339 177
5340 166
5341 166
5342 138
5343 124
5344 126
5345 128
5346 121
5347 134
5348 136
5349 143
5350 129
5351 123
5352 116
5353 119
5354 121
5355 117
5356 122
5357 123
5358 96
5359 93
5360 95
5361 83
5362 88
5363 74
5364 78
5365 74
5366 83
5367 83
5368 81
5369 67
5370 68
5371 57
5372 50
5373 59
5374 66
5375 56
5376 52
5377 60
5378 65
5379 58
5380 63
5381 77
5382 82
5383 107
5384 117
5385 122
5386 153
5387 152
5388 148
5389 121
5390 112
5391 126
5392 119
5393 110
5394 105
5395 114
5396 112
5397 107
5398 100
5399 96
5400 86
5401 82
5402 93
5403 104
5404 104
5405 93
5406 79
5407 78
5408 77
5409 79
5410 73
5411 63
5412 60
5413 58
5414 52
5415 47
5416 51
5417 53
5418 57
5419 63
5420 60
5421 74
5422 62
5423 70
5424 76
5425 74
5426 83
5427 66
5428 51
5429 69
5430 78
5431 88
5432 72
5433 74
5434 74
5435 74
5436 87
5437 100
5438 107
5439 105
5440 125
5441 132
5442 128
5443 109
5444 105
5445 103
5446 93
5447 94
5448 100
5449 101
5450 104
5451 113
5452 98
5453 94
5454 76
5455 71
5456 72
5457 73
5458 81
5459 95
5460 93
5461 110
5462 115
5463 115
5464 89
5465 91
5466 90
5467 85
5468 85
5469 81
5470 84
5471 83
5472 95
5473 79
5474 65
5475 68
5476 69
5477 60
5478 49
5479 51
5480 45
5481 46
5482 42
5483 43
5484 40
5485 35
5486 33
5487 28
5488 22
5489 28
5490 44
5491 39
5492 46
5493 51
5494 42
5495 34
5496 30
5497 23
5498 21
5499 16
5500 16
5501 20
5502 19
5503 15
5504 13
5505 11
5506 16
5507 10
5508 6
5509 7
5510 5
5511 9
5512 3
5513 3
5514 2
5515 1
5516 3
5517 3
5518 4
5519 4
5520 1
5521 1
5522 1
5523 0
5524 0
5525 0
5526 0
5527 0
5528 0
5529 0
5530 0
5531 0
5532 0
5533 0
5534 0
5535 0
5536 0
5537 0
5538 0
5539 0
5540 0
5541 0
5542 0
5543 0
5544 0
5545 0
5546 0
5547 0
5548 1
5549 1
5550 3
5551 3
5552 4
5553 5
5554 5
5555 6
5556 4
5557 4
5558 6
5559 10
5560 15
5561 14
5562 14
5563 12
5564 18
5565 16
5566 14
5567 11
5568 10
5569 12
5570 15
5571 8
5572 8
5573 10
5574 8
5575 11
5576 12
5577 12
5578 18
5579 11
5580 14
5581 18
5582 17
5583 9
5584 5
5585 3
5586 2
5587 2
5588 4
5589 6
5590 8
5591 6
5592 4
5593 2
5594 3
5595 3
5596 4
5597 5
5598 5
5599 3
5600 2
5601 0
5602 0
5603 0
5604 0
5605 0
5606 0
5607 0
5608 0
5609 0
5610 0
5611 0
5612 0
5613 0
5614 0
5615 0
5616 0
5617 0
5618 0
5619 0
5620 0
5621 0
5622 0
5623 0
5624 1
5625 0
5626 0
5627 0
5628 0
5629 0
5630 0
5631 0
5632 0
5633 0
5634 0
5635 0
5636 0
5637 0
5638 0
5639 0
5640 0
5641 0
5642 0
5643 0
5644 0
5645 0
5646 0
5647 0
5648 0
5649 0
5650 0
5651 0
5652 0
5653 0
5654 0
5655 1
5656 2
5657 3
5658 3
5659 3
5660 9
5661 11
5662 15
5663 14
5664 12
5665 11
5666 18
5667 17
5668 23
5669 16
5670 15
5671 13
5672 10
5673 8
5674 4
5675 4
5676 7
5677 2
5678 3
5679 0
5680 0
5681 0
5682 0
5683 0
5684 0
5685 0
5686 0
5687 0
5688 0
5689 0
5690 0
5691 1
5692 0
5693 0
5694 0
5695 0
5696 0
5697 0
5698 0
5699 0
5700 0
5701 0
5702 0
5703 0
5704 0
5705 0
5706 0
5707 0
5708 0
5709 0
5710 0
5711 0
5712 0
5713 0
5714 0
5715 0
5716 0
5717 0
5718 0
5719 0
5720 0
5721 0
5722 0
5723 0
5724 0
5725 0
5726 0
5727 0
5728 0
5729 0
5730 0
5731 0
5732 0
5733 0
5734 0
5735 0
5736 0
5737 0
5738 0
5739 0
5740 0
5741 0
5742 0
5743 0
5744 0
5745 0
5746 0
5747 0
5748 0
5749 0
5750 0
5751 0
5752 0
5753 0
5754 0
5755 0
5756 0
5757 0
5758 0
5759 0
5760 0
5761 0
5762 0
5763 0
5764 0
5765 0
5766 0
5767 0
5768 0
5769 0
5770 0
5771 0
5772 0
5773 0
5774 0
5775 0
5776 0
5777 1
5778 1
5779 1
5780 1
5781 0
5782 0
5783 0
5784 0
5785 0
5786 0
5787 0
5788 0
5789 0
5790 0
5791 0
5792 0
5793 0
5794 0
5795 0
5796 0
5797 0
5798 0
5799 0
5800 0
5801 0
5802 0
5803 0
5804 0
5805 0
5806 0
5807 0
5808 0
5809 0
5810 0
5811 0
5812 0
5813 0
5814 0
5815 0
5816 0
5817 0
5818 0
5819 0
5820 0
5821 0
5822 0
5823 0
5824 0
5825 0
5826 0
5827 0
5828 0
5829 0
5830 0
5831 0
5832 0
5833 0
5834 0
5835 0
5836 0
5837 0
5838 0
5839 0
5840 0
5841 0
5842 0
5843 0
5844 0
5845 0
5846 0
5847 0
5848 0
5849 0
5850 0
5851 0
5852 0
5853 0
5854 0
5855 0
5856 0
5857 0
5858 0
5859 0
5860 0
5861 0
5862 0
5863 0
5864 0
5865 0
5866 0
5867 0
5868 0
5869 0
5870 0
5871 0
5872 0
5873 0
5874 1
5875 0
5876 0
5877 1
5878 1
5879 1
5880 1
5881 1
5882 0
5883 0
5884 0
5885 0
5886 0
5887 0
5888 0
5889 0
5890 0
5891 0
5892 0
5893 0
5894 0
5895 0
5896 0
5897 0
5898 0
5899 0
5900 0
5901 1
5902 0
5903 0
5904 0
5905 0
5906 0
5907 0
5908 0
5909 0
5910 0
5911 0
5912 0
5913 0
5914 0
5915 0
5916 0
5917 0
5918 0
5919 0
5920 0
5921 0
5922 0
5923 0
5924 0
5925 0
5926 0
5927 0
5928 0
5929 0
5930 0
5931 0
5932 0
5933 0
5934 0
5935 0
5936 0
5937 0
5938 0
5939 0
5940 0
5941 0
5942 0
5943 0
5944 0
5945 0
5946 0
5947 0
5948 0
5949 0
5950 0
5951 0
5952 0
5953 0
5954 0
5955 0
5956 0
5957 0
5958 0
5959 0
5960 0
5961 0
5962 0
5963 0
5964 0
5965 0
5966 0
5967 0
5968 0
5969 0
5970 0
5971 0
5972 0
5973 0
5974 0
5975 0
5976 0
5977 0
5978 0
5979 0
5980 0
5981 0
5982 0
5983 0
5984 0
5985 0
5986 0
5987 0
5988 0
5989 0
5990 0
5991 0
5992 0
5993 0
5994 0
5995 0
5996 0
5997 0
5998 0
5999 0
6000 0
6001 0
6002 0
6003 0
6004 0
6005 0
6006 0
6007 0
6008 0
6009 0
6010 0
6011 0
6012 0
6013 0
6014 0
6015 0
6016 0
6017 0
6018 0
6019 1
6020 0
6021 0
6022 0
6023 0
6024 0
6025 0
6026 0
6027 0
6028 0
6029 0
6030 0
6031 0
6032 0
6033 0
6034 0
6035 0
6036 0
6037 0
6038 0
6039 0
6040 0
6041 0
6042 0
6043 0
6044 0
6045 0
6046 0
6047 0
6048 0
6049 0
6050 0
6051 0
6052 0
6053 0
6054 0
6055 0
6056 0
6057 0
6058 0
6059 0
6060 0
6061 0
6062 0
6063 0
6064 0
6065 0
6066 0
6067 0
6068 0
6069 0
6070 0
6071 0
6072 0
6073 0
6074 0
6075 0
6076 0
6077 0
6078 0
6079 0
6080 0
6081 0
6082 0
6083 0
6084 0
6085 0
6086 0
6087 0
6088 0
6089 0
6090 0
6091 0
6092 0
6093 0
6094 0
6095 0
6096 0
6097 0
6098 0
6099 0
6100 0
6101 0
6102 0
6103 0
6104 0
6105 0
6106 0
6107 0
6108 0
6109 0
6110 0
6111 0
6112 0
6113 0
6114 0
6115 0
6116 0
6117 0
6118 0
6119 0
6120 0
6121 0
6122 0
6123 0
6124 0
6125 0
6126 0
6127 0
6128 0
6129 0
6130 0
6131 0
6132 0
6133 0
6134 0
6135 0
6136 0
6137 0
6138 0
6139 0
6140 0
6141 0
6142 0
6143 0
6144 0
6145 0
6146 0
6147 0
6148 0
6149 0
6150 0
6151 0
6152 0
6153 0
6154 0
6155 0
6156 0
6157 0
6158 0
6159 0
6160 0
6161 0
6162 0
6163 0
6164 0
6165 0
6166 0
6167 0
6168 0
6169 0
6170 0
6171 0
6172 0
6173 0
6174 0
6175 0
6176 0
6177 0
6178 0
6179 0
6180 0
6181 0
6182 0
6183 0
6184 0
6185 0
6186 0
6187 0
6188 0
6189 0
6190 0
6191 0
6192 0
6193 0
6194 0
6195 0
6196 0
6197 0
6198 0
6199 0
6200 0
6201 0
6202 0
6203 0
6204 0
6205 0
6206 0
6207 0
6208 0
6209 0
6210 0
6211 0
6212 0
6213 0
6214 0
6215 0
6216 0
6217 0
6218 0
6219 0
6220 0
6221 0
6222 0
6223 0
6224 0
6225 0
6226 0
6227 0
6228 0
6229 0
6230 0
6231 0
6232 0
6233 0
6234 0
6235 0
6236 1
6237 1
6238 0
6239 0
6240 0
6241 0
6242 0
6243 0
6244 0
6245 0
6246 0
6247 0
6248 0
6249 0
6250 0
6251 0
6252 1
6253 1
6254 1
6255 4
6256 5
6257 7
6258 8
6259 12
6260 14
6261 18
6262 17
6263 8
6264 5
6265 8
6266 8
6267 9
6268 7
6269 7
6270 6
6271 7
6272 6
6273 9
6274 10
6275 15
6276 12
6277 9
6278 9
6279 8
6280 8
6281 8
6282 6
6283 4
6284 3
6285 4
6286 3
6287 3
6288 5
6289 6
6290 6
6291 7
6292 5
6293 4
6294 2
6295 1
6296 1
6297 3
6298 2
6299 1
6300 0
6301 0
6302 0
6303 0
6304 0
6305 0
6306 0
6307 0
6308 0
6309 0
6310 0
6311 0
6312 0
6313 0
6314 0
6315 0
6316 0
6317 0
6318 0
6319 0
6320 0
6321 0
6322 0
6323 0
6324 0
6325 0
6326 0
6327 0
6328 0
6329 0
6330 0
6331 0
6332 0
6333 0
6334 0
6335 0
6336 0
6337 0
6338 0
6339 0
6340 0
6341 0
6342 0
6343 0
6344 0
6345 0
6346 0
6347 0
6348 0
6349 0
6350 0
6351 0
6352 0
6353 0
6354 0
6355 0
6356 0
6357 0
6358 0
6359 0
6360 0
6361 0
6362 0
6363 0
6364 0
6365 0
6366 0
6367 0
6368 0
6369 0
6370 0
6371 0
6372 0
6373 0
6374 0
6375 0
6376 0
6377 0
6378 0
6379 0
6380 0
6381 0
6382 0
6383 0
6384 0
6385 0
6386 0
6387 0
6388 0
6389 0
6390 0
6391 0
6392 0
6393 0
6394 0
6395 0
6396 0
6397 0
6398 0
6399 0
6400 0
6401 0
6402 0
6403 0
6404 0
6405 0
6406 0
6407 0
6408 0
6409 0
6410 0
6411 0
6412 0
6413 0
6414 0
6415 0
6416 0
6417 0
6418 0
6419 0
6420 0
6421 0
6422 0
6423 0
6424 0
6425 0
6426 0
6427 0
6428 0
6429 0
6430 0
6431 0
6432 0
6433 0
6434 0
6435 0
6436 0
6437 0
6438 0
6439 0
6440 0
6441 0
6442 0
6443 0
6444 0
6445 0
6446 0
6447 0
6448 0
6449 0
6450 0
6451 0
6452 0
6453 0
6454 0
6455 0
6456 0
6457 0
6458 0
6459 0
6460 0
6461 0
6462 0
6463 0
6464 0
6465 0
6466 0
6467 0
6468 0
6469 0
6470 0
6471 0
6472 0
6473 0
6474 0
6475 0
6476 0
6477 0
6478 0
6479 0
6480 0
6481 0
6482 0
6483 0
6484 0
6485 0
6486 0
6487 0
6488 0
6489 0
6490 0
6491 0
6492 0
6493 0
6494 0
6495 0
6496 0
6497 0
6498 0
6499 0
6500 0
6501 0
6502 0
6503 0
6504 0
6505 1
6506 0
6507 0
6508 0
6509 0
6510 0
6511 0
6512 0
6513 0
6514 0
6515 0
6516 0
6517 0
6518 0
6519 0
6520 0
6521 0
6522 0
6523 0
6524 0
6525 0
6526 0
6527 0
6528 0
6529 0
6530 0
6531 0
6532 0
6533 0
6534 0
6535 0
6536 0
6537 0
6538 0
6539 0
6540 0
6541 0
6542 0
6543 0
6544 0
6545 0
6546 0
6547 0
6548 0
6549 0
6550 0
6551 0
6552 0
6553 0
6554 0
6555 0
6556 0
6557 0
6558 1
6559 1
6560 0
6561 0
6562 0
6563 0
6564 0
6565 0
6566 0
6567 0
6568 0
6569 0
6570 0
6571 0
6572 0
6573 0
6574 0
6575 0
6576 0
6577 0
6578 0
6579 0
6580 0
6581 0
6582 0
6583 0
6584 0
6585 0
6586 0
6587 0
6588 0
6589 0
6590 0
6591 0
6592 0
6593 0
6594 0
6595 0
6596 0
6597 0
6598 0
6599 0
6600 0
6601 0
6602 0
6603 0
6604 0
6605 0
6606 0
6607 0
6608 0
6609 0
6610 0
6611 0
6612 0
6613 0
6614 0
6615 0
6616 0
6617 0
6618 0
6619 0
6620 0
6621 0
6622 0
6623 0
6624 0
6625 0
6626 0
6627 0
6628 0
6629 0
6630 0
6631 0
6632 0
6633 0
6634 0
6635 0
6636 0
6637 0
6638 0
6639 0
6640 0
6641 0
6642 0
6643 0
6644 0
6645 0
6646 0
6647 0
6648 0
6649 0
6650 0
6651 0
6652 0
6653 0
6654 0
6655 0
6656 0
6657 0
6658 0
6659 0
6660 0
6661 0
6662 0
6663 0
6664 0
6665 0
6666 0
6667 0
6668 0
6669 0
6670 0
6671 0
6672 0
6673 0
6674 0
6675 0
6676 0
6677 0
6678 0
6679 0
6680 0
6681 0
6682 0
6683 0
6684 0
6685 0
6686 0
6687 0
6688 0
6689 0
6690 0
6691 0
6692 0
6693 0
6694 0
6695 0
6696 0
6697 0
6698 0
6699 0
6700 0
6701 0
6702 0
6703 0
6704 0
6705 0
6706 0
6707 0
6708 0
6709 0
6710 0
6711 0
6712 0
6713 0
6714 0
6715 0
6716 0
6717 0
6718 0
6719 0
6720 0
6721 0
6722 0
6723 0
6724 0
6725 0
6726 0
6727 0
6728 1
6729 0
6730 0
6731 0
6732 0
6733 0
6734 0
6735 0
6736 0
6737 0
6738 0
6739 0
6740 0
6741 0
6742 0
6743 0
6744 0
6745 0
6746 0
6747 0
6748 0
6749 0
6750 0
6751 0
6752 0
6753 0
6754 0
6755 0
6756 0
6757 0
6758 0
6759 0
6760 0
6761 1
6762 1
6763 2
6764 2
6765 1
6766 0
6767 0
6768 0
6769 0
6770 0
6771 0
6772 0
6773 0
6774 0
6775 0
6776 0
6777 0
6778 0
6779 0
6780 0
6781 0
6782 0
6783 0
6784 0
6785 0
6786 0
6787 0
6788 0
6789 0
6790 0
6791 0
6792 0
6793 0
6794 0
6795 0
6796 0
6797 0
6798 0
6799 0
6800 0
6801 0
6802 0
6803 0
6804 0
6805 0
6806 0
6807 0
6808 0
6809 0
6810 0
6811 0
6812 0
6813 0
6814 0
6815 0
6816 0
6817 0
6818 0
6819 0
6820 0
6821 0
6822 0
6823 0
6824 0
6825 0
6826 0
6827 0
6828 0
6829 0
6830 0
6831 0
6832 0
6833 0
6834 0
6835 1
6836 1
6837 0
6838 0
6839 0
6840 0
6841 0
6842 0
6843 0
6844 0
6845 0
6846 0
6847 0
6848 0
6849 0
6850 0
6851 0
6852 0
6853 0
6854 0
6855 0
6856 0
6857 0
6858 0
6859 0
6860 0
6861 0
6862 0
6863 0
6864 0
6865 0
6866 0
6867 0
6868 0
6869 0
6870 0
6871 0
6872 0
6873 0
6874 0
6875 0
6876 0
6877 0
6878 0
6879 0
6880 0
6881 0
6882 0
6883 0
6884 0
6885 0
6886 0
6887 0
6888 0
6889 0
6890 0
6891 0
6892 0
6893 0
6894 0
6895 0
6896 0
6897 0
6898 0
6899 0
6900 0
6901 0
6902 0
6903 0
6904 0
6905 0
6906 0
6907 0
6908 0
6909 1
6910 0
6911 0
6912 0
6913 0
6914 0
6915 0
6916 0
6917 0
6918 0
6919 0
6920 0
6921 0
6922 0
6923 0
6924 0
6925 0
6926 0
6927 0
6928 0
6929 0
6930 0
6931 0
6932 0
6933 0
6934 1
6935 0
6936 0
6937 0
6938 0
6939 0
6940 0
6941 0
6942 0
6943 0
6944 0
6945 0
6946 0
6947 0
6948 0
6949 0
6950 0
6951 0
6952 0
6953 0
6954 0
6955 0
6956 0
6957 0
6958 0
6959 0
6960 0
6961 0
6962 0
6963 0
6964 0
6965 0
6966 0
6967 0
6968 0
6969 0
6970 0
6971 0
6972 0
6973 0
6974 0
6975 0
6976 0
6977 0
6978 0
6979 0
6980 0
6981 0
6982 0
6983 0
6984 0
6985 0
6986 0
6987 0
6988 0
6989 0
6990 0
6991 0
6992 0
6993 0
6994 0
6995 1
6996 0
6997 0
6998 0
6999 0
7000 0
7001 0
7002 0
7003 0
7004 0
7005 0
7006 0
7007 0
7008 0
7009 0
7010 0
7011 0
7012 0
7013 0
7014 0
7015 0
7016 0
7017 0
7018 0
7019 0
7020 0
7021 0
7022 0
7023 0
7024 0
7025 0
7026 0
7027 0
7028 0
7029 0
7030 0
7031 0
7032 0
7033 0
7034 0
7035 0
7036 0
7037 0
7038 0
7039 0
7040 0
7041 0
7042 0
7043 0
7044 0
7045 0
7046 0
7047 0
7048 0
7049 0
7050 0
7051 0
7052 0
7053 0
7054 0
7055 0
7056 0
7057 0
7058 0
7059 0
7060 0
7061 0
7062 0
7063 0
7064 0
7065 0
7066 0
7067 0
7068 0
7069 0
7070 0
7071 0
7072 0
7073 0
7074 0
7075 0
7076 0
7077 0
7078 0
7079 0
7080 0
7081 0
7082 0
7083 0
7084 0
7085 0
7086 0
7087 0
7088 0
7089 0
7090 0
7091 0
7092 0
7093 0
7094 0
7095 0
7096 0
7097 0
7098 0
7099 0
7100 0
7101 0
7102 0
7103 0
7104 0
7105 0
7106 0
7107 0
7108 0
7109 1
7110 0
7111 0
7112 0
7113 0
7114 0
7115 0
7116 0
7117 0
7118 0
7119 0
7120 0
7121 0
7122 0
7123 0
7124 0
7125 0
7126 0
7127 0
7128 0
7129 0
7130 0
7131 0
7132 0
7133 0
7134 0
7135 0
7136 0
7137 0
7138 0
7139 0
7140 0
7141 1
7142 0
7143 0
7144 0
7145 0
7146 0
7147 0
7148 0
7149 0
7150 0
7151 0
7152 0
7153 0
7154 0
7155 0
7156 0
7157 0
7158 0
7159 0
7160 0
7161 0
7162 0
7163 0
7164 0
7165 0
7166 0
7167 0
7168 0
7169 0
7170 0
7171 0
7172 0
7173 0
7174 0
7175 0
7176 0
7177 0
7178 0
7179 0
7180 0
7181 0
7182 0
7183 0
7184 0
7185 0
7186 0
7187 0
7188 0
7189 0
7190 0
7191 0
7192 0
7193 0
7194 0
7195 0
7196 0
7197 0
7198 0
7199 1
7200 0
7201 0
7202 0
7203 1
7204 1
7205 1
7206 1
7207 1
7208 4
7209 2
7210 0
7211 0
7212 0
7213 0
7214 0
7215 0
7216 0
7217 0
7218 0
7219 0
7220 0
7221 0
7222 0
7223 0
7224 0
7225 0
7226 0
7227 0
7228 0
7229 0
7230 0
7231 0
7232 0
7233 0
7234 0
7235 0
7236 0
7237 0
7238 0
7239 0
7240 0
7241 0
7242 0
7243 0
7244 0
7245 0
7246 0
7247 0
7248 0
7249 0
7250 0
7251 0
7252 0
7253 0
7254 0
7255 0
7256 0
7257 0
7258 0
7259 0
7260 0
7261 0
7262 0
7263 0
7264 0
7265 0
7266 0
7267 0
7268 0
7269 0
7270 0
7271 0
7272 0
7273 0
7274 0
7275 0
7276 0
7277 0
7278 0
7279 0
7280 0
7281 0
7282 0
7283 0
7284 0
7285 0
7286 0
7287 0
7288 0
7289 0
7290 0
7291 0
7292 0
7293 0
7294 0
7295 0
7296 0
7297 0
7298 0
7299 0
7300 0
7301 0
7302 0
7303 0
7304 0
7305 0
7306 0
7307 0
7308 0
7309 0
7310 0
7311 0
7312 0
7313 0
7314 0
7315 0
7316 0
7317 0
7318 0
7319 0
7320 0
7321 0
7322 0
7323 0
7324 0
7325 0
7326 0
7327 0
7328 0
7329 0
7330 0
7331 0
7332 0
7333 0
7334 0
7335 0
7336 0
7337 0
7338 0
7339 0
7340 0
7341 0
7342 0
7343 0
7344 0
7345 0
7346 0
7347 0
7348 0
7349 0
7350 0
7351 0
7352 0
7353 0
7354 0
7355 0
7356 0
7357 0
7358 0
7359 0
7360 0
7361 0
7362 0
7363 0
7364 0
7365 0
7366 0
7367 0
7368 0
7369 0
7370 0
7371 0
7372 0
7373 0
7374 1
7375 0
7376 0
7377 0
7378 0
7379 0
7380 0
7381 0
7382 0
7383 0
7384 0
7385 0
7386 0
7387 0
7388 0
7389 0
7390 0
7391 0
7392 0
7393 0
7394 0
7395 0
7396 0
7397 0
7398 0
7399 0
7400 0
7401 0
7402 0
7403 0
7404 0
7405 0
7406 0
7407 0
7408 0
7409 0
7410 0
7411 0
7412 0
7413 0
7414 0
7415 0
7416 0
7417 0
7418 0
7419 0
7420 0
7421 0
7422 0
7423 0
7424 0
7425 0
7426 0
7427 0
7428 0
7429 0
7430 0
7431 0
7432 0
7433 0
7434 0
7435 0
7436 0
7437 0
7438 0
7439 0
7440 0
7441 0
7442 0
7443 0
7444 0
7445 0
7446 0
7447 0
7448 0
7449 0
7450 0
7451 0
7452 0
7453 0
7454 0
7455 0
7456 0
7457 0
7458 0
7459 0
7460 0
7461 0
7462 0
7463 0
7464 0
7465 0
7466 0
7467 0
7468 0
7469 0
7470 0
7471 0
7472 0
7473 0
7474 0
7475 0
7476 0
7477 0
7478 0
7479 0
7480 0
7481 0
7482 0
7483 0
7484 0
7485 0
7486 0
7487 0
7488 0
7489 0
7490 0
7491 0
7492 0
7493 0
7494 0
7495 0
7496 0
7497 0
7498 0
7499 0
7500 0
7501 0
7502 1
7503 1
7504 1
7505 2
7506 3
7507 3
7508 4
7509 3
7510 4
7511 6
7512 9
7513 12
7514 17
7515 17
7516 21
7517 25
7518 28
7519 25
7520 28
7521 28
7522 38
7523 34
7524 38
7525 42
7526 51
7527 56
7528 55
7529 59
7530 59
7531 66
7532 70
7533 74
7534 78
7535 69
7536 76
7537 71
7538 62
7539 62
7540 60
7541 42
7542 51
7543 52
7544 54
7545 47
7546 43
7547 53
7548 46
7549 39
7550 53
7551 52
7552 55
7553 54
7554 64
7555 61
7556 50
7557 65
7558 64
7559 55
7560 53
7561 45
7562 45
7563 41
7564 32
7565 27
7566 21
7567 17
7568 24
7569 23
7570 14
7571 19
7572 25
7573 23
7574 19
7575 24
7576 28
7577 32
7578 33
7579 28
7580 23
7581 30
7582 28
7583 31
7584 30
7585 35
7586 44
7587 40
7588 39
7589 44
7590 57
7591 54
7592 58
7593 56
7594 73
7595 76
7596 87
7597 85
7598 98
7599 94
7600 93
7601 83
7602 84
7603 95
7604 91
7605 93
7606 89
7607 99
7608 93
7609 115
7610 122
7611 126
7612 116
7613 105
7614 130
7615 129
7616 130
7617 130
7618 136
7619 130
7620 127
7621 108
7622 91
7623 92
7624 109
7625 112
7626 103
7627 112
7628 124
7629 99
7630 111
7631 103
7632 90
7633 81
7634 75
7635 66
7636 62
7637 54
7638 56
7639 66
7640 81
7641 87
7642 70
7643 54
7644 39
7645 37
7646 44
7647 42
7648 48
7649 41
7650 39
7651 42
7652 48
7653 43
7654 45
7655 43
7656 35
7657 42
7658 40
7659 51
7660 45
7661 53
7662 42
7663 37
7664 34
7665 40
7666 39
7667 41
7668 44
7669 41
7670 47
7671 53
7672 58
7673 56
7674 49
7675 49
7676 48
7677 48
7678 55
7679 50
7680 48
7681 45
7682 59
7683 67
7684 55
7685 57
7686 60
7687 49
7688 58
7689 59
7690 70
7691 66
7692 63
7693 63
7694 61
7695 62
7696 73
7697 73
7698 71
7699 55
7700 65
7701 66
7702 72
7703 72
7704 67
7705 55
7706 51
7707 49
7708 53
7709 52
7710 53
7711 49
7712 56
7713 48
7714 52
7715 54
7716 62
7717 59
7718 65
7719 66
7720 75
7721 58
7722 53
7723 57
7724 56
7725 40
7726 42
7727 35
7728 34
7729 41
7730 38
7731 43
7732 36
7733 38
7734 33
7735 27
7736 21
7737 21
7738 24
7739 23
7740 17
7741 21
7742 25
7743 31
7744 34
7745 30
7746 24
7747 18
7748 21
7749 17
7750 13
7751 14
7752 19
7753 20
7754 20
7755 21
7756 29
7757 30
7758 32
7759 30
7760 30
7761 25
7762 28
7763 33
7764 30
7765 33
7766 34
7767 30
7768 33
7769 32
7770 33
7771 33
7772 26
7773 19
7774 21
7775 15
7776 10
7777 10
7778 7
7779 10
7780 8
7781 7
7782 4
7783 3
7784 3
7785 2
7786 1
7787 1
7788 3
7789 2
7790 1
7791 0
7792 0
7793 0
7794 0
7795 0
7796 0
7797 0
7798 0
7799 0
7800 0
7801 0
7802 0
7803 0
7804 0
7805 0
7806 0
7807 0
7808 0
7809 0
7810 0
7811 0
7812 0
7813 0
7814 0
7815 0
7816 0
7817 0
7818 0
7819 0
7820 0
7821 0
7822 0
7823 0
7824 0
7825 0
7826 0
7827 0
7828 0
7829 0
7830 0
7831 0
7832 0
7833 0
7834 0
7835 0
7836 0
7837 0
7838 0
7839 0
7840 0
7841 0
7842 0
7843 0
7844 0
7845 0
7846 0
7847 0
7848 0
7849 0
7850 0
7851 0
7852 1
7853 0
7854 0
7855 0
7856 0
7857 0
7858 0
7859 0
7860 0
7861 0
7862 0
7863 0
7864 0
7865 0
7866 0
7867 0
7868 0
7869 0
7870 0
7871 0
7872 1
7873 2
7874 2
7875 2
7876 2
7877 3
7878 3
7879 4
7880 6
7881 4
7882 1
7883 0
7884 0
7885 0
7886 0
7887 0
7888 0
7889 0
7890 0
7891 0
7892 0
7893 0
7894 0
7895 0
7896 0
7897 0
7898 0
7899 0
7900 0
7901 0
7902 0
7903 0
7904 1
7905 2
7906 0
7907 0
7908 0
7909 0
7910 0
7911 0
7912 0
7913 0
7914 0
7915 0
7916 0
7917 0
7918 0
7919 0
7920 0
7921 0
7922 0
7923 0
7924 0
7925 0
7926 0
7927 0
7928 0
7929 0
7930 0
7931 0
7932 0
7933 0
7934 0
7935 0
7936 0
7937 0
7938 0
7939 0
7940 0
7941 0
7942 0
7943 0
7944 0
7945 0
7946 0
7947 0
7948 0
7949 0
7950 0
7951 0
7952 0
7953 0
7954 0
7955 0
7956 0
7957 0
7958 0
7959 0
7960 0
7961 0
7962 0
7963 0
7964 0
7965 0
7966 0
7967 0
7968 0
7969 0
7970 0
7971 0
7972 0
7973 0
7974 0
7975 0
7976 0
7977 0
7978 0
7979 0
7980 0
7981 0
7982 0
7983 0
7984 0
7985 0
7986 0
7987 0
7988 0
7989 0
7990 0
7991 0
7992 0
7993 0
7994 0
7995 0
7996 0
7997 0
7998 0
7999 0
8000 0
8001 0
8002 0
8003 0
8004 0
8005 0
8006 0
8007 0
8008 0
8009 0
8010 0
8011 0
8012 0
8013 0
8014 0
8015 0
8016 0
8017 0
8018 0
8019 0
8020 0
8021 0
8022 0
8023 0
8024 0
8025 0
8026 0
8027 0
8028 0
8029 0
8030 0
8031 0
8032 0
8033 0
8034 0
8035 0
8036 0
8037 0
8038 0
8039 0
8040 0
8041 0
8042 0
8043 0
8044 0
8045 0
8046 0
8047 0
8048 0
8049 0
8050 0
8051 0
8052 0
8053 0
8054 0
8055 0
8056 0
8057 0
8058 0
8059 0
8060 0
8061 0
8062 0
8063 0
8064 0
8065 0
8066 0
8067 0
8068 0
8069 0
8070 0
8071 0
8072 0
8073 0
8074 0
8075 0
8076 0
8077 0
8078 0
8079 0
8080 0
8081 0
8082 0
8083 0
8084 0
8085 0
8086 0
8087 0
8088 0
8089 0
8090 0
8091 0
8092 0
8093 0
8094 0
8095 0
8096 0
8097 0
8098 0
8099 0
8100 0
8101 0
8102 0
8103 0
8104 0
8105 0
8106 1
8107 1
8108 1
8109 1
8110 0
8111 0
8112 0
8113 0
8114 0
8115 0
8116 0
8117 0
8118 0
8119 0
8120 0
8121 0
8122 0
8123 0
8124 0
8125 0
8126 0
8127 0
8128 1
8129 0
8130 0
8131 0
8132 0
8133 0
8134 0
8135 0
8136 0
8137 0
8138 0
8139 0
8140 0
8141 0
8142 0
8143 0
8144 0
8145 0
8146 0
8147 0
8148 0
8149 0
8150 0
8151 0
8152 0
8153 0
8154 0
8155 0
8156 1
8157 0
8158 0
8159 0
8160 0
8161 0
8162 0
8163 0
8164 0
8165 0
8166 0
8167 0
8168 0
8169 0
8170 0
8171 0
8172 0
8173 0
8174 0
8175 0
8176 0
8177 0
8178 0
8179 0
8180 0
8181 0
8182 0
8183 0
8184 0
8185 0
8186 0
8187 0
8188 0
8189 0
8190 0
8191 0
8192 0
8193 0
8194 0
8195 0
8196 0
8197 0
8198 0
8199 0
8200 0
8201 0
8202 0
8203 0
8204 0
8205 0
8206 0
8207 0
8208 0
8209 0
8210 0
8211 0
8212 0
8213 0
8214 0
8215 0
8216 0
8217 0
8218 0
8219 0
8220 0
8221 0
8222 0
8223 0
8224 0
8225 0
8226 0
8227 0
8228 0
8229 0
8230 0
8231 0
8232 0
8233 0
8234 0
8235 0
8236 0
8237 0
8238 0
8239 0
8240 0
8241 0
8242 0
8243 0
8244 0
8245 0
8246 0
8247 0
8248 0
8249 0
8250 0
8251 0
8252 0
8253 0
8254 0
8255 0
8256 0
8257 0
8258 0
8259 0
8260 0
8261 0
8262 0
8263 0
8264 0
8265 0
8266 0
8267 0
8268 0
8269 0
8270 0
8271 0
8272 0
8273 0
8274 0
8275 0
8276 0
8277 0
8278 0
8279 0
8280 0
8281 0
8282 0
8283 0
8284 0
8285 0
8286 0
8287 0
8288 0
8289 0
8290 0
8291 0
8292 0
8293 0
8294 0
8295 0
8296 0
8297 0
8298 0
8299 0
8300 0
8301 0
8302 0
8303 0
8304 0
8305 0
8306 0
8307 0
8308 0
8309 0
8310 0
8311 0
8312 0
8313 0
8314 0
8315 0
8316 0
8317 0
8318 0
8319 0
8320 0
8321 0
8322 0
8323 0
8324 0
8325 0
8326 1
8327 1
8328 0
8329 0
8330 0
8331 0
8332 0
8333 0
8334 0
8335 0
8336 0
8337 0
8338 0
8339 0
8340 0
8341 0
8342 0
8343 0
8344 0
8345 0
8346 0
8347 0
8348 0
8349 0
8350 0
8351 0
8352 0
8353 0
8354 0
8355 0
8356 0
8357 0
8358 0
8359 0
8360 0
8361 0
8362 0
8363 0
8364 0
8365 0
8366 0
8367 0
8368 0
8369 0
8370 0
8371 0
8372 0
8373 0
8374 0
8375 0
8376 0
8377 0
8378 0
8379 0
8380 0
8381 0
8382 0
8383 0
8384 0
8385 0
8386 0
8387 0
8388 0
8389 0
8390 0
8391 0
8392 0
8393 0
8394 0
8395 0
8396 0
8397 0
8398 0
8399 0
8400 0
8401 0
8402 0
8403 0
8404 0
8405 0
8406 0
8407 0
8408 0
8409 0
8410 0
8411 0
8412 0
8413 0
8414 0
8415 0
8416 0
8417 0
8418 0
8419 0
8420 0
8421 0
8422 0
8423 0
8424 0
8425 0
8426 0
8427 0
8428 0
8429 0
8430 0
8431 0
8432 0
8433 0
8434 0
8435 0
8436 0
8437 0
8438 0
8439 0
8440 0
8441 0
8442 0
8443 0
8444 0
8445 0
8446 0
8447 0
8448 0
8449 0
8450 0
8451 0
8452 0
8453 0
8454 0
8455 0
8456 0
8457 0
8458 0
8459 0
8460 0
8461 0
8462 0
8463 0
8464 0
8465 0
8466 0
8467 0
8468 0
8469 0
8470 0
8471 0
8472 0
8473 0
8474 0
8475 0
8476 0
8477 0
8478 0
8479 0
8480 0
8481 0
8482 0
8483 0
8484 0
8485 0
8486 0
8487 0
8488 0
8489 0
8490 0
8491 0
8492 0
8493 0
8494 0
8495 0
8496 0
8497 1
8498 3
8499 1
8500 3
8501 3
8502 0
8503 0
8504 0
8505 0
8506 0
8507 0
8508 0
8509 0
8510 1
8511 0
8512 0
8513 0
8514 0
8515 0
8516 0
8517 0
8518 0
8519 0
8520 0
8521 0
8522 1
8523 1
8524 1
8525 2
8526 3
8527 2
8528 0
8529 1
8530 1
8531 2
8532 0
8533 0
8534 0
8535 0
8536 0
8537 0
8538 0
8539 0
8540 0
8541 0
8542 0
8543 0
8544 0
8545 0
8546 0
8547 0
8548 0
8549 0
8550 0
8551 0
8552 0
8553 0
8554 0
8555 0
8556 0
8557 0
8558 0
8559 0
8560 0
8561 0
8562 0
8563 0
8564 0
8565 0
8566 0
8567 0
8568 0
8569 0
8570 0
8571 0
8572 0
8573 0
8574 0
8575 0
8576 0
8577 0
8578 0
8579 0
8580 1
8581 0
8582 1
8583 1
8584 2
8585 3
8586 3
8587 7
8588 4
8589 1
8590 1
8591 2
8592 3
8593 5
8594 6
8595 8
8596 8
8597 10
8598 9
8599 5
8600 5
8601 8
8602 6
8603 5
8604 4
8605 5
8606 6
8607 10
8608 15
8609 13
8610 13
8611 10
8612 13
8613 13
8614 14
8615 17
8616 13
8617 12
8618 16
8619 17
8620 15
8621 20
8622 20
8623 17
8624 22
8625 27
8626 18
8627 18
8628 27
8629 27
8630 33
8631 27
8632 23
8633 23
8634 18
8635 10
8636 15
8637 14
8638 8
8639 5
8640 2
8641 1
8642 0
8643 0
8644 0
8645 0
8646 0
8647 0
8648 0
8649 0
8650 0
8651 0
8652 0
8653 0
8654 0
8655 0
8656 0
8657 0
8658 0
8659 1
8660 1
8661 0
8662 0
8663 0
8664 0
8665 0
8666 0
8667 0
8668 0
8669 0
8670 0
8671 0
8672 0
8673 0
8674 0
8675 0
8676 0
8677 1
8678 1
8679 2
8680 2
8681 0
8682 0
8683 0
8684 0
8685 0
8686 0
8687 0
8688 0
8689 0
8690 0
8691 0
8692 0
8693 0
8694 0
8695 0
8696 0
8697 0
8698 0
8699 0
8700 0
8701 0
8702 0
8703 0
8704 0
8705 0
8706 0
8707 0
8708 0
8709 0
8710 0
8711 1
8712 0
8713 0
8714 0
8715 0
8716 0
8717 0
8718 0
8719 0
8720 0
8721 0
8722 0
8723 0
8724 0
8725 0
8726 0
8727 0
8728 0
8729 0
8730 0
8731 0
8732 0
8733 0
8734 0
8735 0
8736 0
8737 0
8738 0
8739 0
8740 0
8741 0
8742 0
8743 0
8744 0
8745 0
8746 1
8747 0
8748 0
8749 0
8750 0
8751 0
8752 0
8753 0
8754 0
8755 0
8756 0
8757 0
8758 0
8759 0
8760 0
8761 0
8762 0
8763 0
8764 0
8765 0
8766 0
8767 0
8768 0
8769 0
8770 0
8771 0
8772 0
8773 0
8774 0
8775 0
8776 0
8777 0
8778 0
8779 0
8780 0
8781 0
8782 0
8783 0
8784 0
8785 0
8786 0
8787 0
8788 0
8789 0
8790 0
8791 0
8792 0
8793 0
8794 0
8795 0
8796 0
8797 0
8798 0
8799 0
8800 0
8801 0
8802 0
8803 0
8804 0
8805 0
8806 0
8807 0
8808 0
8809 0
8810 0
8811 0
8812 0
8813 0
8814 0
8815 0
8816 0
8817 0
8818 0
8819 0
8820 0
8821 0
8822 0
8823 0
8824 0
8825 0
8826 0
8827 0
8828 0
8829 0
8830 0
8831 0
8832 0
8833 0
8834 0
8835 0
8836 0
8837 0
8838 0
8839 0
8840 0
8841 0
8842 0
8843 0
8844 0
8845 0
8846 0
8847 0
8848 0
8849 0
8850 0
8851 0
8852 0
8853 0
8854 0
8855 0
8856 0
8857 0
8858 0
8859 0
8860 0
8861 0
8862 0
8863 0
8864 0
8865 0
8866 0
8867 0
8868 0
8869 0
8870 0
8871 0
8872 0
8873 0
8874 0
8875 0
8876 0
8877 0
8878 0
8879 0
8880 0
8881 0
8882 0
8883 0
8884 1
8885 2
8886 0
8887 0
8888 0
8889 0
8890 0
8891 0
8892 0
8893 0
8894 0
8895 0
8896 0
8897 0
8898 0
8899 0
8900 0
8901 0
8902 0
8903 0
8904 0
8905 0
8906 0
8907 0
8908 0
8909 0
8910 0
8911 0
8912 0
8913 0
8914 0
8915 0
8916 0
8917 0
8918 0
8919 0
8920 0
8921 0
8922 0
8923 0
8924 0
8925 0
8926 1
8927 1
8928 0
8929 0
8930 0
8931 0
8932 0
8933 0
8934 0
8935 0
8936 0
8937 0
8938 0
8939 0
8940 1
8941 0
8942 0
8943 0
8944 0
8945 0
8946 0
8947 0
8948 0
8949 0
8950 0
8951 0
8952 0
8953 0
8954 0
8955 0
8956 0
8957 0
8958 0
8959 0
8960 0
8961 0
8962 0
8963 0
8964 0
8965 0
8966 0
8967 0
8968 0
8969 0
8970 0
8971 0
8972 0
8973 0
8974 0
8975 0
8976 0
8977 0
8978 0
8979 0
8980 0
8981 0
8982 0
8983 0
8984 0
8985 0
8986 0
8987 0
8988 0
8989 0
8990 0
8991 0
8992 0
8993 0
8994 0
8995 0
8996 0
8997 0
8998 0
8999 0
9000 0
9001 0
9002 0
9003 0
9004 0
9005 0
9006 0
9007 0
9008 0
9009 0
9010 0
9011 0
9012 0
9013 0
9014 0
9015 0
9016 0
9017 0
9018 1
9019 0
9020 0
9021 0
9022 0
9023 0
9024 1
9025 0
9026 0
9027 0
9028 0
9029 0
9030 0
9031 0
9032 0
9033 0
9034 0
9035 0
9036 0
9037 0
9038 0
9039 0
9040 0
9041 0
9042 0
9043 0
9044 0
9045 0
9046 0
9047 0
9048 0
9049 0
9050 0
9051 0
9052 0
9053 0
9054 0
9055 0
9056 0
9057 0
9058 0
9059 0
9060 0
9061 0
9062 0
9063 0
9064 0
9065 0
9066 0
9067 0
9068 0
9069 0
9070 0
9071 0
9072 1
9073 0
9074 0
9075 0
9076 0
9077 0
9078 0
9079 0
9080 0
9081 0
9082 1
9083 0
9084 0
9085 0
9086 0
9087 0
9088 0
9089 0
9090 0
9091 0
9092 0
9093 0
9094 0
9095 0
9096 0
9097 0
9098 0
9099 0
9100 0
9101 0
9102 0
9103 0
9104 0
9105 0
9106 0
9107 0
9108 0
9109 0
9110 0
9111 0
9112 0
9113 0
9114 1
9115 1
9116 3
9117 3
9118 5
9119 3
9120 6
9121 10
9122 8
9123 5
9124 11
9125 14
9126 18
9127 14
9128 11
9129 14
9130 12
9131 13
9132 15
9133 19
9134 20
9135 16
9136 20
9137 24
9138 21
9139 27
9140 31
9141 32
9142 32
9143 38
9144 36
9145 37
9146 37
9147 41
9148 32
9149 26
9150 24
9151 28
9152 29
9153 27
9154 23
9155 19
9156 19
9157 13
9158 15
9159 13
9160 11
9161 9
9162 6
9163 4
9164 7
9165 11
9166 5
9167 3
9168 5
9169 1
9170 0
9171 0
9172 0
9173 0
9174 0
9175 0
9176 0
9177 0
9178 0
9179 0
9180 0
9181 0
9182 0
9183 0
9184 0
9185 0
9186 0
9187 1
9188 1
9189 0
9190 0
9191 0
9192 0
9193 0
9194 0
9195 0
9196 0
9197 0
9198 0
9199 0
9200 0
9201 0
9202 0
9203 0
9204 0
9205 0
9206 0
9207 0
9208 0
9209 0
9210 0
9211 0
9212 0
9213 0
9214 0
9215 0
9216 0
9217 0
9218 0
9219 0
9220 0
9221 0
9222 0
9223 0
9224 0
9225 0
9226 0
9227 0
9228 0
9229 0
9230 0
9231 0
9232 0
9233 0
9234 0
9235 0
9236 0
9237 0
9238 0
9239 0
9240 0
9241 0
9242 0
9243 0
9244 0
9245 0
9246 0
9247 1
9248 1
9249 0
9250 0
9251 0
9252 0
9253 0
9254 0
9255 0
9256 0
9257 0
9258 0
9259 0
9260 0
9261 0
9262 0
9263 0
9264 0
9265 0
9266 0
9267 0
9268 0
9269 0
9270 0
9271 0
9272 0
9273 0
9274 0
9275 0
9276 0
9277 0
9278 0
9279 0
9280 0
9281 0
9282 0
9283 0
9284 0
9285 1
9286 1
9287 1
9288 2
9289 2
9290 0
9291 0
9292 0
9293 0
9294 0
9295 0
9296 0
9297 0
9298 0
9299 0
9300 0
9301 0
9302 0
9303 0
9304 0
9305 0
9306 0
9307 0
9308 0
9309 0
9310 0
9311 0
9312 0
9313 0
9314 0
9315 0
9316 0
9317 0
9318 0
9319 0
9320 0
9321 0
9322 0
9323 0
9324 0
9325 0
9326 0
9327 0
9328 0
9329 0
9330 0
9331 0
9332 0
9333 0
9334 0
9335 0
9336 0
9337 0
9338 0
9339 0
9340 0
9341 0
9342 0
9343 0
9344 0
9345 0
9346 0
9347 0
9348 0
9349 0
9350 0
9351 0
9352 0
9353 0
9354 0
9355 0
9356 0
9357 0
9358 0
9359 0
9360 0
9361 0
9362 0
9363 0
9364 0
9365 0
9366 0
9367 0
9368 0
9369 0
9370 0
9371 0
9372 0
9373 0
9374 0
9375 0
9376 0
9377 0
9378 0
9379 0
9380 0
9381 0
9382 0
9383 0
9384 0
9385 0
9386 0
9387 0
9388 0
9389 0
9390 0
9391 0
9392 0
9393 0
9394 0
9395 0
9396 0
9397 0
9398 0
9399 0
9400 0
9401 0
9402 0
9403 0
9404 0
9405 0
9406 0
9407 0
9408 0
9409 1
9410 2
9411 5
9412 7
9413 8
9414 2
9415 4
9416 7
9417 6
9418 6
9419 5
9420 3
9421 1
9422 1
9423 2
9424 4
9425 5
9426 5
9427 3
9428 3
9429 1
9430 0
9431 0
9432 0
9433 0
9434 0
9435 0
9436 0
9437 0
9438 0
9439 0
9440 0
9441 0
9442 0
9443 0
9444 0
9445 0
9446 0
9447 0
9448 0
9449 0
9450 0
9451 0
9452 0
9453 0
9454 0
9455 0
9456 0
9457 0
9458 0
9459 0
9460 0
9461 0
9462 0
9463 0
9464 1
9465 0
9466 0
9467 0
9468 0
9469 0
9470 0
9471 0
9472 1
9473 1
9474 1
9475 1
9476 0
9477 0
9478 0
9479 0
9480 0
9481 0
9482 0
9483 0
9484 0
9485 0
9486 0
9487 0
9488 0
9489 0
9490 0
9491 0
9492 0
9493 0
9494 0
9495 0
9496 0
9497 0
9498 0
9499 0
9500 0
9501 0
9502 0
9503 0
9504 0
9505 0
9506 0
9507 0
9508 0
9509 0
9510 0
9511 0
9512 0
9513 0
9514 0
9515 0
9516 0
9517 0
9518 0
9519 0
9520 0
9521 0
9522 0
9523 0
9524 0
9525 0
9526 0
9527 0
9528 0
9529 0
9530 0
9531 0
9532 0
9533 0
9534 0
9535 0
9536 0
9537 0
9538 0
9539 0
9540 0
9541 0
9542 0
9543 0
9544 0
9545 0
9546 0
9547 0
9548 0
9549 0
9550 0
9551 0
9552 0
9553 0
9554 0
9555 0
9556 0
9557 0
9558 0
9559 0
9560 0
9561 0
9562 0
9563 0
9564 0
9565 0
9566 0
9567 0
9568 0
9569 0
9570 0
9571 0
9572 0
9573 0
9574 0
9575 0
9576 0
9577 0
9578 0
9579 0
9580 0
9581 0
9582 0
9583 0
9584 0
9585 0
9586 0
9587 0
9588 0
9589 0
9590 0
9591 0
9592 0
9593 0
9594 0
9595 0
9596 0
9597 0
9598 0
9599 0
9600 0
9601 0
9602 0
9603 0
9604 0
9605 0
9606 0
9607 0
9608 0
9609 0
9610 0
9611 0
9612 0
9613 0
9614 0
9615 0
9616 0
9617 0
9618 0
9619 0
9620 0
9621 0
9622 0
9623 0
9624 0
9625 0
9626 0
9627 0
9628 0
9629 0
9630 0
9631 0
9632 0
9633 1
9634 3
9635 3
9636 2
9637 3
9638 4
9639 4
9640 3
9641 0
9642 0
9643 0
9644 0
9645 0
9646 0
9647 0
9648 0
9649 0
9650 0
9651 0
9652 0
9653 0
9654 0
9655 0
9656 0
9657 0
9658 0
9659 0
9660 0
9661 0
9662 0
9663 0
9664 0
9665 0
9666 0
9667 0
9668 0
9669 0
9670 0
9671 0
9672 0
9673 0
9674 0
9675 0
9676 0
9677 0
9678 0
9679 0
9680 0
9681 0
9682 0
9683 0
9684 0
9685 0
9686 0
9687 0
9688 0
9689 0
9690 0
9691 0
9692 0
9693 0
9694 0
9695 0
9696 0
9697 0
9698 0
9699 0
9700 0
9701 0
9702 0
9703 0
9704 0
9705 0
9706 0
9707 0
9708 0
9709 0
9710 0
9711 0
9712 0
9713 0
9714 0
9715 0
9716 0
9717 0
9718 0
9719 0
9720 0
9721 0
9722 0
9723 0
9724 0
9725 0
9726 0
9727 0
9728 0
9729 0
9730 0
9731 0
9732 0
9733 0
9734 0
9735 0
9736 1
9737 1
9738 0
9739 0
9740 0
9741 0
9742 0
9743 0
9744 0
9745 0
9746 0
9747 0
9748 0
9749 0
9750 0
9751 0
9752 0
9753 0
9754 0
9755 0
9756 0
9757 0
9758 0
9759 0
9760 0
9761 0
9762 0
9763 0
9764 0
9765 0
9766 0
9767 0
9768 0
9769 0
9770 0
9771 0
9772 0
9773 0
9774 0
9775 0
9776 0
9777 0
9778 0
9779 0
9780 0
9781 0
9782 0
9783 0
9784 0
9785 0
9786 0
9787 0
9788 0
9789 0
9790 0
9791 0
9792 0
9793 0
9794 0
9795 0
9796 0
9797 0
9798 0
9799 0
9800 0
9801 0
9802 0
9803 0
9804 0
9805 0
9806 0
9807 0
9808 0
9809 0
9810 0
9811 0
9812 0
9813 0
9814 0
9815 0
9816 1
9817 0
9818 0
9819 0
9820 0
9821 0
9822 1
9823 0
9824 0
9825 0
9826 0
9827 0
9828 0
9829 0
9830 0
9831 0
9832 0
9833 0
9834 0
9835 0
9836 0
9837 0
9838 0
9839 0
9840 0
9841 0
9842 0
9843 0
9844 0
9845 0
9846 0
9847 0
9848 0
9849 0
9850 0
9851 0
9852 0
9853 0
9854 0
9855 0
9856 0
9857 0
9858 0
9859 0
9860 0
9861 0
9862 0
9863 0
9864 0
9865 0
9866 0
9867 0
9868 0
9869 0
9870 0
9871 0
9872 0
9873 1
9874 1
9875 1
9876 0
9877 0
9878 0
9879 0
9880 0
9881 0
9882 0
9883 0
9884 0
9885 0
9886 0
9887 0
9888 0
9889 0
9890 0
9891 0
9892 0
9893 0
9894 0
9895 0
9896 0
9897 0
9898 0
9899 0
9900 0
9901 0
9902 0
9903 0
9904 0
9905 0
9906 0
9907 0
9908 0
9909 0
9910 0
9911 0
9912 0
9913 0
9914 0
9915 0
9916 0
9917 0
9918 0
9919 0
9920 0
9921 0
9922 0
9923 0
9924 0
9925 0
9926 0
9927 0
9928 0
9929 0
9930 0
9931 0
9932 0
9933 0
9934 0
9935 0
9936 0
9937 0
9938 0
9939 0
9940 0
9941 0
9942 0
9943 0
9944 0
9945 0
9946 0
9947 0
9948 0
9949 0
9950 0
9951 0
9952 0
9953 0
9954 0
9955 0
9956 0
9957 0
9958 1
9959 1
9960 0
9961 0
9962 0
9963 0
9964 0
9965 0
9966 0
9967 0
9968 0
9969 0
9970 0
9971 0
9972 0
9973 0
9974 0
9975 0
9976 0
9977 0
9978 0
9979 0
9980 0
9981 0
9982 0
9983 0
9984 0
9985 0
9986 0
9987 0
9988 0
9989 0
9990 0
9991 0
9992 0
9993 0
9994 0
9995 0
9996 0
9997 0
9998 0
9999 0
10000 0
