1 3
2 4
3 8
4 12
5 13
6 16
7 18
8 26
9 31
10 42
11 51
12 52
13 50
14 49
15 47
16 54
17 30
18 40
19 44
20 38
21 39
22 42
23 51
24 57
25 62
26 58
27 73
28 72
29 73
30 71
31 83
32 91
33 85
34 88
35 91
36 96
37 94
38 95
39 104
40 96
41 100
42 123
43 118
44 110
45 108
46 99
47 87
48 86
49 74
50 69
51 59
52 70
53 65
54 61
55 60
56 53
57 54
58 49
59 51
60 46
61 48
62 50
63 37
64 34
65 44
66 44
67 44
68 41
69 41
70 37
71 33
72 43
73 37
74 32
75 32
76 29
77 37
78 33
79 41
80 48
81 56
82 56
83 67
84 78
85 78
86 69
87 74
88 83
89 93
90 89
91 85
92 87
93 81
94 87
95 85
96 105
97 97
98 104
99 109
100 118
101 124
102 135
103 139
104 134
105 143
106 149
107 155
108 160
109 162
110 147
111 157
112 175
113 187
114 167
115 167
116 167
117 173
118 158
119 157
120 148
121 161
122 177
123 173
124 179
125 190
126 194
127 162
128 171
129 187
130 192
131 221
132 223
133 222
134 240
135 243
136 246
137 239
138 207
139 215
140 214
141 220
142 236
143 222
144 218
145 215
146 210
147 208
148 197
149 206
150 225
151 214
152 194
153 210
154 206
155 182
156 193
157 195
158 211
159 220
160 236
161 241
162 261
163 250
164 238
165 246
166 251
167 257
168 245
169 207
170 200
171 204
172 196
173 209
174 192
175 189
176 189
177 210
178 205
179 203
180 191
181 208
182 211
183 206
184 206
185 189
186 192
187 212
188 206
189 201
190 210
191 213
192 203
193 232
194 235
195 244
196 262
197 281
198 309
199 330
200 354
201 377
202 355
203 372
204 374
205 380
206 364
207 353
208 326
209 331
210 301
211 297
212 281
213 284
214 289
215 297
216 314
217 308
218 324
219 344
220 295
221 291
222 285
223 285
224 288
225 327
226 329
227 317
228 301
229 315
230 299
231 321
232 327
233 332
234 297
235 295
236 288
237 274
238 267
239 251
240 250
241 236
242 237
243 253
244 251
245 269
246 285
247 263
248 243
249 242
250 222
251 228
252 237
253 233
254 227
255 241
256 283
257 262
258 250
259 278
260 307
261 312
262 349
263 348
264 327
265 311
266 324
267 302
268 301
269 296
270 293
271 316
272 316
273 321
274 353
275 333
276 338
277 341
278 324
279 312
280 296
281 278
282 297
283 277
284 262
285 280
286 303
287 324
288 315
289 334
290 315
291 320
292 303
293 292
294 304
295 314
296 319
297 315
298 303
299 320
300 315
301 296
302 290
303 282
304 285
305 320
306 338
307 347
308 333
309 334
310 327
311 304
312 308
313 316
314 323
315 290
316 325
317 321
318 312
319 313
320 282
321 281
322 292
323 305
324 313
325 306
326 319
327 285
328 282
329 313
330 325
331 327
332 350
333 342
334 355
335 370
336 348
337 315
338 275
339 287
340 269
341 254
342 278
343 286
344 291
345 308
346 327
347 306
348 330
349 345
350 333
351 321
352 321
353 303
354 303
355 296
356 307
357 277
358 253
359 263
360 252
361 250
362 271
363 263
364 239
365 231
366 218
367 211
368 226
369 208
370 226
371 220
372 231
373 245
374 260
375 266
376 256
377 244
378 241
379 245
380 255
381 255
382 267
383 280
384 270
385 259
386 259
387 291
388 288
389 289
390 295
391 288
392 285
393 283
394 259
395 242
396 268
397 268
398 267
399 284
400 284
401 308
402 319
403 335
404 323
405 298
406 276
407 307
408 333
409 363
410 405
411 418
412 405
413 382
414 351
415 350
416 369
417 343
418 359
419 370
420 353
421 347
422 356
423 362
424 367
425 378
426 360
427 370
428 409
429 432
430 438
431 445
432 455
433 464
434 457
435 443
436 444
437 432
438 481
439 471
440 520
441 477
442 510
443 487
444 492
445 493
446 499
447 504
448 537
449 563
450 512
451 504
452 454
453 459
454 438
455 475
456 500
457 501
458 504
459 509
460 546
461 528
462 525
463 521
464 526
465 542
466 522
467 540
468 539
469 535
470 538
471 516
472 543
473 514
474 495
475 520
476 567
477 596
478 586
479 574
480 566
481 564
482 591
483 582
484 565
485 584
486 595
487 638
488 652
489 643
490 617
491 636
492 694
493 684
494 760
495 749
496 744
497 794
498 809
499 793
500 825
501 829
502 805
503 798
504 805
505 848
506 841
507 860
508 902
509 907
510 888
511 864
512 854
513 867
514 891
515 868
516 847
517 884
518 916
519 868
520 905
521 874
522 880
523 875
524 862
525 901
526 901
527 924
528 929
529 922
530 905
531 924
532 927
533 944
534 988
535 974
536 1024
537 1051
538 1071
539 1052
540 1026
541 1063
542 1022
543 987
544 1027
545 1041
546 1011
547 1056
548 1044
549 1043
550 1067
551 1049
552 999
553 1010
554 973
555 1001
556 1026
557 988
558 974
559 1063
560 1086
561 1074
562 1073
563 1118
564 1109
565 1145
566 1175
567 1228
568 1244
569 1211
570 1242
571 1204
572 1206
573 1215
574 1187
575 1190
576 1159
577 1210
578 1207
579 1193
580 1200
581 1215
582 1236
583 1216
584 1223
585 1214
586 1314
587 1321
588 1368
589 1353
590 1342
591 1321
592 1339
593 1345
594 1337
595 1296
596 1314
597 1296
598 1267
599 1313
600 1258
601 1288
602 1310
603 1294
604 1307
605 1283
606 1218
607 1218
608 1301
609 1308
610 1316
611 1307
612 1299
613 1320
614 1351
615 1378
616 1273
617 1321
618 1293
619 1220
620 1196
621 1229
622 1243
623 1196
624 1189
625 1127
626 1108
627 1106
628 1051
629 1008
630 1029
631 1050
632 1021
633 1049
634 1039
635 1005
636 1014
637 1001
638 980
639 1007
640 1040
641 1058
642 1056
643 1029
644 1052
645 1045
646 1082
647 1048
648 1072
649 1058
650 1044
651 1062
652 1120
653 1142
654 1176
655 1180
656 1214
657 1240
658 1242
659 1263
660 1338
661 1337
662 1444
663 1501
664 1509
665 1467
666 1450
667 1419
668 1434
669 1412
670 1473
671 1475
672 1474
673 1526
674 1552
675 1533
676 1518
677 1506
678 1543
679 1525
680 1508
681 1496
682 1511
683 1513
684 1602
685 1581
686 1628
687 1648
688 1709
689 1670
690 1639
691 1586
692 1642
693 1624
694 1614
695 1555
696 1588
697 1558
698 1617
699 1716
700 1723
701 1726
702 1802
703 1758
704 1748
705 1806
706 1827
707 1835
708 1764
709 1805
710 1772
711 1821
712 1871
713 1858
714 1802
715 1812
716 1730
717 1829
718 1813
719 1809
720 1824
721 1886
722 1928
723 2010
724 2007
725 1999
726 1954
727 1966
728 1961
729 2044
730 2043
731 2010
732 2018
733 2052
734 2055
735 2125
736 2138
737 2159
738 2162
739 2161
740 2212
741 2218
742 2160
743 2134
744 2108
745 2140
746 2162
747 2178
748 2146
749 2118
750 2070
751 2111
752 2036
753 1961
754 1966
755 1943
756 1950
757 1905
758 2044
759 2042
760 2057
761 2085
762 2126
763 2177
764 2100
765 2068
766 2129
767 2114
768 2138
769 2167
770 2188
771 2241
772 2294
773 2333
774 2412
775 2417
776 2424
777 2364
778 2387
779 2333
780 2327
781 2293
782 2344
783 2300
784 2330
785 2359
786 2411
787 2392
788 2377
789 2327
790 2322
791 2247
792 2304
793 2243
794 2296
795 2319
796 2303
797 2276
798 2259
799 2273
800 2307
801 2362
802 2384
803 2321
804 2329
805 2368
806 2424
807 2405
808 2443
809 2501
810 2465
811 2431
812 2406
813 2336
814 2364
815 2342
816 2371
817 2385
818 2353
819 2340
820 2415
821 2292
822 2380
823 2306
824 2200
825 2202
826 2146
827 2185
828 2200
829 2202
830 2254
831 2285
832 2257
833 2299
834 2301
835 2363
836 2345
837 2312
838 2332
839 2272
840 2346
841 2342
842 2386
843 2389
844 2372
845 2337
846 2424
847 2378
848 2390
849 2359
850 2358
851 2330
852 2367
853 2334
854 2329
855 2249
856 2315
857 2295
858 2298
859 2355
860 2436
861 2419
862 2392
863 2384
864 2404
865 2332
866 2386
867 2359
868 2404
869 2397
870 2441
871 2423
872 2436
873 2422
874 2479
875 2428
876 2447
877 2506
878 2443
879 2500
880 2585
881 2600
882 2614
883 2671
884 2551
885 2543
886 2597
887 2513
888 2579
889 2557
890 2538
891 2611
892 2612
893 2571
894 2490
895 2428
896 2436
897 2396
898 2326
899 2432
900 2505
901 2477
902 2425
903 2436
904 2415
905 2401
906 2486
907 2474
908 2450
909 2412
910 2437
911 2446
912 2428
913 2415
914 2355
915 2318
916 2342
917 2320
918 2296
919 2309
920 2279
921 2201
922 2224
923 2240
924 2313
925 2311
926 2258
927 2298
928 2303
929 2320
930 2324
931 2358
932 2350
933 2376
934 2315
935 2377
936 2368
937 2403
938 2428
939 2484
940 2526
941 2476
942 2423
943 2467
944 2423
945 2416
946 2379
947 2441
948 2478
949 2414
950 2402
951 2364
952 2370
953 2363
954 2450
955 2423
956 2444
957 2420
958 2418
959 2381
960 2306
961 2342
962 2397
963 2425
964 2460
965 2412
966 2413
967 2394
968 2413
969 2443
970 2465
971 2485
972 2516
973 2517
974 2536
975 2571
976 2576
977 2583
978 2580
979 2550
980 2607
981 2650
982 2636
983 2693
984 2762
985 2748
986 2739
987 2752
988 2787
989 2736
990 2784
991 2784
992 2719
993 2692
994 2669
995 2600
996 2583
997 2642
998 2657
999 2674
1000 2628
1001 2569
1002 2522
1003 2536
1004 2568
1005 2516
1006 2578
1007 2539
1008 2517
1009 2544
1010 2618
1011 2667
1012 2625
1013 2522
1014 2556
1015 2480
1016 2458
1017 2536
1018 2570
1019 2571
1020 2573
1021 2542
1022 2537
1023 2544
1024 2586
1025 2567
1026 2466
1027 2434
1028 2408
1029 2278
1030 2287
1031 2250
1032 2257
1033 2286
1034 2225
1035 2238
1036 2270
1037 2321
1038 2283
1039 2325
1040 2319
1041 2255
1042 2306
1043 2315
1044 2332
1045 2308
1046 2275
1047 2295
1048 2309
1049 2260
1050 2296
1051 2326
1052 2363
1053 2408
1054 2527
1055 2522
1056 2487
1057 2499
1058 2536
1059 2501
1060 2500
1061 2491
1062 2518
1063 2493
1064 2461
1065 2471
1066 2473
1067 2521
1068 2490
1069 2484
1070 2485
1071 2515
1072 2508
1073 2509
1074 2481
1075 2478
1076 2481
1077 2474
1078 2534
1079 2532
1080 2495
1081 2438
1082 2493
1083 2536
1084 2563
1085 2592
1086 2560
1087 2590
1088 2593
1089 2508
1090 2556
1091 2498
1092 2593
1093 2582
1094 2610
1095 2581
1096 2479
1097 2548
1098 2582
1099 2539
1100 2473
1101 2526
1102 2516
1103 2494
1104 2513
1105 2435
1106 2413
1107 2409
1108 2404
1109 2356
1110 2269
1111 2260
1112 2312
1113 2248
1114 2197
1115 2158
1116 2144
1117 2170
1118 2128
1119 2092
1120 2097
1121 2179
1122 2181
1123 2163
1124 2126
1125 2137
1126 2203
1127 2164
1128 2129
1129 2180
1130 2245
1131 2177
1132 2232
1133 2222
1134 2251
1135 2198
1136 2155
1137 2096
1138 2004
1139 2036
1140 2032
1141 1976
1142 2019
1143 2049
1144 2076
1145 2113
1146 2068
1147 2051
1148 2025
1149 1987
1150 2013
1151 1968
1152 1964
1153 1939
1154 1934
1155 1896
1156 1917
1157 1933
1158 1944
1159 1923
1160 1984
1161 1915
1162 1942
1163 1951
1164 1890
1165 1915
1166 1883
1167 1889
1168 1948
1169 2011
1170 2004
1171 2016
1172 1999
1173 2040
1174 2037
1175 2039
1176 2130
1177 2160
1178 2137
1179 2192
1180 2294
1181 2246
1182 2200
1183 2192
1184 2244
1185 2272
1186 2263
1187 2398
1188 2383
1189 2385
1190 2456
1191 2476
1192 2481
1193 2455
1194 2407
1195 2421
1196 2487
1197 2506
1198 2479
1199 2504
1200 2484
1201 2506
1202 2541
1203 2627
1204 2679
1205 2681
1206 2667
1207 2621
1208 2644
1209 2617
1210 2667
1211 2676
1212 2649
1213 2628
1214 2697
1215 2714
1216 2678
1217 2686
1218 2654
1219 2673
1220 2738
1221 2737
1222 2757
1223 2811
1224 2909
1225 2916
1226 2898
1227 2888
1228 2812
1229 2731
1230 2787
1231 2835
1232 2816
1233 2786
1234 2745
1235 2649
1236 2605
1237 2686
1238 2750
1239 2747
1240 2724
1241 2786
1242 2738
1243 2791
1244 2805
1245 2799
1246 2776
1247 2643
1248 2672
1249 2733
1250 2768
1251 2807
1252 2786
1253 2837
1254 2862
1255 2885
1256 2860
1257 2878
1258 2823
1259 2809
1260 2934
1261 2959
1262 2930
1263 2981
1264 2998
1265 3074
1266 3014
1267 3005
1268 3028
1269 2988
1270 3002
1271 3010
1272 3031
1273 3104
1274 3141
1275 3169
1276 3278
1277 3255
1278 3262
1279 3244
1280 3225
1281 3176
1282 3130
1283 3075
1284 2995
1285 3011
1286 3044
1287 3042
1288 3093
1289 3134
1290 3076
1291 3004
1292 2916
1293 2854
1294 2777
1295 2741
1296 2675
1297 2647
1298 2704
1299 2698
1300 2703
1301 2659
1302 2660
1303 2731
1304 2665
1305 2587
1306 2663
1307 2709
1308 2631
1309 2564
1310 2546
1311 2558
1312 2595
1313 2607
1314 2627
1315 2689
1316 2648
1317 2595
1318 2612
1319 2664
1320 2645
1321 2673
1322 2644
1323 2616
1324 2679
1325 2631
1326 2659
1327 2720
1328 2773
1329 2677
1330 2702
1331 2660
1332 2599
1333 2601
1334 2577
1335 2585
1336 2551
1337 2558
1338 2515
1339 2561
1340 2623
1341 2527
1342 2613
1343 2645
1344 2719
1345 2748
1346 2762
1347 2739
1348 2747
1349 2634
1350 2636
1351 2671
1352 2725
1353 2756
1354 2715
1355 2743
1356 2647
1357 2607
1358 2632
1359 2549
1360 2631
1361 2755
1362 2730
1363 2730
1364 2812
1365 2815
1366 2781
1367 2815
1368 2764
1369 2703
1370 2709
1371 2735
1372 2715
1373 2761
1374 2822
1375 2694
1376 2723
1377 2632
1378 2617
1379 2683
1380 2715
1381 2759
1382 2793
1383 2776
1384 2783
1385 2774
1386 2766
1387 2779
1388 2794
1389 2696
1390 2585
1391 2594
1392 2542
1393 2588
1394 2658
1395 2673
1396 2737
1397 2770
1398 2775
1399 2744
1400 2739
1401 2707
1402 2782
1403 2748
1404 2746
1405 2735
1406 2776
1407 2818
1408 2832
1409 2794
1410 2814
1411 2808
1412 2753
1413 2649
1414 2690
1415 2652
1416 2624
1417 2708
1418 2691
1419 2766
1420 2786
1421 2777
1422 2859
1423 2839
1424 2826
1425 2799
1426 2784
1427 2771
1428 2804
1429 2786
1430 2742
1431 2748
1432 2740
1433 2714
1434 2647
1435 2596
1436 2643
1437 2653
1438 2697
1439 2730
1440 2822
1441 2876
1442 2893
1443 2877
1444 2812
1445 2842
1446 2852
1447 2815
1448 2836
1449 2744
1450 2789
1451 2804
1452 2828
1453 2817
1454 2821
1455 2790
1456 2713
1457 2741
1458 2691
1459 2757
1460 2752
1461 2721
1462 2731
1463 2745
1464 2705
1465 2662
1466 2675
1467 2617
1468 2608
1469 2633
1470 2625
1471 2622
1472 2662
1473 2680
1474 2690
1475 2653
1476 2674
1477 2679
1478 2639
1479 2628
1480 2602
1481 2571
1482 2532
1483 2514
1484 2510
1485 2525
1486 2490
1487 2488
1488 2519
1489 2626
1490 2634
1491 2581
1492 2544
1493 2570
1494 2531
1495 2562
1496 2562
1497 2521
1498 2538
1499 2535
1500 2570
1501 2588
1502 2644
1503 2563
1504 2600
1505 2663
1506 2722
1507 2722
1508 2809
1509 2910
1510 2975
1511 2967
1512 2986
1513 2910
1514 2888
1515 2918
1516 3003
1517 3040
1518 3017
1519 3047
1520 3079
1521 3053
1522 3012
1523 3053
1524 3046
1525 3023
1526 2955
1527 2971
1528 3001
1529 2994
1530 2995
1531 3051
1532 3066
1533 3070
1534 3136
1535 3174
1536 3249
1537 3243
1538 3272
1539 3263
1540 3287
1541 3226
1542 3251
1543 3239
1544 3222
1545 3213
1546 3227
1547 3290
1548 3214
1549 3242
1550 3192
1551 3191
1552 3214
1553 3160
1554 3154
1555 3135
1556 3148
1557 3223
1558 3242
1559 3211
1560 3149
1561 3160
1562 3138
1563 3208
1564 3184
1565 3211
1566 3251
1567 3268
1568 3383
1569 3335
1570 3293
1571 3343
1572 3392
1573 3359
1574 3474
1575 3397
1576 3453
1577 3456
1578 3411
1579 3452
1580 3433
1581 3495
1582 3385
1583 3455
1584 3413
1585 3477
1586 3486
1587 3459
1588 3505
1589 3533
1590 3626
1591 3590
1592 3558
1593 3530
1594 3618
1595 3603
1596 3598
1597 3537
1598 3526
1599 3489
1600 3387
1601 3309
1602 3305
1603 3276
1604 3190
1605 3191
1606 3057
1607 3086
1608 3192
1609 3164
1610 3149
1611 3171
1612 3204
1613 3110
1614 3011
1615 3088
1616 3115
1617 2953
1618 2845
1619 2840
1620 2878
1621 2881
1622 2937
1623 2955
1624 3050
1625 3013
1626 3035
1627 3021
1628 3007
1629 3060
1630 3098
1631 3183
1632 3088
1633 3138
1634 3153
1635 3196
1636 3184
1637 3209
1638 3243
1639 3184
1640 3153
1641 3130
1642 3211
1643 3165
1644 3135
1645 3024
1646 3036
1647 3032
1648 3003
1649 3099
1650 3130
1651 3133
1652 3183
1653 3217
1654 3182
1655 3278
1656 3300
1657 3363
1658 3351
1659 3261
1660 3277
1661 3326
1662 3259
1663 3362
1664 3383
1665 3409
1666 3506
1667 3453
1668 3445
1669 3399
1670 3344
1671 3280
1672 3223
1673 3123
1674 3159
1675 3128
1676 3116
1677 3015
1678 3076
1679 3087
1680 3122
1681 3116
1682 3041
1683 3085
1684 3136
1685 3163
1686 3212
1687 3217
1688 3210
1689 3236
1690 3231
1691 3273
1692 3276
1693 3317
1694 3332
1695 3346
1696 3323
1697 3269
1698 3325
1699 3256
1700 3252
1701 3201
1702 3248
1703 3227
1704 3211
1705 3213
1706 3230
1707 3198
1708 3191
1709 3168
1710 3140
1711 3212
1712 3188
1713 3182
1714 3229
1715 3232
1716 3225
1717 3282
1718 3413
1719 3432
1720 3439
1721 3409
1722 3441
1723 3378
1724 3367
1725 3375
1726 3359
1727 3410
1728 3384
1729 3397
1730 3342
1731 3302
1732 3268
1733 3238
1734 3278
1735 3255
1736 3273
1737 3327
1738 3347
1739 3382
1740 3420
1741 3397
1742 3463
1743 3370
1744 3391
1745 3313
1746 3350
1747 3456
1748 3445
1749 3415
1750 3394
1751 3502
1752 3562
1753 3617
1754 3649
1755 3626
1756 3646
1757 3567
1758 3589
1759 3558
1760 3569
1761 3588
1762 3773
1763 3710
1764 3657
1765 3651
1766 3737
1767 3748
1768 3684
1769 3628
1770 3586
1771 3602
1772 3625
1773 3549
1774 3562
1775 3466
1776 3490
1777 3464
1778 3435
1779 3544
1780 3550
1781 3442
1782 3458
1783 3568
1784 3561
1785 3557
1786 3544
1787 3526
1788 3448
1789 3463
1790 3427
1791 3401
1792 3352
1793 3328
1794 3383
1795 3407
1796 3456
1797 3392
1798 3337
1799 3310
1800 3288
1801 3231
1802 3194
1803 3167
1804 3200
1805 3192
1806 3252
1807 3344
1808 3284
1809 3293
1810 3291
1811 3331
1812 3315
1813 3313
1814 3279
1815 3215
1816 3215
1817 3184
1818 3277
1819 3293
1820 3237
1821 3263
1822 3276
1823 3240
1824 3298
1825 3224
1826 3264
1827 3263
1828 3314
1829 3343
1830 3305
1831 3351
1832 3284
1833 3296
1834 3287
1835 3165
1836 3246
1837 3172
1838 3209
1839 3168
1840 3143
1841 3134
1842 3131
1843 3228
1844 3265
1845 3333
1846 3397
1847 3451
1848 3462
1849 3453
1850 3394
1851 3452
1852 3529
1853 3518
1854 3542
1855 3551
1856 3689
1857 3682
1858 3658
1859 3787
1860 3784
1861 3799
1862 3789
1863 3800
1864 3719
1865 3728
1866 3650
1867 3612
1868 3689
1869 3816
1870 3886
1871 3868
1872 3881
1873 4006
1874 4018
1875 4096
1876 4146
1877 4205
1878 4223
1879 4225
1880 4198
1881 4318
1882 4305
1883 4421
1884 4469
1885 4420
1886 4389
1887 4363
1888 4297
1889 4335
1890 4378
1891 4234
1892 4245
1893 4236
1894 4200
1895 4252
1896 4173
1897 4143
1898 4071
1899 4091
1900 4006
1901 4037
1902 4002
1903 4005
1904 4017
1905 4171
1906 4250
1907 4261
1908 4317
1909 4419
1910 4506
1911 4466
1912 4446
1913 4440
1914 4497
1915 4586
1916 4673
1917 4706
1918 4660
1919 4629
1920 4618
1921 4729
1922 4776
1923 4870
1924 4909
1925 4937
1926 4959
1927 4938
1928 4963
1929 4888
1930 4824
1931 4896
1932 4811
1933 4854
1934 4982
1935 5208
1936 5157
1937 5169
1938 5197
1939 5174
1940 5234
1941 5154
1942 5246
1943 5240
1944 5207
1945 5151
1946 5035
1947 5079
1948 5067
1949 5014
1950 5025
1951 4919
1952 4914
1953 5045
1954 5018
1955 4992
1956 4984
1957 4938
1958 4911
1959 4963
1960 4928
1961 4893
1962 4993
1963 5077
1964 5166
1965 5156
1966 5119
1967 5198
1968 5273
1969 5254
1970 5325
1971 5283
1972 5160
1973 5153
1974 5263
1975 5356
1976 5395
1977 5430
1978 5434
1979 5417
1980 5421
1981 5404
1982 5321
1983 5311
1984 5332
1985 5317
1986 5409
1987 5404
1988 5403
1989 5433
1990 5413
1991 5440
1992 5483
1993 5576
1994 5445
1995 5391
1996 5528
1997 5552
1998 5462
1999 5339
2000 5337
2001 5439
2002 5449
2003 5380
2004 5369
2005 5412
2006 5361
2007 5355
2008 5363
2009 5341
2010 5491
2011 5460
2012 5497
2013 5532
2014 5420
2015 5493
2016 5487
2017 5449
2018 5464
2019 5592
2020 5648
2021 5605
2022 5651
2023 5594
2024 5633
2025 5652
2026 5577
2027 5643
2028 5697
2029 5756
2030 5764
2031 5759
2032 5830
2033 5838
2034 5858
2035 5885
2036 5899
2037 5851
2038 5867
2039 5866
2040 5866
2041 5850
2042 5811
2043 5852
2044 5910
2045 5856
2046 5914
2047 5933
2048 5969
2049 5932
2050 5853
2051 5915
2052 6011
2053 6043
2054 5980
2055 6083
2056 6088
2057 6187
2058 6197
2059 6199
2060 6060
2061 6154
2062 6168
2063 6167
2064 6185
2065 6240
2066 6209
2067 6393
2068 6527
2069 6450
2070 6578
2071 6683
2072 6782
2073 6905
2074 6978
2075 7188
2076 7340
2077 7215
2078 7285
2079 7341
2080 7227
2081 7266
2082 7238
2083 7293
2084 7301
2085 7339
2086 7275
2087 7173
2088 7228
2089 7189
2090 7073
2091 7161
2092 7076
2093 7065
2094 6942
2095 6791
2096 6684
2097 6735
2098 6783
2099 6725
2100 6680
2101 6742
2102 6770
2103 6852
2104 6907
2105 6995
2106 7062
2107 7102
2108 7013
2109 6839
2110 6728
2111 6723
2112 6594
2113 6636
2114 6655
2115 6753
2116 6848
2117 6838
2118 6971
2119 7074
2120 7125
2121 7172
2122 7091
2123 7162
2124 7142
2125 7045
2126 7126
2127 7255
2128 7178
2129 7144
2130 6999
2131 6946
2132 6983
2133 6890
2134 6860
2135 6914
2136 6958
2137 7019
2138 7050
2139 7074
2140 7054
2141 7098
2142 7138
2143 7198
2144 7120
2145 7156
2146 7158
2147 7105
2148 7070
2149 6978
2150 6850
2151 6741
2152 6751
2153 6723
2154 6688
2155 6824
2156 6941
2157 7037
2158 6887
2159 6952
2160 6820
2161 6906
2162 6862
2163 6771
2164 6801
2165 6714
2166 6687
2167 6754
2168 6775
2169 6679
2170 6685
2171 6576
2172 6594
2173 6563
2174 6511
2175 6576
2176 6549
2177 6639
2178 6602
2179 6568
2180 6541
2181 6542
2182 6436
2183 6421
2184 6490
2185 6404
2186 6440
2187 6543
2188 6421
2189 6356
2190 6506
2191 6433
2192 6396
2193 6468
2194 6330
2195 6440
2196 6566
2197 6395
2198 6408
2199 6334
2200 6461
2201 6499
2202 6442
2203 6313
2204 6274
2205 6325
2206 6314
2207 6276
2208 6303
2209 6304
2210 6192
2211 6118
2212 6121
2213 6168
2214 6213
2215 6256
2216 6137
2217 6117
2218 5956
2219 5836
2220 5854
2221 5798
2222 5800
2223 5814
2224 5744
2225 5799
2226 5763
2227 5744
2228 5703
2229 5752
2230 5766
2231 5823
2232 5750
2233 5781
2234 5797
2235 5805
2236 5819
2237 5894
2238 5964
2239 5971
2240 6038
2241 6144
2242 6185
2243 6124
2244 6122
2245 6155
2246 6171
2247 6117
2248 6096
2249 6170
2250 6179
2251 6163
2252 6054
2253 6155
2254 6239
2255 6174
2256 6193
2257 6157
2258 6233
2259 6236
2260 6315
2261 6406
2262 6498
2263 6340
2264 6329
2265 6336
2266 6274
2267 6221
2268 6125
2269 6120
2270 6127
2271 6194
2272 6116
2273 6137
2274 6084
2275 6131
2276 6082
2277 6032
2278 6060
2279 6091
2280 6176
2281 6172
2282 6151
2283 6176
2284 6133
2285 6090
2286 6073
2287 6066
2288 6194
2289 6095
2290 6068
2291 6213
2292 6232
2293 6218
2294 6179
2295 6095
2296 6077
2297 6060
2298 6119
2299 6191
2300 6139
2301 6167
2302 6183
2303 6147
2304 6133
2305 6187
2306 6174
2307 6212
2308 6228
2309 6250
2310 6411
2311 6215
2312 6254
2313 6213
2314 6287
2315 6255
2316 6260
2317 6308
2318 6250
2319 6239
2320 6308
2321 6406
2322 6372
2323 6442
2324 6401
2325 6300
2326 6311
2327 6213
2328 6229
2329 6242
2330 6165
2331 6280
2332 6286
2333 6301
2334 6171
2335 6132
2336 6133
2337 6123
2338 6306
2339 6331
2340 6275
2341 6256
2342 6146
2343 6138
2344 6094
2345 6037
2346 6118
2347 6134
2348 6063
2349 6033
2350 6065
2351 6078
2352 6021
2353 6087
2354 6006
2355 5931
2356 6070
2357 6120
2358 6081
2359 6048
2360 6050
2361 6099
2362 6021
2363 6034
2364 6181
2365 6124
2366 6246
2367 6187
2368 6290
2369 6278
2370 6297
2371 6372
2372 6370
2373 6491
2374 6369
2375 6455
2376 6573
2377 6583
2378 6521
2379 6488
2380 6485
2381 6412
2382 6446
2383 6442
2384 6492
2385 6448
2386 6405
2387 6459
2388 6473
2389 6526
2390 6489
2391 6442
2392 6523
2393 6422
2394 6414
2395 6265
2396 6277
2397 6296
2398 6347
2399 6398
2400 6316
2401 6221
2402 6255
2403 6230
2404 6167
2405 6200
2406 6140
2407 6110
2408 6020
2409 6058
2410 5987
2411 6050
2412 6082
2413 6035
2414 6064
2415 6055
2416 6162
2417 6141
2418 6182
2419 6139
2420 6136
2421 6063
2422 6105
2423 6183
2424 6239
2425 6323
2426 6493
2427 6429
2428 6516
2429 6557
2430 6702
2431 6812
2432 6761
2433 6789
2434 6686
2435 6508
2436 6489
2437 6540
2438 6415
2439 6373
2440 6331
2441 6270
2442 6220
2443 6228
2444 6157
2445 6255
2446 6402
2447 6468
2448 6355
2449 6357
2450 6250
2451 6153
2452 6027
2453 5928
2454 5925
2455 6010
2456 6045
2457 6089
2458 6022
2459 6017
2460 6100
2461 6225
2462 6247
2463 6095
2464 6181
2465 6186
2466 6224
2467 6272
2468 6250
2469 6386
2470 6324
2471 6408
2472 6318
2473 6163
2474 6131
2475 6186
2476 6201
2477 6079
2478 6136
2479 5981
2480 6070
2481 6082
2482 6133
2483 6114
2484 6124
2485 6126
2486 6122
2487 6164
2488 6076
2489 6120
2490 6052
2491 6052
2492 6143
2493 6019
2494 6116
2495 6185
2496 6181
2497 6188
2498 6165
2499 6019
2500 6184
2501 6147
2502 6233
2503 6244
2504 6291
2505 6366
2506 6368
2507 6287
2508 6285
2509 6261
2510 6381
2511 6428
2512 6509
2513 6573
2514 6588
2515 6628
2516 6768
2517 6790
2518 6644
2519 6688
2520 6531
2521 6508
2522 6639
2523 6664
2524 6597
2525 6606
2526 6647
2527 6569
2528 6668
2529 6674
2530 6648
2531 6629
2532 6603
2533 6626
2534 6596
2535 6657
2536 6650
2537 6596
2538 6589
2539 6620
2540 6667
2541 6734
2542 6919
2543 6856
2544 6822
2545 6802
2546 6718
2547 6582
2548 6445
2549 6662
2550 6744
2551 6751
2552 6761
2553 6786
2554 6736
2555 6630
2556 6477
2557 6356
2558 6385
2559 6496
2560 6511
2561 6418
2562 6492
2563 6602
2564 6670
2565 6672
2566 6758
2567 6769
2568 6786
2569 6750
2570 6763
2571 6715
2572 6701
2573 6676
2574 6698
2575 6712
2576 6643
2577 6701
2578 6762
2579 6677
2580 6690
2581 6680
2582 6787
2583 6856
2584 6859
2585 6876
2586 6944
2587 6947
2588 6956
2589 6901
2590 6938
2591 6997
2592 7191
2593 7116
2594 7043
2595 7143
2596 7096
2597 7006
2598 7093
2599 7065
2600 7093
2601 7157
2602 7101
2603 7030
2604 7017
2605 7093
2606 7080
2607 7068
2608 7126
2609 7063
2610 7112
2611 6990
2612 6910
2613 6949
2614 6915
2615 6887
2616 6889
2617 6853
2618 6968
2619 6938
2620 6885
2621 6803
2622 6840
2623 6922
2624 6992
2625 6930
2626 6771
2627 6800
2628 6700
2629 6895
2630 6852
2631 6866
2632 6813
2633 6874
2634 6953
2635 6939
2636 6996
2637 6959
2638 6970
2639 6961
2640 6928
2641 6971
2642 7068
2643 7142
2644 6976
2645 7009
2646 6994
2647 6921
2648 6937
2649 6918
2650 7103
2651 7073
2652 6949
2653 7082
2654 7059
2655 6991
2656 7002
2657 6894
2658 6853
2659 6957
2660 6898
2661 6777
2662 6735
2663 6801
2664 6829
2665 6862
2666 6745
2667 6779
2668 6864
2669 6834
2670 6740
2671 6695
2672 6597
2673 6619
2674 6785
2675 6745
2676 6830
2677 6878
2678 6786
2679 6778
2680 6833
2681 6864
2682 6927
2683 7103
2684 7123
2685 7122
2686 7050
2687 7046
2688 7016
2689 7055
2690 7224
2691 7239
2692 7233
2693 7216
2694 7214
2695 7283
2696 7272
2697 7270
2698 7123
2699 7105
2700 7215
2701 7226
2702 7256
2703 7181
2704 7103
2705 7093
2706 7103
2707 6987
2708 6972
2709 6827
2710 6909
2711 6981
2712 6914
2713 6792
2714 6881
2715 6907
2716 6927
2717 6832
2718 6954
2719 6994
2720 7108
2721 7172
2722 7124
2723 7106
2724 7120
2725 7166
2726 7122
2727 7115
2728 7098
2729 6956
2730 7018
2731 7001
2732 6890
2733 6891
2734 6808
2735 6705
2736 6750
2737 6716
2738 6727
2739 6801
2740 6779
2741 6770
2742 6723
2743 6649
2744 6595
2745 6652
2746 6560
2747 6615
2748 6741
2749 6674
2750 6812
2751 6815
2752 6831
2753 6948
2754 6882
2755 6881
2756 6934
2757 6966
2758 6967
2759 7116
2760 7141
2761 7086
2762 7151
2763 7335
2764 7367
2765 7386
2766 7356
2767 7464
2768 7515
2769 7535
2770 7656
2771 7822
2772 7858
2773 7795
2774 7748
2775 7684
2776 7778
2777 7900
2778 7938
2779 8035
2780 8013
2781 7998
2782 7893
2783 7979
2784 7981
2785 7960
2786 7870
2787 7868
2788 7889
2789 8005
2790 8051
2791 8066
2792 8001
2793 8004
2794 8250
2795 8120
2796 8213
2797 8130
2798 8024
2799 7869
2800 8018
2801 8051
2802 7916
2803 7850
2804 7917
2805 7997
2806 7910
2807 7932
2808 7934
2809 7959
2810 8037
2811 8041
2812 8062
2813 8110
2814 8238
2815 8269
2816 8339
2817 8175
2818 8300
2819 8155
2820 8171
2821 8164
2822 8084
2823 7845
2824 7731
2825 7652
2826 7592
2827 7606
2828 7589
2829 7725
2830 7618
2831 7587
2832 7371
2833 7256
2834 7274
2835 7409
2836 7427
2837 7482
2838 7407
2839 7449
2840 7550
2841 7639
2842 7691
2843 7709
2844 7693
2845 7805
2846 7737
2847 7706
2848 7546
2849 7588
2850 7653
2851 7887
2852 7912
2853 8036
2854 8083
2855 7955
2856 7944
2857 7935
2858 8030
2859 8242
2860 8217
2861 8140
2862 7991
2863 7971
2864 7946
2865 7706
2866 7851
2867 7919
2868 7901
2869 7821
2870 7876
2871 7979
2872 7882
2873 7895
2874 7929
2875 7959
2876 8038
2877 7944
2878 7783
2879 7640
2880 7633
2881 7604
2882 7723
2883 7826
2884 7916
2885 7995
2886 8070
2887 8069
2888 8166
2889 8076
2890 8014
2891 7834
2892 7952
2893 7877
2894 8117
2895 8061
2896 7993
2897 7905
2898 7972
2899 8032
2900 8067
2901 8045
2902 7986
2903 7828
2904 7825
2905 7787
2906 7781
2907 7859
2908 7903
2909 7880
2910 7922
2911 7747
2912 7742
2913 7885
2914 7825
2915 7956
2916 8011
2917 8023
2918 8330
2919 8219
2920 8270
2921 8328
2922 8286
2923 8212
2924 8252
2925 8241
2926 8296
2927 8325
2928 8402
2929 8377
2930 8276
2931 8169
2932 8054
2933 8337
2934 8278
2935 8205
2936 8004
2937 8083
2938 7974
2939 8012
2940 7962
2941 8178
2942 8074
2943 8057
2944 8162
2945 8140
2946 8169
2947 8152
2948 8157
2949 8127
2950 8061
2951 8204
2952 8210
2953 8240
2954 8155
2955 8092
2956 8040
2957 7909
2958 7782
2959 7639
2960 7698
2961 7748
2962 7776
2963 7779
2964 7722
2965 7646
2966 7673
2967 7620
2968 7626
2969 7421
2970 7489
2971 7546
2972 7455
2973 7516
2974 7510
2975 7595
2976 7713
2977 7646
2978 7630
2979 7556
2980 7586
2981 7639
2982 7640
2983 7660
2984 7628
2985 7641
2986 7672
2987 7791
2988 7891
2989 7836
2990 7874
2991 7975
2992 7999
2993 7765
2994 7801
2995 7740
2996 7712
2997 7548
2998 7589
2999 7654
3000 7631
3001 7505
3002 7398
3003 7270
3004 7343
3005 7488
3006 7657
3007 7657
3008 7573
3009 7614
3010 7626
3011 7528
3012 7720
3013 7717
3014 7626
3015 7665
3016 7774
3017 7896
3018 7914
3019 8033
3020 7939
3021 7945
3022 7850
3023 7858
3024 7894
3025 7942
3026 7948
3027 7964
3028 7993
3029 7950
3030 8010
3031 8075
3032 7928
3033 7714
3034 7759
3035 7759
3036 7897
3037 7905
3038 7905
3039 7904
3040 8077
3041 8259
3042 8107
3043 8240
3044 8306
3045 8351
3046 8329
3047 8336
3048 8380
3049 8379
3050 8486
3051 8526
3052 8355
3053 8288
3054 8335
3055 8447
3056 8498
3057 8613
3058 8589
3059 8655
3060 8733
3061 8841
3062 8837
3063 8701
3064 8485
3065 8437
3066 8432
3067 8270
3068 8348
3069 8208
3070 8286
3071 8233
3072 8313
3073 8328
3074 8425
3075 8409
3076 8494
3077 8541
3078 8561
3079 8604
3080 8566
3081 8422
3082 8365
3083 8364
3084 8279
3085 8535
3086 8618
3087 8628
3088 8552
3089 8537
3090 8662
3091 8663
3092 8621
3093 8688
3094 8712
3095 8828
3096 8914
3097 8986
3098 9090
3099 9022
3100 9087
3101 9123
3102 9079
3103 9343
3104 9242
3105 9262
3106 9292
3107 9337
3108 9268
3109 9180
3110 9098
3111 9172
3112 9241
3113 9233
3114 9275
3115 9191
3116 9156
3117 9249
3118 9320
3119 9423
3120 9441
3121 9624
3122 9573
3123 9567
3124 9677
3125 9591
3126 9608
3127 9650
3128 9731
3129 9699
3130 9567
3131 9705
3132 9795
3133 9860
3134 41
3135 30
3136 9973
3137 50
3138 9967
3139 59
3140 9
3141 9905
3142 151
3143 350
3144 319
3145 263
3146 288
3147 327
3148 507
3149 593
3150 713
3151 681
3152 482
3153 406
3154 451
3155 681
3156 821
3157 878
3158 826
3159 628
3160 630
3161 730
3162 708
3163 647
3164 643
3165 740
3166 706
3167 915
3168 857
3169 970
3170 991
3171 1031
3172 1087
3173 1239
3174 1270
3175 1221
3176 1155
3177 1138
3178 1108
3179 1020
3180 770
3181 740
3182 882
3183 821
3184 823
3185 961
3186 956
3187 963
3188 892
3189 852
3190 969
3191 858
3192 764
3193 725
3194 816
3195 845
3196 679
3197 564
3198 495
3199 591
3200 647
3201 545
3202 758
3203 913
3204 1004
3205 996
3206 986
3207 1113
3208 1036
3209 965
3210 977
3211 974
3212 930
3213 1002
3214 1095
3215 1199
3216 1049
3217 1089
3218 1082
3219 984
3220 979
3221 991
3222 1021
3223 807
3224 790
3225 671
3226 662
3227 564
3228 559
3229 413
3230 275
3231 256
3232 367
3233 172
3234 216
3235 152
3236 136
3237 148
3238 187
3239 235
3240 28
3241 47
3242 9991
3243 9
3244 9813
3245 9779
3246 9770
3247 9773
3248 9744
3249 9783
3250 9762
3251 9988
3252 39
3253 9793
3254 9981
3255 9922
3256 9880
3257 9881
3258 34
3259 19
3260 9773
3261 9777
3262 9777
3263 9730
3264 9696
3265 9638
3266 9459
3267 9520
3268 9266
3269 9412
3270 9346
3271 9426
3272 9357
3273 9214
3274 9332
3275 9394
3276 9371
3277 9405
3278 9329
3279 9466
3280 9403
3281 9345
3282 9317
3283 9325
3284 9364
3285 9461
3286 9427
3287 9559
3288 9636
3289 9662
3290 9706
3291 9661
3292 9632
3293 9675
3294 9604
3295 9686
3296 9748
3297 9723
3298 9693
3299 9758
3300 9784
3301 9859
3302 9965
3303 9979
3304 60
3305 267
3306 382
3307 278
3308 306
3309 142
3310 97
3311 47
3312 117
3313 73
3314 29
3315 4
3316 20
3317 91
3318 30
3319 9880
3320 9820
3321 9737
3322 9768
3323 9699
3324 9747
3325 9750
3326 9840
3327 9793
3328 9772
3329 9716
3330 9564
3331 9586
3332 9519
3333 9465
3334 9367
3335 9180
3336 9104
3337 9262
3338 9369
3339 9522
3340 9525
3341 9646
3342 9688
3343 9680
3344 9503
3345 9549
3346 9312
3347 9265
3348 9185
3349 9009
3350 9086
3351 9106
3352 8914
3353 8831
3354 8808
3355 8922
3356 8840
3357 8717
3358 8776
3359 8730
3360 8718
3361 8774
3362 8723
3363 8771
3364 8871
3365 8758
3366 8891
3367 8733
3368 8666
3369 8617
3370 8737
3371 8660
3372 8506
3373 8478
3374 8475
3375 8476
3376 8399
3377 8435
3378 8484
3379 8538
3380 8519
3381 8694
3382 8736
3383 8577
3384 8571
3385 8521
3386 8440
3387 8473
3388 8404
3389 8423
3390 8346
3391 8412
3392 8515
3393 8519
3394 8540
3395 8538
3396 8648
3397 8617
3398 8605
3399 8695
3400 8714
3401 8524
3402 8471
3403 8398
3404 8392
3405 8445
3406 8339
3407 8349
3408 8400
3409 8386
3410 8402
3411 8534
3412 8397
3413 8413
3414 8534
3415 8457
3416 8386
3417 8417
3418 8277
3419 8297
3420 8220
3421 8182
3422 8154
3423 8065
3424 8184
3425 8170
3426 8166
3427 8175
3428 8136
3429 8197
3430 8129
3431 7968
3432 7993
3433 7988
3434 8020
3435 8027
3436 8030
3437 7935
3438 7945
3439 7944
3440 7981
3441 8193
3442 8217
3443 8241
3444 8394
3445 8390
3446 8350
3447 8356
3448 8186
3449 8189
3450 8274
3451 8328
3452 8289
3453 8305
3454 8311
3455 8407
3456 8388
3457 8436
3458 8393
3459 8415
3460 8433
3461 8433
3462 8392
3463 8540
3464 8635
3465 8626
3466 8642
3467 8560
3468 8498
3469 8577
3470 8534
3471 8503
3472 8661
3473 8689
3474 8765
3475 8612
3476 8548
3477 8623
3478 8707
3479 8535
3480 8546
3481 8471
3482 8439
3483 8433
3484 8481
3485 8484
3486 8386
3487 8407
3488 8382
3489 8421
3490 8179
3491 8134
3492 8193
3493 8138
3494 8152
3495 8161
3496 8151
3497 8106
3498 8197
3499 8234
3500 8385
3501 8370
3502 8417
3503 8468
3504 8486
3505 8432
3506 8460
3507 8366
3508 8404
3509 8332
3510 8544
3511 8564
3512 8497
3513 8570
3514 8671
3515 8593
3516 8542
3517 8502
3518 8563
3519 8657
3520 8706
3521 8604
3522 8603
3523 8550
3524 8502
3525 8498
3526 8518
3527 8674
3528 8522
3529 8602
3530 8560
3531 8665
3532 8793
3533 8786
3534 8747
3535 8779
3536 8817
3537 8843
3538 9053
3539 9029
3540 9101
3541 8905
3542 8936
3543 8934
3544 8968
3545 8952
3546 8960
3547 8950
3548 8921
3549 8934
3550 8987
3551 8830
3552 8724
3553 8746
3554 8881
3555 8910
3556 8849
3557 8891
3558 8878
3559 8929
3560 8927
3561 8752
3562 8981
3563 8779
3564 8450
3565 8405
3566 8243
3567 8192
3568 8389
3569 8362
3570 8374
3571 8419
3572 8454
3573 8417
3574 8448
3575 8469
3576 8385
3577 8315
3578 8174
3579 8287
3580 8250
3581 8290
3582 8204
3583 8214
3584 8262
3585 8438
3586 8521
3587 8466
3588 8365
3589 8451
3590 8433
3591 8392
3592 8316
3593 8343
3594 8314
3595 8289
3596 8324
3597 8291
3598 8293
3599 8328
3600 8377
3601 8546
3602 8556
3603 8601
3604 8584
3605 8566
3606 8487
3607 8277
3608 8327
3609 8427
3610 8421
3611 8521
3612 8399
3613 8483
3614 8405
3615 8426
3616 8487
3617 8522
3618 8517
3619 8450
3620 8406
3621 8356
3622 8513
3623 8461
3624 8500
3625 8281
3626 8375
3627 8428
3628 8603
3629 8624
3630 8681
3631 8676
3632 8500
3633 8462
3634 8571
3635 8560
3636 8632
3637 8641
3638 8853
3639 8796
3640 8896
3641 9050
3642 9197
3643 8961
3644 8969
3645 8787
3646 8787
3647 8769
3648 8580
3649 8419
3650 8261
3651 8256
3652 8380
3653 8371
3654 8257
3655 8274
3656 8218
3657 8219
3658 8146
3659 8142
3660 8012
3661 7863
3662 7884
3663 7759
3664 7722
3665 7658
3666 7755
3667 7620
3668 7612
3669 7525
3670 7526
3671 7468
3672 7395
3673 7322
3674 7436
3675 7279
3676 7486
3677 7496
3678 7558
3679 7639
3680 7719
3681 7737
3682 7823
3683 7791
3684 7785
3685 7796
3686 7745
3687 7863
3688 7911
3689 7806
3690 7833
3691 7803
3692 7792
3693 7782
3694 7706
3695 7680
3696 7912
3697 7912
3698 7947
3699 7829
3700 7888
3701 7823
3702 7881
3703 7882
3704 7941
3705 7981
3706 7963
3707 7896
3708 7871
3709 7775
3710 7681
3711 7620
3712 7565
3713 7536
3714 7464
3715 7453
3716 7365
3717 7322
3718 7400
3719 7383
3720 7487
3721 7579
3722 7491
3723 7339
3724 7235
3725 7258
3726 7220
3727 7278
3728 7239
3729 7195
3730 7147
3731 7020
3732 7053
3733 7162
3734 7148
3735 7139
3736 7188
3737 7106
3738 6946
3739 6993
3740 7076
3741 7011
3742 7168
3743 7251
3744 7503
3745 7482
3746 7331
3747 7301
3748 7355
3749 7288
3750 7227
3751 7204
3752 7255
3753 7358
3754 7385
3755 7420
3756 7323
3757 7286
3758 7323
3759 7342
3760 7301
3761 7245
3762 7252
3763 7282
3764 7105
3765 7004
3766 6805
3767 6803
3768 6792
3769 6741
3770 6831
3771 6869
3772 6891
3773 6802
3774 6994
3775 6968
3776 6925
3777 6925
3778 6935
3779 6914
3780 6914
3781 6937
3782 6908
3783 6951
3784 6954
3785 6954
3786 6872
3787 6892
3788 6844
3789 6812
3790 6823
3791 6962
3792 7076
3793 7072
3794 7076
3795 7098
3796 7115
3797 7054
3798 7088
3799 7064
3800 7029
3801 6925
3802 6939
3803 6938
3804 7053
3805 7035
3806 7028
3807 6976
3808 7090
3809 7084
3810 7221
3811 7406
3812 7304
3813 7427
3814 7554
3815 7666
3816 7575
3817 7611
3818 7533
3819 7527
3820 7633
3821 7598
3822 7599
3823 7577
3824 7605
3825 7642
3826 7561
3827 7537
3828 7525
3829 7488
3830 7310
3831 7327
3832 7266
3833 7403
3834 7456
3835 7428
3836 7389
3837 7350
3838 7413
3839 7304
3840 7243
3841 7249
3842 7286
3843 7258
3844 7231
3845 7196
3846 7239
3847 7185
3848 7152
3849 7104
3850 7110
3851 7124
3852 7101
3853 7143
3854 7257
3855 7187
3856 7187
3857 7193
3858 7147
3859 7165
3860 7200
3861 7228
3862 7186
3863 7229
3864 7294
3865 7466
3866 7554
3867 7411
3868 7444
3869 7491
3870 7392
3871 7377
3872 7287
3873 7135
3874 7028
3875 7041
3876 6979
3877 7016
3878 7071
3879 7050
3880 7002
3881 6920
3882 6934
3883 6968
3884 7145
3885 7082
3886 6944
3887 6907
3888 6930
3889 6954
3890 6884
3891 7076
3892 6912
3893 6826
3894 6787
3895 6619
3896 6763
3897 6677
3898 6726
3899 6637
3900 6638
3901 6721
3902 6590
3903 6575
3904 6468
3905 6372
3906 6406
3907 6472
3908 6346
3909 6234
3910 6233
3911 6077
3912 6076
3913 6088
3914 6025
3915 5996
3916 6119
3917 6174
3918 6260
3919 6081
3920 6018
3921 5999
3922 5904
3923 5843
3924 5800
3925 5810
3926 5833
3927 5635
3928 5696
3929 5651
3930 5727
3931 5731
3932 5754
3933 5710
3934 5804
3935 5735
3936 5694
3937 5714
3938 5673
3939 5581
3940 5548
3941 5687
3942 5613
3943 5536
3944 5608
3945 5662
3946 5718
3947 5668
3948 5613
3949 5491
3950 5494
3951 5458
3952 5451
3953 5402
3954 5518
3955 5494
3956 5420
3957 5329
3958 5313
3959 5324
3960 5360
3961 5453
3962 5475
3963 5504
3964 5295
3965 5241
3966 5205
3967 5225
3968 5196
3969 5117
3970 5125
3971 5007
3972 4942
3973 4894
3974 4800
3975 4784
3976 4857
3977 4853
3978 4882
3979 4858
3980 4912
3981 4892
3982 4989
3983 5016
3984 5037
3985 5211
3986 5185
3987 5140
3988 5187
3989 5160
3990 5189
3991 5221
3992 5266
3993 5333
3994 5355
3995 5312
3996 5350
3997 5270
3998 5285
3999 5255
4000 5317
4001 5342
4002 5228
4003 5240
4004 5238
4005 5255
4006 5118
4007 5127
4008 5117
4009 5207
4010 5293
4011 5302
4012 5179
4013 5162
4014 5145
4015 5114
4016 5074
4017 5014
4018 5018
4019 4996
4020 5000
4021 4970
4022 4900
4023 4887
4024 4740
4025 4761
4026 4681
4027 4745
4028 4830
4029 4729
4030 4719
4031 4823
4032 4726
4033 4727
4034 4717
4035 4643
4036 4766
4037 4755
4038 4767
4039 4797
4040 4852
4041 4855
4042 4831
4043 4927
4044 4898
4045 4809
4046 4914
4047 4935
4048 4893
4049 4854
4050 4759
4051 4887
4052 4767
4053 4772
4054 4853
4055 4901
4056 4933
4057 4885
4058 4870
4059 4888
4060 4825
4061 4759
4062 4670
4063 4609
4064 4586
4065 4746
4066 4787
4067 4742
4068 4575
4069 4644
4070 4672
4071 4604
4072 4475
4073 4429
4074 4352
4075 4460
4076 4594
4077 4690
4078 4710
4079 4680
4080 4570
4081 4584
4082 4536
4083 4623
4084 4655
4085 4686
4086 4644
4087 4680
4088 4607
4089 4579
4090 4516
4091 4683
4092 4601
4093 4535
4094 4570
4095 4510
4096 4321
4097 4366
4098 4384
4099 4305
4100 4266
4101 4302
4102 4451
4103 4596
4104 4582
4105 4704
4106 4633
4107 4548
4108 4519
4109 4555
4110 4578
4111 4608
4112 4620
4113 4672
4114 4651
4115 4701
4116 4670
4117 4582
4118 4661
4119 4673
4120 4627
4121 4472
4122 4433
4123 4339
4124 4355
4125 4333
4126 4404
4127 4235
4128 4259
4129 4253
4130 4286
4131 4184
4132 4204
4133 4240
4134 4190
4135 4102
4136 4142
4137 4208
4138 4138
4139 4179
4140 4240
4141 4151
4142 4225
4143 4283
4144 4435
4145 4422
4146 4574
4147 4686
4148 4764
4149 4761
4150 4777
4151 4830
4152 4766
4153 4768
4154 4817
4155 4943
4156 4840
4157 4888
4158 4952
4159 5045
4160 5091
4161 5097
4162 5222
4163 5206
4164 5292
4165 5203
4166 5165
4167 5123
4168 5109
4169 5182
4170 5230
4171 5120
4172 5134
4173 5167
4174 5164
4175 5130
4176 5144
4177 5279
4178 5333
4179 5202
4180 4997
4181 4998
4182 4943
4183 5007
4184 4957
4185 4902
4186 4918
4187 4947
4188 4983
4189 4966
4190 5060
4191 5098
4192 5148
4193 5208
4194 5254
4195 5126
4196 5204
4197 5188
4198 5169
4199 5065
4200 4996
4201 5083
4202 5077
4203 5126
4204 5212
4205 5156
4206 5107
4207 5207
4208 5235
4209 5311
4210 5273
4211 5370
4212 5421
4213 5422
4214 5495
4215 5481
4216 5461
4217 5450
4218 5419
4219 5365
4220 5418
4221 5477
4222 5547
4223 5421
4224 5300
4225 5180
4226 5167
4227 5087
4228 5261
4229 5344
4230 5364
4231 5395
4232 5340
4233 5414
4234 5546
4235 5629
4236 5649
4237 5719
4238 5753
4239 5775
4240 5870
4241 5900
4242 5870
4243 5734
4244 5738
4245 5796
4246 5827
4247 5781
4248 5817
4249 5945
4250 5898
4251 5911
4252 5909
4253 5850
4254 5754
4255 5872
4256 5887
4257 5867
4258 5866
4259 5852
4260 5994
4261 6026
4262 6092
4263 6164
4264 6069
4265 6140
4266 6206
4267 6128
4268 6240
4269 6234
4270 6263
4271 6223
4272 6230
4273 6244
4274 6277
4275 6253
4276 6219
4277 6237
4278 6333
4279 6205
4280 6245
4281 6208
4282 6291
4283 6365
4284 6472
4285 6346
4286 6251
4287 6217
4288 6172
4289 6158
4290 6013
4291 5958
4292 5886
4293 5889
4294 5985
4295 5868
4296 5974
4297 5992
4298 6087
4299 6116
4300 5933
4301 5853
4302 5730
4303 5774
4304 5669
4305 5744
4306 5801
4307 5835
4308 5828
4309 5840
4310 5823
4311 5721
4312 5663
4313 5686
4314 5681
4315 5741
4316 5749
4317 5774
4318 5670
4319 5479
4320 5383
4321 5385
4322 5436
4323 5397
4324 5329
4325 5446
4326 5249
4327 5222
4328 5351
4329 5268
4330 5338
4331 5363
4332 5440
4333 5458
4334 5541
4335 5458
4336 5487
4337 5400
4338 5405
4339 5466
4340 5387
4341 5411
4342 5494
4343 5539
4344 5560
4345 5550
4346 5462
4347 5540
4348 5566
4349 5542
4350 5505
4351 5461
4352 5433
4353 5562
4354 5535
4355 5607
4356 5702
4357 5647
4358 5669
4359 5666
4360 5702
4361 5665
4362 5736
4363 5723
4364 5775
4365 5675
4366 5660
4367 5583
4368 5567
4369 5607
4370 5564
4371 5542
4372 5526
4373 5507
4374 5569
4375 5588
4376 5633
4377 5687
4378 5665
4379 5667
4380 5680
4381 5761
4382 5732
4383 5764
4384 5831
4385 5955
4386 5970
4387 6091
4388 6163
4389 6135
4390 6311
4391 6359
4392 6343
4393 6323
4394 6282
4395 6407
4396 6455
4397 6428
4398 6417
4399 6419
4400 6515
4401 6677
4402 6755
4403 6752
4404 6815
4405 6822
4406 6685
4407 6551
4408 6628
4409 6558
4410 6463
4411 6469
4412 6375
4413 6230
4414 6304
4415 6346
4416 6339
4417 6300
4418 6232
4419 6091
4420 6034
4421 6168
4422 6179
4423 6122
4424 6133
4425 6135
4426 6179
4427 6068
4428 6129
4429 6107
4430 6259
4431 6259
4432 6206
4433 6231
4434 6081
4435 6308
4436 6174
4437 6361
4438 6441
4439 6416
4440 6259
4441 6280
4442 6366
4443 6484
4444 6559
4445 6578
4446 6628
4447 6713
4448 6651
4449 6637
4450 6768
4451 6833
4452 6920
4453 6973
4454 6997
4455 7031
4456 6959
4457 6915
4458 7078
4459 7032
4460 6855
4461 6901
4462 6835
4463 7026
4464 7168
4465 7118
4466 7191
4467 7193
4468 7250
4469 7291
4470 7328
4471 7315
4472 7415
4473 7353
4474 7239
4475 7225
4476 7243
4477 7260
4478 7173
4479 7275
4480 7334
4481 7330
4482 7309
4483 7311
4484 7204
4485 7195
4486 7166
4487 7208
4488 7204
4489 7162
4490 7096
4491 7083
4492 7311
4493 7331
4494 7216
4495 7303
4496 7341
4497 7346
4498 7218
4499 7169
4500 7132
4501 7133
4502 7222
4503 7360
4504 7311
4505 7387
4506 7381
4507 7244
4508 7189
4509 7158
4510 7221
4511 7154
4512 7363
4513 7464
4514 7310
4515 7288
4516 7257
4517 7230
4518 7329
4519 7281
4520 7145
4521 7072
4522 7102
4523 7106
4524 7093
4525 7099
4526 7256
4527 7307
4528 7263
4529 7267
4530 7229
4531 7282
4532 7105
4533 7052
4534 7063
4535 6935
4536 6865
4537 6820
4538 6908
4539 7011
4540 7117
4541 7105
4542 7232
4543 7352
4544 7383
4545 7358
4546 7345
4547 7331
4548 7403
4549 7436
4550 7325
4551 7239
4552 7227
4553 7199
4554 7157
4555 7164
4556 7079
4557 6998
4558 6986
4559 7010
4560 7010
4561 7039
4562 7067
4563 7068
4564 7124
4565 7222
4566 7298
4567 7359
4568 7217
4569 7274
4570 7243
4571 7292
4572 7273
4573 7279
4574 7317
4575 7319
4576 7331
4577 7393
4578 7480
4579 7534
4580 7400
4581 7311
4582 7317
4583 7242
4584 7373
4585 7208
4586 7263
4587 7279
4588 7293
4589 7344
4590 7247
4591 7247
4592 7447
4593 7416
4594 7554
4595 7549
4596 7721
4597 7729
4598 7738
4599 7789
4600 7740
4601 7837
4602 7840
4603 7860
4604 7976
4605 7900
4606 7914
4607 7875
4608 7846
4609 7718
4610 7661
4611 7639
4612 7637
4613 7684
4614 7676
4615 7804
4616 7764
4617 7813
4618 7918
4619 7971
4620 8152
4621 7994
4622 8008
4623 8073
4624 8020
4625 7983
4626 7778
4627 7771
4628 7922
4629 7809
4630 7766
4631 7775
4632 7642
4633 7712
4634 7756
4635 7740
4636 7870
4637 7745
4638 7867
4639 7847
4640 7789
4641 7830
4642 7815
4643 7900
4644 7888
4645 7869
4646 7979
4647 8006
4648 8069
4649 8051
4650 8044
4651 8075
4652 8100
4653 8129
4654 8306
4655 8258
4656 8264
4657 8292
4658 8451
4659 8515
4660 8486
4661 8541
4662 8658
4663 8689
4664 8628
4665 8569
4666 8606
4667 8688
4668 8680
4669 8677
4670 8808
4671 8824
4672 8911
4673 8952
4674 9020
4675 8976
4676 9053
4677 9335
4678 9263
4679 9249
4680 9221
4681 9108
4682 9080
4683 9155
4684 9165
4685 9224
4686 9160
4687 9083
4688 9176
4689 9248
4690 9224
4691 9340
4692 9467
4693 9433
4694 9447
4695 9381
4696 9430
4697 9409
4698 9378
4699 9496
4700 9467
4701 9462
4702 9502
4703 9527
4704 9478
4705 9527
4706 9504
4707 9567
4708 9467
4709 9252
4710 9329
4711 9271
4712 9179
4713 9232
4714 9278
4715 9256
4716 9235
4717 9210
4718 9017
4719 9160
4720 9130
4721 9042
4722 9037
4723 9026
4724 8925
4725 9009
4726 8976
4727 8975
4728 9145
4729 9137
4730 9144
4731 9335
4732 9355
4733 9610
4734 9596
4735 9556
4736 9588
4737 9461
4738 9583
4739 9573
4740 9608
4741 9507
4742 9581
4743 9428
4744 9362
4745 9284
4746 9325
4747 9283
4748 9174
4749 9217
4750 9290
4751 9291
4752 9223
4753 9308
4754 9271
4755 9244
4756 9449
4757 9366
4758 9406
4759 9414
4760 9455
4761 9592
4762 9533
4763 9554
4764 9418
4765 9481
4766 9486
4767 9412
4768 9388
4769 9367
4770 9272
4771 9253
4772 9268
4773 9446
4774 9486
4775 9369
4776 9333
4777 9093
4778 8888
4779 8975
4780 9008
4781 9141
4782 9121
4783 9102
4784 9022
4785 9198
4786 9017
4787 9053
4788 9107
4789 8995
4790 8866
4791 8844
4792 8826
4793 8887
4794 8819
4795 8843
4796 8812
4797 8786
4798 8866
4799 8811
4800 8660
4801 8566
4802 8443
4803 8499
4804 8345
4805 8364
4806 8445
4807 8481
4808 8495
4809 8522
4810 8629
4811 8773
4812 8846
4813 8828
4814 8860
4815 8930
4816 8950
4817 8902
4818 8783
4819 8889
4820 8889
4821 8903
4822 8937
4823 8852
4824 8653
4825 8602
4826 8442
4827 8364
4828 8371
4829 8323
4830 8282
4831 8332
4832 8418
4833 8425
4834 8456
4835 8421
4836 8295
4837 8370
4838 8290
4839 8410
4840 8287
4841 8439
4842 8476
4843 8617
4844 8495
4845 8537
4846 8657
4847 8759
4848 8983
4849 9228
4850 9121
4851 9130
4852 9146
4853 9140
4854 9105
4855 9087
4856 9241
4857 9141
4858 9175
4859 9218
4860 9463
4861 9484
4862 9548
4863 9760
4864 9881
4865 13
4866 9997
4867 9951
4868 9986
4869 9983
4870 3
4871 48
4872 9909
4873 85
4874 65
4875 188
4876 224
4877 146
4878 131
4879 127
4880 246
4881 275
4882 395
4883 474
4884 528
4885 457
4886 370
4887 391
4888 461
4889 667
4890 693
4891 578
4892 654
4893 639
4894 706
4895 775
4896 845
4897 581
4898 655
4899 523
4900 497
4901 445
4902 510
4903 501
4904 527
4905 474
4906 503
4907 744
4908 540
4909 571
4910 531
4911 554
4912 474
4913 384
4914 421
4915 439
4916 436
4917 263
4918 308
4919 321
4920 226
4921 77
4922 158
4923 9994
4924 57
4925 128
4926 95
4927 70
4928 11
4929 9930
4930 9915
4931 9810
4932 9747
4933 9773
4934 9712
4935 9632
4936 9693
4937 9638
4938 9506
4939 9504
4940 9559
4941 9539
4942 9587
4943 9596
4944 9577
4945 9579
4946 9560
4947 9700
4948 9753
4949 9726
4950 9605
4951 9531
4952 9475
4953 9387
4954 9317
4955 9282
4956 9291
4957 9249
4958 9304
4959 9438
4960 9289
4961 9171
4962 9114
4963 9113
4964 8807
4965 8842
4966 8947
4967 9042
4968 8927
4969 8726
4970 8576
4971 8691
4972 8628
4973 8634
4974 8675
4975 8733
4976 8717
4977 8587
4978 8726
4979 8820
4980 8791
4981 8859
4982 8816
4983 8815
4984 8640
4985 8646
4986 8675
4987 8723
4988 8711
4989 8846
4990 9001
4991 9111
4992 9146
4993 9292
4994 9243
4995 9246
4996 9265
4997 9277
4998 9317
4999 9303
5000 9272
5001 9321
5002 9362
5003 9487
5004 9581
5005 9509
5006 9504
5007 9533
5008 9431
5009 9484
5010 9599
5011 9706
5012 9846
5013 9975
5014 9975
5015 9969
5016 53
5017 29
5018 138
5019 41
5020 9866
5021 9796
5022 9755
5023 9769
5024 9885
5025 9864
5026 9765
5027 9733
5028 9866
5029 9784
5030 9819
5031 9978
5032 74
5033 122
5034 243
5035 213
5036 135
5037 22
5038 9926
5039 0
5040 9926
5041 9942
5042 9837
5043 0
5044 149
5045 9960
5046 9907
5047 9958
5048 36
5049 94
5050 95
5051 20
5052 40
5053 284
5054 90
5055 29
5056 46
5057 9998
5058 9943
5059 9910
5060 9868
5061 19
5062 146
5063 263
5064 314
5065 470
5066 675
5067 619
5068 680
5069 776
5070 735
5071 471
5072 401
5073 233
5074 128
5075 85
5076 99
5077 82
5078 105
5079 147
5080 9998
5081 9948
5082 9996
5083 35
5084 38
5085 9934
5086 9735
5087 9598
5088 9478
5089 9507
5090 9515
5091 9659
5092 9602
5093 9461
5094 9433
5095 9462
5096 9396
5097 9509
5098 9551
5099 9481
5100 9381
5101 9439
5102 9677
5103 9618
5104 9519
5105 9528
5106 9442
5107 9468
5108 9504
5109 9493
5110 9544
5111 9549
5112 9313
5113 9182
5114 9232
5115 9216
5116 9107
5117 9111
5118 9072
5119 8988
5120 8845
5121 9013
5122 8921
5123 9021
5124 8966
5125 8992
5126 8844
5127 8917
5128 9101
5129 9212
5130 9062
5131 8999
5132 9214
5133 9147
5134 9236
5135 9089
5136 9085
5137 9108
5138 9024
5139 9002
5140 8865
5141 8923
5142 8912
5143 8937
5144 8995
5145 8985
5146 9111
5147 9183
5148 9059
5149 8982
5150 8965
5151 9069
5152 9258
5153 9162
5154 9119
5155 9262
5156 9217
5157 9196
5158 9172
5159 9186
5160 9007
5161 8988
5162 9087
5163 9106
5164 9062
5165 9183
5166 9406
5167 9288
5168 9212
5169 9212
5170 9267
5171 9206
5172 9198
5173 9213
5174 9116
5175 9173
5176 9197
5177 9221
5178 9198
5179 9150
5180 9165
5181 9201
5182 9148
5183 9061
5184 9039
5185 8963
5186 9053
5187 9180
5188 9095
5189 8986
5190 8958
5191 9059
5192 8971
5193 9064
5194 9017
5195 8826
5196 8749
5197 8561
5198 8470
5199 8542
5200 8382
5201 8354
5202 8365
5203 8240
5204 8389
5205 8382
5206 8466
5207 8477
5208 8528
5209 8340
5210 8425
5211 8411
5212 8460
5213 8370
5214 8397
5215 8391
5216 8477
5217 8502
5218 8700
5219 8778
5220 8749
5221 8810
5222 8868
5223 9012
5224 9053
5225 9136
5226 8965
5227 9068
5228 9054
5229 9170
5230 9133
5231 9183
5232 9336
5233 9323
5234 9106
5235 9063
5236 9080
5237 8926
5238 9053
5239 8829
5240 8808
5241 8686
5242 8746
5243 8707
5244 8685
5245 8739
5246 8839
5247 8811
5248 8869
5249 8953
5250 9036
5251 9052
5252 8969
5253 8916
5254 8920
5255 8862
5256 8958
5257 8966
5258 8814
5259 8732
5260 8934
5261 8972
5262 9216
5263 9308
5264 9245
5265 9234
5266 9307
5267 9207
5268 9192
5269 9164
5270 9294
5271 9156
5272 9021
5273 8919
5274 8979
5275 8850
5276 8895
5277 8874
5278 8992
5279 9002
5280 9167
5281 9179
5282 9108
5283 8976
5284 8998
5285 8898
5286 9039
5287 9328
5288 9082
5289 9077
5290 9106
5291 9124
5292 9258
5293 9104
5294 9075
5295 9042
5296 8917
5297 9014
5298 9176
5299 9080
5300 8967
5301 9044
5302 9136
5303 9322
5304 9306
5305 9506
5306 9485
5307 9474
5308 9381
5309 9401
5310 9267
5311 9421
5312 9373
5313 9359
5314 9441
5315 9393
5316 9334
5317 9166
5318 9076
5319 9092
5320 9288
5321 9148
5322 9055
5323 9299
5324 9237
5325 9287
5326 9112
5327 8971
5328 9022
5329 9046
5330 8958
5331 8961
5332 8903
5333 8834
5334 8851
5335 8907
5336 8938
5337 8831
5338 8759
5339 8730
5340 8642
5341 8639
5342 8666
5343 8652
5344 8762
5345 8792
5346 8660
5347 8740
5348 8663
5349 9018
5350 8986
5351 9001
5352 8893
5353 9015
5354 9138
5355 9228
5356 9321
5357 9460
5358 9503
5359 9534
5360 9468
5361 9445
5362 9499
5363 9467
5364 9311
5365 9146
5366 9159
5367 9173
5368 9299
5369 9418
5370 9612
5371 9566
5372 9614
5373 9506
5374 9385
5375 9328
5376 9464
5377 9467
5378 9606
5379 9557
5380 9594
5381 9786
5382 9811
5383 9840
5384 9973
5385 57
5386 50
5387 9963
5388 9888
5389 9844
5390 9845
5391 9665
5392 9751
5393 9808
5394 9622
5395 9473
5396 9434
5397 9578
5398 9601
5399 9596
5400 9596
5401 9523
5402 9520
5403 9413
5404 9631
5405 9624
5406 9677
5407 9653
5408 9698
5409 9682
5410 9623
5411 9605
5412 9672
5413 9764
5414 9775
5415 9822
5416 9795
5417 9792
5418 9782
5419 9770
5420 9592
5421 9417
5422 9463
5423 9439
5424 9416
5425 9453
5426 9614
5427 9554
5428 9403
5429 9416
5430 9395
5431 9455
5432 9455
5433 9469
5434 9399
5435 9306
5436 9303
5437 9307
5438 9301
5439 9273
5440 9216
5441 9276
5442 9454
5443 9385
5444 9329
5445 9302
5446 9414
5447 9296
5448 9182
5449 9176
5450 9161
5451 9294
5452 9214
5453 9127
5454 9160
5455 8953
5456 8842
5457 8901
5458 8921
5459 8819
5460 8841
5461 8792
5462 8848
5463 8829
5464 8960
5465 8945
5466 9160
5467 9270
5468 9267
5469 9419
5470 9395
5471 9511
5472 9532
5473 9739
5474 9828
5475 9696
5476 9763
5477 9691
5478 9873
5479 9871
5480 9909
5481 9734
5482 9742
5483 9761
5484 9875
5485 9993
5486 9795
5487 9782
5488 9958
5489 9929
5490 9839
5491 9878
5492 9830
5493 9864
5494 9786
5495 9788
5496 9808
5497 9755
5498 9778
5499 9739
5500 9727
5501 9677
5502 9667
5503 9659
5504 9877
5505 9784
5506 9858
5507 9841
5508 9936
5509 9956
5510 9909
5511 15
5512 1
5513 9932
5514 9981
5515 94
5516 276
5517 245
5518 112
5519 158
5520 95
5521 13
5522 122
5523 57
5524 9892
5525 9935
5526 9982
5527 9904
5528 9864
5529 9831
5530 9855
5531 9653
5532 9566
5533 9421
5534 9375
5535 9525
5536 9544
5537 9550
5538 9546
5539 9520
5540 9465
5541 9460
5542 9554
5543 9572
5544 9528
5545 9443
5546 9624
5547 9555
5548 9640
5549 9773
5550 9783
5551 9753
5552 9888
5553 9941
5554 9654
5555 9689
5556 9760
5557 9884
5558 9945
5559 9724
5560 9833
5561 9798
5562 9795
5563 9803
5564 9609
5565 9719
5566 9646
5567 9418
5568 9409
5569 9417
5570 9395
5571 9432
5572 9436
5573 9439
5574 9363
5575 9231
5576 9296
5577 9355
5578 9380
5579 9371
5580 9310
5581 9369
5582 9482
5583 9540
5584 9359
5585 9133
5586 8963
5587 9031
5588 8851
5589 8853
5590 8769
5591 8958
5592 8902
5593 9018
5594 8962
5595 8955
5596 9176
5597 9176
5598 9023
5599 9234
5600 9322
5601 9328
5602 9471
5603 9427
5604 9776
5605 9696
5606 9820
5607 9637
5608 9466
5609 9547
5610 9596
5611 9516
5612 9607
5613 9664
5614 9604
5615 9564
5616 9493
5617 9463
5618 9507
5619 9525
5620 9719
5621 9675
5622 9647
5623 9652
5624 9618
5625 9613
5626 9636
5627 9691
5628 9625
5629 9789
5630 9855
5631 9946
5632 88
5633 9979
5634 9700
5635 9606
5636 9548
5637 9480
5638 9510
5639 9552
5640 9637
5641 9597
5642 9584
5643 9704
5644 9663
5645 9692
5646 9495
5647 9328
5648 9461
5649 9542
5650 9369
5651 9334
5652 9397
5653 9492
5654 9528
5655 9597
5656 9644
5657 9584
5658 9663
5659 9794
5660 9964
5661 9844
5662 9828
5663 9830
5664 9803
5665 9818
5666 9638
5667 9419
5668 9333
5669 9407
5670 9493
5671 9340
5672 9550
5673 9456
5674 9511
5675 9382
5676 9134
5677 9094
5678 9105
5679 9155
5680 9217
5681 9265
5682 9211
5683 9120
5684 9013
5685 9051
5686 9099
5687 9104
5688 9264
5689 9387
5690 9386
5691 9365
5692 9374
5693 9506
5694 9479
5695 9462
5696 9549
5697 9737
5698 9605
5699 9615
5700 9638
5701 9730
5702 9944
5703 50
5704 137
5705 297
5706 304
5707 397
5708 207
5709 76
5710 34
5711 9900
5712 9896
5713 9851
5714 9830
5715 9664
5716 9685
5717 9678
5718 9659
5719 9643
5720 9727
5721 9475
5722 9513
5723 9664
5724 9545
5725 9357
5726 9673
5727 9689
5728 9573
5729 9533
5730 9578
5731 9821
5732 9866
5733 9793
5734 9679
5735 9868
5736 9739
5737 9693
5738 9649
5739 9557
5740 9574
5741 9542
5742 9629
5743 9617
5744 9484
5745 9565
5746 9693
5747 9704
5748 9807
5749 9907
5750 9838
5751 9680
5752 9651
5753 9702
5754 9669
5755 9599
5756 9524
5757 9271
5758 9267
5759 9342
5760 9342
5761 9233
5762 9089
5763 9110
5764 9212
5765 9055
5766 8984
5767 9078
5768 9076
5769 9193
5770 9305
5771 9304
5772 9315
5773 9322
5774 9337
5775 9619
5776 9510
5777 9535
5778 9523
5779 9636
5780 9610
5781 9670
5782 9452
5783 9229
5784 9101
5785 9083
5786 9023
5787 8863
5788 8829
5789 8751
5790 8758
5791 8586
5792 8607
5793 8561
5794 8710
5795 8723
5796 8739
5797 8759
5798 8784
5799 8841
5800 8829
5801 8729
5802 8698
5803 8737
5804 8550
5805 8680
5806 8781
5807 8735
5808 8852
5809 8976
5810 8933
5811 8929
5812 8962
5813 8887
5814 8805
5815 8837
5816 8803
5817 8753
5818 8784
5819 8692
5820 8688
5821 8796
5822 8793
5823 8924
5824 8884
5825 8883
5826 8754
5827 8475
5828 8448
5829 8380
5830 8347
5831 8382
5832 8371
5833 8412
5834 8304
5835 8328
5836 8226
5837 8119
5838 8174
5839 8222
5840 7987
5841 7793
5842 7544
5843 7429
5844 7407
5845 7565
5846 7674
5847 7642
5848 7707
5849 7704
5850 7730
5851 7768
5852 7689
5853 7774
5854 7903
5855 8114
5856 8274
5857 8394
5858 8483
5859 8618
5860 8550
5861 8609
5862 8674
5863 8883
5864 9042
5865 9137
5866 9209
5867 9376
5868 9553
5869 9681
5870 9761
5871 9779
5872 9906
5873 9810
5874 9810
5875 9834
5876 9825
5877 9717
5878 9910
5879 9918
5880 9695
5881 9617
5882 9496
5883 9588
5884 9558
5885 9481
5886 9222
5887 9191
5888 9014
5889 9338
5890 9282
5891 9213
5892 9092
5893 9015
5894 9117
5895 9122
5896 8889
5897 9004
5898 8991
5899 8795
5900 8718
5901 8647
5902 8573
5903 8540
5904 8674
5905 8643
5906 8581
5907 8425
5908 8442
5909 8436
5910 8584
5911 8473
5912 8209
5913 8217
5914 8277
5915 8186
5916 8129
5917 8038
5918 7966
5919 7945
5920 7855
5921 7832
5922 7942
5923 7811
5924 7719
5925 7723
5926 7746
5927 7760
5928 7826
5929 7881
5930 7772
5931 7936
5932 7876
5933 7840
5934 7809
5935 7799
5936 7901
5937 8011
5938 7897
5939 7738
5940 7727
5941 7673
5942 7884
5943 7643
5944 7690
5945 7761
5946 7625
5947 7396
5948 7402
5949 7270
5950 7408
5951 7437
5952 7540
5953 7577
5954 7515
5955 7480
5956 7626
5957 7434
5958 7425
5959 7625
5960 7737
5961 7627
5962 7553
5963 7503
5964 7478
5965 7391
5966 7490
5967 7615
5968 7540
5969 7693
5970 7700
5971 7821
5972 7872
5973 7921
5974 7776
5975 7819
5976 7839
5977 7716
5978 7745
5979 7793
5980 7990
5981 7939
5982 7979
5983 7952
5984 7880
5985 7965
5986 8139
5987 8235
5988 8187
5989 7930
5990 7943
5991 7909
5992 7873
5993 7960
5994 8086
5995 8132
5996 7964
5997 7938
5998 8053
5999 8043
6000 8003
6001 8042
6002 7903
6003 7996
6004 8071
6005 8070
6006 8003
6007 7861
6008 7718
6009 7940
6010 7915
6011 7903
6012 7818
6013 7758
6014 7740
6015 7761
6016 7646
6017 7460
6018 7427
6019 7570
6020 7597
6021 7663
6022 7719
6023 7551
6024 7635
6025 7692
6026 7649
6027 7658
6028 7597
6029 7679
6030 7796
6031 7740
6032 7853
6033 7826
6034 7804
6035 7782
6036 7938
6037 8034
6038 8227
6039 8280
6040 8480
6041 8551
6042 8583
6043 8399
6044 8367
6045 8262
6046 8352
6047 8197
6048 8133
6049 8291
6050 8451
6051 8572
6052 8420
6053 8549
6054 8641
6055 8753
6056 8808
6057 8787
6058 8688
6059 8922
6060 8943
6061 8890
6062 8927
6063 8848
6064 8865
6065 8913
6066 8883
6067 8817
6068 8893
6069 9066
6070 9087
6071 9222
6072 9213
6073 9154
6074 9161
6075 9011
6076 9063
6077 9139
6078 9054
6079 8916
6080 8734
6081 8882
6082 8797
6083 8711
6084 8631
6085 8695
6086 8584
6087 8606
6088 8581
6089 8984
6090 8964
6091 9060
6092 9046
6093 9028
6094 8873
6095 8918
6096 9057
6097 9129
6098 9257
6099 9327
6100 9316
6101 9454
6102 9429
6103 9542
6104 9491
6105 9576
6106 9527
6107 9605
6108 9557
6109 9659
6110 9620
6111 9515
6112 9593
6113 9733
6114 9693
6115 9813
6116 9726
6117 9745
6118 9768
6119 9777
6120 9735
6121 9584
6122 9606
6123 9448
6124 9323
6125 9362
6126 9352
6127 9448
6128 9437
6129 9390
6130 9321
6131 9342
6132 9529
6133 9592
6134 9563
6135 9506
6136 9390
6137 9408
6138 9384
6139 9465
6140 9619
6141 9666
6142 9593
6143 9753
6144 9755
6145 9726
6146 20
6147 20
6148 9959
6149 9888
6150 9834
6151 9850
6152 9805
6153 9833
6154 9737
6155 9577
6156 9697
6157 9773
6158 87
6159 9991
6160 9988
6161 209
6162 253
6163 277
6164 359
6165 193
6166 83
6167 154
6168 152
6169 195
6170 154
6171 273
6172 202
6173 152
6174 123
6175 5
6176 9915
6177 9969
6178 9997
6179 175
6180 173
6181 185
6182 183
6183 362
6184 466
6185 481
6186 555
6187 565
6188 300
6189 386
6190 560
6191 582
6192 451
6193 647
6194 825
6195 861
6196 934
6197 723
6198 753
6199 946
6200 1010
6201 837
6202 1083
6203 1042
6204 1024
6205 817
6206 731
6207 651
6208 747
6209 761
6210 717
6211 839
6212 931
6213 842
6214 863
6215 850
6216 769
6217 494
6218 546
6219 829
6220 916
6221 857
6222 734
6223 712
6224 815
6225 895
6226 794
6227 756
6228 889
6229 826
6230 889
6231 892
6232 996
6233 939
6234 959
6235 872
6236 963
6237 1028
6238 1021
6239 1077
6240 986
6241 1027
6242 1017
6243 1168
6244 1224
6245 1201
6246 1523
6247 1472
6248 1511
6249 1403
6250 1241
6251 1191
6252 1112
6253 910
6254 997
6255 777
6256 786
6257 732
6258 748
6259 497
6260 411
6261 408
6262 378
6263 196
6264 159
6265 211
6266 74
6267 32
6268 105
6269 292
6270 429
6271 457
6272 324
6273 348
6274 269
6275 333
6276 302
6277 183
6278 270
6279 426
6280 565
6281 639
6282 814
6283 777
6284 855
6285 840
6286 973
6287 1086
6288 1263
6289 1197
6290 1347
6291 1332
6292 1396
6293 1422
6294 1496
6295 1348
6296 1360
6297 1514
6298 1679
6299 1601
6300 1589
6301 1680
6302 1529
6303 1573
6304 1591
6305 1785
6306 1687
6307 1722
6308 1693
6309 1518
6310 1449
6311 1487
6312 1511
6313 1601
6314 1670
6315 1598
6316 1706
6317 1711
6318 1617
6319 1680
6320 1625
6321 1694
6322 1867
6323 1861
6324 2106
6325 1970
6326 1883
6327 1805
6328 1846
6329 1714
6330 1595
6331 1575
6332 1736
6333 1627
6334 1586
6335 1496
6336 1479
6337 1427
6338 1314
6339 1308
6340 1244
6341 1267
6342 1310
6343 1153
6344 1302
6345 1190
6346 1144
6347 1150
6348 1157
6349 1089
6350 1028
6351 1080
6352 1123
6353 1084
6354 1124
6355 1128
6356 1239
6357 1336
6358 1372
6359 1428
6360 1432
6361 1365
6362 1448
6363 1333
6364 1436
6365 1446
6366 1288
6367 1146
6368 1264
6369 1235
6370 1347
6371 1393
6372 1352
6373 1547
6374 1513
6375 1547
6376 1699
6377 1855
6378 1850
6379 1798
6380 1875
6381 1921
6382 1986
6383 1955
6384 2007
6385 1994
6386 2039
6387 1956
6388 1926
6389 2050
6390 2129
6391 2363
6392 2333
6393 2281
6394 2397
6395 2322
6396 2236
6397 2322
6398 2284
6399 2174
6400 1965
6401 1891
6402 2092
6403 2264
6404 2342
6405 2276
6406 2406
6407 2516
6408 2659
6409 2648
6410 2557
6411 2654
6412 2835
6413 3100
6414 3121
6415 2994
6416 3136
6417 3187
6418 3183
6419 3162
6420 3011
6421 3152
6422 3162
6423 3087
6424 3158
6425 3220
6426 3231
6427 3639
6428 3556
6429 3480
6430 3334
6431 3311
6432 3332
6433 3290
6434 3162
6435 3179
6436 3128
6437 3341
6438 3302
6439 3224
6440 3178
6441 3125
6442 3204
6443 3034
6444 2970
6445 3021
6446 3081
6447 2828
6448 2765
6449 2836
6450 2867
6451 2937
6452 3043
6453 3053
6454 3185
6455 3343
6456 3406
6457 3293
6458 3335
6459 3226
6460 3306
6461 3274
6462 3178
6463 3019
6464 2921
6465 2998
6466 2972
6467 2956
6468 3206
6469 3253
6470 3091
6471 3023
6472 3166
6473 3296
6474 3189
6475 3229
6476 3175
6477 3476
6478 3484
6479 3548
6480 3532
6481 3492
6482 3470
6483 3450
6484 3405
6485 3406
6486 3469
6487 3486
6488 3679
6489 3776
6490 3763
6491 3878
6492 4029
6493 4147
6494 4049
6495 4063
6496 4265
6497 3993
6498 3945
6499 3964
6500 4056
6501 4028
6502 3923
6503 3959
6504 4083
6505 4311
6506 4186
6507 4348
6508 4400
6509 4159
6510 4067
6511 4206
6512 4201
6513 3959
6514 3969
6515 4120
6516 3996
6517 3927
6518 3973
6519 3826
6520 3978
6521 3773
6522 3944
6523 3919
6524 3846
6525 3935
6526 3908
6527 3767
6528 3789
6529 3723
6530 3604
6531 3633
6532 3626
6533 3769
6534 3841
6535 3912
6536 3708
6537 3437
6538 3439
6539 3454
6540 3413
6541 3577
6542 3525
6543 3507
6544 3334
6545 3250
6546 3390
6547 3439
6548 3654
6549 3415
6550 3415
6551 3633
6552 3433
6553 3544
6554 3646
6555 3675
6556 3626
6557 3882
6558 3692
6559 3743
6560 3812
6561 3786
6562 3885
6563 3808
6564 3776
6565 3738
6566 3979
6567 3949
6568 3710
6569 3627
6570 3691
6571 3748
6572 3825
6573 3944
6574 3820
6575 3897
6576 3747
6577 3585
6578 3730
6579 3731
6580 3648
6581 3540
6582 3547
6583 3536
6584 3788
6585 3880
6586 3771
6587 3825
6588 4022
6589 4359
6590 4502
6591 4676
6592 4613
6593 4575
6594 4682
6595 4707
6596 4954
6597 5171
6598 5198
6599 5030
6600 4960
6601 5037
6602 4905
6603 4916
6604 4745
6605 4658
6606 4728
6607 4734
6608 4939
6609 5080
6610 5009
6611 4900
6612 4816
6613 4840
6614 4977
6615 5016
6616 4906
6617 4806
6618 4743
6619 4665
6620 4568
6621 4472
6622 4481
6623 4511
6624 4391
6625 4168
6626 4295
6627 4307
6628 4302
6629 4347
6630 4351
6631 4358
6632 4244
6633 4537
6634 4661
6635 4701
6636 4690
6637 4719
6638 4788
6639 4813
6640 4764
6641 4926
6642 4924
6643 4923
6644 5142
6645 5352
6646 5264
6647 5276
6648 5399
6649 5439
6650 5544
6651 5506
6652 5813
6653 5725
6654 5761
6655 5722
6656 5528
6657 5624
6658 5569
6659 5434
6660 5411
6661 5373
6662 5575
6663 5754
6664 5656
6665 5669
6666 5762
6667 6029
6668 5944
6669 5832
6670 5994
6671 6049
6672 6000
6673 6184
6674 6456
6675 6491
6676 6431
6677 6491
6678 6635
6679 6650
6680 6439
6681 6549
6682 6532
6683 6399
6684 6577
6685 6668
6686 6484
6687 6505
6688 6604
6689 6556
6690 6313
6691 6288
6692 6283
6693 6111
6694 6234
6695 6333
6696 6288
6697 6225
6698 6159
6699 6040
6700 6050
6701 6243
6702 6244
6703 6402
6704 6433
6705 6633
6706 6884
6707 6915
6708 7014
6709 6907
6710 6941
6711 6945
6712 6826
6713 7124
6714 7004
6715 7028
6716 7055
6717 6785
6718 6649
6719 6542
6720 6587
6721 6418
6722 6470
6723 6418
6724 6438
6725 6101
6726 6163
6727 6049
6728 6209
6729 6258
6730 6322
6731 6122
6732 6269
6733 6374
6734 6385
6735 6475
6736 6488
6737 6404
6738 6573
6739 6536
6740 6480
6741 6653
6742 6589
6743 6557
6744 6535
6745 6392
6746 6492
6747 6208
6748 6040
6749 6009
6750 6084
6751 6210
6752 6201
6753 6188
6754 6142
6755 6179
6756 6050
6757 6237
6758 6123
6759 6298
6760 6197
6761 6287
6762 6176
6763 6063
6764 6002
6765 5905
6766 5749
6767 5750
6768 5818
6769 6039
6770 6094
6771 6065
6772 6153
6773 6036
6774 6021
6775 5783
6776 5667
6777 5559
6778 5540
6779 5780
6780 5649
6781 5594
6782 5369
6783 5450
6784 5422
6785 5597
6786 5910
6787 5882
6788 5994
6789 5872
6790 5795
6791 5819
6792 5831
6793 5754
6794 5765
6795 5918
6796 5745
6797 5798
6798 5722
6799 5646
6800 5684
6801 5827
6802 5704
6803 5559
6804 5331
6805 5562
6806 5860
6807 5850
6808 5821
6809 5837
6810 5792
6811 5970
6812 6166
6813 6113
6814 6148
6815 6235
6816 6051
6817 6084
6818 6125
6819 6226
6820 6140
6821 5919
6822 5923
6823 6152
6824 6038
6825 5951
6826 5791
6827 5894
6828 5884
6829 5995
6830 5969
6831 6110
6832 5991
6833 6103
6834 5964
6835 5889
6836 5714
6837 5758
6838 5769
6839 5680
6840 5643
6841 5667
6842 5690
6843 5776
6844 5635
6845 5477
6846 5542
6847 5511
6848 5292
6849 5245
6850 5340
6851 5262
6852 5357
6853 5342
6854 5388
6855 5349
6856 5488
6857 5344
6858 5450
6859 5488
6860 5542
6861 5597
6862 5530
6863 5593
6864 5690
6865 5834
6866 5862
6867 5973
6868 5933
6869 5773
6870 5885
6871 5718
6872 5414
6873 5279
6874 5077
6875 5173
6876 5043
6877 5023
6878 5269
6879 5597
6880 5519
6881 5635
6882 5492
6883 5455
6884 5602
6885 5446
6886 5416
6887 5333
6888 5504
6889 5499
6890 5534
6891 5404
6892 5524
6893 5558
6894 5582
6895 5715
6896 5829
6897 5744
6898 5598
6899 5689
6900 5679
6901 5909
6902 5876
6903 5580
6904 5498
6905 5227
6906 5214
6907 4985
6908 5104
6909 5274
6910 5262
6911 5521
6912 5585
6913 5576
6914 5714
6915 5808
6916 5939
6917 5789
6918 5683
6919 5863
6920 5972
6921 6137
6922 6257
6923 6092
6924 6054
6925 5858
6926 6007
6927 6004
6928 5940
6929 6008
6930 6084
6931 6390
6932 6176
6933 5967
6934 6033
6935 6070
6936 6213
6937 6360
6938 6328
6939 6264
6940 6276
6941 6193
6942 6077
6943 6074
6944 5867
6945 5916
6946 6114
6947 6154
6948 6517
6949 6487
6950 6505
6951 6547
6952 6576
6953 6510
6954 6404
6955 6443
6956 6538
6957 6639
6958 6659
6959 6820
6960 6990
6961 6955
6962 6877
6963 6848
6964 6920
6965 6930
6966 7069
6967 6757
6968 6746
6969 6658
6970 6447
6971 6508
6972 6322
6973 6365
6974 6213
6975 6037
6976 5986
6977 6088
6978 6149
6979 6286
6980 6368
6981 6502
6982 6601
6983 6502
6984 6389
6985 6292
6986 6083
6987 6071
6988 5862
6989 6010
6990 5915
6991 6057
6992 6080
6993 6318
6994 6260
6995 6209
6996 6105
6997 6094
6998 6198
6999 6404
7000 6159
7001 6198
7002 6183
7003 6289
7004 6320
7005 6669
7006 6625
7007 6830
7008 6986
7009 7172
7010 7322
7011 7399
7012 7500
7013 7509
7014 7372
7015 7503
7016 7604
7017 7674
7018 7461
7019 7272
7020 7304
7021 7331
7022 7422
7023 7423
7024 7404
7025 7501
7026 7321
7027 7328
7028 7543
7029 7550
7030 7412
7031 7342
7032 7533
7033 7798
7034 7733
7035 7903
7036 7642
7037 7614
7038 7610
7039 7650
7040 7505
7041 7262
7042 7114
7043 7215
7044 7176
7045 7159
7046 7128
7047 7063
7048 7179
7049 7405
7050 7342
7051 7327
7052 7108
7053 7035
7054 6923
7055 6805
7056 6662
7057 6514
7058 6484
7059 6462
7060 6521
7061 6575
7062 6661
7063 6613
7064 6673
7065 6558
7066 6599
7067 6657
7068 6884
7069 6843
7070 6943
7071 6933
7072 7129
7073 7097
7074 6899
7075 7200
7076 7372
7077 7286
7078 7186
7079 7213
7080 7216
7081 7077
7082 7229
7083 7294
7084 7315
7085 7335
7086 7486
7087 7532
7088 7473
7089 7741
7090 7970
7091 8271
7092 8395
7093 8388
7094 8398
7095 8368
7096 8330
7097 8334
7098 8212
7099 8376
7100 8418
7101 8352
7102 8152
7103 8227
7104 8186
7105 7943
7106 8002
7107 7996
7108 7897
7109 7870
7110 7675
7111 7737
7112 7731
7113 7627
7114 7554
7115 7540
7116 7536
7117 7576
7118 7664
7119 7763
7120 7524
7121 7756
7122 7607
7123 7521
7124 7669
7125 7747
7126 7890
7127 7725
7128 7828
7129 7990
7130 8072
7131 8268
7132 8098
7133 8011
7134 8235
7135 8164
7136 8152
7137 8149
7138 8084
7139 8274
7140 8339
7141 8382
7142 8410
7143 8310
7144 8184
7145 8254
7146 8139
7147 8178
7148 8208
7149 8125
7150 8191
7151 8051
7152 7986
7153 7746
7154 7798
7155 7879
7156 7681
7157 7772
7158 8286
7159 8360
7160 8238
7161 8465
7162 8485
7163 8366
7164 8056
7165 7962
7166 8205
7167 8099
7168 7766
7169 7856
7170 7929
7171 7893
7172 7779
7173 8043
7174 7942
7175 8083
7176 8120
7177 8141
7178 8376
7179 8391
7180 8375
7181 8246
7182 8338
7183 8315
7184 8317
7185 8296
7186 8049
7187 7803
7188 7900
7189 7961
7190 7907
7191 7929
7192 7682
7193 7652
7194 7590
7195 7675
7196 7626
7197 7939
7198 7962
7199 7905
7200 8393
7201 8447
7202 8410
7203 8399
7204 8473
7205 8491
7206 8461
7207 8515
7208 8463
7209 8223
7210 8367
7211 8555
7212 8698
7213 8539
7214 8579
7215 8621
7216 8805
7217 8679
7218 8717
7219 8481
7220 8467
7221 8501
7222 8377
7223 8391
7224 8075
7225 8156
7226 8205
7227 8077
7228 8057
7229 8188
7230 8194
7231 8145
7232 8222
7233 8143
7234 8119
7235 7949
7236 8130
7237 8099
7238 7894
7239 7734
7240 7749
7241 7958
7242 8088
7243 8248
7244 8433
7245 8432
7246 8478
7247 8499
7248 8408
7249 8614
7250 8413
7251 8531
7252 8342
7253 8294
7254 8319
7255 8307
7256 8198
7257 7951
7258 8030
7259 7939
7260 8137
7261 7981
7262 7987
7263 7954
7264 8216
7265 8266
7266 8248
7267 8184
7268 8377
7269 8243
7270 8316
7271 8250
7272 8154
7273 8103
7274 8383
7275 8319
7276 8275
7277 8266
7278 8474
7279 8268
7280 8181
7281 8146
7282 8114
7283 7900
7284 7897
7285 7891
7286 8023
7287 7721
7288 7591
7289 7575
7290 7307
7291 7433
7292 7304
7293 7408
7294 7539
7295 7436
7296 7233
7297 7261
7298 7272
7299 7204
7300 7275
7301 7320
7302 7338
7303 7289
7304 7102
7305 7031
7306 6879
7307 6899
7308 7064
7309 7042
7310 7148
7311 7218
7312 7357
7313 7392
7314 7425
7315 7541
7316 7683
7317 7778
7318 7549
7319 7422
7320 7552
7321 7645
7322 7822
7323 7685
7324 7496
7325 7528
7326 7257
7327 7171
7328 6979
7329 6856
7330 6986
7331 7092
7332 7003
7333 7207
7334 7312
7335 7298
7336 7190
7337 7254
7338 6945
7339 6865
7340 7091
7341 7078
7342 6949
7343 7040
7344 7148
7345 7601
7346 7778
7347 7808
7348 7763
7349 7724
7350 7705
7351 7940
7352 7960
7353 8052
7354 8087
7355 8185
7356 8343
7357 8175
7358 8009
7359 7961
7360 8131
7361 7894
7362 7998
7363 7927
7364 8013
7365 7978
7366 8287
7367 8352
7368 8449
7369 8529
7370 8561
7371 8547
7372 8468
7373 8545
7374 8473
7375 8551
7376 8558
7377 8561
7378 8641
7379 8914
7380 9062
7381 9095
7382 9452
7383 9506
7384 9532
7385 9377
7386 9378
7387 9300
7388 9262
7389 9215
7390 9382
7391 9287
7392 9472
7393 9412
7394 9511
7395 9468
7396 9452
7397 9511
7398 9490
7399 9465
7400 9784
7401 9523
7402 9451
7403 9485
7404 9436
7405 9347
7406 9207
7407 9156
7408 9270
7409 9467
7410 9327
7411 9294
7412 9362
7413 9790
7414 9702
7415 9850
7416 9992
7417 9851
7418 9895
7419 9890
7420 9854
7421 9922
7422 9774
7423 9820
7424 9738
7425 9899
7426 9891
7427 32
7428 9897
7429 255
7430 70
7431 9976
7432 32
7433 173
7434 110
7435 8
7436 9926
7437 9997
7438 9888
7439 9836
7440 19
7441 224
7442 367
7443 154
7444 205
7445 304
7446 29
7447 130
7448 240
7449 214
7450 41
7451 176
7452 178
7453 250
7454 92
7455 99
7456 352
7457 99
7458 329
7459 301
7460 383
7461 486
7462 323
7463 506
7464 430
7465 298
7466 225
7467 129
7468 329
7469 414
7470 566
7471 578
7472 543
7473 514
7474 360
7475 366
7476 179
7477 508
7478 349
7479 503
7480 578
7481 762
7482 656
7483 492
7484 541
7485 596
7486 353
7487 449
7488 524
7489 401
7490 268
7491 282
7492 380
7493 272
7494 241
7495 9963
7496 9749
7497 9794
7498 9672
7499 9600
7500 9567
7501 9571
7502 9783
7503 9924
7504 26
7505 66
7506 9968
7507 272
7508 162
7509 48
7510 132
7511 79
7512 185
7513 62
7514 9978
7515 98
7516 9992
7517 9860
7518 59
7519 9948
7520 110
7521 297
7522 260
7523 253
7524 368
7525 396
7526 236
7527 339
7528 320
7529 9960
7530 9940
7531 9873
7532 9936
7533 14
7534 9972
7535 9973
7536 9749
7537 6
7538 26
7539 109
7540 250
7541 199
7542 212
7543 62
7544 68
7545 51
7546 166
7547 133
7548 245
7549 186
7550 238
7551 326
7552 605
7553 729
7554 523
7555 839
7556 950
7557 997
7558 922
7559 781
7560 633
7561 561
7562 921
7563 823
7564 701
7565 684
7566 653
7567 637
7568 638
7569 717
7570 761
7571 974
7572 965
7573 781
7574 791
7575 845
7576 637
7577 595
7578 716
7579 647
7580 414
7581 473
7582 473
7583 520
7584 328
7585 216
7586 9962
7587 83
7588 70
7589 9881
7590 9886
7591 9767
7592 9929
7593 9858
7594 9670
7595 9827
7596 9767
7597 9753
7598 0
7599 9888
7600 9893
7601 9787
7602 77
7603 245
7604 276
7605 270
7606 268
7607 544
7608 520
7609 389
7610 422
7611 227
7612 100
7613 190
7614 106
7615 137
7616 378
7617 442
7618 404
7619 306
7620 352
7621 386
7622 225
7623 489
7624 739
7625 851
7626 599
7627 495
7628 295
7629 9939
7630 9858
7631 9902
7632 9669
7633 9649
7634 9320
7635 9169
7636 9253
7637 9085
7638 8966
7639 8823
7640 8806
7641 8714
7642 8619
7643 8887
7644 8929
7645 9040
7646 9043
7647 9193
7648 9314
7649 9444
7650 9357
7651 9401
7652 9374
7653 9266
7654 9070
7655 9210
7656 9316
7657 9224
7658 9235
7659 9177
7660 9408
7661 9361
7662 9395
7663 9127
7664 8952
7665 9011
7666 9036
7667 9105
7668 8935
7669 9076
7670 8941
7671 9011
7672 8802
7673 8927
7674 8857
7675 8799
7676 8896
7677 9075
7678 9043
7679 8870
7680 8932
7681 9036
7682 9150
7683 9245
7684 9121
7685 9274
7686 9387
7687 9462
7688 9376
7689 9359
7690 9194
7691 9208
7692 9362
7693 9307
7694 9405
7695 9194
7696 9067
7697 8965
7698 8916
7699 9006
7700 8899
7701 8992
7702 9081
7703 9380
7704 9590
7705 9612
7706 9650
7707 9704
7708 9710
7709 9858
7710 9876
7711 9538
7712 9375
7713 9422
7714 9459
7715 9274
7716 9151
7717 9059
7718 9043
7719 8898
7720 8729
7721 8804
7722 9114
7723 8931
7724 8746
7725 8761
7726 8815
7727 8749
7728 8744
7729 8951
7730 8998
7731 9137
7732 9183
7733 9181
7734 9114
7735 9138
7736 9166
7737 9002
7738 9120
7739 9203
7740 9246
7741 9548
7742 9418
7743 9498
7744 9535
7745 9584
7746 9926
7747 9935
7748 9943
7749 9878
7750 118
7751 294
7752 225
7753 320
7754 260
7755 248
7756 151
7757 209
7758 540
7759 464
7760 487
7761 593
7762 488
7763 700
7764 616
7765 635
7766 725
7767 829
7768 730
7769 741
7770 1020
7771 1249
7772 1047
7773 988
7774 866
7775 847
7776 891
7777 761
7778 888
7779 829
7780 849
7781 915
7782 1116
7783 1194
7784 1369
7785 1323
7786 1384
7787 1315
7788 1169
7789 1088
7790 1079
7791 864
7792 1162
7793 1310
7794 1426
7795 1522
7796 1474
7797 1443
7798 1639
7799 1757
7800 1976
7801 2025
7802 2283
7803 2310
7804 2573
7805 2497
7806 2275
7807 2331
7808 2373
7809 2407
7810 2642
7811 2764
7812 2716
7813 2826
7814 2718
7815 2685
7816 2883
7817 2698
7818 2782
7819 2940
7820 3014
7821 2992
7822 2816
7823 2914
7824 2904
7825 3082
7826 2983
7827 2935
7828 2771
7829 2906
7830 3037
7831 2991
7832 3249
7833 3166
7834 3296
7835 3217
7836 3387
7837 3375
7838 3307
7839 3367
7840 3396
7841 3278
7842 3220
7843 3498
7844 3316
7845 3285
7846 3299
7847 3138
7848 3191
7849 3507
7850 3728
7851 3815
7852 3895
7853 4114
7854 3796
7855 3657
7856 3482
7857 3582
7858 3340
7859 3243
7860 3375
7861 3148
7862 3153
7863 3159
7864 3052
7865 3268
7866 3505
7867 3601
7868 3712
7869 3659
7870 3575
7871 3596
7872 3728
7873 3552
7874 3695
7875 3424
7876 3612
7877 3600
7878 3766
7879 3959
7880 3829
7881 3951
7882 4054
7883 3842
7884 3964
7885 3932
7886 4018
7887 3809
7888 3639
7889 3462
7890 3480
7891 3412
7892 3519
7893 3670
7894 3400
7895 3471
7896 3514
7897 3638
7898 3576
7899 3779
7900 3595
7901 3389
7902 3364
7903 3296
7904 3490
7905 3236
7906 3238
7907 3329
7908 3563
7909 3829
7910 3851
7911 4075
7912 4044
7913 4215
7914 4167
7915 4221
7916 4006
7917 3894
7918 3889
7919 3882
7920 3913
7921 3873
7922 4019
7923 3820
7924 3921
7925 3971
7926 4112
7927 4105
7928 4147
7929 4068
7930 3881
7931 3677
7932 3646
7933 3507
7934 3539
7935 3632
7936 3389
7937 3372
7938 3397
7939 3492
7940 3474
7941 3633
7942 3627
7943 3504
7944 3639
7945 3573
7946 3372
7947 3725
7948 4038
7949 4068
7950 4441
7951 4186
7952 4359
7953 4349
7954 4368
7955 4186
7956 3997
7957 3742
7958 3870
7959 3789
7960 4046
7961 4046
7962 3982
7963 4132
7964 3866
7965 4016
7966 3963
7967 3937
7968 3968
7969 4294
7970 4312
7971 4470
7972 4407
7973 4294
7974 4204
7975 4361
7976 4412
7977 4570
7978 4831
7979 5004
7980 5066
7981 4914
7982 4912
7983 4976
7984 4787
7985 4508
7986 4739
7987 4827
7988 4609
7989 4461
7990 4678
7991 4922
7992 4687
7993 4717
7994 4808
7995 4986
7996 4818
7997 4977
7998 5009
7999 5075
8000 5090
8001 5217
8002 5243
8003 5364
8004 5198
8005 5154
8006 5233
8007 5235
8008 5079
8009 5167
8010 5293
8011 5279
8012 5040
8013 4948
8014 4952
8015 4773
8016 4747
8017 4631
8018 4476
8019 4512
8020 4341
8021 4303
8022 4006
8023 4005
8024 4004
8025 3923
8026 3828
8027 4233
8028 4301
8029 4441
8030 4347
8031 4429
8032 4255
8033 4356
8034 4429
8035 4574
8036 4581
8037 4274
8038 4331
8039 4489
8040 4437
8041 4347
8042 4367
8043 4430
8044 4550
8045 4538
8046 4746
8047 4418
8048 4383
8049 4395
8050 4479
8051 4726
8052 4647
8053 4532
8054 4407
8055 4524
8056 4759
8057 4809
8058 4709
8059 4624
8060 4943
8061 4667
8062 4889
8063 4906
8064 5285
8065 5248
8066 4952
8067 5142
8068 4887
8069 4707
8070 4781
8071 4563
8072 4354
8073 4443
8074 4398
8075 4307
8076 4255
8077 4374
8078 4610
8079 4361
8080 4569
8081 4599
8082 4369
8083 4344
8084 4226
8085 4106
8086 4060
8087 3909
8088 3973
8089 4241
8090 4563
8091 4456
8092 4501
8093 4502
8094 4488
8095 4506
8096 4483
8097 4501
8098 4512
8099 4477
8100 4600
8101 4629
8102 4711
8103 4891
8104 5002
8105 4835
8106 4952
8107 4825
8108 5173
8109 5129
8110 5081
8111 5068
8112 4796
8113 4871
8114 5083
8115 4997
8116 4978
8117 4936
8118 5004
8119 4910
8120 5159
8121 5230
8122 5349
8123 5161
8124 5377
8125 5236
8126 5396
8127 5095
8128 5371
8129 5649
8130 5604
8131 5440
8132 5560
8133 5419
8134 5231
8135 5194
8136 5251
8137 5359
8138 5526
8139 5766
8140 5552
8141 5587
8142 5865
8143 5856
8144 5827
8145 6016
8146 6002
8147 6245
8148 6724
8149 6669
8150 6813
8151 6709
8152 7000
8153 7001
8154 7116
8155 7380
8156 7010
8157 7205
8158 7399
8159 7535
8160 7554
8161 7507
8162 7571
8163 7606
8164 7169
8165 7287
8166 7270
8167 7103
8168 7094
8169 7002
8170 6789
8171 6502
8172 6395
8173 6408
8174 6539
8175 6499
8176 6522
8177 6316
8178 6388
8179 6109
8180 6219
8181 6032
8182 5912
8183 5750
8184 5555
8185 5588
8186 5530
8187 5022
8188 4767
8189 4816
8190 5047
8191 5218
8192 5208
8193 4887
8194 5108
8195 5141
8196 5168
8197 5212
8198 5353
8199 5293
8200 5350
8201 5292
8202 5242
8203 5400
8204 5465
8205 5546
8206 5325
8207 5498
8208 5214
8209 5051
8210 5045
8211 5094
8212 4977
8213 5069
8214 4899
8215 4940
8216 5000
8217 5186
8218 5345
8219 5444
8220 5715
8221 5588
8222 5502
8223 5350
8224 5329
8225 5318
8226 5366
8227 5370
8228 5330
8229 5464
8230 5359
8231 5297
8232 5259
8233 5600
8234 5684
8235 5770
8236 5460
8237 5408
8238 5505
8239 5850
8240 6149
8241 5670
8242 6059
8243 5713
8244 6137
8245 5894
8246 5889
8247 5772
8248 5813
8249 5998
8250 5838
8251 5618
8252 5885
8253 5904
8254 5764
8255 5911
8256 5841
8257 5873
8258 5899
8259 5996
8260 5806
8261 5639
8262 5757
8263 6003
8264 5720
8265 5603
8266 5652
8267 5531
8268 5651
8269 5702
8270 5627
8271 5638
8272 5488
8273 5680
8274 5580
8275 5476
8276 5728
8277 5409
8278 5400
8279 5365
8280 5279
8281 5355
8282 5320
8283 5351
8284 5512
8285 5379
8286 5291
8287 5212
8288 5260
8289 5390
8290 5572
8291 5784
8292 5646
8293 5663
8294 5858
8295 6022
8296 5928
8297 6006
8298 5714
8299 5668
8300 5599
8301 5390
8302 5521
8303 5461
8304 5274
8305 5178
8306 5215
8307 5245
8308 5186
8309 5133
8310 5079
8311 4910
8312 4920
8313 4534
8314 4764
8315 4751
8316 4888
8317 4740
8318 4812
8319 4696
8320 4620
8321 4508
8322 4798
8323 5002
8324 4754
8325 4668
8326 4807
8327 4943
8328 4901
8329 4905
8330 4856
8331 4983
8332 4894
8333 4910
8334 4527
8335 4484
8336 4523
8337 4649
8338 4654
8339 4647
8340 4615
8341 4605
8342 4520
8343 4270
8344 4704
8345 4547
8346 4489
8347 4435
8348 4683
8349 4613
8350 4411
8351 4352
8352 4213
8353 4033
8354 3848
8355 4043
8356 3970
8357 4082
8358 4545
8359 4569
8360 4453
8361 4636
8362 4568
8363 4547
8364 4617
8365 4670
8366 4813
8367 4719
8368 4871
8369 4943
8370 4994
8371 4838
8372 5024
8373 5026
8374 5149
8375 5138
8376 5150
8377 5500
8378 5545
8379 5526
8380 5407
8381 4998
8382 5410
8383 5321
8384 5239
8385 5237
8386 5083
8387 5063
8388 5046
8389 4970
8390 4875
8391 4824
8392 4843
8393 4816
8394 4927
8395 5158
8396 5098
8397 5335
8398 5549
8399 5746
8400 5827
8401 5885
8402 6208
8403 6368
8404 6366
8405 6014
8406 6071
8407 6296
8408 6289
8409 6685
8410 6525
8411 6439
8412 6421
8413 6223
8414 6133
8415 6096
8416 6041
8417 5842
8418 6036
8419 5913
8420 5848
8421 5464
8422 5603
8423 5232
8424 5226
8425 5195
8426 5224
8427 5199
8428 5335
8429 5598
8430 5449
8431 5586
8432 5767
8433 5869
8434 5833
8435 5650
8436 5958
8437 6201
8438 6483
8439 6618
8440 6962
8441 6927
8442 6808
8443 6785
8444 6849
8445 6817
8446 6694
8447 6706
8448 6355
8449 6316
8450 6606
8451 6613
8452 6693
8453 6804
8454 7071
8455 6991
8456 6977
8457 6644
8458 6816
8459 6893
8460 6644
8461 6706
8462 6589
8463 6325
8464 6600
8465 6700
8466 6421
8467 6330
8468 6375
8469 6563
8470 6800
8471 6706
8472 6813
8473 7036
8474 6957
8475 7024
8476 7182
8477 6908
8478 7116
8479 6956
8480 6977
8481 7065
8482 7233
8483 7082
8484 6950
8485 6780
8486 6477
8487 6676
8488 6698
8489 6625
8490 6556
8491 6211
8492 6272
8493 5874
8494 5890
8495 5919
8496 6005
8497 6057
8498 6064
8499 6203
8500 6247
8501 6209
8502 6099
8503 6326
8504 6168
8505 5911
8506 5654
8507 5563
8508 5609
8509 5623
8510 5777
8511 5926
8512 6163
8513 6476
8514 6609
8515 6516
8516 6665
8517 6606
8518 6774
8519 6793
8520 6703
8521 6878
8522 6747
8523 6612
8524 6654
8525 6761
8526 6726
8527 6786
8528 6816
8529 6752
8530 6798
8531 6773
8532 6914
8533 6897
8534 6943
8535 6917
8536 7177
8537 7012
8538 7058
8539 7073
8540 6954
8541 7125
8542 6924
8543 7012
8544 7121
8545 7236
8546 7394
8547 7176
8548 7200
8549 7626
8550 7818
8551 7598
8552 7390
8553 7291
8554 7180
8555 7444
8556 7817
8557 7812
8558 7936
8559 7720
8560 7891
8561 7955
8562 7989
8563 8487
8564 8634
8565 8430
8566 8332
8567 8514
8568 8490
8569 8304
8570 8476
8571 8471
8572 8519
8573 8515
8574 8570
8575 8569
8576 8274
8577 8264
8578 8236
8579 8188
8580 8219
8581 8108
8582 8004
8583 7936
8584 7769
8585 7719
8586 7694
8587 7322
8588 7424
8589 7237
8590 7432
8591 7410
8592 7347
8593 7597
8594 7887
8595 7718
8596 7821
8597 7680
8598 7431
8599 7231
8600 7094
8601 7222
8602 7202
8603 7126
8604 7200
8605 7009
8606 6819
8607 6684
8608 6402
8609 6418
8610 6461
8611 6442
8612 6779
8613 6747
8614 6555
8615 6545
8616 6629
8617 6535
8618 6534
8619 6601
8620 6863
8621 6763
8622 6813
8623 6856
8624 6745
8625 7039
8626 7155
8627 7392
8628 7217
8629 7411
8630 7745
8631 8046
8632 8194
8633 8167
8634 7866
8635 7729
8636 7817
8637 7582
8638 7668
8639 7717
8640 7768
8641 7439
8642 7553
8643 7561
8644 7489
8645 7468
8646 7588
8647 7669
8648 7572
8649 7613
8650 7532
8651 7578
8652 7608
8653 7367
8654 7258
8655 7658
8656 7592
8657 7557
8658 7382
8659 7595
8660 7543
8661 7688
8662 7782
8663 7693
8664 7756
8665 7756
8666 8074
8667 8232
8668 8335
8669 8240
8670 8431
8671 8496
8672 8162
8673 8081
8674 8141
8675 7959
8676 8006
8677 8062
8678 8170
8679 8126
8680 8252
8681 8414
8682 8187
8683 8400
8684 8678
8685 8514
8686 9066
8687 9070
8688 9233
8689 9142
8690 9002
8691 8747
8692 8732
8693 8647
8694 8928
8695 8999
8696 9263
8697 9281
8698 9341
8699 9479
8700 9667
8701 9927
8702 9828
8703 12
8704 115
8705 325
8706 339
8707 294
8708 242
8709 244
8710 177
8711 192
8712 79
8713 9941
8714 9898
8715 40
8716 17
8717 40
8718 9796
8719 9863
8720 9449
8721 9528
8722 9523
8723 9130
8724 9042
8725 9014
8726 8796
8727 8763
8728 8911
8729 9135
8730 9230
8731 9220
8732 9175
8733 9248
8734 9313
8735 9314
8736 9246
8737 9189
8738 9120
8739 9172
8740 9140
8741 9219
8742 9480
8743 9417
8744 9617
8745 83
8746 141
8747 113
8748 249
8749 302
8750 388
8751 395
8752 300
8753 323
8754 91
8755 9999
8756 67
8757 9813
8758 9755
8759 9604
8760 9894
8761 187
8762 295
8763 565
8764 477
8765 630
8766 734
8767 466
8768 562
8769 728
8770 703
8771 593
8772 605
8773 593
8774 334
8775 273
8776 9937
8777 9720
8778 9641
8779 9790
8780 9711
8781 9439
8782 9198
8783 9188
8784 9228
8785 9273
8786 9173
8787 9156
8788 8682
8789 8628
8790 8567
8791 8316
8792 8480
8793 8404
8794 8477
8795 8313
8796 8329
8797 8284
8798 8184
8799 8281
8800 8136
8801 8641
8802 8431
8803 8590
8804 8765
8805 8823
8806 9050
8807 8810
8808 9086
8809 9239
8810 9403
8811 9413
8812 9510
8813 9521
8814 9821
8815 9659
8816 9882
8817 9909
8818 9751
8819 9868
8820 9749
8821 68
8822 9967
8823 9825
8824 9725
8825 9728
8826 9653
8827 9474
8828 9365
8829 9118
8830 9179
8831 9277
8832 9313
8833 9418
8834 9269
8835 9159
8836 9120
8837 9197
8838 9092
8839 9014
8840 8871
8841 8761
8842 8801
8843 8673
8844 8686
8845 8487
8846 8227
8847 7918
8848 7739
8849 7687
8850 7653
8851 7825
8852 7672
8853 7865
8854 8006
8855 7779
8856 7739
8857 7753
8858 7648
8859 7573
8860 7539
8861 7549
8862 7644
8863 7721
8864 7470
8865 7664
8866 7625
8867 7305
8868 7268
8869 7365
8870 7300
8871 7266
8872 7217
8873 7304
8874 7321
8875 7382
8876 7234
8877 7141
8878 7084
8879 6909
8880 6494
8881 6460
8882 6345
8883 6595
8884 6419
8885 6301
8886 6650
8887 6586
8888 6396
8889 6634
8890 6716
8891 6616
8892 6878
8893 6862
8894 6646
8895 6644
8896 7017
8897 6824
8898 6635
8899 6508
8900 6790
8901 7017
8902 7164
8903 7159
8904 7434
8905 7543
8906 7485
8907 7582
8908 7387
8909 7342
8910 7062
8911 6998
8912 6924
8913 6842
8914 7026
8915 6896
8916 7055
8917 6940
8918 6783
8919 6698
8920 6575
8921 6329
8922 6306
8923 6376
8924 6602
8925 6777
8926 6715
8927 6986
8928 6966
8929 6818
8930 6795
8931 6836
8932 7164
8933 7113
8934 7258
8935 7406
8936 7564
8937 7779
8938 7668
8939 7747
8940 7680
8941 7419
8942 7553
8943 7702
8944 7729
8945 8087
8946 8296
8947 8363
8948 8559
8949 8629
8950 8260
8951 7932
8952 7890
8953 7814
8954 7932
8955 8119
8956 8219
8957 8505
8958 8566
8959 8928
8960 8866
8961 9106
8962 9254
8963 9328
8964 9262
8965 9283
8966 9256
8967 9283
8968 8953
8969 9225
8970 9292
8971 9254
8972 9160
8973 9273
8974 9260
8975 9185
8976 9199
8977 9263
8978 9224
8979 9199
8980 9065
8981 9166
8982 9134
8983 9225
8984 9183
8985 9359
8986 9582
8987 9502
8988 9559
8989 9560
8990 9527
8991 9710
8992 9524
8993 9464
8994 9555
8995 9530
8996 9442
8997 9365
8998 9377
8999 9420
9000 9223
9001 9028
9002 8880
9003 8893
9004 8738
9005 8872
9006 8722
9007 8708
9008 8890
9009 8983
9010 9101
9011 9055
9012 9036
9013 8926
9014 8625
9015 8450
9016 8653
9017 8693
9018 8907
9019 8911
9020 8941
9021 8967
9022 9008
9023 9258
9024 9314
9025 9261
9026 9020
9027 9406
9028 9381
9029 9313
9030 9218
9031 9301
9032 9380
9033 9458
9034 9441
9035 9470
9036 9523
9037 9436
9038 9249
9039 9240
9040 8810
9041 8980
9042 9162
9043 9304
9044 9126
9045 8664
9046 9070
9047 9021
9048 9107
9049 8991
9050 9095
9051 9234
9052 9207
9053 9320
9054 9407
9055 9411
9056 9634
9057 9730
9058 9814
9059 9760
9060 9708
9061 9776
9062 9745
9063 55
9064 142
9065 143
9066 9895
9067 16
9068 80
9069 486
9070 718
9071 784
9072 676
9073 559
9074 561
9075 923
9076 761
9077 727
9078 988
9079 1005
9080 1105
9081 1182
9082 855
9083 711
9084 810
9085 946
9086 1057
9087 1018
9088 760
9089 868
9090 1081
9091 1131
9092 1115
9093 1145
9094 1341
9095 1354
9096 1110
9097 761
9098 901
9099 855
9100 686
9101 692
9102 619
9103 846
9104 831
9105 966
9106 925
9107 1240
9108 1410
9109 1226
9110 1256
9111 1308
9112 1228
9113 1280
9114 1036
9115 1207
9116 1344
9117 1566
9118 1605
9119 1887
9120 2336
9121 2436
9122 2770
9123 2820
9124 2863
9125 2871
9126 3138
9127 3077
9128 3130
9129 2772
9130 2636
9131 2482
9132 2482
9133 2777
9134 2926
9135 3048
9136 2902
9137 2897
9138 2685
9139 2884
9140 3283
9141 3251
9142 3341
9143 3358
9144 3375
9145 3488
9146 3381
9147 3104
9148 3026
9149 2920
9150 2971
9151 2957
9152 2961
9153 2864
9154 2922
9155 2788
9156 2725
9157 2542
9158 2345
9159 2381
9160 2528
9161 2390
9162 2067
9163 1957
9164 1861
9165 1591
9166 1744
9167 1747
9168 1500
9169 1393
9170 1543
9171 1583
9172 1640
9173 1926
9174 1953
9175 1801
9176 1833
9177 1820
9178 1651
9179 1392
9180 1456
9181 1336
9182 1375
9183 1793
9184 2107
9185 2037
9186 2022
9187 2147
9188 1812
9189 1944
9190 2057
9191 2266
9192 2216
9193 1890
9194 1726
9195 1647
9196 1860
9197 1923
9198 1743
9199 1861
9200 2096
9201 1974
9202 2011
9203 1725
9204 1891
9205 1898
9206 1550
9207 1592
9208 1309
9209 1310
9210 1123
9211 816
9212 576
9213 546
9214 168
9215 9997
9216 9896
9217 180
9218 195
9219 358
9220 127
9221 9981
9222 9942
9223 9784
9224 9850
9225 9934
9226 9542
9227 9696
9228 9582
9229 9263
9230 9359
9231 9351
9232 8811
9233 9160
9234 9063
9235 9096
9236 9032
9237 8860
9238 8689
9239 8791
9240 8936
9241 8632
9242 8694
9243 8744
9244 8677
9245 8723
9246 8602
9247 8337
9248 8306
9249 8274
9250 8602
9251 8605
9252 8834
9253 8854
9254 9125
9255 9197
9256 9022
9257 9236
9258 9189
9259 9697
9260 9537
9261 9610
9262 9632
9263 9554
9264 9537
9265 9490
9266 9516
9267 9547
9268 9266
9269 9348
9270 9306
9271 9075
9272 9095
9273 9159
9274 9274
9275 9043
9276 9351
9277 9450
9278 9721
9279 9942
9280 9750
9281 9644
9282 9487
9283 9674
9284 9672
9285 9295
9286 9575
9287 9714
9288 9795
9289 9822
9290 9673
9291 9853
9292 9805
9293 9748
9294 9652
9295 9730
9296 9698
9297 9749
9298 183
9299 178
9300 469
9301 440
9302 179
9303 430
9304 498
9305 783
9306 880
9307 663
9308 831
9309 661
9310 495
9311 527
9312 759
9313 674
9314 346
9315 179
9316 213
9317 558
9318 502
9319 772
9320 1158
9321 1160
9322 1218
9323 1269
9324 1180
9325 1302
9326 1302
9327 1336
9328 1474
9329 1419
9330 1337
9331 1443
9332 1702
9333 1440
9334 1353
9335 1386
9336 1404
9337 1599
9338 1499
9339 1689
9340 1783
9341 2189
9342 2107
9343 1866
9344 1832
9345 2038
9346 2000
9347 2146
9348 2116
9349 2249
9350 2141
9351 2429
9352 2718
9353 2807
9354 2856
9355 3012
9356 3148
9357 3281
9358 3438
9359 3513
9360 3515
9361 3652
9362 3569
9363 3791
9364 3881
9365 4156
9366 4183
9367 4514
9368 4514
9369 4764
9370 4807
9371 4731
9372 4565
9373 4451
9374 4407
9375 4126
9376 4340
9377 4037
9378 3995
9379 3688
9380 4061
9381 4193
9382 4497
9383 4523
9384 4611
9385 4301
9386 4519
9387 4356
9388 4527
9389 4610
9390 4492
9391 4527
9392 4370
9393 4157
9394 4327
9395 4573
9396 4340
9397 4616
9398 4727
9399 4446
9400 4443
9401 4405
9402 4342
9403 4208
9404 4077
9405 3951
9406 3753
9407 3963
9408 3908
9409 3944
9410 3881
9411 3875
9412 4160
9413 4024
9414 3929
9415 3898
9416 3983
9417 3714
9418 3408
9419 3325
9420 3333
9421 3101
9422 2690
9423 2797
9424 2726
9425 2900
9426 2768
9427 2650
9428 2529
9429 2573
9430 2654
9431 2687
9432 2715
9433 2616
9434 2575
9435 2360
9436 2517
9437 2526
9438 2461
9439 2318
9440 2401
9441 2299
9442 2208
9443 2199
9444 2050
9445 2355
9446 2054
9447 2206
9448 2331
9449 2114
9450 2413
9451 2375
9452 2405
9453 2265
9454 2086
9455 1987
9456 1879
9457 1791
9458 1744
9459 1996
9460 1900
9461 1870
9462 1717
9463 1639
9464 1440
9465 1243
9466 1393
9467 1416
9468 1452
9469 1521
9470 1426
9471 1559
9472 1332
9473 1163
9474 1227
9475 1139
9476 1050
9477 809
9478 611
9479 342
9480 317
9481 353
9482 297
9483 310
9484 240
9485 517
9486 250
9487 409
9488 414
9489 535
9490 291
9491 259
9492 25
9493 261
9494 9966
9495 9871
9496 68
9497 9951
9498 9915
9499 9826
9500 9934
9501 9691
9502 9527
9503 9466
9504 9418
9505 9361
9506 9089
9507 8988
9508 9114
9509 9419
9510 9370
9511 9458
9512 9523
9513 9418
9514 9445
9515 9337
9516 9690
9517 9566
9518 9471
9519 9683
9520 9703
9521 9490
9522 9532
9523 9422
9524 9304
9525 9119
9526 9095
9527 9065
9528 9119
9529 9177
9530 9251
9531 8705
9532 8453
9533 8490
9534 8281
9535 7966
9536 7991
9537 7935
9538 7727
9539 7761
9540 7620
9541 7563
9542 7371
9543 7596
9544 7591
9545 7756
9546 7943
9547 7963
9548 7705
9549 7631
9550 7356
9551 7359
9552 7427
9553 7584
9554 7420
9555 7519
9556 7467
9557 7546
9558 7463
9559 7536
9560 7468
9561 7546
9562 7489
9563 7747
9564 7993
9565 8023
9566 7770
9567 7741
9568 8097
9569 8113
9570 7924
9571 8013
9572 7828
9573 7884
9574 7543
9575 7545
9576 7352
9577 7178
9578 7353
9579 7078
9580 7057
9581 6961
9582 6734
9583 6577
9584 6626
9585 6474
9586 6733
9587 7136
9588 6830
9589 6979
9590 6874
9591 6506
9592 6502
9593 6648
9594 6558
9595 6755
9596 6609
9597 6837
9598 6982
9599 7036
9600 7013
9601 7148
9602 6935
9603 7131
9604 7022
9605 6979
9606 6878
9607 6965
9608 7217
9609 6965
9610 6790
9611 6506
9612 6378
9613 6316
9614 5948
9615 6305
9616 6325
9617 6399
9618 6404
9619 6499
9620 6352
9621 6328
9622 6667
9623 6402
9624 6411
9625 6568
9626 6781
9627 6920
9628 7089
9629 6998
9630 7089
9631 7129
9632 7140
9633 7387
9634 7445
9635 7566
9636 7560
9637 7714
9638 7731
9639 7654
9640 7592
9641 7241
9642 7307
9643 7508
9644 7384
9645 7502
9646 7467
9647 7820
9648 7782
9649 7573
9650 7670
9651 7721
9652 7533
9653 7389
9654 7320
9655 7366
9656 7699
9657 7744
9658 7560
9659 7478
9660 7436
9661 7336
9662 7154
9663 7013
9664 6902
9665 7062
9666 7102
9667 6934
9668 7079
9669 7397
9670 7673
9671 7222
9672 6943
9673 6947
9674 6751
9675 6533
9676 6707
9677 6648
9678 6640
9679 6408
9680 6319
9681 6350
9682 6573
9683 6315
9684 6367
9685 6360
9686 6426
9687 6561
9688 6267
9689 6238
9690 6180
9691 6002
9692 5939
9693 6098
9694 6269
9695 6255
9696 6645
9697 6503
9698 6529
9699 6007
9700 6204
9701 6121
9702 6022
9703 5713
9704 5565
9705 5467
9706 5405
9707 5433
9708 5395
9709 5572
9710 5808
9711 5688
9712 5551
9713 5888
9714 5800
9715 5652
9716 5848
9717 5830
9718 5910
9719 6093
9720 6006
9721 6022
9722 5902
9723 5865
9724 6203
9725 6448
9726 6249
9727 6066
9728 5975
9729 5889
9730 5787
9731 5727
9732 5880
9733 6156
9734 6090
9735 6231
9736 6271
9737 5989
9738 5913
9739 5888
9740 5958
9741 5745
9742 5743
9743 5658
9744 5712
9745 5765
9746 5901
9747 6029
9748 6035
9749 5814
9750 6020
9751 6052
9752 6301
9753 6401
9754 6427
9755 6811
9756 6789
9757 6863
9758 6886
9759 6746
9760 6747
9761 6643
9762 6598
9763 6563
9764 6210
9765 6399
9766 6601
9767 6507
9768 6358
9769 6649
9770 6798
9771 6978
9772 6926
9773 6951
9774 6853
9775 6888
9776 6779
9777 6851
9778 7031
9779 7042
9780 6919
9781 6920
9782 6929
9783 7153
9784 7240
9785 7367
9786 7463
9787 7618
9788 7541
9789 7651
9790 7467
9791 7299
9792 6889
9793 6761
9794 6811
9795 6535
9796 6449
9797 6631
9798 6637
9799 6610
9800 6687
9801 6626
9802 6717
9803 6748
9804 6620
9805 6441
9806 6354
9807 6033
9808 5820
9809 5685
9810 5676
9811 5760
9812 6251
9813 6499
9814 6399
9815 6605
9816 6501
9817 6463
9818 6199
9819 6394
9820 6165
9821 5912
9822 6341
9823 6250
9824 6344
9825 6702
9826 6496
9827 6411
9828 6364
9829 6511
9830 6328
9831 6349
9832 6576
9833 6669
9834 6741
9835 6573
9836 6492
9837 6379
9838 6278
9839 5991
9840 6244
9841 6326
9842 5972
9843 6140
9844 6212
9845 6561
9846 6560
9847 6434
9848 6506
9849 6566
9850 7118
9851 6859
9852 6819
9853 6484
9854 6350
9855 6346
9856 6356
9857 6509
9858 6707
9859 6858
9860 6551
9861 6356
9862 6518
9863 6476
9864 6691
9865 7018
9866 7102
9867 6940
9868 7086
9869 6788
9870 6554
9871 6896
9872 6805
9873 6811
9874 6766
9875 6835
9876 6859
9877 6722
9878 7021
9879 7068
9880 7019
9881 6987
9882 7283
9883 7088
9884 7272
9885 7386
9886 7538
9887 7435
9888 7303
9889 7292
9890 7606
9891 7575
9892 7759
9893 7812
9894 7955
9895 8017
9896 8031
9897 8464
9898 8176
9899 8353
9900 8563
9901 8669
9902 8666
9903 8615
9904 8759
9905 8745
9906 8497
9907 8544
9908 8616
9909 8841
9910 9089
9911 9301
9912 9664
9913 9536
9914 9706
9915 9562
9916 9488
9917 9451
9918 9389
9919 9522
9920 9535
9921 9764
9922 9734
9923 9632
9924 9519
9925 9697
9926 9647
9927 9740
9928 9772
9929 9581
9930 9289
9931 9262
9932 9254
9933 9504
9934 9679
9935 9772
9936 9923
9937 186
9938 356
9939 413
9940 437
9941 327
9942 316
9943 348
9944 457
9945 269
9946 91
9947 145
9948 180
9949 248
9950 234
9951 174
9952 130
9953 418
9954 442
9955 293
9956 108
9957 9954
9958 9788
9959 9738
9960 9832
9961 9858
9962 9680
9963 9672
9964 9567
9965 9670
9966 9718
9967 9802
9968 9939
9969 9859
9970 9808
9971 9670
9972 9486
9973 9464
9974 9688
9975 9921
9976 63
9977 291
9978 106
9979 141
9980 2
9981 9836
9982 9648
9983 9573
9984 9793
9985 9663
9986 9583
9987 9834
9988 9963
9989 223
9990 244
9991 243
9992 325
9993 276
9994 431
9995 324
9996 814
9997 1026
9998 959
9999 1049
10000 944
