100 0 0 0
200 52 3 0
300 49 3 0
400 148 3 0
500 61 2 0
600 148 5 0
700 165 5 0
800 351 2 0
900 542 3 1
1000 650 3 1
1100 640 4 0
1200 345 3 1
1300 299 3 0
1400 245 3 0
1500 374 2 0
1600 408 7 1
1700 553 3 0
1800 959 2 0
1900 633 2 0
2000 796 2 0
2100 604 4 1
2200 142 3 0
2300 77 5 0
2400 23 1 0
2500 152 3 0
2600 34 3 0
2700 62 2 0
2800 62 3 0
2900 27 2 0
3000 19 2 0
3100 136 4 0
3200 36 3 0
3300 248 4 0
3400 668 3 0
3500 844 3 0
3600 606 4 1
3700 804 6 0
3800 977 5 0
3900 938 5 0
4000 399 5 0
4100 812 3 0
4200 843 4 0
4300 902 6 1
4400 980 3 0
4500 334 4 0
4600 555 6 0
4700 284 4 0
4800 876 5 1
4900 1013 4 0
5000 841 3 0
5100 722 6 1
5200 1717 6 0
5300 1376 6 0
5400 1899 6 0
5500 2084 7 0
5600 1704 7 0
5700 1126 5 0
5800 932 7 0
5900 787 5 0
6000 956 3 1
6100 1045 2 0
6200 912 3 1
6300 904 3 0
6400 687 4 0
6500 882 4 0
6600 1054 4 0
6700 844 4 1
6800 943 2 0
6900 452 3 0
7000 467 3 0
7100 595 5 1
7200 515 2 0
7300 367 1 0
7400 155 3 0
7500 108 6 1
7600 208 4 0
7700 135 4 0
7800 209 3 0
7900 115 3 0
8000 305 5 1
8100 210 4 0
8200 50 2 0
8300 0 0 0
8400 36 2 0
8500 2 1 0
8600 28 3 0
8700 57 3 0
8800 105 4 0
8900 5 2 1
9000 1 1 0
9100 21 2 0
9200 0 0 0
9300 8 2 0
9400 51 2 0
9500 147 3 0
9600 244 5 0
9700 103 3 0
9800 204 3 0
9900 20 3 0
10000 1 1 1
10100 0 0 0
10200 1 1 1
10300 0 0 0
10400 61 2 0
10500 130 2 0
10600 101 2 0
10700 127 3 0
10800 70 1 0
10900 79 3 0
11000 128 5 0
11100 0 0 0
11200 0 0 0
11300 4 2 0
11400 26 5 0
11500 0 0 0
11600 1 1 0
11700 1 1 1
11800 46 2 0
11900 15 2 0
12000 1 1 1
12100 2 1 0
12200 85 2 1
12300 3 1 0
12400 19 2 0
12500 4 1 0
12600 0 0 0
12700 2 1 0
12800 0 0 0
12900 20 1 0
13000 3 1 0
13100 27 3 1
13200 1 1 0
13300 36 2 0
13400 1 1 0
13500 72 5 1
13600 110 3 1
13700 34 1 0
13800 0 0 0
13900 2 2 0
14000 1 1 1
14100 15 2 0
14200 13 2 0
14300 9 1 0
14400 14 2 1
14500 17 1 0
14600 41 2 0
14700 155 3 0
14800 0 0 0
14900 25 3 0
15000 9 3 2
15100 3 2 0
15200 6 1 0
15300 27 4 0
15400 10 3 1
15500 8 2 0
15600 0 0 0
15700 2 2 2
15800 3 2 0
15900 15 1 0
16000 5 1 0
16100 5 1 0
16200 38 2 1
16300 4 1 0
16400 0 0 0
16500 1 1 0
16600 0 0 0
16700 0 0 0
16800 0 0 0
16900 2 1 0
17000 15 2 0
17100 7 3 0
17200 64 5 0
17300 25 3 0
17400 4 1 0
17500 3 1 0
17600 2 2 1
17700 0 0 0
17800 0 0 0
17900 20 1 0
18000 181 5 1
18100 350 6 0
18200 435 4 0
18300 715 3 0
18400 671 3 0
18500 662 7 0
18600 598 4 1
18700 956 6 0
18800 631 3 0
18900 339 3 1
19000 255 3 0
19100 187 3 0
19200 85 2 0
19300 59 5 2
19400 58 3 0
19500 45 1 0
19600 269 2 0
19700 213 3 1
19800 272 5 2
19900 146 4 0
20000 92 4 0
20100 43 2 0
20200 71 2 0
20300 102 4 0
20400 66 2 0
20500 63 1 0
20600 29 1 0
20700 42 2 0
20800 119 4 1
20900 49 1 0
21000 77 1 0
21100 110 6 0
21200 256 5 0
21300 93 2 0
21400 0 0 0
21500 1 1 0
21600 8 3 1
21700 0 0 0
21800 0 0 0
21900 2 2 1
22000 2 1 0
22100 3 2 1
22200 7 1 0
22300 41 1 0
22400 6 2 0
22500 115 4 0
22600 139 4 1
22700 264 3 0
22800 310 1 0
22900 596 1 0
23000 468 3 0
23100 231 1 0
23200 237 2 0
23300 258 3 0
23400 212 4 0
23500 28 3 0
23600 27 1 0
23700 37 1 0
23800 48 3 0
23900 57 4 1
24000 52 5 0
24100 10 3 1
24200 6 1 0
24300 0 0 0
24400 26 1 0
24500 2 1 0
24600 3 2 0
24700 1 1 0
24800 33 4 0
24900 13 2 0
25000 24 5 1
25100 171 1 0
25200 313 3 1
25300 567 2 0
25400 984 2 1
25500 1069 4 0
25600 601 2 0
25700 878 2 0
25800 1323 2 1
25900 1690 3 1
26000 1872 4 0
26100 1878 4 0
26200 2311 3 0
26300 2471 6 0
26400 2488 2 0
26500 2577 4 0
26600 2171 4 0
26700 1408 3 0
26800 1291 3 0
26900 917 6 1
27000 775 5 1
27100 479 2 0
27200 284 3 1
27300 319 3 0
27400 161 3 0
27500 131 3 0
27600 197 3 0
27700 195 5 0
27800 66 3 0
27900 2 1 0
28000 35 2 0
28100 8 1 0
28200 97 5 0
28300 42 2 1
28400 4 1 0
28500 96 2 0
28600 345 2 0
28700 297 3 1
28800 192 5 1
28900 92 1 0
29000 52 1 0
29100 6 2 0
29200 30 2 1
29300 99 2 0
29400 208 2 0
29500 119 3 1
29600 490 4 0
29700 530 2 0
29800 703 3 0
29900 1320 3 0
30000 1562 3 0
30100 1051 5 0
30200 1175 6 0
30300 1015 6 0
30400 698 5 0
30500 287 6 0
30600 695 3 0
30700 878 3 0
30800 562 4 0
30900 956 4 0
31000 1407 3 0
31100 1609 3 1
31200 1169 3 0
31300 1062 4 0
31400 1544 5 1
31500 1778 5 0
31600 1939 3 0
31700 1830 3 0
31800 2139 4 1
31900 2510 2 0
32000 2937 2 0
32100 2561 3 0
32200 2824 4 0
32300 3556 6 0
32400 2899 5 0
32500 3399 5 0
32600 3847 7 1
32700 4350 6 0
32800 4645 9 0
32900 4728 7 1
33000 3192 6 1
33100 3525 5 0
33200 2911 2 0
33300 3547 3 0
33400 4003 5 0
33500 3591 3 0
33600 3753 4 0
33700 4390 3 0
33800 4100 4 0
33900 4704 4 0
34000 3958 2 0
34100 4692 3 0
34200 4601 2 0
34300 4808 2 0
34400 4366 2 0
34500 4630 5 0
34600 4021 3 0
34700 4702 6 0
34800 4808 4 0
34900 4954 5 0
35000 4139 3 0
35100 4470 4 0
35200 4839 3 0
35300 4592 5 0
35400 4637 5 0
35500 5560 3 0
35600 5853 8 0
35700 4991 9 0
35800 5738 6 0
35900 7045 8 1
36000 6828 8 0
36100 7247 8 0
36200 7918 7 0
36300 8329 8 1
36400 9139 7 0
36500 9328 9 0
36600 9180 6 0
36700 8793 8 0
36800 8832 8 0
36900 9111 9 0
37000 371 9 0
37100 434 9 0
37200 9819 6 0
37300 9977 7 2
37400 9511 7 0
37500 9155 4 0
37600 9494 9 0
37700 9070 5 0
37800 8036 4 0
37900 8379 5 1
38000 7190 5 0
38100 8067 5 1
38200 7936 6 0
38300 7946 4 0
38400 7271 4 0
38500 7358 6 1
38600 7691 6 1
38700 9541 9 1
38800 9856 5 0
38900 8923 5 0
39000 994 6 0
39100 2678 6 0
39200 2832 6 0
39300 2278 6 0
39400 2983 8 1
39500 2913 9 1
39600 1641 9 0
39700 2131 6 0
39800 1180 7 1
39900 993 7 0
40000 1069 7 1
40100 1157 8 0
40200 2878 8 0
40300 1808 7 0
40400 2133 6 0
40500 3023 7 1
40600 3077 7 0
40700 3644 12 1
40800 4038 9 0
40900 3940 8 0
41000 4260 8 0
41100 4143 8 0
41200 3787 7 0
41300 3406 9 0
41400 2752 9 0
41500 3625 8 1
41600 4701 5 0
41700 5375 6 0
41800 6245 5 0
41900 5499 7 0
42000 5072 5 0
42100 5806 8 0
42200 5927 5 0
42300 5519 4 0
42400 6388 6 1
42500 7017 5 0
42600 6223 5 0
42700 6241 5 0
42800 6276 3 0
42900 5864 6 1
43000 5895 5 0
43100 6975 3 0
43200 7051 5 2
43300 7326 7 0
43400 6139 6 1
43500 7172 4 0
43600 7519 4 0
43700 7272 6 0
43800 6995 6 0
43900 6251 4 0
44000 6168 5 0
44100 6484 3 0
44200 5982 5 0
44300 5130 4 0
44400 5061 4 0
44500 5433 5 0
44600 5913 5 0
44700 5544 9 1
44800 6667 7 0
44900 6836 7 1
45000 6755 7 0
45100 7161 5 0
45200 7076 7 0
45300 6822 8 0
45400 7555 6 0
45500 8544 7 0
45600 8617 5 0
45700 9380 5 0
45800 9635 5 0
45900 9949 7 0
46000 8456 7 0
46100 8264 7 0
46200 8350 6 0
46300 8307 6 0
46400 8063 5 0
46500 8111 4 0
46600 7455 5 0
46700 7391 8 0
46800 8236 6 0
46900 8114 5 0
47000 8342 5 0
47100 8735 6 0
47200 8526 6 0
47300 8262 3 0
47400 7591 2 0
47500 7697 5 0
47600 8317 4 0
47700 8851 3 0
47800 8806 6 1
47900 8712 6 0
48000 8854 5 0
48100 8750 6 0
48200 8996 4 0
48300 9162 5 0
48400 9740 5 0
48500 9970 8 0
48600 200 5 0
48700 698 7 1
48800 1440 7 1
48900 1334 6 0
49000 1140 4 0
49100 1055 7 1
49200 1305 9 0
49300 1044 12 0
49400 832 8 0
49500 585 8 0
49600 443 6 0
49700 897 5 0
49800 904 5 0
49900 1109 6 0
50000 1142 5 0
50100 701 7 0
50200 863 7 0
50300 1533 7 0
50400 1801 9 1
50500 2215 7 0
50600 1859 9 0
50700 1899 9 0
50800 1534 9 0
50900 1075 11 1
51000 1353 10 0
51100 888 10 0
51200 717 6 0
51300 234 5 0
51400 661 6 0
51500 469 7 0
51600 681 6 0
51700 707 7 0
51800 766 5 0
51900 708 5 0
52000 404 6 0
52100 589 5 1
52200 508 4 0
52300 171 5 1
52400 349 4 0
52500 531 5 0
52600 480 7 1
52700 940 4 0
52800 1140 4 0
52900 1198 4 0
53000 1420 5 0
53100 1959 5 1
53200 2847 4 0
53300 2177 5 0
53400 2105 5 0
53500 2462 4 0
53600 3385 8 1
53700 2863 5 1
53800 3113 5 1
53900 2669 5 0
54000 2333 5 0
54100 1641 5 0
54200 2212 5 0
54300 2079 7 1
54400 1514 5 1
54500 1187 6 0
54600 1171 5 0
54700 1700 4 0
54800 1252 4 1
54900 1231 6 0
55000 1205 4 0
55100 1548 4 0
55200 1657 4 0
55300 1809 5 0
55400 1664 5 0
55500 2051 4 0
55600 2123 7 0
55700 2479 6 0
55800 2374 7 1
55900 2604 7 1
56000 2840 5 0
56100 2627 6 0
56200 2297 5 0
56300 1920 4 0
56400 2204 5 0
56500 2974 5 1
56600 3453 4 0
56700 3987 5 1
56800 4765 5 0
56900 4589 6 0
57000 4710 3 0
57100 6202 4 0
57200 6661 6 0
57300 6765 4 0
57400 6919 4 0
57500 7478 5 0
57600 7956 5 0
57700 7857 6 0
57800 8820 7 0
57900 7516 7 0
58000 7438 11 0
58100 7977 5 0
58200 7480 8 0
58300 9090 6 0
58400 401 5 0
58500 695 6 0
58600 1697 6 0
58700 2010 5 0
58800 1343 7 0
58900 715 10 0
59000 2360 7 1
59100 1975 10 1
59200 978 10 0
59300 127 12 0
59400 1443 11 0
59500 2398 11 0
59600 1844 9 0
59700 1290 5 0
59800 9967 5 0
59900 9276 7 1
60000 8743 8 1
60100 9217 7 0
60200 358 5 0
60300 1297 7 0
60400 2179 5 0
60500 2947 7 0
60600 1649 9 0
60700 9103 6 0
60800 159 6 1
60900 9934 8 0
61000 9879 7 0
61100 472 9 0
61200 1804 8 0
61300 1072 7 0
61400 111 8 0
61500 808 5 0
61600 1529 5 0
61700 1324 10 1
61800 1793 8 0
61900 750 7 1
62000 266 7 1
62100 9375 4 0
62200 1541 4 0
62300 1997 7 2
62400 1833 5 0
62500 2679 4 0
62600 1647 3 0
62700 2660 3 0
62800 2418 3 0
62900 3268 4 0
63000 2341 3 0
63100 2126 6 1
63200 2092 3 0
63300 2797 3 0
63400 2407 4 0
63500 1662 4 0
63600 2885 3 0
63700 2768 5 0
63800 3341 4 0
63900 1643 3 0
64000 2434 4 0
64100 2805 6 1
64200 2235 5 1
64300 2567 5 1
64400 2822 4 0
64500 3826 3 0
64600 5327 3 0
64700 5152 3 0
64800 5075 6 0
64900 4942 6 1
65000 5283 5 0
65100 5327 7 0
65200 5023 5 0
65300 5064 5 0
65400 4729 4 0
65500 5453 5 0
65600 5431 4 0
65700 4229 4 0
65800 4462 4 0
65900 5358 3 0
66000 6469 4 1
66100 7444 4 0
66200 7723 5 0
66300 8060 5 1
66400 8379 5 0
66500 8110 9 1
66600 7523 10 0
66700 6595 9 1
66800 5906 5 0
66900 6154 10 0
67000 5553 4 0
67100 6400 5 1
67200 6105 4 0
67300 6592 4 0
67400 6667 4 0
67500 6375 9 2
67600 5486 4 0
67700 5078 5 1
67800 4834 4 1
67900 4427 3 0
68000 3246 3 0
68100 4366 4 0
68200 4126 7 0
68300 5195 6 0
68400 5896 7 0
68500 6066 7 0
68600 6436 9 0
68700 6213 8 0
68800 6978 8 0
68900 7074 9 0
69000 7486 7 0
69100 7823 9 0
69200 7506 7 1
69300 6313 5 1
69400 6671 9 0
69500 6412 6 0
69600 6750 8 0
69700 7720 9 0
69800 7476 7 0
69900 8058 6 0
70000 9100 7 1
70100 95 7 0
70200 8985 7 0
70300 9154 8 0
70400 9773 7 0
70500 9500 9 1
70600 8829 8 0
70700 9832 7 0
70800 9776 6 0
70900 9556 8 0
71000 201 8 1
71100 9700 9 0
71200 9371 8 0
71300 9908 8 0
71400 1027 13 3
71500 2235 11 0
71600 1862 10 0
71700 2180 8 0
71800 3194 12 0
71900 4146 14 2
72000 4163 10 0
72100 2993 10 0
72200 5037 8 0
72300 3828 9 0
72400 4156 9 1
72500 3828 10 1
72600 3286 8 1
72700 3234 7 0
72800 3264 6 0
72900 3467 11 0
73000 4775 6 0
73100 5413 7 0
73200 4227 8 0
73300 4059 9 0
73400 4657 7 0
73500 5517 7 0
73600 5644 7 0
73700 5147 7 0
73800 4659 10 1
73900 3993 9 0
74000 3457 12 1
74100 3109 10 0
74200 3595 9 0
74300 2668 10 0
74400 3537 9 0
74500 4026 7 0
74600 3959 6 0
74700 4634 6 0
74800 3876 7 0
74900 3829 7 1
75000 4524 9 0
75100 4264 7 0
75200 4809 9 0
75300 4568 6 0
75400 3156 6 0
75500 3670 7 0
75600 3551 6 0
75700 3407 4 0
75800 2602 4 0
75900 2913 4 0
76000 3483 5 0
76100 3305 5 0
76200 3358 4 0
76300 3487 5 0
76400 3776 5 0
76500 4287 6 0
76600 4203 9 0
76700 4540 6 0
76800 4204 7 0
76900 3860 8 0
77000 3581 5 0
77100 4361 6 0
77200 3410 4 0
77300 4059 5 0
77400 4226 5 0
77500 4371 8 0
77600 4616 10 0
77700 4603 8 0
77800 4511 7 0
77900 4583 8 0
78000 4645 6 0
78100 5450 8 0
78200 5546 9 1
78300 6003 9 1
78400 4629 8 1
78500 4406 7 0
78600 4781 6 0
78700 5174 4 0
78800 5107 4 0
78900 6117 8 0
79000 6408 5 0
79100 6754 7 0
79200 6578 10 0
79300 7045 5 0
79400 6866 4 0
79500 6779 5 0
79600 6934 5 0
79700 7899 7 0
79800 9280 8 0
79900 8195 9 0
80000 8459 9 1
80100 9885 5 0
80200 460 9 1
80300 1216 7 0
80400 1565 8 0
80500 2326 8 1
80600 2245 7 1
80700 2258 6 0
80800 1065 4 0
80900 1968 4 0
81000 1958 4 0
81100 2234 5 0
81200 1976 4 0
81300 2160 6 1
81400 2510 5 0
81500 1866 7 0
81600 2542 4 0
81700 1482 4 0
81800 1046 6 1
81900 931 6 0
82000 682 6 0
82100 1576 4 0
82200 1492 6 0
82300 1105 5 0
82400 476 7 0
82500 1013 11 1
82600 1155 5 0
82700 1486 8 2
82800 1856 7 0
82900 1424 8 0
83000 1931 7 0
83100 1557 6 0
83200 1542 5 0
83300 220 6 0
83400 230 8 0
83500 301 7 1
83600 288 10 1
83700 9870 9 0
83800 963 9 1
83900 1386 8 1
84000 2118 8 0
84100 3087 8 0
84200 2117 7 0
84300 2212 7 1
84400 2557 8 1
84500 2995 7 1
84600 2392 5 0
84700 2053 8 0
84800 2073 8 0
84900 1853 10 0
85000 1142 9 0
85100 552 7 0
85200 8920 6 0
85300 8614 5 0
85400 9362 6 0
85500 8782 7 1
85600 7858 7 0
85700 7968 8 1
85800 8127 6 0
85900 9080 6 0
86000 8177 5 0
86100 9170 6 0
86200 9620 8 0
86300 9697 6 0
86400 8983 4 0
86500 8525 4 0
86600 8488 3 0
86700 8539 4 0
86800 8408 4 0
86900 6825 5 0
87000 7073 3 0
87100 6401 7 0
87200 6289 6 1
87300 5966 5 0
87400 5111 4 0
87500 4599 3 0
87600 4294 5 0
87700 4643 5 0
87800 4200 7 0
87900 4741 6 0
88000 5203 5 0
88100 6141 6 0
88200 5879 6 1
88300 5012 5 1
88400 5126 4 0
88500 5231 5 0
88600 5502 6 1
88700 5446 7 0
88800 5706 5 0
88900 7167 5 0
89000 8139 8 0
89100 8068 3 0
89200 7312 6 0
89300 8353 4 0
89400 7493 6 0
89500 6415 5 0
89600 6020 5 0
89700 5118 6 0
89800 5971 3 0
89900 5100 7 1
90000 5658 6 0
90100 6030 6 1
90200 5326 4 0
90300 4549 3 0
90400 4706 5 1
90500 4270 3 0
90600 4423 4 0
90700 4257 5 0
90800 5241 6 0
90900 4981 6 0
91000 5470 5 0
91100 5556 3 0
91200 5660 4 1
91300 5740 7 0
91400 4619 6 0
91500 3962 3 0
91600 5105 5 0
91700 4233 6 0
91800 5179 7 0
91900 4020 6 1
92000 2579 5 0
92100 2226 5 0
92200 2719 6 0
92300 3335 11 1
92400 2950 4 0
92500 2606 7 0
92600 3204 7 2
92700 3912 11 0
92800 3468 4 0
92900 4604 6 1
93000 6187 5 0
93100 5560 9 2
93200 5610 4 0
93300 4138 4 0
93400 3760 3 0
93500 3013 5 0
93600 3956 3 0
93700 4389 4 0
93800 3547 4 0
93900 3529 4 0
94000 2775 4 0
94100 4033 4 0
94200 2701 5 0
94300 3043 4 0
94400 3645 6 1
94500 3641 4 0
94600 3683 5 0
94700 3896 6 0
94800 4578 7 0
94900 4599 6 0
95000 4887 7 0
95100 4718 7 0
95200 5536 7 0
95300 4820 4 0
95400 5156 4 0
95500 5364 6 0
95600 4767 7 0
95700 5097 5 1
95800 4453 5 0
95900 4477 5 0
96000 4427 5 0
96100 4454 6 1
96200 4425 4 0
96300 4066 4 0
96400 3246 3 0
96500 3061 6 0
96600 2715 4 0
96700 2624 6 0
96800 2580 6 1
96900 2408 6 0
97000 2759 6 0
97100 3695 7 1
97200 3809 6 0
97300 4186 7 1
97400 4160 7 0
97500 4190 7 0
97600 4143 7 0
97700 4597 9 0
97800 4132 9 0
97900 3912 9 0
98000 3545 11 0
98100 3093 6 0
98200 3254 6 0
98300 3068 6 0
98400 2143 8 0
98500 2007 6 0
98600 2147 4 0
98700 2505 6 0
98800 2502 8 1
98900 2998 6 0
99000 3080 4 0
99100 3259 5 0
99200 4239 6 0
99300 4898 10 1
99400 3886 6 0
99500 3219 5 0
99600 3922 4 0
99700 3841 3 0
99800 4001 3 0
99900 4261 5 1
100000 3989 3 0
