99 10
100 10
199 1
200 1
299 10
300 4
399 75
400 70
499 53
500 66
599 161
600 182
699 350
700 361
799 336
800 356
899 612
900 620
999 314
1000 322
1099 644
1100 626
1199 293
1200 319
1299 196
1300 201
1399 87
1400 89
1499 52
1500 59
1599 85
1600 95
1699 6
1700 7
1799 57
1800 54
1899 285
1900 271
1999 310
2000 342
2099 332
2100 337
2199 252
2200 263
2299 312
2300 295
2399 564
2400 554
2499 541
2500 525
2599 616
2600 562
2699 362
2700 350
2799 117
2800 129
2899 109
2900 102
2999 85
3000 77
3099 124
3100 125
3199 283
3200 322
3299 450
3300 467
3399 397
3400 415
3499 228
3500 219
3599 39
3600 42
3699 42
3700 50
3799 14
3800 16
3899 15
3900 13
3999 0
4000 0
4099 0
4100 0
4199 115
4200 137
4299 53
4300 61
4399 41
4400 45
4499 1
4500 1
4599 9
4600 13
4699 94
4700 104
4799 161
4800 164
4899 120
4900 112
4999 42
5000 42
5099 13
5100 12
5199 214
5200 221
5299 167
5300 171
5399 50
5400 52
5499 56
5500 44
5599 1
5600 3
5699 17
5700 13
5799 30
5800 31
5899 45
5900 49
5999 76
6000 71
6099 0
6100 0
6199 0
6200 0
6299 5
6300 6
6399 2
6400 2
6499 2
6500 1
6599 0
6600 1
6699 71
6700 76
6799 75
6800 92
6899 123
6900 113
6999 137
7000 120
7099 275
7100 269
7199 508
7200 547
7299 286
7300 280
7399 336
7400 365
7499 307
7500 286
7599 91
7600 100
7699 19
7700 18
7799 7
7800 4
7899 20
7900 24
7999 62
8000 75
8099 16
8100 20
8199 0
8200 0
8299 2
8300 1
8399 0
8400 0
8499 60
8500 69
8599 3
8600 1
8699 25
8700 17
8799 37
8800 47
8899 6
8900 6
8999 3
9000 0
9099 41
9100 40
9199 68
9200 55
9299 112
9300 117
9399 420
9400 433
9499 344
9500 365
9599 419
9600 402
9699 615
9700 634
9799 466
9800 467
9899 444
9900 463
9999 123
10000 120
10099 4
10100 7
10199 4
10200 6
10299 20
10300 22
10399 5
10400 3
10499 26
10500 23
10599 14
10600 14
10699 60
10700 72
10799 50
10800 44
10899 89
10900 82
10999 306
11000 310
11099 261
11100 255
11199 556
11200 545
11299 803
11300 779
11399 989
11400 990
11499 893
11500 915
11599 699
11600 700
11699 452
11700 463
11799 757
11800 800
11899 938
11900 882
11999 1193
12000 1229
12099 1164
12100 1164
12199 1449
12200 1434
12299 1412
12300 1408
12399 1725
12400 1768
12499 2131
12500 2046
12599 1802
12600 1772
12699 1768
12700 1748
12799 2146
12800 2115
12899 2013
12900 1997
12999 2582
13000 2655
13099 2843
13100 2884
13199 2838
13200 2847
13299 2011
13300 2024
13399 1969
13400 2012
13499 2238
13500 2292
13599 2599
13600 2683
13699 2302
13700 2332
13799 2366
13800 2249
13899 2367
13900 2465
13999 2963
14000 2936
14099 3108
14100 3212
14199 3399
14200 3428
14299 3745
14300 3743
14399 4369
14400 4394
14499 4344
14500 4311
14599 4288
14600 4311
14699 4820
14700 4780
14799 5453
14800 5414
14899 5678
14900 5720
14999 5488
15000 5396
15099 4991
15100 5003
15199 5871
15200 5922
15299 6140
15300 6123
15399 7824
15400 7925
15499 6945
15500 7017
15599 5928
15600 5976
15699 6311
15700 6271
15799 5950
15800 5954
15899 6691
15900 6652
15999 6634
16000 6688
16099 6694
16100 6686
16199 6755
16200 6701
16299 6236
16300 6182
16399 5437
16400 5361
16499 5002
16500 4997
16599 5395
16600 5404
16699 6238
16700 6300
16799 7161
16800 7056
16899 7547
16900 7633
16999 7632
17000 7532
17099 5591
17100 5673
17199 5303
17200 5306
17299 6711
17300 6731
17399 5808
17400 5903
17499 4415
17500 4498
17599 4299
17600 4200
17699 4326
17700 4314
17799 3328
17800 3229
17899 4412
17900 4343
17999 4128
18000 4232
18099 4609
18100 4702
18199 3055
18200 2972
18299 2548
18300 2526
18399 3460
18400 3532
18499 3430
18500 3445
18599 3335
18600 3385
18699 4748
18700 4703
18799 4521
18800 4525
18899 2661
18900 2748
18999 1736
19000 1703
19099 1661
19100 1676
19199 1658
19200 1649
19299 2011
19300 2056
19399 3012
19400 3022
19499 3937
19500 3968
19599 3732
19600 3837
19699 3486
19700 3442
19799 4765
19800 4703
19899 5112
19900 5012
19999 4600
20000 4601
20099 4282
20100 4351
20199 5263
20200 5316
20299 4539
20300 4669
20399 4540
20400 4561
20499 4895
20500 4907
20599 4817
20600 4799
20699 5113
20700 5108
20799 4855
20800 4694
20899 3476
20900 3524
20999 3264
21000 3383
21099 3305
21100 3331
21199 3716
21200 3753
21299 3996
21300 4044
21399 3263
21400 3301
21499 3215
21500 3140
21599 4136
21600 3995
21699 4751
21700 4776
21799 5194
21800 5327
21899 4928
21900 4977
21999 6104
22000 6082
22099 6264
22100 6417
22199 6568
22200 6454
22299 5746
22300 5727
22399 5913
22400 5981
22499 7946
22500 8066
22599 7330
22600 7306
22699 8320
22700 8168
22799 6890
22800 6700
22899 6289
22900 6312
22999 6393
23000 6288
23099 5440
23100 5421
23199 6165
23200 6172
23299 5111
23300 5020
23399 4517
23400 4551
23499 4171
23500 4067
23599 5418
23600 5484
23699 6372
23700 6437
23799 7209
23800 7116
23899 8110
23900 8024
23999 8719
24000 8659
24099 8681
24100 8768
24199 8391
24200 8362
24299 8456
24300 8524
24399 7793
24400 7754
24499 9776
24500 9833
24599 191
24600 347
24699 972
24700 894
24799 9696
24800 9808
24899 225
24900 145
24999 9743
25000 9616
25099 9628
25100 9610
25199 9979
25200 111
25299 2064
25300 1985
25399 3494
25400 3582
25499 3808
25500 3728
25599 4322
25600 4492
25699 3835
25700 3722
25799 4205
25800 4123
25899 3274
25900 3165
25999 3284
26000 3251
26099 4563
26100 4545
26199 3853
26200 3920
26299 4548
26300 4508
26399 3875
26400 3980
26499 5473
26500 5447
26599 5733
26600 5816
26699 4223
26700 4055
26799 4095
26800 4073
26899 4796
26900 4735
26999 4055
27000 4123
27099 4566
27100 4623
27199 3838
27200 3769
27299 4341
27300 4332
27399 3647
27400 3592
27499 3261
27500 3229
27599 3596
27600 3635
27699 4998
27700 4917
27799 4892
27800 4844
27899 5249
27900 5001
27999 5431
28000 5324
28099 3946
28100 3910
28199 3235
28200 3159
28299 2877
28300 2898
28399 2950
28400 2749
28499 1105
28500 938
28599 1650
28600 1713
28699 1562
28700 1508
28799 2037
28800 1973
28899 2627
28900 2498
28999 2677
29000 2707
29099 2344
29100 2280
29199 1810
29200 1778
29299 953
29300 1120
29399 1318
29400 1203
29499 1779
29500 1758
29599 3040
29600 2997
29699 2564
29700 2742
29799 3472
29800 3419
29899 3455
29900 3482
29999 3094
30000 3153
30099 2522
30100 2581
30199 3668
30200 3630
30299 3679
30300 3655
30399 3116
30400 3149
30499 4368
30500 4380
30599 3623
30600 3698
30699 3588
30700 3494
30799 2354
30800 2349
30899 1385
30900 1351
30999 1567
31000 1584
31099 838
31100 904
31199 1571
31200 1500
31299 1059
31300 940
31399 1312
31400 1480
31499 1261
31500 1155
31599 756
31600 606
31699 9710
31700 9686
31799 9709
31800 9632
31899 8610
31900 8752
31999 9935
32000 9745
32099 9686
32100 9523
32199 8677
32200 8633
32299 6809
32300 6836
32399 9126
32400 9143
32499 7235
32500 7268
32599 7460
32600 7478
32699 7957
32700 8006
32799 7953
32800 8022
32899 7751
32900 7767
32999 8193
33000 8222
33099 7524
33100 7462
33199 7382
33200 7365
33299 7025
33300 7021
33399 7654
33400 7560
33499 7649
33500 7683
33599 7931
33600 7975
33699 642
33700 626
33799 9807
33800 9741
33899 6937
33900 6917
33999 6891
34000 6776
34099 7006
34100 7174
34199 6697
34200 6548
34299 7300
34300 7274
34399 8703
34400 8753
34499 8064
34500 7945
34599 976
34600 1074
34699 1782
34700 1798
34799 3409
34800 3465
34899 3168
34900 3158
34999 2447
35000 2442
35099 1805
35100 1663
35199 2038
35200 2197
35299 3475
35300 3499
35399 5282
35400 5400
35499 4866
35500 4953
35599 5547
35600 5577
35699 6084
35700 5990
35799 4893
35800 4944
35899 3620
35900 3563
35999 3459
36000 3358
36099 3271
36100 3219
36199 2502
36200 2504
36299 573
36300 588
36399 1529
36400 1691
36499 3831
36500 3723
36599 1883
36600 1965
36699 1709
36700 1749
36799 2573
36800 2570
36899 1418
36900 1271
36999 240
37000 366
37099 9166
37100 9082
37199 9824
37200 9753
37299 289
37300 487
37399 8675
37400 8596
37499 9212
37500 9271
37599 9622
37600 9734
37699 2022
37700 2013
37799 3215
37800 3316
37899 1541
37900 1593
37999 1499
38000 1675
38099 1624
38100 1586
38199 2055
38200 1958
38299 823
38300 852
38399 1407
38400 1513
38499 2857
38500 3058
38599 3486
38600 3476
38699 5326
38700 5387
38799 6157
38800 6228
38899 5261
38900 5304
38999 4843
39000 4534
39099 4711
39100 4853
39199 3667
39200 3676
39299 2000
39300 2028
39399 620
39400 582
39499 1010
39500 982
39599 650
39600 503
39699 3
39700 9999
39799 9984
39800 69
39899 651
39900 768
39999 699
40000 843
40099 699
40100 494
40199 538
40200 576
40299 711
40300 698
40399 201
40400 247
40499 8548
40500 8693
40599 7864
40600 7808
40699 8321
40700 8361
40799 7958
40800 8041
40899 7418
40900 7487
40999 7697
41000 7884
41099 7785
41100 7917
41199 5681
41200 5803
41299 5529
41300 5673
41399 6911
41400 7027
41499 6603
41500 6557
41599 4733
41600 4615
41699 4167
41700 4046
41799 3556
41800 3511
41899 3900
41900 3926
41999 4090
42000 4049
42099 4626
42100 4617
42199 3708
42200 3693
42299 3651
42300 3565
42399 4650
42400 4743
42499 4423
42500 4425
42599 4002
42600 4023
42699 3693
42700 3679
42799 4030
42800 4007
42899 3886
42900 3830
42999 4969
43000 5039
43099 5297
43100 5260
43199 5099
43200 5076
43299 4661
43300 4713
43399 4915
43400 4930
43499 5106
43500 5185
43599 4795
43600 4692
43699 5495
43700 5512
43799 5339
43800 5321
43899 5366
43900 5404
43999 5982
44000 5917
44099 6383
44100 6429
44199 6995
44200 7064
44299 6768
44300 6749
44399 6826
44400 6728
44499 6618
44500 6571
44599 5321
44600 5476
44699 4797
44700 4808
44799 4526
44800 4483
44899 4638
44900 4536
44999 4555
45000 4607
45099 4828
45100 4844
45199 4710
45200 4747
45299 4823
45300 4869
45399 4467
45400 4550
45499 4243
45500 4266
45599 3474
45600 3465
45699 3073
45700 3118
45799 3424
45800 3387
45899 3249
45900 3263
45999 3245
46000 3301
46099 3534
46100 3495
46199 3201
46200 3270
46299 4207
46300 4154
46399 4246
46400 4220
46499 4180
46500 4210
46599 4195
46600 4101
46699 4669
46700 4666
46799 5381
46800 5452
46899 5629
46900 5601
46999 5435
47000 5339
47099 6007
47100 6001
47199 6702
47200 6777
47299 6754
47300 6737
47399 5780
47400 5880
47499 6334
47500 6200
47599 5792
47600 5800
47699 5407
47700 5551
47799 5976
47800 5944
47899 5441
47900 5470
47999 5364
48000 5312
48099 3877
48100 3765
48199 3073
48200 3045
48299 3183
48300 3135
48399 3665
48400 3654
48499 3491
48500 3490
48599 2977
48600 3013
48699 3046
48700 3134
48799 3296
48800 3271
48899 3450
48900 3477
48999 3126
49000 3114
49099 3112
49100 3091
49199 4837
49200 4788
49299 3560
49300 3543
49399 3659
49400 3583
49499 4365
49500 4363
49599 3796
49600 3786
49699 3146
49700 3175
49799 3016
49800 3064
49899 3772
49900 3799
49999 3327
50000 3309
50099 4084
50100 4081
50199 4174
50200 4151
50299 3593
50300 3603
50399 2878
50400 2845
50499 2634
50500 2667
50599 2898
50600 2861
50699 3899
50700 3881
50799 3644
50800 3651
50899 3016
50900 3049
50999 2879
51000 2948
51099 2074
51100 2078
51199 1679
51200 1681
51299 1560
51300 1612
51399 1496
51400 1477
51499 1514
51500 1448
51599 1881
51600 1814
51699 1918
51700 1910
51799 1764
51800 1785
51899 1223
51900 1188
51999 1474
52000 1480
52099 1046
52100 1046
52199 1068
52200 1097
52299 928
52300 947
52399 1665
52400 1661
52499 1623
52500 1593
52599 1234
52600 1275
52699 707
52700 669
52799 863
52800 914
52899 404
52900 405
52999 253
53000 238
53099 291
53100 293
53199 308
53200 320
53299 201
53300 205
53399 154
53400 148
53499 170
53500 176
53599 158
53600 177
53699 16
53700 21
53799 2
53800 0
53899 2
53900 1
53999 13
54000 10
54099 0
54100 0
54199 8
54200 4
54299 68
54300 75
54399 12
54400 10
54499 3
54500 2
54599 80
54600 84
54699 185
54700 186
54799 142
54800 134
54899 336
54900 325
54999 359
55000 379
55099 208
55100 214
55199 274
55200 296
55299 220
55300 243
55399 194
55400 166
55499 155
55500 149
55599 152
55600 173
55699 199
55700 220
55799 186
55800 190
55899 260
55900 247
55999 238
56000 243
56099 191
56100 208
56199 404
56200 420
56299 394
56300 375
56399 703
56400 697
56499 1254
56500 1252
56599 1519
56600 1538
56699 1801
56700 1800
56799 1400
56800 1400
56899 1298
56900 1292
56999 1452
57000 1405
57099 1153
57100 1147
57199 983
57200 945
57299 911
57300 960
57399 956
57400 978
57499 1525
57500 1578
57599 1681
57600 1603
57699 1036
57700 1032
57799 458
57800 449
57899 329
57900 335
57999 180
58000 185
58099 195
58100 185
58199 427
58200 421
58299 646
58300 641
58399 508
58400 551
58499 553
58500 540
58599 671
58600 677
58699 630
58700 618
58799 425
58800 442
58899 230
58900 224
58999 140
59000 142
59099 507
59100 478
59199 239
59200 230
59299 232
59300 230
59399 207
59400 218
59499 354
59500 364
59599 503
59600 472
59699 615
59700 666
59799 580
59800 583
59899 380
59900 410
59999 145
60000 137
60099 118
60100 139
60199 59
60200 48
60299 1
60300 1
60399 25
60400 31
60499 161
60500 149
60599 159
60600 179
60699 269
60700 261
60799 130
60800 135
60899 247
60900 241
60999 148
61000 152
61099 220
61100 194
61199 420
61200 401
61299 418
61300 430
61399 445
61400 428
61499 185
61500 195
61599 207
61600 211
61699 829
61700 835
61799 469
61800 523
61899 599
61900 589
61999 574
62000 554
62099 239
62100 245
62199 66
62200 73
62299 102
62300 109
62399 22
62400 31
62499 3
62500 3
62599 1
62600 2
62699 1
62700 1
62799 2
62800 0
62899 54
62900 55
62999 70
63000 65
63099 50
63100 33
63199 85
63200 93
63299 167
63300 160
63399 326
63400 332
63499 259
63500 260
63599 175
63600 190
63699 495
63700 493
63799 217
63800 176
63899 216
63900 217
63999 354
64000 380
64099 497
64100 522
64199 247
64200 266
64299 173
64300 196
64399 131
64400 130
64499 59
64500 67
64599 20
64600 20
64699 4
64700 3
64799 122
64800 135
64899 55
64900 47
64999 40
65000 38
65099 57
65100 59
65199 58
65200 55
65299 65
65300 76
65399 279
65400 304
65499 249
65500 248
65599 254
65600 222
65699 289
65700 303
65799 268
65800 281
65899 764
65900 772
65999 997
66000 1000
66099 1470
66100 1496
66199 1798
66200 1863
66299 1613
66300 1615
66399 826
66400 807
66499 531
66500 529
66599 454
66600 450
66699 263
66700 276
66799 170
66800 145
66899 165
66900 170
66999 261
67000 233
67099 310
67100 306
67199 335
67200 348
67299 436
67300 437
67399 451
67400 453
67499 528
67500 512
67599 658
67600 650
67699 913
67700 936
67799 734
67800 690
67899 492
67900 488
67999 579
68000 581
68099 619
68100 562
68199 500
68200 485
68299 598
68300 628
68399 712
68400 711
68499 875
68500 899
68599 731
68600 748
68699 533
68700 512
68799 768
68800 738
68899 877
68900 873
68999 1387
69000 1347
69099 787
69100 804
69199 1105
69200 1078
69299 1497
69300 1505
69399 1489
69400 1472
69499 1971
69500 2038
69599 1818
69600 1807
69699 2680
69700 2536
69799 1955
69800 2018
69899 2357
69900 2363
69999 2705
70000 2822
70099 2963
70100 2950
70199 2712
70200 2748
70299 2679
70300 2671
70399 2182
70400 2161
70499 2624
70500 2583
70599 2345
70600 2380
70699 2373
70700 2308
70799 2559
70800 2497
70899 3317
70900 3356
70999 3450
71000 3464
71099 3798
71100 3749
71199 3193
71200 3129
71299 2837
71300 2818
71399 2418
71400 2396
71499 2458
71500 2372
71599 2077
71600 2024
71699 2348
71700 2346
71799 2533
71800 2534
71899 2644
71900 2696
71999 2626
72000 2615
72099 2244
72100 2174
72199 2692
72200 2759
72299 2453
72300 2427
72399 2578
72400 2606
72499 1555
72500 1578
72599 1730
72600 1735
72699 1699
72700 1629
72799 1550
72800 1611
72899 823
72900 857
72999 825
73000 758
73099 556
73100 594
73199 337
73200 323
73299 270
73300 235
73399 125
73400 123
73499 5
73500 8
73599 1
73600 1
73699 0
73700 0
73799 16
73800 16
73899 0
73900 0
73999 26
74000 33
74099 88
74100 76
74199 210
74200 221
74299 185
74300 172
74399 227
74400 244
74499 386
74500 369
74599 358
74600 378
74699 212
74700 201
74799 120
74800 116
74899 129
74900 154
74999 5
75000 4
75099 4
75100 10
75199 80
75200 88
75299 2
75300 2
75399 14
75400 11
75499 103
75500 100
75599 250
75600 254
75699 186
75700 179
75799 39
75800 40
75899 56
75900 63
75999 187
76000 152
76099 170
76100 171
76199 169
76200 170
76299 291
76300 279
76399 212
76400 173
76499 247
76500 262
76599 138
76600 129
76699 70
76700 77
76799 74
76800 68
76899 76
76900 75
76999 7
77000 8
77099 2
77100 3
77199 3
77200 1
77299 0
77300 1
77399 60
77400 55
77499 0
77500 0
77599 62
77600 71
77699 23
77700 19
77799 0
77800 0
77899 25
77900 21
77999 15
78000 19
78099 2
78100 3
78199 12
78200 13
78299 54
78300 54
78399 44
78400 43
78499 102
78500 106
78599 14
78600 13
78699 0
78700 1
78799 5
78800 8
78899 1
78900 2
78999 5
79000 5
79099 28
79100 32
79199 370
79200 394
79299 346
79300 329
79399 215
79400 226
79499 93
79500 94
79599 100
79600 120
79699 279
79700 271
79799 367
79800 357
79899 458
79900 458
79999 562
80000 559
80099 442
80100 475
80199 815
80200 850
80299 1078
80300 1088
80399 925
80400 879
80499 801
80500 752
80599 1209
80600 1136
80699 1147
80700 1183
80799 1357
80800 1333
80899 1690
80900 1668
80999 939
81000 935
81099 966
81100 971
81199 1190
81200 1184
81299 1066
81300 1035
81399 1101
81400 1115
81499 1212
81500 1200
81599 1032
81600 1054
81699 985
81700 1027
81799 1052
81800 1064
81899 990
81900 992
81999 402
82000 388
82099 424
82100 400
82199 335
82200 346
82299 215
82300 203
82399 68
82400 67
82499 213
82500 221
82599 160
82600 152
82699 94
82700 103
82799 48
82800 36
82899 4
82900 1
82999 129
83000 139
83099 31
83100 35
83199 5
83200 5
83299 0
83300 1
83399 31
83400 37
83499 24
83500 23
83599 77
83600 87
83699 0
83700 0
83799 16
83800 14
83899 110
83900 116
83999 89
84000 73
84099 117
84100 88
84199 4
84200 6
84299 94
84300 89
84399 68
84400 76
84499 74
84500 86
84599 333
84600 340
84699 537
84700 551
84799 260
84800 239
84899 384
84900 417
84999 482
85000 492
85099 359
85100 351
85199 205
85200 196
85299 400
85300 397
85399 224
85400 236
85499 226
85500 218
85599 350
85600 337
85699 394
85700 369
85799 540
85800 529
85899 428
85900 439
85999 908
86000 890
86099 987
86100 1020
86199 926
86200 892
86299 910
86300 929
86399 1015
86400 991
86499 1141
86500 1170
86599 1409
86600 1449
86699 1756
86700 1776
86799 1045
86800 1066
86899 753
86900 746
86999 730
87000 765
87099 690
87100 698
87199 623
87200 618
87299 485
87300 485
87399 388
87400 395
87499 468
87500 469
87599 515
87600 503
87699 714
87700 763
87799 979
87800 997
87899 998
87900 1076
87999 1001
88000 991
88099 1031
88100 1049
88199 849
88200 847
88299 629
88300 619
88399 347
88400 344
88499 557
88500 583
88599 763
88600 762
88699 681
88700 692
88799 727
88800 701
88899 829
88900 819
88999 835
89000 810
89099 622
89100 637
89199 1004
89200 1005
89299 775
89300 757
89399 689
89400 706
89499 596
89500 576
89599 566
89600 558
89699 551
89700 544
89799 363
89800 355
89899 460
89900 487
89999 521
90000 535
90099 292
90100 310
90199 287
90200 291
90299 115
90300 102
90399 56
90400 62
90499 159
90500 153
90599 228
90600 224
90699 201
90700 212
90799 120
90800 130
90899 164
90900 152
90999 28
91000 19
91099 55
91100 50
91199 35
91200 32
91299 0
91300 0
91399 2
91400 2
91499 0
91500 0
91599 9
91600 11
91699 63
91700 62
91799 10
91800 10
91899 63
91900 53
91999 8
92000 12
92099 0
92100 0
92199 6
92200 8
92299 18
92300 27
92399 381
92400 364
92499 258
92500 250
92599 299
92600 289
92699 217
92700 216
92799 34
92800 34
92899 15
92900 19
92999 30
93000 34
93099 45
93100 38
93199 17
93200 16
93299 64
93300 64
93399 291
93400 303
93499 340
93500 349
93599 700
93600 726
93699 691
93700 701
93799 961
93800 953
93899 686
93900 637
93999 499
94000 495
94099 350
94100 360
94199 330
94200 358
94299 113
94300 110
94399 134
94400 137
94499 451
94500 475
94599 389
94600 396
94699 367
94700 372
94799 534
94800 518
94899 235
94900 204
94999 52
95000 50
95099 0
95100 0
95199 18
95200 18
95299 1
95300 1
95399 5
95400 10
95499 132
95500 128
95599 268
95600 245
95699 279
95700 295
95799 348
95800 344
95899 269
95900 261
95999 534
96000 494
96099 682
96100 676
96199 457
96200 453
96299 673
96300 671
96399 687
96400 667
96499 779
96500 771
96599 597
96600 529
96699 404
96700 445
96799 338
96800 374
96899 213
96900 178
96999 177
97000 174
97099 394
97100 386
97199 235
97200 214
97299 293
97300 284
97399 293
97400 299
97499 312
97500 317
97599 655
97600 686
97699 580
97700 568
97799 545
97800 528
97899 350
97900 334
97999 370
98000 360
98099 370
98100 377
98199 635
98200 624
98299 281
98300 321
98399 139
98400 165
98499 214
98500 228
98599 202
98600 221
98699 297
98700 298
98799 890
98800 892
98899 1177
98900 1141
98999 1714
99000 1682
99099 1306
99100 1298
99199 961
99200 965
99299 1045
99300 1046
99399 727
99400 728
99499 478
99500 482
99599 311
99600 295
99699 428
99700 440
99799 399
99800 410
99899 328
99900 320
99999 426
100000 413
