99 2
100 3
199 0
200 0
299 84
300 82
399 183
400 217
499 304
500 323
599 301
600 283
699 445
700 439
799 165
800 157
899 247
900 273
999 265
1000 264
1099 396
1100 403
1199 712
1200 744
1299 969
1300 925
1399 656
1400 614
1499 498
1500 517
1599 747
1600 723
1699 696
1700 704
1799 1030
1800 1030
1899 926
1900 927
1999 997
2000 962
2099 662
2100 697
2199 591
2200 610
2299 828
2300 825
2399 547
2400 506
2499 836
2500 795
2599 737
2600 764
2699 703
2700 674
2799 848
2800 815
2899 1517
2900 1556
2999 1826
3000 1836
3099 1991
3100 1970
3199 1763
3200 1729
3299 1457
3300 1453
3399 1259
3400 1279
3499 1531
3500 1517
3599 1565
3600 1595
3699 939
3700 941
3799 1066
3800 1107
3899 1150
3900 1199
3999 1407
4000 1406
4099 1127
4100 1124
4199 912
4200 932
4299 1270
4300 1252
4399 830
4400 838
4499 1053
4500 1088
4599 1431
4600 1451
4699 1211
4700 1136
4799 1330
4800 1325
4899 1445
4900 1407
4999 1102
5000 1118
5099 1342
5100 1337
5199 1120
5200 1103
5299 886
5300 873
5399 1352
5400 1360
5499 1366
5500 1278
5599 1438
5600 1460
5699 1208
5700 1219
5799 1499
5800 1474
5899 1598
5900 1616
5999 1274
6000 1296
6099 1544
6100 1580
6199 1114
6200 1091
6299 1429
6300 1366
6399 1670
6400 1635
6499 1790
6500 1718
6599 2514
6600 2591
6699 2026
6700 1966
6799 1300
6800 1313
6899 2024
6900 1971
6999 2209
7000 2229
7099 2118
7100 2166
7199 2712
7200 2674
7299 1672
7300 1687
7399 1630
7400 1771
7499 2337
7500 2351
7599 2174
7600 2225
7699 2662
7700 2621
7799 2545
7800 2522
7899 2387
7900 2335
7999 2392
8000 2420
8099 2044
8100 2019
8199 1533
8200 1483
8299 1905
8300 1923
8399 1702
8400 1653
8499 1861
8500 1828
8599 1573
8600 1560
8699 1181
8700 1181
8799 763
8800 744
8899 869
8900 862
8999 714
9000 706
9099 770
9100 783
9199 1025
9200 1013
9299 660
9300 692
9399 958
9400 920
9499 1046
9500 1010
9599 1132
9600 1097
9699 932
9700 928
9799 1187
9800 1172
9899 1983
9900 1977
9999 2325
10000 2394
10099 2587
10100 2591
10199 3168
10200 3127
10299 3275
10300 3360
10399 2310
10400 2314
10499 1926
10500 1986
10599 2511
10600 2497
10699 2279
10700 2244
10799 1809
10800 1793
10899 2090
10900 2147
10999 2517
11000 2565
11099 2818
11100 2887
11199 3044
11200 2947
11299 2722
11300 2775
11399 2804
11400 2867
11499 3171
11500 3200
11599 3434
11600 3424
11699 3428
11700 3481
11799 3065
11800 3042
11899 4323
11900 4373
11999 4633
12000 4652
12099 3248
12100 3187
12199 3613
12200 3724
12299 3545
12300 3636
12399 3998
12400 4087
12499 5110
12500 5057
12599 4331
12600 4315
12699 5043
12700 5116
12799 5312
12800 5321
12899 5583
12900 5612
12999 5571
13000 5570
13099 5603
13100 5585
13199 5737
13200 5750
13299 5954
13300 5901
13399 6702
13400 6608
13499 6470
13500 6421
13599 5543
13600 5552
13699 6256
13700 6159
13799 5449
13800 5509
13899 5227
13900 5296
13999 5694
14000 5638
14099 6439
14100 6401
14199 6212
14200 6236
14299 5594
14300 5557
14399 5850
14400 5950
14499 7441
14500 7374
14599 6998
14600 6982
14699 6395
14700 6345
14799 6985
14800 6784
14899 6201
14900 6224
14999 5356
15000 5363
15099 5172
15100 5160
15199 5454
15200 5395
15299 4770
15300 4650
15399 4078
15400 4111
15499 4145
15500 4162
15599 4030
15600 4094
15699 4843
15700 4823
15799 4978
15800 5053
15899 4305
15900 4321
15999 4984
16000 4962
16099 4664
16100 4758
16199 5427
16200 5451
16299 6030
16300 6064
16399 6102
16400 6187
16499 6365
16500 6430
16599 6808
16600 6716
16699 7411
16700 7424
16799 6609
16800 6588
16899 5252
16900 5183
16999 4455
17000 4421
17099 4583
17100 4537
17199 4399
17200 4379
17299 4591
17300 4558
17399 4949
17400 4891
17499 4556
17500 4583
17599 4602
17600 4505
17699 4650
17700 4713
17799 5064
17800 5042
17899 5004
17900 5047
17999 4940
18000 4922
18099 5078
18100 5181
18199 6401
18200 6433
18299 5650
18300 5682
18399 5756
18400 5748
18499 7008
18500 7060
18599 7539
18600 7610
18699 6891
18700 6912
18799 6680
18800 6684
18899 7032
18900 7013
18999 7564
19000 7557
19099 7760
19100 7746
19199 7743
19200 7761
19299 7180
19300 7263
19399 6861
19400 6814
19499 7791
19500 7862
19599 7352
19600 7319
19699 8120
19700 8107
19799 8711
19800 8691
19899 8334
19900 8315
19999 8241
20000 8243
20099 8830
20100 8979
20199 8001
20200 8004
20299 8325
20300 8281
20399 7707
20400 7748
20499 7137
20500 7097
20599 7034
20600 7047
20699 7044
20700 7076
20799 6664
20800 6676
20899 8624
20900 8647
20999 8919
21000 8935
21099 9205
21100 9304
21199 9526
21200 9595
21299 8024
21300 8072
21399 7940
21400 7997
21499 8298
21500 8262
21599 9736
21600 9961
21699 9493
21700 9543
21799 382
21800 408
21899 535
21900 638
21999 536
22000 399
22099 9623
22100 9460
22199 8779
22200 8782
22299 8295
22300 8310
22399 8944
22400 8740
22499 9526
22500 9635
22599 9038
22600 8997
22699 9522
22700 9467
22799 9015
22800 9057
22899 8596
22900 8600
22999 9262
23000 9255
23099 8798
23100 8700
23199 8350
23200 8304
23299 7764
23300 7754
23399 7241
23400 7055
23499 5884
23500 5852
23599 5561
23600 5550
23699 4193
23700 4290
23799 3275
23800 3242
23899 2839
23900 2851
23999 3723
24000 3732
24099 3827
24100 3848
24199 3359
24200 3421
24299 3013
24300 2900
24399 3914
24400 3887
24499 4248
24500 4247
24599 5292
24600 5295
24699 5668
24700 5618
24799 6208
24800 6263
24899 6904
24900 6877
24999 5790
25000 5777
25099 6533
25100 6584
25199 7323
25200 7372
25299 8450
25300 8466
25399 8729
25400 8751
25499 8334
25500 8291
25599 8569
25600 8660
25699 8365
25700 8444
25799 8927
25800 9021
25899 7471
25900 7481
25999 7338
26000 7490
26099 8267
26100 8172
26199 7709
26200 7648
26299 8435
26300 8380
26399 8300
26400 8330
26499 9449
26500 9605
26599 9059
26600 9005
26699 8735
26700 8778
26799 9071
26800 8975
26899 9616
26900 9575
26999 9426
27000 9289
27099 8000
27100 7986
27199 8787
27200 8858
27299 8388
27300 8439
27399 8731
27400 8566
27499 8479
27500 8486
27599 9271
27600 9349
27699 9699
27700 9627
27799 940
27800 988
27899 776
27900 767
27999 2002
28000 2025
28099 3257
28100 3200
28199 4079
28200 4074
28299 4572
28300 4681
28399 4604
28400 4716
28499 5523
28500 5603
28599 6414
28600 6489
28699 6452
28700 6377
28799 7380
28800 7369
28899 7026
28900 7024
28999 6435
29000 6480
29099 7266
29100 7224
29199 6627
29200 6670
29299 6480
29300 6464
29399 6368
29400 6543
29499 6034
29500 5935
29599 4565
29600 4572
29699 4644
29700 4650
29799 4309
29800 4485
29899 5253
29900 5217
29999 5635
30000 5535
30099 5777
30100 5754
30199 6369
30200 6270
30299 5241
30300 5258
30399 5140
30400 5118
30499 3674
30500 3577
30599 3666
30600 3728
30699 3729
30700 3893
30799 3656
30800 3587
30899 4168
30900 4156
30999 4790
31000 4768
31099 5067
31100 5067
31199 4437
31200 4440
31299 3066
31300 3196
31399 2025
31400 1816
31499 1474
31500 1448
31599 2818
31600 2874
31699 3754
31700 3755
31799 2837
31800 2794
31899 2667
31900 2663
31999 2219
32000 2325
32099 1604
32100 1762
32199 2594
32200 2524
32299 478
32300 456
32399 1555
32400 1576
32499 2639
32500 2505
32599 3146
32600 3175
32699 989
32700 908
32799 2532
32800 2502
32899 2991
32900 3088
32999 891
33000 857
33099 1826
33100 1969
33199 1690
33200 1714
33299 2377
33300 2438
33399 2742
33400 2722
33499 1704
33500 1713
33599 2563
33600 2637
33699 1697
33700 1685
33799 1252
33800 1244
33899 997
33900 1075
33999 429
34000 457
34099 988
34100 910
34199 2083
34200 2104
34299 3452
34300 3518
34399 4280
34400 4280
34499 3925
34500 3765
34599 3671
34600 3695
34699 3988
34700 3937
34799 3729
34800 3828
34899 4201
34900 4273
34999 5093
35000 5126
35099 4846
35100 4833
35199 4781
35200 4901
35299 5538
35300 5554
35399 5712
35400 5695
35499 6036
35500 5880
35599 6202
35600 6181
35699 6344
35700 6471
35799 6628
35800 6573
35899 6111
35900 5972
35999 4165
36000 4283
36099 3751
36100 3796
36199 3287
36200 3228
36299 4042
36300 3990
36399 4446
36400 4423
36499 4339
36500 4240
36599 4528
36600 4400
36699 2906
36700 2764
36799 2718
36800 2528
36899 2725
36900 2702
36999 3179
37000 3154
37099 3829
37100 3897
37199 4152
37200 4106
37299 2886
37300 2946
37399 2467
37400 2388
37499 1139
37500 1302
37599 1663
37600 1675
37699 9681
37700 9780
37799 9087
37800 9113
37899 8776
37900 8713
37999 8805
38000 8688
38099 8733
38100 8735
38199 9133
38200 9122
38299 8720
38300 8825
38399 7399
38400 7488
38499 7621
38500 7623
38599 7831
38600 7807
38699 7854
38700 7808
38799 8519
38800 8587
38899 9170
38900 9108
38999 9005
39000 9021
39099 7684
39100 7599
39199 9141
39200 9193
39299 8988
39300 8986
39399 8681
39400 8649
39499 8290
39500 8267
39599 7600
39600 7507
39699 6798
39700 6758
39799 7396
39800 7540
39899 7118
39900 7202
39999 7174
40000 7143
40099 7029
40100 6985
40199 6864
40200 6837
40299 5790
40300 5720
40399 5318
40400 5248
40499 4871
40500 4797
40599 4951
40600 4948
40699 6128
40700 6195
40799 7548
40800 7600
40899 7587
40900 7592
40999 7495
41000 7406
41099 6379
41100 6466
41199 6626
41200 6652
41299 6197
41300 6239
41399 5538
41400 5595
41499 5376
41500 5439
41599 4675
41600 4747
41699 4511
41700 4495
41799 4735
41800 4668
41899 5116
41900 5094
41999 4081
42000 4094
42099 3361
42100 3394
42199 3282
42200 3287
42299 3056
42300 3082
42399 2607
42400 2506
42499 3767
42500 3772
42599 3456
42600 3398
42699 3274
42700 3228
42799 3520
42800 3521
42899 4333
42900 4226
42999 4383
43000 4309
43099 4898
43100 4987
43199 5268
43200 5254
43299 5173
43300 5042
43399 5263
43400 5225
43499 6039
43500 6110
43599 6288
43600 6326
43699 7369
43700 7432
43799 6592
43800 6630
43899 7362
43900 7320
43999 7277
44000 7343
44099 8191
44100 8142
44199 7322
44200 7325
44299 7189
44300 7327
44399 7625
44400 7654
44499 7905
44500 7899
44599 6982
44600 6992
44699 7382
44700 7269
44799 6399
44800 6472
44899 5851
44900 5876
44999 5945
45000 5967
45099 6890
45100 6981
45199 6255
45200 6288
45299 6413
45300 6413
45399 6908
45400 6952
45499 6827
45500 6882
45599 6373
45600 6326
45699 6942
45700 7094
45799 7122
45800 7077
45899 7146
45900 7124
45999 7268
46000 7280
46099 7660
46100 7732
46199 8361
46200 8341
46299 8696
46300 8749
46399 9434
46400 9527
46499 9943
46500 45
46599 815
46600 899
46699 858
46700 838
46799 908
46800 869
46899 695
46900 775
46999 247
47000 254
47099 77
47100 42
47199 9293
47200 9259
47299 8312
47300 8166
47399 7561
47400 7468
47499 7907
47500 7896
47599 7874
47600 7871
47699 8021
47700 7967
47799 8131
47800 8147
47899 7496
47900 7425
47999 7936
48000 8011
48099 7873
48100 7922
48199 8833
48200 8746
48299 443
48300 430
48399 1128
48400 1133
48499 1414
48500 1313
48599 2065
48600 2157
48699 2945
48700 2913
48799 266
48800 299
48899 9243
48900 9261
48999 9042
49000 9028
49099 446
49100 340
49199 9707
49200 9503
49299 9546
49300 9447
49399 9666
49400 9597
49499 9527
49500 9642
49599 9013
49600 9135
49699 9596
49700 9672
49799 9098
49800 9121
49899 7800
49900 7849
49999 7487
50000 7478
50099 7732
50100 7711
50199 7991
50200 7834
50299 7650
50300 7702
50399 6710
50400 6723
50499 7060
50500 7104
50599 6725
50600 6793
50699 6303
50700 6303
50799 6151
50800 6153
50899 5987
50900 5954
50999 7922
51000 7933
51099 8156
51100 8115
51199 8389
51200 8270
51299 8181
51300 8267
51399 8383
51400 8355
51499 8751
51500 8695
51599 9730
51600 9833
51699 22
51700 83
51799 9298
51800 9326
51899 9548
51900 9468
51999 8890
52000 8975
52099 9767
52100 9742
52199 644
52200 740
52299 316
52300 320
52399 318
52400 369
52499 1488
52500 1591
52599 2345
52600 2289
52699 3114
52700 3246
52799 4116
52800 4054
52899 3971
52900 3965
52999 3913
53000 4009
53099 4048
53100 4129
53199 3984
53200 3988
53299 4145
53300 4206
53399 3721
53400 3783
53499 4992
53500 5004
53599 5214
53600 5220
53699 5854
53700 5846
53799 5789
53800 5775
53899 6322
53900 6394
53999 6173
54000 6282
54099 7919
54100 7938
54199 8087
54200 8169
54299 7052
54300 6884
54399 7692
54400 7661
54499 8608
54500 8621
54599 7988
54600 8014
54699 7537
54700 7446
54799 7543
54800 7568
54899 6846
54900 6729
54999 6202
55000 6275
55099 6339
55100 6322
55199 6579
55200 6704
55299 5022
55300 5061
55399 4751
55400 4708
55499 4633
55500 4640
55599 4836
55600 4816
55699 6165
55700 6032
55799 4939
55800 4950
55899 5388
55900 5443
55999 5525
56000 5382
56099 5492
56100 5434
56199 5606
56200 5761
56299 4854
56300 4923
56399 5837
56400 5804
56499 4536
56500 4552
56599 3870
56600 3830
56699 4412
56700 4391
56799 4333
56800 4446
56899 3057
56900 3030
56999 1764
57000 1826
57099 2345
57100 2290
57199 1768
57200 1620
57299 889
57300 637
57399 806
57400 843
57499 1193
57500 1153
57599 724
57600 670
57699 1217
57700 1097
57799 456
57800 453
57899 786
57900 707
57999 2136
58000 2076
58099 2467
58100 2434
58199 2247
58200 2240
58299 3102
58300 3034
58399 3680
58400 3631
58499 3496
58500 3426
58599 2789
58600 2688
58699 3511
58700 3618
58799 3404
58800 3438
58899 3359
58900 3386
58999 4444
59000 4487
59099 4406
59100 4422
59199 3042
59200 3205
59299 3008
59300 3025
59399 3852
59400 3841
59499 5288
59500 5222
59599 4147
59600 3988
59699 2430
59700 2505
59799 2904
59800 2969
59899 4253
59900 4241
59999 4528
60000 4695
60099 4687
60100 4813
60199 5209
60200 5194
60299 6248
60300 6319
60399 4749
60400 4686
60499 3564
60500 3543
60599 4209
60600 4338
60699 4071
60700 3980
60799 3723
60800 3660
60899 3530
60900 3529
60999 4351
61000 4527
61099 6418
61100 6371
61199 6271
61200 6413
61299 4901
61300 4871
61399 5655
61400 5582
61499 4455
61500 4510
61599 2983
61600 3025
61699 1913
61700 2003
61799 3949
61800 3869
61899 3965
61900 4209
61999 4215
62000 4289
62099 5877
62100 5971
62199 2650
62200 2543
62299 1113
62300 1126
62399 2231
62400 2215
62499 1250
62500 1440
62599 1151
62600 1090
62699 1143
62700 1090
62799 2569
62800 2599
62899 2259
62900 2356
62999 2893
63000 2794
63099 3168
63100 3170
63199 3029
63200 3066
63299 3931
63300 3903
63399 4200
63400 4145
63499 3345
63500 3253
63599 3229
63600 3108
63699 2242
63700 2216
63799 1353
63800 1468
63899 693
63900 838
63999 393
64000 279
64099 888
64100 760
64199 1353
64200 1322
64299 1570
64300 1599
64399 1936
64400 1832
64499 2166
64500 2082
64599 1769
64600 1821
64699 2752
64700 2686
64799 3387
64800 3413
64899 3805
64900 3922
64999 4541
65000 4598
65099 5383
65100 5312
65199 4682
65200 4686
65299 5140
65300 5200
65399 5449
65400 5544
65499 5894
65500 5848
65599 4680
65600 4560
65699 5056
65700 5008
65799 5335
65800 5302
65899 6011
65900 5970
65999 6198
66000 6170
66099 6843
66100 6887
66199 7220
66200 7230
66299 7621
66300 7544
66399 7377
66400 7336
66499 6782
66500 6744
66599 5991
66600 6072
66699 5147
66700 5091
66799 5611
66800 5585
66899 4744
66900 4690
66999 5703
67000 5732
67099 4925
67100 4827
67199 4772
67200 4758
67299 5134
67300 5016
67399 4843
67400 4816
67499 4551
67500 4569
67599 5467
67600 5517
67699 3998
67700 4029
67799 5038
67800 5002
67899 5696
67900 5605
67999 5659
68000 5687
68099 5277
68100 5258
68199 5738
68200 5772
68299 5924
68300 5812
68399 5199
68400 5126
68499 5289
68500 5294
68599 5128
68600 5192
68699 5159
68700 5129
68799 4270
68800 4328
68899 3874
68900 3880
68999 3524
69000 3569
69099 4127
69100 4149
69199 3428
69200 3416
69299 3923
69300 3941
69399 3770
69400 3747
69499 3507
69500 3469
69599 3790
69600 3750
69699 3070
69700 3055
69799 3610
69800 3604
69899 4131
69900 4146
69999 4525
70000 4651
70099 5277
70100 5284
70199 5694
70200 5663
70299 5122
70300 5263
70399 4626
70400 4526
70499 4931
70500 4980
70599 4471
70600 4459
70699 4842
70700 4947
70799 6196
70800 6241
70899 5952
70900 5917
70999 6029
71000 5916
71099 6161
71100 6160
71199 7182
71200 7195
71299 6788
71300 6758
71399 7026
71400 7056
71499 6954
71500 6982
71599 7979
71600 8015
71699 8005
71700 7997
71799 8376
71800 8335
71899 8158
71900 8153
71999 8456
72000 8480
72099 8494
72100 8495
72199 8252
72200 8283
72299 7878
72300 7930
72399 6977
72400 6994
72499 7463
72500 7500
72599 8202
72600 8177
72699 8651
72700 8684
72799 8922
72800 8871
72899 9072
72900 9121
72999 9410
73000 9370
73099 9214
73100 9216
73199 8949
73200 8927
73299 9586
73300 9544
73399 9822
73400 9822
73499 9737
73500 9704
73599 9437
73600 9436
73699 9531
73700 9561
73799 9585
73800 9573
73899 9476
73900 9467
73999 9121
74000 9106
74099 9277
74100 9265
74199 9125
74200 9158
74299 9310
74300 9303
74399 8828
74400 8818
74499 8528
74500 8519
74599 8811
74600 8925
74699 8869
74700 8862
74799 8795
74800 8749
74899 8979
74900 8985
74999 8874
75000 8821
75099 8775
75100 8790
75199 8859
75200 8837
75299 8755
75300 8762
75399 8847
75400 8873
75499 9831
75500 9805
75599 9261
75600 9246
75699 9154
75700 9159
75799 9324
75800 9300
75899 9251
75900 9264
75999 9685
76000 9673
76099 47
76100 43
76199 354
76200 369
76299 345
76300 381
76399 527
76400 506
76499 683
76500 663
76599 1864
76600 1803
76699 2001
76700 2060
76799 2254
76800 2305
76899 2089
76900 2101
76999 2215
77000 2282
77099 1879
77100 1848
77199 2646
77200 2660
77299 1888
77300 1837
77399 2104
77400 2112
77499 2288
77500 2278
77599 2555
77600 2520
77699 2024
77700 2038
77799 1438
77800 1526
77899 1619
77900 1686
77999 1709
78000 1759
78099 1775
78100 1731
78199 2282
78200 2277
78299 1459
78300 1465
78399 1925
78400 1936
78499 1355
78500 1321
78599 1199
78600 1242
78699 1532
78700 1515
78799 1401
78800 1346
78899 1655
78900 1614
78999 1293
79000 1375
79099 1357
79100 1336
79199 1380
79200 1401
79299 1041
79300 1060
79399 962
79400 951
79499 1344
79500 1353
79599 1436
79600 1353
79699 1382
79700 1420
79799 1215
79800 1233
79899 782
79900 792
79999 946
80000 931
80099 619
80100 607
80199 510
80200 471
80299 634
80300 642
80399 477
80400 433
80499 438
80500 446
80599 414
80600 427
80699 430
80700 445
80799 393
80800 388
80899 499
80900 502
80999 579
81000 569
81099 382
81100 345
81199 274
81200 245
81299 346
81300 340
81399 124
81400 118
81499 211
81500 195
81599 157
81600 155
81699 67
81700 68
81799 81
81800 88
81899 258
81900 272
81999 689
82000 667
82099 1147
82100 1139
82199 1253
82200 1214
82299 1427
82300 1501
82399 1675
82400 1649
82499 1292
82500 1359
82599 668
82600 698
82699 433
82700 435
82799 393
82800 387
82899 310
82900 287
82999 107
83000 119
83099 12
83100 15
83199 2
83200 2
83299 0
83300 0
83399 56
83400 50
83499 2
83500 1
83599 23
83600 27
83699 14
83700 11
83799 0
83800 0
83899 5
83900 8
83999 5
84000 9
84099 22
84100 24
84199 5
84200 8
84299 0
84300 0
84399 13
84400 8
84499 8
84500 8
84599 42
84600 43
84699 7
84700 8
84799 3
84800 2
84899 29
84900 29
84999 1
85000 1
85099 3
85100 3
85199 31
85200 32
85299 1
85300 1
85399 4
85400 7
85499 25
85500 36
85599 20
85600 20
85699 0
85700 0
85799 0
85800 0
85899 0
85900 0
85999 0
86000 0
86099 12
86100 13
86199 141
86200 145
86299 360
86300 340
86399 82
86400 88
86499 112
86500 129
86599 34
86600 37
86699 34
86700 26
86799 2
86800 2
86899 18
86900 13
86999 0
87000 0
87099 7
87100 9
87199 20
87200 27
87299 0
87300 0
87399 1
87400 1
87499 28
87500 35
87599 1
87600 2
87699 3
87700 3
87799 21
87800 18
87899 4
87900 3
87999 4
88000 4
88099 9
88100 5
88199 65
88200 77
88299 176
88300 165
88399 154
88400 149
88499 64
88500 45
88599 54
88600 44
88699 0
88700 0
88799 8
88800 8
88899 56
88900 57
88999 20
89000 23
89099 21
89100 20
89199 26
89200 32
89299 8
89300 8
89399 1
89400 0
89499 0
89500 0
89599 10
89600 12
89699 4
89700 7
89799 0
89800 0
89899 0
89900 0
89999 106
90000 117
90099 170
90100 155
90199 168
90200 160
90299 145
90300 140
90399 130
90400 113
90499 167
90500 172
90599 264
90600 271
90699 331
90700 343
90799 395
90800 391
90899 756
90900 785
90999 1112
91000 1083
91099 1420
91100 1373
91199 1085
91200 1075
91299 820
91300 833
91399 1079
91400 1046
91499 937
91500 941
91599 849
91600 826
91699 671
91700 656
91799 606
91800 575
91899 409
91900 432
91999 385
92000 373
92099 282
92100 302
92199 256
92200 269
92299 286
92300 272
92399 90
92400 95
92499 62
92500 68
92599 9
92600 8
92699 5
92700 4
92799 61
92800 65
92899 174
92900 153
92999 505
93000 509
93099 428
93100 427
93199 190
93200 207
93299 176
93300 160
93399 168
93400 165
93499 81
93500 89
93599 35
93600 38
93699 12
93700 12
93799 0
93800 0
93899 5
93900 6
93999 0
94000 1
94099 0
94100 0
94199 36
94200 42
94299 160
94300 156
94399 217
94400 231
94499 72
94500 78
94599 122
94600 118
94699 60
94700 53
94799 49
94800 53
94899 95
94900 97
94999 21
95000 16
95099 13
95100 12
95199 73
95200 89
95299 46
95300 47
95399 9
95400 14
95499 44
95500 35
95599 0
95600 0
95699 1
95700 0
95799 2
95800 3
95899 25
95900 26
95999 106
96000 103
96099 186
96100 189
96199 276
96200 277
96299 487
96300 473
96399 365
96400 403
96499 436
96500 482
96599 356
96600 366
96699 522
96700 481
96799 248
96800 262
96899 282
96900 256
96999 198
97000 218
97099 241
97100 250
97199 298
97200 278
97299 395
97300 406
97399 907
97400 900
97499 792
97500 786
97599 1023
97600 1036
97699 786
97700 767
97799 586
97800 591
97899 634
97900 653
97999 631
98000 630
98099 465
98100 458
98199 333
98200 369
98299 638
98300 638
98399 829
98400 792
98499 1094
98500 1087
98599 2029
98600 2050
98699 1998
98700 2041
98799 2192
98800 2186
98899 2075
98900 2107
98999 1884
99000 1845
99099 1543
99100 1552
99199 1472
99200 1508
99299 1122
99300 1118
99399 1021
99400 1066
99499 817
99500 802
99599 823
99600 856
99699 639
99700 658
99799 520
99800 520
99899 366
99900 347
99999 232
100000 247
