99 1
100 0
199 56
200 64
299 295
300 320
399 139
400 141
499 33
500 39
599 3
600 3
699 70
700 61
799 53
800 51
899 71
900 63
999 26
1000 32
1099 74
1100 71
1199 181
1200 182
1299 322
1300 359
1399 740
1400 764
1499 1070
1500 1072
1599 964
1600 1007
1699 840
1700 870
1799 749
1800 746
1899 757
1900 804
1999 655
2000 635
2099 910
2100 860
2199 874
2200 944
2299 1306
2300 1262
2399 937
2400 935
2499 1131
2500 1121
2599 1050
2600 1058
2699 1015
2700 984
2799 685
2800 719
2899 804
2900 832
2999 725
3000 758
3099 712
3100 684
3199 499
3200 475
3299 165
3300 158
3399 69
3400 64
3499 6
3500 6
3599 11
3600 9
3699 44
3700 43
3799 7
3800 9
3899 28
3900 30
3999 31
4000 30
4099 1
4100 0
4199 0
4200 0
4299 0
4300 0
4399 0
4400 0
4499 39
4500 47
4599 83
4600 82
4699 53
4700 45
4799 42
4800 36
4899 2
4900 3
4999 117
5000 124
5099 29
5100 39
5199 12
5200 9
5299 66
5300 51
5399 96
5400 93
5499 1
5500 2
5599 0
5600 1
5699 26
5700 22
5799 22
5800 20
5899 58
5900 49
5999 2
6000 1
6099 13
6100 19
6199 6
6200 5
6299 34
6300 34
6399 39
6400 37
6499 34
6500 28
6599 152
6600 169
6699 150
6700 153
6799 260
6800 258
6899 255
6900 232
6999 315
7000 305
7099 210
7100 231
7199 126
7200 123
7299 273
7300 293
7399 373
7400 353
7499 182
7500 190
7599 259
7600 256
7699 252
7700 257
7799 396
7800 408
7899 434
7900 401
7999 725
8000 729
8099 947
8100 965
8199 1342
8200 1336
8299 1475
8300 1564
8399 1661
8400 1666
8499 2075
8500 2128
8599 2143
8600 2091
8699 1643
8700 1620
8799 1457
8800 1454
8899 1289
8900 1274
8999 1445
9000 1423
9099 1595
9100 1605
9199 1723
9200 1707
9299 2005
9300 2079
9399 2109
9400 2139
9499 2207
9500 2265
9599 1468
9600 1501
9699 1357
9700 1424
9799 1198
9800 1185
9899 952
9900 970
9999 1063
10000 1023
10099 666
10100 619
10199 686
10200 649
10299 595
10300 596
10399 341
10400 347
10499 278
10500 284
10599 411
10600 381
10699 659
10700 655
10799 555
10800 526
10899 464
10900 484
10999 581
11000 593
11099 505
11100 497
11199 332
11200 347
11299 219
11300 209
11399 334
11400 338
11499 155
11500 158
11599 156
11600 167
11699 279
11700 272
11799 443
11800 422
11899 495
11900 487
11999 171
12000 178
12099 209
12100 223
12199 172
12200 159
12299 176
12300 175
12399 76
12400 84
12499 2
12500 3
12599 0
12600 0
12699 1
12700 2
12799 0
12800 0
12899 24
12900 19
12999 38
13000 45
13099 2
13100 1
13199 5
13200 7
13299 88
13300 105
13399 74
13400 68
13499 219
13500 265
13599 717
13600 741
13699 1359
13700 1356
13799 1813
13800 1804
13899 2287
13900 2306
13999 2016
14000 1919
14099 1924
14100 1952
14199 2079
14200 1980
14299 2270
14300 2429
14399 2742
14400 2638
14499 2815
14500 2828
14599 2832
14600 2858
14699 3458
14700 3438
14799 3904
14800 3990
14899 4386
14900 4231
14999 3950
15000 3986
15099 4922
15100 4959
15199 6799
15200 6787
15299 8049
15300 7826
15399 6520
15400 6374
15499 5261
15500 5327
15599 5837
15600 5823
15699 5369
15700 5362
15799 7282
15800 7388
15899 6700
15900 6699
15999 5997
16000 6041
16099 4549
16100 4564
16199 5229
16200 5240
16299 3626
16300 3711
16399 2934
16400 2934
16499 2545
16500 2678
16599 2404
16600 2361
16699 1767
16700 1835
16799 1406
16800 1410
16899 1176
16900 1186
16999 2021
17000 2140
17099 2486
17100 2490
17199 2371
17200 2519
17299 2556
17300 2543
17399 2892
17400 2920
17499 3308
17500 3377
17599 4006
17600 4073
17699 3845
17700 3868
17799 4071
17800 4120
17899 3760
17900 3792
17999 3180
18000 3049
18099 3817
18100 3741
18199 4132
18200 4169
18299 4325
18300 4214
18399 3416
18400 3286
18499 4930
18500 4926
18599 3838
18600 3736
18699 4158
18700 4181
18799 4062
18800 4028
18899 2630
18900 2727
18999 2934
19000 2905
19099 3982
19100 3991
19199 3939
19200 4064
19299 4696
19300 4491
19399 5067
19400 5133
19499 4754
19500 4771
19599 4318
19600 4290
19699 4962
19700 5067
19799 5287
19800 5163
19899 4628
19900 4530
19999 4140
20000 4047
20099 2571
20100 2607
20199 2882
20200 2845
20299 1809
20300 1908
20399 1827
20400 1815
20499 1660
20500 1690
20599 1541
20600 1541
20699 919
20700 925
20799 953
20800 962
20899 1122
20900 1091
20999 1119
21000 1085
21099 764
21100 747
21199 747
21200 768
21299 882
21300 867
21399 997
21400 1011
21499 1393
21500 1331
21599 1437
21600 1425
21699 1576
21700 1583
21799 1307
21800 1265
21899 1085
21900 1153
21999 865
22000 824
22099 988
22100 973
22199 1237
22200 1249
22299 1627
22300 1642
22399 2412
22400 2323
22499 2863
22500 2868
22599 2384
22600 2457
22699 2159
22700 2171
22799 2377
22800 2349
22899 1799
22900 1778
22999 1225
23000 1214
23099 869
23100 852
23199 1043
23200 1052
23299 1176
23300 1225
23399 776
23400 771
23499 986
23500 992
23599 808
23600 823
23699 603
23700 623
23799 749
23800 770
23899 777
23900 773
23999 742
24000 714
24099 561
24100 570
24199 778
24200 783
24299 1026
24300 1006
24399 1269
24400 1286
24499 1278
24500 1325
24599 1327
24600 1343
24699 1444
24700 1456
24799 1249
24800 1191
24899 1095
24900 1121
24999 929
25000 906
25099 799
25100 780
25199 370
25200 393
25299 887
25300 915
25399 633
25400 641
25499 518
25500 532
25599 238
25600 238
25699 296
25700 302
25799 303
25800 287
25899 121
25900 126
25999 160
26000 175
26099 146
26100 133
26199 126
26200 126
26299 445
26300 449
26399 310
26400 302
26499 267
26500 273
26599 185
26600 194
26699 352
26700 397
26799 367
26800 357
26899 558
26900 557
26999 378
27000 404
27099 140
27100 123
27199 144
27200 138
27299 320
27300 363
27399 155
27400 164
27499 72
27500 76
27599 55
27600 68
27699 238
27700 226
27799 51
27800 50
27899 167
27900 175
27999 56
28000 50
28099 85
28100 96
28199 151
28200 143
28299 177
28300 152
28399 321
28400 292
28499 80
28500 78
28599 15
28600 14
28699 17
28700 22
28799 1
28800 3
28899 17
28900 26
28999 58
29000 73
29099 95
29100 85
29199 224
29200 219
29299 219
29300 210
29399 127
29400 133
29499 284
29500 278
29599 149
29600 132
29699 122
29700 126
29799 37
29800 33
29899 48
29900 45
29999 59
30000 62
30099 13
30100 16
30199 14
30200 17
30299 44
30300 42
30399 17
30400 15
30499 19
30500 19
30599 6
30600 9
30699 114
30700 127
30799 80
30800 80
30899 216
30900 231
30999 309
31000 282
31099 147
31100 137
31199 436
31200 424
31299 209
31300 193
31399 467
31400 447
31499 197
31500 201
31599 284
31600 280
31699 126
31700 132
31799 208
31800 198
31899 156
31900 155
31999 56
32000 58
32099 34
32100 42
32199 111
32200 109
32299 57
32300 65
32399 0
32400 0
32499 0
32500 0
32599 7
32600 10
32699 3
32700 2
32799 8
32800 14
32899 2
32900 3
32999 42
33000 45
33099 23
33100 26
33199 42
33200 32
33299 4
33300 3
33399 11
33400 7
33499 1
33500 1
33599 13
33600 8
33699 6
33700 6
33799 18
33800 13
33899 44
33900 42
33999 198
34000 187
34099 252
34100 241
34199 765
34200 799
34299 360
34300 403
34399 364
34400 356
34499 208
34500 200
34599 139
34600 135
34699 102
34700 101
34799 195
34800 191
34899 167
34900 166
34999 128
35000 125
35099 156
35100 156
35199 60
35200 55
35299 200
35300 180
35399 257
35400 268
35499 403
35500 409
35599 243
35600 286
35699 150
35700 170
35799 317
35800 316
35899 390
35900 403
35999 237
36000 242
36099 338
36100 359
36199 229
36200 247
36299 213
36300 225
36399 399
36400 424
36499 95
36500 93
36599 101
36600 86
36699 345
36700 352
36799 146
36800 165
36899 25
36900 33
36999 44
37000 33
37099 0
37100 0
37199 156
37200 160
37299 34
37300 40
37399 34
37400 40
37499 49
37500 44
37599 5
37600 2
37699 0
37700 0
37799 48
37800 57
37899 111
37900 116
37999 34
38000 38
38099 11
38100 21
38199 3
38200 2
38299 28
38300 41
38399 0
38400 0
38499 8
38500 7
38599 4
38600 3
38699 149
38700 143
38799 159
38800 166
38899 433
38900 450
38999 402
39000 410
39099 514
39100 500
39199 828
39200 750
39299 741
39300 739
39399 696
39400 675
39499 613
39500 622
39599 972
39600 944
39699 1346
39700 1352
39799 1202
39800 1131
39899 1411
39900 1423
39999 1523
40000 1536
40099 2125
40100 2149
40199 1909
40200 1870
40299 1301
40300 1310
40399 1121
40400 1112
40499 1995
40500 2033
40599 1900
40600 1938
40699 2134
40700 2173
40799 2438
40800 2397
40899 2365
40900 2392
40999 2389
41000 2413
41099 2291
41100 2279
41199 2468
41200 2453
41299 2456
41300 2593
41399 1893
41400 1860
41499 2141
41500 2176
41599 2361
41600 2316
41699 2551
41700 2594
41799 2972
41800 2959
41899 4124
41900 4119
41999 3980
42000 3934
42099 4318
42100 4329
42199 4914
42200 4867
42299 6054
42300 6025
42399 6360
42400 6374
42499 6280
42500 6256
42599 5133
42600 5197
42699 5449
42700 5395
42799 5236
42800 5271
42899 5481
42900 5465
42999 5985
43000 5900
43099 6353
43100 6431
43199 6593
43200 6689
43299 6832
43300 6898
43399 5416
43400 5412
43499 5637
43500 5526
43599 5459
43600 5437
43699 4902
43700 4775
43799 4898
43800 4940
43899 4864
43900 4904
43999 5543
44000 5457
44099 5462
44100 5596
44199 5475
44200 5552
44299 4514
44300 4597
44399 4164
44400 4205
44499 4574
44500 4630
44599 4394
44600 4359
44699 4657
44700 4639
44799 5153
44800 5085
44899 6310
44900 6423
44999 6952
45000 6960
45099 6425
45100 6451
45199 6331
45200 6413
45299 5753
45300 5734
45399 5520
45400 5535
45499 5636
45500 5707
45599 5606
45600 5579
45699 5815
45700 5825
45799 4774
45800 4776
45899 4233
45900 4267
45999 4652
46000 4678
46099 4129
46100 4094
46199 4339
46200 4341
46299 4123
46300 4062
46399 4008
46400 4007
46499 3535
46500 3493
46599 3997
46600 4017
46699 3215
46700 3204
46799 4176
46800 4218
46899 4961
46900 5030
46999 4836
47000 4816
47099 4867
47100 4842
47199 5083
47200 5018
47299 3736
47300 3655
47399 3265
47400 3282
47499 3004
47500 3024
47599 2657
47600 2642
47699 3015
47700 3034
47799 3809
47800 3870
47899 4143
47900 4132
47999 4557
48000 4626
48099 5007
48100 4957
48199 4972
48200 4914
48299 5517
48300 5624
48399 5426
48400 5403
48499 5119
48500 5176
48599 5900
48600 5906
48699 5714
48700 5724
48799 4572
48800 4674
48899 4539
48900 4482
48999 4031
49000 3924
49099 4660
49100 4694
49199 3885
49200 3944
49299 4050
49300 4047
49399 3538
49400 3601
49499 3406
49500 3459
49599 4115
49600 4173
49699 4282
49700 4340
49799 4591
49800 4487
49899 4028
49900 3912
49999 4693
50000 4702
50099 4802
50100 4745
50199 4453
50200 4460
50299 4870
50300 4872
50399 5410
50400 5478
50499 5963
50500 5979
50599 6225
50600 6151
50699 7549
50700 7595
50799 7481
50800 7432
50899 8836
50900 8794
50999 7720
51000 7705
51099 7619
51100 7632
51199 8292
51200 8294
51299 8444
51300 8438
51399 9067
51400 9026
51499 8686
51500 8715
51599 9726
51600 9797
51699 9456
51700 9519
51799 84
51800 45
51899 9411
51900 9469
51999 9402
52000 9410
52099 9390
52100 9463
52199 8084
52200 8100
52299 7721
52300 7711
52399 7781
52400 7781
52499 6951
52500 6951
52599 7970
52600 7989
52699 6730
52700 6708
52799 6606
52800 6723
52899 7454
52900 7403
52999 7126
53000 7100
53099 7770
53100 7635
53199 6655
53200 6721
53299 7463
53300 7524
53399 7313
53400 7354
53499 7223
53500 7147
53599 7267
53600 7289
53699 7209
53700 7165
53799 7198
53800 7119
53899 7137
53900 7165
53999 6751
54000 6777
54099 6028
54100 6113
54199 6314
54200 6340
54299 7033
54300 7166
54399 7078
54400 7073
54499 8427
54500 8387
54599 8382
54600 8386
54699 8741
54700 8837
54799 8987
54800 8958
54899 9192
54900 9287
54999 9607
55000 9624
55099 9792
55100 9739
55199 9836
55200 9816
55299 9837
55300 9721
55399 8747
55400 8723
55499 9521
55500 9589
55599 8972
55600 8996
55699 8881
55700 8880
55799 8816
55800 8855
55899 8412
55900 8389
55999 8194
56000 7990
56099 7084
56100 7182
56199 7211
56200 7296
56299 8454
56300 8585
56399 8468
56400 8575
56499 172
56500 118
56599 9878
56600 9828
56699 9326
56700 9422
56799 8697
56800 8768
56899 8492
56900 8524
56999 9495
57000 9594
57099 9225
57100 9246
57199 9508
57200 9390
57299 489
57300 502
57399 1173
57400 1123
57499 1383
57500 1405
57599 1873
57600 1935
57699 1682
57700 1584
57799 2866
57800 2877
57899 1862
57900 1980
57999 2785
58000 2788
58099 3373
58100 3389
58199 2535
58200 2591
58299 1318
58300 1341
58399 2171
58400 2078
58499 2493
58500 2542
58599 2846
58600 2840
58699 3038
58700 2955
58799 2133
58800 2199
58899 2115
58900 2347
58999 2688
59000 2632
59099 2984
59100 2985
59199 4577
59200 4502
59299 5283
59300 5088
59399 4147
59400 4048
59499 6657
59500 6560
59599 7530
59600 7433
59699 7009
59700 7088
59799 6463
59800 6591
59899 7435
59900 7487
59999 7885
60000 7988
60099 6906
60100 6809
60199 6348
60200 6374
60299 6875
60300 6725
60399 7042
60400 7026
60499 7789
60500 7791
60599 7629
60600 7576
60699 6122
60700 6263
60799 5521
60800 5465
60899 4161
60900 4272
60999 4091
61000 4247
61099 6132
61100 6168
61199 6336
61200 6268
61299 4877
61300 4933
61399 4068
61400 4038
61499 2168
61500 2166
61599 1241
61600 1313
61699 1017
61700 1069
61799 92
61800 135
61899 915
61900 947
61999 1667
62000 1602
62099 38
62100 182
62199 1018
62200 973
62299 1916
62300 1729
62399 3183
62400 3179
62499 2466
62500 2507
62599 1782
62600 1698
62699 9819
62700 9827
62799 9461
62800 9326
62899 9597
62900 9785
62999 9450
63000 9526
63099 8024
63100 8134
63199 8271
63200 8405
63299 9349
63300 9133
63399 303
63400 305
63499 1034
63500 850
63599 9398
63600 9337
63699 8452
63700 8527
63799 6808
63800 6898
63899 6089
63900 5961
63999 5979
64000 5971
64099 6945
64100 6827
64199 6128
64200 6169
64299 6941
64300 7119
64399 8126
64400 8085
64499 6833
64500 6825
64599 6894
64600 6813
64699 5815
64700 5853
64799 4822
64800 4893
64899 4107
64900 4061
64999 3846
65000 3836
65099 3985
65100 3977
65199 3599
65200 3599
65299 4013
65300 4065
65399 3637
65400 3751
65499 2474
65500 2528
65599 2280
65600 2378
65699 1880
65700 1954
65799 1255
65800 1257
65899 2351
65900 2339
65999 2390
66000 2392
66099 1713
66100 1717
66199 1963
66200 1988
66299 1139
66300 1109
66399 1154
66400 1107
66499 1584
66500 1623
66599 1211
66600 1204
66699 1042
66700 1047
66799 1033
66800 1055
66899 1214
66900 1200
66999 808
67000 762
67099 1434
67100 1474
67199 1548
67200 1605
67299 1413
67300 1480
67399 1487
67400 1516
67499 1861
67500 1852
67599 1195
67600 1204
67699 1458
67700 1437
67799 2518
67800 2683
67899 2265
67900 2273
67999 1695
68000 1659
68099 1248
68100 1199
68199 1589
68200 1535
68299 1612
68300 1603
68399 1009
68400 1024
68499 1455
68500 1465
68599 822
68600 870
68699 731
68700 732
68799 150
68800 138
68899 302
68900 288
68999 435
69000 427
69099 672
69100 672
69199 696
69200 687
69299 812
69300 781
69399 763
69400 781
69499 472
69500 471
69599 478
69600 455
69699 1222
69700 1194
69799 1465
69800 1456
69899 1711
69900 1705
69999 1752
70000 1761
70099 1342
70100 1303
70199 1617
70200 1603
70299 1523
70300 1490
70399 1516
70400 1570
70499 2386
70500 2308
70599 2649
70600 2601
70699 2940
70700 2934
70799 1734
70800 1702
70899 1530
70900 1612
70999 1362
71000 1345
71099 2184
71100 2196
71199 2133
71200 2115
71299 1747
71300 1685
71399 1693
71400 1737
71499 1661
71500 1704
71599 1767
71600 1747
71699 1198
71700 1213
71799 1211
71800 1247
71899 1499
71900 1460
71999 1773
72000 1781
72099 1285
72100 1246
72199 627
72200 636
72299 685
72300 672
72399 722
72400 703
72499 722
72500 732
72599 892
72600 875
72699 964
72700 956
72799 884
72800 901
72899 1501
72900 1494
72999 1013
73000 1059
73099 1151
73100 1114
73199 778
73200 755
73299 1117
73300 1127
73399 739
73400 753
73499 797
73500 777
73599 733
73600 713
73699 574
73700 573
73799 869
73800 827
73899 1003
73900 990
73999 914
74000 943
74099 674
74100 670
74199 848
74200 767
74299 1661
74300 1682
74399 1391
74400 1402
74499 1197
74500 1194
74599 1330
74600 1308
74699 945
74700 866
74799 908
74800 879
74899 667
74900 656
74999 789
75000 768
75099 925
75100 910
75199 1036
75200 1019
75299 1300
75300 1268
75399 932
75400 948
75499 1334
75500 1316
75599 1441
75600 1475
75699 1868
75700 1859
75799 1974
75800 1952
75899 2022
75900 1992
75999 1804
76000 1814
76099 1497
76100 1487
76199 2203
76200 2288
76299 2203
76300 2219
76399 1709
76400 1754
76499 2584
76500 2536
76599 3199
76600 3268
76699 3449
76700 3523
76799 3379
76800 3383
76899 3449
76900 3489
76999 3436
77000 3457
77099 3638
77100 3667
77199 3853
77200 3834
77299 4370
77300 4448
77399 5035
77400 4938
77499 4205
77500 4192
77599 4509
77600 4436
77699 3795
77700 3614
77799 3418
77800 3444
77899 3381
77900 3411
77999 3013
78000 2958
78099 3438
78100 3299
78199 3262
78200 3299
78299 3416
78300 3372
78399 2991
78400 3025
78499 3068
78500 3192
78599 3418
78600 3493
78699 3333
78700 3365
78799 3870
78800 3891
78899 3898
78900 3964
78999 3774
79000 3803
79099 4556
79100 4578
79199 4934
79200 4962
79299 4784
79300 4727
79399 4955
79400 5029
79499 4781
79500 4829
79599 5046
79600 5047
79699 4109
79700 4125
79799 3796
79800 3820
79899 4644
79900 4686
79999 4889
80000 4955
80099 4757
80100 4792
80199 4217
80200 4228
80299 4287
80300 4254
80399 4285
80400 4285
80499 4642
80500 4649
80599 4238
80600 4145
80699 4669
80700 4840
80799 5333
80800 5421
80899 5454
80900 5512
80999 5016
81000 5057
81099 4658
81100 4605
81199 4633
81200 4571
81299 4497
81300 4489
81399 4761
81400 4730
81499 5030
81500 4977
81599 4727
81600 4676
81699 4701
81700 4706
81799 4206
81800 4185
81899 4999
81900 4933
81999 4624
82000 4583
82099 4354
82100 4312
82199 4223
82200 4225
82299 3898
82300 3951
82399 4572
82400 4642
82499 3735
82500 3700
82599 2731
82600 2721
82699 3342
82700 3290
82799 3973
82800 4002
82899 4778
82900 4774
82999 5319
83000 5442
83099 5535
83100 5522
83199 6180
83200 6218
83299 6100
83300 6067
83399 7461
83400 7500
83499 7606
83500 7582
83599 6436
83600 6488
83699 6468
83700 6391
83799 6366
83800 6347
83899 6342
83900 6323
83999 6478
84000 6547
84099 5970
84100 5933
84199 6368
84200 6291
84299 6274
84300 6164
84399 6278
84400 6212
84499 6529
84500 6575
84599 6106
84600 6156
84699 5504
84700 5492
84799 5619
84800 5540
84899 5965
84900 6037
84999 5727
85000 5690
85099 6405
85100 6345
85199 7549
85200 7585
85299 7888
85300 8009
85399 7658
85400 7755
85499 7504
85500 7442
85599 6972
85600 7015
85699 7506
85700 7506
85799 6887
85800 6847
85899 6769
85900 6770
85999 6269
86000 6227
86099 6325
86100 6311
86199 5585
86200 5639
86299 6396
86300 6510
86399 5939
86400 5864
86499 5719
86500 5802
86599 5760
86600 5754
86699 6812
86700 6760
86799 8182
86800 8180
86899 9323
86900 9414
86999 8515
87000 8514
87099 9134
87100 9025
87199 9489
87200 9444
87299 9245
87300 9231
87399 8373
87400 8462
87499 8520
87500 8529
87599 8161
87600 8219
87699 7812
87700 7936
87799 8281
87800 8211
87899 7539
87900 7478
87999 7526
88000 7562
88099 8822
88100 8706
88199 9346
88200 9276
88299 9531
88300 9566
88399 9352
88400 9343
88499 9446
88500 9348
88599 9414
88600 9357
88699 9368
88700 9423
88799 9076
88800 9054
88899 154
88900 106
88999 979
89000 1086
89099 1250
89100 1213
89199 1607
89200 1775
89299 3377
89300 3516
89399 3438
89400 3397
89499 3613
89500 3569
89599 4205
89600 4209
89699 4147
89700 4093
89799 4985
89800 5033
89899 5288
89900 5314
89999 4377
90000 4305
90099 5108
90100 5238
90199 5701
90200 5596
90299 4502
90300 4520
90399 3635
90400 3614
90499 2106
90500 2094
90599 1481
90600 1315
90699 502
90700 539
90799 81
90800 9998
90899 9357
90900 9417
90999 8441
91000 8488
91099 9424
91100 9549
91199 9633
91200 9674
91299 9626
91300 9689
91399 8898
91400 8878
91499 8170
91500 8195
91599 8330
91600 8207
91699 7387
91700 7426
91799 7144
91800 7279
91899 7464
91900 7442
91999 8185
92000 8191
92099 8820
92100 8830
92199 7523
92200 7523
92299 7345
92300 7374
92399 6695
92400 6686
92499 5916
92500 5952
92599 5593
92600 5581
92699 5505
92700 5505
92799 4893
92800 4904
92899 4824
92900 4869
92999 5040
93000 5036
93099 5927
93100 5963
93199 4805
93200 4763
93299 4519
93300 4540
93399 5325
93400 5302
93499 5702
93500 5704
93599 5525
93600 5559
93699 5399
93700 5380
93799 5218
93800 5188
93899 6376
93900 6373
93999 6858
94000 6888
94099 8207
94100 8144
94199 7917
94200 7972
94299 8704
94300 8685
94399 8411
94400 8418
94499 8731
94500 8739
94599 8921
94600 9059
94699 8566
94700 8483
94799 9281
94800 9236
94899 9842
94900 9913
94999 9351
95000 9384
95099 9810
95100 9844
95199 9894
95200 9907
95299 9823
95300 9812
95399 9962
95400 9866
95499 9666
95500 9580
95599 349
95600 334
95699 166
95700 233
95799 9160
95800 9027
95899 9453
95900 9516
95999 117
96000 86
96099 9846
96100 9763
96199 8800
96200 8807
96299 8868
96300 8721
96399 7857
96400 7749
96499 8162
96500 8179
96599 8490
96600 8504
96699 7480
96700 7591
96799 7709
96800 7724
96899 7261
96900 7242
96999 7381
97000 7358
97099 6308
97100 6192
97199 7330
97200 7223
97299 7722
97300 7715
97399 6841
97400 6847
97499 7260
97500 7290
97599 6301
97600 6320
97699 6649
97700 6548
97799 7017
97800 7042
97899 6242
97900 6284
97999 6207
98000 6267
98099 6501
98100 6474
98199 7379
98200 7388
98299 6769
98300 6749
98399 7676
98400 7733
98499 7540
98500 7537
98599 6574
98600 6603
98699 6353
98700 6422
98799 5556
98800 5624
98899 5202
98900 5162
98999 5024
99000 5049
99099 5405
99100 5397
99199 4574
99200 4570
99299 5519
99300 5509
99399 5684
99400 5717
99499 6930
99500 6916
99599 5829
99600 5890
99699 5778
99700 5750
99799 5449
99800 5368
99899 5542
99900 5537
99999 5509
100000 5607
