99 0
100 0
199 28
200 32
299 67
300 66
399 71
400 64
499 241
500 250
599 194
600 197
699 114
700 110
799 454
800 460
899 289
900 278
999 361
1000 377
1099 306
1100 327
1199 137
1200 138
1299 37
1300 31
1399 21
1400 22
1499 0
1500 0
1599 1
1600 0
1699 0
1700 0
1799 11
1800 9
1899 4
1900 5
1999 22
2000 21
2099 3
2100 4
2199 2
2200 1
2299 25
2300 19
2399 19
2400 19
2499 95
2500 98
2599 73
2600 85
2699 43
2700 41
2799 8
2800 11
2899 59
2900 52
2999 0
3000 0
3099 0
3100 0
3199 1
3200 2
3299 32
3300 25
3399 3
3400 3
3499 5
3500 6
3599 4
3600 2
3699 3
3700 5
3799 163
3800 139
3899 79
3900 75
3999 40
4000 42
4099 92
4100 81
4199 56
4200 56
4299 8
4300 8
4399 118
4400 110
4499 35
4500 43
4599 69
4600 72
4699 27
4700 27
4799 3
4800 3
4899 1
4900 1
4999 0
5000 0
5099 8
5100 9
5199 5
5200 5
5299 0
5300 0
5399 23
5400 26
5499 5
5500 1
5599 31
5600 33
5699 208
5700 213
5799 69
5800 59
5899 58
5900 68
5999 9
6000 7
6099 111
6100 120
6199 0
6200 0
6299 33
6300 31
6399 0
6400 0
6499 42
6500 44
6599 99
6600 98
6699 175
6700 165
6799 115
6800 112
6899 89
6900 93
6999 19
7000 28
7099 0
7100 0
7199 16
7200 22
7299 164
7300 148
7399 1
7400 0
7499 0
7500 0
7599 62
7600 68
7699 100
7700 90
7799 160
7800 168
7899 311
7900 278
7999 214
8000 206
8099 748
8100 773
8199 1154
8200 1150
8299 581
8300 583
8399 595
8400 559
8499 486
8500 497
8599 568
8600 515
8699 734
8700 779
8799 837
8800 810
8899 975
8900 997
8999 1487
9000 1491
9099 1393
9100 1368
9199 1962
9200 2028
9299 1992
9300 1952
9399 1684
9400 1776
9499 1484
9500 1530
9599 1211
9600 1173
9699 1403
9700 1366
9799 1014
9800 995
9899 1674
9900 1651
9999 1538
10000 1607
10099 1060
10100 1028
10199 1221
10200 1194
10299 1148
10300 1162
10399 2027
10400 2003
10499 1806
10500 1767
10599 2363
10600 2340
10699 2102
10700 2199
10799 2596
10800 2597
10899 1567
10900 1575
10999 1325
11000 1328
11099 1415
11100 1459
11199 1412
11200 1434
11299 1810
11300 1806
11399 1783
11400 1765
11499 1519
11500 1472
11599 1583
11600 1576
11699 795
11700 778
11799 699
11800 680
11899 915
11900 924
11999 830
12000 892
12099 515
12100 481
12199 368
12200 351
12299 285
12300 308
12399 517
12400 530
12499 835
12500 820
12599 611
12600 631
12699 564
12700 567
12799 640
12800 686
12899 951
12900 927
12999 1338
13000 1357
13099 1047
13100 1012
13199 818
13200 763
13299 1045
13300 1025
13399 935
13400 913
13499 922
13500 859
13599 685
13600 673
13699 494
13700 491
13799 473
13800 471
13899 507
13900 496
13999 502
14000 531
14099 572
14100 560
14199 223
14200 217
14299 57
14300 52
14399 67
14400 80
14499 101
14500 111
14599 106
14600 92
14699 35
14700 31
14799 18
14800 24
14899 10
14900 14
14999 6
15000 11
15099 5
15100 5
15199 0
15200 0
15299 0
15300 1
15399 2
15400 2
15499 0
15500 0
15599 6
15600 5
15699 6
15700 4
15799 1
15800 0
15899 2
15900 0
15999 42
16000 36
16099 127
16100 142
16199 180
16200 194
16299 270
16300 288
16399 336
16400 334
16499 436
16500 459
16599 661
16600 633
16699 563
16700 633
16799 1218
16800 1182
16899 1359
16900 1341
16999 2014
17000 1997
17099 1752
17100 1709
17199 2312
17200 2377
17299 2171
17300 2251
17399 2502
17400 2569
17499 2174
17500 2144
17599 1433
17600 1480
17699 1655
17700 1582
17799 1504
17800 1416
17899 1317
17900 1319
17999 1224
18000 1262
18099 1504
18100 1505
18199 1738
18200 1757
18299 2109
18300 2087
18399 3451
18400 3360
18499 3483
18500 3609
18599 2731
18600 2613
18699 2341
18700 2347
18799 2598
18800 2521
18899 2066
18900 2061
18999 1978
19000 2040
19099 1420
19100 1429
19199 1018
19200 1041
19299 1168
19300 1174
19399 1237
19400 1223
19499 1561
19500 1584
19599 1628
19600 1673
19699 2211
19700 2245
19799 2212
19800 2170
19899 2901
19900 2992
19999 2429
20000 2474
20099 2659
20100 2634
20199 4103
20200 4099
20299 4355
20300 4403
20399 3876
20400 3816
20499 3181
20500 3190
20599 3126
20600 3052
20699 3581
20700 3593
20799 2398
20800 2338
20899 4383
20900 4460
20999 6137
21000 6239
21099 6280
21100 6191
21199 8753
21200 8794
21299 9538
21300 9668
21399 9975
21400 9908
21499 1931
21500 2014
21599 1564
21600 1618
21699 1836
21700 1844
21799 719
21800 763
21899 1814
21900 1593
21999 3529
22000 3419
22099 2938
22100 3037
22199 2690
22200 2604
22299 1308
22300 1293
22399 965
22400 936
22499 501
22500 564
22599 8725
22600 8843
22699 9866
22700 9908
22799 8763
22800 8843
22899 8639
22900 8657
22999 7719
23000 7770
23099 7442
23100 7442
23199 7360
23200 7330
23299 6658
23300 6601
23399 6513
23400 6547
23499 6555
23500 6730
23599 8530
23600 8263
23699 7490
23700 7356
23799 6712
23800 6777
23899 7777
23900 7684
23999 5786
24000 5824
24099 5790
24100 5764
24199 6792
24200 6874
24299 7881
24300 7978
24399 8543
24400 8607
24499 8429
24500 8526
24599 7710
24600 7782
24699 7305
24700 7231
24799 7407
24800 7421
24899 7018
24900 6951
24999 7025
25000 6985
25099 6429
25100 6389
25199 7623
25200 7581
25299 7526
25300 7741
25399 8082
25400 8227
25499 8162
25500 8163
25599 122
25600 30
25699 9867
25700 9820
25799 45
25800 96
25899 497
25900 411
25999 290
26000 185
26099 1091
26100 1004
26199 713
26200 722
26299 1448
26300 1611
26399 285
26400 330
26499 9919
26500 9893
26599 8520
26600 8437
26699 7816
26700 7868
26799 7234
26800 7151
26899 6999
26900 6983
26999 8148
27000 8078
27099 8218
27100 8281
27199 8692
27200 8673
27299 9280
27300 9386
27399 7926
27400 7839
27499 7842
27500 7759
27599 7259
27600 7252
27699 6576
27700 6678
27799 7242
27800 7272
27899 7800
27900 7874
27999 7295
28000 7255
28099 6306
28100 6336
28199 7244
28200 7260
28299 7531
28300 7595
28399 8115
28400 8052
28499 8238
28500 8171
28599 6693
28600 6624
28699 5428
28700 5222
28799 5034
28800 5080
28899 4981
28900 4999
28999 4887
29000 4797
29099 4559
29100 4578
29199 5538
29200 5503
29299 4805
29300 4792
29399 6134
29400 6069
29499 4934
29500 5008
29599 5384
29600 5421
29699 5331
29700 5265
29799 5384
29800 5393
29899 5644
29900 5617
29999 7472
30000 7434
30099 7958
30100 7951
30199 7965
30200 7989
30299 8152
30300 8077
30399 7443
30400 7484
30499 6246
30500 6427
30599 6606
30600 6578
30699 6535
30700 6631
30799 6633
30800 6626
30899 6868
30900 6963
30999 6933
31000 7033
31099 7722
31100 7621
31199 5833
31200 5806
31299 4478
31300 4443
31399 4595
31400 4656
31499 5177
31500 5221
31599 5573
31600 5590
31699 5462
31700 5361
31799 6345
31800 6391
31899 5743
31900 5682
31999 6681
32000 6760
32099 5196
32100 5211
32199 5617
32200 5586
32299 5056
32300 5086
32399 4697
32400 4614
32499 4372
32500 4253
32599 4272
32600 4151
32699 4459
32700 4357
32799 4547
32800 4537
32899 4778
32900 4794
32999 4825
33000 4798
33099 4573
33100 4511
33199 3638
33200 3605
33299 3884
33300 3921
33399 4258
33400 4324
33499 4485
33500 4534
33599 5079
33600 5033
33699 4641
33700 4660
33799 5164
33800 5155
33899 4619
33900 4661
33999 4330
34000 4305
34099 4236
34100 4172
34199 4801
34200 4755
34299 3989
34300 4006
34399 3458
34400 3522
34499 2870
34500 2891
34599 2355
34600 2311
34699 1924
34700 1889
34799 1766
34800 1783
34899 1552
34900 1555
34999 1913
35000 1985
35099 2136
35100 2142
35199 2394
35200 2403
35299 2740
35300 2741
35399 2999
35400 2961
35499 3315
35500 3218
35599 1809
35600 1860
35699 1084
35700 1091
35799 642
35800 657
35899 842
35900 839
35999 1277
36000 1281
36099 1259
36100 1227
36199 1470
36200 1506
36299 1524
36300 1569
36399 1760
36400 1740
36499 1798
36500 1811
36599 2029
36600 1936
36699 1176
36700 1124
36799 670
36800 664
36899 363
36900 369
36999 385
37000 395
37099 724
37100 714
37199 589
37200 590
37299 223
37300 180
37399 108
37400 124
37499 29
37500 34
37599 49
37600 44
37699 34
37700 42
37799 88
37800 97
37899 289
37900 300
37999 131
38000 125
38099 31
38100 29
38199 3
38200 5
38299 40
38300 44
38399 34
38400 30
38499 108
38500 105
38599 160
38600 139
38699 324
38700 343
38799 176
38800 159
38899 112
38900 96
38999 23
39000 22
39099 7
39100 15
39199 1
39200 2
39299 48
39300 52
39399 22
39400 21
39499 155
39500 159
39599 297
39600 277
39699 372
39700 362
39799 696
39800 714
39899 1156
39900 1157
39999 937
40000 899
40099 822
40100 866
40199 1280
40200 1347
40299 1793
40300 1792
40399 1011
40400 995
40499 628
40500 638
40599 587
40600 588
40699 867
40700 872
40799 402
40800 399
40899 378
40900 366
40999 70
41000 77
41099 6
41100 5
41199 17
41200 16
41299 1
41300 0
41399 24
41400 32
41499 116
41500 125
41599 3
41600 7
41699 13
41700 10
41799 9
41800 5
41899 0
41900 1
41999 39
42000 33
42099 8
42100 12
42199 79
42200 80
42299 17
42300 18
42399 2
42400 2
42499 8
42500 10
42599 9
42600 8
42699 12
42700 15
42799 191
42800 182
42899 234
42900 255
42999 490
43000 465
43099 740
43100 704
43199 333
43200 339
43299 386
43300 375
43399 472
43400 472
43499 530
43500 509
43599 581
43600 579
43699 603
43700 610
43799 388
43800 415
43899 421
43900 409
43999 224
44000 238
44099 180
44100 195
44199 101
44200 100
44299 40
44300 44
44399 214
44400 206
44499 206
44500 210
44599 503
44600 485
44699 407
44700 417
44799 260
44800 271
44899 156
44900 169
44999 391
45000 380
45099 258
45100 288
45199 417
45200 425
45299 145
45300 175
45399 70
45400 67
45499 111
45500 117
45599 393
45600 406
45699 1025
45700 1006
45799 495
45800 503
45899 838
45900 828
45999 937
46000 948
46099 913
46100 913
46199 1101
46200 1127
46299 1054
46300 1043
46399 1075
46400 1119
46499 1849
46500 1877
46599 2057
46600 1972
46699 2155
46700 2175
46799 1838
46800 1812
46899 1243
46900 1294
46999 1046
47000 1009
47099 868
47100 857
47199 788
47200 761
47299 767
47300 813
47399 904
47400 864
47499 673
47500 695
47599 800
47600 774
47699 518
47700 516
47799 527
47800 559
47899 511
47900 530
47999 323
48000 314
48099 432
48100 454
48199 724
48200 733
48299 635
48300 625
48399 601
48400 590
48499 315
48500 317
48599 385
48600 411
48699 244
48700 271
48799 256
48800 250
48899 206
48900 206
48999 435
49000 473
49099 544
49100 555
49199 589
49200 595
49299 708
49300 750
49399 1067
49400 1011
49499 856
49500 811
49599 734
49600 720
49699 877
49700 848
49799 886
49800 871
49899 1189
49900 1166
49999 961
50000 907
50099 756
50100 749
50199 562
50200 579
50299 1104
50300 1107
50399 1311
50400 1307
50499 1505
50500 1509
50599 1376
50600 1352
50699 1400
50700 1385
50799 1468
50800 1493
50899 1519
50900 1519
50999 1469
51000 1428
51099 1405
51100 1393
51199 1042
51200 1037
51299 1391
51300 1397
51399 1614
51400 1655
51499 2225
51500 2295
51599 1948
51600 2031
51699 1937
51700 1939
51799 2291
51800 2208
51899 2183
51900 2231
51999 3012
52000 3050
52099 2759
52100 2858
52199 1882
52200 1855
52299 1648
52300 1651
52399 1602
52400 1646
52499 1930
52500 1954
52599 2351
52600 2439
52699 2606
52700 2493
52799 1902
52800 1886
52899 2197
52900 2110
52999 1113
53000 1105
53099 609
53100 578
53199 566
53200 588
53299 722
53300 725
53399 715
53400 721
53499 467
53500 464
53599 531
53600 504
53699 242
53700 235
53799 67
53800 56
53899 270
53900 287
53999 42
54000 38
54099 4
54100 3
54199 6
54200 6
54299 27
54300 18
54399 0
54400 0
54499 0
54500 0
54599 1
54600 0
54699 3
54700 4
54799 18
54800 17
54899 6
54900 7
54999 1
55000 0
55099 0
55100 0
55199 26
55200 19
55299 167
55300 190
55399 181
55400 183
55499 295
55500 288
55599 325
55600 330
55699 550
55700 546
55799 429
55800 421
55899 554
55900 578
55999 279
56000 276
56099 391
56100 425
56199 677
56200 676
56299 820
56300 830
56399 626
56400 632
56499 665
56500 654
56599 368
56600 350
56699 271
56700 280
56799 167
56800 172
56899 296
56900 279
56999 343
57000 349
57099 273
57100 278
57199 610
57200 640
57299 897
57300 875
57399 588
57400 593
57499 122
57500 132
57599 101
57600 99
57699 30
57700 35
57799 247
57800 268
57899 536
57900 526
57999 555
58000 518
58099 303
58100 313
58199 182
58200 195
58299 135
58300 138
58399 184
58400 176
58499 154
58500 150
58599 85
58600 94
58699 54
58700 45
58799 64
58800 68
58899 39
58900 37
58999 182
59000 175
59099 105
59100 113
59199 50
59200 60
59299 68
59300 64
59399 19
59400 19
59499 20
59500 24
59599 8
59600 5
59699 26
59700 28
59799 0
59800 1
59899 0
59900 1
59999 1
60000 0
60099 54
60100 58
60199 110
60200 107
60299 76
60300 75
60399 101
60400 103
60499 40
60500 44
60599 7
60600 3
60699 34
60700 35
60799 0
60800 0
60899 10
60900 14
60999 0
61000 0
61099 0
61100 0
61199 28
61200 43
61299 0
61300 0
61399 70
61400 66
61499 80
61500 86
61599 61
61600 54
61699 28
61700 30
61799 0
61800 0
61899 0
61900 0
61999 0
62000 0
62099 34
62100 42
62199 92
62200 97
62299 294
62300 299
62399 611
62400 585
62499 507
62500 529
62599 646
62600 645
62699 644
62700 669
62799 435
62800 438
62899 194
62900 182
62999 220
63000 183
63099 526
63100 552
63199 493
63200 473
63299 129
63300 132
63399 24
63400 28
63499 3
63500 2
63599 24
63600 29
63699 46
63700 40
63799 81
63800 74
63899 55
63900 50
63999 6
64000 4
64099 2
64100 5
64199 1
64200 1
64299 58
64300 70
64399 17
64400 15
64499 39
64500 43
64599 4
64600 6
64699 27
64700 29
64799 62
64800 60
64899 120
64900 121
64999 267
65000 268
65099 207
65100 224
65199 78
65200 86
65299 294
65300 286
65399 402
65400 419
65499 399
65500 371
65599 695
65600 622
65699 850
65700 873
65799 651
65800 654
65899 538
65900 504
65999 374
66000 402
66099 577
66100 543
66199 631
66200 576
66299 524
66300 513
66399 426
66400 393
66499 470
66500 481
66599 483
66600 490
66699 516
66700 507
66799 791
66800 801
66899 1085
66900 1036
66999 760
67000 708
67099 797
67100 835
67199 850
67200 869
67299 719
67300 728
67399 1241
67400 1292
67499 727
67500 718
67599 420
67600 432
67699 446
67700 437
67799 431
67800 397
67899 549
67900 557
67999 458
68000 471
68099 477
68100 468
68199 923
68200 932
68299 807
68300 851
68399 1139
68400 1167
68499 732
68500 797
68599 780
68600 790
68699 742
68700 780
68799 939
68800 939
68899 309
68900 313
68999 318
69000 315
69099 452
69100 447
69199 262
69200 248
69299 281
69300 243
69399 175
69400 184
69499 253
69500 282
69599 248
69600 264
69699 347
69700 380
69799 484
69800 468
69899 360
69900 345
69999 352
70000 374
70099 207
70100 210
70199 182
70200 189
70299 101
70300 121
70399 99
70400 96
70499 305
70500 334
70599 304
70600 278
70699 647
70700 691
70799 783
70800 770
70899 919
70900 932
70999 1057
71000 1086
71099 1150
71100 1095
71199 1310
71200 1297
71299 1650
71300 1610
71399 1417
71400 1395
71499 1406
71500 1346
71599 910
71600 936
71699 1062
71700 1112
71799 1012
71800 998
71899 808
71900 831
71999 941
72000 962
72099 607
72100 601
72199 619
72200 635
72299 691
72300 695
72399 483
72400 437
72499 123
72500 130
72599 23
72600 19
72699 113
72700 103
72799 99
72800 120
72899 213
72900 233
72999 466
73000 465
73099 491
73100 512
73199 397
73200 415
73299 570
73300 606
73399 1030
73400 1054
73499 939
73500 931
73599 1029
73600 1040
73699 982
73700 982
73799 485
73800 515
73899 466
73900 468
73999 460
74000 433
74099 414
74100 437
74199 714
74200 682
74299 368
74300 346
74399 279
74400 302
74499 260
74500 253
74599 355
74600 358
74699 267
74700 271
74799 87
74800 92
74899 137
74900 127
74999 307
75000 303
75099 534
75100 490
75199 899
75200 902
75299 1038
75300 1042
75399 1242
75400 1251
75499 1083
75500 1121
75599 1036
75600 1034
75699 1195
75700 1181
75799 1070
75800 1118
75899 1191
75900 1225
75999 1141
76000 1188
76099 825
76100 800
76199 487
76200 485
76299 309
76300 304
76399 284
76400 268
76499 275
76500 287
76599 171
76600 173
76699 296
76700 297
76799 68
76800 71
76899 90
76900 86
76999 81
77000 82
77099 108
77100 102
77199 500
77200 513
77299 482
77300 437
77399 379
77400 344
77499 297
77500 294
77599 128
77600 141
77699 145
77700 147
77799 84
77800 91
77899 146
77900 147
77999 94
78000 101
78099 130
78100 137
78199 90
78200 86
78299 24
78300 37
78399 26
78400 31
78499 47
78500 52
78599 225
78600 238
78699 8
78700 7
78799 1
78800 1
78899 4
78900 5
78999 0
79000 0
79099 43
79100 36
79199 22
79200 25
79299 28
79300 27
79399 1
79400 1
79499 68
79500 67
79599 124
79600 138
79699 34
79700 38
79799 15
79800 21
79899 45
79900 38
79999 4
80000 3
80099 47
80100 54
80199 27
80200 28
80299 72
80300 90
80399 421
80400 417
80499 305
80500 295
80599 191
80600 200
80699 280
80700 300
80799 399
80800 353
80899 361
80900 317
80999 340
81000 333
81099 296
81100 282
81199 445
81200 449
81299 767
81300 757
81399 876
81400 924
81499 1188
81500 1154
81599 1214
81600 1219
81699 1135
81700 1105
81799 1798
81800 1763
81899 2521
81900 2497
81999 2244
82000 2282
82099 2242
82100 2235
82199 1937
82200 1885
82299 1046
82300 1099
82399 1448
82400 1406
82499 1058
82500 1045
82599 1161
82600 1128
82699 944
82700 943
82799 529
82800 496
82899 506
82900 507
82999 499
83000 508
83099 740
83100 746
83199 1159
83200 1127
83299 1170
83300 1179
83399 645
83400 622
83499 724
83500 712
83599 1258
83600 1262
83699 1018
83700 1052
83799 762
83800 772
83899 972
83900 982
83999 1168
84000 1140
84099 485
84100 480
84199 339
84200 327
84299 564
84300 600
84399 805
84400 810
84499 904
84500 930
84599 1114
84600 1180
84699 1301
84700 1308
84799 1477
84800 1462
84899 2262
84900 2226
84999 2866
85000 2911
85099 3104
85100 3152
85199 2597
85200 2642
85299 2168
85300 2244
85399 2596
85400 2588
85499 2712
85500 2679
85599 2810
85600 2844
85699 2956
85700 2919
85799 3274
85800 3246
85899 3868
85900 3848
85999 3810
86000 3776
86099 3408
86100 3532
86199 2925
86200 2858
86299 4047
86300 4024
86399 4600
86400 4566
86499 4777
86500 4685
86599 3979
86600 4072
86699 3418
86700 3469
86799 2580
86800 2572
86899 2754
86900 2706
86999 3112
87000 3167
87099 2897
87100 2912
87199 2100
87200 2017
87299 2042
87300 2010
87399 2046
87400 2078
87499 1625
87500 1655
87599 2063
87600 2029
87699 1407
87700 1390
87799 1272
87800 1299
87899 1507
87900 1503
87999 2845
88000 2937
88099 2921
88100 2904
88199 3007
88200 3039
88299 3085
88300 2956
88399 2263
88400 2323
88499 1907
88500 1924
88599 1866
88600 1850
88699 2011
88700 1999
88799 1678
88800 1678
88899 1229
88900 1259
88999 1341
89000 1303
89099 1526
89100 1512
89199 1324
89200 1313
89299 920
89300 896
89399 363
89400 383
89499 803
89500 822
89599 1216
89600 1217
89699 1570
89700 1533
89799 1826
89800 1846
89899 2276
89900 2244
89999 2265
90000 2273
90099 2427
90100 2412
90199 1739
90200 1831
90299 1461
90300 1439
90399 1463
90400 1426
90499 1926
90500 1963
90599 1734
90600 1689
90699 1617
90700 1562
90799 1446
90800 1429
90899 951
90900 956
90999 522
91000 533
91099 413
91100 396
91199 356
91200 367
91299 195
91300 193
91399 839
91400 830
91499 531
91500 539
91599 486
91600 488
91699 988
91700 1013
91799 698
91800 716
91899 590
91900 599
91999 377
92000 398
92099 436
92100 457
92199 185
92200 186
92299 21
92300 21
92399 1
92400 3
92499 3
92500 3
92599 10
92600 11
92699 86
92700 88
92799 151
92800 146
92899 37
92900 46
92999 234
93000 225
93099 66
93100 60
93199 77
93200 77
93299 97
93300 92
93399 2
93400 1
93499 3
93500 2
93599 7
93600 8
93699 0
93700 1
93799 2
93800 3
93899 1
93900 1
93999 22
94000 29
94099 36
94100 22
94199 12
94200 14
94299 2
94300 3
94399 130
94400 145
94499 201
94500 222
94599 292
94600 313
94699 385
94700 406
94799 612
94800 630
94899 925
94900 932
94999 990
95000 1008
95099 815
95100 841
95199 732
95200 756
95299 869
95300 886
95399 890
95400 882
95499 750
95500 762
95599 983
95600 994
95699 1350
95700 1328
95799 1102
95800 1117
95899 969
95900 982
95999 1352
96000 1376
96099 1766
96100 1808
96199 1081
96200 1086
96299 1103
96300 1151
96399 1216
96400 1220
96499 1233
96500 1195
96599 1354
96600 1365
96699 1414
96700 1350
96799 1777
96800 1753
96899 1487
96900 1603
96999 2445
97000 2524
97099 2710
97100 2738
97199 3008
97200 2950
97299 3145
97300 3199
97399 3900
97400 3852
97499 3617
97500 3648
97599 3661
97600 3739
97699 3167
97700 3085
97799 2453
97800 2471
97899 1998
97900 2070
97999 2621
98000 2597
98099 2036
98100 1977
98199 1878
98200 1894
98299 2224
98300 2204
98399 2514
98400 2500
98499 3323
98500 3275
98599 3008
98600 2965
98699 3251
98700 3304
98799 3645
98800 3671
98899 4020
98900 4015
98999 3870
99000 3877
99099 3208
99100 3203
99199 2411
99200 2397
99299 2243
99300 2280
99399 2431
99400 2442
99499 2678
99500 2637
99599 1850
99600 1888
99699 1240
99700 1207
99799 941
99800 894
99899 833
99900 845
99999 807
100000 848
