99 0
100 0
199 0
200 0
299 181
300 178
399 85
400 98
499 5
500 2
599 22
600 25
699 4
700 8
799 59
800 64
899 23
900 17
999 42
1000 42
1099 22
1100 31
1199 66
1200 52
1299 48
1300 46
1399 1
1400 0
1499 0
1500 0
1599 67
1600 59
1699 209
1700 201
1799 183
1800 164
1899 94
1900 80
1999 291
2000 314
2099 390
2100 363
2199 305
2200 305
2299 111
2300 106
2399 400
2400 409
2499 439
2500 428
2599 350
2600 392
2699 63
2700 63
2799 3
2800 2
2899 55
2900 57
2999 67
3000 81
3099 20
3100 29
3199 218
3200 240
3299 111
3300 106
3399 54
3400 49
3499 0
3500 0
3599 0
3600 0
3699 0
3700 0
3799 14
3800 16
3899 49
3900 66
3999 11
4000 12
4099 0
4100 0
4199 30
4200 25
4299 25
4300 30
4399 2
4400 2
4499 14
4500 17
4599 6
4600 4
4699 3
4700 6
4799 14
4800 19
4899 7
4900 6
4999 1
5000 0
5099 2
5100 4
5199 6
5200 10
5299 21
5300 27
5399 50
5400 53
5499 75
5500 88
5599 169
5600 173
5699 61
5700 70
5799 4
5800 5
5899 9
5900 6
5999 12
6000 8
6099 0
6100 0
6199 7
6200 11
6299 0
6300 0
6399 39
6400 44
6499 17
6500 16
6599 2
6600 2
6699 0
6700 1
6799 0
6800 0
6899 43
6900 39
6999 48
7000 50
7099 0
7100 0
7199 43
7200 36
7299 37
7300 32
7399 1
7400 1
7499 6
7500 5
7599 3
7600 4
7699 0
7700 0
7799 13
7800 13
7899 91
7900 103
7999 210
8000 212
8099 83
8100 90
8199 29
8200 26
8299 15
8300 19
8399 0
8400 0
8499 0
8500 0
8599 0
8600 0
8699 0
8700 1
8799 1
8800 1
8899 20
8900 17
8999 32
9000 26
9099 207
9100 187
9199 230
9200 235
9299 64
9300 51
9399 1
9400 2
9499 41
9500 48
9599 104
9600 103
9699 45
9700 42
9799 0
9800 0
9899 77
9900 98
9999 30
10000 38
10099 151
10100 158
10199 89
10200 87
10299 77
10300 78
10399 146
10400 137
10499 530
10500 503
10599 1085
10600 1129
10699 792
10700 784
10799 1065
10800 1100
10899 1376
10900 1342
10999 1472
11000 1459
11099 1690
11100 1674
11199 1476
11200 1514
11299 1759
11300 1790
11399 2123
11400 2101
11499 1969
11500 1982
11599 2135
11600 2164
11699 2223
11700 2190
11799 2380
11800 2380
11899 2802
11900 2831
11999 3492
12000 3427
12099 2919
12100 2917
12199 2987
12200 2997
12299 3786
12300 3811
12399 4199
12400 4162
12499 3727
12500 3763
12599 3637
12600 3681
12699 2650
12700 2729
12799 3064
12800 3035
12899 3221
12900 3206
12999 2716
13000 2668
13099 2726
13100 2703
13199 1890
13200 1942
13299 1731
13300 1724
13399 1780
13400 1780
13499 2129
13500 2209
13599 2305
13600 2264
13699 1810
13700 1791
13799 1609
13800 1566
13899 1180
13900 1177
13999 1229
14000 1210
14099 1169
14100 1182
14199 1465
14200 1429
14299 1857
14300 1810
14399 1718
14400 1680
14499 2155
14500 2248
14599 1834
14600 1856
14699 2443
14700 2419
14799 2315
14800 2361
14899 1615
14900 1575
14999 1703
15000 1682
15099 1827
15100 1873
15199 1986
15200 2009
15299 1670
15300 1649
15399 1513
15400 1510
15499 1485
15500 1488
15599 1164
15600 1170
15699 1853
15700 1844
15799 1913
15800 1881
15899 2344
15900 2393
15999 2379
16000 2386
16099 2011
16100 1970
16199 1161
16200 1202
16299 381
16300 366
16399 375
16400 398
16499 519
16500 497
16599 576
16600 633
16699 563
16700 568
16799 492
16800 462
16899 327
16900 314
16999 78
17000 79
17099 145
17100 133
17199 107
17200 119
17299 103
17300 104
17399 77
17400 68
17499 2
17500 2
17599 4
17600 1
17699 1
17700 0
17799 11
17800 10
17899 32
17900 39
17999 0
18000 0
18099 0
18100 0
18199 17
18200 15
18299 0
18300 0
18399 16
18400 16
18499 441
18500 450
18599 363
18600 388
18699 435
18700 467
18799 207
18800 212
18899 444
18900 433
18999 792
19000 786
19099 512
19100 504
19199 386
19200 388
19299 542
19300 541
19399 291
19400 272
19499 294
19500 303
19599 163
19600 163
19699 110
19700 133
19799 16
19800 16
19899 40
19900 35
19999 105
20000 100
20099 31
20100 32
20199 54
20200 50
20299 71
20300 83
20399 96
20400 94
20499 1
20500 2
20599 3
20600 4
20699 26
20700 33
20799 9
20800 11
20899 1
20900 0
20999 35
21000 28
21099 1
21100 1
21199 13
21200 15
21299 54
21300 44
21399 1
21400 2
21499 13
21500 8
21599 23
21600 19
21699 3
21700 1
21799 0
21800 0
21899 1
21900 1
21999 8
22000 5
22099 57
22100 52
22199 91
22200 74
22299 269
22300 275
22399 469
22400 475
22499 444
22500 463
22599 263
22600 285
22699 375
22700 386
22799 278
22800 288
22899 367
22900 359
22999 416
23000 394
23099 455
23100 454
23199 365
23200 374
23299 444
23300 431
23399 192
23400 185
23499 7
23500 11
23599 4
23600 4
23699 41
23700 40
23799 32
23800 39
23899 54
23900 48
23999 10
24000 12
24099 16
24100 15
24199 0
24200 0
24299 0
24300 0
24399 10
24400 10
24499 1
24500 2
24599 1
24600 1
24699 2
24700 5
24799 91
24800 86
24899 8
24900 6
24999 4
25000 9
25099 3
25100 2
25199 2
25200 4
25299 15
25300 20
25399 0
25400 0
25499 0
25500 0
25599 0
25600 0
25699 0
25700 0
25799 16
25800 13
25899 0
25900 0
25999 29
26000 21
26099 66
26100 67
26199 20
26200 16
26299 13
26300 14
26399 6
26400 4
26499 0
26500 0
26599 46
26600 55
26699 102
26700 92
26799 36
26800 31
26899 29
26900 21
26999 1
27000 0
27099 5
27100 2
27199 8
27200 12
27299 52
27300 45
27399 5
27400 7
27499 20
27500 21
27599 13
27600 12
27699 1
27700 0
27799 0
27800 0
27899 10
27900 7
27999 0
28000 0
28099 1
28100 1
28199 0
28200 1
28299 111
28300 126
28399 83
28400 91
28499 123
28500 136
28599 50
28600 64
28699 237
28700 232
28799 187
28800 173
28899 103
28900 111
28999 20
29000 25
29099 0
29100 0
29199 2
29200 3
29299 20
29300 20
29399 8
29400 10
29499 4
29500 3
29599 4
29600 4
29699 17
29700 9
29799 51
29800 53
29899 51
29900 47
29999 10
30000 11
30099 87
30100 85
30199 158
30200 159
30299 87
30300 92
30399 285
30400 296
30499 207
30500 216
30599 237
30600 246
30699 538
30700 542
30799 153
30800 176
30899 142
30900 144
30999 122
31000 140
31099 347
31100 335
31199 325
31200 319
31299 561
31300 539
31399 789
31400 798
31499 795
31500 833
31599 743
31600 731
31699 1037
31700 953
31799 925
31800 880
31899 866
31900 851
31999 950
32000 902
32099 725
32100 778
32199 1058
32200 1054
32299 1041
32300 1065
32399 1168
32400 1208
32499 1361
32500 1388
32599 1158
32600 1161
32699 1598
32700 1600
32799 1489
32800 1446
32899 1602
32900 1571
32999 1624
33000 1677
33099 1997
33100 1986
33199 1737
33200 1652
33299 1535
33300 1459
33399 1267
33400 1203
33499 1627
33500 1589
33599 889
33600 869
33699 348
33700 363
33799 611
33800 584
33899 546
33900 548
33999 320
34000 334
34099 107
34100 123
34199 1
34200 1
34299 21
34300 15
34399 0
34400 0
34499 71
34500 55
34599 95
34600 123
34699 125
34700 130
34799 115
34800 115
34899 289
34900 321
34999 297
35000 270
35099 253
35100 256
35199 324
35200 319
35299 54
35300 62
35399 49
35400 39
35499 111
35500 110
35599 101
35600 96
35699 101
35700 128
35799 108
35800 96
35899 52
35900 48
35999 41
36000 34
36099 6
36100 12
36199 33
36200 19
36299 2
36300 0
36399 1
36400 3
36499 1
36500 2
36599 36
36600 32
36699 192
36700 201
36799 226
36800 210
36899 185
36900 200
36999 320
37000 307
37099 502
37100 473
37199 908
37200 904
37299 657
37300 595
37399 922
37400 862
37499 1615
37500 1609
37599 1948
37600 1934
37699 2487
37700 2542
37799 2091
37800 2121
37899 2224
37900 2220
37999 2821
38000 2773
38099 2324
38100 2282
38199 2178
38200 2212
38299 2630
38300 2684
38399 2122
38400 2161
38499 2104
38500 2098
38599 2470
38600 2489
38699 1972
38700 1923
38799 1525
38800 1547
38899 1302
38900 1274
38999 1078
39000 1091
39099 1077
39100 1101
39199 879
39200 885
39299 1236
39300 1266
39399 906
39400 890
39499 705
39500 698
39599 949
39600 953
39699 1059
39700 1086
39799 831
39800 877
39899 482
39900 491
39999 411
40000 427
40099 273
40100 273
40199 252
40200 266
40299 420
40300 405
40399 473
40400 473
40499 508
40500 450
40599 695
40600 759
40699 797
40700 821
40799 647
40800 620
40899 452
40900 462
40999 393
41000 390
41099 203
41100 214
41199 36
41200 34
41299 0
41300 0
41399 1
41400 1
41499 30
41500 36
41599 6
41600 9
41699 1
41700 3
41799 1
41800 1
41899 71
41900 77
41999 1
42000 2
42099 9
42100 13
42199 121
42200 127
42299 355
42300 359
42399 776
42400 775
42499 363
42500 335
42599 242
42600 241
42699 122
42700 122
42799 226
42800 240
42899 223
42900 227
42999 211
43000 211
43099 65
43100 62
43199 30
43200 32
43299 130
43300 122
43399 61
43400 59
43499 0
43500 0
43599 78
43600 76
43699 141
43700 156
43799 389
43800 408
43899 705
43900 743
43999 618
44000 615
44099 916
44100 920
44199 1193
44200 1223
44299 1513
44300 1519
44399 1788
44400 1855
44499 2357
44500 2375
44599 2917
44600 2969
44699 3263
44700 3226
44799 4243
44800 4234
44899 3521
44900 3473
44999 3435
45000 3385
45099 3714
45100 3720
45199 4538
45200 4537
45299 4821
45300 4797
45399 4627
45400 4688
45499 5072
45500 5011
45599 4827
45600 4790
45699 4637
45700 4619
45799 4349
45800 4385
45899 4731
45900 4726
45999 4986
46000 4957
46099 5421
46100 5406
46199 4957
46200 4922
46299 4130
46300 4126
46399 4349
46400 4232
46499 4345
46500 4334
46599 4688
46600 4680
46699 4717
46700 4734
46799 4620
46800 4527
46899 3377
46900 3353
46999 3992
47000 4081
47099 4341
47100 4337
47199 4325
47200 4391
47299 4253
47300 4287
47399 4168
47400 4082
47499 3245
47500 3268
47599 2989
47600 3040
47699 2419
47700 2404
47799 1942
47800 2072
47899 1928
47900 1900
47999 1805
48000 1779
48099 1671
48100 1651
48199 1441
48200 1437
48299 1637
48300 1642
48399 1066
48400 1077
48499 1066
48500 1095
48599 1373
48600 1369
48699 830
48700 842
48799 1285
48800 1297
48899 1225
48900 1217
48999 744
49000 734
49099 680
49100 643
49199 778
49200 789
49299 1079
49300 1083
49399 901
49400 865
49499 1583
49500 1591
49599 1351
49600 1362
49699 812
49700 769
49799 989
49800 1016
49899 800
49900 829
49999 699
50000 726
50099 1275
50100 1262
50199 2182
50200 2155
50299 1801
50300 1760
50399 2597
50400 2584
50499 2093
50500 2059
50599 2189
50600 2154
50699 2202
50700 2145
50799 2444
50800 2515
50899 2079
50900 2090
50999 2534
51000 2543
51099 2079
51100 2123
51199 1715
51200 1725
51299 1227
51300 1246
51399 1194
51400 1121
51499 1354
51500 1354
51599 1920
51600 1964
51699 2535
51700 2559
51799 2705
51800 2728
51899 2396
51900 2362
51999 2516
52000 2507
52099 1824
52100 1822
52199 2221
52200 2111
52299 1997
52300 2009
52399 1412
52400 1464
52499 1046
52500 1039
52599 928
52600 948
52699 1311
52700 1299
52799 670
52800 682
52899 555
52900 523
52999 729
53000 731
53099 624
53100 662
53199 610
53200 654
53299 821
53300 845
53399 814
53400 793
53499 299
53500 319
53599 47
53600 45
53699 174
53700 158
53799 262
53800 279
53899 265
53900 224
53999 448
54000 455
54099 381
54100 409
54199 272
54200 251
54299 210
54300 191
54399 220
54400 192
54499 261
54500 223
54599 437
54600 442
54699 419
54700 369
54799 604
54800 614
54899 492
54900 471
54999 409
55000 399
55099 322
55100 297
55199 22
55200 17
55299 0
55300 0
55399 0
55400 0
55499 25
55500 19
55599 3
55600 4
55699 16
55700 13
55799 22
55800 21
55899 47
55900 38
55999 77
56000 73
56099 12
56100 9
56199 4
56200 1
56299 0
56300 0
56399 6
56400 9
56499 109
56500 87
56599 32
56600 35
56699 172
56700 196
56799 101
56800 110
56899 283
56900 293
56999 350
57000 350
57099 271
57100 269
57199 130
57200 107
57299 37
57300 34
57399 44
57400 45
57499 161
57500 169
57599 497
57600 485
57699 677
57700 655
57799 948
57800 919
57899 842
57900 866
57999 416
58000 428
58099 143
58100 154
58199 138
58200 121
58299 156
58300 147
58399 272
58400 257
58499 400
58500 375
58599 187
58600 194
58699 93
58700 92
58799 60
58800 59
58899 8
58900 15
58999 3
59000 1
59099 47
59100 46
59199 67
59200 71
59299 14
59300 13
59399 3
59400 2
59499 48
59500 57
59599 32
59600 36
59699 9
59700 10
59799 20
59800 23
59899 23
59900 21
59999 0
60000 0
60099 2
60100 5
60199 127
60200 118
60299 317
60300 291
60399 446
60400 469
60499 55
60500 60
60599 66
60600 71
60699 2
60700 1
60799 98
60800 96
60899 20
60900 17
60999 5
61000 7
61099 6
61100 6
61199 65
61200 55
61299 40
61300 44
61399 76
61400 70
61499 125
61500 117
61599 33
61600 28
61699 29
61700 29
61799 42
61800 55
61899 206
61900 200
61999 335
62000 339
62099 288
62100 284
62199 415
62200 408
62299 803
62300 782
62399 738
62400 703
62499 387
62500 374
62599 634
62600 634
62699 883
62700 886
62799 610
62800 623
62899 801
62900 773
62999 528
63000 559
63099 302
63100 303
63199 227
63200 219
63299 303
63300 327
63399 125
63400 142
63499 581
63500 542
63599 103
63600 106
63699 41
63700 47
63799 53
63800 60
63899 128
63900 126
63999 36
64000 34
64099 45
64100 47
64199 44
64200 43
64299 39
64300 36
64399 0
64400 0
64499 5
64500 4
64599 1
64600 0
64699 35
64700 35
64799 46
64800 48
64899 109
64900 125
64999 338
65000 330
65099 385
65100 371
65199 362
65200 378
65299 400
65300 422
65399 244
65400 261
65499 263
65500 267
65599 258
65600 271
65699 179
65700 201
65799 122
65800 109
65899 125
65900 120
65999 15
66000 15
66099 13
66100 19
66199 134
66200 156
66299 612
66300 577
66399 675
66400 664
66499 585
66500 593
66599 671
66600 684
66699 755
66700 796
66799 870
66800 835
66899 1107
66900 1042
66999 688
67000 672
67099 815
67100 843
67199 818
67200 776
67299 963
67300 948
67399 663
67400 726
67499 492
67500 494
67599 471
67600 456
67699 415
67700 407
67799 289
67800 274
67899 185
67900 208
67999 278
68000 277
68099 440
68100 441
68199 112
68200 126
68299 95
68300 100
68399 29
68400 37
68499 17
68500 16
68599 94
68600 89
68699 35
68700 42
68799 0
68800 0
68899 3
68900 3
68999 26
69000 32
69099 27
69100 25
69199 27
69200 21
69299 8
69300 8
69399 0
69400 0
69499 65
69500 59
69599 151
69600 155
69699 325
69700 327
69799 82
69800 86
69899 26
69900 34
69999 15
70000 19
70099 9
70100 8
70199 3
70200 2
70299 16
70300 19
70399 73
70400 60
70499 153
70500 152
70599 44
70600 46
70699 2
70700 3
70799 4
70800 3
70899 17
70900 21
70999 11
71000 16
71099 54
71100 44
71199 186
71200 192
71299 134
71300 120
71399 25
71400 30
71499 57
71500 64
71599 90
71600 90
71699 47
71700 47
71799 25
71800 22
71899 54
71900 58
71999 81
72000 82
72099 40
72100 43
72199 126
72200 128
72299 157
72300 154
72399 245
72400 228
72499 51
72500 46
72599 3
72600 6
72699 0
72700 0
72799 27
72800 33
72899 23
72900 27
72999 18
73000 17
73099 1
73100 3
73199 68
73200 54
73299 91
73300 92
73399 86
73400 89
73499 91
73500 115
73599 352
73600 365
73699 302
73700 296
73799 333
73800 329
73899 519
73900 505
73999 364
74000 385
74099 444
74100 462
74199 361
74200 350
74299 461
74300 457
74399 480
74400 498
74499 768
74500 733
74599 858
74600 867
74699 752
74700 767
74799 1082
74800 1067
74899 964
74900 958
74999 1391
75000 1432
75099 1092
75100 1076
75199 1333
75200 1369
75299 1818
75300 1814
75399 1685
75400 1673
75499 1547
75500 1513
75599 1068
75600 1086
75699 797
75700 801
75799 731
75800 685
75899 327
75900 329
75999 508
76000 473
76099 698
76100 651
76199 401
76200 410
76299 181
76300 187
76399 92
76400 102
76499 22
76500 31
76599 1
76600 1
76699 5
76700 6
76799 11
76800 15
76899 129
76900 142
76999 112
77000 109
77099 1
77100 1
77199 10
77200 10
77299 0
77300 1
77399 28
77400 41
77499 42
77500 47
77599 124
77600 113
77699 43
77700 43
77799 91
77800 96
77899 4
77900 1
77999 0
78000 0
78099 0
78100 0
78199 23
78200 20
78299 135
78300 139
78399 59
78400 50
78499 3
78500 2
78599 19
78600 17
78699 65
78700 69
78799 33
78800 24
78899 19
78900 20
78999 3
79000 3
79099 22
79100 18
79199 0
79200 0
79299 13
79300 13
79399 66
79400 79
79499 17
79500 14
79599 5
79600 2
79699 1
79700 2
79799 0
79800 0
79899 0
79900 1
79999 6
80000 5
80099 77
80100 67
80199 303
80200 323
80299 234
80300 241
80399 188
80400 192
80499 122
80500 124
80599 9
80600 11
80699 0
80700 0
80799 0
80800 0
80899 2
80900 3
80999 4
81000 6
81099 14
81100 15
81199 31
81200 31
81299 157
81300 160
81399 195
81400 177
81499 84
81500 83
81599 115
81600 120
81699 107
81700 109
81799 0
81800 0
81899 16
81900 5
81999 9
82000 7
82099 11
82100 12
82199 35
82200 21
82299 22
82300 19
82399 4
82400 3
82499 1
82500 1
82599 94
82600 124
82699 99
82700 110
82799 46
82800 49
82899 2
82900 3
82999 0
83000 0
83099 16
83100 22
83199 9
83200 8
83299 31
83300 34
83399 2
83400 1
83499 1
83500 0
83599 10
83600 8
83699 31
83700 28
83799 13
83800 13
83899 29
83900 31
83999 13
84000 15
84099 22
84100 23
84199 45
84200 37
84299 0
84300 0
84399 28
84400 29
84499 7
84500 8
84599 2
84600 2
84699 21
84700 18
84799 5
84800 7
84899 0
84900 0
84999 12
85000 12
85099 28
85100 22
85199 78
85200 80
85299 250
85300 278
85399 319
85400 307
85499 238
85500 241
85599 129
85600 138
85699 193
85700 181
85799 84
85800 91
85899 59
85900 54
85999 227
86000 235
86099 156
86100 150
86199 360
86200 314
86299 367
86300 326
86399 91
86400 97
86499 253
86500 258
86599 88
86600 109
86699 261
86700 237
86799 267
86800 270
86899 473
86900 518
86999 402
87000 390
87099 300
87100 305
87199 166
87200 149
87299 103
87300 86
87399 64
87400 69
87499 355
87500 366
87599 86
87600 86
87699 245
87700 229
87799 292
87800 266
87899 258
87900 255
87999 72
88000 50
88099 54
88100 57
88199 273
88200 280
88299 236
88300 275
88399 277
88400 281
88499 421
88500 405
88599 421
88600 416
88699 316
88700 320
88799 279
88800 265
88899 236
88900 242
88999 95
89000 107
89099 363
89100 361
89199 582
89200 582
89299 662
89300 632
89399 583
89400 591
89499 824
89500 831
89599 918
89600 910
89699 1143
89700 1123
89799 792
89800 825
89899 1190
89900 1223
89999 1014
90000 1043
90099 614
90100 609
90199 728
90200 699
90299 343
90300 334
90399 849
90400 904
90499 1056
90500 1016
90599 1597
90600 1617
90699 1237
90700 1258
90799 1647
90800 1647
90899 1098
90900 1057
90999 942
91000 946
91099 1362
91100 1365
91199 1048
91200 1118
91299 1372
91300 1362
91399 913
91400 913
91499 917
91500 938
91599 1439
91600 1417
91699 1074
91700 1007
91799 977
91800 982
91899 894
91900 910
91999 768
92000 753
92099 844
92100 823
92199 650
92200 677
92299 602
92300 609
92399 817
92400 773
92499 1056
92500 1057
92599 1666
92600 1619
92699 1734
92700 1635
92799 1325
92800 1381
92899 1889
92900 1879
92999 1510
93000 1547
93099 1462
93100 1466
93199 1243
93200 1226
93299 1392
93300 1395
93399 1260
93400 1209
93499 1296
93500 1329
93599 1725
93600 1739
93699 2576
93700 2464
93799 3563
93800 3504
93899 3586
93900 3593
93999 3899
94000 3930
94099 3633
94100 3547
94199 3702
94200 3721
94299 3324
94300 3366
94399 3803
94400 3712
94499 4863
94500 4824
94599 4016
94600 3910
94699 3177
94700 3179
94799 3266
94800 3294
94899 2714
94900 2713
94999 2542
95000 2459
95099 2322
95100 2366
95199 2267
95200 2257
95299 2467
95300 2459
95399 2526
95400 2499
95499 2349
95500 2397
95599 2981
95600 3072
95699 2167
95700 2253
95799 2074
95800 2063
95899 1673
95900 1619
95999 1627
96000 1574
96099 1206
96100 1212
96199 1253
96200 1221
96299 1076
96300 1107
96399 1514
96400 1585
96499 1550
96500 1507
96599 1523
96600 1546
96699 1376
96700 1409
96799 1983
96800 2034
96899 2531
96900 2523
96999 3212
97000 3145
97099 2534
97100 2562
97199 3088
97200 3149
97299 2421
97300 2319
97399 1352
97400 1344
97499 2303
97500 2280
97599 2585
97600 2558
97699 2303
97700 2355
97799 2803
97800 2800
97899 2007
97900 1984
97999 1599
98000 1618
98099 1345
98100 1395
98199 1162
98200 1153
98299 1398
98300 1386
98399 1612
98400 1565
98499 1564
98500 1592
98599 1092
98600 1119
98699 984
98700 1006
98799 988
98800 1046
98899 861
98900 828
98999 710
99000 750
99099 1115
99100 1181
99199 1882
99200 1827
99299 2069
99300 2059
99399 1838
99400 1822
99499 1989
99500 2046
99599 2180
99600 2093
99699 2629
99700 2657
99799 2974
99800 2880
99899 2507
99900 2502
99999 1911
100000 1904
