99 2
100 3
199 19
200 26
299 0
300 0
399 73
400 62
499 128
500 129
599 282
600 319
699 580
700 588
799 512
800 529
899 1047
900 1075
999 1653
1000 1631
1099 2132
1100 2156
1199 1628
1200 1590
1299 1599
1300 1612
1399 1966
1400 1981
1499 2273
1500 2297
1599 2855
1600 2833
1699 3404
1700 3427
1799 3753
1800 3860
1899 5760
1900 5717
1999 5926
2000 5847
2099 5752
2100 5789
2199 6268
2200 6345
2299 6450
2300 6435
2399 7249
2400 7266
2499 6896
2500 6969
2599 5306
2600 5257
2699 4766
2700 4746
2799 4282
2800 4329
2899 4905
2900 4958
2999 4844
3000 4819
3099 5065
3100 5035
3199 4784
3200 4819
3299 4664
3300 4778
3399 4985
3400 5045
3499 5094
3500 5092
3599 6345
3600 6324
3699 6371
3700 6383
3799 7054
3800 7065
3899 5834
3900 5797
3999 5236
4000 5163
4099 5343
4100 5324
4199 4800
4200 4800
4299 4518
4300 4485
4399 4150
4400 4162
4499 4193
4500 4101
4599 3532
4600 3532
4699 3615
4700 3678
4799 3466
4800 3394
4899 3884
4900 3947
4999 3518
5000 3447
5099 4364
5100 4375
5199 4610
5200 4591
5299 4255
5300 4210
5399 4421
5400 4494
5499 5029
5500 5024
5599 5188
5600 5181
5699 4996
5700 5071
5799 4774
5800 4822
5899 3405
5900 3368
5999 2665
6000 2685
6099 2091
6100 2082
6199 2185
6200 2184
6299 2415
6300 2448
6399 2064
6400 2021
6499 1638
6500 1639
6599 1461
6600 1428
6699 1012
6700 972
6799 1403
6800 1443
6899 1786
6900 1740
6999 2177
7000 2131
7099 1867
7100 1809
7199 1685
7200 1662
7299 1288
7300 1293
7399 709
7400 737
7499 1027
7500 1026
7599 536
7600 564
7699 396
7700 340
7799 510
7800 522
7899 387
7900 364
7999 188
8000 182
8099 449
8100 460
8199 298
8200 288
8299 509
8300 504
8399 1123
8400 1127
8499 969
8500 986
8599 1985
8600 1952
8699 2575
8700 2605
8799 2515
8800 2509
8899 2274
8900 2271
8999 1913
9000 1896
9099 1549
9100 1489
9199 1906
9200 1885
9299 1414
9300 1401
9399 1298
9400 1332
9499 1629
9500 1633
9599 2159
9600 2124
9699 1944
9700 1995
9799 2514
9800 2487
9899 2195
9900 2189
9999 1897
10000 1831
10099 1628
10100 1594
10199 1713
10200 1694
10299 1536
10300 1491
10399 1113
10400 1109
10499 1077
10500 1055
10599 1138
10600 1146
10699 904
10700 912
10799 704
10800 711
10899 1004
10900 1043
10999 1163
11000 1162
11099 929
11100 939
11199 722
11200 747
11299 1238
11300 1164
11399 1012
11400 1028
11499 731
11500 718
11599 651
11600 622
11699 366
11700 363
11799 278
11800 306
11899 476
11900 476
11999 302
12000 321
12099 147
12100 164
12199 240
12200 229
12299 432
12300 452
12399 353
12400 345
12499 67
12500 73
12599 76
12600 86
12699 24
12700 29
12799 29
12800 27
12899 108
12900 113
12999 64
13000 78
13099 184
13100 196
13199 144
13200 144
13299 271
13300 254
13399 428
13400 389
13499 495
13500 479
13599 368
13600 385
13699 519
13700 509
13799 820
13800 846
13899 1292
13900 1301
13999 1487
14000 1451
14099 1774
14100 1727
14199 1963
14200 1976
14299 2155
14300 2152
14399 2221
14400 2205
14499 1753
14500 1798
14599 1606
14600 1561
14699 1329
14700 1368
14799 1501
14800 1523
14899 2362
14900 2319
14999 1985
15000 2002
15099 2094
15100 2170
15199 1385
15200 1420
15299 1216
15300 1186
15399 462
15400 481
15499 617
15500 640
15599 464
15600 425
15699 152
15700 110
15799 345
15800 339
15899 509
15900 488
15999 235
16000 235
16099 395
16100 378
16199 234
16200 224
16299 310
16300 307
16399 233
16400 243
16499 116
16500 111
16599 547
16600 547
16699 675
16700 693
16799 609
16800 603
16899 527
16900 520
16999 490
17000 514
17099 274
17100 268
17199 492
17200 486
17299 477
17300 430
17399 480
17400 464
17499 742
17500 714
17599 318
17600 299
17699 325
17700 335
17799 413
17800 426
17899 515
17900 498
17999 500
18000 472
18099 785
18100 785
18199 853
18200 841
18299 542
18300 544
18399 349
18400 356
18499 420
18500 409
18599 636
18600 640
18699 501
18700 494
18799 62
18800 76
18899 98
18900 96
18999 28
19000 18
19099 31
19100 25
19199 7
19200 6
19299 9
19300 12
19399 24
19400 16
19499 8
19500 8
19599 41
19600 33
19699 0
19700 1
19799 0
19800 1
19899 9
19900 15
19999 84
20000 87
20099 44
20100 48
20199 25
20200 31
20299 158
20300 175
20399 255
20400 261
20499 156
20500 167
20599 0
20600 0
20699 25
20700 33
20799 5
20800 5
20899 2
20900 3
20999 11
21000 15
21099 87
21100 81
21199 42
21200 52
21299 21
21300 20
21399 12
21400 8
21499 1
21500 0
21599 1
21600 3
21699 0
21700 0
21799 26
21800 27
21899 23
21900 15
21999 59
22000 50
22099 76
22100 70
22199 4
22200 6
22299 0
22300 0
22399 13
22400 9
22499 20
22500 10
22599 0
22600 0
22699 0
22700 0
22799 2
22800 2
22899 8
22900 16
22999 20
23000 19
23099 25
23100 29
23199 109
23200 118
23299 11
23300 14
23399 6
23400 8
23499 18
23500 12
23599 11
23600 16
23699 0
23700 0
23799 1
23800 2
23899 37
23900 36
23999 79
24000 74
24099 10
24100 14
24199 93
24200 94
24299 4
24300 4
24399 1
24400 1
24499 89
24500 86
24599 125
24600 125
24699 86
24700 88
24799 273
24800 273
24899 192
24900 198
24999 576
25000 600
25099 220
25100 223
25199 84
25200 92
25299 59
25300 51
25399 33
25400 39
25499 0
25500 0
25599 4
25600 7
25699 27
25700 25
25799 81
25800 88
25899 122
25900 136
25999 171
26000 164
26099 66
26100 70
26199 109
26200 96
26299 119
26300 132
26399 22
26400 16
26499 2
26500 5
26599 116
26600 106
26699 16
26700 16
26799 14
26800 20
26899 126
26900 122
26999 75
27000 95
27099 637
27100 623
27199 521
27200 531
27299 1212
27300 1224
27399 1247
27400 1241
27499 1707
27500 1685
27599 1051
27600 1000
27699 799
27700 801
27799 808
27800 850
27899 1647
27900 1688
27999 1749
28000 1756
28099 1487
28100 1488
28199 1594
28200 1595
28299 1500
28300 1586
28399 1620
28400 1614
28499 1612
28500 1606
28599 1612
28600 1569
28699 2080
28700 2036
28799 2288
28800 2279
28899 1784
28900 1746
28999 1939
29000 1906
29099 2343
29100 2329
29199 2805
29200 2781
29299 3411
29300 3401
29399 3717
29400 3714
29499 3925
29500 3953
29599 3817
29600 3775
29699 3601
29700 3601
29799 4213
29800 4216
29899 4881
29900 4904
29999 4365
30000 4391
30099 4051
30100 4089
30199 4263
30200 4420
30299 3086
30300 3058
30399 2991
30400 2993
30499 3455
30500 3448
30599 3284
30600 3222
30699 3064
30700 3161
30799 2927
30800 2918
30899 4302
30900 4280
30999 4695
31000 4708
31099 4722
31100 4659
31199 5645
31200 5678
31299 4848
31300 4933
31399 3950
31400 3965
31499 4702
31500 4662
31599 4729
31600 4835
31699 3764
31700 3817
31799 3042
31800 3061
31899 2722
31900 2679
31999 2429
32000 2407
32099 2276
32100 2258
32199 2790
32200 2834
32299 3470
32300 3543
32399 3034
32400 3080
32499 2738
32500 2711
32599 1608
32600 1561
32699 1269
32700 1274
32799 2537
32800 2631
32899 2758
32900 2769
32999 2586
33000 2623
33099 2414
33100 2378
33199 2311
33200 2377
33299 2636
33300 2626
33399 2907
33400 2856
33499 2694
33500 2721
33599 3119
33600 3101
33699 2581
33700 2569
33799 3705
33800 3704
33899 4263
33900 4242
33999 4181
34000 4230
34099 4234
34100 4209
34199 5090
34200 5016
34299 4561
34300 4698
34399 5192
34400 5197
34499 6130
34500 6153
34599 5807
34600 5866
34699 4477
34700 4483
34799 4922
34800 4816
34899 3851
34900 3771
34999 4716
35000 4736
35099 4260
35100 4285
35199 5069
35200 5116
35299 4524
35300 4460
35399 3037
35400 3068
35499 3310
35500 3312
35599 4408
35600 4400
35699 4906
35700 4878
35799 4418
35800 4386
35899 4255
35900 4279
35999 4648
36000 4698
36099 4882
36100 4727
36199 5677
36200 5765
36299 5010
36300 4976
36399 5293
36400 5507
36499 6048
36500 6169
36599 4627
36600 4834
36699 3252
36700 3281
36799 3509
36800 3414
36899 3136
36900 3143
36999 3313
37000 3293
37099 4158
37100 4096
37199 3638
37200 3649
37299 4473
37300 4443
37399 4687
37400 4655
37499 4015
37500 3943
37599 4537
37600 4614
37699 4043
37700 3981
37799 4085
37800 4068
37899 4582
37900 4466
37999 3351
38000 3350
38099 3532
38100 3578
38199 3344
38200 3486
38299 4424
38300 4445
38399 4653
38400 4558
38499 3964
38500 3992
38599 5848
38600 5863
38699 4214
38700 4073
38799 3448
38800 3431
38899 2755
38900 2838
38999 3781
39000 3858
39099 4456
39100 4222
39199 5221
39200 5300
39299 5672
39300 5594
39399 5330
39400 5434
39499 6162
39500 6129
39599 7168
39600 7157
39699 6009
39700 5983
39799 6160
39800 6122
39899 5870
39900 5932
39999 5699
40000 5711
40099 5207
40100 5280
40199 4756
40200 4639
40299 4350
40300 4369
40399 5731
40400 5728
40499 6392
40500 6319
40599 8227
40600 8164
40699 7423
40700 7536
40799 8790
40800 8665
40899 9190
40900 9287
40999 9716
41000 9652
41099 1074
41100 1011
41199 1842
41200 1827
41299 1915
41300 1878
41399 1832
41400 1827
41499 1007
41500 976
41599 1451
41600 1428
41699 1841
41700 1809
41799 1852
41800 1976
41899 175
41900 70
41999 97
42000 135
42099 9229
42100 9235
42199 8732
42200 8732
42299 9302
42300 9359
42399 114
42400 151
42499 624
42500 603
42599 419
42600 354
42699 2117
42700 2164
42799 165
42800 134
42899 9132
42900 9099
42999 8658
43000 8695
43099 8470
43100 8466
43199 232
43200 334
43299 2133
43300 2102
43399 4236
43400 4475
43499 4305
43500 4336
43599 5369
43600 5533
43699 4111
43700 4015
43799 5384
43800 5288
43899 5712
43900 5727
43999 5298
44000 5257
44099 4863
44100 4922
44199 4464
44200 4656
44299 6147
44300 6114
44399 7982
44400 7890
44499 8317
44500 8423
44599 8403
44600 8424
44699 7986
44700 8012
44799 7245
44800 7170
44899 7031
44900 7238
44999 6754
45000 6494
45099 6698
45100 6623
45199 7564
45200 7601
45299 5784
45300 5809
45399 5650
45400 5650
45499 5903
45500 6185
45599 7405
45600 7349
45699 6094
45700 6209
45799 6809
45800 6897
45899 8488
45900 8571
45999 7266
46000 7206
46099 5416
46100 5262
46199 5122
46200 5261
46299 5683
46300 5707
46399 6549
46400 6438
46499 6488
46500 6624
46599 7770
46600 7754
46699 8698
46700 8512
46799 9934
46800 85
46899 1115
46900 1041
46999 6
47000 9979
47099 7362
47100 7433
47199 4912
47200 4872
47299 4775
47300 4797
47399 4171
47400 4049
47499 3155
47500 3098
47599 3025
47600 2936
47699 4831
47700 4747
47799 3718
47800 3706
47899 2605
47900 2446
47999 3231
48000 3149
48099 4341
48100 4525
48199 5533
48200 5460
48299 6194
48300 6264
48399 5658
48400 5809
48499 5826
48500 5667
48599 5931
48600 5744
48699 6062
48700 5976
48799 7563
48800 7810
48899 7685
48900 7763
48999 6919
49000 6864
49099 6790
49100 6824
49199 5867
49200 5772
49299 3857
49300 3683
49399 846
49400 651
49499 174
49500 83
49599 1852
49600 1995
49699 477
49700 201
49799 170
49800 273
49899 9836
49900 9990
49999 623
50000 343
50099 9724
50100 9443
50199 7580
50200 7593
50299 8551
50300 8675
50399 7952
50400 7855
50499 7155
50500 7222
50599 6834
50600 6801
50699 6867
50700 6869
50799 5966
50800 6000
50899 6356
50900 6224
50999 6459
51000 6496
51099 6885
51100 6929
51199 7766
51200 7781
51299 5860
51300 5753
51399 4979
51400 5084
51499 6353
51500 6282
51599 4525
51600 4543
51699 4015
51700 3944
51799 4668
51800 4774
51899 5175
51900 4955
51999 3515
52000 3530
52099 4574
52100 4684
52199 5008
52200 4890
52299 4486
52300 4495
52399 5485
52400 5554
52499 5071
52500 5045
52599 5181
52600 5242
52699 4819
52700 4760
52799 4127
52800 4036
52899 3625
52900 3567
52999 3722
53000 3763
53099 4528
53100 4580
53199 5512
53200 5505
53299 5765
53300 5851
53399 6742
53400 6681
53499 7496
53500 7587
53599 8132
53600 8115
53699 7335
53700 7474
53799 7634
53800 7763
53899 8067
53900 8005
53999 6354
54000 6383
54099 5779
54100 5856
54199 5560
54200 5625
54299 4400
54300 4382
54399 5273
54400 5275
54499 5442
54500 5470
54599 5934
54600 5964
54699 5187
54700 5215
54799 4275
54800 4311
54899 3997
54900 4006
54999 4547
55000 4583
55099 4946
55100 4949
55199 5860
55200 5866
55299 7598
55300 7619
55399 6026
55400 6085
55499 7244
55500 7287
55599 7478
55600 7396
55699 9406
55700 9476
55799 9430
55800 9404
55899 9111
55900 9132
55999 9771
56000 9708
56099 8679
56100 8850
56199 7944
56200 8075
56299 7617
56300 7648
56399 7685
56400 7779
56499 7542
56500 7512
56599 8300
56600 8242
56699 8357
56700 8340
56799 7567
56800 7458
56899 6802
56900 6987
56999 7802
57000 7776
57099 8885
57100 8634
57199 8383
57200 8352
57299 9518
57300 9540
57399 1370
57400 1466
57499 1468
57500 1568
57599 222
57600 164
57699 1135
57700 1006
57799 763
57800 786
57899 267
57900 485
57999 2782
58000 2764
58099 4397
58100 4269
58199 2842
58200 2978
58299 4897
58300 4866
58399 5212
58400 5336
58499 6619
58500 6886
58599 7129
58600 7054
58699 6988
58700 6885
58799 8551
58800 8610
58899 9567
58900 9534
58999 9223
59000 9274
59099 8464
59100 8579
59199 7756
59200 7641
59299 7997
59300 8094
59399 7466
59400 7554
59499 7639
59500 7697
59599 9645
59600 9596
59699 7836
59700 7838
59799 6583
59800 6602
59899 6911
59900 6835
59999 7089
60000 7298
60099 6537
60100 6485
60199 6884
60200 6860
60299 7132
60300 7063
60399 4702
60400 4724
60499 3307
60500 3390
60599 3868
60600 3760
60699 4950
60700 4799
60799 6294
60800 6466
60899 7659
60900 7591
60999 7169
61000 6973
61099 7684
61100 7697
61199 7789
61200 7685
61299 7065
61300 6948
61399 6810
61400 6808
61499 7292
61500 7249
61599 6248
61600 6147
61699 6138
61700 6078
61799 6524
61800 6555
61899 7490
61900 7478
61999 7293
62000 7159
62099 7786
62100 7805
62199 7819
62200 7683
62299 6672
62300 6709
62399 7670
62400 7540
62499 7248
62500 7247
62599 7955
62600 8086
62699 9189
62700 9275
62799 8747
62800 8814
62899 6539
62900 6409
62999 6310
63000 6246
63099 6031
63100 6140
63199 6244
63200 6234
63299 6557
63300 6586
63399 7644
63400 7538
63499 6905
63500 6765
63599 7994
63600 8004
63699 7527
63700 7590
63799 6819
63800 6809
63899 7384
63900 7404
63999 7790
64000 7612
64099 6277
64100 6370
64199 5666
64200 5881
64299 6094
64300 6106
64399 6636
64400 6611
64499 7521
64500 7622
64599 7963
64600 7952
64699 6993
64700 6964
64799 7253
64800 7259
64899 6441
64900 6657
64999 5000
65000 4956
65099 6110
65100 6073
65199 4555
65200 4655
65299 3252
65300 3054
65399 2664
65400 2732
65499 2583
65500 2607
65599 1870
65600 1805
65699 835
65700 796
65799 553
65800 486
65899 1723
65900 1768
65999 2510
66000 2518
66099 2661
66100 2605
66199 2100
66200 2297
66299 2052
66300 2014
66399 2385
66400 2469
66499 2581
66500 2683
66599 2964
66600 2911
66699 3045
66700 2956
66799 3404
66800 3340
66899 2083
66900 2056
66999 2843
67000 2814
67099 2462
67100 2512
67199 2813
67200 2819
67299 1800
67300 1802
67399 689
67400 711
67499 432
67500 544
67599 1051
67600 914
67699 1241
67700 1265
67799 1646
67800 1665
67899 3251
67900 3308
67999 2877
68000 2837
68099 1434
68100 1487
68199 1810
68200 1795
68299 1711
68300 1753
68399 3210
68400 3171
68499 2971
68500 2857
68599 2930
68600 3004
68699 2105
68700 2010
68799 2334
68800 2252
68899 2918
68900 2689
68999 1528
69000 1482
69099 738
69100 888
69199 9865
69200 9809
69299 9970
69300 9981
69399 38
69400 6
69499 283
69500 314
69599 700
69600 724
69699 444
69700 355
69799 8796
69800 8880
69899 8739
69900 8791
69999 7779
70000 7660
70099 8840
70100 8850
70199 8538
70200 8607
70299 8614
70300 8655
70399 8451
70400 8414
70499 8714
70500 8740
70599 8886
70600 8872
70699 8160
70700 8110
70799 8057
70800 7994
70899 7867
70900 7856
70999 7640
71000 7750
71099 7283
71100 7235
71199 7349
71200 7266
71299 7366
71300 7296
71399 7174
71400 7161
71499 6241
71500 6416
71599 5432
71600 5467
71699 4530
71700 4556
71799 3439
71800 3470
71899 3631
71900 3585
71999 3481
72000 3558
72099 3099
72100 3097
72199 3076
72200 3145
72299 3202
72300 3204
72399 3601
72400 3613
72499 4089
72500 4126
72599 4698
72600 4743
72699 5212
72700 5168
72799 3538
72800 3531
72899 2696
72900 2667
72999 3240
73000 3200
73099 3177
73100 3069
73199 2879
73200 2882
73299 2758
73300 2768
73399 3514
73400 3567
73499 3424
73500 3398
73599 3160
73600 3087
73699 2778
73700 2841
73799 3227
73800 3118
73899 3254
73900 3250
73999 3134
74000 3087
74099 3142
74100 3163
74199 2844
74200 2774
74299 3568
74300 3558
74399 3411
74400 3400
74499 4771
74500 4725
74599 4259
74600 4354
74699 4281
74700 4137
74799 3924
74800 3937
74899 3988
74900 3938
74999 3747
75000 3733
75099 3827
75100 3902
75199 3864
75200 3909
75299 3079
75300 3095
75399 3207
75400 3232
75499 3487
75500 3564
75599 3091
75600 3123
75699 2819
75700 2881
75799 2597
75800 2600
75899 3442
75900 3443
75999 4091
76000 4085
76099 3841
76100 3902
76199 3717
76200 3645
76299 2896
76300 2890
76399 2442
76400 2503
76499 1053
76500 1118
76599 568
76600 562
76699 1055
76700 990
76799 1486
76800 1404
76899 1328
76900 1286
76999 873
77000 890
77099 1335
77100 1343
77199 1532
77200 1529
77299 1646
77300 1664
77399 1598
77400 1644
77499 1269
77500 1273
77599 1284
77600 1348
77699 1090
77700 1076
77799 425
77800 453
77899 1074
77900 1055
77999 1274
78000 1295
78099 1336
78100 1349
78199 1602
78200 1616
78299 1543
78300 1580
78399 1730
78400 1741
78499 2462
78500 2422
78599 2043
78600 2059
78699 1932
78700 1896
78799 2554
78800 2519
78899 1511
78900 1503
78999 1993
79000 1972
79099 1467
79100 1424
79199 1457
79200 1439
79299 1727
79300 1790
79399 2314
79400 2389
79499 2108
79500 2036
79599 1481
79600 1473
79699 1522
79700 1444
79799 2020
79800 1977
79899 2352
79900 2314
79999 3069
80000 3044
80099 2293
80100 2328
80199 1513
80200 1507
80299 1891
80300 1904
80399 2278
80400 2264
80499 2507
80500 2494
80599 3034
80600 3086
80699 4204
80700 4197
80799 4747
80800 4721
80899 4420
80900 4389
80999 3864
81000 3894
81099 3346
81100 3395
81199 2571
81200 2590
81299 3380
81300 3400
81399 3208
81400 3052
81499 2742
81500 2621
81599 2600
81600 2645
81699 2694
81700 2660
81799 2315
81800 2189
81899 1801
81900 1748
81999 2036
82000 1990
82099 1710
82100 1686
82199 1917
82200 1883
82299 1369
82300 1303
82399 1524
82400 1441
82499 1491
82500 1483
82599 1133
82600 1104
82699 919
82700 909
82799 1205
82800 1224
82899 1539
82900 1556
82999 1674
83000 1703
83099 2352
83100 2371
83199 2728
83200 2725
83299 1736
83300 1705
83399 1306
83400 1312
83499 1605
83500 1589
83599 1353
83600 1314
83699 1249
83700 1238
83799 1086
83800 1089
83899 1259
83900 1230
83999 1226
84000 1249
84099 1225
84100 1245
84199 1355
84200 1340
84299 1212
84300 1135
84399 1816
84400 1849
84499 2454
84500 2409
84599 2365
84600 2348
84699 2150
84700 2134
84799 1767
84800 1746
84899 2093
84900 2116
84999 1442
85000 1485
85099 862
85100 792
85199 809
85200 838
85299 838
85300 820
85399 617
85400 629
85499 551
85500 563
85599 656
85600 663
85699 1156
85700 1143
85799 1225
85800 1226
85899 1152
85900 1123
85999 979
86000 1006
86099 687
86100 667
86199 460
86200 429
86299 274
86300 266
86399 90
86400 78
86499 24
86500 27
86599 27
86600 31
86699 4
86700 8
86799 45
86800 56
86899 4
86900 6
86999 29
87000 35
87099 5
87100 4
87199 0
87200 0
87299 4
87300 3
87399 2
87400 0
87499 6
87500 8
87599 32
87600 40
87699 7
87700 7
87799 30
87800 24
87899 27
87900 35
87999 21
88000 19
88099 0
88100 0
88199 3
88200 2
88299 10
88300 10
88399 0
88400 0
88499 0
88500 0
88599 17
88600 18
88699 9
88700 7
88799 7
88800 7
88899 20
88900 24
88999 1
89000 0
89099 5
89100 8
89199 46
89200 40
89299 31
89300 31
89399 128
89400 121
89499 205
89500 205
89599 44
89600 39
89699 39
89700 40
89799 39
89800 38
89899 40
89900 43
89999 67
90000 65
90099 19
90100 20
90199 127
90200 121
90299 94
90300 100
90399 153
90400 144
90499 5
90500 6
90599 5
90600 6
90699 64
90700 60
90799 57
90800 57
90899 12
90900 5
90999 0
91000 0
91099 26
91100 25
91199 42
91200 45
91299 42
91300 52
91399 7
91400 8
91499 34
91500 44
91599 38
91600 30
91699 37
91700 35
91799 83
91800 84
91899 32
91900 38
91999 125
92000 110
92099 115
92100 98
92199 178
92200 169
92299 314
92300 304
92399 187
92400 182
92499 62
92500 61
92599 18
92600 18
92699 15
92700 10
92799 22
92800 22
92899 3
92900 4
92999 35
93000 34
93099 179
93100 181
93199 136
93200 144
93299 162
93300 162
93399 24
93400 26
93499 78
93500 74
93599 37
93600 45
93699 74
93700 63
93799 157
93800 129
93899 470
93900 473
93999 206
94000 212
94099 127
94100 140
94199 43
94200 46
94299 20
94300 16
94399 47
94400 51
94499 46
94500 52
94599 233
94600 252
94699 314
94700 311
94799 483
94800 483
94899 370
94900 366
94999 183
95000 190
95099 22
95100 17
95199 3
95200 2
95299 52
95300 54
95399 35
95400 43
95499 156
95500 176
95599 416
95600 437
95699 494
95700 493
95799 505
95800 511
95899 421
95900 439
95999 280
96000 304
96099 414
96100 398
96199 120
96200 117
96299 472
96300 505
96399 336
96400 342
96499 211
96500 223
96599 234
96600 212
96699 244
96700 260
96799 211
96800 196
96899 494
96900 477
96999 473
97000 481
97099 607
97100 585
97199 817
97200 832
97299 916
97300 874
97399 1248
97400 1249
97499 1318
97500 1378
97599 1654
97600 1638
97699 1872
97700 1885
97799 1349
97800 1307
97899 1895
97900 1936
97999 2369
98000 2372
98099 2990
98100 3068
98199 2820
98200 2827
98299 3020
98300 3019
98399 3463
98400 3441
98499 3063
98500 3113
98599 3191
98600 3215
98699 3099
98700 3124
98799 3675
98800 3648
98899 2914
98900 2925
98999 3267
99000 3346
99099 2787
99100 2777
99199 2559
99200 2517
99299 3516
99300 3634
99399 3194
99400 3139
99499 2486
99500 2430
99599 1754
99600 1664
99699 1553
99700 1518
99799 1876
99800 1853
99899 1703
99900 1667
99999 1699
100000 1720
