99 1
100 1
199 1
200 1
299 100
300 100
399 180
400 176
499 661
500 616
599 202
600 231
699 187
700 184
799 85
800 83
899 120
900 124
999 76
1000 72
1099 24
1100 26
1199 1
1200 1
1299 0
1300 0
1399 4
1400 6
1499 3
1500 1
1599 13
1600 17
1699 52
1700 58
1799 85
1800 69
1899 0
1900 0
1999 1
2000 1
2099 2
2100 4
2199 34
2200 32
2299 97
2300 98
2399 25
2400 20
2499 4
2500 3
2599 15
2600 16
2699 6
2700 5
2799 177
2800 185
2899 107
2900 96
2999 208
3000 210
3099 259
3100 241
3199 107
3200 96
3299 388
3300 398
3399 437
3400 414
3499 476
3500 464
3599 279
3600 275
3699 374
3700 381
3799 392
3800 384
3899 688
3900 669
3999 385
4000 349
4099 678
4100 718
4199 475
4200 470
4299 423
4300 403
4399 265
4400 241
4499 337
4500 342
4599 340
4600 360
4699 890
4700 853
4799 1336
4800 1375
4899 1396
4900 1310
4999 1208
5000 1176
5099 801
5100 800
5199 892
5200 876
5299 729
5300 704
5399 554
5400 536
5499 282
5500 262
5599 301
5600 293
5699 129
5700 128
5799 117
5800 141
5899 280
5900 253
5999 47
6000 40
6099 64
6100 63
6199 12
6200 16
6299 70
6300 78
6399 74
6400 72
6499 21
6500 20
6599 68
6600 78
6699 43
6700 42
6799 0
6800 0
6899 74
6900 73
6999 280
7000 275
7099 410
7100 409
7199 718
7200 754
7299 177
7300 173
7399 184
7400 171
7499 69
7500 60
7599 160
7600 167
7699 98
7700 109
7799 95
7800 110
7899 10
7900 13
7999 86
8000 92
8099 42
8100 43
8199 104
8200 103
8299 44
8300 39
8399 25
8400 22
8499 1
8500 0
8599 4
8600 2
8699 33
8700 37
8799 189
8800 168
8899 76
8900 78
8999 4
9000 9
9099 0
9100 1
9199 3
9200 4
9299 10
9300 15
9399 54
9400 60
9499 3
9500 1
9599 0
9600 2
9699 21
9700 27
9799 202
9800 194
9899 1021
9900 1039
9999 1157
10000 1210
10099 1176
10100 1191
10199 1151
10200 1159
10299 1020
10300 997
10399 1062
10400 1042
10499 1423
10500 1419
10599 2581
10600 2507
10699 2468
10700 2499
10799 2910
10800 2930
10899 3337
10900 3368
10999 3089
11000 3022
11099 3128
11100 3072
11199 3991
11200 4030
11299 3553
11300 3566
11399 3419
11400 3489
11499 3430
11500 3421
11599 4773
11600 4836
11699 3543
11700 3517
11799 3389
11800 3348
11899 4240
11900 4256
11999 3962
12000 3929
12099 3020
12100 3034
12199 2442
12200 2502
12299 2434
12300 2553
12399 1526
12400 1576
12499 1410
12500 1419
12599 1898
12600 2000
12699 2217
12700 2114
12799 2482
12800 2523
12899 2477
12900 2525
12999 2918
13000 2932
13099 2597
13100 2600
13199 2310
13200 2308
13299 2162
13300 2175
13399 2227
13400 2275
13499 1689
13500 1628
13599 1337
13600 1347
13699 1183
13700 1197
13799 1648
13800 1665
13899 2110
13900 2063
13999 2192
14000 2197
14099 2373
14100 2366
14199 1837
14200 1833
14299 2181
14300 2269
14399 2268
14400 2346
14499 3108
14500 3127
14599 2665
14600 2628
14699 2660
14700 2698
14799 3091
14800 3066
14899 3681
14900 3744
14999 2961
15000 2955
15099 3305
15100 3297
15199 3238
15200 3172
15299 3631
15300 3540
15399 3001
15400 2934
15499 2742
15500 2692
15599 2997
15600 2934
15699 4138
15700 4074
15799 4678
15800 4689
15899 4806
15900 4868
15999 4756
16000 4810
16099 5184
16100 5089
16199 4040
16200 4103
16299 3506
16300 3452
16399 3614
16400 3741
16499 3059
16500 3085
16599 2377
16600 2413
16699 2418
16700 2387
16799 1844
16800 1801
16899 1630
16900 1607
16999 1732
17000 1689
17099 1616
17100 1612
17199 1950
17200 1945
17299 2229
17300 2273
17399 2660
17400 2645
17499 2423
17500 2346
17599 2064
17600 1979
17699 2341
17700 2337
17799 2016
17800 1998
17899 2358
17900 2369
17999 3234
18000 3128
18099 2999
18100 3049
18199 3043
18200 3159
18299 2780
18300 2881
18399 2582
18400 2604
18499 2595
18500 2605
18599 2640
18600 2652
18699 2398
18700 2472
18799 2022
18800 2094
18899 1473
18900 1433
18999 761
19000 757
19099 662
19100 674
19199 1270
19200 1267
19299 1046
19300 1024
19399 802
19400 824
19499 660
19500 629
19599 443
19600 428
19699 193
19700 205
19799 205
19800 238
19899 207
19900 180
19999 107
20000 99
20099 114
20100 118
20199 143
20200 127
20299 90
20300 84
20399 141
20400 143
20499 234
20500 222
20599 90
20600 90
20699 27
20700 28
20799 59
20800 59
20899 0
20900 0
20999 6
21000 4
21099 46
21100 48
21199 133
21200 145
21299 169
21300 163
21399 206
21400 207
21499 123
21500 122
21599 68
21600 71
21699 38
21700 41
21799 25
21800 31
21899 4
21900 4
21999 147
22000 148
22099 262
22100 246
22199 361
22200 332
22299 37
22300 43
22399 154
22400 157
22499 184
22500 205
22599 317
22600 303
22699 729
22700 724
22799 733
22800 686
22899 1208
22900 1223
22999 1730
23000 1823
23099 2022
23100 2019
23199 2556
23200 2562
23299 2604
23300 2603
23399 2930
23400 2922
23499 2755
23500 2763
23599 2756
23600 2760
23699 3242
23700 3155
23799 3061
23800 3009
23899 2729
23900 2732
23999 2656
24000 2634
24099 2293
24100 2324
24199 2235
24200 2258
24299 2319
24300 2294
24399 2169
24400 2227
24499 2461
24500 2548
24599 2154
24600 2104
24699 1592
24700 1554
24799 2673
24800 2718
24899 2766
24900 2774
24999 2843
25000 2804
25099 2832
25100 2689
25199 2260
25200 2291
25299 2583
25300 2450
25399 2235
25400 2294
25499 2388
25500 2392
25599 2278
25600 2226
25699 2355
25700 2449
25799 2420
25800 2365
25899 1670
25900 1714
25999 2059
26000 2101
26099 2074
26100 2083
26199 2050
26200 2059
26299 1879
26300 1851
26399 1996
26400 2053
26499 1789
26500 1760
26599 1301
26600 1340
26699 1155
26700 1093
26799 1209
26800 1209
26899 903
26900 867
26999 793
27000 856
27099 435
27100 455
27199 617
27200 616
27299 1314
27300 1331
27399 1402
27400 1395
27499 1222
27500 1229
27599 984
27600 1020
27699 1158
27700 1144
27799 1075
27800 1042
27899 1466
27900 1524
27999 1098
28000 1185
28099 1564
28100 1598
28199 1846
28200 1783
28299 2295
28300 2281
28399 1615
28400 1668
28499 2166
28500 2192
28599 1713
28600 1741
28699 1762
28700 1795
28799 1712
28800 1711
28899 1926
28900 1929
28999 1439
29000 1424
29099 1329
29100 1325
29199 1538
29200 1483
29299 1348
29300 1296
29399 1221
29400 1194
29499 644
29500 622
29599 665
29600 704
29699 724
29700 710
29799 862
29800 884
29899 834
29900 820
29999 767
30000 744
30099 380
30100 392
30199 418
30200 411
30299 90
30300 108
30399 120
30400 108
30499 61
30500 42
30599 62
30600 62
30699 125
30700 115
30799 182
30800 208
30899 321
30900 295
30999 378
31000 389
31099 548
31100 542
31199 944
31200 965
31299 1724
31300 1742
31399 1395
31400 1407
31499 1377
31500 1387
31599 1542
31600 1507
31699 1552
31700 1562
31799 1230
31800 1250
31899 1006
31900 1067
31999 992
32000 966
32099 1319
32100 1346
32199 1670
32200 1652
32299 1940
32300 1959
32399 2011
32400 2063
32499 1682
32500 1679
32599 1094
32600 1122
32699 882
32700 838
32799 1099
32800 1085
32899 831
32900 758
32999 1090
33000 1099
33099 1087
33100 1109
33199 1059
33200 1066
33299 1091
33300 1041
33399 978
33400 981
33499 879
33500 905
33599 945
33600 943
33699 1652
33700 1615
33799 1852
33800 1894
33899 1867
33900 1900
33999 2448
34000 2405
34099 3423
34100 3450
34199 3159
34200 3160
34299 2682
34300 2712
34399 2437
34400 2431
34499 1550
34500 1532
34599 1672
34600 1694
34699 1747
34700 1697
34799 1185
34800 1176
34899 1032
34900 1009
34999 969
35000 944
35099 1111
35100 1091
35199 1246
35200 1288
35299 2076
35300 2060
35399 2414
35400 2420
35499 1749
35500 1722
35599 1384
35600 1344
35699 989
35700 961
35799 653
35800 635
35899 378
35900 376
35999 694
36000 677
36099 556
36100 560
36199 406
36200 402
36299 243
36300 239
36399 310
36400 306
36499 610
36500 574
36599 535
36600 477
36699 375
36700 351
36799 402
36800 425
36899 420
36900 386
36999 222
37000 207
37099 232
37100 251
37199 325
37200 305
37299 606
37300 605
37399 1129
37400 1133
37499 1452
37500 1453
37599 1905
37600 1876
37699 1604
37700 1585
37799 1651
37800 1751
37899 2185
37900 2164
37999 2524
38000 2551
38099 3102
38100 3127
38199 2724
38200 2720
38299 2082
38300 2185
38399 1797
38400 1763
38499 1948
38500 1941
38599 1900
38600 1900
38699 1855
38700 1875
38799 2510
38800 2451
38899 2659
38900 2714
38999 3312
39000 3353
39099 3751
39100 3747
39199 3480
39200 3493
39299 3085
39300 3023
39399 2709
39400 2711
39499 2556
39500 2493
39599 2859
39600 2857
39699 2829
39700 2768
39799 2770
39800 2710
39899 2677
39900 2677
39999 2957
40000 2931
40099 2928
40100 3025
40199 2104
40200 2155
40299 2344
40300 2343
40399 1629
40400 1566
40499 1512
40500 1527
40599 1775
40600 1692
40699 1180
40700 1196
40799 1689
40800 1739
40899 1425
40900 1463
40999 1171
41000 1186
41099 1690
41100 1648
41199 2145
41200 2246
41299 2279
41300 2253
41399 2618
41400 2526
41499 1955
41500 1926
41599 1412
41600 1430
41699 2186
41700 2241
41799 1981
41800 1965
41899 1800
41900 1769
41999 1351
42000 1269
42099 1468
42100 1468
42199 1664
42200 1652
42299 1200
42300 1212
42399 1788
42400 1768
42499 2150
42500 2205
42599 1722
42600 1740
42699 2132
42700 2052
42799 1460
42800 1472
42899 1502
42900 1495
42999 1611
43000 1661
43099 1829
43100 1843
43199 1681
43200 1698
43299 1548
43300 1480
43399 1361
43400 1374
43499 1419
43500 1484
43599 1514
43600 1497
43699 1299
43700 1335
43799 988
43800 936
43899 1080
43900 1026
43999 1010
44000 994
44099 1174
44100 1132
44199 566
44200 558
44299 484
44300 507
44399 406
44400 429
44499 611
44500 612
44599 610
44600 627
44699 630
44700 610
44799 859
44800 803
44899 1058
44900 982
44999 775
45000 747
45099 793
45100 749
45199 510
45200 513
45299 341
45300 349
45399 329
45400 329
45499 228
45500 241
45599 254
45600 269
45699 222
45700 226
45799 463
45800 460
45899 1193
45900 1203
45999 1614
46000 1539
46099 1104
46100 1126
46199 1230
46200 1249
46299 1136
46300 1165
46399 940
46400 947
46499 604
46500 617
46599 460
46600 507
46699 322
46700 308
46799 364
46800 345
46899 516
46900 502
46999 502
47000 509
47099 364
47100 340
47199 230
47200 239
47299 172
47300 163
47399 8
47400 7
47499 29
47500 26
47599 202
47600 213
47699 236
47700 252
47799 247
47800 252
47899 109
47900 105
47999 114
48000 104
48099 195
48100 201
48199 39
48200 44
48299 77
48300 80
48399 59
48400 55
48499 47
48500 46
48599 147
48600 152
48699 164
48700 153
48799 666
48800 629
48899 517
48900 511
48999 234
49000 244
49099 59
49100 66
49199 213
49200 218
49299 21
49300 22
49399 1
49400 0
49499 0
49500 1
49599 36
49600 37
49699 2
49700 2
49799 71
49800 83
49899 121
49900 126
49999 104
50000 116
50099 70
50100 77
50199 35
50200 30
50299 23
50300 8
50399 309
50400 303
50499 301
50500 286
50599 31
50600 43
50699 87
50700 92
50799 26
50800 25
50899 164
50900 175
50999 481
51000 476
51099 520
51100 559
51199 600
51200 586
51299 468
51300 463
51399 282
51400 286
51499 134
51500 125
51599 30
51600 34
51699 152
51700 142
51799 177
51800 179
51899 66
51900 65
51999 100
52000 93
52099 135
52100 131
52199 116
52200 116
52299 62
52300 61
52399 59
52400 75
52499 8
52500 5
52599 3
52600 4
52699 88
52700 88
52799 176
52800 191
52899 151
52900 162
52999 55
53000 57
53099 78
53100 59
53199 49
53200 50
53299 252
53300 260
53399 166
53400 140
53499 179
53500 176
53599 129
53600 147
53699 356
53700 361
53799 642
53800 624
53899 375
53900 371
53999 781
54000 855
54099 860
54100 867
54199 782
54200 801
54299 882
54300 831
54399 317
54400 312
54499 147
54500 130
54599 77
54600 72
54699 3
54700 2
54799 4
54800 1
54899 20
54900 14
54999 4
55000 2
55099 215
55100 208
55199 360
55200 377
55299 68
55300 73
55399 68
55400 81
55499 168
55500 167
55599 7
55600 9
55699 113
55700 129
55799 210
55800 213
55899 856
55900 880
55999 299
56000 264
56099 144
56100 137
56199 151
56200 141
56299 142
56300 162
56399 81
56400 82
56499 20
56500 22
56599 54
56600 61
56699 81
56700 65
56799 61
56800 75
56899 124
56900 133
56999 27
57000 24
57099 6
57100 4
57199 4
57200 4
57299 0
57300 0
57399 20
57400 25
57499 53
57500 43
57599 69
57600 64
57699 68
57700 67
57799 74
57800 78
57899 190
57900 189
57999 121
58000 110
58099 447
58100 483
58199 475
58200 440
58299 216
58300 209
58399 104
58400 108
58499 110
58500 118
58599 112
58600 108
58699 77
58700 75
58799 23
58800 29
58899 108
58900 126
58999 245
59000 241
59099 121
59100 125
59199 706
59200 687
59299 726
59300 726
59399 752
59400 728
59499 760
59500 744
59599 780
59600 786
59699 1075
59700 1044
59799 1106
59800 1150
59899 1216
59900 1230
59999 887
60000 895
60099 1181
60100 1259
60199 1384
60200 1354
60299 1163
60300 1153
60399 925
60400 907
60499 615
60500 652
60599 369
60600 338
60699 281
60700 252
60799 581
60800 596
60899 419
60900 379
60999 800
61000 801
61099 1521
61100 1473
61199 1593
61200 1579
61299 1339
61300 1326
61399 1413
61400 1389
61499 1507
61500 1519
61599 843
61600 834
61699 1061
61700 1085
61799 1156
61800 1109
61899 1173
61900 1152
61999 1224
62000 1314
62099 1247
62100 1228
62199 1235
62200 1213
62299 1653
62300 1612
62399 1825
62400 1861
62499 1146
62500 1105
62599 1118
62600 1123
62699 1052
62700 1025
62799 626
62800 608
62899 891
62900 868
62999 577
63000 591
63099 417
63100 428
63199 390
63200 387
63299 456
63300 442
63399 399
63400 374
63499 252
63500 243
63599 349
63600 367
63699 371
63700 376
63799 505
63800 512
63899 585
63900 576
63999 780
64000 819
64099 684
64100 692
64199 614
64200 647
64299 356
64300 355
64399 359
64400 345
64499 428
64500 433
64599 481
64600 479
64699 358
64700 382
64799 637
64800 612
64899 550
64900 510
64999 372
65000 381
65099 162
65100 168
65199 137
65200 143
65299 121
65300 107
65399 132
65400 139
65499 370
65500 352
65599 781
65600 800
65699 1265
65700 1270
65799 1634
65800 1669
65899 1634
65900 1695
65999 2311
66000 2298
66099 2825
66100 2821
66199 3297
66200 3267
66299 1954
66300 1962
66399 2156
66400 2189
66499 2066
66500 2100
66599 3045
66600 3091
66699 3045
66700 2995
66799 3105
66800 3205
66899 4088
66900 4136
66999 3998
67000 3968
67099 4192
67100 4120
67199 6102
67200 6156
67299 6351
67300 6190
67399 6927
67400 7015
67499 6765
67500 6720
67599 5066
67600 5077
67699 4733
67700 4748
67799 5466
67800 5455
67899 5580
67900 5585
67999 6458
68000 6493
68099 7419
68100 7453
68199 7646
68200 7675
68299 7983
68300 7925
68399 7720
68400 7644
68499 7181
68500 7193
68599 7142
68600 7162
68699 7317
68700 7336
68799 7060
68800 7088
68899 7147
68900 7104
68999 6897
69000 6945
69099 6835
69100 6806
69199 6337
69200 6299
69299 6694
69300 6723
69399 7197
69400 7268
69499 7743
69500 7939
69599 6984
69600 6868
69699 7448
69700 7568
69799 7675
69800 7659
69899 7896
69900 7758
69999 6573
70000 6589
70099 6542
70100 6643
70199 5750
70200 5771
70299 6084
70300 6110
70399 6617
70400 6700
70499 7524
70500 7579
70599 6357
70600 6353
70699 7350
70700 7366
70799 6788
70800 6805
70899 7150
70900 7143
70999 7354
71000 7217
71099 6382
71100 6515
71199 6279
71200 6234
71299 7153
71300 7063
71399 4476
71400 4479
71499 3813
71500 3815
71599 4181
71600 4097
71699 4230
71700 4111
71799 3380
71800 3379
71899 3639
71900 3616
71999 4141
72000 4085
72099 4394
72100 4352
72199 4340
72200 4341
72299 3732
72300 3726
72399 4216
72400 4226
72499 3826
72500 3790
72599 3610
72600 3535
72699 3921
72700 3850
72799 4019
72800 3964
72899 3205
72900 3207
72999 3254
73000 3302
73099 2468
73100 2458
73199 1690
73200 1653
73299 1560
73300 1553
73399 534
73400 531
73499 396
73500 412
73599 563
73600 523
73699 497
73700 494
73799 342
73800 360
73899 431
73900 425
73999 303
74000 288
74099 344
74100 360
74199 596
74200 548
74299 336
74300 361
74399 372
74400 401
74499 762
74500 704
74599 711
74600 705
74699 393
74700 364
74799 55
74800 53
74899 5
74900 8
74999 0
75000 0
75099 17
75100 14
75199 33
75200 33
75299 85
75300 91
75399 4
75400 4
75499 27
75500 20
75599 22
75600 22
75699 98
75700 112
75799 41
75800 44
75899 57
75900 66
75999 125
76000 114
76099 6
76100 3
76199 32
76200 25
76299 55
76300 55
76399 69
76400 72
76499 56
76500 54
76599 43
76600 42
76699 93
76700 97
76799 0
76800 1
76899 1
76900 0
76999 31
77000 19
77099 6
77100 3
77199 4
77200 4
77299 147
77300 160
77399 21
77400 19
77499 41
77500 40
77599 53
77600 49
77699 10
77700 10
77799 1
77800 2
77899 0
77900 0
77999 0
78000 1
78099 0
78100 0
78199 10
78200 6
78299 1
78300 2
78399 40
78400 34
78499 148
78500 150
78599 129
78600 135
78699 291
78700 320
78799 337
78800 361
78899 445
78900 462
78999 455
79000 463
79099 302
79100 319
79199 647
79200 625
79299 500
79300 494
79399 368
79400 359
79499 384
79500 380
79599 235
79600 262
79699 39
79700 30
79799 6
79800 3
79899 64
79900 61
79999 7
80000 7
80099 0
80100 1
80199 0
80200 1
80299 0
80300 0
80399 0
80400 0
80499 0
80500 0
80599 18
80600 17
80699 31
80700 27
80799 11
80800 13
80899 1
80900 2
80999 62
81000 58
81099 305
81100 285
81199 230
81200 225
81299 613
81300 602
81399 607
81400 618
81499 626
81500 573
81599 656
81600 683
81699 431
81700 433
81799 879
81800 914
81899 737
81900 733
81999 886
82000 906
82099 1062
82100 1067
82199 1009
82200 1001
82299 800
82300 771
82399 774
82400 750
82499 635
82500 683
82599 605
82600 597
82699 1178
82700 1192
82799 1866
82800 1920
82899 1608
82900 1680
82999 2274
83000 2258
83099 2711
83100 2713
83199 3391
83200 3368
83299 3124
83300 3210
83399 2666
83400 2699
83499 2876
83500 2872
83599 2929
83600 2829
83699 3003
83700 3025
83799 2436
83800 2338
83899 2507
83900 2410
83999 1979
84000 2019
84099 2137
84100 2134
84199 1988
84200 2045
84299 2233
84300 2253
84399 2823
84400 2847
84499 2657
84500 2701
84599 2005
84600 1923
84699 1625
84700 1634
84799 2075
84800 2163
84899 2909
84900 2853
84999 3096
85000 3098
85099 1942
85100 1990
85199 2107
85200 2136
85299 2771
85300 2802
85399 2427
85400 2394
85499 2996
85500 3012
85599 3596
85600 3638
85699 4099
85700 4107
85799 4208
85800 4163
85899 4556
85900 4573
85999 4225
86000 4222
86099 3526
86100 3629
86199 3406
86200 3427
86299 4288
86300 4365
86399 4416
86400 4344
86499 4912
86500 5005
86599 4412
86600 4479
86699 4489
86700 4534
86799 4542
86800 4620
86899 6384
86900 6361
86999 6682
87000 6671
87099 6894
87100 6969
87199 7041
87200 7190
87299 6384
87300 6477
87399 6549
87400 6461
87499 6388
87500 6448
87599 6348
87600 6260
87699 6204
87700 6182
87799 6028
87800 5989
87899 5636
87900 5651
87999 5946
88000 5897
88099 5776
88100 5872
88199 6101
88200 6123
88299 5824
88300 5752
88399 5593
88400 5644
88499 5910
88500 5861
88599 6125
88600 6080
88699 6806
88700 6881
88799 6626
88800 6621
88899 6221
88900 6188
88999 6146
89000 6135
89099 7377
89100 7323
89199 7687
89200 7695
89299 8971
89300 8873
89399 8727
89400 8749
89499 9123
89500 9094
89599 9919
89600 9987
89699 8933
89700 9068
89799 7984
89800 8045
89899 7677
89900 7686
89999 9508
90000 9506
90099 46
90100 139
90199 9762
90200 9733
90299 9498
90300 9464
90399 135
90400 185
90499 9852
90500 9831
90599 657
90600 709
90699 9895
90700 9956
90799 1698
90800 1676
90899 1676
90900 1658
90999 2265
91000 2335
91099 2212
91100 2278
91199 1471
91200 1522
91299 3162
91300 3116
91399 3184
91400 3297
91499 3541
91500 3493
91599 5140
91600 5278
91699 5989
91700 5924
91799 5550
91800 5526
91899 5053
91900 5066
91999 4872
92000 4957
92099 6589
92100 6684
92199 6815
92200 6890
92299 6882
92300 6878
92399 6772
92400 6790
92499 7008
92500 7041
92599 8073
92600 8043
92699 6863
92700 6953
92799 6628
92800 6635
92899 6497
92900 6466
92999 7780
93000 7777
93099 6821
93100 6805
93199 6901
93200 7008
93299 7848
93300 7886
93399 8262
93400 8325
93499 8416
93500 8437
93599 7858
93600 7865
93699 7458
93700 7433
93799 7597
93800 7566
93899 7304
93900 7296
93999 7922
94000 7886
94099 7071
94100 7050
94199 7320
94200 7324
94299 7785
94300 7799
94399 7906
94400 7929
94499 7458
94500 7428
94599 7283
94600 7300
94699 7369
94700 7350
94799 6779
94800 6604
94899 6747
94900 6793
94999 6987
95000 6952
95099 5663
95100 5638
95199 6253
95200 6280
95299 7013
95300 7090
95399 7382
95400 7429
95499 8230
95500 8292
95599 9389
95600 9442
95699 9618
95700 9644
95799 339
95800 320
95899 9539
95900 9433
95999 9352
96000 9300
96099 9383
96100 9470
96199 9094
96200 9110
96299 1588
96300 1539
96399 9581
96400 9543
96499 8962
96500 9043
96599 9178
96600 9119
96699 9219
96700 9296
96799 9329
96800 9281
96899 8891
96900 8907
96999 8493
97000 8602
97099 9206
97100 9201
97199 8518
97200 8502
97299 6991
97300 7001
97399 6279
97400 6217
97499 6963
97500 7003
97599 6513
97600 6589
97699 6482
97700 6499
97799 7196
97800 7050
97899 6087
97900 6062
97999 5650
98000 5675
98099 5878
98100 5896
98199 5514
98200 5373
98299 6306
98300 6343
98399 5982
98400 5913
98499 7194
98500 7131
98599 7455
98600 7229
98699 7581
98700 7615
98799 8080
98800 7910
98899 8834
98900 8737
98999 6862
99000 6793
99099 6853
99100 6836
99199 6268
99200 6382
99299 6178
99300 6174
99399 4448
99400 4523
99499 5740
99500 5721
99599 6006
99600 6125
99699 4465
99700 4454
99799 4659
99800 4620
99899 5115
99900 4992
99999 4849
100000 4943
