99 13
100 9
199 0
200 1
299 5
300 5
399 160
400 145
499 153
500 157
599 88
600 98
699 139
700 124
799 331
800 345
899 343
900 325
999 663
1000 639
1099 409
1100 420
1199 333
1200 337
1299 550
1300 508
1399 610
1400 644
1499 915
1500 927
1599 804
1600 802
1699 851
1700 834
1799 1013
1800 995
1899 823
1900 841
1999 795
2000 791
2099 854
2100 881
2199 742
2200 734
2299 410
2300 402
2399 351
2400 381
2499 348
2500 360
2599 135
2600 110
2699 295
2700 317
2799 268
2800 314
2899 391
2900 383
2999 303
3000 291
3099 453
3100 465
3199 405
3200 403
3299 543
3300 524
3399 1298
3400 1282
3499 1092
3500 1107
3599 1079
3600 1118
3699 1325
3700 1383
3799 1193
3800 1199
3899 840
3900 842
3999 804
4000 842
4099 750
4100 722
4199 676
4200 701
4299 389
4300 370
4399 385
4400 408
4499 347
4500 345
4599 334
4600 333
4699 325
4700 318
4799 165
4800 173
4899 194
4900 203
4999 123
5000 116
5099 461
5100 489
5199 334
5200 321
5299 142
5300 147
5399 52
5400 51
5499 0
5500 1
5599 7
5600 6
5699 9
5700 10
5799 0
5800 0
5899 1
5900 0
5999 1
6000 2
6099 0
6100 0
6199 0
6200 0
6299 2
6300 3
6399 3
6400 4
6499 9
6500 8
6599 2
6600 1
6699 4
6700 3
6799 3
6800 4
6899 0
6900 0
6999 0
7000 0
7099 11
7100 4
7199 8
7200 6
7299 21
7300 23
7399 4
7400 6
7499 23
7500 24
7599 128
7600 128
7699 52
7700 54
7799 37
7800 38
7899 57
7900 50
7999 59
8000 64
8099 0
8100 0
8199 4
8200 7
8299 102
8300 105
8399 397
8400 417
8499 271
8500 260
8599 304
8600 285
8699 218
8700 245
8799 303
8800 321
8899 820
8900 834
8999 675
9000 685
9099 1052
9100 1041
9199 841
9200 882
9299 968
9300 971
9399 780
9400 833
9499 774
9500 762
9599 1168
9600 1226
9699 1311
9700 1279
9799 1119
9800 1151
9899 903
9900 912
9999 594
10000 586
10099 752
10100 716
10199 1028
10200 1060
10299 1711
10300 1713
10399 1573
10400 1527
10499 1877
10500 1828
10599 2163
10600 2215
10699 2592
10700 2542
10799 3020
10800 3017
10899 3410
10900 3472
10999 2659
11000 2626
11099 3040
11100 2961
11199 2611
11200 2667
11299 1954
11300 2037
11399 3590
11400 3538
11499 3613
11500 3567
11599 3790
11600 3746
11699 4229
11700 4164
11799 4760
11800 4809
11899 5178
11900 5028
11999 5255
12000 5332
12099 4304
12100 4291
12199 5664
12200 5710
12299 5574
12300 5523
12399 6396
12400 6491
12499 6062
12500 6110
12599 5282
12600 5185
12699 4936
12700 4924
12799 5475
12800 5485
12899 7103
12900 7096
12999 8790
13000 8763
13099 7965
13100 7988
13199 9112
13200 8998
13299 8417
13300 8397
13399 7349
13400 7389
13499 8985
13500 8926
13599 8377
13600 8409
13699 6901
13700 6932
13799 6821
13800 6795
13899 8068
13900 8064
13999 263
14000 200
14099 917
14100 1041
14199 1447
14200 1256
14299 1914
14300 1982
14399 1625
14400 1667
14499 1000
14500 1089
14599 145
14600 121
14699 9744
14700 9700
14799 2379
14800 2425
14899 2435
14900 2426
14999 2238
15000 2304
15099 1337
15100 1327
15199 9264
15200 9131
15299 9392
15300 9425
15399 8671
15400 8580
15499 8128
15500 8158
15599 9465
15600 9458
15699 8294
15700 8335
15799 7768
15800 7851
15899 8493
15900 8419
15999 9336
16000 9285
16099 8572
16100 8455
16199 8405
16200 8429
16299 8451
16300 8404
16399 9236
16400 9315
16499 9429
16500 9413
16599 9122
16600 9125
16699 9155
16700 8912
16799 9757
16800 9814
16899 71
16900 144
16999 1317
17000 1427
17099 2232
17100 2271
17199 2709
17200 2844
17299 3658
17300 3696
17399 2637
17400 2669
17499 2300
17500 2251
17599 2556
17600 2650
17699 1284
17700 1214
17799 1598
17800 1562
17899 267
17900 361
17999 0
18000 9961
18099 8619
18100 8762
18199 7880
18200 7812
18299 7886
18300 7942
18399 7920
18400 8012
18499 8520
18500 8545
18599 9391
18600 9347
18699 404
18700 469
18799 1514
18800 1517
18899 2153
18900 2052
18999 3205
19000 3303
19099 3569
19100 3493
19199 3137
19200 3138
19299 2864
19300 2941
19399 3911
19400 3869
19499 3061
19500 3033
19599 2623
19600 2540
19699 2621
19700 2579
19799 2289
19800 2219
19899 2447
19900 2452
19999 1079
20000 1010
20099 1151
20100 1165
20199 1718
20200 1729
20299 1555
20300 1577
20399 1854
20400 1858
20499 1603
20500 1565
20599 2381
20600 2439
20699 1900
20700 1945
20799 2382
20800 2333
20899 1575
20900 1605
20999 1036
21000 885
21099 961
21100 867
21199 2421
21200 2545
21299 2840
21300 2747
21399 3640
21400 3618
21499 4547
21500 4561
21599 4342
21600 4398
21699 4391
21700 4336
21799 3973
21800 3966
21899 5031
21900 4987
21999 4645
22000 4553
22099 4821
22100 4915
22199 5286
22200 5385
22299 4672
22300 4622
22399 5439
22400 5465
22499 5402
22500 5390
22599 4687
22600 4680
22699 5500
22700 5483
22799 4702
22800 4711
22899 4815
22900 4866
22999 4418
23000 4285
23099 5000
23100 4943
23199 5385
23200 5357
23299 5738
23300 5718
23399 5782
23400 5735
23499 5781
23500 5855
23599 4609
23600 4619
23699 3119
23700 3099
23799 2904
23800 3045
23899 2547
23900 2649
23999 2080
24000 2052
24099 2078
24100 2183
24199 1951
24200 2011
24299 2390
24300 2263
24399 2853
24400 2870
24499 2280
24500 2133
24599 2657
24600 2530
24699 1997
24700 2051
24799 1859
24800 2027
24899 2311
24900 2279
24999 2719
25000 2785
25099 4142
25100 4142
25199 4417
25200 4502
25299 5415
25300 5481
25399 4361
25400 4341
25499 4649
25500 4539
25599 3354
25600 3532
25699 3541
25700 3447
25799 3841
25800 3879
25899 3495
25900 3527
25999 3602
26000 3566
26099 3521
26100 3414
26199 3761
26200 3832
26299 2722
26300 2752
26399 1694
26400 1752
26499 1271
26500 1328
26599 9673
26600 9514
26699 389
26700 272
26799 8909
26800 8939
26899 9261
26900 9248
26999 8737
27000 8609
27099 7379
27100 7311
27199 6427
27200 6455
27299 5883
27300 5847
27399 6627
27400 6680
27499 6025
27500 5944
27599 5199
27600 5158
27699 5483
27700 5437
27799 4846
27800 4815
27899 5338
27900 5381
27999 5587
28000 5577
28099 7402
28100 7311
28199 6485
28200 6482
28299 6343
28300 6339
28399 7207
28400 7214
28499 6639
28500 6682
28599 5912
28600 5939
28699 5418
28700 5389
28799 4735
28800 4777
28899 4882
28900 4884
28999 5447
29000 5359
29099 4764
29100 4783
29199 5421
29200 5465
29299 6538
29300 6484
29399 6211
29400 6072
29499 6416
29500 6388
29599 7362
29600 7234
29699 7687
29700 7658
29799 7354
29800 7440
29899 7135
29900 7118
29999 7313
30000 7474
30099 8488
30100 8533
30199 7624
30200 7642
30299 8265
30300 8230
30399 7757
30400 7771
30499 7535
30500 7531
30599 8641
30600 8562
30699 8691
30700 8710
30799 8594
30800 8645
30899 8730
30900 8724
30999 8152
31000 8262
31099 8644
31100 8569
31199 9636
31200 9626
31299 358
31300 346
31399 87
31400 44
31499 8789
31500 8735
31599 7276
31600 7329
31699 6248
31700 6115
31799 4624
31800 4589
31899 6951
31900 6945
31999 7824
32000 7839
32099 6952
32100 7033
32199 7052
32200 7031
32299 7883
32300 7950
32399 6627
32400 6686
32499 6503
32500 6392
32599 5934
32600 6005
32699 5195
32700 5147
32799 5704
32800 5589
32899 5600
32900 5630
32999 6780
33000 6750
33099 7066
33100 7179
33199 8548
33200 8537
33299 7358
33300 7315
33399 8176
33400 8207
33499 8225
33500 8208
33599 7641
33600 7580
33699 7567
33700 7541
33799 8126
33800 8098
33899 8683
33900 8725
33999 8165
34000 8086
34099 8315
34100 8242
34199 8660
34200 8713
34299 450
34300 496
34399 1957
34400 1917
34499 1671
34500 1629
34599 2948
34600 3027
34699 2445
34700 2470
34799 2170
34800 2060
34899 1380
34900 1413
34999 2650
35000 2725
35099 2403
35100 2464
35199 3273
35200 3309
35299 3520
35300 3540
35399 3368
35400 3263
35499 4003
35500 4024
35599 3976
35600 3959
35699 3401
35700 3434
35799 3915
35800 4004
35899 3666
35900 3685
35999 4259
36000 4283
36099 3389
36100 3452
36199 3713
36200 3705
36299 4685
36300 4704
36399 4732
36400 4645
36499 4862
36500 4826
36599 4469
36600 4390
36699 4290
36700 4202
36799 3576
36800 3658
36899 4536
36900 4555
36999 5382
37000 5357
37099 5970
37100 5950
37199 5737
37200 5819
37299 5313
37300 5241
37399 5582
37400 5546
37499 5602
37500 5587
37599 6039
37600 6026
37699 5684
37700 5615
37799 5937
37800 5900
37899 5015
37900 4950
37999 4016
38000 3990
38099 4452
38100 4486
38199 3884
38200 3884
38299 4575
38300 4526
38399 5080
38400 5151
38499 5622
38500 5596
38599 5569
38600 5599
38699 5393
38700 5480
38799 6706
38800 6720
38899 6375
38900 6376
38999 6166
39000 6166
39099 5943
39100 5935
39199 5409
39200 5377
39299 5999
39300 5983
39399 5583
39400 5670
39499 6327
39500 6369
39599 6265
39600 6210
39699 6581
39700 6635
39799 6114
39800 6100
39899 6685
39900 6643
39999 5715
40000 5705
40099 5527
40100 5550
40199 6085
40200 6134
40299 6241
40300 6202
40399 6801
40400 6838
40499 6859
40500 6945
40599 6512
40600 6453
40699 6106
40700 6097
40799 6541
40800 6499
40899 5815
40900 5890
40999 5511
41000 5372
41099 6113
41100 6229
41199 6344
41200 6456
41299 7031
41300 7046
41399 7158
41400 7262
41499 7557
41500 7581
41599 7131
41600 7088
41699 7399
41700 7392
41799 7296
41800 7300
41899 7026
41900 6951
41999 7916
42000 7893
42099 8258
42100 8345
42199 8179
42200 8202
42299 7859
42300 7822
42399 7557
42400 7570
42499 7543
42500 7551
42599 7895
42600 7881
42699 8118
42700 8076
42799 8681
42800 8675
42899 9031
42900 8967
42999 8729
43000 8720
43099 8409
43100 8328
43199 8570
43200 8574
43299 8699
43300 8703
43399 9065
43400 9084
43499 46
43500 76
43599 9782
43600 9822
43699 9537
43700 9563
43799 8814
43800 8797
43899 8464
43900 8471
43999 8890
44000 8915
44099 9030
44100 9056
44199 8931
44200 8948
44299 8800
44300 8776
44399 8284
44400 8209
44499 8758
44500 8799
44599 7798
44600 7810
44699 7052
44700 7086
44799 6291
44800 6124
44899 4825
44900 4782
44999 5648
45000 5659
45099 6546
45100 6506
45199 7061
45200 7143
45299 7277
45300 7204
45399 8112
45400 8108
45499 8303
45500 8295
45599 7887
45600 7905
45699 7363
45700 7281
45799 8081
45800 8038
45899 7711
45900 7745
45999 7684
46000 7668
46099 7840
46100 7817
46199 8545
46200 8506
46299 8632
46300 8635
46399 8642
46400 8664
46499 8971
46500 8948
46599 9082
46600 9070
46699 9341
46700 9309
46799 9428
46800 9448
46899 9515
46900 9481
46999 9364
47000 9396
47099 9667
47100 9674
47199 9666
47200 9686
47299 9774
47300 9768
47399 9747
47400 9758
47499 9428
47500 9380
47599 9383
47600 9410
47699 9497
47700 9517
47799 9642
47800 9659
47899 9669
47900 9644
47999 9806
48000 9800
48099 9937
48100 9934
48199 9921
48200 9923
48299 9804
48300 9822
48399 9858
48400 9863
48499 9653
48500 9656
48599 9690
48600 9676
48699 9599
48700 9601
48799 52
48800 36
48899 9908
48900 9872
48999 9978
49000 9976
49099 9931
49100 9935
49199 9833
49200 9853
49299 9883
49300 9844
49399 9832
49400 9849
49499 9779
49500 9780
49599 9918
49600 9913
49699 9995
49700 9995
49799 196
49800 185
49899 11
49900 4
49999 9974
50000 9992
50099 389
50100 396
50199 559
50200 555
50299 888
50300 898
50399 372
50400 371
50499 427
50500 444
50599 543
50600 509
50699 794
50700 801
50799 1108
50800 1110
50899 1264
50900 1309
50999 720
51000 725
51099 717
51100 734
51199 1222
51200 1190
51299 844
51300 853
51399 1162
51400 1125
51499 1537
51500 1569
51599 1913
51600 1958
51699 1706
51700 1737
51799 2454
51800 2381
51899 2198
51900 2190
51999 2132
52000 2105
52099 1885
52100 1902
52199 1756
52200 1796
52299 2214
52300 2238
52399 2159
52400 2148
52499 2323
52500 2302
52599 2882
52600 2997
52699 2518
52700 2507
52799 2982
52800 2982
52899 3395
52900 3397
52999 3539
53000 3522
53099 3221
53100 3168
53199 2153
53200 2139
53299 2634
53300 2693
53399 2594
53400 2634
53499 1853
53500 1869
53599 1316
53600 1280
53699 1809
53700 1880
53799 1832
53800 1858
53899 1652
53900 1663
53999 2078
54000 2110
54099 2149
54100 2154
54199 2264
54200 2214
54299 1853
54300 1864
54399 2673
54400 2599
54499 2701
54500 2772
54599 2642
54600 2582
54699 2574
54700 2485
54799 2873
54800 2864
54899 3078
54900 3049
54999 3037
55000 3061
55099 3152
55100 3185
55199 3884
55200 3816
55299 4215
55300 4249
55399 4954
55400 5096
55499 5477
55500 5506
55599 5515
55600 5535
55699 5400
55700 5421
55799 5139
55800 5205
55899 6036
55900 6176
55999 8132
56000 8160
56099 8497
56100 8548
56199 8291
56200 8316
56299 6994
56300 7005
56399 7537
56400 7506
56499 8252
56500 8283
56599 8413
56600 8496
56699 8506
56700 8535
56799 7932
56800 8043
56899 8597
56900 8488
56999 9010
57000 9152
57099 144
57100 134
57199 969
57200 835
57299 1413
57300 1525
57399 422
57400 500
57499 293
57500 413
57599 281
57600 168
57699 1143
57700 1237
57799 1572
57800 1484
57899 2316
57900 2363
57999 2326
58000 2488
58099 2586
58100 2458
58199 3023
58200 3015
58299 3301
58300 3143
58399 3828
58400 3810
58499 1966
58500 1966
58599 3432
58600 3405
58699 2189
58700 2196
58799 2706
58800 2854
58899 1609
58900 1607
58999 1747
59000 1753
59099 1488
59100 1551
59199 991
59200 962
59299 401
59300 378
59399 538
59400 488
59499 839
59500 946
59599 2916
59600 2827
59699 2592
59700 2509
59799 1462
59800 1471
59899 1825
59900 1752
59999 2130
60000 2324
60099 1868
60100 1742
60199 1277
60200 1335
60299 1129
60300 1117
60399 1931
60400 1861
60499 1782
60500 1807
60599 3438
60600 3340
60699 3385
60700 3427
60799 3663
60800 3706
60899 4329
60900 4374
60999 4870
61000 5004
61099 5393
61100 5391
61199 6443
61200 6462
61299 6047
61300 6059
61399 5988
61400 5955
61499 5617
61500 5716
61599 5862
61600 5769
61699 5013
61700 5022
61799 4195
61800 4204
61899 4317
61900 4361
61999 3788
62000 3697
62099 3589
62100 3647
62199 4176
62200 4168
62299 3766
62300 3762
62399 5834
62400 5846
62499 4935
62500 5053
62599 3935
62600 4020
62699 4418
62700 4471
62799 5371
62800 5400
62899 4726
62900 4777
62999 4184
63000 4352
63099 3185
63100 3124
63199 3585
63200 3525
63299 3809
63300 3785
63399 3811
63400 3831
63499 3977
63500 3960
63599 4767
63600 4828
63699 5070
63700 5030
63799 5622
63800 5587
63899 6175
63900 6262
63999 5861
64000 5781
64099 5481
64100 5613
64199 6334
64200 6233
64299 6602
64300 6610
64399 6489
64400 6498
64499 6695
64500 6702
64599 5174
64600 5275
64699 5360
64700 5363
64799 4117
64800 4000
64899 4112
64900 4211
64999 4546
65000 4524
65099 4949
65100 5054
65199 5482
65200 5473
65299 4511
65300 4410
65399 6442
65400 6413
65499 7486
65500 7500
65599 5806
65600 5885
65699 5753
65700 5713
65799 6374
65800 6390
65899 5110
65900 5172
65999 7270
66000 7246
66099 6764
66100 6764
66199 6841
66200 6888
66299 6452
66300 6305
66399 6732
66400 6823
66499 6130
66500 6083
66599 5023
66600 4942
66699 5234
66700 5329
66799 6183
66800 6221
66899 5640
66900 5614
66999 6284
67000 6213
67099 6066
67100 6076
67199 6630
67200 6610
67299 6983
67300 7000
67399 7911
67400 7984
67499 8034
67500 8044
67599 8313
67600 8362
67699 8651
67700 8700
67799 9071
67800 9079
67899 8939
67900 8962
67999 8836
68000 8847
68099 8964
68100 8978
68199 9328
68200 9353
68299 9541
68300 9556
68399 9481
68400 9525
68499 9161
68500 9166
68599 9319
68600 9363
68699 9481
68700 9479
68799 230
68800 300
68899 334
68900 337
68999 450
69000 414
69099 411
69100 425
69199 679
69200 679
69299 611
69300 575
69399 1139
69400 1117
69499 923
69500 1013
69599 1435
69600 1475
69699 608
69700 624
69799 890
69800 797
69899 2330
69900 2383
69999 1995
70000 1996
70099 997
70100 990
70199 732
70200 691
70299 1238
70300 1236
70399 1501
70400 1483
70499 2007
70500 1903
70599 2187
70600 2179
70699 2177
70700 2259
70799 2682
70800 2696
70899 2462
70900 2467
70999 3105
71000 3106
71099 2761
71100 2825
71199 2249
71200 2160
71299 2350
71300 2351
71399 1678
71400 1711
71499 2118
71500 2102
71599 1688
71600 1629
71699 1625
71700 1570
71799 3001
71800 2970
71899 3094
71900 3160
71999 3145
72000 3159
72099 3176
72100 3261
72199 2794
72200 2819
72299 2053
72300 1998
72399 1678
72400 1687
72499 1561
72500 1532
72599 487
72600 461
72699 735
72700 765
72799 1081
72800 1042
72899 1913
72900 1953
72999 1578
73000 1523
73099 1360
73100 1376
73199 1690
73200 1715
73299 2180
73300 2217
73399 1792
73400 1781
73499 1429
73500 1388
73599 923
73600 942
73699 663
73700 678
73799 850
73800 800
73899 954
73900 921
73999 713
74000 669
74099 768
74100 738
74199 246
74200 257
74299 9809
74300 9748
74399 9591
74400 9581
74499 9863
74500 9882
74599 9917
74600 9928
74699 9656
74700 9651
74799 9651
74800 9618
74899 9708
74900 9694
74999 9685
75000 9708
75099 131
75100 136
75199 150
75200 155
75299 562
75300 598
75399 449
75400 462
75499 898
75500 842
75599 240
75600 241
75699 170
75700 163
75799 370
75800 384
75899 242
75900 263
75999 182
76000 184
76099 18
76100 7
76199 27
76200 49
76299 81
76300 79
76399 71
76400 64
76499 78
76500 84
76599 241
76600 247
76699 308
76700 305
76799 215
76800 199
76899 140
76900 122
76999 58
77000 48
77099 9953
77100 9947
77199 9921
77200 9911
77299 13
77300 24
77399 9947
77400 9948
77499 127
77500 148
77599 219
77600 228
77699 554
77700 584
77799 933
77800 858
77899 894
77900 899
77999 1299
78000 1232
78099 1345
78100 1302
78199 1172
78200 1201
78299 1590
78300 1552
78399 1609
78400 1591
78499 1300
78500 1290
78599 1944
78600 1984
78699 1346
78700 1345
78799 1005
78800 1075
78899 853
78900 877
78999 648
79000 673
79099 373
79100 367
79199 337
79200 324
79299 203
79300 199
79399 223
79400 222
79499 423
79500 425
79599 907
79600 888
79699 662
79700 650
79799 570
79800 584
79899 553
79900 558
79999 373
80000 357
80099 357
80100 348
80199 251
80200 217
80299 390
80300 398
80399 740
80400 764
80499 663
80500 663
80599 482
80600 513
80699 612
80700 634
80799 791
80800 814
80899 1113
80900 1136
80999 1906
81000 1910
81099 2757
81100 2747
81199 2554
81200 2611
81299 3046
81300 3107
81399 2137
81400 2148
81499 1605
81500 1632
81599 1167
81600 1174
81699 690
81700 740
81799 551
81800 555
81899 919
81900 934
81999 677
82000 635
82099 931
82100 944
82199 1071
82200 1083
82299 866
82300 879
82399 900
82400 944
82499 402
82500 419
82599 371
82600 392
82699 68
82700 79
82799 69
82800 60
82899 35
82900 31
82999 39
83000 43
83099 88
83100 101
83199 307
83200 325
83299 486
83300 492
83399 560
83400 583
83499 520
83500 522
83599 470
83600 458
83699 466
83700 444
83799 518
83800 514
83899 839
83900 850
83999 1157
84000 1158
84099 1897
84100 1871
84199 1556
84200 1562
84299 1278
84300 1212
84399 1280
84400 1244
84499 1383
84500 1431
84599 1302
84600 1330
84699 911
84700 927
84799 1076
84800 1095
84899 1802
84900 1810
84999 1171
85000 1171
85099 1762
85100 1636
85199 1511
85200 1469
85299 1148
85300 1198
85399 1022
85400 1038
85499 1059
85500 1044
85599 913
85600 923
85699 1012
85700 986
85799 1123
85800 1162
85899 1496
85900 1522
85999 1621
86000 1647
86099 2202
86100 2205
86199 2345
86200 2225
86299 2089
86300 2041
86399 2179
86400 2160
86499 2077
86500 1992
86599 1726
86600 1656
86699 1207
86700 1242
86799 1079
86800 1105
86899 1403
86900 1363
86999 1305
87000 1318
87099 1455
87100 1477
87199 1503
87200 1527
87299 1599
87300 1616
87399 1230
87400 1222
87499 1053
87500 1098
87599 1304
87600 1296
87699 1680
87700 1688
87799 2232
87800 2242
87899 2720
87900 2694
87999 4027
88000 3899
88099 3825
88100 3789
88199 4370
88200 4354
88299 5231
88300 5290
88399 5349
88400 5290
88499 6006
88500 6107
88599 6775
88600 6787
88699 5962
88700 5905
88799 4940
88800 4980
88899 3910
88900 3970
88999 4809
89000 4787
89099 4737
89100 4821
89199 4871
89200 4934
89299 4906
89300 4986
89399 5758
89400 5728
89499 5942
89500 5965
89599 5443
89600 5449
89699 6064
89700 6098
89799 6447
89800 6510
89899 6054
89900 6055
89999 6082
90000 6128
90099 5513
90100 5379
90199 6464
90200 6469
90299 6576
90300 6545
90399 6939
90400 6994
90499 7130
90500 7030
90599 6784
90600 6774
90699 5949
90700 6066
90799 7275
90800 7389
90899 7960
90900 7917
90999 6644
91000 6819
91099 5957
91100 5855
91199 5875
91200 5935
91299 5682
91300 5680
91399 5482
91400 5489
91499 4191
91500 4181
91599 4406
91600 4268
91699 4675
91700 4662
91799 5337
91800 5318
91899 5575
91900 5619
91999 5080
92000 5067
92099 4676
92100 4795
92199 4971
92200 4894
92299 5528
92300 5426
92399 4334
92400 4426
92499 5034
92500 5027
92599 4416
92600 4409
92699 4938
92700 4942
92799 3846
92800 3788
92899 4188
92900 4174
92999 3062
93000 3069
93099 2833
93100 2847
93199 3364
93200 3301
93299 3158
93300 3138
93399 2682
93400 2644
93499 2353
93500 2374
93599 1779
93600 1816
93699 1885
93700 1871
93799 2373
93800 2379
93899 1950
93900 1929
93999 1732
94000 1736
94099 1833
94100 1854
94199 1960
94200 2066
94299 1739
94300 1688
94399 1741
94400 1772
94499 1779
94500 1783
94599 1553
94600 1553
94699 2146
94700 2121
94799 2276
94800 2291
94899 3265
94900 3303
94999 3727
95000 3628
95099 3261
95100 3187
95199 3254
95200 3343
95299 3524
95300 3532
95399 3945
95400 3974
95499 4203
95500 4232
95599 4069
95600 3987
95699 4634
95700 4678
95799 5414
95800 5378
95899 5537
95900 5537
95999 4673
96000 4712
96099 4612
96100 4577
96199 4362
96200 4454
96299 4338
96300 4284
96399 5835
96400 5851
96499 6500
96500 6498
96599 7233
96600 7242
96699 6434
96700 6488
96799 7120
96800 7063
96899 7015
96900 6947
96999 6682
97000 6715
97099 6846
97100 6693
97199 6315
97200 6397
97299 7330
97300 7353
97399 7420
97400 7370
97499 7684
97500 7660
97599 9008
97600 8952
97699 9684
97700 9658
97799 225
97800 225
97899 104
97900 92
97999 304
98000 261
98099 781
98100 768
98199 864
98200 987
98299 1287
98300 1277
98399 674
98400 505
98499 9934
98500 9883
98599 9586
98600 9558
98699 440
98700 336
98799 556
98800 554
98899 9965
98900 9906
98999 8990
99000 9033
99099 8137
99100 8077
99199 7626
99200 7585
99299 7492
99300 7384
99399 5849
99400 5810
99499 5608
99500 5593
99599 6101
99600 6069
99699 5725
99700 5619
99799 4772
99800 4714
99899 5495
99900 5442
99999 5401
100000 5343
