1 1
2 1
3 4
4 8
5 10
6 8
7 4
8 8
9 12
10 13
11 13
12 19
13 31
14 40
15 45
16 45
17 60
18 53
19 62
20 61
21 60
22 58
23 52
24 43
25 41
26 53
27 67
28 78
29 86
30 80
31 85
32 78
33 77
34 68
35 66
36 73
37 81
38 3
39 11
40 88
41 98
42 88
43 90
44 88
45 81
46 88
47 96
48 93
49 81
50 77
51 85
52 80
53 94
54 99
55 5
56 6
57 5
58 12
59 5
60 9
61 20
62 30
63 43
64 49
65 59
66 64
67 72
68 76
69 61
70 59
71 65
72 71
73 79
74 75
75 59
76 60
77 76
78 74
79 60
80 67
81 62
82 67
83 81
84 77
85 66
86 73
87 55
88 59
89 42
90 34
91 41
92 50
93 34
94 36
95 37
96 47
97 57
98 52
99 60
100 68
