1 1
2 2
3 6
4 9
5 9
6 17
7 21
8 26
9 29
10 32
11 44
12 42
13 45
14 37
15 37
16 48
17 50
18 53
19 68
20 74
21 76
22 84
23 71
24 78
25 75
26 73
27 76
28 76
29 80
30 79
31 86
32 82
33 83
34 0
35 8
36 12
37 10
38 99
39 92
40 2
41 4
42 0
43 91
44 93
45 15
46 10
47 13
48 7
49 4
50 1
51 10
52 16
53 21
54 22
55 6
56 8
57 18
58 16
59 20
60 43
61 38
62 52
63 41
64 59
65 51
66 64
67 80
68 86
69 99
70 95
71 0
72 26
73 13
74 1
75 22
76 41
77 59
78 78
79 87
80 87
81 80
82 73
83 71
84 6
85 10
86 32
87 39
88 54
89 50
90 67
91 59
92 87
93 91
94 93
95 96
96 96
97 64
98 61
99 52
100 48
