99 7
100 11
199 3
200 5
299 2
300 4
399 44
400 59
499 53
500 50
599 13
600 12
699 0
700 1
799 1
800 0
899 9
900 10
999 45
1000 36
1099 3
1100 2
1199 11
1200 5
1299 0
1300 0
1399 26
1400 23
1499 41
1500 52
1599 20
1600 17
1699 28
1700 32
1799 133
1800 151
1899 14
1900 16
1999 200
2000 234
2099 223
2100 230
2199 183
2200 198
2299 245
2300 244
2399 322
2400 299
2499 239
2500 220
2599 100
2600 102
2699 10
2700 8
2799 22
2800 28
2899 108
2900 112
2999 15
3000 12
3099 50
3100 48
3199 58
3200 61
3299 37
3300 40
3399 82
3400 95
3499 66
3500 61
3599 85
3600 91
3699 109
3700 110
3799 40
3800 38
3899 0
3900 0
3999 13
4000 15
4099 36
4100 35
4199 87
4200 98
4299 17
4300 18
4399 34
4400 38
4499 18
4500 22
4599 11
4600 10
4699 10
4700 10
4799 0
4800 0
4899 9
4900 9
4999 181
5000 154
5099 69
5100 80
5199 65
5200 67
5299 0
5300 0
5399 0
5400 0
5499 17
5500 13
5599 116
5600 105
5699 152
5700 142
5799 312
5800 294
5899 467
5900 468
5999 642
6000 652
6099 595
6100 559
6199 496
6200 489
6299 281
6300 287
6399 60
6400 65
6499 0
6500 0
6599 3
6600 1
6699 1
6700 0
6799 18
6800 15
6899 1
6900 1
6999 7
7000 6
7099 0
7100 0
7199 0
7200 0
7299 0
7300 0
7399 11
7400 16
7499 135
7500 128
7599 72
7600 67
7699 107
7700 105
7799 142
7800 146
7899 224
7900 233
7999 317
8000 369
8099 359
8100 342
8199 212
8200 235
8299 248
8300 250
8399 402
8400 397
8499 393
8500 393
8599 403
8600 416
8699 687
8700 699
8799 855
8800 906
8899 1331
8900 1287
8999 1379
9000 1428
9099 1408
9100 1363
9199 1001
9200 971
9299 911
9300 941
9399 821
9400 805
9499 1196
9500 1199
9599 1014
9600 1026
9699 655
9700 644
9799 798
9800 785
9899 860
9900 875
9999 1198
10000 1206
10099 1149
10100 1190
10199 1437
10200 1463
10299 1453
10300 1529
10399 1339
10400 1340
10499 1049
10500 1037
10599 529
10600 516
10699 570
10700 576
10799 536
10800 556
10899 386
10900 378
10999 356
11000 373
11099 118
11100 117
11199 68
11200 60
11299 209
11300 226
11399 338
11400 372
11499 493
11500 532
11599 1236
11600 1213
11699 630
11700 678
11799 402
11800 388
11899 272
11900 237
11999 287
12000 293
12099 492
12100 431
12199 795
12200 801
12299 787
12300 786
12399 1070
12400 1079
12499 712
12500 728
12599 1757
12600 1769
12699 2171
12700 2187
12799 2837
12800 2821
12899 2821
12900 2834
12999 2655
13000 2576
13099 2470
13100 2488
13199 2427
13200 2451
13299 1681
13300 1689
13399 1235
13400 1230
13499 1621
13500 1671
13599 1997
13600 1938
13699 1903
13700 1877
13799 1692
13800 1696
13899 2241
13900 2277
13999 2562
14000 2583
14099 2486
14100 2521
14199 2257
14200 2202
14299 1837
14300 1842
14399 1474
14400 1466
14499 1369
14500 1424
14599 1175
14600 1195
14699 1425
14700 1405
14799 1253
14800 1251
14899 1018
14900 1002
14999 837
15000 837
15099 890
15100 886
15199 926
15200 919
15299 901
15300 869
15399 481
15400 525
15499 664
15500 676
15599 907
15600 910
15699 1291
15700 1344
15799 981
15800 995
15899 1047
15900 1040
15999 1108
16000 1191
16099 1362
16100 1378
16199 1556
16200 1565
16299 1237
16300 1175
16399 1736
16400 1712
16499 1561
16500 1558
16599 1494
16600 1529
16699 1378
16700 1450
16799 1445
16800 1478
16899 1236
16900 1285
16999 1539
17000 1467
17099 1257
17100 1329
17199 992
17200 1026
17299 1540
17300 1569
17399 1785
17400 1753
17499 2428
17500 2345
17599 2628
17600 2641
17699 3807
17700 3733
17799 4210
17800 4253
17899 4311
17900 4309
17999 4182
18000 4198
18099 3663
18100 3698
18199 3990
18200 3931
18299 3074
18300 3064
18399 2295
18400 2351
18499 2550
18500 2535
18599 1878
18600 1894
18699 2076
18700 2096
18799 2917
18800 2957
18899 2809
18900 2777
18999 2623
19000 2548
19099 2042
19100 2080
19199 2200
19200 2252
19299 1066
19300 1033
19399 1131
19400 1131
19499 1276
19500 1310
19599 1408
19600 1402
19699 1309
19700 1291
19799 680
19800 651
19899 693
19900 713
19999 734
20000 733
20099 870
20100 895
20199 1122
20200 1111
20299 1158
20300 1063
20399 1253
20400 1225
20499 1300
20500 1350
20599 1313
20600 1346
20699 1132
20700 1154
20799 1184
20800 1132
20899 1072
20900 1039
20999 1929
21000 1890
21099 1706
21100 1732
21199 2080
21200 2094
21299 2002
21300 2071
21399 2311
21400 2349
21499 2705
21500 2706
21599 2456
21600 2471
21699 2269
21700 2205
21799 1912
21800 1928
21899 1959
21900 1994
21999 2110
22000 2102
22099 2611
22100 2599
22199 2237
22200 2145
22299 1855
22300 1913
22399 2296
22400 2206
22499 3035
22500 2981
22599 2319
22600 2246
22699 1851
22700 1818
22799 1609
22800 1552
22899 1626
22900 1697
22999 1918
23000 1922
23099 1518
23100 1528
23199 2220
23200 2222
23299 2288
23300 2228
23399 2247
23400 2233
23499 2148
23500 2175
23599 2644
23600 2641
23699 2258
23700 2255
23799 3006
23800 3053
23899 4166
23900 4203
23999 4619
24000 4553
24099 3063
24100 3040
24199 4066
24200 4051
24299 3267
24300 3254
24399 2982
24400 2953
24499 3361
24500 3350
24599 3662
24600 3646
24699 3292
24700 3325
24799 3289
24800 3338
24899 4134
24900 4115
24999 4547
25000 4550
25099 5103
25100 5133
25199 5453
25200 5431
25299 6137
25300 6122
25399 6862
25400 6769
25499 6265
25500 6345
25599 6227
25600 6172
25699 5438
25700 5457
25799 6203
25800 6278
25899 5813
25900 5847
25999 6186
26000 6186
26099 5078
26100 5062
26199 5234
26200 5289
26299 5639
26300 5623
26399 6882
26400 6922
26499 7077
26500 7167
26599 7279
26600 7287
26699 7938
26700 8010
26799 8527
26800 8524
26899 9817
26900 9874
26999 9747
27000 9810
27099 9438
27100 9477
27199 8264
27200 8143
27299 7994
27300 8089
27399 8378
27400 8371
27499 215
27500 217
27599 917
27600 1073
27699 1581
27700 1510
27799 1557
27800 1476
27899 2604
27900 2603
27999 3460
28000 3500
28099 3466
28100 3470
28199 2934
28200 3003
28299 2198
28300 2087
28399 1887
28400 1913
28499 1194
28500 1170
28599 9751
28600 9711
28699 9570
28700 9625
28799 9312
28800 9291
28899 87
28900 98
28999 249
29000 196
29099 9526
29100 9493
29199 7921
29200 7951
29299 7060
29300 7033
29399 6366
29400 6337
29499 6510
29500 6600
29599 6437
29600 6443
29699 6572
29700 6568
29799 6420
29800 6348
29899 6830
29900 6754
29999 6683
30000 6684
30099 6114
30100 6122
30199 6837
30200 6816
30299 5935
30300 5953
30399 5862
30400 5886
30499 5431
30500 5386
30599 4943
30600 4852
30699 4512
30700 4400
30799 4302
30800 4272
30899 5372
30900 5511
30999 5311
31000 5347
31099 5561
31100 5487
31199 6076
31200 6044
31299 5920
31300 5865
31399 6783
31400 6768
31499 6077
31500 6042
31599 5739
31600 5732
31699 6261
31700 6278
31799 5724
31800 5716
31899 6051
31900 6049
31999 6554
32000 6540
32099 5578
32100 5740
32199 5551
32200 5486
32299 5654
32300 5663
32399 5419
32400 5436
32499 5571
32500 5540
32599 5495
32600 5458
32699 4752
32700 4776
32799 4706
32800 4740
32899 4471
32900 4438
32999 5350
33000 5406
33099 6147
33100 6088
33199 6215
33200 6160
33299 7025
33300 6961
33399 7678
33400 7825
33499 8251
33500 8204
33599 7664
33600 7680
33699 8032
33700 7980
33799 8038
33800 8040
33899 8415
33900 8491
33999 8900
34000 8928
34099 7987
34100 8077
34199 7288
34200 7247
34299 6052
34300 5987
34399 6721
34400 6679
34499 6315
34500 6267
34599 5148
34600 5283
34699 4950
34700 4857
34799 4551
34800 4583
34899 4914
34900 4944
34999 4952
35000 4996
35099 5671
35100 5714
35199 5522
35200 5432
35299 5400
35300 5353
35399 6278
35400 6281
35499 7008
35500 7089
35599 6805
35600 6824
35699 6197
35700 6082
35799 7358
35800 7371
35899 8123
35900 8252
35999 7921
36000 7875
36099 8029
36100 7997
36199 7876
36200 7900
36299 6692
36300 6639
36399 5444
36400 5385
36499 5731
36500 5606
36599 4891
36600 4892
36699 5038
36700 5066
36799 4910
36800 4916
36899 4669
36900 4628
36999 5834
37000 5813
37099 5681
37100 5715
37199 6409
37200 6338
37299 5869
37300 5774
37399 5380
37400 5357
37499 5092
37500 5055
37599 5587
37600 5521
37699 5642
37700 5630
37799 5865
37800 5774
37899 5447
37900 5464
37999 5736
38000 5593
38099 6070
38100 6003
38199 7301
38200 7278
38299 6755
38300 6712
38399 6664
38400 6781
38499 6097
38500 6144
38599 5340
38600 5343
38699 5922
38700 5886
38799 5001
38800 5033
38899 4989
38900 4834
38999 5030
39000 5052
39099 4870
39100 4954
39199 4291
39200 4246
39299 3698
39300 3758
39399 3685
39400 3804
39499 5658
39500 5627
39599 6455
39600 6430
39699 6500
39700 6568
39799 7903
39800 7912
39899 6746
39900 6646
39999 7583
40000 7612
40099 8060
40100 8107
40199 8104
40200 8143
40299 7984
40300 8045
40399 7914
40400 7916
40499 8459
40500 8592
40599 7902
40600 7967
40699 8982
40700 8958
40799 424
40800 466
40899 1992
40900 1969
40999 1921
41000 2017
41099 1953
41100 2085
41199 2282
41200 2230
41299 2093
41300 2105
41399 2788
41400 2832
41499 3085
41500 3111
41599 2989
41600 3080
41699 2855
41700 2914
41799 3432
41800 3437
41899 2440
41900 2470
41999 3169
42000 3173
42099 3152
42100 3215
42199 3394
42200 3275
42299 3191
42300 3174
42399 2372
42400 2511
42499 3684
42500 3688
42599 3953
42600 4220
42699 4079
42700 4081
42799 5123
42800 5109
42899 5208
42900 5221
42999 5083
43000 5061
43099 4632
43100 4664
43199 5088
43200 5029
43299 4099
43300 4152
43399 4153
43400 4119
43499 3767
43500 3791
43599 5059
43600 5100
43699 5541
43700 5662
43799 5917
43800 5902
43899 5524
43900 5620
43999 5938
44000 5965
44099 5276
44100 5305
44199 4832
44200 4831
44299 5444
44300 5400
44399 5393
44400 5359
44499 5509
44500 5582
44599 6426
44600 6531
44699 6979
44700 6927
44799 6768
44800 6770
44899 7225
44900 7319
44999 6342
45000 6380
45099 5917
45100 5902
45199 5712
45200 5763
45299 5594
45300 5574
45399 4975
45400 4929
45499 4711
45500 4680
45599 4345
45600 4445
45699 4376
45700 4390
45799 4439
45800 4432
45899 4099
45900 4111
45999 4557
46000 4550
46099 5756
46100 5874
46199 7432
46200 7502
46299 8080
46300 8047
46399 8543
46400 8605
46499 8439
46500 8566
46599 6361
46600 6463
46699 7100
46700 6957
46799 6340
46800 6358
46899 5019
46900 4891
46999 5832
47000 6042
47099 5875
47100 5767
47199 3699
47200 3779
47299 4794
47300 4815
47399 5609
47400 5512
47499 5508
47500 5443
47599 7197
47600 7148
47699 6120
47700 6131
47799 6091
47800 5976
47899 7260
47900 7324
47999 6863
48000 6824
48099 8251
48100 8283
48199 8225
48200 8245
48299 8249
48300 8154
48399 7786
48400 7854
48499 7629
48500 7661
48599 8110
48600 7964
48699 7472
48700 7642
48799 8652
48800 8638
48899 8128
48900 8136
48999 8503
49000 8344
49099 8056
49100 8054
49199 7610
49200 7745
49299 7358
49300 7437
49399 8594
49400 8449
49499 9611
49500 9707
49599 2651
49600 2575
49699 3196
49700 3076
49799 3021
49800 3021
49899 3077
49900 2918
49999 2732
50000 2787
50099 3742
50100 3799
50199 2962
50200 2981
50299 4827
50300 4922
50399 3301
50400 3421
50499 1331
50500 1458
50599 1308
50600 1313
50699 9527
50700 9621
50799 7485
50800 7512
50899 9382
50900 9249
50999 8607
51000 8582
51099 8481
51100 8461
51199 7893
51200 7904
51299 7776
51300 7766
51399 9478
51400 9477
51499 8421
51500 8518
51599 8886
51600 8915
51699 9212
51700 9172
51799 9693
51800 9705
51899 9693
51900 9576
51999 9718
52000 9793
52099 8430
52100 8419
52199 7524
52200 7486
52299 7472
52300 7474
52399 8059
52400 8001
52499 7412
52500 7432
52599 7101
52600 7187
52699 7327
52700 7415
52799 6607
52800 6590
52899 7471
52900 7477
52999 6637
53000 6533
53099 7073
53100 7022
53199 6732
53200 6739
53299 6755
53300 6889
53399 7087
53400 7097
53499 6160
53500 6279
53599 7179
53600 7097
53699 7160
53700 7160
53799 7325
53800 7359
53899 8385
53900 8372
53999 8461
54000 8394
54099 8547
54100 8616
54199 9126
54200 9135
54299 9144
54300 9129
54399 9671
54400 9801
54499 939
54500 1011
54599 926
54600 786
54699 1414
54700 1344
54799 1263
54800 1292
54899 585
54900 711
54999 751
55000 779
55099 1195
55100 1109
55199 1286
55200 1227
55299 868
55300 889
55399 1504
55400 1444
55499 2278
55500 2276
55599 3066
55600 3063
55699 3328
55700 3361
55799 5261
55800 5235
55899 4870
55900 4796
55999 4830
56000 4828
56099 5073
56100 5122
56199 4805
56200 4840
56299 5224
56300 5156
56399 4167
56400 4114
56499 5302
56500 5412
56599 5904
56600 5802
56699 5751
56700 5801
56799 6463
56800 6346
56899 6158
56900 6044
56999 6186
57000 6176
57099 5210
57100 5185
57199 4648
57200 4586
57299 5354
57300 5243
57399 4185
57400 4342
57499 5399
57500 5510
57599 5732
57600 5586
57699 6538
57700 6448
57799 6318
57800 6291
57899 5447
57900 5385
57999 4842
58000 4852
58099 3951
58100 4228
58199 4677
58200 4790
58299 4607
58300 4591
58399 2832
58400 2810
58499 1619
58500 1609
58599 1947
58600 1877
58699 2508
58700 2565
58799 3812
58800 3789
58899 1750
58900 1769
58999 742
59000 687
59099 1171
59100 1080
59199 1321
59200 1230
59299 2356
59300 2171
59399 954
59400 814
59499 1043
59500 908
59599 1024
59600 1015
59699 356
59700 247
59799 522
59800 581
59899 107
59900 40
59999 765
60000 768
60099 9864
60100 9741
60199 8294
60200 8340
60299 8627
60300 8611
60399 571
60400 528
60499 9958
60500 122
60599 9614
60600 9568
60699 9542
60700 9672
60799 187
60800 214
60899 1019
60900 939
60999 967
61000 1046
61099 1161
61100 1312
61199 2089
61200 2064
61299 2994
61300 3043
61399 1980
61400 1928
61499 2319
61500 2292
61599 2805
61600 2796
61699 2811
61700 2769
61799 1703
61800 1762
61899 9711
61900 9822
61999 991
62000 1164
62099 2048
62100 1994
62199 2575
62200 2529
62299 3908
62300 4008
62399 3962
62400 3973
62499 4293
62500 4239
62599 5073
62600 5044
62699 5497
62700 5476
62799 5169
62800 5247
62899 7343
62900 7360
62999 9008
63000 9115
63099 9313
63100 9360
63199 9422
63200 9415
63299 9771
63300 9853
63399 9946
63400 25
63499 9984
63500 9893
63599 737
63600 773
63699 248
63700 377
63799 1006
63800 1060
63899 1113
63900 997
63999 1297
64000 1241
64099 9501
64100 9467
64199 8331
64200 8319
64299 9543
64300 9595
64399 201
64400 373
64499 642
64500 786
64599 1136
64600 1160
64699 1319
64700 1294
64799 836
64800 852
64899 831
64900 875
64999 1474
65000 1409
65099 1426
65100 1493
65199 1430
65200 1407
65299 9970
65300 9985
65399 9886
65400 9
65499 738
65500 890
65599 352
65600 355
65699 1602
65700 1622
65799 2421
65800 2284
65899 1629
65900 1756
65999 1518
66000 1467
66099 199
66100 242
66199 7804
66200 7807
66299 8237
66300 8189
66399 7841
66400 7905
66499 7410
66500 7391
66599 7138
66600 7170
66699 8242
66700 8261
66799 8469
66800 8451
66899 9886
66900 9882
66999 8899
67000 8950
67099 8992
67100 8949
67199 8116
67200 8206
67299 9478
67300 9414
67399 513
67400 487
67499 9710
67500 9796
67599 8577
67600 8551
67699 9545
67700 9616
67799 9541
67800 9611
67899 9799
67900 9860
67999 9669
68000 9520
68099 680
68100 769
68199 1999
68200 1855
68299 1399
68300 1174
68399 2517
68400 2492
68499 3402
68500 3395
68599 1031
68600 814
68699 533
68700 369
68799 53
68800 9972
68899 245
68900 289
68999 9580
69000 9664
69099 8493
69100 8327
69199 8189
69200 8224
69299 8880
69300 8848
69399 8414
69400 8409
69499 9092
69500 9082
69599 8197
69600 8252
69699 8048
69700 8041
69799 9849
69800 9846
69899 667
69900 538
69999 9159
70000 9287
70099 900
70100 1136
70199 9291
70200 9450
70299 1668
70300 1680
70399 2153
70400 2247
70499 2284
70500 2362
70599 2829
70600 2641
70699 2454
70700 2549
70799 4047
70800 4004
70899 3373
70900 3372
70999 2515
71000 2555
71099 4371
71100 4454
71199 6515
71200 6683
71299 8313
71300 8417
71399 8718
71400 8620
71499 8781
71500 8781
71599 411
71600 165
71699 8235
71700 8303
71799 9593
71800 9543
71899 7390
71900 7614
71999 5353
72000 5391
72099 4739
72100 4460
72199 3766
72200 3661
72299 4650
72300 4631
72399 6502
72400 6523
72499 8430
72500 8325
72599 6726
72600 7018
72699 6647
72700 6842
72799 4250
72800 4084
72899 5292
72900 5339
72999 6149
73000 6065
73099 4145
73100 4156
73199 3233
73200 3321
73299 5528
73300 5358
73399 6293
73400 6306
73499 7821
73500 7687
73599 7250
73600 7146
73699 7524
73700 7522
73799 8909
73800 9042
73899 8733
73900 8719
73999 7214
74000 7148
74099 5638
74100 5775
74199 5232
74200 5205
74299 6085
74300 6095
74399 6254
74400 6132
74499 7093
74500 7079
74599 9846
74600 9778
74699 9591
74700 9546
74799 576
74800 609
74899 9490
74900 9437
74999 7874
75000 7750
75099 9525
75100 9457
75199 427
75200 544
75299 425
75300 438
75399 672
75400 748
75499 1232
75500 1342
75599 799
75600 700
75699 9948
75700 9840
75799 879
75800 727
75899 2666
75900 2506
75999 3895
76000 3894
76099 4710
76100 4848
76199 2611
76200 2636
76299 3420
76300 3331
76399 3956
76400 3847
76499 2213
76500 2153
76599 1716
76600 1710
76699 3298
76700 3347
76799 5069
76800 4986
76899 5707
76900 5875
76999 5933
77000 5899
77099 6402
77100 6334
77199 4303
77200 4249
77299 2957
77300 2928
77399 1382
77400 1259
77499 1387
77500 1518
77599 2308
77600 2158
77699 2515
77700 2617
77799 3308
77800 3360
77899 3823
77900 3843
77999 6372
78000 6289
78099 6792
78100 6785
78199 6905
78200 7052
78299 5579
78300 5524
78399 4031
78400 4108
78499 4358
78500 4202
78599 2710
78600 2908
78699 4797
78700 4751
78799 3723
78800 3572
78899 2924
78900 3093
78999 770
79000 616
79099 1093
79100 1168
79199 9779
79200 9827
79299 7871
79300 7940
79399 7236
79400 7054
79499 6881
79500 6876
79599 6902
79600 7017
79699 8069
79700 7980
79799 6130
79800 6231
79899 5068
79900 4970
79999 4126
80000 4116
80099 3204
80100 3142
80199 5066
80200 5092
80299 7726
80300 7469
80399 5160
80400 5280
80499 3777
80500 3660
80599 2882
80600 3089
80699 3920
80700 4151
80799 3167
80800 3192
80899 1245
80900 1201
80999 1120
81000 1049
81099 1942
81100 1955
81199 84
81200 99
81299 320
81300 319
81399 714
81400 671
81499 1706
81500 1726
81599 2248
81600 2164
81699 2754
81700 2711
81799 1767
81800 1848
81899 2076
81900 2105
81999 3462
82000 3481
82099 4921
82100 4721
82199 2922
82200 2768
82299 4738
82300 4912
82399 4721
82400 4766
82499 2341
82500 2531
82599 610
82600 548
82699 9154
82700 9158
82799 8755
82800 8930
82899 9333
82900 9311
82999 1976
83000 1867
83099 4775
83100 4605
83199 4098
83200 4109
83299 5278
83300 5360
83399 5955
83400 5982
83499 6781
83500 6697
83599 9343
83600 9366
83699 7112
83700 7116
83799 7380
83800 7580
83899 8134
83900 8200
83999 2208
84000 2240
84099 1598
84100 1314
84199 2558
84200 2677
84299 3067
84300 2923
84399 2616
84400 2501
84499 2390
84500 2224
84599 2056
84600 2052
84699 9667
84700 9489
84799 9893
84800 9918
84899 1308
84900 1306
84999 2489
85000 2262
85099 3507
85100 3652
85199 3448
85200 3576
85299 2530
85300 2556
85399 2310
85400 2500
85499 3182
85500 3305
85599 5369
85600 5452
85699 5818
85700 5824
85799 5695
85800 5835
85899 6595
85900 6499
85999 7655
86000 7637
86099 8091
86100 8093
86199 9353
86200 9280
86299 1041
86300 1129
86399 343
86400 323
86499 570
86500 392
86599 1358
86600 1131
86699 693
86700 550
86799 9626
86800 9958
86899 8784
86900 8717
86999 8232
87000 8237
87099 8118
87100 8152
87199 6905
87200 6927
87299 125
87300 27
87399 9908
87400 9896
87499 747
87500 772
87599 9770
87600 9725
87699 9936
87700 1
87799 1890
87800 1867
87899 1934
87900 1798
87999 1512
88000 1319
88099 1146
88100 1250
88199 2024
88200 1958
88299 1969
88300 2011
88399 942
88400 901
88499 56
88500 9774
88599 916
88600 933
88699 635
88700 655
88799 2013
88800 2006
88899 3787
88900 3868
88999 2876
89000 2936
89099 1065
89100 1061
89199 145
89200 176
89299 503
89300 311
89399 9551
89400 9848
89499 594
89500 719
89599 1642
89600 1621
89699 1136
89700 1100
89799 675
89800 742
89899 242
89900 324
89999 642
90000 487
90099 3313
90100 3419
90199 3228
90200 3298
90299 3435
90300 3483
90399 3203
90400 3154
90499 1733
90500 1718
90599 1501
90600 1505
90699 2294
90700 2407
90799 2675
90800 2545
90899 2647
90900 2566
90999 2126
91000 2146
91099 1941
91100 1798
91199 652
91200 629
91299 2144
91300 2152
91399 3247
91400 3190
91499 4192
91500 4242
91599 5935
91600 5838
91699 4636
91700 4631
91799 5228
91800 5264
91899 5261
91900 5202
91999 3551
92000 3509
92099 3912
92100 4038
92199 4605
92200 4589
92299 4233
92300 4136
92399 4033
92400 3996
92499 3865
92500 3909
92599 4496
92600 4407
92699 3701
92700 3834
92799 4265
92800 4215
92899 5857
92900 5945
92999 6081
93000 6056
93099 6104
93100 6162
93199 5713
93200 5769
93299 5581
93300 5588
93399 6010
93400 6038
93499 5879
93500 5948
93599 7149
93600 7110
93699 5837
93700 5858
93799 5906
93800 5843
93899 5668
93900 5721
93999 4675
94000 4641
94099 3968
94100 3997
94199 4098
94200 4019
94299 3580
94300 3651
94399 4587
94400 4635
94499 3890
94500 3995
94599 4416
94600 4350
94699 3585
94700 3606
94799 3013
94800 2864
94899 2742
94900 2664
94999 1914
95000 1847
95099 1061
95100 1081
95199 1810
95200 1863
95299 1715
95300 1707
95399 2207
95400 2194
95499 1387
95500 1344
95599 1358
95600 1321
95699 742
95700 668
95799 821
95800 814
95899 1274
95900 1291
95999 1205
96000 1321
96099 1516
96100 1618
96199 1050
96200 1046
96299 2026
96300 2095
96399 2222
96400 2240
96499 2605
96500 2660
96599 3526
96600 3514
96699 2999
96700 3020
96799 2387
96800 2426
96899 3046
96900 3012
96999 2776
97000 2757
97099 1362
97100 1350
97199 919
97200 871
97299 1220
97300 1100
97399 1666
97400 1666
97499 463
97500 493
97599 17
97600 34
97699 668
97700 589
97799 1734
97800 1694
97899 244
97900 185
97999 200
98000 258
98099 50
98100 32
98199 9854
98200 9873
98299 9808
98300 9757
98399 9423
98400 9432
98499 9266
98500 9055
98599 8714
98600 8624
98699 7487
98700 7462
98799 6427
98800 6415
98899 6874
98900 6792
98999 6663
99000 6765
99099 5792
99100 5820
99199 6018
99200 6045
99299 6510
99300 6486
99399 5402
99400 5295
99499 4808
99500 4744
99599 5339
99600 5319
99699 5784
99700 5722
99799 4624
99800 4617
99899 5462
99900 5358
99999 7239
100000 7258
