99 1
100 1
199 4
200 3
299 15
300 18
399 0
400 0
499 6
500 7
599 51
600 57
699 200
700 198
799 97
800 92
899 326
900 337
999 530
1000 515
1099 926
1100 929
1199 847
1200 800
1299 642
1300 627
1399 899
1400 948
1499 1044
1500 1003
1599 1855
1600 1834
1699 629
1700 647
1799 570
1800 651
1899 449
1900 420
1999 334
2000 356
2099 329
2100 318
2199 313
2200 349
2299 424
2300 435
2399 605
2400 587
2499 461
2500 468
2599 471
2600 511
2699 761
2700 730
2799 754
2800 775
2899 694
2900 679
2999 667
3000 667
3099 741
3100 741
3199 757
3200 773
3299 758
3300 755
3399 640
3400 677
3499 547
3500 556
3599 404
3600 393
3699 1095
3700 1071
3799 1074
3800 1028
3899 969
3900 955
3999 597
4000 575
4099 272
4100 277
4199 411
4200 446
4299 386
4300 366
4399 637
4400 638
4499 395
4500 409
4599 817
4600 820
4699 693
4700 694
4799 236
4800 222
4899 323
4900 324
4999 247
5000 269
5099 377
5100 400
5199 483
5200 447
5299 530
5300 532
5399 693
5400 636
5499 496
5500 484
5599 408
5600 437
5699 286
5700 312
5799 530
5800 573
5899 562
5900 556
5999 757
6000 764
6099 967
6100 1004
6199 861
6200 807
6299 908
6300 860
6399 838
6400 866
6499 1093
6500 1072
6599 934
6600 955
6699 937
6700 1027
6799 714
6800 721
6899 592
6900 624
6999 758
7000 692
7099 500
7100 507
7199 928
7200 920
7299 798
7300 812
7399 675
7400 688
7499 700
7500 650
7599 589
7600 566
7699 912
7700 916
7799 948
7800 1012
7899 1485
7900 1463
7999 1492
8000 1506
8099 1001
8100 994
8199 1392
8200 1406
8299 1867
8300 1910
8399 1198
8400 1171
8499 749
8500 682
8599 557
8600 562
8699 699
8700 742
8799 596
8800 565
8899 128
8900 144
8999 48
9000 55
9099 11
9100 6
9199 54
9200 63
9299 20
9300 16
9399 143
9400 155
9499 125
9500 136
9599 212
9600 198
9699 262
9700 250
9799 212
9800 216
9899 260
9900 263
9999 140
10000 148
10099 117
10100 133
10199 233
10200 239
10299 41
10300 36
10399 133
10400 128
10499 179
10500 160
10599 443
10600 401
10699 258
10700 281
10799 221
10800 241
10899 296
10900 255
10999 130
11000 141
11099 93
11100 103
11199 283
11200 288
11299 327
11300 317
11399 490
11400 468
11499 307
11500 274
11599 195
11600 191
11699 33
11700 30
11799 19
11800 11
11899 65
11900 52
11999 10
12000 8
12099 26
12100 22
12199 73
12200 72
12299 7
12300 4
12399 10
12400 7
12499 19
12500 19
12599 16
12600 16
12699 29
12700 29
12799 116
12800 129
12899 174
12900 165
12999 420
13000 415
13099 162
13100 165
13199 139
13200 139
13299 361
13300 393
13399 430
13400 403
13499 431
13500 395
13599 650
13600 654
13699 374
13700 384
13799 378
13800 357
13899 199
13900 194
13999 353
14000 358
14099 397
14100 401
14199 515
14200 501
14299 775
14300 759
14399 594
14400 622
14499 240
14500 224
14599 266
14600 224
14699 220
14700 221
14799 322
14800 327
14899 284
14900 276
14999 519
15000 531
15099 571
15100 579
15199 622
15200 644
15299 587
15300 609
15399 768
15400 803
15499 576
15500 599
15599 414
15600 415
15699 319
15700 307
15799 618
15800 622
15899 678
15900 733
15999 1171
16000 1171
16099 1526
16100 1546
16199 1681
16200 1791
16299 1439
16300 1387
16399 1216
16400 1215
16499 500
16500 466
16599 533
16600 499
16699 471
16700 472
16799 508
16800 544
16899 429
16900 449
16999 279
17000 279
17099 548
17100 540
17199 682
17200 717
17299 698
17300 680
17399 409
17400 412
17499 224
17500 219
17599 73
17600 85
17699 20
17700 22
17799 23
17800 19
17899 18
17900 21
17999 31
18000 25
18099 2
18100 4
18199 9
18200 11
18299 95
18300 98
18399 189
18400 176
18499 226
18500 216
18599 582
18600 562
18699 509
18700 500
18799 698
18800 724
18899 467
18900 485
18999 725
19000 758
19099 675
19100 706
19199 346
19200 342
19299 129
19300 122
19399 62
19400 50
19499 24
19500 24
19599 49
19600 48
19699 1
19700 1
19799 1
19800 1
19899 30
19900 28
19999 19
20000 23
20099 399
20100 387
20199 783
20200 816
20299 761
20300 756
20399 1306
20400 1356
20499 1488
20500 1411
20599 1184
20600 1200
20699 1118
20700 1127
20799 658
20800 615
20899 278
20900 289
20999 462
21000 475
21099 919
21100 946
21199 743
21200 785
21299 299
21300 306
21399 6
21400 9
21499 11
21500 11
21599 45
21600 42
21699 158
21700 161
21799 329
21800 326
21899 342
21900 343
21999 661
22000 648
22099 553
22100 514
22199 637
22200 665
22299 686
22300 728
22399 570
22400 587
22499 371
22500 375
22599 216
22600 239
22699 192
22700 199
22799 21
22800 26
22899 17
22900 13
22999 67
23000 77
23099 36
23100 37
23199 30
23200 34
23299 28
23300 24
23399 19
23400 20
23499 103
23500 112
23599 16
23600 7
23699 77
23700 64
23799 36
23800 46
23899 55
23900 49
23999 64
24000 48
24099 37
24100 41
24199 61
24200 56
24299 56
24300 56
24399 0
24400 0
24499 6
24500 7
24599 0
24600 0
24699 4
24700 6
24799 47
24800 49
24899 122
24900 110
24999 96
25000 114
25099 376
25100 393
25199 245
25200 241
25299 516
25300 528
25399 579
25400 562
25499 775
25500 739
25599 736
25600 749
25699 1051
25700 1036
25799 478
25800 482
25899 689
25900 716
25999 893
26000 913
26099 459
26100 438
26199 532
26200 475
26299 830
26300 821
26399 338
26400 341
26499 766
26500 752
26599 912
26600 959
26699 933
26700 941
26799 745
26800 748
26899 1259
26900 1263
26999 1093
27000 1082
27099 1054
27100 1017
27199 929
27200 894
27299 916
27300 919
27399 618
27400 658
27499 750
27500 729
27599 317
27600 310
27699 349
27700 375
27799 509
27800 505
27899 231
27900 205
27999 55
28000 45
28099 83
28100 88
28199 236
28200 210
28299 75
28300 78
28399 5
28400 1
28499 71
28500 79
28599 65
28600 90
28699 154
28700 151
28799 219
28800 225
28899 122
28900 132
28999 354
29000 348
29099 352
29100 363
29199 522
29200 519
29299 714
29300 703
29399 936
29400 899
29499 850
29500 867
29599 496
29600 489
29699 566
29700 557
29799 421
29800 420
29899 673
29900 648
29999 682
30000 672
30099 932
30100 939
30199 724
30200 710
30299 610
30300 602
30399 741
30400 760
30499 791
30500 777
30599 659
30600 635
30699 806
30700 755
30799 796
30800 814
30899 582
30900 570
30999 542
31000 530
31099 789
31100 811
31199 1019
31200 959
31299 1240
31300 1289
31399 1545
31400 1558
31499 1687
31500 1720
31599 1569
31600 1544
31699 1577
31700 1595
31799 1082
31800 1086
31899 1060
31900 1056
31999 827
32000 845
32099 815
32100 807
32199 527
32200 508
32299 355
32300 387
32399 504
32400 529
32499 391
32500 387
32599 571
32600 574
32699 381
32700 373
32799 319
32800 355
32899 551
32900 564
32999 596
33000 625
33099 509
33100 546
33199 339
33200 331
33299 263
33300 265
33399 443
33400 398
33499 162
33500 161
33599 197
33600 193
33699 276
33700 268
33799 254
33800 263
33899 70
33900 63
33999 8
34000 7
34099 20
34100 21
34199 113
34200 123
34299 210
34300 195
34399 170
34400 168
34499 82
34500 81
34599 32
34600 27
34699 189
34700 179
34799 351
34800 359
34899 846
34900 881
34999 668
35000 646
35099 1018
35100 1036
35199 1047
35200 1051
35299 860
35300 903
35399 1223
35400 1205
35499 955
35500 890
35599 624
35600 605
35699 734
35700 768
35799 630
35800 616
35899 278
35900 247
35999 120
36000 108
36099 0
36100 0
36199 39
36200 48
36299 30
36300 30
36399 0
36400 0
36499 0
36500 0
36599 26
36600 24
36699 38
36700 41
36799 0
36800 0
36899 0
36900 0
36999 9
37000 12
37099 39
37100 39
37199 290
37200 306
37299 247
37300 269
37399 432
37400 430
37499 529
37500 540
37599 175
37600 206
37699 23
37700 26
37799 57
37800 57
37899 238
37900 237
37999 377
38000 343
38099 740
38100 723
38199 531
38200 558
38299 879
38300 930
38399 1005
38400 984
38499 918
38500 886
38599 992
38600 990
38699 2011
38700 1963
38799 2450
38800 2356
38899 2873
38900 2927
38999 3007
39000 3037
39099 2745
39100 2732
39199 3401
39200 3352
39299 3436
39300 3491
39399 3765
39400 3734
39499 3218
39500 3225
39599 3111
39600 3115
39699 2981
39700 2926
39799 2956
39800 2939
39899 3091
39900 3164
39999 3126
40000 3079
40099 2671
40100 2634
40199 2676
40200 2681
40299 1785
40300 1806
40399 1394
40400 1480
40499 763
40500 755
40599 587
40600 584
40699 647
40700 667
40799 360
40800 348
40899 350
40900 367
40999 409
41000 379
41099 527
41100 525
41199 489
41200 541
41299 481
41300 487
41399 446
41400 435
41499 614
41500 634
41599 1010
41600 987
41699 856
41700 880
41799 1267
41800 1296
41899 1944
41900 1850
41999 2162
42000 2148
42099 1444
42100 1427
42199 1663
42200 1680
42299 1832
42300 1797
42399 1312
42400 1308
42499 997
42500 968
42599 1265
42600 1264
42699 1135
42700 1092
42799 1408
42800 1412
42899 1549
42900 1563
42999 2054
43000 2034
43099 2190
43100 2199
43199 2460
43200 2418
43299 2247
43300 2164
43399 2866
43400 2852
43499 3482
43500 3457
43599 3308
43600 3335
43699 3651
43700 3645
43799 3482
43800 3491
43899 2910
43900 2949
43999 3722
44000 3845
44099 3676
44100 3650
44199 4026
44200 4017
44299 3905
44300 3871
44399 3766
44400 3812
44499 3408
44500 3341
44599 3572
44600 3556
44699 3630
44700 3635
44799 4787
44800 4741
44899 5286
44900 5272
44999 5219
45000 5283
45099 4809
45100 4824
45199 4309
45200 4323
45299 3162
45300 3109
45399 3212
45400 3185
45499 4219
45500 4241
45599 4238
45600 4245
45699 4011
45700 4028
45799 3661
45800 3584
45899 3405
45900 3350
45999 3165
46000 3234
46099 2299
46100 2261
46199 1613
46200 1563
46299 1533
46300 1553
46399 1854
46400 1898
46499 1677
46500 1654
46599 1548
46600 1628
46699 1740
46700 1773
46799 1663
46800 1654
46899 1145
46900 1121
46999 953
47000 906
47099 856
47100 849
47199 1136
47200 1109
47299 885
47300 876
47399 721
47400 728
47499 629
47500 650
47599 370
47600 393
47699 377
47700 387
47799 480
47800 473
47899 426
47900 421
47999 521
48000 501
48099 183
48100 212
48199 70
48200 64
48299 462
48300 482
48399 292
48400 298
48499 91
48500 92
48599 41
48600 45
48699 27
48700 40
48799 0
48800 0
48899 0
48900 1
48999 0
49000 0
49099 19
49100 19
49199 30
49200 32
49299 116
49300 109
49399 242
49400 210
49499 331
49500 338
49599 132
49600 119
49699 135
49700 152
49799 680
49800 664
49899 954
49900 950
49999 734
50000 727
50099 743
50100 734
50199 819
50200 834
50299 932
50300 953
50399 759
50400 757
50499 390
50500 393
50599 436
50600 466
50699 827
50700 839
50799 1102
50800 1036
50899 1691
50900 1774
50999 2022
51000 1985
51099 1122
51100 1165
51199 1399
51200 1371
51299 1304
51300 1382
51399 1035
51400 1040
51499 1064
51500 1058
51599 935
51600 899
51699 859
51700 894
51799 1152
51800 1152
51899 758
51900 768
51999 1611
52000 1601
52099 1546
52100 1527
52199 1683
52200 1640
52299 1264
52300 1282
52399 1067
52400 1035
52499 518
52500 533
52599 975
52600 999
52699 923
52700 931
52799 380
52800 379
52899 310
52900 320
52999 499
53000 468
53099 149
53100 142
53199 21
53200 20
53299 13
53300 20
53399 61
53400 63
53499 37
53500 35
53599 10
53600 6
53699 39
53700 42
53799 42
53800 46
53899 105
53900 114
53999 55
54000 53
54099 91
54100 87
54199 157
54200 149
54299 46
54300 41
54399 6
54400 5
54499 65
54500 64
54599 332
54600 354
54699 678
54700 654
54799 768
54800 767
54899 610
54900 621
54999 720
55000 704
55099 394
55100 421
55199 434
55200 435
55299 491
55300 494
55399 570
55400 555
55499 671
55500 692
55599 546
55600 573
55699 423
55700 407
55799 342
55800 373
55899 278
55900 232
55999 415
56000 406
56099 463
56100 475
56199 343
56200 328
56299 236
56300 245
56399 215
56400 239
56499 118
56500 131
56599 342
56600 370
56699 275
56700 267
56799 349
56800 328
56899 672
56900 641
56999 728
57000 742
57099 859
57100 829
57199 1228
57200 1257
57299 1005
57300 1010
57399 1191
57400 1276
57499 1220
57500 1153
57599 1412
57600 1350
57699 1585
57700 1608
57799 2149
57800 2174
57899 1608
57900 1647
57999 1966
58000 2067
58099 2097
58100 2090
58199 2385
58200 2434
58299 1597
58300 1552
58399 1253
58400 1262
58499 1157
58500 1090
58599 991
58600 960
58699 817
58700 827
58799 526
58800 575
58899 590
58900 614
58999 634
59000 601
59099 406
59100 396
59199 286
59200 288
59299 39
59300 45
59399 49
59400 44
59499 116
59500 115
59599 113
59600 128
59699 109
59700 114
59799 90
59800 95
59899 168
59900 159
59999 97
60000 89
60099 31
60100 31
60199 61
60200 71
60299 96
60300 99
60399 302
60400 303
60499 185
60500 193
60599 43
60600 31
60699 147
60700 162
60799 86
60800 62
60899 8
60900 7
60999 88
61000 83
61099 15
61100 17
61199 3
61200 3
61299 5
61300 4
61399 32
61400 26
61499 147
61500 146
61599 206
61600 184
61699 158
61700 171
61799 44
61800 52
61899 293
61900 320
61999 191
62000 184
62099 37
62100 41
62199 38
62200 41
62299 251
62300 228
62399 278
62400 274
62499 529
62500 509
62599 654
62600 645
62699 807
62700 813
62799 927
62800 936
62899 960
62900 947
62999 1412
63000 1444
63099 981
63100 993
63199 1133
63200 1177
63299 1118
63300 1140
63399 1483
63400 1518
63499 1363
63500 1325
63599 1289
63600 1289
63699 543
63700 532
63799 1061
63800 1075
63899 1493
63900 1441
63999 981
64000 964
64099 1171
64100 1139
64199 696
64200 718
64299 633
64300 602
64399 347
64400 327
64499 839
64500 827
64599 928
64600 932
64699 1034
64700 998
64799 885
64800 905
64899 643
64900 663
64999 326
65000 321
65099 76
65100 75
65199 101
65200 91
65299 113
65300 110
65399 77
65400 61
65499 7
65500 5
65599 4
65600 5
65699 15
65700 14
65799 121
65800 117
65899 193
65900 228
65999 294
66000 295
66099 234
66100 221
66199 217
66200 200
66299 175
66300 185
66399 54
66400 57
66499 26
66500 30
66599 341
66600 367
66699 354
66700 380
66799 387
66800 397
66899 438
66900 466
66999 306
67000 322
67099 299
67100 330
67199 436
67200 452
67299 378
67300 373
67399 287
67400 272
67499 213
67500 229
67599 184
67600 180
67699 171
67700 199
67799 744
67800 746
67899 510
67900 497
67999 428
68000 406
68099 873
68100 854
68199 470
68200 475
68299 894
68300 919
68399 774
68400 804
68499 595
68500 592
68599 437
68600 431
68699 441
68700 413
68799 247
68800 228
68899 83
68900 78
68999 189
69000 168
69099 208
69100 203
69199 101
69200 99
69299 283
69300 252
69399 170
69400 170
69499 418
69500 431
69599 623
69600 602
69699 744
69700 753
69799 499
69800 490
69899 550
69900 571
69999 529
70000 542
70099 88
70100 110
70199 223
70200 225
70299 243
70300 223
70399 519
70400 499
70499 548
70500 544
70599 418
70600 433
70699 162
70700 146
70799 409
70800 406
70899 374
70900 357
70999 240
71000 239
71099 362
71100 396
71199 396
71200 405
71299 374
71300 363
71399 431
71400 410
71499 160
71500 167
71599 230
71600 229
71699 776
71700 828
71799 530
71800 560
71899 663
71900 649
71999 869
72000 855
72099 663
72100 677
72199 470
72200 460
72299 186
72300 152
72399 190
72400 205
72499 85
72500 78
72599 43
72600 50
72699 19
72700 24
72799 119
72800 118
72899 142
72900 135
72999 274
73000 290
73099 32
73100 43
73199 130
73200 133
73299 401
73300 401
73399 505
73400 492
73499 376
73500 391
73599 331
73600 334
73699 275
73700 272
73799 53
73800 48
73899 116
73900 124
73999 59
74000 69
74099 24
74100 24
74199 89
74200 94
74299 70
74300 88
74399 1
74400 1
74499 38
74500 35
74599 169
74600 183
74699 285
74700 261
74799 141
74800 150
74899 87
74900 86
74999 140
75000 150
75099 137
75100 131
75199 125
75200 135
75299 312
75300 316
75399 247
75400 259
75499 247
75500 233
75599 134
75600 130
75699 188
75700 172
75799 251
75800 249
75899 188
75900 227
75999 125
76000 125
76099 83
76100 91
76199 9
76200 6
76299 1
76300 1
76399 19
76400 17
76499 5
76500 10
76599 8
76600 5
76699 19
76700 29
76799 11
76800 11
76899 4
76900 5
76999 1
77000 2
77099 8
77100 7
77199 4
77200 7
77299 1
77300 2
77399 1
77400 0
77499 14
77500 13
77599 6
77600 7
77699 55
77700 46
77799 88
77800 85
77899 93
77900 79
77999 13
78000 7
78099 47
78100 54
78199 119
78200 113
78299 223
78300 206
78399 109
78400 93
78499 23
78500 22
78599 8
78600 12
78699 0
78700 0
78799 10
78800 12
78899 3
78900 6
78999 2
79000 0
79099 32
79100 25
79199 82
79200 85
79299 64
79300 63
79399 374
79400 329
79499 168
79500 192
79599 334
79600 308
79699 531
79700 599
79799 385
79800 413
79899 348
79900 342
79999 203
80000 190
80099 145
80100 135
80199 72
80200 67
80299 30
80300 32
80399 11
80400 11
80499 0
80500 0
80599 0
80600 0
80699 6
80700 2
80799 26
80800 30
80899 6
80900 5
80999 20
81000 20
81099 0
81100 0
81199 3
81200 6
81299 6
81300 7
81399 21
81400 20
81499 13
81500 10
81599 1
81600 1
81699 1
81700 3
81799 2
81800 3
81899 33
81900 34
81999 10
82000 9
82099 0
82100 0
82199 0
82200 0
82299 0
82300 1
82399 5
82400 6
82499 190
82500 195
82599 55
82600 65
82699 78
82700 71
82799 1
82800 1
82899 0
82900 0
82999 82
83000 77
83099 12
83100 9
83199 54
83200 52
83299 0
83300 0
83399 53
83400 53
83499 29
83500 26
83599 1
83600 3
83699 1
83700 4
83799 6
83800 12
83899 0
83900 1
83999 7
84000 12
84099 62
84100 62
84199 67
84200 60
84299 43
84300 44
84399 2
84400 2
84499 0
84500 1
84599 17
84600 16
84699 0
84700 0
84799 0
84800 1
84899 1
84900 0
84999 6
85000 6
85099 73
85100 66
85199 71
85200 63
85299 181
85300 181
85399 204
85400 201
85499 237
85500 245
85599 62
85600 81
85699 127
85700 115
85799 2
85800 1
85899 7
85900 4
85999 0
86000 1
86099 0
86100 1
86199 1
86200 1
86299 0
86300 0
86399 9
86400 7
86499 0
86500 1
86599 2
86600 1
86699 5
86700 3
86799 0
86800 1
86899 3
86900 2
86999 19
87000 9
87099 6
87100 4
87199 7
87200 10
87299 0
87300 0
87399 1
87400 3
87499 1
87500 1
87599 55
87600 58
87699 62
87700 72
87799 206
87800 221
87899 538
87900 533
87999 712
88000 698
88099 747
88100 759
88199 726
88200 682
88299 525
88300 519
88399 331
88400 337
88499 343
88500 367
88599 563
88600 567
88699 318
88700 331
88799 166
88800 153
88899 285
88900 267
88999 436
89000 386
89099 503
89100 517
89199 640
89200 628
89299 242
89300 288
89399 193
89400 176
89499 157
89500 185
89599 399
89600 409
89699 193
89700 194
89799 518
89800 520
89899 762
89900 755
89999 788
90000 802
90099 1206
90100 1259
90199 868
90200 861
90299 1020
90300 1014
90399 1736
90400 1782
90499 1832
90500 1840
90599 2060
90600 2089
90699 2818
90700 2902
90799 2411
90800 2383
90899 2799
90900 2930
90999 2323
91000 2327
91099 2331
91100 2265
91199 2467
91200 2585
91299 2734
91300 2659
91399 2118
91400 2105
91499 2392
91500 2360
91599 2249
91600 2242
91699 1803
91700 1743
91799 1151
91800 1126
91899 972
91900 927
91999 1018
92000 1039
92099 804
92100 778
92199 915
92200 924
92299 803
92300 801
92399 719
92400 715
92499 790
92500 813
92599 650
92600 684
92699 554
92700 564
92799 539
92800 563
92899 442
92900 423
92999 1000
93000 1013
93099 1394
93100 1472
93199 1606
93200 1563
93299 1519
93300 1478
93399 1778
93400 1821
93499 1978
93500 1940
93599 1676
93600 1557
93699 780
93700 799
93799 803
93800 738
93899 224
93900 216
93999 177
94000 186
94099 424
94100 451
94199 236
94200 223
94299 209
94300 213
94399 653
94400 674
94499 820
94500 826
94599 937
94600 947
94699 858
94700 824
94799 1395
94800 1415
94899 1265
94900 1266
94999 741
95000 757
95099 506
95100 514
95199 475
95200 524
95299 475
95300 491
95399 234
95400 221
95499 363
95500 389
95599 292
95600 295
95699 144
95700 130
95799 4
95800 3
95899 3
95900 2
95999 0
96000 0
96099 28
96100 36
96199 12
96200 17
96299 60
96300 68
96399 7
96400 5
96499 57
96500 44
96599 6
96600 5
96699 53
96700 56
96799 111
96800 99
96899 15
96900 16
96999 0
97000 0
97099 0
97100 0
97199 0
97200 0
97299 18
97300 13
97399 8
97400 12
97499 8
97500 6
97599 7
97600 9
97699 18
97700 18
97799 0
97800 0
97899 16
97900 20
97999 14
98000 11
98099 17
98100 14
98199 74
98200 82
98299 22
98300 25
98399 0
98400 0
98499 31
98500 24
98599 35
98600 29
98699 1
98700 1
98799 5
98800 6
98899 4
98900 8
98999 0
99000 0
99099 3
99100 1
99199 8
99200 4
99299 11
99300 16
99399 2
99400 0
99499 22
99500 26
99599 96
99600 84
99699 46
99700 34
99799 117
99800 139
99899 281
99900 282
99999 407
100000 409
