99 129
100 134
199 12
200 11
299 36
300 40
399 12
400 10
499 15
500 19
599 1
600 4
699 0
700 0
799 0
800 0
899 0
900 0
999 0
1000 0
1099 4
1100 5
1199 0
1200 0
1299 8
1300 12
1399 35
1400 38
1499 42
1500 36
1599 10
1600 15
1699 43
1700 52
1799 281
1800 303
1899 159
1900 174
1999 229
2000 224
2099 208
2100 200
2199 82
2200 70
2299 187
2300 194
2399 51
2400 46
2499 3
2500 2
2599 0
2600 0
2699 79
2700 77
2799 173
2800 166
2899 92
2900 94
2999 164
3000 161
3099 285
3100 282
3199 206
3200 213
3299 167
3300 166
3399 39
3400 45
3499 39
3500 43
3599 54
3600 44
3699 82
3700 93
3799 70
3800 78
3899 10
3900 6
3999 6
4000 11
4099 0
4100 0
4199 0
4200 0
4299 42
4300 50
4399 1
4400 0
4499 0
4500 0
4599 2
4600 5
4699 13
4700 13
4799 43
4800 35
4899 260
4900 278
4999 150
5000 152
5099 217
5100 212
5199 240
5200 250
5299 89
5300 88
5399 10
5400 10
5499 85
5500 86
5599 0
5600 0
5699 4
5700 5
5799 3
5800 5
5899 0
5900 0
5999 40
6000 31
6099 315
6100 320
6199 339
6200 341
6299 305
6300 282
6399 44
6400 30
6499 32
6500 32
6599 22
6600 32
6699 218
6700 218
6799 152
6800 146
6899 80
6900 99
6999 119
7000 118
7099 23
7100 27
7199 31
7200 27
7299 6
7300 4
7399 1
7400 3
7499 17
7500 10
7599 53
7600 51
7699 38
7700 32
7799 0
7800 0
7899 0
7900 0
7999 37
8000 40
8099 21
8100 30
8199 19
8200 21
8299 0
8300 0
8399 74
8400 74
8499 4
8500 5
8599 0
8600 0
8699 6
8700 5
8799 84
8800 80
8899 222
8900 221
8999 7
9000 3
9099 1
9100 1
9199 44
9200 38
9299 145
9300 132
9399 150
9400 142
9499 333
9500 316
9599 759
9600 794
9699 748
9700 756
9799 711
9800 720
9899 1204
9900 1199
9999 1253
10000 1205
10099 2106
10100 2086
10199 2683
10200 2749
10299 2857
10300 2808
10399 2750
10400 2831
10499 2696
10500 2712
10599 2944
10600 2913
10699 3424
10700 3393
10799 2682
10800 2685
10899 1477
10900 1497
10999 2158
11000 2197
11099 1975
11100 1973
11199 2299
11200 2323
11299 2755
11300 2763
11399 2201
11400 2180
11499 2476
11500 2536
11599 2407
11600 2408
11699 2199
11700 2176
11799 1957
11800 1961
11899 1554
11900 1546
11999 1159
12000 1123
12099 1558
12100 1519
12199 1387
12200 1333
12299 1058
12300 1112
12399 999
12400 951
12499 406
12500 397
12599 271
12600 265
12699 330
12700 351
12799 540
12800 579
12899 768
12900 721
12999 681
13000 662
13099 245
13100 261
13199 257
13200 216
13299 491
13300 498
13399 590
13400 581
13499 544
13500 541
13599 496
13600 532
13699 648
13700 675
13799 601
13800 547
13899 532
13900 540
13999 115
14000 120
14099 42
14100 41
14199 12
14200 12
14299 61
14300 57
14399 9
14400 9
14499 40
14500 46
14599 220
14600 237
14699 92
14700 97
14799 34
14800 39
14899 180
14900 184
14999 116
15000 127
15099 23
15100 25
15199 165
15200 165
15299 325
15300 324
15399 807
15400 800
15499 748
15500 750
15599 421
15600 413
15699 470
15700 484
15799 244
15800 254
15899 45
15900 54
15999 58
16000 68
16099 229
16100 232
16199 117
16200 127
16299 365
16300 395
16399 832
16400 868
16499 612
16500 612
16599 878
16600 892
16699 927
16700 935
16799 801
16800 836
16899 1031
16900 1092
16999 900
17000 962
17099 557
17100 594
17199 568
17200 585
17299 787
17300 803
17399 864
17400 873
17499 821
17500 842
17599 744
17600 773
17699 686
17700 736
17799 983
17800 1028
17899 462
17900 471
17999 441
18000 483
18099 694
18100 658
18199 1264
18200 1364
18299 1120
18300 1100
18399 1657
18400 1701
18499 1936
18500 1973
18599 1930
18600 1982
18699 1634
18700 1595
18799 1947
18800 1977
18899 1811
18900 1759
18999 2543
19000 2463
19099 2083
19100 2025
19199 1867
19200 1945
19299 926
19300 909
19399 945
19400 948
19499 1088
19500 1089
19599 1240
19600 1275
19699 872
19700 898
19799 1022
19800 1031
19899 1215
19900 1264
19999 1467
20000 1479
20099 1856
20100 1795
20199 1129
20200 1113
20299 987
20300 993
20399 1131
20400 1154
20499 1022
20500 1015
20599 988
20600 1001
20699 1540
20700 1511
20799 1410
20800 1474
20899 1924
20900 2002
20999 2089
21000 2164
21099 2434
21100 2400
21199 3209
21200 3158
21299 3252
21300 3370
21399 3554
21400 3576
21499 3044
21500 3042
21599 3243
21600 3263
21699 3331
21700 3384
21799 3494
21800 3450
21899 2667
21900 2651
21999 3601
22000 3586
22099 3714
22100 3698
22199 4518
22200 4563
22299 3799
22300 3878
22399 3587
22400 3613
22499 3150
22500 3131
22599 2989
22600 3094
22699 3012
22700 3080
22799 2944
22800 2919
22899 2480
22900 2476
22999 2551
23000 2524
23099 2344
23100 2293
23199 2581
23200 2459
23299 1813
23300 1837
23399 1282
23400 1270
23499 890
23500 835
23599 874
23600 839
23699 635
23700 631
23799 822
23800 823
23899 543
23900 525
23999 377
24000 417
24099 635
24100 625
24199 940
24200 937
24299 935
24300 891
24399 951
24400 925
24499 780
24500 804
24599 440
24600 421
24699 132
24700 135
24799 300
24800 293
24899 238
24900 243
24999 129
25000 129
25099 255
25100 245
25199 665
25200 664
25299 450
25300 438
25399 248
25400 257
25499 367
25500 377
25599 204
25600 206
25699 278
25700 260
25799 54
25800 53
25899 93
25900 95
25999 203
26000 197
26099 56
26100 51
26199 82
26200 89
26299 264
26300 247
26399 39
26400 40
26499 10
26500 7
26599 4
26600 8
26699 25
26700 23
26799 5
26800 4
26899 0
26900 0
26999 0
27000 0
27099 26
27100 35
27199 24
27200 24
27299 19
27300 32
27399 28
27400 29
27499 163
27500 192
27599 219
27600 204
27699 101
27700 96
27799 3
27800 6
27899 23
27900 25
27999 201
28000 202
28099 411
28100 391
28199 507
28200 484
28299 350
28300 335
28399 1103
28400 1128
28499 1367
28500 1332
28599 1265
28600 1192
28699 940
28700 928
28799 1002
28800 992
28899 1029
28900 1019
28999 547
29000 535
29099 408
29100 412
29199 470
29200 498
29299 781
29300 808
29399 990
29400 1048
29499 1226
29500 1249
29599 1309
29600 1304
29699 1221
29700 1259
29799 1405
29800 1342
29899 1348
29900 1379
29999 1109
30000 1073
30099 1078
30100 1068
30199 1265
30200 1280
30299 1269
30300 1221
30399 811
30400 857
30499 642
30500 624
30599 841
30600 808
30699 924
30700 867
30799 785
30800 812
30899 1093
30900 1087
30999 1573
31000 1496
31099 1985
31100 1968
31199 1920
31200 1904
31299 2439
31300 2514
31399 2539
31400 2569
31499 2762
31500 2799
31599 2440
31600 2461
31699 2309
31700 2362
31799 2102
31800 2027
31899 1662
31900 1677
31999 1867
32000 1922
32099 1707
32100 1683
32199 1987
32200 2025
32299 2639
32300 2663
32399 2540
32400 2557
32499 2603
32500 2637
32599 3016
32600 2980
32699 2741
32700 2743
32799 2472
32800 2421
32899 3110
32900 3109
32999 3626
33000 3719
33099 4196
33100 4243
33199 3322
33200 3347
33299 3805
33300 3733
33399 3794
33400 3823
33499 3504
33500 3556
33599 2470
33600 2409
33699 2354
33700 2402
33799 2631
33800 2675
33899 3087
33900 3124
33999 3320
34000 3365
34099 2287
34100 2231
34199 2534
34200 2502
34299 2205
34300 2141
34399 2751
34400 2754
34499 3088
34500 3087
34599 2947
34600 3015
34699 2499
34700 2518
34799 2988
34800 2978
34899 2481
34900 2482
34999 2529
35000 2559
35099 2086
35100 2049
35199 2311
35200 2302
35299 1336
35300 1337
35399 1440
35400 1403
35499 1297
35500 1299
35599 1086
35600 1091
35699 906
35700 888
35799 1364
35800 1333
35899 1270
35900 1261
35999 1135
36000 1071
36099 1478
36100 1480
36199 1663
36200 1691
36299 1186
36300 1146
36399 974
36400 919
36499 699
36500 739
36599 750
36600 768
36699 533
36700 563
36799 632
36800 628
36899 638
36900 636
36999 336
37000 328
37099 292
37100 284
37199 286
37200 292
37299 39
37300 38
37399 26
37400 32
37499 58
37500 57
37599 107
37600 112
37699 36
37700 37
37799 14
37800 13
37899 126
37900 124
37999 481
38000 445
38099 390
38100 391
38199 199
38200 197
38299 192
38300 192
38399 203
38400 215
38499 157
38500 127
38599 231
38600 251
38699 162
38700 174
38799 424
38800 443
38899 898
38900 950
38999 1093
39000 1103
39099 647
39100 624
39199 480
39200 504
39299 610
39300 596
39399 639
39400 636
39499 665
39500 644
39599 603
39600 620
39699 554
39700 550
39799 1101
39800 1066
39899 547
39900 514
39999 334
40000 317
40099 96
40100 83
40199 34
40200 37
40299 136
40300 115
40399 137
40400 126
40499 15
40500 17
40599 3
40600 4
40699 73
40700 69
40799 36
40800 38
40899 69
40900 69
40999 12
41000 14
41099 25
41100 23
41199 0
41200 0
41299 3
41300 2
41399 32
41400 27
41499 0
41500 0
41599 0
41600 0
41699 23
41700 23
41799 11
41800 19
41899 73
41900 72
41999 62
42000 45
42099 13
42100 12
42199 2
42200 2
42299 2
42300 2
42399 55
42400 55
42499 215
42500 212
42599 366
42600 317
42699 385
42700 396
42799 1086
42800 1075
42899 1128
42900 1058
42999 880
43000 851
43099 857
43100 877
43199 1233
43200 1256
43299 1403
43300 1430
43399 1870
43400 1910
43499 1700
43500 1680
43599 1432
43600 1525
43699 1725
43700 1677
43799 1832
43800 1879
43899 1670
43900 1598
43999 1382
44000 1391
44099 1305
44100 1257
44199 988
44200 952
44299 1035
44300 1006
44399 1180
44400 1145
44499 1312
44500 1290
44599 1178
44600 1174
44699 1193
44700 1190
44799 1749
44800 1738
44899 1540
44900 1460
44999 1195
45000 1219
45099 1233
45100 1199
45199 1444
45200 1464
45299 1404
45300 1396
45399 1629
45400 1608
45499 1679
45500 1645
45599 1143
45600 1148
45699 640
45700 605
45799 709
45800 701
45899 963
45900 952
45999 1112
46000 1077
46099 820
46100 794
46199 1005
46200 1066
46299 821
46300 830
46399 708
46400 664
46499 594
46500 597
46599 674
46600 655
46699 633
46700 581
46799 386
46800 378
46899 140
46900 147
46999 128
47000 127
47099 272
47100 278
47199 400
47200 400
47299 517
47300 500
47399 535
47400 496
47499 676
47500 656
47599 402
47600 402
47699 266
47700 256
47799 390
47800 364
47899 312
47900 311
47999 241
48000 242
48099 365
48100 345
48199 742
48200 718
48299 791
48300 802
48399 1123
48400 1090
48499 1074
48500 1093
48599 1808
48600 1833
48699 2289
48700 2235
48799 2668
48800 2709
48899 2369
48900 2353
48999 2306
49000 2356
49099 2798
49100 2858
49199 3012
49200 2971
49299 2915
49300 2900
49399 3253
49400 3203
49499 3805
49500 3766
49599 3473
49600 3461
49699 3609
49700 3595
49799 3906
49800 3942
49899 4851
49900 4824
49999 5415
50000 5475
50099 4820
50100 4887
50199 4773
50200 4763
50299 5293
50300 5331
50399 5709
50400 5753
50499 5459
50500 5425
50599 4970
50600 5039
50699 6298
50700 6202
50799 7092
50800 7098
50899 6486
50900 6442
50999 6818
51000 6675
51099 6437
51100 6538
51199 7294
51200 7371
51299 7130
51300 7270
51399 7549
51400 7537
51499 8245
51500 8261
51599 6893
51600 6759
51699 6223
51700 6099
51799 6275
51800 6299
51899 5514
51900 5456
51999 5219
52000 5259
52099 4719
52100 4702
52199 5368
52200 5300
52299 6882
52300 6745
52399 7001
52400 7049
52499 7033
52500 7041
52599 7025
52600 6954
52699 8661
52700 8677
52799 8974
52800 8938
52899 9225
52900 9198
52999 519
53000 447
53099 972
53100 1069
53199 1095
53200 1029
53299 451
53300 515
53399 730
53400 700
53499 900
53500 935
53599 2145
53600 1993
53699 2120
53700 2143
53799 2785
53800 2673
53899 2184
53900 2219
53999 935
54000 1111
54099 1010
54100 1087
54199 1842
54200 1788
54299 1899
54300 2027
54399 2374
54400 2387
54499 2261
54500 2320
54599 2910
54600 2833
54699 2904
54700 2879
54799 4113
54800 4101
54899 3141
54900 3152
54999 1317
55000 1271
55099 854
55100 835
55199 960
55200 996
55299 293
55300 282
55399 259
55400 337
55499 841
55500 773
55599 1571
55600 1593
55699 845
55700 917
55799 1159
55800 1046
55899 173
55900 214
55999 511
56000 589
56099 1085
56100 1185
56199 1167
56200 1135
56299 1239
56300 1091
56399 2018
56400 1885
56499 2024
56500 2054
56599 1928
56600 1979
56699 1724
56700 1687
56799 2084
56800 2042
56899 1971
56900 2057
56999 1473
57000 1485
57099 1672
57100 1646
57199 1453
57200 1513
57299 1304
57300 1306
57399 2207
57400 2255
57499 2013
57500 2014
57599 2274
57600 2251
57699 1715
57700 1799
57799 3193
57800 3186
57899 2667
57900 2655
57999 2669
58000 2687
58099 3126
58100 3166
58199 2090
58200 2119
58299 2259
58300 2211
58399 2617
58400 2605
58499 2770
58500 2846
58599 3117
58600 3100
58699 4505
58700 4521
58799 4611
58800 4663
58899 4541
58900 4618
58999 4222
59000 4299
59099 4159
59100 4188
59199 4575
59200 4562
59299 4404
59300 4528
59399 4621
59400 4512
59499 4741
59500 4725
59599 5453
59600 5460
59699 6472
59700 6526
59799 6846
59800 6917
59899 6859
59900 6870
59999 6068
60000 6063
60099 5397
60100 5454
60199 5498
60200 5539
60299 5129
60300 5152
60399 4053
60400 4105
60499 5232
60500 5228
60599 5695
60600 5789
60699 6670
60700 6710
60799 6967
60800 6940
60899 6675
60900 6676
60999 6720
61000 6714
61099 7127
61100 7057
61199 7467
61200 7504
61299 7555
61300 7544
61399 7259
61400 7219
61499 7335
61500 7329
61599 8005
61600 8063
61699 8640
61700 8640
61799 9157
61800 9101
61899 9784
61900 9795
61999 9929
62000 9907
62099 9972
62100 9960
62199 151
62200 90
62299 29
62300 68
62399 386
62400 333
62499 521
62500 522
62599 566
62600 580
62699 333
62700 384
62799 9963
62800 9976
62899 9544
62900 9530
62999 9309
63000 9342
63099 9324
63100 9312
63199 9689
63200 9698
63299 9386
63300 9362
63399 8662
63400 8729
63499 8633
63500 8654
63599 8671
63600 8681
63699 8665
63700 8621
63799 9127
63800 9097
63899 9041
63900 9047
63999 9155
64000 9169
64099 9484
64100 9441
64199 8959
64200 9011
64299 9481
64300 9489
64399 160
64400 172
64499 9958
64500 9961
64599 9769
64600 9759
64699 9957
64700 9943
64799 9964
64800 9961
64899 9954
64900 9952
64999 9962
65000 9962
65099 9760
65100 9763
65199 9939
65200 9952
65299 9748
65300 9725
65399 9859
65400 9871
65499 9837
65500 9849
65599 9814
65600 9811
65699 9862
65700 9852
65799 9793
65800 9796
65899 9815
65900 9841
65999 9715
66000 9688
66099 9448
66100 9469
66199 9582
66200 9577
66299 9997
66300 30
66399 9822
66400 9817
66499 47
66500 38
66599 163
66600 148
66699 71
66700 61
66799 25
66800 22
66899 6
66900 7
66999 0
67000 0
67099 15
67100 25
67199 42
67200 46
67299 34
67300 29
67399 66
67400 61
67499 25
67500 26
67599 66
67600 60
67699 241
67700 243
67799 57
67800 65
67899 37
67900 39
67999 4
68000 2
68099 3
68100 6
68199 17
68200 16
68299 39
68300 42
68399 10
68400 5
68499 32
68500 23
68599 0
68600 0
68699 1
68700 2
68799 0
68800 0
68899 8
68900 7
68999 60
69000 61
69099 216
69100 203
69199 491
69200 526
69299 528
69300 499
69399 509
69400 497
69499 891
69500 912
69599 1219
69600 1273
69699 1684
69700 1683
69799 1340
69800 1334
69899 1461
69900 1450
69999 1897
70000 1878
70099 2287
70100 2294
70199 1930
70200 2021
70299 1848
70300 1888
70399 1459
70400 1451
70499 1927
70500 1928
70599 1894
70600 1904
70699 1598
70700 1594
70799 1543
70800 1520
70899 1132
70900 1118
70999 1455
71000 1418
71099 1285
71100 1357
71199 845
71200 844
71299 608
71300 609
71399 491
71400 496
71499 650
71500 637
71599 341
71600 331
71699 82
71700 76
71799 18
71800 14
71899 9
71900 7
71999 76
72000 74
72099 157
72100 159
72199 410
72200 407
72299 515
72300 536
72399 832
72400 819
72499 349
72500 352
72599 1013
72600 1033
72699 825
72700 824
72799 1207
72800 1233
72899 958
72900 983
72999 848
73000 868
73099 1410
73100 1461
73199 1468
73200 1500
73299 916
73300 922
73399 470
73400 436
73499 871
73500 866
73599 698
73600 675
73699 273
73700 246
73799 284
73800 288
73899 273
73900 275
73999 69
74000 63
74099 68
74100 67
74199 62
74200 55
74299 67
74300 61
74399 94
74400 87
74499 112
74500 105
74599 90
74600 87
74699 211
74700 197
74799 288
74800 308
74899 166
74900 173
74999 30
75000 28
75099 361
75100 376
75199 291
75200 296
75299 412
75300 409
75399 249
75400 250
75499 225
75500 192
75599 324
75600 358
75699 204
75700 186
75799 286
75800 292
75899 467
75900 457
75999 364
76000 421
76099 459
76100 478
76199 330
76200 364
76299 634
76300 600
76399 712
76400 717
76499 379
76500 379
76599 239
76600 234
76699 209
76700 197
76799 168
76800 165
76899 99
76900 98
76999 1
77000 1
77099 3
77100 2
77199 8
77200 7
77299 63
77300 60
77399 43
77400 51
77499 163
77500 166
77599 270
77600 243
77699 256
77700 246
77799 613
77800 637
77899 752
77900 696
77999 870
78000 914
78099 832
78100 838
78199 482
78200 454
78299 637
78300 631
78399 431
78400 452
78499 423
78500 372
78599 345
78600 347
78699 315
78700 317
78799 726
78800 719
78899 295
78900 283
78999 263
79000 276
79099 241
79100 223
79199 108
79200 119
79299 803
79300 850
79399 662
79400 691
79499 422
79500 454
79599 365
79600 347
79699 244
79700 257
79799 109
79800 131
79899 1
79900 2
79999 0
80000 0
80099 0
80100 0
80199 0
80200 1
80299 64
80300 59
80399 122
80400 112
80499 128
80500 132
80599 200
80600 217
80699 244
80700 215
80799 196
80800 202
80899 219
80900 199
80999 158
81000 167
81099 206
81100 211
81199 183
81200 201
81299 105
81300 81
81399 54
81400 32
81499 43
81500 22
81599 1
81600 1
81699 13
81700 17
81799 18
81800 15
81899 232
81900 218
81999 374
82000 373
82099 381
82100 405
82199 432
82200 420
82299 452
82300 474
82399 450
82400 458
82499 289
82500 306
82599 504
82600 547
82699 749
82700 824
82799 897
82800 938
82899 928
82900 1003
82999 851
83000 856
83099 1013
83100 1034
83199 652
83200 635
83299 703
83300 703
83399 777
83400 740
83499 680
83500 701
83599 415
83600 412
83699 393
83700 401
83799 222
83800 205
83899 128
83900 137
83999 126
84000 123
84099 30
84100 30
84199 147
84200 160
84299 229
84300 242
84399 217
84400 205
84499 378
84500 377
84599 543
84600 576
84699 586
84700 583
84799 1131
84800 1099
84899 1178
84900 1228
84999 1996
85000 1972
85099 1850
85100 1871
85199 1410
85200 1406
85299 1644
85300 1634
85399 1541
85400 1451
85499 1386
85500 1418
85599 1581
85600 1597
85699 1378
85700 1321
85799 901
85800 878
85899 1003
85900 1032
85999 1060
86000 1036
86099 1552
86100 1551
86199 1500
86200 1494
86299 1254
86300 1265
86399 1289
86400 1275
86499 1618
86500 1671
86599 1687
86600 1575
86699 2237
86700 2262
86799 2877
86800 2777
86899 3212
86900 3100
86999 2472
87000 2518
87099 2318
87100 2401
87199 2733
87200 2746
87299 2924
87300 2883
87399 2736
87400 2672
87499 2687
87500 2726
87599 2313
87600 2309
87699 2819
87700 2761
87799 2079
87800 2087
87899 2665
87900 2664
87999 3798
88000 3791
88099 3760
88100 3721
88199 2829
88200 2849
88299 2299
88300 2341
88399 2808
88400 2787
88499 2417
88500 2421
88599 2469
88600 2469
88699 2326
88700 2340
88799 3081
88800 3158
88899 2761
88900 2704
88999 2315
89000 2312
89099 1968
89100 1959
89199 2228
89200 2249
89299 2185
89300 2217
89399 1651
89400 1654
89499 1495
89500 1472
89599 1761
89600 1755
89699 1604
89700 1638
89799 1779
89800 1766
89899 2322
89900 2336
89999 2379
90000 2396
90099 2600
90100 2586
90199 2731
90200 2665
90299 2515
90300 2489
90399 2266
90400 2357
90499 1971
90500 1949
90599 2254
90600 2318
90699 1995
90700 1974
90799 2645
90800 2651
90899 2811
90900 2792
90999 2471
91000 2397
91099 2570
91100 2587
91199 3410
91200 3447
91299 3239
91300 3344
91399 3113
91400 3119
91499 3136
91500 3180
91599 2932
91600 2933
91699 2600
91700 2562
91799 2166
91800 2135
91899 2393
91900 2380
91999 2804
92000 2734
92099 3224
92100 3289
92199 3725
92200 3757
92299 3108
92300 3100
92399 2648
92400 2627
92499 2450
92500 2476
92599 2711
92600 2647
92699 2740
92700 2668
92799 2193
92800 2198
92899 2398
92900 2462
92999 2708
93000 2702
93099 2888
93100 2871
93199 2593
93200 2538
93299 2799
93300 2834
93399 3061
93400 3054
93499 3016
93500 2985
93599 3058
93600 3015
93699 3492
93700 3579
93799 3119
93800 3072
93899 3291
93900 3393
93999 2313
94000 2315
94099 2272
94100 2231
94199 2547
94200 2557
94299 1979
94300 1939
94399 2377
94400 2429
94499 2698
94500 2716
94599 1714
94600 1695
94699 1696
94700 1757
94799 1849
94800 1788
94899 1775
94900 1772
94999 1533
95000 1510
95099 2258
95100 2218
95199 1797
95200 1797
95299 1256
95300 1340
95399 1658
95400 1654
95499 2243
95500 2190
95599 2436
95600 2450
95699 2339
95700 2385
95799 2754
95800 2707
95899 2282
95900 2239
95999 1787
96000 1818
96099 1100
96100 1095
96199 992
96200 934
96299 795
96300 803
96399 1008
96400 1026
96499 533
96500 545
96599 798
96600 787
96699 487
96700 484
96799 103
96800 91
96899 34
96900 31
96999 82
97000 99
97099 5
97100 3
97199 11
97200 22
97299 0
97300 0
97399 18
97400 21
97499 1
97500 1
97599 30
97600 40
97699 52
97700 49
97799 50
97800 47
97899 149
97900 169
97999 99
98000 89
98099 121
98100 119
98199 22
98200 15
98299 2
98300 4
98399 18
98400 18
98499 11
98500 12
98599 62
98600 67
98699 41
98700 37
98799 93
98800 91
98899 16
98900 16
98999 0
99000 0
99099 16
99100 9
99199 1
99200 2
99299 52
99300 59
99399 108
99400 109
99499 103
99500 110
99599 41
99600 43
99699 23
99700 33
99799 31
99800 37
99899 10
99900 8
99999 5
100000 8
