99 8
100 11
199 193
200 207
299 280
300 289
399 170
400 185
499 2
500 0
599 1
600 0
699 3
700 2
799 137
800 137
899 258
900 280
999 329
1000 309
1099 214
1100 243
1199 236
1200 220
1299 237
1300 229
1399 234
1400 235
1499 310
1500 288
1599 569
1600 587
1699 270
1700 279
1799 186
1800 184
1899 330
1900 292
1999 293
2000 305
2099 407
2100 430
2199 225
2200 247
2299 401
2300 412
2399 437
2400 426
2499 212
2500 194
2599 86
2600 83
2699 55
2700 55
2799 87
2800 92
2899 126
2900 137
2999 150
3000 146
3099 142
3100 155
3199 168
3200 178
3299 40
3300 36
3399 0
3400 1
3499 14
3500 18
3599 71
3600 72
3699 62
3700 62
3799 56
3800 68
3899 1
3900 0
3999 0
4000 0
4099 0
4100 0
4199 15
4200 16
4299 21
4300 10
4399 94
4400 89
4499 90
4500 118
4599 328
4600 325
4699 493
4700 504
4799 800
4800 864
4899 990
4900 1020
4999 955
5000 977
5099 691
5100 708
5199 981
5200 981
5299 1169
5300 1217
5399 834
5400 829
5499 901
5500 914
5599 587
5600 580
5699 633
5700 631
5799 1075
5800 1088
5899 1446
5900 1523
5999 1365
6000 1361
6099 1574
6100 1578
6199 1957
6200 1904
6299 2256
6300 2202
6399 2506
6400 2539
6499 1899
6500 1900
6599 2313
6600 2322
6699 3003
6700 3024
6799 2424
6800 2316
6899 2218
6900 2267
6999 2300
7000 2305
7099 2311
7100 2293
7199 1949
7200 1955
7299 2313
7300 2391
7399 2350
7400 2339
7499 2540
7500 2469
7599 2281
7600 2348
7699 2702
7700 2711
7799 3145
7800 3136
7899 2923
7900 2904
7999 3499
8000 3519
8099 4067
8100 4045
8199 4071
8200 4018
8299 3196
8300 3199
8399 3504
8400 3508
8499 3007
8500 3124
8599 3839
8600 3843
8699 3079
8700 3147
8799 2550
8800 2506
8899 2922
8900 2914
8999 3463
9000 3407
9099 3145
9100 3156
9199 2548
9200 2506
9299 2480
9300 2453
9399 1803
9400 1786
9499 1608
9500 1670
9599 1277
9600 1269
9699 1300
9700 1331
9799 1387
9800 1403
9899 1359
9900 1362
9999 987
10000 958
10099 965
10100 963
10199 855
10200 860
10299 845
10300 827
10399 681
10400 680
10499 923
10500 932
10599 427
10600 435
10699 349
10700 342
10799 157
10800 152
10899 90
10900 98
10999 3
11000 7
11099 0
11100 0
11199 0
11200 0
11299 26
11300 27
11399 44
11400 37
11499 32
11500 29
11599 14
11600 13
11699 60
11700 57
11799 20
11800 16
11899 11
11900 12
11999 0
12000 1
12099 20
12100 18
12199 50
12200 58
12299 39
12300 47
12399 10
12400 12
12499 31
12500 28
12599 11
12600 12
12699 1
12700 0
12799 0
12800 0
12899 1
12900 0
12999 17
13000 15
13099 61
13100 81
13199 51
13200 48
13299 0
13300 0
13399 8
13400 13
13499 180
13500 175
13599 369
13600 360
13699 204
13700 215
13799 586
13800 660
13899 809
13900 782
13999 1074
14000 1021
14099 733
14100 750
14199 1147
14200 1108
14299 1427
14300 1427
14399 2260
14400 2245
14499 2328
14500 2367
14599 2970
14600 3031
14699 2404
14700 2414
14799 2137
14800 2126
14899 2131
14900 2103
14999 2759
15000 2742
15099 2608
15100 2571
15199 2905
15200 2918
15299 2652
15300 2697
15399 2318
15400 2336
15499 2515
15500 2518
15599 2640
15600 2572
15699 2282
15700 2239
15799 1449
15800 1427
15899 995
15900 1021
15999 1044
16000 1041
16099 1078
16100 1064
16199 951
16200 959
16299 1979
16300 1970
16399 2110
16400 2119
16499 2127
16500 2148
16599 1987
16600 1999
16699 2224
16700 2221
16799 1914
16800 1836
16899 1886
16900 1869
16999 1928
17000 1882
17099 2172
17100 2157
17199 1741
17200 1780
17299 1303
17300 1297
17399 1175
17400 1229
17499 1324
17500 1262
17599 2010
17600 1944
17699 1805
17700 1860
17799 2360
17800 2364
17899 3253
17900 3178
17999 4086
18000 4153
18099 3376
18100 3359
18199 3099
18200 3085
18299 3564
18300 3575
18399 2897
18400 2966
18499 3024
18500 3005
18599 2741
18600 2739
18699 2940
18700 2850
18799 3521
18800 3549
18899 3136
18900 3099
18999 2275
19000 2306
19099 2082
19100 2098
19199 1620
19200 1630
19299 2044
19300 1964
19399 2066
19400 2080
19499 2807
19500 2788
19599 1697
19600 1771
19699 2101
19700 2100
19799 2488
19800 2455
19899 2486
19900 2481
19999 2593
20000 2537
20099 2823
20100 2839
20199 2971
20200 2862
20299 3713
20300 3726
20399 3094
20400 3067
20499 2494
20500 2534
20599 3311
20600 3303
20699 2622
20700 2565
20799 1886
20800 1885
20899 2853
20900 2835
20999 3612
21000 3661
21099 2555
21100 2572
21199 2467
21200 2529
21299 2348
21300 2401
21399 2055
21400 2138
21499 3513
21500 3496
21599 5003
21600 5080
21699 6434
21700 6391
21799 7293
21800 7294
21899 6721
21900 6817
21999 4466
22000 4514
22099 5018
22100 4989
22199 4539
22200 4448
22299 5044
22300 4918
22399 6009
22400 5890
22499 5886
22500 5726
22599 6109
22600 5989
22699 6165
22700 6388
22799 8116
22800 8118
22899 8215
22900 8349
22999 8867
23000 8930
23099 586
23100 415
23199 539
23200 507
23299 1133
23300 1031
23399 2414
23400 2488
23499 2541
23500 2678
23599 475
23600 182
23699 630
23700 518
23799 1679
23800 1722
23899 1635
23900 1634
23999 1783
24000 1744
24099 1892
24100 1829
24199 1300
24200 1246
24299 2745
24300 2559
24399 1315
24400 1281
24499 312
24500 284
24599 3327
24600 3279
24699 4188
24700 4399
24799 2822
24800 2836
24899 4862
24900 4704
24999 5066
25000 5250
25099 4940
25100 4945
25199 4939
25200 4749
25299 4510
25300 4601
25399 4795
25400 4908
25499 5153
25500 5250
25599 4816
25600 4756
25699 5306
25700 5528
25799 6025
25800 6035
25899 6839
25900 6790
25999 7131
26000 7327
26099 8222
26100 8136
26199 9974
26200 218
26299 1572
26300 1465
26399 9342
26400 9370
26499 1608
26500 1707
26599 2916
26600 2980
26699 1170
26700 1141
26799 1915
26800 2020
26899 215
26900 189
26999 1171
27000 1191
27099 428
27100 530
27199 267
27200 264
27299 9178
27300 9119
27399 9395
27400 9494
27499 9838
27500 9912
27599 7929
27600 7932
27699 7917
27700 8091
27799 6982
27800 6950
27899 7986
27900 7912
27999 7703
28000 7754
28099 6378
28100 6252
28199 5846
28200 6077
28299 5383
28300 5396
28399 3888
28400 3789
28499 2510
28500 2422
28599 2936
28600 2928
28699 2692
28700 2686
28799 2096
28800 2167
28899 44
28900 9820
28999 959
29000 854
29099 2212
29100 2160
29199 2532
29200 2547
29299 2592
29300 2705
29399 549
29400 575
29499 1515
29500 1481
29599 384
29600 442
29699 9013
29700 9181
29799 14
29800 85
29899 9146
29900 9249
29999 683
30000 751
30099 9667
30100 9815
30199 277
30200 314
30299 1919
30300 1843
30399 1917
30400 1737
30499 987
30500 863
30599 1374
30600 1307
30699 2227
30700 2161
30799 3550
30800 3492
30899 4522
30900 4617
30999 2940
31000 3011
31099 3999
31100 3928
31199 3039
31200 3107
31299 2199
31300 2220
31399 2159
31400 2042
31499 2196
31500 2181
31599 4361
31600 4376
31699 4809
31700 4631
31799 3914
31800 3833
31899 3200
31900 3207
31999 3915
32000 3886
32099 3604
32100 3630
32199 2526
32200 2394
32299 2985
32300 2970
32399 2956
32400 2901
32499 2167
32500 2140
32599 1194
32600 1219
32699 1114
32700 1133
32799 1794
32800 1885
32899 1550
32900 1619
32999 1937
33000 1974
33099 1988
33100 2025
33199 2497
33200 2449
33299 3526
33300 3523
33399 4027
33400 3986
33499 4374
33500 4424
33599 3595
33600 3643
33699 3955
33700 4003
33799 3759
33800 3763
33899 3655
33900 3570
33999 3928
34000 3845
34099 3286
34100 3291
34199 3519
34200 3548
34299 3629
34300 3674
34399 3463
34400 3534
34499 4052
34500 4041
34599 4008
34600 4033
34699 3812
34700 3771
34799 4162
34800 4235
34899 4002
34900 3927
34999 3746
35000 3861
35099 4493
35100 4622
35199 5276
35200 5286
35299 6377
35300 6366
35399 6354
35400 6342
35499 6047
35500 6018
35599 5276
35600 5252
35699 4752
35700 4852
35799 5233
35800 5255
35899 5329
35900 5334
35999 4431
36000 4409
36099 5350
36100 5347
36199 5995
36200 5983
36299 5733
36300 5830
36399 5786
36400 5699
36499 5418
36500 5516
36599 6187
36600 6135
36699 6147
36700 6184
36799 5671
36800 5659
36899 6267
36900 6273
36999 6768
37000 6848
37099 7459
37100 7319
37199 7033
37200 7055
37299 6623
37300 6711
37399 5806
37400 5929
37499 6475
37500 6491
37599 5347
37600 5339
37699 6207
37700 6299
37799 6047
37800 6047
37899 6605
37900 6613
37999 6787
38000 6849
38099 6425
38100 6447
38199 6839
38200 6859
38299 6350
38300 6389
38399 7822
38400 7802
38499 8165
38500 8221
38599 8348
38600 8280
38699 7660
38700 7711
38799 7813
38800 7876
38899 7486
38900 7508
38999 8180
39000 8180
39099 8131
39100 8186
39199 7168
39200 7134
39299 6852
39300 6894
39399 5895
39400 5990
39499 5596
39500 5558
39599 5718
39600 5689
39699 6096
39700 6125
39799 5833
39800 5823
39899 5984
39900 5926
39999 7250
40000 7400
40099 7446
40100 7486
40199 6826
40200 6860
40299 6957
40300 6875
40399 5965
40400 6002
40499 5636
40500 5683
40599 5773
40600 5810
40699 6713
40700 6708
40799 7067
40800 7091
40899 6859
40900 6844
40999 7234
41000 7179
41099 7279
41100 7348
41199 8200
41200 8212
41299 7701
41300 7675
41399 7632
41400 7679
41499 8043
41500 8103
41599 7599
41600 7622
41699 6414
41700 6428
41799 6353
41800 6315
41899 6673
41900 6723
41999 7091
42000 7168
42099 7488
42100 7475
42199 8405
42200 8433
42299 8094
42300 8113
42399 7106
42400 7018
42499 6822
42500 6864
42599 7384
42600 7362
42699 7456
42700 7562
42799 6921
42800 6889
42899 6790
42900 6786
42999 6894
43000 6883
43099 6963
43100 6941
43199 7018
43200 7030
43299 6875
43300 6916
43399 7692
43400 7595
43499 7786
43500 7764
43599 7402
43600 7352
43699 6986
43700 7033
43799 7063
43800 6980
43899 6922
43900 7022
43999 7033
44000 7042
44099 7173
44100 7133
44199 6815
44200 6835
44299 6324
44300 6299
44399 5630
44400 5688
44499 5549
44500 5520
44599 4334
44600 4332
44699 4284
44700 4195
44799 3787
44800 3816
44899 4457
44900 4511
44999 4556
45000 4486
45099 5813
45100 5748
45199 5360
45200 5329
45299 5024
45300 5054
45399 4691
45400 4610
45499 4998
45500 5063
45599 5757
45600 5832
45699 5489
45700 5343
45799 5292
45800 5247
45899 5149
45900 5102
45999 5273
46000 5270
46099 5347
46100 5380
46199 5274
46200 5282
46299 4422
46300 4492
46399 3931
46400 3928
46499 4074
46500 4121
46599 4331
46600 4197
46699 5187
46700 5306
46799 4985
46800 5088
46899 5111
46900 5004
46999 5486
47000 5497
47099 5932
47100 5846
47199 5022
47200 4997
47299 5379
47300 5314
47399 5548
47400 5602
47499 6368
47500 6368
47599 6291
47600 6232
47699 6165
47700 6086
47799 5758
47800 5759
47899 5416
47900 5347
47999 5852
48000 5823
48099 5722
48100 5736
48199 5764
48200 5796
48299 6039
48300 6019
48399 5698
48400 5746
48499 6984
48500 6929
48599 7546
48600 7408
48699 7541
48700 7549
48799 7934
48800 7947
48899 7757
48900 7792
48999 8059
49000 8060
49099 7848
49100 7983
49199 8627
49200 8655
49299 8855
49300 8858
49399 8580
49400 8642
49499 7936
49500 7906
49599 7751
49600 7724
49699 7024
49700 7125
49799 8404
49800 8329
49899 7694
49900 7508
49999 6790
50000 6869
50099 7279
50100 7288
50199 6796
50200 6746
50299 5002
50300 5024
50399 4891
50400 4861
50499 5932
50500 6075
50599 5518
50600 5512
50699 5176
50700 5114
50799 6573
50800 6607
50899 7750
50900 7704
50999 7907
51000 7979
51099 7304
51100 7418
51199 6906
51200 6882
51299 4839
51300 4912
51399 5239
51400 5159
51499 3128
51500 3224
51599 3702
51600 3764
51699 3351
51700 3292
51799 3198
51800 3170
51899 3662
51900 3693
51999 4161
52000 4378
52099 2960
52100 2886
52199 3600
52200 3531
52299 3401
52300 3244
52399 3927
52400 3778
52499 5749
52500 5902
52599 6701
52600 6758
52699 5664
52700 5778
52799 6912
52800 6814
52899 5458
52900 5387
52999 5773
53000 5757
53099 6922
53100 6863
53199 8111
53200 8204
53299 8015
53300 8094
53399 8803
53400 8849
53499 367
53500 406
53599 9598
53600 9822
53699 528
53700 494
53799 405
53800 244
53899 249
53900 112
53999 9730
54000 9653
54099 8316
54100 8286
54199 7870
54200 7746
54299 8545
54300 8637
54399 8938
54400 8990
54499 9581
54500 9713
54599 9794
54600 9705
54699 421
54700 426
54799 9585
54800 9636
54899 9973
54900 9979
54999 1370
55000 1189
55099 488
55100 508
55199 9161
55200 9268
55299 8879
55300 8837
55399 8832
55400 8779
55499 7901
55500 8060
55599 7729
55600 7705
55699 6917
55700 6865
55799 7174
55800 7116
55899 8696
55900 8782
55999 1515
56000 1525
56099 901
56100 824
56199 506
56200 362
56299 149
56300 87
56399 2176
56400 2062
56499 2821
56500 2778
56599 3976
56600 4051
56699 3096
56700 3030
56799 3214
56800 3177
56899 4095
56900 4001
56999 3728
57000 3655
57099 3742
57100 3790
57199 4053
57200 4170
57299 4065
57300 4077
57399 3441
57400 3418
57499 2542
57500 2458
57599 1867
57600 1924
57699 1834
57700 1748
57799 1689
57800 1662
57899 2364
57900 2292
57999 3340
58000 3227
58099 3843
58100 3874
58199 4778
58200 4682
58299 4258
58300 4219
58399 4346
58400 4274
58499 4753
58500 4755
58599 4421
58600 4462
58699 4431
58700 4415
58799 5549
58800 5664
58899 5826
58900 5815
58999 5230
59000 5164
59099 6389
59100 6427
59199 6507
59200 6588
59299 7040
59300 7068
59399 6920
59400 7017
59499 6673
59500 6504
59599 6530
59600 6536
59699 6264
59700 6327
59799 6038
59800 6113
59899 5274
59900 5234
59999 4158
60000 4100
60099 2778
60100 2862
60199 1920
60200 2008
60299 2476
60300 2580
60399 1791
60400 1793
60499 2445
60500 2505
60599 2601
60600 2530
60699 1571
60700 1515
60799 2372
60800 2484
60899 2372
60900 2261
60999 9575
61000 9483
61099 808
61100 867
61199 9483
61200 9422
61299 60
61300 102
61399 9967
61400 9980
61499 147
61500 181
61599 9544
61600 9558
61699 179
61700 189
61799 63
61800 50
61899 9402
61900 9379
61999 8466
62000 8447
62099 9122
62100 9034
62199 9670
62200 9588
62299 9971
62300 9932
62399 9630
62400 9725
62499 9563
62500 9552
62599 9455
62600 9614
62699 9829
62700 9898
62799 225
62800 233
62899 9837
62900 9920
62999 1225
63000 1282
63099 1203
63100 1152
63199 1440
63200 1396
63299 1716
63300 1722
63399 2033
63400 1990
63499 1540
63500 1475
63599 264
63600 335
63699 9996
63700 9935
63799 9692
63800 9587
63899 445
63900 423
63999 554
64000 647
64099 1335
64100 1342
64199 1757
64200 1735
64299 851
64300 845
64399 123
64400 91
64499 9694
64500 9716
64599 128
64600 213
64699 9690
64700 9761
64799 47
64800 37
64899 314
64900 422
64999 1035
65000 965
65099 525
65100 451
65199 125
65200 88
65299 330
65300 350
65399 84
65400 61
65499 9428
65500 9409
65599 9731
65600 9668
65699 9962
65700 9976
65799 9141
65800 9021
65899 8775
65900 8767
65999 8960
66000 8965
66099 9068
66100 9055
66199 8131
66200 8123
66299 8478
66300 8498
66399 8716
66400 8687
66499 9153
66500 9176
66599 9990
66600 36
66699 325
66700 394
66799 343
66800 377
66899 303
66900 297
66999 751
67000 728
67099 964
67100 981
67199 1187
67200 1186
67299 1676
67300 1719
67399 1246
67400 1271
67499 1069
67500 1051
67599 1020
67600 1017
67699 927
67700 997
67799 893
67800 914
67899 793
67900 786
67999 464
68000 481
68099 390
68100 443
68199 167
68200 146
68299 220
68300 218
68399 512
68400 508
68499 160
68500 148
68599 289
68600 280
68699 243
68700 232
68799 21
68800 18
68899 0
68900 1
68999 0
69000 0
69099 7
69100 8
69199 1
69200 2
69299 0
69300 0
69399 11
69400 17
69499 2
69500 2
69599 19
69600 22
69699 41
69700 37
69799 78
69800 70
69899 263
69900 271
69999 385
70000 401
70099 465
70100 423
70199 379
70200 376
70299 369
70300 395
70399 245
70400 247
70499 552
70500 558
70599 522
70600 539
70699 523
70700 531
70799 876
70800 907
70899 916
70900 907
70999 1807
71000 1852
71099 2360
71100 2294
71199 1806
71200 1834
71299 1482
71300 1430
71399 1001
71400 1021
71499 1747
71500 1757
71599 2918
71600 2953
71699 3049
71700 3061
71799 3785
71800 3759
71899 3562
71900 3551
71999 2907
72000 2946
72099 2551
72100 2463
72199 2341
72200 2359
72299 2328
72300 2380
72399 2797
72400 2767
72499 2371
72500 2342
72599 3374
72600 3403
72699 3306
72700 3272
72799 2784
72800 2747
72899 2697
72900 2659
72999 3113
73000 3086
73099 3384
73100 3433
73199 2963
73200 2959
73299 2980
73300 2984
73399 2703
73400 2749
73499 3260
73500 3237
73599 3176
73600 3148
73699 3014
73700 2938
73799 3295
73800 3355
73899 3392
73900 3318
73999 3151
74000 2989
74099 3098
74100 2967
74199 3717
74200 3723
74299 5015
74300 4976
74399 4809
74400 4807
74499 4210
74500 4231
74599 4571
74600 4622
74699 5140
74700 5118
74799 5583
74800 5560
74899 5589
74900 5749
74999 5723
75000 5727
75099 6163
75100 6145
75199 6921
75200 6984
75299 6523
75300 6430
75399 5966
75400 5944
75499 4617
75500 4650
75599 4628
75600 4626
75699 4569
75700 4642
75799 3841
75800 3814
75899 4221
75900 4224
75999 4406
76000 4349
76099 4178
76100 4197
76199 4606
76200 4637
76299 4858
76300 4809
76399 4924
76400 4969
76499 4939
76500 4848
76599 5072
76600 5026
76699 5212
76700 5151
76799 5694
76800 5744
76899 5535
76900 5447
76999 4111
77000 4195
77099 4519
77100 4672
77199 5399
77200 5398
77299 5800
77300 5732
77399 6410
77400 6493
77499 6765
77500 6710
77599 7051
77600 7115
77699 7125
77700 7051
77799 7595
77800 7590
77899 7159
77900 7081
77999 7810
78000 7772
78099 8943
78100 9042
78199 9023
78200 9064
78299 57
78300 139
78399 9708
78400 9681
78499 8928
78500 8778
78599 8749
78600 8782
78699 8305
78700 8257
78799 7961
78800 8020
78899 7148
78900 7242
78999 8289
79000 8392
79099 6898
79100 6917
79199 6203
79200 6237
79299 5372
79300 5294
79399 5021
79400 5051
79499 4923
79500 5086
79599 4212
79600 4188
79699 4808
79700 4772
79799 4302
79800 4322
79899 4905
79900 4895
79999 4805
80000 4841
80099 4962
80100 4972
80199 5368
80200 5378
80299 4889
80300 4872
80399 5790
80400 5842
80499 6303
80500 6291
80599 7145
80600 7082
80699 8129
80700 8179
80799 8675
80800 8633
80899 7031
80900 7053
80999 8359
81000 8296
81099 8692
81100 8684
81199 8282
81200 8172
81299 8231
81300 8385
81399 8340
81400 8239
81499 7683
81500 7722
81599 7883
81600 7880
81699 7704
81700 7720
81799 7130
81800 7030
81899 7040
81900 7037
81999 7084
82000 7206
82099 7867
82100 7731
82199 7063
82200 7079
82299 7324
82300 7368
82399 6722
82400 6800
82499 7101
82500 7065
82599 8702
82600 8897
82699 8501
82700 8548
82799 8781
82800 8833
82899 9943
82900 9894
82999 9430
83000 9443
83099 9020
83100 8966
83199 9102
83200 9034
83299 8806
83300 8891
83399 7906
83400 7910
83499 7576
83500 7616
83599 8261
83600 8304
83699 7763
83700 7804
83799 7767
83800 7657
83899 6885
83900 7030
83999 6463
84000 6379
84099 6422
84100 6476
84199 6522
84200 6539
84299 7003
84300 6917
84399 6128
84400 6075
84499 5505
84500 5635
84599 5965
84600 5980
84699 5205
84700 5092
84799 4814
84800 4746
84899 4538
84900 4523
84999 4046
85000 4176
85099 3974
85100 3902
85199 4226
85200 4168
85299 4564
85300 4502
85399 5116
85400 5157
85499 4644
85500 4648
85599 4835
85600 4887
85699 4099
85700 4005
85799 4314
85800 4224
85899 4366
85900 4429
85999 4431
86000 4436
86099 4048
86100 4044
86199 4002
86200 3989
86299 4121
86300 4120
86399 5792
86400 5823
86499 5488
86500 5466
86599 5655
86600 5616
86699 6242
86700 6173
86799 5545
86800 5595
86899 6425
86900 6416
86999 6691
87000 6757
87099 6413
87100 6296
87199 5720
87200 5682
87299 5279
87300 5278
87399 5027
87400 4955
87499 4962
87500 4918
87599 5119
87600 5139
87699 6085
87700 6177
87799 6174
87800 6196
87899 6651
87900 6700
87999 6534
88000 6622
88099 6761
88100 6765
88199 7166
88200 7092
88299 6110
88300 6025
88399 6533
88400 6536
88499 5032
88500 4895
88599 4563
88600 4610
88699 4791
88700 4807
88799 4635
88800 4694
88899 4816
88900 4793
88999 4404
89000 4402
89099 3884
89100 3955
89199 4067
89200 4053
89299 4291
89300 4368
89399 4163
89400 4257
89499 3501
89500 3517
89599 4463
89600 4419
89699 4073
89700 4131
89799 3594
89800 3545
89899 3401
89900 3399
89999 2317
90000 2287
90099 2546
90100 2571
90199 2682
90200 2611
90299 2836
90300 2801
90399 2836
90400 2799
90499 3166
90500 3148
90599 3707
90600 3682
90699 3964
90700 3965
90799 4106
90800 4087
90899 4439
90900 4432
90999 5462
91000 5339
91099 5510
91100 5395
91199 5753
91200 5686
91299 7529
91300 7588
91399 7217
91400 7197
91499 6230
91500 6132
91599 6661
91600 6624
91699 6849
91700 6815
91799 7178
91800 7152
91899 7575
91900 7596
91999 7946
92000 8018
92099 7148
92100 7159
92199 6570
92200 6532
92299 7325
92300 7366
92399 6853
92400 6780
92499 7018
92500 6971
92599 5422
92600 5281
92699 4297
92700 4271
92799 3242
92800 3242
92899 2450
92900 2420
92999 2939
93000 2961
93099 3517
93100 3526
93199 4625
93200 4528
93299 3770
93300 3776
93399 3572
93400 3482
93499 5243
93500 5222
93599 5136
93600 5169
93699 5946
93700 5913
93799 6229
93800 6158
93899 6432
93900 6387
93999 5696
94000 5613
94099 5295
94100 5293
94199 4858
94200 4872
94299 4256
94300 4232
94399 3189
94400 3151
94499 2716
94500 2665
94599 2526
94600 2501
94699 2462
94700 2421
94799 2337
94800 2281
94899 2848
94900 2881
94999 3727
95000 3637
95099 4077
95100 4030
95199 3680
95200 3745
95299 2981
95300 3131
95399 2446
95400 2469
95499 1835
95500 1853
95599 2135
95600 2221
95699 3641
95700 3589
95799 3218
95800 3156
95899 2656
95900 2634
95999 2679
96000 2717
96099 2530
96100 2468
96199 2418
96200 2472
96299 2133
96300 2142
96399 1937
96400 1927
96499 2153
96500 2091
96599 3063
96600 3104
96699 3155
96700 3161
96799 3513
96800 3493
96899 3727
96900 3740
96999 3658
97000 3644
97099 2516
97100 2396
97199 2250
97200 2318
97299 1857
97300 1853
97399 1924
97400 1945
97499 2193
97500 2204
97599 1984
97600 1980
97699 2435
97700 2432
97799 1645
97800 1543
97899 1422
97900 1439
97999 1395
98000 1362
98099 1520
98100 1524
98199 2240
98200 2253
98299 2835
98300 2835
98399 2339
98400 2363
98499 2100
98500 2063
98599 1919
98600 1964
98699 1746
98700 1722
98799 2263
98800 2289
98899 2719
98900 2716
98999 2154
99000 2162
99099 2202
99100 2260
99199 1916
99200 1899
99299 1850
99300 1864
99399 1240
99400 1236
99499 1487
99500 1436
99599 1313
99600 1281
99699 2008
99700 1998
99799 1209
99800 1211
99899 1270
99900 1273
99999 899
100000 905
