1 3
2 9
3 12
4 12
5 6
6 6
7 10
8 18
9 21
10 25
11 26
12 28
13 31
14 35
15 41
16 36
17 38
18 40
19 34
20 39
21 38
22 49
23 48
24 44
25 42
26 43
27 37
28 39
29 36
30 35
31 35
32 38
33 38
34 51
35 47
36 53
37 39
38 31
39 25
40 28
41 30
42 26
43 28
44 21
45 22
46 26
47 32
48 41
49 39
50 45
51 38
52 37
53 38
54 33
55 37
56 42
57 41
58 47
59 57
60 59
61 57
62 43
63 42
64 51
65 55
66 50
67 66
68 63
69 66
70 76
71 73
72 79
73 88
74 88
75 96
76 81
77 66
78 72
79 70
80 65
81 59
82 62
83 68
84 78
85 84
86 84
87 85
88 75
89 71
90 74
91 69
92 74
93 66
94 69
95 77
96 69
97 68
98 66
99 50
100 44
