100 74
200 126
300 233
400 514
500 278
600 673
700 749
800 428
900 442
1000 609
1100 519
1200 714
1300 718
1400 816
1500 519
1600 550
1700 592
1800 429
1900 514
2000 291
2100 382
2200 204
2300 339
2400 431
2500 297
2600 304
2700 288
2800 401
2900 605
3000 338
3100 370
3200 375
3300 329
3400 386
3500 349
3600 532
3700 365
3800 478
3900 582
4000 546
4100 337
4200 378
4300 512
4400 663
4500 353
4600 362
4700 451
4800 433
4900 233
5000 267
5100 378
5200 336
5300 584
5400 489
5500 876
5600 697
5700 655
5800 448
5900 441
6000 670
6100 317
6200 347
6300 579
6400 475
6500 307
6600 268
6700 215
6800 329
6900 223
7000 328
7100 295
7200 355
7300 741
7400 509
7500 940
7600 580
7700 486
7800 467
7900 588
8000 592
8100 437
8200 357
8300 485
8400 602
8500 536
8600 297
8700 450
8800 403
8900 195
9000 150
9100 360
9200 368
9300 385
9400 567
9500 349
9600 542
9700 319
9800 223
9900 197
10000 408
10100 705
10200 727
10300 887
10400 653
10500 641
10600 338
10700 221
10800 317
10900 429
11000 139
11100 378
11200 502
11300 802
11400 693
11500 526
11600 521
11700 302
11800 253
11900 250
12000 346
12100 591
12200 485
12300 542
12400 408
12500 251
12600 193
12700 292
12800 244
12900 420
13000 631
13100 534
13200 248
13300 222
13400 612
13500 441
13600 619
13700 428
13800 217
13900 283
14000 401
14100 521
14200 519
14300 482
14400 335
14500 305
14600 360
14700 609
14800 496
14900 389
15000 604
15100 332
15200 397
15300 565
15400 717
15500 784
15600 668
15700 540
15800 394
15900 219
16000 148
16100 133
16200 359
16300 643
16400 474
16500 452
16600 345
16700 416
16800 441
16900 485
17000 558
17100 616
17200 355
17300 686
17400 789
17500 235
17600 233
17700 361
17800 304
17900 229
18000 323
18100 392
18200 751
18300 285
18400 551
18500 255
18600 241
18700 163
18800 235
18900 352
19000 673
19100 373
19200 246
19300 175
19400 301
19500 164
19600 240
19700 230
19800 215
19900 224
20000 217
20100 341
20200 530
20300 387
20400 221
20500 227
20600 191
20700 417
20800 263
20900 366
21000 340
21100 190
21200 348
21300 183
21400 457
21500 208
21600 471
21700 507
21800 283
21900 126
22000 312
22100 409
22200 408
22300 384
22400 295
22500 427
22600 445
22700 432
22800 612
22900 647
23000 821
23100 588
23200 480
23300 493
23400 624
23500 517
23600 413
23700 137
23800 242
23900 164
24000 352
24100 335
24200 211
24300 269
24400 218
24500 212
24600 249
24700 261
24800 359
24900 730
25000 553
25100 771
25200 459
25300 474
25400 542
25500 331
25600 219
25700 395
25800 569
25900 309
26000 455
26100 513
26200 429
26300 740
26400 405
26500 523
26600 574
26700 873
26800 425
26900 114
27000 258
27100 373
27200 470
27300 498
27400 911
27500 664
27600 769
27700 337
27800 402
27900 343
28000 439
28100 508
28200 567
28300 539
28400 375
28500 405
28600 152
28700 210
28800 203
28900 387
29000 413
29100 293
29200 555
29300 939
29400 988
29500 1200
29600 743
29700 937
29800 549
29900 452
30000 473
30100 536
30200 439
30300 774
30400 903
30500 1175
30600 658
30700 534
30800 788
30900 568
31000 317
31100 281
31200 65
31300 268
31400 255
31500 559
31600 547
31700 789
31800 331
31900 359
32000 374
32100 469
32200 827
32300 990
32400 881
32500 943
32600 651
32700 446
32800 204
32900 453
33000 179
33100 273
33200 334
33300 545
33400 736
33500 370
33600 382
33700 527
33800 545
33900 459
34000 623
34100 551
34200 519
34300 875
34400 720
34500 777
34600 689
34700 546
34800 522
34900 561
35000 628
35100 470
35200 435
35300 422
35400 692
35500 343
35600 429
35700 401
35800 309
35900 436
36000 247
36100 257
36200 298
36300 265
36400 341
36500 252
36600 227
36700 318
36800 358
36900 413
37000 1159
37100 533
37200 516
37300 320
37400 527
37500 571
37600 573
37700 478
37800 409
37900 619
38000 561
38100 704
38200 915
38300 353
38400 631
38500 594
38600 191
38700 240
38800 266
38900 476
39000 380
39100 379
39200 149
39300 189
39400 206
39500 296
39600 581
39700 848
39800 343
39900 212
40000 356
40100 376
40200 99
40300 234
40400 421
40500 742
40600 955
40700 663
40800 742
40900 381
41000 550
41100 331
41200 468
41300 401
41400 400
41500 281
41600 239
41700 259
41800 195
41900 231
42000 438
42100 468
42200 736
42300 242
42400 201
42500 295
42600 431
42700 596
42800 392
42900 358
43000 162
43100 196
43200 162
43300 162
43400 225
43500 523
43600 656
43700 534
43800 540
43900 461
44000 489
44100 545
44200 447
44300 423
44400 264
44500 193
44600 509
44700 841
44800 533
44900 310
45000 206
45100 377
45200 585
45300 545
45400 614
45500 286
45600 311
45700 326
45800 307
45900 385
46000 269
46100 157
46200 155
46300 181
46400 323
46500 147
46600 295
46700 414
46800 158
46900 198
47000 238
47100 285
47200 311
47300 594
47400 290
47500 575
47600 432
47700 343
47800 262
47900 432
48000 480
48100 293
48200 172
48300 325
48400 353
48500 562
48600 539
48700 839
48800 686
48900 354
49000 331
49100 221
49200 171
49300 469
49400 460
49500 199
49600 173
49700 507
49800 635
49900 611
50000 752
50100 696
50200 339
50300 208
50400 374
50500 580
50600 353
50700 130
50800 260
50900 55
51000 155
51100 277
51200 509
51300 247
51400 723
51500 608
51600 658
51700 706
51800 432
51900 513
52000 692
52100 382
52200 276
52300 536
52400 264
52500 562
52600 510
52700 441
52800 260
52900 115
53000 345
53100 415
53200 246
53300 79
53400 112
53500 204
53600 247
53700 479
53800 477
53900 361
54000 380
54100 270
54200 257
54300 356
54400 317
54500 209
54600 385
54700 196
54800 116
54900 528
55000 135
55100 89
55200 254
55300 171
55400 410
55500 333
55600 294
55700 187
55800 191
55900 291
56000 404
56100 167
56200 336
56300 499
56400 373
56500 523
56600 326
56700 134
56800 421
56900 391
57000 221
57100 386
57200 473
57300 291
57400 203
57500 135
57600 229
57700 103
57800 310
57900 861
58000 666
58100 537
58200 347
58300 355
58400 561
58500 310
58600 237
58700 494
58800 334
58900 134
59000 364
59100 160
59200 92
59300 75
59400 265
59500 249
59600 505
59700 565
59800 491
59900 254
60000 304
60100 419
60200 335
60300 298
60400 436
60500 289
60600 289
60700 433
60800 356
60900 240
61000 246
61100 395
61200 222
61300 148
61400 342
61500 618
61600 467
61700 236
61800 287
61900 163
62000 64
62100 236
62200 340
62300 246
62400 276
62500 348
62600 744
62700 505
62800 524
62900 463
63000 512
63100 517
63200 400
63300 429
63400 321
63500 373
63600 428
63700 405
63800 571
63900 329
64000 403
64100 283
64200 343
64300 442
64400 160
64500 303
64600 497
64700 465
64800 279
64900 455
65000 155
65100 237
65200 271
65300 102
65400 182
65500 381
65600 254
65700 675
65800 456
65900 643
66000 676
66100 570
66200 221
66300 378
66400 323
66500 123
66600 265
66700 111
66800 84
66900 80
67000 84
67100 310
67200 415
67300 397
67400 554
67500 470
67600 367
67700 289
67800 609
67900 771
68000 613
68100 428
68200 629
68300 591
68400 300
68500 443
68600 612
68700 808
68800 634
68900 775
69000 1005
69100 679
69200 826
69300 943
69400 472
69500 274
69600 357
69700 286
69800 329
69900 282
70000 167
70100 218
70200 126
70300 125
70400 67
70500 174
70600 496
70700 649
70800 443
70900 315
71000 568
71100 599
71200 354
71300 636
71400 463
71500 808
71600 774
71700 824
71800 452
71900 583
72000 453
72100 574
72200 504
72300 415
72400 589
72500 341
72600 171
72700 184
72800 295
72900 270
73000 232
73100 184
73200 185
73300 87
73400 197
73500 291
73600 549
73700 103
73800 178
73900 140
74000 379
74100 263
74200 154
74300 296
74400 236
74500 331
74600 369
74700 319
74800 611
74900 727
75000 317
75100 163
75200 153
75300 424
75400 623
75500 620
75600 648
75700 779
75800 320
75900 234
76000 451
76100 629
76200 679
76300 482
76400 274
76500 433
76600 674
76700 681
76800 524
76900 486
77000 639
77100 504
77200 290
77300 365
77400 451
77500 185
77600 439
77700 381
77800 223
77900 110
78000 203
78100 612
78200 370
78300 432
78400 446
78500 526
78600 460
78700 403
78800 219
78900 139
79000 310
79100 812
79200 1068
79300 910
79400 468
79500 264
79600 346
79700 339
79800 672
79900 471
80000 757
80100 548
80200 523
80300 464
80400 505
80500 728
80600 639
80700 567
80800 417
80900 382
81000 368
81100 470
81200 391
81300 359
81400 336
81500 252
81600 292
81700 260
81800 200
81900 225
82000 646
82100 813
82200 717
82300 486
82400 478
82500 579
82600 606
82700 531
82800 411
82900 751
83000 102
83100 140
83200 412
83300 282
83400 238
83500 311
83600 318
83700 413
83800 383
83900 433
84000 208
84100 167
84200 250
84300 242
84400 146
84500 232
84600 173
84700 209
84800 565
84900 377
85000 295
85100 407
85200 410
85300 758
85400 527
85500 347
85600 565
85700 394
85800 549
85900 502
86000 725
86100 305
86200 397
86300 327
86400 477
86500 509
86600 555
86700 455
86800 569
86900 872
87000 787
87100 337
87200 309
87300 364
87400 575
87500 379
87600 543
87700 597
87800 288
87900 306
88000 230
88100 498
88200 536
88300 564
88400 459
88500 249
88600 159
88700 156
88800 482
88900 561
89000 168
89100 413
89200 238
89300 252
89400 417
89500 491
89600 382
89700 336
89800 441
89900 195
90000 329
90100 154
90200 215
90300 242
90400 138
90500 448
90600 464
90700 408
90800 337
90900 205
91000 133
91100 146
91200 204
91300 186
91400 336
91500 381
91600 655
91700 917
91800 695
91900 502
92000 448
92100 324
92200 185
92300 254
92400 258
92500 144
92600 162
92700 141
92800 260
92900 216
93000 435
93100 263
93200 238
93300 192
93400 268
93500 392
93600 293
93700 313
93800 458
93900 320
94000 257
94100 296
94200 196
94300 338
94400 443
94500 297
94600 396
94700 249
94800 253
94900 616
95000 512
95100 290
95200 419
95300 590
95400 580
95500 324
95600 339
95700 376
95800 297
95900 647
96000 456
96100 393
96200 390
96300 247
96400 288
96500 257
96600 331
96700 306
96800 315
96900 235
97000 395
97100 362
97200 227
97300 314
97400 250
97500 222
97600 729
97700 261
97800 410
97900 403
98000 385
98100 167
98200 157
98300 390
98400 467
98500 333
98600 274
98700 302
98800 438
98900 151
99000 285
99100 278
99200 61
99300 167
99400 170
99500 415
99600 743
99700 654
99800 522
99900 368
100000 648
