100 201
200 384
300 312
400 436
500 940
600 1224
700 1170
800 671
900 668
1000 801
1100 1359
1200 1425
1300 1719
1400 2236
1500 2284
1600 2504
1700 2752
1800 3127
1900 3839
2000 3819
2100 4289
2200 5206
2300 4875
2400 4302
2500 5250
2600 5117
2700 4992
2800 4980
2900 5438
3000 4532
3100 4560
3200 4767
3300 5255
3400 5100
3500 6038
3600 6517
3700 7629
3800 7255
3900 7738
4000 7934
4100 6831
4200 7658
4300 9573
4400 40
4500 227
4600 158
4700 401
4800 614
4900 2143
5000 1008
5100 158
5200 849
5300 1122
5400 786
5500 34
5600 1114
5700 1004
5800 2058
5900 1477
6000 2030
6100 2123
6200 3099
6300 3858
6400 2896
6500 3730
6600 4408
6700 5390
6800 6407
6900 7570
7000 6894
7100 7840
7200 7825
7300 7893
7400 7972
7500 6698
7600 6727
7700 9211
7800 9036
7900 157
8000 9418
8100 9007
8200 9571
8300 9664
8400 1793
8500 1752
8600 1459
8700 1659
8800 514
8900 9186
9000 7521
9100 7925
9200 8439
9300 8288
9400 9114
9500 8970
9600 6953
9700 8774
9800 9447
9900 506
10000 1806
10100 8624
10200 8370
10300 8048
10400 7622
10500 9539
10600 755
10700 1529
10800 2332
10900 1888
11000 2458
11100 1971
11200 2837
11300 3589
11400 2316
11500 4714
11600 6168
11700 5869
11800 6808
11900 8832
12000 1624
12100 3172
12200 2782
12300 2347
12400 943
12500 9434
12600 9126
12700 9462
12800 9341
12900 9492
13000 6997
13100 6711
13200 9735
13300 8333
13400 9920
13500 2055
13600 1294
13700 4640
13800 4967
13900 5708
14000 5704
14100 7566
14200 9922
14300 3132
14400 3987
14500 4634
14600 3285
14700 3771
14800 4789
14900 5666
15000 666
15100 1841
15200 5354
15300 6862
15400 6801
15500 7554
15600 7971
15700 7523
15800 8630
15900 9249
16000 2841
16100 3069
16200 3773
16300 289
16400 8621
16500 478
16600 8306
16700 9381
16800 8633
16900 7530
17000 8120
17100 9694
17200 9687
17300 7460
17400 8533
17500 496
17600 156
17700 243
17800 404
17900 2719
18000 3814
18100 4748
18200 5748
18300 6740
18400 4515
18500 3364
18600 3729
18700 4094
18800 5168
18900 2983
19000 4188
19100 3763
19200 2116
19300 2155
19400 3402
19500 5153
19600 7185
19700 4489
19800 6564
19900 6317
20000 6709
20100 4353
20200 3441
20300 3675
20400 2171
20500 3639
20600 1593
20700 6415
20800 5715
20900 4132
21000 2870
21100 798
21200 1924
21300 3906
21400 5257
21500 5939
21600 8396
21700 7538
21800 5681
21900 6035
22000 2690
22100 6448
22200 8011
22300 6940
22400 5803
22500 9794
22600 145
22700 9444
22800 9494
22900 9524
23000 1371
23100 2788
23200 3677
23300 3371
23400 2540
23500 556
23600 7687
23700 2914
23800 8733
23900 7915
24000 6507
24100 7560
24200 8443
24300 8869
24400 8632
24500 9448
24600 7793
24700 8155
24800 4919
24900 4530
25000 4593
25100 5698
25200 6616
25300 7660
25400 7148
25500 7157
25600 7969
25700 7756
25800 9756
25900 2624
26000 2458
26100 2419
26200 1951
26300 4046
26400 9323
26500 739
26600 8446
26700 7793
26800 7730
26900 7660
27000 9414
27100 8920
27200 9868
27300 2482
27400 198
27500 8427
27600 8909
27700 1639
27800 3519
27900 2851
28000 480
28100 3105
28200 3076
28300 1722
28400 3608
28500 3570
28600 3641
28700 3765
28800 2890
28900 2664
29000 3720
29100 2896
29200 4181
29300 2497
29400 648
29500 3452
29600 562
29700 2652
29800 2154
29900 192
30000 9758
30100 9958
30200 8165
30300 5968
30400 7565
30500 7208
30600 7340
30700 8309
30800 2237
30900 1255
31000 2639
31100 2612
31200 309
31300 309
31400 9731
31500 2364
31600 2249
31700 1630
31800 1260
31900 1217
32000 353
32100 1175
32200 2554
32300 1994
32400 2691
32500 768
32600 2481
32700 2707
32800 3794
32900 4130
33000 2229
33100 8953
33200 9620
33300 9038
33400 9934
33500 7849
33600 9505
33700 6940
33800 8684
33900 7769
34000 6694
34100 6818
34200 8113
34300 7075
34400 7527
34500 7837
34600 8678
34700 6502
34800 7623
34900 8880
35000 8547
35100 7782
35200 7375
35300 5587
35400 5627
35500 3349
35600 2985
35700 3733
35800 4641
35900 7762
36000 6530
36100 6199
36200 8640
36300 1
36400 395
36500 7930
36600 7166
36700 8300
36800 1232
36900 9016
37000 8690
37100 8387
37200 9380
37300 8954
37400 9406
37500 8566
37600 9147
37700 7850
37800 7171
37900 5176
38000 9708
38100 6150
38200 2736
38300 21
38400 117
38500 224
38600 699
38700 9945
38800 1485
38900 586
39000 2452
39100 9586
39200 9962
39300 2733
39400 3086
39500 2613
39600 2470
39700 3293
39800 962
39900 2522
40000 2558
40100 1824
40200 2159
40300 4121
40400 2449
40500 2233
40600 4198
40700 3511
40800 2728
40900 2863
41000 1658
41100 9861
41200 1400
41300 2455
41400 2934
41500 5786
41600 7649
41700 775
41800 2756
41900 4359
42000 4040
42100 2285
42200 7902
42300 7955
42400 6867
42500 7584
42600 9488
42700 9566
42800 6297
42900 4858
43000 4923
43100 2692
43200 2758
43300 3589
43400 3214
43500 2635
43600 2952
43700 2712
43800 2447
43900 1278
44000 148
44100 1054
44200 9752
44300 7865
44400 7310
44500 9182
44600 8597
44700 480
44800 2231
44900 4656
45000 5131
45100 3231
45200 2464
45300 3716
45400 4480
45500 4567
45600 4745
45700 5624
45800 5362
45900 8213
46000 8685
46100 7438
46200 9808
46300 32
46400 8804
46500 8922
46600 7876
46700 7843
46800 9878
46900 2047
47000 3389
47100 4733
47200 4902
47300 6340
47400 5741
47500 5284
47600 8233
47700 8871
47800 9219
47900 285
48000 911
48100 142
48200 1665
48300 862
48400 351
48500 2899
48600 1619
48700 132
48800 2568
48900 1679
49000 2122
49100 1151
49200 1734
49300 799
49400 9757
49500 640
49600 2021
49700 2483
49800 5081
49900 3288
50000 6641
50100 7692
50200 6040
50300 7447
50400 6777
50500 6936
50600 5751
50700 3801
50800 5721
50900 9350
51000 9485
51100 9788
51200 644
51300 511
51400 1390
51500 3851
51600 4633
51700 3564
51800 2903
51900 2073
52000 2900
52100 2050
52200 653
52300 2051
52400 3785
52500 6793
52600 6485
52700 6807
52800 9105
52900 1098
53000 6506
53100 6737
53200 5910
53300 7973
53400 9847
53500 8352
53600 8787
53700 9532
53800 9920
53900 8798
54000 9981
54100 36
54200 1711
54300 4075
54400 4563
54500 6294
54600 5369
54700 5091
54800 4549
54900 5467
55000 5642
55100 5076
55200 4913
55300 5081
55400 5965
55500 4891
55600 5147
55700 8142
55800 7298
55900 7205
56000 4906
56100 4101
56200 3604
56300 4175
56400 6063
56500 5745
56600 7605
56700 6750
56800 7709
56900 7811
57000 9899
57100 1465
57200 9882
57300 8283
57400 6927
57500 6752
57600 3367
57700 3174
57800 2899
57900 2174
58000 2208
58100 3796
58200 4796
58300 6643
58400 5899
58500 7329
58600 6531
58700 8693
58800 9078
58900 8351
59000 8031
59100 7304
59200 8543
59300 9642
59400 9982
59500 9336
59600 9304
59700 8258
59800 8618
59900 1406
60000 1328
60100 1694
60200 898
60300 1984
60400 5164
60500 5088
60600 5121
60700 5328
60800 6650
60900 9200
61000 53
61100 862
61200 1006
61300 814
61400 2419
61500 3744
61600 3083
61700 4371
61800 3281
61900 3305
62000 3551
62100 3101
62200 2147
62300 3285
62400 3589
62500 3972
62600 3996
62700 4639
62800 3200
62900 2580
63000 4234
63100 4631
63200 3481
63300 3124
63400 4645
63500 4661
63600 6249
63700 5710
63800 5069
63900 5554
64000 5526
64100 4055
64200 3695
64300 5137
64400 6047
64500 6378
64600 6016
64700 5723
64800 7522
64900 7539
65000 9367
65100 161
65200 933
65300 1560
65400 9757
65500 120
65600 484
65700 9684
65800 117
65900 9533
66000 7901
66100 368
66200 8745
66300 219
66400 392
66500 9426
66600 40
66700 561
66800 476
66900 225
67000 9516
67100 9846
67200 1537
67300 528
67400 284
67500 476
67600 2133
67700 8523
67800 5446
67900 6160
68000 4847
68100 6099
68200 5773
68300 6818
68400 6973
68500 4574
68600 6455
68700 7171
68800 7175
68900 6995
69000 473
69100 2022
69200 1909
69300 3157
69400 2272
69500 1528
69600 2432
69700 833
69800 7984
69900 9995
70000 8750
70100 7972
70200 9488
70300 8173
70400 9125
70500 8657
70600 1769
70700 3538
70800 4869
70900 6753
71000 8148
71100 7747
71200 9485
71300 94
71400 1298
71500 2253
71600 4621
71700 3311
71800 3119
71900 2949
72000 3565
72100 3474
72200 4190
72300 5117
72400 5976
72500 7109
72600 6614
72700 6993
72800 7166
72900 7555
73000 6480
73100 7994
73200 9221
73300 8339
73400 8457
73500 9529
73600 8329
73700 9277
73800 9862
73900 9475
74000 9136
74100 807
74200 1617
74300 383
74400 2605
74500 1757
74600 1091
74700 687
74800 8923
74900 1416
75000 1856
75100 956
75200 1756
75300 2481
75400 3208
75500 1183
75600 695
75700 466
75800 2417
75900 3393
76000 2587
76100 3543
76200 2071
76300 4581
76400 6272
76500 5754
76600 3183
76700 5071
76800 4807
76900 8396
77000 6701
77100 8300
77200 7508
77300 8935
77400 9102
77500 8266
77600 6701
77700 6567
77800 9030
77900 9024
78000 2418
78100 2910
78200 4274
78300 8781
78400 8105
78500 7083
78600 6518
78700 3171
78800 9735
78900 1655
79000 447
79100 8109
79200 304
79300 9464
79400 1686
79500 3669
79600 3983
79700 4570
79800 5405
79900 5543
80000 6208
80100 5193
80200 4489
80300 1424
80400 3845
80500 5736
80600 3769
80700 5397
80800 6775
80900 5323
81000 7558
81100 6414
81200 5233
81300 5448
81400 5440
81500 2464
81600 2268
81700 4405
81800 2535
81900 2767
82000 3166
82100 1623
82200 4714
82300 5826
82400 9541
82500 5826
82600 5282
82700 5849
82800 5219
82900 7961
83000 9510
83100 2197
83200 6128
83300 5783
83400 6927
83500 1614
83600 5131
83700 444
83800 613
83900 942
84000 1752
84100 732
84200 205
84300 7227
84400 7015
84500 7448
84600 9109
84700 4324
84800 164
84900 9664
85000 4131
85100 587
85200 36
85300 2626
85400 2620
85500 1941
85600 315
85700 4528
85800 7743
85900 5012
86000 7842
86100 4320
86200 4883
86300 8388
86400 6923
86500 9220
86600 8457
86700 6278
86800 7428
86900 8313
87000 4825
87100 5613
87200 7983
87300 6433
87400 575
87500 1882
87600 805
87700 2825
87800 3125
87900 6881
88000 6495
88100 4710
88200 5395
88300 5335
88400 6697
88500 5909
88600 4941
88700 5596
88800 6572
88900 6737
89000 2358
89100 4151
89200 989
89300 5087
89400 2719
89500 2132
89600 190
89700 219
89800 2090
89900 6332
90000 5894
90100 9988
90200 6340
90300 3871
90400 5984
90500 2077
90600 7901
90700 7477
90800 9893
90900 7501
91000 8590
91100 7415
91200 7464
91300 5958
91400 7181
91500 9063
91600 8945
91700 9493
91800 1544
91900 5805
92000 3042
92100 2432
92200 4305
92300 6271
92400 20
92500 563
92600 3327
92700 4843
92800 2719
92900 4411
93000 1400
93100 8613
93200 5695
93300 7949
93400 9499
93500 8525
93600 5215
93700 5999
93800 5541
93900 6137
94000 8767
94100 8854
94200 2119
94300 8622
94400 6051
94500 3558
94600 3350
94700 2835
94800 2753
94900 723
95000 9888
95100 2496
95200 3291
95300 9784
95400 543
95500 266
95600 996
95700 2524
95800 561
95900 8654
96000 906
96100 4043
96200 5860
96300 6826
96400 9098
96500 9002
96600 1363
96700 1217
96800 2143
96900 2334
97000 4418
97100 2785
97200 180
97300 2685
97400 3710
97500 1158
97600 1453
97700 8998
97800 1436
97900 1223
98000 4105
98100 8015
98200 7609
98300 9241
98400 736
98500 4822
98600 8035
98700 6069
98800 7988
98900 5536
99000 6249
99100 6083
99200 6364
99300 6423
99400 5886
99500 5244
99600 5761
99700 8915
99800 9560
99900 6261
100000 8104
