100 1650
200 3013
300 4641
400 3795
500 3768
600 3607
700 3747
800 4574
900 5015
1000 4938
1100 4817
1200 4582
1300 4147
1400 3115
1500 2794
1600 3021
1700 2755
1800 3779
1900 4745
2000 4532
2100 5102
2200 5725
2300 5942
2400 5533
2500 5569
2600 4310
2700 2564
2800 2998
2900 3148
3000 3412
3100 3145
3200 4567
3300 2999
3400 3971
3500 3575
3600 3808
3700 3426
3800 3451
3900 3780
4000 3685
4100 4500
4200 4341
4300 4600
4400 5246
4500 4664
4600 4044
4700 4358
4800 3813
4900 4181
5000 3963
5100 4013
5200 3769
5300 4650
5400 3890
5500 4173
5600 3913
5700 4546
5800 4283
5900 4342
6000 4655
6100 4512
6200 3873
6300 4362
6400 3933
6500 3725
6600 4087
6700 4500
6800 4262
6900 5100
7000 3615
7100 3127
7200 3300
7300 3303
7400 4614
7500 4476
7600 4123
7700 4003
7800 4208
7900 5007
8000 5135
8100 3553
8200 3825
8300 4052
8400 4119
8500 4049
8600 3825
8700 4305
8800 4311
8900 4585
9000 4120
9100 4003
9200 3359
9300 4061
9400 4962
9500 4529
9600 4846
9700 3471
9800 4248
9900 4318
10000 4550
10100 5992
10200 5056
10300 3349
10400 4408
10500 3966
10600 3095
10700 3495
10800 2640
10900 3297
11000 2527
11100 3020
11200 3643
11300 4388
11400 3708
11500 3592
11600 3575
11700 4321
11800 4346
11900 3790
12000 3712
12100 3562
12200 3708
12300 3811
12400 4667
12500 4774
12600 4073
12700 3561
12800 3223
12900 3692
13000 2975
13100 3999
13200 3010
13300 3389
13400 3347
13500 3316
13600 2915
13700 3166
13800 3209
13900 4182
14000 3624
14100 3712
14200 4457
14300 3638
14400 3682
14500 3725
14600 3022
14700 2856
14800 3083
14900 3030
15000 4288
15100 3265
15200 3451
15300 3800
15400 4380
15500 4255
15600 4200
15700 4573
15800 4997
15900 3373
16000 3980
16100 3928
16200 3907
16300 4344
16400 4394
16500 4457
16600 4142
16700 3557
16800 4078
16900 3895
17000 3849
17100 3986
17200 4007
17300 3873
17400 5280
17500 3889
17600 3843
17700 3794
17800 3982
17900 3499
18000 2925
18100 3576
18200 3567
18300 3664
18400 4005
18500 3140
18600 3858
18700 4352
18800 4528
18900 3938
19000 4365
19100 5723
19200 5362
19300 6239
19400 5219
19500 4908
19600 4558
19700 5092
19800 4470
19900 3469
20000 3637
20100 3865
20200 4471
20300 4853
20400 4679
20500 3777
20600 3415
20700 3804
20800 4420
20900 4447
21000 4121
21100 4008
21200 4524
21300 3362
21400 3605
21500 3968
21600 5404
21700 4976
21800 3798
21900 3301
22000 4233
22100 5171
22200 4829
22300 4395
22400 3409
22500 4006
22600 3763
22700 4209
22800 4282
22900 4575
23000 3852
23100 4690
23200 4352
23300 4252
23400 4791
23500 3831
23600 3355
23700 3647
23800 4376
23900 4188
24000 4411
24100 4525
24200 4037
24300 3746
24400 3972
24500 4653
24600 4228
24700 4181
24800 4538
24900 4569
25000 4116
25100 3908
25200 3227
25300 4924
25400 4600
25500 5303
25600 4569
25700 4904
25800 5771
25900 4198
26000 4048
26100 4044
26200 3637
26300 3974
26400 5127
26500 5093
26600 5261
26700 4379
26800 4573
26900 4394
27000 4653
27100 5645
27200 4685
27300 3907
27400 4517
27500 4662
27600 4056
27700 3814
27800 3632
27900 3006
28000 2975
28100 3154
28200 3548
28300 3604
28400 3743
28500 4163
28600 4636
28700 4448
28800 3784
28900 4226
29000 4863
29100 4710
29200 4785
29300 4413
29400 3569
29500 4377
29600 4072
29700 4152
29800 4432
29900 4235
30000 5352
30100 5525
30200 4871
30300 3902
30400 3516
30500 3587
30600 4240
30700 4372
30800 4606
30900 4266
31000 4987
31100 4285
31200 4441
31300 3503
31400 3915
31500 3882
31600 4015
31700 4131
31800 4134
31900 3447
32000 3559
32100 4260
32200 4117
32300 3226
32400 3249
32500 3196
32600 2992
32700 2792
32800 3641
32900 3240
33000 3316
33100 3036
33200 3876
33300 3328
33400 4335
33500 3613
33600 5501
33700 4825
33800 4863
33900 5136
34000 4369
34100 3813
34200 4456
34300 4137
34400 3834
34500 4703
34600 4693
34700 4410
34800 3408
34900 2927
35000 3649
35100 4174
35200 3524
35300 3982
35400 3972
35500 4531
35600 5593
35700 4644
35800 4684
35900 3617
36000 4094
36100 4031
36200 4659
36300 4332
36400 4679
36500 4460
36600 4463
36700 4182
36800 3785
36900 3766
37000 3738
37100 3746
37200 4256
37300 3261
37400 3842
37500 3928
37600 4368
37700 4808
37800 4717
37900 5284
38000 6034
38100 4899
38200 4880
38300 3735
38400 3570
38500 3097
38600 3114
38700 3712
38800 3661
38900 4285
39000 4463
39100 4118
39200 4398
39300 3923
39400 3126
39500 2884
39600 3146
39700 3076
39800 4608
39900 2731
40000 3031
40100 3492
40200 3515
40300 2962
40400 3618
40500 5292
40600 4134
40700 3662
40800 3918
40900 4186
41000 3602
41100 4175
41200 4772
41300 4171
41400 3438
41500 3627
41600 4146
41700 3663
41800 3962
41900 3491
42000 3913
42100 3410
42200 3335
42300 4105
42400 4740
42500 4442
42600 4635
42700 4434
42800 4243
42900 4455
43000 4386
43100 4089
43200 4181
43300 4319
43400 4872
43500 4130
43600 3495
43700 3131
43800 3408
43900 3842
44000 3483
44100 3140
44200 2987
44300 3175
44400 3975
44500 4157
44600 4195
44700 3561
44800 2891
44900 3287
45000 3356
45100 4137
45200 4389
45300 4240
45400 4158
45500 4573
45600 5308
45700 4486
45800 4770
45900 4017
46000 3872
46100 4150
46200 3543
46300 3971
46400 3960
46500 3874
46600 3594
46700 3593
46800 3216
46900 3432
47000 3683
47100 4217
47200 3849
47300 3947
47400 4860
47500 4123
47600 4894
47700 3471
47800 3573
47900 3288
48000 3291
48100 3540
48200 2688
48300 3732
48400 3586
48500 3626
48600 4440
48700 3768
48800 3802
48900 4344
49000 4629
49100 3688
49200 3241
49300 3564
49400 4699
49500 4493
49600 4238
49700 3179
49800 3279
49900 3029
50000 3845
50100 4441
50200 3892
50300 3375
50400 3603
50500 3274
50600 4066
50700 4584
50800 4737
50900 4506
51000 4436
51100 4470
51200 4682
51300 3664
51400 4594
51500 4065
51600 4530
51700 4590
51800 3993
51900 4569
52000 4319
52100 4625
52200 4921
52300 4928
52400 4275
52500 4492
52600 4155
52700 5129
52800 3030
52900 3309
53000 3959
53100 3937
53200 3515
53300 4585
53400 4315
53500 4229
53600 3955
53700 3848
53800 3280
53900 3124
54000 3967
54100 3884
54200 4126
54300 3577
54400 4942
54500 4549
54600 3658
54700 2662
54800 2709
54900 2990
55000 3499
55100 2842
55200 3135
55300 2789
55400 3545
55500 4180
55600 3720
55700 4010
55800 3753
55900 3182
56000 3093
56100 3040
56200 3757
56300 2845
56400 3389
56500 3713
56600 3419
56700 4448
56800 4976
56900 4450
57000 3904
57100 3364
57200 3435
57300 2606
57400 3270
57500 4098
57600 4184
57700 4466
57800 3917
57900 3754
58000 3949
58100 4532
58200 4335
58300 4332
58400 4207
58500 3932
58600 3774
58700 3818
58800 3726
58900 3652
59000 4347
59100 4232
59200 4797
59300 4935
59400 5560
59500 6886
59600 5965
59700 5253
59800 3753
59900 3327
60000 3833
60100 4004
60200 3760
60300 3062
60400 2754
60500 3037
60600 3572
60700 2976
60800 3388
60900 3556
61000 4016
61100 3397
61200 3851
61300 3517
61400 3348
61500 3766
61600 3198
61700 3287
61800 3888
61900 4141
62000 3828
62100 3805
62200 3668
62300 3337
62400 3194
62500 3344
62600 3840
62700 2839
62800 3114
62900 3478
63000 3623
63100 4267
63200 3408
63300 3873
63400 5309
63500 4929
63600 3920
63700 5082
63800 4960
63900 5754
64000 5033
64100 4816
64200 4178
64300 3797
64400 3406
64500 3769
64600 3394
64700 3190
64800 4170
64900 4411
65000 4010
65100 4024
65200 4046
65300 4229
65400 3820
65500 3838
65600 3893
65700 3154
65800 3048
65900 3220
66000 3654
66100 3725
66200 4709
66300 4277
66400 3900
66500 3477
66600 3405
66700 3873
66800 3449
66900 3710
67000 4407
67100 4520
67200 3809
67300 3747
67400 4526
67500 3980
67600 3569
67700 3624
67800 3569
67900 3044
68000 2932
68100 3491
68200 3339
68300 2872
68400 3331
68500 4362
68600 4209
68700 3566
68800 3680
68900 3190
69000 3203
69100 3460
69200 3455
69300 3494
69400 3637
69500 4040
69600 3526
69700 4900
69800 5048
69900 3932
70000 4473
70100 4455
70200 4252
70300 4123
70400 3796
70500 4290
70600 5058
70700 4516
70800 5002
70900 3954
71000 4307
71100 4103
71200 4487
71300 4646
71400 5525
71500 6206
71600 4592
71700 4102
71800 4573
71900 4932
72000 4297
72100 4095
72200 3514
72300 3713
72400 4151
72500 3426
72600 3287
72700 3222
72800 3901
72900 3956
73000 4341
73100 4463
73200 4604
73300 4696
73400 5134
73500 4534
73600 4053
73700 4345
73800 4742
73900 5044
74000 3589
74100 4105
74200 4236
74300 3204
74400 3936
74500 3140
74600 3549
74700 3702
74800 4240
74900 3829
75000 2728
75100 2605
75200 3634
75300 3692
75400 4258
75500 4651
75600 5079
75700 3910
75800 4032
75900 4394
76000 4473
76100 3339
76200 4035
76300 3734
76400 4316
76500 4791
76600 3611
76700 4087
76800 4324
76900 4579
77000 4510
77100 4036
77200 4377
77300 4734
77400 3570
77500 3700
77600 4191
77700 4484
77800 3938
77900 3504
78000 3335
78100 3996
78200 3568
78300 4514
78400 4851
78500 4484
78600 3412
78700 3900
78800 4908
78900 5669
79000 4527
79100 3780
79200 3266
79300 3497
79400 4104
79500 3637
79600 3854
79700 3986
79800 4038
79900 3245
80000 3080
80100 3195
80200 3830
80300 4861
80400 4618
80500 3781
80600 3155
80700 3837
80800 4097
80900 3711
81000 4098
81100 3049
81200 3447
81300 4457
81400 4566
81500 4502
81600 5104
81700 4203
81800 3796
81900 4109
82000 6089
82100 4487
82200 5390
82300 4365
82400 4000
82500 4541
82600 5045
82700 4906
82800 4024
82900 4036
83000 4537
83100 5506
83200 5581
83300 4690
83400 3688
83500 3529
83600 3417
83700 4415
83800 4284
83900 4420
84000 4957
84100 4169
84200 3636
84300 4133
84400 3702
84500 3780
84600 3574
84700 4259
84800 4258
84900 4390
85000 4509
85100 3882
85200 4236
85300 4120
85400 3760
85500 2861
85600 3653
85700 3753
85800 3340
85900 3286
86000 3700
86100 4365
86200 4622
86300 4641
86400 3934
86500 4575
86600 4066
86700 3604
86800 4037
86900 3997
87000 3263
87100 3147
87200 3196
87300 4343
87400 4641
87500 5000
87600 4576
87700 4525
87800 5053
87900 4613
88000 4585
88100 3205
88200 3039
88300 3749
88400 3624
88500 4024
88600 4706
88700 4666
88800 6107
88900 6079
89000 5350
89100 4581
89200 3860
89300 3720
89400 4483
89500 3770
89600 3714
89700 3675
89800 2957
89900 3068
90000 3433
90100 3175
90200 3168
90300 3863
90400 3549
90500 3159
90600 3938
90700 3888
90800 3328
90900 3982
91000 3463
91100 3639
91200 3774
91300 3771
91400 2699
91500 3759
91600 4419
91700 3019
91800 3535
91900 3424
92000 2521
92100 3051
92200 3432
92300 3302
92400 4299
92500 4972
92600 3881
92700 4165
92800 4076
92900 4477
93000 4311
93100 3645
93200 3864
93300 4381
93400 4070
93500 4234
93600 4039
93700 4336
93800 4290
93900 5451
94000 5410
94100 4717
94200 4269
94300 4297
94400 4850
94500 4704
94600 4455
94700 3545
94800 4143
94900 3451
95000 4071
95100 4629
95200 4517
95300 4158
95400 4463
95500 4356
95600 3730
95700 4489
95800 4395
95900 4227
96000 4009
96100 4236
96200 4643
96300 3655
96400 3964
96500 2873
96600 3479
96700 4068
96800 3636
96900 4731
97000 3958
97100 4325
97200 3666
97300 3549
97400 4053
97500 3372
97600 3764
97700 3669
97800 3767
97900 3375
98000 3682
98100 3605
98200 2955
98300 3562
98400 3995
98500 3926
98600 3479
98700 3705
98800 4213
98900 4235
99000 4663
99100 3713
99200 3805
99300 2698
99400 3253
99500 3141
99600 3327
99700 3380
99800 3906
99900 3819
100000 4869
