100 3
200 1
300 4
400 88
500 138
600 212
700 237
800 82
900 117
1000 42
1100 92
1200 238
1300 167
1400 86
1500 318
1600 503
1700 461
1800 212
1900 291
2000 299
2100 403
2200 880
2300 1251
2400 1081
2500 1083
2600 1198
2700 1000
2800 868
2900 439
3000 637
3100 323
3200 356
3300 479
3400 1264
3500 1313
3600 904
3700 1119
3800 969
3900 940
4000 1232
4100 1042
4200 1212
4300 1004
4400 1107
4500 1013
4600 1057
4700 1772
4800 2366
4900 2975
5000 3683
5100 3656
5200 3988
5300 2858
5400 3421
5500 2935
5600 2393
5700 2353
5800 2610
5900 2722
6000 2677
6100 2579
6200 2045
6300 2024
6400 1757
6500 2079
6600 2313
6700 3585
6800 3757
6900 2977
7000 3135
7100 2914
7200 2913
7300 2887
7400 2525
7500 2795
7600 2921
7700 2701
7800 2223
7900 2267
8000 2300
8100 2018
8200 2159
8300 2329
8400 2129
8500 2185
8600 1821
8700 1605
8800 1295
8900 1466
9000 1746
9100 2134
9200 2491
9300 1766
9400 1754
9500 2336
9600 2783
9700 2983
9800 2181
9900 2027
10000 1449
10100 1777
10200 2226
10300 1278
10400 1342
10500 1764
10600 1240
10700 954
10800 348
10900 492
11000 629
11100 479
11200 341
11300 242
11400 585
11500 869
11600 711
11700 846
11800 683
11900 565
12000 785
12100 1057
12200 1043
12300 1056
12400 814
12500 1059
12600 1023
12700 1154
12800 1002
12900 524
13000 836
13100 173
13200 81
13300 52
13400 18
13500 11
13600 1
13700 5
13800 60
13900 258
14000 422
14100 429
14200 518
14300 871
14400 800
14500 625
14600 914
14700 1102
14800 1406
14900 1425
15000 1207
15100 1118
15200 597
15300 418
15400 285
15500 131
15600 106
15700 380
15800 236
15900 146
16000 153
16100 155
16200 159
16300 664
16400 547
16500 651
16600 751
16700 738
16800 830
16900 716
17000 328
17100 476
17200 573
17300 178
17400 76
17500 190
17600 387
17700 354
17800 753
17900 918
18000 911
18100 1281
18200 852
18300 625
18400 829
18500 708
18600 843
18700 448
18800 21
18900 3
19000 17
19100 51
19200 4
19300 7
19400 0
19500 0
19600 23
19700 2
19800 19
19900 0
20000 10
20100 1
20200 0
20300 35
20400 0
20500 7
20600 26
20700 1
20800 93
20900 76
21000 58
21100 44
21200 2
21300 19
21400 68
21500 50
21600 19
21700 0
21800 15
21900 32
22000 87
22100 33
22200 64
22300 3
22400 1
22500 48
22600 91
22700 120
22800 161
22900 263
23000 82
23100 93
23200 88
23300 195
23400 268
23500 292
23600 578
23700 502
23800 328
23900 340
24000 498
24100 599
24200 866
24300 878
24400 818
24500 707
24600 747
24700 1167
24800 977
24900 857
25000 548
25100 1036
25200 521
25300 341
25400 538
25500 655
25600 704
25700 532
25800 966
25900 1305
26000 1445
26100 1314
26200 1411
26300 1241
26400 1125
26500 392
26600 535
26700 678
26800 590
26900 588
27000 209
27100 362
27200 453
27300 565
27400 704
27500 584
27600 877
27700 825
27800 1167
27900 1398
28000 1287
28100 2009
28200 1791
28300 2068
28400 2050
28500 1553
28600 1735
28700 1535
28800 1705
28900 1531
29000 1292
29100 1388
29200 1443
29300 1053
29400 1109
29500 1735
29600 1478
29700 1300
29800 2273
29900 1374
30000 1433
30100 1352
30200 1389
30300 1247
30400 1064
30500 1487
30600 1672
30700 1301
30800 934
30900 1035
31000 975
31100 1282
31200 1441
31300 1601
31400 2047
31500 1315
31600 1465
31700 1450
31800 1343
31900 866
32000 713
32100 893
32200 486
32300 566
32400 434
32500 512
32600 424
32700 488
32800 554
32900 909
33000 1015
33100 1950
33200 1693
33300 2054
33400 1990
33500 2178
33600 2325
33700 2125
33800 3070
33900 3808
34000 3410
34100 2705
34200 2969
34300 2949
34400 2143
34500 1609
34600 1814
34700 1847
34800 2499
34900 2894
35000 3032
35100 2580
35200 1869
35300 1606
35400 1915
35500 1963
35600 2486
35700 2382
35800 1850
35900 1737
36000 971
36100 889
36200 1228
36300 1053
36400 1617
36500 1876
36600 2096
36700 1738
36800 1535
36900 1973
37000 2170
37100 1692
37200 2167
37300 2285
37400 3311
37500 2892
37600 3351
37700 2762
37800 2487
37900 2773
38000 3557
38100 3936
38200 3986
38300 4108
38400 4190
38500 5231
38600 4443
38700 4076
38800 5720
38900 6119
39000 7319
39100 7948
39200 7793
39300 8473
39400 9380
39500 9720
39600 9700
39700 9485
39800 9549
39900 9020
40000 7995
40100 8849
40200 9094
40300 8159
40400 8954
40500 8585
40600 8769
40700 8720
40800 8784
40900 8593
41000 8447
41100 9344
41200 9283
41300 8825
41400 9165
41500 8649
41600 8679
41700 9652
41800 8897
41900 7829
42000 7777
42100 7043
42200 7275
42300 7623
42400 8217
42500 8547
42600 51
42700 424
42800 1461
42900 502
43000 429
43100 627
43200 811
43300 2514
43400 1901
43500 1247
43600 1638
43700 975
43800 557
43900 955
44000 2106
44100 3080
44200 2103
44300 2149
44400 1697
44500 2391
44600 3106
44700 2525
44800 2654
44900 2563
45000 3522
45100 4495
45200 4416
45300 5303
45400 5875
45500 5428
45600 5942
45700 5750
45800 5655
45900 6237
46000 4468
46100 4091
46200 3475
46300 3318
46400 2840
46500 2582
46600 1526
46700 1824
46800 1159
46900 1334
47000 2216
47100 2415
47200 2801
47300 1827
47400 2484
47500 2740
47600 2826
47700 3650
47800 2795
47900 3191
48000 2708
48100 2387
48200 2002
48300 1523
48400 1145
48500 9919
48600 8771
48700 8553
48800 7377
48900 7669
49000 7338
49100 7390
49200 7635
49300 8647
49400 9247
49500 9713
49600 9099
49700 9594
49800 9890
49900 8413
50000 62
50100 986
50200 829
50300 1491
50400 1060
50500 927
50600 1596
50700 865
50800 9907
50900 9923
51000 926
51100 1196
51200 2194
51300 2994
51400 3126
51500 3577
51600 2702
51700 2754
51800 2228
51900 1514
52000 1919
52100 1700
52200 512
52300 524
52400 1160
52500 443
52600 1099
52700 1288
52800 1721
52900 1476
53000 1692
53100 2562
53200 3346
53300 2987
53400 3568
53500 5000
53600 4530
53700 5082
53800 5221
53900 4757
54000 5770
54100 6200
54200 6686
54300 6538
54400 5253
54500 5823
54600 6155
54700 6579
54800 7081
54900 6951
55000 7342
55100 8391
55200 9031
55300 9370
55400 506
55500 8837
55600 9454
55700 8364
55800 9523
55900 9599
56000 8857
56100 8967
56200 9768
56300 565
56400 997
56500 241
56600 9260
56700 8295
56800 8205
56900 7950
57000 8641
57100 8804
57200 9225
57300 7270
57400 6950
57500 8098
57600 7155
57700 6494
57800 6161
57900 5551
58000 5372
58100 3924
58200 3082
58300 3190
58400 4148
58500 3608
58600 3823
58700 3864
58800 3028
58900 4458
59000 2752
59100 3415
59200 2828
59300 2475
59400 1326
59500 1496
59600 9459
59700 8455
59800 8462
59900 7234
60000 7625
60100 6654
60200 6514
60300 6958
60400 8887
60500 8481
60600 7252
60700 6115
60800 6610
60900 6071
61000 4929
61100 6357
61200 6199
61300 6478
61400 7837
61500 6462
61600 7171
61700 7786
61800 8944
61900 8875
62000 20
62100 340
62200 9882
62300 9446
62400 8727
62500 7343
62600 7065
62700 8273
62800 8237
62900 6771
63000 6466
63100 6485
63200 5951
63300 5331
63400 5608
63500 5204
63600 5616
63700 7137
63800 9137
63900 421
64000 9136
64100 7860
64200 9204
64300 8650
64400 7816
64500 8790
64600 6953
64700 5911
64800 6229
64900 6681
65000 6546
65100 5188
65200 6225
65300 5720
65400 5603
65500 5773
65600 4727
65700 4819
65800 4964
65900 6443
66000 6266
66100 6206
66200 5040
66300 6200
66400 7082
66500 6060
66600 7928
66700 8709
66800 6637
66900 7023
67000 6984
67100 6083
67200 5746
67300 4798
67400 5105
67500 4906
67600 5629
67700 5447
67800 5974
67900 5319
68000 5266
68100 5242
68200 4744
68300 4188
68400 3848
68500 5672
68600 6614
68700 6069
68800 5871
68900 6542
69000 5802
69100 5604
69200 5346
69300 4750
69400 3940
69500 4100
69600 4681
69700 3684
69800 4389
69900 3841
70000 2967
70100 2902
70200 3549
70300 3044
70400 2207
70500 2045
70600 2330
70700 3784
70800 4035
70900 4804
71000 5222
71100 5977
71200 6013
71300 6159
71400 5453
71500 5770
71600 5829
71700 5018
71800 4980
71900 4816
72000 5622
72100 5772
72200 5386
72300 6663
72400 5033
72500 4809
72600 4897
72700 5311
72800 5686
72900 5986
73000 5611
73100 5270
73200 4681
73300 4566
73400 3434
73500 4451
73600 4589
73700 5939
73800 5358
73900 6258
74000 6049
74100 7248
74200 7312
74300 8244
74400 9067
74500 9445
74600 9487
74700 9434
74800 9016
74900 9186
75000 9547
75100 9352
75200 9035
75300 9164
75400 9592
75500 9008
75600 8077
75700 8598
75800 7722
75900 6786
76000 6823
76100 7093
76200 7102
76300 7458
76400 7977
76500 7757
76600 9120
76700 9190
76800 8895
76900 9275
77000 8545
77100 9315
77200 9743
77300 9419
77400 9080
77500 8463
77600 8707
77700 8836
77800 8494
77900 8792
78000 8664
78100 9241
78200 72
78300 9480
78400 442
78500 431
78600 9174
78700 320
78800 1596
78900 1917
79000 2390
79100 3397
79200 3083
79300 3487
79400 2730
79500 1916
79600 1816
79700 1409
79800 1722
79900 1152
80000 55
80100 9630
80200 354
80300 142
80400 8316
80500 7091
80600 6264
80700 6463
80800 6873
80900 5899
81000 7243
81100 6400
81200 7695
81300 6933
81400 6737
81500 6802
81600 6909
81700 7561
81800 7825
81900 9195
82000 9175
82100 9257
82200 62
82300 8650
82400 9419
82500 9128
82600 8996
82700 20
82800 951
82900 1265
83000 1269
83100 1203
83200 1020
83300 1137
83400 738
83500 1281
83600 1258
83700 1317
83800 1689
83900 847
84000 769
84100 1268
84200 736
84300 9994
84400 333
84500 160
84600 9120
84700 8457
84800 7895
84900 7601
85000 9169
85100 9935
85200 9384
85300 411
85400 949
85500 851
85600 406
85700 9874
85800 8969
85900 8754
86000 8196
86100 7713
86200 7687
86300 8019
86400 7759
86500 8914
86600 9815
86700 9343
86800 9271
86900 8970
87000 8507
87100 7975
87200 57
87300 717
87400 306
87500 9179
87600 8908
87700 9073
87800 9238
87900 9404
88000 512
88100 9936
88200 9215
88300 8807
88400 7688
88500 8127
88600 7733
88700 7167
88800 8141
88900 7365
89000 7912
89100 6146
89200 6214
89300 6211
89400 5351
89500 5987
89600 4742
89700 4872
89800 5368
89900 5204
90000 5512
90100 5813
90200 4294
90300 3823
90400 3358
90500 2931
90600 3037
90700 3274
90800 4272
90900 4447
91000 4708
91100 4689
91200 4811
91300 4290
91400 4161
91500 4396
91600 4352
91700 4257
91800 3775
91900 3481
92000 3321
92100 3286
92200 3610
92300 2546
92400 2487
92500 2453
92600 2369
92700 1989
92800 3244
92900 3632
93000 4274
93100 3265
93200 4231
93300 3283
93400 3704
93500 3453
93600 3549
93700 3983
93800 4070
93900 4504
94000 3490
94100 3521
94200 2962
94300 2940
94400 2705
94500 2042
94600 1527
94700 786
94800 1302
94900 1651
95000 1465
95100 1593
95200 1279
95300 1006
95400 1589
95500 1948
95600 1163
95700 1277
95800 1079
95900 1477
96000 1399
96100 2001
96200 2376
96300 2545
96400 2555
96500 2901
96600 3317
96700 4218
96800 2939
96900 4094
97000 3378
97100 2787
97200 2400
97300 2359
97400 2260
97500 2100
97600 1633
97700 1812
97800 1702
97900 1292
98000 1350
98100 910
98200 879
98300 678
98400 702
98500 530
98600 538
98700 575
98800 566
98900 135
99000 58
99100 211
99200 110
99300 28
99400 3
99500 2
99600 0
99700 4
99800 6
99900 0
100000 1
