100 478
200 535
300 618
400 726
500 918
600 773
700 453
800 349
900 341
1000 388
1100 693
1200 1034
1300 1309
1400 1147
1500 1381
1600 1331
1700 2355
1800 2203
1900 3055
2000 3265
2100 3737
2200 2627
2300 3360
2400 3651
2500 4179
2600 4580
2700 4773
2800 5217
2900 4721
3000 4342
3100 4591
3200 3459
3300 3245
3400 2891
3500 3282
3600 2856
3700 2383
3800 3279
3900 4352
4000 4403
4100 4917
4200 5237
4300 4887
4400 6043
4500 6140
4600 6521
4700 6159
4800 6743
4900 7180
5000 7038
5100 7027
5200 5707
5300 6612
5400 7803
5500 7440
5600 7806
5700 7733
5800 7074
5900 7781
6000 6838
6100 7670
6200 8733
6300 57
6400 9271
6500 9503
6600 9343
6700 8936
6800 7541
6900 8085
7000 7413
7100 9037
7200 9177
7300 8922
7400 8747
7500 1320
7600 3673
7700 4113
7800 3867
7900 5131
8000 6488
8100 7436
8200 6824
8300 8342
8400 7399
8500 7609
8600 8961
8700 8387
8800 7360
8900 5524
9000 6349
9100 8110
9200 7353
9300 5975
9400 5935
9500 3543
9600 1503
9700 2009
9800 9814
9900 2186
10000 3760
10100 1450
10200 2310
10300 3740
10400 3141
10500 2255
10600 2984
10700 5356
10800 6804
10900 8205
11000 8583
11100 8406
11200 9903
11300 6974
11400 7691
11500 9305
11600 9359
11700 2419
11800 3868
11900 4546
12000 2862
12100 1410
12200 827
12300 1205
12400 312
12500 9912
12600 2106
12700 1838
12800 676
12900 361
13000 7860
13100 8382
13200 8093
13300 8872
13400 7446
13500 7880
13600 7935
13700 9511
13800 1586
13900 2038
14000 1021
14100 332
14200 255
14300 190
14400 9396
14500 9497
14600 9859
14700 1022
14800 9888
14900 9353
15000 9268
15100 8768
15200 8978
15300 8539
15400 8408
15500 9428
15600 377
15700 9241
15800 9812
15900 9645
16000 182
16100 9201
16200 1632
16300 2088
16400 3701
16500 3906
16600 6019
16700 6774
16800 5884
16900 2536
17000 3189
17100 2979
17200 3733
17300 3450
17400 4498
17500 6270
17600 5453
17700 7170
17800 8818
17900 9950
18000 1105
18100 792
18200 2081
18300 9675
18400 804
18500 3480
18600 6714
18700 6978
18800 7081
18900 7625
19000 4438
19100 2683
19200 4226
19300 6317
19400 6105
19500 5123
19600 6532
19700 7604
19800 8040
19900 7502
20000 7401
20100 437
20200 9316
20300 9527
20400 9013
20500 8584
20600 8801
20700 8981
20800 9865
20900 1112
21000 1066
21100 9596
21200 9908
21300 8437
21400 218
21500 9255
21600 7823
21700 7109
21800 7026
21900 6893
22000 6986
22100 799
22200 2824
22300 3176
22400 4135
22500 5322
22600 3002
22700 2955
22800 3619
22900 4483
23000 7968
23100 8490
23200 5300
23300 4791
23400 5288
23500 6976
23600 8409
23700 1166
23800 1477
23900 1108
24000 9961
24100 664
24200 400
24300 700
24400 121
24500 1843
24600 1543
24700 1112
24800 1361
24900 310
25000 213
25100 9559
25200 8942
25300 9328
25400 8517
25500 6959
25600 7129
25700 6462
25800 7695
25900 6269
26000 5442
26100 8669
26200 7335
26300 7979
26400 8384
26500 7800
26600 7358
26700 7731
26800 7680
26900 7425
27000 5478
27100 6512
27200 8061
27300 8340
27400 477
27500 30
27600 1523
27700 8816
27800 7260
27900 9594
28000 9580
28100 1074
28200 542
28300 8137
28400 9585
28500 86
28600 8295
28700 6248
28800 5236
28900 3766
29000 3064
29100 3532
29200 1918
29300 2852
29400 2629
29500 2721
29600 3087
29700 3111
29800 2979
29900 1474
30000 2975
30100 5520
30200 6313
30300 7072
30400 7219
30500 7819
30600 8856
30700 8800
30800 8434
30900 7844
31000 7024
31100 7162
31200 5844
31300 7401
31400 6733
31500 7012
31600 8703
31700 1365
31800 9594
31900 200
32000 2839
32100 1865
32200 8470
32300 9908
32400 9013
32500 384
32600 9766
32700 188
32800 138
32900 889
33000 9797
33100 587
33200 2328
33300 4731
33400 5535
33500 8555
33600 6349
33700 7641
33800 9229
33900 8565
34000 6052
34100 128
34200 7777
34300 8596
34400 8630
34500 823
34600 2346
34700 1338
34800 2155
34900 258
35000 158
35100 1057
35200 9933
35300 459
35400 198
35500 152
35600 9773
35700 395
35800 8633
35900 8945
36000 1615
36100 2201
36200 4857
36300 3208
36400 3925
36500 3877
36600 4371
36700 1624
36800 1258
36900 9464
37000 9853
37100 535
37200 3257
37300 2961
37400 3757
37500 7499
37600 9095
37700 4167
37800 1764
37900 9655
38000 8142
38100 9304
38200 1123
38300 2008
38400 8064
38500 7734
38600 6914
38700 7920
38800 5902
38900 9946
39000 702
39100 1257
39200 5440
39300 6806
39400 5616
39500 8883
39600 9558
39700 5572
39800 5639
39900 5965
40000 8143
40100 6552
40200 1250
40300 4492
40400 2889
40500 9090
40600 6604
40700 24
40800 877
40900 8591
41000 7432
41100 7600
41200 9403
41300 6643
41400 4823
41500 5685
41600 4882
41700 5602
41800 6447
41900 6411
42000 4860
42100 4357
42200 1662
42300 105
42400 61
42500 8415
42600 131
42700 8130
42800 9069
42900 9950
43000 351
43100 821
43200 9568
43300 9422
43400 7361
43500 7440
43600 8188
43700 9190
43800 9205
43900 685
44000 518
44100 9841
44200 7809
44300 679
44400 9955
44500 416
44600 1257
44700 143
44800 9285
44900 9382
45000 9544
45100 9129
45200 9195
45300 9133
45400 8843
45500 9256
45600 8321
45700 7116
45800 7693
45900 5489
46000 4520
46100 2122
46200 1327
46300 1232
46400 9950
46500 9886
46600 8697
46700 9069
46800 8719
46900 9829
47000 2
47100 9470
47200 9395
47300 54
47400 1773
47500 1459
47600 894
47700 787
47800 1681
47900 2932
48000 4023
48100 3814
48200 4644
48300 4107
48400 7050
48500 7213
48600 6491
48700 7865
48800 9401
48900 8518
49000 8361
49100 7892
49200 8171
49300 7756
49400 6258
49500 7513
49600 6630
49700 5408
49800 7196
49900 9419
50000 9796
50100 7477
50200 8784
50300 8661
50400 10
50500 2341
50600 3245
50700 3624
50800 3014
50900 3008
51000 1966
51100 1551
51200 2262
51300 1689
51400 1252
51500 1093
51600 1686
51700 2177
51800 2733
51900 3312
52000 3604
52100 3004
52200 2038
52300 878
52400 272
52500 533
52600 1776
52700 1721
52800 1393
52900 1212
53000 9994
53100 1194
53200 1330
53300 883
53400 9688
53500 9049
53600 9750
53700 198
53800 9214
53900 717
54000 1858
54100 1453
54200 2135
54300 2925
54400 3673
54500 3827
54600 4951
54700 4716
54800 5569
54900 5981
55000 6159
55100 6738
55200 6366
55300 7438
55400 6811
55500 8160
55600 8986
55700 7678
55800 8098
55900 7825
56000 6621
56100 5977
56200 5794
56300 6525
56400 6588
56500 6303
56600 6678
56700 5913
56800 6391
56900 5679
57000 5029
57100 5718
57200 4483
57300 4991
57400 3456
57500 3070
57600 4520
57700 4525
57800 4008
57900 3478
58000 4611
58100 3935
58200 4993
58300 4417
58400 4948
58500 4651
58600 5083
58700 5109
58800 5711
58900 5665
59000 6627
59100 6392
59200 6504
59300 6322
59400 5856
59500 4879
59600 5837
59700 6705
59800 8742
59900 9770
60000 1690
60100 2203
60200 1135
60300 1231
60400 839
60500 11
60600 714
60700 685
60800 936
60900 9925
61000 95
61100 1438
61200 2403
61300 766
61400 246
61500 1840
61600 2697
61700 6675
61800 8526
61900 1228
62000 364
62100 8429
62200 9380
62300 4817
62400 5822
62500 6136
62600 7097
62700 8979
62800 8420
62900 8018
63000 6840
63100 8540
63200 395
63300 122
63400 79
63500 4182
63600 5283
63700 5681
63800 6029
63900 7670
64000 9539
64100 3881
64200 4448
64300 4783
64400 4310
64500 3190
64600 4055
64700 1892
64800 798
64900 1911
65000 9795
65100 2716
65200 5192
65300 5080
65400 2019
65500 867
65600 2966
65700 1433
65800 3260
65900 4625
66000 6470
66100 5806
66200 4783
66300 3530
66400 3843
66500 4769
66600 2140
66700 2427
66800 2733
66900 1373
67000 1568
67100 6388
67200 7580
67300 9133
67400 9825
67500 4647
67600 4728
67700 5647
67800 3071
67900 4660
68000 5044
68100 5109
68200 5685
68300 6749
68400 6818
68500 7961
68600 4476
68700 3784
68800 4824
68900 5315
69000 4715
69100 7232
69200 4100
69300 4397
69400 4388
69500 7595
69600 9689
69700 9101
69800 8133
69900 6765
70000 8693
70100 6967
70200 7185
70300 4797
70400 5412
70500 4339
70600 5325
70700 7181
70800 9586
70900 2157
71000 4188
71100 4079
71200 6364
71300 1755
71400 2359
71500 889
71600 312
71700 1199
71800 3726
71900 1838
72000 3951
72100 4641
72200 5159
72300 4074
72400 4469
72500 4644
72600 1531
72700 2711
72800 2277
72900 117
73000 250
73100 2498
73200 2913
73300 3936
73400 2249
73500 2105
73600 1723
73700 1768
73800 2812
73900 1966
74000 2681
74100 1460
74200 2169
74300 3115
74400 3136
74500 4926
74600 6286
74700 7011
74800 6469
74900 8430
75000 702
75100 6165
75200 7843
75300 8279
75400 7342
75500 8966
75600 8748
75700 636
75800 8797
75900 9318
76000 8321
76100 5542
76200 2092
76300 1113
76400 1277
76500 1075
76600 9411
76700 1314
76800 9724
76900 1146
77000 9647
77100 6921
77200 7564
77300 5902
77400 5356
77500 4879
77600 7256
77700 7900
77800 6362
77900 7209
78000 5816
78100 5503
78200 6417
78300 4258
78400 4482
78500 3065
78600 3906
78700 9968
78800 9324
78900 2758
79000 2874
79100 2869
79200 1455
79300 9917
79400 8034
79500 6252
79600 7245
79700 8039
79800 6147
79900 6010
80000 5944
80100 6286
80200 4932
80300 4429
80400 4891
80500 4848
80600 4646
80700 3380
80800 1739
80900 2911
81000 3669
81100 3139
81200 2301
81300 1092
81400 869
81500 2320
81600 722
81700 1562
81800 2308
81900 3517
82000 3732
82100 2850
82200 1914
82300 3130
82400 2536
82500 1741
82600 3867
82700 3283
82800 1490
82900 1680
83000 1004
83100 2377
83200 3392
83300 4028
83400 2960
83500 4621
83600 4767
83700 4180
83800 2750
83900 4043
84000 4113
84100 4962
84200 6122
84300 4978
84400 6271
84500 5487
84600 5308
84700 5021
84800 6113
84900 7604
85000 7301
85100 7335
85200 7433
85300 9155
85400 9026
85500 9953
85600 8968
85700 9609
85800 561
85900 9475
86000 529
86100 1134
86200 1705
86300 8475
86400 8283
86500 9993
86600 213
86700 287
86800 1860
86900 2968
87000 3950
87100 2482
87200 5539
87300 8179
87400 5117
87500 5376
87600 4105
87700 2620
87800 1208
87900 2443
88000 1306
88100 9840
88200 1224
88300 2186
88400 2868
88500 6403
88600 3869
88700 3838
88800 6726
88900 4677
89000 2281
89100 1793
89200 2736
89300 644
89400 2766
89500 3533
89600 2980
89700 2776
89800 1629
89900 2552
90000 1729
90100 9469
90200 9143
90300 656
90400 1124
90500 2069
90600 2716
90700 656
90800 304
90900 9886
91000 551
91100 371
91200 166
91300 455
91400 2417
91500 4077
91600 4299
91700 4677
91800 3884
91900 2208
92000 2452
92100 5125
92200 3720
92300 4747
92400 5810
92500 5772
92600 7050
92700 7945
92800 8917
92900 6915
93000 7040
93100 7944
93200 6800
93300 4669
93400 6368
93500 5524
93600 5214
93700 6564
93800 4990
93900 4716
94000 4394
94100 3748
94200 2417
94300 2515
94400 3732
94500 4335
94600 5004
94700 4461
94800 5657
94900 7372
95000 7032
95100 9417
95200 8888
95300 9466
95400 7742
95500 7924
95600 8292
95700 347
95800 888
95900 9330
96000 9998
96100 9728
96200 105
96300 432
96400 214
96500 8718
96600 7425
96700 6460
96800 6337
96900 6540
97000 7290
97100 8274
97200 9247
97300 8127
97400 9516
97500 9922
97600 9463
97700 273
97800 2467
97900 1471
98000 2050
98100 3397
98200 4100
98300 3082
98400 3529
98500 1827
98600 9992
98700 8674
98800 8854
98900 9995
99000 1510
99100 1558
99200 3744
99300 4990
99400 6584
99500 7361
99600 8165
99700 8505
99800 8546
99900 9286
100000 8707
