100 1792
200 4226
300 5569
400 8816
500 116
600 2567
700 5130
800 6697
900 142
1000 1833
1100 3589
1200 3266
1300 6663
1400 8430
1500 9084
1600 9369
1700 7297
1800 8155
1900 4308
2000 5678
2100 5750
2200 7741
2300 9906
2400 8058
2500 7869
2600 8659
2700 6951
2800 7115
2900 1160
3000 3882
3100 6543
3200 9519
3300 3767
3400 9636
3500 2346
3600 3984
3700 5651
3800 8260
3900 7875
4000 9363
4100 9165
4200 4412
4300 3621
4400 3429
4500 4879
4600 3864
4700 9539
4800 1185
4900 6492
5000 3272
5100 4886
5200 8233
5300 703
5400 2564
5500 1850
5600 839
5700 9963
5800 6385
5900 5452
6000 7343
6100 1845
6200 6555
6300 9231
6400 428
6500 9514
6600 721
6700 6566
6800 9279
6900 1658
7000 3511
7100 3011
7200 9239
7300 2022
7400 3986
7500 4581
7600 6474
7700 6970
7800 428
7900 4571
8000 6405
8100 2225
8200 8956
8300 1012
8400 1951
8500 4700
8600 1928
8700 4715
8800 4740
8900 9554
9000 9532
9100 7852
9200 7484
9300 6979
9400 5333
9500 727
9600 9772
9700 3541
9800 1212
9900 1120
10000 9115
10100 3955
10200 1027
10300 2467
10400 6636
10500 1589
10600 1715
10700 6042
10800 7473
10900 2122
11000 8655
11100 6242
11200 7893
11300 5241
11400 9682
11500 4846
11600 455
11700 7733
11800 4023
11900 5243
12000 129
12100 3600
12200 3006
12300 1509
12400 8582
12500 3762
12600 5007
12700 9621
12800 5083
12900 4502
13000 4283
13100 704
13200 2084
13300 1047
13400 4064
13500 187
13600 4391
13700 6936
13800 8194
13900 5887
14000 1929
14100 873
14200 7296
14300 68
14400 6678
14500 5848
14600 5270
14700 9625
14800 9776
14900 1657
15000 1548
15100 6261
15200 7976
15300 8626
15400 2030
15500 5297
15600 5281
15700 5711
15800 6402
15900 967
16000 9905
16100 85
16200 6609
16300 1579
16400 7709
16500 8490
16600 5578
16700 4302
16800 5717
16900 800
17000 9002
17100 5453
17200 8935
17300 232
17400 8197
17500 904
17600 5245
17700 4808
17800 8924
17900 7558
18000 8547
18100 5042
18200 4855
18300 764
18400 3866
18500 1598
18600 6250
18700 638
18800 4799
18900 9788
19000 2983
19100 8804
19200 9383
19300 7621
19400 6471
19500 5155
19600 8029
19700 5746
19800 127
19900 2404
20000 5292
20100 4773
20200 9348
20300 8770
20400 7791
20500 4488
20600 7561
20700 2588
20800 4130
20900 3747
21000 6669
21100 9416
21200 6268
21300 2961
21400 1430
21500 4532
21600 7107
21700 4819
21800 5324
21900 9726
22000 4429
22100 1730
22200 2329
22300 9929
22400 9900
22500 8358
22600 5514
22700 9664
22800 1844
22900 6987
23000 2342
23100 9274
23200 9870
23300 5525
23400 6455
23500 7284
23600 8630
23700 3586
23800 6232
23900 8145
24000 5574
24100 3890
24200 6401
24300 1235
24400 4666
24500 4027
24600 2612
24700 7603
24800 2296
24900 8585
25000 7802
25100 8704
25200 9386
25300 8676
25400 6912
25500 6649
25600 5147
25700 5112
25800 6524
25900 8569
26000 657
26100 3152
26200 6739
26300 2262
26400 1321
26500 2009
26600 3206
26700 4453
26800 5935
26900 5800
27000 5813
27100 36
27200 8983
27300 8393
27400 9121
27500 199
27600 612
27700 6059
27800 316
27900 6087
28000 8072
28100 6981
28200 8590
28300 2444
28400 2637
28500 7663
28600 6283
28700 2228
28800 7554
28900 5753
29000 4646
29100 5106
29200 8135
29300 9802
29400 335
29500 3203
29600 9019
29700 4433
29800 3312
29900 5223
30000 7459
30100 1156
30200 2870
30300 9219
30400 9323
30500 8150
30600 9569
30700 1091
30800 9335
30900 1332
31000 5788
31100 6745
31200 5292
31300 3852
31400 7658
31500 4412
31600 3130
31700 5475
31800 3787
31900 9808
32000 4740
32100 9883
32200 4176
32300 4657
32400 4916
32500 2898
32600 3363
32700 6903
32800 3023
32900 5241
33000 9121
33100 4356
33200 6982
33300 2152
33400 985
33500 5485
33600 2849
33700 5746
33800 5376
33900 7418
34000 884
34100 8684
34200 4977
34300 7521
34400 3328
34500 4756
34600 5558
34700 8637
34800 4242
34900 4619
35000 692
35100 1843
35200 1952
35300 9613
35400 3404
35500 4173
35600 7714
35700 669
35800 2774
35900 7120
36000 3633
36100 4377
36200 6138
36300 181
36400 98
36500 49
36600 2845
36700 455
36800 138
36900 4015
37000 2618
37100 1580
37200 6260
37300 6535
37400 7277
37500 6885
37600 7183
37700 8182
37800 3625
37900 2744
38000 607
38100 1852
38200 3351
38300 5001
38400 1529
38500 5288
38600 4338
38700 1852
38800 2903
38900 4592
39000 9095
39100 8476
39200 2566
39300 4028
39400 6651
39500 8421
39600 212
39700 1487
39800 256
39900 9824
40000 7938
40100 6203
40200 9996
40300 2237
40400 4318
40500 9926
40600 5034
40700 5137
40800 8074
40900 7853
41000 3030
41100 290
41200 7857
41300 6746
41400 8153
41500 2368
41600 199
41700 508
41800 1091
41900 9101
42000 4889
42100 5889
42200 6675
42300 7879
42400 2634
42500 5518
42600 3873
42700 5483
42800 9042
42900 2709
43000 8183
43100 4636
43200 6496
43300 3473
43400 985
43500 1649
43600 7780
43700 229
43800 7287
43900 9868
44000 442
44100 4530
44200 6767
44300 8458
44400 2932
44500 5433
44600 9052
44700 9123
44800 1255
44900 1943
45000 9609
45100 3727
45200 1867
45300 3193
45400 4948
45500 7719
45600 9384
45700 3037
45800 3021
45900 9768
46000 344
46100 3011
46200 6808
46300 7164
46400 7928
46500 3039
46600 4377
46700 4891
46800 1509
46900 9173
47000 9367
47100 4979
47200 7615
47300 72
47400 279
47500 4294
47600 1321
47700 8171
47800 4031
47900 6645
48000 9349
48100 1215
48200 2907
48300 9140
48400 6652
48500 9291
48600 7979
48700 8177
48800 8683
48900 6488
49000 6824
49100 6071
49200 3273
49300 7779
49400 9041
49500 8262
49600 8288
49700 4383
49800 5178
49900 7348
50000 7921
50100 1559
50200 8061
50300 9667
50400 4698
50500 7359
50600 9881
50700 6473
50800 9461
50900 5733
51000 510
51100 872
51200 565
51300 1493
51400 9441
51500 5211
51600 3418
51700 150
51800 194
51900 4470
52000 6540
52100 9056
52200 527
52300 2794
52400 1352
52500 2708
52600 9124
52700 5323
52800 9341
52900 635
53000 9257
53100 4131
53200 7707
53300 9732
53400 3514
53500 7831
53600 5113
53700 1350
53800 421
53900 5832
54000 4235
54100 9391
54200 3338
54300 3861
54400 6691
54500 3589
54600 192
54700 2419
54800 728
54900 9248
55000 9906
55100 1122
55200 3207
55300 7365
55400 1819
55500 7735
55600 5633
55700 7870
55800 7343
55900 8940
56000 6899
56100 7295
56200 748
56300 849
56400 198
56500 1279
56600 6733
56700 2171
56800 2044
56900 6096
57000 5549
57100 8212
57200 7288
57300 5453
57400 5527
57500 6368
57600 726
57700 3707
57800 584
57900 6072
58000 9694
58100 1786
58200 1094
58300 5760
58400 8247
58500 9664
58600 2384
58700 1115
58800 7914
58900 1561
59000 1248
59100 7128
59200 8557
59300 3584
59400 4086
59500 9033
59600 4407
59700 1449
59800 3489
59900 4154
60000 3742
60100 8132
60200 5554
60300 6174
60400 5186
60500 3215
60600 9949
60700 9496
60800 3292
60900 3006
61000 498
61100 9738
61200 1955
61300 6675
61400 4836
61500 4000
61600 7202
61700 9250
61800 7514
61900 3815
62000 5707
62100 3750
62200 4784
62300 6136
62400 6097
62500 5309
62600 8810
62700 3591
62800 2630
62900 5631
63000 8343
63100 1837
63200 9511
63300 1035
63400 7017
63500 1463
63600 862
63700 7697
63800 7133
63900 43
64000 5445
64100 5307
64200 550
64300 5217
64400 3354
64500 4767
64600 3438
64700 9817
64800 8282
64900 4720
65000 5862
65100 8352
65200 1400
65300 5045
65400 2586
65500 1072
65600 5349
65700 7806
65800 9612
65900 1608
66000 531
66100 837
66200 3789
66300 3520
66400 3570
66500 5717
66600 3733
66700 7426
66800 2610
66900 3291
67000 557
67100 9195
67200 2798
67300 7232
67400 5730
67500 1294
67600 7137
67700 3211
67800 3586
67900 1695
68000 2607
68100 2974
68200 2373
68300 2415
68400 4029
68500 2920
68600 9481
68700 1784
68800 1657
68900 4982
69000 7097
69100 8663
69200 9073
69300 335
69400 9578
69500 3906
69600 5069
69700 612
69800 1985
69900 1426
70000 3311
70100 6295
70200 8185
70300 1533
70400 7579
70500 9762
70600 1396
70700 1712
70800 2842
70900 8958
71000 2035
71100 227
71200 9742
71300 5050
71400 3226
71500 1394
71600 2382
71700 5369
71800 7162
71900 4171
72000 5798
72100 9182
72200 5579
72300 1243
72400 566
72500 82
72600 8537
72700 6700
72800 688
72900 3829
73000 8066
73100 201
73200 94
73300 982
73400 6113
73500 5333
73600 6207
73700 3073
73800 6755
73900 674
74000 6298
74100 7082
74200 4561
74300 6286
74400 941
74500 9440
74600 8463
74700 8711
74800 9811
74900 37
75000 6576
75100 3611
75200 8238
75300 4593
75400 5956
75500 4778
75600 7109
75700 6016
75800 5364
75900 6707
76000 8482
76100 266
76200 3232
76300 5596
76400 6359
76500 9341
76600 446
76700 9674
76800 2634
76900 2498
77000 8430
77100 8381
77200 9873
77300 7015
77400 413
77500 1299
77600 3854
77700 2681
77800 5660
77900 3519
78000 8058
78100 8116
78200 2665
78300 5270
78400 4349
78500 6219
78600 6546
78700 5620
78800 6382
78900 8420
79000 322
79100 8282
79200 960
79300 9339
79400 9147
79500 2044
79600 6199
79700 7311
79800 2040
79900 5837
80000 9626
80100 5787
80200 8464
80300 5832
80400 56
80500 1536
80600 255
80700 1618
80800 2163
80900 2010
81000 657
81100 3661
81200 1010
81300 3227
81400 431
81500 1196
81600 5604
81700 8400
81800 5231
81900 330
82000 8776
82100 9546
82200 8538
82300 7532
82400 8074
82500 5790
82600 5157
82700 8657
82800 1749
82900 4816
83000 8132
83100 4854
83200 3961
83300 9820
83400 3883
83500 9358
83600 491
83700 4962
83800 6223
83900 448
84000 5179
84100 7131
84200 2536
84300 2490
84400 4850
84500 8857
84600 7486
84700 1732
84800 3332
84900 6107
85000 3040
85100 5295
85200 3154
85300 3061
85400 1828
85500 5976
85600 4443
85700 6243
85800 8941
85900 3732
86000 4867
86100 4362
86200 6718
86300 1197
86400 2143
86500 3213
86600 2530
86700 9697
86800 1428
86900 4689
87000 6513
87100 6790
87200 1816
87300 3947
87400 3724
87500 2641
87600 8693
87700 3654
87800 3225
87900 1039
88000 889
88100 6382
88200 8601
88300 6860
88400 2063
88500 4484
88600 345
88700 8932
88800 3786
88900 5282
89000 5860
89100 3904
89200 8637
89300 1105
89400 8748
89500 8903
89600 2639
89700 8567
89800 1821
89900 5058
90000 1559
90100 4736
90200 6664
90300 5362
90400 5436
90500 4659
90600 1644
90700 5596
90800 1915
90900 5078
91000 6352
91100 170
91200 4915
91300 2070
91400 7794
91500 5065
91600 1461
91700 8241
91800 9578
91900 1043
92000 7600
92100 7879
92200 6495
92300 8638
92400 9411
92500 7363
92600 2800
92700 7536
92800 6630
92900 2215
93000 8171
93100 3089
93200 6671
93300 293
93400 3329
93500 394
93600 2942
93700 4292
93800 313
93900 9765
94000 5319
94100 5998
94200 1607
94300 2826
94400 2580
94500 656
94600 1924
94700 3407
94800 9641
94900 9566
95000 917
95100 4695
95200 8985
95300 1138
95400 604
95500 502
95600 9266
95700 3274
95800 5261
95900 4541
96000 1760
96100 6943
96200 2573
96300 4753
96400 8530
96500 6243
96600 5205
96700 8166
96800 919
96900 6556
97000 9319
97100 2057
97200 2172
97300 6459
97400 4946
97500 1097
97600 9842
97700 4157
97800 6652
97900 407
98000 3564
98100 6040
98200 521
98300 1243
98400 242
98500 4062
98600 7495
98700 7681
98800 4778
98900 7826
99000 651
99100 8402
99200 294
99300 8919
99400 7816
99500 151
99600 1656
99700 1425
99800 6398
99900 4735
100000 8629
