100 2605
200 4409
300 5645
400 6177
500 8796
600 891
700 4106
800 6802
900 8810
1000 9127
1100 9952
1200 454
1300 7621
1400 6447
1500 6737
1600 8980
1700 550
1800 1623
1900 697
2000 2128
2100 4591
2200 3811
2300 2783
2400 3220
2500 4765
2600 6146
2700 8159
2800 1246
2900 2247
3000 4778
3100 2530
3200 1728
3300 2705
3400 2976
3500 2081
3600 1447
3700 1660
3800 4262
3900 4319
4000 7004
4100 5345
4200 73
4300 2422
4400 2035
4500 1142
4600 1449
4700 4298
4800 2639
4900 3265
5000 3466
5100 3861
5200 2606
5300 8170
5400 6597
5500 5578
5600 3308
5700 656
5800 7547
5900 6555
6000 8526
6100 7757
6200 7836
6300 9062
6400 6520
6500 5297
6600 3184
6700 2471
6800 2255
6900 3136
7000 2441
7100 3043
7200 6865
7300 9786
7400 9884
7500 8690
7600 8811
7700 6597
7800 6452
7900 8354
8000 6828
8100 4131
8200 4591
8300 6002
8400 3895
8500 7121
8600 7904
8700 9203
8800 1107
8900 3326
9000 4774
9100 7856
9200 9547
9300 7225
9400 4950
9500 5176
9600 9080
9700 7498
9800 7372
9900 7596
10000 8709
10100 7461
10200 5540
10300 5969
10400 7211
10500 6852
10600 9455
10700 237
10800 9543
10900 3335
11000 5570
11100 6984
11200 4416
11300 712
11400 7278
11500 6552
11600 8662
11700 5580
11800 9116
11900 8487
12000 6584
12100 7890
12200 7771
12300 6239
12400 3133
12500 2905
12600 1673
12700 889
12800 1426
12900 287
13000 1942
13100 2885
13200 7564
13300 9595
13400 9490
13500 9829
13600 1930
13700 2302
13800 8110
13900 3705
14000 2764
14100 3822
14200 4644
14300 4192
14400 6400
14500 4714
14600 3897
14700 602
14800 2372
14900 4633
15000 5939
15100 4551
15200 5231
15300 6814
15400 7730
15500 8780
15600 9100
15700 1452
15800 2240
15900 1759
16000 3620
16100 724
16200 9534
16300 1165
16400 7998
16500 6370
16600 467
16700 9644
16800 741
16900 9344
17000 9025
17100 8258
17200 9955
17300 8746
17400 9000
17500 8838
17600 9866
17700 6985
17800 8135
17900 7752
18000 7114
18100 9659
18200 6422
18300 6128
18400 5504
18500 4010
18600 3012
18700 1101
18800 3811
18900 182
19000 8155
19100 6803
19200 7842
19300 9738
19400 9932
19500 9621
19600 1279
19700 9400
19800 7233
19900 8803
20000 7104
20100 9767
20200 1198
20300 3297
20400 3265
20500 758
20600 1777
20700 6802
20800 7977
20900 8196
21000 7638
21100 8493
21200 7622
21300 6407
21400 4498
21500 4238
21600 5150
21700 8397
21800 9364
21900 2726
22000 458
22100 8379
22200 8398
22300 8606
22400 7732
22500 4598
22600 6127
22700 4194
22800 2727
22900 5326
23000 4724
23100 5280
23200 5465
23300 4813
23400 8307
23500 6613
23600 9573
23700 9283
23800 1167
23900 609
24000 799
24100 9469
24200 510
24300 8690
24400 9185
24500 1873
24600 2185
24700 1096
24800 1296
24900 8980
25000 1096
25100 3919
25200 3779
25300 8876
25400 2792
25500 634
25600 1841
25700 9537
25800 1993
25900 1206
26000 1157
26100 283
26200 550
26300 2406
26400 9988
26500 1786
26600 3794
26700 4825
26800 5081
26900 7924
27000 9602
27100 37
27200 2210
27300 945
27400 9858
27500 8264
27600 5138
27700 3436
27800 2391
27900 2346
28000 1128
28100 962
28200 8592
28300 9967
28400 2365
28500 1557
28600 199
28700 8942
28800 6132
28900 6350
29000 7723
29100 1010
29200 1012
29300 9774
29400 9289
29500 9864
29600 8716
29700 8613
29800 8808
29900 8260
30000 8164
30100 5467
30200 7062
30300 6318
30400 5033
30500 7353
30600 5738
30700 8990
30800 7778
30900 7579
31000 9743
31100 7110
31200 8555
31300 9032
31400 627
31500 2822
31600 3232
31700 3444
31800 4286
31900 5414
32000 4278
32100 5814
32200 5702
32300 7895
32400 8632
32500 5999
32600 8387
32700 733
32800 1535
32900 218
33000 9105
33100 7032
33200 7567
33300 6248
33400 5199
33500 4169
33600 1228
33700 958
33800 1152
33900 6464
34000 8169
34100 5806
34200 4985
34300 5677
34400 4631
34500 6781
34600 7228
34700 9923
34800 1253
34900 2185
35000 47
35100 1668
35200 7352
35300 9314
35400 2425
35500 3421
35600 2300
35700 968
35800 2698
35900 8718
36000 8520
36100 354
36200 290
36300 858
36400 9936
36500 952
36600 651
36700 4091
36800 2499
36900 531
37000 17
37100 2451
37200 9828
37300 1287
37400 535
37500 385
37600 2643
37700 2150
37800 4228
37900 5673
38000 5609
38100 6109
38200 6572
38300 4693
38400 6317
38500 7132
38600 6933
38700 4994
38800 3158
38900 3970
39000 4495
39100 4296
39200 1744
39300 7532
39400 7302
39500 3748
39600 3347
39700 4960
39800 2204
39900 3588
40000 3070
40100 3731
40200 2628
40300 3660
40400 3699
40500 3762
40600 3301
40700 2513
40800 2103
40900 4768
41000 5941
41100 7566
41200 6179
41300 8401
41400 3171
41500 4653
41600 3803
41700 2928
41800 2040
41900 6744
42000 7277
42100 5210
42200 7671
42300 7797
42400 6264
42500 6156
42600 6602
42700 7395
42800 5902
42900 7679
43000 9287
43100 8449
43200 8150
43300 9273
43400 9120
43500 1507
43600 3701
43700 2657
43800 3265
43900 3007
44000 4703
44100 2681
44200 4283
44300 3455
44400 3392
44500 5136
44600 6565
44700 9477
44800 9381
44900 848
45000 1440
45100 2796
45200 2440
45300 8852
45400 1793
45500 2066
45600 8041
45700 8092
45800 9674
45900 6189
46000 5941
46100 6159
46200 7394
46300 7711
46400 9841
46500 523
46600 3570
46700 1008
46800 1610
46900 1778
47000 3138
47100 3174
47200 4163
47300 4438
47400 6069
47500 6893
47600 6149
47700 5335
47800 5444
47900 5004
48000 7840
48100 7819
48200 8030
48300 2316
48400 5453
48500 7565
48600 7364
48700 9045
48800 9768
48900 5840
49000 5627
49100 7309
49200 5210
49300 6319
49400 7849
49500 5109
49600 1908
49700 2237
49800 2285
49900 9633
50000 8761
50100 561
50200 9462
50300 1407
50400 2131
50500 9363
50600 1721
50700 3083
50800 3881
50900 9511
51000 2528
51100 1073
51200 165
51300 1299
51400 3022
51500 6497
51600 7737
51700 9399
51800 8553
51900 5288
52000 5700
52100 4654
52200 6836
52300 7261
52400 5810
52500 2674
52600 5041
52700 7945
52800 5096
52900 6657
53000 5383
53100 6812
53200 7446
53300 8654
53400 158
53500 945
53600 7390
53700 5532
53800 3351
53900 5030
54000 5626
54100 3950
54200 3031
54300 6092
54400 377
54500 1739
54600 1161
54700 1959
54800 4053
54900 346
55000 6981
55100 9819
55200 3971
55300 4996
55400 7073
55500 3747
55600 2475
55700 9387
55800 6281
55900 2843
56000 3277
56100 1025
56200 9501
56300 2749
56400 6582
56500 3906
56600 8945
56700 7392
56800 3845
56900 3910
57000 3094
57100 2105
57200 9888
57300 9851
57400 3892
57500 2459
57600 4198
57700 3136
57800 1810
57900 2571
58000 3396
58100 4660
58200 524
58300 7621
58400 2969
58500 4959
58600 5296
58700 7488
58800 8097
58900 8425
59000 7962
59100 6255
59200 4468
59300 1030
59400 206
59500 5355
59600 3339
59700 2226
59800 8056
59900 3907
60000 341
60100 452
60200 8293
60300 5789
60400 4875
60500 5674
60600 8174
60700 7975
60800 6196
60900 5579
61000 8958
61100 8614
61200 8445
61300 6674
61400 6242
61500 6593
61600 6804
61700 7518
61800 7929
61900 9656
62000 962
62100 3032
62200 3975
62300 3368
62400 3909
62500 4962
62600 3833
62700 2309
62800 4497
62900 4401
63000 5017
63100 6026
63200 7374
63300 8812
63400 2210
63500 5358
63600 7308
63700 7331
63800 7638
63900 7865
64000 9032
64100 6405
64200 7177
64300 7831
64400 8461
64500 8518
64600 9091
64700 9458
64800 5848
64900 7673
65000 6263
65100 7006
65200 6692
65300 6697
65400 5170
65500 3539
65600 3962
65700 6798
65800 9380
65900 8741
66000 7505
66100 7944
66200 9660
66300 7139
66400 6978
66500 8277
66600 2560
66700 4894
66800 5058
66900 7288
67000 4160
67100 2958
67200 2259
67300 1405
67400 4176
67500 6050
67600 6400
67700 9122
67800 7198
67900 7013
68000 6407
68100 6131
68200 9939
68300 1272
68400 797
68500 9022
68600 1945
68700 5672
68800 3961
68900 6095
69000 3661
69100 3614
69200 700
69300 294
69400 7048
69500 9800
69600 3791
69700 1323
69800 1632
69900 728
70000 8983
70100 1944
70200 680
70300 9349
70400 1472
70500 584
70600 8641
70700 7890
70800 9802
70900 3657
71000 6854
71100 4562
71200 4912
71300 6558
71400 6879
71500 2879
71600 979
71700 3800
71800 5416
71900 4519
72000 3704
72100 1056
72200 6753
72300 9152
72400 14
72500 7795
72600 9283
72700 8775
72800 6467
72900 5769
73000 8886
73100 28
73200 401
73300 1407
73400 2719
73500 8168
73600 8323
73700 7252
73800 4919
73900 3495
74000 4884
74100 4425
74200 6370
74300 4258
74400 5023
74500 3926
74600 6290
74700 7262
74800 7192
74900 7952
75000 8193
75100 1410
75200 708
75300 874
75400 111
75500 2378
75600 608
75700 9250
75800 6147
75900 5655
76000 7947
76100 247
76200 723
76300 9329
76400 6292
76500 6308
76600 4338
76700 3379
76800 2731
76900 628
77000 1841
77100 778
77200 1119
77300 9209
77400 9077
77500 225
77600 967
77700 1591
77800 1259
77900 2377
78000 6317
78100 4765
78200 4258
78300 6830
78400 8442
78500 8305
78600 6869
78700 5682
78800 9215
78900 9448
79000 5287
79100 4197
79200 3209
79300 3422
79400 3189
79500 3922
79600 4427
79700 4605
79800 5577
79900 3424
80000 3299
80100 3973
80200 3232
80300 4413
80400 3064
80500 5381
80600 5131
80700 4980
80800 6732
80900 6847
81000 6887
81100 7305
81200 8569
81300 9478
81400 1505
81500 2893
81600 3539
81700 3266
81800 4900
81900 7038
82000 9097
82100 8249
82200 6578
82300 9037
82400 2018
82500 1097
82600 3037
82700 4103
82800 1891
82900 1072
83000 5083
83100 3281
83200 5120
83300 5248
83400 449
83500 812
83600 1833
83700 9904
83800 234
83900 2589
84000 4251
84100 3161
84200 4987
84300 5905
84400 5735
84500 8404
84600 480
84700 259
84800 3014
84900 3970
85000 3228
85100 9961
85200 4783
85300 6025
85400 6431
85500 6664
85600 5404
85700 4186
85800 1493
85900 1644
86000 2927
86100 2803
86200 8922
86300 9104
86400 897
86500 8362
86600 7677
86700 7762
86800 8808
86900 1432
87000 2736
87100 1316
87200 2529
87300 4511
87400 3750
87500 4348
87600 5207
87700 6588
87800 7897
87900 9835
88000 585
88100 9638
88200 7987
88300 8441
88400 9312
88500 9610
88600 8586
88700 965
88800 7633
88900 998
89000 95
89100 1804
89200 1958
89300 4194
89400 4433
89500 6618
89600 4330
89700 4384
89800 5289
89900 4332
90000 6726
90100 9014
90200 147
90300 199
90400 138
90500 52
90600 7386
90700 7485
90800 6401
90900 513
91000 8936
91100 308
91200 5649
91300 4268
91400 4812
91500 6352
91600 3791
91700 4603
91800 3431
91900 6758
92000 5811
92100 3194
92200 3707
92300 8231
92400 4284
92500 4567
92600 3503
92700 5158
92800 2971
92900 2345
93000 7954
93100 8471
93200 7433
93300 2133
93400 840
93500 3680
93600 1136
93700 5353
93800 4446
93900 7969
94000 8858
94100 444
94200 1013
94300 1635
94400 682
94500 9785
94600 4278
94700 4127
94800 6875
94900 9808
95000 9481
95100 9557
95200 8671
95300 3120
95400 2558
95500 2145
95600 4244
95700 3625
95800 873
95900 213
96000 702
96100 2918
96200 1439
96300 1410
96400 3623
96500 5307
96600 6520
96700 355
96800 850
96900 9510
97000 548
97100 8850
97200 1742
97300 8318
97400 8428
97500 6761
97600 8175
97700 8621
97800 8956
97900 6726
98000 3080
98100 2676
98200 3606
98300 6323
98400 5165
98500 4942
98600 4158
98700 2755
98800 439
98900 9493
99000 8316
99100 8550
99200 8480
99300 9288
99400 2165
99500 2188
99600 2636
99700 4821
99800 4696
99900 6528
100000 6009
