1 0
2 0
3 0
4 0
5 0
6 0
7 0
8 0
9 1
10 2
11 5
12 2
13 5
14 6
15 12
16 10
17 12
18 9
19 6
20 7
21 10
22 7
23 7
24 5
25 5
26 4
27 5
28 3
29 6
30 10
31 8
32 9
33 10
34 6
35 4
36 4
37 4
38 2
39 7
40 8
41 10
42 12
43 14
44 12
45 11
46 12
47 14
48 12
49 7
50 8
51 7
52 6
53 3
54 4
55 4
56 5
57 4
58 7
59 4
60 4
61 2
62 2
63 2
64 0
65 0
66 0
67 0
68 0
69 0
70 0
71 0
72 1
73 0
74 0
75 0
76 0
77 0
78 0
79 0
80 0
81 0
82 1
83 2
84 1
85 2
86 1
87 0
88 0
89 1
90 1
91 1
92 2
93 3
94 1
95 1
96 2
97 4
98 4
99 2
100 3
101 2
102 3
103 2
104 3
105 3
106 2
107 4
108 3
109 3
110 5
111 3
112 3
113 1
114 1
115 2
116 1
117 3
118 3
119 4
120 3
121 5
122 3
123 2
124 5
125 3
126 4
127 5
128 3
129 3
130 3
131 3
132 1
133 1
134 1
135 1
136 1
137 2
138 1
139 0
140 1
141 1
142 0
143 0
144 0
145 1
146 2
147 4
148 8
149 7
150 5
151 5
152 1
153 1
154 0
155 0
156 0
157 0
158 0
159 0
160 0
161 0
162 0
163 0
164 0
165 0
166 2
167 2
168 1
169 0
170 0
171 0
172 0
173 0
174 0
175 0
176 0
177 0
178 0
179 0
180 0
181 0
182 0
183 0
184 1
185 3
186 1
187 0
188 0
189 1
190 0
191 0
192 0
193 0
194 1
195 1
196 0
197 0
198 0
199 0
200 0
201 1
202 4
203 2
204 2
205 3
206 3
207 3
208 3
209 1
210 0
211 0
212 0
213 0
214 0
215 0
216 0
217 0
218 1
219 0
220 0
221 0
222 1
223 4
224 1
225 1
226 2
227 1
228 3
229 3
230 4
231 8
232 7
233 9
234 8
235 9
236 4
237 3
238 6
239 4
240 7
241 5
242 7
243 7
244 8
245 9
246 13
247 9
248 15
249 14
250 12
251 13
252 11
253 15
254 13
255 8
256 8
257 3
258 3
259 4
260 7
261 7
262 4
263 3
264 1
265 2
266 1
267 1
268 1
269 0
270 0
271 0
272 0
273 0
274 0
275 0
276 0
277 2
278 2
279 1
280 2
281 2
282 2
283 2
284 0
285 0
286 0
287 0
288 0
289 0
290 0
291 0
292 2
293 3
294 3
295 4
296 1
297 1
298 1
299 1
300 0
301 1
302 1
303 0
304 1
305 0
306 0
307 0
308 0
309 0
310 0
311 0
312 0
313 1
314 0
315 0
316 1
317 2
318 2
319 1
320 3
321 3
322 3
323 5
324 7
325 6
326 7
327 6
328 5
329 4
330 7
331 6
332 4
333 3
334 3
335 3
336 4
337 3
338 3
339 1
340 1
341 1
342 1
343 1
344 2
345 3
346 1
347 0
348 0
349 0
350 0
351 0
352 0
353 0
354 0
355 0
356 0
357 0
358 0
359 0
360 0
361 0
362 1
363 0
364 0
365 0
366 0
367 0
368 0
369 0
370 1
371 1
372 0
373 0
374 0
375 0
376 0
377 0
378 0
379 0
380 0
381 0
382 0
383 1
384 3
385 0
386 0
387 0
388 0
389 0
390 0
391 0
392 0
393 0
394 0
395 0
396 0
397 0
398 0
399 0
400 0
401 0
402 0
403 1
404 0
405 0
406 0
407 1
408 1
409 0
410 0
411 0
412 0
413 0
414 0
415 0
416 0
417 0
418 1
419 1
420 3
421 6
422 5
423 5
424 8
425 3
426 7
427 6
428 5
429 8
430 7
431 7
432 7
433 14
434 9
435 7
436 9
437 7
438 9
439 7
440 5
441 10
442 9
443 4
444 2
445 2
446 1
447 1
448 1
449 1
450 3
451 3
452 2
453 1
454 0
455 0
456 1
457 0
458 0
459 0
460 0
461 1
462 0
463 0
464 0
465 0
466 0
467 0
468 1
469 0
470 0
471 0
472 0
473 1
474 4
475 4
476 3
477 3
478 7
479 7
480 11
481 10
482 12
483 12
484 16
485 17
486 16
487 23
488 27
489 23
490 24
491 21
492 24
493 24
494 17
495 16
496 11
497 9
498 16
499 8
500 8
501 6
502 3
503 3
504 3
505 5
506 10
507 12
508 17
509 19
510 16
511 18
512 20
513 25
514 22
515 17
516 13
517 16
518 20
519 24
520 26
521 21
522 22
523 27
524 19
525 27
526 25
527 26
528 27
529 24
530 20
531 22
532 19
533 25
534 18
535 21
536 20
537 18
538 20
539 11
540 13
541 11
542 5
543 8
544 6
545 15
546 16
547 17
548 14
549 21
550 17
551 14
552 16
553 16
554 12
555 10
556 9
557 9
558 5
559 6
560 5
561 4
562 4
563 2
564 3
565 5
566 2
567 2
568 0
569 1
570 5
571 3
572 3
573 1
574 0
575 1
576 1
577 0
578 0
579 0
580 0
581 0
582 0
583 0
584 0
585 0
586 0
587 0
588 0
589 0
590 0
591 0
592 0
593 0
594 0
595 0
596 1
597 1
598 1
599 1
600 1
601 3
602 2
603 6
604 5
605 6
606 8
607 8
608 7
609 6
610 4
611 3
612 1
613 3
614 5
615 4
616 4
617 4
618 3
619 7
620 6
621 8
622 7
623 5
624 8
625 3
626 0
627 1
628 3
629 5
630 5
631 6
632 5
633 5
634 1
635 1
636 2
637 3
638 4
639 4
640 6
641 5
642 3
643 2
644 3
645 5
646 5
647 6
648 0
649 0
650 0
651 0
652 0
653 0
654 0
655 0
656 0
657 0
658 0
659 0
660 0
661 0
662 0
663 0
664 0
665 0
666 0
667 0
668 0
669 1
670 1
671 1
672 1
673 0
674 2
675 3
676 2
677 1
678 1
679 2
680 1
681 2
682 0
683 0
684 0
685 1
686 1
687 1
688 1
689 1
690 2
691 2
692 1
693 2
694 1
695 4
696 6
697 8
698 7
699 12
700 12
701 11
702 5
703 4
704 3
705 3
706 5
707 6
708 6
709 6
710 6
711 3
712 0
713 0
714 0
715 0
716 0
717 0
718 0
719 0
720 0
721 0
722 1
723 0
724 0
725 1
726 2
727 3
728 7
729 11
730 7
731 11
732 14
733 16
734 22
735 19
736 17
737 15
738 17
739 17
740 16
741 19
742 16
743 20
744 25
745 24
746 18
747 14
748 16
749 19
750 23
751 27
752 22
753 21
754 26
755 25
756 19
757 20
758 21
759 18
760 19
761 19
762 17
763 21
764 21
765 21
766 20
767 29
768 33
769 33
770 34
771 46
772 46
773 29
774 30
775 29
776 26
777 23
778 27
779 22
780 28
781 28
782 36
783 35
784 47
785 57
786 63
787 42
788 38
789 34
790 42
791 39
792 41
793 39
794 41
795 32
796 30
797 20
798 23
799 24
800 19
801 13
802 12
803 12
804 16
805 27
806 27
807 29
808 31
809 34
810 28
811 24
812 23
813 22
814 31
815 34
816 27
817 37
818 34
819 39
820 45
821 48
822 65
823 62
824 59
825 54
826 56
827 70
828 70
829 60
830 61
831 63
832 70
833 77
834 73
835 72
836 74
837 75
838 62
839 69
840 84
841 92
842 107
843 84
844 79
845 65
846 53
847 58
848 68
849 59
850 62
851 68
852 54
853 62
854 69
855 73
856 81
857 80
858 90
859 95
860 92
861 84
862 62
863 78
864 87
865 90
866 106
867 97
868 99
869 88
870 82
871 97
872 109
873 98
874 69
875 75
876 64
877 66
878 64
879 63
880 57
881 74
882 78
883 73
884 75
885 65
886 65
887 44
888 34
889 46
890 51
891 59
892 69
893 60
894 59
895 67
896 71
897 59
898 64
899 67
900 66
901 64
902 76
903 55
904 44
905 51
906 49
907 50
908 56
909 61
910 67
911 63
912 61
913 56
914 74
915 70
916 70
917 66
918 73
919 74
920 82
921 87
922 90
923 103
924 131
925 125
926 117
927 115
928 126
929 140
930 139
931 165
932 144
933 159
934 130
935 133
936 139
937 145
938 144
939 126
940 103
941 131
942 146
943 149
944 134
945 121
946 105
947 113
948 99
949 101
950 75
951 77
952 66
953 61
954 53
955 53
956 46
957 50
958 54
959 46
960 46
961 53
962 44
963 41
964 45
965 47
966 37
967 32
968 26
969 33
970 44
971 42
972 38
973 31
974 28
975 18
976 20
977 17
978 28
979 20
980 20
981 15
982 14
983 9
984 11
985 14
986 12
987 9
988 8
989 10
990 13
991 12
992 12
993 8
994 6
995 6
996 6
997 6
998 3
999 4
1000 4
