1 1
2 3
3 3
4 10
5 13
6 18
7 18
8 19
9 23
10 27
11 32
12 32
13 41
14 45
15 43
16 47
17 39
18 40
19 43
20 46
21 46
22 48
23 60
24 54
25 64
26 71
27 78
28 79
29 85
30 81
31 74
32 73
33 70
34 71
35 75
36 76
37 61
38 43
39 57
40 53
41 58
42 65
43 78
44 81
45 82
46 96
47 80
48 75
49 79
50 84
51 86
52 92
53 93
54 100
55 106
56 119
57 116
58 117
59 138
60 164
61 179
62 185
63 195
64 191
65 195
66 189
67 204
68 195
69 214
70 216
71 191
72 206
73 203
74 214
75 193
76 205
77 225
78 218
79 223
80 205
81 194
82 187
83 175
84 161
85 152
86 152
87 151
88 155
89 171
90 207
91 235
92 251
93 269
94 276
95 287
96 285
97 314
98 312
99 310
100 331
101 331
102 315
103 278
104 289
105 300
106 300
107 298
108 321
109 365
110 383
111 355
112 358
113 368
114 366
115 394
116 393
117 419
118 435
119 418
120 419
121 409
122 374
123 390
124 408
125 441
126 459
127 463
128 435
129 408
130 439
131 438
132 460
133 473
134 490
135 466
136 447
137 447
138 431
139 415
140 407
141 422
142 442
143 404
144 386
145 390
146 412
147 416
148 408
149 388
150 380
151 385
152 378
153 376
154 345
155 356
156 345
157 348
158 330
159 326
160 305
161 299
162 305
163 317
164 315
165 332
166 338
167 340
168 362
169 370
170 331
171 355
172 379
173 386
174 409
175 406
176 398
177 361
178 363
179 347
180 363
181 384
182 380
183 380
184 387
185 370
186 370
187 379
188 377
189 398
190 399
191 409
192 375
193 352
194 358
195 362
196 347
197 366
198 363
199 363
200 341
201 330
202 320
203 322
204 325
205 311
206 303
207 284
208 278
209 301
210 343
211 338
212 318
213 329
214 362
215 320
216 315
217 337
218 342
219 334
220 369
221 357
222 358
223 355
224 378
225 386
226 412
227 425
228 422
229 440
230 420
231 406
232 420
233 411
234 389
235 374
236 343
237 331
238 340
239 342
240 345
241 337
242 317
243 335
244 339
245 299
246 304
247 271
248 297
249 310
250 338
251 346
252 313
253 298
254 293
255 310
256 323
257 315
258 315
259 279
260 302
261 328
262 348
263 388
264 380
265 382
266 377
267 344
268 375
269 398
270 402
271 392
272 391
273 414
274 439
275 463
276 452
277 433
278 421
279 412
280 393
281 390
282 396
283 354
284 346
285 336
286 356
287 370
288 329
289 321
290 325
291 302
292 279
293 274
294 288
295 288
296 272
297 276
298 292
299 279
300 280
301 272
302 280
303 270
304 260
305 273
306 284
307 265
308 257
309 256
310 250
311 256
312 287
313 292
314 288
315 285
316 306
317 310
318 330
319 363
320 382
321 371
322 393
323 400
324 376
325 361
326 346
327 330
328 322
329 303
330 324
331 313
332 311
333 320
334 320
335 364
336 363
337 361
338 349
339 311
340 336
341 322
342 279
343 257
344 266
345 255
346 280
347 242
348 268
349 292
350 305
351 291
352 280
353 268
354 256
355 236
356 250
357 253
358 237
359 251
360 252
361 265
362 265
363 262
364 242
365 253
366 252
367 272
368 254
369 258
370 262
371 267
372 267
373 273
374 297
375 328
376 329
377 341
378 358
379 343
380 365
381 355
382 376
383 358
384 357
385 371
386 348
387 356
388 353
389 357
390 383
391 378
392 384
393 380
394 414
395 431
396 407
397 458
398 456
399 485
400 477
401 476
402 447
403 456
404 483
405 475
406 482
407 466
408 468
409 462
410 462
411 464
412 498
413 468
414 490
415 524
416 559
417 568
418 588
419 578
420 595
421 622
422 594
423 595
424 641
425 670
426 727
427 735
428 774
429 812
430 860
431 925
432 896
433 876
434 871
435 882
436 864
437 851
438 897
439 931
440 933
441 950
442 948
443 892
444 934
445 948
446 15
447 72
448 85
449 93
450 39
451 95
452 132
453 171
454 206
455 212
456 143
457 106
458 84
459 112
460 115
461 137
462 108
463 89
464 119
465 150
466 160
467 83
468 161
469 144
470 109
471 108
472 87
473 39
474 1
475 971
476 938
477 966
478 957
479 943
480 971
481 949
482 954
483 954
484 930
485 881
486 890
487 805
488 803
489 813
490 799
491 765
492 780
493 711
494 745
495 776
496 779
497 788
498 757
499 733
500 694
501 708
502 733
503 735
504 761
505 759
506 755
507 773
508 721
509 763
510 776
511 780
512 777
513 776
514 798
515 817
516 807
517 799
518 783
519 803
520 759
521 756
522 808
523 822
524 851
525 846
526 840
527 795
528 790
529 783
530 805
531 819
532 814
533 827
534 873
535 858
536 813
537 751
538 753
539 763
540 795
541 784
542 755
543 756
544 794
545 802
546 819
547 870
548 851
549 867
550 817
551 830
552 821
553 825
554 816
555 840
556 844
557 904
558 893
559 878
560 951
561 915
562 938
563 909
564 955
565 940
566 970
567 967
568 990
569 965
570 993
571 31
572 46
573 51
574 17
575 26
576 44
577 37
578 28
579 1
580 29
581 54
582 13
583 991
584 984
585 21
586 53
587 84
588 131
589 133
590 117
591 190
592 186
593 189
594 197
595 228
596 166
597 201
598 176
599 189
600 207
601 186
602 223
603 200
604 253
605 253
606 216
607 226
608 232
609 302
610 267
611 215
612 197
613 177
614 191
615 219
616 217
617 221
618 235
619 244
620 257
621 310
622 268
623 283
624 321
625 219
626 174
627 152
628 189
629 260
630 219
631 186
632 221
633 264
634 287
635 267
636 252
637 278
638 289
639 298
640 331
641 398
642 410
643 422
644 425
645 461
646 432
647 411
648 427
649 414
650 403
651 371
652 341
653 305
654 301
655 302
656 279
657 292
658 324
659 355
660 357
661 342
662 341
663 292
664 330
665 324
666 316
667 266
668 340
669 376
670 416
671 417
672 423
673 422
674 463
675 431
676 407
677 451
678 446
679 492
680 489
681 469
682 449
683 442
684 443
685 521
686 496
687 538
688 505
689 507
690 520
691 581
692 578
693 581
694 614
695 612
696 654
697 683
698 690
699 671
700 646
701 664
702 727
703 722
704 731
705 779
706 815
707 763
708 753
709 748
710 762
711 801
712 838
713 850
714 864
715 869
716 916
717 977
718 985
719 39
720 14
721 8
722 1
723 984
724 999
725 38
726 19
727 16
728 68
729 112
730 76
731 153
732 142
733 164
734 125
735 71
736 87
737 67
738 105
739 116
740 186
741 149
742 166
743 176
744 207
745 199
746 252
747 285
748 411
749 475
750 450
751 443
752 422
753 459
754 493
755 528
756 553
757 556
758 524
759 547
760 549
761 541
762 475
763 466
764 450
765 514
766 609
767 604
768 643
769 688
770 727
771 798
772 794
773 781
774 830
775 820
776 788
777 820
778 876
779 900
780 971
781 937
782 903
783 931
784 894
785 899
786 891
787 878
788 837
789 869
790 849
791 794
792 846
793 844
794 831
795 920
796 899
797 973
798 996
799 968
800 961
801 934
802 899
803 892
804 858
805 949
806 942
807 929
808 912
809 848
810 825
811 808
812 863
813 872
814 761
815 769
816 897
817 891
818 883
819 861
820 846
821 834
822 849
823 878
824 837
825 762
826 804
827 793
828 750
829 779
830 726
831 779
832 813
833 757
834 759
835 788
836 882
837 888
838 838
839 859
840 831
841 897
842 954
843 0
844 902
845 28
846 990
847 49
848 85
849 103
850 162
851 174
852 106
853 153
854 186
855 112
856 37
857 88
858 126
859 104
860 99
861 96
862 82
863 133
864 2
865 988
866 25
867 989
868 16
869 103
870 179
871 251
872 237
873 170
874 156
875 160
876 205
877 170
878 186
879 132
880 162
881 123
882 129
883 198
884 289
885 258
886 241
887 242
888 262
889 239
890 239
891 165
892 202
893 208
894 231
895 266
896 321
897 308
898 244
899 308
900 316
901 185
902 85
903 47
904 62
905 998
906 952
907 929
908 922
909 913
910 999
911 971
912 942
913 984
914 967
915 977
916 11
917 84
918 51
919 981
920 9
921 990
922 997
923 87
924 56
925 963
926 948
927 885
928 863
929 786
930 841
931 887
932 962
933 887
934 959
935 24
936 999
937 10
938 980
939 4
940 986
941 15
942 60
943 99
944 157
945 206
946 182
947 194
948 236
949 170
950 89
951 88
952 139
953 167
954 247
955 251
956 227
957 262
958 250
959 257
960 252
961 280
962 228
963 314
964 354
965 441
966 510
967 547
968 533
969 545
970 542
971 499
972 530
973 445
974 325
975 343
976 317
977 389
978 348
979 323
980 260
981 269
982 403
983 358
984 279
985 353
986 402
987 357
988 337
989 479
990 519
991 463
992 478
993 416
994 437
995 384
996 443
997 370
998 386
999 365
1000 286
