1 0
2 1
3 1
4 2
5 0
6 0
7 0
8 0
9 0
10 0
11 1
12 1
13 0
14 0
15 0
16 0
17 0
18 0
19 0
20 0
21 0
22 0
23 0
24 0
25 1
26 0
27 0
28 0
29 0
30 0
31 0
32 0
33 0
34 0
35 0
36 1
37 1
38 3
39 4
40 2
41 0
42 0
43 1
44 0
45 0
46 0
47 0
48 1
49 0
50 0
51 0
52 0
53 1
54 2
55 4
56 4
57 2
58 2
59 0
60 1
61 1
62 0
63 0
64 0
65 0
66 0
67 1
68 3
69 5
70 4
71 6
72 13
73 10
74 7
75 9
76 10
77 6
78 12
79 11
80 8
81 6
82 1
83 1
84 4
85 4
86 4
87 8
88 9
89 10
90 9
91 9
92 5
93 5
94 7
95 9
96 18
97 16
98 17
99 20
100 24
101 26
102 25
103 34
104 36
105 26
106 24
107 26
108 34
109 31
110 30
111 26
112 24
113 22
114 14
115 16
116 19
117 26
118 20
119 26
120 16
121 24
122 30
123 32
124 36
125 28
126 35
127 34
128 37
129 37
130 32
131 39
132 29
133 22
134 14
135 18
136 15
137 11
138 6
139 5
140 11
141 10
142 10
143 8
144 10
145 10
146 10
147 8
148 15
149 14
150 13
151 17
152 11
153 16
154 15
155 13
156 11
157 9
158 8
159 9
160 10
161 11
162 11
163 8
164 5
165 7
166 6
167 3
168 4
169 1
170 2
171 2
172 1
173 0
174 0
175 1
176 0
177 1
178 2
179 3
180 3
181 5
182 6
183 8
184 8
185 6
186 5
187 7
188 9
189 10
190 10
191 9
192 6
193 2
194 3
195 4
196 1
197 3
198 5
199 9
200 10
201 7
202 5
203 4
204 2
205 0
206 1
207 0
208 0
209 0
210 0
211 0
212 0
213 0
214 0
215 0
216 1
217 1
218 0
219 0
220 0
221 0
222 0
223 0
224 0
225 0
226 0
227 0
228 1
229 0
230 0
231 0
232 0
233 1
234 2
235 4
236 5
237 2
238 2
239 6
240 6
241 2
242 4
243 5
244 6
245 5
246 3
247 5
248 2
249 3
250 3
251 7
252 11
253 10
254 12
255 8
256 11
257 12
258 4
259 6
260 8
261 6
262 9
263 9
264 6
265 7
266 9
267 6
268 6
269 10
270 16
271 13
272 16
273 14
274 9
275 8
276 5
277 6
278 5
279 3
280 1
281 0
282 0
283 0
284 0
285 0
286 0
287 0
288 0
289 0
290 0
291 0
292 0
293 0
294 0
295 0
296 0
297 0
298 0
299 0
300 0
301 0
302 1
303 0
304 0
305 0
306 0
307 0
308 1
309 1
310 0
311 0
312 0
313 0
314 0
315 0
316 0
317 1
318 0
319 0
320 1
321 0
322 0
323 0
324 0
325 0
326 0
327 0
328 0
329 0
330 0
331 1
332 0
333 0
334 0
335 1
336 2
337 3
338 1
339 1
340 0
341 0
342 0
343 0
344 0
345 0
346 0
347 0
348 0
349 0
350 0
351 0
352 1
353 2
354 0
355 0
356 1
357 0
358 0
359 1
360 2
361 0
362 0
363 0
364 0
365 1
366 1
367 1
368 1
369 0
370 0
371 0
372 0
373 0
374 0
375 0
376 1
377 0
378 0
379 0
380 0
381 0
382 0
383 0
384 0
385 0
386 2
387 3
388 0
389 0
390 0
391 0
392 0
393 0
394 0
395 0
396 1
397 2
398 1
399 2
400 0
401 0
402 0
403 0
404 0
405 0
406 0
407 1
408 4
409 5
410 1
411 1
412 1
413 3
414 1
415 1
416 2
417 2
418 1
419 1
420 1
421 0
422 0
423 0
424 0
425 0
426 0
427 0
428 0
429 0
430 0
431 0
432 0
433 0
434 0
435 1
436 2
437 1
438 3
439 2
440 2
441 1
442 1
443 0
444 0
445 0
446 0
447 2
448 4
449 5
450 5
451 6
452 6
453 7
454 10
455 12
456 12
457 12
458 13
459 9
460 9
461 9
462 11
463 8
464 13
465 12
466 15
467 22
468 14
469 10
470 8
471 8
472 7
473 9
474 4
475 4
476 6
477 4
478 3
479 5
480 5
481 5
482 6
483 12
484 15
485 12
486 12
487 10
488 7
489 7
490 4
491 4
492 4
493 4
494 4
495 2
496 2
497 1
498 1
499 1
500 1
501 0
502 1
503 1
504 1
505 0
506 0
507 1
508 1
509 1
510 1
511 1
512 1
513 0
514 0
515 0
516 0
517 0
518 0
519 0
520 0
521 0
522 0
523 0
524 0
525 0
526 0
527 0
528 1
529 1
530 1
531 1
532 0
533 0
534 0
535 0
536 1
537 1
538 1
539 2
540 2
541 2
542 2
543 3
544 0
545 0
546 0
547 0
548 0
549 0
550 0
551 0
552 2
553 0
554 0
555 0
556 0
557 0
558 0
559 0
560 1
561 0
562 1
563 0
564 0
565 0
566 0
567 0
568 0
569 0
570 0
571 1
572 1
573 3
574 2
575 4
576 4
577 3
578 5
579 10
580 5
581 8
582 9
583 13
584 9
585 8
586 8
587 9
588 6
589 5
590 3
591 8
592 6
593 5
594 8
595 6
596 6
597 7
598 10
599 9
600 9
601 8
602 11
603 15
604 36
605 32
606 28
607 33
608 34
609 38
610 29
611 28
612 24
613 28
614 23
615 18
616 24
617 22
618 26
619 23
620 19
621 18
622 15
623 17
624 20
625 24
626 20
627 21
628 34
629 23
630 22
631 24
632 29
633 32
634 38
635 36
636 37
637 34
638 43
639 44
640 34
641 32
642 33
643 28
644 38
645 56
646 57
647 51
648 60
649 60
650 65
651 56
652 51
653 59
654 60
655 67
656 51
657 46
658 28
659 28
660 23
661 23
662 18
663 18
664 21
665 16
666 16
667 13
668 10
669 12
670 10
671 7
672 4
673 1
674 2
675 2
676 1
677 1
678 1
679 1
680 0
681 0
682 1
683 1
684 2
685 4
686 9
687 10
688 14
689 9
690 5
691 5
692 7
693 3
694 6
695 7
696 4
697 2
698 1
699 3
700 6
701 8
702 9
703 9
704 16
705 13
706 16
707 15
708 17
709 17
710 14
711 14
712 17
713 22
714 22
715 20
716 13
717 12
718 8
719 5
720 6
721 2
722 0
723 0
724 0
725 0
726 1
727 0
728 0
729 0
730 1
731 0
732 0
733 0
734 0
735 0
736 0
737 0
738 1
739 1
740 1
741 2
742 7
743 8
744 11
745 14
746 14
747 16
748 17
749 20
750 24
751 18
752 22
753 19
754 16
755 17
756 10
757 14
758 12
759 17
760 20
761 25
762 27
763 24
764 26
765 31
766 25
767 23
768 24
769 25
770 22
771 27
772 29
773 36
774 37
775 39
776 44
777 36
778 36
779 44
780 49
781 47
782 48
783 50
784 44
785 38
786 42
787 35
788 38
789 36
790 38
791 48
792 56
793 52
794 53
795 63
796 59
797 67
798 64
799 62
800 67
801 78
802 79
803 75
804 85
805 81
806 85
807 67
808 64
809 55
810 53
811 54
812 68
813 51
814 56
815 59
816 61
817 73
818 77
819 86
820 89
821 80
822 85
823 74
824 84
825 74
826 77
827 86
828 70
829 63
830 58
831 83
832 88
833 84
834 98
835 88
836 85
837 72
838 85
839 90
840 94
841 116
842 102
843 117
844 107
845 99
846 106
847 106
848 89
849 85
850 82
851 83
852 88
853 61
854 54
855 59
856 64
857 63
858 62
859 63
860 68
861 64
862 73
863 61
864 49
865 53
866 62
867 64
868 71
869 74
870 72
871 79
872 70
873 84
874 89
875 100
876 92
877 99
878 108
879 106
880 103
881 103
882 104
883 92
884 92
885 77
886 55
887 50
888 54
889 64
890 56
891 50
892 47
893 42
894 43
895 40
896 45
897 41
898 41
899 36
900 31
901 32
902 45
903 36
904 29
905 29
906 35
907 46
908 51
909 46
910 48
911 36
912 34
913 46
914 38
915 50
916 48
917 40
918 64
919 53
920 54
921 46
922 42
923 40
924 31
925 25
926 30
927 33
928 27
929 19
930 20
931 23
932 17
933 17
934 17
935 20
936 19
937 13
938 15
939 22
940 23
941 19
942 5
943 1
944 0
945 0
946 0
947 0
948 0
949 0
950 0
951 0
952 0
953 1
954 0
955 0
956 1
957 0
958 0
959 0
960 1
961 3
962 4
963 4
964 6
965 4
966 6
967 6
968 4
969 4
970 2
971 2
972 1
973 1
974 3
975 5
976 6
977 3
978 3
979 1
980 3
981 3
982 4
983 4
984 4
985 1
986 0
987 0
988 0
989 0
990 1
991 0
992 0
993 0
994 0
995 0
996 0
997 0
998 0
999 0
1000 0
