1 1
2 1
3 1
4 0
5 0
6 0
7 0
8 1
9 2
10 4
11 1
12 1
13 0
14 0
15 0
16 0
17 0
18 0
19 0
20 0
21 0
22 0
23 1
24 1
25 0
26 0
27 0
28 0
29 0
30 1
31 1
32 1
33 1
34 2
35 2
36 3
37 5
38 6
39 11
40 12
41 10
42 14
43 18
44 15
45 24
46 23
47 22
48 23
49 32
50 42
51 53
52 66
53 76
54 83
55 72
56 65
57 64
58 60
59 64
60 62
61 61
62 68
63 68
64 51
65 41
66 39
67 38
68 34
69 29
70 37
71 30
72 20
73 16
74 19
75 20
76 14
77 9
78 6
79 8
80 9
81 19
82 28
83 26
84 22
85 20
86 29
87 21
88 22
89 27
90 35
91 34
92 40
93 41
94 41
95 47
96 49
97 43
98 41
99 44
100 49
101 29
102 33
103 30
104 19
105 13
106 15
107 8
108 9
109 13
110 14
111 12
112 15
113 15
114 12
115 9
116 1
117 0
118 0
119 0
120 1
121 1
122 1
123 2
124 3
125 3
126 0
127 0
128 0
129 0
130 0
131 0
132 0
133 0
134 1
135 2
136 3
137 6
138 3
139 5
140 8
141 7
142 9
143 7
144 9
145 9
146 14
147 11
148 17
149 15
150 6
151 4
152 2
153 1
154 0
155 1
156 3
157 4
158 4
159 7
160 9
161 7
162 7
163 8
164 11
165 12
166 6
167 10
168 13
169 15
170 15
171 23
172 23
173 24
174 27
175 31
176 28
177 40
178 35
179 39
180 45
181 53
182 63
183 56
184 66
185 53
186 54
187 74
188 64
189 61
190 54
191 55
192 56
193 52
194 52
195 50
196 54
197 49
198 55
199 46
200 48
201 46
202 31
203 38
204 40
205 28
206 33
207 34
208 44
209 41
210 39
211 26
212 22
213 24
214 21
215 23
216 25
217 21
218 25
219 27
220 20
221 12
222 8
223 11
224 7
225 7
226 6
227 3
228 2
229 1
230 1
231 3
232 3
233 3
234 3
235 7
236 8
237 6
238 6
239 5
240 4
241 4
242 4
243 4
244 5
245 3
246 5
247 0
248 0
249 0
250 0
251 1
252 1
253 1
254 0
255 0
256 0
257 1
258 0
259 0
260 0
261 0
262 1
263 0
264 1
265 1
266 1
267 1
268 1
269 1
270 1
271 0
272 0
273 1
274 0
275 1
276 0
277 0
278 0
279 0
280 0
281 1
282 0
283 0
284 0
285 0
286 0
287 0
288 2
289 2
290 1
291 3
292 5
293 4
294 6
295 6
296 4
297 1
298 1
299 0
300 2
301 4
302 6
303 2
304 5
305 7
306 2
307 2
308 4
309 4
310 7
311 6
312 9
313 6
314 10
315 7
316 5
317 2
318 2
319 2
320 2
321 4
322 1
323 1
324 2
325 1
326 1
327 1
328 0
329 0
330 0
331 0
332 0
333 0
334 0
335 0
336 0
337 0
338 0
339 0
340 0
341 0
342 0
343 2
344 4
345 9
346 11
347 10
348 7
349 12
350 15
351 19
352 23
353 23
354 21
355 21
356 26
357 27
358 23
359 24
360 28
361 26
362 24
363 31
364 30
365 39
366 49
367 59
368 43
369 50
370 39
371 42
372 53
373 60
374 53
375 57
376 61
377 68
378 47
379 45
380 46
381 37
382 33
383 31
384 35
385 40
386 57
387 43
388 57
389 67
390 70
391 66
392 60
393 66
394 48
395 44
396 49
397 51
398 56
399 59
400 68
401 59
402 81
403 98
404 101
405 106
406 93
407 111
408 85
409 94
410 88
411 84
412 76
413 85
414 84
415 96
416 86
417 102
418 102
419 99
420 88
421 74
422 54
423 66
424 63
425 57
426 50
427 58
428 61
429 66
430 73
431 81
432 85
433 101
434 106
435 95
436 98
437 97
438 109
439 129
440 127
441 126
442 126
443 108
444 111
445 119
446 125
447 120
448 121
449 100
450 107
451 102
452 104
453 104
454 103
455 93
456 94
457 92
458 105
459 108
460 90
461 90
462 74
463 72
464 85
465 89
466 71
467 70
468 71
469 62
470 65
471 72
472 75
473 74
474 88
475 87
476 80
477 69
478 62
479 62
480 64
481 77
482 82
483 101
484 110
485 123
486 136
487 137
488 128
489 133
490 117
491 119
492 115
493 129
494 123
495 124
496 125
497 126
498 133
499 135
500 140
501 146
502 151
503 159
504 168
505 178
506 187
507 193
508 202
509 212
510 220
511 207
512 181
513 185
514 203
515 196
516 204
517 234
518 246
519 238
520 267
521 261
522 275
523 280
524 292
525 287
526 310
527 302
528 283
529 323
530 333
531 338
532 350
533 340
534 353
535 344
536 352
537 331
538 305
539 325
540 298
541 303
542 300
543 315
544 331
545 325
546 298
547 280
548 289
549 274
550 281
551 311
552 303
553 319
554 315
555 323
556 307
557 304
558 300
559 303
560 304
561 292
562 287
563 282
564 251
565 295
566 313
567 304
568 321
569 342
570 347
571 344
572 354
573 351
574 306
575 312
576 303
577 304
578 307
579 293
580 292
581 280
582 291
583 294
584 285
585 281
586 293
587 306
588 296
589 283
590 312
591 303
592 317
593 308
594 328
595 315
596 341
597 338
598 327
599 340
600 343
601 317
602 302
603 319
604 302
605 281
606 267
607 276
608 239
609 238
610 250
611 249
612 218
613 231
614 229
615 251
616 241
617 222
618 198
619 183
620 179
621 165
622 164
623 166
624 151
625 147
626 178
627 177
628 161
629 164
630 174
631 180
632 172
633 173
634 171
635 162
636 159
637 163
638 149
639 149
640 150
641 139
642 154
643 142
644 141
645 144
646 156
647 153
648 166
649 192
650 208
651 227
652 221
653 217
654 217
655 223
656 241
657 221
658 221
659 226
660 233
661 224
662 233
663 257
664 267
665 286
666 274
667 274
668 296
669 320
670 310
671 298
672 347
673 329
674 333
675 346
676 329
677 302
678 278
679 257
680 274
681 272
682 283
683 297
684 276
685 308
686 310
687 343
688 351
689 348
690 371
691 411
692 450
693 471
694 480
695 451
696 486
697 521
698 484
699 505
700 514
701 525
702 521
703 515
704 553
705 521
706 519
707 523
708 508
709 529
710 548
711 575
712 556
713 530
714 564
715 541
716 549
717 495
718 523
719 524
720 521
721 514
722 514
723 496
724 547
725 543
726 487
727 475
728 442
729 457
730 447
731 430
732 389
733 381
734 351
735 358
736 366
737 333
738 333
739 339
740 358
741 351
742 351
743 333
744 345
745 303
746 295
747 312
748 295
749 300
750 307
751 286
752 281
753 282
754 279
755 277
756 271
757 282
758 297
759 275
760 282
761 265
762 273
763 302
764 303
765 305
766 319
767 306
768 295
769 296
770 298
771 291
772 261
773 289
774 284
775 315
776 319
777 346
778 350
779 359
780 355
781 366
782 371
783 359
784 338
785 357
786 358
787 361
788 380
789 355
790 330
791 359
792 367
793 377
794 398
795 378
796 412
797 408
798 413
799 392
800 413
801 378
802 400
803 416
804 399
805 352
806 336
807 338
808 329
809 311
810 319
811 302
812 293
813 290
814 294
815 310
816 306
817 281
818 270
819 280
820 310
821 306
822 283
823 279
824 259
825 250
826 237
827 240
828 264
829 264
830 263
831 266
832 258
833 267
834 273
835 279
836 289
837 282
838 284
839 277
840 303
841 292
842 289
843 305
844 280
845 254
846 267
847 293
848 298
849 303
850 302
851 308
852 302
853 327
854 329
855 348
856 345
857 388
858 398
859 389
860 406
861 384
862 374
863 402
864 405
865 411
866 439
867 442
868 443
869 453
870 474
871 473
872 485
873 491
874 503
875 520
876 499
877 520
878 504
879 542
880 539
881 549
882 548
883 562
884 571
885 549
886 565
887 544
888 518
889 511
890 537
891 576
892 580
893 550
894 568
895 555
896 539
897 554
898 580
899 564
900 556
901 564
902 576
903 561
904 560
905 554
906 594
907 584
908 573
909 576
910 552
911 625
912 604
913 570
914 553
915 548
916 561
917 573
918 568
919 573
920 572
921 560
922 609
923 600
924 630
925 562
926 568
927 557
928 526
929 525
930 537
931 511
932 547
933 536
934 549
935 527
936 527
937 524
938 514
939 499
940 481
941 457
942 450
943 457
944 456
945 420
946 430
947 442
948 428
949 409
950 384
951 412
952 378
953 377
954 411
955 445
956 426
957 433
958 375
959 380
960 394
961 411
962 394
963 420
964 426
965 447
966 431
967 429
968 444
969 465
970 475
971 443
972 460
973 439
974 422
975 421
976 418
977 418
978 431
979 457
980 459
981 418
982 468
983 458
984 448
985 472
986 488
987 467
988 487
989 460
990 446
991 492
992 508
993 502
994 513
995 512
996 526
997 544
998 527
999 523
1000 558
