1 0
2 0
3 0
4 0
5 0
6 0
7 0
8 0
9 1
10 0
11 0
12 2
13 2
14 1
15 2
16 2
17 1
18 2
19 3
20 3
21 3
22 6
23 7
24 11
25 10
26 12
27 10
28 17
29 11
30 10
31 4
32 2
33 4
34 2
35 3
36 3
37 0
38 0
39 0
40 0
41 0
42 0
43 0
44 0
45 0
46 0
47 0
48 0
49 0
50 0
51 1
52 0
53 0
54 0
55 1
56 1
57 2
58 2
59 4
60 4
61 5
62 3
63 4
64 5
65 4
66 2
67 4
68 6
69 10
70 8
71 11
72 6
73 4
74 8
75 13
76 12
77 18
78 18
79 17
80 25
81 30
82 35
83 40
84 32
85 36
86 44
87 47
88 49
89 59
90 48
91 43
92 41
93 34
94 37
95 29
96 34
97 29
98 32
99 37
100 34
101 48
102 40
103 36
104 30
105 30
106 30
107 35
108 52
109 46
110 43
111 32
112 29
113 20
114 18
115 19
116 20
117 22
118 29
119 35
120 37
121 38
122 37
123 39
124 32
125 37
126 38
127 33
128 35
129 28
130 26
131 25
132 22
133 14
134 13
135 8
136 4
137 5
138 0
139 1
140 3
141 3
142 4
143 2
144 2
145 2
146 2
147 6
148 3
149 2
150 1
151 1
152 1
153 1
154 0
155 0
156 0
157 0
158 0
159 1
160 0
161 0
162 0
163 0
164 1
165 2
166 2
167 3
168 3
169 2
170 3
171 1
172 3
173 1
174 3
175 0
176 0
177 0
178 0
179 0
180 0
181 1
182 7
183 6
184 8
185 7
186 7
187 8
188 6
189 6
190 5
191 8
192 2
193 2
194 4
195 4
196 5
197 4
198 4
199 2
200 2
201 3
202 1
203 2
204 3
205 3
206 1
207 2
208 2
209 0
210 0
211 0
212 0
213 0
214 0
215 1
216 0
217 0
218 0
219 0
220 0
221 1
222 2
223 2
224 4
225 7
226 6
227 3
228 4
229 8
230 9
231 11
232 12
233 12
234 15
235 13
236 14
237 16
238 25
239 28
240 23
241 29
242 29
243 30
244 26
245 19
246 25
247 19
248 23
249 19
250 15
251 23
252 25
253 23
254 14
255 14
256 15
257 13
258 10
259 13
260 12
261 8
262 8
263 5
264 8
265 6
266 10
267 9
268 10
269 11
270 8
271 8
272 8
273 7
274 2
275 5
276 6
277 6
278 5
279 4
280 1
281 1
282 1
283 1
284 0
285 0
286 0
287 0
288 0
289 0
290 1
291 1
292 2
293 4
294 8
295 14
296 14
297 11
298 8
299 3
300 3
301 1
302 3
303 3
304 2
305 3
306 5
307 8
308 5
309 4
310 8
311 4
312 4
313 6
314 9
315 13
316 13
317 13
318 21
319 19
320 19
321 20
322 26
323 26
324 15
325 16
326 16
327 15
328 7
329 5
330 7
331 5
332 7
333 12
334 17
335 17
336 16
337 11
338 13
339 10
340 11
341 8
342 6
343 9
344 7
345 10
346 13
347 10
348 5
349 4
350 3
351 1
352 3
353 4
354 1
355 0
356 1
357 1
358 5
359 7
360 8
361 9
362 7
363 9
364 8
365 9
366 14
367 15
368 20
369 16
370 17
371 21
372 23
373 23
374 24
375 24
376 23
377 21
378 16
379 17
380 14
381 13
382 13
383 19
384 18
385 9
386 8
387 5
388 9
389 13
390 16
391 29
392 21
393 16
394 10
395 12
396 14
397 25
398 20
399 26
400 30
401 44
402 48
403 50
404 56
405 61
406 58
407 66
408 65
409 56
410 47
411 47
412 44
413 46
414 40
415 43
416 37
417 30
418 37
419 41
420 45
421 52
422 49
423 50
424 39
425 41
426 45
427 43
428 53
429 46
430 41
431 42
432 49
433 54
434 67
435 58
436 54
437 55
438 56
439 51
440 52
441 66
442 77
443 80
444 70
445 62
446 57
447 66
448 72
449 73
450 71
451 72
452 75
453 71
454 68
455 65
456 80
457 73
458 70
459 80
460 81
461 71
462 69
463 84
464 89
465 101
466 96
467 95
468 90
469 97
470 97
471 96
472 84
473 79
474 77
475 77
476 82
477 83
478 82
479 77
480 85
481 83
482 84
483 100
484 95
485 95
486 107
487 94
488 107
489 102
490 91
491 91
492 85
493 80
494 78
495 88
496 87
497 91
498 89
499 82
500 84
501 83
502 88
503 70
504 66
505 65
506 60
507 57
508 52
509 46
510 53
511 55
512 48
513 50
514 44
515 40
516 39
517 37
518 46
519 40
520 42
521 47
522 50
523 36
524 43
525 28
526 25
527 21
528 16
529 17
530 22
531 20
532 25
533 22
534 18
535 24
536 25
537 21
538 17
539 6
540 3
541 3
542 2
543 4
544 3
545 1
546 1
547 3
548 1
549 0
550 0
551 0
552 1
553 0
554 0
555 0
556 0
557 0
558 0
559 0
560 0
561 0
562 0
563 0
564 0
565 2
566 2
567 3
568 3
569 2
570 2
571 3
572 4
573 6
574 6
575 7
576 8
577 6
578 4
579 4
580 5
581 5
582 6
583 7
584 9
585 13
586 14
587 14
588 19
589 22
590 21
591 20
592 15
593 14
594 14
595 15
596 22
597 16
598 12
599 18
600 26
601 20
602 16
603 16
604 15
605 13
606 18
607 21
608 21
609 22
610 13
611 15
612 14
613 17
614 11
615 8
616 5
617 3
618 1
619 0
620 0
621 1
622 0
623 0
624 1
625 0
626 1
627 1
628 0
629 0
630 0
631 0
632 1
633 2
634 1
635 0
636 0
637 0
638 0
639 1
640 1
641 1
642 2
643 2
644 3
645 3
646 4
647 4
648 2
649 4
650 7
651 5
652 6
653 11
654 9
655 19
656 14
657 16
658 14
659 13
660 14
661 11
662 14
663 17
664 19
665 16
666 19
667 21
668 22
669 22
670 23
671 28
672 27
673 37
674 36
675 31
676 24
677 25
678 38
679 38
680 28
681 21
682 18
683 25
684 23
685 30
686 30
687 25
688 25
689 21
690 20
691 16
692 24
693 27
694 26
695 24
696 32
697 25
698 24
699 20
700 16
701 16
702 21
703 27
704 27
705 36
706 47
707 46
708 38
709 29
710 30
711 32
712 34
713 32
714 26
715 25
716 28
717 28
718 31
719 33
720 34
721 34
722 25
723 22
724 21
725 18
726 11
727 15
728 20
729 16
730 14
731 11
732 8
733 4
734 1
735 3
736 1
737 1
738 1
739 3
740 3
741 2
742 4
743 5
744 4
745 6
746 4
747 7
748 8
749 9
750 19
751 14
752 13
753 11
754 10
755 7
756 13
757 11
758 14
759 17
760 19
761 23
762 17
763 15
764 8
765 13
766 14
767 22
768 27
769 32
770 21
771 22
772 20
773 20
774 16
775 21
776 15
777 9
778 12
779 8
780 9
781 6
782 6
783 5
784 5
785 7
786 5
787 5
788 3
789 3
790 0
791 0
792 1
793 2
794 1
795 0
796 0
797 0
798 0
799 0
800 0
801 1
802 1
803 0
804 0
805 1
806 0
807 0
808 0
809 2
810 4
811 2
812 4
813 5
814 3
815 0
816 0
817 0
818 0
819 0
820 0
821 0
822 1
823 0
824 0
825 0
826 0
827 0
828 0
829 0
830 1
831 2
832 1
833 1
834 0
835 1
836 2
837 0
838 0
839 0
840 1
841 3
842 1
843 1
844 0
845 0
846 0
847 1
848 0
849 0
850 0
851 0
852 0
853 0
854 2
855 0
856 0
857 0
858 0
859 0
860 0
861 0
862 0
863 0
864 0
865 0
866 0
867 0
868 0
869 1
870 0
871 1
872 3
873 1
874 2
875 0
876 0
877 0
878 0
879 1
880 0
881 0
882 0
883 0
884 0
885 0
886 0
887 0
888 0
889 0
890 0
891 1
892 2
893 0
894 0
895 0
896 1
897 0
898 0
899 0
900 0
901 0
902 0
903 0
904 0
905 0
906 0
907 0
908 0
909 0
910 0
911 0
912 1
913 1
914 1
915 1
916 0
917 0
918 1
919 1
920 1
921 2
922 2
923 2
924 3
925 2
926 2
927 2
928 4
929 4
930 5
931 3
932 7
933 6
934 9
935 7
936 11
937 17
938 18
939 22
940 20
941 20
942 27
943 37
944 34
945 40
946 36
947 48
948 47
949 61
950 67
951 74
952 87
953 87
954 92
955 96
956 88
957 75
958 80
959 73
960 65
961 61
962 67
963 72
964 70
965 72
966 77
967 83
968 73
969 71
970 61
971 65
972 69
973 73
974 92
975 98
976 103
977 90
978 97
979 84
980 95
981 104
982 121
983 155
984 163
985 162
986 153
987 160
988 164
989 157
990 143
991 144
992 141
993 130
994 146
995 147
996 136
997 131
998 126
999 145
1000 140
