1 0
2 0
3 0
4 0
5 0
6 0
7 0
8 0
9 0
10 0
11 0
12 0
13 0
14 0
15 0
16 0
17 0
18 0
19 0
20 0
21 0
22 0
23 0
24 0
25 0
26 0
27 0
28 0
29 0
30 0
31 1
32 1
33 2
34 4
35 4
36 7
37 10
38 13
39 19
40 19
41 16
42 16
43 12
44 9
45 13
46 10
47 10
48 13
49 12
50 8
51 17
52 25
53 37
54 31
55 27
56 21
57 27
58 30
59 26
60 29
61 32
62 28
63 25
64 24
65 23
66 23
67 21
68 25
69 33
70 28
71 13
72 10
73 14
74 12
75 16
76 18
77 19
78 10
79 10
80 6
81 7
82 6
83 8
84 9
85 6
86 7
87 7
88 7
89 9
90 13
91 12
92 16
93 14
94 15
95 16
96 23
97 28
98 21
99 21
100 17
101 19
102 18
103 28
104 21
105 22
106 24
107 25
108 24
109 21
110 20
111 18
112 15
113 11
114 9
115 11
116 8
117 11
118 13
119 10
120 12
121 12
122 19
123 19
124 24
125 33
126 30
127 18
128 19
129 18
130 22
131 33
132 28
133 30
134 28
135 27
136 27
137 27
138 39
139 29
140 27
141 23
142 22
143 13
144 7
145 5
146 4
147 2
148 3
149 3
150 1
151 0
152 0
153 0
154 0
155 0
156 0
157 0
158 0
159 0
160 0
161 0
162 0
163 0
164 0
165 0
166 0
167 0
168 0
169 0
170 0
171 0
172 0
173 0
174 0
175 0
176 0
177 0
178 0
179 0
180 0
181 0
182 0
183 0
184 0
185 0
186 0
187 0
188 0
189 0
190 0
191 0
192 0
193 0
194 0
195 0
196 0
197 0
198 0
199 0
200 0
201 0
202 0
203 0
204 0
205 0
206 0
207 0
208 0
209 0
210 0
211 0
212 0
213 0
214 0
215 0
216 0
217 0
218 0
219 0
220 0
221 0
222 0
223 0
224 0
225 0
226 0
227 0
228 0
229 0
230 0
231 0
232 0
233 0
234 0
235 0
236 0
237 0
238 0
239 0
240 0
241 0
242 0
243 0
244 0
245 0
246 0
247 0
248 0
249 0
250 0
251 0
252 0
253 0
254 0
255 0
256 0
257 0
258 0
259 0
260 0
261 0
262 0
263 0
264 0
265 0
266 0
267 0
268 0
269 0
270 0
271 0
272 0
273 0
274 0
275 0
276 0
277 0
278 0
279 0
280 0
281 0
282 0
283 0
284 0
285 0
286 0
287 0
288 0
289 0
290 0
291 0
292 0
293 0
294 0
295 0
296 1
297 1
298 2
299 4
300 4
301 4
302 2
303 3
304 5
305 5
306 9
307 13
308 19
309 19
310 21
311 13
312 11
313 7
314 1
315 1
316 0
317 0
318 0
319 0
320 0
321 0
322 0
323 0
324 0
325 0
326 0
327 0
328 0
329 0
330 0
331 0
332 0
333 0
334 0
335 0
336 0
337 0
338 0
339 0
340 0
341 0
342 0
343 0
344 0
345 0
346 0
347 0
348 0
349 0
350 0
351 0
352 0
353 0
354 0
355 0
356 0
357 0
358 0
359 0
360 0
361 0
362 0
363 0
364 0
365 0
366 0
367 0
368 0
369 0
370 0
371 0
372 0
373 0
374 0
375 0
376 0
377 0
378 0
379 1
380 0
381 0
382 0
383 0
384 0
385 0
386 0
387 0
388 0
389 0
390 0
391 1
392 1
393 1
394 1
395 0
396 0
397 0
398 0
399 0
400 0
401 0
402 0
403 0
404 0
405 0
406 0
407 0
408 0
409 0
410 0
411 0
412 0
413 0
414 0
415 0
416 0
417 0
418 0
419 0
420 0
421 0
422 0
423 0
424 0
425 0
426 0
427 0
428 0
429 0
430 0
431 0
432 0
433 0
434 0
435 0
436 0
437 0
438 0
439 0
440 0
441 0
442 0
443 0
444 0
445 0
446 0
447 0
448 0
449 0
450 0
451 0
452 0
453 0
454 0
455 0
456 0
457 0
458 0
459 0
460 0
461 0
462 0
463 0
464 0
465 0
466 0
467 0
468 0
469 0
470 0
471 0
472 0
473 0
474 0
475 0
476 0
477 1
478 0
479 0
480 0
481 0
482 0
483 0
484 0
485 0
486 1
487 0
488 0
489 0
490 0
491 0
492 0
493 0
494 0
495 0
496 0
497 0
498 0
499 0
500 0
501 0
502 0
503 0
504 0
505 0
506 0
507 0
508 0
509 0
510 0
511 0
512 0
513 0
514 0
515 0
516 0
517 0
518 0
519 0
520 0
521 0
522 0
523 0
524 0
525 0
526 0
527 0
528 0
529 0
530 0
531 0
532 0
533 0
534 0
535 0
536 0
537 0
538 0
539 0
540 0
541 0
542 0
543 0
544 0
545 0
546 0
547 0
548 0
549 0
550 0
551 0
552 0
553 0
554 0
555 0
556 0
557 0
558 0
559 0
560 0
561 0
562 0
563 0
564 0
565 0
566 0
567 0
568 0
569 0
570 0
571 0
572 0
573 0
574 0
575 0
576 0
577 0
578 0
579 0
580 1
581 0
582 0
583 0
584 0
585 0
586 0
587 0
588 0
589 0
590 0
591 0
592 0
593 0
594 1
595 2
596 3
597 4
598 2
599 6
600 3
601 5
602 6
603 3
604 1
605 2
606 2
607 3
608 2
609 1
610 1
611 1
612 3
613 1
614 4
615 5
616 6
617 3
618 4
619 6
620 5
621 6
622 8
623 8
624 4
625 2
626 2
627 2
628 4
629 2
630 1
631 0
632 0
633 0
634 0
635 0
636 0
637 0
638 0
639 0
640 0
641 0
642 0
643 0
644 0
645 0
646 0
647 0
648 0
649 0
650 0
651 0
652 0
653 0
654 0
655 0
656 0
657 0
658 0
659 0
660 1
661 2
662 2
663 2
664 1
665 1
666 1
667 0
668 0
669 0
670 0
671 0
672 0
673 0
674 0
675 1
676 2
677 4
678 2
679 4
680 4
681 5
682 7
683 5
684 2
685 4
686 6
687 9
688 8
689 13
690 12
691 17
692 15
693 17
694 17
695 12
696 11
697 10
698 7
699 7
700 8
701 13
702 12
703 16
704 11
705 9
706 5
707 13
708 12
709 10
710 15
711 18
712 11
713 5
714 3
715 2
716 3
717 6
718 5
719 4
720 5
721 7
722 4
723 7
724 5
725 6
726 6
727 9
728 12
729 8
730 9
731 12
732 10
733 16
734 24
735 29
736 30
737 23
738 20
739 17
740 17
741 16
742 20
743 23
744 31
745 25
746 37
747 41
748 39
749 44
750 44
751 40
752 45
753 50
754 60
755 44
756 38
757 41
758 40
759 34
760 32
761 36
762 33
763 31
764 21
765 15
766 20
767 22
768 32
769 38
770 42
771 33
772 27
773 25
774 26
775 36
776 36
777 42
778 38
779 54
780 65
781 81
782 68
783 60
784 62
785 60
786 62
787 63
788 51
789 58
790 76
791 71
792 76
793 74
794 61
795 65
796 73
797 89
798 85
799 94
800 91
801 78
802 93
803 99
804 100
805 96
806 92
807 98
808 102
809 110
810 122
811 128
812 135
813 142
814 153
815 163
816 165
817 161
818 178
819 166
820 175
821 174
822 169
823 188
824 167
825 177
826 187
827 179
828 176
829 172
830 171
831 177
832 178
833 206
834 208
835 189
836 176
837 183
838 174
839 174
840 187
841 189
842 176
843 155
844 170
845 181
846 187
847 212
848 216
849 228
850 229
851 229
852 209
853 209
854 218
855 206
856 199
857 189
858 195
859 189
860 197
861 169
862 177
863 178
864 155
865 137
866 133
867 136
868 147
869 136
870 123
871 135
872 129
873 133
874 137
875 140
876 174
877 177
878 175
879 178
880 173
881 176
882 179
883 191
884 195
885 185
886 189
887 199
888 210
889 233
890 237
891 212
892 218
893 214
894 224
895 188
896 220
897 197
898 220
899 226
900 225
901 240
902 243
903 230
904 242
905 244
906 260
907 258
908 253
909 233
910 218
911 224
912 243
913 236
914 265
915 280
916 284
917 259
918 268
919 254
920 248
921 221
922 221
923 218
924 204
925 205
926 214
927 188
928 197
929 203
930 205
931 207
932 220
933 227
934 213
935 212
936 220
937 204
938 200
939 184
940 179
941 197
942 190
943 174
944 149
945 142
946 130
947 129
948 120
949 110
950 95
951 93
952 83
953 88
954 87
955 83
956 68
957 63
958 57
959 59
960 61
961 61
962 65
963 77
964 76
965 83
966 83
967 77
968 69
969 66
970 72
971 68
972 72
973 77
974 74
975 64
976 73
977 77
978 89
979 73
980 61
981 61
982 77
983 80
984 81
985 79
986 76
987 87
988 85
989 65
990 57
991 60
992 56
993 57
994 74
995 79
996 64
997 79
998 65
999 53
1000 65
