1 0
2 0
3 0
4 0
5 0
6 0
7 0
8 0
9 0
10 0
11 0
12 0
13 0
14 0
15 0
16 0
17 0
18 0
19 0
20 0
21 0
22 0
23 0
24 0
25 0
26 0
27 0
28 0
29 0
30 0
31 0
32 0
33 0
34 0
35 0
36 0
37 0
38 0
39 0
40 0
41 0
42 0
43 0
44 0
45 0
46 0
47 0
48 0
49 0
50 0
51 0
52 0
53 0
54 0
55 0
56 0
57 0
58 0
59 0
60 0
61 0
62 0
63 0
64 0
65 0
66 0
67 0
68 0
69 0
70 0
71 0
72 0
73 0
74 0
75 0
76 0
77 0
78 0
79 0
80 0
81 0
82 0
83 0
84 0
85 0
86 0
87 0
88 0
89 0
90 0
91 0
92 0
93 0
94 0
95 0
96 0
97 0
98 0
99 0
100 0
101 0
102 0
103 0
104 0
105 0
106 0
107 0
108 0
109 0
110 0
111 0
112 0
113 0
114 0
115 0
116 0
117 0
118 0
119 0
120 0
121 0
122 0
123 0
124 0
125 0
126 0
127 0
128 0
129 0
130 0
131 0
132 0
133 0
134 0
135 0
136 0
137 0
138 0
139 0
140 0
141 0
142 0
143 0
144 0
145 0
146 0
147 0
148 0
149 0
150 0
151 0
152 0
153 0
154 0
155 0
156 0
157 0
158 0
159 0
160 0
161 0
162 0
163 0
164 0
165 0
166 0
167 0
168 0
169 0
170 0
171 0
172 0
173 0
174 0
175 0
176 0
177 0
178 0
179 0
180 0
181 0
182 0
183 0
184 0
185 0
186 0
187 0
188 0
189 0
190 0
191 0
192 0
193 0
194 0
195 0
196 0
197 0
198 0
199 0
200 0
201 1
202 0
203 0
204 0
205 0
206 0
207 0
208 0
209 0
210 0
211 0
212 0
213 0
214 0
215 0
216 0
217 0
218 0
219 0
220 0
221 0
222 0
223 0
224 0
225 1
226 1
227 1
228 1
229 1
230 1
231 2
232 4
233 2
234 1
235 2
236 4
237 2
238 2
239 2
240 4
241 4
242 5
243 5
244 6
245 4
246 2
247 2
248 2
249 1
250 1
251 2
252 3
253 1
254 2
255 1
256 2
257 2
258 3
259 3
260 1
261 0
262 0
263 0
264 0
265 0
266 0
267 0
268 0
269 0
270 0
271 0
272 0
273 1
274 1
275 2
276 2
277 2
278 2
279 0
280 0
281 0
282 0
283 1
284 1
285 0
286 0
287 0
288 0
289 0
290 0
291 0
292 0
293 0
294 0
295 0
296 0
297 0
298 1
299 3
300 2
301 2
302 2
303 1
304 0
305 0
306 0
307 0
308 0
309 0
310 0
311 0
312 0
313 0
314 0
315 0
316 0
317 0
318 0
319 0
320 0
321 0
322 0
323 0
324 0
325 0
326 0
327 0
328 0
329 0
330 0
331 0
332 0
333 0
334 0
335 0
336 0
337 0
338 0
339 0
340 0
341 0
342 0
343 0
344 0
345 0
346 0
347 0
348 0
349 0
350 0
351 0
352 1
353 0
354 0
355 0
356 0
357 0
358 0
359 0
360 0
361 0
362 0
363 0
364 0
365 0
366 0
367 1
368 2
369 3
370 5
371 5
372 8
373 9
374 9
375 13
376 13
377 17
378 18
379 16
380 20
381 22
382 12
383 9
384 9
385 7
386 11
387 14
388 16
389 16
390 24
391 29
392 35
393 34
394 30
395 30
396 39
397 38
398 38
399 36
400 30
401 30
402 27
403 25
404 26
405 27
406 23
407 27
408 24
409 23
410 21
411 18
412 21
413 29
414 39
415 47
416 62
417 68
418 64
419 64
420 71
421 79
422 78
423 75
424 89
425 86
426 90
427 82
428 67
429 59
430 55
431 52
432 50
433 55
434 58
435 43
436 43
437 36
438 46
439 48
440 36
441 23
442 18
443 20
444 17
445 24
446 22
447 18
448 13
449 18
450 27
451 23
452 25
453 27
454 32
455 28
456 24
457 21
458 16
459 19
460 12
461 14
462 14
463 16
464 12
465 6
466 7
467 4
468 3
469 3
470 5
471 7
472 12
473 7
474 10
475 16
476 11
477 18
478 16
479 18
480 14
481 13
482 15
483 14
484 12
485 12
486 12
487 11
488 15
489 20
490 33
491 25
492 20
493 16
494 11
495 7
496 9
497 10
498 11
499 14
500 12
501 7
502 4
503 6
504 5
505 2
506 1
507 2
508 1
509 2
510 3
511 3
512 3
513 1
514 2
515 6
516 6
517 7
518 6
519 7
520 9
521 13
522 18
523 22
524 24
525 26
526 33
527 35
528 36
529 32
530 28
531 28
532 28
533 27
534 29
535 28
536 18
537 13
538 14
539 14
540 15
541 14
542 13
543 19
544 24
545 21
546 22
547 22
548 16
549 24
550 30
551 33
552 34
553 29
554 25
555 21
556 13
557 11
558 19
559 18
560 18
561 17
562 12
563 7
564 8
565 7
566 7
567 9
568 10
569 18
570 15
571 17
572 19
573 19
574 23
575 19
576 19
577 13
578 21
579 19
580 14
581 18
582 25
583 33
584 27
585 26
586 22
587 16
588 18
589 14
590 13
591 23
592 25
593 25
594 34
595 32
596 27
597 23
598 31
599 49
600 35
601 32
602 34
603 42
604 45
605 61
606 62
607 69
608 46
609 56
610 47
611 39
612 43
613 43
614 49
615 48
616 45
617 34
618 33
619 36
620 41
621 47
622 43
623 40
624 37
625 34
626 27
627 24
628 14
629 16
630 18
631 19
632 20
633 29
634 30
635 21
636 15
637 17
638 16
639 14
640 11
641 11
642 8
643 4
644 3
645 1
646 1
647 1
648 0
649 1
650 1
651 2
652 0
653 0
654 0
655 0
656 0
657 0
658 0
659 0
660 0
661 0
662 0
663 0
664 0
665 0
666 0
667 0
668 0
669 0
670 0
671 0
672 1
673 1
674 1
675 0
676 0
677 0
678 0
679 0
680 0
681 0
682 0
683 0
684 0
685 0
686 0
687 0
688 0
689 0
690 0
691 0
692 0
693 0
694 0
695 0
696 0
697 0
698 0
699 0
700 0
701 0
702 1
703 1
704 0
705 0
706 0
707 0
708 0
709 0
710 0
711 0
712 0
713 0
714 0
715 0
716 0
717 0
718 0
719 0
720 0
721 0
722 0
723 0
724 0
725 0
726 0
727 0
728 0
729 0
730 0
731 0
732 0
733 0
734 0
735 0
736 0
737 0
738 0
739 0
740 0
741 0
742 0
743 0
744 0
745 0
746 0
747 0
748 0
749 0
750 0
751 0
752 0
753 0
754 0
755 0
756 0
757 0
758 0
759 0
760 0
761 0
762 0
763 0
764 0
765 0
766 0
767 0
768 0
769 0
770 0
771 0
772 0
773 0
774 0
775 0
776 0
777 0
778 0
779 0
780 0
781 0
782 0
783 0
784 1
785 1
786 2
787 4
788 5
789 7
790 8
791 7
792 6
793 6
794 9
795 7
796 10
797 15
798 15
799 26
800 33
801 27
802 36
803 36
804 21
805 21
806 20
807 17
808 20
809 17
810 15
811 18
812 23
813 26
814 31
815 22
816 26
817 31
818 30
819 23
820 28
821 28
822 29
823 23
824 25
825 26
826 26
827 19
828 22
829 19
830 14
831 15
832 21
833 29
834 29
835 30
836 24
837 26
838 27
839 29
840 29
841 19
842 21
843 20
844 16
845 14
846 11
847 10
848 15
849 12
850 13
851 19
852 14
853 16
854 16
855 13
856 14
857 17
858 20
859 23
860 24
861 25
862 30
863 35
864 30
865 28
866 29
867 26
868 20
869 17
870 21
871 17
872 21
873 20
874 23
875 27
876 17
877 19
878 18
879 22
880 20
881 19
882 13
883 10
884 11
885 12
886 9
887 15
888 14
889 11
890 11
891 9
892 6
893 6
894 4
895 2
896 2
897 1
898 0
899 0
900 0
901 0
902 0
903 0
904 0
905 0
906 0
907 0
908 0
909 0
910 0
911 0
912 0
913 0
914 0
915 0
916 0
917 0
918 0
919 0
920 0
921 0
922 0
923 0
924 0
925 0
926 0
927 0
928 0
929 0
930 0
931 0
932 0
933 0
934 0
935 0
936 0
937 0
938 0
939 0
940 0
941 0
942 0
943 0
944 0
945 0
946 0
947 0
948 0
949 0
950 0
951 0
952 0
953 0
954 0
955 0
956 0
957 0
958 0
959 0
960 0
961 0
962 0
963 0
964 0
965 0
966 0
967 0
968 0
969 0
970 0
971 0
972 0
973 0
974 0
975 0
976 0
977 0
978 0
979 1
980 1
981 1
982 1
983 2
984 1
985 2
986 1
987 0
988 0
989 0
990 0
991 0
992 0
993 0
994 0
995 0
996 0
997 0
998 0
999 0
1000 0
