1 0
2 0
3 0
4 0
5 0
6 0
7 2
8 1
9 2
10 1
11 2
12 0
13 0
14 0
15 0
16 0
17 0
18 0
19 0
20 1
21 1
22 1
23 0
24 0
25 1
26 1
27 3
28 2
29 3
30 4
31 5
32 5
33 4
34 2
35 3
36 1
37 4
38 10
39 5
40 9
41 12
42 10
43 13
44 17
45 16
46 16
47 21
48 25
49 28
50 27
51 27
52 25
53 33
54 33
55 36
56 40
57 42
58 43
59 46
60 57
61 49
62 51
63 42
64 39
65 34
66 42
67 48
68 51
69 65
70 59
71 59
72 57
73 50
74 60
75 65
76 80
77 89
78 99
79 109
80 134
81 126
82 130
83 121
84 125
85 141
86 153
87 143
88 136
89 136
90 138
91 160
92 157
93 151
94 164
95 161
96 162
97 151
98 141
99 148
100 153
101 143
102 144
103 162
104 148
105 147
106 148
107 130
108 132
109 130
110 131
111 130
112 133
113 127
114 134
115 130
116 134
117 113
118 110
119 119
120 129
121 135
122 128
123 129
124 136
125 135
126 126
127 125
128 134
129 155
130 166
131 172
132 164
133 163
134 171
135 181
136 180
137 169
138 168
139 169
140 156
141 151
142 145
143 152
144 140
145 142
146 112
147 93
148 98
149 89
150 83
151 82
152 68
153 75
154 76
155 71
156 60
157 54
158 56
159 60
160 58
161 54
162 60
163 65
164 59
165 61
166 63
167 82
168 73
169 67
170 74
171 72
172 68
173 65
174 73
175 77
176 91
177 97
178 88
179 85
180 71
181 75
182 75
183 80
184 77
185 80
186 67
187 68
188 59
189 61
190 69
191 73
192 75
193 73
194 68
195 70
196 75
197 80
198 69
199 69
200 54
201 53
202 48
203 55
204 55
205 57
206 67
207 62
208 52
209 42
210 45
211 46
212 48
213 56
214 52
215 51
216 55
217 60
218 56
219 71
220 71
221 80
222 93
223 91
224 93
225 88
226 104
227 110
228 101
229 111
230 120
231 127
232 146
233 149
234 159
235 183
236 142
237 136
238 126
239 131
240 121
241 109
242 123
243 145
244 149
245 135
246 153
247 172
248 152
249 172
250 151
251 137
252 130
253 126
254 116
255 120
256 127
257 137
258 135
259 125
260 129
261 123
262 116
263 112
264 108
265 114
266 101
267 102
268 121
269 143
270 144
271 137
272 118
273 115
274 135
275 145
276 134
277 136
278 142
279 153
280 163
281 141
282 153
283 151
284 156
285 170
286 150
287 142
288 138
289 151
290 149
291 184
292 201
293 214
294 238
295 236
296 244
297 264
298 266
299 296
300 314
301 326
302 352
303 349
304 327
305 352
306 350
307 354
308 344
309 322
310 324
311 317
312 335
313 335
314 341
315 319
316 298
317 301
318 289
319 291
320 298
321 322
322 330
323 352
324 344
325 363
326 335
327 339
328 330
329 342
330 337
331 342
332 344
333 324
334 320
335 316
336 330
337 321
338 316
339 331
340 339
341 324
342 317
343 316
344 310
345 319
346 316
347 310
348 284
349 312
350 307
351 304
352 324
353 305
354 355
355 348
356 352
357 356
358 355
359 349
360 339
361 313
362 296
363 295
364 317
365 336
366 375
367 362
368 347
369 351
370 333
371 313
372 303
373 326
374 362
375 346
376 361
377 365
378 375
379 343
380 356
381 336
382 335
383 344
384 326
385 324
386 349
387 322
388 309
389 292
390 292
391 278
392 260
393 268
394 268
395 283
396 296
397 302
398 292
399 296
400 297
401 285
402 304
403 282
404 292
405 290
406 302
407 297
408 307
409 296
410 328
411 314
412 319
413 313
414 296
415 304
416 313
417 339
418 361
419 352
420 353
421 340
422 354
423 357
424 353
425 332
426 336
427 353
428 348
429 363
430 388
431 388
432 386
433 403
434 415
435 448
436 466
437 430
438 423
439 441
440 440
441 441
442 435
443 413
444 377
445 332
446 339
447 342
448 302
449 290
450 279
451 312
452 307
453 322
454 319
455 335
456 308
457 313
458 344
459 325
460 367
461 390
462 380
463 358
464 356
465 386
466 360
467 365
468 370
469 365
470 381
471 394
472 397
473 442
474 413
475 415
476 458
477 438
478 450
479 426
480 426
481 443
482 430
483 422
484 433
485 407
486 403
487 354
488 328
489 332
490 335
491 342
492 321
493 349
494 350
495 334
496 321
497 344
498 336
499 309
500 306
501 290
502 305
503 292
504 298
505 316
506 335
507 340
508 350
509 371
510 355
511 373
512 380
513 382
514 359
515 364
516 382
517 350
518 364
519 357
520 369
521 352
522 371
523 341
524 361
525 361
526 403
527 416
528 415
529 417
530 413
531 400
532 374
533 383
534 391
535 392
536 396
537 406
538 389
539 393
540 378
541 367
542 352
543 324
544 369
545 394
546 385
547 376
548 351
549 341
550 336
551 337
552 339
553 317
554 355
555 363
556 379
557 383
558 350
559 340
560 342
561 393
562 410
563 431
564 423
565 431
566 435
567 439
568 446
569 460
570 446
571 432
572 445
573 475
574 464
575 490
576 494
577 493
578 490
579 462
580 428
581 460
582 486
583 485
584 482
585 505
586 519
587 539
588 506
589 506
590 540
591 558
592 581
593 552
594 541
595 606
596 603
597 629
598 608
599 577
600 571
601 594
602 599
603 605
604 585
605 573
606 583
607 580
608 568
609 543
610 571
611 565
612 572
613 590
614 568
615 560
616 609
617 607
618 632
619 654
620 663
621 676
622 667
623 631
624 588
625 612
626 628
627 634
628 617
629 602
630 593
631 534
632 550
633 524
634 538
635 558
636 541
637 565
638 544
639 539
640 570
641 585
642 568
643 551
644 535
645 506
646 503
647 475
648 459
649 457
650 455
651 488
652 505
653 469
654 467
655 471
656 489
657 495
658 479
659 476
660 463
661 459
662 508
663 504
664 517
665 513
666 497
667 482
668 513
669 516
670 514
671 505
672 497
673 500
674 533
675 550
676 570
677 602
678 581
679 630
680 619
681 604
682 607
683 589
684 587
685 567
686 581
687 557
688 535
689 539
690 526
691 562
692 572
693 560
694 565
695 568
696 585
697 587
698 564
699 562
700 570
701 538
702 525
703 536
704 513
705 495
706 511
707 519
708 562
709 571
710 560
711 531
712 546
713 528
714 514
715 478
716 495
717 484
718 489
719 477
720 472
721 466
722 492
723 492
724 538
725 582
726 593
727 576
728 583
729 590
730 589
731 595
732 614
733 590
734 573
735 615
736 616
737 627
738 605
739 601
740 574
741 570
742 553
743 553
744 576
745 568
746 548
747 549
748 578
749 553
750 578
751 596
752 639
753 613
754 613
755 573
756 598
757 629
758 661
759 643
760 682
761 679
762 728
763 669
764 667
765 634
766 633
767 651
768 657
769 622
770 645
771 659
772 674
773 624
774 651
775 646
776 647
777 625
778 581
779 552
780 549
781 540
782 575
783 582
784 603
785 616
786 612
787 617
788 624
789 629
790 640
791 617
792 567
793 529
794 542
795 522
796 486
797 489
798 461
799 485
800 489
801 513
802 507
803 547
804 525
805 496
806 504
807 528
808 547
809 522
810 515
811 506
812 532
813 518
814 524
815 533
816 540
817 534
818 522
819 551
820 547
821 504
822 522
823 473
824 491
825 440
826 471
827 505
828 526
829 505
830 519
831 521
832 534
833 532
834 584
835 638
836 635
837 623
838 640
839 669
840 679
841 662
842 684
843 696
844 670
845 633
846 624
847 619
848 604
849 602
850 580
851 549
852 530
853 485
854 470
855 486
856 452
857 451
858 480
859 488
860 474
861 503
862 525
863 540
864 543
865 539
866 513
867 501
868 494
869 505
870 495
871 530
872 540
873 504
874 528
875 523
876 522
877 522
878 536
879 506
880 502
881 526
882 549
883 565
884 554
885 556
886 547
887 534
888 546
889 556
890 539
891 518
892 507
893 517
894 484
895 491
896 450
897 475
898 497
899 500
900 526
901 518
902 539
903 510
904 522
905 483
906 478
907 461
908 440
909 424
910 451
911 438
912 459
913 436
914 449
915 455
916 441
917 447
918 459
919 445
920 449
921 427
922 391
923 364
924 373
925 388
926 418
927 410
928 408
929 419
930 400
931 383
932 387
933 388
934 395
935 406
936 410
937 404
938 428
939 435
940 439
941 480
942 518
943 536
944 533
945 504
946 497
947 456
948 435
949 457
950 413
951 427
952 446
953 416
954 389
955 404
956 425
957 423
958 445
959 454
960 445
961 446
962 447
963 458
964 487
965 473
966 429
967 442
968 469
969 407
970 437
971 446
972 413
973 374
974 344
975 332
976 319
977 321
978 344
979 334
980 331
981 343
982 332
983 315
984 325
985 303
986 279
987 305
988 293
989 308
990 320
991 319
992 336
993 364
994 335
995 325
996 317
997 295
998 299
999 292
1000 302
