1 4
2 4
3 3
4 8
5 12
6 15
7 15
8 15
9 22
10 28
11 42
12 33
13 34
14 36
15 39
16 40
17 47
18 51
19 43
20 49
21 54
22 58
23 59
24 68
25 76
26 67
27 70
28 83
29 81
30 82
31 79
32 70
33 82
34 92
35 110
36 114
37 109
38 127
39 129
40 134
41 121
42 119
43 132
44 124
45 112
46 112
47 94
48 91
49 111
50 110
51 137
52 145
53 164
54 162
55 147
56 167
57 176
58 147
59 161
60 155
61 161
62 147
63 156
64 157
65 174
66 190
67 196
68 204
69 212
70 213
71 240
72 242
73 244
74 249
75 242
76 240
77 256
78 227
79 218
80 236
81 249
82 245
83 244
84 240
85 227
86 223
87 228
88 209
89 206
90 206
91 212
92 209
93 221
94 225
95 221
96 212
97 228
98 240
99 231
100 218
101 217
102 216
103 228
104 230
105 234
106 252
107 260
108 276
109 276
110 296
111 309
112 284
113 267
114 266
115 277
116 303
117 282
118 315
119 318
120 335
121 342
122 349
123 345
124 350
125 332
126 343
127 356
128 363
129 379
130 403
131 406
132 382
133 413
134 411
135 419
136 390
137 360
138 344
139 358
140 356
141 359
142 359
143 377
144 394
145 409
146 418
147 436
148 431
149 427
150 429
151 437
152 449
153 464
154 472
155 481
156 511
157 505
158 502
159 482
160 472
161 452
162 472
163 483
164 512
165 516
166 509
167 491
168 476
169 475
170 476
171 464
172 472
173 476
174 455
175 475
176 449
177 424
178 458
179 467
180 439
181 446
182 440
183 433
184 430
185 432
186 416
187 413
188 432
189 415
190 399
191 435
192 441
193 453
194 414
195 426
196 445
197 441
198 461
199 467
200 455
201 439
202 418
203 421
204 445
205 440
206 442
207 465
208 460
209 465
210 474
211 465
212 471
213 504
214 495
215 496
216 515
217 555
218 537
219 516
220 496
221 489
222 468
223 455
224 450
225 470
226 470
227 477
228 470
229 480
230 508
231 484
232 502
233 495
234 514
235 537
236 489
237 456
238 451
239 416
240 448
241 446
242 451
243 465
244 485
245 454
246 453
247 460
248 468
249 438
250 471
251 528
252 532
253 539
254 547
255 555
256 542
257 571
258 569
259 573
260 579
261 594
262 531
263 572
264 559
265 546
266 609
267 616
268 623
269 629
270 652
271 611
272 569
273 594
274 626
275 614
276 626
277 646
278 687
279 661
280 621
281 599
282 597
283 581
284 538
285 549
286 578
287 590
288 578
289 607
290 641
291 603
292 577
293 538
294 502
295 489
296 499
297 534
298 558
299 537
300 534
301 513
302 524
303 505
304 490
305 501
306 475
307 471
308 449
309 451
310 464
311 457
312 477
313 517
314 539
315 538
316 557
317 561
318 537
319 544
320 526
321 515
322 513
323 494
324 514
325 519
326 527
327 500
328 504
329 523
330 531
331 548
332 557
333 550
334 547
335 521
336 515
337 515
338 562
339 563
340 523
341 576
342 563
343 551
344 527
345 562
346 639
347 652
348 613
349 612
350 659
351 640
352 612
353 562
354 544
355 519
356 515
357 540
358 512
359 484
360 489
361 506
362 488
363 495
364 469
365 487
366 484
367 539
368 546
369 605
370 586
371 610
372 570
373 552
374 568
375 552
376 573
377 558
378 552
379 535
380 529
381 528
382 523
383 541
384 525
385 516
386 513
387 516
388 503
389 485
390 506
391 530
392 575
393 548
394 528
395 542
396 551
397 552
398 528
399 538
400 544
401 534
402 532
403 549
404 587
405 584
406 605
407 582
408 562
409 582
410 595
411 591
412 608
413 584
414 575
415 531
416 534
417 548
418 553
419 549
420 524
421 481
422 474
423 463
424 464
425 478
426 502
427 525
428 518
429 555
430 568
431 620
432 631
433 636
434 635
435 655
436 650
437 676
438 669
439 686
440 672
441 674
442 652
443 689
444 673
445 695
446 678
447 692
448 733
449 689
450 719
451 727
452 751
453 740
454 739
455 740
456 719
457 702
458 672
459 698
460 694
461 679
462 726
463 743
464 781
465 739
466 753
467 747
468 714
469 661
470 662
471 646
472 641
473 629
474 652
475 662
476 653
477 649
478 634
479 656
480 662
481 682
482 636
483 657
484 680
485 715
486 705
487 724
488 709
489 706
490 683
491 663
492 668
493 662
494 660
495 649
496 664
497 666
498 689
499 700
500 684
501 703
502 704
503 701
504 708
505 730
506 722
507 683
508 703
509 729
510 719
511 699
512 737
513 773
514 805
515 778
516 788
517 824
518 807
519 806
520 807
521 836
522 849
523 860
524 851
525 832
526 841
527 850
528 890
529 862
530 811
531 828
532 858
533 865
534 857
535 837
536 827
537 849
538 830
539 842
540 828
541 845
542 845
543 837
544 870
545 865
546 839
547 810
548 820
549 781
550 743
551 750
552 756
553 741
554 752
555 784
556 773
557 796
558 766
559 775
560 773
561 797
562 764
563 786
564 853
565 856
566 854
567 882
568 891
569 901
570 865
571 913
572 876
573 849
574 882
575 874
576 886
577 861
578 864
579 878
580 883
581 915
582 877
583 908
584 884
585 864
586 844
587 856
588 834
589 842
590 863
591 830
592 847
593 863
594 849
595 871
596 870
597 825
598 825
599 812
600 846
601 854
602 865
603 888
604 887
605 888
606 864
607 853
608 873
609 833
610 815
611 788
612 817
613 771
614 791
615 806
616 769
617 750
618 734
619 728
620 708
621 759
622 741
623 711
624 742
625 765
626 726
627 695
628 689
629 657
630 664
631 633
632 619
633 623
634 619
635 675
636 668
637 658
638 654
639 644
640 637
641 615
642 622
643 638
644 689
645 683
646 736
647 740
648 685
649 658
650 723
651 736
652 723
653 723
654 721
655 743
656 727
657 765
658 824
659 830
660 825
661 771
662 777
663 733
664 735
665 792
666 803
667 824
668 818
669 825
670 878
671 854
672 851
673 854
674 809
675 786
676 777
677 762
678 772
679 793
680 753
681 756
682 739
683 708
684 680
685 674
686 699
687 728
688 729
689 761
690 753
691 772
692 772
693 780
694 761
695 760
696 778
697 757
698 767
699 767
700 774
701 755
702 772
703 774
704 757
705 762
706 739
707 782
708 777
709 792
710 798
711 788
712 794
713 810
714 811
715 832
716 846
717 860
718 821
719 817
720 819
721 821
722 832
723 848
724 834
725 823
726 840
727 856
728 837
729 874
730 858
731 841
732 828
733 878
734 865
735 855
736 853
737 843
738 821
739 771
740 722
741 705
742 724
743 734
744 724
745 707
746 728
747 702
748 693
749 695
750 710
751 696
752 689
753 702
754 692
755 673
756 730
757 795
758 758
759 775
760 769
761 773
762 784
763 840
764 808
765 855
766 906
767 911
768 927
769 921
770 867
771 853
772 846
773 849
774 849
775 882
776 853
777 873
778 849
779 832
780 782
781 834
782 832
783 848
784 818
785 822
786 803
787 808
788 783
789 769
790 822
791 818
792 861
793 884
794 892
795 883
796 871
797 843
798 882
799 861
800 861
801 878
802 870
803 869
804 910
805 857
806 866
807 871
808 894
809 895
810 857
811 821
812 810
813 860
814 847
815 850
816 877
817 908
818 896
819 909
820 879
821 886
822 935
823 939
824 980
825 987
826 930
827 990
828 953
829 959
830 979
831 970
832 955
833 981
834 994
835 50
836 993
837 33
838 20
839 17
840 28
841 72
842 79
843 115
844 128
845 90
846 43
847 71
848 96
849 86
850 96
851 48
852 988
853 982
854 972
855 16
856 25
857 7
858 980
859 991
860 966
861 931
862 990
863 964
864 936
865 973
866 953
867 970
868 920
869 909
870 902
871 914
872 922
873 887
874 943
875 930
876 940
877 934
878 892
879 884
880 909
881 968
882 951
883 978
884 997
885 0
886 104
887 65
888 78
889 71
890 123
891 113
892 114
893 30
894 990
895 986
896 65
897 13
898 995
899 980
900 22
901 70
902 33
903 38
904 29
905 42
906 78
907 119
908 162
909 165
910 128
911 136
912 180
913 230
914 235
915 190
916 184
917 202
918 161
919 175
920 164
921 155
922 221
923 170
924 114
925 129
926 80
927 115
928 148
929 169
930 220
931 200
932 210
933 162
934 180
935 213
936 237
937 274
938 312
939 339
940 346
941 311
942 303
943 288
944 290
945 272
946 223
947 211
948 189
949 206
950 198
951 157
952 170
953 188
954 205
955 184
956 180
957 179
958 146
959 195
960 213
961 234
962 226
963 211
964 238
965 224
966 237
967 305
968 239
969 256
970 343
971 388
972 441
973 407
974 381
975 410
976 317
977 307
978 354
979 404
980 507
981 522
982 522
983 545
984 573
985 539
986 544
987 566
988 563
989 512
990 512
991 543
992 550
993 540
994 537
995 589
996 567
997 570
998 566
999 560
1000 527
