1 0
2 0
3 0
4 0
5 1
6 0
7 0
8 0
9 0
10 0
11 1
12 0
13 0
14 0
15 0
16 1
17 1
18 1
19 0
20 0
21 0
22 0
23 0
24 0
25 0
26 0
27 0
28 0
29 1
30 2
31 4
32 4
33 4
34 4
35 2
36 6
37 5
38 4
39 5
40 7
41 11
42 15
43 9
44 5
45 1
46 1
47 1
48 3
49 1
50 4
51 4
52 3
53 0
54 0
55 0
56 0
57 0
58 1
59 1
60 0
61 0
62 0
63 0
64 0
65 0
66 1
67 3
68 1
69 3
70 3
71 1
72 1
73 3
74 2
75 3
76 3
77 2
78 4
79 2
80 2
81 3
82 3
83 5
84 8
85 8
86 13
87 16
88 13
89 14
90 16
91 16
92 14
93 17
94 12
95 13
96 13
97 11
98 13
99 17
100 15
101 15
102 16
103 13
104 12
105 14
106 13
107 6
108 4
109 3
110 4
111 2
112 4
113 3
114 4
115 8
116 9
117 11
118 14
119 16
120 23
121 33
122 37
123 48
124 46
125 47
126 49
127 56
128 60
129 42
130 52
131 43
132 37
133 45
134 51
135 60
136 66
137 61
138 53
139 57
140 50
141 51
142 49
143 51
144 63
145 69
146 72
147 74
148 78
149 72
150 80
151 96
152 110
153 109
154 100
155 83
156 89
157 98
158 95
159 95
160 90
161 92
162 78
163 70
164 64
165 70
166 67
167 63
168 55
169 47
170 55
171 53
172 63
173 63
174 69
175 73
176 76
177 86
178 82
179 100
180 102
181 90
182 82
183 78
184 81
185 83
186 85
187 79
188 89
189 85
190 75
191 86
192 72
193 65
194 58
195 56
196 44
197 35
198 31
199 34
200 27
201 22
202 19
203 17
204 20
205 16
206 14
207 20
208 12
209 12
210 10
211 6
212 9
213 15
214 13
215 14
216 18
217 12
218 15
219 17
220 17
221 19
222 18
223 18
224 15
225 19
226 20
227 18
228 20
229 25
230 27
231 21
232 18
233 14
234 14
235 11
236 8
237 6
238 4
239 2
240 2
241 3
242 2
243 1
244 2
245 0
246 0
247 0
248 0
249 0
250 0
251 0
252 0
253 0
254 2
255 2
256 2
257 2
258 1
259 1
260 3
261 2
262 4
263 5
264 6
265 4
266 10
267 9
268 13
269 12
270 14
271 8
272 11
273 12
274 11
275 10
276 5
277 4
278 5
279 6
280 6
281 4
282 5
283 9
284 6
285 3
286 3
287 4
288 3
289 6
290 8
291 9
292 12
293 11
294 12
295 11
296 15
297 13
298 17
299 14
300 15
301 20
302 14
303 11
304 9
305 12
306 13
307 10
308 10
309 13
310 20
311 17
312 26
313 25
314 24
315 23
316 27
317 36
318 33
319 38
320 37
321 40
322 41
323 41
324 42
325 54
326 54
327 64
328 75
329 79
330 80
331 79
332 80
333 90
334 93
335 90
336 99
337 115
338 103
339 106
340 104
341 106
342 94
343 73
344 69
345 66
346 59
347 46
348 44
349 51
350 56
351 37
352 37
353 39
354 28
355 31
356 26
357 27
358 27
359 31
360 30
361 28
362 21
363 19
364 17
365 18
366 20
367 20
368 18
369 18
370 24
371 28
372 28
373 30
374 39
375 28
376 22
377 20
378 15
379 11
380 15
381 11
382 11
383 11
384 12
385 10
386 13
387 16
388 12
389 15
390 15
391 10
392 10
393 7
394 7
395 5
396 5
397 2
398 2
399 1
400 1
401 2
402 2
403 0
404 0
405 1
406 1
407 1
408 2
409 1
410 0
411 0
412 0
413 0
414 0
415 0
416 0
417 1
418 3
419 3
420 3
421 2
422 0
423 0
424 1
425 0
426 0
427 0
428 0
429 0
430 1
431 2
432 3
433 3
434 2
435 2
436 2
437 1
438 0
439 0
440 0
441 0
442 0
443 0
444 0
445 0
446 0
447 0
448 0
449 1
450 1
451 1
452 2
453 0
454 0
455 0
456 0
457 1
458 1
459 2
460 2
461 2
462 2
463 4
464 4
465 2
466 3
467 3
468 6
469 7
470 12
471 12
472 10
473 9
474 8
475 9
476 7
477 6
478 7
479 9
480 8
481 10
482 13
483 10
484 7
485 4
486 2
487 1
488 2
489 1
490 1
491 1
492 0
493 0
494 0
495 0
496 0
497 0
498 0
499 0
500 0
501 0
502 1
503 1
504 1
505 0
506 0
507 0
508 0
509 0
510 2
511 4
512 3
513 2
514 1
515 0
516 0
517 0
518 0
519 0
520 0
521 0
522 1
523 2
524 1
525 1
526 1
527 2
528 2
529 3
530 2
531 2
532 2
533 2
534 3
535 2
536 2
537 5
538 2
539 2
540 2
541 3
542 4
543 2
544 2
545 2
546 3
547 3
548 6
549 5
550 5
551 9
552 14
553 16
554 21
555 22
556 25
557 25
558 33
559 30
560 20
561 21
562 19
563 22
564 19
565 20
566 21
567 22
568 19
569 17
570 23
571 18
572 21
573 14
574 16
575 18
576 25
577 21
578 15
579 19
580 16
581 23
582 33
583 41
584 32
585 27
586 24
587 24
588 27
589 20
590 20
591 22
592 14
593 17
594 18
595 14
596 9
597 13
598 16
599 9
600 11
601 8
602 10
603 10
604 13
605 15
606 12
607 13
608 16
609 23
610 21
611 19
612 20
613 17
614 17
615 24
616 27
617 25
618 34
619 34
620 34
621 29
622 34
623 40
624 35
625 29
626 34
627 26
628 31
629 38
630 33
631 34
632 40
633 37
634 35
635 31
636 34
637 27
638 27
639 40
640 32
641 27
642 26
643 23
644 25
645 28
646 28
647 25
648 24
649 16
650 25
651 26
652 34
653 27
654 21
655 15
656 22
657 26
658 24
659 30
660 24
661 19
662 20
663 23
664 18
665 21
666 14
667 14
668 10
669 14
670 8
671 15
672 17
673 14
674 13
675 13
676 9
677 9
678 10
679 11
680 5
681 8
682 8
683 11
684 14
685 21
686 22
687 23
688 25
689 32
690 33
691 23
692 22
693 27
694 27
695 25
696 24
697 22
698 26
699 26
700 25
701 23
702 37
703 34
704 40
705 39
706 52
707 47
708 43
709 34
710 38
711 32
712 42
713 36
714 43
715 39
716 31
717 29
718 32
719 24
720 15
721 16
722 11
723 7
724 8
725 8
726 9
727 4
728 4
729 4
730 9
731 8
732 10
733 9
734 13
735 18
736 19
737 28
738 31
739 33
740 32
741 28
742 31
743 30
744 44
745 42
746 47
747 45
748 52
749 53
750 43
751 33
752 29
753 31
754 44
755 53
756 45
757 41
758 44
759 33
760 28
761 21
762 20
763 27
764 17
765 19
766 23
767 30
768 36
769 32
770 35
771 36
772 43
773 52
774 37
775 38
776 34
777 27
778 29
779 31
780 22
781 30
782 34
783 40
784 33
785 27
786 25
787 34
788 44
789 49
790 46
791 39
792 35
793 40
794 45
795 45
796 51
797 56
798 54
799 56
800 52
801 60
802 71
803 67
804 65
805 74
806 79
807 93
808 96
809 74
810 84
811 86
812 78
813 89
814 81
815 80
816 79
817 77
818 77
819 83
820 84
821 78
822 75
823 56
824 64
825 49
826 44
827 44
828 39
829 34
830 41
831 47
832 53
833 50
834 48
835 45
836 39
837 30
838 30
839 27
840 23
841 21
842 30
843 27
844 25
845 18
846 14
847 20
848 20
849 20
850 18
851 19
852 21
853 15
854 13
855 7
856 8
857 5
858 5
859 1
860 2
861 6
862 4
863 2
864 3
865 1
866 0
867 0
868 0
869 0
870 0
871 0
872 0
873 1
874 0
875 1
876 1
877 0
878 0
879 0
880 1
881 1
882 0
883 0
884 0
885 1
886 2
887 2
888 0
889 0
890 0
891 0
892 0
893 0
894 0
895 0
896 1
897 1
898 0
899 0
900 0
901 0
902 0
903 0
904 0
905 1
906 0
907 1
908 2
909 2
910 3
911 2
912 1
913 1
914 1
915 3
916 1
917 2
918 1
919 1
920 0
921 0
922 0
923 1
924 2
925 2
926 1
927 1
928 0
929 0
930 0
931 0
932 0
933 0
934 0
935 0
936 0
937 0
938 0
939 0
940 0
941 1
942 1
943 0
944 0
945 0
946 0
947 0
948 0
949 0
950 0
951 0
952 1
953 1
954 2
955 2
956 4
957 4
958 7
959 9
960 12
961 8
962 9
963 13
964 15
965 12
966 11
967 9
968 8
969 7
970 5
971 6
972 9
973 4
974 3
975 4
976 6
977 7
978 3
979 2
980 0
981 0
982 0
983 1
984 1
985 1
986 2
987 3
988 2
989 1
990 1
991 1
992 3
993 3
994 3
995 1
996 1
997 0
998 1
999 0
1000 0
