1 1
2 4
3 5
4 1
5 2
6 2
7 2
8 0
9 1
10 2
11 0
12 0
13 0
14 0
15 0
16 1
17 2
18 3
19 8
20 8
21 6
22 5
23 6
24 7
25 2
26 0
27 0
28 0
29 0
30 0
31 0
32 0
33 0
34 0
35 1
36 3
37 3
38 5
39 2
40 3
41 1
42 0
43 1
44 0
45 1
46 3
47 5
48 11
49 14
50 13
51 11
52 16
53 10
54 10
55 14
56 21
57 18
58 15
59 11
60 11
61 10
62 16
63 16
64 19
65 20
66 15
67 11
68 19
69 21
70 12
71 15
72 17
73 15
74 15
75 18
76 20
77 27
78 26
79 27
80 32
81 40
82 49
83 44
84 54
85 61
86 50
87 69
88 71
89 96
90 102
91 101
92 105
93 99
94 96
95 93
96 78
97 79
98 76
99 76
100 99
101 105
102 98
103 118
104 121
105 118
106 126
107 122
108 124
109 122
110 125
111 121
112 123
113 111
114 122
115 123
116 118
117 110
118 107
119 132
120 139
121 138
122 117
123 132
124 110
125 123
126 132
127 154
128 166
129 170
130 148
131 147
132 133
133 146
134 160
135 167
136 174
137 161
138 165
139 167
140 182
141 172
142 191
143 191
144 192
145 175
146 169
147 174
148 161
149 168
150 174
151 199
152 210
153 213
154 193
155 190
156 183
157 171
158 175
159 168
160 192
161 198
162 188
163 183
164 177
165 176
166 176
167 161
168 179
169 174
170 167
171 149
172 140
173 131
174 122
175 119
176 129
177 130
178 142
179 138
180 150
181 148
182 158
183 169
184 206
185 195
186 186
187 193
188 188
189 198
190 210
191 205
192 209
193 222
194 197
195 191
196 197
197 187
198 172
199 177
200 153
201 161
202 153
203 135
204 132
205 137
206 148
207 152
208 144
209 156
210 165
211 150
212 147
213 148
214 142
215 153
216 178
217 193
218 168
219 171
220 180
221 187
222 205
223 202
224 227
225 235
226 227
227 230
228 228
229 255
230 260
231 261
232 250
233 250
234 242
235 230
236 250
237 223
238 213
239 218
240 193
241 180
242 171
243 187
244 195
245 204
246 202
247 204
248 202
249 189
250 181
251 165
252 167
253 177
254 146
255 158
256 147
257 150
258 159
259 179
260 177
261 177
262 169
263 157
264 136
265 119
266 110
267 116
268 100
269 115
270 131
271 134
272 141
273 121
274 139
275 128
276 139
277 138
278 136
279 143
280 169
281 158
282 147
283 143
284 148
285 136
286 134
287 134
288 131
289 158
290 179
291 171
292 178
293 198
294 213
295 204
296 200
297 230
298 234
299 232
300 245
301 252
302 231
303 274
304 261
305 242
306 241
307 230
308 218
309 228
310 219
311 227
312 213
313 207
314 205
315 224
316 241
317 237
318 229
319 216
320 220
321 241
322 224
323 225
324 201
325 202
326 206
327 223
328 227
329 224
330 228
331 227
332 229
333 242
334 251
335 232
336 220
337 209
338 218
339 257
340 221
341 207
342 209
343 207
344 210
345 222
346 219
347 241
348 250
349 244
350 248
351 253
352 238
353 218
354 181
355 188
356 193
357 209
358 210
359 190
360 170
361 166
362 150
363 148
364 141
365 143
366 132
367 135
368 127
369 99
370 92
371 83
372 88
373 81
374 83
375 84
376 77
377 67
378 73
379 61
380 73
381 72
382 77
383 73
384 63
385 64
386 68
387 66
388 76
389 69
390 71
391 74
392 69
393 63
394 56
395 55
396 50
397 47
398 46
399 43
400 35
401 30
402 29
403 35
404 37
405 24
406 24
407 26
408 20
409 27
410 33
411 33
412 35
413 32
414 28
415 50
416 36
417 36
418 45
419 44
420 43
421 42
422 46
423 42
424 44
425 42
426 48
427 43
428 39
429 39
430 40
431 49
432 45
433 39
434 39
435 37
436 28
437 28
438 40
439 47
440 36
441 26
442 31
443 31
444 33
445 40
446 47
447 40
448 36
449 45
450 55
451 55
452 55
453 42
454 47
455 45
456 49
457 49
458 42
459 46
460 44
461 34
462 34
463 44
464 53
465 58
466 58
467 56
468 66
469 77
470 78
471 87
472 79
473 79
474 64
475 62
476 54
477 61
478 65
479 67
480 77
481 77
482 66
483 70
484 70
485 69
486 64
487 59
488 51
489 46
490 54
491 50
492 56
493 52
494 49
495 59
496 50
497 52
498 43
499 45
500 53
501 60
502 58
503 65
504 66
505 73
506 70
507 68
508 77
509 55
510 57
511 52
512 56
513 43
514 38
515 48
516 70
517 79
518 70
519 84
520 86
521 78
522 69
523 69
524 53
525 54
526 56
527 61
528 64
529 52
530 59
531 65
532 64
533 53
534 53
535 49
536 48
537 48
538 46
539 44
540 50
541 49
542 51
543 57
544 52
545 39
546 40
547 36
548 48
549 50
550 44
551 41
552 49
553 55
554 41
555 37
556 29
557 33
558 35
559 33
560 26
561 15
562 25
563 26
564 18
565 15
566 18
567 18
568 14
569 17
570 12
571 10
572 10
573 12
574 14
575 9
576 8
577 14
578 14
579 14
580 10
581 7
582 4
583 4
584 4
585 3
586 2
587 1
588 0
589 0
590 0
591 0
592 0
593 0
594 0
595 0
596 0
597 0
598 0
599 1
600 1
601 0
602 0
603 0
604 0
605 0
606 0
607 1
608 3
609 1
610 2
611 4
612 4
613 7
614 9
615 4
616 1
617 2
618 2
619 1
620 2
621 0
622 0
623 0
624 0
625 0
626 0
627 0
628 0
629 0
630 0
631 0
632 1
633 1
634 1
635 2
636 3
637 6
638 3
639 4
640 1
641 3
642 3
643 4
644 5
645 8
646 7
647 7
648 7
649 7
650 8
651 8
652 6
653 9
654 13
655 12
656 15
657 14
658 10
659 18
660 16
661 12
662 9
663 10
664 9
665 9
666 9
667 6
668 5
669 4
670 1
671 1
672 1
673 1
674 3
675 4
676 4
677 5
678 2
679 2
680 2
681 2
682 0
683 0
684 1
685 1
686 2
687 2
688 1
689 1
690 0
691 0
692 0
693 0
694 0
695 0
696 1
697 0
698 0
699 0
700 1
701 3
702 5
703 4
704 7
705 7
706 2
707 0
708 0
709 2
710 0
711 0
712 0
713 0
714 0
715 1
716 1
717 1
718 0
719 0
720 0
721 0
722 0
723 0
724 0
725 0
726 0
727 0
728 0
729 0
730 0
731 0
732 0
733 0
734 0
735 0
736 0
737 0
738 0
739 0
740 0
741 0
742 0
743 0
744 0
745 0
746 0
747 0
748 1
749 0
750 0
751 0
752 0
753 0
754 1
755 0
756 0
757 1
758 2
759 1
760 0
761 0
762 0
763 0
764 0
765 0
766 0
767 0
768 0
769 0
770 0
771 0
772 0
773 0
774 0
775 0
776 0
777 0
778 1
779 2
780 3
781 1
782 1
783 2
784 1
785 6
786 6
787 8
788 4
789 4
790 1
791 1
792 2
793 3
794 9
795 11
796 12
797 7
798 7
799 4
800 4
801 3
802 7
803 4
804 6
805 4
806 2
807 0
808 0
809 1
810 0
811 0
812 0
813 0
814 1
815 1
816 0
817 0
818 0
819 0
820 1
821 3
822 2
823 2
824 3
825 2
826 5
827 3
828 1
829 2
830 3
831 5
832 11
833 11
834 12
835 10
836 12
837 12
838 15
839 10
840 8
841 6
842 5
843 5
844 8
845 7
846 6
847 10
848 11
849 13
850 11
851 9
852 7
853 5
854 7
855 7
856 5
857 4
858 4
859 6
860 3
861 4
862 7
863 14
864 18
865 16
866 11
867 7
868 6
869 11
870 20
871 22
872 27
873 20
874 17
875 17
876 11
877 7
878 5
879 6
880 5
881 5
882 7
883 12
884 11
885 7
886 6
887 5
888 8
889 5
890 3
891 2
892 5
893 10
894 8
895 1
896 2
897 3
898 1
899 1
900 0
901 2
902 1
903 0
904 0
905 0
906 0
907 0
908 0
909 1
910 2
911 2
912 0
913 0
914 0
915 0
916 0
917 0
918 0
919 0
920 1
921 0
922 0
923 0
924 1
925 1
926 0
927 0
928 1
929 0
930 0
931 1
932 1
933 1
934 0
935 0
936 0
937 0
938 0
939 1
940 0
941 0
942 1
943 0
944 1
945 2
946 4
947 7
948 7
949 4
950 8
951 5
952 1
953 0
954 0
955 0
956 0
957 0
958 0
959 0
960 0
961 0
962 0
963 0
964 0
965 0
966 1
967 1
968 2
969 2
970 0
971 2
972 1
973 1
974 2
975 1
976 1
977 0
978 0
979 0
980 2
981 0
982 0
983 0
984 0
985 2
986 1
987 0
988 0
989 0
990 1
991 1
992 3
993 2
994 2
995 3
996 4
997 4
998 1
999 0
1000 0
