1 0
2 1
3 1
4 1
5 2
6 4
7 4
8 3
9 0
10 0
11 2
12 3
13 6
14 4
15 4
16 4
17 7
18 5
19 6
20 6
21 15
22 9
23 17
24 23
25 23
26 27
27 23
28 25
29 19
30 22
31 24
32 23
33 22
34 28
35 19
36 18
37 21
38 18
39 18
40 16
41 11
42 9
43 8
44 6
45 9
46 8
47 3
48 3
49 5
50 5
51 1
52 1
53 5
54 4
55 2
56 3
57 3
58 2
59 3
60 2
61 3
62 3
63 5
64 6
65 6
66 7
67 9
68 11
69 5
70 4
71 4
72 8
73 10
74 12
75 9
76 8
77 9
78 15
79 9
80 7
81 4
82 1
83 1
84 3
85 3
86 3
87 8
88 5
89 5
90 8
91 9
92 8
93 5
94 4
95 2
96 3
97 1
98 2
99 2
100 1
101 2
102 5
103 6
104 3
105 4
106 8
107 11
108 7
109 7
110 9
111 4
112 3
113 5
114 7
115 12
116 8
117 10
118 9
119 11
120 13
121 10
122 11
123 10
124 18
125 14
126 13
127 11
128 15
129 16
130 18
131 16
132 27
133 33
134 27
135 21
136 22
137 18
138 18
139 13
140 13
141 10
142 8
143 15
144 11
145 9
146 8
147 12
148 9
149 9
150 9
151 8
152 8
153 9
154 7
155 9
156 6
157 6
158 6
159 6
160 8
161 11
162 11
163 8
164 15
165 22
166 27
167 22
168 20
169 17
170 16
171 15
172 18
173 19
174 16
175 12
176 9
177 7
178 5
179 8
180 8
181 13
182 16
183 11
184 14
185 17
186 14
187 10
188 14
189 19
190 15
191 10
192 9
193 9
194 9
195 12
196 8
197 7
198 12
199 8
200 8
201 9
202 7
203 4
204 7
205 5
206 6
207 7
208 6
209 5
210 6
211 5
212 4
213 5
214 4
215 4
216 3
217 2
218 0
219 0
220 1
221 2
222 1
223 1
224 0
225 0
226 0
227 1
228 1
229 1
230 0
231 0
232 0
233 1
234 2
235 0
236 0
237 1
238 3
239 4
240 6
241 7
242 6
243 10
244 12
245 16
246 17
247 14
248 11
249 13
250 20
251 15
252 19
253 13
254 12
255 13
256 13
257 17
258 23
259 33
260 30
261 35
262 26
263 23
264 26
265 30
266 41
267 48
268 42
269 42
270 45
271 43
272 46
273 46
274 48
275 45
276 39
277 53
278 50
279 42
280 40
281 45
282 43
283 40
284 32
285 32
286 27
287 32
288 23
289 25
290 31
291 25
292 26
293 24
294 25
295 25
296 26
297 29
298 30
299 15
300 20
301 26
302 26
303 24
304 22
305 34
306 30
307 32
308 29
309 27
310 21
311 18
312 16
313 18
314 20
315 19
316 22
317 25
318 19
319 17
320 20
321 18
322 14
323 12
324 11
325 11
326 13
327 15
328 32
329 37
330 42
331 37
332 30
333 30
334 27
335 22
336 17
337 11
338 11
339 4
340 6
341 8
342 9
343 10
344 8
345 6
346 7
347 3
348 2
349 9
350 6
351 4
352 7
353 3
354 5
355 10
356 10
357 11
358 20
359 25
360 28
361 30
362 28
363 26
364 23
365 27
366 30
367 34
368 33
369 43
370 45
371 46
372 47
373 54
374 45
375 39
376 37
377 36
378 30
379 36
380 40
381 47
382 37
383 35
384 32
385 29
386 32
387 31
388 25
389 18
390 16
391 15
392 12
393 14
394 15
395 9
396 13
397 12
398 10
399 5
400 5
401 3
402 4
403 5
404 3
405 1
406 2
407 1
408 1
409 1
410 2
411 2
412 3
413 1
414 1
415 3
416 3
417 1
418 1
419 0
420 0
421 0
422 0
423 0
424 1
425 1
426 1
427 0
428 0
429 0
430 0
431 0
432 0
433 0
434 1
435 1
436 2
437 3
438 3
439 3
440 1
441 1
442 2
443 4
444 5
445 7
446 8
447 6
448 7
449 9
450 11
451 13
452 18
453 26
454 20
455 16
456 19
457 22
458 19
459 19
460 25
461 25
462 24
463 29
464 30
465 31
466 28
467 32
468 36
469 43
470 39
471 41
472 50
473 42
474 36
475 33
476 40
477 34
478 35
479 46
480 49
481 44
482 45
483 50
484 51
485 43
486 46
487 46
488 54
489 59
490 70
491 75
492 90
493 93
494 82
495 80
496 78
497 69
498 70
499 65
500 69
501 72
502 76
503 86
504 81
505 91
506 81
507 87
508 84
509 78
510 65
511 60
512 51
513 64
514 66
515 68
516 59
517 81
518 59
519 51
520 45
521 53
522 59
523 68
524 64
525 59
526 72
527 68
528 83
529 84
530 90
531 110
532 104
533 102
534 111
535 105
536 113
537 103
538 104
539 105
540 102
541 94
542 101
543 91
544 95
545 88
546 81
547 68
548 74
549 97
550 98
551 88
552 86
553 88
554 87
555 82
556 77
557 89
558 98
559 98
560 103
561 110
562 88
563 94
564 105
565 100
566 81
567 70
568 71
569 61
570 62
571 50
572 46
573 34
574 38
575 44
576 44
577 56
578 53
579 50
580 59
581 65
582 70
583 71
584 71
585 73
586 74
587 81
588 76
589 82
590 69
591 77
592 80
593 74
594 79
595 73
596 76
597 76
598 75
599 71
600 76
601 85
602 82
603 73
604 77
605 95
606 89
607 87
608 101
609 90
610 94
611 96
612 89
613 88
614 87
615 79
616 86
617 80
618 92
619 103
620 103
621 96
622 98
623 103
624 114
625 113
626 108
627 107
628 125
629 126
630 117
631 93
632 87
633 78
634 75
635 81
636 89
637 89
638 84
639 74
640 77
641 86
642 71
643 60
644 63
645 63
646 65
647 70
648 61
649 58
650 52
651 50
652 47
653 43
654 40
655 26
656 23
657 21
658 23
659 16
660 10
661 15
662 10
663 9
664 7
665 15
666 11
667 8
668 8
669 6
670 7
671 4
672 2
673 2
674 4
675 3
676 5
677 7
678 5
679 12
680 12
681 12
682 12
683 10
684 7
685 8
686 10
687 8
688 11
689 14
690 9
691 17
692 21
693 22
694 22
695 24
696 30
697 27
698 28
699 29
700 26
701 31
702 32
703 24
704 27
705 32
706 37
707 35
708 38
709 47
710 38
711 33
712 27
713 31
714 49
715 37
716 43
717 45
718 38
719 35
720 40
721 35
722 35
723 32
724 43
725 32
726 30
727 33
728 37
729 30
730 36
731 39
732 39
733 38
734 25
735 24
736 42
737 42
738 47
739 52
740 50
741 51
742 47
743 48
744 38
745 30
746 37
747 30
748 38
749 29
750 25
751 34
752 33
753 30
754 29
755 20
756 16
757 19
758 14
759 18
760 14
761 10
762 9
763 10
764 11
765 6
766 5
767 1
768 1
769 1
770 2
771 1
772 0
773 0
774 0
775 0
776 0
777 0
778 1
779 1
780 0
781 0
782 0
783 0
784 0
785 0
786 0
787 0
788 0
789 0
790 0
791 0
792 0
793 0
794 0
795 0
796 1
797 2
798 1
799 1
800 2
801 1
802 1
803 3
804 2
805 3
806 2
807 1
808 2
809 1
810 1
811 0
812 1
813 1
814 0
815 0
816 0
817 0
818 1
819 0
820 1
821 1
822 2
823 2
824 0
825 0
826 0
827 0
828 0
829 0
830 0
831 0
832 0
833 0
834 1
835 3
836 2
837 0
838 0
839 0
840 0
841 0
842 0
843 0
844 1
845 3
846 4
847 6
848 6
849 12
850 6
851 7
852 6
853 6
854 6
855 8
856 10
857 14
858 9
859 9
860 6
861 7
862 7
863 11
864 6
865 5
866 5
867 6
868 7
869 5
870 4
871 10
872 10
873 12
874 16
875 17
876 14
877 18
878 17
879 13
880 12
881 11
882 11
883 13
884 13
885 11
886 9
887 15
888 21
889 22
890 14
891 13
892 11
893 10
894 12
895 7
896 4
897 7
898 9
899 9
900 10
901 6
902 7
903 6
904 7
905 2
906 4
907 7
908 5
909 4
910 1
911 0
912 0
913 2
914 4
915 4
916 5
917 6
918 5
919 9
920 12
921 20
922 22
923 28
924 32
925 47
926 48
927 48
928 42
929 34
930 36
931 32
932 34
933 28
934 17
935 21
936 22
937 26
938 28
939 32
940 36
941 39
942 32
943 27
944 16
945 16
946 14
947 17
948 13
949 7
950 7
951 3
952 9
953 10
954 11
955 17
956 14
957 18
958 17
959 17
960 15
961 17
962 17
963 18
964 20
965 24
966 30
967 32
968 29
969 25
970 24
971 26
972 27
973 28
974 29
975 31
976 30
977 34
978 28
979 34
980 41
981 36
982 36
983 45
984 40
985 39
986 29
987 29
988 35
989 38
990 38
991 30
992 28
993 26
994 24
995 25
996 25
997 20
998 19
999 13
1000 19
