1 5
2 11
3 12
4 15
5 19
6 26
7 25
8 32
9 33
10 40
11 35
12 35
13 38
14 47
15 40
16 40
17 44
18 42
19 51
20 45
21 43
22 45
23 46
24 51
25 45
26 56
27 48
28 59
29 52
30 43
31 38
32 45
33 41
34 42
35 53
36 75
37 73
38 82
39 75
40 62
41 59
42 71
43 70
44 80
45 82
46 84
47 82
48 80
49 77
50 82
51 65
52 85
53 84
54 99
55 107
56 111
57 123
58 107
59 119
60 113
61 114
62 109
63 98
64 98
65 113
66 111
67 101
68 98
69 109
70 110
71 110
72 95
73 102
74 103
75 108
76 116
77 115
78 104
79 102
80 95
81 98
82 111
83 119
84 108
85 105
86 102
87 90
88 91
89 95
90 97
91 83
92 71
93 69
94 66
95 76
96 71
97 72
98 97
99 101
100 70
101 58
102 56
103 58
104 45
105 49
106 43
107 50
108 43
109 42
110 49
111 47
112 46
113 37
114 37
115 30
116 34
117 39
118 35
119 31
120 42
121 43
122 55
123 54
124 48
125 31
126 33
127 44
128 50
129 43
130 52
131 53
132 54
133 50
134 51
135 39
136 52
137 60
138 56
139 59
140 58
141 58
142 55
143 50
144 47
145 52
146 65
147 66
148 58
149 52
150 55
151 41
152 37
153 32
154 33
155 37
156 36
157 42
158 40
159 44
160 61
161 72
162 69
163 75
164 71
165 71
166 69
167 57
168 58
169 60
170 63
171 73
172 77
173 71
174 82
175 103
176 104
177 113
178 108
179 121
180 120
181 123
182 126
183 118
184 132
185 126
186 126
187 140
188 125
189 141
190 143
191 137
192 140
193 151
194 168
195 168
196 188
197 185
198 167
199 167
200 164
201 179
202 172
203 162
204 163
205 170
206 160
207 148
208 153
209 145
210 149
211 153
212 142
213 163
214 149
215 147
216 152
217 166
218 177
219 185
220 181
221 174
222 183
223 179
224 207
225 201
226 200
227 195
228 193
229 188
230 195
231 213
232 214
233 197
234 199
235 184
236 188
237 182
238 193
239 198
240 212
241 258
242 242
243 225
244 222
245 213
246 201
247 210
248 218
249 237
250 251
251 254
252 251
253 258
254 263
255 239
256 228
257 225
258 221
259 208
260 187
261 174
262 170
263 213
264 215
265 217
266 217
267 218
268 217
269 205
270 200
271 189
272 174
273 190
274 201
275 192
276 192
277 168
278 168
279 177
280 170
281 200
282 208
283 199
284 217
285 237
286 244
287 254
288 259
289 260
290 263
291 247
292 230
293 235
294 240
295 283
296 274
297 297
298 325
299 316
300 306
301 338
302 352
303 362
304 364
305 396
306 418
307 417
308 433
309 440
310 429
311 453
312 466
313 486
314 494
315 498
316 515
317 518
318 523
319 511
320 491
321 486
322 486
323 482
324 506
325 482
326 473
327 472
328 475
329 502
330 507
331 501
332 490
333 504
334 495
335 524
336 561
337 559
338 541
339 564
340 549
341 594
342 563
343 550
344 565
345 565
346 540
347 515
348 469
349 478
350 501
351 548
352 551
353 559
354 563
355 557
356 570
357 578
358 584
359 586
360 623
361 656
362 650
363 667
364 702
365 670
366 673
367 684
368 702
369 689
370 698
371 680
372 677
373 706
374 755
375 748
376 778
377 759
378 732
379 744
380 731
381 738
382 775
383 764
384 752
385 773
386 824
387 821
388 798
389 787
390 775
391 759
392 736
393 752
394 714
395 670
396 675
397 682
398 717
399 738
400 760
401 780
402 805
403 798
404 794
405 789
406 813
407 785
408 774
409 768
410 785
411 806
412 779
413 789
414 785
415 765
416 767
417 717
418 759
419 766
420 772
421 771
422 771
423 722
424 753
425 738
426 723
427 689
428 703
429 691
430 700
431 756
432 744
433 737
434 740
435 740
436 769
437 801
438 795
439 785
440 822
441 836
442 796
443 808
444 788
445 829
446 805
447 805
448 833
449 854
450 866
451 853
452 872
453 906
454 901
455 867
456 839
457 836
458 854
459 840
460 796
461 804
462 820
463 863
464 863
465 929
466 992
467 994
468 974
469 992
470 20
471 984
472 940
473 941
474 938
475 934
476 928
477 898
478 886
479 900
480 902
481 909
482 857
483 857
484 834
485 817
486 858
487 920
488 903
489 911
490 953
491 918
492 898
493 920
494 976
495 45
496 995
497 978
498 9
499 9
500 929
501 940
502 931
503 951
504 967
505 938
506 930
507 971
508 979
509 953
510 965
511 12
512 986
513 968
514 955
515 968
516 983
517 984
518 0
519 999
520 26
521 990
522 988
523 16
524 60
525 14
526 79
527 51
528 46
529 33
530 31
531 83
532 137
533 106
534 103
535 92
536 79
537 93
538 102
539 125
540 101
541 111
542 62
543 988
544 997
545 58
546 92
547 82
548 112
549 149
550 146
551 127
552 164
553 224
554 238
555 323
556 318
557 283
558 326
559 259
560 230
561 238
562 171
563 211
564 199
565 195
566 271
567 263
568 238
569 222
570 218
571 179
572 157
573 132
574 154
575 227
576 256
577 278
578 323
579 317
580 247
581 252
582 286
583 291
584 268
585 292
586 252
587 180
588 215
589 252
590 250
591 217
592 209
593 273
594 332
595 331
596 311
597 268
598 246
599 240
600 283
601 283
602 277
603 297
604 260
605 258
606 206
607 184
608 243
609 282
610 284
611 288
612 294
613 266
614 227
615 225
616 205
617 205
618 208
619 206
620 194
621 234
622 243
623 227
624 241
625 250
626 270
627 262
628 260
629 243
630 288
631 307
632 376
633 390
634 394
635 383
636 379
637 431
638 399
639 440
640 441
641 341
642 326
643 383
644 363
645 351
646 300
647 358
648 393
649 358
650 401
651 366
652 368
653 349
654 349
655 340
656 360
657 342
658 299
659 311
660 295
661 293
662 284
663 282
664 246
665 349
666 365
667 409
668 404
669 415
670 404
671 398
672 404
673 375
674 449
675 417
676 457
677 461
678 522
679 572
680 566
681 502
682 492
683 508
684 534
685 516
686 490
687 486
688 526
689 562
690 558
691 553
692 595
693 598
694 618
695 581
696 634
697 614
698 622
699 620
700 670
701 669
702 581
703 520
704 573
705 605
706 621
707 593
708 566
709 468
710 458
711 453
712 448
713 475
714 467
715 459
716 480
717 457
718 415
719 399
720 400
721 402
722 405
723 395
724 418
725 411
726 420
727 427
728 410
729 400
730 417
731 431
732 459
733 435
734 398
735 367
736 343
737 394
738 397
739 363
740 337
741 342
742 335
743 313
744 347
745 280
746 249
747 233
748 267
749 245
750 226
751 198
752 220
753 202
754 233
755 184
756 170
757 221
758 269
759 306
760 309
761 294
762 262
763 241
764 263
765 309
766 355
767 377
768 398
769 413
770 424
771 450
772 433
773 404
774 394
775 369
776 381
777 368
778 440
779 477
780 408
781 400
782 427
783 420
784 432
785 467
786 443
787 456
788 432
789 478
790 457
791 508
792 455
793 463
794 488
795 420
796 415
797 431
798 406
799 472
800 453
801 432
802 425
803 394
804 398
805 402
806 395
807 445
808 528
809 537
810 567
811 607
812 598
813 596
814 577
815 571
816 570
817 560
818 576
819 510
820 491
821 554
822 559
823 571
824 625
825 653
826 633
827 634
828 618
829 614
830 623
831 650
832 645
833 650
834 614
835 541
836 506
837 512
838 574
839 635
840 665
841 607
842 566
843 617
844 617
845 623
846 615
847 582
848 602
849 629
850 560
851 576
852 596
853 574
854 572
855 534
856 504
857 484
858 459
859 430
860 422
861 457
862 470
863 482
864 464
865 480
866 506
867 510
868 528
869 540
870 542
871 509
872 483
873 454
874 452
875 425
876 424
877 500
878 489
879 484
880 541
881 572
882 622
883 628
884 670
885 665
886 668
887 650
888 582
889 529
890 513
891 520
892 566
893 518
894 469
895 477
896 417
897 398
898 449
899 419
900 443
901 483
902 558
903 600
904 644
905 647
906 641
907 664
908 724
909 675
910 698
911 674
912 746
913 813
914 820
915 801
916 760
917 855
918 837
919 814
920 845
921 846
922 838
923 822
924 868
925 840
926 810
927 817
928 857
929 881
930 894
931 908
932 893
933 903
934 948
935 863
936 879
937 909
938 902
939 922
940 950
941 969
942 965
943 958
944 994
945 991
946 13
947 975
948 962
949 969
950 956
951 956
952 986
953 975
954 932
955 928
956 970
957 27
958 46
959 28
960 42
961 994
962 997
963 949
964 957
965 914
966 884
967 871
968 889
969 921
970 916
971 890
972 896
973 875
974 806
975 760
976 751
977 819
978 825
979 821
980 832
981 873
982 897
983 893
984 892
985 933
986 910
987 984
988 956
989 961
990 995
991 0
992 43
993 58
994 79
995 119
996 81
997 62
998 66
999 15
1000 10
