1 0
2 0
3 1
4 2
5 1
6 2
7 1
8 3
9 1
10 0
11 0
12 0
13 1
14 1
15 3
16 7
17 10
18 8
19 10
20 7
21 8
22 13
23 13
24 14
25 20
26 22
27 24
28 24
29 21
30 21
31 25
32 24
33 28
34 26
35 22
36 20
37 20
38 26
39 31
40 23
41 23
42 20
43 20
44 22
45 18
46 16
47 13
48 10
49 10
50 14
51 12
52 12
53 18
54 19
55 19
56 26
57 35
58 41
59 45
60 45
61 53
62 49
63 47
64 46
65 44
66 46
67 51
68 58
69 60
70 64
71 55
72 60
73 58
74 62
75 55
76 52
77 45
78 47
79 40
80 48
81 43
82 40
83 45
84 36
85 34
86 31
87 40
88 40
89 49
90 53
91 54
92 61
93 64
94 56
95 46
96 54
97 52
98 59
99 62
100 63
101 59
102 62
103 47
104 50
105 45
106 47
107 53
108 39
109 44
110 49
111 57
112 45
113 38
114 26
115 29
116 33
117 30
118 41
119 33
120 31
121 27
122 32
123 32
124 29
125 19
126 21
127 23
128 22
129 18
130 14
131 13
132 13
133 14
134 19
135 12
136 12
137 14
138 12
139 9
140 12
141 6
142 5
143 6
144 9
145 9
146 9
147 10
148 9
149 6
150 2
151 2
152 1
153 1
154 2
155 2
156 5
157 8
158 10
159 9
160 8
161 9
162 6
163 9
164 7
165 7
166 9
167 8
168 12
169 4
170 2
171 3
172 3
173 7
174 9
175 6
176 2
177 5
178 3
179 3
180 3
181 2
182 1
183 1
184 1
185 1
186 1
187 0
188 0
189 0
190 1
191 0
192 0
193 0
194 0
195 0
196 0
197 0
198 1
199 2
200 2
201 1
202 0
203 0
204 0
205 0
206 2
207 1
208 1
209 2
210 2
211 2
212 2
213 4
214 4
215 5
216 3
217 3
218 3
219 3
220 6
221 6
222 6
223 10
224 10
225 8
226 9
227 11
228 8
229 6
230 3
231 6
232 7
233 9
234 9
235 8
236 6
237 7
238 7
239 9
240 5
241 6
242 5
243 8
244 10
245 14
246 15
247 11
248 7
249 11
250 16
251 17
252 20
253 16
254 16
255 14
256 11
257 15
258 16
259 16
260 20
261 23
262 24
263 28
264 32
265 33
266 33
267 26
268 30
269 18
270 22
271 20
272 19
273 19
274 33
275 35
276 40
277 43
278 42
279 31
280 31
281 33
282 34
283 39
284 40
285 37
286 39
287 35
288 34
289 33
290 40
291 58
292 63
293 55
294 59
295 58
296 54
297 54
298 52
299 59
300 62
301 67
302 69
303 77
304 76
305 77
306 79
307 84
308 72
309 66
310 77
311 76
312 71
313 75
314 73
315 82
316 93
317 108
318 121
319 122
320 129
321 120
322 127
323 115
324 130
325 116
326 111
327 132
328 147
329 156
330 144
331 142
332 165
333 156
334 156
335 150
336 174
337 183
338 182
339 198
340 170
341 161
342 153
343 140
344 131
345 142
346 155
347 154
348 162
349 164
350 172
351 175
352 176
353 176
354 188
355 200
356 210
357 207
358 226
359 242
360 213
361 233
362 198
363 202
364 181
365 193
366 180
367 179
368 190
369 187
370 183
371 193
372 199
373 203
374 211
375 225
376 232
377 227
378 236
379 236
380 227
381 231
382 230
383 209
384 227
385 228
386 214
387 224
388 219
389 219
390 208
391 209
392 208
393 245
394 256
395 281
396 304
397 315
398 297
399 287
400 284
401 288
402 293
403 302
404 324
405 326
406 335
407 325
408 307
409 301
410 314
411 303
412 320
413 319
414 311
415 304
416 320
417 332
418 305
419 305
420 303
421 306
422 291
423 281
424 250
425 265
426 269
427 287
428 255
429 254
430 271
431 292
432 276
433 285
434 271
435 259
436 284
437 303
438 316
439 325
440 329
441 321
442 328
443 330
444 308
445 299
446 289
447 293
448 279
449 259
450 244
451 251
452 260
453 242
454 239
455 214
456 218
457 211
458 227
459 228
460 215
461 233
462 240
463 251
464 260
465 278
466 268
467 296
468 306
469 264
470 270
471 281
472 265
473 293
474 301
475 284
476 294
477 294
478 295
479 277
480 293
481 298
482 275
483 269
484 288
485 272
486 279
487 277
488 283
489 290
490 295
491 300
492 282
493 284
494 265
495 271
496 257
497 244
498 232
499 253
500 237
501 250
502 226
503 216
504 212
505 196
506 201
507 196
508 195
509 191
510 213
511 217
512 216
513 223
514 209
515 222
516 219
517 227
518 232
519 222
520 215
521 222
522 240
523 261
524 257
525 261
526 260
527 281
528 305
529 308
530 302
531 312
532 334
533 348
534 371
535 364
536 362
537 360
538 368
539 350
540 329
541 314
542 340
543 336
544 335
545 317
546 298
547 306
548 310
549 301
550 303
551 311
552 308
553 277
554 285
555 275
556 249
557 250
558 239
559 209
560 225
561 205
562 215
563 205
564 208
565 200
566 191
567 211
568 227
569 221
570 236
571 244
572 243
573 257
574 249
575 238
576 217
577 216
578 219
579 227
580 239
581 240
582 217
583 184
584 166
585 156
586 160
587 151
588 126
589 131
590 116
591 114
592 115
593 112
594 120
595 119
596 118
597 116
598 106
599 102
600 90
601 77
602 72
603 72
604 70
605 65
606 66
607 60
608 52
609 50
610 54
611 65
612 65
613 80
614 103
615 94
616 80
617 90
618 101
619 92
620 78
621 87
622 104
623 105
624 105
625 107
626 109
627 113
628 121
629 107
630 116
631 117
632 131
633 124
634 119
635 123
636 130
637 144
638 156
639 166
640 151
641 140
642 150
643 152
644 160
645 168
646 201
647 238
648 228
649 228
650 229
651 208
652 199
653 182
654 162
655 152
656 169
657 177
658 168
659 145
660 138
661 137
662 132
663 112
664 103
665 108
666 112
667 93
668 106
669 107
670 117
671 99
672 77
673 77
674 69
675 81
676 78
677 73
678 74
679 71
680 72
681 72
682 68
683 72
684 66
685 83
686 78
687 72
688 61
689 60
690 50
691 51
692 56
693 47
694 49
695 46
696 36
697 26
698 26
699 30
700 34
701 35
702 36
703 37
704 42
705 41
706 39
707 37
708 49
709 53
710 41
711 33
712 22
713 18
714 14
715 10
716 8
717 7
718 13
719 15
720 19
721 19
722 18
723 31
724 30
725 33
726 31
727 39
728 36
729 39
730 47
731 43
732 32
733 34
734 28
735 32
736 29
737 22
738 22
739 23
740 25
741 36
742 42
743 42
744 51
745 61
746 65
747 55
748 61
749 59
750 65
751 61
752 71
753 72
754 73
755 79
756 97
757 98
758 88
759 93
760 105
761 121
762 131
763 123
764 130
765 136
766 132
767 156
768 154
769 151
770 138
771 164
772 164
773 163
774 177
775 186
776 183
777 169
778 162
779 157
780 165
781 146
782 145
783 158
784 169
785 185
786 178
787 198
788 197
789 166
790 171
791 147
792 163
793 165
794 149
795 159
796 142
797 137
798 126
799 130
800 122
801 108
802 106
803 119
804 117
805 106
806 113
807 116
808 117
809 114
810 118
811 128
812 146
813 142
814 147
815 149
816 159
817 167
818 144
819 133
820 125
821 116
822 134
823 127
824 110
825 114
826 110
827 114
828 120
829 127
830 143
831 126
832 128
833 125
834 127
835 133
836 159
837 153
838 157
839 151
840 139
841 125
842 117
843 115
844 134
845 138
846 144
847 170
848 172
849 169
850 154
851 164
852 174
853 175
854 164
855 178
856 170
857 193
858 199
859 183
860 188
861 188
862 192
863 209
864 220
865 234
866 232
867 235
868 245
869 253
870 220
871 198
872 197
873 189
874 193
875 191
876 220
877 190
878 186
879 203
880 198
881 219
882 217
883 241
884 233
885 213
886 214
887 185
888 167
889 160
890 155
891 159
892 175
893 166
894 170
895 171
896 170
897 171
898 179
899 190
900 184
901 172
902 157
903 175
904 191
905 177
906 178
907 178
908 169
909 162
910 158
911 158
912 156
913 161
914 167
915 176
916 184
917 203
918 198
919 203
920 197
921 220
922 208
923 220
924 216
925 240
926 237
927 243
928 243
929 226
930 226
931 234
932 219
933 240
934 236
935 231
936 238
937 233
938 232
939 230
940 237
941 237
942 251
943 279
944 271
945 255
946 253
947 233
948 245
949 259
950 246
951 244
952 255
953 257
954 273
955 262
956 247
957 235
958 249
959 279
960 286
961 286
962 256
963 247
964 254
965 243
966 255
967 287
968 318
969 320
970 328
971 320
972 357
973 376
974 377
975 393
976 372
977 396
978 435
979 411
980 414
981 428
982 442
983 456
984 454
985 454
986 478
987 477
988 492
989 459
990 505
991 521
992 484
993 517
994 517
995 504
996 490
997 492
998 488
999 502
1000 475
