1 0
2 0
3 0
4 0
5 0
6 0
7 0
8 0
9 2
10 5
11 5
12 3
13 2
14 1
15 0
16 1
17 1
18 0
19 1
20 2
21 1
22 4
23 3
24 4
25 2
26 1
27 0
28 0
29 0
30 0
31 0
32 0
33 0
34 0
35 0
36 0
37 0
38 0
39 0
40 0
41 1
42 0
43 0
44 0
45 0
46 0
47 0
48 1
49 2
50 0
51 0
52 0
53 1
54 1
55 1
56 1
57 0
58 1
59 1
60 0
61 0
62 0
63 0
64 0
65 0
66 1
67 2
68 6
69 7
70 6
71 10
72 12
73 8
74 8
75 10
76 11
77 8
78 8
79 7
80 3
81 2
82 3
83 3
84 2
85 3
86 1
87 1
88 1
89 0
90 0
91 1
92 0
93 0
94 0
95 0
96 0
97 0
98 0
99 0
100 0
101 0
102 0
103 0
104 0
105 0
106 1
107 3
108 2
109 2
110 2
111 5
112 4
113 5
114 9
115 7
116 6
117 2
118 0
119 0
120 0
121 0
122 0
123 0
124 0
125 0
126 0
127 0
128 0
129 1
130 1
131 1
132 1
133 0
134 0
135 0
136 1
137 1
138 1
139 1
140 0
141 0
142 0
143 0
144 0
145 0
146 0
147 1
148 1
149 1
150 3
151 2
152 0
153 0
154 0
155 0
156 0
157 0
158 0
159 0
160 1
161 0
162 0
163 0
164 0
165 0
166 0
167 0
168 0
169 1
170 0
171 1
172 3
173 2
174 2
175 2
176 2
177 5
178 2
179 4
180 0
181 0
182 0
183 0
184 0
185 0
186 0
187 0
188 0
189 0
190 0
191 0
192 0
193 1
194 0
195 0
196 0
197 0
198 0
199 0
200 1
201 1
202 1
203 0
204 0
205 0
206 0
207 0
208 0
209 1
210 2
211 4
212 6
213 4
214 2
215 1
216 2
217 2
218 3
219 3
220 1
221 0
222 0
223 0
224 0
225 0
226 1
227 1
228 2
229 4
230 4
231 5
232 3
233 5
234 5
235 9
236 7
237 6
238 3
239 3
240 0
241 0
242 0
243 0
244 1
245 1
246 1
247 2
248 1
249 2
250 0
251 0
252 0
253 0
254 0
255 0
256 1
257 0
258 0
259 0
260 0
261 0
262 0
263 0
264 0
265 0
266 0
267 0
268 0
269 0
270 0
271 0
272 0
273 0
274 1
275 1
276 1
277 2
278 4
279 1
280 1
281 0
282 0
283 0
284 0
285 0
286 0
287 0
288 0
289 0
290 0
291 0
292 0
293 0
294 0
295 0
296 0
297 0
298 0
299 0
300 0
301 0
302 0
303 0
304 0
305 0
306 0
307 0
308 0
309 0
310 0
311 0
312 0
313 0
314 0
315 0
316 0
317 0
318 0
319 0
320 1
321 1
322 1
323 2
324 3
325 2
326 2
327 2
328 2
329 1
330 0
331 0
332 0
333 0
334 0
335 0
336 0
337 1
338 1
339 1
340 2
341 2
342 2
343 2
344 1
345 1
346 0
347 1
348 3
349 3
350 3
351 3
352 4
353 5
354 8
355 6
356 3
357 7
358 4
359 3
360 6
361 4
362 3
363 1
364 4
365 3
366 1
367 1
368 3
369 1
370 0
371 0
372 0
373 1
374 0
375 0
376 0
377 0
378 0
379 0
380 1
381 1
382 1
383 0
384 0
385 0
386 1
387 2
388 3
389 4
390 4
391 4
392 3
393 3
394 3
395 2
396 5
397 7
398 7
399 9
400 8
401 11
402 5
403 11
404 5
405 2
406 2
407 1
408 0
409 0
410 0
411 0
412 0
413 0
414 0
415 0
416 1
417 2
418 3
419 3
420 1
421 2
422 2
423 2
424 3
425 3
426 3
427 7
428 4
429 6
430 3
431 3
432 2
433 2
434 1
435 1
436 2
437 1
438 1
439 0
440 0
441 0
442 0
443 0
444 0
445 0
446 0
447 0
448 0
449 0
450 0
451 0
452 1
453 0
454 0
455 0
456 0
457 0
458 0
459 1
460 0
461 0
462 0
463 0
464 0
465 0
466 0
467 0
468 0
469 1
470 1
471 4
472 5
473 6
474 11
475 15
476 12
477 12
478 6
479 7
480 5
481 5
482 12
483 6
484 9
485 12
486 11
487 12
488 12
489 10
490 15
491 14
492 13
493 19
494 21
495 22
496 18
497 18
498 17
499 18
500 15
501 14
502 11
503 9
504 8
505 12
506 13
507 6
508 9
509 7
510 11
511 11
512 12
513 12
514 5
515 6
516 2
517 5
518 5
519 5
520 5
521 3
522 3
523 4
524 6
525 9
526 10
527 9
528 14
529 17
530 18
531 19
532 24
533 18
534 18
535 17
536 20
537 19
538 11
539 19
540 18
541 17
542 22
543 25
544 33
545 33
546 22
547 31
548 38
549 45
550 42
551 49
552 48
553 53
554 54
555 53
556 50
557 51
558 59
559 57
560 65
561 66
562 78
563 81
564 78
565 82
566 76
567 81
568 86
569 109
570 112
571 105
572 124
573 135
574 145
575 154
576 154
577 160
578 179
579 162
580 160
581 167
582 143
583 156
584 147
585 134
586 110
587 104
588 114
589 122
590 140
591 141
592 146
593 145
594 141
595 143
596 143
597 143
598 138
599 143
600 146
601 120
602 127
603 150
604 158
605 164
606 151
607 145
608 143
609 161
610 191
611 188
612 186
613 168
614 159
615 155
616 158
617 150
618 135
619 162
620 172
621 190
622 189
623 182
624 168
625 191
626 179
627 179
628 165
629 156
630 145
631 158
632 172
633 195
634 195
635 198
636 221
637 220
638 195
639 213
640 224
641 216
642 203
643 227
644 228
645 228
646 204
647 219
648 221
649 218
650 235
651 214
652 232
653 246
654 223
655 227
656 214
657 222
658 226
659 253
660 269
661 285
662 290
663 266
664 265
665 268
666 269
667 278
668 293
669 294
670 314
671 303
672 326
673 316
674 316
675 330
676 333
677 328
678 295
679 277
680 273
681 252
682 252
683 276
684 282
685 278
686 285
687 284
688 298
689 310
690 313
691 307
692 312
693 305
694 307
695 278
696 247
697 252
698 273
699 289
700 284
701 278
702 294
703 293
704 275
705 263
706 284
707 256
708 262
709 250
710 263
711 275
712 277
713 273
714 299
715 277
716 286
717 310
718 320
719 326
720 311
721 293
722 313
723 301
724 266
725 255
726 254
727 250
728 278
729 300
730 286
731 304
732 276
733 267
734 274
735 283
736 269
737 262
738 255
739 271
740 273
741 283
742 271
743 281
744 272
745 259
746 243
747 242
748 224
749 242
750 235
751 232
752 224
753 230
754 250
755 274
756 286
757 263
758 273
759 264
760 272
761 295
762 288
763 294
764 299
765 305
766 310
767 284
768 279
769 256
770 268
771 286
772 296
773 296
774 299
775 304
776 336
777 294
778 285
779 296
780 291
781 312
782 339
783 345
784 323
785 320
786 309
787 311
788 292
789 320
790 348
791 326
792 334
793 348
794 353
795 338
796 325
797 332
798 350
799 396
800 415
801 383
802 317
803 317
804 285
805 303
806 295
807 292
808 323
809 322
810 310
811 309
812 313
813 321
814 327
815 298
816 325
817 301
818 274
819 295
820 288
821 293
822 308
823 295
824 311
825 320
826 341
827 352
828 339
829 351
830 327
831 331
832 340
833 328
834 306
835 345
836 349
837 354
838 354
839 356
840 387
841 375
842 381
843 390
844 388
845 389
846 393
847 390
848 358
849 367
850 348
851 360
852 378
853 397
854 399
855 395
856 356
857 356
858 368
859 388
860 393
861 437
862 446
863 458
864 455
865 410
866 427
867 454
868 460
869 447
870 467
871 420
872 471
873 452
874 468
875 466
876 469
877 473
878 489
879 459
880 450
881 426
882 447
883 439
884 452
885 482
886 464
887 467
888 491
889 492
890 482
891 489
892 456
893 444
894 480
895 472
896 495
897 504
898 512
899 533
900 543
901 526
902 502
903 518
904 547
905 545
906 559
907 555
908 552
909 565
910 602
911 592
912 586
913 604
914 628
915 605
916 584
917 615
918 550
919 511
920 520
921 490
922 507
923 507
924 505
925 484
926 488
927 476
928 439
929 439
930 446
931 429
932 476
933 494
934 505
935 489
936 501
937 517
938 497
939 503
940 489
941 481
942 451
943 479
944 495
945 547
946 559
947 562
948 577
949 556
950 553
951 588
952 560
953 551
954 569
955 532
956 543
957 520
958 520
959 504
960 517
961 537
962 537
963 529
964 510
965 524
966 502
967 476
968 470
969 469
970 477
971 463
972 463
973 477
974 457
975 441
976 421
977 427
978 467
979 461
980 477
981 502
982 505
983 547
984 544
985 534
986 544
987 538
988 514
989 491
990 466
991 463
992 447
993 456
994 456
995 456
996 438
997 418
998 422
999 410
1000 424
