1 0
2 0
3 0
4 0
5 0
6 0
7 0
8 1
9 1
10 0
11 0
12 0
13 0
14 0
15 0
16 0
17 0
18 0
19 0
20 0
21 0
22 0
23 0
24 0
25 0
26 0
27 0
28 0
29 0
30 0
31 0
32 0
33 0
34 0
35 0
36 0
37 0
38 1
39 0
40 0
41 1
42 1
43 1
44 1
45 0
46 0
47 0
48 0
49 0
50 0
51 0
52 0
53 0
54 0
55 0
56 0
57 0
58 0
59 0
60 0
61 0
62 1
63 0
64 0
65 0
66 0
67 0
68 0
69 0
70 0
71 0
72 0
73 0
74 0
75 0
76 0
77 0
78 0
79 0
80 0
81 0
82 0
83 0
84 0
85 0
86 0
87 0
88 0
89 0
90 0
91 0
92 0
93 0
94 0
95 0
96 0
97 0
98 0
99 0
100 0
101 0
102 0
103 0
104 0
105 0
106 0
107 0
108 0
109 0
110 0
111 0
112 0
113 0
114 0
115 0
116 0
117 0
118 1
119 0
120 0
121 0
122 0
123 0
124 0
125 0
126 0
127 1
128 2
129 2
130 2
131 3
132 5
133 8
134 11
135 14
136 12
137 11
138 14
139 11
140 13
141 20
142 17
143 23
144 17
145 17
146 21
147 21
148 20
149 28
150 33
151 26
152 32
153 27
154 37
155 38
156 47
157 38
158 42
159 34
160 35
161 27
162 27
163 35
164 34
165 38
166 37
167 33
168 27
169 32
170 39
171 39
172 50
173 52
174 57
175 55
176 47
177 58
178 48
179 52
180 51
181 50
182 50
183 56
184 67
185 65
186 64
187 74
188 69
189 75
190 72
191 56
192 58
193 54
194 62
195 72
196 61
197 67
198 78
199 90
200 110
201 102
202 111
203 120
204 114
205 104
206 100
207 92
208 101
209 89
210 88
211 93
212 97
213 88
214 96
215 87
216 90
217 89
218 94
219 77
220 76
221 63
222 63
223 54
224 49
225 48
226 61
227 43
228 37
229 32
230 35
231 32
232 32
233 23
234 25
235 23
236 15
237 13
238 9
239 9
240 7
241 12
242 12
243 13
244 13
245 17
246 20
247 29
248 30
249 24
250 32
251 24
252 31
253 36
254 31
255 36
256 32
257 33
258 35
259 39
260 35
261 34
262 34
263 34
264 26
265 21
266 29
267 33
268 32
269 34
270 36
271 31
272 33
273 24
274 21
275 23
276 25
277 26
278 25
279 28
280 27
281 27
282 28
283 36
284 28
285 22
286 25
287 21
288 27
289 29
290 31
291 41
292 47
293 54
294 54
295 51
296 48
297 38
298 33
299 29
300 28
301 34
302 41
303 38
304 45
305 49
306 39
307 40
308 46
309 41
310 38
311 36
312 44
313 38
314 34
315 33
316 27
317 25
318 23
319 19
320 12
321 14
322 6
323 13
324 13
325 14
326 13
327 21
328 19
329 24
330 22
331 26
332 30
333 28
334 32
335 28
336 27
337 29
338 23
339 19
340 23
341 22
342 21
343 24
344 25
345 16
346 13
347 14
348 14
349 12
350 13
351 13
352 17
353 27
354 30
355 28
356 25
357 28
358 26
359 23
360 26
361 29
362 25
363 19
364 16
365 14
366 13
367 10
368 7
369 10
370 7
371 6
372 6
373 8
374 2
375 1
376 1
377 1
378 1
379 2
380 4
381 6
382 8
383 10
384 16
385 12
386 20
387 18
388 17
389 16
390 17
391 17
392 11
393 8
394 12
395 12
396 11
397 14
398 14
399 11
400 12
401 13
402 13
403 12
404 11
405 10
406 7
407 7
408 11
409 11
410 15
411 15
412 18
413 12
414 15
415 11
416 13
417 12
418 13
419 16
420 17
421 11
422 10
423 10
424 14
425 16
426 16
427 17
428 15
429 11
430 8
431 3
432 4
433 2
434 5
435 6
436 5
437 7
438 12
439 10
440 7
441 7
442 7
443 9
444 7
445 3
446 3
447 5
448 6
449 8
450 12
451 11
452 13
453 7
454 8
455 5
456 4
457 2
458 3
459 7
460 6
461 8
462 9
463 9
464 8
465 8
466 6
467 5
468 4
469 5
470 6
471 10
472 14
473 9
474 10
475 9
476 6
477 7
478 7
479 7
480 7
481 9
482 5
483 3
484 1
485 2
486 4
487 4
488 2
489 3
490 6
491 5
492 9
493 10
494 12
495 8
496 9
497 10
498 10
499 12
500 19
501 12
502 17
503 21
504 21
505 28
506 27
507 32
508 26
509 24
510 23
511 18
512 20
513 22
514 20
515 25
516 18
517 18
518 23
519 19
520 26
521 25
522 20
523 24
524 31
525 31
526 31
527 31
528 23
529 18
530 14
531 14
532 13
533 12
534 20
535 19
536 21
537 21
538 25
539 19
540 20
541 22
542 24
543 23
544 26
545 22
546 18
547 23
548 24
549 36
550 33
551 31
552 27
553 28
554 29
555 31
556 31
557 25
558 20
559 20
560 20
561 23
562 31
563 36
564 39
565 47
566 40
567 46
568 40
569 41
570 58
571 49
572 55
573 58
574 65
575 80
576 98
577 100
578 88
579 85
580 78
581 83
582 80
583 76
584 64
585 63
586 50
587 56
588 66
589 55
590 57
591 47
592 48
593 54
594 55
595 55
596 50
597 54
598 65
599 69
600 65
601 71
602 67
603 70
604 62
605 70
606 77
607 84
608 73
609 76
610 85
611 77
612 77
613 79
614 90
615 118
616 123
617 164
618 172
619 183
620 197
621 189
622 170
623 178
624 165
625 152
626 143
627 149
628 167
629 191
630 197
631 190
632 187
633 190
634 197
635 206
636 200
637 163
638 188
639 169
640 167
641 152
642 139
643 130
644 113
645 105
646 117
647 117
648 112
649 117
650 105
651 85
652 85
653 86
654 92
655 82
656 85
657 90
658 106
659 119
660 112
661 118
662 121
663 123
664 114
665 116
666 119
667 113
668 123
669 116
670 131
671 123
672 131
673 113
674 114
675 94
676 95
677 111
678 131
679 126
680 137
681 149
682 160
683 155
684 169
685 160
686 151
687 162
688 162
689 158
690 163
691 160
692 179
693 168
694 180
695 169
696 171
697 175
698 173
699 177
700 164
701 149
702 129
703 129
704 126
705 122
706 110
707 98
708 78
709 80
710 77
711 69
712 63
713 55
714 56
715 69
716 80
717 75
718 73
719 77
720 90
721 103
722 97
723 121
724 108
725 129
726 147
727 140
728 135
729 144
730 133
731 118
732 132
733 133
734 141
735 147
736 156
737 169
738 176
739 195
740 212
741 209
742 207
743 208
744 200
745 216
746 221
747 229
748 237
749 236
750 219
751 221
752 225
753 225
754 235
755 220
756 207
757 194
758 172
759 189
760 186
761 183
762 180
763 187
764 186
765 170
766 164
767 154
768 139
769 138
770 128
771 127
772 126
773 134
774 164
775 165
776 147
777 168
778 172
779 162
780 160
781 166
782 147
783 158
784 172
785 154
786 155
787 162
788 159
789 165
790 164
791 164
792 150
793 151
794 150
795 161
796 146
797 142
798 142
799 141
800 136
801 141
802 136
803 135
804 155
805 148
806 146
807 161
808 174
809 182
810 168
811 184
812 199
813 211
814 193
815 198
816 202
817 197
818 183
819 181
820 175
821 161
822 179
823 178
824 188
825 185
826 187
827 175
828 146
829 127
830 128
831 121
832 122
833 132
834 121
835 119
836 103
837 92
838 83
839 95
840 118
841 125
842 120
843 110
844 101
845 97
846 100
847 97
848 97
849 100
850 107
851 122
852 117
853 101
854 110
855 114
856 98
857 92
858 84
859 84
860 84
861 68
862 68
863 75
864 67
865 73
866 59
867 62
868 71
869 69
870 66
871 58
872 67
873 75
874 83
875 77
876 78
877 78
878 58
879 59
880 60
881 61
882 67
883 64
884 65
885 61
886 58
887 54
888 60
889 64
890 60
891 65
892 62
893 55
894 55
895 58
896 58
897 61
898 43
899 32
900 25
901 26
902 26
903 34
904 43
905 53
906 44
907 41
908 35
909 34
910 32
911 20
912 24
913 20
914 23
915 22
916 26
917 21
918 19
919 18
920 12
921 7
922 10
923 11
924 12
925 11
926 12
927 12
928 12
929 12
930 12
931 8
932 6
933 4
934 5
935 5
936 10
937 13
938 15
939 17
940 15
941 21
942 24
943 21
944 30
945 27
946 35
947 30
948 31
949 25
950 29
951 33
952 27
953 19
954 24
955 37
956 49
957 50
958 48
959 55
960 49
961 52
962 58
963 61
964 57
965 50
966 48
967 55
968 62
969 66
970 68
971 65
972 53
973 56
974 52
975 57
976 48
977 58
978 51
979 43
980 42
981 41
982 40
983 29
984 37
985 28
986 24
987 22
988 17
989 25
990 26
991 24
992 23
993 29
994 25
995 18
996 9
997 8
998 13
999 11
1000 19
