1 0
2 0
3 0
4 0
5 0
6 0
7 0
8 0
9 0
10 0
11 0
12 0
13 0
14 0
15 0
16 0
17 0
18 0
19 0
20 0
21 0
22 0
23 0
24 0
25 0
26 0
27 0
28 0
29 0
30 0
31 0
32 0
33 1
34 1
35 1
36 0
37 0
38 0
39 0
40 0
41 0
42 0
43 0
44 0
45 0
46 0
47 0
48 0
49 0
50 0
51 0
52 0
53 0
54 0
55 0
56 0
57 0
58 0
59 0
60 0
61 0
62 0
63 0
64 0
65 0
66 0
67 0
68 0
69 0
70 0
71 0
72 0
73 0
74 0
75 0
76 0
77 0
78 0
79 0
80 0
81 0
82 0
83 0
84 0
85 0
86 0
87 0
88 0
89 0
90 0
91 0
92 0
93 1
94 0
95 0
96 0
97 0
98 0
99 0
100 0
101 0
102 0
103 0
104 0
105 0
106 0
107 0
108 0
109 0
110 0
111 0
112 0
113 0
114 0
115 0
116 0
117 0
118 0
119 0
120 0
121 0
122 0
123 0
124 0
125 0
126 0
127 0
128 0
129 0
130 0
131 0
132 0
133 0
134 0
135 0
136 0
137 0
138 0
139 0
140 0
141 0
142 0
143 0
144 0
145 0
146 0
147 0
148 0
149 0
150 0
151 0
152 0
153 0
154 0
155 0
156 0
157 0
158 0
159 0
160 0
161 0
162 0
163 0
164 0
165 0
166 0
167 0
168 0
169 0
170 0
171 1
172 0
173 0
174 0
175 0
176 0
177 0
178 0
179 0
180 0
181 0
182 0
183 0
184 0
185 0
186 0
187 0
188 0
189 0
190 0
191 0
192 0
193 0
194 0
195 0
196 0
197 0
198 0
199 0
200 0
201 0
202 0
203 0
204 0
205 0
206 0
207 0
208 0
209 0
210 0
211 0
212 0
213 0
214 0
215 0
216 0
217 0
218 0
219 0
220 0
221 0
222 0
223 0
224 0
225 0
226 0
227 0
228 0
229 0
230 0
231 0
232 0
233 0
234 0
235 0
236 0
237 0
238 0
239 0
240 0
241 0
242 0
243 0
244 0
245 0
246 0
247 0
248 0
249 0
250 0
251 0
252 0
253 0
254 0
255 0
256 0
257 0
258 0
259 0
260 0
261 0
262 0
263 0
264 0
265 0
266 0
267 0
268 0
269 0
270 0
271 0
272 0
273 0
274 0
275 0
276 0
277 0
278 0
279 0
280 0
281 0
282 0
283 0
284 0
285 0
286 0
287 0
288 0
289 0
290 0
291 0
292 0
293 0
294 0
295 0
296 0
297 0
298 0
299 0
300 0
301 0
302 0
303 0
304 0
305 0
306 0
307 0
308 0
309 1
310 1
311 0
312 0
313 1
314 4
315 2
316 2
317 2
318 3
319 4
320 4
321 3
322 3
323 1
324 1
325 1
326 2
327 2
328 2
329 2
330 1
331 0
332 0
333 0
334 0
335 0
336 0
337 0
338 0
339 0
340 0
341 0
342 0
343 0
344 0
345 0
346 0
347 0
348 0
349 0
350 0
351 0
352 0
353 0
354 0
355 0
356 0
357 0
358 0
359 0
360 0
361 0
362 0
363 0
364 0
365 0
366 0
367 0
368 0
369 0
370 0
371 0
372 0
373 0
374 0
375 0
376 0
377 0
378 0
379 0
380 0
381 0
382 0
383 0
384 0
385 0
386 0
387 0
388 0
389 0
390 0
391 0
392 0
393 0
394 0
395 0
396 0
397 0
398 0
399 0
400 0
401 0
402 0
403 0
404 0
405 0
406 0
407 0
408 0
409 0
410 0
411 0
412 0
413 0
414 0
415 0
416 0
417 0
418 0
419 0
420 0
421 0
422 0
423 0
424 0
425 0
426 0
427 0
428 0
429 0
430 0
431 0
432 0
433 0
434 0
435 0
436 0
437 0
438 0
439 0
440 0
441 0
442 0
443 0
444 0
445 0
446 0
447 0
448 0
449 0
450 0
451 0
452 0
453 0
454 0
455 0
456 0
457 0
458 0
459 0
460 0
461 0
462 0
463 0
464 0
465 0
466 0
467 0
468 0
469 0
470 0
471 0
472 0
473 0
474 0
475 0
476 0
477 0
478 0
479 0
480 0
481 0
482 0
483 0
484 0
485 0
486 0
487 0
488 0
489 0
490 0
491 0
492 0
493 0
494 0
495 1
496 0
497 0
498 0
499 1
500 2
501 4
502 3
503 5
504 6
505 5
506 10
507 14
508 14
509 22
510 23
511 21
512 23
513 19
514 13
515 16
516 24
517 20
518 39
519 37
520 40
521 35
522 20
523 19
524 29
525 14
526 11
527 11
528 15
529 12
530 14
531 14
532 21
533 19
534 21
535 27
536 30
537 23
538 25
539 24
540 26
541 25
542 26
543 36
544 33
545 31
546 27
547 24
548 27
549 35
550 29
551 26
552 25
553 26
554 17
555 20
556 21
557 11
558 10
559 7
560 3
561 3
562 6
563 4
564 5
565 7
566 8
567 11
568 13
569 13
570 13
571 19
572 14
573 12
574 15
575 15
576 16
577 18
578 28
579 36
580 32
581 35
582 33
583 42
584 44
585 51
586 55
587 65
588 68
589 70
590 63
591 61
592 61
593 76
594 87
595 94
596 93
597 96
598 103
599 103
600 94
601 91
602 76
603 76
604 88
605 87
606 78
607 73
608 62
609 64
610 62
611 52
612 37
613 51
614 60
615 66
616 65
617 61
618 55
619 65
620 58
621 66
622 75
623 71
624 60
625 60
626 66
627 69
628 68
629 60
630 57
631 65
632 62
633 57
634 63
635 81
636 82
637 82
638 78
639 67
640 58
641 47
642 50
643 49
644 50
645 48
646 37
647 39
648 56
649 66
650 70
651 78
652 72
653 58
654 65
655 69
656 69
657 58
658 67
659 73
660 82
661 72
662 61
663 49
664 63
665 72
666 71
667 76
668 64
669 60
670 61
671 65
672 62
673 67
674 54
675 53
676 60
677 63
678 75
679 85
680 86
681 98
682 88
683 80
684 83
685 73
686 73
687 78
688 76
689 82
690 93
691 89
692 64
693 49
694 55
695 49
696 54
697 50
698 44
699 35
700 44
701 38
702 34
703 31
704 29
705 36
706 43
707 55
708 59
709 74
710 69
711 55
712 57
713 59
714 47
715 49
716 52
717 44
718 44
719 38
720 39
721 42
722 42
723 50
724 57
725 64
726 65
727 73
728 86
729 85
730 82
731 82
732 76
733 76
734 70
735 65
736 48
737 43
738 42
739 44
740 45
741 45
742 48
743 40
744 47
745 46
746 43
747 39
748 33
749 30
750 27
751 33
752 28
753 31
754 33
755 22
756 14
757 11
758 11
759 10
760 11
761 11
762 9
763 12
764 10
765 6
766 5
767 9
768 11
769 11
770 8
771 7
772 6
773 7
774 7
775 10
776 12
777 14
778 16
779 15
780 11
781 11
782 13
783 19
784 19
785 26
786 34
787 48
788 53
789 55
790 54
791 48
792 56
793 65
794 67
795 80
796 87
797 91
798 91
799 112
800 96
801 99
802 104
803 115
804 104
805 97
806 114
807 98
808 92
809 89
810 76
811 82
812 87
813 108
814 140
815 141
816 149
817 142
818 123
819 110
820 112
821 118
822 106
823 120
824 142
825 135
826 131
827 133
828 136
829 125
830 125
831 128
832 124
833 97
834 92
835 91
836 77
837 87
838 115
839 112
840 117
841 144
842 113
843 111
844 124
845 136
846 150
847 160
848 159
849 162
850 148
851 156
852 177
853 182
854 170
855 189
856 163
857 153
858 157
859 164
860 160
861 156
862 165
863 184
864 179
865 169
866 176
867 198
868 222
869 250
870 252
871 265
872 271
873 263
874 260
875 291
876 251
877 263
878 269
879 282
880 287
881 267
882 278
883 291
884 291
885 277
886 313
887 314
888 318
889 310
890 288
891 290
892 286
893 302
894 313
895 318
896 323
897 344
898 331
899 338
900 343
901 333
902 337
903 345
904 359
905 351
906 338
907 349
908 370
909 371
910 373
911 369
912 355
913 356
914 361
915 365
916 348
917 367
918 394
919 378
920 405
921 392
922 393
923 383
924 379
925 390
926 395
927 401
928 392
929 379
930 380
931 378
932 369
933 361
934 354
935 373
936 391
937 387
938 379
939 385
940 393
941 395
942 404
943 413
944 428
945 427
946 408
947 402
948 386
949 377
950 381
951 413
952 414
953 398
954 378
955 369
956 363
957 311
958 312
959 326
960 307
961 314
962 305
963 322
964 318
965 325
966 325
967 303
968 319
969 330
970 337
971 343
972 326
973 323
974 353
975 358
976 342
977 353
978 388
979 415
980 412
981 425
982 423
983 453
984 476
985 498
986 506
987 534
988 540
989 552
990 544
991 561
992 547
993 542
994 553
995 558
996 540
997 514
998 526
999 516
1000 511
