1 0
2 0
3 0
4 0
5 1
6 0
7 0
8 0
9 2
10 0
11 0
12 0
13 0
14 0
15 0
16 0
17 0
18 0
19 0
20 0
21 0
22 1
23 1
24 1
25 1
26 1
27 3
28 1
29 1
30 1
31 0
32 1
33 1
34 2
35 3
36 4
37 5
38 4
39 1
40 1
41 0
42 0
43 2
44 2
45 4
46 4
47 3
48 5
49 4
50 2
51 0
52 1
53 2
54 4
55 3
56 3
57 3
58 4
59 7
60 3
61 4
62 2
63 2
64 4
65 2
66 0
67 0
68 0
69 0
70 0
71 0
72 0
73 1
74 2
75 0
76 0
77 0
78 0
79 0
80 0
81 0
82 0
83 0
84 0
85 0
86 0
87 0
88 1
89 3
90 4
91 7
92 9
93 7
94 6
95 5
96 6
97 6
98 8
99 9
100 5
101 4
102 3
103 3
104 2
105 1
106 3
107 1
108 1
109 4
110 8
111 8
112 5
113 6
114 10
115 11
116 17
117 14
118 12
119 8
120 9
121 11
122 10
123 11
124 6
125 8
126 8
127 9
128 9
129 8
130 4
131 3
132 3
133 4
134 4
135 1
136 1
137 0
138 0
139 0
140 0
141 0
142 0
143 0
144 0
145 0
146 1
147 2
148 2
149 1
150 2
151 0
152 0
153 1
154 1
155 1
156 1
157 1
158 0
159 0
160 0
161 1
162 0
163 0
164 0
165 0
166 0
167 0
168 1
169 0
170 0
171 0
172 0
173 2
174 1
175 2
176 2
177 2
178 3
179 3
180 4
181 2
182 5
183 6
184 6
185 11
186 15
187 11
188 13
189 17
190 12
191 11
192 8
193 6
194 8
195 13
196 16
197 15
198 16
199 20
200 17
201 16
202 17
203 16
204 17
205 19
206 20
207 23
208 27
209 31
210 26
211 24
212 29
213 23
214 25
215 25
216 25
217 11
218 9
219 9
220 4
221 3
222 3
223 1
224 1
225 1
226 4
227 7
228 8
229 7
230 7
231 6
232 7
233 12
234 7
235 3
236 1
237 1
238 4
239 6
240 9
241 7
242 4
243 4
244 4
245 4
246 2
247 1
248 0
249 0
250 1
251 3
252 4
253 4
254 7
255 6
256 8
257 11
258 9
259 10
260 12
261 7
262 9
263 6
264 6
265 6
266 8
267 7
268 6
269 6
270 3
271 3
272 1
273 0
274 0
275 0
276 0
277 0
278 1
279 2
280 1
281 0
282 1
283 1
284 0
285 1
286 2
287 3
288 4
289 6
290 5
291 4
292 3
293 4
294 2
295 7
296 1
297 2
298 0
299 0
300 1
301 0
302 0
303 0
304 0
305 1
306 1
307 0
308 0
309 0
310 0
311 1
312 0
313 0
314 1
315 0
316 0
317 0
318 0
319 0
320 0
321 0
322 0
323 0
324 1
325 2
326 2
327 2
328 1
329 0
330 0
331 0
332 0
333 1
334 1
335 1
336 1
337 1
338 1
339 1
340 0
341 0
342 1
343 2
344 4
345 2
346 2
347 5
348 3
349 4
350 5
351 3
352 1
353 1
354 4
355 2
356 2
357 4
358 2
359 2
360 2
361 5
362 7
363 7
364 7
365 4
366 6
367 4
368 3
369 1
370 2
371 1
372 0
373 0
374 0
375 1
376 0
377 0
378 1
379 0
380 0
381 0
382 0
383 0
384 0
385 0
386 0
387 0
388 1
389 3
390 3
391 4
392 2
393 3
394 5
395 2
396 2
397 7
398 6
399 7
400 11
401 11
402 16
403 18
404 19
405 17
406 17
407 10
408 17
409 16
410 16
411 14
412 16
413 16
414 13
415 16
416 9
417 5
418 4
419 4
420 1
421 1
422 0
423 0
424 0
425 0
426 0
427 0
428 0
429 0
430 0
431 0
432 0
433 1
434 3
435 3
436 1
437 1
438 3
439 6
440 6
441 4
442 3
443 3
444 3
445 0
446 0
447 1
448 0
449 0
450 0
451 0
452 0
453 0
454 0
455 0
456 1
457 1
458 0
459 1
460 0
461 0
462 0
463 0
464 0
465 1
466 2
467 2
468 2
469 1
470 1
471 1
472 0
473 0
474 0
475 0
476 0
477 0
478 1
479 3
480 5
481 6
482 4
483 4
484 8
485 11
486 11
487 4
488 5
489 4
490 3
491 3
492 2
493 2
494 0
495 0
496 1
497 2
498 4
499 5
500 4
501 5
502 4
503 1
504 1
505 0
506 0
507 0
508 0
509 1
510 1
511 0
512 0
513 0
514 1
515 0
516 1
517 1
518 0
519 0
520 0
521 1
522 0
523 0
524 0
525 0
526 0
527 1
528 1
529 0
530 1
531 0
532 0
533 1
534 1
535 2
536 2
537 2
538 2
539 5
540 2
541 1
542 1
543 0
544 0
545 0
546 0
547 0
548 0
549 1
550 0
551 0
552 0
553 0
554 0
555 0
556 1
557 3
558 3
559 3
560 8
561 6
562 11
563 5
564 4
565 6
566 9
567 8
568 11
569 8
570 13
571 18
572 19
573 22
574 27
575 22
576 17
577 11
578 20
579 23
580 17
581 16
582 17
583 15
584 9
585 12
586 10
587 12
588 7
589 3
590 4
591 1
592 2
593 0
594 0
595 0
596 0
597 0
598 0
599 0
600 0
601 0
602 0
603 0
604 0
605 0
606 0
607 0
608 0
609 0
610 0
611 0
612 0
613 0
614 0
615 0
616 0
617 0
618 0
619 1
620 1
621 0
622 0
623 0
624 1
625 0
626 0
627 0
628 1
629 0
630 0
631 0
632 0
633 0
634 0
635 0
636 1
637 2
638 4
639 2
640 1
641 0
642 1
643 2
644 3
645 5
646 3
647 4
648 4
649 4
650 4
651 4
652 1
653 0
654 1
655 3
656 2
657 2
658 3
659 2
660 3
661 5
662 5
663 4
664 1
665 2
666 5
667 8
668 13
669 13
670 14
671 20
672 23
673 27
674 24
675 24
676 24
677 25
678 30
679 27
680 21
681 26
682 30
683 34
684 35
685 31
686 40
687 48
688 41
689 42
690 34
691 36
692 40
693 28
694 28
695 25
696 32
697 34
698 32
699 35
700 36
701 33
702 40
703 35
704 32
705 29
706 38
707 35
708 35
709 32
710 30
711 33
712 40
713 37
714 34
715 35
716 33
717 42
718 44
719 50
720 37
721 32
722 38
723 38
724 44
725 48
726 56
727 62
728 54
729 49
730 56
731 40
732 43
733 43
734 34
735 48
736 42
737 33
738 32
739 33
740 36
741 43
742 52
743 53
744 51
745 52
746 58
747 52
748 67
749 50
750 48
751 49
752 35
753 37
754 39
755 32
756 34
757 34
758 32
759 42
760 42
761 45
762 62
763 66
764 71
765 66
766 61
767 64
768 74
769 82
770 84
771 81
772 85
773 89
774 88
775 89
776 101
777 107
778 101
779 94
780 79
781 71
782 69
783 66
784 66
785 71
786 57
787 59
788 54
789 50
790 52
791 55
792 58
793 46
794 49
795 50
796 62
797 66
798 59
799 68
800 61
801 69
802 59
803 57
804 53
805 68
806 75
807 82
808 80
809 75
810 86
811 81
812 76
813 77
814 84
815 74
816 85
817 76
818 84
819 85
820 79
821 72
822 76
823 73
824 69
825 65
826 60
827 75
828 62
829 65
830 69
831 77
832 74
833 71
834 61
835 62
836 70
837 64
838 64
839 65
840 65
841 71
842 71
843 60
844 60
845 65
846 61
847 62
848 77
849 56
850 56
851 65
852 72
853 78
854 73
855 71
856 66
857 80
858 66
859 73
860 67
861 63
862 55
863 62
864 72
865 79
866 75
867 68
868 69
869 64
870 67
871 61
872 67
873 63
874 72
875 74
876 76
877 77
878 68
879 69
880 58
881 64
882 66
883 75
884 63
885 71
886 66
887 58
888 57
889 68
890 64
891 59
892 52
893 67
894 70
895 71
896 53
897 54
898 51
899 62
900 59
901 57
902 49
903 57
904 54
905 59
906 53
907 53
908 48
909 51
910 59
911 69
912 61
913 47
914 65
915 72
916 63
917 61
918 60
919 57
920 55
921 65
922 63
923 65
924 70
925 72
926 82
927 75
928 85
929 82
930 90
931 103
932 95
933 91
934 84
935 82
936 98
937 104
938 100
939 100
940 98
941 112
942 119
943 129
944 112
945 111
946 111
947 106
948 96
949 105
950 108
951 122
952 130
953 116
954 109
955 100
956 89
957 85
958 72
959 85
960 75
961 84
962 79
963 77
964 72
965 67
966 58
967 61
968 54
969 43
970 42
971 31
972 45
973 40
974 34
975 30
976 24
977 31
978 44
979 47
980 55
981 73
982 62
983 67
984 64
985 80
986 77
987 65
988 82
989 80
990 84
991 91
992 97
993 94
994 89
995 83
996 101
997 93
998 107
999 107
1000 121
