1 1
2 0
3 0
4 0
5 0
6 0
7 0
8 0
9 0
10 0
11 0
12 0
13 1
14 3
15 2
16 2
17 3
18 2
19 0
20 0
21 1
22 1
23 2
24 1
25 0
26 1
27 2
28 3
29 1
30 2
31 1
32 2
33 2
34 0
35 0
36 1
37 1
38 0
39 1
40 0
41 1
42 1
43 1
44 3
45 2
46 6
47 5
48 7
49 4
50 5
51 7
52 7
53 2
54 5
55 2
56 2
57 1
58 3
59 2
60 1
61 1
62 3
63 6
64 3
65 1
66 0
67 0
68 1
69 2
70 0
71 0
72 0
73 0
74 0
75 0
76 0
77 0
78 0
79 0
80 1
81 2
82 0
83 0
84 0
85 0
86 0
87 0
88 0
89 0
90 0
91 0
92 0
93 1
94 2
95 3
96 3
97 1
98 1
99 2
100 2
101 0
102 0
103 0
104 2
105 3
106 1
107 2
108 3
109 3
110 5
111 4
112 5
113 3
114 2
115 2
116 1
117 2
118 1
119 3
120 6
121 3
122 2
123 2
124 6
125 7
126 9
127 7
128 12
129 13
130 15
131 17
132 21
133 27
134 29
135 27
136 27
137 28
138 25
139 22
140 34
141 42
142 47
143 44
144 52
145 53
146 59
147 50
148 45
149 53
150 49
151 45
152 51
153 42
154 54
155 59
156 58
157 54
158 64
159 61
160 59
161 61
162 65
163 58
164 61
165 75
166 74
167 78
168 85
169 79
170 82
171 85
172 68
173 84
174 86
175 75
176 77
177 64
178 70
179 53
180 67
181 92
182 101
183 124
184 145
185 173
186 171
187 161
188 180
189 173
190 173
191 180
192 176
193 178
194 181
195 198
196 203
197 226
198 209
199 226
200 214
201 259
202 272
203 285
204 306
205 309
206 351
207 330
208 336
209 308
210 295
211 296
212 301
213 309
214 329
215 344
216 342
217 332
218 324
219 343
220 342
221 355
222 328
223 309
224 317
225 287
226 301
227 323
228 337
229 358
230 361
231 336
232 332
233 325
234 285
235 313
236 314
237 300
238 339
239 325
240 315
241 322
242 320
243 331
244 338
245 341
246 346
247 361
248 355
249 341
250 339
251 344
252 355
253 385
254 375
255 355
256 358
257 337
258 319
259 311
260 327
261 317
262 330
263 347
264 343
265 342
266 320
267 323
268 314
269 301
270 299
271 311
272 316
273 287
274 286
275 261
276 266
277 252
278 259
279 251
280 225
281 202
282 227
283 228
284 248
285 243
286 246
287 306
288 309
289 303
290 314
291 321
292 334
293 356
294 384
295 362
296 360
297 358
298 331
299 320
300 263
301 277
302 278
303 265
304 277
305 283
306 293
307 326
308 333
309 354
310 401
311 370
312 354
313 357
314 385
315 359
316 342
317 324
318 349
319 347
320 334
321 373
322 365
323 357
324 354
325 337
326 317
327 309
328 302
329 288
330 319
331 302
332 296
333 312
334 295
335 310
336 316
337 318
338 350
339 347
340 323
341 320
342 316
343 336
344 321
345 322
346 347
347 349
348 349
349 359
350 373
351 353
352 322
353 354
354 339
355 349
356 342
357 333
358 329
359 335
360 319
361 315
362 333
363 335
364 316
365 345
366 353
367 367
368 347
369 365
370 385
371 373
372 392
373 380
374 386
375 382
376 374
377 373
378 382
379 397
380 361
381 372
382 409
383 365
384 353
385 333
386 343
387 313
388 329
389 334
390 331
391 341
392 339
393 364
394 343
395 334
396 358
397 335
398 336
399 335
400 340
401 359
402 378
403 360
404 358
405 320
406 310
407 304
408 312
409 312
410 301
411 286
412 285
413 305
414 271
415 246
416 250
417 268
418 289
419 282
420 297
421 288
422 271
423 267
424 247
425 223
426 233
427 238
428 220
429 205
430 209
431 209
432 208
433 188
434 182
435 193
436 171
437 173
438 177
439 185
440 187
441 178
442 171
443 172
444 166
445 179
446 197
447 227
448 249
449 252
450 244
451 249
452 267
453 257
454 251
455 264
456 248
457 221
458 221
459 216
460 236
461 243
462 245
463 246
464 254
465 245
466 229
467 220
468 216
469 230
470 222
471 229
472 238
473 248
474 239
475 241
476 231
477 217
478 182
479 171
480 186
481 189
482 186
483 176
484 180
485 175
486 177
487 181
488 179
489 185
490 190
491 202
492 223
493 218
494 232
495 235
496 224
497 251
498 221
499 250
500 266
501 276
502 274
503 273
504 241
505 222
506 201
507 181
508 173
509 148
510 144
511 130
512 122
513 148
514 151
515 162
516 174
517 170
518 168
519 153
520 158
521 178
522 162
523 159
524 149
525 146
526 140
527 145
528 166
529 184
530 185
531 186
532 181
533 170
534 162
535 154
536 174
537 180
538 174
539 171
540 171
541 154
542 125
543 119
544 139
545 156
546 130
547 127
548 145
549 137
550 125
551 129
552 118
553 106
554 114
555 111
556 104
557 117
558 133
559 134
560 123
561 132
562 108
563 113
564 119
565 126
566 148
567 156
568 152
569 154
570 169
571 178
572 188
573 193
574 222
575 206
576 198
577 188
578 211
579 224
580 195
581 220
582 222
583 231
584 247
585 254
586 220
587 210
588 201
589 182
590 189
591 201
592 206
593 197
594 189
595 167
596 167
597 161
598 152
599 141
600 137
601 140
602 128
603 104
604 95
605 100
606 109
607 114
608 108
609 123
610 130
611 142
612 145
613 146
614 141
615 148
616 156
617 150
618 133
619 140
620 139
621 139
622 129
623 121
624 142
625 147
626 142
627 141
628 166
629 169
630 144
631 156
632 165
633 161
634 179
635 179
636 177
637 189
638 199
639 194
640 218
641 225
642 223
643 279
644 302
645 275
646 263
647 271
648 252
649 276
650 284
651 285
652 272
653 279
654 263
655 278
656 290
657 311
658 299
659 279
660 260
661 256
662 240
663 262
664 236
665 230
666 218
667 231
668 229
669 216
670 198
671 213
672 222
673 224
674 213
675 218
676 205
677 195
678 198
679 174
680 196
681 176
682 180
683 198
684 194
685 166
686 174
687 179
688 192
689 193
690 201
691 174
692 163
693 178
694 195
695 186
696 180
697 187
698 193
699 183
700 187
701 174
702 181
703 185
704 192
705 193
706 218
707 191
708 210
709 203
710 203
711 222
712 216
713 239
714 239
715 246
716 253
717 285
718 295
719 328
720 332
721 315
722 271
723 284
724 319
725 321
726 333
727 356
728 380
729 372
730 343
731 347
732 332
733 328
734 317
735 359
736 352
737 385
738 380
739 348
740 334
741 319
742 327
743 331
744 351
745 321
746 316
747 302
748 310
749 310
750 301
751 311
752 307
753 321
754 341
755 325
756 327
757 303
758 325
759 341
760 334
761 318
762 347
763 319
764 319
765 304
766 276
767 269
768 256
769 257
770 269
771 290
772 279
773 304
774 314
775 314
776 294
777 279
778 280
779 280
780 294
781 306
782 366
783 388
784 342
785 365
786 349
787 359
788 370
789 354
790 350
791 344
792 363
793 379
794 382
795 396
796 384
797 398
798 374
799 388
800 377
801 376
802 357
803 328
804 327
805 310
806 312
807 316
808 308
809 287
810 282
811 294
812 282
813 286
814 291
815 285
816 266
817 271
818 267
819 256
820 278
821 298
822 300
823 264
824 246
825 275
826 277
827 278
828 291
829 316
830 284
831 289
832 319
833 329
834 351
835 329
836 342
837 323
838 347
839 317
840 283
841 259
842 244
843 267
844 269
845 263
846 270
847 243
848 232
849 249
850 253
851 281
852 261
853 268
854 286
855 291
856 306
857 326
858 336
859 338
860 350
861 341
862 347
863 335
864 373
865 381
866 365
867 341
868 355
869 318
870 312
871 288
872 292
873 271
874 254
875 256
876 228
877 248
878 276
879 275
880 289
881 294
882 289
883 296
884 278
885 280
886 253
887 258
888 275
889 265
890 297
891 315
892 323
893 311
894 314
895 303
896 295
897 307
898 286
899 261
900 261
901 234
902 228
903 240
904 265
905 272
906 294
907 290
908 274
909 272
910 292
911 284
912 268
913 257
914 265
915 258
916 287
917 275
918 295
919 295
920 323
921 338
922 321
923 359
924 341
925 371
926 355
927 357
928 377
929 363
930 359
931 357
932 346
933 329
934 336
935 320
936 308
937 294
938 284
939 274
940 270
941 296
942 282
943 251
944 240
945 255
946 268
947 270
948 264
949 267
950 265
951 249
952 244
953 257
954 268
955 265
956 276
957 270
958 286
959 287
960 298
961 299
962 300
963 279
964 300
965 318
966 296
967 292
968 279
969 270
970 278
971 280
972 270
973 288
974 270
975 269
976 270
977 257
978 255
979 257
980 250
981 262
982 278
983 262
984 247
985 250
986 237
987 256
988 266
989 273
990 259
991 271
992 288
993 253
994 261
995 265
996 286
997 289
998 281
999 290
1000 321
