1 0
2 0
3 0
4 0
5 0
6 0
7 0
8 0
9 0
10 0
11 1
12 0
13 0
14 0
15 0
16 0
17 0
18 1
19 0
20 0
21 1
22 1
23 3
24 3
25 5
26 4
27 3
28 3
29 2
30 1
31 1
32 2
33 2
34 4
35 6
36 7
37 5
38 9
39 8
40 8
41 8
42 9
43 9
44 9
45 3
46 5
47 4
48 4
49 1
50 0
51 0
52 0
53 1
54 1
55 2
56 4
57 8
58 7
59 8
60 6
61 4
62 2
63 2
64 1
65 2
66 1
67 1
68 2
69 1
70 2
71 1
72 0
73 0
74 1
75 4
76 7
77 12
78 17
79 25
80 41
81 46
82 46
83 42
84 40
85 38
86 39
87 35
88 34
89 32
90 30
91 29
92 23
93 25
94 35
95 34
96 37
97 38
98 37
99 53
100 30
101 28
102 34
103 35
104 29
105 26
106 43
107 49
108 46
109 46
110 46
111 48
112 46
113 42
114 37
115 42
116 45
117 46
118 36
119 34
120 36
121 26
122 29
123 31
124 22
125 25
126 28
127 27
128 30
129 34
130 34
131 34
132 34
133 34
134 39
135 41
136 32
137 34
138 36
139 28
140 17
141 23
142 19
143 25
144 26
145 33
146 38
147 44
148 45
149 46
150 36
151 42
152 37
153 35
154 41
155 51
156 50
157 57
158 70
159 75
160 86
161 86
162 95
163 112
164 135
165 155
166 164
167 181
168 176
169 158
170 143
171 145
172 127
173 127
174 128
175 132
176 151
177 153
178 161
179 180
180 179
181 194
182 168
183 150
184 163
185 168
186 172
187 169
188 169
189 170
190 184
191 201
192 198
193 220
194 217
195 198
196 198
197 208
198 211
199 234
200 265
201 271
202 281
203 276
204 268
205 282
206 308
207 283
208 323
209 331
210 336
211 322
212 300
213 285
214 275
215 306
216 315
217 326
218 316
219 311
220 321
221 333
222 337
223 342
224 338
225 344
226 322
227 359
228 367
229 372
230 377
231 398
232 416
233 402
234 404
235 443
236 465
237 477
238 495
239 477
240 468
241 469
242 452
243 463
244 469
245 496
246 455
247 500
248 490
249 477
250 477
251 476
252 464
253 505
254 492
255 484
256 429
257 437
258 409
259 411
260 425
261 438
262 433
263 487
264 506
265 505
266 527
267 528
268 531
269 532
270 519
271 504
272 512
273 520
274 523
275 528
276 547
277 531
278 522
279 553
280 559
281 579
282 585
283 607
284 614
285 642
286 648
287 643
288 659
289 653
290 636
291 607
292 595
293 592
294 565
295 538
296 514
297 539
298 564
299 552
300 526
301 541
302 509
303 518
304 532
305 562
306 577
307 623
308 619
309 645
310 674
311 643
312 645
313 636
314 630
315 636
316 661
317 649
318 595
319 599
320 590
321 527
322 534
323 560
324 538
325 542
326 539
327 542
328 516
329 537
330 564
331 600
332 623
333 628
334 640
335 638
336 625
337 623
338 626
339 649
340 671
341 619
342 634
343 622
344 610
345 552
346 545
347 524
348 536
349 508
350 489
351 491
352 498
353 526
354 535
355 535
356 533
357 550
358 533
359 530
360 510
361 493
362 505
363 513
364 501
365 489
366 499
367 471
368 472
369 466
370 462
371 452
372 447
373 448
374 440
375 409
376 409
377 446
378 436
379 437
380 436
381 426
382 430
383 414
384 376
385 374
386 391
387 372
388 374
389 351
390 361
391 375
392 366
393 372
394 350
395 378
396 359
397 373
398 371
399 378
400 356
401 351
402 338
403 324
404 325
405 342
406 318
407 343
408 373
409 403
410 417
411 401
412 411
413 422
414 411
415 399
416 412
417 362
418 353
419 353
420 347
421 383
422 418
423 416
424 410
425 437
426 460
427 508
428 519
429 537
430 525
431 506
432 517
433 508
434 512
435 517
436 501
437 488
438 478
439 453
440 449
441 428
442 432
443 422
444 406
445 379
446 420
447 404
448 381
449 360
450 342
451 355
452 340
453 331
454 330
455 305
456 284
457 287
458 322
459 304
460 296
461 313
462 312
463 274
464 281
465 316
466 307
467 285
468 274
469 286
470 272
471 257
472 257
473 276
474 287
475 278
476 273
477 277
478 294
479 257
480 229
481 216
482 237
483 241
484 222
485 252
486 228
487 234
488 229
489 219
490 241
491 234
492 227
493 191
494 184
495 194
496 206
497 191
498 204
499 193
500 192
501 200
502 227
503 220
504 220
505 244
506 211
507 175
508 166
509 164
510 151
511 153
512 158
513 160
514 160
515 146
516 168
517 172
518 184
519 196
520 188
521 176
522 155
523 158
524 175
525 173
526 184
527 195
528 190
529 187
530 203
531 195
532 187
533 189
534 181
535 209
536 198
537 199
538 221
539 262
540 271
541 262
542 269
543 272
544 287
545 278
546 261
547 280
548 290
549 284
550 275
551 239
552 238
553 254
554 250
555 279
556 282
557 277
558 271
559 278
560 267
561 256
562 254
563 235
564 270
565 246
566 264
567 249
568 254
569 248
570 271
571 251
572 223
573 231
574 225
575 199
576 149
577 145
578 156
579 172
580 176
581 167
582 171
583 147
584 147
585 146
586 126
587 112
588 113
589 104
590 119
591 127
592 105
593 108
594 101
595 112
596 114
597 104
598 110
599 102
600 120
601 122
602 105
603 108
604 98
605 89
606 76
607 63
608 56
609 44
610 42
611 57
612 48
613 52
614 46
615 36
616 43
617 43
618 47
619 46
620 45
621 49
622 50
623 53
624 46
625 53
626 53
627 60
628 54
629 51
630 47
631 46
632 39
633 44
634 35
635 40
636 37
637 41
638 47
639 40
640 49
641 51
642 52
643 57
644 58
645 61
646 79
647 67
648 71
649 65
650 63
651 66
652 61
653 59
654 55
655 55
656 54
657 53
658 49
659 45
660 50
661 50
662 54
663 51
664 60
665 62
666 57
667 59
668 52
669 56
670 56
671 50
672 58
673 54
674 67
675 71
676 70
677 85
678 88
679 99
680 105
681 107
682 115
683 112
684 95
685 88
686 94
687 105
688 87
689 92
690 89
691 76
692 81
693 78
694 81
695 85
696 72
697 77
698 81
699 100
700 110
701 123
702 129
703 123
704 128
705 129
706 126
707 116
708 135
709 166
710 173
711 193
712 172
713 194
714 182
715 179
716 184
717 167
718 201
719 209
720 225
721 202
722 186
723 209
724 215
725 211
726 224
727 218
728 228
729 227
730 222
731 265
732 258
733 259
734 282
735 293
736 306
737 295
738 282
739 282
740 288
741 296
742 312
743 325
744 323
745 318
746 319
747 346
748 318
749 307
750 333
751 345
752 368
753 368
754 354
755 353
756 336
757 378
758 377
759 331
760 336
761 300
762 304
763 301
764 317
765 343
766 330
767 358
768 381
769 393
770 412
771 396
772 412
773 418
774 402
775 385
776 387
777 401
778 385
779 382
780 368
781 358
782 355
783 335
784 353
785 325
786 336
787 301
788 289
789 268
790 253
791 239
792 230
793 231
794 242
795 233
796 215
797 216
798 228
799 214
800 205
801 202
802 191
803 201
804 201
805 184
806 176
807 185
808 189
809 188
810 187
811 203
812 189
813 172
814 163
815 170
816 168
817 178
818 176
819 189
820 191
821 178
822 196
823 210
824 208
825 211
826 224
827 240
828 237
829 259
830 258
831 268
832 273
833 270
834 278
835 262
836 248
837 251
838 257
839 234
840 221
841 211
842 223
843 227
844 212
845 215
846 231
847 238
848 281
849 294
850 321
851 303
852 303
853 297
854 303
855 277
856 279
857 300
858 310
859 305
860 280
861 285
862 268
863 259
864 254
865 245
866 236
867 273
868 261
869 248
870 250
871 254
872 235
873 235
874 207
875 211
876 186
877 182
878 171
879 167
880 192
881 180
882 186
883 205
884 196
885 167
886 163
887 163
888 175
889 176
890 167
891 149
892 157
893 154
894 151
895 146
896 146
897 181
898 196
899 188
900 191
901 189
902 190
903 183
904 200
905 203
906 214
907 210
908 209
909 217
910 218
911 223
912 236
913 219
914 205
915 215
916 204
917 207
918 192
919 204
920 183
921 194
922 169
923 152
924 143
925 146
926 140
927 174
928 168
929 168
930 157
931 148
932 142
933 130
934 122
935 110
936 111
937 106
938 114
939 117
940 127
941 107
942 95
943 89
944 94
945 91
946 88
947 81
948 72
949 91
950 94
951 102
952 95
953 94
954 93
955 85
956 81
957 77
958 76
959 78
960 71
961 82
962 78
963 82
964 81
965 80
966 82
967 95
968 98
969 100
970 88
971 83
972 72
973 79
974 81
975 83
976 83
977 62
978 61
979 52
980 46
981 35
982 32
983 34
984 29
985 33
986 33
987 28
988 46
989 45
990 47
991 51
992 55
993 54
994 46
995 27
996 25
997 24
998 26
999 24
1000 27
