1 4
2 5
3 4
4 6
5 11
6 15
7 19
8 23
9 20
10 22
11 35
12 37
13 38
14 38
15 41
16 30
17 22
18 17
19 18
20 17
21 25
22 35
23 43
24 43
25 43
26 48
27 44
28 45
29 60
30 55
31 59
32 55
33 53
34 49
35 48
36 53
37 55
38 57
39 43
40 41
41 40
42 51
43 75
44 75
45 64
46 69
47 56
48 66
49 82
50 90
51 88
52 99
53 108
54 99
55 88
56 89
57 121
58 137
59 134
60 146
61 169
62 185
63 191
64 192
65 192
66 200
67 210
68 211
69 219
70 196
71 210
72 213
73 189
74 167
75 182
76 174
77 165
78 158
79 148
80 137
81 145
82 152
83 144
84 154
85 139
86 113
87 115
88 137
89 123
90 118
91 138
92 140
93 130
94 152
95 125
96 101
97 114
98 128
99 122
100 111
101 99
102 112
103 116
104 117
105 111
106 113
107 99
108 90
109 92
110 89
111 89
112 91
113 101
114 87
115 82
116 87
117 83
118 75
119 64
120 51
121 58
122 65
123 68
124 69
125 78
126 90
127 82
128 84
129 81
130 81
131 84
132 106
133 104
134 121
135 127
136 130
137 134
138 138
139 127
140 129
141 109
142 115
143 115
144 121
145 119
146 114
147 119
148 116
149 118
150 138
151 117
152 119
153 111
154 125
155 119
156 115
157 106
158 92
159 94
160 96
161 89
162 93
163 111
164 118
165 111
166 108
167 124
168 129
169 123
170 127
171 132
172 128
173 128
174 134
175 137
176 136
177 146
178 138
179 144
180 167
181 172
182 188
183 187
184 211
185 195
186 219
187 220
188 231
189 235
190 232
191 246
192 246
193 234
194 251
195 268
196 277
197 315
198 307
199 312
200 318
201 303
202 327
203 330
204 326
205 336
206 335
207 346
208 360
209 340
210 330
211 318
212 322
213 330
214 326
215 345
216 350
217 338
218 347
219 339
220 335
221 336
222 345
223 330
224 325
225 320
226 319
227 293
228 299
229 300
230 319
231 292
232 302
233 297
234 318
235 279
236 290
237 321
238 341
239 338
240 319
241 352
242 343
243 355
244 353
245 345
246 340
247 334
248 342
249 310
250 317
251 306
252 308
253 320
254 328
255 334
256 332
257 317
258 340
259 320
260 329
261 319
262 318
263 314
264 284
265 291
266 256
267 262
268 276
269 293
270 284
271 294
272 320
273 304
274 287
275 286
276 283
277 282
278 302
279 312
280 324
281 334
282 353
283 325
284 316
285 323
286 315
287 346
288 311
289 299
290 312
291 323
292 328
293 371
294 378
295 372
296 364
297 386
298 419
299 431
300 424
301 441
302 468
303 513
304 506
305 573
306 599
307 612
308 619
309 602
310 571
311 567
312 571
313 573
314 580
315 605
316 621
317 619
318 629
319 649
320 685
321 671
322 669
323 661
324 660
325 673
326 700
327 708
328 671
329 705
330 700
331 692
332 748
333 731
334 744
335 758
336 741
337 742
338 771
339 795
340 794
341 821
342 835
343 818
344 863
345 898
346 875
347 878
348 897
349 916
350 865
351 867
352 926
353 890
354 962
355 986
356 1000
357 1017
358 1010
359 962
360 951
361 992
362 999
363 972
364 1047
365 1009
366 1023
367 1007
368 1069
369 1096
370 1154
371 1054
372 1072
373 1080
374 1081
375 1045
376 994
377 1022
378 991
379 962
380 1010
381 1033
382 1111
383 1105
384 1081
385 1073
386 1064
387 1071
388 1109
389 1085
390 1052
391 1099
392 1039
393 1010
394 941
395 953
396 973
397 994
398 1026
399 1046
400 1037
401 997
402 998
403 978
404 975
405 950
406 913
407 838
408 839
409 867
410 894
411 855
412 812
413 805
414 814
415 848
416 910
417 864
418 900
419 909
420 995
421 986
422 1007
423 1000
424 1020
425 1089
426 1132
427 1111
428 1112
429 1068
430 1050
431 1029
432 1072
433 1098
434 1080
435 1066
436 1020
437 983
438 989
439 903
440 880
441 873
442 851
443 862
444 870
445 915
446 900
447 892
448 863
449 821
450 837
451 850
452 895
453 878
454 880
455 854
456 840
457 782
458 754
459 780
460 775
461 812
462 762
463 771
464 747
465 782
466 834
467 821
468 838
469 803
470 839
471 822
472 859
473 845
474 846
475 835
476 880
477 891
478 912
479 877
480 852
481 878
482 851
483 880
484 862
485 871
486 822
487 839
488 827
489 852
490 912
491 936
492 914
493 973
494 1005
495 1001
496 991
497 979
498 947
499 926
500 920
501 920
502 924
503 929
504 892
505 876
506 897
507 911
508 920
509 911
510 969
511 1017
512 1053
513 1057
514 1064
515 1101
516 1113
517 1071
518 1152
519 1108
520 1150
521 1156
522 1182
523 1162
524 1214
525 1156
526 1196
527 1145
528 1110
529 1171
530 1093
531 1121
532 1156
533 1128
534 1130
535 1105
536 1111
537 1051
538 1066
539 1086
540 1098
541 1088
542 1108
543 1098
544 1066
545 1116
546 1124
547 1128
548 1153
549 1202
550 1196
551 1211
552 1259
553 1279
554 1275
555 1258
556 1238
557 1220
558 1193
559 1194
560 1192
561 1197
562 1205
563 1228
564 1176
565 1200
566 1173
567 1133
568 1109
569 1110
570 1107
571 1100
572 1086
573 1120
574 1164
575 1141
576 1091
577 1057
578 1017
579 999
580 970
581 965
582 943
583 961
584 986
585 983
586 984
587 1000
588 970
589 948
590 963
591 922
592 874
593 907
594 885
595 850
596 878
597 917
598 996
599 954
600 981
601 965
602 978
603 1009
604 1018
605 1017
606 976
607 1013
608 1005
609 972
610 975
611 995
612 1046
613 1048
614 1052
615 1075
616 1044
617 1026
618 968
619 980
620 972
621 983
622 990
623 1018
624 985
625 991
626 991
627 1022
628 1039
629 1000
630 1009
631 991
632 895
633 889
634 881
635 920
636 962
637 950
638 995
639 983
640 961
641 975
642 1019
643 1001
644 986
645 1025
646 1005
647 1013
648 1013
649 1001
650 979
651 1024
652 948
653 974
654 957
655 1005
656 935
657 868
658 945
659 964
660 973
661 969
662 973
663 937
664 946
665 946
666 932
667 879
668 826
669 824
670 775
671 743
672 740
673 720
674 762
675 790
676 839
677 820
678 799
679 813
680 823
681 830
682 841
683 854
684 891
685 834
686 843
687 819
688 853
689 855
690 890
691 902
692 880
693 905
694 915
695 931
696 932
697 935
698 923
699 965
700 962
701 920
702 898
703 853
704 826
705 844
706 829
707 839
708 846
709 838
710 866
711 843
712 848
713 833
714 884
715 869
716 860
717 916
718 891
719 887
720 896
721 897
722 892
723 896
724 882
725 909
726 882
727 886
728 936
729 944
730 921
731 881
732 906
733 893
734 894
735 909
736 959
737 962
738 1038
739 1048
740 1058
741 1064
742 1077
743 1067
744 1058
745 1027
746 1017
747 1015
748 1014
749 1008
750 1028
751 1033
752 1064
753 1141
754 1192
755 1185
756 1167
757 1240
758 1201
759 1188
760 1165
761 1159
762 1127
763 1075
764 1107
765 1112
766 1164
767 1141
768 1199
769 1194
770 1190
771 1191
772 1126
773 1099
774 1086
775 1054
776 1043
777 1005
778 994
779 945
780 920
781 898
782 944
783 920
784 922
785 943
786 980
787 899
788 963
789 967
790 955
791 935
792 919
793 930
794 963
795 932
796 968
797 1013
798 1028
799 1067
800 1096
801 1048
802 1085
803 1048
804 1057
805 1009
806 1046
807 998
808 1049
809 1051
810 1064
811 1088
812 1119
813 1130
814 1167
815 1217
816 1225
817 1225
818 1211
819 1207
820 1236
821 1229
822 1292
823 1289
824 1275
825 1250
826 1323
827 1322
828 1325
829 1242
830 1270
831 1343
832 1316
833 1293
834 1306
835 1250
836 1211
837 1127
838 1150
839 1132
840 1151
841 1204
842 1227
843 1255
844 1281
845 1391
846 1380
847 1422
848 1441
849 1372
850 1346
851 1352
852 1357
853 1317
854 1266
855 1190
856 1214
857 1245
858 1292
859 1362
860 1376
861 1380
862 1470
863 1527
864 1465
865 1507
866 1548
867 1533
868 1508
869 1462
870 1462
871 1474
872 1432
873 1475
874 1542
875 1552
876 1609
877 1694
878 1724
879 1711
880 1673
881 1664
882 1630
883 1632
884 1616
885 1608
886 1527
887 1533
888 1481
889 1468
890 1475
891 1564
892 1555
893 1560
894 1523
895 1595
896 1578
897 1570
898 1588
899 1633
900 1613
901 1634
902 1605
903 1557
904 1503
905 1555
906 1637
907 1694
908 1608
909 1551
910 1608
911 1610
912 1622
913 1640
914 1645
915 1640
916 1596
917 1663
918 1676
919 1656
920 1681
921 1714
922 1658
923 1567
924 1595
925 1557
926 1574
927 1569
928 1470
929 1488
930 1373
931 1470
932 1438
933 1445
934 1505
935 1495
936 1479
937 1447
938 1465
939 1451
940 1410
941 1406
942 1467
943 1482
944 1524
945 1494
946 1519
947 1569
948 1533
949 1468
950 1478
951 1444
952 1411
953 1393
954 1336
955 1309
956 1295
957 1244
958 1234
959 1228
960 1234
961 1283
962 1318
963 1275
964 1288
965 1256
966 1261
967 1272
968 1252
969 1284
970 1341
971 1295
972 1262
973 1328
974 1424
975 1434
976 1409
977 1466
978 1472
979 1465
980 1494
981 1522
982 1565
983 1721
984 1699
985 1768
986 1748
987 1724
988 1710
989 1632
990 1714
991 1674
992 1656
993 1687
994 1631
995 1619
996 1601
997 1636
998 1591
999 1625
1000 1525
