1 2
2 4
3 9
4 12
5 16
6 20
7 29
8 33
9 35
10 42
11 42
12 54
13 42
14 49
15 45
16 40
17 40
18 47
19 55
20 56
21 68
22 66
23 66
24 61
25 74
26 72
27 78
28 90
29 93
30 105
31 98
32 119
33 121
34 127
35 131
36 136
37 147
38 144
39 132
40 132
41 130
42 130
43 132
44 129
45 134
46 127
47 124
48 144
49 143
50 131
51 136
52 141
53 148
54 154
55 160
56 166
57 161
58 133
59 128
60 134
61 162
62 170
63 158
64 189
65 160
66 150
67 146
68 152
69 142
70 156
71 166
72 175
73 175
74 165
75 155
76 136
77 114
78 134
79 121
80 126
81 147
82 162
83 168
84 171
85 180
86 188
87 175
88 166
89 181
90 205
91 187
92 178
93 204
94 212
95 198
96 218
97 229
98 231
99 209
100 210
101 214
102 208
103 219
104 216
105 235
106 239
107 239
108 237
109 260
110 257
111 269
112 286
113 305
114 272
115 289
116 288
117 312
118 289
119 269
120 258
121 261
122 253
123 239
124 216
125 205
126 243
127 291
128 331
129 330
130 330
131 319
132 332
133 339
134 302
135 277
136 307
137 291
138 283
139 286
140 300
141 294
142 306
143 278
144 280
145 271
146 251
147 253
148 245
149 253
150 260
151 285
152 295
153 294
154 303
155 290
156 315
157 308
158 309
159 303
160 327
161 312
162 319
163 354
164 366
165 380
166 367
167 342
168 363
169 333
170 321
171 348
172 374
173 386
174 381
175 391
176 383
177 339
178 314
179 335
180 342
181 324
182 329
183 344
184 332
185 331
186 338
187 351
188 350
189 368
190 349
191 346
192 344
193 362
194 390
195 386
196 382
197 390
198 378
199 375
200 387
201 391
202 438
203 447
204 468
205 459
206 443
207 463
208 447
209 441
210 457
211 479
212 452
213 484
214 531
215 557
216 529
217 517
218 517
219 528
220 516
221 510
222 481
223 509
224 531
225 517
226 500
227 507
228 516
229 489
230 471
231 475
232 491
233 438
234 444
235 462
236 493
237 520
238 482
239 491
240 496
241 506
242 513
243 526
244 548
245 539
246 557
247 519
248 528
249 552
250 539
251 507
252 517
253 545
254 543
255 548
256 547
257 575
258 623
259 576
260 592
261 609
262 609
263 597
264 571
265 563
266 541
267 556
268 537
269 510
270 499
271 490
272 464
273 501
274 486
275 480
276 473
277 454
278 454
279 439
280 466
281 534
282 491
283 500
284 475
285 480
286 466
287 456
288 452
289 439
290 440
291 444
292 438
293 451
294 444
295 448
296 415
297 416
298 384
299 381
300 396
301 394
302 419
303 442
304 434
305 430
306 451
307 431
308 429
309 434
310 423
311 423
312 427
313 447
314 415
315 402
316 419
317 414
318 390
319 365
320 368
321 404
322 395
323 417
324 413
325 405
326 384
327 397
328 402
329 378
330 399
331 380
332 397
333 366
334 339
335 329
336 331
337 305
338 302
339 287
340 287
341 266
342 257
343 279
344 268
345 264
346 259
347 264
348 260
349 261
350 269
351 268
352 269
353 256
354 291
355 283
356 277
357 288
358 271
359 276
360 265
361 255
362 260
363 236
364 254
365 237
366 217
367 229
368 253
369 251
370 261
371 277
372 282
373 268
374 301
375 280
376 287
377 329
378 365
379 340
380 337
381 314
382 295
383 286
384 294
385 313
386 335
387 341
388 347
389 360
390 393
391 398
392 394
393 407
394 409
395 410
396 423
397 401
398 410
399 360
400 390
401 415
402 432
403 422
404 400
405 387
406 376
407 402
408 423
409 449
410 454
411 485
412 473
413 460
414 452
415 440
416 424
417 439
418 434
419 388
420 373
421 391
422 389
423 372
424 345
425 356
426 405
427 422
428 425
429 450
430 482
431 476
432 476
433 472
434 447
435 422
436 440
437 459
438 471
439 449
440 486
441 459
442 473
443 490
444 517
445 487
446 458
447 486
448 489
449 471
450 472
451 477
452 468
453 486
454 459
455 446
456 428
457 428
458 457
459 431
460 401
461 406
462 441
463 479
464 495
465 480
466 477
467 474
468 463
469 488
470 471
471 504
472 485
473 521
474 482
475 518
476 542
477 534
478 566
479 560
480 610
481 636
482 651
483 600
484 563
485 565
486 593
487 582
488 603
489 608
490 594
491 621
492 645
493 676
494 723
495 734
496 757
497 759
498 779
499 802
500 797
501 800
502 788
503 805
504 764
505 818
506 787
507 785
508 786
509 831
510 809
511 849
512 836
513 821
514 838
515 846
516 857
517 870
518 869
519 880
520 913
521 929
522 932
523 976
524 985
525 990
526 949
527 960
528 998
529 995
530 1013
531 957
532 971
533 953
534 910
535 954
536 920
537 870
538 919
539 869
540 894
541 900
542 921
543 891
544 858
545 856
546 838
547 885
548 903
549 934
550 939
551 884
552 887
553 824
554 834
555 829
556 812
557 822
558 850
559 828
560 770
561 777
562 757
563 746
564 735
565 701
566 707
567 697
568 733
569 722
570 693
571 701
572 697
573 748
574 767
575 791
576 797
577 789
578 772
579 746
580 747
581 748
582 771
583 792
584 766
585 727
586 754
587 779
588 728
589 696
590 695
591 720
592 686
593 638
594 638
595 630
596 621
597 638
598 648
599 630
600 633
601 623
602 637
603 638
604 629
605 620
606 643
607 626
608 603
609 576
610 588
611 587
612 572
613 601
614 590
615 633
616 655
617 691
618 659
619 634
620 627
621 645
622 666
623 667
624 707
625 698
626 698
627 761
628 768
629 769
630 786
631 775
632 777
633 780
634 749
635 769
636 799
637 788
638 837
639 823
640 781
641 770
642 779
643 777
644 767
645 730
646 739
647 775
648 754
649 748
650 760
651 742
652 766
653 778
654 822
655 821
656 837
657 848
658 863
659 813
660 832
661 842
662 860
663 865
664 905
665 896
666 867
667 867
668 883
669 873
670 869
671 878
672 864
673 896
674 871
675 890
676 901
677 889
678 883
679 908
680 891
681 903
682 882
683 853
684 856
685 892
686 895
687 855
688 858
689 891
690 880
691 847
692 853
693 846
694 861
695 854
696 830
697 834
698 788
699 763
700 804
701 801
702 826
703 819
704 872
705 851
706 850
707 897
708 901
709 901
710 908
711 890
712 860
713 887
714 858
715 858
716 895
717 915
718 919
719 917
720 890
721 906
722 927
723 896
724 887
725 880
726 915
727 929
728 919
729 924
730 929
731 925
732 881
733 908
734 922
735 928
736 959
737 934
738 934
739 909
740 939
741 910
742 851
743 864
744 834
745 848
746 826
747 812
748 829
749 799
750 805
751 761
752 792
753 777
754 777
755 757
756 775
757 754
758 767
759 767
760 761
761 797
762 800
763 859
764 892
765 869
766 873
767 895
768 908
769 963
770 981
771 982
772 968
773 931
774 937
775 931
776 966
777 944
778 980
779 956
780 963
781 967
782 1020
783 1054
784 1072
785 1066
786 1069
787 999
788 944
789 941
790 914
791 966
792 983
793 1044
794 1001
795 1031
796 1009
797 974
798 993
799 987
800 999
801 1019
802 1013
803 1001
804 1015
805 1053
806 1027
807 1084
808 1089
809 1067
810 1126
811 1132
812 1049
813 968
814 943
815 952
816 943
817 942
818 1035
819 1080
820 1086
821 1156
822 1142
823 1134
824 1143
825 1160
826 1192
827 1206
828 1208
829 1170
830 1203
831 1153
832 1137
833 1165
834 1206
835 1206
836 1229
837 1248
838 1288
839 1276
840 1301
841 1250
842 1230
843 1246
844 1245
845 1166
846 1111
847 1105
848 1108
849 1131
850 1167
851 1167
852 1128
853 1120
854 1184
855 1117
856 1074
857 1073
858 1094
859 1069
860 1117
861 1102
862 1169
863 1153
864 1118
865 1094
866 1100
867 1096
868 1105
869 1131
870 1124
871 1122
872 1118
873 1189
874 1226
875 1213
876 1217
877 1260
878 1310
879 1271
880 1314
881 1318
882 1310
883 1355
884 1332
885 1317
886 1375
887 1334
888 1309
889 1338
890 1329
891 1338
892 1394
893 1389
894 1331
895 1355
896 1321
897 1300
898 1223
899 1197
900 1211
901 1191
902 1238
903 1304
904 1259
905 1192
906 1200
907 1215
908 1259
909 1285
910 1285
911 1292
912 1331
913 1301
914 1297
915 1312
916 1306
917 1334
918 1327
919 1312
920 1314
921 1317
922 1349
923 1290
924 1245
925 1276
926 1297
927 1351
928 1349
929 1346
930 1388
931 1368
932 1389
933 1428
934 1409
935 1369
936 1391
937 1334
938 1323
939 1343
940 1353
941 1293
942 1311
943 1353
944 1321
945 1337
946 1347
947 1368
948 1393
949 1443
950 1471
951 1430
952 1428
953 1366
954 1361
955 1369
956 1352
957 1309
958 1300
959 1284
960 1267
961 1190
962 1187
963 1178
964 1227
965 1184
966 1179
967 1239
968 1235
969 1252
970 1247
971 1343
972 1322
973 1288
974 1299
975 1266
976 1292
977 1338
978 1346
979 1322
980 1341
981 1282
982 1353
983 1316
984 1284
985 1315
986 1315
987 1355
988 1330
989 1373
990 1414
991 1398
992 1394
993 1405
994 1411
995 1402
996 1406
997 1413
998 1419
999 1404
1000 1353
