1 17
2 24
3 37
4 55
5 72
6 86
7 120
8 116
9 139
10 165
11 186
12 210
13 244
14 272
15 314
16 338
17 370
18 393
19 392
20 396
21 422
22 448
23 471
24 500
25 501
26 497
27 509
28 541
29 554
30 593
31 627
32 610
33 622
34 642
35 664
36 646
37 644
38 667
39 671
40 656
41 688
42 741
43 772
44 833
45 829
46 855
47 860
48 843
49 875
50 924
51 942
52 960
53 972
54 1019
55 1025
56 986
57 989
58 1022
59 1056
60 1052
61 1055
62 1095
63 1064
64 1025
65 1075
66 1081
67 1115
68 1131
69 1144
70 1185
71 1197
72 1163
73 1231
74 1264
75 1271
76 1232
77 1252
78 1256
79 1221
80 1208
81 1154
82 1197
83 1277
84 1274
85 1350
86 1462
87 1496
88 1576
89 1617
90 1659
91 1723
92 1750
93 1817
94 1825
95 1830
96 1864
97 1898
98 1862
99 1950
100 1966
101 1964
102 2030
103 2100
104 2147
105 2099
106 2139
107 2128
108 2216
109 2197
110 2209
111 2253
112 2304
113 2306
114 2314
115 2340
116 2367
117 2438
118 2506
119 2493
120 2504
121 2515
122 2506
123 2554
124 2557
125 2528
126 2514
127 2585
128 2650
129 2666
130 2646
131 2656
132 2699
133 2774
134 2818
135 2833
136 2830
137 2888
138 2889
139 2819
140 2847
141 2932
142 2922
143 2960
144 3045
145 3146
146 3120
147 3222
148 3278
149 3265
150 3212
151 3300
152 3390
153 3430
154 3393
155 3472
156 3679
157 3680
158 3761
159 3803
160 3839
161 3751
162 3892
163 3905
164 3970
165 3979
166 4058
167 4082
168 4086
169 4163
170 4147
171 4199
172 4152
173 4294
174 4381
175 4374
176 4478
177 4463
178 4452
179 4478
180 4511
181 4500
182 4454
183 4419
184 4404
185 4460
186 4447
187 4391
188 4379
189 4410
190 4499
191 4479
192 4495
193 4529
194 4455
195 4483
196 4513
197 4520
198 4414
199 4508
200 4664
201 4681
202 4658
203 4612
204 4765
205 4728
206 4605
207 4566
208 4645
209 4517
210 4538
211 4663
212 4748
213 4763
214 4759
215 4806
216 4961
217 4980
218 4904
219 4909
220 4895
221 4917
222 4987
223 4990
224 5008
225 5095
226 5174
227 5157
228 5129
229 5051
230 5055
231 5141
232 5084
233 5207
234 5177
235 5082
236 5096
237 5048
238 5045
239 5154
240 5222
241 5188
242 5143
243 5356
244 5410
245 5349
246 5378
247 5509
248 5467
249 5434
250 5481
251 5572
252 5675
253 5535
254 5616
255 5546
256 5487
257 5443
258 5394
259 5399
260 5371
261 5529
262 5585
263 5547
264 5517
265 5568
266 5692
267 5686
268 5870
269 5849
270 5923
271 5981
272 5994
273 5941
274 5943
275 5994
276 6097
277 6282
278 6289
279 6365
280 6288
281 6330
282 6404
283 6597
284 6639
285 6591
286 6684
287 6508
288 6468
289 6595
290 6691
291 6787
292 6858
293 6928
294 6942
295 6973
296 6946
297 6908
298 6791
299 7013
300 7016
301 7089
302 7061
303 7126
304 7227
305 7210
306 7232
307 7209
308 7260
309 7298
310 7334
311 7319
312 7176
313 7314
314 7464
315 7437
316 7437
317 7395
318 7347
319 7353
320 7146
321 7085
322 7148
323 7232
324 7299
325 7382
326 7396
327 7379
328 7525
329 7622
330 7659
331 7794
332 7701
333 7757
334 7916
335 8129
336 8071
337 8114
338 8226
339 8303
340 8294
341 8337
342 8301
343 8423
344 8369
345 8387
346 8465
347 8473
348 8392
349 8456
350 8356
351 8192
352 8142
353 8106
354 8035
355 8132
356 8111
357 8277
358 8421
359 8473
360 8479
361 8541
362 8685
363 8832
364 8935
365 8902
366 9038
367 9062
368 9063
369 9020
370 9077
371 9196
372 9192
373 9084
374 9064
375 9144
376 9262
377 9311
378 9311
379 9421
380 9434
381 9319
382 9339
383 9339
384 9278
385 9286
386 9318
387 9299
388 9160
389 9356
390 9206
391 8972
392 9104
393 9223
394 9241
395 9337
396 9262
397 9148
398 9046
399 8993
400 8999
401 9096
402 9274
403 9204
404 9214
405 9470
406 9571
407 9603
408 9793
409 9840
410 9913
411 9883
412 29
413 220
414 285
415 448
416 421
417 492
418 426
419 606
420 627
421 779
422 1002
423 981
424 955
425 891
426 832
427 984
428 1089
429 1015
430 878
431 839
432 1077
433 1143
434 1033
435 962
436 979
437 1100
438 1101
439 987
440 830
441 638
442 746
443 857
444 897
445 924
446 898
447 843
448 850
449 728
450 592
451 686
452 722
453 780
454 738
455 650
456 878
457 766
458 710
459 841
460 841
461 898
462 962
463 880
464 896
465 1094
466 1285
467 1293
468 1342
469 1483
470 1508
471 1778
472 1884
473 1767
474 1880
475 1873
476 1871
477 2067
478 2200
479 2173
480 2345
481 2576
482 2518
483 2389
484 2339
485 2368
486 2405
487 2375
488 2460
489 2458
490 2392
491 2276
492 2268
493 2280
494 2366
495 2491
496 2751
497 2832
498 2721
499 2782
500 2850
501 2913
502 2858
503 2838
504 2999
505 3166
506 2956
507 2844
508 2850
509 2748
510 2870
511 3212
512 3332
513 3340
514 3139
515 3227
516 3211
517 3228
518 2933
519 3015
520 3113
521 2922
522 3011
523 3095
524 3172
525 3258
526 3233
527 3368
528 3159
529 3200
530 3377
531 3236
532 3428
533 3639
534 3583
535 3541
536 3483
537 3447
538 3377
539 3356
540 3377
541 3250
542 3279
543 3423
544 3449
545 3419
546 3521
547 3406
548 3498
549 3419
550 3429
551 3225
552 3188
553 3135
554 3172
555 2974
556 2908
557 2752
558 2617
559 2643
560 2591
561 2450
562 2573
563 2501
564 2581
565 2623
566 2712
567 2873
568 2978
569 3038
570 3018
571 2877
572 2910
573 3107
574 3065
575 2988
576 2806
577 2877
578 2946
579 2979
580 3140
581 3382
582 3497
583 3286
584 3349
585 3390
586 3238
587 3110
588 3127
589 3141
590 3220
591 3195
592 3137
593 3045
594 3179
595 3222
596 3248
597 3247
598 3113
599 3286
600 3317
601 3188
602 3111
603 3076
604 3167
605 3148
606 3140
607 3069
608 3044
609 2998
610 2962
611 2897
612 2920
613 2870
614 2812
615 2918
616 3066
617 2928
618 3038
619 3188
620 3211
621 3084
622 3172
623 3171
624 3290
625 3419
626 3407
627 3660
628 3690
629 3424
630 3613
631 3606
632 3725
633 3778
634 3599
635 3491
636 3390
637 3482
638 3567
639 3725
640 3970
641 4142
642 4171
643 4036
644 4053
645 4090
646 4129
647 3995
648 4005
649 4031
650 4142
651 4261
652 4437
653 4649
654 4559
655 4533
656 4638
657 4804
658 4845
659 4993
660 4977
661 5138
662 5183
663 5397
664 5515
665 5502
666 5612
667 5490
668 5614
669 5770
670 5853
671 6009
672 5868
673 5938
674 5965
675 5942
676 5935
677 5853
678 5935
679 5775
680 5852
681 5842
682 5812
683 5964
684 5912
685 6155
686 6092
687 6079
688 6086
689 6137
690 6257
691 6038
692 5973
693 5933
694 6085
695 5989
696 5882
697 5549
698 5581
699 5604
700 5485
701 5540
702 5554
703 5693
704 5472
705 5537
706 5480
707 5494
708 5462
709 5473
710 5399
711 5637
712 5517
713 5383
714 5366
715 5380
716 5440
717 5554
718 5692
719 5677
720 5766
721 5704
722 5718
723 5780
724 5505
725 5736
726 5794
727 5936
728 5923
729 5821
730 5845
731 5690
732 5721
733 5687
734 5755
735 5888
736 6011
737 6042
738 5967
739 5955
740 5881
741 5999
742 5931
743 6010
744 6122
745 6087
746 6037
747 6064
748 6075
749 5940
750 6000
751 6030
752 5977
753 5928
754 5778
755 5761
756 5763
757 5695
758 5827
759 5897
760 5912
761 5924
762 6011
763 5999
764 6096
765 6400
766 6518
767 6681
768 6687
769 6759
770 7107
771 7156
772 6916
773 6962
774 7167
775 7294
776 7457
777 7679
778 7630
779 7700
780 8028
781 8125
782 8386
783 8586
784 8455
785 8193
786 8042
787 8129
788 8375
789 8376
790 8464
791 8733
792 8743
793 9038
794 9014
795 9188
796 9146
797 9224
798 9150
799 9357
800 9462
801 9516
802 9516
803 9591
804 9736
805 60
806 157
807 22
808 72
809 232
810 282
811 200
812 343
813 655
814 558
815 531
816 632
817 720
818 706
819 904
820 909
821 1096
822 1196
823 1281
824 1491
825 1605
826 1430
827 1429
828 1537
829 1586
830 1557
831 1628
832 1687
833 1707
834 1702
835 1682
836 1768
837 1826
838 1704
839 1665
840 1847
841 1880
842 1902
843 1945
844 2062
845 2178
846 2227
847 1960
848 1798
849 1769
850 1897
851 1788
852 1860
853 1887
854 1961
855 1960
856 1983
857 2220
858 2208
859 2257
860 2497
861 2763
862 2825
863 2752
864 2911
865 2825
866 3029
867 2963
868 2879
869 2912
870 3044
871 3392
872 3624
873 3682
874 3787
875 3975
876 3842
877 3847
878 3919
879 3571
880 3343
881 3537
882 3639
883 3915
884 4098
885 4372
886 4283
887 4547
888 4401
889 4345
890 4432
891 4525
892 4830
893 4775
894 4540
895 4814
896 5010
897 5121
898 5490
899 5618
900 5749
901 5765
902 5551
903 5565
904 5962
905 6120
906 6272
907 6128
908 6148
909 6129
910 6282
911 6350
912 6368
913 6217
914 6126
915 6233
916 6120
917 5912
918 5977
919 6323
920 6256
921 6363
922 6249
923 6355
924 6464
925 6480
926 6618
927 6938
928 6943
929 6809
930 6632
931 6525
932 6413
933 6406
934 6282
935 6264
936 6404
937 6349
938 6593
939 6547
940 6568
941 6623
942 6439
943 6333
944 6251
945 6095
946 6184
947 6258
948 6553
949 6318
950 6116
951 6299
952 6592
953 6694
954 6751
955 6749
956 6832
957 6570
958 6591
959 6526
960 6314
961 6154
962 6070
963 6064
964 6056
965 5691
966 5904
967 5862
968 5708
969 5889
970 5787
971 6061
972 5979
973 6002
974 6026
975 5905
976 5661
977 5392
978 5533
979 5483
980 5605
981 5651
982 5943
983 5789
984 5743
985 5883
986 5774
987 5734
988 5787
989 5622
990 5669
991 5675
992 5926
993 6114
994 6287
995 6507
996 6273
997 6181
998 6467
999 6515
1000 6143
