1 2
2 0
3 5
4 10
5 5
6 11
7 18
8 24
9 28
10 32
11 29
12 23
13 33
14 38
15 48
16 46
17 47
18 52
19 48
20 57
21 54
22 64
23 68
24 61
25 58
26 51
27 52
28 52
29 45
30 56
31 72
32 67
33 77
34 75
35 67
36 58
37 55
38 60
39 61
40 74
41 64
42 76
43 83
44 84
45 79
46 78
47 83
48 89
49 92
50 77
51 56
52 53
53 52
54 44
55 46
56 51
57 54
58 46
59 52
60 53
61 44
62 35
63 47
64 58
65 49
66 54
67 50
68 63
69 61
70 79
71 80
72 93
73 121
74 132
75 149
76 154
77 171
78 182
79 174
80 173
81 184
82 160
83 169
84 181
85 163
86 154
87 160
88 146
89 166
90 185
91 201
92 196
93 208
94 243
95 203
96 189
97 198
98 222
99 236
100 214
101 228
102 225
103 188
104 208
105 240
106 225
107 216
108 205
109 191
110 184
111 182
112 179
113 191
114 181
115 182
116 173
117 167
118 170
119 163
120 163
121 148
122 141
123 155
124 158
125 173
126 175
127 180
128 193
129 211
130 214
131 220
132 228
133 213
134 204
135 215
136 210
137 210
138 228
139 233
140 206
141 231
142 263
143 259
144 249
145 241
146 237
147 243
148 238
149 255
150 264
151 298
152 301
153 300
154 318
155 317
156 294
157 305
158 335
159 336
160 341
161 362
162 371
163 393
164 397
165 395
166 399
167 406
168 410
169 422
170 414
171 415
172 436
173 426
174 451
175 431
176 461
177 484
178 527
179 542
180 532
181 523
182 534
183 528
184 533
185 517
186 496
187 482
188 477
189 523
190 501
191 510
192 499
193 495
194 486
195 486
196 501
197 524
198 516
199 535
200 571
201 562
202 583
203 617
204 632
205 624
206 655
207 656
208 691
209 660
210 682
211 670
212 642
213 671
214 660
215 684
216 677
217 696
218 693
219 703
220 735
221 714
222 738
223 756
224 733
225 748
226 753
227 751
228 800
229 847
230 831
231 877
232 878
233 901
234 908
235 869
236 826
237 854
238 859
239 868
240 884
241 842
242 857
243 877
244 864
245 898
246 897
247 873
248 888
249 857
250 874
251 873
252 853
253 831
254 800
255 807
256 790
257 823
258 807
259 785
260 805
261 795
262 794
263 760
264 743
265 802
266 796
267 810
268 800
269 833
270 839
271 859
272 849
273 804
274 801
275 820
276 833
277 842
278 855
279 853
280 816
281 809
282 837
283 892
284 871
285 817
286 853
287 833
288 812
289 815
290 847
291 892
292 906
293 892
294 875
295 937
296 919
297 910
298 918
299 936
300 865
301 850
302 844
303 867
304 853
305 895
306 929
307 971
308 948
309 902
310 898
311 874
312 840
313 847
314 864
315 844
316 811
317 791
318 794
319 782
320 795
321 792
322 775
323 802
324 795
325 786
326 768
327 811
328 777
329 742
330 772
331 781
332 775
333 744
334 717
335 743
336 718
337 721
338 734
339 737
340 724
341 723
342 763
343 788
344 760
345 747
346 756
347 712
348 768
349 719
350 714
351 690
352 678
353 659
354 678
355 703
356 727
357 684
358 681
359 689
360 692
361 663
362 627
363 629
364 627
365 595
366 612
367 614
368 627
369 623
370 628
371 663
372 672
373 696
374 649
375 667
376 688
377 706
378 692
379 657
380 671
381 658
382 664
383 632
384 628
385 624
386 607
387 623
388 596
389 611
390 625
391 651
392 630
393 575
394 604
395 625
396 593
397 586
398 607
399 628
400 623
401 666
402 694
403 693
404 733
405 735
406 716
407 694
408 671
409 671
410 674
411 631
412 651
413 656
414 682
415 667
416 680
417 713
418 730
419 727
420 731
421 712
422 661
423 690
424 688
425 676
426 670
427 683
428 717
429 740
430 726
431 691
432 719
433 747
434 739
435 792
436 889
437 874
438 913
439 929
440 923
441 927
442 906
443 878
444 851
445 861
446 851
447 885
448 906
449 886
450 900
451 972
452 940
453 926
454 941
455 905
456 910
457 927
458 963
459 979
460 1028
461 1016
462 1094
463 1101
464 1056
465 1047
466 987
467 968
468 911
469 941
470 916
471 937
472 944
473 952
474 924
475 936
476 935
477 905
478 924
479 922
480 872
481 863
482 856
483 928
484 911
485 914
486 883
487 959
488 960
489 996
490 983
491 984
492 976
493 981
494 974
495 953
496 990
497 982
498 1022
499 1031
500 969
501 1022
502 1081
503 1067
504 1061
505 1073
506 1112
507 1072
508 1077
509 1132
510 1154
511 1229
512 1304
513 1308
514 1318
515 1336
516 1276
517 1245
518 1255
519 1291
520 1300
521 1377
522 1383
523 1361
524 1388
525 1420
526 1375
527 1375
528 1355
529 1331
530 1301
531 1291
532 1344
533 1396
534 1392
535 1354
536 1358
537 1299
538 1272
539 1313
540 1293
541 1366
542 1340
543 1366
544 1384
545 1395
546 1390
547 1449
548 1501
549 1551
550 1545
551 1558
552 1556
553 1549
554 1518
555 1513
556 1536
557 1477
558 1481
559 1487
560 1495
561 1554
562 1551
563 1584
564 1638
565 1595
566 1539
567 1584
568 1550
569 1545
570 1506
571 1582
572 1505
573 1481
574 1434
575 1402
576 1332
577 1424
578 1433
579 1449
580 1367
581 1391
582 1391
583 1444
584 1415
585 1389
586 1368
587 1348
588 1300
589 1293
590 1286
591 1262
592 1283
593 1268
594 1237
595 1184
596 1162
597 1159
598 1170
599 1169
600 1157
601 1138
602 1113
603 1131
604 1156
605 1174
606 1137
607 1137
608 1134
609 1162
610 1120
611 1152
612 1144
613 1161
614 1087
615 1072
616 1073
617 1161
618 1203
619 1196
620 1227
621 1235
622 1268
623 1263
624 1255
625 1244
626 1281
627 1248
628 1237
629 1227
630 1263
631 1291
632 1264
633 1241
634 1236
635 1298
636 1289
637 1263
638 1280
639 1267
640 1291
641 1334
642 1313
643 1338
644 1342
645 1345
646 1310
647 1277
648 1330
649 1326
650 1313
651 1407
652 1384
653 1415
654 1399
655 1424
656 1387
657 1367
658 1366
659 1383
660 1470
661 1461
662 1449
663 1437
664 1398
665 1415
666 1442
667 1449
668 1515
669 1529
670 1561
671 1536
672 1547
673 1515
674 1531
675 1567
676 1581
677 1562
678 1558
679 1488
680 1440
681 1420
682 1469
683 1467
684 1455
685 1423
686 1422
687 1443
688 1451
689 1437
690 1420
691 1461
692 1425
693 1419
694 1468
695 1531
696 1500
697 1505
698 1522
699 1447
700 1462
701 1521
702 1500
703 1432
704 1469
705 1534
706 1594
707 1639
708 1642
709 1686
710 1744
711 1736
712 1695
713 1692
714 1707
715 1755
716 1779
717 1761
718 1758
719 1745
720 1733
721 1693
722 1725
723 1760
724 1687
725 1732
726 1724
727 1787
728 1760
729 1828
730 1848
731 1862
732 1869
733 1839
734 1781
735 1750
736 1736
737 1749
738 1674
739 1714
740 1724
741 1735
742 1829
743 1874
744 1863
745 1895
746 1924
747 1940
748 1871
749 1938
750 1961
751 1955
752 1935
753 1941
754 1960
755 1962
756 1973
757 1945
758 1970
759 2001
760 1990
761 1999
762 1946
763 1913
764 1802
765 1835
766 1829
767 1836
768 1817
769 1789
770 1750
771 1787
772 1830
773 1809
774 1825
775 1785
776 1836
777 1844
778 1777
779 1785
780 1771
781 1742
782 1735
783 1812
784 1811
785 1761
786 1746
787 1763
788 1762
789 1717
790 1787
791 1793
792 1803
793 1803
794 1759
795 1808
796 1906
797 2030
798 2046
799 2057
800 2045
801 2093
802 2102
803 2098
804 2072
805 2027
806 2089
807 2125
808 2157
809 2080
810 2042
811 2042
812 2055
813 2032
814 2015
815 2012
816 1939
817 1940
818 1903
819 1910
820 1889
821 1828
822 1877
823 1914
824 1912
825 1879
826 1857
827 1815
828 1801
829 1876
830 1869
831 1868
832 1896
833 1983
834 2045
835 2038
836 2068
837 2033
838 2002
839 2010
840 2061
841 2006
842 1944
843 2018
844 2033
845 2117
846 2104
847 2038
848 1973
849 1936
850 1878
851 1840
852 1821
853 1893
854 1879
855 1838
856 1864
857 1797
858 1810
859 1807
860 1811
861 1775
862 1742
863 1686
864 1679
865 1722
866 1748
867 1723
868 1718
869 1723
870 1759
871 1763
872 1886
873 1947
874 2003
875 2013
876 2018
877 2068
878 2044
879 2100
880 2057
881 2129
882 2200
883 2146
884 2149
885 2206
886 2217
887 2205
888 2194
889 2204
890 2205
891 2308
892 2326
893 2337
894 2331
895 2284
896 2217
897 2223
898 2321
899 2348
900 2336
901 2357
902 2348
903 2307
904 2340
905 2353
906 2385
907 2410
908 2388
909 2335
910 2411
911 2445
912 2483
913 2464
914 2431
915 2415
916 2350
917 2388
918 2463
919 2423
920 2423
921 2375
922 2328
923 2303
924 2284
925 2262
926 2221
927 2206
928 2176
929 2184
930 2134
931 2087
932 2098
933 2182
934 2215
935 2259
936 2229
937 2243
938 2217
939 2234
940 2230
941 2246
942 2316
943 2328
944 2337
945 2429
946 2443
947 2401
948 2383
949 2442
950 2446
951 2378
952 2379
953 2392
954 2448
955 2461
956 2418
957 2373
958 2315
959 2356
960 2428
961 2386
962 2382
963 2425
964 2497
965 2453
966 2468
967 2505
968 2508
969 2561
970 2584
971 2565
972 2604
973 2662
974 2720
975 2709
976 2757
977 2803
978 2800
979 2863
980 2838
981 2741
982 2798
983 2725
984 2721
985 2713
986 2762
987 2789
988 2806
989 2724
990 2722
991 2692
992 2671
993 2679
994 2677
995 2552
996 2605
997 2658
998 2736
999 2711
1000 2713
