1 0
2 0
3 0
4 0
5 0
6 0
7 1
8 2
9 2
10 3
11 2
12 2
13 2
14 1
15 1
16 1
17 2
18 0
19 0
20 0
21 0
22 0
23 0
24 1
25 3
26 0
27 0
28 0
29 0
30 0
31 1
32 2
33 1
34 0
35 1
36 0
37 0
38 0
39 0
40 0
41 0
42 0
43 0
44 0
45 0
46 0
47 0
48 0
49 0
50 0
51 0
52 1
53 1
54 0
55 0
56 0
57 0
58 1
59 0
60 0
61 0
62 0
63 0
64 0
65 0
66 0
67 0
68 0
69 0
70 0
71 1
72 3
73 4
74 5
75 9
76 9
77 12
78 11
79 10
80 10
81 14
82 11
83 15
84 9
85 8
86 4
87 2
88 0
89 0
90 0
91 0
92 0
93 0
94 0
95 0
96 0
97 0
98 0
99 0
100 1
101 1
102 0
103 0
104 0
105 0
106 0
107 0
108 1
109 1
110 2
111 2
112 2
113 1
114 0
115 0
116 0
117 2
118 2
119 0
120 0
121 0
122 0
123 1
124 1
125 0
126 0
127 0
128 1
129 1
130 1
131 3
132 2
133 2
134 1
135 3
136 2
137 4
138 5
139 5
140 3
141 2
142 5
143 10
144 10
145 8
146 12
147 12
148 13
149 10
150 11
151 9
152 11
153 18
154 21
155 29
156 30
157 20
158 20
159 26
160 28
161 26
162 32
163 30
164 29
165 22
166 27
167 27
168 22
169 26
170 26
171 23
172 21
173 23
174 25
175 23
176 25
177 24
178 22
179 18
180 31
181 19
182 20
183 28
184 30
185 25
186 35
187 31
188 15
189 13
190 13
191 9
192 9
193 8
194 14
195 16
196 16
197 11
198 6
199 11
200 10
201 8
202 9
203 8
204 6
205 4
206 2
207 3
208 2
209 1
210 1
211 1
212 0
213 0
214 1
215 1
216 4
217 3
218 2
219 2
220 2
221 1
222 1
223 1
224 2
225 2
226 3
227 6
228 7
229 6
230 8
231 6
232 5
233 7
234 7
235 8
236 6
237 11
238 12
239 14
240 12
241 10
242 7
243 8
244 8
245 14
246 20
247 15
248 12
249 14
250 19
251 19
252 26
253 22
254 16
255 13
256 11
257 10
258 8
259 6
260 5
261 4
262 2
263 1
264 2
265 1
266 2
267 3
268 1
269 1
270 3
271 2
272 0
273 0
274 1
275 1
276 0
277 0
278 1
279 0
280 0
281 1
282 1
283 1
284 0
285 0
286 0
287 0
288 0
289 0
290 0
291 0
292 0
293 0
294 0
295 0
296 0
297 0
298 0
299 0
300 0
301 0
302 0
303 0
304 0
305 0
306 0
307 0
308 0
309 1
310 1
311 1
312 2
313 2
314 2
315 3
316 2
317 2
318 4
319 4
320 4
321 3
322 2
323 2
324 0
325 1
326 3
327 4
328 1
329 1
330 0
331 1
332 3
333 5
334 2
335 1
336 2
337 2
338 1
339 0
340 0
341 0
342 0
343 1
344 1
345 1
346 1
347 0
348 0
349 0
350 0
351 0
352 0
353 0
354 1
355 2
356 0
357 1
358 0
359 0
360 0
361 0
362 0
363 0
364 0
365 0
366 0
367 0
368 0
369 0
370 0
371 2
372 2
373 1
374 1
375 1
376 2
377 0
378 1
379 0
380 0
381 0
382 0
383 1
384 4
385 3
386 3
387 3
388 4
389 4
390 4
391 6
392 9
393 11
394 9
395 9
396 12
397 9
398 4
399 3
400 3
401 2
402 0
403 0
404 0
405 0
406 0
407 0
408 1
409 0
410 0
411 1
412 3
413 8
414 6
415 5
416 8
417 5
418 4
419 2
420 4
421 4
422 5
423 9
424 6
425 5
426 5
427 5
428 2
429 0
430 0
431 0
432 0
433 0
434 0
435 0
436 1
437 1
438 0
439 0
440 0
441 0
442 0
443 0
444 0
445 0
446 1
447 2
448 5
449 3
450 4
451 3
452 2
453 2
454 1
455 1
456 1
457 0
458 0
459 1
460 2
461 4
462 8
463 9
464 5
465 5
466 8
467 3
468 3
469 3
470 4
471 6
472 9
473 8
474 6
475 10
476 9
477 10
478 7
479 7
480 9
481 8
482 10
483 17
484 15
485 15
486 14
487 21
488 23
489 24
490 27
491 30
492 30
493 30
494 33
495 30
496 39
497 36
498 29
499 20
500 24
501 30
502 26
503 38
504 45
505 48
506 43
507 47
508 47
509 48
510 58
511 67
512 64
513 53
514 41
515 35
516 35
517 38
518 26
519 23
520 21
521 15
522 11
523 12
524 14
525 12
526 5
527 3
528 2
529 3
530 1
531 1
532 1
533 2
534 0
535 0
536 0
537 0
538 0
539 0
540 0
541 0
542 0
543 0
544 0
545 0
546 0
547 1
548 3
549 5
550 4
551 5
552 4
553 4
554 5
555 7
556 7
557 5
558 4
559 3
560 2
561 2
562 2
563 1
564 1
565 0
566 1
567 0
568 0
569 0
570 0
571 0
572 0
573 0
574 0
575 0
576 1
577 0
578 1
579 1
580 1
581 1
582 1
583 1
584 2
585 6
586 15
587 26
588 26
589 28
590 28
591 22
592 26
593 26
594 23
595 15
596 22
597 19
598 14
599 17
600 18
601 16
602 15
603 15
604 12
605 19
606 11
607 12
608 9
609 7
610 10
611 5
612 7
613 5
614 3
615 1
616 1
617 4
618 6
619 4
620 5
621 5
622 5
623 9
624 8
625 9
626 10
627 12
628 8
629 6
630 10
631 14
632 17
633 23
634 26
635 23
636 25
637 35
638 39
639 39
640 45
641 51
642 61
643 58
644 82
645 77
646 72
647 69
648 74
649 73
650 82
651 78
652 87
653 86
654 78
655 83
656 93
657 98
658 107
659 98
660 118
661 121
662 116
663 107
664 98
665 86
666 81
667 75
668 91
669 98
670 103
671 96
672 96
673 85
674 94
675 96
676 97
677 104
678 131
679 126
680 104
681 100
682 102
683 104
684 103
685 96
686 110
687 111
688 103
689 98
690 92
691 115
692 125
693 130
694 109
695 112
696 110
697 103
698 98
699 98
700 95
701 95
702 95
703 87
704 77
705 82
706 66
707 67
708 76
709 72
710 81
711 102
712 110
713 86
714 78
715 57
716 67
717 56
718 51
719 49
720 62
721 42
722 34
723 27
724 33
725 37
726 36
727 33
728 39
729 37
730 43
731 37
732 44
733 31
734 30
735 33
736 28
737 27
738 35
739 40
740 46
741 45
742 38
743 40
744 44
745 48
746 50
747 48
748 38
749 35
750 35
751 28
752 25
753 23
754 18
755 15
756 18
757 9
758 8
759 9
760 7
761 10
762 11
763 8
764 8
765 5
766 4
767 7
768 6
769 13
770 12
771 16
772 12
773 10
774 9
775 10
776 9
777 8
778 7
779 6
780 6
781 4
782 1
783 0
784 1
785 2
786 1
787 1
788 2
789 2
790 2
791 3
792 1
793 2
794 2
795 3
796 5
797 5
798 9
799 12
800 17
801 17
802 21
803 16
804 11
805 14
806 7
807 6
808 6
809 5
810 3
811 5
812 2
813 0
814 0
815 1
816 0
817 0
818 0
819 1
820 1
821 0
822 0
823 0
824 0
825 0
826 0
827 0
828 0
829 0
830 0
831 0
832 0
833 0
834 1
835 2
836 1
837 1
838 2
839 8
840 7
841 10
842 4
843 7
844 2
845 0
846 0
847 1
848 1
849 0
850 0
851 0
852 0
853 0
854 0
855 0
856 0
857 0
858 0
859 0
860 0
861 1
862 4
863 1
864 1
865 1
866 2
867 4
868 8
869 12
870 12
871 12
872 10
873 12
874 10
875 18
876 19
877 19
878 22
879 25
880 24
881 20
882 20
883 17
884 14
885 13
886 10
887 4
888 6
889 5
890 5
891 6
892 8
893 8
894 7
895 6
896 5
897 6
898 9
899 5
900 4
901 4
902 5
903 5
904 4
905 5
906 6
907 5
908 9
909 7
910 8
911 6
912 7
913 8
914 6
915 3
916 1
917 5
918 11
919 15
920 14
921 16
922 21
923 27
924 30
925 23
926 26
927 26
928 38
929 34
930 27
931 23
932 32
933 37
934 36
935 28
936 30
937 39
938 41
939 31
940 25
941 18
942 11
943 6
944 10
945 12
946 11
947 19
948 14
949 11
950 16
951 13
952 14
953 19
954 17
955 13
956 12
957 11
958 9
959 6
960 7
961 7
962 7
963 10
964 12
965 12
966 14
967 18
968 19
969 20
970 17
971 17
972 15
973 12
974 14
975 12
976 12
977 10
978 11
979 15
980 14
981 18
982 26
983 24
984 19
985 27
986 25
987 27
988 20
989 13
990 11
991 6
992 6
993 4
994 5
995 5
996 6
997 7
998 6
999 8
1000 5
