1 0
2 2
3 8
4 9
5 13
6 16
7 15
8 10
9 5
10 7
11 9
12 20
13 20
14 15
15 19
16 26
17 28
18 27
19 19
20 17
21 21
22 22
23 24
24 25
25 26
26 37
27 37
28 50
29 66
30 71
31 91
32 114
33 144
34 155
35 161
36 181
37 173
38 183
39 159
40 151
41 152
42 144
43 145
44 137
45 140
46 142
47 143
48 138
49 135
50 137
51 147
52 166
53 155
54 156
55 156
56 155
57 149
58 134
59 158
60 173
61 167
62 145
63 165
64 180
65 176
66 168
67 185
68 194
69 199
70 190
71 210
72 193
73 207
74 195
75 220
76 241
77 264
78 258
79 293
80 291
81 277
82 300
83 338
84 343
85 332
86 321
87 340
88 353
89 361
90 348
91 351
92 359
93 350
94 365
95 406
96 413
97 412
98 403
99 406
100 425
101 429
102 445
103 457
104 477
105 486
106 460
107 425
108 436
109 416
110 443
111 455
112 470
113 468
114 475
115 459
116 419
117 433
118 476
119 493
120 528
121 531
122 536
123 535
124 509
125 492
126 490
127 545
128 565
129 561
130 548
131 580
132 603
133 616
134 626
135 588
136 576
137 575
138 559
139 556
140 589
141 598
142 625
143 653
144 642
145 648
146 670
147 721
148 738
149 752
150 738
151 769
152 797
153 785
154 779
155 805
156 798
157 793
158 793
159 783
160 799
161 810
162 791
163 809
164 789
165 774
166 763
167 760
168 798
169 812
170 788
171 770
172 736
173 712
174 730
175 727
176 748
177 754
178 714
179 701
180 677
181 682
182 659
183 651
184 672
185 666
186 648
187 635
188 623
189 590
190 598
191 640
192 612
193 611
194 588
195 560
196 577
197 575
198 591
199 583
200 625
201 630
202 618
203 663
204 717
205 707
206 690
207 739
208 758
209 754
210 764
211 781
212 822
213 845
214 852
215 814
216 847
217 825
218 839
219 863
220 852
221 813
222 886
223 863
224 873
225 854
226 833
227 862
228 829
229 825
230 825
231 817
232 793
233 832
234 837
235 839
236 859
237 829
238 851
239 862
240 877
241 884
242 885
243 866
244 878
245 827
246 826
247 841
248 863
249 884
250 903
251 934
252 943
253 976
254 990
255 993
256 1053
257 1024
258 984
259 964
260 956
261 928
262 916
263 918
264 917
265 945
266 917
267 932
268 925
269 894
270 863
271 861
272 808
273 779
274 814
275 874
276 893
277 898
278 927
279 968
280 955
281 986
282 909
283 902
284 892
285 944
286 918
287 948
288 930
289 932
290 949
291 1004
292 990
293 1028
294 1104
295 1096
296 1116
297 1175
298 1141
299 1164
300 1137
301 1146
302 1139
303 1133
304 1158
305 1104
306 1092
307 1136
308 1136
309 1150
310 1170
311 1175
312 1165
313 1237
314 1252
315 1222
316 1225
317 1249
318 1259
319 1251
320 1293
321 1249
322 1268
323 1208
324 1230
325 1228
326 1209
327 1247
328 1251
329 1231
330 1269
331 1274
332 1293
333 1289
334 1272
335 1317
336 1284
337 1286
338 1282
339 1255
340 1298
341 1313
342 1341
343 1317
344 1269
345 1258
346 1287
347 1245
348 1223
349 1216
350 1222
351 1322
352 1326
353 1320
354 1283
355 1342
356 1327
357 1320
358 1287
359 1307
360 1322
361 1279
362 1287
363 1295
364 1316
365 1307
366 1369
367 1384
368 1410
369 1363
370 1362
371 1436
372 1429
373 1465
374 1443
375 1387
376 1340
377 1354
378 1334
379 1322
380 1358
381 1310
382 1268
383 1306
384 1295
385 1223
386 1269
387 1259
388 1294
389 1274
390 1284
391 1239
392 1235
393 1206
394 1157
395 1196
396 1192
397 1201
398 1261
399 1307
400 1310
401 1306
402 1319
403 1305
404 1279
405 1261
406 1257
407 1277
408 1319
409 1308
410 1254
411 1286
412 1335
413 1289
414 1281
415 1278
416 1308
417 1404
418 1439
419 1390
420 1438
421 1414
422 1441
423 1423
424 1487
425 1423
426 1450
427 1403
428 1439
429 1465
430 1412
431 1390
432 1398
433 1400
434 1381
435 1375
436 1386
437 1380
438 1331
439 1364
440 1332
441 1362
442 1341
443 1329
444 1301
445 1325
446 1357
447 1356
448 1336
449 1338
450 1416
451 1398
452 1391
453 1455
454 1435
455 1401
456 1435
457 1429
458 1472
459 1501
460 1528
461 1527
462 1533
463 1503
464 1511
465 1495
466 1459
467 1468
468 1488
469 1524
470 1464
471 1482
472 1453
473 1405
474 1444
475 1468
476 1497
477 1519
478 1529
479 1565
480 1594
481 1531
482 1517
483 1505
484 1473
485 1534
486 1491
487 1500
488 1564
489 1486
490 1560
491 1575
492 1597
493 1665
494 1698
495 1694
496 1646
497 1681
498 1676
499 1736
500 1731
501 1719
502 1661
503 1645
504 1657
505 1726
506 1713
507 1767
508 1819
509 1825
510 1823
511 1860
512 1816
513 1794
514 1804
515 1869
516 1923
517 1917
518 1905
519 1987
520 1945
521 2028
522 2030
523 2017
524 1966
525 2017
526 1939
527 1820
528 1782
529 1799
530 1800
531 1819
532 1838
533 1840
534 1787
535 1742
536 1811
537 1821
538 1785
539 1801
540 1785
541 1800
542 1784
543 1716
544 1712
545 1756
546 1706
547 1751
548 1762
549 1726
550 1845
551 1834
552 1831
553 1820
554 1870
555 1835
556 1887
557 1863
558 1882
559 1835
560 1914
561 1969
562 2025
563 1999
564 2018
565 1950
566 1913
567 1900
568 1908
569 1947
570 1945
571 1915
572 1833
573 1854
574 1896
575 1887
576 1839
577 1866
578 1856
579 1817
580 1829
581 1781
582 1802
583 1799
584 1794
585 1769
586 1816
587 1790
588 1809
589 1834
590 1768
591 1822
592 1928
593 1872
594 1919
595 1872
596 1842
597 1894
598 1927
599 1883
600 1913
601 2040
602 2134
603 2090
604 2080
605 2028
606 1996
607 2057
608 2015
609 2037
610 2078
611 2083
612 2069
613 2065
614 2104
615 2159
616 2060
617 2021
618 1976
619 1950
620 1956
621 1897
622 1892
623 1830
624 1824
625 1887
626 1885
627 1875
628 1852
629 1856
630 1918
631 1913
632 2051
633 2035
634 2069
635 2079
636 2212
637 2284
638 2253
639 2284
640 2445
641 2477
642 2489
643 2512
644 2503
645 2509
646 2672
647 2571
648 2597
649 2530
650 2558
651 2580
652 2510
653 2502
654 2497
655 2451
656 2457
657 2542
658 2499
659 2612
660 2596
661 2580
662 2578
663 2757
664 2876
665 2908
666 2890
667 2908
668 2944
669 3067
670 3073
671 3060
672 2993
673 2958
674 2928
675 2855
676 2960
677 2999
678 3071
679 3033
680 3070
681 3035
682 3129
683 3077
684 3160
685 3208
686 3202
687 3163
688 3131
689 3068
690 3043
691 3021
692 3000
693 3046
694 3034
695 3046
696 3029
697 3007
698 3049
699 3034
700 3101
701 3097
702 3118
703 3189
704 3158
705 3094
706 3037
707 3093
708 3039
709 3025
710 2947
711 2946
712 3006
713 2965
714 2889
715 2880
716 2932
717 2905
718 2808
719 2792
720 2853
721 2799
722 2806
723 2870
724 2857
725 2862
726 2892
727 2919
728 2917
729 2958
730 2976
731 3042
732 3009
733 3087
734 3067
735 3042
736 3105
737 3150
738 3168
739 3244
740 3235
741 3191
742 3226
743 3193
744 3174
745 3182
746 3177
747 3121
748 3139
749 3105
750 3163
751 3112
752 3080
753 3081
754 3089
755 3094
756 3077
757 3093
758 3083
759 3084
760 3050
761 3039
762 2989
763 3079
764 2970
765 3052
766 3008
767 3029
768 3072
769 3031
770 3023
771 3052
772 3082
773 3023
774 3062
775 3012
776 3031
777 3071
778 3111
779 3099
780 3158
781 3146
782 3128
783 3104
784 3143
785 3199
786 3220
787 3269
788 3350
789 3291
790 3263
791 3295
792 3328
793 3339
794 3437
795 3462
796 3470
797 3485
798 3549
799 3520
800 3403
801 3415
802 3275
803 3268
804 3179
805 3267
806 3125
807 3064
808 3088
809 3100
810 3085
811 3143
812 3101
813 3196
814 3203
815 3219
816 3253
817 3267
818 3260
819 3219
820 3201
821 3134
822 3003
823 3070
824 3045
825 3047
826 3036
827 2968
828 2827
829 2904
830 2916
831 2948
832 2954
833 2937
834 2917
835 2884
836 2921
837 2936
838 2983
839 3021
840 3081
841 3015
842 2906
843 2827
844 2868
845 2975
846 2920
847 2826
848 2787
849 2787
850 2790
851 2799
852 2742
853 2791
854 2727
855 2737
856 2850
857 2857
858 2909
859 2941
860 2964
861 2927
862 2887
863 2882
864 2847
865 2775
866 2772
867 2829
868 2854
869 2849
870 2827
871 2898
872 2820
873 2779
874 2716
875 2716
876 2696
877 2684
878 2639
879 2641
880 2671
881 2755
882 2803
883 2836
884 2822
885 2871
886 2896
887 2898
888 2908
889 2902
890 2865
891 2929
892 2977
893 2970
894 2920
895 3000
896 2928
897 2968
898 2887
899 2855
900 2890
901 2888
902 2857
903 2931
904 2888
905 2907
906 2889
907 2861
908 2845
909 2831
910 2810
911 2733
912 2623
913 2563
914 2504
915 2454
916 2452
917 2392
918 2427
919 2464
920 2523
921 2527
922 2506
923 2479
924 2488
925 2544
926 2551
927 2519
928 2605
929 2581
930 2647
931 2595
932 2591
933 2587
934 2590
935 2572
936 2543
937 2492
938 2545
939 2535
940 2531
941 2531
942 2525
943 2527
944 2426
945 2446
946 2528
947 2463
948 2452
949 2518
950 2511
951 2432
952 2438
953 2437
954 2487
955 2413
956 2450
957 2379
958 2377
959 2436
960 2424
961 2486
962 2399
963 2404
964 2406
965 2435
966 2486
967 2511
968 2515
969 2588
970 2637
971 2701
972 2817
973 2830
974 2828
975 2875
976 2912
977 2879
978 2943
979 2940
980 2946
981 2968
982 2938
983 2992
984 2977
985 3022
986 3054
987 2978
988 3111
989 3127
990 3095
991 3158
992 3201
993 3104
994 3113
995 3122
996 3119
997 3176
998 3130
999 3183
1000 3178
