1 13
2 23
3 30
4 44
5 52
6 72
7 103
8 117
9 131
10 178
11 188
12 194
13 230
14 249
15 260
16 272
17 291
18 289
19 302
20 326
21 345
22 352
23 382
24 378
25 412
26 432
27 463
28 503
29 527
30 583
31 672
32 769
33 779
34 811
35 842
36 907
37 933
38 947
39 969
40 991
41 997
42 1041
43 1089
44 1122
45 1103
46 1034
47 1072
48 1029
49 1049
50 1057
51 1069
52 1074
53 1079
54 1019
55 1052
56 1042
57 1112
58 1107
59 1171
60 1179
61 1189
62 1196
63 1206
64 1181
65 1237
66 1278
67 1321
68 1328
69 1323
70 1340
71 1349
72 1375
73 1358
74 1352
75 1458
76 1524
77 1597
78 1608
79 1644
80 1674
81 1658
82 1750
83 1730
84 1704
85 1661
86 1655
87 1647
88 1683
89 1665
90 1784
91 1790
92 1794
93 1832
94 1810
95 1869
96 1843
97 1890
98 1983
99 2010
100 1939
101 1940
102 1934
103 1914
104 1963
105 1875
106 1846
107 1869
108 1916
109 1926
110 2019
111 1968
112 2016
113 2096
114 2172
115 2237
116 2306
117 2376
118 2373
119 2458
120 2522
121 2660
122 2633
123 2670
124 2714
125 2779
126 2781
127 2818
128 2775
129 2847
130 2845
131 2863
132 2876
133 2775
134 2850
135 2859
136 2784
137 2832
138 2868
139 2904
140 2928
141 2977
142 3055
143 3089
144 3132
145 3140
146 3177
147 3245
148 3269
149 3379
150 3426
151 3453
152 3507
153 3587
154 3627
155 3643
156 3653
157 3628
158 3597
159 3623
160 3683
161 3627
162 3608
163 3657
164 3749
165 3671
166 3587
167 3557
168 3527
169 3564
170 3610
171 3703
172 3667
173 3711
174 3803
175 3789
176 3796
177 3875
178 3955
179 3932
180 3886
181 3903
182 3822
183 3804
184 3807
185 3933
186 3941
187 3923
188 4045
189 3893
190 3826
191 3874
192 3834
193 3774
194 3854
195 3867
196 3840
197 3834
198 3900
199 3943
200 3874
201 3921
202 3908
203 3862
204 3744
205 3785
206 3844
207 3892
208 3891
209 3867
210 3859
211 3897
212 3828
213 3957
214 3937
215 3937
216 3905
217 4035
218 3985
219 4095
220 4120
221 4122
222 4155
223 4132
224 4133
225 4243
226 4218
227 4146
228 4196
229 4169
230 4242
231 4272
232 4378
233 4393
234 4421
235 4441
236 4353
237 4337
238 4438
239 4469
240 4394
241 4442
242 4462
243 4397
244 4428
245 4375
246 4450
247 4415
248 4391
249 4398
250 4396
251 4513
252 4484
253 4560
254 4603
255 4666
256 4758
257 4822
258 5028
259 5159
260 5096
261 5163
262 5094
263 5016
264 5006
265 4995
266 5010
267 5021
268 5091
269 5132
270 5149
271 5048
272 5107
273 5018
274 4977
275 5016
276 5162
277 5273
278 5282
279 5340
280 5532
281 5653
282 5723
283 5788
284 5623
285 5506
286 5410
287 5411
288 5419
289 5443
290 5449
291 5409
292 5427
293 5437
294 5453
295 5330
296 5446
297 5525
298 5525
299 5614
300 5634
301 5635
302 5687
303 5744
304 5811
305 5641
306 5719
307 5796
308 5876
309 5849
310 5943
311 5889
312 5942
313 5830
314 5876
315 6132
316 6214
317 6267
318 6457
319 6527
320 6544
321 6488
322 6544
323 6613
324 6620
325 6551
326 6466
327 6543
328 6551
329 6534
330 6588
331 6666
332 6603
333 6661
334 6624
335 6697
336 6751
337 6837
338 6715
339 6693
340 6723
341 6636
342 6637
343 6614
344 6749
345 6721
346 6746
347 6878
348 6877
349 6842
350 6886
351 6854
352 6797
353 6689
354 6751
355 6772
356 6836
357 6950
358 7078
359 6940
360 6979
361 7124
362 7152
363 7184
364 7211
365 7182
366 7235
367 7301
368 7189
369 7192
370 7173
371 7118
372 7147
373 7205
374 7227
375 7434
376 7471
377 7485
378 7469
379 7373
380 7327
381 7493
382 7494
383 7579
384 7779
385 7939
386 7929
387 7830
388 7846
389 7819
390 7812
391 7816
392 7823
393 7784
394 7825
395 7677
396 7516
397 7392
398 7388
399 7558
400 7601
401 7761
402 7756
403 7792
404 7825
405 7752
406 7756
407 7859
408 7926
409 7976
410 8028
411 8158
412 8182
413 8066
414 8101
415 8080
416 8091
417 8285
418 8400
419 8331
420 8271
421 8281
422 8134
423 8101
424 8235
425 8321
426 8340
427 8244
428 8461
429 8497
430 8458
431 8379
432 8435
433 8461
434 8375
435 8390
436 8450
437 8438
438 8595
439 8574
440 8746
441 8890
442 8816
443 8788
444 8691
445 8666
446 8605
447 8649
448 8733
449 8605
450 8516
451 8665
452 8698
453 8880
454 9027
455 9108
456 9229
457 9292
458 9375
459 9533
460 9373
461 9328
462 9422
463 9520
464 9479
465 9451
466 9578
467 9532
468 9582
469 9745
470 9804
471 9858
472 9996
473 16
474 96
475 112
476 118
477 163
478 40
479 54
480 44
481 158
482 161
483 9956
484 9909
485 285
486 294
487 401
488 427
489 378
490 285
491 336
492 374
493 254
494 384
495 456
496 590
497 385
498 482
499 489
500 648
501 524
502 404
503 420
504 454
505 348
506 437
507 436
508 618
509 628
510 610
511 552
512 337
513 229
514 80
515 9906
516 9842
517 9826
518 9888
519 9975
520 9971
521 26
522 127
523 258
524 279
525 167
526 271
527 410
528 440
529 503
530 507
531 684
532 912
533 997
534 1103
535 1058
536 929
537 1044
538 911
539 1006
540 965
541 856
542 1129
543 1251
544 1119
545 1267
546 1319
547 1356
548 1244
549 1252
550 1283
551 1260
552 1432
553 1412
554 1517
555 1481
556 1651
557 1653
558 1767
559 1720
560 1825
561 1811
562 1811
563 1945
564 2109
565 2154
566 2274
567 2292
568 2362
569 2644
570 2666
571 2768
572 2751
573 2673
574 2769
575 2792
576 2814
577 2901
578 2832
579 2847
580 2913
581 2930
582 2974
583 3091
584 3009
585 3067
586 2993
587 2978
588 2932
589 2968
590 3121
591 3027
592 3112
593 3178
594 3156
595 3292
596 3346
597 3599
598 3480
599 3372
600 3452
601 3442
602 3447
603 3611
604 3663
605 3416
606 3513
607 3500
608 3538
609 3540
610 3580
611 3535
612 3751
613 3906
614 4040
615 3952
616 3766
617 3892
618 3921
619 3801
620 3775
621 3982
622 4054
623 4054
624 3855
625 3957
626 4063
627 4291
628 4405
629 4398
630 4344
631 4540
632 4521
633 4631
634 4746
635 4525
636 4577
637 4433
638 4143
639 4171
640 4246
641 4162
642 3996
643 3899
644 3881
645 3969
646 4008
647 4037
648 4184
649 4288
650 4113
651 4077
652 4132
653 4128
654 3886
655 3966
656 3967
657 3856
658 4045
659 3915
660 3981
661 4021
662 4055
663 4043
664 4078
665 4161
666 4230
667 4163
668 3949
669 4123
670 4003
671 4111
672 4279
673 4468
674 4645
675 4762
676 4839
677 4937
678 4862
679 5165
680 5183
681 5243
682 5486
683 5400
684 5406
685 5230
686 5272
687 5740
688 5823
689 5804
690 6001
691 5984
692 6080
693 6070
694 5906
695 6124
696 6103
697 6227
698 6026
699 6043
700 6047
701 6084
702 6185
703 6170
704 6308
705 6308
706 6258
707 6110
708 6063
709 5952
710 5972
711 6035
712 5889
713 5876
714 5724
715 5802
716 5967
717 5828
718 6030
719 5958
720 6006
721 6064
722 6021
723 6085
724 6049
725 6055
726 6116
727 6204
728 6049
729 5988
730 5955
731 6048
732 6207
733 6185
734 6247
735 6545
736 6476
737 6544
738 6477
739 6557
740 6512
741 6559
742 6693
743 6845
744 6899
745 7033
746 7185
747 7212
748 7525
749 7407
750 7326
751 7312
752 7109
753 7100
754 7206
755 7187
756 7219
757 7193
758 7091
759 6978
760 7230
761 7363
762 7262
763 7515
764 7556
765 7620
766 7629
767 7619
768 7580
769 7740
770 7909
771 7755
772 7827
773 7935
774 8062
775 8088
776 8386
777 8437
778 8507
779 8816
780 9076
781 9104
782 9180
783 9003
784 9058
785 9134
786 9491
787 9115
788 9286
789 9257
790 9350
791 9203
792 9473
793 9431
794 9395
795 9023
796 9286
797 9210
798 8996
799 8977
800 8945
801 8792
802 8542
803 8781
804 8689
805 8623
806 8757
807 8631
808 8489
809 8369
810 8380
811 8573
812 8374
813 8438
814 8535
815 8556
816 8549
817 8366
818 8227
819 8079
820 8060
821 8244
822 8268
823 8116
824 8119
825 8177
826 8042
827 8129
828 8189
829 8181
830 8234
831 8245
832 8244
833 8114
834 7972
835 7776
836 7872
837 7992
838 7794
839 7842
840 7708
841 7906
842 7717
843 7712
844 7816
845 7769
846 7732
847 8267
848 8154
849 8048
850 8028
851 8050
852 8145
853 8143
854 8084
855 7840
856 7880
857 7780
858 7854
859 7782
860 7858
861 7734
862 7959
863 7867
864 7899
865 7783
866 7510
867 7786
868 7508
869 7566
870 7666
871 7637
872 7427
873 7489
874 7609
875 7390
876 7711
877 7758
878 7652
879 7662
880 7875
881 7872
882 7829
883 7956
884 8180
885 8077
886 7983
887 8120
888 8015
889 8129
890 8078
891 7988
892 8062
893 8099
894 7565
895 7582
896 7574
897 7418
898 7381
899 7506
900 7295
901 7183
902 7133
903 7252
904 7315
905 7202
906 7347
907 7373
908 7453
909 7448
910 7436
911 7505
912 7431
913 7375
914 7240
915 7214
916 6849
917 6792
918 6657
919 6627
920 6523
921 6449
922 6338
923 6141
924 6131
925 6176
926 6350
927 6280
928 6239
929 6253
930 6481
931 6568
932 6701
933 6625
934 6809
935 6817
936 6927
937 6851
938 6980
939 7111
940 7060
941 6943
942 6896
943 6804
944 6834
945 6962
946 6802
947 7054
948 7123
949 7343
950 7351
951 7275
952 7127
953 7026
954 6955
955 7004
956 7063
957 6971
958 7054
959 6969
960 7005
961 7077
962 7267
963 7142
964 7136
965 7016
966 7248
967 7116
968 7042
969 7071
970 6916
971 6891
972 7104
973 7197
974 7013
975 6960
976 6796
977 6964
978 6845
979 7080
980 7024
981 7011
982 6848
983 6678
984 6828
985 6896
986 6928
987 7156
988 7303
989 7383
990 7488
991 7448
992 7585
993 7559
994 7660
995 7635
996 7708
997 7840
998 8174
999 8074
1000 8149
