1 2
2 5
3 7
4 9
5 10
6 10
7 17
8 28
9 31
10 30
11 31
12 34
13 33
14 27
15 23
16 24
17 27
18 36
19 41
20 49
21 45
22 42
23 52
24 46
25 42
26 41
27 32
28 35
29 28
30 34
31 33
32 39
33 43
34 50
35 47
36 45
37 50
38 48
39 36
40 36
41 35
42 32
43 26
44 42
45 41
46 48
47 56
48 57
49 63
50 64
51 51
52 55
53 50
54 56
55 39
56 46
57 42
58 51
59 38
60 39
61 44
62 41
63 46
64 38
65 42
66 45
67 41
68 42
69 43
70 51
71 53
72 53
73 60
74 72
75 80
76 71
77 79
78 73
79 66
80 70
81 84
82 99
83 86
84 97
85 115
86 104
87 91
88 101
89 102
90 99
91 92
92 98
93 113
94 111
95 110
96 105
97 101
98 99
99 89
100 84
101 98
102 105
103 97
104 92
105 88
106 94
107 99
108 96
109 91
110 87
111 86
112 72
113 73
114 62
115 51
116 62
117 44
118 44
119 48
120 55
121 59
122 43
123 41
124 41
125 43
126 42
127 46
128 52
129 56
130 48
131 47
132 55
133 52
134 63
135 51
136 43
137 44
138 59
139 57
140 47
141 52
142 50
143 49
144 52
145 58
146 71
147 77
148 72
149 69
150 72
151 59
152 45
153 52
154 43
155 57
156 54
157 62
158 76
159 73
160 71
161 93
162 113
163 109
164 115
165 121
166 115
167 119
168 116
169 114
170 113
171 101
172 105
173 111
174 90
175 81
176 84
177 63
178 55
179 73
180 91
181 94
182 100
183 102
184 105
185 116
186 121
187 138
188 115
189 111
190 114
191 120
192 119
193 133
194 142
195 135
196 125
197 126
198 129
199 131
200 137
201 156
202 147
203 154
204 155
205 170
206 171
207 173
208 167
209 173
210 182
211 224
212 217
213 237
214 214
215 213
216 218
217 214
218 214
219 236
220 229
221 239
222 230
223 218
224 231
225 233
226 214
227 199
228 200
229 206
230 217
231 228
232 239
233 236
234 260
235 278
236 253
237 244
238 241
239 226
240 217
241 208
242 234
243 221
244 233
245 234
246 228
247 248
248 234
249 232
250 245
251 245
252 268
253 273
254 273
255 287
256 295
257 276
258 288
259 278
260 271
261 292
262 281
263 280
264 266
265 272
266 274
267 261
268 273
269 268
270 278
271 285
272 281
273 290
274 287
275 276
276 279
277 281
278 294
279 309
280 297
281 285
282 302
283 296
284 303
285 296
286 313
287 301
288 300
289 316
290 312
291 328
292 325
293 339
294 334
295 359
296 379
297 339
298 356
299 366
300 372
301 384
302 391
303 401
304 364
305 372
306 404
307 404
308 416
309 420
310 399
311 401
312 371
313 364
314 373
315 404
316 401
317 408
318 444
319 441
320 460
321 473
322 519
323 540
324 536
325 555
326 561
327 532
328 539
329 546
330 543
331 556
332 575
333 565
334 555
335 552
336 528
337 533
338 534
339 545
340 553
341 529
342 562
343 601
344 629
345 631
346 604
347 595
348 550
349 586
350 556
351 564
352 518
353 509
354 485
355 468
356 474
357 460
358 458
359 409
360 414
361 446
362 439
363 438
364 418
365 414
366 411
367 404
368 440
369 444
370 465
371 440
372 454
373 450
374 473
375 483
376 516
377 532
378 555
379 509
380 515
381 519
382 504
383 519
384 545
385 514
386 537
387 520
388 537
389 540
390 567
391 564
392 592
393 599
394 594
395 615
396 656
397 680
398 651
399 630
400 591
401 615
402 655
403 645
404 680
405 661
406 665
407 681
408 654
409 673
410 642
411 663
412 656
413 627
414 614
415 589
416 589
417 620
418 633
419 597
420 554
421 559
422 563
423 590
424 587
425 606
426 588
427 562
428 599
429 597
430 584
431 593
432 557
433 597
434 620
435 601
436 631
437 603
438 590
439 607
440 634
441 632
442 635
443 648
444 643
445 652
446 592
447 648
448 686
449 692
450 695
451 704
452 723
453 775
454 870
455 844
456 864
457 811
458 803
459 866
460 875
461 831
462 912
463 919
464 916
465 952
466 996
467 932
468 987
469 990
470 1006
471 980
472 976
473 966
474 954
475 929
476 926
477 910
478 907
479 941
480 919
481 885
482 924
483 879
484 880
485 869
486 872
487 932
488 977
489 970
490 985
491 1021
492 1036
493 1060
494 1066
495 960
496 1051
497 1021
498 1041
499 1083
500 1073
501 1057
502 1044
503 1029
504 1042
505 1055
506 1082
507 1092
508 1099
509 1125
510 1112
511 1149
512 1139
513 1166
514 1173
515 1178
516 1128
517 1106
518 1106
519 1089
520 1152
521 1218
522 1194
523 1231
524 1269
525 1246
526 1246
527 1246
528 1306
529 1317
530 1348
531 1356
532 1278
533 1262
534 1314
535 1282
536 1281
537 1291
538 1335
539 1328
540 1351
541 1336
542 1402
543 1360
544 1330
545 1332
546 1345
547 1344
548 1402
549 1384
550 1385
551 1365
552 1314
553 1311
554 1332
555 1294
556 1332
557 1346
558 1282
559 1233
560 1255
561 1228
562 1252
563 1270
564 1308
565 1267
566 1269
567 1286
568 1302
569 1274
570 1247
571 1253
572 1252
573 1270
574 1238
575 1216
576 1207
577 1271
578 1291
579 1298
580 1283
581 1300
582 1325
583 1315
584 1274
585 1262
586 1247
587 1258
588 1252
589 1238
590 1258
591 1256
592 1263
593 1291
594 1280
595 1314
596 1338
597 1341
598 1345
599 1338
600 1331
601 1306
602 1320
603 1303
604 1305
605 1396
606 1420
607 1447
608 1441
609 1522
610 1536
611 1487
612 1491
613 1537
614 1500
615 1434
616 1442
617 1414
618 1415
619 1418
620 1441
621 1417
622 1364
623 1394
624 1353
625 1282
626 1315
627 1328
628 1318
629 1351
630 1353
631 1428
632 1413
633 1339
634 1346
635 1377
636 1447
637 1441
638 1442
639 1362
640 1354
641 1362
642 1405
643 1382
644 1305
645 1294
646 1356
647 1366
648 1373
649 1414
650 1456
651 1431
652 1449
653 1405
654 1373
655 1378
656 1467
657 1497
658 1592
659 1552
660 1573
661 1635
662 1573
663 1546
664 1546
665 1529
666 1514
667 1617
668 1662
669 1692
670 1725
671 1723
672 1739
673 1729
674 1810
675 1850
676 1819
677 1805
678 1788
679 1790
680 1760
681 1834
682 1810
683 1838
684 1897
685 1885
686 1846
687 1849
688 1792
689 1861
690 1908
691 1870
692 1842
693 1884
694 1875
695 1830
696 1802
697 1846
698 1836
699 1858
700 1932
701 1930
702 1912
703 1903
704 1889
705 1944
706 1932
707 1995
708 2064
709 2051
710 2075
711 2141
712 2064
713 2032
714 2057
715 2009
716 2041
717 2025
718 2005
719 1995
720 1976
721 2017
722 2032
723 2011
724 2047
725 2033
726 2099
727 2037
728 2078
729 2044
730 2080
731 2173
732 2134
733 2068
734 2049
735 2164
736 2120
737 2115
738 2099
739 2124
740 2110
741 2116
742 2114
743 2069
744 2060
745 1974
746 1999
747 2009
748 2051
749 2006
750 1917
751 1955
752 2062
753 2142
754 2084
755 2109
756 2093
757 2169
758 2157
759 2147
760 2215
761 2270
762 2211
763 2228
764 2213
765 2275
766 2225
767 2260
768 2328
769 2372
770 2390
771 2350
772 2397
773 2423
774 2427
775 2448
776 2387
777 2379
778 2311
779 2354
780 2300
781 2349
782 2359
783 2380
784 2370
785 2350
786 2421
787 2388
788 2419
789 2456
790 2435
791 2416
792 2397
793 2344
794 2366
795 2399
796 2442
797 2380
798 2313
799 2337
800 2351
801 2327
802 2364
803 2413
804 2343
805 2379
806 2312
807 2277
808 2264
809 2271
810 2223
811 2262
812 2288
813 2332
814 2316
815 2325
816 2272
817 2320
818 2384
819 2495
820 2481
821 2569
822 2538
823 2565
824 2576
825 2524
826 2460
827 2441
828 2481
829 2626
830 2652
831 2725
832 2737
833 2694
834 2576
835 2623
836 2732
837 2876
838 2897
839 2935
840 2918
841 2898
842 2921
843 2938
844 2942
845 2932
846 2932
847 3006
848 2919
849 2897
850 2853
851 2798
852 2764
853 2767
854 2759
855 2725
856 2696
857 2689
858 2662
859 2619
860 2587
861 2545
862 2508
863 2416
864 2478
865 2513
866 2559
867 2554
868 2445
869 2468
870 2465
871 2486
872 2479
873 2583
874 2676
875 2573
876 2542
877 2622
878 2703
879 2746
880 2760
881 2780
882 2716
883 2715
884 2726
885 2733
886 2690
887 2649
888 2557
889 2476
890 2486
891 2496
892 2541
893 2611
894 2620
895 2560
896 2513
897 2561
898 2493
899 2546
900 2516
901 2424
902 2455
903 2378
904 2277
905 2343
906 2335
907 2237
908 2262
909 2323
910 2343
911 2360
912 2349
913 2357
914 2389
915 2441
916 2529
917 2578
918 2531
919 2532
920 2589
921 2501
922 2525
923 2515
924 2593
925 2669
926 2690
927 2721
928 2744
929 2727
930 2688
931 2627
932 2557
933 2609
934 2612
935 2702
936 2661
937 2595
938 2567
939 2560
940 2554
941 2535
942 2479
943 2508
944 2501
945 2417
946 2452
947 2574
948 2586
949 2609
950 2590
951 2554
952 2551
953 2545
954 2535
955 2578
956 2563
957 2529
958 2465
959 2371
960 2298
961 2338
962 2300
963 2321
964 2294
965 2280
966 2297
967 2322
968 2328
969 2315
970 2281
971 2350
972 2319
973 2298
974 2259
975 2214
976 2125
977 1991
978 2010
979 2039
980 2003
981 2060
982 2036
983 2058
984 2020
985 2069
986 2121
987 2196
988 2216
989 2222
990 2177
991 2183
992 2143
993 2210
994 2307
995 2286
996 2308
997 2316
998 2345
999 2374
1000 2356
