1 0
2 0
3 0
4 0
5 0
6 0
7 0
8 0
9 0
10 0
11 0
12 0
13 0
14 0
15 0
16 0
17 0
18 0
19 1
20 2
21 0
22 1
23 2
24 3
25 3
26 4
27 3
28 2
29 1
30 1
31 0
32 1
33 2
34 1
35 0
36 0
37 0
38 0
39 0
40 0
41 0
42 0
43 0
44 0
45 0
46 0
47 0
48 0
49 0
50 0
51 0
52 1
53 1
54 1
55 3
56 3
57 1
58 2
59 3
60 3
61 2
62 5
63 5
64 5
65 5
66 2
67 4
68 4
69 8
70 12
71 12
72 15
73 15
74 20
75 20
76 22
77 13
78 11
79 19
80 22
81 27
82 23
83 35
84 37
85 32
86 33
87 35
88 50
89 53
90 59
91 56
92 62
93 59
94 71
95 61
96 68
97 69
98 70
99 63
100 60
101 64
102 68
103 65
104 65
105 61
106 66
107 65
108 69
109 75
110 89
111 91
112 102
113 109
114 99
115 109
116 109
117 96
118 96
119 84
120 92
121 94
122 92
123 95
124 108
125 117
126 126
127 114
128 106
129 114
130 113
131 108
132 107
133 111
134 101
135 103
136 92
137 100
138 91
139 79
140 73
141 64
142 72
143 71
144 77
145 76
146 59
147 51
148 62
149 56
150 54
151 59
152 62
153 62
154 72
155 69
156 56
157 52
158 54
159 50
160 56
161 61
162 54
163 58
164 46
165 41
166 56
167 50
168 41
169 45
170 52
171 52
172 40
173 42
174 52
175 55
176 55
177 56
178 59
179 60
180 60
181 48
182 48
183 65
184 72
185 68
186 73
187 67
188 75
189 81
190 80
191 95
192 99
193 113
194 101
195 104
196 104
197 106
198 104
199 111
200 109
201 104
202 95
203 92
204 99
205 89
206 84
207 89
208 84
209 89
210 82
211 70
212 94
213 92
214 109
215 109
216 108
217 106
218 113
219 113
220 114
221 90
222 91
223 94
224 84
225 82
226 76
227 72
228 76
229 75
230 64
231 67
232 80
233 88
234 97
235 99
236 105
237 86
238 84
239 71
240 67
241 61
242 52
243 66
244 60
245 49
246 46
247 51
248 44
249 40
250 42
251 45
252 50
253 50
254 42
255 39
256 34
257 32
258 15
259 21
260 19
261 23
262 17
263 14
264 17
265 10
266 4
267 2
268 1
269 0
270 0
271 0
272 1
273 1
274 1
275 3
276 1
277 2
278 0
279 0
280 1
281 0
282 0
283 0
284 1
285 4
286 2
287 3
288 3
289 2
290 1
291 4
292 3
293 4
294 4
295 6
296 4
297 2
298 0
299 0
300 0
301 0
302 0
303 0
304 0
305 0
306 0
307 0
308 0
309 0
310 0
311 0
312 0
313 0
314 0
315 1
316 0
317 0
318 1
319 1
320 1
321 2
322 5
323 4
324 5
325 6
326 11
327 7
328 8
329 11
330 11
331 9
332 5
333 7
334 11
335 13
336 5
337 6
338 10
339 9
340 11
341 7
342 5
343 8
344 9
345 12
346 7
347 4
348 4
349 5
350 4
351 6
352 5
353 7
354 7
355 4
356 2
357 1
358 1
359 1
360 0
361 0
362 1
363 2
364 0
365 1
366 0
367 1
368 0
369 0
370 0
371 0
372 0
373 0
374 0
375 0
376 1
377 0
378 1
379 0
380 1
381 1
382 1
383 2
384 2
385 3
386 1
387 0
388 0
389 0
390 0
391 0
392 0
393 0
394 0
395 0
396 0
397 0
398 1
399 0
400 0
401 0
402 0
403 0
404 0
405 0
406 0
407 0
408 1
409 2
410 2
411 1
412 1
413 0
414 0
415 0
416 0
417 0
418 0
419 1
420 2
421 1
422 1
423 2
424 4
425 4
426 3
427 1
428 4
429 4
430 4
431 0
432 0
433 0
434 0
435 0
436 1
437 3
438 4
439 6
440 8
441 9
442 9
443 4
444 6
445 9
446 10
447 6
448 8
449 8
450 2
451 2
452 2
453 2
454 3
455 6
456 4
457 5
458 4
459 3
460 1
461 1
462 5
463 6
464 5
465 5
466 8
467 9
468 6
469 4
470 2
471 1
472 0
473 0
474 0
475 0
476 0
477 0
478 0
479 0
480 0
481 0
482 1
483 0
484 0
485 0
486 1
487 1
488 1
489 1
490 0
491 0
492 0
493 1
494 1
495 3
496 7
497 8
498 9
499 7
500 3
501 3
502 1
503 0
504 0
505 0
506 0
507 0
508 0
509 0
510 0
511 0
512 0
513 0
514 0
515 0
516 0
517 0
518 0
519 1
520 2
521 2
522 0
523 0
524 0
525 0
526 1
527 0
528 0
529 1
530 0
531 1
532 5
533 6
534 6
535 8
536 8
537 10
538 10
539 12
540 12
541 12
542 15
543 20
544 21
545 16
546 28
547 29
548 35
549 41
550 53
551 53
552 57
553 58
554 54
555 57
556 50
557 45
558 63
559 79
560 81
561 82
562 87
563 83
564 84
565 77
566 75
567 76
568 94
569 93
570 89
571 98
572 132
573 120
574 121
575 131
576 149
577 140
578 154
579 149
580 138
581 135
582 149
583 141
584 130
585 129
586 111
587 108
588 105
589 120
590 123
591 120
592 118
593 125
594 154
595 148
596 149
597 126
598 116
599 103
600 107
601 115
602 102
603 102
604 101
605 107
606 101
607 117
608 110
609 99
610 109
611 100
612 99
613 82
614 88
615 71
616 70
617 69
618 75
619 78
620 81
621 82
622 92
623 89
624 87
625 94
626 91
627 95
628 99
629 91
630 86
631 91
632 83
633 96
634 92
635 84
636 90
637 89
638 86
639 99
640 95
641 93
642 102
643 89
644 111
645 124
646 120
647 126
648 122
649 117
650 100
651 98
652 115
653 112
654 104
655 110
656 127
657 132
658 151
659 132
660 120
661 123
662 113
663 114
664 111
665 120
666 108
667 111
668 123
669 131
670 156
671 169
672 162
673 179
674 196
675 215
676 225
677 249
678 247
679 235
680 243
681 235
682 251
683 251
684 243
685 269
686 291
687 297
688 292
689 285
690 295
691 292
692 296
693 311
694 327
695 320
696 317
697 337
698 311
699 292
700 297
701 298
702 283
703 287
704 279
705 270
706 257
707 260
708 266
709 230
710 243
711 226
712 193
713 184
714 205
715 210
716 221
717 196
718 187
719 200
720 201
721 245
722 267
723 280
724 286
725 281
726 264
727 306
728 307
729 302
730 326
731 367
732 350
733 367
734 360
735 376
736 362
737 338
738 341
739 321
740 281
741 279
742 274
743 276
744 303
745 286
746 282
747 281
748 257
749 248
750 223
751 208
752 201
753 193
754 221
755 221
756 219
757 203
758 212
759 196
760 174
761 181
762 179
763 165
764 161
765 155
766 147
767 158
768 163
769 170
770 165
771 159
772 157
773 155
774 160
775 185
776 196
777 202
778 192
779 194
780 186
781 183
782 180
783 165
784 161
785 162
786 183
787 185
788 196
789 176
790 179
791 174
792 165
793 178
794 181
795 192
796 198
797 186
798 178
799 177
800 195
801 195
802 192
803 192
804 197
805 207
806 196
807 205
808 224
809 234
810 209
811 224
812 211
813 221
814 264
815 273
816 283
817 322
818 319
819 337
820 360
821 329
822 339
823 347
824 366
825 373
826 381
827 360
828 345
829 338
830 342
831 371
832 386
833 379
834 367
835 344
836 322
837 284
838 307
839 302
840 307
841 287
842 289
843 305
844 290
845 266
846 268
847 249
848 260
849 258
850 276
851 262
852 288
853 287
854 306
855 309
856 296
857 248
858 244
859 221
860 225
861 223
862 206
863 227
864 239
865 239
866 243
867 241
868 245
869 260
870 259
871 248
872 253
873 256
874 247
875 236
876 245
877 243
878 255
879 252
880 258
881 231
882 229
883 262
884 282
885 286
886 290
887 278
888 270
889 279
890 296
891 279
892 264
893 296
894 286
895 275
896 280
897 270
898 273
899 293
900 280
901 280
902 270
903 291
904 294
905 290
906 285
907 310
908 316
909 326
910 311
911 288
912 325
913 328
914 359
915 340
916 308
917 290
918 290
919 263
920 272
921 270
922 295
923 287
924 291
925 278
926 271
927 288
928 271
929 256
930 272
931 281
932 298
933 282
934 295
935 280
936 274
937 261
938 276
939 294
940 273
941 287
942 285
943 285
944 306
945 291
946 301
947 290
948 308
949 312
950 308
951 276
952 267
953 285
954 311
955 329
956 317
957 348
958 336
959 358
960 343
961 348
962 332
963 326
964 335
965 314
966 327
967 309
968 299
969 314
970 299
971 278
972 257
973 251
974 241
975 217
976 221
977 217
978 213
979 211
980 206
981 182
982 161
983 163
984 170
985 170
986 164
987 160
988 141
989 139
990 131
991 130
992 121
993 128
994 143
995 137
996 123
997 125
998 119
999 140
1000 157
