1 0
2 0
3 0
4 0
5 0
6 1
7 0
8 2
9 2
10 3
11 3
12 6
13 1
14 2
15 2
16 1
17 2
18 4
19 1
20 1
21 1
22 1
23 1
24 2
25 1
26 3
27 5
28 8
29 8
30 14
31 19
32 25
33 27
34 37
35 38
36 34
37 24
38 31
39 25
40 30
41 35
42 28
43 33
44 23
45 15
46 13
47 15
48 6
49 9
50 9
51 8
52 9
53 16
54 15
55 7
56 6
57 9
58 7
59 6
60 7
61 4
62 6
63 4
64 4
65 4
66 5
67 6
68 6
69 8
70 10
71 11
72 22
73 25
74 23
75 27
76 26
77 27
78 21
79 17
80 13
81 14
82 13
83 9
84 10
85 12
86 15
87 17
88 19
89 18
90 15
91 14
92 15
93 17
94 14
95 14
96 15
97 18
98 22
99 23
100 17
101 21
102 16
103 14
104 17
105 13
106 14
107 13
108 10
109 9
110 9
111 8
112 11
113 14
114 13
115 7
116 9
117 11
118 10
119 13
120 12
121 16
122 22
123 19
124 27
125 34
126 35
127 36
128 39
129 35
130 36
131 36
132 37
133 38
134 36
135 36
136 38
137 42
138 39
139 32
140 40
141 48
142 50
143 46
144 44
145 38
146 48
147 56
148 46
149 58
150 54
151 68
152 67
153 61
154 64
155 57
156 62
157 63
158 73
159 91
160 84
161 87
162 105
163 112
164 114
165 108
166 106
167 111
168 116
169 125
170 125
171 127
172 111
173 134
174 152
175 150
176 174
177 185
178 203
179 202
180 219
181 237
182 235
183 237
184 216
185 231
186 217
187 208
188 216
189 211
190 166
191 167
192 180
193 176
194 184
195 199
196 192
197 184
198 173
199 181
200 183
201 183
202 171
203 155
204 162
205 183
206 180
207 179
208 182
209 180
210 176
211 182
212 163
213 154
214 129
215 125
216 129
217 121
218 132
219 139
220 139
221 130
222 115
223 133
224 122
225 148
226 146
227 139
228 141
229 146
230 164
231 170
232 142
233 137
234 132
235 121
236 113
237 123
238 122
239 111
240 117
241 126
242 126
243 134
244 128
245 126
246 152
247 149
248 140
249 126
250 136
251 136
252 142
253 146
254 146
255 157
256 138
257 159
258 171
259 173
260 167
261 169
262 172
263 197
264 208
265 199
266 208
267 204
268 191
269 180
270 182
271 144
272 158
273 156
274 153
275 169
276 156
277 141
278 152
279 145
280 142
281 141
282 144
283 141
284 137
285 112
286 110
287 122
288 126
289 135
290 132
291 117
292 106
293 101
294 101
295 82
296 73
297 73
298 77
299 80
300 88
301 89
302 84
303 91
304 83
305 86
306 85
307 81
308 83
309 75
310 83
311 69
312 62
313 65
314 52
315 48
316 38
317 38
318 39
319 44
320 39
321 34
322 27
323 27
324 18
325 13
326 12
327 12
328 17
329 19
330 25
331 25
332 22
333 25
334 17
335 16
336 17
337 21
338 17
339 18
340 31
341 32
342 36
343 48
344 59
345 58
346 70
347 69
348 67
349 61
350 72
351 82
352 78
353 71
354 73
355 69
356 70
357 69
358 75
359 73
360 79
361 85
362 89
363 93
364 80
365 90
366 90
367 88
368 104
369 118
370 112
371 130
372 124
373 118
374 132
375 140
376 156
377 149
378 155
379 161
380 185
381 170
382 190
383 186
384 193
385 206
386 197
387 194
388 190
389 180
390 197
391 212
392 197
393 189
394 208
395 225
396 210
397 182
398 179
399 160
400 169
401 161
402 154
403 157
404 169
405 171
406 164
407 174
408 174
409 175
410 182
411 174
412 181
413 175
414 195
415 185
416 180
417 199
418 182
419 187
420 184
421 173
422 174
423 175
424 153
425 134
426 138
427 151
428 149
429 160
430 149
431 143
432 145
433 142
434 145
435 133
436 132
437 133
438 133
439 153
440 174
441 164
442 156
443 164
444 156
445 169
446 182
447 189
448 192
449 203
450 204
451 217
452 214
453 216
454 213
455 227
456 251
457 269
458 263
459 261
460 253
461 245
462 232
463 271
464 290
465 302
466 309
467 285
468 297
469 299
470 302
471 310
472 328
473 324
474 303
475 313
476 313
477 303
478 316
479 312
480 316
481 329
482 320
483 332
484 354
485 347
486 322
487 337
488 309
489 299
490 310
491 331
492 313
493 313
494 322
495 344
496 375
497 361
498 373
499 395
500 448
501 421
502 425
503 388
504 402
505 370
506 353
507 351
508 353
509 365
510 384
511 361
512 343
513 324
514 290
515 297
516 306
517 328
518 336
519 331
520 330
521 331
522 324
523 347
524 342
525 330
526 316
527 319
528 355
529 347
530 379
531 380
532 370
533 377
534 398
535 406
536 436
537 411
538 387
539 379
540 389
541 412
542 427
543 402
544 382
545 405
546 414
547 420
548 423
549 398
550 388
551 404
552 423
553 409
554 409
555 404
556 397
557 395
558 417
559 417
560 421
561 408
562 428
563 408
564 422
565 420
566 445
567 472
568 478
569 457
570 440
571 477
572 491
573 480
574 450
575 425
576 405
577 424
578 435
579 438
580 432
581 419
582 411
583 418
584 407
585 415
586 383
587 393
588 396
589 402
590 425
591 410
592 386
593 377
594 374
595 398
596 425
597 419
598 409
599 390
600 399
601 417
602 421
603 411
604 445
605 445
606 449
607 451
608 449
609 418
610 417
611 402
612 398
613 380
614 351
615 348
616 360
617 389
618 378
619 379
620 391
621 369
622 368
623 356
624 368
625 343
626 317
627 315
628 303
629 310
630 308
631 319
632 336
633 323
634 315
635 285
636 291
637 290
638 275
639 302
640 278
641 311
642 325
643 310
644 303
645 262
646 258
647 237
648 248
649 239
650 225
651 230
652 212
653 243
654 224
655 216
656 221
657 206
658 195
659 210
660 231
661 234
662 239
663 236
664 208
665 211
666 229
667 235
668 214
669 235
670 243
671 234
672 225
673 235
674 216
675 223
676 222
677 211
678 207
679 218
680 225
681 210
682 208
683 218
684 209
685 208
686 201
687 193
688 172
689 183
690 194
691 176
692 189
693 184
694 181
695 182
696 175
697 180
698 162
699 168
700 161
701 183
702 197
703 220
704 248
705 236
706 240
707 214
708 205
709 188
710 184
711 163
712 159
713 140
714 139
715 121
716 123
717 133
718 138
719 156
720 140
721 142
722 128
723 111
724 120
725 123
726 104
727 97
728 90
729 102
730 123
731 124
732 100
733 87
734 94
735 88
736 100
737 101
738 104
739 115
740 109
741 98
742 98
743 95
744 103
745 108
746 117
747 109
748 93
749 86
750 79
751 61
752 60
753 62
754 67
755 61
756 65
757 66
758 70
759 55
760 58
761 66
762 72
763 76
764 66
765 68
766 55
767 41
768 32
769 25
770 24
771 19
772 21
773 26
774 25
775 27
776 28
777 30
778 24
779 23
780 20
781 25
782 28
783 27
784 24
785 32
786 31
787 31
788 38
789 50
790 46
791 59
792 54
793 63
794 55
795 57
796 56
797 58
798 66
799 77
800 77
801 100
802 95
803 92
804 91
805 84
806 86
807 85
808 81
809 87
810 83
811 82
812 77
813 68
814 65
815 76
816 83
817 82
818 76
819 72
820 75
821 82
822 70
823 61
824 63
825 58
826 56
827 51
828 49
829 45
830 54
831 55
832 51
833 53
834 47
835 39
836 44
837 43
838 56
839 47
840 34
841 52
842 70
843 67
844 63
845 45
846 55
847 58
848 64
849 66
850 57
851 47
852 65
853 45
854 45
855 50
856 52
857 50
858 44
859 44
860 47
861 45
862 46
863 42
864 38
865 32
866 35
867 31
868 39
869 27
870 20
871 14
872 18
873 18
874 16
875 21
876 18
877 26
878 29
879 21
880 24
881 32
882 33
883 34
884 41
885 31
886 19
887 14
888 12
889 11
890 13
891 12
892 12
893 17
894 20
895 20
896 24
897 27
898 25
899 21
900 16
901 22
902 30
903 41
904 44
905 47
906 45
907 47
908 57
909 58
910 51
911 57
912 54
913 63
914 61
915 51
916 53
917 49
918 45
919 50
920 49
921 49
922 55
923 56
924 54
925 46
926 41
927 37
928 39
929 47
930 55
931 61
932 66
933 60
934 58
935 63
936 65
937 47
938 40
939 35
940 45
941 41
942 43
943 47
944 50
945 60
946 58
947 79
948 77
949 60
950 59
951 54
952 49
953 46
954 46
955 55
956 57
957 63
958 62
959 62
960 71
961 77
962 93
963 90
964 99
965 97
966 97
967 84
968 79
969 96
970 104
971 102
972 85
973 68
974 65
975 73
976 73
977 74
978 73
979 81
980 88
981 94
982 100
983 99
984 88
985 83
986 97
987 102
988 98
989 102
990 104
991 99
992 91
993 84
994 84
995 77
996 79
997 70
998 54
999 57
1000 56
