1 0
2 3
3 4
4 5
5 9
6 12
7 13
8 27
9 30
10 38
11 33
12 29
13 36
14 34
15 44
16 54
17 61
18 90
19 82
20 74
21 81
22 85
23 82
24 62
25 72
26 89
27 79
28 74
29 72
30 60
31 51
32 57
33 63
34 69
35 72
36 78
37 76
38 87
39 99
40 94
41 92
42 102
43 102
44 118
45 138
46 130
47 134
48 118
49 112
50 103
51 117
52 114
53 124
54 110
55 117
56 126
57 137
58 118
59 138
60 139
61 122
62 118
63 121
64 100
65 77
66 77
67 83
68 78
69 73
70 76
71 89
72 112
73 124
74 131
75 143
76 145
77 128
78 115
79 120
80 130
81 141
82 145
83 135
84 134
85 135
86 132
87 119
88 110
89 103
90 122
91 108
92 102
93 111
94 106
95 111
96 107
97 99
98 92
99 97
100 97
101 100
102 91
103 102
104 107
105 106
106 118
107 113
108 129
109 144
110 126
111 125
112 131
113 134
114 130
115 111
116 112
117 106
118 107
119 118
120 128
121 137
122 146
123 160
124 143
125 166
126 167
127 161
128 183
129 208
130 213
131 223
132 217
133 228
134 216
135 216
136 217
137 184
138 183
139 195
140 191
141 179
142 179
143 202
144 200
145 201
146 183
147 204
148 238
149 239
150 241
151 243
152 241
153 242
154 246
155 245
156 212
157 209
158 223
159 224
160 220
161 236
162 232
163 228
164 230
165 212
166 203
167 188
168 205
169 191
170 185
171 180
172 165
173 164
174 192
175 186
176 167
177 160
178 160
179 149
180 133
181 143
182 157
183 166
184 194
185 173
186 178
187 190
188 187
189 189
190 192
191 218
192 211
193 217
194 201
195 189
196 220
197 226
198 267
199 263
200 276
201 298
202 292
203 299
204 301
205 310
206 330
207 362
208 361
209 364
210 342
211 349
212 314
213 319
214 352
215 325
216 310
217 334
218 322
219 319
220 324
221 333
222 314
223 298
224 279
225 314
226 331
227 329
228 348
229 381
230 395
231 394
232 385
233 402
234 393
235 390
236 416
237 402
238 416
239 414
240 423
241 465
242 457
243 448
244 459
245 479
246 512
247 476
248 496
249 490
250 457
251 435
252 427
253 449
254 478
255 477
256 426
257 447
258 425
259 440
260 432
261 416
262 448
263 464
264 452
265 472
266 478
267 506
268 491
269 486
270 501
271 516
272 497
273 513
274 493
275 511
276 494
277 485
278 485
279 504
280 503
281 517
282 511
283 493
284 481
285 528
286 506
287 514
288 494
289 502
290 485
291 486
292 499
293 530
294 510
295 510
296 512
297 527
298 512
299 492
300 500
301 508
302 495
303 508
304 525
305 529
306 557
307 532
308 519
309 543
310 539
311 552
312 578
313 598
314 618
315 602
316 583
317 576
318 590
319 646
320 659
321 681
322 699
323 739
324 747
325 785
326 748
327 743
328 749
329 725
330 746
331 716
332 702
333 710
334 724
335 765
336 795
337 806
338 805
339 837
340 839
341 854
342 840
343 839
344 845
345 841
346 853
347 879
348 866
349 873
350 865
351 904
352 902
353 944
354 955
355 932
356 935
357 956
358 958
359 937
360 897
361 917
362 912
363 932
364 954
365 943
366 990
367 996
368 948
369 959
370 961
371 986
372 973
373 994
374 1011
375 1070
376 1085
377 1136
378 1068
379 1048
380 1070
381 1095
382 1151
383 1119
384 1135
385 1123
386 1139
387 1126
388 1136
389 1115
390 1091
391 1080
392 1122
393 1107
394 1135
395 1210
396 1205
397 1223
398 1257
399 1296
400 1338
401 1376
402 1369
403 1381
404 1368
405 1345
406 1360
407 1427
408 1466
409 1464
410 1469
411 1526
412 1498
413 1457
414 1489
415 1452
416 1450
417 1452
418 1416
419 1409
420 1369
421 1320
422 1249
423 1315
424 1334
425 1347
426 1408
427 1443
428 1523
429 1547
430 1483
431 1498
432 1516
433 1581
434 1555
435 1525
436 1468
437 1468
438 1422
439 1432
440 1413
441 1485
442 1503
443 1561
444 1574
445 1548
446 1532
447 1421
448 1438
449 1384
450 1385
451 1381
452 1389
453 1377
454 1357
455 1380
456 1406
457 1386
458 1409
459 1409
460 1396
461 1399
462 1414
463 1418
464 1477
465 1476
466 1512
467 1492
468 1468
469 1399
470 1340
471 1311
472 1319
473 1409
474 1382
475 1385
476 1389
477 1342
478 1360
479 1442
480 1427
481 1356
482 1358
483 1343
484 1313
485 1353
486 1352
487 1314
488 1259
489 1271
490 1238
491 1236
492 1223
493 1313
494 1328
495 1343
496 1350
497 1297
498 1272
499 1299
500 1355
501 1333
502 1346
503 1409
504 1443
505 1465
506 1485
507 1483
508 1519
509 1530
510 1581
511 1671
512 1744
513 1780
514 1752
515 1730
516 1626
517 1649
518 1674
519 1685
520 1715
521 1688
522 1679
523 1694
524 1673
525 1697
526 1671
527 1636
528 1604
529 1540
530 1520
531 1519
532 1491
533 1501
534 1468
535 1449
536 1393
537 1421
538 1447
539 1456
540 1457
541 1469
542 1462
543 1455
544 1454
545 1493
546 1550
547 1585
548 1536
549 1512
550 1512
551 1474
552 1516
553 1556
554 1528
555 1499
556 1501
557 1488
558 1469
559 1418
560 1391
561 1372
562 1363
563 1382
564 1413
565 1464
566 1511
567 1554
568 1545
569 1495
570 1468
571 1387
572 1349
573 1338
574 1358
575 1319
576 1333
577 1265
578 1275
579 1249
580 1248
581 1276
582 1296
583 1314
584 1369
585 1431
586 1460
587 1474
588 1507
589 1508
590 1551
591 1574
592 1591
593 1534
594 1537
595 1494
596 1539
597 1526
598 1566
599 1559
600 1504
601 1512
602 1599
603 1615
604 1630
605 1638
606 1654
607 1742
608 1701
609 1731
610 1725
611 1819
612 1832
613 1920
614 1931
615 1904
616 1878
617 1882
618 1789
619 1846
620 1942
621 1951
622 1982
623 1942
624 1880
625 1951
626 2011
627 2037
628 2097
629 2150
630 2164
631 2149
632 2135
633 2114
634 2118
635 2134
636 2136
637 2133
638 2112
639 2126
640 2096
641 2026
642 2127
643 2140
644 2111
645 2028
646 2008
647 1949
648 1975
649 2073
650 2168
651 2142
652 2140
653 2195
654 2184
655 2247
656 2121
657 2115
658 2087
659 2131
660 2170
661 2175
662 2150
663 2142
664 2191
665 2099
666 2138
667 2138
668 2104
669 2094
670 2153
671 2160
672 2154
673 2071
674 2052
675 2084
676 2091
677 2076
678 2091
679 2032
680 1951
681 1898
682 1850
683 1861
684 1932
685 1913
686 1936
687 1942
688 2023
689 2105
690 2114
691 2072
692 2180
693 2206
694 2193
695 2142
696 2132
697 2145
698 2127
699 2101
700 2151
701 2194
702 2187
703 2170
704 2247
705 2241
706 2258
707 2305
708 2268
709 2295
710 2230
711 2237
712 2225
713 2244
714 2188
715 2244
716 2252
717 2288
718 2254
719 2162
720 2167
721 2203
722 2226
723 2259
724 2174
725 2165
726 2163
727 2140
728 2115
729 2126
730 2116
731 2135
732 2129
733 2047
734 2064
735 2105
736 2116
737 2181
738 2156
739 2182
740 2232
741 2243
742 2289
743 2258
744 2269
745 2403
746 2370
747 2393
748 2406
749 2484
750 2542
751 2527
752 2555
753 2602
754 2617
755 2647
756 2619
757 2643
758 2758
759 2661
760 2768
761 2800
762 2816
763 2836
764 2774
765 2686
766 2681
767 2665
768 2589
769 2517
770 2408
771 2370
772 2352
773 2436
774 2490
775 2520
776 2531
777 2512
778 2496
779 2550
780 2554
781 2572
782 2563
783 2609
784 2689
785 2686
786 2765
787 2717
788 2802
789 2867
790 2852
791 2933
792 2994
793 2826
794 2857
795 2872
796 2873
797 2926
798 3008
799 2992
800 3014
801 3062
802 3040
803 3075
804 3054
805 3089
806 3110
807 3209
808 3193
809 3164
810 3152
811 3089
812 3107
813 3131
814 3075
815 3047
816 3024
817 2994
818 3057
819 3039
820 3025
821 3059
822 3032
823 3039
824 3121
825 3160
826 3229
827 3248
828 3266
829 3233
830 3168
831 3111
832 3139
833 3045
834 2998
835 3038
836 3026
837 3091
838 3153
839 3142
840 3121
841 3099
842 3126
843 3074
844 3061
845 3098
846 3100
847 3094
848 3070
849 3063
850 2982
851 2978
852 3045
853 3094
854 3055
855 3035
856 3020
857 2950
858 2879
859 2888
860 2797
861 2776
862 2732
863 2659
864 2637
865 2639
866 2629
867 2634
868 2596
869 2648
870 2742
871 2751
872 2780
873 2814
874 2769
875 2736
876 2787
877 2803
878 2793
879 2693
880 2713
881 2723
882 2672
883 2757
884 2789
885 2778
886 2816
887 2818
888 2848
889 2813
890 2841
891 2777
892 2805
893 2803
894 2883
895 2912
896 2839
897 2799
898 2824
899 2768
900 2810
901 2752
902 2846
903 2875
904 2968
905 3014
906 3041
907 3134
908 3112
909 3053
910 3083
911 3038
912 3094
913 3112
914 3123
915 3095
916 3089
917 3123
918 3102
919 3087
920 3122
921 3114
922 3266
923 3239
924 3210
925 3198
926 3112
927 3122
928 2992
929 3023
930 2953
931 2958
932 3090
933 3010
934 2991
935 2999
936 3019
937 3065
938 3027
939 2985
940 2950
941 2915
942 2797
943 2772
944 2773
945 2740
946 2836
947 2789
948 2725
949 2671
950 2726
951 2633
952 2522
953 2484
954 2539
955 2477
956 2526
957 2643
958 2691
959 2716
960 2622
961 2690
962 2688
963 2642
964 2785
965 2861
966 2920
967 2895
968 2880
969 2854
970 2904
971 2896
972 2832
973 2889
974 2906
975 2923
976 2933
977 2824
978 2789
979 2792
980 2797
981 2810
982 2844
983 2813
984 2803
985 2815
986 2874
987 2872
988 2872
989 2734
990 2733
991 2763
992 2809
993 2787
994 2785
995 2767
996 2732
997 2752
998 2601
999 2571
1000 2622
