1 3
2 4
3 5
4 9
5 17
6 15
7 17
8 18
9 19
10 29
11 23
12 26
13 19
14 21
15 32
16 37
17 39
18 48
19 47
20 49
21 59
22 58
23 58
24 52
25 43
26 27
27 32
28 30
29 21
30 23
31 27
32 21
33 22
34 29
35 23
36 29
37 27
38 30
39 33
40 30
41 24
42 25
43 24
44 27
45 35
46 34
47 31
48 33
49 31
50 42
51 47
52 51
53 61
54 56
55 64
56 62
57 57
58 43
59 39
60 41
61 50
62 38
63 41
64 43
65 45
66 38
67 32
68 39
69 39
70 45
71 49
72 36
73 35
74 31
75 25
76 34
77 38
78 30
79 25
80 22
81 31
82 36
83 37
84 40
85 34
86 34
87 42
88 44
89 42
90 54
91 59
92 66
93 72
94 74
95 68
96 61
97 59
98 50
99 53
100 51
101 49
102 61
103 48
104 52
105 58
106 64
107 60
108 76
109 91
110 87
111 70
112 75
113 81
114 93
115 95
116 96
117 104
118 98
119 112
120 120
121 131
122 114
123 132
124 150
125 161
126 135
127 131
128 124
129 133
130 136
131 141
132 160
133 163
134 147
135 161
136 158
137 155
138 154
139 156
140 133
141 125
142 141
143 121
144 109
145 106
146 113
147 109
148 107
149 103
150 114
151 126
152 120
153 120
154 132
155 142
156 147
157 175
158 197
159 182
160 193
161 196
162 201
163 194
164 220
165 214
166 204
167 230
168 241
169 220
170 215
171 238
172 274
173 299
174 311
175 296
176 297
177 298
178 310
179 309
180 262
181 268
182 293
183 299
184 296
185 291
186 315
187 326
188 310
189 338
190 318
191 351
192 335
193 347
194 345
195 364
196 392
197 400
198 403
199 404
200 406
201 416
202 464
203 467
204 435
205 397
206 410
207 417
208 447
209 476
210 480
211 450
212 460
213 475
214 482
215 500
216 502
217 507
218 527
219 529
220 549
221 542
222 553
223 539
224 591
225 563
226 570
227 550
228 580
229 615
230 628
231 607
232 577
233 631
234 615
235 617
236 610
237 583
238 564
239 583
240 576
241 601
242 613
243 615
244 646
245 647
246 711
247 711
248 741
249 741
250 736
251 752
252 746
253 767
254 793
255 825
256 826
257 819
258 842
259 811
260 844
261 864
262 856
263 866
264 844
265 819
266 793
267 828
268 802
269 741
270 713
271 701
272 759
273 783
274 784
275 786
276 773
277 774
278 763
279 774
280 774
281 756
282 747
283 776
284 769
285 787
286 760
287 771
288 748
289 753
290 760
291 738
292 714
293 723
294 699
295 696
296 691
297 682
298 666
299 676
300 663
301 656
302 632
303 671
304 674
305 684
306 686
307 654
308 610
309 608
310 631
311 638
312 641
313 643
314 649
315 654
316 639
317 629
318 638
319 610
320 632
321 579
322 587
323 655
324 646
325 644
326 654
327 728
328 678
329 613
330 639
331 684
332 705
333 716
334 714
335 739
336 786
337 757
338 748
339 704
340 721
341 712
342 710
343 716
344 728
345 725
346 702
347 722
348 750
349 710
350 726
351 704
352 714
353 740
354 729
355 684
356 694
357 687
358 728
359 803
360 839
361 840
362 864
363 849
364 817
365 815
366 815
367 795
368 798
369 772
370 802
371 751
372 787
373 811
374 814
375 804
376 839
377 841
378 882
379 874
380 828
381 831
382 841
383 830
384 867
385 892
386 920
387 922
388 913
389 947
390 952
391 955
392 919
393 861
394 851
395 806
396 844
397 856
398 854
399 866
400 836
401 839
402 842
403 828
404 862
405 914
406 937
407 936
408 919
409 930
410 862
411 914
412 902
413 900
414 904
415 877
416 904
417 885
418 793
419 735
420 758
421 792
422 820
423 832
424 827
425 832
426 885
427 851
428 887
429 836
430 819
431 879
432 866
433 818
434 857
435 837
436 840
437 839
438 838
439 836
440 856
441 877
442 820
443 847
444 872
445 924
446 1006
447 1030
448 1053
449 954
450 929
451 925
452 917
453 896
454 889
455 883
456 857
457 850
458 877
459 941
460 921
461 931
462 925
463 914
464 966
465 901
466 930
467 871
468 862
469 892
470 900
471 944
472 918
473 904
474 885
475 814
476 773
477 796
478 801
479 830
480 833
481 844
482 841
483 849
484 838
485 838
486 897
487 887
488 878
489 849
490 848
491 810
492 814
493 844
494 849
495 876
496 838
497 847
498 874
499 903
500 910
501 917
502 859
503 883
504 870
505 926
506 882
507 871
508 847
509 852
510 825
511 828
512 857
513 844
514 849
515 861
516 854
517 872
518 817
519 821
520 789
521 755
522 725
523 690
524 621
525 640
526 585
527 601
528 614
529 624
530 647
531 659
532 659
533 685
534 656
535 644
536 643
537 668
538 662
539 673
540 659
541 610
542 612
543 623
544 611
545 622
546 636
547 706
548 697
549 711
550 715
551 735
552 725
553 746
554 745
555 774
556 768
557 745
558 727
559 732
560 717
561 785
562 790
563 816
564 779
565 744
566 733
567 737
568 724
569 715
570 728
571 692
572 749
573 747
574 772
575 758
576 762
577 779
578 778
579 776
580 771
581 787
582 760
583 798
584 804
585 797
586 799
587 808
588 852
589 888
590 852
591 903
592 888
593 891
594 897
595 883
596 845
597 835
598 891
599 892
600 908
601 899
602 910
603 969
604 1007
605 1042
606 1001
607 1013
608 1034
609 1047
610 951
611 944
612 984
613 956
614 975
615 943
616 961
617 990
618 1037
619 1040
620 1006
621 962
622 949
623 966
624 949
625 944
626 966
627 1004
628 941
629 957
630 962
631 956
632 920
633 906
634 985
635 961
636 920
637 915
638 943
639 941
640 951
641 955
642 915
643 935
644 869
645 845
646 878
647 893
648 903
649 876
650 874
651 853
652 810
653 792
654 824
655 816
656 839
657 839
658 843
659 853
660 823
661 830
662 825
663 803
664 807
665 796
666 747
667 746
668 740
669 763
670 812
671 807
672 810
673 814
674 777
675 736
676 711
677 699
678 727
679 781
680 780
681 791
682 811
683 786
684 768
685 801
686 757
687 739
688 715
689 733
690 742
691 757
692 736
693 726
694 738
695 761
696 740
697 751
698 774
699 789
700 756
701 742
702 733
703 745
704 708
705 701
706 652
707 652
708 683
709 700
710 707
711 698
712 671
713 687
714 740
715 763
716 735
717 719
718 727
719 764
720 775
721 817
722 843
723 859
724 866
725 890
726 860
727 859
728 851
729 814
730 794
731 813
732 773
733 727
734 734
735 750
736 736
737 746
738 702
739 755
740 775
741 798
742 784
743 785
744 788
745 760
746 740
747 736
748 768
749 795
750 790
751 798
752 774
753 808
754 809
755 763
756 764
757 799
758 821
759 845
760 852
761 818
762 829
763 797
764 746
765 760
766 763
767 734
768 768
769 820
770 895
771 917
772 979
773 1030
774 1029
775 998
776 952
777 937
778 917
779 965
780 1033
781 1039
782 997
783 956
784 961
785 939
786 914
787 952
788 959
789 902
790 870
791 835
792 852
793 838
794 841
795 833
796 831
797 831
798 849
799 859
800 833
801 869
802 895
803 883
804 910
805 919
806 881
807 908
808 872
809 856
810 872
811 845
812 798
813 844
814 856
815 892
816 924
817 956
818 968
819 1000
820 1028
821 1082
822 1072
823 1052
824 1117
825 1123
826 1128
827 1109
828 1112
829 1099
830 1097
831 1119
832 1156
833 1127
834 1116
835 1144
836 1097
837 1110
838 1141
839 1143
840 1117
841 1134
842 1100
843 1177
844 1165
845 1170
846 1177
847 1288
848 1342
849 1272
850 1268
851 1315
852 1345
853 1358
854 1374
855 1312
856 1332
857 1329
858 1400
859 1410
860 1387
861 1368
862 1377
863 1336
864 1398
865 1366
866 1308
867 1305
868 1293
869 1258
870 1298
871 1291
872 1294
873 1309
874 1286
875 1293
876 1316
877 1311
878 1327
879 1276
880 1279
881 1313
882 1265
883 1275
884 1296
885 1300
886 1319
887 1305
888 1297
889 1258
890 1233
891 1209
892 1166
893 1150
894 1140
895 1158
896 1123
897 1154
898 1157
899 1142
900 1067
901 1087
902 1078
903 1063
904 1094
905 1051
906 1088
907 1100
908 1099
909 1169
910 1202
911 1178
912 1251
913 1201
914 1283
915 1313
916 1353
917 1373
918 1339
919 1352
920 1388
921 1371
922 1350
923 1348
924 1374
925 1424
926 1430
927 1473
928 1483
929 1443
930 1434
931 1411
932 1322
933 1214
934 1239
935 1277
936 1253
937 1212
938 1222
939 1186
940 1191
941 1216
942 1191
943 1239
944 1219
945 1231
946 1169
947 1161
948 1164
949 1197
950 1188
951 1221
952 1241
953 1300
954 1310
955 1317
956 1247
957 1223
958 1207
959 1192
960 1195
961 1199
962 1181
963 1186
964 1153
965 1235
966 1221
967 1230
968 1331
969 1316
970 1347
971 1305
972 1244
973 1300
974 1358
975 1353
976 1353
977 1262
978 1212
979 1193
980 1188
981 1226
982 1207
983 1283
984 1277
985 1248
986 1260
987 1266
988 1262
989 1290
990 1275
991 1248
992 1229
993 1227
994 1206
995 1217
996 1222
997 1227
998 1208
999 1215
1000 1261
