1 9
2 25
3 54
4 74
5 88
6 111
7 141
8 164
9 178
10 218
11 230
12 283
13 277
14 297
15 349
16 335
17 330
18 338
19 346
20 382
21 383
22 428
23 447
24 459
25 471
26 487
27 540
28 531
29 539
30 540
31 611
32 665
33 691
34 718
35 716
36 719
37 710
38 728
39 788
40 770
41 779
42 851
43 876
44 866
45 913
46 953
47 970
48 948
49 979
50 982
51 988
52 962
53 986
54 1024
55 1039
56 1098
57 1135
58 1144
59 1186
60 1210
61 1202
62 1242
63 1247
64 1315
65 1331
66 1351
67 1418
68 1473
69 1567
70 1661
71 1717
72 1743
73 1738
74 1806
75 1854
76 1931
77 1961
78 1971
79 2005
80 1997
81 1982
82 2050
83 2123
84 2133
85 2160
86 2202
87 2227
88 2295
89 2293
90 2323
91 2335
92 2423
93 2480
94 2469
95 2458
96 2522
97 2518
98 2531
99 2591
100 2612
101 2685
102 2755
103 2736
104 2758
105 2772
106 2804
107 2756
108 2860
109 2920
110 3022
111 3084
112 3099
113 3191
114 3114
115 3260
116 3264
117 3275
118 3375
119 3411
120 3467
121 3488
122 3477
123 3529
124 3489
125 3516
126 3614
127 3665
128 3737
129 3737
130 3802
131 3814
132 3896
133 3926
134 3931
135 3930
136 3964
137 4043
138 4173
139 4167
140 4120
141 4158
142 4214
143 4183
144 4133
145 4174
146 4165
147 4102
148 4081
149 4074
150 4028
151 4071
152 4104
153 4027
154 4009
155 3880
156 3924
157 3975
158 3924
159 3855
160 3856
161 3947
162 3960
163 3937
164 3898
165 3831
166 3964
167 4060
168 4012
169 4075
170 4064
171 4060
172 4125
173 4118
174 4230
175 4246
176 4225
177 4241
178 4271
179 4271
180 4252
181 4290
182 4360
183 4370
184 4345
185 4343
186 4484
187 4580
188 4600
189 4576
190 4637
191 4653
192 4687
193 4717
194 4808
195 4851
196 4958
197 5004
198 5013
199 5016
200 5000
201 5065
202 5122
203 5126
204 5242
205 5341
206 5345
207 5371
208 5355
209 5318
210 5388
211 5538
212 5620
213 5589
214 5670
215 5624
216 5688
217 5721
218 5867
219 5928
220 5951
221 5974
222 6099
223 6190
224 6117
225 6159
226 6132
227 6081
228 5969
229 6077
230 6069
231 6116
232 6172
233 6208
234 6293
235 6426
236 6523
237 6621
238 6651
239 6739
240 6728
241 6754
242 6760
243 6827
244 6915
245 6833
246 6632
247 6692
248 6793
249 6693
250 6712
251 6894
252 6910
253 7049
254 7138
255 7029
256 7033
257 7120
258 6999
259 6948
260 7091
261 7057
262 6968
263 6984
264 6821
265 6852
266 6803
267 6792
268 6830
269 6734
270 6727
271 6685
272 6689
273 6630
274 6691
275 6712
276 6731
277 6779
278 6765
279 6789
280 6668
281 6657
282 6673
283 6747
284 6711
285 6863
286 6930
287 6965
288 6955
289 6954
290 7021
291 7002
292 7008
293 6996
294 7032
295 7183
296 7248
297 7436
298 7417
299 7328
300 7462
301 7527
302 7656
303 7621
304 7662
305 7577
306 7736
307 7580
308 7676
309 7798
310 7814
311 7768
312 7846
313 7876
314 7908
315 7995
316 7835
317 7875
318 7843
319 7834
320 7880
321 7979
322 7922
323 7874
324 7939
325 7846
326 7904
327 7896
328 7935
329 8003
330 7895
331 7850
332 7883
333 8009
334 8023
335 8137
336 8120
337 8091
338 8094
339 8151
340 8142
341 8216
342 8266
343 8216
344 8353
345 8414
346 8467
347 8427
348 8269
349 8180
350 8119
351 8113
352 8024
353 8122
354 8141
355 8081
356 8200
357 8156
358 8152
359 8129
360 8115
361 8308
362 8524
363 8594
364 8530
365 8422
366 8594
367 8726
368 8777
369 8830
370 8829
371 8848
372 9027
373 9001
374 8980
375 9067
376 9107
377 9047
378 9001
379 9032
380 9083
381 8995
382 9035
383 8933
384 8936
385 8956
386 8966
387 9084
388 8987
389 9013
390 9152
391 9342
392 9615
393 9426
394 9382
395 9406
396 9401
397 9475
398 9541
399 9467
400 9483
401 9451
402 9299
403 9425
404 9448
405 9271
406 9351
407 9481
408 9459
409 9687
410 9628
411 9659
412 9596
413 9673
414 9555
415 9469
416 9400
417 9506
418 9595
419 9619
420 9499
421 9310
422 9322
423 9572
424 9688
425 9407
426 9483
427 9368
428 9461
429 9436
430 9522
431 9269
432 9509
433 9542
434 9528
435 9476
436 9414
437 9346
438 9357
439 9367
440 9329
441 9105
442 9050
443 8988
444 8995
445 9132
446 9069
447 9182
448 9300
449 9504
450 9450
451 9345
452 9462
453 9656
454 9528
455 9600
456 9555
457 9503
458 9603
459 9850
460 9967
461 9767
462 9811
463 9872
464 9717
465 9664
466 9462
467 9438
468 9449
469 9526
470 9382
471 9359
472 9184
473 9185
474 9261
475 9380
476 9496
477 9512
478 9396
479 9340
480 9183
481 9265
482 9130
483 9089
484 9249
485 9193
486 9265
487 9147
488 9271
489 9288
490 9363
491 9230
492 9047
493 9070
494 8948
495 8932
496 8985
497 9114
498 8971
499 9082
500 9041
501 9049
502 9093
503 9204
504 9337
505 9543
506 9586
507 9756
508 9757
509 9850
510 2
511 87
512 156
513 218
514 282
515 402
516 612
517 724
518 751
519 866
520 1133
521 1123
522 1280
523 1228
524 1546
525 1483
526 1291
527 1185
528 1326
529 1328
530 1413
531 1373
532 1528
533 1412
534 1446
535 1228
536 1437
537 1337
538 1405
539 1354
540 1337
541 1428
542 1326
543 1349
544 1549
545 1612
546 1738
547 1738
548 1909
549 1837
550 1679
551 1605
552 1584
553 1724
554 1659
555 1849
556 1918
557 1982
558 2060
559 2084
560 2081
561 2235
562 2176
563 2309
564 2308
565 2515
566 2261
567 2310
568 2096
569 2214
570 2339
571 2387
572 2351
573 2259
574 2242
575 2090
576 2025
577 1967
578 1936
579 1908
580 1918
581 2100
582 2313
583 2463
584 2559
585 2778
586 2840
587 2853
588 2908
589 2950
590 2850
591 2782
592 2788
593 2520
594 2714
595 2804
596 3107
597 3383
598 3331
599 3094
600 3130
601 3019
602 3075
603 3074
604 2884
605 2690
606 2656
607 2719
608 2720
609 2758
610 2671
611 2701
612 2635
613 2573
614 2636
615 2725
616 2744
617 2932
618 2969
619 2948
620 2915
621 2850
622 2972
623 3152
624 3295
625 3140
626 3161
627 3292
628 3033
629 3190
630 2958
631 2893
632 2972
633 3113
634 3113
635 3194
636 3354
637 3618
638 3525
639 3692
640 3595
641 3473
642 3436
643 3321
644 3215
645 3194
646 3360
647 3503
648 3466
649 3487
650 3627
651 3554
652 3585
653 3675
654 3847
655 3856
656 3871
657 3867
658 3901
659 3959
660 4239
661 4203
662 4161
663 4177
664 3966
665 4116
666 4095
667 4141
668 4175
669 4195
670 4011
671 4126
672 4074
673 4101
674 4045
675 4076
676 4115
677 4063
678 4067
679 4017
680 4133
681 3971
682 4125
683 4041
684 4029
685 4311
686 4102
687 4037
688 3953
689 4031
690 4150
691 4081
692 4016
693 3987
694 3921
695 3939
696 3827
697 3772
698 4022
699 4029
700 4097
701 4164
702 4310
703 4237
704 4486
705 4376
706 4320
707 4290
708 4205
709 4359
710 4358
711 4234
712 4166
713 4033
714 4233
715 4405
716 4453
717 4403
718 4235
719 4043
720 4109
721 4176
722 4114
723 3997
724 4126
725 4247
726 4316
727 4581
728 4536
729 4439
730 4340
731 4444
732 4231
733 4310
734 4305
735 4326
736 4288
737 4240
738 4216
739 4213
740 4072
741 4115
742 4196
743 4181
744 4180
745 4188
746 4134
747 4279
748 4232
749 4392
750 4478
751 4298
752 4477
753 4641
754 4854
755 4780
756 4651
757 4705
758 4611
759 4781
760 4878
761 5063
762 4899
763 4848
764 4760
765 4674
766 4758
767 4521
768 4602
769 4706
770 4804
771 4760
772 4672
773 4853
774 4738
775 4649
776 4872
777 4916
778 5010
779 5157
780 5421
781 5421
782 5517
783 5403
784 5560
785 5553
786 5453
787 5355
788 5230
789 5145
790 5028
791 5340
792 5344
793 5208
794 5181
795 5082
796 5264
797 5367
798 5373
799 5504
800 5433
801 5401
802 5613
803 5628
804 5743
805 5510
806 5625
807 5697
808 5644
809 5554
810 5610
811 5675
812 5488
813 5540
814 5559
815 5400
816 5423
817 5429
818 5260
819 5080
820 5393
821 5186
822 5157
823 5330
824 5349
825 5411
826 5531
827 5731
828 5814
829 5894
830 6133
831 5878
832 6033
833 6173
834 5896
835 5967
836 6012
837 6092
838 5979
839 5990
840 6155
841 5923
842 5901
843 5880
844 5971
845 5788
846 5774
847 5863
848 5537
849 5559
850 5590
851 5697
852 5802
853 5756
854 5791
855 5659
856 5400
857 5368
858 5360
859 5217
860 5172
861 5232
862 5206
863 5162
864 5141
865 4959
866 4856
867 5159
868 5051
869 4958
870 5011
871 4854
872 4803
873 4764
874 5108
875 5201
876 5215
877 5464
878 5353
879 5237
880 5378
881 5334
882 5292
883 5325
884 5216
885 5095
886 5050
887 5249
888 5218
889 5328
890 5322
891 5320
892 5366
893 5184
894 5141
895 5094
896 5295
897 5229
898 5322
899 5302
900 5479
901 5837
902 6004
903 5903
904 5847
905 5619
906 5791
907 5771
908 5974
909 5831
910 6003
911 5984
912 5958
913 6107
914 5930
915 5997
916 5885
917 5977
918 5924
919 5946
920 6160
921 6099
922 6175
923 5957
924 5874
925 5940
926 5793
927 5719
928 5796
929 5972
930 5947
931 6076
932 6018
933 6156
934 6297
935 6358
936 6355
937 6530
938 6449
939 6664
940 6630
941 6773
942 6826
943 6862
944 7014
945 7216
946 6888
947 7129
948 6953
949 6956
950 6817
951 6895
952 6926
953 6821
954 6787
955 6882
956 6935
957 6974
958 6977
959 7179
960 7362
961 7482
962 7676
963 7752
964 7624
965 7588
966 7719
967 7800
968 7947
969 8214
970 8275
971 8186
972 8198
973 8300
974 8380
975 8594
976 8488
977 8572
978 8465
979 8566
980 8665
981 8690
982 8829
983 8967
984 9101
985 9007
986 9026
987 9114
988 9024
989 9319
990 9284
991 9198
992 9206
993 9352
994 9377
995 9320
996 9152
997 9175
998 9283
999 9223
1000 9210
