1 0
2 1
3 0
4 0
5 0
6 1
7 0
8 0
9 0
10 0
11 0
12 0
13 0
14 1
15 0
16 0
17 0
18 0
19 0
20 0
21 0
22 0
23 1
24 1
25 4
26 5
27 5
28 7
29 6
30 8
31 8
32 7
33 6
34 9
35 7
36 3
37 3
38 3
39 3
40 6
41 9
42 7
43 7
44 6
45 7
46 3
47 5
48 10
49 8
50 6
51 5
52 3
53 5
54 4
55 4
56 5
57 2
58 1
59 2
60 5
61 7
62 14
63 11
64 12
65 16
66 20
67 20
68 27
69 30
70 28
71 28
72 26
73 23
74 25
75 27
76 35
77 39
78 45
79 38
80 44
81 54
82 41
83 44
84 37
85 43
86 56
87 56
88 61
89 68
90 70
91 64
92 55
93 61
94 51
95 39
96 41
97 37
98 46
99 40
100 29
101 29
102 30
103 42
104 48
105 61
106 59
107 57
108 45
109 53
110 43
111 42
112 42
113 50
114 49
115 40
116 32
117 33
118 29
119 20
120 27
121 23
122 19
123 13
124 13
125 18
126 10
127 9
128 11
129 11
130 15
131 12
132 7
133 4
134 5
135 6
136 9
137 6
138 12
139 13
140 17
141 23
142 21
143 19
144 20
145 22
146 22
147 23
148 18
149 20
150 20
151 26
152 27
153 13
154 12
155 16
156 16
157 20
158 12
159 17
160 6
161 9
162 6
163 5
164 1
165 0
166 0
167 0
168 0
169 1
170 0
171 0
172 0
173 0
174 0
175 2
176 1
177 2
178 3
179 1
180 1
181 1
182 1
183 3
184 1
185 2
186 2
187 4
188 3
189 1
190 2
191 3
192 0
193 0
194 0
195 0
196 0
197 0
198 0
199 0
200 0
201 0
202 0
203 0
204 0
205 1
206 0
207 1
208 1
209 1
210 2
211 5
212 6
213 7
214 7
215 3
216 6
217 4
218 4
219 6
220 7
221 12
222 12
223 11
224 12
225 15
226 20
227 17
228 14
229 7
230 11
231 8
232 10
233 15
234 17
235 23
236 20
237 18
238 17
239 21
240 19
241 13
242 8
243 9
244 5
245 8
246 5
247 3
248 4
249 8
250 4
251 2
252 1
253 1
254 1
255 0
256 0
257 0
258 0
259 0
260 0
261 0
262 1
263 0
264 0
265 0
266 0
267 0
268 0
269 0
270 0
271 0
272 0
273 0
274 0
275 0
276 0
277 0
278 1
279 1
280 0
281 0
282 0
283 0
284 0
285 0
286 0
287 1
288 0
289 0
290 0
291 0
292 0
293 0
294 0
295 0
296 0
297 0
298 1
299 2
300 2
301 1
302 1
303 1
304 0
305 0
306 0
307 0
308 0
309 0
310 0
311 0
312 0
313 0
314 0
315 0
316 0
317 0
318 0
319 0
320 0
321 0
322 1
323 0
324 0
325 0
326 0
327 0
328 0
329 1
330 2
331 1
332 2
333 1
334 2
335 4
336 6
337 9
338 17
339 17
340 12
341 13
342 9
343 7
344 6
345 5
346 5
347 3
348 4
349 2
350 2
351 1
352 1
353 1
354 1
355 1
356 1
357 0
358 0
359 0
360 0
361 0
362 0
363 0
364 0
365 1
366 1
367 3
368 4
369 2
370 3
371 3
372 4
373 5
374 7
375 8
376 12
377 12
378 14
379 12
380 11
381 12
382 18
383 20
384 19
385 19
386 21
387 16
388 26
389 40
390 35
391 43
392 46
393 45
394 55
395 46
396 49
397 48
398 49
399 33
400 36
401 45
402 43
403 34
404 35
405 30
406 29
407 39
408 39
409 43
410 51
411 53
412 54
413 64
414 64
415 44
416 50
417 61
418 66
419 71
420 75
421 68
422 73
423 69
424 65
425 60
426 61
427 66
428 61
429 52
430 46
431 42
432 46
433 43
434 38
435 33
436 32
437 31
438 37
439 42
440 34
441 29
442 29
443 36
444 35
445 33
446 29
447 30
448 33
449 31
450 29
451 33
452 35
453 43
454 53
455 58
456 81
457 76
458 87
459 85
460 77
461 78
462 101
463 114
464 106
465 109
466 115
467 107
468 105
469 87
470 87
471 92
472 106
473 129
474 130
475 128
476 118
477 102
478 111
479 105
480 106
481 103
482 109
483 105
484 103
485 114
486 127
487 111
488 108
489 117
490 102
491 98
492 88
493 103
494 99
495 90
496 74
497 90
498 98
499 106
500 95
501 97
502 73
503 65
504 62
505 56
506 44
507 54
508 44
509 46
510 45
511 51
512 55
513 57
514 59
515 70
516 97
517 101
518 100
519 93
520 94
521 107
522 112
523 105
524 107
525 98
526 100
527 112
528 108
529 102
530 113
531 120
532 110
533 105
534 106
535 107
536 93
537 104
538 105
539 115
540 115
541 122
542 123
543 142
544 156
545 142
546 141
547 148
548 152
549 167
550 165
551 164
552 170
553 137
554 133
555 129
556 110
557 113
558 88
559 91
560 99
561 95
562 84
563 78
564 61
565 66
566 63
567 72
568 73
569 72
570 82
571 93
572 90
573 93
574 92
575 100
576 110
577 111
578 121
579 125
580 126
581 130
582 140
583 142
584 129
585 122
586 137
587 141
588 142
589 139
590 156
591 148
592 153
593 144
594 142
595 148
596 131
597 130
598 154
599 137
600 137
601 139
602 138
603 142
604 137
605 158
606 154
607 168
608 169
609 192
610 182
611 188
612 169
613 183
614 190
615 199
616 195
617 220
618 208
619 207
620 180
621 196
622 196
623 212
624 202
625 200
626 206
627 189
628 184
629 176
630 164
631 166
632 152
633 141
634 150
635 145
636 147
637 154
638 166
639 169
640 178
641 174
642 166
643 163
644 169
645 182
646 186
647 173
648 177
649 172
650 157
651 140
652 146
653 155
654 163
655 141
656 143
657 117
658 114
659 109
660 93
661 79
662 78
663 86
664 87
665 88
666 83
667 101
668 118
669 125
670 122
671 126
672 104
673 114
674 105
675 121
676 103
677 108
678 119
679 112
680 116
681 115
682 129
683 131
684 127
685 119
686 116
687 136
688 139
689 127
690 147
691 152
692 141
693 126
694 144
695 143
696 160
697 147
698 145
699 138
700 129
701 138
702 136
703 150
704 157
705 148
706 140
707 154
708 164
709 165
710 155
711 166
712 183
713 198
714 201
715 202
716 178
717 182
718 168
719 182
720 206
721 198
722 202
723 203
724 207
725 224
726 244
727 250
728 233
729 233
730 217
731 233
732 274
733 274
734 280
735 266
736 249
737 251
738 274
739 267
740 294
741 274
742 247
743 259
744 255
745 257
746 235
747 208
748 211
749 210
750 206
751 202
752 203
753 200
754 211
755 187
756 197
757 200
758 198
759 209
760 178
761 202
762 199
763 210
764 208
765 214
766 206
767 200
768 210
769 217
770 219
771 218
772 192
773 210
774 201
775 185
776 162
777 158
778 174
779 181
780 180
781 184
782 172
783 174
784 165
785 176
786 192
787 158
788 180
789 182
790 182
791 214
792 236
793 221
794 241
795 217
796 220
797 237
798 235
799 232
800 250
801 256
802 268
803 283
804 304
805 310
806 322
807 328
808 353
809 366
810 406
811 398
812 408
813 437
814 434
815 439
816 421
817 436
818 404
819 379
820 371
821 362
822 346
823 337
824 335
825 335
826 351
827 362
828 373
829 364
830 383
831 415
832 391
833 402
834 442
835 413
836 417
837 395
838 372
839 388
840 400
841 405
842 411
843 400
844 356
845 417
846 447
847 448
848 432
849 451
850 458
851 481
852 489
853 518
854 552
855 570
856 528
857 500
858 520
859 509
860 516
861 487
862 488
863 470
864 462
865 453
866 453
867 486
868 475
869 477
870 463
871 491
872 476
873 486
874 485
875 518
876 534
877 535
878 516
879 491
880 484
881 457
882 467
883 434
884 447
885 425
886 422
887 405
888 379
889 391
890 402
891 415
892 403
893 416
894 424
895 391
896 400
897 438
898 432
899 436
900 426
901 412
902 405
903 407
904 397
905 387
906 407
907 382
908 374
909 378
910 366
911 396
912 415
913 443
914 453
915 446
916 474
917 503
918 441
919 433
920 425
921 434
922 446
923 430
924 429
925 452
926 450
927 426
928 415
929 434
930 465
931 425
932 440
933 443
934 448
935 457
936 440
937 439
938 442
939 431
940 455
941 449
942 473
943 490
944 492
945 497
946 491
947 510
948 493
949 482
950 434
951 443
952 461
953 463
954 468
955 468
956 474
957 489
958 503
959 468
960 499
961 526
962 507
963 502
964 476
965 466
966 470
967 485
968 513
969 549
970 488
971 496
972 473
973 440
974 402
975 391
976 412
977 384
978 376
979 345
980 335
981 330
982 331
983 310
984 312
985 286
986 290
987 293
988 319
989 360
990 357
991 364
992 372
993 380
994 384
995 363
996 383
997 396
998 401
999 413
1000 386
