1 2
2 3
3 1
4 3
5 5
6 6
7 6
8 5
9 9
10 10
11 10
12 12
13 13
14 13
15 16
16 22
17 26
18 31
19 28
20 30
21 31
22 35
23 27
24 29
25 28
26 28
27 32
28 22
29 25
30 29
31 28
32 24
33 22
34 30
35 35
36 24
37 25
38 32
39 24
40 24
41 19
42 16
43 19
44 28
45 36
46 31
47 35
48 37
49 43
50 38
51 46
52 64
53 59
54 53
55 51
56 49
57 52
58 52
59 56
60 45
61 41
62 38
63 43
64 35
65 45
66 51
67 52
68 54
69 38
70 42
71 35
72 36
73 35
74 36
75 42
76 45
77 42
78 53
79 60
80 43
81 47
82 43
83 56
84 51
85 63
86 54
87 67
88 83
89 95
90 89
91 82
92 87
93 89
94 94
95 90
96 85
97 98
98 98
99 108
100 116
101 113
102 115
103 113
104 121
105 117
106 109
107 104
108 102
109 110
110 109
111 115
112 112
113 116
114 94
115 88
116 114
117 113
118 106
119 101
120 96
121 101
122 115
123 112
124 122
125 123
126 133
127 120
128 123
129 123
130 150
131 137
132 141
133 165
134 169
135 180
136 154
137 164
138 187
139 194
140 204
141 212
142 251
143 263
144 257
145 273
146 282
147 313
148 305
149 309
150 315
151 302
152 283
153 313
154 332
155 339
156 331
157 370
158 372
159 378
160 385
161 369
162 348
163 386
164 404
165 445
166 457
167 465
168 478
169 475
170 484
171 490
172 499
173 503
174 523
175 558
176 543
177 553
178 567
179 562
180 564
181 540
182 539
183 545
184 544
185 548
186 563
187 587
188 563
189 567
190 579
191 573
192 550
193 550
194 564
195 551
196 549
197 504
198 528
199 512
200 512
201 499
202 513
203 522
204 507
205 523
206 539
207 553
208 536
209 513
210 497
211 509
212 530
213 516
214 460
215 462
216 487
217 481
218 505
219 541
220 494
221 509
222 524
223 537
224 529
225 542
226 534
227 531
228 526
229 515
230 544
231 495
232 493
233 512
234 486
235 511
236 533
237 532
238 523
239 495
240 472
241 459
242 455
243 468
244 429
245 430
246 435
247 444
248 463
249 456
250 464
251 441
252 419
253 388
254 390
255 372
256 371
257 369
258 399
259 402
260 399
261 402
262 406
263 438
264 465
265 435
266 424
267 424
268 428
269 447
270 447
271 445
272 472
273 486
274 468
275 457
276 463
277 439
278 448
279 419
280 419
281 410
282 404
283 388
284 395
285 404
286 399
287 467
288 443
289 434
290 446
291 450
292 463
293 477
294 470
295 480
296 525
297 559
298 540
299 557
300 586
301 588
302 576
303 618
304 615
305 598
306 588
307 579
308 570
309 564
310 587
311 580
312 604
313 589
314 621
315 616
316 605
317 627
318 629
319 629
320 647
321 672
322 650
323 678
324 705
325 697
326 732
327 772
328 739
329 735
330 770
331 770
332 836
333 843
334 877
335 791
336 795
337 818
338 791
339 776
340 788
341 763
342 790
343 804
344 796
345 789
346 782
347 803
348 777
349 794
350 786
351 771
352 755
353 769
354 751
355 731
356 752
357 778
358 812
359 768
360 808
361 828
362 853
363 860
364 861
365 819
366 838
367 860
368 866
369 829
370 837
371 796
372 788
373 769
374 793
375 833
376 821
377 833
378 862
379 898
380 807
381 800
382 729
383 732
384 701
385 712
386 697
387 700
388 676
389 680
390 724
391 750
392 745
393 729
394 712
395 676
396 689
397 681
398 709
399 741
400 724
401 796
402 741
403 756
404 737
405 729
406 701
407 687
408 691
409 681
410 710
411 728
412 722
413 723
414 727
415 734
416 725
417 722
418 693
419 716
420 688
421 675
422 715
423 718
424 729
425 705
426 702
427 727
428 737
429 759
430 794
431 823
432 896
433 955
434 988
435 1002
436 1050
437 1023
438 1100
439 1078
440 1014
441 997
442 990
443 1050
444 1065
445 1069
446 1076
447 1075
448 1089
449 1108
450 1085
451 1088
452 1061
453 1055
454 1025
455 981
456 1003
457 1004
458 1055
459 1010
460 1044
461 1070
462 1068
463 1036
464 1020
465 1030
466 1048
467 1044
468 1073
469 1032
470 1014
471 996
472 1009
473 1045
474 1081
475 1055
476 1031
477 972
478 908
479 865
480 869
481 890
482 877
483 854
484 826
485 757
486 733
487 684
488 697
489 654
490 659
491 625
492 588
493 600
494 617
495 672
496 653
497 709
498 701
499 708
500 728
501 755
502 771
503 763
504 776
505 812
506 827
507 894
508 881
509 901
510 878
511 919
512 989
513 938
514 916
515 959
516 972
517 983
518 969
519 1010
520 1017
521 1050
522 1040
523 1044
524 997
525 1053
526 1057
527 1124
528 1089
529 1122
530 1097
531 1156
532 1204
533 1189
534 1235
535 1235
536 1249
537 1189
538 1172
539 1100
540 1065
541 1048
542 1049
543 1080
544 1042
545 1011
546 936
547 964
548 977
549 891
550 943
551 844
552 825
553 797
554 776
555 799
556 768
557 769
558 804
559 807
560 817
561 817
562 832
563 905
564 923
565 908
566 898
567 946
568 894
569 901
570 853
571 858
572 860
573 923
574 933
575 906
576 902
577 894
578 955
579 986
580 1020
581 1040
582 1031
583 1066
584 1076
585 1083
586 1086
587 1053
588 1051
589 1102
590 1124
591 1140
592 1134
593 1155
594 1166
595 1170
596 1180
597 1249
598 1290
599 1340
600 1383
601 1344
602 1381
603 1432
604 1486
605 1501
606 1525
607 1591
608 1590
609 1583
610 1519
611 1543
612 1543
613 1602
614 1633
615 1614
616 1593
617 1663
618 1599
619 1724
620 1729
621 1746
622 1758
623 1789
624 1844
625 1775
626 1770
627 1809
628 1756
629 1815
630 1817
631 1802
632 1745
633 1767
634 1725
635 1714
636 1686
637 1842
638 1902
639 1866
640 1889
641 1882
642 1888
643 1945
644 1990
645 1963
646 1990
647 2023
648 1925
649 2005
650 2006
651 2029
652 1966
653 1948
654 1950
655 1955
656 1982
657 1930
658 1884
659 1821
660 1816
661 1730
662 1816
663 1802
664 1782
665 1732
666 1744
667 1772
668 1814
669 1782
670 1756
671 1813
672 1789
673 1806
674 1812
675 1800
676 1736
677 1720
678 1742
679 1733
680 1781
681 1831
682 1808
683 1862
684 1890
685 1897
686 1864
687 1876
688 1934
689 1953
690 1906
691 1912
692 1894
693 1843
694 1842
695 1859
696 1822
697 1850
698 1777
699 1726
700 1675
701 1681
702 1664
703 1611
704 1634
705 1621
706 1599
707 1579
708 1560
709 1544
710 1502
711 1482
712 1448
713 1374
714 1391
715 1428
716 1460
717 1403
718 1361
719 1333
720 1392
721 1373
722 1379
723 1381
724 1414
725 1401
726 1368
727 1378
728 1337
729 1375
730 1399
731 1338
732 1370
733 1378
734 1438
735 1450
736 1484
737 1516
738 1566
739 1548
740 1585
741 1639
742 1691
743 1756
744 1763
745 1798
746 1809
747 1750
748 1788
749 1832
750 1781
751 1781
752 1856
753 1779
754 1872
755 1910
756 1944
757 1876
758 1875
759 1841
760 1848
761 1869
762 1837
763 1806
764 1802
765 1797
766 1816
767 1831
768 1884
769 1798
770 1761
771 1845
772 1854
773 1889
774 1913
775 1892
776 1961
777 1899
778 1901
779 1961
780 2042
781 2018
782 1992
783 1973
784 1965
785 1919
786 1866
787 1964
788 1953
789 1949
790 1962
791 1957
792 1924
793 1963
794 1917
795 1928
796 1836
797 1814
798 1798
799 1772
800 1822
801 1843
802 1851
803 1868
804 1864
805 1863
806 1913
807 1968
808 1984
809 1945
810 1844
811 1823
812 1834
813 1901
814 1918
815 1928
816 1980
817 1939
818 1895
819 1846
820 1810
821 1836
822 1862
823 1902
824 1824
825 1871
826 1816
827 1867
828 1929
829 1924
830 1881
831 1895
832 1904
833 1908
834 1823
835 1840
836 1892
837 1885
838 1820
839 1825
840 1856
841 1869
842 1855
843 1802
844 1739
845 1780
846 1690
847 1658
848 1701
849 1679
850 1707
851 1712
852 1750
853 1784
854 1707
855 1746
856 1613
857 1626
858 1563
859 1542
860 1525
861 1517
862 1556
863 1633
864 1654
865 1680
866 1751
867 1825
868 1898
869 1873
870 1917
871 1919
872 1946
873 1946
874 1914
875 1837
876 1790
877 1738
878 1718
879 1761
880 1729
881 1764
882 1754
883 1698
884 1722
885 1725
886 1730
887 1730
888 1716
889 1667
890 1644
891 1643
892 1643
893 1567
894 1512
895 1523
896 1478
897 1474
898 1484
899 1519
900 1540
901 1498
902 1493
903 1467
904 1438
905 1422
906 1434
907 1479
908 1535
909 1587
910 1582
911 1531
912 1518
913 1553
914 1512
915 1516
916 1463
917 1447
918 1427
919 1428
920 1457
921 1485
922 1436
923 1430
924 1440
925 1462
926 1434
927 1431
928 1417
929 1476
930 1484
931 1438
932 1438
933 1362
934 1369
935 1362
936 1430
937 1429
938 1390
939 1412
940 1429
941 1430
942 1448
943 1486
944 1572
945 1549
946 1545
947 1588
948 1621
949 1632
950 1710
951 1666
952 1705
953 1714
954 1692
955 1708
956 1730
957 1716
958 1771
959 1788
960 1810
961 1826
962 1747
963 1794
964 1832
965 1859
966 1826
967 1711
968 1769
969 1825
970 1756
971 1740
972 1697
973 1738
974 1699
975 1704
976 1699
977 1652
978 1656
979 1620
980 1593
981 1595
982 1574
983 1551
984 1526
985 1567
986 1571
987 1565
988 1624
989 1651
990 1654
991 1669
992 1633
993 1573
994 1598
995 1607
996 1560
997 1550
998 1600
999 1659
1000 1569
