1 1
2 1
3 1
4 4
5 8
6 10
7 18
8 19
9 20
10 23
11 23
12 16
13 19
14 20
15 27
16 35
17 36
18 50
19 50
20 50
21 44
22 34
23 38
24 36
25 42
26 42
27 42
28 43
29 55
30 59
31 59
32 61
33 60
34 60
35 73
36 74
37 74
38 90
39 87
40 111
41 104
42 98
43 86
44 89
45 86
46 94
47 101
48 95
49 87
50 89
51 94
52 105
53 115
54 119
55 119
56 131
57 138
58 125
59 141
60 131
61 118
62 99
63 91
64 87
65 89
66 89
67 86
68 82
69 79
70 77
71 78
72 82
73 77
74 88
75 103
76 100
77 88
78 83
79 75
80 67
81 76
82 73
83 73
84 76
85 67
86 79
87 79
88 83
89 104
90 98
91 93
92 101
93 98
94 121
95 135
96 141
97 153
98 153
99 141
100 138
101 127
102 132
103 137
104 128
105 144
106 148
107 162
108 192
109 202
110 196
111 205
112 198
113 196
114 191
115 198
116 194
117 202
118 190
119 206
120 211
121 228
122 234
123 231
124 225
125 232
126 250
127 252
128 249
129 249
130 272
131 301
132 320
133 332
134 346
135 364
136 376
137 407
138 417
139 414
140 435
141 432
142 394
143 400
144 415
145 432
146 442
147 429
148 426
149 413
150 421
151 376
152 361
153 359
154 357
155 378
156 367
157 360
158 363
159 375
160 387
161 398
162 402
163 430
164 439
165 431
166 416
167 449
168 449
169 431
170 401
171 407
172 397
173 405
174 396
175 377
176 361
177 350
178 360
179 351
180 354
181 379
182 413
183 440
184 428
185 439
186 434
187 429
188 429
189 407
190 421
191 428
192 412
193 475
194 479
195 488
196 512
197 472
198 454
199 418
200 396
201 376
202 396
203 395
204 419
205 405
206 416
207 412
208 387
209 370
210 387
211 384
212 404
213 382
214 398
215 403
216 403
217 444
218 463
219 454
220 445
221 441
222 458
223 457
224 454
225 479
226 464
227 484
228 452
229 435
230 464
231 444
232 456
233 466
234 479
235 500
236 525
237 524
238 519
239 536
240 517
241 500
242 499
243 478
244 455
245 472
246 475
247 481
248 504
249 487
250 497
251 497
252 542
253 518
254 517
255 503
256 471
257 498
258 523
259 489
260 521
261 557
262 579
263 572
264 547
265 507
266 489
267 466
268 491
269 482
270 495
271 528
272 520
273 528
274 535
275 555
276 575
277 542
278 510
279 522
280 530
281 514
282 531
283 549
284 582
285 583
286 577
287 580
288 603
289 599
290 594
291 553
292 585
293 573
294 557
295 567
296 523
297 519
298 488
299 494
300 505
301 510
302 519
303 530
304 527
305 515
306 524
307 523
308 524
309 580
310 608
311 635
312 631
313 642
314 645
315 658
316 695
317 729
318 739
319 741
320 726
321 751
322 710
323 719
324 713
325 686
326 684
327 652
328 627
329 624
330 642
331 625
332 650
333 624
334 629
335 605
336 649
337 653
338 701
339 816
340 792
341 842
342 845
343 812
344 799
345 770
346 753
347 725
348 702
349 692
350 675
351 641
352 636
353 639
354 639
355 634
356 603
357 600
358 607
359 589
360 557
361 621
362 618
363 605
364 656
365 664
366 692
367 707
368 708
369 752
370 739
371 743
372 796
373 768
374 785
375 800
376 835
377 869
378 869
379 869
380 915
381 918
382 944
383 934
384 904
385 945
386 969
387 936
388 946
389 924
390 940
391 1029
392 1062
393 1051
394 990
395 974
396 915
397 937
398 950
399 963
400 943
401 962
402 1007
403 999
404 1000
405 990
406 1030
407 998
408 958
409 967
410 1003
411 997
412 1041
413 1074
414 1079
415 1146
416 1210
417 1220
418 1212
419 1246
420 1246
421 1244
422 1281
423 1244
424 1160
425 1121
426 1043
427 986
428 995
429 1008
430 1017
431 1070
432 1066
433 1095
434 1128
435 1149
436 1189
437 1233
438 1272
439 1204
440 1225
441 1250
442 1350
443 1337
444 1347
445 1296
446 1340
447 1309
448 1325
449 1338
450 1375
451 1378
452 1386
453 1403
454 1342
455 1340
456 1280
457 1284
458 1232
459 1259
460 1279
461 1315
462 1297
463 1330
464 1303
465 1264
466 1290
467 1275
468 1343
469 1364
470 1379
471 1359
472 1371
473 1381
474 1466
475 1439
476 1420
477 1350
478 1350
479 1388
480 1354
481 1339
482 1355
483 1330
484 1286
485 1330
486 1391
487 1442
488 1479
489 1461
490 1510
491 1477
492 1473
493 1489
494 1529
495 1547
496 1581
497 1626
498 1660
499 1650
500 1666
501 1685
502 1663
503 1620
504 1586
505 1572
506 1547
507 1547
508 1524
509 1604
510 1514
511 1537
512 1570
513 1604
514 1615
515 1628
516 1611
517 1511
518 1491
519 1455
520 1492
521 1507
522 1562
523 1569
524 1625
525 1575
526 1490
527 1454
528 1484
529 1513
530 1487
531 1479
532 1503
533 1562
534 1584
535 1612
536 1594
537 1671
538 1708
539 1743
540 1807
541 1881
542 1904
543 1859
544 1972
545 1987
546 1936
547 1932
548 1925
549 1931
550 2001
551 2005
552 2021
553 1957
554 1964
555 1953
556 1990
557 2058
558 2062
559 2100
560 2045
561 2074
562 2083
563 2039
564 2070
565 2083
566 2049
567 2115
568 2183
569 2171
570 2151
571 2150
572 2066
573 1965
574 1977
575 1980
576 1940
577 1894
578 1916
579 1959
580 1929
581 1936
582 1849
583 1778
584 1734
585 1837
586 1831
587 1868
588 1889
589 1919
590 1897
591 1890
592 1921
593 1891
594 1872
595 1926
596 1888
597 1835
598 1961
599 2004
600 1985
601 1944
602 1890
603 1887
604 1922
605 1921
606 1871
607 1866
608 1822
609 1893
610 1923
611 1993
612 1998
613 1978
614 2057
615 2081
616 2080
617 2004
618 1971
619 2010
620 2024
621 2018
622 1999
623 2027
624 1950
625 1981
626 1974
627 1958
628 1996
629 1958
630 1866
631 1942
632 1997
633 1990
634 1929
635 1937
636 1970
637 2056
638 2025
639 2006
640 2024
641 2126
642 2172
643 2195
644 2293
645 2295
646 2310
647 2342
648 2334
649 2339
650 2324
651 2363
652 2403
653 2449
654 2391
655 2358
656 2329
657 2227
658 2273
659 2214
660 2223
661 2204
662 2282
663 2256
664 2255
665 2339
666 2324
667 2294
668 2358
669 2427
670 2419
671 2306
672 2278
673 2264
674 2253
675 2200
676 2075
677 2047
678 2060
679 2021
680 2049
681 1983
682 1974
683 1941
684 1995
685 1939
686 1967
687 1914
688 1931
689 1990
690 2023
691 2052
692 2075
693 2065
694 2084
695 2096
696 2061
697 2105
698 2016
699 2021
700 2038
701 2138
702 2109
703 2133
704 2082
705 2075
706 2085
707 2092
708 2120
709 2100
710 2144
711 2178
712 2174
713 2182
714 2211
715 2136
716 2135
717 2253
718 2224
719 2166
720 2141
721 2203
722 2285
723 2281
724 2280
725 2332
726 2264
727 2257
728 2208
729 2196
730 2151
731 2068
732 2036
733 2081
734 2118
735 2156
736 2200
737 2233
738 2203
739 2180
740 2194
741 2150
742 2090
743 2123
744 2094
745 2137
746 2146
747 2146
748 2134
749 2157
750 2110
751 2040
752 2083
753 2162
754 2198
755 2303
756 2398
757 2465
758 2490
759 2505
760 2504
761 2437
762 2451
763 2466
764 2520
765 2519
766 2550
767 2574
768 2504
769 2448
770 2461
771 2623
772 2777
773 2812
774 2862
775 2728
776 2700
777 2658
778 2645
779 2628
780 2604
781 2675
782 2638
783 2571
784 2586
785 2561
786 2613
787 2609
788 2569
789 2595
790 2573
791 2566
792 2479
793 2482
794 2464
795 2411
796 2504
797 2550
798 2593
799 2490
800 2561
801 2549
802 2577
803 2586
804 2625
805 2705
806 2804
807 2932
808 2920
809 2904
810 2869
811 2792
812 2793
813 2713
814 2734
815 2746
816 2733
817 2795
818 2847
819 2780
820 2846
821 2845
822 2929
823 3021
824 3015
825 3099
826 3057
827 3045
828 3024
829 2973
830 3003
831 2933
832 2962
833 2948
834 2878
835 2831
836 2847
837 2915
838 2922
839 2968
840 2987
841 2981
842 2923
843 2897
844 2855
845 2816
846 2900
847 2925
848 2985
849 3030
850 3003
851 3144
852 3153
853 3096
854 3142
855 3104
856 3115
857 3154
858 3166
859 3183
860 3119
861 3092
862 3083
863 3094
864 3005
865 2903
866 2954
867 2943
868 2982
869 3002
870 3103
871 3022
872 3054
873 3052
874 2997
875 3042
876 3061
877 3126
878 3131
879 3139
880 3223
881 3234
882 3271
883 3316
884 3270
885 3278
886 3234
887 3245
888 3157
889 3155
890 3075
891 3074
892 3073
893 3052
894 3130
895 3129
896 3068
897 3123
898 3123
899 3067
900 3053
901 3109
902 3042
903 3057
904 3045
905 2972
906 3066
907 3038
908 2942
909 2922
910 2902
911 2965
912 2910
913 2943
914 2934
915 2931
916 2814
917 2856
918 2887
919 2975
920 2901
921 2947
922 2949
923 3015
924 3085
925 3070
926 3110
927 3131
928 3101
929 3079
930 2925
931 2947
932 3003
933 3104
934 3161
935 3114
936 3154
937 3161
938 3090
939 3164
940 3243
941 3294
942 3195
943 3098
944 3084
945 3071
946 3100
947 3170
948 3177
949 3206
950 3182
951 3127
952 3094
953 3058
954 3144
955 3208
956 3195
957 3230
958 3209
959 3295
960 3325
961 3390
962 3280
963 3248
964 3213
965 3243
966 3243
967 3143
968 3219
969 3139
970 3122
971 3060
972 3036
973 3142
974 3181
975 3160
976 3280
977 3285
978 3245
979 3207
980 3286
981 3273
982 3226
983 3256
984 3321
985 3257
986 3210
987 3305
988 3316
989 3359
990 3362
991 3471
992 3526
993 3438
994 3333
995 3381
996 3374
997 3497
998 3526
999 3560
1000 3596
