1 0
2 0
3 0
4 0
5 0
6 0
7 1
8 3
9 1
10 4
11 0
12 1
13 2
14 3
15 6
16 1
17 1
18 0
19 0
20 1
21 1
22 0
23 0
24 1
25 0
26 0
27 0
28 0
29 1
30 3
31 5
32 3
33 4
34 8
35 8
36 3
37 5
38 2
39 2
40 2
41 0
42 0
43 2
44 2
45 3
46 3
47 4
48 3
49 5
50 6
51 8
52 11
53 5
54 11
55 12
56 9
57 7
58 4
59 7
60 6
61 8
62 5
63 2
64 5
65 8
66 13
67 9
68 10
69 10
70 10
71 14
72 16
73 17
74 18
75 24
76 20
77 16
78 15
79 14
80 15
81 9
82 7
83 6
84 6
85 6
86 4
87 5
88 4
89 3
90 5
91 6
92 6
93 4
94 1
95 1
96 1
97 1
98 0
99 2
100 2
101 0
102 0
103 0
104 0
105 0
106 1
107 1
108 2
109 1
110 0
111 1
112 2
113 6
114 5
115 6
116 3
117 3
118 5
119 3
120 4
121 3
122 3
123 2
124 4
125 6
126 6
127 6
128 5
129 5
130 5
131 6
132 8
133 7
134 4
135 6
136 7
137 8
138 4
139 4
140 7
141 5
142 7
143 7
144 13
145 12
146 11
147 11
148 12
149 5
150 8
151 8
152 7
153 11
154 15
155 19
156 26
157 24
158 21
159 25
160 27
161 21
162 21
163 17
164 20
165 23
166 16
167 17
168 17
169 17
170 17
171 14
172 13
173 13
174 14
175 14
176 13
177 21
178 24
179 29
180 34
181 26
182 26
183 29
184 26
185 24
186 22
187 22
188 25
189 24
190 21
191 22
192 22
193 21
194 26
195 16
196 20
197 20
198 31
199 31
200 22
201 20
202 17
203 15
204 21
205 21
206 25
207 26
208 24
209 16
210 16
211 14
212 17
213 24
214 24
215 20
216 20
217 28
218 28
219 28
220 32
221 49
222 57
223 52
224 38
225 39
226 47
227 43
228 40
229 40
230 51
231 53
232 62
233 60
234 64
235 59
236 69
237 60
238 66
239 64
240 60
241 73
242 67
243 63
244 53
245 52
246 42
247 40
248 39
249 47
250 37
251 36
252 40
253 44
254 41
255 32
256 31
257 29
258 36
259 35
260 29
261 29
262 25
263 21
264 18
265 18
266 18
267 21
268 23
269 15
270 14
271 16
272 16
273 13
274 17
275 19
276 22
277 20
278 17
279 16
280 13
281 22
282 25
283 21
284 16
285 12
286 13
287 10
288 8
289 4
290 7
291 9
292 14
293 17
294 13
295 22
296 27
297 19
298 17
299 13
300 10
301 8
302 7
303 3
304 5
305 5
306 4
307 2
308 0
309 0
310 1
311 1
312 0
313 0
314 0
315 0
316 0
317 0
318 0
319 0
320 0
321 0
322 0
323 0
324 1
325 1
326 1
327 1
328 0
329 0
330 0
331 2
332 1
333 0
334 0
335 0
336 0
337 0
338 0
339 0
340 0
341 0
342 0
343 2
344 3
345 0
346 0
347 0
348 0
349 0
350 0
351 1
352 0
353 0
354 0
355 0
356 0
357 0
358 0
359 0
360 0
361 0
362 0
363 0
364 0
365 0
366 0
367 0
368 0
369 1
370 0
371 0
372 1
373 1
374 0
375 0
376 1
377 2
378 2
379 0
380 0
381 0
382 0
383 0
384 0
385 0
386 0
387 0
388 1
389 0
390 0
391 0
392 0
393 0
394 0
395 0
396 0
397 0
398 0
399 0
400 1
401 0
402 0
403 1
404 3
405 5
406 5
407 4
408 8
409 6
410 5
411 7
412 8
413 10
414 7
415 4
416 5
417 1
418 2
419 5
420 4
421 8
422 5
423 4
424 2
425 4
426 2
427 3
428 6
429 5
430 4
431 5
432 4
433 1
434 3
435 4
436 3
437 3
438 4
439 3
440 1
441 2
442 0
443 0
444 0
445 0
446 0
447 0
448 0
449 1
450 0
451 0
452 1
453 1
454 2
455 1
456 2
457 2
458 1
459 1
460 1
461 1
462 2
463 0
464 0
465 0
466 0
467 1
468 0
469 0
470 1
471 2
472 1
473 1
474 1
475 0
476 0
477 0
478 1
479 0
480 0
481 0
482 0
483 0
484 0
485 0
486 2
487 1
488 1
489 1
490 1
491 1
492 4
493 4
494 5
495 6
496 10
497 11
498 9
499 10
500 11
501 14
502 8
503 11
504 8
505 8
506 8
507 9
508 14
509 15
510 11
511 11
512 13
513 13
514 16
515 19
516 15
517 15
518 17
519 23
520 25
521 29
522 24
523 31
524 34
525 38
526 38
527 36
528 37
529 35
530 37
531 36
532 28
533 24
534 19
535 19
536 19
537 20
538 24
539 25
540 21
541 16
542 9
543 9
544 8
545 7
546 9
547 14
548 13
549 9
550 16
551 19
552 19
553 17
554 15
555 20
556 13
557 17
558 20
559 25
560 29
561 27
562 24
563 14
564 14
565 12
566 10
567 9
568 13
569 12
570 10
571 11
572 7
573 7
574 7
575 9
576 12
577 9
578 10
579 9
580 12
581 16
582 18
583 28
584 33
585 36
586 38
587 33
588 30
589 35
590 32
591 32
592 32
593 27
594 32
595 24
596 19
597 17
598 23
599 26
600 26
601 21
602 21
603 24
604 19
605 22
606 23
607 18
608 27
609 26
610 31
611 26
612 31
613 31
614 33
615 39
616 46
617 50
618 51
619 60
620 72
621 67
622 76
623 88
624 91
625 90
626 89
627 74
628 74
629 85
630 83
631 77
632 81
633 84
634 80
635 72
636 58
637 71
638 72
639 56
640 55
641 57
642 49
643 54
644 56
645 55
646 47
647 61
648 70
649 75
650 85
651 94
652 92
653 92
654 100
655 88
656 81
657 84
658 91
659 81
660 77
661 86
662 90
663 90
664 83
665 68
666 70
667 66
668 69
669 66
670 66
671 64
672 62
673 52
674 56
675 58
676 78
677 76
678 78
679 81
680 70
681 68
682 65
683 72
684 64
685 69
686 73
687 70
688 65
689 60
690 62
691 60
692 53
693 58
694 59
695 59
696 58
697 61
698 60
699 67
700 76
701 86
702 90
703 88
704 80
705 72
706 72
707 77
708 73
709 76
710 68
711 50
712 51
713 44
714 43
715 57
716 50
717 50
718 49
719 52
720 50
721 41
722 39
723 29
724 37
725 34
726 35
727 37
728 38
729 37
730 36
731 40
732 33
733 36
734 32
735 34
736 34
737 38
738 30
739 30
740 28
741 23
742 25
743 25
744 20
745 25
746 22
747 19
748 19
749 15
750 16
751 17
752 18
753 10
754 9
755 7
756 9
757 14
758 12
759 10
760 5
761 8
762 6
763 4
764 7
765 5
766 6
767 4
768 6
769 7
770 4
771 4
772 4
773 4
774 8
775 12
776 11
777 12
778 14
779 19
780 15
781 17
782 16
783 14
784 9
785 13
786 6
787 4
788 2
789 3
790 4
791 7
792 6
793 8
794 10
795 8
796 14
797 14
798 26
799 31
800 28
801 24
802 26
803 36
804 27
805 22
806 21
807 16
808 11
809 15
810 11
811 5
812 5
813 7
814 4
815 5
816 7
817 5
818 3
819 4
820 2
821 2
822 2
823 6
824 8
825 9
826 12
827 23
828 29
829 29
830 45
831 51
832 57
833 49
834 39
835 38
836 36
837 32
838 27
839 26
840 30
841 31
842 23
843 21
844 21
845 21
846 20
847 22
848 34
849 37
850 29
851 29
852 34
853 44
854 50
855 38
856 41
857 61
858 74
859 72
860 78
861 71
862 76
863 65
864 72
865 65
866 63
867 64
868 67
869 79
870 79
871 82
872 67
873 66
874 70
875 73
876 84
877 87
878 82
879 74
880 59
881 57
882 51
883 48
884 46
885 46
886 44
887 40
888 37
889 40
890 40
891 46
892 47
893 45
894 46
895 44
896 47
897 51
898 53
899 50
900 61
901 59
902 69
903 71
904 66
905 70
906 69
907 54
908 42
909 44
910 40
911 53
912 48
913 50
914 47
915 43
916 43
917 47
918 39
919 38
920 52
921 47
922 50
923 53
924 55
925 52
926 56
927 59
928 57
929 62
930 65
931 61
932 63
933 71
934 69
935 72
936 56
937 61
938 71
939 65
940 66
941 65
942 67
943 75
944 77
945 91
946 82
947 84
948 83
949 82
950 82
951 72
952 75
953 70
954 69
955 60
956 65
957 52
958 43
959 48
960 56
961 77
962 87
963 105
964 103
965 83
966 78
967 77
968 70
969 60
970 63
971 58
972 64
973 64
974 72
975 60
976 57
977 64
978 48
979 49
980 48
981 47
982 52
983 50
984 54
985 51
986 47
987 40
988 40
989 35
990 27
991 47
992 51
993 46
994 43
995 31
996 30
997 25
998 18
999 25
1000 19
