1 0
2 1
3 7
4 10
5 12
6 17
7 20
8 25
9 21
10 23
11 30
12 27
13 28
14 31
15 36
16 32
17 34
18 36
19 48
20 49
21 49
22 53
23 61
24 59
25 59
26 62
27 75
28 82
29 79
30 87
31 71
32 74
33 78
34 77
35 92
36 100
37 103
38 109
39 120
40 147
41 147
42 144
43 163
44 156
45 164
46 154
47 147
48 150
49 164
50 159
51 158
52 157
53 139
54 128
55 134
56 136
57 133
58 128
59 132
60 109
61 115
62 86
63 96
64 90
65 95
66 101
67 108
68 117
69 119
70 126
71 118
72 138
73 136
74 125
75 134
76 126
77 131
78 140
79 151
80 153
81 148
82 178
83 191
84 196
85 205
86 206
87 201
88 210
89 204
90 225
91 227
92 233
93 217
94 205
95 212
96 203
97 202
98 203
99 216
100 219
101 241
102 227
103 235
104 224
105 217
106 230
107 213
108 208
109 201
110 177
111 181
112 177
113 201
114 199
115 198
116 217
117 216
118 210
119 194
120 186
121 170
122 164
123 168
124 167
125 179
126 181
127 189
128 210
129 248
130 244
131 251
132 266
133 253
134 287
135 287
136 286
137 289
138 312
139 337
140 319
141 297
142 329
143 360
144 352
145 368
146 381
147 360
148 370
149 416
150 442
151 425
152 429
153 463
154 466
155 476
156 508
157 518
158 521
159 497
160 456
161 453
162 429
163 439
164 432
165 445
166 457
167 441
168 441
169 427
170 405
171 402
172 385
173 376
174 384
175 344
176 338
177 324
178 354
179 335
180 323
181 342
182 352
183 396
184 411
185 436
186 427
187 440
188 445
189 459
190 426
191 438
192 445
193 428
194 426
195 419
196 434
197 440
198 447
199 425
200 398
201 421
202 406
203 421
204 429
205 399
206 386
207 391
208 391
209 388
210 398
211 423
212 425
213 442
214 410
215 418
216 438
217 421
218 417
219 429
220 418
221 431
222 444
223 488
224 514
225 525
226 505
227 553
228 528
229 502
230 472
231 493
232 487
233 456
234 479
235 464
236 460
237 466
238 453
239 428
240 449
241 482
242 482
243 488
244 485
245 504
246 517
247 485
248 489
249 510
250 525
251 540
252 542
253 502
254 500
255 520
256 491
257 461
258 500
259 492
260 529
261 570
262 582
263 598
264 637
265 671
266 625
267 647
268 635
269 652
270 638
271 642
272 683
273 650
274 591
275 572
276 530
277 555
278 587
279 622
280 605
281 616
282 624
283 642
284 640
285 641
286 608
287 610
288 668
289 642
290 660
291 661
292 678
293 666
294 683
295 685
296 729
297 735
298 736
299 749
300 763
301 760
302 804
303 792
304 788
305 735
306 773
307 821
308 795
309 812
310 799
311 768
312 794
313 834
314 867
315 817
316 825
317 774
318 764
319 813
320 797
321 770
322 710
323 662
324 673
325 685
326 651
327 674
328 662
329 692
330 697
331 724
332 757
333 773
334 770
335 790
336 768
337 773
338 800
339 778
340 787
341 796
342 823
343 845
344 804
345 796
346 796
347 796
348 808
349 840
350 862
351 840
352 842
353 833
354 831
355 823
356 824
357 816
358 842
359 840
360 863
361 820
362 803
363 804
364 835
365 866
366 878
367 876
368 869
369 898
370 932
371 977
372 999
373 944
374 973
375 1009
376 1078
377 1073
378 1124
379 1103
380 1073
381 1078
382 1065
383 1055
384 1003
385 1046
386 1023
387 968
388 974
389 982
390 946
391 938
392 946
393 901
394 897
395 830
396 876
397 836
398 840
399 847
400 830
401 847
402 881
403 835
404 834
405 787
406 806
407 814
408 833
409 783
410 801
411 833
412 862
413 857
414 808
415 804
416 807
417 864
418 906
419 893
420 859
421 877
422 863
423 888
424 894
425 879
426 904
427 857
428 863
429 852
430 891
431 877
432 862
433 915
434 921
435 917
436 903
437 897
438 848
439 880
440 942
441 882
442 876
443 900
444 917
445 877
446 908
447 903
448 913
449 909
450 923
451 975
452 977
453 946
454 953
455 913
456 886
457 924
458 939
459 1021
460 1009
461 1009
462 1002
463 1049
464 1068
465 1109
466 1141
467 1154
468 1111
469 1084
470 1113
471 1094
472 1131
473 1138
474 1152
475 1166
476 1118
477 1109
478 1094
479 1016
480 973
481 973
482 944
483 939
484 914
485 903
486 882
487 888
488 889
489 871
490 836
491 824
492 811
493 780
494 733
495 734
496 679
497 669
498 676
499 645
500 626
501 627
502 612
503 600
504 588
505 591
506 593
507 583
508 557
509 578
510 622
511 603
512 618
513 613
514 619
515 650
516 696
517 670
518 675
519 717
520 695
521 701
522 700
523 685
524 669
525 668
526 680
527 684
528 656
529 640
530 637
531 626
532 696
533 687
534 708
535 715
536 691
537 686
538 670
539 666
540 683
541 669
542 632
543 607
544 578
545 531
546 526
547 514
548 517
549 512
550 528
551 535
552 540
553 497
554 467
555 489
556 522
557 540
558 544
559 547
560 578
561 607
562 597
563 568
564 586
565 625
566 674
567 685
568 677
569 666
570 678
571 674
572 631
573 636
574 604
575 594
576 558
577 556
578 562
579 553
580 555
581 559
582 534
583 544
584 539
585 543
586 530
587 532
588 528
589 499
590 501
591 492
592 490
593 494
594 498
595 526
596 550
597 522
598 473
599 513
600 493
601 506
602 489
603 472
604 510
605 507
606 484
607 442
608 445
609 449
610 467
611 468
612 447
613 449
614 453
615 458
616 448
617 426
618 449
619 448
620 435
621 421
622 414
623 397
624 393
625 389
626 376
627 345
628 330
629 319
630 328
631 343
632 334
633 323
634 342
635 314
636 337
637 334
638 308
639 334
640 348
641 346
642 366
643 366
644 348
645 343
646 343
647 350
648 338
649 370
650 359
651 365
652 367
653 376
654 378
655 375
656 394
657 365
658 383
659 385
660 374
661 380
662 394
663 404
664 404
665 393
666 396
667 403
668 415
669 390
670 403
671 404
672 426
673 437
674 402
675 379
676 381
677 383
678 380
679 372
680 351
681 368
682 378
683 372
684 382
685 420
686 454
687 480
688 456
689 440
690 446
691 498
692 513
693 523
694 524
695 517
696 550
697 588
698 556
699 568
700 577
701 591
702 557
703 604
704 596
705 585
706 573
707 601
708 612
709 549
710 570
711 585
712 629
713 627
714 617
715 564
716 565
717 580
718 571
719 602
720 624
721 628
722 645
723 732
724 774
725 787
726 830
727 815
728 774
729 764
730 738
731 730
732 754
733 739
734 750
735 736
736 749
737 759
738 756
739 771
740 787
741 780
742 802
743 769
744 769
745 772
746 741
747 723
748 709
749 730
750 750
751 756
752 755
753 750
754 774
755 737
756 758
757 773
758 755
759 778
760 824
761 827
762 814
763 789
764 776
765 728
766 707
767 666
768 664
769 633
770 635
771 644
772 657
773 662
774 623
775 640
776 609
777 609
778 601
779 610
780 621
781 614
782 618
783 635
784 663
785 656
786 639
787 667
788 680
789 687
790 678
791 701
792 661
793 636
794 651
795 635
796 711
797 731
798 694
799 678
800 648
801 640
802 671
803 681
804 716
805 706
806 691
807 695
808 712
809 671
810 672
811 641
812 617
813 571
814 575
815 545
816 556
817 587
818 622
819 614
820 630
821 624
822 622
823 615
824 645
825 677
826 738
827 736
828 735
829 779
830 779
831 765
832 740
833 734
834 731
835 732
836 703
837 700
838 706
839 740
840 779
841 773
842 820
843 775
844 766
845 776
846 761
847 743
848 763
849 765
850 746
851 735
852 773
853 766
854 798
855 816
856 842
857 783
858 792
859 759
860 744
861 749
862 734
863 709
864 780
865 763
866 748
867 764
868 793
869 837
870 842
871 812
872 796
873 859
874 904
875 883
876 849
877 847
878 901
879 915
880 976
881 939
882 899
883 879
884 883
885 881
886 896
887 931
888 881
889 913
890 921
891 923
892 991
893 1000
894 968
895 966
896 991
897 1016
898 1001
899 954
900 882
901 892
902 871
903 897
904 961
905 954
906 937
907 937
908 936
909 924
910 938
911 933
912 899
913 928
914 922
915 939
916 921
917 891
918 871
919 896
920 870
921 863
922 884
923 911
924 857
925 868
926 856
927 823
928 847
929 818
930 838
931 796
932 800
933 782
934 693
935 727
936 725
937 726
938 735
939 721
940 737
941 742
942 747
943 740
944 720
945 751
946 760
947 781
948 776
949 792
950 780
951 766
952 777
953 788
954 823
955 795
956 845
957 880
958 830
959 850
960 869
961 867
962 881
963 845
964 846
965 851
966 928
967 886
968 854
969 857
970 901
971 861
972 858
973 875
974 909
975 922
976 941
977 939
978 973
979 980
980 934
981 962
982 995
983 1048
984 972
985 961
986 935
987 881
988 929
989 976
990 1011
991 955
992 962
993 942
994 873
995 870
996 896
997 813
998 846
999 878
1000 889
