1 0
2 0
3 0
4 0
5 0
6 0
7 0
8 0
9 0
10 0
11 1
12 0
13 0
14 0
15 0
16 0
17 0
18 0
19 0
20 0
21 0
22 0
23 0
24 1
25 0
26 2
27 4
28 3
29 1
30 1
31 2
32 1
33 1
34 1
35 1
36 1
37 1
38 2
39 5
40 5
41 8
42 8
43 8
44 8
45 4
46 8
47 8
48 4
49 6
50 7
51 7
52 3
53 3
54 5
55 10
56 7
57 10
58 9
59 8
60 12
61 15
62 17
63 17
64 16
65 18
66 18
67 24
68 25
69 27
70 24
71 24
72 21
73 22
74 23
75 19
76 21
77 17
78 11
79 11
80 8
81 4
82 3
83 3
84 1
85 0
86 0
87 0
88 0
89 0
90 0
91 1
92 1
93 0
94 0
95 0
96 0
97 1
98 2
99 3
100 2
101 4
102 2
103 4
104 5
105 4
106 1
107 2
108 2
109 3
110 1
111 0
112 0
113 0
114 0
115 0
116 0
117 0
118 0
119 0
120 0
121 0
122 0
123 0
124 0
125 0
126 0
127 0
128 0
129 0
130 0
131 0
132 0
133 0
134 0
135 0
136 0
137 0
138 0
139 0
140 0
141 0
142 0
143 0
144 0
145 0
146 0
147 1
148 3
149 1
150 3
151 2
152 1
153 2
154 1
155 0
156 0
157 0
158 0
159 0
160 0
161 1
162 0
163 0
164 0
165 0
166 0
167 0
168 0
169 0
170 0
171 0
172 0
173 0
174 0
175 1
176 0
177 0
178 0
179 0
180 0
181 0
182 0
183 0
184 1
185 0
186 0
187 0
188 1
189 0
190 0
191 0
192 0
193 0
194 0
195 0
196 0
197 0
198 0
199 0
200 0
201 0
202 0
203 0
204 0
205 0
206 0
207 0
208 0
209 0
210 0
211 0
212 1
213 1
214 0
215 0
216 0
217 0
218 0
219 0
220 0
221 0
222 0
223 0
224 1
225 2
226 2
227 1
228 1
229 0
230 0
231 1
232 0
233 0
234 0
235 0
236 0
237 0
238 0
239 1
240 0
241 0
242 0
243 0
244 0
245 0
246 0
247 0
248 0
249 0
250 0
251 0
252 0
253 0
254 0
255 0
256 0
257 1
258 2
259 3
260 3
261 5
262 4
263 3
264 4
265 4
266 9
267 8
268 6
269 10
270 14
271 19
272 24
273 18
274 20
275 26
276 21
277 12
278 19
279 23
280 23
281 23
282 20
283 19
284 23
285 17
286 21
287 16
288 17
289 20
290 21
291 15
292 16
293 11
294 12
295 12
296 13
297 17
298 21
299 14
300 14
301 12
302 11
303 7
304 5
305 7
306 3
307 4
308 3
309 5
310 2
311 1
312 2
313 0
314 0
315 0
316 0
317 0
318 0
319 0
320 0
321 0
322 0
323 0
324 0
325 0
326 0
327 0
328 0
329 0
330 0
331 0
332 0
333 0
334 0
335 0
336 0
337 0
338 0
339 0
340 0
341 0
342 0
343 1
344 2
345 3
346 4
347 6
348 6
349 3
350 2
351 3
352 5
353 4
354 5
355 5
356 0
357 0
358 0
359 1
360 0
361 0
362 0
363 0
364 0
365 0
366 0
367 0
368 0
369 0
370 0
371 2
372 3
373 2
374 3
375 4
376 3
377 2
378 4
379 7
380 3
381 6
382 9
383 15
384 13
385 14
386 15
387 14
388 15
389 21
390 20
391 18
392 26
393 35
394 37
395 35
396 39
397 45
398 48
399 43
400 43
401 42
402 34
403 41
404 35
405 30
406 33
407 36
408 44
409 39
410 34
411 37
412 38
413 27
414 30
415 37
416 38
417 40
418 46
419 43
420 40
421 37
422 44
423 41
424 50
425 41
426 43
427 51
428 57
429 60
430 55
431 44
432 42
433 50
434 58
435 57
436 63
437 58
438 51
439 48
440 53
441 55
442 53
443 60
444 48
445 54
446 63
447 51
448 56
449 61
450 73
451 68
452 69
453 94
454 88
455 92
456 112
457 119
458 119
459 121
460 117
461 101
462 105
463 114
464 135
465 126
466 134
467 129
468 140
469 136
470 131
471 137
472 143
473 144
474 158
475 145
476 134
477 141
478 148
479 160
480 186
481 178
482 203
483 210
484 215
485 233
486 257
487 233
488 243
489 237
490 228
491 227
492 238
493 229
494 225
495 209
496 225
497 218
498 213
499 217
500 201
501 198
502 175
503 195
504 177
505 183
506 207
507 228
508 235
509 227
510 227
511 242
512 237
513 225
514 256
515 268
516 270
517 265
518 275
519 271
520 287
521 295
522 281
523 281
524 310
525 331
526 334
527 385
528 396
529 400
530 376
531 354
532 349
533 356
534 343
535 346
536 365
537 369
538 368
539 357
540 326
541 303
542 313
543 272
544 275
545 279
546 256
547 278
548 273
549 277
550 276
551 261
552 238
553 249
554 227
555 222
556 198
557 185
558 177
559 181
560 188
561 217
562 221
563 219
564 204
565 227
566 259
567 243
568 234
569 242
570 249
571 257
572 262
573 277
574 289
575 288
576 257
577 274
578 247
579 240
580 242
581 244
582 214
583 212
584 222
585 217
586 226
587 232
588 241
589 240
590 225
591 226
592 227
593 212
594 220
595 215
596 229
597 233
598 265
599 271
600 265
601 250
602 233
603 239
604 235
605 262
606 236
607 241
608 263
609 277
610 282
611 250
612 247
613 249
614 268
615 275
616 269
617 275
618 289
619 283
620 281
621 292
622 288
623 268
624 248
625 238
626 262
627 218
628 212
629 256
630 252
631 224
632 204
633 204
634 188
635 170
636 157
637 145
638 148
639 146
640 145
641 163
642 154
643 160
644 140
645 158
646 134
647 152
648 171
649 160
650 147
651 147
652 129
653 129
654 113
655 130
656 134
657 118
658 111
659 115
660 97
661 98
662 99
663 109
664 103
665 109
666 92
667 91
668 90
669 84
670 73
671 74
672 79
673 83
674 87
675 90
676 84
677 97
678 90
679 86
680 80
681 76
682 90
683 64
684 49
685 52
686 62
687 64
688 70
689 72
690 85
691 76
692 77
693 78
694 59
695 59
696 65
697 60
698 72
699 75
700 77
701 78
702 72
703 89
704 95
705 105
706 95
707 88
708 101
709 107
710 112
711 108
712 114
713 128
714 135
715 143
716 142
717 152
718 164
719 174
720 165
721 168
722 165
723 166
724 148
725 147
726 142
727 172
728 157
729 136
730 129
731 108
732 107
733 98
734 92
735 97
736 90
737 93
738 89
739 98
740 95
741 96
742 82
743 62
744 72
745 79
746 87
747 78
748 70
749 71
750 90
751 95
752 104
753 102
754 116
755 135
756 125
757 144
758 164
759 178
760 175
761 180
762 175
763 171
764 173
765 188
766 197
767 188
768 206
769 203
770 186
771 196
772 193
773 209
774 207
775 200
776 232
777 234
778 216
779 223
780 180
781 156
782 147
783 154
784 147
785 142
786 174
787 181
788 169
789 160
790 136
791 144
792 169
793 172
794 169
795 153
796 166
797 155
798 163
799 183
800 197
801 182
802 205
803 202
804 208
805 209
806 223
807 198
808 191
809 168
810 172
811 174
812 171
813 185
814 173
815 165
816 153
817 177
818 181
819 212
820 166
821 166
822 154
823 147
824 132
825 132
826 127
827 118
828 121
829 130
830 120
831 137
832 118
833 111
834 106
835 100
836 101
837 90
838 107
839 85
840 78
841 86
842 81
843 76
844 75
845 75
846 74
847 79
848 77
849 63
850 53
851 52
852 38
853 36
854 34
855 35
856 32
857 33
858 36
859 50
860 59
861 57
862 64
863 53
864 61
865 66
866 52
867 51
868 62
869 69
870 70
871 73
872 77
873 83
874 64
875 72
876 76
877 75
878 71
879 85
880 103
881 81
882 88
883 92
884 75
885 77
886 74
887 71
888 71
889 72
890 85
891 71
892 80
893 77
894 72
895 84
896 96
897 87
898 70
899 74
900 81
901 70
902 86
903 92
904 81
905 92
906 78
907 66
908 56
909 52
910 53
911 45
912 49
913 38
914 28
915 31
916 31
917 38
918 44
919 36
920 35
921 30
922 33
923 36
924 40
925 41
926 36
927 38
928 41
929 44
930 41
931 36
932 32
933 23
934 25
935 23
936 26
937 39
938 46
939 45
940 32
941 31
942 26
943 28
944 23
945 21
946 18
947 22
948 28
949 30
950 28
951 18
952 19
953 19
954 19
955 28
956 36
957 30
958 39
959 31
960 24
961 17
962 15
963 13
964 12
965 10
966 12
967 16
968 20
969 22
970 17
971 12
972 8
973 9
974 5
975 4
976 5
977 7
978 9
979 12
980 10
981 10
982 13
983 8
984 7
985 4
986 8
987 5
988 5
989 7
990 9
991 11
992 15
993 10
994 8
995 7
996 7
997 9
998 7
999 7
1000 5
