1 1
2 2
3 3
4 5
5 7
6 9
7 7
8 9
9 8
10 7
11 10
12 8
13 5
14 5
15 2
16 3
17 7
18 5
19 3
20 8
21 12
22 8
23 6
24 4
25 2
26 0
27 0
28 1
29 2
30 1
31 1
32 2
33 1
34 2
35 1
36 0
37 0
38 0
39 0
40 0
41 1
42 3
43 6
44 6
45 15
46 10
47 7
48 7
49 9
50 8
51 9
52 6
53 4
54 5
55 2
56 4
57 8
58 10
59 5
60 9
61 10
62 7
63 4
64 0
65 1
66 2
67 1
68 0
69 0
70 0
71 0
72 0
73 0
74 0
75 0
76 0
77 1
78 3
79 3
80 8
81 12
82 15
83 19
84 17
85 9
86 10
87 9
88 9
89 8
90 11
91 10
92 8
93 7
94 9
95 14
96 21
97 29
98 27
99 28
100 30
101 37
102 37
103 33
104 39
105 32
106 36
107 42
108 43
109 45
110 58
111 45
112 33
113 39
114 39
115 31
116 37
117 39
118 35
119 34
120 25
121 25
122 29
123 29
124 37
125 34
126 36
127 49
128 44
129 62
130 63
131 56
132 57
133 43
134 36
135 36
136 25
137 21
138 29
139 30
140 24
141 24
142 31
143 41
144 36
145 23
146 25
147 20
148 16
149 8
150 5
151 3
152 2
153 3
154 1
155 1
156 0
157 0
158 0
159 1
160 0
161 1
162 2
163 3
164 7
165 11
166 14
167 16
168 18
169 23
170 19
171 15
172 16
173 18
174 17
175 13
176 22
177 16
178 15
179 17
180 12
181 4
182 1
183 1
184 1
185 1
186 1
187 1
188 0
189 1
190 0
191 1
192 1
193 1
194 2
195 1
196 5
197 4
198 5
199 4
200 3
201 1
202 0
203 0
204 0
205 1
206 3
207 1
208 2
209 1
210 2
211 2
212 0
213 1
214 2
215 2
216 3
217 4
218 4
219 5
220 5
221 2
222 0
223 0
224 1
225 0
226 0
227 0
228 0
229 1
230 1
231 3
232 2
233 3
234 2
235 2
236 2
237 1
238 1
239 0
240 0
241 1
242 2
243 0
244 0
245 0
246 0
247 0
248 0
249 0
250 0
251 1
252 3
253 4
254 2
255 3
256 4
257 4
258 4
259 3
260 1
261 1
262 1
263 0
264 0
265 1
266 0
267 0
268 0
269 0
270 0
271 0
272 0
273 0
274 0
275 0
276 1
277 1
278 3
279 2
280 2
281 1
282 1
283 1
284 2
285 2
286 0
287 0
288 0
289 0
290 1
291 0
292 0
293 0
294 1
295 1
296 2
297 3
298 2
299 6
300 0
301 0
302 1
303 1
304 1
305 2
306 2
307 2
308 2
309 4
310 6
311 10
312 7
313 8
314 11
315 8
316 12
317 16
318 15
319 12
320 10
321 10
322 12
323 16
324 19
325 19
326 13
327 13
328 13
329 12
330 12
331 11
332 13
333 9
334 12
335 6
336 5
337 4
338 2
339 3
340 4
341 5
342 1
343 1
344 1
345 1
346 1
347 0
348 0
349 0
350 2
351 3
352 3
353 7
354 10
355 12
356 15
357 15
358 13
359 13
360 18
361 26
362 24
363 30
364 28
365 26
366 22
367 24
368 22
369 22
370 22
371 22
372 25
373 23
374 27
375 24
376 20
377 24
378 31
379 20
380 15
381 21
382 22
383 18
384 19
385 18
386 8
387 7
388 10
389 9
390 8
391 6
392 3
393 2
394 2
395 3
396 4
397 5
398 9
399 10
400 16
401 15
402 15
403 11
404 11
405 9
406 7
407 11
408 18
409 21
410 16
411 13
412 10
413 7
414 8
415 10
416 10
417 10
418 12
419 17
420 15
421 16
422 16
423 14
424 17
425 8
426 7
427 10
428 4
429 4
430 2
431 2
432 3
433 3
434 4
435 3
436 1
437 0
438 0
439 0
440 0
441 0
442 0
443 0
444 0
445 0
446 0
447 0
448 0
449 1
450 1
451 2
452 4
453 6
454 8
455 9
456 2
457 3
458 2
459 2
460 0
461 1
462 1
463 0
464 0
465 0
466 0
467 0
468 0
469 0
470 0
471 0
472 0
473 0
474 0
475 0
476 1
477 1
478 0
479 0
480 0
481 0
482 0
483 1
484 0
485 0
486 0
487 0
488 0
489 0
490 2
491 1
492 2
493 4
494 2
495 3
496 3
497 4
498 5
499 2
500 1
501 2
502 1
503 1
504 2
505 3
506 6
507 9
508 15
509 15
510 10
511 9
512 4
513 4
514 1
515 0
516 0
517 0
518 0
519 0
520 0
521 0
522 1
523 0
524 0
525 0
526 0
527 0
528 0
529 0
530 0
531 0
532 0
533 0
534 0
535 0
536 0
537 0
538 0
539 0
540 0
541 0
542 0
543 1
544 0
545 0
546 0
547 0
548 0
549 0
550 0
551 0
552 0
553 0
554 1
555 1
556 1
557 0
558 0
559 1
560 2
561 1
562 0
563 1
564 1
565 2
566 2
567 3
568 2
569 1
570 1
571 1
572 2
573 1
574 1
575 3
576 2
577 3
578 2
579 3
580 5
581 2
582 2
583 2
584 2
585 3
586 3
587 1
588 0
589 1
590 1
591 0
592 0
593 0
594 0
595 0
596 0
597 0
598 0
599 0
600 0
601 0
602 0
603 0
604 0
605 1
606 0
607 0
608 0
609 0
610 0
611 0
612 0
613 0
614 0
615 1
616 1
617 2
618 1
619 0
620 0
621 2
622 3
623 1
624 0
625 0
626 0
627 0
628 1
629 1
630 0
631 0
632 1
633 1
634 2
635 4
636 3
637 1
638 1
639 1
640 0
641 0
642 0
643 0
644 0
645 0
646 2
647 4
648 0
649 0
650 0
651 0
652 0
653 0
654 0
655 3
656 5
657 5
658 4
659 7
660 8
661 8
662 12
663 8
664 8
665 13
666 9
667 10
668 6
669 7
670 8
671 9
672 9
673 8
674 4
675 1
676 1
677 1
678 0
679 2
680 3
681 1
682 0
683 1
684 0
685 0
686 0
687 1
688 0
689 0
690 0
691 1
692 1
693 2
694 3
695 2
696 0
697 0
698 0
699 0
700 0
701 0
702 0
703 0
704 0
705 0
706 0
707 1
708 0
709 0
710 0
711 1
712 0
713 0
714 0
715 0
716 0
717 0
718 2
719 0
720 1
721 0
722 0
723 0
724 0
725 1
726 2
727 1
728 2
729 1
730 0
731 0
732 1
733 2
734 3
735 3
736 5
737 13
738 10
739 7
740 6
741 5
742 4
743 8
744 12
745 9
746 9
747 5
748 6
749 5
750 6
751 5
752 4
753 5
754 5
755 3
756 5
757 6
758 6
759 8
760 12
761 6
762 9
763 8
764 5
765 3
766 3
767 3
768 0
769 0
770 0
771 0
772 0
773 1
774 0
775 1
776 5
777 5
778 8
779 8
780 6
781 5
782 4
783 9
784 14
785 10
786 7
787 8
788 6
789 9
790 6
791 5
792 4
793 3
794 1
795 2
796 0
797 0
798 0
799 0
800 0
801 0
802 1
803 1
804 1
805 3
806 2
807 4
808 9
809 10
810 9
811 8
812 6
813 10
814 6
815 7
816 2
817 2
818 1
819 0
820 1
821 1
822 2
823 3
824 0
825 0
826 0
827 0
828 0
829 0
830 0
831 0
832 0
833 1
834 0
835 0
836 0
837 0
838 0
839 0
840 1
841 0
842 1
843 3
844 7
845 8
846 12
847 13
848 14
849 24
850 30
851 34
852 42
853 48
854 49
855 45
856 52
857 47
858 49
859 38
860 35
861 41
862 46
863 35
864 31
865 23
866 24
867 29
868 26
869 32
870 33
871 30
872 21
873 18
874 14
875 13
876 16
877 14
878 16
879 14
880 17
881 14
882 20
883 20
884 22
885 20
886 20
887 20
888 22
889 26
890 23
891 28
892 23
893 16
894 13
895 15
896 19
897 29
898 26
899 25
900 23
901 24
902 27
903 29
904 34
905 32
906 35
907 47
908 61
909 60
910 46
911 41
912 41
913 43
914 43
915 42
916 48
917 48
918 37
919 33
920 27
921 32
922 37
923 36
924 48
925 48
926 47
927 57
928 51
929 64
930 54
931 48
932 46
933 51
934 51
935 63
936 62
937 67
938 67
939 87
940 96
941 103
942 113
943 103
944 116
945 131
946 117
947 115
948 109
949 91
950 85
951 76
952 84
953 83
954 84
955 78
956 81
957 77
958 62
959 74
960 58
961 69
962 65
963 59
964 48
965 49
966 45
967 34
968 26
969 35
970 32
971 31
972 26
973 30
974 33
975 29
976 36
977 31
978 33
979 26
980 29
981 25
982 26
983 34
984 35
985 27
986 26
987 31
988 24
989 21
990 18
991 28
992 26
993 26
994 22
995 25
996 32
997 23
998 23
999 24
1000 19
