1 1
2 5
3 4
4 6
5 8
6 3
7 4
8 7
9 11
10 14
11 15
12 18
13 15
14 15
15 21
16 18
17 20
18 18
19 24
20 23
21 22
22 35
23 38
24 30
25 41
26 44
27 44
28 53
29 48
30 62
31 73
32 84
33 82
34 80
35 88
36 87
37 104
38 122
39 127
40 126
41 104
42 101
43 88
44 98
45 92
46 92
47 93
48 87
49 100
50 78
51 84
52 98
53 111
54 119
55 120
56 124
57 120
58 112
59 100
60 83
61 89
62 94
63 100
64 100
65 102
66 102
67 108
68 117
69 116
70 127
71 126
72 133
73 134
74 124
75 142
76 136
77 131
78 164
79 166
80 179
81 192
82 178
83 174
84 173
85 164
86 147
87 141
88 120
89 120
90 114
91 124
92 121
93 117
94 121
95 112
96 114
97 104
98 94
99 95
100 123
101 161
102 157
103 169
104 148
105 147
106 150
107 158
108 164
109 170
110 165
111 165
112 156
113 147
114 146
115 117
116 124
117 120
118 128
119 123
120 105
121 104
122 98
123 105
124 111
125 104
126 91
127 105
128 107
129 94
130 96
131 103
132 129
133 128
134 139
135 154
136 154
137 164
138 178
139 168
140 167
141 198
142 186
143 201
144 208
145 223
146 220
147 247
148 259
149 279
150 238
151 252
152 266
153 289
154 272
155 292
156 282
157 292
158 275
159 274
160 259
161 282
162 281
163 278
164 297
165 329
166 345
167 346
168 340
169 329
170 337
171 333
172 316
173 341
174 350
175 374
176 362
177 352
178 341
179 379
180 354
181 371
182 376
183 381
184 394
185 378
186 381
187 368
188 374
189 391
190 369
191 348
192 340
193 392
194 400
195 400
196 429
197 421
198 422
199 426
200 435
201 431
202 424
203 419
204 393
205 385
206 392
207 415
208 400
209 428
210 397
211 374
212 353
213 365
214 362
215 346
216 348
217 341
218 354
219 358
220 381
221 382
222 386
223 385
224 378
225 396
226 414
227 369
228 380
229 385
230 408
231 435
232 434
233 425
234 399
235 415
236 395
237 368
238 372
239 380
240 357
241 345
242 346
243 338
244 329
245 312
246 319
247 332
248 309
249 324
250 322
251 331
252 341
253 324
254 327
255 318
256 299
257 303
258 301
259 302
260 306
261 298
262 313
263 302
264 289
265 319
266 299
267 321
268 354
269 342
270 372
271 406
272 417
273 460
274 478
275 478
276 455
277 431
278 442
279 455
280 432
281 426
282 426
283 439
284 449
285 440
286 447
287 422
288 446
289 457
290 459
291 455
292 422
293 392
294 399
295 423
296 451
297 440
298 464
299 444
300 447
301 414
302 447
303 476
304 450
305 440
306 435
307 438
308 472
309 487
310 468
311 458
312 461
313 408
314 413
315 410
316 393
317 379
318 396
319 406
320 423
321 406
322 421
323 441
324 480
325 474
326 473
327 429
328 457
329 454
330 453
331 453
332 441
333 423
334 415
335 411
336 443
337 431
338 463
339 477
340 494
341 468
342 481
343 486
344 524
345 531
346 589
347 594
348 549
349 542
350 524
351 527
352 534
353 550
354 521
355 511
356 503
357 529
358 579
359 589
360 600
361 575
362 596
363 607
364 582
365 547
366 550
367 541
368 550
369 558
370 588
371 582
372 551
373 550
374 574
375 612
376 622
377 574
378 596
379 610
380 623
381 656
382 639
383 653
384 627
385 660
386 649
387 649
388 689
389 686
390 714
391 731
392 731
393 775
394 775
395 797
396 811
397 822
398 778
399 770
400 733
401 777
402 782
403 765
404 795
405 780
406 789
407 806
408 784
409 782
410 780
411 805
412 779
413 864
414 843
415 892
416 910
417 879
418 894
419 822
420 811
421 768
422 714
423 715
424 716
425 743
426 791
427 826
428 877
429 882
430 913
431 888
432 878
433 878
434 898
435 903
436 876
437 885
438 859
439 870
440 899
441 869
442 855
443 875
444 843
445 796
446 810
447 825
448 829
449 790
450 730
451 741
452 747
453 758
454 788
455 776
456 741
457 776
458 760
459 781
460 809
461 827
462 795
463 813
464 790
465 808
466 789
467 771
468 741
469 734
470 743
471 733
472 764
473 755
474 779
475 807
476 795
477 817
478 772
479 757
480 761
481 723
482 736
483 764
484 794
485 804
486 747
487 732
488 768
489 769
490 827
491 832
492 850
493 860
494 862
495 850
496 847
497 864
498 882
499 869
500 849
501 875
502 868
503 839
504 824
505 823
506 842
507 867
508 877
509 894
510 919
511 931
512 928
513 922
514 944
515 937
516 965
517 952
518 886
519 895
520 881
521 900
522 863
523 827
524 818
525 804
526 800
527 809
528 843
529 891
530 902
531 919
532 962
533 965
534 967
535 933
536 951
537 961
538 987
539 964
540 968
541 937
542 965
543 931
544 950
545 977
546 1003
547 952
548 969
549 984
550 925
551 954
552 973
553 968
554 1010
555 982
556 1017
557 1046
558 1023
559 1023
560 1045
561 1066
562 1087
563 1123
564 1100
565 1095
566 1060
567 1098
568 1135
569 1162
570 1126
571 1202
572 1191
573 1162
574 1173
575 1186
576 1219
577 1222
578 1261
579 1277
580 1317
581 1276
582 1251
583 1259
584 1262
585 1275
586 1251
587 1229
588 1226
589 1229
590 1198
591 1185
592 1182
593 1224
594 1222
595 1232
596 1201
597 1250
598 1182
599 1158
600 1134
601 1060
602 1070
603 1106
604 1084
605 1077
606 1104
607 1086
608 1070
609 1029
610 1051
611 1031
612 1018
613 1030
614 1029
615 1027
616 1027
617 1024
618 1006
619 981
620 977
621 963
622 955
623 903
624 941
625 969
626 1025
627 1050
628 1046
629 1019
630 1072
631 1090
632 1088
633 1097
634 1085
635 1078
636 1100
637 1089
638 1117
639 1073
640 1072
641 997
642 1045
643 1031
644 1003
645 1029
646 946
647 945
648 930
649 905
650 931
651 952
652 936
653 933
654 881
655 852
656 832
657 837
658 837
659 842
660 848
661 805
662 858
663 891
664 851
665 890
666 825
667 852
668 836
669 826
670 794
671 776
672 780
673 785
674 784
675 820
676 772
677 796
678 767
679 736
680 731
681 721
682 751
683 767
684 812
685 822
686 866
687 806
688 786
689 799
690 853
691 882
692 869
693 862
694 947
695 960
696 947
697 922
698 875
699 873
700 888
701 899
702 898
703 925
704 904
705 936
706 982
707 967
708 933
709 920
710 906
711 890
712 845
713 905
714 905
715 881
716 859
717 869
718 910
719 941
720 1005
721 1025
722 1005
723 1065
724 1062
725 1148
726 1225
727 1207
728 1195
729 1274
730 1300
731 1349
732 1391
733 1372
734 1324
735 1315
736 1309
737 1291
738 1351
739 1360
740 1330
741 1335
742 1315
743 1346
744 1374
745 1352
746 1363
747 1347
748 1369
749 1401
750 1370
751 1441
752 1500
753 1525
754 1484
755 1406
756 1360
757 1388
758 1396
759 1331
760 1350
761 1382
762 1317
763 1277
764 1303
765 1353
766 1405
767 1363
768 1332
769 1342
770 1361
771 1288
772 1274
773 1276
774 1274
775 1255
776 1286
777 1312
778 1317
779 1373
780 1381
781 1398
782 1422
783 1394
784 1347
785 1334
786 1316
787 1308
788 1290
789 1314
790 1276
791 1272
792 1264
793 1253
794 1195
795 1192
796 1158
797 1191
798 1157
799 1177
800 1165
801 1164
802 1122
803 1105
804 1097
805 1095
806 1094
807 1117
808 1126
809 1157
810 1103
811 1053
812 989
813 1013
814 1018
815 1000
816 1033
817 1099
818 1099
819 1067
820 1090
821 1115
822 1067
823 1032
824 1008
825 1044
826 1032
827 985
828 938
829 906
830 898
831 859
832 849
833 888
834 900
835 877
836 929
837 946
838 1015
839 1019
840 1050
841 1045
842 1081
843 1020
844 1057
845 1043
846 1028
847 1060
848 1087
849 1097
850 1131
851 1155
852 1196
853 1244
854 1244
855 1268
856 1318
857 1325
858 1319
859 1301
860 1281
861 1244
862 1284
863 1327
864 1299
865 1300
866 1319
867 1365
868 1368
869 1355
870 1359
871 1396
872 1385
873 1388
874 1409
875 1432
876 1428
877 1440
878 1398
879 1439
880 1415
881 1386
882 1460
883 1465
884 1464
885 1441
886 1478
887 1452
888 1392
889 1333
890 1362
891 1379
892 1420
893 1478
894 1542
895 1557
896 1560
897 1628
898 1628
899 1615
900 1556
901 1479
902 1516
903 1554
904 1507
905 1505
906 1469
907 1445
908 1410
909 1456
910 1422
911 1393
912 1397
913 1421
914 1367
915 1325
916 1346
917 1377
918 1339
919 1388
920 1436
921 1482
922 1454
923 1429
924 1433
925 1404
926 1431
927 1395
928 1380
929 1389
930 1383
931 1374
932 1338
933 1324
934 1333
935 1358
936 1340
937 1356
938 1328
939 1289
940 1332
941 1374
942 1285
943 1283
944 1331
945 1445
946 1423
947 1439
948 1419
949 1389
950 1371
951 1383
952 1349
953 1393
954 1393
955 1390
956 1377
957 1382
958 1388
959 1331
960 1339
961 1288
962 1327
963 1315
964 1313
965 1242
966 1242
967 1267
968 1239
969 1237
970 1284
971 1278
972 1320
973 1353
974 1332
975 1323
976 1344
977 1323
978 1260
979 1300
980 1255
981 1250
982 1299
983 1325
984 1329
985 1303
986 1302
987 1273
988 1249
989 1262
990 1302
991 1235
992 1204
993 1177
994 1237
995 1217
996 1180
997 1189
998 1133
999 1077
1000 1032
