1 15
2 24
3 44
4 74
5 95
6 113
7 133
8 165
9 195
10 224
11 222
12 237
13 271
14 304
15 310
16 352
17 384
18 426
19 470
20 501
21 502
22 545
23 625
24 660
25 660
26 676
27 695
28 697
29 702
30 713
31 755
32 756
33 757
34 795
35 848
36 848
37 830
38 812
39 848
40 872
41 896
42 941
43 928
44 979
45 1036
46 1071
47 1153
48 1099
49 1130
50 1153
51 1218
52 1286
53 1264
54 1290
55 1246
56 1200
57 1240
58 1260
59 1328
60 1369
61 1309
62 1339
63 1376
64 1420
65 1449
66 1435
67 1399
68 1440
69 1483
70 1508
71 1528
72 1580
73 1601
74 1583
75 1630
76 1693
77 1717
78 1705
79 1769
80 1767
81 1743
82 1847
83 1838
84 1900
85 1848
86 1898
87 1892
88 1863
89 1861
90 1783
91 1894
92 1905
93 1971
94 1998
95 2076
96 2023
97 2034
98 2055
99 2068
100 2063
101 2055
102 2083
103 2022
104 2011
105 2055
106 2124
107 2123
108 2094
109 2128
110 2113
111 2091
112 2171
113 2167
114 2167
115 2185
116 2196
117 2236
118 2223
119 2250
120 2217
121 2250
122 2246
123 2224
124 2248
125 2245
126 2320
127 2324
128 2394
129 2403
130 2430
131 2454
132 2516
133 2488
134 2505
135 2573
136 2538
137 2564
138 2601
139 2602
140 2641
141 2620
142 2769
143 2685
144 2756
145 2835
146 2864
147 2857
148 2894
149 2888
150 2942
151 2901
152 2938
153 2995
154 2966
155 3007
156 3073
157 3079
158 3071
159 3040
160 3039
161 3100
162 3121
163 3044
164 3042
165 3014
166 3064
167 3140
168 3216
169 3146
170 3249
171 3237
172 3254
173 3302
174 3330
175 3320
176 3340
177 3412
178 3301
179 3312
180 3364
181 3365
182 3341
183 3452
184 3440
185 3484
186 3468
187 3460
188 3513
189 3456
190 3474
191 3550
192 3572
193 3507
194 3616
195 3733
196 3705
197 3687
198 3777
199 3751
200 3697
201 3735
202 3859
203 3806
204 3739
205 3787
206 3774
207 3812
208 3871
209 3760
210 3787
211 3954
212 4168
213 4195
214 4156
215 4233
216 4221
217 4316
218 4340
219 4353
220 4299
221 4284
222 4299
223 4320
224 4335
225 4355
226 4344
227 4364
228 4456
229 4599
230 4708
231 4792
232 4786
233 4842
234 4821
235 4827
236 4852
237 4896
238 5010
239 5002
240 5001
241 5027
242 5109
243 5259
244 5197
245 5226
246 5183
247 5106
248 5079
249 5092
250 5273
251 5339
252 5311
253 5233
254 5257
255 5233
256 5301
257 5427
258 5355
259 5455
260 5490
261 5611
262 5610
263 5672
264 5853
265 5928
266 5932
267 5871
268 5894
269 5826
270 5825
271 5870
272 5943
273 5858
274 5852
275 6076
276 6234
277 6134
278 6102
279 6148
280 6171
281 6190
282 6267
283 6369
284 6294
285 6456
286 6352
287 6361
288 6373
289 6356
290 6251
291 6347
292 6419
293 6449
294 6502
295 6677
296 6652
297 6705
298 6683
299 6681
300 6640
301 6613
302 6691
303 6759
304 6832
305 6925
306 6900
307 6955
308 6993
309 7044
310 6985
311 7130
312 7258
313 7425
314 7354
315 7368
316 7391
317 7388
318 7377
319 7444
320 7527
321 7521
322 7344
323 7399
324 7237
325 7322
326 7327
327 7300
328 7156
329 7139
330 7290
331 7400
332 7432
333 7480
334 7458
335 7574
336 7522
337 7569
338 7429
339 7357
340 7355
341 7276
342 7095
343 7011
344 7007
345 7041
346 7208
347 7244
348 7214
349 7208
350 7231
351 7309
352 7279
353 7351
354 7354
355 7547
356 7521
357 7389
358 7215
359 7165
360 7089
361 7203
362 7135
363 7013
364 6947
365 6912
366 6779
367 6909
368 6982
369 6945
370 6854
371 6826
372 6803
373 6845
374 6823
375 6820
376 6862
377 6832
378 6801
379 6752
380 6721
381 6693
382 6595
383 6659
384 6574
385 6593
386 6573
387 6717
388 6741
389 6867
390 6945
391 6938
392 6972
393 7028
394 7027
395 7103
396 7251
397 7331
398 7340
399 7290
400 7437
401 7466
402 7456
403 7371
404 7366
405 7427
406 7387
407 7402
408 7413
409 7524
410 7511
411 7488
412 7647
413 7696
414 7723
415 7751
416 7811
417 7892
418 7806
419 7806
420 7869
421 7852
422 7792
423 7794
424 7848
425 7705
426 7755
427 7686
428 7615
429 7512
430 7511
431 7551
432 7480
433 7523
434 7492
435 7410
436 7514
437 7577
438 7548
439 7569
440 7483
441 7575
442 7685
443 7785
444 7754
445 7749
446 7716
447 7666
448 7652
449 7516
450 7586
451 7507
452 7629
453 7534
454 7561
455 7741
456 7833
457 7804
458 7654
459 7623
460 7658
461 7695
462 7812
463 7708
464 7623
465 7516
466 7354
467 7221
468 7245
469 7348
470 7296
471 7263
472 7157
473 7054
474 7057
475 7149
476 7145
477 7008
478 7087
479 7031
480 7205
481 7244
482 7233
483 7120
484 7164
485 7306
486 7325
487 7389
488 7429
489 7476
490 7480
491 7539
492 7350
493 7250
494 7319
495 7383
496 7320
497 7321
498 7401
499 7439
500 7413
501 7386
502 7438
503 7499
504 7474
505 7338
506 7193
507 7249
508 7206
509 7122
510 7079
511 7137
512 7114
513 7151
514 7261
515 7205
516 7192
517 7153
518 7062
519 7026
520 7048
521 7144
522 7144
523 7184
524 7165
525 7194
526 7208
527 7186
528 7172
529 7215
530 7192
531 7214
532 7229
533 7282
534 7315
535 7396
536 7469
537 7505
538 7636
539 7557
540 7477
541 7523
542 7556
543 7645
544 7578
545 7801
546 7725
547 7749
548 7704
549 7744
550 7689
551 7706
552 7795
553 7947
554 8181
555 8254
556 8319
557 8282
558 8257
559 8054
560 7989
561 7951
562 7908
563 7802
564 7783
565 7921
566 7986
567 8036
568 8126
569 8304
570 8389
571 8380
572 8419
573 8498
574 8548
575 8884
576 8894
577 8904
578 8948
579 8935
580 8948
581 8945
582 9137
583 9111
584 9094
585 9181
586 9213
587 9110
588 9172
589 9266
590 9364
591 9333
592 9102
593 9121
594 9208
595 9129
596 8939
597 9063
598 9086
599 9076
600 9166
601 9447
602 9324
603 9377
604 9448
605 9353
606 9399
607 9390
608 9445
609 9285
610 9331
611 9190
612 9099
613 9230
614 9012
615 9100
616 9216
617 9250
618 9265
619 9025
620 9108
621 9146
622 9166
623 9244
624 9241
625 9192
626 9219
627 9230
628 9305
629 9397
630 9434
631 9575
632 9506
633 9577
634 9598
635 9594
636 9553
637 9557
638 9655
639 9779
640 9861
641 9873
642 9848
643 9780
644 9985
645 9946
646 10037
647 9936
648 9918
649 9976
650 10021
651 10099
652 10174
653 10186
654 10227
655 10234
656 10129
657 10302
658 10445
659 10476
660 10515
661 10426
662 10452
663 10482
664 10380
665 10476
666 10737
667 10826
668 10991
669 11040
670 11166
671 11089
672 11093
673 11154
674 11042
675 11195
676 11330
677 11510
678 11323
679 11521
680 11499
681 11599
682 11715
683 11678
684 11986
685 11977
686 12109
687 12283
688 12282
689 12226
690 12380
691 12411
692 12518
693 12719
694 12749
695 12777
696 12948
697 13003
698 12970
699 12850
700 12892
701 12837
702 12780
703 12906
704 13079
705 13252
706 13407
707 13308
708 13440
709 13575
710 13434
711 13411
712 13391
713 13410
714 13365
715 13348
716 13482
717 13476
718 13469
719 13371
720 13414
721 13369
722 13517
723 13525
724 13642
725 13566
726 13671
727 13812
728 13706
729 13712
730 13591
731 13655
732 13727
733 13869
734 13879
735 13725
736 13491
737 13600
738 13886
739 13850
740 13905
741 14017
742 14142
743 14307
744 14358
745 14319
746 14356
747 14549
748 14609
749 14440
750 14462
751 14622
752 14896
753 14935
754 15139
755 15278
756 15329
757 15231
758 15298
759 15588
760 15457
761 15538
762 15628
763 15939
764 15915
765 15924
766 15887
767 16097
768 16069
769 16014
770 15907
771 16014
772 16017
773 15933
774 16026
775 16089
776 16179
777 16128
778 16289
779 16138
780 16231
781 16381
782 16311
783 16389
784 16486
785 16506
786 16328
787 16262
788 16276
789 16357
790 16306
791 16317
792 16283
793 16195
794 15983
795 16071
796 15917
797 15902
798 15937
799 15874
800 15863
801 15736
802 15669
803 15727
804 15713
805 15708
806 15833
807 15965
808 16358
809 16435
810 16357
811 16246
812 16171
813 16365
814 16585
815 16567
816 16645
817 16753
818 16878
819 16882
820 17090
821 16946
822 17018
823 17121
824 17225
825 17325
826 17376
827 17274
828 17251
829 17255
830 17295
831 17364
832 17206
833 17209
834 17261
835 17216
836 17206
837 17265
838 17375
839 17280
840 16964
841 17058
842 17145
843 17020
844 16850
845 16894
846 16837
847 17017
848 16995
849 16725
850 16731
851 16806
852 16704
853 16657
854 16774
855 16695
856 16621
857 16685
858 16814
859 16670
860 16673
861 16509
862 16439
863 16541
864 16299
865 16295
866 16049
867 16091
868 16035
869 16107
870 16241
871 16303
872 16517
873 16402
874 16468
875 16489
876 16440
877 16531
878 16651
879 16795
880 16853
881 16862
882 17028
883 16845
884 16981
885 16981
886 17016
887 17069
888 16935
889 16773
890 16913
891 16806
892 16979
893 16852
894 16899
895 17037
896 16916
897 16956
898 16998
899 17007
900 17085
901 17234
902 17144
903 17208
904 17135
905 17269
906 17316
907 17336
908 17364
909 17424
910 17265
911 17261
912 17209
913 17168
914 17149
915 17240
916 17423
917 17561
918 17544
919 17481
920 17573
921 18205
922 18317
923 18313
924 18319
925 18197
926 18020
927 18070
928 18147
929 18298
930 18252
931 18104
932 18330
933 18270
934 18313
935 18345
936 18402
937 18357
938 18341
939 18432
940 18428
941 18617
942 18542
943 18715
944 18905
945 18701
946 18656
947 18562
948 18461
949 18245
950 18167
951 18211
952 18428
953 18379
954 18588
955 18497
956 18489
957 18616
958 18789
959 18933
960 19163
961 19033
962 19263
963 19444
964 19574
965 19676
966 19454
967 19560
968 19596
969 19654
970 19744
971 19673
972 19571
973 19864
974 20053
975 19917
976 19926
977 19770
978 19689
979 19256
980 19287
981 19231
982 19252
983 19236
984 19155
985 19175
986 19148
987 19093
988 18769
989 18985
990 18835
991 18824
992 19123
993 19370
994 19396
995 19548
996 19502
997 19516
998 19513
999 19392
1000 19422
