1 1
2 1
3 1
4 2
5 4
6 8
7 11
8 18
9 20
10 13
11 9
12 10
13 16
14 21
15 18
16 26
17 22
18 18
19 21
20 24
21 24
22 18
23 17
24 20
25 24
26 24
27 23
28 36
29 33
30 38
31 28
32 24
33 32
34 40
35 44
36 41
37 49
38 53
39 71
40 79
41 80
42 69
43 61
44 78
45 78
46 74
47 66
48 69
49 64
50 55
51 61
52 71
53 79
54 92
55 94
56 91
57 100
58 100
59 109
60 117
61 110
62 121
63 121
64 140
65 146
66 141
67 153
68 137
69 151
70 151
71 162
72 161
73 164
74 164
75 154
76 163
77 173
78 175
79 170
80 163
81 172
82 185
83 176
84 185
85 186
86 199
87 200
88 206
89 211
90 241
91 254
92 259
93 260
94 243
95 255
96 264
97 281
98 273
99 253
100 256
101 248
102 276
103 264
104 267
105 258
106 249
107 254
108 265
109 278
110 294
111 319
112 292
113 318
114 291
115 274
116 304
117 324
118 311
119 329
120 327
121 345
122 369
123 388
124 408
125 407
126 397
127 402
128 429
129 423
130 435
131 451
132 476
133 482
134 511
135 530
136 555
137 563
138 543
139 541
140 546
141 554
142 556
143 562
144 579
145 576
146 585
147 593
148 593
149 591
150 590
151 575
152 606
153 639
154 674
155 668
156 671
157 689
158 662
159 712
160 734
161 794
162 823
163 781
164 719
165 727
166 744
167 771
168 833
169 835
170 795
171 810
172 850
173 813
174 827
175 801
176 780
177 803
178 818
179 807
180 789
181 829
182 819
183 831
184 866
185 887
186 885
187 940
188 980
189 970
190 947
191 995
192 1013
193 1081
194 1066
195 1044
196 1042
197 1067
198 1045
199 1033
200 1037
201 1086
202 1085
203 1102
204 1103
205 1046
206 1014
207 996
208 964
209 994
210 996
211 1020
212 1027
213 1078
214 1032
215 976
216 971
217 967
218 948
219 932
220 1010
221 1002
222 1036
223 1088
224 1081
225 1123
226 1121
227 1111
228 1173
229 1227
230 1222
231 1208
232 1179
233 1183
234 1213
235 1183
236 1204
237 1202
238 1199
239 1162
240 1168
241 1147
242 1160
243 1168
244 1148
245 1191
246 1201
247 1181
248 1137
249 1131
250 1116
251 1136
252 1145
253 1110
254 1070
255 1059
256 1032
257 1050
258 1061
259 1101
260 1071
261 1074
262 1058
263 1085
264 1069
265 1086
266 1054
267 1036
268 1082
269 1115
270 1134
271 1120
272 1051
273 1076
274 1087
275 1096
276 1121
277 1138
278 1145
279 1119
280 1143
281 1186
282 1189
283 1167
284 1139
285 1137
286 1178
287 1172
288 1199
289 1202
290 1182
291 1170
292 1135
293 1128
294 1170
295 1212
296 1205
297 1225
298 1248
299 1246
300 1195
301 1202
302 1232
303 1193
304 1225
305 1236
306 1222
307 1237
308 1274
309 1204
310 1238
311 1244
312 1272
313 1335
314 1330
315 1397
316 1370
317 1351
318 1354
319 1422
320 1433
321 1341
322 1352
323 1382
324 1398
325 1395
326 1412
327 1439
328 1545
329 1544
330 1597
331 1510
332 1556
333 1588
334 1504
335 1493
336 1439
337 1424
338 1390
339 1429
340 1432
341 1425
342 1485
343 1453
344 1465
345 1538
346 1562
347 1594
348 1564
349 1501
350 1534
351 1487
352 1554
353 1522
354 1489
355 1539
356 1531
357 1557
358 1515
359 1534
360 1504
361 1482
362 1474
363 1504
364 1569
365 1638
366 1678
367 1667
368 1628
369 1603
370 1596
371 1570
372 1528
373 1547
374 1507
375 1479
376 1459
377 1422
378 1422
379 1514
380 1465
381 1527
382 1495
383 1483
384 1481
385 1480
386 1415
387 1454
388 1491
389 1441
390 1373
391 1378
392 1381
393 1416
394 1495
395 1539
396 1489
397 1480
398 1451
399 1441
400 1439
401 1458
402 1525
403 1503
404 1521
405 1501
406 1441
407 1449
408 1474
409 1431
410 1434
411 1362
412 1398
413 1425
414 1458
415 1442
416 1431
417 1466
418 1480
419 1489
420 1472
421 1524
422 1473
423 1446
424 1438
425 1387
426 1392
427 1428
428 1392
429 1433
430 1424
431 1431
432 1445
433 1451
434 1406
435 1437
436 1409
437 1391
438 1386
439 1434
440 1518
441 1534
442 1593
443 1543
444 1533
445 1581
446 1574
447 1623
448 1613
449 1595
450 1600
451 1610
452 1679
453 1706
454 1656
455 1644
456 1656
457 1631
458 1619
459 1609
460 1582
461 1592
462 1625
463 1560
464 1572
465 1539
466 1573
467 1593
468 1659
469 1668
470 1683
471 1701
472 1654
473 1609
474 1676
475 1560
476 1504
477 1560
478 1544
479 1565
480 1568
481 1575
482 1606
483 1580
484 1571
485 1587
486 1535
487 1486
488 1459
489 1471
490 1485
491 1503
492 1553
493 1544
494 1593
495 1597
496 1578
497 1615
498 1616
499 1573
500 1579
501 1532
502 1520
503 1543
504 1530
505 1505
506 1402
507 1418
508 1390
509 1371
510 1338
511 1329
512 1297
513 1238
514 1182
515 1175
516 1198
517 1131
518 1149
519 1164
520 1187
521 1214
522 1233
523 1252
524 1235
525 1230
526 1194
527 1180
528 1174
529 1180
530 1187
531 1169
532 1150
533 1140
534 1140
535 1095
536 1088
537 1091
538 1077
539 1111
540 1139
541 1041
542 1023
543 999
544 1011
545 1065
546 1088
547 1084
548 1088
549 1081
550 1128
551 1120
552 1076
553 1047
554 1022
555 1062
556 1068
557 1021
558 1066
559 1155
560 1150
561 1144
562 1101
563 1121
564 1115
565 1152
566 1169
567 1175
568 1207
569 1251
570 1232
571 1241
572 1240
573 1249
574 1232
575 1303
576 1319
577 1322
578 1338
579 1350
580 1316
581 1342
582 1316
583 1342
584 1318
585 1291
586 1287
587 1314
588 1354
589 1389
590 1437
591 1404
592 1397
593 1329
594 1404
595 1414
596 1338
597 1297
598 1337
599 1338
600 1397
601 1381
602 1412
603 1438
604 1395
605 1433
606 1413
607 1459
608 1476
609 1468
610 1497
611 1445
612 1415
613 1376
614 1354
615 1376
616 1390
617 1323
618 1336
619 1310
620 1363
621 1277
622 1230
623 1214
624 1263
625 1295
626 1277
627 1355
628 1418
629 1409
630 1426
631 1490
632 1455
633 1453
634 1432
635 1425
636 1481
637 1448
638 1441
639 1551
640 1486
641 1478
642 1449
643 1430
644 1435
645 1439
646 1500
647 1492
648 1496
649 1482
650 1456
651 1489
652 1518
653 1505
654 1542
655 1549
656 1569
657 1540
658 1556
659 1610
660 1649
661 1713
662 1806
663 1765
664 1715
665 1687
666 1731
667 1754
668 1675
669 1664
670 1601
671 1620
672 1582
673 1572
674 1515
675 1531
676 1612
677 1629
678 1647
679 1699
680 1701
681 1725
682 1713
683 1748
684 1693
685 1749
686 1804
687 1783
688 1789
689 1834
690 1842
691 1866
692 1836
693 1783
694 1784
695 1807
696 1838
697 1881
698 1826
699 1751
700 1683
701 1635
702 1656
703 1624
704 1618
705 1658
706 1592
707 1555
708 1548
709 1598
710 1538
711 1489
712 1547
713 1522
714 1540
715 1584
716 1584
717 1541
718 1484
719 1431
720 1395
721 1390
722 1414
723 1421
724 1406
725 1367
726 1399
727 1394
728 1335
729 1335
730 1343
731 1340
732 1287
733 1236
734 1207
735 1219
736 1243
737 1273
738 1309
739 1391
740 1330
741 1381
742 1326
743 1311
744 1316
745 1326
746 1346
747 1288
748 1333
749 1335
750 1310
751 1328
752 1304
753 1292
754 1308
755 1240
756 1195
757 1234
758 1262
759 1254
760 1202
761 1121
762 1109
763 1109
764 1085
765 1086
766 1068
767 1021
768 1040
769 1022
770 1060
771 1034
772 999
773 975
774 990
775 1000
776 996
777 944
778 941
779 887
780 866
781 841
782 793
783 802
784 855
785 893
786 922
787 938
788 905
789 895
790 877
791 864
792 885
793 891
794 881
795 877
796 875
797 904
798 961
799 989
800 983
801 995
802 1042
803 1041
804 1031
805 1018
806 974
807 925
808 917
809 981
810 1041
811 1030
812 1040
813 1066
814 1055
815 1107
816 1164
817 1165
818 1166
819 1202
820 1238
821 1233
822 1226
823 1301
824 1292
825 1313
826 1327
827 1273
828 1294
829 1269
830 1274
831 1297
832 1267
833 1214
834 1198
835 1182
836 1135
837 1139
838 1151
839 1148
840 1122
841 1066
842 1020
843 973
844 994
845 970
846 958
847 959
848 1018
849 975
850 1019
851 1022
852 1015
853 1019
854 1088
855 1082
856 1117
857 1059
858 1083
859 1085
860 1096
861 1117
862 1177
863 1116
864 1143
865 1107
866 1089
867 1118
868 1079
869 1067
870 1040
871 1023
872 1071
873 1078
874 1022
875 1035
876 1028
877 1008
878 995
879 915
880 917
881 932
882 960
883 1006
884 996
885 977
886 975
887 1001
888 971
889 938
890 944
891 922
892 892
893 910
894 919
895 939
896 969
897 919
898 937
899 940
900 931
901 951
902 911
903 933
904 944
905 915
906 912
907 877
908 907
909 921
910 956
911 965
912 962
913 928
914 957
915 971
916 997
917 1006
918 1023
919 1007
920 1015
921 1035
922 1069
923 1076
924 1080
925 1087
926 1160
927 1167
928 1161
929 1218
930 1289
931 1332
932 1353
933 1382
934 1403
935 1375
936 1358
937 1295
938 1269
939 1304
940 1307
941 1322
942 1318
943 1332
944 1312
945 1301
946 1229
947 1189
948 1156
949 1161
950 1164
951 1176
952 1174
953 1196
954 1169
955 1128
956 1106
957 1048
958 1018
959 1063
960 1026
961 1002
962 1026
963 968
964 1005
965 988
966 1014
967 977
968 986
969 1056
970 1062
971 1042
972 1031
973 1085
974 1093
975 1090
976 1085
977 1060
978 1113
979 1099
980 1081
981 1063
982 1065
983 983
984 969
985 977
986 959
987 977
988 953
989 1014
990 1054
991 1014
992 1038
993 1080
994 1078
995 1057
996 1041
997 1080
998 1083
999 1110
1000 1097
