1 0
2 4
3 4
4 8
5 15
6 16
7 12
8 15
9 15
10 17
11 17
12 19
13 19
14 30
15 25
16 22
17 28
18 31
19 27
20 28
21 21
22 15
23 21
24 17
25 22
26 34
27 38
28 42
29 48
30 60
31 72
32 74
33 85
34 58
35 56
36 58
37 59
38 54
39 51
40 63
41 52
42 55
43 55
44 41
45 40
46 26
47 41
48 46
49 44
50 51
51 53
52 52
53 61
54 71
55 73
56 68
57 73
58 93
59 115
60 113
61 113
62 130
63 112
64 130
65 123
66 126
67 119
68 114
69 114
70 103
71 82
72 64
73 67
74 60
75 58
76 67
77 69
78 76
79 70
80 75
81 84
82 84
83 100
84 91
85 85
86 96
87 103
88 103
89 125
90 125
91 115
92 121
93 114
94 124
95 122
96 124
97 141
98 167
99 184
100 214
101 213
102 200
103 196
104 212
105 220
106 207
107 211
108 226
109 219
110 207
111 199
112 183
113 187
114 189
115 186
116 192
117 207
118 229
119 231
120 238
121 248
122 276
123 270
124 278
125 283
126 278
127 302
128 331
129 348
130 360
131 348
132 334
133 336
134 342
135 348
136 352
137 328
138 337
139 324
140 320
141 333
142 352
143 378
144 378
145 372
146 393
147 383
148 379
149 358
150 373
151 350
152 366
153 362
154 341
155 367
156 397
157 406
158 425
159 432
160 421
161 436
162 421
163 386
164 389
165 396
166 378
167 400
168 391
169 392
170 387
171 379
172 381
173 396
174 364
175 350
176 392
177 417
178 430
179 413
180 420
181 411
182 444
183 449
184 479
185 448
186 455
187 456
188 446
189 430
190 401
191 390
192 371
193 382
194 385
195 391
196 383
197 364
198 354
199 352
200 344
201 364
202 350
203 338
204 340
205 338
206 353
207 310
208 309
209 330
210 368
211 346
212 311
213 335
214 356
215 349
216 339
217 343
218 363
219 390
220 375
221 403
222 384
223 395
224 387
225 382
226 351
227 350
228 353
229 352
230 372
231 394
232 437
233 420
234 404
235 432
236 437
237 432
238 416
239 395
240 368
241 407
242 396
243 395
244 394
245 376
246 390
247 376
248 382
249 355
250 361
251 377
252 381
253 393
254 418
255 411
256 407
257 428
258 401
259 363
260 389
261 401
262 395
263 396
264 403
265 408
266 416
267 405
268 400
269 402
270 415
271 455
272 456
273 446
274 477
275 532
276 529
277 527
278 514
279 516
280 568
281 604
282 652
283 666
284 707
285 675
286 704
287 693
288 656
289 699
290 682
291 688
292 695
293 629
294 608
295 586
296 535
297 589
298 577
299 575
300 579
301 574
302 609
303 590
304 600
305 626
306 638
307 642
308 679
309 675
310 640
311 621
312 632
313 682
314 705
315 687
316 691
317 650
318 632
319 683
320 668
321 671
322 657
323 675
324 679
325 704
326 734
327 761
328 744
329 782
330 766
331 775
332 817
333 790
334 810
335 787
336 774
337 791
338 827
339 828
340 803
341 793
342 793
343 792
344 799
345 759
346 788
347 790
348 798
349 757
350 726
351 746
352 755
353 823
354 821
355 802
356 811
357 781
358 818
359 843
360 834
361 820
362 843
363 858
364 841
365 840
366 795
367 723
368 751
369 762
370 802
371 792
372 741
373 773
374 738
375 745
376 751
377 718
378 682
379 653
380 646
381 688
382 725
383 686
384 684
385 717
386 736
387 747
388 753
389 769
390 766
391 749
392 726
393 742
394 716
395 743
396 753
397 767
398 772
399 745
400 718
401 684
402 626
403 664
404 655
405 637
406 592
407 609
408 632
409 593
410 609
411 581
412 558
413 559
414 580
415 597
416 612
417 610
418 583
419 586
420 574
421 581
422 592
423 642
424 638
425 646
426 634
427 601
428 582
429 572
430 597
431 553
432 546
433 527
434 522
435 559
436 570
437 605
438 603
439 572
440 590
441 583
442 601
443 577
444 559
445 521
446 520
447 537
448 595
449 638
450 651
451 664
452 666
453 668
454 637
455 656
456 612
457 591
458 577
459 537
460 545
461 568
462 547
463 518
464 501
465 496
466 499
467 519
468 522
469 530
470 529
471 555
472 552
473 540
474 552
475 569
476 592
477 621
478 602
479 605
480 592
481 624
482 594
483 577
484 580
485 568
486 560
487 559
488 563
489 570
490 623
491 641
492 689
493 632
494 644
495 644
496 638
497 659
498 653
499 652
500 667
501 651
502 630
503 639
504 623
505 660
506 633
507 595
508 606
509 585
510 573
511 588
512 629
513 653
514 693
515 694
516 673
517 680
518 652
519 671
520 680
521 717
522 693
523 661
524 658
525 674
526 665
527 681
528 645
529 592
530 639
531 644
532 654
533 684
534 680
535 712
536 710
537 733
538 758
539 733
540 656
541 679
542 690
543 646
544 650
545 626
546 615
547 659
548 671
549 652
550 665
551 635
552 631
553 628
554 647
555 576
556 532
557 558
558 602
559 625
560 619
561 606
562 586
563 599
564 623
565 622
566 641
567 626
568 606
569 570
570 556
571 556
572 522
573 490
574 480
575 490
576 465
577 446
578 475
579 465
580 486
581 469
582 500
583 505
584 494
585 516
586 506
587 496
588 538
589 540
590 606
591 625
592 581
593 583
594 556
595 575
596 603
597 611
598 630
599 662
600 649
601 651
602 681
603 701
604 627
605 622
606 652
607 628
608 663
609 700
610 676
611 644
612 626
613 614
614 598
615 587
616 590
617 587
618 583
619 591
620 598
621 651
622 617
623 595
624 642
625 653
626 697
627 739
628 716
629 756
630 744
631 719
632 674
633 640
634 647
635 640
636 622
637 599
638 604
639 621
640 607
641 628
642 648
643 649
644 651
645 642
646 652
647 664
648 687
649 692
650 654
651 660
652 639
653 657
654 619
655 588
656 574
657 528
658 490
659 523
660 492
661 531
662 535
663 568
664 596
665 607
666 620
667 631
668 661
669 654
670 612
671 611
672 641
673 642
674 662
675 651
676 691
677 739
678 698
679 693
680 688
681 718
682 733
683 780
684 771
685 767
686 735
687 785
688 787
689 795
690 814
691 797
692 821
693 830
694 878
695 835
696 863
697 833
698 819
699 845
700 807
701 794
702 779
703 816
704 816
705 815
706 785
707 803
708 819
709 831
710 866
711 874
712 880
713 942
714 954
715 942
716 980
717 947
718 981
719 958
720 936
721 936
722 971
723 1031
724 1074
725 1053
726 1045
727 1088
728 1116
729 1119
730 1097
731 1051
732 1027
733 1037
734 1123
735 1111
736 1084
737 1052
738 1020
739 966
740 1005
741 1021
742 1019
743 1028
744 1112
745 1124
746 1148
747 1113
748 1135
749 1163
750 1107
751 1037
752 1055
753 1048
754 1034
755 1003
756 987
757 1006
758 966
759 998
760 958
761 951
762 954
763 1011
764 1009
765 958
766 965
767 996
768 958
769 910
770 925
771 890
772 856
773 899
774 897
775 920
776 954
777 965
778 987
779 971
780 972
781 968
782 998
783 994
784 971
785 982
786 983
787 978
788 972
789 994
790 1020
791 1024
792 1030
793 1079
794 1098
795 1038
796 995
797 1047
798 1046
799 1038
800 1059
801 1037
802 1073
803 1091
804 1050
805 1098
806 1082
807 1070
808 1058
809 1044
810 1057
811 988
812 991
813 978
814 928
815 956
816 943
817 972
818 947
819 1006
820 1023
821 1030
822 1119
823 1135
824 1150
825 1099
826 1160
827 1119
828 1079
829 1054
830 1152
831 1181
832 1135
833 1119
834 1179
835 1241
836 1305
837 1247
838 1238
839 1250
840 1257
841 1327
842 1357
843 1308
844 1281
845 1306
846 1307
847 1269
848 1280
849 1291
850 1241
851 1190
852 1230
853 1317
854 1328
855 1383
856 1421
857 1394
858 1360
859 1324
860 1356
861 1426
862 1395
863 1336
864 1411
865 1408
866 1407
867 1398
868 1390
869 1392
870 1379
871 1385
872 1332
873 1294
874 1247
875 1241
876 1184
877 1199
878 1153
879 1197
880 1177
881 1184
882 1161
883 1150
884 1150
885 1140
886 1156
887 1210
888 1247
889 1200
890 1118
891 1152
892 1182
893 1145
894 1163
895 1164
896 1198
897 1234
898 1267
899 1299
900 1258
901 1285
902 1302
903 1332
904 1332
905 1292
906 1302
907 1301
908 1315
909 1246
910 1205
911 1164
912 1166
913 1145
914 1134
915 1153
916 1138
917 1067
918 1041
919 1050
920 1079
921 1046
922 1029
923 1017
924 1036
925 1055
926 1099
927 1135
928 1153
929 1173
930 1139
931 1097
932 1112
933 1142
934 1125
935 1050
936 1038
937 1029
938 941
939 906
940 899
941 873
942 818
943 809
944 869
945 853
946 928
947 894
948 872
949 872
950 921
951 903
952 921
953 965
954 978
955 931
956 898
957 907
958 907
959 943
960 988
961 971
962 970
963 951
964 869
965 877
966 871
967 890
968 869
969 901
970 972
971 974
972 983
973 982
974 993
975 1006
976 983
977 1036
978 995
979 964
980 967
981 935
982 905
983 886
984 866
985 867
986 898
987 975
988 926
989 956
990 941
991 934
992 905
993 861
994 848
995 880
996 863
997 868
998 938
999 916
1000 925
