1 0
2 1
3 0
4 0
5 1
6 1
7 0
8 0
9 1
10 2
11 4
12 4
13 0
14 0
15 0
16 0
17 1
18 1
19 1
20 2
21 2
22 3
23 1
24 2
25 1
26 0
27 0
28 0
29 0
30 0
31 0
32 0
33 0
34 0
35 0
36 0
37 1
38 0
39 0
40 0
41 2
42 0
43 0
44 0
45 0
46 1
47 1
48 1
49 1
50 3
51 0
52 0
53 0
54 0
55 0
56 0
57 0
58 0
59 0
60 2
61 5
62 6
63 3
64 3
65 4
66 4
67 7
68 8
69 8
70 8
71 12
72 12
73 16
74 26
75 32
76 32
77 39
78 37
79 39
80 47
81 36
82 35
83 32
84 26
85 24
86 18
87 19
88 18
89 22
90 18
91 19
92 32
93 29
94 37
95 31
96 31
97 28
98 27
99 23
100 23
101 25
102 29
103 38
104 43
105 35
106 41
107 36
108 35
109 22
110 31
111 33
112 32
113 45
114 39
115 32
116 27
117 30
118 25
119 25
120 22
121 22
122 25
123 32
124 36
125 33
126 34
127 32
128 34
129 42
130 37
131 33
132 26
133 32
134 31
135 28
136 28
137 22
138 10
139 7
140 6
141 10
142 13
143 12
144 17
145 22
146 21
147 19
148 19
149 17
150 13
151 10
152 13
153 10
154 15
155 21
156 23
157 25
158 23
159 19
160 16
161 11
162 13
163 17
164 15
165 19
166 25
167 16
168 21
169 21
170 22
171 19
172 22
173 23
174 26
175 28
176 32
177 32
178 32
179 35
180 30
181 22
182 24
183 26
184 27
185 19
186 25
187 35
188 35
189 24
190 17
191 16
192 12
193 13
194 23
195 21
196 23
197 31
198 43
199 39
200 39
201 46
202 57
203 53
204 57
205 49
206 52
207 63
208 74
209 66
210 61
211 60
212 59
213 66
214 56
215 62
216 74
217 61
218 58
219 57
220 55
221 62
222 55
223 60
224 72
225 79
226 86
227 95
228 95
229 86
230 90
231 89
232 94
233 89
234 84
235 83
236 79
237 98
238 105
239 110
240 117
241 105
242 111
243 107
244 133
245 144
246 147
247 147
248 140
249 145
250 142
251 147
252 133
253 129
254 124
255 127
256 122
257 131
258 127
259 113
260 123
261 135
262 145
263 150
264 140
265 145
266 164
267 162
268 137
269 131
270 142
271 139
272 139
273 125
274 105
275 121
276 129
277 105
278 108
279 121
280 135
281 127
282 121
283 131
284 96
285 99
286 100
287 112
288 113
289 108
290 110
291 113
292 118
293 121
294 111
295 117
296 116
297 120
298 108
299 90
300 95
301 108
302 96
303 89
304 99
305 84
306 86
307 89
308 86
309 98
310 107
311 109
312 114
313 119
314 96
315 82
316 76
317 73
318 71
319 64
320 70
321 66
322 63
323 54
324 41
325 38
326 41
327 40
328 36
329 35
330 42
331 47
332 42
333 44
334 54
335 52
336 53
337 53
338 60
339 54
340 65
341 67
342 64
343 62
344 65
345 64
346 70
347 55
348 48
349 46
350 44
351 41
352 37
353 25
354 28
355 20
356 23
357 23
358 23
359 24
360 32
361 33
362 36
363 39
364 34
365 31
366 28
367 31
368 34
369 37
370 41
371 45
372 42
373 61
374 52
375 49
376 43
377 45
378 36
379 31
380 27
381 26
382 21
383 16
384 11
385 12
386 12
387 11
388 12
389 9
390 4
391 3
392 2
393 2
394 1
395 1
396 2
397 0
398 0
399 0
400 1
401 0
402 0
403 1
404 1
405 2
406 1
407 1
408 3
409 3
410 3
411 3
412 6
413 10
414 10
415 10
416 16
417 14
418 13
419 11
420 10
421 12
422 12
423 16
424 12
425 19
426 21
427 14
428 12
429 8
430 6
431 5
432 7
433 16
434 11
435 7
436 8
437 8
438 5
439 6
440 9
441 6
442 3
443 4
444 6
445 9
446 4
447 2
448 4
449 4
450 7
451 4
452 2
453 0
454 0
455 0
456 0
457 1
458 2
459 2
460 2
461 2
462 3
463 2
464 2
465 3
466 4
467 7
468 9
469 7
470 10
471 8
472 10
473 11
474 9
475 10
476 9
477 5
478 5
479 2
480 1
481 0
482 0
483 0
484 0
485 0
486 0
487 1
488 0
489 0
490 1
491 2
492 2
493 5
494 4
495 6
496 8
497 11
498 16
499 8
500 8
501 11
502 7
503 5
504 3
505 6
506 10
507 14
508 19
509 24
510 27
511 22
512 27
513 27
514 25
515 25
516 20
517 19
518 26
519 27
520 23
521 19
522 19
523 13
524 9
525 11
526 13
527 10
528 13
529 18
530 12
531 12
532 11
533 8
534 4
535 3
536 1
537 2
538 1
539 0
540 0
541 0
542 1
543 1
544 0
545 0
546 0
547 0
548 0
549 1
550 1
551 0
552 0
553 0
554 0
555 0
556 0
557 0
558 0
559 0
560 0
561 1
562 0
563 1
564 0
565 0
566 0
567 0
568 0
569 0
570 0
571 0
572 0
573 0
574 0
575 0
576 0
577 0
578 0
579 1
580 0
581 0
582 0
583 0
584 0
585 0
586 1
587 3
588 4
589 1
590 0
591 0
592 1
593 3
594 3
595 8
596 9
597 13
598 14
599 10
600 17
601 18
602 19
603 20
604 33
605 33
606 41
607 45
608 52
609 50
610 40
611 43
612 54
613 53
614 50
615 49
616 62
617 76
618 71
619 64
620 51
621 35
622 37
623 46
624 33
625 33
626 39
627 38
628 41
629 42
630 42
631 31
632 27
633 21
634 28
635 43
636 45
637 46
638 43
639 48
640 54
641 40
642 47
643 43
644 36
645 43
646 53
647 62
648 57
649 51
650 47
651 41
652 45
653 53
654 48
655 45
656 48
657 50
658 31
659 41
660 31
661 32
662 35
663 21
664 23
665 23
666 24
667 24
668 24
669 27
670 28
671 25
672 29
673 24
674 24
675 25
676 23
677 22
678 25
679 26
680 20
681 19
682 18
683 17
684 12
685 12
686 16
687 10
688 6
689 10
690 7
691 10
692 8
693 9
694 10
695 6
696 3
697 3
698 2
699 2
700 1
701 2
702 1
703 2
704 1
705 0
706 0
707 0
708 0
709 0
710 0
711 1
712 1
713 2
714 2
715 2
716 0
717 0
718 0
719 1
720 0
721 1
722 0
723 0
724 1
725 0
726 0
727 1
728 2
729 2
730 3
731 3
732 4
733 9
734 13
735 16
736 21
737 15
738 23
739 21
740 16
741 17
742 21
743 27
744 23
745 20
746 16
747 17
748 17
749 11
750 8
751 15
752 15
753 22
754 22
755 22
756 26
757 27
758 20
759 16
760 14
761 12
762 12
763 14
764 16
765 21
766 22
767 26
768 25
769 22
770 26
771 22
772 27
773 27
774 27
775 29
776 26
777 25
778 22
779 24
780 29
781 27
782 39
783 35
784 45
785 38
786 33
787 32
788 42
789 50
790 56
791 56
792 42
793 61
794 60
795 57
796 48
797 55
798 54
799 58
800 51
801 34
802 34
803 31
804 24
805 26
806 26
807 26
808 24
809 27
810 29
811 32
812 19
813 24
814 26
815 22
816 19
817 33
818 40
819 38
820 42
821 44
822 48
823 45
824 49
825 50
826 45
827 40
828 46
829 50
830 40
831 30
832 30
833 34
834 33
835 38
836 40
837 40
838 36
839 37
840 40
841 43
842 45
843 46
844 46
845 27
846 33
847 27
848 26
849 25
850 24
851 25
852 28
853 32
854 30
855 32
856 33
857 33
858 36
859 30
860 34
861 24
862 29
863 29
864 36
865 43
866 43
867 46
868 40
869 44
870 40
871 34
872 42
873 60
874 50
875 49
876 66
877 68
878 70
879 65
880 54
881 54
882 62
883 53
884 48
885 53
886 52
887 55
888 70
889 68
890 59
891 75
892 81
893 62
894 54
895 65
896 63
897 62
898 61
899 59
900 68
901 62
902 54
903 52
904 56
905 56
906 64
907 72
908 70
909 48
910 39
911 46
912 42
913 40
914 37
915 33
916 25
917 18
918 20
919 18
920 13
921 14
922 6
923 4
924 0
925 0
926 1
927 0
928 0
929 0
930 0
931 0
932 0
933 0
934 0
935 0
936 1
937 1
938 1
939 1
940 2
941 3
942 2
943 2
944 1
945 1
946 1
947 0
948 0
949 0
950 1
951 0
952 1
953 2
954 7
955 5
956 9
957 11
958 5
959 3
960 2
961 2
962 2
963 1
964 3
965 3
966 5
967 3
968 9
969 9
970 11
971 13
972 14
973 11
974 11
975 11
976 10
977 13
978 15
979 21
980 22
981 11
982 16
983 15
984 13
985 15
986 21
987 15
988 16
989 15
990 13
991 14
992 15
993 13
994 16
995 16
996 18
997 22
998 16
999 15
1000 12
