1 23
2 48
3 73
4 107
5 113
6 141
7 162
8 167
9 215
10 261
11 276
12 272
13 269
14 308
15 345
16 372
17 407
18 446
19 440
20 487
21 487
22 524
23 521
24 527
25 587
26 600
27 618
28 634
29 633
30 687
31 713
32 730
33 761
34 782
35 781
36 864
37 885
38 898
39 926
40 976
41 1024
42 1022
43 969
44 948
45 973
46 983
47 990
48 1038
49 1005
50 1108
51 1112
52 1170
53 1186
54 1209
55 1239
56 1283
57 1307
58 1388
59 1411
60 1454
61 1430
62 1416
63 1457
64 1488
65 1459
66 1462
67 1509
68 1613
69 1643
70 1600
71 1564
72 1579
73 1618
74 1628
75 1657
76 1721
77 1689
78 1653
79 1692
80 1780
81 1880
82 1966
83 1928
84 1983
85 2046
86 2045
87 2077
88 2063
89 2073
90 2185
91 2253
92 2292
93 2311
94 2429
95 2415
96 2449
97 2456
98 2461
99 2453
100 2538
101 2588
102 2590
103 2610
104 2704
105 2754
106 2835
107 2917
108 2888
109 2879
110 2784
111 2865
112 2917
113 2979
114 2988
115 2994
116 2947
117 2969
118 2950
119 2983
120 2916
121 2973
122 2932
123 2897
124 2881
125 2924
126 2944
127 2941
128 2876
129 2877
130 2889
131 2768
132 2747
133 2771
134 2818
135 2927
136 2840
137 2883
138 2874
139 2967
140 2963
141 2989
142 2990
143 3144
144 3131
145 3146
146 3199
147 3289
148 3323
149 3408
150 3554
151 3564
152 3634
153 3698
154 3582
155 3537
156 3617
157 3649
158 3750
159 3626
160 3675
161 3614
162 3618
163 3651
164 3813
165 3795
166 3746
167 3692
168 3683
169 3737
170 3794
171 3738
172 3711
173 3733
174 3669
175 3728
176 3642
177 3617
178 3733
179 3698
180 3744
181 3768
182 3788
183 3747
184 3740
185 3846
186 3720
187 3707
188 3706
189 3690
190 3727
191 3774
192 3818
193 3843
194 3914
195 3925
196 3926
197 4000
198 3967
199 4054
200 4125
201 4082
202 4002
203 3979
204 3995
205 4025
206 4081
207 4034
208 3916
209 3940
210 4003
211 4042
212 3982
213 4023
214 4082
215 4100
216 4158
217 4195
218 4225
219 4306
220 4209
221 4237
222 4275
223 4354
224 4384
225 4466
226 4616
227 4591
228 4655
229 4690
230 4690
231 4678
232 4590
233 4536
234 4601
235 4598
236 4558
237 4559
238 4619
239 4623
240 4643
241 4552
242 4682
243 4649
244 4835
245 4780
246 4807
247 4781
248 4733
249 4733
250 4718
251 4724
252 4807
253 4848
254 4895
255 4867
256 4845
257 4913
258 4983
259 5091
260 5257
261 5280
262 5271
263 5222
264 5191
265 5312
266 5350
267 5309
268 5444
269 5418
270 5322
271 5311
272 5341
273 5342
274 5308
275 5260
276 5318
277 5371
278 5395
279 5441
280 5433
281 5408
282 5575
283 5615
284 5602
285 5639
286 5716
287 5667
288 5553
289 5629
290 5529
291 5439
292 5455
293 5493
294 5518
295 5573
296 5629
297 5590
298 5517
299 5588
300 5637
301 5588
302 5589
303 5656
304 5689
305 5697
306 5807
307 5808
308 5928
309 5969
310 6020
311 5969
312 6033
313 6187
314 6216
315 6286
316 6359
317 6349
318 6489
319 6454
320 6493
321 6416
322 6438
323 6436
324 6539
325 6470
326 6560
327 6610
328 6719
329 6776
330 6885
331 6885
332 6840
333 6829
334 6890
335 6892
336 6984
337 6943
338 6838
339 7015
340 7056
341 7037
342 7198
343 7232
344 7227
345 7238
346 7261
347 7107
348 7052
349 7084
350 6962
351 7050
352 7039
353 7120
354 7337
355 7318
356 7509
357 7425
358 7385
359 7358
360 7379
361 7387
362 7435
363 7494
364 7539
365 7508
366 7593
367 7668
368 7834
369 7931
370 7984
371 8113
372 8129
373 8040
374 7952
375 8024
376 8060
377 7913
378 7842
379 7783
380 7887
381 7860
382 7911
383 7915
384 7844
385 7828
386 7824
387 8044
388 8405
389 8528
390 8546
391 8524
392 8509
393 8614
394 8581
395 8514
396 8850
397 8901
398 8746
399 8727
400 8722
401 8818
402 8839
403 8874
404 8897
405 9027
406 8810
407 8958
408 8903
409 8855
410 9035
411 9230
412 9344
413 9356
414 9430
415 9508
416 9477
417 9312
418 9424
419 9503
420 9356
421 9427
422 9417
423 9520
424 9584
425 9621
426 9750
427 9747
428 9878
429 10029
430 9896
431 10041
432 9885
433 9875
434 9972
435 9868
436 9846
437 9911
438 9901
439 9926
440 9953
441 9820
442 9752
443 9642
444 9607
445 9522
446 9479
447 9603
448 9668
449 9717
450 9795
451 9783
452 9720
453 9691
454 9775
455 9805
456 9836
457 9813
458 9831
459 9975
460 9982
461 9855
462 9960
463 9827
464 9928
465 9921
466 9884
467 9912
468 9953
469 10064
470 9963
471 10060
472 9921
473 10002
474 9837
475 9900
476 9799
477 9818
478 9963
479 10005
480 9968
481 9978
482 10163
483 10061
484 10005
485 10019
486 10111
487 10174
488 10365
489 10452
490 10373
491 10444
492 10413
493 10563
494 10609
495 10425
496 10358
497 10364
498 10225
499 10336
500 10479
501 10395
502 10313
503 10312
504 10407
505 10171
506 10053
507 9974
508 10113
509 10284
510 10499
511 10325
512 10228
513 10277
514 10358
515 10323
516 10211
517 10416
518 10486
519 10393
520 10430
521 10545
522 10517
523 10585
524 10751
525 10825
526 10759
527 10994
528 11116
529 11022
530 11212
531 11005
532 10932
533 10996
534 10968
535 10962
536 11000
537 10876
538 10631
539 10485
540 10397
541 10377
542 10447
543 10514
544 10609
545 10425
546 10464
547 10412
548 10430
549 10485
550 10405
551 10402
552 10339
553 10345
554 10439
555 10556
556 10479
557 10468
558 10437
559 10368
560 10284
561 10362
562 10426
563 10387
564 10538
565 10805
566 10801
567 10765
568 10692
569 10756
570 10836
571 10763
572 10805
573 10714
574 10522
575 10495
576 10607
577 10591
578 10527
579 10567
580 10499
581 10678
582 10741
583 10939
584 10985
585 10999
586 11191
587 11413
588 11431
589 11504
590 11660
591 11535
592 11506
593 11508
594 11626
595 11885
596 11811
597 11961
598 11961
599 11897
600 11994
601 11931
602 12072
603 12058
604 12187
605 12372
606 12463
607 12494
608 12590
609 12398
610 12567
611 12671
612 12705
613 12771
614 12904
615 12859
616 12781
617 12788
618 12940
619 12993
620 12903
621 13026
622 13019
623 12920
624 13002
625 13082
626 12992
627 13125
628 13135
629 13230
630 12914
631 12846
632 12874
633 13023
634 13123
635 13273
636 13305
637 13252
638 13268
639 13150
640 13091
641 13116
642 13151
643 13250
644 13286
645 13384
646 13255
647 13397
648 13289
649 13289
650 13529
651 13503
652 13496
653 13634
654 13688
655 13803
656 13618
657 13778
658 13913
659 13686
660 13812
661 13601
662 13645
663 13568
664 13713
665 13713
666 14013
667 13919
668 13858
669 13839
670 13872
671 13832
672 13830
673 13815
674 13775
675 13738
676 13774
677 13813
678 13949
679 14113
680 14089
681 13992
682 14053
683 14240
684 14423
685 14435
686 14309
687 14387
688 14385
689 14308
690 14312
691 14315
692 14417
693 14483
694 14621
695 14804
696 14725
697 14598
698 14773
699 14615
700 14772
701 14585
702 14833
703 14785
704 14967
705 15014
706 15061
707 15274
708 15258
709 15367
710 15236
711 15401
712 15466
713 15481
714 15517
715 15321
716 15397
717 15339
718 15130
719 15182
720 15383
721 15153
722 15095
723 15085
724 14818
725 14796
726 14785
727 14941
728 14963
729 15196
730 15188
731 15386
732 15372
733 15460
734 15518
735 15596
736 15632
737 15749
738 15714
739 15636
740 15669
741 15627
742 15547
743 15596
744 15659
745 15848
746 15995
747 15860
748 15840
749 15877
750 15852
751 15782
752 15756
753 15731
754 15685
755 15812
756 15856
757 16129
758 16232
759 16346
760 16484
761 16467
762 16400
763 16495
764 16440
765 16470
766 16494
767 16584
768 16682
769 16892
770 16983
771 17076
772 16988
773 17277
774 17257
775 17272
776 17367
777 17080
778 17131
779 17425
780 17468
781 17555
782 17738
783 17857
784 17717
785 17904
786 18033
787 17920
788 17963
789 18045
790 17975
791 18208
792 17976
793 18147
794 18390
795 18510
796 18602
797 18599
798 18736
799 18764
800 18562
801 18614
802 18528
803 18674
804 18710
805 18699
806 18475
807 18388
808 18408
809 18305
810 18178
811 18049
812 17963
813 17829
814 17973
815 17771
816 17743
817 17556
818 17651
819 17610
820 17692
821 17804
822 17722
823 17912
824 18011
825 18293
826 18248
827 18352
828 18329
829 18427
830 18365
831 18299
832 18378
833 18415
834 18351
835 18593
836 18636
837 18475
838 18672
839 18563
840 18651
841 18731
842 18621
843 18448
844 18507
845 18788
846 18857
847 18829
848 19084
849 19181
850 19339
851 19462
852 19472
853 19563
854 19742
855 19810
856 19886
857 19922
858 19800
859 19848
860 19879
861 20049
862 20141
863 20245
864 20066
865 20119
866 20008
867 20050
868 19932
869 19882
870 20073
871 19999
872 20126
873 20118
874 19999
875 20123
876 20061
877 19885
878 19647
879 19618
880 19693
881 20066
882 20124
883 20170
884 20114
885 19790
886 19850
887 19812
888 19953
889 19869
890 19987
891 19941
892 20069
893 20041
894 20098
895 19813
896 20115
897 20129
898 20338
899 20499
900 20545
901 20541
902 20494
903 20478
904 20218
905 20126
906 20040
907 20230
908 20295
909 20321
910 20386
911 20472
912 20749
913 20761
914 20960
915 21063
916 21144
917 20904
918 20917
919 20979
920 20854
921 20930
922 20834
923 20958
924 20888
925 21069
926 21149
927 21335
928 21517
929 21514
930 21376
931 21347
932 21266
933 21551
934 21538
935 21492
936 21602
937 21678
938 21722
939 21676
940 21673
941 21663
942 21571
943 21314
944 21551
945 21653
946 21659
947 21762
948 21827
949 21685
950 21693
951 21641
952 21829
953 21856
954 22053
955 22172
956 22127
957 22193
958 22182
959 22270
960 22196
961 22554
962 22725
963 22653
964 22743
965 22693
966 22566
967 22860
968 22794
969 23002
970 23260
971 23339
972 23323
973 23322
974 23177
975 23232
976 23129
977 22924
978 23056
979 22928
980 22957
981 23199
982 23261
983 23615
984 23797
985 23798
986 23494
987 23511
988 23494
989 23694
990 23525
991 23604
992 23436
993 23287
994 23450
995 23414
996 23375
997 23630
998 23679
999 23544
1000 23431
