1 0
2 0
3 0
4 0
5 0
6 0
7 1
8 0
9 0
10 0
11 1
12 2
13 3
14 0
15 0
16 1
17 1
18 2
19 5
20 4
21 6
22 7
23 12
24 17
25 13
26 15
27 13
28 16
29 11
30 6
31 5
32 7
33 6
34 9
35 10
36 10
37 13
38 8
39 7
40 8
41 11
42 16
43 19
44 12
45 17
46 17
47 20
48 19
49 23
50 24
51 26
52 24
53 24
54 30
55 33
56 27
57 29
58 30
59 37
60 39
61 35
62 38
63 37
64 29
65 25
66 24
67 18
68 16
69 14
70 11
71 15
72 18
73 14
74 12
75 18
76 26
77 25
78 16
79 9
80 10
81 12
82 17
83 16
84 17
85 18
86 19
87 19
88 18
89 22
90 20
91 20
92 24
93 25
94 23
95 23
96 20
97 33
98 36
99 41
100 50
101 53
102 60
103 72
104 63
105 49
106 47
107 40
108 34
109 44
110 56
111 50
112 59
113 51
114 56
115 43
116 43
117 51
118 46
119 57
120 67
121 73
122 70
123 80
124 76
125 75
126 83
127 88
128 100
129 102
130 102
131 102
132 106
133 110
134 118
135 109
136 89
137 89
138 84
139 82
140 93
141 84
142 75
143 79
144 73
145 61
146 70
147 78
148 77
149 79
150 61
151 44
152 51
153 55
154 63
155 49
156 49
157 42
158 53
159 49
160 47
161 51
162 50
163 47
164 36
165 38
166 34
167 25
168 32
169 27
170 18
171 18
172 23
173 21
174 15
175 22
176 20
177 18
178 13
179 11
180 15
181 10
182 8
183 7
184 11
185 9
186 9
187 5
188 1
189 4
190 2
191 0
192 0
193 2
194 2
195 3
196 4
197 1
198 0
199 0
200 0
201 0
202 1
203 1
204 2
205 2
206 1
207 4
208 6
209 5
210 2
211 2
212 5
213 6
214 6
215 8
216 12
217 14
218 17
219 21
220 18
221 16
222 23
223 12
224 12
225 16
226 11
227 11
228 8
229 4
230 3
231 4
232 3
233 4
234 3
235 3
236 3
237 6
238 6
239 2
240 1
241 1
242 0
243 0
244 1
245 2
246 2
247 1
248 0
249 0
250 1
251 3
252 2
253 3
254 4
255 5
256 6
257 2
258 0
259 0
260 0
261 0
262 1
263 0
264 1
265 2
266 2
267 1
268 0
269 1
270 2
271 1
272 0
273 0
274 1
275 1
276 1
277 1
278 1
279 0
280 0
281 0
282 0
283 0
284 0
285 0
286 0
287 1
288 3
289 1
290 1
291 2
292 4
293 4
294 7
295 3
296 4
297 5
298 3
299 2
300 0
301 0
302 0
303 0
304 0
305 0
306 0
307 0
308 0
309 0
310 0
311 0
312 0
313 0
314 1
315 1
316 2
317 2
318 4
319 4
320 4
321 5
322 8
323 6
324 9
325 6
326 6
327 3
328 7
329 11
330 11
331 13
332 16
333 16
334 19
335 15
336 21
337 23
338 23
339 21
340 20
341 14
342 13
343 5
344 7
345 10
346 7
347 8
348 5
349 2
350 2
351 3
352 1
353 0
354 0
355 0
356 0
357 0
358 0
359 0
360 0
361 1
362 0
363 1
364 0
365 0
366 0
367 0
368 0
369 0
370 0
371 1
372 0
373 0
374 0
375 0
376 0
377 0
378 1
379 0
380 0
381 0
382 0
383 0
384 0
385 1
386 0
387 1
388 1
389 2
390 4
391 3
392 3
393 3
394 5
395 4
396 8
397 8
398 9
399 7
400 8
401 14
402 12
403 15
404 19
405 10
406 12
407 21
408 20
409 19
410 12
411 9
412 5
413 5
414 8
415 13
416 12
417 12
418 12
419 12
420 14
421 8
422 10
423 11
424 12
425 12
426 11
427 12
428 11
429 19
430 25
431 22
432 15
433 9
434 15
435 15
436 12
437 9
438 15
439 15
440 16
441 12
442 13
443 11
444 11
445 12
446 19
447 22
448 21
449 22
450 17
451 15
452 21
453 26
454 25
455 31
456 24
457 21
458 25
459 28
460 29
461 29
462 24
463 27
464 26
465 27
466 24
467 20
468 19
469 22
470 31
471 26
472 21
473 29
474 23
475 23
476 28
477 33
478 29
479 23
480 28
481 18
482 19
483 10
484 8
485 5
486 5
487 5
488 7
489 6
490 6
491 5
492 3
493 1
494 2
495 2
496 2
497 1
498 1
499 0
500 0
501 1
502 2
503 1
504 0
505 0
506 0
507 0
508 1
509 1
510 4
511 7
512 6
513 5
514 3
515 1
516 0
517 0
518 1
519 0
520 0
521 1
522 2
523 1
524 2
525 4
526 4
527 4
528 6
529 4
530 10
531 6
532 10
533 11
534 17
535 22
536 14
537 13
538 15
539 11
540 12
541 9
542 9
543 7
544 10
545 17
546 17
547 28
548 25
549 32
550 30
551 31
552 26
553 22
554 17
555 14
556 17
557 19
558 13
559 9
560 12
561 9
562 13
563 13
564 10
565 5
566 5
567 8
568 12
569 13
570 12
571 10
572 14
573 15
574 16
575 16
576 15
577 14
578 15
579 20
580 24
581 26
582 26
583 19
584 25
585 31
586 30
587 32
588 38
589 40
590 47
591 47
592 44
593 36
594 33
595 25
596 28
597 33
598 32
599 25
600 20
601 19
602 20
603 25
604 21
605 23
606 31
607 27
608 30
609 29
610 26
611 37
612 38
613 38
614 37
615 39
616 27
617 26
618 28
619 18
620 15
621 22
622 39
623 40
624 34
625 37
626 40
627 41
628 46
629 55
630 54
631 48
632 49
633 50
634 48
635 53
636 49
637 36
638 32
639 35
640 44
641 46
642 51
643 57
644 60
645 56
646 64
647 69
648 69
649 74
650 81
651 79
652 88
653 75
654 83
655 78
656 81
657 78
658 82
659 81
660 80
661 70
662 78
663 90
664 95
665 85
666 96
667 85
668 89
669 89
670 100
671 94
672 97
673 89
674 95
675 95
676 99
677 101
678 106
679 110
680 117
681 111
682 128
683 138
684 128
685 133
686 115
687 119
688 127
689 114
690 124
691 112
692 112
693 117
694 116
695 115
696 121
697 101
698 82
699 81
700 71
701 73
702 68
703 77
704 91
705 68
706 83
707 80
708 86
709 90
710 79
711 82
712 92
713 92
714 85
715 80
716 82
717 84
718 83
719 69
720 81
721 68
722 57
723 39
724 41
725 39
726 38
727 42
728 57
729 54
730 48
731 57
732 65
733 58
734 48
735 53
736 61
737 65
738 66
739 75
740 74
741 89
742 86
743 91
744 95
745 101
746 99
747 89
748 84
749 69
750 66
751 66
752 58
753 65
754 69
755 64
756 65
757 65
758 83
759 83
760 77
761 71
762 65
763 64
764 64
765 53
766 48
767 57
768 51
769 49
770 53
771 58
772 49
773 43
774 41
775 30
776 45
777 39
778 40
779 40
780 42
781 40
782 45
783 45
784 34
785 33
786 34
787 32
788 23
789 25
790 33
791 35
792 25
793 29
794 30
795 35
796 41
797 47
798 41
799 23
800 24
801 20
802 20
803 20
804 18
805 18
806 14
807 15
808 18
809 18
810 15
811 17
812 17
813 15
814 12
815 17
816 17
817 17
818 21
819 27
820 22
821 26
822 16
823 17
824 22
825 17
826 22
827 25
828 23
829 22
830 19
831 23
832 22
833 18
834 20
835 21
836 19
837 22
838 17
839 17
840 23
841 29
842 39
843 41
844 40
845 28
846 25
847 22
848 21
849 22
850 12
851 9
852 12
853 16
854 19
855 25
856 21
857 22
858 22
859 17
860 19
861 21
862 26
863 32
864 36
865 40
866 33
867 34
868 36
869 34
870 44
871 40
872 45
873 56
874 55
875 51
876 59
877 71
878 79
879 71
880 76
881 67
882 69
883 59
884 54
885 65
886 58
887 66
888 66
889 64
890 58
891 46
892 40
893 22
894 31
895 37
896 36
897 42
898 38
899 36
900 30
901 32
902 38
903 51
904 57
905 56
906 57
907 56
908 52
909 50
910 53
911 41
912 35
913 48
914 45
915 30
916 29
917 40
918 43
919 43
920 50
921 51
922 40
923 42
924 46
925 36
926 42
927 54
928 47
929 52
930 52
931 54
932 43
933 38
934 49
935 61
936 68
937 67
938 69
939 67
940 67
941 61
942 57
943 68
944 64
945 72
946 76
947 73
948 79
949 80
950 85
951 88
952 86
953 81
954 79
955 85
956 87
957 86
958 83
959 79
960 70
961 81
962 77
963 68
964 78
965 85
966 89
967 118
968 131
969 118
970 131
971 128
972 119
973 105
974 107
975 127
976 126
977 132
978 116
979 123
980 129
981 145
982 184
983 162
984 172
985 170
986 162
987 169
988 158
989 171
990 172
991 178
992 151
993 185
994 173
995 168
996 162
997 146
998 153
999 129
1000 109
