1 0
2 1
3 3
4 3
5 3
6 7
7 12
8 14
9 19
10 17
11 15
12 15
13 13
14 17
15 21
16 17
17 21
18 19
19 11
20 12
21 10
22 10
23 11
24 14
25 13
26 14
27 8
28 12
29 14
30 25
31 29
32 34
33 29
34 28
35 32
36 28
37 32
38 32
39 26
40 23
41 23
42 24
43 21
44 20
45 23
46 26
47 33
48 39
49 41
50 40
51 43
52 48
53 45
54 42
55 40
56 45
57 44
58 44
59 35
60 45
61 43
62 47
63 52
64 56
65 63
66 72
67 69
68 66
69 60
70 75
71 82
72 100
73 89
74 79
75 81
76 85
77 72
78 55
79 48
80 36
81 35
82 46
83 29
84 33
85 45
86 41
87 38
88 45
89 48
90 56
91 52
92 53
93 45
94 45
95 38
96 38
97 38
98 42
99 43
100 43
101 52
102 52
103 48
104 45
105 36
106 30
107 35
108 44
109 35
110 25
111 34
112 48
113 58
114 62
115 69
116 67
117 71
118 71
119 72
120 72
121 72
122 73
123 74
124 63
125 66
126 68
127 61
128 55
129 65
130 61
131 66
132 52
133 62
134 65
135 71
136 67
137 70
138 77
139 84
140 66
141 61
142 58
143 79
144 95
145 128
146 140
147 157
148 185
149 166
150 166
151 200
152 189
153 197
154 214
155 235
156 255
157 260
158 272
159 289
160 266
161 243
162 243
163 251
164 236
165 229
166 220
167 197
168 197
169 209
170 216
171 207
172 219
173 238
174 248
175 231
176 228
177 229
178 219
179 222
180 225
181 247
182 245
183 269
184 262
185 281
186 252
187 238
188 236
189 241
190 242
191 243
192 251
193 240
194 206
195 195
196 188
197 184
198 189
199 191
200 194
201 195
202 209
203 221
204 212
205 231
206 214
207 205
208 222
209 211
210 207
211 224
212 231
213 216
214 216
215 213
216 208
217 207
218 208
219 241
220 226
221 217
222 245
223 263
224 263
225 293
226 298
227 288
228 281
229 285
230 269
231 267
232 269
233 273
234 300
235 279
236 279
237 269
238 279
239 298
240 298
241 305
242 298
243 299
244 301
245 300
246 309
247 328
248 341
249 350
250 391
251 385
252 401
253 428
254 454
255 467
256 484
257 462
258 486
259 469
260 429
261 446
262 461
263 483
264 491
265 456
266 462
267 490
268 499
269 507
270 507
271 534
272 484
273 463
274 454
275 477
276 458
277 434
278 406
279 413
280 451
281 438
282 430
283 429
284 452
285 429
286 413
287 417
288 427
289 418
290 419
291 435
292 430
293 452
294 478
295 458
296 474
297 516
298 533
299 522
300 526
301 544
302 566
303 556
304 548
305 573
306 529
307 550
308 536
309 536
310 602
311 604
312 646
313 631
314 588
315 596
316 610
317 634
318 639
319 624
320 637
321 656
322 703
323 681
324 762
325 743
326 749
327 785
328 767
329 736
330 666
331 647
332 628
333 623
334 641
335 682
336 667
337 667
338 699
339 655
340 677
341 677
342 653
343 638
344 593
345 614
346 633
347 670
348 653
349 671
350 668
351 670
352 667
353 615
354 615
355 643
356 659
357 667
358 668
359 667
360 674
361 674
362 673
363 709
364 696
365 708
366 764
367 813
368 767
369 782
370 781
371 755
372 764
373 735
374 692
375 718
376 733
377 729
378 767
379 780
380 774
381 774
382 835
383 844
384 840
385 831
386 817
387 865
388 869
389 859
390 850
391 823
392 817
393 771
394 781
395 817
396 782
397 757
398 769
399 731
400 729
401 685
402 697
403 704
404 718
405 657
406 647
407 656
408 675
409 704
410 699
411 643
412 607
413 619
414 622
415 681
416 661
417 655
418 676
419 731
420 704
421 744
422 767
423 704
424 698
425 704
426 762
427 722
428 747
429 744
430 720
431 675
432 632
433 654
434 671
435 685
436 658
437 649
438 630
439 643
440 681
441 666
442 702
443 688
444 699
445 703
446 645
447 644
448 642
449 635
450 670
451 677
452 685
453 636
454 644
455 627
456 635
457 631
458 603
459 571
460 564
461 540
462 550
463 560
464 547
465 585
466 578
467 555
468 587
469 600
470 587
471 616
472 638
473 681
474 696
475 732
476 696
477 672
478 649
479 647
480 661
481 678
482 674
483 686
484 711
485 676
486 694
487 710
488 686
489 707
490 682
491 666
492 709
493 676
494 664
495 706
496 699
497 688
498 705
499 664
500 682
501 687
502 688
503 696
504 692
505 707
506 701
507 701
508 674
509 701
510 686
511 679
512 689
513 727
514 725
515 735
516 776
517 815
518 819
519 850
520 841
521 833
522 922
523 860
524 867
525 822
526 839
527 848
528 783
529 797
530 827
531 801
532 781
533 774
534 770
535 767
536 775
537 756
538 777
539 783
540 814
541 789
542 792
543 818
544 853
545 828
546 813
547 742
548 742
549 789
550 783
551 794
552 789
553 778
554 823
555 847
556 839
557 819
558 801
559 811
560 842
561 842
562 852
563 841
564 908
565 908
566 899
567 921
568 875
569 913
570 880
571 880
572 887
573 887
574 861
575 904
576 945
577 970
578 921
579 894
580 907
581 872
582 848
583 816
584 834
585 811
586 796
587 845
588 842
589 844
590 839
591 848
592 797
593 776
594 775
595 780
596 799
597 815
598 877
599 899
600 909
601 875
602 880
603 895
604 909
605 905
606 945
607 973
608 968
609 1013
610 1026
611 1063
612 1010
613 1015
614 1017
615 1089
616 1049
617 1064
618 1087
619 1119
620 1124
621 1140
622 1153
623 1153
624 1175
625 1211
626 1189
627 1206
628 1239
629 1241
630 1217
631 1194
632 1213
633 1229
634 1209
635 1251
636 1211
637 1193
638 1144
639 1210
640 1200
641 1165
642 1169
643 1171
644 1192
645 1208
646 1204
647 1235
648 1208
649 1228
650 1269
651 1233
652 1248
653 1221
654 1198
655 1254
656 1247
657 1288
658 1340
659 1293
660 1325
661 1344
662 1290
663 1258
664 1305
665 1318
666 1351
667 1383
668 1364
669 1362
670 1336
671 1327
672 1334
673 1331
674 1340
675 1311
676 1308
677 1380
678 1412
679 1391
680 1344
681 1380
682 1373
683 1420
684 1340
685 1393
686 1383
687 1430
688 1416
689 1383
690 1306
691 1264
692 1280
693 1329
694 1296
695 1344
696 1411
697 1429
698 1473
699 1459
700 1394
701 1428
702 1448
703 1512
704 1465
705 1467
706 1513
707 1589
708 1605
709 1680
710 1728
711 1736
712 1730
713 1712
714 1742
715 1736
716 1733
717 1744
718 1726
719 1695
720 1701
721 1736
722 1735
723 1712
724 1693
725 1618
726 1561
727 1592
728 1611
729 1642
730 1693
731 1667
732 1662
733 1621
734 1680
735 1695
736 1637
737 1628
738 1582
739 1539
740 1566
741 1505
742 1517
743 1543
744 1618
745 1626
746 1605
747 1605
748 1614
749 1618
750 1651
751 1604
752 1587
753 1623
754 1609
755 1708
756 1739
757 1760
758 1793
759 1774
760 1814
761 1815
762 1765
763 1798
764 1799
765 1881
766 1851
767 1874
768 1895
769 1941
770 1989
771 2023
772 2027
773 2052
774 2070
775 2169
776 2197
777 2208
778 2175
779 2061
780 2060
781 2090
782 1996
783 1978
784 1971
785 2001
786 1930
787 1944
788 1888
789 1826
790 1797
791 1830
792 1878
793 1923
794 1903
795 1929
796 1947
797 2022
798 2004
799 1997
800 2041
801 2088
802 2038
803 2094
804 2063
805 2042
806 2065
807 2091
808 2062
809 2115
810 2093
811 2046
812 2056
813 2060
814 2045
815 2059
816 2014
817 2017
818 2006
819 2044
820 2057
821 2110
822 2061
823 2054
824 1960
825 1911
826 1954
827 1996
828 1909
829 1940
830 1916
831 1924
832 1880
833 1862
834 1864
835 1855
836 1886
837 1950
838 1996
839 2043
840 2090
841 2144
842 2137
843 2168
844 2137
845 2191
846 2209
847 2230
848 2231
849 2188
850 2123
851 2176
852 2188
853 2270
854 2343
855 2386
856 2393
857 2408
858 2464
859 2401
860 2522
861 2497
862 2628
863 2544
864 2545
865 2549
866 2599
867 2638
868 2671
869 2653
870 2668
871 2665
872 2647
873 2638
874 2491
875 2509
876 2504
877 2455
878 2476
879 2465
880 2477
881 2512
882 2534
883 2698
884 2672
885 2749
886 2896
887 2866
888 2826
889 2848
890 2865
891 2898
892 2848
893 2851
894 2822
895 2834
896 2812
897 2785
898 2830
899 2902
900 2880
901 2972
902 2954
903 2987
904 3018
905 2950
906 2934
907 2926
908 3032
909 3006
910 3043
911 3160
912 3297
913 3362
914 3322
915 3367
916 3414
917 3464
918 3449
919 3315
920 3267
921 3216
922 3218
923 3153
924 3115
925 3191
926 3346
927 3451
928 3459
929 3486
930 3402
931 3516
932 3457
933 3475
934 3507
935 3611
936 3662
937 3651
938 3492
939 3461
940 3457
941 3481
942 3497
943 3572
944 3587
945 3518
946 3529
947 3612
948 3808
949 3772
950 3732
951 3657
952 3633
953 3602
954 3574
955 3566
956 3489
957 3536
958 3468
959 3579
960 3574
961 3486
962 3382
963 3321
964 3253
965 3239
966 3289
967 3248
968 3185
969 3196
970 3226
971 3241
972 3250
973 3288
974 3306
975 3411
976 3359
977 3306
978 3252
979 3378
980 3479
981 3501
982 3484
983 3430
984 3437
985 3412
986 3400
987 3512
988 3450
989 3397
990 3460
991 3545
992 3544
993 3514
994 3527
995 3447
996 3443
997 3612
998 3639
999 3589
1000 3615
