1 26
2 42
3 59
4 74
5 95
6 107
7 138
8 169
9 183
10 202
11 245
12 267
13 309
14 321
15 339
16 399
17 424
18 454
19 497
20 543
21 558
22 585
23 565
24 587
25 628
26 677
27 700
28 769
29 833
30 826
31 837
32 898
33 889
34 954
35 975
36 1056
37 1085
38 1105
39 1116
40 1182
41 1155
42 1159
43 1190
44 1183
45 1141
46 1186
47 1197
48 1282
49 1298
50 1280
51 1267
52 1284
53 1358
54 1365
55 1361
56 1407
57 1431
58 1433
59 1454
60 1478
61 1486
62 1514
63 1584
64 1672
65 1735
66 1732
67 1741
68 1723
69 1693
70 1745
71 1714
72 1769
73 1832
74 1821
75 1802
76 1871
77 1853
78 1825
79 1836
80 1854
81 1942
82 1981
83 2011
84 2092
85 2117
86 2161
87 2165
88 2241
89 2198
90 2296
91 2352
92 2387
93 2342
94 2431
95 2453
96 2444
97 2541
98 2490
99 2617
100 2633
101 2639
102 2615
103 2620
104 2697
105 2704
106 2730
107 2707
108 2730
109 2724
110 2638
111 2651
112 2735
113 2776
114 2788
115 2829
116 2782
117 2829
118 2849
119 2813
120 2870
121 2836
122 2873
123 2900
124 2851
125 2814
126 2796
127 2767
128 2792
129 2884
130 2904
131 2978
132 3070
133 2977
134 2888
135 2891
136 2813
137 2869
138 2940
139 2888
140 2808
141 2860
142 2843
143 3019
144 3090
145 3085
146 3140
147 3147
148 3177
149 3187
150 3248
151 3296
152 3478
153 3563
154 3611
155 3528
156 3505
157 3632
158 3596
159 3654
160 3643
161 3591
162 3668
163 3564
164 3535
165 3613
166 3555
167 3563
168 3782
169 3711
170 3771
171 3851
172 3875
173 3870
174 3777
175 3790
176 3804
177 3881
178 3837
179 3829
180 3817
181 3805
182 3773
183 3756
184 3747
185 3815
186 3923
187 3953
188 3991
189 4019
190 4084
191 3982
192 4014
193 3927
194 3932
195 3898
196 3881
197 3892
198 4010
199 4054
200 4110
201 4163
202 4205
203 4209
204 4234
205 4130
206 4081
207 4210
208 4186
209 4284
210 4269
211 4296
212 4347
213 4386
214 4516
215 4583
216 4684
217 4709
218 4723
219 4784
220 4810
221 4856
222 4790
223 4836
224 4936
225 4879
226 4876
227 4822
228 4894
229 5035
230 5031
231 5030
232 5051
233 5219
234 5287
235 5306
236 5298
237 5347
238 5267
239 5289
240 5291
241 5296
242 5287
243 5347
244 5397
245 5383
246 5363
247 5347
248 5327
249 5288
250 5339
251 5410
252 5510
253 5538
254 5500
255 5489
256 5445
257 5437
258 5340
259 5405
260 5353
261 5341
262 5400
263 5445
264 5428
265 5415
266 5512
267 5650
268 5646
269 5595
270 5698
271 5698
272 5662
273 5729
274 5748
275 5707
276 5787
277 5730
278 5695
279 5771
280 5797
281 5844
282 5747
283 5680
284 5564
285 5445
286 5481
287 5352
288 5338
289 5410
290 5527
291 5428
292 5568
293 5708
294 5716
295 5679
296 5710
297 5697
298 5765
299 5762
300 5782
301 5835
302 5856
303 5896
304 5862
305 5823
306 5865
307 5885
308 5946
309 5955
310 5956
311 5989
312 5990
313 5925
314 5817
315 5912
316 5990
317 6008
318 6187
319 6074
320 5990
321 5940
322 6093
323 6073
324 6212
325 6197
326 6217
327 6181
328 6321
329 6304
330 6377
331 6532
332 6447
333 6652
334 6674
335 6777
336 6884
337 6979
338 6867
339 6734
340 6811
341 6938
342 6914
343 7079
344 7026
345 7154
346 7175
347 7160
348 7250
349 7346
350 7423
351 7483
352 7348
353 7209
354 7297
355 7208
356 7300
357 7447
358 7551
359 7497
360 7632
361 7653
362 7734
363 7664
364 7862
365 7875
366 7907
367 7849
368 7738
369 7900
370 7976
371 7966
372 8076
373 8327
374 8320
375 8367
376 8305
377 8396
378 8319
379 8286
380 8457
381 8439
382 8522
383 8445
384 8479
385 8493
386 8481
387 8523
388 8703
389 8675
390 8820
391 8830
392 8874
393 8919
394 9006
395 8969
396 9124
397 9034
398 9112
399 9066
400 9098
401 9157
402 9073
403 9066
404 9197
405 9084
406 9276
407 9137
408 9193
409 9250
410 9278
411 9188
412 9150
413 9197
414 9176
415 9148
416 9069
417 9082
418 9100
419 8970
420 8843
421 8975
422 9026
423 8863
424 8806
425 8795
426 8808
427 8841
428 8818
429 8934
430 8906
431 9041
432 9128
433 8935
434 8981
435 9035
436 9113
437 9285
438 9364
439 9377
440 9571
441 9605
442 9550
443 9674
444 9539
445 9565
446 9600
447 9700
448 9793
449 9735
450 9966
451 10181
452 10201
453 10291
454 10363
455 10332
456 10283
457 10264
458 10228
459 10269
460 10312
461 10226
462 10214
463 10035
464 10079
465 10051
466 10002
467 10131
468 10077
469 10147
470 10051
471 9819
472 9891
473 9814
474 9628
475 9561
476 9507
477 9756
478 9874
479 10102
480 10271
481 10231
482 10097
483 10277
484 10310
485 10128
486 10191
487 10067
488 10078
489 10180
490 10098
491 10071
492 9983
493 10045
494 9959
495 9931
496 9953
497 9935
498 9859
499 9682
500 9748
501 9829
502 9729
503 9807
504 9818
505 9842
506 10084
507 10026
508 10020
509 9951
510 9960
511 10032
512 10127
513 10006
514 10114
515 10082
516 10053
517 10022
518 10084
519 9991
520 10068
521 10105
522 10111
523 10226
524 10336
525 10275
526 10192
527 10095
528 10181
529 10142
530 10220
531 10261
532 10235
533 10176
534 10111
535 10149
536 10138
537 10093
538 10218
539 10325
540 10474
541 10391
542 10590
543 10625
544 10662
545 10770
546 10873
547 11196
548 11288
549 11394
550 11617
551 11632
552 11567
553 11631
554 11453
555 11454
556 11423
557 11507
558 11398
559 11351
560 11354
561 11536
562 11577
563 11771
564 11788
565 11897
566 11975
567 11860
568 11871
569 11992
570 12052
571 12243
572 12487
573 12621
574 12560
575 12697
576 12747
577 12416
578 12530
579 12765
580 12771
581 12833
582 12851
583 12913
584 13094
585 12956
586 12868
587 12730
588 12620
589 12517
590 12618
591 12596
592 12628
593 12557
594 12584
595 12691
596 12659
597 12525
598 12474
599 12460
600 12461
601 12507
602 12765
603 12984
604 12866
605 12811
606 12708
607 12725
608 12812
609 12866
610 12746
611 12633
612 12658
613 12527
614 12375
615 12446
616 12513
617 12518
618 12567
619 12676
620 12753
621 12863
622 12924
623 13043
624 13041
625 13097
626 13166
627 13215
628 13312
629 13376
630 13259
631 13379
632 13354
633 13322
634 13520
635 13745
636 13626
637 13696
638 13969
639 14093
640 14051
641 13873
642 13918
643 13898
644 14088
645 14252
646 13892
647 13771
648 14034
649 13936
650 14095
651 14091
652 14213
653 14452
654 14257
655 14045
656 14103
657 14026
658 14282
659 14550
660 14703
661 14914
662 14790
663 14890
664 14860
665 14789
666 14854
667 15057
668 15079
669 15177
670 15001
671 15092
672 15099
673 15262
674 15328
675 15327
676 15320
677 15155
678 15034
679 14806
680 14668
681 14956
682 14883
683 14870
684 14957
685 14811
686 14859
687 15021
688 14976
689 15101
690 14949
691 15135
692 15224
693 15200
694 15223
695 15439
696 15461
697 15347
698 15387
699 15206
700 15354
701 15344
702 15374
703 15343
704 15366
705 15154
706 15195
707 15339
708 15295
709 15415
710 15585
711 15651
712 15549
713 15604
714 15502
715 15699
716 15720
717 15595
718 15642
719 15648
720 15714
721 15862
722 16041
723 16349
724 16215
725 16187
726 16295
727 16172
728 16308
729 16465
730 16542
731 16306
732 16308
733 16179
734 16141
735 16166
736 16298
737 16226
738 16233
739 16351
740 16235
741 16405
742 16627
743 16520
744 16379
745 16407
746 16497
747 16238
748 16211
749 16116
750 16139
751 16280
752 16389
753 16145
754 16213
755 16298
756 16332
757 16440
758 16693
759 16640
760 16824
761 16839
762 16876
763 16784
764 16704
765 16826
766 16812
767 16562
768 16530
769 16442
770 16474
771 16368
772 16634
773 16554
774 16349
775 16385
776 16087
777 16183
778 16036
779 16101
780 16221
781 16130
782 15957
783 15776
784 15625
785 15569
786 15599
787 15764
788 15701
789 15582
790 15604
791 15626
792 15617
793 15787
794 15853
795 15929
796 16038
797 15990
798 16129
799 16255
800 16509
801 16543
802 16442
803 16681
804 16921
805 17021
806 17225
807 17254
808 17137
809 17106
810 17226
811 17127
812 16978
813 16650
814 16633
815 16836
816 16723
817 16746
818 16847
819 16851
820 16919
821 16706
822 16549
823 16567
824 16733
825 16510
826 16707
827 16782
828 16546
829 16518
830 16671
831 16658
832 16498
833 16728
834 16803
835 16775
836 16769
837 16876
838 16904
839 16970
840 16967
841 16876
842 16877
843 16815
844 16854
845 16924
846 16983
847 16942
848 16927
849 16833
850 16808
851 16775
852 16818
853 16851
854 16701
855 16791
856 16560
857 16460
858 16364
859 16298
860 16182
861 16126
862 16129
863 15971
864 15962
865 16163
866 15890
867 15786
868 15998
869 16031
870 16182
871 16106
872 15938
873 15891
874 16050
875 16220
876 16337
877 16012
878 16037
879 16029
880 16140
881 16165
882 16067
883 16128
884 16241
885 16285
886 16341
887 16247
888 16413
889 16711
890 16814
891 16782
892 16857
893 16819
894 16696
895 16766
896 16693
897 16835
898 16941
899 17016
900 17294
901 17188
902 17301
903 17393
904 17591
905 17454
906 17372
907 17300
908 17366
909 17657
910 17767
911 17850
912 18060
913 18116
914 18378
915 18354
916 18579
917 18704
918 18787
919 19080
920 19055
921 19072
922 18952
923 18722
924 18505
925 18562
926 18509
927 18664
928 18582
929 18605
930 18452
931 18224
932 18397
933 18378
934 18488
935 18615
936 18854
937 19109
938 19061
939 19339
940 19435
941 19435
942 19577
943 19561
944 19602
945 19540
946 19739
947 19835
948 19885
949 19965
950 19929
951 19862
952 19953
953 20012
954 20036
955 20173
956 20085
957 19935
958 20099
959 20057
960 20160
961 20492
962 20396
963 20371
964 20261
965 20367
966 20401
967 20439
968 20573
969 20584
970 20439
971 20831
972 21037
973 20973
974 20936
975 20692
976 21019
977 21236
978 21148
979 21184
980 21058
981 21163
982 21292
983 21679
984 21694
985 21837
986 22085
987 21983
988 22255
989 22314
990 22405
991 22692
992 22470
993 22395
994 22405
995 22517
996 22688
997 22585
998 22834
999 22795
1000 22859
