1 3
2 5
3 5
4 4
5 6
6 7
7 9
8 11
9 15
10 18
11 25
12 27
13 21
14 19
15 24
16 32
17 40
18 37
19 48
20 50
21 47
22 42
23 55
24 52
25 42
26 54
27 55
28 47
29 51
30 52
31 54
32 58
33 69
34 82
35 82
36 69
37 67
38 69
39 51
40 61
41 89
42 86
43 88
44 98
45 102
46 98
47 103
48 114
49 117
50 119
51 119
52 127
53 132
54 139
55 157
56 148
57 170
58 170
59 165
60 183
61 165
62 176
63 178
64 194
65 218
66 219
67 224
68 229
69 242
70 243
71 266
72 287
73 282
74 302
75 303
76 307
77 313
78 293
79 311
80 288
81 286
82 293
83 304
84 354
85 334
86 354
87 349
88 348
89 386
90 393
91 407
92 427
93 415
94 434
95 424
96 429
97 449
98 440
99 483
100 506
101 503
102 520
103 512
104 544
105 546
106 537
107 532
108 544
109 494
110 511
111 532
112 554
113 527
114 526
115 563
116 579
117 629
118 645
119 620
120 600
121 650
122 712
123 709
124 736
125 718
126 734
127 718
128 720
129 686
130 650
131 682
132 667
133 657
134 674
135 659
136 675
137 710
138 728
139 749
140 750
141 728
142 781
143 780
144 788
145 785
146 785
147 757
148 803
149 820
150 798
151 830
152 852
153 875
154 855
155 895
156 938
157 935
158 903
159 865
160 836
161 827
162 771
163 775
164 770
165 803
166 804
167 796
168 791
169 838
170 940
171 963
172 961
173 926
174 929
175 953
176 1004
177 944
178 967
179 986
180 1014
181 986
182 1002
183 1026
184 999
185 951
186 953
187 944
188 920
189 961
190 978
191 1026
192 995
193 983
194 976
195 918
196 986
197 1008
198 948
199 953
200 944
201 891
202 900
203 849
204 845
205 800
206 776
207 777
208 817
209 836
210 845
211 811
212 792
213 785
214 820
215 827
216 790
217 805
218 845
219 794
220 776
221 795
222 806
223 832
224 847
225 872
226 869
227 855
228 883
229 847
230 836
231 857
232 869
233 850
234 875
235 891
236 926
237 947
238 930
239 969
240 993
241 945
242 886
243 860
244 840
245 826
246 786
247 761
248 753
249 780
250 777
251 748
252 794
253 790
254 784
255 779
256 785
257 839
258 833
259 842
260 819
261 804
262 821
263 810
264 822
265 832
266 841
267 856
268 825
269 820
270 810
271 805
272 838
273 853
274 849
275 838
276 833
277 885
278 858
279 887
280 904
281 878
282 964
283 908
284 914
285 869
286 870
287 797
288 799
289 800
290 795
291 780
292 706
293 736
294 744
295 744
296 786
297 801
298 759
299 742
300 705
301 759
302 726
303 727
304 769
305 802
306 819
307 811
308 775
309 810
310 819
311 776
312 785
313 803
314 741
315 725
316 751
317 808
318 849
319 839
320 834
321 834
322 862
323 881
324 882
325 871
326 809
327 796
328 865
329 792
330 768
331 889
332 888
333 938
334 903
335 820
336 809
337 860
338 870
339 892
340 925
341 912
342 887
343 923
344 1001
345 1045
346 1032
347 1036
348 1064
349 1109
350 1140
351 1183
352 1192
353 1187
354 1172
355 1156
356 1145
357 1248
358 1221
359 1245
360 1278
361 1333
362 1338
363 1400
364 1345
365 1332
366 1369
367 1443
368 1392
369 1371
370 1449
371 1502
372 1509
373 1568
374 1576
375 1623
376 1662
377 1634
378 1625
379 1584
380 1628
381 1656
382 1629
383 1590
384 1683
385 1640
386 1632
387 1607
388 1605
389 1612
390 1634
391 1628
392 1576
393 1581
394 1560
395 1542
396 1506
397 1575
398 1566
399 1529
400 1495
401 1513
402 1471
403 1499
404 1548
405 1585
406 1573
407 1624
408 1656
409 1623
410 1660
411 1655
412 1609
413 1622
414 1657
415 1637
416 1661
417 1707
418 1766
419 1749
420 1792
421 1828
422 1892
423 1955
424 1880
425 1826
426 1797
427 1808
428 1739
429 1706
430 1712
431 1735
432 1767
433 1747
434 1649
435 1694
436 1725
437 1709
438 1673
439 1565
440 1597
441 1635
442 1602
443 1600
444 1562
445 1570
446 1606
447 1647
448 1665
449 1643
450 1635
451 1695
452 1738
453 1764
454 1665
455 1686
456 1712
457 1663
458 1751
459 1739
460 1793
461 1713
462 1698
463 1727
464 1759
465 1736
466 1732
467 1679
468 1684
469 1715
470 1807
471 1850
472 1812
473 1792
474 1825
475 1837
476 1863
477 1915
478 1890
479 1918
480 1939
481 1930
482 1866
483 1862
484 1818
485 1819
486 1849
487 1909
488 1964
489 2006
490 1936
491 1979
492 1983
493 2042
494 1947
495 1986
496 2063
497 2049
498 1977
499 1924
500 1921
501 1939
502 1964
503 1981
504 2029
505 2012
506 1948
507 1958
508 1955
509 1908
510 1860
511 1792
512 1755
513 1686
514 1686
515 1686
516 1725
517 1712
518 1700
519 1680
520 1642
521 1654
522 1677
523 1735
524 1697
525 1636
526 1637
527 1567
528 1590
529 1582
530 1647
531 1714
532 1760
533 1711
534 1759
535 1813
536 1780
537 1770
538 1716
539 1683
540 1665
541 1660
542 1598
543 1575
544 1576
545 1617
546 1720
547 1738
548 1791
549 1738
550 1697
551 1697
552 1700
553 1736
554 1720
555 1770
556 1733
557 1659
558 1703
559 1610
560 1694
561 1730
562 1664
563 1688
564 1674
565 1708
566 1750
567 1765
568 1748
569 1753
570 1757
571 1723
572 1712
573 1607
574 1609
575 1575
576 1576
577 1522
578 1554
579 1464
580 1439
581 1348
582 1363
583 1387
584 1412
585 1438
586 1446
587 1487
588 1515
589 1511
590 1532
591 1519
592 1496
593 1514
594 1524
595 1640
596 1632
597 1606
598 1667
599 1632
600 1639
601 1631
602 1594
603 1625
604 1659
605 1650
606 1678
607 1631
608 1618
609 1560
610 1572
611 1611
612 1582
613 1562
614 1620
615 1586
616 1644
617 1628
618 1647
619 1584
620 1539
621 1515
622 1578
623 1588
624 1598
625 1713
626 1761
627 1737
628 1769
629 1787
630 1809
631 1834
632 1755
633 1799
634 1868
635 1853
636 1814
637 1812
638 1850
639 1782
640 1770
641 1707
642 1652
643 1702
644 1651
645 1673
646 1696
647 1667
648 1658
649 1710
650 1735
651 1768
652 1812
653 1822
654 1927
655 1839
656 1880
657 1935
658 1935
659 1890
660 1874
661 1802
662 1799
663 1844
664 1925
665 1859
666 1862
667 1845
668 1807
669 1803
670 1871
671 1932
672 1988
673 2022
674 2023
675 2036
676 2060
677 2063
678 2029
679 2067
680 2074
681 2126
682 2081
683 2085
684 2118
685 2096
686 2110
687 2141
688 2047
689 2115
690 2086
691 2022
692 2022
693 1975
694 1952
695 1884
696 1863
697 1879
698 1857
699 1798
700 1758
701 1795
702 1729
703 1669
704 1670
705 1643
706 1692
707 1680
708 1632
709 1614
710 1599
711 1619
712 1649
713 1645
714 1725
715 1711
716 1633
717 1561
718 1567
719 1579
720 1538
721 1540
722 1491
723 1417
724 1496
725 1564
726 1567
727 1624
728 1652
729 1650
730 1696
731 1790
732 1836
733 1871
734 1835
735 1833
736 1857
737 1746
738 1681
739 1756
740 1792
741 1844
742 1914
743 1903
744 1968
745 1937
746 1908
747 1903
748 1898
749 1863
750 1876
751 1907
752 1913
753 2023
754 2082
755 2033
756 2057
757 2097
758 2134
759 2128
760 2076
761 2131
762 2144
763 2201
764 2144
765 2094
766 2164
767 2134
768 2125
769 2145
770 2086
771 2090
772 2108
773 2092
774 2104
775 2101
776 2165
777 2244
778 2216
779 2183
780 2164
781 2097
782 2097
783 2135
784 2090
785 2131
786 2080
787 1997
788 1997
789 1911
790 1884
791 1868
792 1844
793 1822
794 1808
795 1802
796 1769
797 1733
798 1673
799 1698
800 1706
801 1726
802 1744
803 1682
804 1701
805 1739
806 1694
807 1793
808 1754
809 1767
810 1798
811 1793
812 1735
813 1717
814 1676
815 1734
816 1666
817 1652
818 1609
819 1607
820 1597
821 1581
822 1518
823 1502
824 1495
825 1482
826 1485
827 1556
828 1552
829 1496
830 1552
831 1550
832 1492
833 1457
834 1483
835 1477
836 1466
837 1451
838 1394
839 1462
840 1486
841 1468
842 1475
843 1505
844 1537
845 1542
846 1493
847 1444
848 1507
849 1539
850 1501
851 1514
852 1570
853 1575
854 1611
855 1556
856 1509
857 1520
858 1475
859 1448
860 1436
861 1495
862 1474
863 1437
864 1430
865 1392
866 1424
867 1446
868 1382
869 1383
870 1397
871 1426
872 1425
873 1428
874 1433
875 1437
876 1481
877 1431
878 1500
879 1541
880 1554
881 1522
882 1491
883 1476
884 1401
885 1446
886 1467
887 1507
888 1535
889 1540
890 1525
891 1551
892 1566
893 1552
894 1532
895 1500
896 1501
897 1486
898 1507
899 1517
900 1544
901 1591
902 1580
903 1606
904 1595
905 1550
906 1578
907 1630
908 1689
909 1623
910 1601
911 1618
912 1683
913 1664
914 1629
915 1553
916 1571
917 1620
918 1644
919 1665
920 1646
921 1627
922 1607
923 1566
924 1534
925 1629
926 1654
927 1719
928 1773
929 1828
930 1893
931 1872
932 1845
933 1822
934 1827
935 1751
936 1867
937 1787
938 1884
939 1901
940 1919
941 1910
942 1910
943 1974
944 2044
945 2020
946 1986
947 1985
948 2017
949 1979
950 1993
951 2023
952 2081
953 2024
954 1948
955 1952
956 1902
957 1879
958 1823
959 1810
960 1804
961 1822
962 1836
963 1879
964 1910
965 1983
966 1995
967 2023
968 2041
969 2040
970 2036
971 2013
972 1976
973 1927
974 1955
975 1973
976 2051
977 2085
978 2069
979 2039
980 2048
981 2054
982 2097
983 2113
984 2115
985 2090
986 2013
987 1970
988 1899
989 1889
990 1887
991 1966
992 1951
993 1919
994 1955
995 2066
996 2044
997 1940
998 1982
999 2007
1000 1937
