1 23
2 51
3 59
4 101
5 117
6 154
7 175
8 185
9 201
10 218
11 238
12 268
13 308
14 321
15 328
16 327
17 336
18 311
19 311
20 352
21 413
22 418
23 466
24 528
25 549
26 582
27 631
28 657
29 665
30 666
31 653
32 676
33 668
34 692
35 656
36 664
37 709
38 741
39 759
40 781
41 788
42 812
43 836
44 842
45 880
46 816
47 832
48 816
49 836
50 842
51 885
52 845
53 872
54 886
55 933
56 933
57 974
58 984
59 1043
60 1042
61 1033
62 1102
63 1162
64 1150
65 1199
66 1231
67 1215
68 1241
69 1248
70 1315
71 1301
72 1281
73 1272
74 1324
75 1327
76 1359
77 1369
78 1371
79 1366
80 1459
81 1424
82 1473
83 1517
84 1551
85 1590
86 1544
87 1529
88 1525
89 1517
90 1504
91 1492
92 1544
93 1542
94 1616
95 1686
96 1690
97 1696
98 1755
99 1810
100 1880
101 1897
102 1854
103 1890
104 1817
105 1801
106 1852
107 1892
108 1916
109 1839
110 1821
111 1862
112 1936
113 1926
114 1925
115 1865
116 1903
117 1910
118 1896
119 1921
120 1970
121 1922
122 1988
123 1959
124 2004
125 2027
126 2012
127 2091
128 2123
129 2099
130 2100
131 2098
132 2156
133 2136
134 2119
135 2136
136 2111
137 2192
138 2188
139 2137
140 2122
141 2204
142 2187
143 2272
144 2375
145 2382
146 2426
147 2485
148 2515
149 2454
150 2587
151 2566
152 2637
153 2775
154 2825
155 2902
156 3042
157 3237
158 3278
159 3273
160 3288
161 3334
162 3448
163 3504
164 3587
165 3591
166 3558
167 3557
168 3531
169 3549
170 3547
171 3564
172 3530
173 3434
174 3536
175 3589
176 3660
177 3694
178 3746
179 3663
180 3686
181 3690
182 3643
183 3650
184 3677
185 3683
186 3642
187 3633
188 3593
189 3612
190 3730
191 3699
192 3646
193 3698
194 3663
195 3677
196 3652
197 3697
198 3711
199 3569
200 3547
201 3638
202 3615
203 3693
204 3707
205 3698
206 3756
207 3903
208 3892
209 4023
210 4079
211 4099
212 4099
213 4097
214 4135
215 4261
216 4268
217 4224
218 4151
219 4259
220 4232
221 4297
222 4296
223 4213
224 4219
225 4214
226 4141
227 4174
228 4217
229 4333
230 4350
231 4381
232 4526
233 4523
234 4458
235 4458
236 4437
237 4440
238 4342
239 4383
240 4400
241 4494
242 4550
243 4628
244 4661
245 4834
246 4830
247 4802
248 4839
249 4805
250 4792
251 4788
252 4951
253 5090
254 5005
255 4925
256 4935
257 4815
258 4896
259 4934
260 4967
261 4874
262 4948
263 4925
264 4906
265 5070
266 5097
267 5316
268 5298
269 5361
270 5512
271 5420
272 5461
273 5571
274 5625
275 5674
276 5756
277 5715
278 5701
279 5731
280 5641
281 5550
282 5477
283 5493
284 5502
285 5569
286 5605
287 5598
288 5632
289 5751
290 5738
291 5812
292 5797
293 5651
294 5710
295 5594
296 5599
297 5677
298 5746
299 5777
300 5743
301 5690
302 5648
303 5727
304 5802
305 5756
306 5678
307 5758
308 5823
309 5777
310 5752
311 5840
312 5763
313 5799
314 5898
315 5837
316 5748
317 5728
318 5814
319 5689
320 5642
321 5594
322 5566
323 5682
324 5647
325 5837
326 5773
327 5779
328 5887
329 5975
330 5991
331 5965
332 5950
333 5843
334 5820
335 5643
336 5763
337 5908
338 5888
339 5912
340 6049
341 6110
342 6303
343 6213
344 6229
345 6300
346 6472
347 6346
348 6455
349 6492
350 6439
351 6453
352 6494
353 6355
354 6434
355 6410
356 6473
357 6590
358 6517
359 6704
360 6860
361 6876
362 6712
363 6707
364 6713
365 6885
366 6908
367 6899
368 6889
369 6994
370 6939
371 6871
372 6779
373 6758
374 6662
375 6698
376 6597
377 6617
378 6668
379 6535
380 6493
381 6518
382 6343
383 6332
384 6432
385 6445
386 6572
387 6579
388 6729
389 6767
390 6680
391 6698
392 6786
393 6721
394 6800
395 6836
396 6927
397 6935
398 6870
399 7025
400 7049
401 7100
402 7111
403 7251
404 7064
405 7142
406 7168
407 7253
408 7159
409 7195
410 7224
411 7213
412 7209
413 7271
414 7390
415 7370
416 7414
417 7331
418 7265
419 7287
420 7243
421 7178
422 7192
423 7237
424 7153
425 7159
426 7139
427 7193
428 7223
429 7214
430 7314
431 7349
432 7421
433 7589
434 7750
435 7759
436 7723
437 7808
438 7700
439 7762
440 7807
441 7963
442 8175
443 8147
444 8186
445 8149
446 8254
447 8190
448 8218
449 8228
450 8188
451 8125
452 8049
453 8114
454 8244
455 8371
456 8210
457 8308
458 8269
459 8203
460 8216
461 8236
462 8150
463 8195
464 8229
465 8329
466 8388
467 8508
468 8579
469 8682
470 8690
471 8735
472 8725
473 8823
474 8709
475 8805
476 8943
477 8893
478 9013
479 9215
480 9404
481 9432
482 9436
483 9496
484 9500
485 9432
486 9431
487 9298
488 9212
489 9281
490 9385
491 9328
492 9404
493 9448
494 9517
495 9621
496 9762
497 9783
498 9861
499 10014
500 10053
501 10084
502 10157
503 10179
504 10109
505 10220
506 10256
507 10274
508 10316
509 10238
510 10328
511 10532
512 10598
513 10580
514 10632
515 10672
516 10647
517 10880
518 11034
519 11151
520 11017
521 11230
522 11385
523 11342
524 11425
525 11331
526 11514
527 11766
528 11765
529 11773
530 11617
531 11766
532 11597
533 11641
534 11731
535 11971
536 11849
537 12037
538 12093
539 12270
540 12162
541 12219
542 12320
543 12260
544 12222
545 12304
546 12470
547 12386
548 12392
549 12515
550 12491
551 12382
552 12379
553 12090
554 12155
555 12269
556 12310
557 12353
558 12320
559 12377
560 12149
561 12279
562 12206
563 12228
564 12156
565 12374
566 12598
567 12559
568 12672
569 12780
570 12778
571 12909
572 12838
573 12955
574 12824
575 12804
576 12960
577 12976
578 13008
579 12933
580 12955
581 12870
582 12824
583 12891
584 12943
585 12801
586 12775
587 12784
588 13032
589 12926
590 12979
591 12872
592 12991
593 13002
594 13137
595 13117
596 12952
597 13060
598 13197
599 13288
600 13210
601 13162
602 13056
603 12979
604 12939
605 12943
606 13174
607 13050
608 13006
609 13022
610 13005
611 13085
612 13046
613 13006
614 13222
615 13080
616 13214
617 13364
618 13475
619 13569
620 13580
621 13636
622 13681
623 13853
624 13816
625 13749
626 13822
627 13848
628 13851
629 13923
630 13759
631 13625
632 13758
633 13695
634 13519
635 13631
636 13706
637 13705
638 13700
639 13829
640 13996
641 13854
642 13683
643 13609
644 13611
645 13597
646 13601
647 13411
648 13389
649 13398
650 13302
651 13309
652 13498
653 13451
654 13648
655 13637
656 13611
657 13658
658 13692
659 13729
660 13699
661 13730
662 13919
663 13912
664 14000
665 14139
666 14140
667 14094
668 14100
669 13899
670 13882
671 14060
672 14166
673 14397
674 14451
675 14509
676 14473
677 14455
678 14452
679 14508
680 14537
681 14236
682 14381
683 14472
684 14522
685 14404
686 14523
687 14718
688 14786
689 14826
690 14770
691 15012
692 14927
693 14876
694 15155
695 15377
696 15507
697 15517
698 15317
699 15227
700 15536
701 15328
702 15174
703 15040
704 15060
705 15108
706 15175
707 15017
708 14770
709 14856
710 14949
711 15017
712 15290
713 15444
714 15404
715 15668
716 15460
717 15521
718 15626
719 15635
720 15847
721 15883
722 15691
723 15895
724 16158
725 16133
726 15999
727 16058
728 16045
729 15931
730 16106
731 16282
732 16340
733 16327
734 16244
735 16228
736 16512
737 16617
738 16854
739 17148
740 17264
741 17312
742 17261
743 17415
744 17344
745 17477
746 17550
747 17320
748 17225
749 17163
750 17094
751 17289
752 17189
753 17035
754 17005
755 17300
756 17244
757 17254
758 17338
759 17681
760 17694
761 17764
762 17718
763 17822
764 17750
765 18025
766 17912
767 17870
768 18011
769 18181
770 17967
771 18034
772 18147
773 18160
774 18258
775 18306
776 18396
777 18551
778 18458
779 18679
780 18780
781 18704
782 18832
783 18645
784 18763
785 18539
786 18736
787 18697
788 18777
789 18800
790 18669
791 18913
792 18919
793 18955
794 18897
795 19242
796 19226
797 19378
798 19340
799 19254
800 19241
801 19201
802 19227
803 19047
804 19266
805 18958
806 19143
807 19058
808 19033
809 18879
810 19038
811 19030
812 19105
813 19130
814 19415
815 19434
816 19382
817 19284
818 19114
819 18988
820 19160
821 19068
822 19085
823 19182
824 19136
825 19141
826 19088
827 19266
828 19264
829 19243
830 19337
831 19342
832 19323
833 19239
834 19426
835 19330
836 19102
837 19096
838 19216
839 19372
840 19471
841 19617
842 19548
843 19791
844 19926
845 19876
846 19679
847 19730
848 19821
849 19972
850 19908
851 20181
852 20381
853 20272
854 20168
855 20584
856 20736
857 20555
858 20541
859 20705
860 20632
861 20717
862 20804
863 20951
864 20972
865 21016
866 20998
867 20704
868 20647
869 20560
870 20644
871 20714
872 20974
873 21122
874 21081
875 21068
876 20844
877 21003
878 20986
879 21234
880 21132
881 21170
882 20877
883 20753
884 20937
885 21004
886 21099
887 21332
888 21173
889 21167
890 21372
891 21298
892 21165
893 21401
894 21421
895 21417
896 21483
897 21537
898 21460
899 21546
900 21522
901 21538
902 21545
903 21696
904 21751
905 21757
906 21996
907 21996
908 22185
909 22261
910 22279
911 22009
912 21971
913 22031
914 22269
915 22550
916 22415
917 22106
918 22183
919 21908
920 21784
921 21884
922 21989
923 22070
924 22334
925 22256
926 22198
927 22517
928 22606
929 22602
930 22479
931 22485
932 22576
933 22435
934 22439
935 22323
936 22459
937 22504
938 22654
939 22548
940 22842
941 22914
942 23191
943 23316
944 23236
945 23676
946 23902
947 23865
948 24021
949 23795
950 23878
951 23830
952 23795
953 23765
954 23924
955 23659
956 23328
957 23408
958 23685
959 23629
960 23648
961 23628
962 23781
963 23822
964 24108
965 24067
966 24075
967 23894
968 24110
969 24299
970 24456
971 24402
972 24228
973 24267
974 24328
975 24262
976 24186
977 24054
978 24196
979 24354
980 24349
981 23997
982 23769
983 24209
984 24389
985 24421
986 24337
987 24304
988 24237
989 24367
990 24176
991 24420
992 24506
993 24583
994 24557
995 24860
996 24862
997 24994
998 24866
999 24995
1000 24840
