1 25
2 40
3 74
4 93
5 111
6 138
7 166
8 185
9 204
10 203
11 231
12 254
13 251
14 254
15 250
16 264
17 289
18 302
19 304
20 296
21 332
22 376
23 400
24 424
25 461
26 505
27 554
28 606
29 650
30 682
31 776
32 766
33 801
34 838
35 919
36 877
37 875
38 888
39 917
40 968
41 1009
42 1045
43 1039
44 1033
45 997
46 1002
47 957
48 948
49 926
50 883
51 926
52 934
53 855
54 910
55 984
56 1025
57 968
58 974
59 994
60 996
61 969
62 1007
63 1038
64 1045
65 1067
66 1117
67 1083
68 1116
69 1138
70 1132
71 1162
72 1174
73 1281
74 1356
75 1335
76 1379
77 1357
78 1356
79 1377
80 1347
81 1353
82 1361
83 1379
84 1350
85 1393
86 1389
87 1437
88 1465
89 1477
90 1530
91 1555
92 1575
93 1711
94 1727
95 1759
96 1699
97 1667
98 1668
99 1646
100 1731
101 1680
102 1763
103 1841
104 1876
105 1814
106 1830
107 1823
108 1830
109 1865
110 1832
111 1829
112 1849
113 1913
114 1903
115 1833
116 1849
117 1862
118 1808
119 1845
120 1934
121 1937
122 1905
123 1945
124 2057
125 2070
126 2038
127 2132
128 2128
129 2248
130 2230
131 2186
132 2183
133 2166
134 2197
135 2225
136 2214
137 2233
138 2343
139 2456
140 2448
141 2493
142 2571
143 2631
144 2679
145 2600
146 2572
147 2540
148 2505
149 2464
150 2495
151 2537
152 2506
153 2529
154 2497
155 2459
156 2464
157 2511
158 2567
159 2657
160 2686
161 2806
162 2851
163 2927
164 2890
165 2878
166 2871
167 2870
168 2866
169 2845
170 2953
171 3045
172 3048
173 3056
174 3153
175 3095
176 3099
177 3198
178 3243
179 3325
180 3271
181 3204
182 3213
183 3205
184 3177
185 3221
186 3199
187 3169
188 3197
189 3281
190 3323
191 3396
192 3473
193 3540
194 3535
195 3546
196 3532
197 3556
198 3526
199 3531
200 3561
201 3471
202 3517
203 3512
204 3605
205 3595
206 3598
207 3573
208 3607
209 3654
210 3684
211 3667
212 3673
213 3715
214 3697
215 3645
216 3722
217 3828
218 3862
219 3935
220 3843
221 3891
222 3981
223 4020
224 4139
225 4092
226 4041
227 4014
228 4125
229 4245
230 4247
231 4183
232 4282
233 4347
234 4315
235 4266
236 4309
237 4301
238 4328
239 4343
240 4360
241 4231
242 4272
243 4195
244 4095
245 4075
246 4119
247 4274
248 4341
249 4273
250 4319
251 4324
252 4316
253 4324
254 4460
255 4518
256 4437
257 4430
258 4512
259 4587
260 4523
261 4520
262 4688
263 4523
264 4487
265 4460
266 4455
267 4585
268 4655
269 4669
270 4741
271 4727
272 4822
273 4793
274 4793
275 4892
276 4885
277 4870
278 4834
279 4880
280 4991
281 5023
282 5038
283 5025
284 5120
285 5161
286 5095
287 5137
288 5238
289 5367
290 5270
291 5317
292 5255
293 5262
294 5358
295 5427
296 5388
297 5508
298 5701
299 5737
300 5800
301 5840
302 5992
303 6079
304 6214
305 6343
306 6327
307 6250
308 6205
309 6119
310 6078
311 6120
312 6095
313 5969
314 6038
315 6100
316 6073
317 5891
318 6096
319 6161
320 6139
321 6204
322 6152
323 6158
324 6278
325 6248
326 6358
327 6531
328 6635
329 6634
330 6631
331 6728
332 6823
333 6735
334 6805
335 6762
336 6796
337 6743
338 6754
339 6846
340 6964
341 7172
342 7196
343 7287
344 7275
345 7363
346 7519
347 7530
348 7323
349 7355
350 7258
351 7267
352 7336
353 7576
354 7671
355 7494
356 7543
357 7417
358 7431
359 7344
360 7255
361 7351
362 7346
363 7326
364 7253
365 7215
366 7289
367 7435
368 7396
369 7472
370 7516
371 7586
372 7478
373 7504
374 7502
375 7427
376 7438
377 7217
378 7124
379 7140
380 7158
381 7139
382 7185
383 7115
384 7174
385 7217
386 7289
387 7206
388 7284
389 7322
390 7421
391 7556
392 7666
393 7689
394 7813
395 7798
396 7828
397 7834
398 7940
399 7921
400 7942
401 7934
402 7899
403 7819
404 7985
405 7956
406 7875
407 7891
408 7898
409 7849
410 7823
411 7890
412 7944
413 7992
414 8033
415 8296
416 8340
417 8474
418 8531
419 8697
420 8562
421 8557
422 8355
423 8444
424 8512
425 8580
426 8754
427 8681
428 8785
429 8869
430 8621
431 8642
432 8664
433 8712
434 8796
435 8946
436 8997
437 9095
438 9225
439 9327
440 9252
441 9067
442 9013
443 9156
444 9283
445 9389
446 9425
447 9514
448 9408
449 9490
450 9446
451 9273
452 9295
453 9532
454 9565
455 9649
456 9849
457 9953
458 10002
459 10159
460 10110
461 10218
462 10302
463 10243
464 10242
465 10276
466 10287
467 10208
468 10057
469 10053
470 10072
471 10154
472 10252
473 10327
474 10485
475 10580
476 10525
477 10428
478 10504
479 10744
480 10755
481 10882
482 10729
483 10797
484 10714
485 10659
486 10451
487 10270
488 10245
489 10148
490 10197
491 10271
492 10407
493 10476
494 10526
495 10449
496 10589
497 10578
498 10735
499 10642
500 10643
501 10572
502 10693
503 10880
504 10844
505 10838
506 10898
507 11027
508 11081
509 10862
510 11003
511 11212
512 11079
513 10996
514 10997
515 11098
516 11314
517 11209
518 11233
519 11215
520 11160
521 11290
522 11294
523 11199
524 11052
525 10907
526 10808
527 10749
528 10683
529 10804
530 10810
531 10966
532 11063
533 10817
534 10791
535 10780
536 10729
537 10830
538 10782
539 10810
540 11004
541 10883
542 10679
543 10595
544 10594
545 10562
546 10666
547 10651
548 10677
549 10608
550 10453
551 10495
552 10455
553 10493
554 10576
555 10339
556 10439
557 10474
558 10498
559 10378
560 10408
561 10502
562 10596
563 10673
564 10840
565 10832
566 10887
567 10812
568 10863
569 10947
570 10976
571 11025
572 10996
573 11039
574 10992
575 10958
576 10878
577 10909
578 10962
579 10906
580 11146
581 11178
582 11170
583 11109
584 10989
585 11074
586 10978
587 11047
588 10959
589 11012
590 11101
591 10984
592 11026
593 11005
594 10917
595 10686
596 10645
597 10731
598 10517
599 10568
600 10723
601 10875
602 10975
603 11027
604 11029
605 11127
606 11152
607 11077
608 10952
609 11117
610 11185
611 11216
612 11337
613 11477
614 11614
615 11440
616 11450
617 11455
618 11427
619 11335
620 11405
621 11492
622 11530
623 11568
624 11447
625 11514
626 11434
627 11604
628 11465
629 11393
630 11293
631 11278
632 11193
633 11229
634 11248
635 11434
636 11206
637 10935
638 10853
639 10831
640 10862
641 11043
642 10905
643 11059
644 10884
645 10963
646 11210
647 11238
648 11316
649 11343
650 11439
651 11362
652 11234
653 11297
654 11272
655 11447
656 11376
657 11401
658 11343
659 11234
660 11235
661 11409
662 11329
663 11348
664 11312
665 11250
666 11227
667 11163
668 11351
669 11257
670 11225
671 11341
672 11198
673 11360
674 11375
675 11270
676 11398
677 11450
678 11394
679 11453
680 11372
681 11355
682 11310
683 11218
684 11330
685 11387
686 11230
687 11366
688 11450
689 11385
690 11340
691 11405
692 11478
693 11535
694 11449
695 11540
696 11532
697 11464
698 11367
699 11294
700 11268
701 11297
702 11447
703 11678
704 11815
705 11857
706 11701
707 11776
708 11834
709 11914
710 12006
711 11951
712 11941
713 11939
714 11876
715 11881
716 11867
717 11798
718 11907
719 11733
720 11680
721 11718
722 11739
723 11731
724 11676
725 11664
726 11819
727 11972
728 12028
729 12111
730 12037
731 12126
732 12188
733 12181
734 11976
735 12049
736 12140
737 12406
738 12562
739 12577
740 12699
741 12710
742 12757
743 12685
744 12542
745 12500
746 12484
747 12441
748 12537
749 12351
750 12358
751 12223
752 12068
753 12021
754 12046
755 12054
756 12331
757 12450
758 12544
759 12581
760 12541
761 12710
762 12811
763 12864
764 12909
765 13088
766 13052
767 13115
768 13174
769 13110
770 13080
771 13250
772 13367
773 13281
774 13214
775 13449
776 13639
777 13640
778 13761
779 13780
780 13730
781 13715
782 13834
783 13822
784 13724
785 13853
786 14059
787 14052
788 13927
789 14060
790 14211
791 14180
792 14108
793 14206
794 14057
795 14006
796 13872
797 13805
798 13641
799 13690
800 13852
801 14065
802 14131
803 14146
804 14164
805 14235
806 14231
807 14311
808 14609
809 14662
810 14594
811 14621
812 14523
813 14640
814 14544
815 14573
816 14560
817 14547
818 14532
819 14631
820 14714
821 14710
822 14752
823 14719
824 14535
825 14753
826 14667
827 14729
828 14668
829 14865
830 14851
831 14897
832 14993
833 14963
834 14850
835 14823
836 14837
837 14795
838 14779
839 14849
840 14831
841 14827
842 14918
843 14883
844 14831
845 14868
846 14949
847 14941
848 15074
849 15171
850 15152
851 15225
852 15260
853 15240
854 15381
855 15574
856 15645
857 15620
858 15651
859 15682
860 15628
861 15410
862 15486
863 15617
864 15583
865 15593
866 15587
867 15595
868 15415
869 15346
870 15226
871 15288
872 15218
873 15030
874 15022
875 15199
876 15195
877 14970
878 14964
879 14960
880 15011
881 15021
882 15029
883 15003
884 14979
885 14876
886 15046
887 15129
888 15360
889 15525
890 15651
891 15534
892 15552
893 15598
894 15681
895 15640
896 15798
897 15728
898 15747
899 15808
900 15966
901 16128
902 16110
903 16140
904 16113
905 15974
906 16027
907 16079
908 16056
909 16030
910 15940
911 16030
912 15843
913 16047
914 15935
915 15929
916 15962
917 16057
918 16119
919 16360
920 16414
921 16357
922 16132
923 15899
924 15974
925 15936
926 15924
927 15840
928 15765
929 15840
930 15770
931 15676
932 15562
933 15654
934 15549
935 15432
936 15484
937 15411
938 15256
939 15365
940 15452
941 15452
942 15364
943 15241
944 15299
945 15429
946 15369
947 15274
948 15169
949 14916
950 14957
951 14883
952 14992
953 14981
954 15010
955 14989
956 14962
957 14954
958 14788
959 14669
960 14714
961 14881
962 14991
963 14971
964 15056
965 14958
966 14976
967 14868
968 14778
969 14688
970 14897
971 15052
972 14991
973 14968
974 14940
975 14951
976 14907
977 14881
978 14657
979 14669
980 14773
981 14441
982 14561
983 14526
984 14541
985 14427
986 14437
987 14464
988 14390
989 14273
990 14304
991 14370
992 14264
993 14472
994 14528
995 14404
996 14598
997 14558
998 14694
999 14759
1000 14754
