1 204
2 404
3 605
4 847
5 1060
6 1226
7 1411
8 1619
9 1794
10 1986
11 2208
12 2392
13 2643
14 2929
15 3091
16 3290
17 3479
18 3604
19 3716
20 3806
21 4122
22 4248
23 4482
24 4736
25 4999
26 5244
27 5544
28 5798
29 6086
30 6247
31 6380
32 6479
33 6736
34 6852
35 7009
36 7287
37 7276
38 7392
39 7599
40 7903
41 8132
42 8447
43 8747
44 8920
45 9169
46 9185
47 9393
48 9534
49 9817
50 10033
51 10127
52 10390
53 10569
54 10885
55 10964
56 11184
57 11493
58 11521
59 11631
60 11977
61 12144
62 12338
63 12673
64 12958
65 13421
66 13788
67 14030
68 14003
69 14241
70 14450
71 14678
72 14803
73 15270
74 15619
75 15734
76 16093
77 16356
78 16558
79 16891
80 17146
81 17358
82 17563
83 17737
84 18036
85 18195
86 18484
87 18544
88 18867
89 18886
90 18852
91 19172
92 19488
93 19703
94 19809
95 20032
96 20115
97 19910
98 20042
99 20151
100 20491
101 20829
102 21089
103 21349
104 21361
105 21557
106 22044
107 22128
108 22194
109 22136
110 22696
111 22768
112 23040
113 23206
114 23053
115 23283
116 23313
117 23575
118 23727
119 23830
120 24090
121 24608
122 24870
123 25141
124 25221
125 25432
126 25392
127 25855
128 26084
129 26430
130 26562
131 26906
132 26848
133 26999
134 26990
135 27195
136 27474
137 27428
138 27500
139 27623
140 27636
141 28001
142 27862
143 28314
144 28528
145 29029
146 29253
147 29493
148 30025
149 30193
150 30453
151 30657
152 31004
153 31285
154 31396
155 31650
156 31736
157 31979
158 32292
159 32672
160 32877
161 32902
162 32976
163 33126
164 33119
165 33551
166 33878
167 34158
168 34328
169 34785
170 35262
171 35305
172 35619
173 35781
174 35802
175 35974
176 36082
177 36352
178 36441
179 36748
180 37018
181 37354
182 37540
183 37688
184 38203
185 38579
186 38876
187 38562
188 38747
189 38962
190 39377
191 39274
192 39554
193 39880
194 40044
195 40395
196 40444
197 40341
198 40985
199 40624
200 40489
201 40602
202 40878
203 41138
204 41427
205 41587
206 41868
207 42087
208 42669
209 42989
210 43639
211 43830
212 44506
213 44630
214 44623
215 44802
216 45035
217 45144
218 45282
219 45327
220 45408
221 45533
222 45807
223 46215
224 46363
225 46742
226 46772
227 47171
228 47310
229 47410
230 47556
231 47509
232 47826
233 47667
234 47963
235 48421
236 48795
237 48582
238 48880
239 49216
240 49469
241 49599
242 49916
243 50112
244 49946
245 50226
246 50489
247 50350
248 50721
249 50590
250 50597
251 50995
252 50835
253 51032
254 51258
255 51552
256 51785
257 52260
258 52493
259 52651
260 52946
261 52851
262 52684
263 52329
264 52518
265 52594
266 53001
267 53021
268 53805
269 53877
270 53943
271 53839
272 54032
273 54144
274 54156
275 54519
276 54309
277 54615
278 54547
279 54817
280 55185
281 55552
282 55604
283 55868
284 56316
285 56953
286 57306
287 56902
288 57283
289 57197
290 57313
291 57764
292 57889
293 58286
294 58437
295 58437
296 58839
297 58796
298 59385
299 59486
300 59529
301 60141
302 60354
303 60422
304 60621
305 60831
306 61079
307 61113
308 61054
309 61146
310 61120
311 61544
312 61505
313 61896
314 62426
315 62680
316 62765
317 63062
318 63595
319 63716
320 63617
321 63696
322 64263
323 64426
324 64829
325 65245
326 65686
327 65684
328 65648
329 65597
330 65573
331 65474
332 65861
333 65659
334 65917
335 66390
336 66586
337 66769
338 67019
339 67017
340 67072
341 67600
342 67738
343 68099
344 68266
345 68242
346 68431
347 68320
348 69056
349 69276
350 69306
351 69323
352 69571
353 70330
354 70574
355 71221
356 71644
357 71621
358 71807
359 72397
360 72213
361 72153
362 72559
363 72809
364 73300
365 73315
366 73570
367 73525
368 73788
369 73982
370 73567
371 73827
372 74268
373 74464
374 75183
375 74736
376 75211
377 75566
378 76088
379 76177
380 75983
381 75917
382 76160
383 76093
384 76369
385 76905
386 77741
387 77322
388 77912
389 78455
390 78627
391 78859
392 79015
393 79297
394 79819
395 80224
396 80785
397 80654
398 80586
399 80576
400 80989
401 81158
402 81904
403 82086
404 82498
405 83014
406 83005
407 83133
408 83502
409 84124
410 83753
411 84093
412 84090
413 84737
414 85059
415 84921
416 84974
417 85387
418 85974
419 86212
420 86634
421 86745
422 86582
423 86647
424 87096
425 87158
426 87210
427 87967
428 88056
429 88321
430 88468
431 88417
432 88127
433 88521
434 88664
435 88799
436 89465
437 89560
438 89644
439 89722
440 90250
441 90961
442 91005
443 90971
444 90974
445 91413
446 91654
447 91651
448 91924
449 92042
450 92142
451 92377
452 93075
453 92966
454 92873
455 92595
456 93008
457 93944
458 93985
459 94095
460 94834
461 94940
462 94603
463 95130
464 95396
465 95542
466 95822
467 95975
468 96318
469 96413
470 96572
471 96575
472 96646
473 97551
474 98204
475 98398
476 98806
477 98963
478 99441
479 99817
480 99824
481 480
482 99999
483 20
484 99910
485 99815
486 716
487 522
488 904
489 755
490 622
491 1187
492 1661
493 1506
494 2442
495 2191
496 1933
497 2216
498 2218
499 2131
500 2487
501 2731
502 3681
503 3921
504 4063
505 4080
506 4563
507 4671
508 5198
509 5823
510 6438
511 6241
512 6108
513 6465
514 7145
515 7337
516 7376
517 7071
518 7041
519 7165
520 7513
521 8091
522 8209
523 8548
524 9057
525 9653
526 9833
527 9893
528 9847
529 10106
530 9952
531 10179
532 10176
533 10756
534 10736
535 10759
536 10974
537 11654
538 12362
539 12531
540 12749
541 12833
542 12523
543 12770
544 12919
545 13644
546 14344
547 14383
548 14661
549 14668
550 15005
551 15437
552 15321
553 15669
554 15077
555 15238
556 15289
557 15079
558 15477
559 15560
560 15601
561 15441
562 15131
563 15575
564 15871
565 15830
566 15488
567 14994
568 14457
569 14242
570 14101
571 14786
572 14612
573 14278
574 13961
575 14028
576 14461
577 15697
578 15602
579 15896
580 15851
581 16507
582 17222
583 18271
584 19617
585 19660
586 20343
587 20245
588 20376
589 21206
590 21562
591 21549
592 21386
593 21930
594 22112
595 21601
596 22022
597 22277
598 22160
599 22070
600 22023
601 22354
602 22593
603 22530
604 23481
605 23218
606 23578
607 24409
608 25083
609 24813
610 25023
611 25465
612 25624
613 25939
614 26727
615 27186
616 27548
617 28074
618 27725
619 27689
620 27744
621 28269
622 29475
623 29184
624 29056
625 29585
626 29851
627 29879
628 30232
629 30577
630 30310
631 30426
632 30120
633 30586
634 30930
635 31207
636 31232
637 32057
638 31800
639 32561
640 32835
641 32824
642 32645
643 32011
644 32466
645 31983
646 32464
647 32524
648 32976
649 33260
650 32795
651 32838
652 31906
653 31853
654 32377
655 32268
656 32899
657 32900
658 33234
659 33589
660 33407
661 33458
662 34138
663 34844
664 35683
665 35902
666 35767
667 36420
668 36464
669 35977
670 35415
671 35158
672 35468
673 35922
674 35788
675 36417
676 36591
677 36410
678 36233
679 36830
680 36690
681 36927
682 37157
683 36560
684 37340
685 37809
686 37976
687 38253
688 38491
689 38976
690 38855
691 38650
692 38659
693 38197
694 38031
695 38011
696 37900
697 38124
698 38242
699 38118
700 38369
701 38553
702 38247
703 38284
704 38157
705 38087
706 38256
707 38665
708 38417
709 38208
710 39233
711 39356
712 39265
713 39492
714 39277
715 39807
716 39372
717 39784
718 39728
719 39814
720 39696
721 40147
722 40215
723 40641
724 40673
725 40586
726 41411
727 41772
728 41783
729 41559
730 41929
731 42456
732 42364
733 42390
734 42258
735 41913
736 42684
737 43303
738 43645
739 43496
740 43240
741 43325
742 44433
743 44641
744 45024
745 45201
746 44886
747 45280
748 45057
749 44705
750 45106
751 45425
752 45691
753 45494
754 45372
755 45984
756 46011
757 46193
758 46648
759 46567
760 46987
761 46443
762 46960
763 47097
764 47376
765 47221
766 47912
767 48463
768 48481
769 49311
770 49611
771 49380
772 49632
773 49940
774 49760
775 50267
776 50391
777 51214
778 50526
779 50579
780 49925
781 49956
782 49934
783 50416
784 50875
785 50912
786 51190
787 52196
788 52089
789 52330
790 53013
791 53512
792 53607
793 52907
794 52586
795 52819
796 53221
797 53712
798 53994
799 54160
800 53483
801 53561
802 53829
803 53973
804 55008
805 54460
806 54418
807 54248
808 54967
809 55586
810 55288
811 55025
812 55552
813 55310
814 55206
815 55212
816 56040
817 56572
818 56799
819 56760
820 57007
821 57087
822 57409
823 57430
824 56864
825 56486
826 56987
827 58154
828 58476
829 58955
830 59625
831 59200
832 59874
833 60329
834 61094
835 61283
836 61039
837 60651
838 60407
839 60313
840 60636
841 61312
842 61747
843 61731
844 61828
845 62891
846 63366
847 63652
848 63579
849 64093
850 64792
851 64965
852 64935
853 64956
854 64945
855 65373
856 66085
857 65787
858 65701
859 66069
860 66304
861 66792
862 67240
863 67642
864 67825
865 68435
866 68230
867 67933
868 68639
869 69207
870 69100
871 69525
872 69444
873 69404
874 69278
875 69263
876 69277
877 70032
878 70400
879 70304
880 70985
881 71361
882 71708
883 72255
884 71976
885 71473
886 71120
887 71300
888 70589
889 70455
890 70919
891 71161
892 71142
893 71208
894 70950
895 70919
896 71907
897 72364
898 72748
899 73631
900 73214
901 73322
902 73334
903 73490
904 74155
905 74756
906 74684
907 75111
908 75340
909 75876
910 75622
911 75647
912 76322
913 76004
914 75945
915 75992
916 75950
917 76174
918 76790
919 76238
920 76392
921 76515
922 76176
923 76090
924 76366
925 77463
926 77778
927 77743
928 77633
929 77614
930 77570
931 77433
932 77821
933 78663
934 78764
935 79328
936 79234
937 79289
938 79308
939 78801
940 79623
941 79919
942 79574
943 80130
944 79703
945 80240
946 80405
947 80767
948 81101
949 82044
950 82057
951 82651
952 82963
953 83362
954 83872
955 83368
956 83103
957 83244
958 83683
959 83943
960 83550
961 84008
962 84422
963 84636
964 85375
965 85390
966 86448
967 87148
968 87454
969 87984
970 87778
971 87631
972 88535
973 88093
974 88311
975 88388
976 88968
977 89605
978 89703
979 89710
980 89714
981 89691
982 89797
983 90282
984 89994
985 90726
986 90050
987 89951
988 89764
989 90297
990 90320
991 90711
992 91138
993 90641
994 91124
995 91208
996 91689
997 91425
998 91503
999 92411
1000 91930
